extension-enforcement-extension-enforcement_non-strict_stb_200_0.05_1_10_1
o 23 0.12
o 22 0.68
o 21 0.8
o 20 0.8
o 19 1.34
o 18 2.91
o 17 5.01
o 16 5.21
o 14 18.55
o 13 30.26
extension-enforcement-extension-enforcement_non-strict_stb_200_0.05_1_10_1
o 23 0.12
o 20 0.12
o 19 1.13
o 18 1.13
o 17 3.63
o 16 3.63
o 15 3.63
o 14 12.46
o 13 59.7
extension-enforcement-extension-enforcement_non-strict_stb_200_0.05_1_10_1
o 27 0.12
o 26 0.13
o 24 0.13
o 22 0.61
o 21 0.61
o 20 1.67
o 19 1.67
o 18 3.42
o 17 4.3
o 16 4.3
o 15 11.87
o 14 36.64
o 13 99.73
o 12 112.85
o 10 117.13
extension-enforcement-extension-enforcement_non-strict_stb_200_0.05_1_10_1
o 28 0.16
o 27 0.17
o 26 0.4
o 25 0.5
o 24 0.77
o 23 0.77
o 22 0.77
o 21 1.25
o 20 3.33
o 16 4.09
o 15 4.09
o 14 14.07
o 13 41.39
o 12 61.33
o 11 61.33
extension-enforcement-extension-enforcement_non-strict_stb_200_0.05_1_10_1
o 36 0.11
o 35 0.11
o 34 0.11
o 33 0.11
o 32 0.11
o 31 0.11
o 30 0.11
o 29 0.11
o 28 0.11
o 27 0.11
o 26 0.11
o 25 0.11
o 24 0.11
o 23 0.11
o 22 0.2
o 21 0.2
o 19 0.54
o 17 3.4
o 16 4.04
o 15 4.2
o 14 38.51
o 13 67.82
o 12 67.83
extension-enforcement-extension-enforcement_non-strict_stb_200_0.05_1_10_1
o 22 0.14
o 21 1.82
o 19 3.14
o 17 4.2
o 16 7.5
o 15 8.06
o 14 33.76
o 13 68.5
o 12 82.03
o 11 82.04
extension-enforcement-extension-enforcement_non-strict_stb_200_0.05_1_10_1
o 23 0.13
o 22 0.25
o 21 1.54
o 19 1.98
o 18 4.26
o 17 5.81
o 16 9.21
o 15 15.98
o 13 20.39
o 12 66.92
extension-enforcement-extension-enforcement_non-strict_stb_200_0.05_1_10_1
o 22 0.13
o 21 0.13
o 20 1.07
o 19 1.07
o 17 3.32
o 16 3.32
o 14 8.03
o 12 68.6
extension-enforcement-extension-enforcement_non-strict_stb_200_0.05_1_10_1
o 26 0.15
o 25 0.15
o 24 0.15
o 23 0.15
o 22 0.15
o 21 0.72
o 20 0.72
o 19 0.72
o 18 0.72
o 17 3.77
o 16 4.91
o 15 7.22
o 14 7.23
o 13 9.6
extension-enforcement-extension-enforcement_non-strict_stb_200_0.05_1_10_1
o 22 0.14
o 21 1.36
o 20 1.37
o 19 1.37
o 18 1.41
o 15 4.52
o 14 26.87
o 13 34.47
o 12 37.12
