gen-hyper-tw-GenHyperTW_par8-1-c
o 28 1.3
o 25 13.94
o 24 34.96
o 23 111.32
o 21 207.03
gen-hyper-tw-GenHyperTW_par8-1-c
o 27 1.38
o 26 13.25
o 25 34.92
o 24 41.44
o 21 181.13
gen-hyper-tw-GenHyperTW_par8-1-c
o 28 2.42
o 22 14.71
o 21 15.19
o 20 258.52
gen-hyper-tw-GenHyperTW_par8-1-c
o 22 1.45
gen-hyper-tw-GenHyperTW_par8-1-c
o 28 1.74
o 18 13.51
o 17 18.7
gen-hyper-tw-GenHyperTW_par8-1-c
o 27 1.62
o 24 24.64
o 19 30.66
o 18 34.85
gen-hyper-tw-GenHyperTW_par8-1-c
o 24 1.49
o 23 26.9
o 19 112.62
gen-hyper-tw-GenHyperTW_par8-1-c
o 28 1.74
o 27 14.45
o 26 34.2
o 24 53.72
o 23 137.38
o 22 203.78
gen-hyper-tw-GenHyperTW_par8-1-c
o 29 2.41
o 26 14.79
o 25 14.8
o 23 21.18
o 21 46.64
o 20 267.56
gen-hyper-tw-GenHyperTW_par8-1-c
o 25 2.63
o 22 15.11
o 21 156.34
o 20 264.23
o 19 266.83
