gen-hyper-tw-GenHyperTW_2bitcomp_5
o 45 3.12
o 44 3.13
o 43 3.19
o 42 4.06
o 41 5.95
o 40 6.62
o 39 8.06
o 38 168.74
gen-hyper-tw-GenHyperTW_2bitcomp_5
o 44 5.04
o 43 19.04
o 42 47.76
o 41 74.19
o 40 127.02
o 39 128.88
gen-hyper-tw-GenHyperTW_2bitcomp_5
o 45 4.19
o 44 4.48
o 43 7.08
o 42 11.64
o 41 30.91
o 40 31.76
gen-hyper-tw-GenHyperTW_2bitcomp_5
o 44 4.48
o 43 8.39
o 42 14.08
o 41 206.77
o 40 233.67
gen-hyper-tw-GenHyperTW_2bitcomp_5
o 44 4.25
o 43 8.46
o 42 98.08
o 41 133.08
o 40 172.81
o 39 174.46
o 38 180.13
gen-hyper-tw-GenHyperTW_2bitcomp_5
o 45 3.73
o 44 3.74
o 43 3.75
o 41 7.15
o 40 21.64
o 39 25.49
o 38 43.34
o 37 55.01
o 36 61.56
o 35 62.24
o 34 65.9
gen-hyper-tw-GenHyperTW_2bitcomp_5
o 44 4.12
o 43 5.47
o 42 7.54
o 41 30.59
o 40 55.72
o 39 156.43
o 38 157.98
gen-hyper-tw-GenHyperTW_2bitcomp_5
o 43 5.04
o 42 9.57
o 41 15.64
o 40 146.36
o 39 148.06
gen-hyper-tw-GenHyperTW_2bitcomp_5
o 47 4.15
o 46 4.16
o 45 4.44
o 44 5.84
o 43 9.94
o 42 29.01
o 41 31.71
o 40 72.9
gen-hyper-tw-GenHyperTW_2bitcomp_5
o 43 3.76
o 42 5.14
o 41 20.93
o 40 21.78
o 39 96
