inconsistency-measurement-im-hit-A-1-grd_1790_4_8.tgf.pl
o 365 0.05
o 359 0.06
o 357 0.08
o 356 0.08
o 355 0.08
o 354 0.08
o 353 0.08
o 352 0.08
o 347 0.08
o 346 0.08
o 345 0.08
o 344 0.08
o 343 0.13
o 342 0.13
o 340 0.13
o 339 0.13
o 338 0.13
o 337 0.13
o 336 0.13
o 335 0.13
o 334 0.13
o 333 0.15
o 332 0.18
o 331 0.18
o 330 0.27
o 329 0.27
o 328 0.54
o 327 0.54
o 326 0.54
o 324 0.62
o 323 0.62
o 322 0.76
o 321 0.77
o 320 9.01
o 319 11.4
o 318 28.73
o 315 218.52
inconsistency-measurement-im-hit-A-1-grd_1790_4_8.tgf.pl
o 368 0.06
o 355 0.07
o 353 0.07
o 352 0.07
o 351 0.08
o 350 0.08
o 347 0.08
o 344 0.12
o 343 0.12
o 342 0.12
o 341 0.12
o 340 0.12
o 338 0.12
o 337 0.12
o 336 0.12
o 335 0.13
o 334 0.13
o 333 0.13
o 329 0.17
o 328 0.17
o 327 0.17
o 326 0.17
o 325 0.48
o 324 1.04
o 322 1.63
o 321 5.16
o 320 5.47
o 319 39.73
o 318 82.27
o 317 82.27
o 314 279.37
inconsistency-measurement-im-hit-A-1-grd_1790_4_8.tgf.pl
o 365 0.04
o 362 0.05
o 361 0.05
o 358 0.05
o 357 0.05
o 356 0.05
o 353 0.06
o 352 0.06
o 351 0.06
o 350 0.06
o 348 0.06
o 347 0.06
o 346 0.06
o 345 0.08
o 344 0.08
o 343 0.08
o 342 0.08
o 341 0.08
o 339 0.08
o 338 0.08
o 337 0.08
o 336 0.08
o 335 0.1
o 334 0.1
o 333 0.1
o 332 0.1
o 331 0.1
o 330 0.11
o 329 0.13
o 327 0.13
o 325 0.3
o 324 0.74
o 323 1.62
o 322 1.62
o 321 2.04
o 320 2.04
o 319 7.2
o 318 16.44
o 317 37.5
o 316 235.92
o 315 235.92
inconsistency-measurement-im-hit-A-1-grd_1790_4_8.tgf.pl
o 369 0.18
o 352 0.21
o 351 0.21
o 350 0.21
o 349 0.42
o 347 0.46
o 344 0.46
o 343 0.51
o 342 0.58
o 341 0.58
o 339 0.58
o 338 0.58
o 337 0.58
o 336 0.58
o 335 0.58
o 334 0.59
o 333 0.59
o 332 0.59
o 331 0.59
o 330 0.59
o 329 0.59
o 328 0.59
o 326 0.62
o 325 1.3
o 324 2.04
o 323 4.8
o 322 4.8
o 321 4.8
o 320 7.09
o 319 48.02
o 318 143.94
o 317 143.94
inconsistency-measurement-im-hit-A-1-grd_1790_4_8.tgf.pl
o 369 0.05
o 351 0.05
o 350 0.05
o 349 0.05
o 345 0.07
o 343 0.09
o 342 0.09
o 341 0.09
o 340 0.09
o 339 0.09
o 338 0.09
o 337 0.1
o 336 0.1
o 335 0.1
o 334 0.11
o 333 0.11
o 332 0.11
o 331 0.11
o 326 0.22
o 325 0.22
o 324 0.22
o 323 0.22
o 322 1.65
o 321 4.53
o 320 4.53
o 319 21.12
o 318 64.96
o 317 183.21
inconsistency-measurement-im-hit-A-1-grd_1790_4_8.tgf.pl
o 364 0.06
o 358 0.06
o 357 0.06
o 350 0.07
o 346 0.07
o 345 0.07
o 344 0.07
o 341 0.13
o 340 0.13
o 339 0.13
o 338 0.13
o 337 0.14
o 336 0.14
o 335 0.14
o 334 0.14
o 332 0.17
o 331 0.17
o 330 0.17
o 329 0.17
o 328 0.17
o 327 0.17
o 326 0.26
o 325 0.26
o 324 0.82
o 323 2.76
o 320 4.1
o 319 10.4
o 318 59.95
inconsistency-measurement-im-hit-A-1-grd_1790_4_8.tgf.pl
o 371 0.05
o 353 0.05
o 352 0.05
o 351 0.06
o 350 0.06
o 349 0.06
o 345 0.09
o 343 0.09
o 342 0.09
o 341 0.09
o 340 0.09
o 339 0.1
o 337 0.1
o 336 0.1
o 335 0.1
o 334 0.1
o 333 0.1
o 332 0.11
o 331 0.12
o 330 0.12
o 329 0.12
o 328 0.12
o 327 0.35
o 324 0.38
o 321 0.85
o 318 9.86
inconsistency-measurement-im-hit-A-1-grd_1790_4_8.tgf.pl
o 365 0.05
o 358 0.05
o 357 0.05
o 356 0.05
o 353 0.06
o 343 0.07
o 342 0.09
o 341 0.09
o 340 0.09
o 339 0.09
o 338 0.09
o 337 0.09
o 336 0.09
o 333 0.12
o 332 0.12
o 331 0.12
o 330 0.12
o 329 0.12
o 328 0.17
o 327 0.17
o 326 0.18
o 325 0.29
o 324 0.5
o 323 0.65
o 322 0.65
o 321 4.05
o 320 4.05
o 319 42.46
o 317 79.86
o 316 79.86
inconsistency-measurement-im-hit-A-1-grd_1790_4_8.tgf.pl
o 367 0.06
o 354 0.07
o 352 0.07
o 350 0.07
o 349 0.08
o 348 0.1
o 347 0.12
o 346 0.12
o 345 0.13
o 343 0.14
o 342 0.14
o 341 0.14
o 340 0.14
o 339 0.14
o 338 0.14
o 337 0.14
o 336 0.14
o 335 0.16
o 334 0.16
o 333 0.16
o 332 0.23
o 331 0.23
o 330 0.23
o 329 0.31
o 328 0.46
o 327 0.46
o 326 0.83
o 325 1.39
o 324 1.39
o 323 1.94
o 321 2.71
o 320 5.22
o 319 5.22
o 318 61.68
o 317 137.24
inconsistency-measurement-im-hit-A-1-grd_1790_4_8.tgf.pl
o 368 0.05
o 363 0.05
o 362 0.05
o 356 0.06
o 355 0.06
o 354 0.06
o 353 0.06
o 351 0.06
o 350 0.06
o 349 0.06
o 344 0.06
o 343 0.08
o 342 0.08
o 341 0.08
o 340 0.08
o 337 0.08
o 336 0.08
o 334 0.1
o 333 0.1
o 332 0.1
o 331 0.1
o 330 0.1
o 328 0.15
o 327 0.15
o 326 0.2
o 325 0.2
o 324 0.46
o 323 0.46
o 322 1.65
o 321 2.76
o 320 26.88
o 319 50.89
o 317 50.9
