inconsistency-measurement-im-forgetting-B-2-stb_625_161.tgf.pl
o 145 0
o 136 0
o 135 0.13
o 134 0.15
o 131 0.16
o 119 0.24
o 117 3.91
o 116 3.91
o 113 8.42
o 110 163.67
o 108 163.67
o 107 163.67
inconsistency-measurement-im-forgetting-B-2-stb_625_161.tgf.pl
o 145 0.01
o 134 0.01
o 133 0.09
o 132 0.09
o 131 0.09
o 130 0.45
o 123 0.52
o 122 0.52
o 121 0.57
o 120 3.37
o 119 8.91
o 118 11.97
o 117 12.99
o 116 12.99
o 115 12.99
o 111 41.14
inconsistency-measurement-im-forgetting-B-2-stb_625_161.tgf.pl
o 145 0
o 137 0
o 136 0
o 135 0
o 133 0.08
o 132 0.08
o 131 0.11
o 130 0.11
o 129 0.26
o 128 0.26
o 127 0.39
o 126 0.39
o 125 0.39
o 124 0.39
o 123 1.21
o 122 2.2
o 120 4.02
o 119 8.85
o 118 8.85
o 117 8.85
o 114 38.59
o 112 38.59
inconsistency-measurement-im-forgetting-B-2-stb_625_161.tgf.pl
o 145 0
o 134 0
o 132 0.05
o 131 0.05
o 130 0.05
o 129 0.05
o 127 0.05
o 126 0.05
o 125 0.05
o 123 0.79
o 122 1.57
o 121 1.57
o 120 1.57
o 119 4.64
o 118 4.64
o 117 4.64
o 116 11.41
o 115 11.41
o 114 11.41
o 113 85.54
o 112 85.54
o 111 85.54
o 110 147.33
o 107 147.33
o 106 147.33
inconsistency-measurement-im-forgetting-B-2-stb_625_161.tgf.pl
o 145 0.01
o 138 0.01
o 137 0.14
o 136 0.15
o 131 0.15
o 129 0.15
o 128 0.15
o 127 0.63
o 122 0.69
o 121 1.43
o 120 1.43
o 118 14.89
o 117 18.79
o 116 18.79
o 115 18.79
o 114 105.1
o 113 215.69
inconsistency-measurement-im-forgetting-B-2-stb_625_161.tgf.pl
o 145 0.01
o 138 0.01
o 137 0.07
o 136 0.17
o 135 0.17
o 134 0.18
o 133 0.21
o 131 0.21
o 130 0.21
o 129 0.21
o 128 0.3
o 127 0.3
o 126 0.3
o 125 0.3
o 124 0.3
o 123 0.3
o 122 0.3
o 121 0.3
o 120 0.72
o 116 0.72
o 115 0.72
o 114 14.52
o 112 67.33
inconsistency-measurement-im-forgetting-B-2-stb_625_161.tgf.pl
o 145 0
o 129 0
o 128 0.04
o 127 0.04
o 126 0.04
o 125 1.22
o 124 1.22
o 123 1.81
o 122 5.12
o 121 5.12
o 117 5.13
o 115 5.13
o 114 37.45
o 113 37.45
o 112 37.45
o 111 37.45
o 110 37.45
inconsistency-measurement-im-forgetting-B-2-stb_625_161.tgf.pl
o 145 0
o 133 0
o 132 0.13
o 131 0.13
o 129 0.28
o 123 0.65
o 122 0.65
o 121 1.8
o 120 4.27
o 119 12.45
o 118 12.45
o 117 19.02
o 116 19.02
o 115 43.82
o 114 77
o 110 81.53
inconsistency-measurement-im-forgetting-B-2-stb_625_161.tgf.pl
o 145 0.01
o 134 0.01
o 132 0.05
o 131 0.05
o 130 0.05
o 129 0.05
o 125 0.08
o 124 0.08
o 123 0.08
o 122 0.08
o 121 2.78
o 120 4.87
o 119 4.87
o 117 17.49
o 116 39.57
o 115 74.45
o 114 74.45
o 113 230.73
inconsistency-measurement-im-forgetting-B-2-stb_625_161.tgf.pl
o 145 0
o 142 0
o 141 0
o 140 0.05
o 139 0.05
o 138 0.06
o 137 0.06
o 136 0.06
o 135 0.12
o 134 0.12
o 133 0.12
o 132 0.12
o 131 0.12
o 130 0.12
o 128 0.22
o 127 0.22
o 125 0.39
o 122 0.51
o 121 0.51
o 120 0.51
o 119 0.51
o 117 0.51
o 116 0.51
o 115 27.55
o 114 55.09
o 113 55.09
o 112 55.09
