inconsistency-measurement-im-hit-B-3-stb_390_450.tgf.pl
o 80 0
o 77 0
o 76 0
o 75 0
o 74 0
o 73 0
o 71 0
o 70 0
o 69 0
o 68 0
o 65 0
o 64 0
o 63 0
o 62 0
o 61 0
o 60 0
o 59 0
o 58 0
o 56 0
o 55 0
o 54 0
o 53 0.01
o 52 0.01
o 51 0.02
o 50 0.02
o 49 0.12
o 48 0.47
o 47 1.51
o 46 2.65
inconsistency-measurement-im-hit-B-3-stb_390_450.tgf.pl
o 76 0
o 75 0
o 72 0
o 71 0
o 70 0
o 69 0
o 68 0
o 67 0
o 66 0
o 65 0
o 64 0
o 63 0
o 62 0
o 61 0
o 60 0
o 58 0
o 57 0.01
o 56 0.01
o 54 0.01
o 53 0.01
o 52 0.02
o 51 0.04
o 50 0.04
o 48 0.05
o 47 0.84
o 46 4.44
inconsistency-measurement-im-hit-B-3-stb_390_450.tgf.pl
o 77 0
o 76 0
o 73 0
o 72 0
o 71 0
o 70 0
o 67 0
o 66 0
o 59 0
o 58 0
o 57 0
o 56 0.01
o 55 0.01
o 54 0.01
o 52 0.01
o 51 0.01
o 50 0.03
o 49 0.18
o 48 0.27
o 47 0.56
o 46 1.13
inconsistency-measurement-im-hit-B-3-stb_390_450.tgf.pl
o 79 0
o 73 0
o 72 0
o 71 0
o 67 0
o 66 0
o 65 0
o 64 0
o 62 0
o 61 0
o 60 0
o 58 0
o 57 0
o 56 0
o 55 0
o 54 0
o 53 0
o 52 0
o 51 0
o 50 0.02
o 49 0.02
o 48 0.51
o 47 0.93
o 46 5.19
inconsistency-measurement-im-hit-B-3-stb_390_450.tgf.pl
o 79 0
o 75 0
o 74 0
o 73 0
o 67 0
o 64 0
o 63 0
o 62 0
o 61 0
o 60 0
o 58 0
o 57 0
o 56 0
o 55 0
o 54 0
o 53 0.01
o 52 0.01
o 51 0.01
o 50 0.03
o 49 0.05
o 48 0.05
o 47 0.87
o 46 10.95
inconsistency-measurement-im-hit-B-3-stb_390_450.tgf.pl
o 77 0
o 75 0
o 74 0
o 72 0
o 71 0
o 70 0
o 68 0
o 67 0
o 65 0
o 64 0
o 63 0
o 62 0
o 61 0
o 60 0
o 59 0
o 58 0
o 57 0
o 56 0
o 55 0
o 53 0
o 52 0.01
o 51 0.01
o 50 0.01
o 49 0.12
o 48 0.33
o 47 0.64
o 46 4.79
inconsistency-measurement-im-hit-B-3-stb_390_450.tgf.pl
o 77 0
o 75 0
o 74 0
o 73 0
o 72 0
o 71 0
o 70 0
o 67 0
o 66 0
o 65 0
o 63 0
o 62 0
o 61 0
o 60 0
o 59 0
o 56 0
o 55 0.01
o 54 0.01
o 53 0.01
o 51 0.01
o 50 0.01
o 49 0.06
o 48 0.06
o 47 0.06
o 46 11.65
inconsistency-measurement-im-hit-B-3-stb_390_450.tgf.pl
o 81 0
o 77 0
o 76 0
o 75 0
o 69 0
o 68 0
o 66 0
o 65 0
o 64 0
o 63 0
o 62 0
o 61 0
o 60 0
o 59 0
o 58 0
o 57 0
o 56 0
o 55 0
o 54 0
o 53 0
o 52 0
o 51 0
o 50 0
o 49 0
o 48 0.33
o 47 0.33
o 46 34.34
inconsistency-measurement-im-hit-B-3-stb_390_450.tgf.pl
o 77 0
o 75 0
o 73 0
o 72 0
o 71 0
o 70 0
o 68 0
o 66 0
o 65 0
o 64 0
o 63 0
o 62 0
o 61 0
o 60 0
o 59 0
o 58 0
o 57 0
o 56 0
o 55 0
o 54 0
o 53 0
o 52 0
o 51 0
o 50 0.01
o 49 0.01
o 48 0.46
o 47 3.88
o 46 29.37
inconsistency-measurement-im-hit-B-3-stb_390_450.tgf.pl
o 80 0
o 77 0
o 74 0
o 73 0
o 72 0
o 70 0
o 69 0
o 68 0
o 67 0
o 65 0
o 64 0
o 63 0
o 62 0
o 61 0
o 60 0
o 59 0
o 58 0
o 57 0
o 56 0
o 55 0
o 54 0
o 53 0
o 51 0
o 50 0.01
o 49 0.01
o 48 0.29
o 47 0.38
o 46 22.16
