judgment-aggregation-ja-maxham-preflib-00049-00000492
o 72 0.07
o 60 0.07
o 58 0.08
o 56 0.08
o 55 0.08
o 53 0.1
o 52 0.1
o 51 0.12
o 50 0.13
o 49 0.23
o 48 0.37
o 47 1.6
judgment-aggregation-ja-maxham-preflib-00049-00000492
o 71 0.06
o 70 0.06
o 65 0.07
o 63 0.07
o 62 0.07
o 61 0.07
o 60 0.07
o 59 0.07
o 58 0.08
o 57 0.08
o 56 0.08
o 55 0.08
o 54 0.08
o 53 0.09
o 52 0.09
o 51 0.1
o 50 0.12
o 49 0.12
o 48 0.12
o 47 1.23
judgment-aggregation-ja-maxham-preflib-00049-00000492
o 66 0.06
o 65 0.07
o 58 0.07
o 57 0.07
o 56 0.08
o 55 0.09
o 54 0.09
o 53 0.09
o 52 0.09
o 51 0.1
o 50 0.11
o 49 0.12
o 48 0.18
o 47 0.74
judgment-aggregation-ja-maxham-preflib-00049-00000492
o 64 0.06
o 63 0.06
o 58 0.06
o 57 0.07
o 56 0.07
o 55 0.07
o 54 0.08
o 53 0.08
o 52 0.08
o 51 0.08
o 50 0.08
o 49 0.1
o 48 0.1
o 47 0.26
judgment-aggregation-ja-maxham-preflib-00049-00000492
o 70 0.06
o 68 0.06
o 66 0.06
o 63 0.06
o 59 0.07
o 58 0.07
o 57 0.08
o 56 0.08
o 55 0.08
o 53 0.08
o 52 0.09
o 51 0.09
o 49 0.11
o 48 0.38
o 47 0.88
judgment-aggregation-ja-maxham-preflib-00049-00000492
o 72 0.07
o 64 0.07
o 63 0.07
o 62 0.07
o 60 0.07
o 59 0.08
o 58 0.08
o 57 0.08
o 56 0.08
o 54 0.1
o 53 0.1
o 52 0.13
o 51 0.14
o 50 0.14
o 49 0.15
o 48 0.34
o 47 0.35
judgment-aggregation-ja-maxham-preflib-00049-00000492
o 65 0.06
o 64 0.06
o 63 0.06
o 62 0.06
o 60 0.08
o 59 0.08
o 58 0.08
o 57 0.08
o 56 0.09
o 55 0.09
o 54 0.1
o 53 0.1
o 52 0.12
o 51 0.12
o 50 0.13
o 49 0.17
o 48 0.19
o 47 0.41
judgment-aggregation-ja-maxham-preflib-00049-00000492
o 76 0.07
o 68 0.07
o 64 0.07
o 63 0.07
o 62 0.07
o 61 0.07
o 60 0.07
o 59 0.07
o 58 0.08
o 57 0.09
o 56 0.1
o 55 0.1
o 54 0.11
o 53 0.11
o 52 0.11
o 51 0.12
o 50 0.13
o 49 0.18
o 48 0.19
o 47 1.92
judgment-aggregation-ja-maxham-preflib-00049-00000492
o 73 0.07
o 71 0.07
o 70 0.07
o 69 0.07
o 68 0.07
o 67 0.07
o 66 0.07
o 65 0.07
o 64 0.07
o 63 0.07
o 60 0.08
o 59 0.09
o 58 0.09
o 57 0.11
o 56 0.11
o 53 0.11
o 52 0.11
o 50 0.13
o 49 0.13
o 48 0.39
o 47 0.4
judgment-aggregation-ja-maxham-preflib-00049-00000492
o 70 0.06
o 67 0.07
o 57 0.07
o 56 0.07
o 55 0.07
o 54 0.08
o 52 0.08
o 51 0.09
o 50 0.13
o 48 0.14
o 47 2.31
