judgment-aggregation-ja-slater-preflib-00049-00000451
o 765 0.55
o 764 0.55
o 763 0.55
o 762 0.55
o 761 0.55
o 760 0.55
o 759 0.55
o 758 0.55
o 757 0.55
o 756 0.55
o 755 0.55
o 754 0.55
o 753 0.55
o 752 0.55
o 751 0.55
o 750 0.55
o 749 0.55
o 748 0.55
o 747 0.55
o 746 0.55
o 745 0.55
o 744 0.55
o 743 0.55
o 742 0.55
o 741 0.55
o 740 0.55
o 739 0.55
o 738 0.55
o 737 0.55
o 736 0.55
o 735 0.55
o 733 0.55
o 732 0.55
o 731 0.55
o 730 0.55
o 729 0.55
o 728 0.55
o 727 0.55
o 726 0.55
o 725 0.55
o 724 0.55
o 723 0.55
o 722 0.55
o 721 0.55
o 720 0.55
o 719 0.55
o 718 0.55
o 717 0.55
o 716 0.55
o 715 0.55
o 714 0.55
o 713 0.55
o 712 0.55
o 710 0.55
o 709 0.55
o 708 0.55
o 707 0.55
o 706 0.55
o 705 0.55
o 704 0.55
o 703 0.55
o 702 0.55
o 701 0.55
o 700 0.55
o 699 0.55
o 698 0.55
o 697 0.55
o 696 0.55
o 695 0.55
o 694 0.55
o 693 0.55
o 692 0.55
o 691 0.55
o 690 0.55
o 689 0.55
o 688 0.55
o 687 0.55
o 686 0.55
o 685 0.55
o 684 0.55
o 683 0.55
o 681 0.55
o 680 0.55
o 679 0.55
o 669 0.55
o 668 0.55
o 666 0.55
o 665 0.55
o 664 0.55
o 663 0.55
o 662 0.55
o 661 0.55
o 660 0.56
o 658 0.56
o 656 0.56
o 655 0.56
o 654 0.56
o 653 0.56
o 650 0.56
o 649 0.56
o 647 0.56
o 646 0.56
o 645 0.56
o 644 0.56
o 643 0.56
o 642 0.56
o 633 0.56
o 627 0.56
o 624 0.56
o 621 0.56
o 617 0.56
o 599 0.56
o 598 0.56
o 597 0.56
o 595 0.56
o 591 0.56
o 588 0.56
o 587 0.56
o 586 0.56
o 585 0.56
o 583 0.57
o 582 0.57
o 553 0.9
o 551 0.9
o 548 0.91
o 547 0.92
o 546 0.94
o 545 0.94
o 543 0.94
o 542 0.97
o 539 1.02
o 536 1.06
o 534 1.06
o 533 1.06
o 520 1.1
o 519 1.1
o 518 1.46
o 517 2.08
o 516 2.08
o 515 3.02
o 514 3.04
o 513 3.04
o 512 3.04
o 510 3.26
o 509 3.3
o 508 7.49
o 507 7.57
o 506 7.61
o 505 198.48
judgment-aggregation-ja-slater-preflib-00049-00000451
o 759 0.55
o 758 0.55
o 757 0.55
o 756 0.55
o 755 0.55
o 754 0.55
o 753 0.55
o 752 0.55
o 751 0.55
o 750 0.55
o 749 0.55
o 748 0.55
o 747 0.55
o 746 0.55
o 745 0.55
o 744 0.55
o 743 0.55
o 742 0.55
o 741 0.55
o 740 0.55
o 739 0.55
o 738 0.55
o 737 0.55
o 736 0.55
o 735 0.55
o 734 0.55
o 733 0.55
o 732 0.55
o 731 0.55
o 730 0.55
o 729 0.55
o 728 0.55
o 727 0.55
o 726 0.55
o 725 0.55
o 724 0.55
o 723 0.55
o 722 0.55
o 721 0.55
o 720 0.55
o 719 0.55
o 718 0.55
o 717 0.56
o 716 0.56
o 715 0.56
o 714 0.56
o 713 0.56
o 712 0.56
o 711 0.56
o 710 0.56
o 709 0.56
o 708 0.56
o 707 0.56
o 706 0.56
o 705 0.56
o 704 0.56
o 703 0.56
o 702 0.56
o 701 0.56
o 700 0.56
o 699 0.56
o 698 0.56
o 697 0.56
o 696 0.56
o 695 0.56
o 694 0.56
o 693 0.56
o 692 0.56
o 691 0.56
o 690 0.56
o 689 0.56
o 688 0.56
o 687 0.56
o 686 0.56
o 685 0.56
o 684 0.56
o 683 0.56
o 682 0.56
o 681 0.56
o 680 0.56
o 679 0.56
o 678 0.56
o 677 0.56
o 676 0.56
o 675 0.56
o 674 0.56
o 673 0.56
o 672 0.56
o 671 0.56
o 670 0.56
o 669 0.56
o 668 0.56
o 667 0.56
o 666 0.56
o 665 0.56
o 664 0.56
o 662 0.56
o 661 0.56
o 660 0.56
o 659 0.56
o 658 0.56
o 657 0.56
o 656 0.56
o 655 0.56
o 654 0.56
o 653 0.56
o 652 0.56
o 651 0.56
o 650 0.56
o 649 0.56
o 648 0.56
o 647 0.56
o 641 0.56
o 640 0.56
o 637 0.56
o 636 0.56
o 634 0.56
o 633 0.57
o 632 0.57
o 631 0.57
o 630 0.57
o 629 0.57
o 628 0.57
o 625 0.57
o 623 0.57
o 621 0.57
o 620 0.57
o 619 0.91
o 618 0.91
o 617 0.91
o 616 0.91
o 614 0.91
o 609 0.92
o 608 0.92
o 607 0.92
o 606 0.92
o 603 0.93
o 602 0.95
o 601 0.95
o 600 0.95
o 599 0.95
o 598 0.95
o 597 0.95
o 596 0.95
o 595 0.95
o 554 0.98
o 552 0.98
o 551 0.98
o 550 0.98
o 547 0.99
o 546 0.99
o 545 1.01
o 544 1.04
o 543 1.05
o 542 1.05
o 540 1.05
o 538 1.18
o 537 1.18
o 536 1.18
o 535 1.19
o 534 1.2
o 533 1.23
o 532 1.23
o 530 1.23
o 529 1.31
o 526 1.31
o 525 1.31
o 524 1.31
o 518 1.47
o 516 1.84
o 514 1.95
o 513 1.95
o 511 1.98
o 510 2.73
o 509 3.13
o 508 3.15
o 507 3.15
o 506 3.88
judgment-aggregation-ja-slater-preflib-00049-00000451
o 712 0.64
o 711 0.64
o 710 0.64
o 709 0.64
o 708 0.64
o 707 0.64
o 706 0.64
o 705 0.64
o 704 0.64
o 703 0.64
o 702 0.64
o 701 0.64
o 700 0.64
o 699 0.64
o 698 0.64
o 697 0.64
o 696 0.64
o 695 0.64
o 694 0.64
o 688 0.64
o 687 0.64
o 684 0.64
o 683 0.64
o 681 0.64
o 680 0.64
o 679 0.64
o 678 0.64
o 677 0.64
o 676 0.64
o 675 0.64
o 674 0.64
o 673 0.64
o 672 0.64
o 671 0.64
o 670 0.64
o 668 0.64
o 667 0.64
o 666 0.64
o 664 0.65
o 663 0.65
o 661 0.65
o 660 0.65
o 659 0.65
o 657 0.65
o 656 0.65
o 655 0.65
o 654 0.65
o 652 0.65
o 651 0.65
o 650 0.65
o 646 0.65
o 645 0.65
o 643 0.65
o 642 0.65
o 640 0.65
o 639 0.65
o 638 0.65
o 637 0.75
o 636 0.75
o 635 0.75
o 634 0.75
o 633 0.75
o 632 0.75
o 631 0.75
o 630 1.1
o 629 1.1
o 628 1.1
o 627 1.1
o 569 1.14
o 568 1.15
o 567 1.15
o 565 1.15
o 563 1.15
o 558 1.16
o 557 1.16
o 556 1.16
o 555 1.16
o 554 1.16
o 553 1.17
o 551 1.17
o 550 1.18
o 549 1.19
o 547 1.19
o 546 1.19
o 545 1.19
o 544 1.24
o 543 1.24
o 537 1.24
o 536 1.24
o 535 1.24
o 534 1.24
o 533 1.24
o 531 1.25
o 530 1.25
o 529 1.25
o 528 1.26
o 527 1.53
o 525 1.53
o 523 1.57
o 522 1.57
o 520 1.67
o 519 1.67
o 512 1.71
o 511 2.69
o 509 2.73
o 508 2.9
o 507 3.83
o 506 9.19
judgment-aggregation-ja-slater-preflib-00049-00000451
o 742 0.57
o 741 0.57
o 740 0.57
o 739 0.57
o 738 0.57
o 737 0.57
o 736 0.57
o 735 0.57
o 734 0.57
o 733 0.57
o 732 0.57
o 731 0.57
o 730 0.57
o 729 0.57
o 728 0.57
o 727 0.57
o 726 0.57
o 725 0.57
o 724 0.57
o 723 0.57
o 722 0.57
o 721 0.57
o 720 0.57
o 719 0.57
o 718 0.57
o 717 0.57
o 716 0.57
o 715 0.57
o 714 0.57
o 713 0.57
o 712 0.57
o 711 0.57
o 710 0.57
o 709 0.57
o 708 0.57
o 707 0.57
o 706 0.57
o 705 0.57
o 704 0.57
o 703 0.57
o 702 0.57
o 701 0.57
o 700 0.57
o 699 0.57
o 698 0.57
o 697 0.57
o 696 0.57
o 695 0.57
o 694 0.57
o 693 0.57
o 692 0.57
o 691 0.57
o 690 0.58
o 689 0.58
o 688 0.58
o 687 0.58
o 686 0.58
o 685 0.58
o 684 0.58
o 683 0.58
o 682 0.58
o 681 0.58
o 671 0.58
o 670 0.58
o 669 0.58
o 668 0.58
o 667 0.58
o 666 0.58
o 665 0.58
o 664 0.58
o 663 0.58
o 662 0.58
o 661 0.58
o 660 0.58
o 659 0.58
o 658 0.58
o 657 0.58
o 656 0.58
o 655 0.58
o 654 0.58
o 653 0.58
o 652 0.58
o 651 0.58
o 650 0.58
o 649 0.58
o 648 0.58
o 647 0.58
o 646 0.58
o 645 0.58
o 644 0.58
o 642 0.58
o 641 0.58
o 640 0.58
o 638 0.58
o 637 0.58
o 636 0.58
o 635 0.58
o 634 0.58
o 633 0.58
o 632 0.58
o 631 0.58
o 630 0.58
o 629 0.58
o 628 0.58
o 627 0.58
o 624 0.69
o 620 0.69
o 618 0.69
o 617 0.73
o 590 0.98
o 588 1
o 587 1
o 586 1
o 585 1.01
o 581 1.01
o 579 1.01
o 578 1.01
o 576 1.01
o 575 1.01
o 574 1.01
o 573 1.01
o 572 1.01
o 571 1.01
o 570 1.01
o 569 1.02
o 568 1.02
o 542 1.08
o 524 1.12
o 522 1.16
o 521 1.17
o 520 1.22
o 519 1.22
o 518 1.23
o 517 1.23
o 516 1.24
o 515 1.4
o 514 1.61
o 513 3.05
o 511 4.02
o 510 4.18
o 509 4.53
o 508 4.55
o 507 4.68
o 506 7.43
o 505 236.08
judgment-aggregation-ja-slater-preflib-00049-00000451
o 743 0.59
o 742 0.59
o 741 0.59
o 740 0.59
o 739 0.59
o 738 0.59
o 737 0.59
o 736 0.59
o 735 0.59
o 734 0.59
o 733 0.59
o 732 0.59
o 731 0.59
o 730 0.59
o 729 0.59
o 728 0.59
o 727 0.59
o 726 0.59
o 725 0.59
o 724 0.59
o 723 0.59
o 722 0.59
o 721 0.59
o 720 0.59
o 719 0.59
o 718 0.6
o 717 0.6
o 716 0.6
o 715 0.6
o 714 0.6
o 713 0.6
o 712 0.6
o 711 0.6
o 710 0.6
o 709 0.6
o 708 0.6
o 707 0.6
o 706 0.6
o 705 0.6
o 704 0.6
o 703 0.6
o 702 0.6
o 701 0.6
o 700 0.6
o 699 0.6
o 698 0.6
o 697 0.6
o 696 0.6
o 695 0.6
o 694 0.6
o 693 0.6
o 692 0.6
o 691 0.6
o 690 0.6
o 689 0.6
o 688 0.6
o 687 0.6
o 686 0.6
o 685 0.6
o 684 0.6
o 683 0.6
o 682 0.6
o 681 0.6
o 680 0.6
o 679 0.6
o 678 0.6
o 677 0.6
o 676 0.6
o 675 0.6
o 674 0.6
o 673 0.6
o 672 0.6
o 671 0.6
o 670 0.6
o 669 0.6
o 668 0.6
o 667 0.6
o 666 0.6
o 665 0.6
o 664 0.6
o 663 0.6
o 662 0.6
o 661 0.6
o 660 0.6
o 659 0.6
o 658 0.6
o 657 0.6
o 656 0.6
o 655 0.6
o 654 0.6
o 653 0.6
o 652 0.6
o 651 0.6
o 650 0.6
o 648 0.6
o 647 0.6
o 646 0.6
o 644 0.6
o 643 0.6
o 642 0.6
o 641 0.6
o 640 0.6
o 639 0.6
o 638 0.6
o 637 0.6
o 636 0.6
o 635 0.6
o 634 0.6
o 633 0.6
o 632 0.6
o 631 0.6
o 630 0.6
o 629 0.6
o 628 0.6
o 627 0.6
o 626 0.6
o 625 0.6
o 624 0.6
o 623 0.6
o 622 0.6
o 621 0.6
o 620 0.6
o 619 0.6
o 618 0.6
o 617 0.6
o 616 0.6
o 615 0.6
o 614 0.6
o 613 0.6
o 612 0.6
o 611 0.6
o 610 0.6
o 609 0.6
o 608 0.61
o 607 0.61
o 604 0.61
o 603 0.61
o 602 0.61
o 595 0.61
o 593 0.61
o 591 0.61
o 588 0.61
o 587 0.61
o 585 0.61
o 556 0.82
o 554 1.1
o 533 1.15
o 531 1.16
o 530 1.17
o 529 1.17
o 528 1.17
o 527 1.17
o 526 1.17
o 525 1.18
o 524 1.18
o 523 1.18
o 522 1.18
o 513 1.3
o 512 1.87
o 510 4.88
o 509 5.23
o 508 11.95
o 507 12.69
o 506 100.65
judgment-aggregation-ja-slater-preflib-00049-00000451
o 741 0.56
o 740 0.57
o 739 0.57
o 738 0.57
o 737 0.57
o 736 0.57
o 735 0.57
o 734 0.57
o 733 0.57
o 732 0.57
o 731 0.57
o 730 0.57
o 729 0.57
o 728 0.57
o 727 0.57
o 726 0.57
o 725 0.57
o 724 0.57
o 723 0.57
o 722 0.57
o 721 0.57
o 720 0.57
o 719 0.57
o 718 0.57
o 717 0.57
o 716 0.57
o 715 0.57
o 714 0.57
o 713 0.57
o 712 0.57
o 711 0.57
o 710 0.57
o 709 0.57
o 708 0.57
o 707 0.57
o 706 0.57
o 705 0.57
o 704 0.57
o 703 0.57
o 702 0.57
o 700 0.57
o 699 0.57
o 698 0.57
o 697 0.57
o 696 0.57
o 695 0.57
o 694 0.57
o 693 0.57
o 692 0.57
o 691 0.57
o 690 0.57
o 689 0.57
o 688 0.57
o 687 0.57
o 679 0.57
o 678 0.57
o 677 0.57
o 666 0.57
o 665 0.57
o 664 0.57
o 663 0.57
o 662 0.57
o 661 0.57
o 660 0.57
o 659 0.57
o 658 0.57
o 657 0.57
o 656 0.57
o 655 0.57
o 654 0.57
o 653 0.57
o 652 0.57
o 651 0.57
o 650 0.57
o 649 0.57
o 648 0.57
o 647 0.57
o 646 0.57
o 645 0.57
o 644 0.57
o 643 0.57
o 642 0.57
o 641 0.57
o 640 0.57
o 639 0.57
o 638 0.57
o 637 0.57
o 636 0.57
o 635 0.57
o 634 0.57
o 633 0.57
o 632 0.57
o 631 0.57
o 630 0.57
o 629 0.57
o 628 0.57
o 627 0.57
o 626 0.57
o 625 0.57
o 624 0.57
o 623 0.57
o 622 0.57
o 621 0.57
o 620 0.57
o 616 0.57
o 615 0.57
o 614 0.57
o 613 0.57
o 612 0.57
o 611 0.57
o 610 0.57
o 609 0.57
o 608 0.57
o 607 0.57
o 606 0.57
o 605 0.58
o 604 0.58
o 603 0.58
o 602 0.58
o 601 0.58
o 600 0.58
o 599 0.58
o 598 0.58
o 597 0.58
o 596 0.58
o 595 0.58
o 594 0.58
o 593 0.58
o 592 0.58
o 591 0.58
o 590 0.58
o 589 0.58
o 588 0.58
o 587 0.58
o 586 0.58
o 585 0.58
o 584 0.58
o 582 0.58
o 581 0.58
o 580 0.58
o 578 0.58
o 574 0.58
o 573 0.58
o 571 0.58
o 570 0.58
o 569 0.58
o 564 0.75
o 563 1.1
o 561 1.16
o 560 1.16
o 559 1.16
o 558 1.16
o 557 1.17
o 556 1.17
o 555 1.17
o 553 1.24
o 552 1.24
o 551 1.24
o 541 1.34
o 540 1.41
o 539 1.43
o 537 1.46
o 536 1.48
o 535 1.49
o 534 1.58
o 533 1.58
o 529 1.61
o 526 1.66
o 525 1.66
o 524 1.7
o 523 1.74
o 522 1.96
o 521 1.96
o 520 1.97
o 519 1.97
o 518 2.65
o 517 2.66
o 516 2.88
o 515 2.88
o 514 2.94
o 511 3.14
o 510 3.38
o 509 6.07
o 508 12.14
o 507 15.53
o 506 15.56
o 505 119.03
judgment-aggregation-ja-slater-preflib-00049-00000451
o 754 0.61
o 753 0.61
o 752 0.61
o 751 0.61
o 750 0.61
o 749 0.61
o 748 0.61
o 747 0.61
o 746 0.61
o 745 0.61
o 744 0.61
o 743 0.61
o 742 0.61
o 741 0.61
o 740 0.61
o 739 0.61
o 738 0.61
o 737 0.61
o 736 0.61
o 735 0.61
o 734 0.61
o 733 0.61
o 732 0.62
o 731 0.62
o 730 0.62
o 729 0.62
o 728 0.62
o 727 0.62
o 726 0.62
o 725 0.62
o 724 0.62
o 723 0.62
o 722 0.62
o 721 0.62
o 720 0.62
o 719 0.62
o 718 0.62
o 717 0.62
o 716 0.62
o 715 0.62
o 714 0.62
o 713 0.62
o 712 0.62
o 711 0.62
o 710 0.62
o 709 0.62
o 708 0.62
o 707 0.62
o 706 0.62
o 705 0.62
o 703 0.62
o 702 0.62
o 701 0.62
o 700 0.62
o 699 0.62
o 698 0.62
o 697 0.62
o 696 0.62
o 695 0.62
o 694 0.62
o 693 0.62
o 692 0.62
o 691 0.62
o 690 0.62
o 689 0.62
o 688 0.62
o 687 0.62
o 686 0.62
o 685 0.62
o 684 0.62
o 683 0.62
o 682 0.62
o 681 0.62
o 680 0.62
o 679 0.62
o 678 0.62
o 677 0.62
o 676 0.62
o 675 0.62
o 674 0.62
o 673 0.62
o 672 0.62
o 671 0.62
o 670 0.62
o 669 0.62
o 668 0.62
o 667 0.62
o 666 0.62
o 665 0.63
o 664 0.63
o 663 0.63
o 662 0.63
o 661 0.63
o 660 0.63
o 659 0.63
o 658 0.63
o 657 0.63
o 656 0.63
o 655 0.63
o 653 0.63
o 652 0.63
o 651 0.63
o 650 0.63
o 649 0.63
o 636 0.63
o 635 0.63
o 634 0.63
o 633 0.63
o 632 0.63
o 631 0.63
o 630 0.63
o 629 0.63
o 619 0.64
o 618 0.64
o 617 0.65
o 614 0.65
o 613 0.65
o 612 0.65
o 609 0.65
o 604 0.96
o 603 0.96
o 598 0.97
o 597 0.97
o 596 0.97
o 594 0.97
o 592 1.01
o 591 1.01
o 555 1.07
o 531 1.12
o 530 1.12
o 529 1.13
o 528 1.13
o 527 1.13
o 526 1.16
o 525 1.16
o 524 1.17
o 523 1.25
o 521 1.25
o 520 1.25
o 519 1.25
o 518 1.25
o 517 1.28
o 514 1.31
o 513 1.31
o 512 2.7
o 511 2.85
o 510 2.96
o 509 3.27
o 508 3.62
o 507 3.62
o 506 3.63
judgment-aggregation-ja-slater-preflib-00049-00000451
o 720 0.56
o 719 0.56
o 718 0.56
o 717 0.56
o 716 0.56
o 715 0.56
o 714 0.56
o 713 0.56
o 712 0.56
o 711 0.56
o 710 0.56
o 709 0.56
o 708 0.56
o 707 0.56
o 706 0.56
o 705 0.56
o 704 0.56
o 703 0.56
o 702 0.56
o 701 0.56
o 700 0.56
o 699 0.56
o 698 0.56
o 697 0.56
o 696 0.56
o 695 0.56
o 694 0.56
o 693 0.56
o 692 0.56
o 691 0.56
o 690 0.56
o 689 0.56
o 688 0.56
o 687 0.56
o 686 0.56
o 685 0.56
o 684 0.56
o 683 0.56
o 682 0.56
o 681 0.56
o 680 0.56
o 679 0.56
o 678 0.56
o 677 0.56
o 676 0.56
o 675 0.56
o 674 0.56
o 673 0.56
o 672 0.56
o 671 0.56
o 670 0.56
o 669 0.56
o 668 0.56
o 667 0.56
o 666 0.56
o 665 0.56
o 664 0.56
o 663 0.56
o 662 0.56
o 661 0.56
o 660 0.56
o 659 0.56
o 658 0.56
o 657 0.56
o 656 0.56
o 655 0.56
o 654 0.56
o 653 0.56
o 652 0.56
o 651 0.56
o 650 0.56
o 649 0.56
o 648 0.56
o 647 0.56
o 646 0.56
o 645 0.56
o 644 0.56
o 643 0.56
o 641 0.56
o 640 0.56
o 639 0.56
o 638 0.56
o 637 0.56
o 636 0.56
o 635 0.56
o 634 0.56
o 633 0.56
o 632 0.57
o 628 0.57
o 627 0.57
o 626 0.57
o 625 0.57
o 624 0.57
o 623 0.57
o 622 0.57
o 621 0.57
o 620 0.57
o 619 0.57
o 618 0.57
o 617 0.57
o 610 0.57
o 609 0.57
o 608 0.57
o 607 0.57
o 606 0.57
o 605 0.57
o 604 0.57
o 603 0.57
o 602 0.57
o 601 0.57
o 600 0.57
o 598 0.57
o 597 0.57
o 596 0.57
o 595 0.57
o 594 0.57
o 592 0.57
o 591 0.57
o 590 0.57
o 589 0.57
o 584 0.58
o 583 0.58
o 582 0.58
o 581 0.58
o 572 0.77
o 556 0.93
o 555 0.93
o 554 0.93
o 553 0.95
o 551 1
o 549 1.01
o 546 1.03
o 545 1.03
o 544 1.03
o 538 1.07
o 537 1.07
o 536 1.07
o 535 1.07
o 534 1.07
o 533 1.09
o 532 1.09
o 528 1.27
o 527 1.36
o 526 1.37
o 525 1.45
o 524 1.61
o 523 1.63
o 522 1.64
o 521 1.64
o 520 1.64
o 519 1.65
o 514 1.67
o 513 1.78
o 512 1.82
o 510 1.82
o 509 2.3
o 508 2.62
o 507 2.73
o 506 30.58
judgment-aggregation-ja-slater-preflib-00049-00000451
o 729 0.57
o 728 0.57
o 727 0.57
o 726 0.57
o 725 0.57
o 724 0.57
o 722 0.57
o 721 0.57
o 720 0.57
o 719 0.57
o 718 0.57
o 717 0.57
o 716 0.57
o 715 0.57
o 714 0.57
o 713 0.57
o 712 0.57
o 711 0.57
o 710 0.57
o 709 0.57
o 708 0.57
o 707 0.57
o 706 0.57
o 705 0.57
o 704 0.57
o 703 0.57
o 702 0.57
o 701 0.57
o 700 0.57
o 699 0.57
o 698 0.57
o 697 0.57
o 696 0.57
o 695 0.57
o 694 0.57
o 693 0.57
o 692 0.57
o 691 0.57
o 690 0.57
o 689 0.57
o 688 0.57
o 687 0.57
o 686 0.57
o 685 0.57
o 684 0.57
o 683 0.57
o 682 0.57
o 681 0.57
o 680 0.57
o 679 0.57
o 678 0.57
o 677 0.57
o 676 0.57
o 675 0.57
o 674 0.57
o 673 0.57
o 672 0.57
o 671 0.57
o 670 0.57
o 669 0.57
o 668 0.57
o 667 0.57
o 666 0.57
o 665 0.57
o 664 0.57
o 663 0.57
o 662 0.57
o 661 0.57
o 660 0.57
o 659 0.57
o 658 0.57
o 657 0.57
o 656 0.57
o 655 0.57
o 654 0.57
o 653 0.57
o 652 0.57
o 651 0.57
o 650 0.57
o 649 0.57
o 648 0.57
o 647 0.57
o 646 0.57
o 645 0.57
o 644 0.57
o 643 0.57
o 642 0.57
o 641 0.57
o 640 0.57
o 639 0.57
o 638 0.57
o 637 0.57
o 636 0.57
o 635 0.57
o 634 0.57
o 633 0.57
o 632 0.57
o 631 0.57
o 630 0.57
o 629 0.57
o 628 0.57
o 627 0.57
o 626 0.57
o 625 0.57
o 624 0.57
o 623 0.57
o 622 0.57
o 621 0.57
o 620 0.57
o 619 0.57
o 618 0.57
o 617 0.57
o 616 0.57
o 614 0.57
o 613 0.57
o 612 0.57
o 611 0.57
o 610 0.57
o 609 0.57
o 608 0.57
o 607 0.57
o 606 0.57
o 605 0.58
o 604 0.58
o 603 0.58
o 602 0.58
o 601 0.58
o 600 0.58
o 599 0.58
o 598 0.58
o 597 0.58
o 596 0.58
o 595 0.58
o 594 0.58
o 593 0.58
o 591 0.58
o 590 0.58
o 589 0.58
o 587 0.58
o 586 0.58
o 585 0.58
o 584 0.58
o 583 0.58
o 582 0.58
o 581 0.58
o 580 0.58
o 568 0.58
o 564 0.99
o 563 0.99
o 562 0.99
o 555 1
o 538 1.07
o 537 1.07
o 536 1.09
o 535 1.09
o 530 1.19
o 529 1.2
o 527 1.21
o 525 1.3
o 524 1.3
o 523 1.31
o 522 1.31
o 521 1.36
o 520 1.36
o 518 1.42
o 517 1.49
o 514 2.89
o 513 2.9
o 512 2.94
o 511 2.97
o 510 3.3
o 509 3.32
o 508 4.29
o 507 5.04
o 506 12.36
judgment-aggregation-ja-slater-preflib-00049-00000451
o 733 0.55
o 732 0.55
o 731 0.55
o 730 0.55
o 729 0.55
o 728 0.55
o 727 0.55
o 726 0.55
o 725 0.55
o 724 0.55
o 723 0.55
o 722 0.55
o 721 0.55
o 720 0.55
o 719 0.55
o 718 0.55
o 717 0.55
o 716 0.55
o 715 0.55
o 714 0.55
o 713 0.55
o 712 0.55
o 711 0.55
o 710 0.55
o 709 0.55
o 708 0.55
o 707 0.55
o 706 0.55
o 705 0.55
o 704 0.55
o 703 0.55
o 702 0.55
o 701 0.55
o 700 0.55
o 699 0.55
o 698 0.55
o 697 0.55
o 696 0.55
o 695 0.55
o 694 0.55
o 693 0.55
o 692 0.55
o 691 0.55
o 690 0.55
o 689 0.55
o 681 0.55
o 680 0.55
o 679 0.55
o 678 0.55
o 677 0.55
o 676 0.55
o 675 0.55
o 674 0.55
o 673 0.55
o 672 0.55
o 671 0.55
o 670 0.56
o 669 0.56
o 668 0.56
o 667 0.56
o 666 0.56
o 665 0.56
o 664 0.56
o 663 0.56
o 662 0.56
o 661 0.56
o 660 0.56
o 652 0.56
o 651 0.56
o 650 0.56
o 649 0.56
o 648 0.56
o 647 0.56
o 646 0.56
o 645 0.56
o 644 0.56
o 643 0.56
o 642 0.56
o 639 0.56
o 638 0.56
o 637 0.56
o 636 0.56
o 629 0.56
o 624 0.56
o 614 0.6
o 609 0.6
o 608 0.6
o 607 0.65
o 605 0.65
o 591 0.94
o 590 0.94
o 588 0.95
o 587 0.95
o 586 0.95
o 585 0.95
o 583 0.95
o 581 0.96
o 580 0.96
o 577 0.96
o 575 0.96
o 573 0.96
o 572 0.96
o 571 0.96
o 570 0.96
o 569 0.97
o 568 0.97
o 566 0.97
o 529 1
o 523 1.04
o 522 1.04
o 521 1.04
o 520 1.04
o 519 1.07
o 518 1.07
o 517 1.12
o 516 1.12
o 514 1.31
o 513 2.75
o 512 2.77
o 511 2.81
o 509 4.64
o 508 7.91
o 507 10.03
o 506 44.88
o 505 77.71
