judgment-aggregation-ja-maxham-preflib-00049-00000071
o 68 0.09
o 67 0.09
o 65 0.1
o 63 0.1
o 62 0.12
o 61 0.12
o 58 0.13
o 57 0.14
o 55 0.16
o 54 0.18
o 53 0.18
o 52 0.3
o 51 0.35
o 50 0.38
o 49 0.38
o 48 0.46
o 47 2.22
o 46 2.23
o 45 94.64
judgment-aggregation-ja-maxham-preflib-00049-00000071
o 63 0.11
o 62 0.11
o 61 0.12
o 60 0.12
o 59 0.14
o 57 0.16
o 56 0.16
o 55 0.17
o 54 0.23
o 53 0.3
o 52 0.34
o 51 0.44
o 50 0.47
o 49 0.47
o 48 0.83
o 47 0.85
o 46 4.45
o 45 38.94
judgment-aggregation-ja-maxham-preflib-00049-00000071
o 62 0.1
o 61 0.12
o 59 0.13
o 58 0.13
o 55 0.16
o 54 0.16
o 53 0.17
o 52 0.19
o 51 0.25
o 50 0.28
o 49 0.91
o 48 1.06
o 47 2.03
o 46 10.09
judgment-aggregation-ja-maxham-preflib-00049-00000071
o 67 0.1
o 66 0.1
o 65 0.11
o 64 0.11
o 63 0.11
o 62 0.12
o 61 0.12
o 60 0.12
o 59 0.12
o 56 0.15
o 55 0.15
o 54 0.15
o 53 0.15
o 52 0.28
o 51 0.3
o 49 0.33
o 48 1.32
o 47 4.44
o 46 13.56
judgment-aggregation-ja-maxham-preflib-00049-00000071
o 70 0.09
o 69 0.1
o 65 0.1
o 64 0.1
o 62 0.11
o 61 0.11
o 60 0.14
o 59 0.14
o 57 0.16
o 56 0.16
o 55 0.19
o 54 0.2
o 53 0.21
o 52 0.35
o 51 0.37
o 50 0.51
o 49 0.59
o 48 0.95
o 47 1.73
o 46 10.46
judgment-aggregation-ja-maxham-preflib-00049-00000071
o 65 0.1
o 64 0.1
o 63 0.1
o 56 0.12
o 55 0.12
o 54 0.13
o 53 0.14
o 52 0.16
o 51 0.17
o 49 0.17
o 48 0.22
o 47 1.15
o 46 11.32
judgment-aggregation-ja-maxham-preflib-00049-00000071
o 67 0.09
o 66 0.1
o 65 0.1
o 64 0.1
o 63 0.1
o 62 0.1
o 59 0.11
o 58 0.13
o 57 0.13
o 56 0.15
o 55 0.19
o 54 0.2
o 52 0.29
o 51 0.3
o 50 0.32
o 49 0.4
o 48 0.57
o 47 1.09
o 46 3.83
o 45 288.26
judgment-aggregation-ja-maxham-preflib-00049-00000071
o 71 0.09
o 70 0.09
o 60 0.11
o 58 0.12
o 57 0.12
o 56 0.14
o 55 0.17
o 54 0.21
o 52 0.25
o 51 0.34
o 50 0.34
o 49 0.35
o 48 0.78
o 47 1.15
o 46 2.77
judgment-aggregation-ja-maxham-preflib-00049-00000071
o 65 0.1
o 64 0.1
o 63 0.1
o 61 0.1
o 60 0.1
o 59 0.11
o 58 0.13
o 57 0.13
o 56 0.16
o 55 0.17
o 54 0.17
o 53 0.26
o 52 0.27
o 51 0.41
o 50 0.43
o 49 0.47
o 48 1.37
o 47 4.76
o 46 16.01
judgment-aggregation-ja-maxham-preflib-00049-00000071
o 70 0.1
o 64 0.11
o 63 0.15
o 62 0.15
o 61 0.16
o 60 0.17
o 59 0.17
o 58 0.17
o 57 0.18
o 56 0.18
o 55 0.19
o 54 0.27
o 53 0.27
o 52 0.39
o 51 0.56
o 50 0.59
o 49 0.7
o 48 1.16
o 47 2.28
o 46 6.22
