min-fill-MinFill_R0_mulsol.i.1
o 328 9.08
o 307 10.59
o 306 10.63
o 272 10.76
o 249 21.13
o 246 21.15
o 245 80.22
o 233 80.24
o 203 105.76
o 201 105.76
min-fill-MinFill_R0_mulsol.i.1
o 653 6.78
o 640 6.78
o 630 7.1
o 539 8.47
o 502 9.63
o 344 11.17
o 343 11.17
o 341 14.66
o 339 14.66
o 338 14.67
o 337 14.67
o 308 15.46
o 269 15.93
o 268 15.93
o 257 16
o 250 32.64
o 240 32.73
o 233 91.03
o 214 91.25
o 212 91.26
o 206 105.95
o 205 105.95
o 191 246.4
o 190 246.4
o 187 246.42
o 183 246.43
o 181 246.43
min-fill-MinFill_R0_mulsol.i.1
o 544 7.31
o 377 7.83
o 372 7.85
o 370 7.85
o 368 7.85
o 330 7.96
o 329 7.96
o 328 8.03
o 326 8.1
o 318 22.39
o 288 22.62
o 287 22.62
o 286 22.65
o 270 23.25
o 250 23.4
o 249 23.46
o 248 23.47
o 210 24.21
o 209 24.22
o 208 24.23
o 207 24.25
o 206 24.3
o 203 24.31
o 202 24.31
o 200 24.36
o 199 24.38
o 189 24.63
o 188 24.63
min-fill-MinFill_R0_mulsol.i.1
o 505 11.76
o 498 11.89
o 490 11.95
o 489 11.96
o 482 12.82
o 481 12.82
o 472 12.85
o 470 12.88
o 469 12.89
o 449 18.22
o 434 20.71
o 362 21.23
o 352 21.24
o 351 21.25
o 325 21.49
o 311 22.13
o 310 22.17
o 238 22.83
o 237 22.84
o 212 23.1
o 211 23.1
o 205 23.77
o 186 193.49
o 179 193.83
o 177 193.83
min-fill-MinFill_R0_mulsol.i.1
o 490 10.73
o 484 10.76
o 432 15.6
o 428 15.71
o 412 15.72
o 405 16.58
o 325 18.25
o 324 18.26
o 311 18.37
o 309 18.39
o 279 19.54
o 246 34.45
o 242 34.47
o 240 34.56
o 229 86.39
o 228 86.39
o 227 104.72
o 225 105.51
o 224 147.89
o 221 147.96
o 220 147.96
o 217 148
o 211 212.12
o 210 212.12
o 200 212.29
o 199 212.44
o 198 212.54
o 189 212.66
o 187 213.2
min-fill-MinFill_R0_mulsol.i.1
o 527 6.64
o 522 6.75
o 521 6.77
o 464 15.39
o 463 15.4
o 461 15.41
o 430 15.63
o 427 15.63
o 426 15.64
o 402 16.22
o 401 16.23
o 292 16.99
o 285 17.08
o 283 17.15
o 269 17.25
o 256 34.98
o 252 103.18
o 209 103.35
o 208 103.36
o 206 103.38
o 205 103.39
o 204 103.39
min-fill-MinFill_R0_mulsol.i.1
o 585 9.13
o 513 9.22
o 511 9.29
o 367 9.47
o 366 9.55
o 359 9.57
o 355 9.57
o 353 15.08
o 352 15.08
o 328 15.41
o 319 16.72
o 318 16.73
o 317 17.13
o 310 17.24
o 280 17.54
o 279 17.55
o 278 19.41
o 247 35.64
o 229 118.5
o 228 118.53
o 227 118.54
o 219 121.04
min-fill-MinFill_R0_mulsol.i.1
o 596 9.79
o 476 10
o 471 10.02
o 435 10.38
o 418 10.45
o 396 10.5
o 380 10.71
o 378 12.54
o 377 12.54
o 371 12.59
o 355 12.59
o 284 13.13
o 264 13.17
o 263 13.18
o 262 13.19
o 236 13.98
o 226 52.2
o 212 52.33
o 211 141.38
o 210 143.32
o 209 143.57
o 207 143.57
o 205 143.59
o 192 143.67
min-fill-MinFill_R0_mulsol.i.1
o 368 5.57
o 363 5.58
o 335 12.52
o 316 12.81
o 312 12.81
o 265 23.05
o 259 23.36
o 257 32.67
o 256 32.67
o 255 32.67
o 254 32.7
o 248 32.7
o 242 33.35
o 238 33.41
o 236 33.41
o 224 33.71
o 213 33.72
o 211 74.15
o 209 74.16
o 204 74.17
o 197 74.21
o 191 74.22
o 176 74.27
o 175 74.39
o 170 74.52
o 169 74.53
min-fill-MinFill_R0_mulsol.i.1
o 341 8.14
o 329 8.14
o 293 8.23
o 263 20.49
o 262 25.29
o 261 25.31
o 260 25.32
o 259 25.33
o 253 26.01
o 252 26.05
o 250 42.58
o 248 42.61
o 235 63.16
o 220 63.4
o 219 63.62
o 218 63.66
o 215 140.95
o 212 140.98
o 198 242.07
