optimizing-BDDs-hypothyroid-un-wcnf_incomplete_improved_1_2019_3
o 286 3.94
o 118 3.94
o 109 3.94
o 70 13.13
o 64 23.47
optimizing-BDDs-hypothyroid-un-wcnf_incomplete_improved_1_2019_3
o 674 0.36
o 655 0.36
o 118 0.59
o 70 1.46
o 62 81.33
optimizing-BDDs-hypothyroid-un-wcnf_incomplete_improved_1_2019_3
o 118 1.61
o 117 2.9
o 70 9.84
o 62 255.72
optimizing-BDDs-hypothyroid-un-wcnf_incomplete_improved_1_2019_3
o 275 9.95
o 118 9.95
o 117 12.5
o 70 15.46
o 64 17.76
o 63 121.28
o 62 121.28
optimizing-BDDs-hypothyroid-un-wcnf_incomplete_improved_1_2019_3
o 118 1.92
o 108 1.94
o 70 8.08
o 64 58.58
o 63 185.65
o 62 185.65
optimizing-BDDs-hypothyroid-un-wcnf_incomplete_improved_1_2019_3
o 70 1.02
o 64 8.16
o 63 151.07
o 62 151.07
optimizing-BDDs-hypothyroid-un-wcnf_incomplete_improved_1_2019_3
o 109 0.73
o 70 3.44
o 64 9.78
o 62 104.28
optimizing-BDDs-hypothyroid-un-wcnf_incomplete_improved_1_2019_3
o 109 1.32
o 70 5.02
o 62 21.82
optimizing-BDDs-hypothyroid-un-wcnf_incomplete_improved_1_2019_3
o 118 2.12
o 111 2.23
o 108 2.45
o 70 6.82
o 62 7.17
optimizing-BDDs-hypothyroid-un-wcnf_incomplete_improved_1_2019_3
o 118 2.19
o 111 9.3
o 70 10
o 62 16.71
