optic-gen_mult_5_5_991
o 894 0.19
o 893 0.19
o 892 0.19
o 891 0.19
o 890 0.19
o 889 0.19
o 888 0.19
o 887 0.19
o 886 0.19
o 885 0.19
o 884 0.19
o 883 0.19
o 882 0.19
o 881 0.19
o 880 0.19
o 879 0.19
o 878 0.19
o 877 0.19
o 876 0.19
o 875 0.19
o 420 0.19
o 419 0.19
o 418 0.19
o 417 0.19
o 416 0.19
o 415 0.19
o 414 0.19
o 413 0.19
o 412 0.19
o 411 0.19
o 410 0.19
o 409 0.19
o 408 0.19
o 407 0.19
o 406 0.19
o 405 0.19
o 404 0.19
o 403 0.19
o 402 0.19
o 401 0.19
o 400 0.19
o 399 0.19
o 398 0.19
o 397 0.19
o 396 0.19
o 395 0.19
o 394 0.19
o 393 0.19
o 392 0.19
o 391 0.19
o 390 0.19
o 389 0.19
o 388 0.19
o 387 0.19
o 386 0.19
o 385 0.19
o 384 0.19
o 383 0.19
o 382 0.19
o 381 0.19
o 380 0.19
o 379 0.19
o 378 0.19
o 377 0.19
o 376 0.19
o 375 0.19
o 374 0.19
o 373 0.19
o 372 0.19
o 371 0.19
o 370 0.19
o 369 0.19
o 368 0.19
o 367 0.19
o 366 0.19
o 365 0.19
o 364 0.19
o 363 0.19
o 362 0.19
o 361 0.19
o 360 0.19
o 359 0.19
o 358 0.19
o 357 0.19
o 356 0.19
o 355 0.19
o 354 0.19
o 353 0.19
o 352 0.19
o 351 0.19
o 345 0.19
o 344 0.19
o 343 0.19
o 342 0.19
o 341 0.19
o 340 0.19
o 339 0.19
o 338 0.19
o 337 0.19
o 336 0.19
o 335 0.19
o 334 0.19
o 333 0.19
o 332 0.19
o 331 0.19
o 330 0.19
o 329 0.19
o 328 0.19
o 327 0.19
o 326 0.19
o 325 0.19
o 324 0.19
o 323 0.19
o 322 0.19
o 321 0.19
o 320 0.19
o 319 0.19
o 318 0.19
o 317 0.19
o 316 0.19
o 315 0.19
o 314 0.19
o 313 0.2
o 312 0.2
o 311 0.2
o 310 0.2
o 309 0.2
o 308 0.2
o 307 0.2
o 306 0.2
o 305 0.2
o 304 0.2
o 300 0.2
o 299 0.2
o 298 0.2
o 297 0.2
o 296 0.2
o 295 0.2
o 294 0.86
o 293 0.87
o 292 0.87
o 291 0.87
o 290 0.87
o 289 0.93
o 288 0.93
o 287 1.01
o 286 1.01
o 285 1.03
o 284 1.03
o 282 1.05
o 281 1.05
o 280 1.18
o 279 1.19
o 278 1.2
o 275 1.25
o 268 1.25
o 267 2.95
o 266 2.95
o 265 2.96
o 264 3.1
o 263 3.91
o 262 5.11
o 261 8.81
o 260 8.81
o 259 8.81
o 256 19.27
o 255 117.2
optic-gen_mult_5_5_991
o 894 0.18
o 893 0.18
o 892 0.18
o 891 0.18
o 890 0.18
o 889 0.18
o 434 0.18
o 431 0.18
o 430 0.18
o 427 0.18
o 426 0.18
o 425 0.18
o 424 0.18
o 423 0.18
o 422 0.18
o 421 0.18
o 420 0.18
o 419 0.18
o 418 0.18
o 417 0.18
o 416 0.18
o 415 0.18
o 414 0.18
o 413 0.18
o 412 0.18
o 411 0.18
o 410 0.18
o 409 0.18
o 408 0.18
o 407 0.18
o 406 0.18
o 405 0.18
o 404 0.18
o 403 0.18
o 402 0.18
o 401 0.18
o 400 0.18
o 399 0.18
o 398 0.18
o 397 0.18
o 396 0.18
o 395 0.18
o 394 0.18
o 393 0.18
o 392 0.18
o 391 0.18
o 390 0.18
o 389 0.18
o 388 0.18
o 387 0.18
o 386 0.18
o 385 0.18
o 384 0.18
o 383 0.18
o 382 0.18
o 381 0.18
o 380 0.18
o 379 0.18
o 378 0.18
o 377 0.18
o 376 0.18
o 375 0.18
o 374 0.18
o 373 0.18
o 372 0.18
o 371 0.18
o 370 0.18
o 369 0.18
o 368 0.18
o 367 0.18
o 366 0.18
o 365 0.18
o 364 0.18
o 363 0.18
o 362 0.18
o 361 0.18
o 360 0.18
o 359 0.18
o 358 0.18
o 357 0.18
o 356 0.18
o 355 0.18
o 354 0.18
o 353 0.18
o 352 0.18
o 351 0.18
o 350 0.18
o 349 0.19
o 348 0.19
o 347 0.19
o 346 0.19
o 345 0.19
o 344 0.19
o 343 0.19
o 342 0.19
o 341 0.19
o 340 0.19
o 339 0.19
o 338 0.19
o 337 0.19
o 336 0.19
o 335 0.19
o 334 0.19
o 333 0.19
o 332 0.19
o 331 0.19
o 330 0.19
o 329 0.19
o 328 0.19
o 327 0.19
o 326 0.19
o 325 0.19
o 324 0.19
o 323 0.19
o 322 0.19
o 321 0.19
o 320 0.19
o 319 0.19
o 318 0.19
o 317 0.19
o 316 0.19
o 315 0.19
o 314 0.19
o 313 0.19
o 312 0.19
o 311 0.19
o 310 0.19
o 309 0.19
o 308 0.19
o 307 0.19
o 306 0.19
o 305 0.19
o 304 0.19
o 303 0.19
o 302 0.19
o 301 0.19
o 300 0.19
o 299 0.19
o 298 0.19
o 297 0.19
o 296 0.19
o 295 0.19
o 294 0.19
o 293 0.19
o 292 0.19
o 291 0.19
o 290 0.19
o 289 0.19
o 288 0.19
o 287 1.1
o 286 1.1
o 285 1.1
o 284 1.24
o 281 1.25
o 280 1.25
o 279 1.25
o 271 1.26
o 269 1.55
o 268 1.55
o 267 3.49
o 266 3.5
o 265 3.5
o 263 4.04
o 262 5.14
o 261 9.6
o 259 9.95
o 258 52.43
o 255 95.03
optic-gen_mult_5_5_991
o 894 0.2
o 893 0.2
o 892 0.2
o 891 0.2
o 890 0.2
o 889 0.2
o 888 0.2
o 887 0.2
o 886 0.2
o 885 0.2
o 884 0.2
o 883 0.2
o 882 0.2
o 881 0.2
o 433 0.2
o 432 0.2
o 431 0.2
o 430 0.2
o 429 0.2
o 428 0.2
o 427 0.2
o 426 0.2
o 425 0.2
o 424 0.2
o 423 0.2
o 422 0.2
o 421 0.2
o 420 0.2
o 419 0.2
o 418 0.2
o 417 0.2
o 416 0.2
o 415 0.2
o 414 0.2
o 413 0.2
o 412 0.2
o 411 0.2
o 410 0.2
o 409 0.2
o 408 0.2
o 407 0.2
o 406 0.2
o 405 0.2
o 404 0.2
o 403 0.2
o 402 0.2
o 401 0.2
o 400 0.2
o 399 0.2
o 398 0.2
o 397 0.2
o 396 0.2
o 395 0.2
o 394 0.2
o 393 0.2
o 392 0.2
o 391 0.2
o 390 0.2
o 389 0.2
o 388 0.2
o 387 0.2
o 386 0.2
o 385 0.2
o 384 0.2
o 383 0.2
o 382 0.2
o 381 0.2
o 380 0.2
o 379 0.2
o 378 0.2
o 377 0.2
o 376 0.2
o 375 0.2
o 374 0.2
o 373 0.2
o 372 0.2
o 371 0.2
o 370 0.2
o 369 0.2
o 368 0.2
o 367 0.2
o 366 0.2
o 365 0.2
o 364 0.2
o 363 0.2
o 361 0.2
o 360 0.2
o 359 0.2
o 358 0.2
o 357 0.2
o 356 0.2
o 355 0.2
o 354 0.2
o 353 0.2
o 352 0.2
o 351 0.2
o 350 0.2
o 349 0.2
o 348 0.2
o 347 0.2
o 346 0.2
o 344 0.2
o 343 0.2
o 342 0.2
o 341 0.2
o 340 0.2
o 339 0.2
o 338 0.2
o 337 0.2
o 334 0.2
o 333 0.2
o 332 0.2
o 331 0.2
o 330 0.2
o 329 0.2
o 328 0.2
o 327 0.2
o 326 0.2
o 325 0.2
o 324 0.2
o 323 0.2
o 322 0.2
o 321 0.2
o 320 0.2
o 319 0.2
o 318 0.2
o 317 0.2
o 316 0.2
o 315 0.2
o 314 0.2
o 313 0.2
o 312 0.2
o 311 0.2
o 310 0.2
o 309 0.2
o 308 0.2
o 307 0.2
o 306 0.2
o 305 0.2
o 304 0.2
o 303 0.2
o 302 0.21
o 301 0.21
o 300 0.21
o 299 0.21
o 296 0.85
o 295 0.91
o 294 0.91
o 293 0.91
o 292 0.91
o 291 0.91
o 288 0.97
o 287 0.97
o 286 0.97
o 285 0.97
o 284 1
o 283 1
o 282 1
o 281 1
o 278 1.14
o 277 1.2
o 276 1.2
o 275 1.2
o 274 1.2
o 273 1.2
o 272 1.2
o 270 1.55
o 269 1.55
o 268 1.55
o 267 1.55
o 266 1.55
o 265 1.55
o 263 1.89
o 262 7.65
o 261 23.52
o 260 30.06
o 259 61.21
o 258 62.58
o 257 62.58
o 256 100.99
optic-gen_mult_5_5_991
o 894 0.17
o 893 0.17
o 892 0.17
o 891 0.17
o 890 0.17
o 889 0.17
o 888 0.17
o 887 0.17
o 886 0.17
o 885 0.17
o 884 0.17
o 883 0.17
o 423 0.17
o 422 0.17
o 421 0.17
o 369 0.17
o 368 0.17
o 367 0.17
o 366 0.17
o 365 0.17
o 364 0.17
o 363 0.17
o 362 0.17
o 361 0.17
o 352 0.17
o 351 0.17
o 350 0.17
o 349 0.17
o 348 0.17
o 347 0.17
o 346 0.17
o 345 0.17
o 344 0.17
o 343 0.17
o 342 0.17
o 341 0.17
o 340 0.17
o 339 0.17
o 338 0.17
o 337 0.17
o 336 0.17
o 335 0.17
o 334 0.17
o 333 0.17
o 332 0.17
o 331 0.17
o 330 0.17
o 329 0.17
o 328 0.17
o 327 0.17
o 326 0.17
o 325 0.17
o 324 0.17
o 323 0.17
o 322 0.17
o 321 0.17
o 320 0.17
o 319 0.17
o 318 0.17
o 317 0.17
o 316 0.17
o 315 0.17
o 314 0.17
o 313 0.17
o 312 0.17
o 311 0.18
o 310 0.18
o 309 0.18
o 308 0.18
o 307 0.18
o 306 0.18
o 305 0.18
o 304 0.18
o 303 0.18
o 302 0.18
o 301 0.18
o 300 0.18
o 299 0.18
o 298 0.18
o 297 0.18
o 296 0.18
o 295 0.18
o 294 0.18
o 293 0.18
o 292 0.18
o 291 0.86
o 290 0.91
o 287 0.94
o 286 0.97
o 285 0.97
o 284 0.97
o 283 0.97
o 282 0.99
o 274 1.1
o 273 1.1
o 272 1.11
o 271 1.11
o 270 1.12
o 264 1.48
o 261 5.56
o 260 5.56
o 259 10.34
o 258 10.34
o 257 10.34
optic-gen_mult_5_5_991
o 894 0.17
o 432 0.17
o 431 0.17
o 430 0.17
o 429 0.17
o 428 0.17
o 349 0.17
o 348 0.17
o 347 0.17
o 342 0.17
o 341 0.17
o 340 0.17
o 339 0.17
o 338 0.17
o 337 0.17
o 336 0.17
o 335 0.17
o 334 0.17
o 333 0.17
o 332 0.17
o 331 0.17
o 330 0.17
o 329 0.17
o 328 0.17
o 327 0.17
o 326 0.17
o 325 0.17
o 324 0.17
o 323 0.17
o 322 0.17
o 321 0.17
o 320 0.17
o 319 0.17
o 318 0.17
o 317 0.17
o 316 0.17
o 315 0.17
o 314 0.17
o 313 0.17
o 312 0.17
o 311 0.17
o 310 0.17
o 309 0.17
o 308 0.17
o 307 0.17
o 306 0.18
o 305 0.18
o 304 0.18
o 303 0.18
o 302 0.18
o 301 0.18
o 300 0.18
o 299 0.18
o 298 0.18
o 297 0.18
o 296 0.18
o 295 0.86
o 294 0.88
o 293 0.96
o 292 0.96
o 278 0.96
o 277 0.96
o 276 1.04
o 266 1.05
o 265 1.38
o 264 1.38
o 263 3.39
o 262 3.39
o 261 16.74
o 260 16.74
o 259 29.71
o 258 29.71
o 257 84.8
o 256 84.8
optic-gen_mult_5_5_991
o 894 0.17
o 893 0.17
o 892 0.17
o 891 0.17
o 890 0.17
o 889 0.17
o 888 0.17
o 887 0.17
o 886 0.17
o 885 0.17
o 884 0.17
o 883 0.17
o 882 0.17
o 881 0.17
o 880 0.17
o 879 0.17
o 878 0.17
o 877 0.17
o 876 0.17
o 875 0.17
o 874 0.17
o 873 0.17
o 872 0.17
o 871 0.17
o 870 0.17
o 869 0.17
o 868 0.17
o 867 0.17
o 866 0.17
o 865 0.17
o 430 0.17
o 429 0.17
o 428 0.17
o 427 0.17
o 426 0.17
o 425 0.17
o 424 0.17
o 423 0.17
o 422 0.17
o 374 0.17
o 373 0.17
o 372 0.17
o 371 0.17
o 370 0.17
o 368 0.17
o 367 0.17
o 366 0.17
o 365 0.17
o 364 0.17
o 363 0.17
o 362 0.17
o 350 0.17
o 349 0.17
o 348 0.17
o 347 0.17
o 346 0.17
o 345 0.17
o 344 0.17
o 343 0.17
o 342 0.17
o 341 0.17
o 340 0.17
o 339 0.17
o 338 0.17
o 337 0.17
o 336 0.17
o 335 0.17
o 334 0.17
o 333 0.17
o 332 0.17
o 331 0.17
o 330 0.17
o 329 0.17
o 328 0.17
o 327 0.17
o 326 0.17
o 325 0.17
o 324 0.17
o 323 0.17
o 322 0.17
o 321 0.17
o 320 0.17
o 319 0.17
o 318 0.17
o 317 0.17
o 316 0.17
o 315 0.17
o 314 0.17
o 313 0.17
o 312 0.17
o 311 0.17
o 310 0.18
o 309 0.18
o 308 0.18
o 307 0.18
o 306 0.18
o 305 0.18
o 304 0.74
o 302 0.75
o 301 0.82
o 300 0.82
o 299 0.82
o 298 0.82
o 296 0.89
o 295 0.89
o 294 0.91
o 293 0.91
o 287 0.91
o 280 1.02
o 279 1.02
o 278 1.02
o 276 1.07
o 275 1.07
o 274 1.54
o 272 1.55
o 270 1.56
o 269 1.92
o 268 2.71
o 267 3.35
o 265 3.36
o 264 3.36
o 262 3.45
o 257 8.98
optic-gen_mult_5_5_991
o 894 0.17
o 893 0.17
o 892 0.17
o 891 0.17
o 890 0.17
o 889 0.17
o 888 0.17
o 887 0.17
o 886 0.17
o 885 0.17
o 884 0.17
o 883 0.17
o 882 0.17
o 881 0.17
o 880 0.17
o 879 0.17
o 878 0.17
o 877 0.17
o 876 0.17
o 875 0.17
o 874 0.17
o 873 0.17
o 872 0.17
o 871 0.17
o 870 0.17
o 869 0.17
o 868 0.17
o 867 0.17
o 866 0.17
o 865 0.17
o 784 0.17
o 517 0.17
o 447 0.17
o 446 0.17
o 443 0.17
o 442 0.17
o 441 0.17
o 440 0.17
o 438 0.17
o 437 0.17
o 436 0.17
o 435 0.17
o 434 0.17
o 433 0.17
o 432 0.17
o 431 0.17
o 430 0.17
o 429 0.17
o 428 0.17
o 427 0.17
o 426 0.17
o 425 0.17
o 424 0.17
o 423 0.17
o 422 0.17
o 421 0.17
o 420 0.17
o 419 0.17
o 418 0.17
o 417 0.17
o 416 0.17
o 415 0.17
o 414 0.17
o 413 0.17
o 412 0.17
o 411 0.17
o 410 0.17
o 409 0.17
o 408 0.17
o 407 0.17
o 406 0.17
o 405 0.17
o 404 0.17
o 403 0.17
o 402 0.17
o 401 0.17
o 400 0.17
o 399 0.17
o 398 0.17
o 397 0.17
o 396 0.17
o 395 0.17
o 394 0.17
o 393 0.17
o 392 0.17
o 391 0.17
o 390 0.17
o 389 0.17
o 388 0.17
o 387 0.17
o 386 0.17
o 385 0.17
o 384 0.17
o 383 0.17
o 382 0.17
o 381 0.17
o 380 0.17
o 379 0.17
o 378 0.17
o 377 0.17
o 376 0.17
o 375 0.17
o 374 0.17
o 373 0.17
o 372 0.17
o 371 0.17
o 370 0.17
o 369 0.17
o 368 0.17
o 367 0.17
o 366 0.17
o 365 0.17
o 364 0.17
o 363 0.17
o 362 0.17
o 361 0.17
o 360 0.17
o 359 0.17
o 358 0.17
o 357 0.17
o 356 0.17
o 355 0.17
o 354 0.17
o 353 0.17
o 352 0.17
o 351 0.17
o 350 0.17
o 349 0.17
o 348 0.17
o 347 0.17
o 346 0.17
o 345 0.17
o 344 0.17
o 343 0.17
o 342 0.17
o 341 0.17
o 340 0.17
o 339 0.17
o 338 0.17
o 337 0.17
o 336 0.17
o 335 0.17
o 334 0.17
o 333 0.17
o 332 0.17
o 331 0.17
o 330 0.17
o 329 0.17
o 328 0.17
o 327 0.17
o 326 0.17
o 325 0.17
o 324 0.17
o 323 0.17
o 322 0.17
o 321 0.17
o 320 0.17
o 319 0.17
o 318 0.17
o 317 0.17
o 316 0.17
o 315 0.17
o 314 0.17
o 313 0.17
o 312 0.17
o 311 0.17
o 310 0.17
o 309 0.17
o 308 0.17
o 307 0.17
o 306 0.18
o 305 0.18
o 302 0.18
o 301 0.18
o 298 0.73
o 294 0.82
o 293 0.83
o 292 0.84
o 291 0.86
o 290 0.86
o 289 0.87
o 288 0.87
o 287 0.88
o 286 0.88
o 285 0.88
o 284 0.88
o 283 1
o 282 1
o 281 1
o 280 1
o 279 1.07
o 278 1.07
o 277 1.2
o 276 1.21
o 275 1.21
o 274 1.21
o 270 1.21
o 269 1.21
o 268 1.22
o 265 1.24
o 264 5.13
o 263 5.13
o 261 12.86
o 260 24.16
o 259 35.17
o 258 77.83
o 254 80.45
optic-gen_mult_5_5_991
o 894 0.19
o 893 0.19
o 892 0.19
o 891 0.19
o 890 0.19
o 889 0.19
o 888 0.19
o 887 0.19
o 886 0.19
o 885 0.19
o 884 0.19
o 883 0.19
o 882 0.19
o 881 0.19
o 880 0.19
o 879 0.19
o 878 0.19
o 877 0.19
o 876 0.19
o 650 0.19
o 649 0.19
o 648 0.19
o 630 0.19
o 629 0.19
o 628 0.19
o 627 0.19
o 626 0.19
o 625 0.19
o 448 0.19
o 447 0.19
o 446 0.19
o 441 0.19
o 440 0.19
o 439 0.19
o 438 0.19
o 437 0.19
o 436 0.19
o 435 0.19
o 434 0.19
o 433 0.19
o 432 0.19
o 431 0.19
o 430 0.19
o 429 0.19
o 428 0.19
o 427 0.19
o 426 0.19
o 425 0.19
o 424 0.19
o 423 0.19
o 422 0.19
o 421 0.19
o 420 0.19
o 419 0.19
o 418 0.19
o 417 0.19
o 416 0.19
o 415 0.19
o 414 0.19
o 413 0.19
o 412 0.19
o 411 0.19
o 410 0.19
o 409 0.19
o 408 0.19
o 407 0.19
o 406 0.19
o 405 0.19
o 404 0.19
o 403 0.19
o 402 0.19
o 401 0.19
o 400 0.19
o 399 0.19
o 398 0.19
o 397 0.19
o 396 0.19
o 395 0.19
o 394 0.19
o 393 0.19
o 392 0.19
o 391 0.19
o 390 0.19
o 389 0.19
o 388 0.19
o 387 0.19
o 386 0.19
o 385 0.19
o 384 0.19
o 383 0.19
o 382 0.19
o 381 0.19
o 380 0.19
o 379 0.19
o 378 0.19
o 377 0.19
o 376 0.19
o 375 0.19
o 374 0.19
o 373 0.19
o 372 0.19
o 371 0.19
o 370 0.19
o 369 0.19
o 368 0.19
o 367 0.19
o 366 0.19
o 365 0.19
o 364 0.19
o 363 0.19
o 362 0.19
o 361 0.19
o 360 0.19
o 359 0.19
o 358 0.19
o 357 0.19
o 356 0.19
o 355 0.19
o 354 0.19
o 353 0.19
o 352 0.19
o 351 0.19
o 350 0.19
o 349 0.19
o 348 0.19
o 347 0.19
o 346 0.19
o 345 0.19
o 344 0.19
o 343 0.19
o 342 0.19
o 341 0.19
o 340 0.19
o 339 0.19
o 338 0.19
o 337 0.19
o 336 0.19
o 335 0.19
o 334 0.19
o 333 0.19
o 332 0.19
o 331 0.19
o 330 0.19
o 329 0.19
o 328 0.19
o 327 0.19
o 326 0.19
o 325 0.19
o 324 0.19
o 323 0.19
o 322 0.19
o 321 0.19
o 320 0.19
o 319 0.19
o 318 0.19
o 317 0.19
o 316 0.19
o 315 0.19
o 314 0.19
o 313 0.19
o 312 0.2
o 311 0.2
o 310 0.2
o 309 0.2
o 308 0.2
o 307 0.2
o 306 0.2
o 305 0.2
o 304 0.2
o 303 0.2
o 302 0.2
o 301 0.2
o 300 0.2
o 299 0.2
o 298 0.2
o 297 0.2
o 295 1.04
o 294 1.04
o 293 1.04
o 292 1.14
o 291 1.14
o 290 1.16
o 288 1.17
o 287 1.17
o 284 1.18
o 283 1.18
o 282 1.18
o 281 1.19
o 280 1.19
o 279 1.19
o 278 1.19
o 274 1.24
o 269 1.26
o 268 1.26
o 267 1.26
o 266 2.55
o 265 2.55
o 264 6
o 263 6.01
o 262 11.97
o 261 25.17
o 260 41.08
o 259 41.09
o 257 41.09
o 256 41.09
optic-gen_mult_5_5_991
o 894 0.17
o 893 0.17
o 892 0.17
o 891 0.17
o 724 0.17
o 455 0.17
o 451 0.17
o 450 0.17
o 449 0.17
o 448 0.17
o 447 0.17
o 445 0.17
o 444 0.17
o 360 0.17
o 359 0.17
o 358 0.17
o 357 0.17
o 356 0.17
o 355 0.17
o 346 0.17
o 345 0.17
o 344 0.17
o 343 0.17
o 342 0.17
o 341 0.17
o 340 0.17
o 339 0.17
o 338 0.17
o 337 0.17
o 336 0.17
o 335 0.17
o 334 0.17
o 333 0.17
o 332 0.17
o 331 0.17
o 330 0.17
o 329 0.17
o 328 0.17
o 327 0.17
o 326 0.17
o 325 0.17
o 324 0.17
o 323 0.17
o 322 0.17
o 321 0.17
o 320 0.17
o 309 0.17
o 308 0.17
o 307 0.17
o 306 0.17
o 305 0.17
o 304 0.17
o 303 0.17
o 302 0.17
o 301 0.18
o 300 0.18
o 299 0.18
o 298 0.18
o 297 0.18
o 296 0.18
o 289 0.78
o 287 0.78
o 286 0.89
o 285 0.89
o 284 0.93
o 283 0.98
o 282 1
o 278 1
o 277 1
o 276 1
o 275 1
o 274 1
o 273 1
o 272 1
o 264 1.36
o 263 6.95
o 262 7.32
o 261 32.13
o 260 65.25
o 259 88.57
o 258 237.35
optic-gen_mult_5_5_991
o 894 0.19
o 440 0.19
o 370 0.19
o 369 0.19
o 368 0.19
o 367 0.19
o 366 0.19
o 365 0.19
o 364 0.19
o 363 0.19
o 362 0.19
o 361 0.19
o 360 0.19
o 359 0.19
o 358 0.19
o 357 0.19
o 356 0.19
o 355 0.19
o 354 0.19
o 353 0.19
o 352 0.19
o 351 0.19
o 350 0.19
o 349 0.19
o 348 0.19
o 347 0.19
o 346 0.19
o 345 0.19
o 344 0.19
o 343 0.19
o 342 0.19
o 341 0.19
o 340 0.19
o 339 0.19
o 338 0.19
o 337 0.19
o 336 0.19
o 335 0.19
o 334 0.19
o 333 0.19
o 332 0.19
o 331 0.19
o 326 0.19
o 325 0.19
o 324 0.19
o 323 0.19
o 322 0.19
o 321 0.19
o 320 0.19
o 319 0.19
o 318 0.19
o 317 0.19
o 316 0.19
o 315 0.19
o 314 0.19
o 313 0.19
o 312 0.19
o 311 0.19
o 310 0.19
o 309 0.19
o 308 0.19
o 307 0.19
o 306 0.19
o 305 0.19
o 304 0.19
o 303 0.19
o 302 0.19
o 301 0.19
o 300 0.19
o 299 0.19
o 298 0.19
o 297 0.19
o 296 0.2
o 295 1.01
o 293 1.04
o 291 1.09
o 290 1.1
o 289 1.11
o 288 1.16
o 287 1.21
o 286 1.21
o 285 1.29
o 284 1.29
o 283 1.29
o 282 1.3
o 281 1.3
o 280 1.34
o 278 1.34
o 277 1.36
o 276 1.37
o 269 1.48
o 268 1.97
o 263 1.97
o 260 3.55
o 256 124.49
