af-synthesis_stb_50_180_1
o 235 1
o 234 1
o 210 1
o 202 1
o 195 1.01
o 187 1.01
o 174 1.01
o 167 1.01
o 158 1.01
o 152 1.01
o 149 1.01
o 148 1.92
o 139 1.92
o 135 10.07
o 133 77.91
af-synthesis_stb_50_180_1
o 227 0.69
o 226 0.7
o 224 0.7
o 215 0.7
o 209 0.7
o 201 0.7
o 194 0.7
o 189 0.7
o 182 0.7
o 179 0.71
o 170 0.71
o 169 0.71
o 166 0.71
o 164 1.03
o 163 1.07
o 162 1.2
o 161 1.22
o 160 1.32
o 157 1.32
o 156 1.32
o 148 1.32
o 147 1.37
o 146 1.43
o 144 1.44
o 140 1.48
o 137 1.54
o 136 6.22
o 133 6.9
o 131 194.08
af-synthesis_stb_50_180_1
o 217 0.74
o 215 0.74
o 189 0.75
o 188 0.75
o 180 0.75
o 177 0.75
o 176 0.75
o 174 0.75
o 172 0.82
o 161 1.05
o 159 1.05
o 151 1.06
o 150 1.06
o 146 1.06
o 144 1.65
o 143 2.66
o 138 2.69
o 135 3.8
o 134 4.17
o 133 47.51
o 131 251.08
af-synthesis_stb_50_180_1
o 251 0.71
o 230 0.71
o 213 0.71
o 209 0.71
o 204 0.71
o 184 0.71
o 182 0.71
o 178 0.71
o 171 0.71
o 169 0.71
o 167 0.71
o 153 0.72
o 147 0.72
o 144 1.77
o 143 1.86
o 141 1.92
o 140 3.38
o 139 5.57
o 138 11.97
o 137 20.64
o 135 21.66
o 134 59.9
o 133 80.65
o 132 94.88
o 131 225.22
af-synthesis_stb_50_180_1
o 225 0.78
o 211 0.78
o 195 0.78
o 193 0.78
o 190 0.78
o 177 0.78
o 172 0.78
o 167 0.78
o 161 0.78
o 157 0.78
o 154 0.79
o 146 0.79
o 145 1.61
o 144 2.67
o 142 2.68
o 141 3.33
o 138 3.41
o 137 6.32
o 134 6.32
o 133 37.8
o 131 71.36
af-synthesis_stb_50_180_1
o 209 0.67
o 206 0.67
o 196 0.67
o 188 0.67
o 179 0.67
o 178 0.67
o 169 0.67
o 156 0.68
o 153 0.68
o 151 0.68
o 150 0.68
o 148 1.28
o 145 1.3
o 144 1.34
o 141 1.51
o 140 1.57
o 138 8.11
o 137 11.87
o 134 15.01
o 133 41.25
o 132 67.77
o 130 67.94
af-synthesis_stb_50_180_1
o 251 0.8
o 250 0.8
o 241 0.8
o 222 0.8
o 193 0.8
o 187 0.8
o 185 0.8
o 180 0.8
o 171 0.8
o 165 0.8
o 163 0.8
o 156 0.8
o 147 0.8
o 143 0.81
o 142 1.43
o 138 8.28
o 135 10.77
o 134 12.31
o 133 12.51
o 131 106.64
af-synthesis_stb_50_180_1
o 232 0.69
o 218 0.69
o 210 0.69
o 188 0.69
o 179 0.69
o 164 0.69
o 159 0.69
o 158 0.7
o 153 0.7
o 152 0.85
o 149 1.27
o 147 1.27
o 145 1.38
o 142 1.49
o 137 2.61
o 136 4.04
o 133 6.02
o 131 260.98
af-synthesis_stb_50_180_1
o 250 0.77
o 219 0.77
o 216 0.77
o 206 0.78
o 199 0.78
o 194 0.78
o 185 0.78
o 178 0.79
o 175 0.88
o 174 0.88
o 172 0.88
o 171 0.89
o 170 0.89
o 168 0.89
o 167 0.89
o 166 1.09
o 165 1.12
o 160 1.29
o 159 1.34
o 158 1.34
o 157 1.35
o 152 1.35
o 150 1.39
o 147 1.4
o 145 1.45
o 140 1.66
o 138 4.82
o 137 11.78
o 136 13.36
o 135 54.22
o 131 54.78
af-synthesis_stb_50_180_1
o 200 0.71
o 195 0.71
o 170 0.71
o 169 0.71
o 167 0.71
o 159 0.71
o 153 0.71
o 148 0.71
o 143 1.29
o 138 1.48
o 136 2.92
o 134 88.49
o 133 117.6
o 131 177.38
