BrazilInstance1.xml
o 185 0.06
o 184 0.06
o 178 0.07
o 165 0.15
o 160 0.25
o 151 0.25
o 141 0.26
o 140 0.26
o 139 0.33
o 138 0.33
o 130 10.15
o 129 32.2
o 117 37.61
o 114 75.98
o 108 124.92
o 107 124.94
o 101 124.95
o 100 124.96
o 98 124.96
BrazilInstance1.xml
o 220 0.06
o 219 0.06
o 183 0.09
o 182 0.15
o 181 0.15
o 173 0.16
o 172 0.16
o 170 0.16
o 169 0.16
o 148 0.25
o 145 0.72
o 133 3.6
o 123 5.37
o 120 26.74
o 116 40.33
o 114 94.55
o 112 128.36
o 105 199.82
o 104 199.82
BrazilInstance1.xml
o 209 0.05
o 190 0.07
o 189 0.07
o 185 0.11
o 174 0.12
o 167 0.13
o 166 0.13
o 155 0.32
o 154 0.32
o 142 0.35
o 140 0.35
o 124 6.23
o 121 8.01
o 120 28.57
o 108 28.57
o 106 184.81
o 104 184.81
o 103 184.81
o 98 184.82
BrazilInstance1.xml
o 186 0.03
o 185 0.03
o 170 0.19
o 167 0.19
o 164 0.19
o 159 0.25
o 158 1.16
o 157 1.16
o 133 1.98
o 119 16.21
o 110 16.45
o 102 35.7
o 101 99.41
o 100 99.41
BrazilInstance1.xml
o 194 0.05
o 193 0.05
o 183 0.24
o 182 0.24
o 175 0.25
o 174 0.25
o 172 0.34
o 171 0.57
o 170 0.58
o 169 0.58
o 158 0.58
o 157 0.61
o 156 0.61
o 155 0.61
o 149 1.26
o 148 2.47
o 128 4.12
o 123 17.23
o 122 17.23
o 109 27.63
o 103 145.46
o 101 160.86
o 100 160.86
BrazilInstance1.xml
o 206 0.06
o 196 0.08
o 181 0.09
o 176 0.16
o 167 0.16
o 160 0.16
o 156 0.2
o 155 0.25
o 154 0.25
o 152 0.25
o 151 0.25
o 145 0.26
o 143 1.11
o 137 1.11
o 126 4.77
o 124 4.98
o 119 16.95
o 113 98.95
o 105 245.64
BrazilInstance1.xml
o 204 0.04
o 202 0.05
o 201 0.05
o 197 0.05
o 195 0.1
o 149 0.13
o 145 0.13
o 141 0.27
o 136 0.8
o 127 0.82
o 122 1.02
o 121 1.02
o 120 12.96
o 117 22.06
o 116 26.77
o 115 26.78
o 114 26.78
o 92 42.81
o 91 42.81
BrazilInstance1.xml
o 202 0.06
o 190 0.1
o 171 0.11
o 170 0.11
o 168 0.22
o 156 0.33
o 153 0.37
o 151 0.37
o 147 0.83
o 146 0.83
o 136 2.44
o 135 2.44
o 128 3.43
o 126 4.09
o 117 24.09
o 99 48.82
o 98 48.82
o 97 212.5
BrazilInstance1.xml
o 213 0.03
o 212 0.03
o 211 0.03
o 153 0.04
o 147 0.29
o 128 0.33
o 127 0.33
o 119 0.33
o 118 0.33
o 112 0.33
o 111 0.33
o 109 6.27
o 105 72.54
o 93 80.48
o 90 80.48
o 88 80.66
BrazilInstance1.xml
o 223 0.03
o 222 0.03
o 185 0.06
o 177 0.06
o 176 0.06
o 156 0.11
o 145 0.4
o 139 0.41
o 130 0.41
o 120 0.78
o 119 0.78
o 118 0.78
o 101 106.09
