car.formula_0.8_2021_atleast_15_max-3_reduced_incomplete_adaboost_2
o 711 0.56
o 398 0.77
o 334 7.76
o 238 22.54
car.formula_0.8_2021_atleast_15_max-3_reduced_incomplete_adaboost_2
o 698 0.47
o 490 0.96
o 385 2.34
o 334 8.02
car.formula_0.8_2021_atleast_15_max-3_reduced_incomplete_adaboost_2
o 590 0.44
o 524 0.71
o 502 1.51
o 476 2
o 385 2.63
o 334 5.9
car.formula_0.8_2021_atleast_15_max-3_reduced_incomplete_adaboost_2
o 502 0.35
o 385 13.52
o 334 48.36
car.formula_0.8_2021_atleast_15_max-3_reduced_incomplete_adaboost_2
o 590 0.34
o 502 0.67
o 334 1.66
car.formula_0.8_2021_atleast_15_max-3_reduced_incomplete_adaboost_2
o 698 0.36
o 659 0.75
o 502 0.94
o 385 10.63
o 334 27.73
car.formula_0.8_2021_atleast_15_max-3_reduced_incomplete_adaboost_2
o 1000 0.54
o 281 0.98
car.formula_0.8_2021_atleast_15_max-3_reduced_incomplete_adaboost_2
o 711 0.33
o 698 0.43
o 502 0.79
o 334 2.07
car.formula_0.8_2021_atleast_15_max-3_reduced_incomplete_adaboost_2
o 984 0.53
o 698 0.69
o 490 0.7
o 443 2.3
o 385 4.08
o 334 24.7
o 324 26.56
car.formula_0.8_2021_atleast_15_max-3_reduced_incomplete_adaboost_2
o 385 0.29
o 334 20.86
