hea.formula_0.8_2021_atleast_31_max-4_reduced_incomplete_adaboost_4
o 152 0.45
o 149 0.5
o 146 0.8
hea.formula_0.8_2021_atleast_31_max-4_reduced_incomplete_adaboost_4
o 146 0.59
hea.formula_0.8_2021_atleast_31_max-4_reduced_incomplete_adaboost_4
o 166 0.58
o 146 0.75
o 136 18.33
o 130 19.56
hea.formula_0.8_2021_atleast_31_max-4_reduced_incomplete_adaboost_4
o 207 0.75
o 182 0.78
o 152 0.81
o 137 2.57
hea.formula_0.8_2021_atleast_31_max-4_reduced_incomplete_adaboost_4
o 148 0.53
o 146 13.74
o 142 228.84
hea.formula_0.8_2021_atleast_31_max-4_reduced_incomplete_adaboost_4
o 162 0.47
o 152 0.48
o 149 0.49
o 146 1.84
hea.formula_0.8_2021_atleast_31_max-4_reduced_incomplete_adaboost_4
o 168 0.72
o 164 1.02
o 146 1.13
o 136 6.96
hea.formula_0.8_2021_atleast_31_max-4_reduced_incomplete_adaboost_4
o 138 0.77
hea.formula_0.8_2021_atleast_31_max-4_reduced_incomplete_adaboost_4
o 152 0.6
o 149 1.16
o 146 1.82
hea.formula_0.8_2021_atleast_31_max-4_reduced_incomplete_adaboost_4
o 152 0.57
o 148 0.71
o 146 6.47
o 136 198.08
