instance7
o 9128 0.06
o 8439 0.08
o 7524 0.08
o 7327 0.08
o 5557 0.1
o 5554 0.1
o 5356 0.1
o 5155 0.1
o 5137 0.11
o 4944 0.11
o 4935 0.14
o 4628 0.14
o 4527 0.14
o 4427 0.14
o 4326 0.16
o 4324 0.16
o 3987 0.17
o 3887 0.17
o 3884 0.17
o 3783 0.17
o 3589 0.17
o 3386 0.17
o 3285 0.18
o 3283 0.18
o 3185 0.22
o 3096 0.27
o 2927 0.31
o 2923 0.35
o 2823 0.35
o 2724 0.36
o 2636 0.36
o 2635 0.36
o 2630 0.36
o 2526 0.37
o 2427 0.38
o 2336 0.38
o 2236 0.38
o 2228 0.65
o 2225 0.65
o 2129 0.67
o 2128 0.67
o 2033 0.67
o 2031 0.67
o 1978 1.41
o 1977 1.41
o 1885 1.45
o 1882 1.45
o 1879 1.45
o 1878 1.45
o 1778 1.45
o 1773 1.45
o 1767 1.49
o 1670 1.49
o 1579 1.52
o 1570 1.55
o 1567 1.55
o 1565 1.55
o 1563 1.55
o 1562 1.55
o 1560 1.55
o 1544 1.78
o 1542 1.78
o 1480 3
o 1479 3.03
o 1476 3.25
o 1475 3.25
o 1474 3.25
o 1468 3.25
o 1365 3.27
o 1362 3.27
o 1261 3.27
o 1260 3.28
o 1259 3.28
o 1257 3.58
o 1255 16.19
o 1179 48.32
o 1178 48.39
o 1171 103.54
instance7
o 8403 0.07
o 8400 0.07
o 6703 0.08
o 6603 0.08
o 6200 0.08
o 6000 0.08
o 5668 0.09
o 5559 0.09
o 5251 0.09
o 5229 0.11
o 4930 0.11
o 4833 0.11
o 4623 0.11
o 4524 0.11
o 4325 0.11
o 4223 0.11
o 4219 0.12
o 4017 0.12
o 3998 0.12
o 3994 0.14
o 3990 0.14
o 3893 0.14
o 3822 0.15
o 3821 0.16
o 3722 0.16
o 3719 0.16
o 3710 0.16
o 3706 0.18
o 3705 0.18
o 3690 0.18
o 3489 0.18
o 3453 0.22
o 3255 0.22
o 3254 0.22
o 3253 0.23
o 3248 0.23
o 3144 0.23
o 2844 0.23
o 2827 0.24
o 2733 0.25
o 2730 0.27
o 2728 0.28
o 2727 0.28
o 2725 0.28
o 2622 0.29
o 2531 0.29
o 2430 0.29
o 2427 0.29
o 2334 0.29
o 2236 0.29
o 2235 0.33
o 2174 0.51
o 2075 0.54
o 1973 0.54
o 1971 0.54
o 1867 0.59
o 1866 0.59
o 1804 1.14
o 1668 1.36
o 1667 1.36
o 1575 1.37
o 1559 1.47
o 1552 1.47
o 1550 1.48
o 1547 1.51
o 1450 2.05
o 1350 2.05
o 1252 2.06
o 1151 87.81
instance7
o 7435 0.09
o 7233 0.09
o 7135 0.09
o 6811 0.12
o 6504 0.12
o 6298 0.12
o 6093 0.12
o 5747 0.14
o 5431 0.15
o 5419 0.15
o 5413 0.15
o 5314 0.15
o 5234 0.17
o 4841 0.17
o 4738 0.17
o 4406 0.18
o 4305 0.18
o 4008 0.18
o 4002 0.24
o 4001 0.24
o 3909 0.24
o 3707 0.25
o 3611 0.25
o 3511 0.25
o 3480 0.28
o 3408 0.3
o 3229 0.31
o 3126 0.31
o 3118 0.32
o 3117 0.32
o 3017 0.32
o 2917 0.33
o 2825 0.4
o 2723 0.4
o 2628 0.4
o 2563 0.5
o 2463 0.5
o 2438 0.54
o 2437 0.54
o 2337 0.55
o 2334 0.55
o 2236 0.55
o 2235 0.55
o 2047 0.73
o 2046 0.73
o 1853 0.87
o 1771 1.64
o 1676 1.65
o 1578 1.65
o 1574 1.71
o 1570 1.72
o 1569 1.8
o 1567 3.16
o 1467 3.16
o 1466 3.21
o 1460 3.48
o 1451 3.89
o 1450 3.9
o 1443 3.91
o 1345 3.91
o 1251 4.23
o 1250 4.23
o 1181 57.8
o 1170 267.99
o 1168 268
o 1165 268
instance7
o 7991 0.07
o 7597 0.07
o 7403 0.08
o 6812 0.08
o 6481 0.09
o 6261 0.1
o 6044 0.1
o 6039 0.1
o 5630 0.1
o 5525 0.11
o 5524 0.11
o 5424 0.11
o 5319 0.12
o 4918 0.12
o 4817 0.12
o 4722 0.12
o 4624 0.12
o 4523 0.12
o 4419 0.12
o 4014 0.12
o 3917 0.14
o 3910 0.14
o 3893 0.17
o 3795 0.18
o 3698 0.18
o 3594 0.18
o 3493 0.18
o 3492 0.18
o 3491 0.18
o 3296 0.18
o 3198 0.18
o 3097 0.18
o 3004 0.21
o 2903 0.21
o 2802 0.21
o 2800 0.21
o 2699 0.21
o 2598 0.21
o 2538 0.36
o 2443 0.36
o 2344 0.36
o 2342 0.37
o 2334 0.37
o 2234 0.37
o 2227 0.39
o 2141 0.49
o 2138 0.49
o 2038 0.49
o 1989 1.03
o 1971 1.61
o 1887 1.76
o 1882 1.77
o 1781 1.77
o 1681 1.77
o 1582 1.78
o 1487 1.93
o 1480 1.94
o 1474 3.44
o 1470 3.45
o 1469 3.51
o 1436 5.16
o 1432 5.17
o 1334 5.17
o 1251 20.49
o 1248 20.52
o 1166 96.65
o 1163 96.65
o 1160 128.3
o 1155 293.75
o 1154 293.75
instance7
o 8939 0.08
o 8625 0.08
o 6910 0.08
o 6888 0.11
o 6747 0.12
o 6444 0.12
o 6037 0.12
o 5639 0.12
o 5346 0.13
o 5247 0.13
o 4839 0.13
o 4733 0.14
o 4719 0.14
o 4426 0.15
o 4113 0.15
o 4089 0.19
o 3792 0.19
o 3688 0.19
o 3585 0.19
o 3387 0.2
o 3291 0.2
o 3287 0.2
o 3187 0.2
o 3102 0.2
o 3004 0.2
o 2908 0.2
o 2904 0.21
o 2894 0.22
o 2795 0.22
o 2691 0.22
o 2496 0.23
o 2295 0.23
o 2293 0.23
o 2224 0.35
o 2159 0.88
o 2060 0.88
o 1859 0.88
o 1758 0.88
o 1756 0.88
o 1682 1.82
o 1582 1.82
o 1483 2.08
o 1482 2.08
o 1478 2.1
o 1378 2.17
o 1365 5.95
o 1364 6.53
o 1363 18.97
o 1361 18.97
o 1360 18.99
o 1269 25.92
o 1266 33.18
o 1264 37.83
o 1262 37.85
o 1261 38
o 1180 50.22
o 1179 50.23
instance7
o 8037 0.09
o 7643 0.09
o 7025 0.09
o 6924 0.09
o 6419 0.09
o 6318 0.09
o 5864 0.11
o 5640 0.11
o 5625 0.12
o 5532 0.12
o 5034 0.12
o 4933 0.12
o 4829 0.12
o 4820 0.13
o 4426 0.13
o 4327 0.14
o 4310 0.16
o 4306 0.17
o 4106 0.17
o 4103 0.17
o 4102 0.17
o 4006 0.17
o 3998 0.18
o 3882 0.18
o 3784 0.18
o 3718 0.2
o 3622 0.24
o 3548 0.26
o 3536 0.26
o 3435 0.26
o 3342 0.26
o 3102 0.28
o 2903 0.28
o 2828 0.33
o 2631 0.33
o 2628 0.33
o 2532 0.33
o 2531 0.33
o 2334 0.34
o 2233 0.34
o 2135 0.34
o 2037 0.34
o 2032 0.35
o 1933 0.35
o 1932 0.35
o 1832 0.35
o 1771 1.44
o 1665 1.45
o 1664 1.47
o 1662 1.47
o 1567 1.47
o 1564 1.47
o 1562 1.48
o 1559 1.49
o 1558 1.49
o 1556 1.62
o 1484 1.87
o 1480 1.98
o 1477 1.98
o 1381 1.99
o 1379 2
o 1373 3.89
o 1370 3.92
o 1365 11.23
o 1360 11.28
o 1289 30.37
o 1288 30.38
o 1267 58.55
o 1263 58.58
o 1169 59.09
o 1168 59.09
o 1165 59.13
o 1164 59.14
o 1162 183.89
o 1155 250.5
instance7
o 8714 0.06
o 7122 0.06
o 6494 0.07
o 6489 0.07
o 5777 0.07
o 5682 0.07
o 5367 0.07
o 5263 0.07
o 5160 0.08
o 5056 0.08
o 4933 0.08
o 4930 0.09
o 4632 0.09
o 4430 0.09
o 4416 0.09
o 4222 0.09
o 4126 0.09
o 4125 0.09
o 4076 0.14
o 3977 0.14
o 3895 0.15
o 3894 0.15
o 3798 0.15
o 3710 0.15
o 3703 0.16
o 3643 0.17
o 3442 0.17
o 3417 0.19
o 3391 0.2
o 3091 0.2
o 2900 0.21
o 2896 0.21
o 2800 0.22
o 2511 0.23
o 2411 0.23
o 2310 0.23
o 2305 0.24
o 2207 0.24
o 2206 0.24
o 2168 0.64
o 2166 0.64
o 2165 0.64
o 2067 0.65
o 2065 0.69
o 1964 0.69
o 1959 1.16
o 1871 1.23
o 1770 1.62
o 1768 1.63
o 1665 1.63
o 1662 1.63
o 1661 1.63
o 1659 1.64
o 1646 1.69
o 1645 1.7
o 1637 1.72
o 1636 1.72
o 1635 1.72
o 1539 1.73
o 1536 1.73
o 1534 1.73
o 1436 1.73
o 1435 1.74
o 1434 1.74
o 1401 5.06
o 1398 5.06
o 1397 5.06
o 1396 5.06
o 1394 5.06
o 1393 5.06
o 1293 5.07
o 1289 5.14
o 1288 5.14
o 1287 5.15
o 1277 5.6
o 1275 5.6
o 1274 5.62
o 1273 27.9
o 1271 27.96
o 1270 28
o 1178 28.13
o 1168 79.72
o 1167 154.18
instance7
o 8020 0.07
o 6507 0.08
o 6406 0.08
o 6389 0.09
o 6286 0.09
o 5885 0.09
o 5762 0.09
o 5641 0.1
o 5632 0.1
o 5627 0.1
o 5326 0.1
o 5227 0.1
o 5129 0.1
o 4829 0.1
o 4525 0.1
o 4514 0.1
o 4511 0.11
o 4417 0.11
o 4399 0.14
o 4301 0.14
o 4299 0.14
o 3997 0.14
o 3994 0.14
o 3893 0.14
o 3805 0.15
o 3704 0.15
o 3606 0.15
o 3507 0.15
o 3494 0.16
o 3394 0.16
o 3293 0.16
o 3288 0.16
o 3093 0.19
o 3092 0.2
o 2992 0.2
o 2990 0.2
o 2923 0.28
o 2822 0.28
o 2739 0.28
o 2635 0.28
o 2632 0.37
o 2630 0.37
o 2531 0.37
o 2434 0.38
o 2232 0.38
o 2224 0.47
o 2223 0.47
o 2222 0.47
o 2121 0.47
o 2119 0.48
o 2021 0.48
o 1982 0.81
o 1973 0.85
o 1965 0.86
o 1865 0.86
o 1791 0.93
o 1690 0.93
o 1671 1.52
o 1669 1.53
o 1668 1.53
o 1667 1.89
o 1666 1.89
o 1569 1.89
o 1472 1.9
o 1467 1.91
o 1438 9.67
o 1435 9.67
o 1373 11.52
o 1372 11.54
o 1370 11.57
o 1368 11.57
o 1364 12.1
o 1363 23.81
o 1362 23.83
o 1273 34.17
o 1260 87.76
o 1253 110.84
o 1180 198.46
o 1179 198.46
o 1178 198.47
o 1177 198.47
o 1172 198.63
instance7
o 8048 0.13
o 7941 0.13
o 7430 0.14
o 6504 0.14
o 6300 0.14
o 6167 0.16
o 6163 0.16
o 6047 0.16
o 6038 0.17
o 5740 0.17
o 5539 0.17
o 5429 0.17
o 5331 0.17
o 5212 0.19
o 5111 0.19
o 4907 0.19
o 4700 0.2
o 4591 0.2
o 4589 0.2
o 4398 0.21
o 4316 0.22
o 4214 0.22
o 4213 0.26
o 4211 0.27
o 4116 0.27
o 4019 0.27
o 3819 0.28
o 3816 0.31
o 3814 0.31
o 3813 0.31
o 3711 0.31
o 3621 0.32
o 3420 0.32
o 3316 0.32
o 3314 0.32
o 3211 0.32
o 3018 0.34
o 2917 0.34
o 2832 0.37
o 2733 0.38
o 2727 0.4
o 2632 0.41
o 2531 0.41
o 2430 0.41
o 2419 0.42
o 2321 0.42
o 2223 0.42
o 2124 0.42
o 2029 0.42
o 2024 0.42
o 1924 0.42
o 1923 0.42
o 1891 1.28
o 1890 1.28
o 1875 1.57
o 1864 1.93
o 1793 2.01
o 1788 2.02
o 1787 2.02
o 1784 2.03
o 1684 2.03
o 1584 2.04
o 1487 2.05
o 1486 2.06
o 1472 2.19
o 1469 2.19
o 1465 2.28
o 1366 2.28
o 1268 2.32
o 1265 2.38
o 1262 49.33
o 1164 49.44
o 1163 64.15
o 1162 64.15
o 1160 64.15
instance7
o 8295 0.06
o 7764 0.08
o 7439 0.08
o 7337 0.08
o 7134 0.08
o 6920 0.08
o 6595 0.09
o 5982 0.09
o 5980 0.09
o 5776 0.09
o 5535 0.1
o 5428 0.1
o 5215 0.11
o 4612 0.11
o 4417 0.11
o 4409 0.12
o 4012 0.12
o 3812 0.12
o 3805 0.12
o 3697 0.19
o 3499 0.19
o 3403 0.2
o 3396 0.28
o 3295 0.29
o 3200 0.29
o 3199 0.29
o 3098 0.29
o 3089 0.31
o 2991 0.31
o 2933 0.42
o 2833 0.42
o 2538 0.43
o 2438 0.43
o 2340 0.6
o 2243 0.65
o 2242 0.65
o 2240 0.65
o 2239 0.65
o 2139 0.65
o 2126 0.66
o 2123 0.66
o 2019 0.66
o 1966 0.78
o 1957 0.97
o 1852 0.97
o 1753 0.97
o 1653 0.97
o 1571 1.87
o 1564 1.99
o 1558 2.02
o 1552 2.03
o 1451 2.03
o 1351 2.04
o 1349 2.04
o 1348 2.05
o 1258 2.15
o 1256 2.15
o 1255 2.15
o 1254 2.15
o 1253 2.16
o 1161 9.3
o 1160 9.33
o 1155 88.79
