lisbon-wedding-10-18
o 983 0.52
o 975 0.53
o 876 0.53
o 795 1.76
o 774 1.78
o 675 1.8
o 664 2.54
o 617 2.81
o 606 3.01
o 596 3.45
o 595 3.69
o 461 6.43
o 451 6.61
o 441 6.71
o 431 6.82
lisbon-wedding-10-18
o 877 2.14
o 777 2.15
o 675 2.58
o 464 6.18
o 463 6.73
o 456 10.5
o 436 13.74
o 429 229.91
lisbon-wedding-10-18
o 899 1.11
o 877 1.52
o 777 1.52
o 767 2.58
o 667 2.63
o 497 6.77
o 487 12.91
o 465 27.85
o 454 28.55
o 445 29.31
o 438 29.99
o 435 49.89
o 433 52.75
lisbon-wedding-10-18
o 987 0.91
o 888 0.92
o 885 0.92
o 785 1.08
o 690 2.49
o 678 3.15
o 493 6.98
o 485 8.13
o 477 21.26
o 476 25.56
o 468 28.77
o 458 28.86
o 456 29.56
o 451 30.25
o 450 30.49
o 443 53.95
o 442 58.1
o 440 88.63
o 433 123.42
o 425 278.42
lisbon-wedding-10-18
o 1002 0.61
o 949 0.66
o 844 0.68
o 766 1.28
o 765 1.29
o 665 1.29
o 660 1.42
o 641 1.45
o 551 1.45
o 447 4.45
o 442 56.25
o 427 63.74
lisbon-wedding-10-18
o 899 1.68
o 763 1.81
o 664 1.84
o 657 1.85
o 557 1.85
o 546 5.02
o 539 5.73
o 469 9.09
o 455 12.32
o 453 40.1
o 445 40.33
o 442 42.42
o 434 150.89
o 432 166.41
o 421 214.56
lisbon-wedding-10-18
o 978 3.53
o 878 3.53
o 877 3.54
o 687 4.39
o 575 4.5
o 566 7.74
o 564 7.75
o 458 11.28
o 454 12.88
o 420 15.39
lisbon-wedding-10-18
o 891 0.54
o 786 0.54
o 777 0.65
o 765 1.37
o 674 1.48
o 588 2.37
o 583 2.66
o 576 3.58
o 567 4.48
o 425 7.33
o 421 159.06
lisbon-wedding-10-18
o 989 0.92
o 980 0.92
o 978 0.92
o 809 2.17
o 712 2.17
o 699 2.37
o 606 3.2
o 561 4.64
o 560 5.91
o 463 11.22
o 452 13.12
o 439 16.66
o 430 16.84
o 422 273.18
lisbon-wedding-10-18
o 864 1.43
o 774 1.76
o 665 1.76
o 586 3.68
o 416 6.34
