mul.role_smallcomp_multiple_0.9_7
o 674350 0
o 527388 0
o 483774 0
o 480542 0
o 479734 0
o 478926 0
o 478118 0
o 472942 0.01
o 472702 0.01
o 470278 0.01
o 469110 0.02
o 468422 0.02
o 466806 0.02
o 464622 0.02
o 463934 0.02
o 461990 0.03
o 461422 0.03
o 460494 0.04
o 459806 0.04
o 459238 0.13
o 459118 0.13
o 458430 0.13
o 458310 166.43
mul.role_smallcomp_multiple_0.9_7
o 531308 0
o 527148 0
o 480782 0
o 480302 0.01
o 480182 0.01
o 479614 0.01
o 478806 0.01
o 477878 0.01
o 477070 0.01
o 476262 0.01
o 475454 0.01
o 474526 0.01
o 473718 0.01
o 472910 0.01
o 472102 0.01
o 471654 0.01
o 470846 0.01
o 470758 0.01
o 470070 0.01
o 469590 0.01
o 469230 0.02
o 466806 0.02
o 465998 0.02
o 465790 0.02
o 465222 0.02
o 465102 0.02
o 463726 0.02
o 463038 0.02
o 462350 0.03
o 460734 0.03
o 460494 0.03
o 460046 0.04
o 457622 0.07
mul.role_smallcomp_multiple_0.9_7
o 675398 0
o 528764 0
o 521284 0
o 487334 0
o 487214 0
o 486646 0
o 485838 0
o 485030 0
o 484222 0
o 483414 0
o 482606 0
o 481798 0
o 477310 0.01
o 476622 0.01
o 475814 0.01
o 475006 0.01
o 473030 0.02
o 471414 0.02
o 469262 0.02
o 468454 0.02
o 467646 0.02
o 466838 0.02
o 466030 0.02
o 465670 0.03
o 465550 0.03
o 464054 0.03
o 463486 0.03
o 462678 0.03
o 462558 0.05
o 461870 0.05
o 461334 0.05
o 460734 0.09
o 460286 0.11
o 460166 0.11
o 459806 0.14
o 459686 0.34
o 459118 10.19
o 458310 10.26
o 457622 124.93
mul.role_smallcomp_multiple_0.9_7
o 470726 0
o 470518 0.02
o 469710 0.02
o 469142 0.02
o 468454 0.02
o 468334 0.02
o 465550 0.02
o 464742 0.02
o 464174 0.02
o 464054 0.03
o 462558 0.03
o 461542 0.03
o 460854 0.03
o 459806 0.03
o 459686 0.07
o 459118 0.07
o 458430 0.07
o 457534 0.3
mul.role_smallcomp_multiple_0.9_7
o 571930 0
o 477310 0
o 477190 0
o 472014 0.01
o 471206 0.01
o 470398 0.01
o 469950 0.02
o 469830 0.02
o 469022 0.02
o 468214 0.02
o 467974 0.02
o 467046 0.02
o 466478 0.02
o 464862 0.02
o 464742 0.02
o 463934 0.02
o 463486 0.03
o 463366 0.03
o 461750 0.03
o 460494 0.03
o 460374 0.03
o 459838 0.07
o 459718 0.08
o 459030 0.08
o 458310 0.15
o 457622 182.71
mul.role_smallcomp_multiple_0.9_7
o 674918 0
o 574474 0
o 573634 0
o 529004 0
o 485270 0
o 485150 0
o 485030 0
o 478118 0.01
o 477430 0.01
o 476622 0.01
o 475814 0.01
o 473630 0.01
o 472942 0.01
o 472134 0.01
o 470518 0.01
o 470278 0.02
o 466926 0.02
o 461870 0.02
o 461182 0.03
o 460286 0.03
o 458910 0.1
o 458790 0.24
o 458430 25.14
o 458310 25.14
mul.role_smallcomp_multiple_0.9_7
o 675726 0
o 627664 0
o 627544 0
o 577586 0
o 574834 0
o 477430 0
o 474558 0.01
o 473750 0.01
o 473030 0.02
o 472342 0.02
o 471566 0.02
o 470758 0.02
o 468662 0.02
o 467854 0.02
o 467046 0.02
o 466238 0.02
o 464742 0.02
o 464622 0.02
o 463934 0.03
o 463486 0.03
o 462798 0.03
o 461182 0.03
o 460614 0.07
o 460166 0.12
o 459838 0.13
o 459718 0.13
o 459598 0.15
o 459118 8.31
o 458998 93.79
o 458430 241.11
mul.role_smallcomp_multiple_0.9_7
o 569178 0
o 533284 0
o 532476 0
o 531668 0
o 530860 0
o 530052 0
o 529244 0
o 480302 0
o 479494 0
o 478806 0
o 478686 0.01
o 477878 0.01
o 477550 0.01
o 473390 0.01
o 472702 0.01
o 469590 0.02
o 469262 0.02
o 466358 0.02
o 466238 0.02
o 464742 0.02
o 463934 0.02
o 463246 0.02
o 461182 0.03
o 460614 0.05
o 460494 0.09
o 459806 0.09
o 459686 1.32
o 458998 1.34
o 458910 2.59
o 458310 8.25
mul.role_smallcomp_multiple_0.9_7
o 621320 0
o 529212 0
o 527988 0
o 479046 0
o 478926 0
o 478118 0
o 475814 0
o 474438 0.01
o 473630 0.01
o 470398 0.02
o 469590 0.02
o 468782 0.02
o 467974 0.02
o 467166 0.02
o 466358 0.02
o 466150 0.02
o 466118 0.03
o 465310 0.03
o 464774 0.04
o 463846 0.04
o 463158 0.04
o 462830 0.04
o 461870 0.06
o 459806 0.06
o 459118 0.06
o 458998 0.2
o 458910 176.33
o 458430 176.48
o 458310 176.48
mul.role_smallcomp_multiple_0.9_7
o 672614 0
o 570194 0
o 520924 0
o 482398 0
o 482278 0
o 481470 0
o 477430 0
o 477310 0
o 476950 0
o 476742 0.01
o 475934 0.01
o 470278 0.01
o 469710 0.01
o 468902 0.01
o 467286 0.01
o 466478 0.01
o 466030 0.01
o 463726 0.01
o 463606 0.01
o 462110 0.01
o 461990 0.01
o 461870 0.03
o 458550 0.04
o 458430 0.04
o 458310 268.94
