rail4284
o 1599 441.53
o 1598 441.54
rail4284
o 1604 367.73
o 1603 367.73
o 1602 367.73
o 1600 367.74
o 1599 367.74
rail4284
o 1605 331.47
o 1604 331.47
o 1603 331.47
o 1602 331.47
o 1601 331.47
o 1600 331.47
o 1599 331.47
rail4284
o 1580 355.23
rail4284
o 1602 343.49
o 1601 343.5
o 1600 343.5
o 1599 343.5
o 1598 343.5
o 1597 343.5
rail4284
o 1581 345.2
o 1580 345.2
o 1579 345.2
o 1578 345.21
o 1577 345.21
o 1576 345.21
o 1575 345.21
rail4284
o 1598 353.56
o 1597 353.56
o 1596 353.56
o 1595 353.57
o 1594 353.57
rail4284
