ram_k3_n17.ra1
o 48501 0
o 44118 0
o 40731 0
o 39147 0
o 38000 0
o 37016 0
o 35288 0
o 34224 0
o 33175 0
o 32148 0
o 31263 0
o 30188 0
o 29279 0
o 27973 0
o 26771 0
o 26050 0
o 25470 0
o 24921 0
o 24027 0
o 23659 0
o 23355 0
o 23166 0
o 22435 0
o 22232 0
o 22189 0
o 22003 0
o 21870 0
o 21323 0
o 21058 0
o 20027 0
o 19371 0
o 19338 0
o 19206 0
o 19143 0
o 18850 0
o 18350 0
o 18237 0
o 18086 0
o 17904 0
o 17559 0
o 17452 0
o 17159 0
o 16925 0
o 16834 0
o 16644 0
o 15943 0
o 15641 0
o 15592 0
o 15302 0
o 14967 0
o 14621 0
o 14575 0
o 14395 0
o 13804 0
o 13718 0
o 13561 0
o 13452 0
o 13233 0
o 13156 0.01
o 12884 0.01
o 12761 0.02
o 12721 0.02
o 12719 0.02
o 12657 0.02
o 12612 0.02
o 12495 0.02
o 12472 0.04
o 12450 0.05
o 12351 0.07
o 12095 0.08
o 12024 0.09
o 11964 0.12
o 11931 0.12
o 11923 0.12
o 11812 0.12
o 11586 0.12
o 11537 0.12
o 11158 0.12
o 11084 0.12
o 10732 0.12
o 10672 0.37
o 10610 0.37
o 10605 0.37
o 10490 0.37
o 10372 0.87
ram_k3_n17.ra1
o 48848 0
o 45415 0
o 42481 0
o 40682 0
o 38760 0
o 37121 0
o 35855 0
o 34158 0
o 32987 0
o 31667 0
o 30783 0
o 29717 0
o 28886 0
o 28130 0
o 27439 0
o 27018 0
o 26657 0
o 26307 0
o 25486 0
o 24524 0
o 23920 0
o 23505 0
o 22911 0
o 22379 0
o 22279 0
o 21528 0
o 21203 0
o 21163 0
o 20703 0
o 20127 0
o 20067 0
o 19908 0
o 19652 0
o 19482 0
o 19409 0
o 19351 0
o 19068 0
o 19064 0
o 18385 0
o 18218 0
o 18204 0
o 17859 0
o 17562 0
o 17447 0
o 17190 0
o 17188 0
o 16745 0
o 16655 0
o 16121 0
o 16098 0
o 15642 0
o 15621 0
o 15403 0
o 15345 0
o 15288 0
o 15185 0
o 15123 0
o 15120 0
o 15051 0
o 14993 0
o 14949 0
o 14906 0
o 14874 0
o 14562 0
o 14523 0
o 14457 0
o 14375 0
o 14359 0
o 14076 0
o 13779 0
o 13519 0
o 13496 0
o 13450 0
o 13441 0
o 13376 0
o 13337 0
o 13310 0
o 12974 0.01
o 12683 0.01
o 12496 0.01
o 12259 0.01
o 12048 0.02
o 11987 0.02
o 11545 0.02
o 11521 0.02
o 11433 0.02
o 11399 0.02
o 11182 0.02
o 11036 0.02
o 10784 0.2
o 10732 0.22
o 10688 0.22
o 10569 0.22
o 10554 0.22
o 10401 0.24
o 10379 0.27
o 10372 1.53
ram_k3_n17.ra1
o 46005 0
o 41444 0
o 39312 0
o 37252 0
o 35131 0
o 33550 0
o 32082 0
o 31017 0
o 30155 0
o 27229 0
o 26463 0
o 25778 0
o 25123 0
o 24839 0
o 23726 0
o 23563 0
o 23242 0
o 23146 0
o 23114 0
o 22858 0
o 22262 0
o 22222 0
o 22206 0
o 21866 0
o 21628 0
o 21556 0
o 21113 0
o 20657 0
o 20300 0
o 20176 0
o 19829 0
o 19548 0
o 19437 0
o 18789 0
o 18735 0
o 18228 0
o 18169 0
o 18042 0
o 17498 0
o 17287 0
o 17234 0
o 17087 0
o 17026 0
o 16970 0
o 16896 0
o 16855 0
o 16725 0
o 16572 0
o 16442 0
o 16352 0
o 15906 0
o 15844 0
o 15699 0
o 15681 0
o 15578 0
o 15435 0
o 14841 0
o 14807 0
o 14793 0
o 14702 0
o 14514 0
o 14341 0.01
o 14100 0.01
o 13995 0.01
o 13705 0.01
o 13566 0.01
o 13505 0.01
o 13365 0.02
o 13200 0.02
o 13199 0.02
o 13151 0.02
o 13082 0.03
o 13048 0.03
o 12977 0.05
o 12966 0.05
o 12710 0.05
o 12541 0.05
o 12354 0.05
o 12299 0.05
o 12188 0.06
o 12142 0.06
o 12118 0.06
o 12065 0.06
o 11826 0.07
o 11653 0.07
o 11574 0.07
o 11483 0.14
o 11469 0.14
o 11453 0.14
o 11424 0.14
o 11046 0.14
o 11009 0.23
o 10976 0.24
o 10747 0.24
o 10611 0.24
o 10605 0.25
o 10554 0.84
o 10379 0.85
o 10372 0.85
ram_k3_n17.ra1
o 43233 0
o 40465 0
o 38015 0
o 36783 0
o 34802 0
o 33535 0
o 32245 0
o 31234 0
o 30317 0
o 29409 0
o 28555 0
o 27960 0
o 27454 0
o 26945 0
o 26538 0
o 26143 0
o 25985 0
o 25363 0
o 25324 0
o 25085 0
o 24703 0
o 24464 0
o 23870 0
o 23742 0
o 23671 0
o 23496 0
o 23388 0
o 22845 0
o 22468 0
o 22286 0
o 22235 0
o 22221 0
o 22154 0
o 21277 0
o 21192 0
o 21004 0
o 20700 0
o 20202 0
o 20078 0
o 19984 0
o 19631 0
o 19262 0
o 18794 0
o 18661 0
o 18422 0
o 18192 0
o 18125 0
o 17794 0
o 16892 0
o 16817 0
o 16648 0
o 16569 0
o 16399 0
o 16122 0
o 16050 0
o 15937 0
o 15894 0
o 15656 0
o 15214 0
o 15134 0
o 14873 0
o 14342 0
o 14273 0
o 14250 0
o 13720 0
o 13266 0
o 13261 0
o 13168 0
o 13149 0
o 13100 0
o 12987 0
o 12947 0.01
o 12843 0.01
o 12739 0.01
o 12528 0.01
o 12509 0.01
o 12493 0.02
o 12087 0.02
o 12000 0.02
o 11762 0.02
o 11600 0.02
o 11485 0.02
o 11478 0.02
o 11432 0.05
o 10753 0.05
o 10589 0.05
o 10573 0.05
o 10558 0.05
o 10554 0.05
o 10490 0.16
o 10379 0.18
o 10372 1.05
ram_k3_n17.ra1
o 67478 0
o 60921 0
o 56294 0
o 52470 0
o 46696 0
o 43937 0
o 41561 0
o 39244 0
o 37639 0
o 36302 0
o 35363 0
o 34387 0
o 33449 0
o 32553 0
o 31197 0
o 29805 0
o 28549 0
o 27800 0
o 27140 0
o 26580 0
o 26126 0
o 25675 0
o 24819 0
o 24449 0
o 24231 0
o 23986 0
o 23849 0
o 23745 0
o 23676 0
o 23655 0
o 22922 0
o 22025 0
o 21435 0
o 20974 0
o 20822 0
o 20729 0
o 19787 0
o 19551 0
o 19286 0
o 19060 0
o 18320 0
o 18120 0
o 17556 0
o 17491 0
o 17284 0
o 17272 0
o 17161 0
o 16934 0
o 16933 0
o 16487 0
o 16291 0
o 16018 0
o 15869 0
o 15817 0
o 15756 0
o 15710 0
o 15600 0
o 15573 0
o 15004 0
o 14979 0
o 14906 0
o 14584 0
o 14544 0
o 14445 0
o 14291 0
o 14035 0
o 13818 0
o 13636 0
o 13616 0
o 13614 0
o 13579 0
o 13502 0
o 13403 0
o 13369 0
o 13321 0
o 13171 0
o 13134 0
o 13044 0
o 12674 0
o 12385 0.01
o 12378 0.01
o 12327 0.01
o 12250 0.01
o 12036 0.01
o 11873 0.01
o 11831 0.01
o 11782 0.01
o 11691 0.01
o 11625 0.01
o 11566 0.01
o 11381 0.01
o 11237 0.01
o 11159 0.01
o 11046 0.01
o 11037 0.02
o 11000 0.03
o 10754 0.09
o 10611 0.09
o 10605 0.09
o 10490 0.32
o 10401 0.92
o 10379 1.44
o 10372 2.11
ram_k3_n17.ra1
o 40955 0
o 38726 0
o 36784 0
o 34738 0
o 32877 0
o 31511 0
o 31028 0
o 30678 0
o 30273 0
o 29164 0
o 28826 0
o 27896 0
o 27691 0
o 27328 0
o 26808 0
o 26543 0
o 25833 0
o 24705 0
o 24469 0
o 24389 0
o 24327 0
o 23504 0
o 22958 0
o 22344 0
o 21730 0
o 21573 0
o 21448 0
o 20944 0
o 20653 0
o 20610 0
o 20486 0
o 20363 0
o 20320 0
o 19782 0
o 19758 0
o 19647 0
o 19503 0
o 18977 0
o 18939 0
o 18272 0
o 18239 0
o 17902 0
o 17861 0
o 17624 0
o 17358 0
o 17344 0
o 17332 0
o 17256 0
o 17234 0
o 17194 0
o 17143 0
o 16879 0
o 16827 0
o 16397 0
o 16130 0
o 15887 0
o 15826 0
o 15722 0
o 15485 0
o 15306 0
o 15226 0
o 15126 0
o 15019 0
o 14950 0
o 14816 0
o 14722 0
o 14320 0
o 13986 0
o 13692 0
o 13621 0
o 13567 0
o 13470 0
o 13437 0.01
o 13329 0.01
o 13102 0.01
o 13004 0.01
o 12869 0.01
o 12838 0.02
o 12824 0.02
o 12798 0.03
o 12388 0.03
o 12092 0.03
o 11981 0.03
o 11835 0.03
o 11767 0.12
o 11692 0.12
o 11636 0.12
o 11585 0.15
o 11545 0.15
o 11407 0.22
o 11056 0.22
o 10685 0.22
o 10372 0.22
ram_k3_n17.ra1
o 47226 0
o 44607 0
o 42101 0
o 40213 0
o 38707 0
o 36546 0
o 35289 0
o 34105 0
o 33157 0
o 32575 0
o 31475 0
o 30930 0
o 30143 0
o 28842 0
o 28147 0
o 27174 0
o 26645 0
o 25796 0
o 24977 0
o 24375 0
o 23860 0
o 23412 0
o 23205 0
o 22350 0
o 22069 0
o 21953 0
o 21427 0
o 20987 0
o 20806 0
o 20743 0
o 19862 0
o 19786 0
o 19746 0
o 19694 0
o 19584 0
o 19181 0
o 18997 0
o 18968 0
o 18790 0
o 18529 0
o 18031 0
o 17974 0
o 17607 0
o 17124 0
o 17056 0
o 16795 0
o 16539 0
o 16440 0
o 16105 0
o 15933 0
o 15859 0
o 15781 0
o 15186 0
o 15172 0
o 15153 0
o 15045 0
o 15035 0
o 14712 0
o 14385 0
o 14309 0
o 14293 0
o 14053 0
o 14015 0
o 13835 0
o 13586 0
o 13350 0
o 13218 0
o 13176 0
o 13086 0.01
o 12974 0.01
o 12956 0.03
o 12805 0.03
o 12774 0.03
o 12651 0.03
o 12478 0.03
o 12465 0.03
o 12239 0.03
o 12196 0.04
o 12081 0.04
o 11919 0.05
o 11837 0.05
o 11835 0.06
o 11829 0.07
o 11771 0.1
o 11717 0.1
o 11696 0.1
o 11689 0.1
o 11590 0.1
o 11329 0.1
o 11255 0.1
o 10937 0.11
o 10552 0.11
o 10490 0.11
o 10379 1.14
o 10372 2.26
ram_k3_n17.ra1
o 55306 0
o 51521 0
o 44436 0
o 42213 0
o 40248 0
o 37966 0
o 35893 0
o 34400 0
o 32822 0
o 30338 0
o 29605 0
o 28913 0
o 28302 0
o 27829 0
o 27267 0
o 27113 0
o 26023 0
o 25430 0
o 24673 0
o 23668 0
o 23481 0
o 23300 0
o 22635 0
o 22574 0
o 22311 0
o 22122 0
o 21630 0
o 21098 0
o 20856 0
o 20623 0
o 20621 0
o 20302 0
o 20115 0
o 20060 0
o 19951 0
o 19533 0
o 19415 0
o 19311 0
o 19017 0
o 18945 0
o 18851 0
o 18597 0
o 18234 0
o 18092 0
o 17577 0
o 17569 0
o 17381 0
o 17129 0
o 17014 0
o 16812 0
o 16394 0
o 15679 0
o 15492 0
o 15048 0
o 14714 0
o 14617 0
o 14576 0
o 14022 0
o 13670 0
o 13660 0
o 13567 0
o 13205 0
o 12923 0
o 12846 0.02
o 12552 0.02
o 12426 0.02
o 12424 0.02
o 12105 0.02
o 12031 0.02
o 11861 0.02
o 11745 0.05
o 11604 0.09
o 11564 0.14
o 11445 0.14
o 11304 0.14
o 11287 0.18
o 11277 0.18
o 11261 0.18
o 11251 0.18
o 11239 0.21
o 11107 0.21
o 10800 0.21
o 10756 0.37
o 10679 0.37
o 10667 0.8
o 10605 0.8
o 10490 0.8
o 10379 1.37
o 10372 1.37
ram_k3_n17.ra1
o 49164 0
o 45742 0
o 42423 0
o 38627 0
o 38539 0
o 36822 0
o 35008 0
o 33412 0
o 31956 0
o 30878 0
o 29886 0
o 29135 0
o 28541 0
o 27859 0
o 27099 0
o 26446 0
o 25915 0
o 25426 0
o 24940 0
o 23562 0
o 23056 0
o 22205 0
o 21615 0
o 21384 0
o 21244 0
o 21119 0
o 21051 0
o 20456 0
o 20443 0
o 20278 0
o 20229 0
o 20224 0
o 19809 0
o 19736 0
o 19030 0
o 18943 0
o 18938 0
o 18778 0
o 18725 0
o 18631 0
o 18136 0
o 17921 0
o 17759 0
o 17387 0
o 16646 0
o 15820 0
o 15594 0
o 15518 0
o 15513 0
o 15409 0
o 15010 0
o 14914 0
o 14709 0
o 14665 0
o 14172 0
o 14150 0
o 14012 0
o 13992 0
o 13824 0
o 13683 0
o 13672 0
o 13509 0
o 13224 0
o 13139 0.01
o 12920 0.01
o 12742 0.01
o 12647 0.01
o 12595 0.01
o 12532 0.03
o 12299 0.03
o 12093 0.03
o 11967 0.03
o 11933 0.04
o 11816 0.04
o 11769 0.05
o 11652 0.05
o 11421 0.05
o 11207 0.05
o 11162 0.17
o 10953 0.19
o 10839 0.19
o 10824 0.19
o 10662 0.36
o 10372 0.36
ram_k3_n17.ra1
o 48626 0
o 45019 0
o 40541 0
o 38293 0
o 36355 0
o 34545 0
o 33465 0
o 32437 0
o 31136 0
o 30274 0
o 29616 0
o 29088 0
o 28581 0
o 28122 0
o 27491 0
o 27148 0
o 25865 0
o 25312 0
o 24797 0
o 24697 0
o 24266 0
o 23898 0
o 23589 0
o 23052 0
o 22698 0
o 21813 0
o 21208 0
o 20747 0
o 20738 0
o 20608 0
o 19784 0
o 19372 0
o 19207 0
o 18277 0
o 18254 0
o 17507 0
o 17198 0
o 16509 0
o 16387 0
o 16241 0
o 16024 0
o 15737 0
o 15663 0
o 15562 0
o 15504 0
o 15366 0
o 15178 0
o 15043 0
o 14838 0
o 14546 0
o 13822 0
o 13723 0
o 13719 0
o 13467 0
o 13383 0
o 13297 0
o 12884 0
o 12874 0
o 12640 0
o 12612 0
o 12483 0
o 12102 0
o 12064 0.01
o 11719 0.01
o 11614 0.01
o 11569 0.01
o 11414 0.01
o 11301 0.03
o 11249 0.03
o 10905 0.04
o 10861 0.15
o 10824 0.18
o 10732 0.2
o 10577 0.21
o 10401 0.21
o 10379 0.21
o 10372 3.14
