role_smallcomp_0.85_4
o 520250 0
o 434716 0
o 427404 0
o 426620 0
o 424016 0
o 379027 0
o 378503 0
o 378499 0
o 376667 0
o 375883 0
o 375103 0
o 374583 0
o 373799 0
o 373283 0
o 372499 0
o 371723 0
o 371199 0
o 370939 0.02
o 370679 0.02
o 370419 0.02
o 370159 0.02
o 369899 58.09
o 369639 226.91
role_smallcomp_0.85_4
o 516590 0
o 474217 0
o 471609 0
o 376411 0
o 375891 0
o 375887 0
o 375367 0
o 374583 0
o 373799 0
o 372763 0
o 371983 0
o 371723 0
o 370679 0
o 370419 7.36
o 370159 18.29
o 369899 36.49
role_smallcomp_0.85_4
o 471085 0
o 469785 0
o 427924 0
o 427672 0
o 425060 0
o 384243 0
o 383459 0
o 378763 0
o 377979 0
o 377459 0
o 376675 0
o 376671 0
o 375891 0
o 375107 0
o 374323 0
o 374059 0
o 373799 0
o 373279 0
o 373027 0
o 372243 0
o 371459 0
o 370679 0
o 370159 0.01
o 369899 46.28
role_smallcomp_0.85_4
o 427404 0
o 426620 0
o 425836 0
o 425052 0
o 424268 0
o 423484 0
o 422700 0
o 379027 0
o 378763 0
o 377195 0
o 376927 0
o 376143 0
o 375623 0
o 374839 0
o 373799 0
o 373027 0
o 372243 0
o 371719 0
o 371459 0
o 371199 0.01
o 370939 0.01
o 370679 0.02
o 370419 6.71
o 370159 20.95
o 369899 138.6
role_smallcomp_0.85_4
o 519478 0
o 469785 0
o 426364 0
o 380583 0
o 379799 0
o 379795 0
o 374851 0
o 374587 0
o 373023 0
o 372239 0
o 371979 0
o 371199 0
o 370939 0
o 370679 0.01
o 370419 0.01
o 370159 11.96
o 369899 111.62
o 369639 281.09
role_smallcomp_0.85_4
o 565499 0
o 523122 0
o 428180 0
o 427924 0
o 427140 0
o 426356 0
o 425572 0
o 424268 0
o 375627 0
o 374843 0
o 374323 0
o 372759 0
o 372239 0
o 371979 0
o 371719 0
o 371459 0
o 371199 0
o 370679 0
o 370419 0
o 370159 4.26
o 369639 151.96
role_smallcomp_0.85_4
o 430028 0
o 428444 0
o 427136 0
o 426612 0
o 425052 0
o 374331 0
o 374059 0
o 373803 0
o 373019 0
o 371719 0
o 371459 0
o 371199 0
o 370679 0
o 370419 0.04
o 370159 61.42
role_smallcomp_0.85_4
o 565255 0
o 524686 0
o 523902 0
o 523118 0
o 427668 0
o 427144 0
o 426364 0
o 382151 0
o 380327 0
o 379543 0
o 378759 0
o 378755 0
o 377971 0
o 377191 0
o 376147 0
o 375887 0
o 375627 0
o 375103 0
o 374587 0
o 374063 0
o 373803 0
o 372499 0
o 372239 0
o 371983 0
o 371979 0
o 371719 0
o 371459 0
o 371199 0
o 370939 0
o 370679 0
o 370159 0
o 369899 22.54
role_smallcomp_0.85_4
o 424008 0
o 423480 0
o 373543 0
o 372759 0
o 371979 0
o 371719 0
o 371459 0
o 371199 0
o 370679 0.01
o 370159 0.01
o 369899 0.06
o 369639 291.36
role_smallcomp_0.85_4
o 427668 0
o 427400 0
o 378235 0
o 377195 0
o 376927 0
o 375887 0
o 374587 0
o 373543 0
o 373283 0
o 372759 0
o 372239 0
o 371979 0
o 371719 0
o 371459 0
o 370939 0
o 370679 1.29
o 370419 1.56
o 370159 2.67
o 369899 84.94
