role_university_0.15_8
o 198381 2.26
o 187920 3.11
o 177429 3.4
o 174989 3.66
o 163950 6.07
o 163930 6.08
o 133942 7.85
o 129575 7.86
o 121895 7.86
o 120102 7.86
o 116314 7.87
o 116034 7.87
o 115774 7.88
o 115734 7.88
o 115532 7.88
o 115315 7.96
o 114838 8.25
o 112935 8.27
o 112895 8.27
o 112875 8.27
o 112855 8.27
o 112835 8.27
o 112815 8.27
o 112795 8.27
o 112775 8.27
o 112755 8.27
o 111293 8.27
o 111273 8.28
o 111253 8.28
o 110769 8.28
o 110533 8.3
o 110513 8.3
o 110493 8.3
o 110255 12.62
o 109479 14.15
o 109291 14.32
o 108832 14.32
o 107933 14.32
o 107660 14.49
o 107245 14.53
o 106889 14.57
o 106867 14.57
o 106122 14.6
o 105722 14.62
o 104843 14.63
o 104740 20.9
o 104614 21.04
o 104056 21.04
o 103720 23.4
o 102821 23.4
o 102237 26.93
o 101338 26.94
o 101312 34.59
o 100873 34.6
o 100834 34.62
o 100438 43.82
o 100055 44.12
o 100035 44.13
o 99596 44.13
o 99260 44.63
o 99156 44.75
o 99136 44.89
o 98961 44.97
o 98636 46.97
o 98432 60.91
o 98192 61.08
o 98004 61.35
o 97982 61.35
role_university_0.15_8
o 203501 2.45
o 194963 3.09
o 194763 3.1
o 188323 4.04
o 186924 4.06
o 185578 4.84
o 183973 4.85
o 181570 6.1
o 167300 7.06
o 121648 10.18
o 116103 10.19
o 115217 10.29
o 114991 10.29
o 114351 10.29
o 113751 10.3
o 113591 10.3
o 113531 10.3
o 113119 10.33
o 112531 10.37
o 112511 10.37
o 112179 10.53
o 112139 10.53
o 112039 10.54
o 111999 10.54
o 111899 15.54
o 110663 15.82
o 110558 17.82
o 109763 18.55
o 108552 18.98
o 107992 19.08
o 107533 19.09
o 107370 22.19
o 106931 22.2
o 106254 25.92
o 105950 25.93
o 105151 26.29
o 104275 26.48
o 103836 26.48
o 103536 26.56
o 103358 26.59
o 103218 27.78
o 102779 27.83
o 102284 27.83
o 102034 35.23
o 101630 35.23
o 100951 35.24
o 100512 35.25
o 99991 54.07
o 99590 54.99
o 99308 55.52
o 98869 55.87
o 98776 56.02
o 98736 56.65
o 98561 57.1
o 98482 57.14
o 98043 57.17
o 98003 57.19
o 97903 57.66
o 97890 108.98
o 97730 109.1
role_university_0.15_8
o 196914 2.34
o 193361 3
o 193341 3
o 185703 3.51
o 178332 4.2
o 173700 5.78
o 173162 6.65
o 172889 7.37
o 159468 7.5
o 159306 7.5
o 154977 7.5
o 128335 7.58
o 119514 7.59
o 118752 7.59
o 111847 7.6
o 111687 7.6
o 111680 7.84
o 111660 7.84
o 111640 7.84
o 111620 7.84
o 111600 7.84
o 111580 7.84
o 111560 7.84
o 111540 7.84
o 111419 7.84
o 111160 7.86
o 111120 7.86
o 111060 7.86
o 111040 7.86
o 110932 7.86
o 110740 7.86
o 110720 7.86
o 110680 7.86
o 110601 12.81
o 110480 13.33
o 109241 13.33
o 108142 13.71
o 107762 13.77
o 107700 13.85
o 106621 14.21
o 106421 14.27
o 106361 14.33
o 105122 14.33
o 104403 14.34
o 104183 21.04
o 104099 21.05
o 103059 21.07
o 102368 23.52
o 101850 30.86
o 101731 31.12
o 101499 35.28
o 101101 35.34
o 99741 35.34
o 99581 35.38
o 99357 35.39
o 98703 51.12
o 98479 51.12
o 98392 54.02
o 98122 54.88
o 97982 54.97
o 97971 242
role_university_0.15_8
o 202208 2.32
o 196678 3.04
o 179001 3.56
o 169094 5.53
o 127382 6.7
o 124176 6.7
o 120663 6.71
o 120641 6.71
o 115592 6.72
o 114166 6.73
o 113345 6.73
o 113340 6.75
o 113320 6.75
o 113300 6.75
o 113280 6.75
o 113260 6.75
o 112048 7.13
o 112000 7.65
o 111917 10.43
o 110538 10.43
o 109383 10.44
o 109159 10.44
o 107920 10.45
o 107386 18.91
o 106980 19.22
o 106930 19.23
o 106759 19.25
o 105968 19.35
o 105946 19.35
o 105924 19.35
o 105902 19.35
o 105860 19.35
o 105741 20.09
o 105566 20.61
o 104905 20.89
o 104592 21.34
o 104422 21.76
o 104158 21.76
o 103890 22.3
o 103648 22.32
o 103198 22.49
o 102990 22.6
o 102590 22.7
o 102490 22.77
o 102326 33.78
o 102306 33.82
o 102156 34
o 102134 34.01
o 101886 34.01
o 101597 34.29
o 101251 36.93
o 101051 36.95
o 100985 39.4
o 100152 42.17
o 99473 42.25
o 99453 42.27
o 99201 42.35
o 98566 42.42
o 98527 42.43
o 98461 43.65
o 98237 43.68
o 98219 91.31
o 97950 92.18
role_university_0.15_8
o 206618 2.24
o 200762 2.75
o 198430 3.02
o 195773 3.42
o 195753 3.42
o 184591 3.54
o 181724 3.78
o 181715 6.34
o 179423 6.56
o 177898 6.56
o 177812 7.58
o 177049 8.04
o 175548 8.04
o 125812 8.3
o 125106 8.31
o 117870 8.34
o 117830 8.34
o 117157 8.38
o 117135 8.38
o 116992 8.39
o 115152 8.5
o 113803 8.5
o 113203 8.51
o 113183 8.51
o 112101 8.57
o 112081 8.57
o 112061 8.57
o 112041 8.57
o 112021 8.57
o 112001 8.57
o 111981 8.57
o 111961 8.57
o 111519 8.59
o 111297 8.59
o 110993 8.59
o 110873 8.59
o 110853 8.59
o 110833 8.59
o 110280 9.01
o 109459 15.08
o 109449 15.33
o 109341 15.34
o 109263 15.59
o 108742 15.59
o 107863 15.59
o 106624 15.59
o 105433 20.93
o 105314 22.16
o 104959 22.2
o 104160 22.26
o 104015 22.27
o 103846 23.18
o 103562 23.79
o 102744 23.8
o 102539 24.5
o 101860 24.5
o 101784 35.52
o 101566 35.65
o 101007 36.3
o 100928 36.31
o 100867 36.32
o 100336 40.34
o 99897 40.44
o 99478 41.69
o 98799 41.7
o 98360 41.72
o 98246 137.94
o 98206 137.97
o 98167 211.21
o 98147 211.42
o 97897 226.78
o 97875 226.78
o 97854 237.25
o 97794 240.08
role_university_0.15_8
o 194029 2.56
o 190510 3.64
o 186154 3.89
o 181405 4.4
o 180004 4.42
o 174445 5.19
o 174425 5.19
o 171606 7.6
o 170105 7.6
o 169310 8.8
o 130749 8.85
o 130729 8.85
o 124362 8.86
o 123055 8.89
o 122915 8.89
o 121474 8.89
o 121454 8.9
o 121434 8.9
o 121414 8.9
o 121394 8.9
o 121374 8.9
o 121354 8.9
o 120576 8.9
o 119226 8.9
o 119206 8.9
o 119186 8.9
o 119166 8.9
o 118701 8.91
o 118681 8.91
o 118661 8.91
o 118321 8.92
o 117179 8.93
o 116699 8.93
o 116539 8.93
o 116479 8.93
o 116364 8.98
o 116340 8.98
o 116220 8.98
o 116200 8.98
o 114899 8.98
o 114799 8.98
o 113440 8.98
o 111941 8.99
o 111480 9
o 111454 9
o 110859 9.67
o 110662 14.96
o 109283 14.99
o 108604 14.99
o 108088 15.09
o 107924 15.16
o 107249 15.2
o 107189 15.21
o 107169 15.21
o 107005 15.21
o 106663 18.46
o 106224 18.46
o 105908 21.55
o 105604 21.56
o 105585 21.73
o 105425 21.77
o 105422 21.78
o 105217 24.43
o 104729 25.24
o 103850 25.27
o 103274 25.6
o 103255 25.61
o 102595 25.61
o 102397 25.64
o 101896 25.64
o 101784 28.28
o 101140 45.28
o 100740 45.3
o 100276 45.89
o 100052 45.9
o 99833 46.33
o 99799 49.4
o 99715 49.41
o 99016 49.43
o 98937 49.57
o 98830 63.33
o 98618 63.41
o 98258 66.7
o 97907 66.73
role_university_0.15_8
o 198288 3.27
o 194701 4.84
o 194681 4.85
o 193772 5.01
o 192537 5.01
o 192349 5.02
o 190780 5.24
o 188188 5.61
o 176869 6.55
o 175791 8.35
o 164194 12.11
o 158568 13.41
o 120277 13.45
o 118938 13.45
o 118918 13.45
o 118276 13.46
o 118256 13.46
o 117922 13.48
o 117602 13.48
o 117502 13.49
o 117362 13.49
o 117242 13.49
o 117138 13.51
o 117118 13.51
o 116646 13.53
o 115527 13.54
o 115363 13.54
o 115303 13.54
o 115283 13.54
o 115263 13.54
o 114063 13.54
o 114043 13.54
o 113983 13.55
o 113670 13.56
o 112611 13.57
o 111852 13.58
o 110370 13.59
o 110350 13.59
o 108228 13.61
o 107968 13.62
o 107948 13.62
o 107928 13.62
o 107908 13.62
o 107888 13.62
o 107868 13.62
o 107848 13.62
o 107828 13.62
o 107808 13.62
o 107788 13.62
o 107404 24.57
o 107041 26.53
o 106707 26.56
o 106125 30.58
o 105166 31.28
o 104943 31.41
o 104359 31.59
o 103720 31.8
o 103132 32.37
o 101962 33.25
o 101878 33.25
o 99332 77.7
o 99248 77.73
o 99123 93.61
o 98963 93.89
o 98903 94.11
o 98744 95.27
o 98722 95.29
o 98271 103.8
o 98209 103.87
o 98149 103.87
o 98070 105.13
o 97952 238.02
o 97812 238.31
o 97773 242.35
o 97729 243.73
role_university_0.15_8
o 206495 2.79
o 189522 3.28
o 189502 3.28
o 176473 3.96
o 176092 4.2
o 176070 4.2
o 176048 4.2
o 168037 4.42
o 167997 4.42
o 161872 5.44
o 158060 5.47
o 127862 8.23
o 126403 8.23
o 121796 8.23
o 114232 8.24
o 113127 8.29
o 113023 8.3
o 113003 8.3
o 112983 8.3
o 111704 8.3
o 111695 8.91
o 111675 8.91
o 111655 8.91
o 111635 8.91
o 111615 8.91
o 111533 8.92
o 111429 8.92
o 110392 8.92
o 110374 8.93
o 109709 14.11
o 108330 14.12
o 107385 18.08
o 106661 18.58
o 105627 19.5
o 105564 19.63
o 104325 19.63
o 103846 19.66
o 103546 22.91
o 102871 22.92
o 102476 27.12
o 102178 27.16
o 102038 27.18
o 101584 28.8
o 101545 28.83
o 100922 36.73
o 100741 41.75
o 100673 49.45
o 100589 49.52
o 100569 49.53
o 100397 51.76
o 100048 52.46
o 99226 52.99
o 98732 55.84
o 98616 55.92
o 98594 55.93
o 98572 55.93
o 98550 55.93
o 98508 55.93
o 98196 55.95
o 98058 173.71
o 98019 173.89
o 97836 197.54
o 97673 270.06
o 97670 270.61
o 97648 270.65
o 97626 270.76
o 97604 270.82
o 97420 270.82
o 97401 271.65
role_university_0.15_8
o 194189 1.9
o 193994 2.27
o 184158 2.84
o 182661 3.02
o 178042 3.24
o 176178 5.21
o 173367 6.01
o 171926 6.01
o 125583 6.03
o 124124 6.03
o 123362 6.04
o 122320 6.04
o 119460 6.04
o 119300 6.04
o 119036 6.04
o 118934 6.05
o 118438 6.06
o 118366 6.09
o 118340 6.1
o 118158 6.1
o 118138 6.1
o 118118 6.1
o 118098 6.1
o 116779 6.1
o 116005 6.13
o 115925 6.13
o 115905 6.13
o 115485 6.13
o 115465 6.13
o 115445 6.13
o 115425 6.13
o 115405 6.13
o 115325 6.13
o 114903 6.13
o 114883 6.13
o 114739 6.14
o 114492 6.14
o 114304 6.15
o 114104 6.15
o 114044 6.15
o 114028 6.21
o 113966 6.21
o 113802 6.21
o 113557 6.22
o 112692 6.53
o 112286 6.56
o 111839 10.53
o 111659 11.38
o 110360 11.39
o 109141 11.41
o 107940 12.4
o 106701 12.43
o 106678 17.29
o 106260 17.34
o 106036 17.35
o 105535 17.35
o 105507 17.81
o 105029 17.9
o 104350 17.92
o 104228 18.4
o 104093 18.71
o 103612 18.74
o 103320 18.94
o 102641 18.95
o 101762 18.95
o 101721 31.41
o 100822 31.5
o 100774 31.56
o 100754 31.58
o 100075 31.58
o 99631 45.17
o 99172 45.18
o 99006 45.25
o 98852 45.31
o 98748 45.33
o 98687 46.28
o 98644 48
o 98570 48.18
o 98509 59.69
o 98449 60.81
o 98193 62.28
o 98053 62.48
o 97885 62.85
o 97836 64.83
o 97793 64.93
o 97782 273.01
role_university_0.15_8
o 198975 1.86
o 178733 4
o 178615 4.02
o 168104 4.21
o 166667 4.21
o 131122 5.95
o 117008 5.97
o 115949 5.97
o 114608 5.97
o 114218 5.98
o 113960 6.2
o 112697 6.59
o 112657 6.59
o 111418 6.59
o 110723 6.62
o 109883 7.56
o 109504 9.49
o 109499 9.52
o 109201 11.36
o 108482 11.57
o 107500 13.1
o 107318 13.1
o 106588 13.52
o 106358 15.98
o 105804 16.02
o 105517 17.09
o 105217 17.12
o 104778 17.16
o 104733 17.34
o 103654 17.35
o 102775 17.35
o 101896 17.39
o 101643 22.27
o 101380 29.69
o 101156 29.69
o 101096 29.71
o 101080 30.51
o 101040 30.55
o 101028 30.56
o 100006 36.51
o 99925 36.52
o 99381 37.55
o 99080 37.8
o 98641 37.81
o 98636 37.94
o 98597 37.97
o 98158 37.98
o 97738 38.2
