Rounded_BTWBNSL_hailfinder_10000_1_3.scores_TWBound_4
o 65953698825 0.46
o 63652346117 0.48
o 62630780817 0.49
o 62477840660 1.04
o 62476945160 1.04
o 62386278200 1.71
o 62382685100 1.71
o 62365151700 1.71
o 62211268582 2.64
o 62100696242 2.64
o 61808113342 2.64
o 61576675590 2.93
o 61531099690 2.93
o 61484825190 2.94
o 61376982390 2.94
o 61287096260 3
o 61279667200 3.05
o 60645660690 3.11
o 60532325204 4.11
o 60526198904 4.11
o 60431489004 4.12
o 60161385668 21.3
o 60099498568 21.3
o 59975843968 21.33
o 58609499968 21.33
o 58362815008 21.36
o 58095857608 21.36
o 57603760458 21.36
o 57524171958 21.36
o 57496824958 21.36
o 57107380614 21.36
o 56958232464 21.37
o 56955573454 22.77
o 56813219924 22.96
o 56754708724 22.96
o 55692728698 22.96
o 55285219418 22.96
o 55234633950 28.38
o 55085968980 28.38
o 55083171580 28.38
o 55045076180 28.38
o 54625679364 30.17
o 54044732435 38.73
o 54044284235 38.73
o 54021630825 38.74
o 53725621532 71.11
o 53720068332 71.11
o 53556841192 71.14
o 53440101156 89.24
o 53186899486 112.73
o 52950398986 112.73
o 52862075916 112.73
o 52805723616 112.73
o 52780704436 112.76
o 52656233436 112.76
o 52445874906 112.76
o 52366831356 112.76
o 52365124136 112.76
o 52300179936 112.76
o 52257991936 112.76
o 52256007036 112.76
o 52138322306 112.76
o 52117645066 112.76
o 52107531916 112.76
o 52096773816 112.76
o 52067952316 112.76
Rounded_BTWBNSL_hailfinder_10000_1_3.scores_TWBound_4
o 61451800493 0.42
o 61385857997 0.42
o 61382261897 0.42
o 61380848497 0.42
o 60506121050 0.5
o 60405083318 0.54
o 60305069418 0.54
o 60260387192 0.8
o 60201937835 0.93
o 57385598125 17.02
o 56546171395 17.02
o 56363995995 17.02
o 56312677895 17.02
o 56299275195 17.02
o 56286250795 17.02
o 55705120095 17.03
o 55637371095 17.03
o 55636382395 17.03
o 55634009195 17.03
o 55598882045 17.03
o 55564500145 17.03
o 55531479845 17.04
o 55211496851 17.08
o 55205156751 17.08
o 55194988351 17.08
o 55118974641 17.1
o 55074735631 17.36
o 55065250611 17.36
o 54736560131 18.12
o 54727968231 18.12
o 54635347831 18.12
o 54420561551 18.12
o 54226325151 18.13
o 53915944811 18.13
o 53901008411 18.13
o 53786487241 18.13
o 53747656115 18.15
o 53731905185 18.15
o 53582764225 18.15
o 53581242525 18.15
o 53166107925 18.15
o 52988018375 145.68
o 52966510825 145.68
o 52607338625 145.68
o 52562716875 145.68
o 52421896075 145.68
o 52421320115 145.68
o 52413321915 145.68
o 52411285615 145.68
Rounded_BTWBNSL_hailfinder_10000_1_3.scores_TWBound_4
o 58551492585 0.47
o 57847312824 15.74
o 57687389824 15.74
o 57580762454 15.79
o 57580484654 15.79
o 56022948975 17.03
o 55955398875 17.03
o 55675263825 17.08
o 55672776225 17.09
o 55509921461 19.08
o 55446428061 19.09
o 55445420561 19.09
o 55373435261 19.09
o 55286740321 19.24
o 55131887521 19.24
o 55131865467 19.24
o 55054408301 27.52
o 55053171401 27.52
o 54974203401 27.52
o 54973628701 27.52
o 54870587761 27.54
o 54227824961 27.54
o 53985153771 90.42
o 53970921171 90.42
o 53779642241 90.42
o 53723975841 90.45
o 53722939641 90.45
o 53709119361 90.46
o 53502182961 90.47
o 53402342735 90.47
o 53380471595 90.47
o 53324119295 90.47
o 53300132195 90.47
o 53290513405 90.47
o 53144316755 90.51
o 53006840805 90.51
o 52999272805 90.51
o 52960668735 185.65
Rounded_BTWBNSL_hailfinder_10000_1_3.scores_TWBound_4
o 62541301184 0.49
o 62411116154 0.71
o 62109029704 0.71
o 61715787104 0.71
o 59386332036 0.77
o 59385671936 0.77
o 58563447889 2.16
o 57358513521 21.51
o 57068955621 21.51
o 56818374321 21.51
o 56241308121 21.51
o 56241292371 21.51
o 56025017071 21.51
o 56001550221 21.53
o 55530051621 21.53
o 55527330981 21.57
o 55511186781 21.57
o 55025646081 21.59
o 54988033281 21.59
o 54986446847 23.86
o 54929072607 23.89
o 54702009537 23.89
o 54697102237 23.89
o 54513170837 23.89
o 54272032237 23.89
o 54199365587 23.89
o 54179217397 24.29
o 54164913197 24.29
o 53978407708 59.12
o 53971608308 59.12
o 53929420308 59.12
o 53878367708 59.17
o 53666516158 59.17
o 53665847058 59.17
o 53487595392 238.31
o 53373525292 238.36
o 53356668892 238.36
Rounded_BTWBNSL_hailfinder_10000_1_3.scores_TWBound_4
o 60846789671 0.46
o 60130486698 0.75
o 59929266577 21.67
o 59635647477 21.67
o 59274986577 21.67
o 58624441437 21.67
o 58602874467 21.68
o 58126226907 21.71
o 58087773507 21.73
o 57819397047 21.75
o 57638640227 21.75
o 57244320227 21.75
o 56764157161 22.53
o 56745771011 22.59
o 56613205445 26.48
o 56588903695 26.49
o 56558405495 26.49
o 55884546799 26.49
o 54995753191 47.27
o 54856715591 47.27
o 54786939241 47.27
o 54764284181 47.29
o 54749979981 47.29
o 54711884581 47.29
o 54209185181 47.29
o 54128503817 88.75
o 54063544017 88.75
o 53702482711 127.31
o 53698002981 127.31
o 53680793431 127.31
o 53680393231 127.31
o 53668088561 127.32
o 53515180811 127.32
o 53515092432 127.32
o 53326763992 127.32
o 53326325292 127.32
Rounded_BTWBNSL_hailfinder_10000_1_3.scores_TWBound_4
o 63808125029 0.43
o 62571929820 0.47
o 62222557780 0.47
o 61990240810 0.48
o 61941225080 0.48
o 61848448630 0.51
o 61736695800 0.51
o 59977130154 0.52
o 59976320354 0.55
o 59951318864 4.38
o 58701071516 6.18
o 58447181856 6.19
o 58443642656 6.19
o 58443242456 6.19
o 57788839114 20.7
o 57478972214 20.7
o 57474791064 26.63
o 57089994994 26.63
o 56924108494 26.63
o 56859801911 28.65
o 56093873601 28.65
o 56000451901 28.65
o 55443352641 28.66
o 55287205941 28.66
o 55121319441 28.66
o 54905752241 28.66
o 54869380621 54.97
o 54363898711 54.97
o 54324005482 56.53
o 54317245055 56.61
o 54091203765 56.61
o 54046752735 56.61
o 53815678635 56.77
o 53566467635 56.77
o 53421323745 56.77
o 53420073645 56.77
o 53068404185 56.85
o 53031371961 162.35
o 52357513265 162.35
o 52268175765 162.35
o 52267848892 162.35
Rounded_BTWBNSL_hailfinder_10000_1_3.scores_TWBound_4
o 59021830701 0.48
o 57869051407 21.09
o 57786793407 21.11
o 56780405530 24.05
o 56103831470 24.06
o 55586447471 31.61
o 55553615671 31.61
o 55512568524 45.96
o 55408709924 45.96
o 55222895894 67.51
o 55203566654 67.51
o 55194974754 67.51
o 55111910554 67.52
o 54693492571 71.13
o 54509142584 72.72
o 54498895984 72.72
o 54490811984 72.72
o 54229421684 72.73
o 54229381364 72.73
o 54088061464 72.73
o 54081884264 72.73
o 53992588964 72.73
o 53835858327 72.73
o 53419536341 73.74
o 53377784241 73.74
o 53357073241 73.74
Rounded_BTWBNSL_hailfinder_10000_1_3.scores_TWBound_4
o 61676160700 0.52
o 60534459161 0.65
o 59969154437 0.85
o 59969038337 0.85
o 59941412307 0.86
o 59841396907 0.86
o 57958660611 25.21
o 57011774011 25.24
o 56839894511 25.24
o 56278106311 25.24
o 56063634056 26.48
o 55801238156 26.48
o 55178303896 26.48
o 55008539796 26.49
o 54978452596 26.49
o 54963236896 26.49
o 54747633936 26.49
o 54734904300 47.32
o 54467372100 47.32
o 54459595100 47.32
o 54449676300 47.32
o 54387369900 47.33
o 54227502107 47.33
o 54184566147 47.33
o 54183889747 47.33
o 54183651347 47.33
o 54169730447 47.34
o 54077391201 47.34
o 54077350881 47.34
o 53702550452 59.29
o 53681665152 59.29
o 53655972822 59.29
o 53654273322 59.29
o 53510579631 87.1
o 53504066231 87.1
o 53486100921 87.1
o 52608229325 87.35
o 52607692375 87.35
Rounded_BTWBNSL_hailfinder_10000_1_3.scores_TWBound_4
o 61078613114 0.46
o 60986384575 0.95
o 60652012075 0.95
o 60651120875 0.95
o 60601480025 0.96
o 60238300725 0.97
o 60171936241 4.89
o 59988069531 4.9
o 59970753381 4.9
o 59953835081 4.9
o 58414754693 24.04
o 57780694393 24.04
o 57282144693 24.04
o 56646653973 24.07
o 56270394273 24.07
o 55743416423 24.1
o 55667098552 27.18
o 55393074452 27.18
o 55328114652 27.18
o 54284369326 27.2
o 54129700426 27.2
o 53712642026 27.2
o 53463674672 110.61
o 53453059372 110.61
o 53367938900 110.76
o 53335573361 110.81
o 53330807021 110.82
o 52725287781 111
Rounded_BTWBNSL_hailfinder_10000_1_3.scores_TWBound_4
o 58360120552 0.41
o 57474323002 17.85
o 57061845802 17.85
o 56955526652 17.85
o 56895548252 17.86
o 56844061252 17.86
o 56703240452 17.86
o 56633306042 17.86
o 56537728342 17.86
o 56384029942 17.86
o 55794158309 21.97
o 55568218625 23.99
o 55518781241 26.36
o 55498259351 26.36
o 55485696751 26.37
o 55394374951 26.37
o 54690448208 41.43
o 54459096171 76.75
o 54119069401 76.75
o 54084399601 76.75
o 54043948001 76.75
o 54043467331 76.75
o 54037858324 137.89
o 53926925705 167.88
o 53758438194 172.85
o 53738086784 172.85
o 53075949218 172.85
o 53062974788 172.85
o 52813105761 293.7
o 52713265535 293.7
o 52706660935 293.7
o 52706136285 293.7
o 52652585305 293.71
