Rounded_BTWBNSL_Housing_TWBound_2
o 432137983 0.01
o 428662540 0.01
o 428293703 0.01
o 417687737 0.02
o 399201146 0.02
o 391999396 0.03
o 391984859 0.03
o 391914536 0.03
o 390710258 0.06
o 378243962 0.12
o 375340976 0.12
o 374347747 0.12
o 374219037 0.12
o 372517599 0.61
o 372323353 0.61
o 364688690 0.78
o 364247976 0.78
o 361776985 0.86
o 359404254 4.99
o 356193658 5
o 355466054 5.03
o 355408766 9.41
o 350465938 9.41
o 348844946 9.41
o 347410087 9.41
o 347191110 9.41
o 345046893 93.55
o 343152229 93.56
o 343137301 163.15
o 342461916 163.15
o 342311687 240.96
Rounded_BTWBNSL_Housing_TWBound_2
o 425257460 0.01
o 421618310 0.02
o 416913898 0.02
o 410921194 0.02
o 401303915 0.02
o 379117294 0.03
o 376316182 0.03
o 370040604 0.04
o 356610560 5
o 355637417 5.01
o 355433198 5.01
o 352496627 5.01
o 351497188 5.02
o 349505566 5.02
o 349353397 15.08
o 348872012 15.08
o 348047953 19.95
o 347770922 57.13
o 347388077 90.76
o 347283727 101.21
o 345389063 101.21
o 344021273 175
o 343492752 220.44
o 343165921 254.1
Rounded_BTWBNSL_Housing_TWBound_2
o 389211888 0.01
o 383399045 0.12
o 379204990 0.52
o 379046953 0.52
o 372583374 0.52
o 372223740 1.1
o 367795236 1.23
o 366585472 1.23
o 363803489 1.24
o 360333473 5.79
o 360060907 5.79
o 355250711 5.79
o 355113098 5.8
o 354875118 5.8
o 354686662 5.8
o 352727548 5.8
o 351422813 5.8
o 348971026 14.61
o 348075921 14.63
o 346529295 27.39
o 346406275 27.39
o 343979297 45.36
o 342977144 150.36
o 342753706 150.37
o 340475450 232.38
o 339885521 232.38
o 339640515 232.38
Rounded_BTWBNSL_Housing_TWBound_2
o 429595974 0.01
o 412332945 0.01
o 408913304 0.01
o 408285692 0.01
o 404725453 0.01
o 404560489 0.02
o 397627972 0.02
o 382918241 0.02
o 382584189 0.02
o 382092467 0.27
o 376881854 0.29
o 376163570 0.29
o 375942644 0.29
o 366298455 0.29
o 364490752 0.29
o 362848294 5.21
o 358575579 5.21
o 355828331 5.21
o 344370931 5.21
o 344179909 5.21
o 343248027 5.21
o 343013876 10.03
o 342878997 87.72
o 342397612 87.72
o 341922573 87.72
o 341636233 87.72
o 341262207 160.37
Rounded_BTWBNSL_Housing_TWBound_2
o 424355614 0.02
o 422528089 0.02
o 412107851 0.04
o 411637554 0.04
o 407047268 0.04
o 406678431 0.04
o 392717995 0.04
o 375679119 0.06
o 374842080 0.38
o 371126941 0.38
o 370338015 0.38
o 363852796 1.5
o 355454836 5.96
o 352341509 6
o 351029020 10.63
o 350837998 10.63
o 350058141 15.44
o 349890041 40.29
o 348875792 40.29
o 346683262 98.73
o 346348110 98.73
o 344660979 98.73
o 344368519 98.73
Rounded_BTWBNSL_Housing_TWBound_2
o 384430031 0.01
o 371337868 0.1
o 368971707 0.11
o 367473135 0.11
o 365838757 0.21
o 365489476 0.21
o 365023788 0.83
o 362968586 5.77
o 359450856 5.78
o 358944650 5.78
o 358652190 5.78
o 357967174 5.78
o 356898892 6
o 355348651 6.04
o 353372604 6.04
o 352740278 11.55
o 350780123 11.55
o 349907917 11.55
o 348575266 32.31
o 346037460 32.31
o 345606487 32.31
o 344364069 56.88
o 344344383 169.37
o 343708742 231.77
o 341974728 231.77
o 339552133 231.77
Rounded_BTWBNSL_Housing_TWBound_2
o 406822197 0.01
o 406798083 0.02
o 402969355 0.02
o 399730695 0.03
o 382063704 0.03
o 379297994 0.03
o 378771173 0.11
o 378469494 0.11
o 372623899 0.35
o 371042624 0.35
o 370914749 0.35
o 370477721 0.35
o 370104030 0.35
o 368718301 0.35
o 368329643 0.69
o 368110666 0.69
o 367996818 0.69
o 365197519 0.72
o 364418909 1.02
o 354943707 5.6
o 354462791 5.6
o 354319463 5.6
o 353918092 10.39
o 353266827 15.32
o 352754170 15.32
o 351826180 15.33
o 350870859 15.33
o 350566815 24.95
o 350347039 24.95
o 349355240 49.64
o 349164218 49.64
o 348918874 49.65
o 346549302 49.74
o 346068386 49.74
o 345712919 49.74
o 343086595 49.74
o 340439282 154.68
Rounded_BTWBNSL_Housing_TWBound_2
o 445545445 0.01
o 440271616 0.01
o 438660823 0.01
o 414460728 0.02
o 410744718 0.02
o 393371598 0.02
o 391511244 0.03
o 391320222 0.03
o 383073489 0.05
o 382896374 0.05
o 378613402 0.05
o 378543147 0.05
o 377012360 0.05
o 371932500 0.18
o 361742006 0.18
o 358577211 0.18
o 351974758 5.12
o 346306287 5.12
o 343199047 5.12
Rounded_BTWBNSL_Housing_TWBound_2
o 428093059 0.01
o 414328575 0.02
o 411333075 0.03
o 401855515 0.03
o 400399531 0.06
o 394526621 0.06
o 390730626 0.06
o 390574985 0.11
o 385593616 0.11
o 385283754 0.11
o 382670980 0.11
o 382183220 0.12
o 378463080 0.12
o 378362038 0.12
o 376335246 0.12
o 376243277 0.57
o 376229801 0.69
o 375642500 0.69
o 373390376 0.78
o 373255116 0.91
o 365084761 1.28
o 358270575 5.54
o 357633110 5.55
o 356219831 5.55
o 355317852 5.55
o 355025392 5.55
o 354012031 5.55
o 352663934 5.57
o 351708612 5.57
o 349685095 14.44
o 349280088 27.89
o 349248867 28.33
o 346231501 37.24
o 346073234 63.98
o 345348981 63.98
o 344559800 63.98
o 344048547 104.31
o 341625952 104.31
Rounded_BTWBNSL_Housing_TWBound_2
o 391610661 0.02
o 384478106 0.02
o 383487098 0.03
o 371876174 0.03
o 370576910 0.04
o 369833573 0.09
o 362797986 0.1
o 360950945 4.77
o 356248986 4.78
o 355793808 4.82
o 354118243 9.58
o 351761858 9.69
o 350889652 9.69
o 347782412 9.69
o 347518278 9.69
o 347489952 9.69
o 345882756 14.49
o 345721880 14.49
o 344704844 249.33
