vio.role_university_violations_0.2_7
o 229579 1.88
o 222459 2.39
o 222440 2.39
o 219738 2.94
o 219719 2.94
o 210076 3.22
o 202766 3.4
o 199473 4.67
o 197791 5.06
o 197768 5.08
o 195785 6
o 146507 6.92
o 146297 7.01
o 146278 7.01
o 146259 7.01
o 146240 7.01
o 146202 7.01
o 145300 7.03
o 145060 7.03
o 144853 7.04
o 142919 7.04
o 142746 7.04
o 142535 7.04
o 142497 7.04
o 142478 7.04
o 142459 7.04
o 142440 7.04
o 142421 7.04
o 142402 7.04
o 142383 7.04
o 142364 7.04
o 142345 7.04
o 142326 7.05
o 142307 7.05
o 142269 7.05
o 142250 7.05
o 140391 7.92
o 139608 7.92
o 138566 12.11
o 138391 12.12
o 137287 12.8
o 137135 12.81
o 137019 12.82
o 135793 14.23
o 135694 14.23
o 135253 14.23
o 135124 14.24
o 134683 14.26
o 133019 14.26
o 132939 14.27
o 132380 15.97
o 131168 15.97
o 130603 19.74
o 130513 20.11
o 130467 20.91
o 129468 20.92
o 129236 21.12
o 128959 21.13
o 128465 21.15
o 128462 27.64
o 128198 32.06
o 127989 32.06
o 127150 32.14
o 127131 32.17
o 126998 32.2
o 126542 32.64
o 126050 32.84
o 125334 33.11
o 124589 33.12
o 123769 41.95
o 123408 42.04
o 123218 42.1
o 122913 42.32
o 122495 42.43
o 122051 52.26
o 121941 52.3
o 121698 52.49
o 121584 52.54
o 121260 52.6
o 121203 52.62
o 120561 52.63
o 120485 52.66
o 120428 52.68
o 120150 52.69
o 120070 52.69
o 119982 53.3
o 119868 53.31
o 119849 53.32
o 119785 70.86
o 119572 70.89
o 119553 71.06
o 118968 71.09
o 118672 140.8
o 118533 152.17
o 118512 152.18
o 118491 152.2
o 117979 172.09
o 117958 172.09
o 117774 177.07
o 117753 177.4
vio.role_university_violations_0.2_7
o 212809 2.26
o 210993 3.64
o 206390 3.85
o 202898 4.3
o 199079 4.67
o 197596 4.85
o 195612 7.71
o 190235 7.74
o 190140 7.74
o 185841 7.75
o 184536 7.75
o 183870 7.76
o 161644 7.9
o 161625 7.9
o 161324 7.9
o 160024 7.91
o 149079 7.92
o 148148 7.93
o 148129 7.93
o 148110 7.93
o 148091 7.93
o 146144 7.97
o 146125 7.97
o 146106 7.97
o 144873 8.01
o 143380 8.21
o 141769 8.21
o 141558 8.22
o 141463 8.22
o 141425 8.22
o 141406 8.22
o 141209 9.1
o 141129 9.1
o 140511 9.12
o 140471 9.12
o 140414 9.12
o 139454 11.74
o 139407 13.56
o 139307 13.58
o 137768 13.59
o 135460 13.6
o 135439 13.61
o 135418 13.61
o 135277 13.61
o 134897 13.64
o 134479 13.73
o 133587 17.36
o 132428 17.36
o 131717 19.69
o 131660 19.8
o 130452 19.83
o 130243 19.84
o 129978 20.71
o 129802 24.54
o 129004 24.64
o 127792 24.64
o 127418 34.23
o 126187 34.23
o 125165 34.27
o 123953 34.29
o 123843 45.3
o 123786 45.32
o 123649 45.32
o 122916 45.33
o 122475 45.34
o 122224 45.34
o 122140 45.45
o 122119 45.47
o 122060 45.48
o 121892 50.63
o 121871 50.64
o 121757 50.65
o 121726 50.92
o 121583 52.59
o 121560 52.82
o 121184 53.12
o 121143 57.94
o 121063 57.95
o 120478 58
o 120349 74.88
o 120273 74.9
o 120136 74.91
o 120071 74.95
o 120052 74.95
o 119976 75.01
o 119461 86.35
o 118790 89.14
o 118135 89.63
o 118051 89.65
o 118030 89.72
vio.role_university_violations_0.2_7
o 217212 2.62
o 192098 4.1
o 192079 4.1
o 191557 9.48
o 190186 10.2
o 189996 10.25
o 189945 10.41
o 183796 10.42
o 148380 10.56
o 145832 10.6
o 145810 10.68
o 145752 10.78
o 145733 10.78
o 144446 11.22
o 142597 11.23
o 142233 11.69
o 141940 12.82
o 139987 12.82
o 139751 12.84
o 139732 12.84
o 139711 20.64
o 139560 21.16
o 139150 21.2
o 137454 22.19
o 137096 22.23
o 136993 22.23
o 136733 23.84
o 136543 23.85
o 135122 23.85
o 133458 24.17
o 132856 24.17
o 132835 24.17
o 132265 25.77
o 131311 27.69
o 131182 27.73
o 129757 27.86
o 128961 34.95
o 128866 34.95
o 127202 36.03
o 126421 45.38
o 126058 45.56
o 126001 45.57
o 125716 45.62
o 125542 47.65
o 125061 47.93
o 124459 47.95
o 124438 47.97
o 124149 53.23
o 123981 53.72
o 123384 56.68
o 123193 56.7
o 122606 62.5
o 122526 62.5
o 122507 62.69
o 122369 63.71
o 121385 63.84
o 121057 71.86
o 121032 95.49
o 121013 95.52
o 121002 99.58
o 120981 99.58
o 120960 99.58
o 120844 99.58
o 120745 99.6
o 120707 99.67
o 120703 99.8
o 120623 99.81
o 120566 99.85
o 120186 101.59
o 120125 101.67
o 119881 121.74
o 119714 139.92
o 119693 139.93
o 119607 140.01
o 119498 140.71
o 119155 142.64
o 119134 142.66
o 118996 142.88
o 118909 143.07
vio.role_university_violations_0.2_7
o 222876 1.89
o 216103 3.3
o 215751 3.41
o 209225 3.83
o 205106 3.84
o 205085 3.84
o 201875 3.92
o 200782 5.76
o 199953 5.77
o 196486 5.87
o 171370 6.87
o 169892 6.87
o 169816 6.88
o 164963 6.88
o 162237 6.9
o 159321 6.95
o 159169 6.95
o 159098 6.96
o 156734 6.96
o 156677 6.96
o 156544 6.96
o 156525 6.96
o 156506 6.96
o 156487 6.96
o 156468 6.96
o 156449 6.96
o 156430 6.96
o 156411 6.96
o 156392 6.96
o 156373 6.96
o 156354 6.96
o 156335 6.96
o 156316 6.96
o 156297 6.96
o 156278 6.96
o 156259 6.96
o 156240 6.96
o 156221 6.96
o 156202 6.96
o 156183 6.96
o 156164 6.96
o 156145 6.96
o 156126 6.96
o 156107 6.96
o 156088 6.96
o 156069 6.96
o 155493 6.98
o 155472 6.98
o 155451 6.98
o 155394 6.98
o 155375 6.98
o 154875 6.99
o 153196 7
o 153177 7
o 153158 7
o 153139 7
o 151887 7.02
o 151868 7.02
o 151741 7.03
o 151174 7.04
o 151117 7.04
o 150215 7.05
o 147946 7.05
o 147794 7.05
o 147714 7.05
o 146982 7.08
o 146904 7.08
o 145048 7.09
o 144968 7.09
o 143767 7.22
o 143750 7.23
o 143731 7.23
o 143712 7.23
o 143693 7.23
o 143674 7.23
o 143655 7.23
o 143636 7.23
o 143140 7.24
o 140404 7.24
o 139978 7.24
o 136549 7.25
o 136469 7.25
o 136103 18.58
o 135635 18.62
o 135422 18.62
o 134452 18.72
o 133850 18.77
o 133829 18.78
o 133756 20.3
o 132012 20.3
o 131982 20.35
o 131522 20.35
o 131080 20.38
o 129659 20.38
o 129317 20.39
o 129280 23.16
o 128867 29.92
o 128481 34.65
o 128268 34.68
o 127117 34.7
o 127026 34.7
o 126968 36.34
o 125918 36.96
o 125782 40.33
o 124802 40.68
o 124118 42.09
o 124099 42.1
o 124061 42.12
o 123448 44.05
o 122217 44.05
o 121615 44.1
o 121594 44.1
o 121000 49.82
o 120779 50.02
o 120775 50.14
o 120586 50.18
o 120476 161.97
o 120128 164.59
o 119373 168.32
o 118866 168.34
o 118845 168.34
o 118794 168.66
o 118694 169.67
o 118433 169.69
vio.role_university_violations_0.2_7
o 232805 1.73
o 218496 2.4
o 199845 2.91
o 199824 2.91
o 162111 7.44
o 146491 7.45
o 146472 7.46
o 146453 7.46
o 146434 7.46
o 146415 7.46
o 146396 7.46
o 146381 7.48
o 146084 7.48
o 145970 7.89
o 144623 7.97
o 143655 7.97
o 143442 7.98
o 141418 8.08
o 141220 8.09
o 141125 8.09
o 140916 8.09
o 140644 8.09
o 140511 8.09
o 140492 8.09
o 140414 8.09
o 139735 13.03
o 138490 14.83
o 138419 15.14
o 138362 15.15
o 137764 15.59
o 137175 16.13
o 137044 16.25
o 137023 16.27
o 136823 16.77
o 135451 17.22
o 135238 17.24
o 135181 17.25
o 134434 17.84
o 133141 18.37
o 132685 20.53
o 132426 20.58
o 130682 20.58
o 130644 20.58
o 129870 25.58
o 129695 25.59
o 129466 28.15
o 128271 34.93
o 128215 35.96
o 127299 36.06
o 126910 36.23
o 126872 36.36
o 126678 36.36
o 126625 36.82
o 125394 36.85
o 124866 36.89
o 124552 43.84
o 123423 44.13
o 122781 44.13
o 122563 44.38
o 121215 48.34
o 120952 61.26
o 120843 66.65
o 120765 66.65
o 120731 66.72
o 120696 67.72
o 120380 67.92
o 120359 67.92
o 120264 67.93
o 120105 86.59
o 120025 86.59
o 119942 86.85
o 119729 86.85
o 119672 86.89
o 119165 86.95
o 119144 86.95
o 118186 87.47
o 118165 87.47
o 118144 87.47
vio.role_university_violations_0.2_7
o 218140 2.75
o 202345 3.91
o 201617 4.55
o 198533 5.13
o 197431 5.93
o 194482 7.22
o 192392 7.23
o 181421 9.36
o 156160 9.97
o 156141 9.97
o 156122 9.97
o 156103 9.97
o 156084 9.97
o 152905 9.99
o 149461 10
o 148855 10.06
o 148836 10.06
o 148817 10.06
o 144567 10.49
o 144553 10.5
o 144534 10.5
o 144515 10.5
o 144496 10.5
o 144477 10.5
o 144458 10.5
o 144439 10.5
o 144420 10.5
o 144401 10.5
o 144382 10.5
o 144363 10.5
o 144142 10.86
o 143870 11.08
o 143851 11.08
o 143107 11.2
o 143031 11.2
o 142674 11.21
o 142217 13.87
o 141595 15.74
o 141559 17.78
o 141038 17.79
o 139275 17.79
o 137873 17.83
o 136661 17.83
o 136452 17.83
o 136091 17.85
o 134632 17.85
o 133932 25.02
o 132230 25.06
o 132017 25.07
o 131197 25.7
o 129988 27.72
o 129969 27.73
o 129061 27.79
o 129016 27.84
o 128995 27.85
o 128974 27.85
o 128762 32.87
o 128120 32.88
o 127985 45.11
o 127928 45.13
o 126925 45.13
o 126474 45.14
o 125832 45.16
o 125612 45.4
o 125536 45.4
o 125422 45.62
o 125403 45.75
o 125384 45.78
o 125338 46.38
o 125197 46.39
o 124992 46.43
o 123438 46.45
o 122956 51.45
o 122344 65.62
o 122249 65.68
o 121816 65.76
o 121193 65.76
o 120868 68.27
o 120556 68.79
o 120518 68.87
o 120500 69.67
o 120420 70.02
o 120363 70.02
o 120234 70.05
o 120119 89.81
o 120047 90.39
o 119785 90.88
o 119344 90.97
o 118805 91.42
o 118767 91.59
o 118737 91.98
vio.role_university_violations_0.2_7
o 222981 2.5
o 217573 4.22
o 209244 4.81
o 209185 4.81
o 208718 4.98
o 205102 6.16
o 199457 6.46
o 189677 8.67
o 160803 8.84
o 154051 8.87
o 154002 8.87
o 153565 8.88
o 153546 8.88
o 153527 8.88
o 153500 8.88
o 153403 8.88
o 151460 8.89
o 151444 8.9
o 150523 8.91
o 149066 8.92
o 149047 8.92
o 148456 8.92
o 148437 8.92
o 148418 8.92
o 148399 8.92
o 146729 8.93
o 146463 8.93
o 146311 8.93
o 146083 8.94
o 146026 9.08
o 145162 9.11
o 143722 9.12
o 143680 9.13
o 143661 9.13
o 143642 9.13
o 143623 9.13
o 143604 9.13
o 143547 9.13
o 142544 9.13
o 142487 9.13
o 142297 9.13
o 142278 9.13
o 140477 9.13
o 139075 9.13
o 138978 9.13
o 138805 12.18
o 138784 12.18
o 138710 14.87
o 138689 14.87
o 137435 14.89
o 137082 15.54
o 137061 15.55
o 136453 15.71
o 135902 15.75
o 135785 18.78
o 134444 18.81
o 132645 19.34
o 132332 20.48
o 132237 21.14
o 131174 21.55
o 129512 22.46
o 129151 35
o 129035 37.97
o 128393 37.98
o 127200 38.04
o 126402 38.06
o 125912 38.07
o 125000 38.07
o 124907 38.1
o 124886 38.11
o 124743 38.11
o 124324 38.69
o 124186 38.83
o 123745 38.86
o 123689 49
o 123476 49.01
o 123458 49.36
o 123437 49.38
o 123416 49.38
o 123395 49.38
o 123334 49.38
o 122893 49.56
o 122075 49.65
o 121981 53.78
o 121652 58.17
o 121542 58.18
o 121523 58.21
o 121350 58.47
o 121190 58.54
o 120821 58.56
o 120812 58.58
o 120538 117.58
o 119915 117.82
o 119801 117.83
o 119721 117.83
o 119178 118.37
o 118821 120.23
o 118814 121.15
o 118793 121.15
o 118687 121.34
o 118666 121.45
o 118518 135.64
o 118408 138.74
o 118279 139.56
o 118258 139.79
o 118237 139.89
o 118180 139.89
o 117925 149.53
vio.role_university_violations_0.2_7
o 227095 2.4
o 217657 3.15
o 206009 3.69
o 205990 3.69
o 200133 5.14
o 196370 7.03
o 194899 7.06
o 194880 7.06
o 184523 7.97
o 182630 8.27
o 151575 8.33
o 149040 8.34
o 149002 8.34
o 148299 8.34
o 148298 8.35
o 148279 8.36
o 148260 8.36
o 148241 8.36
o 148222 8.36
o 148203 8.36
o 148184 8.36
o 148165 8.36
o 146898 8.91
o 146802 8.95
o 145840 8.95
o 144492 8.96
o 144378 8.96
o 143558 9.34
o 142939 9.45
o 142008 9.45
o 141733 9.5
o 141476 12.14
o 141189 15.81
o 139445 15.81
o 138976 15.82
o 138955 15.82
o 138574 16.84
o 137022 16.86
o 136944 16.87
o 136874 16.95
o 135629 17.08
o 134691 22.65
o 134448 27.24
o 133027 27.27
o 131929 28.11
o 131908 28.11
o 131737 29.67
o 131604 29.7
o 131194 30.9
o 131156 30.91
o 130684 30.93
o 130574 31.42
o 129001 31.42
o 127895 39.41
o 127014 49.21
o 126904 49.22
o 125934 50.58
o 125824 50.61
o 125799 51.67
o 124378 51.68
o 124268 51.68
o 123147 51.72
o 123037 51.73
o 122979 52.72
o 122960 52.72
o 122941 52.83
o 122789 52.86
o 122177 67.13
o 122156 67.13
o 122008 68.47
o 121922 68.87
o 121808 69.15
o 121675 69.81
o 121622 70.2
o 121400 70.56
o 121379 70.56
o 121358 70.56
o 121337 70.56
o 121316 70.56
o 120920 70.57
o 120642 70.6
o 120496 78.01
o 120433 78.18
o 120376 78.34
o 120038 206.21
o 119218 267.41
o 119174 267.43
o 118816 272.22
o 118538 272.33
o 118256 281.08
vio.role_university_violations_0.2_7
o 214418 2.43
o 214399 2.43
o 214380 2.43
o 211708 4.54
o 211700 4.54
o 205856 4.94
o 203863 4.94
o 199175 5.57
o 199135 5.57
o 199078 5.57
o 198415 5.81
o 197730 6.27
o 194088 6.27
o 194036 7.23
o 193474 7.91
o 163018 8.29
o 157017 8.3
o 152848 8.31
o 148658 8.32
o 146724 8.32
o 145517 8.33
o 144944 8.41
o 143067 8.41
o 141969 8.42
o 141851 8.42
o 141832 8.42
o 141813 8.42
o 141794 8.42
o 141699 8.42
o 141414 8.42
o 140882 8.44
o 140844 8.44
o 140094 9.77
o 139520 14.91
o 139499 14.91
o 139480 14.91
o 139024 15.98
o 137178 15.99
o 135898 15.99
o 135783 18.14
o 134740 21.81
o 133874 25.24
o 132890 25.28
o 132847 26.49
o 132807 26.49
o 132735 26.55
o 132476 26.61
o 130675 26.63
o 129561 30.63
o 129305 32.07
o 129176 32.09
o 128656 32.27
o 128219 32.32
o 127729 32.39
o 126842 37.82
o 125440 37.82
o 125311 37.82
o 125145 40.24
o 125124 40.57
o 124501 40.73
o 124314 45.54
o 124032 50.08
o 123819 50.08
o 122835 50.1
o 122727 55.6
o 122697 55.61
o 122182 55.65
o 122072 55.69
o 122046 73.49
o 122027 73.53
o 121811 74.15
o 121742 74.68
o 121651 74.71
o 121299 77.78
o 121037 77.89
o 120473 77.9
o 120452 77.9
o 120433 78.1
o 120199 78.73
o 120178 78.88
o 119683 81.95
o 119662 81.96
o 119595 87.04
o 119443 87.15
o 119000 95.4
o 118979 95.4
o 118904 95.45
o 118883 95.45
vio.role_university_violations_0.2_7
o 216444 2.77
o 214333 3.97
o 212849 3.97
o 210523 4.49
o 210091 4.93
o 208883 4.97
o 203395 5.05
o 201260 6.81
o 200610 7.04
o 199834 7.08
o 185072 7.98
o 156788 8.88
o 156769 8.88
o 156750 8.88
o 156009 8.88
o 155952 8.88
o 155933 8.88
o 155914 8.88
o 155895 8.88
o 148967 8.9
o 148795 8.92
o 148776 8.92
o 145645 9.01
o 145121 9.03
o 142957 9.03
o 142727 9.03
o 142632 9.03
o 142594 9.04
o 142461 9.04
o 142442 9.04
o 141290 9.4
o 140382 9.41
o 139189 9.41
o 138000 9.42
o 136416 9.66
o 135708 20.2
o 135689 20.2
o 134123 20.2
o 134081 20.21
o 133640 20.24
o 131896 20.25
o 131875 20.28
o 131742 25.61
o 131417 26.21
o 131069 26.22
o 131057 26.71
o 129845 26.81
o 129618 26.94
o 128406 26.95
o 128029 27.89
o 127989 27.91
o 127404 27.95
o 126877 29.11
o 126488 40.78
o 125728 44.8
o 124552 45.51
o 124531 45.51
o 124143 47.75
o 124124 47.8
o 123593 49.94
o 123442 52.71
o 122396 53.73
o 122339 53.75
o 122303 54.41
o 122152 54.56
o 121376 54.75
o 121357 54.78
o 120715 54.81
o 120624 54.82
o 120277 68.1
o 120148 68.16
o 120080 77.62
o 120044 77.66
o 120006 77.69
o 119892 77.72
o 119782 77.79
o 119702 77.79
o 118829 94.71
o 118658 94.73
o 118620 94.78
o 118582 94.84
o 118544 95.02
o 118521 150.83
o 118500 150.87
o 118432 152.27
o 118411 152.27
o 118365 166.03
o 118346 166.03
o 118110 166.21
o 118034 166.21
