wcn.titanic_train_8_CNF_5_10
o 3326 0.01
o 2877 0.01
o 2827 0.01
o 2691 0.04
o 2561 0.04
o 2533 0.04
o 2455 0.04
o 2445 0.04
o 2413 0.05
o 2387 0.19
o 2368 0.24
o 2348 0.24
o 2338 0.26
o 2328 0.26
o 2309 0.26
o 2301 0.29
o 2300 0.3
o 2280 1.44
o 2270 1.44
o 2269 1.45
o 2267 4.69
o 2257 4.69
o 2248 14.33
o 2247 14.33
o 2240 21.58
o 2238 168.12
o 2228 168.12
o 2221 178.67
wcn.titanic_train_8_CNF_5_10
o 5688 0.01
o 5687 0.01
o 3931 0.01
o 3921 0.01
o 2746 0.01
o 2706 0.01
o 2623 0.03
o 2613 0.03
o 2603 0.03
o 2593 0.03
o 2583 0.03
o 2553 0.03
o 2543 0.03
o 2533 0.03
o 2523 0.03
o 2513 0.03
o 2453 0.03
o 2443 0.03
o 2432 0.03
o 2323 0.03
o 2314 0.03
o 2298 0.22
o 2297 0.22
o 2258 2.13
o 2250 4.63
o 2247 56.08
o 2243 67.51
o 2242 67.51
o 2240 70.07
o 2230 70.07
o 2220 70.07
o 2210 70.07
wcn.titanic_train_8_CNF_5_10
o 3502 0.01
o 3411 0.01
o 3401 0.01
o 2817 0.01
o 2807 0.01
o 2566 0.01
o 2414 0.03
o 2402 0.03
o 2393 0.06
o 2303 0.06
o 2253 0.06
o 2250 0.23
o 2249 0.23
o 2239 0.23
o 2238 0.23
o 2228 61.16
o 2220 299.01
wcn.titanic_train_8_CNF_5_10
o 5125 0.02
o 3017 0.02
o 2836 0.02
o 2665 0.02
o 2656 0.02
o 2646 0.02
o 2636 0.02
o 2626 0.02
o 2465 0.02
o 2440 0.07
o 2351 0.07
o 2332 0.11
o 2323 0.15
o 2316 0.2
o 2315 0.2
o 2295 0.2
o 2285 0.2
o 2275 0.2
o 2268 0.98
o 2265 1.66
o 2255 12.15
o 2248 24.14
o 2239 42.53
o 2230 42.56
o 2229 251.73
wcn.titanic_train_8_CNF_5_10
o 4290 0.01
o 3070 0.01
o 2636 0.01
o 2635 0.01
o 2557 0.01
o 2517 0.02
o 2486 0.04
o 2447 0.04
o 2390 0.04
o 2379 0.09
o 2375 0.09
o 2372 0.25
o 2362 0.25
o 2352 0.25
o 2342 0.25
o 2332 0.25
o 2322 0.25
o 2312 0.25
o 2302 0.25
o 2292 0.25
o 2289 0.35
o 2283 1.2
o 2280 1.21
o 2279 1.21
o 2276 2.37
o 2272 4.61
o 2261 5.99
o 2251 5.99
o 2241 5.99
o 2239 25.44
o 2229 25.44
o 2224 35.08
o 2219 239.92
wcn.titanic_train_8_CNF_5_10
o 3637 0.01
o 2851 0.01
o 2821 0.01
o 2811 0.01
o 2448 0.02
o 2421 0.05
o 2401 0.05
o 2400 0.05
o 2363 0.05
o 2361 0.23
o 2360 0.23
o 2330 0.23
o 2329 0.23
o 2320 0.23
o 2310 0.23
o 2309 0.23
o 2276 0.23
o 2266 0.23
o 2258 4.8
o 2250 15.82
o 2247 16.28
o 2243 93.41
o 2240 114.97
o 2238 127.55
o 2221 141.73
wcn.titanic_train_8_CNF_5_10
o 4925 0.02
o 2877 0.02
o 2857 0.03
o 2568 0.03
o 2553 0.03
o 2543 0.03
o 2541 0.03
o 2531 0.03
o 2509 0.04
o 2483 0.04
o 2481 0.04
o 2423 0.05
o 2353 0.05
o 2350 0.09
o 2347 0.09
o 2345 0.1
o 2343 0.1
o 2340 0.21
o 2331 0.28
o 2321 0.28
o 2311 0.28
o 2292 0.29
o 2278 0.3
o 2268 0.3
o 2258 4.85
o 2248 4.85
o 2238 4.85
o 2236 81.66
o 2233 95.69
o 2231 203.36
o 2221 203.36
wcn.titanic_train_8_CNF_5_10
o 2985 0.01
o 2757 0.01
o 2647 0.01
o 2396 0.04
o 2349 0.06
o 2308 0.06
o 2307 0.06
o 2241 0.22
o 2240 0.22
o 2239 88.39
o 2238 88.42
o 2230 287.6
wcn.titanic_train_8_CNF_5_10
o 2673 0.01
o 2671 0.02
o 2513 0.03
o 2503 0.03
o 2493 0.03
o 2483 0.03
o 2473 0.03
o 2463 0.03
o 2453 0.03
o 2407 0.03
o 2360 0.11
o 2327 0.27
o 2324 0.28
o 2314 0.28
o 2303 0.28
o 2302 0.28
o 2301 0.29
o 2291 0.29
o 2288 0.45
o 2278 0.45
o 2268 0.45
o 2266 5.75
o 2236 5.75
o 2231 273.5
wcn.titanic_train_8_CNF_5_10
o 3081 0.05
o 2994 0.07
o 2984 0.07
o 2974 0.07
o 2885 0.12
o 2851 0.13
o 2680 0.13
o 2578 0.13
o 2465 0.13
o 2365 0.13
o 2353 0.26
o 2327 0.5
o 2317 0.51
o 2308 0.51
o 2299 0.88
o 2288 0.88
o 2287 1.37
o 2277 1.4
o 2269 20.24
o 2268 20.24
o 2264 29.57
o 2258 31.27
o 2248 31.27
o 2223 66.46
