abstraction-refinement-downcast-pmd
o 21129 28.63
o 4387 29.86
o 4386 29.88
o 4385 29.88
o 4384 29.89
o 4383 29.89
o 4382 29.9
o 4381 29.9
o 4380 29.91
o 4379 29.91
o 4378 29.92
o 4377 29.92
o 4376 29.92
o 4375 29.93
o 4374 29.93
o 4373 29.94
o 4372 29.94
o 4371 29.95
o 4370 29.95
o 4369 29.96
o 4368 29.96
o 4367 29.97
o 4366 29.98
o 4365 29.98
o 4364 29.99
o 4363 30
o 4362 30
o 4361 30
o 4360 30.01
o 4359 30.01
o 4358 30.02
o 4357 30.02
o 4356 30.03
o 4355 30.03
o 4354 30.04
o 4353 30.04
o 4352 30.05
o 4351 30.05
o 4350 30.06
o 4349 30.06
o 4348 30.07
o 4347 30.07
o 4346 30.08
o 4345 30.08
o 4344 30.09
o 4343 30.09
o 4342 30.1
o 4341 30.1
o 4340 30.11
o 4339 30.11
o 4338 30.12
o 4337 30.12
o 4336 30.13
o 4335 30.14
o 4334 30.14
o 4333 30.14
o 4332 30.15
o 4331 30.16
o 4330 30.16
o 4329 30.18
o 4328 30.18
o 4327 30.19
o 4326 30.21
o 4325 30.21
o 4324 30.22
o 4323 30.22
o 4322 30.23
o 4321 30.24
o 4320 30.27
o 4319 30.28
o 4318 30.28
o 4317 30.29
o 4316 30.65
o 4315 30.66
o 4314 30.67
o 4313 30.83
o 4312 30.85
o 4311 30.86
o 4310 30.86
o 4309 30.87
o 4308 30.88
o 4307 50.92
o 4306 50.92
o 4305 50.93
o 4304 50.94
o 4303 50.95
o 4302 122.69
o 4301 122.71
o 4300 122.72
o 4299 122.72
o 4298 122.73
o 4297 122.73
o 4296 194.5
o 4295 194.5
o 4294 194.51
o 4293 194.52
o 4292 194.52
abstraction-refinement-downcast-pmd
o 25346 37.62
o 4418 38.97
o 4417 38.99
o 4416 38.99
o 4415 39
o 4414 39.01
o 4413 39.01
o 4412 39.02
o 4411 39.02
o 4410 39.03
o 4409 39.04
o 4408 39.04
o 4407 39.05
o 4406 39.06
o 4405 39.06
o 4404 39.07
o 4403 39.08
o 4402 39.08
o 4401 39.09
o 4400 39.1
o 4399 39.1
o 4398 39.12
o 4397 39.12
o 4396 39.13
o 4395 39.14
o 4394 39.15
o 4393 39.16
o 4392 39.16
o 4391 39.17
o 4390 39.18
o 4389 39.18
o 4388 39.19
o 4387 39.19
o 4386 39.2
o 4385 39.21
o 4384 39.21
o 4383 39.22
o 4382 39.23
o 4381 39.23
o 4380 39.24
o 4379 39.25
o 4378 39.25
o 4377 39.26
o 4376 39.27
o 4375 39.27
o 4374 39.28
o 4373 39.29
o 4372 39.3
o 4371 39.31
o 4370 39.31
o 4369 39.32
o 4368 39.33
o 4367 39.33
o 4366 39.34
o 4365 39.35
o 4364 39.36
o 4363 39.36
o 4362 39.37
o 4361 39.38
o 4360 39.38
o 4359 39.39
o 4358 39.4
o 4357 39.41
o 4356 39.41
o 4355 39.42
o 4354 39.43
o 4353 39.44
o 4352 39.44
o 4351 39.45
o 4350 39.46
o 4349 39.46
o 4348 39.47
o 4347 39.47
o 4346 39.48
o 4345 39.49
o 4344 39.49
o 4343 39.5
o 4342 39.51
o 4341 39.51
o 4340 39.52
o 4339 39.53
o 4338 39.53
o 4337 39.54
o 4336 39.55
o 4335 39.55
o 4334 39.56
o 4333 39.57
o 4332 39.57
o 4331 39.59
o 4330 39.59
o 4329 39.6
o 4328 39.61
o 4327 39.61
o 4326 39.62
o 4325 39.63
o 4324 39.63
o 4323 39.64
o 4322 39.64
o 4321 39.65
o 4320 39.66
o 4319 39.66
o 4318 39.67
o 4317 39.68
o 4316 39.68
o 4315 39.69
o 4314 39.7
o 4313 39.7
o 4312 39.71
o 4311 39.72
o 4310 39.72
o 4308 40.47
o 4307 63.34
o 4306 63.36
o 4305 63.37
o 4304 63.37
o 4303 63.38
o 4302 63.39
o 4301 63.39
o 4300 63.4
o 4299 63.41
o 4298 63.41
o 4297 63.42
o 4296 63.43
o 4295 63.46
o 4294 63.47
o 4293 63.47
o 4292 63.48
o 4291 63.48
o 4290 63.49
abstraction-refinement-downcast-pmd
o 12776 33.2
o 4406 34.55
o 4405 34.56
o 4404 34.57
o 4403 34.57
o 4402 34.58
o 4401 34.59
o 4400 34.59
o 4399 34.6
o 4398 34.61
o 4397 34.61
o 4396 34.62
o 4395 34.62
o 4394 34.63
o 4393 34.64
o 4392 34.64
o 4391 34.65
o 4390 34.66
o 4389 34.66
o 4388 34.67
o 4387 34.67
o 4386 34.68
o 4385 34.69
o 4384 34.69
o 4383 34.7
o 4382 34.7
o 4381 34.71
o 4380 34.71
o 4379 34.72
o 4378 34.73
o 4377 34.74
o 4376 34.74
o 4375 34.75
o 4374 34.75
o 4373 34.76
o 4372 34.77
o 4371 34.77
o 4370 34.78
o 4369 34.78
o 4368 34.79
o 4367 34.8
o 4366 34.81
o 4365 34.81
o 4364 34.82
o 4363 34.82
o 4362 34.83
o 4361 34.84
o 4360 34.84
o 4359 34.85
o 4358 34.86
o 4357 34.86
o 4356 34.87
o 4355 34.88
o 4354 34.88
o 4353 34.89
o 4352 34.9
o 4351 34.9
o 4350 34.91
o 4349 34.92
o 4348 34.92
o 4347 34.93
o 4346 34.94
o 4345 34.94
o 4344 34.95
o 4343 34.96
o 4342 34.97
o 4341 34.98
o 4340 34.99
o 4339 34.99
o 4338 35
o 4337 35.01
o 4336 35.01
o 4335 35.02
o 4334 35.04
o 4333 35.05
o 4332 35.05
o 4331 35.06
o 4330 35.07
o 4329 35.08
o 4328 35.08
o 4327 35.09
o 4326 35.1
o 4325 35.11
o 4324 35.11
o 4323 35.12
o 4322 35.13
o 4321 35.13
o 4320 35.14
o 4319 35.15
o 4318 35.15
o 4317 35.16
o 4316 35.16
o 4315 35.17
o 4314 35.17
o 4313 35.18
o 4312 35.19
o 4311 35.2
o 4310 35.37
o 4309 35.38
o 4308 35.39
o 4306 35.54
o 4305 35.55
o 4304 35.97
o 4303 35.98
o 4302 35.99
o 4301 109.83
o 4300 109.84
o 4299 156.71
o 4298 178.39
o 4297 178.4
o 4296 262.83
o 4295 262.84
o 4294 262.84
o 4293 262.85
o 4292 262.86
o 4291 262.86
abstraction-refinement-downcast-pmd
o 12790 48.91
o 4420 51.67
o 4419 51.73
o 4418 51.74
o 4417 51.75
o 4416 51.76
o 4415 51.77
o 4414 51.78
o 4413 51.79
o 4412 51.8
o 4411 51.81
o 4410 51.82
o 4409 51.83
o 4408 51.84
o 4407 51.85
o 4406 51.86
o 4405 51.87
o 4404 51.88
o 4403 51.89
o 4402 51.9
o 4401 51.91
o 4400 51.92
o 4399 51.93
o 4398 51.94
o 4397 51.96
o 4396 51.97
o 4395 51.98
o 4394 51.99
o 4393 52
o 4392 52.01
o 4391 52.02
o 4390 52.03
o 4389 52.04
o 4388 52.05
o 4387 52.06
o 4386 52.07
o 4385 52.08
o 4384 52.09
o 4383 52.1
o 4382 52.11
o 4381 52.12
o 4380 52.12
o 4379 52.13
o 4378 52.14
o 4377 52.16
o 4376 52.17
o 4375 52.18
o 4374 52.19
o 4373 52.2
o 4372 52.21
o 4371 52.22
o 4370 52.24
o 4369 52.25
o 4368 52.26
o 4367 52.27
o 4366 52.28
o 4365 52.3
o 4364 52.31
o 4363 52.31
o 4362 52.32
o 4361 52.33
o 4360 52.34
o 4359 52.35
o 4358 52.36
o 4357 52.37
o 4356 52.38
o 4355 52.39
o 4354 52.41
o 4353 52.42
o 4352 52.43
o 4351 52.45
o 4350 52.46
o 4349 52.47
o 4348 52.48
o 4347 52.49
o 4346 52.5
o 4345 52.51
o 4344 52.52
o 4343 52.53
o 4342 52.54
o 4341 52.55
o 4340 52.56
o 4339 52.57
o 4338 52.58
o 4337 52.59
o 4336 52.6
o 4335 52.61
o 4334 52.62
o 4333 52.64
o 4332 52.64
o 4331 52.66
o 4330 52.66
o 4329 52.68
o 4328 52.71
o 4327 52.73
o 4326 52.74
o 4325 52.75
o 4324 52.76
o 4323 52.77
o 4322 52.79
o 4321 52.8
o 4320 52.8
o 4319 52.81
o 4318 52.82
o 4317 52.83
o 4316 52.84
o 4315 52.96
o 4314 53.21
o 4313 53.22
o 4312 53.57
o 4311 53.61
o 4310 53.62
o 4309 53.63
o 4308 53.64
o 4307 53.67
o 4306 83.88
o 4305 83.89
o 4304 83.9
o 4303 83.91
o 4302 83.92
o 4301 84.1
o 4300 84.13
o 4299 84.13
o 4298 84.14
o 4297 84.15
abstraction-refinement-downcast-pmd
o 25326 48.31
o 4398 50.15
o 4397 50.16
o 4396 50.17
o 4395 50.18
o 4394 50.19
o 4393 50.2
o 4392 50.21
o 4391 50.21
o 4390 50.22
o 4389 50.23
o 4388 50.24
o 4387 50.24
o 4386 50.25
o 4385 50.26
o 4384 50.27
o 4383 50.29
o 4382 50.3
o 4381 50.31
o 4380 50.32
o 4379 50.32
o 4378 50.33
o 4377 50.34
o 4376 50.35
o 4375 50.36
o 4374 50.37
o 4373 50.38
o 4372 50.39
o 4371 50.4
o 4370 50.41
o 4369 50.42
o 4368 50.42
o 4367 50.43
o 4366 50.44
o 4365 50.45
o 4364 50.46
o 4363 50.47
o 4362 50.48
o 4361 50.49
o 4360 50.54
o 4359 50.55
o 4358 50.56
o 4357 50.57
o 4356 50.58
o 4355 50.59
o 4354 50.6
o 4353 50.61
o 4352 50.62
o 4351 50.63
o 4350 50.64
o 4349 50.67
o 4348 50.68
o 4347 50.69
o 4346 50.7
o 4345 50.71
o 4344 50.72
o 4343 50.73
o 4342 50.74
o 4341 50.75
o 4340 50.76
o 4339 50.77
o 4338 50.78
o 4337 50.79
o 4336 50.8
o 4335 50.81
o 4334 50.82
o 4333 50.83
o 4332 50.84
o 4331 50.85
o 4330 50.87
o 4329 50.88
o 4328 50.89
o 4327 50.9
o 4326 50.91
o 4325 50.92
o 4324 50.93
o 4323 50.94
o 4322 50.94
o 4321 50.96
o 4320 50.96
o 4319 51.06
o 4318 51.07
o 4317 51.08
o 4316 51.09
o 4315 51.1
o 4314 51.12
o 4313 51.45
o 4312 51.5
o 4311 51.51
o 4310 51.52
o 4309 51.53
o 4308 51.54
o 4307 51.54
o 4306 51.55
o 4305 82.91
o 4304 83
o 4303 83.02
o 4302 83.04
o 4301 143.71
o 4300 143.73
abstraction-refinement-downcast-pmd
o 4398 72.92
o 4397 75.94
o 4396 75.96
o 4395 75.97
o 4394 75.99
o 4393 76
o 4392 76.01
o 4391 76.03
o 4390 76.04
o 4389 76.05
o 4388 76.07
o 4387 76.1
o 4386 76.11
o 4385 76.13
o 4384 76.16
o 4383 76.17
o 4382 76.18
o 4381 76.2
o 4380 76.21
o 4379 76.23
o 4378 76.24
o 4377 76.26
o 4376 76.28
o 4375 76.29
o 4374 76.31
o 4373 76.32
o 4372 76.33
o 4371 76.35
o 4370 76.36
o 4369 76.38
o 4368 76.4
o 4367 76.41
o 4366 76.43
o 4365 76.44
o 4364 76.46
o 4363 76.48
o 4362 76.49
o 4361 76.51
o 4360 76.52
o 4359 76.53
o 4358 76.56
o 4357 76.58
o 4356 76.59
o 4355 76.6
o 4354 76.62
o 4353 76.63
o 4352 76.65
o 4351 76.66
o 4350 76.68
o 4349 76.7
o 4348 76.71
o 4347 76.72
o 4346 76.74
o 4345 76.75
o 4344 76.77
o 4343 76.78
o 4342 76.8
o 4341 76.82
o 4340 76.83
o 4339 76.84
o 4338 76.86
o 4337 76.87
o 4336 76.88
o 4335 76.9
o 4334 76.97
o 4333 76.98
o 4332 76.99
o 4331 77.01
o 4330 77.02
o 4329 77.04
o 4328 77.06
o 4327 77.41
o 4326 77.53
o 4325 77.55
o 4324 77.57
o 4323 77.59
o 4322 77.61
o 4321 77.63
o 4320 77.64
o 4319 77.66
o 4318 77.69
o 4317 77.7
o 4316 77.71
o 4315 77.73
o 4314 77.74
o 4313 77.75
o 4312 77.77
o 4310 78.07
o 4309 78.1
o 4308 78.11
o 4307 78.13
o 4306 78.14
o 4305 78.15
o 4304 78.59
o 4303 78.6
o 4302 78.62
o 4301 180.31
o 4300 180.33
o 4299 180.34
abstraction-refinement-downcast-pmd
o 12807 54.34
o 4436 57.2
o 4435 57.24
o 4434 57.24
o 4433 57.25
o 4432 57.26
o 4431 57.27
o 4430 57.28
o 4429 57.3
o 4428 57.31
o 4427 57.32
o 4426 57.33
o 4425 57.36
o 4424 57.37
o 4423 57.38
o 4422 57.38
o 4421 57.39
o 4420 57.4
o 4419 57.41
o 4418 57.42
o 4417 57.43
o 4416 57.44
o 4415 57.45
o 4414 57.46
o 4413 57.47
o 4412 57.47
o 4411 57.48
o 4410 57.49
o 4409 57.5
o 4408 57.51
o 4407 57.52
o 4406 57.53
o 4405 57.54
o 4404 57.55
o 4403 57.56
o 4402 57.57
o 4401 57.58
o 4400 57.59
o 4399 57.6
o 4398 57.61
o 4397 57.62
o 4396 57.63
o 4395 57.64
o 4394 57.64
o 4393 57.65
o 4392 57.67
o 4391 57.67
o 4390 57.69
o 4389 57.69
o 4388 57.71
o 4387 57.72
o 4386 57.73
o 4385 57.74
o 4384 57.76
o 4383 57.77
o 4382 57.78
o 4381 57.79
o 4380 57.8
o 4379 57.82
o 4378 57.83
o 4377 57.84
o 4376 57.85
o 4375 57.85
o 4374 57.86
o 4373 57.91
o 4372 57.92
o 4371 57.93
o 4370 57.94
o 4369 57.95
o 4368 57.96
o 4367 57.97
o 4366 57.99
o 4365 58
o 4364 58.01
o 4363 58.02
o 4362 58.03
o 4361 58.04
o 4360 58.05
o 4359 58.06
o 4358 58.07
o 4357 58.07
o 4356 58.08
o 4355 58.09
o 4354 58.11
o 4353 58.12
o 4352 58.13
o 4351 58.14
o 4350 58.15
o 4349 58.17
o 4348 58.18
o 4347 58.19
o 4346 58.2
o 4345 58.2
o 4344 58.21
o 4343 58.22
o 4342 58.23
o 4341 58.24
o 4340 58.26
o 4339 58.27
o 4338 58.29
o 4337 58.29
o 4336 58.3
o 4335 58.31
o 4334 58.32
o 4333 58.34
o 4332 58.36
o 4331 58.37
o 4330 58.39
o 4329 58.4
o 4328 58.41
o 4327 58.42
o 4326 58.44
o 4325 58.45
o 4324 58.48
o 4323 58.49
o 4322 58.5
o 4321 58.51
o 4320 58.52
o 4319 58.54
o 4318 58.55
o 4317 58.56
o 4316 58.57
o 4315 58.58
o 4314 58.59
o 4313 58.6
o 4312 58.61
o 4311 58.62
o 4310 58.63
o 4309 58.63
o 4308 58.64
o 4307 99.98
o 4306 100
o 4305 100.01
o 4304 143.96
o 4303 144.14
o 4302 144.16
o 4301 144.17
o 4300 144.26
abstraction-refinement-downcast-pmd
o 16971 42.82
o 4414 44.21
o 4413 44.26
o 4412 44.27
o 4411 44.28
o 4410 44.28
o 4409 44.29
o 4408 44.3
o 4407 44.3
o 4406 44.31
o 4405 44.31
o 4404 44.32
o 4403 44.33
o 4402 44.33
o 4401 44.34
o 4400 44.34
o 4399 44.35
o 4398 44.36
o 4397 44.36
o 4396 44.37
o 4395 44.38
o 4394 44.38
o 4393 44.39
o 4392 44.4
o 4391 44.4
o 4390 44.41
o 4389 44.41
o 4388 44.42
o 4387 44.42
o 4386 44.43
o 4385 44.44
o 4384 44.44
o 4383 44.45
o 4382 44.46
o 4381 44.46
o 4380 44.47
o 4379 44.48
o 4378 44.48
o 4377 44.49
o 4376 44.49
o 4375 44.5
o 4374 44.51
o 4373 44.52
o 4372 44.52
o 4371 44.53
o 4370 44.54
o 4369 44.54
o 4368 44.55
o 4367 44.56
o 4366 44.56
o 4365 44.57
o 4364 44.58
o 4363 44.58
o 4362 44.59
o 4361 44.6
o 4360 44.6
o 4359 44.61
o 4358 44.63
o 4357 44.63
o 4356 44.64
o 4355 44.65
o 4354 44.65
o 4353 44.66
o 4352 44.66
o 4351 44.67
o 4350 44.68
o 4349 44.68
o 4348 44.69
o 4347 44.7
o 4346 44.71
o 4345 44.71
o 4344 44.72
o 4343 44.73
o 4342 44.73
o 4341 44.74
o 4340 44.75
o 4339 44.76
o 4338 44.76
o 4337 44.77
o 4336 44.78
o 4335 44.79
o 4334 44.79
o 4333 44.8
o 4332 44.81
o 4331 44.81
o 4330 44.82
o 4329 44.82
o 4328 44.83
o 4327 44.84
o 4326 44.84
o 4325 44.85
o 4324 44.86
o 4323 44.86
o 4322 44.87
o 4321 44.88
o 4320 44.89
o 4319 44.9
o 4318 44.9
o 4317 44.96
o 4316 44.98
o 4315 44.99
o 4314 45
o 4313 45.01
o 4312 45.38
o 4311 45.39
o 4310 45.41
o 4309 45.42
o 4308 45.43
o 4307 45.43
o 4306 45.44
o 4305 45.52
o 4304 45.53
o 4303 45.54
o 4302 45.58
o 4301 45.58
o 4300 45.59
o 4299 45.6
o 4298 45.61
o 4297 68.31
o 4296 68.32
abstraction-refinement-downcast-pmd
o 8649 43.29
o 4464 45.14
o 4463 45.15
o 4462 45.16
o 4461 45.17
o 4460 45.17
o 4459 45.18
o 4458 45.19
o 4457 45.2
o 4456 45.21
o 4455 45.22
o 4454 45.23
o 4453 45.23
o 4452 45.24
o 4451 45.25
o 4450 45.26
o 4449 45.27
o 4448 45.27
o 4447 45.28
o 4446 45.29
o 4445 45.3
o 4444 45.31
o 4443 45.31
o 4442 45.32
o 4441 45.33
o 4440 45.34
o 4439 45.35
o 4438 45.36
o 4437 45.36
o 4436 45.37
o 4435 45.38
o 4434 45.39
o 4433 45.39
o 4432 45.4
o 4431 45.41
o 4430 45.42
o 4429 45.43
o 4428 45.44
o 4427 45.44
o 4426 45.45
o 4425 45.45
o 4424 45.46
o 4423 45.47
o 4422 45.47
o 4421 45.48
o 4420 45.49
o 4419 45.5
o 4418 45.51
o 4417 45.51
o 4416 45.52
o 4415 45.53
o 4414 45.54
o 4413 45.54
o 4412 45.55
o 4411 45.56
o 4410 45.57
o 4409 45.58
o 4408 45.58
o 4407 45.59
o 4406 45.6
o 4405 45.61
o 4404 45.62
o 4403 45.62
o 4402 45.63
o 4401 45.64
o 4400 45.65
o 4399 45.66
o 4398 45.66
o 4397 45.67
o 4396 45.68
o 4395 45.69
o 4394 45.7
o 4393 45.71
o 4392 45.72
o 4391 45.72
o 4390 45.73
o 4389 45.74
o 4388 45.75
o 4387 45.76
o 4386 45.77
o 4385 45.77
o 4384 45.78
o 4383 45.79
o 4382 45.8
o 4381 45.8
o 4380 45.86
o 4379 45.87
o 4378 45.89
o 4377 45.9
o 4376 45.9
o 4375 45.91
o 4374 45.92
o 4373 45.93
o 4372 45.94
o 4371 45.95
o 4370 45.96
o 4369 45.96
o 4368 45.97
o 4367 45.98
o 4366 45.99
o 4365 46
o 4364 46
o 4363 46.01
o 4362 46.02
o 4361 46.03
o 4360 46.04
o 4359 46.04
o 4358 46.05
o 4357 46.06
o 4356 46.07
o 4355 46.08
o 4354 46.08
o 4353 46.09
o 4352 46.1
o 4351 46.11
o 4350 46.12
o 4349 46.13
o 4348 46.14
o 4347 46.14
o 4346 46.15
o 4345 46.16
o 4344 46.17
o 4343 46.18
o 4342 46.19
o 4341 46.2
o 4340 46.2
o 4339 46.21
o 4338 46.22
o 4337 46.23
o 4336 46.23
o 4335 46.24
o 4334 46.25
o 4333 46.27
o 4332 46.28
o 4331 46.28
o 4330 46.29
o 4329 46.3
o 4328 46.31
o 4327 46.32
o 4326 46.32
o 4325 46.33
o 4324 46.34
o 4323 46.35
o 4322 46.39
o 4321 46.4
o 4320 46.41
o 4319 46.42
o 4318 46.43
o 4317 46.44
o 4316 46.45
o 4315 46.93
o 4314 46.94
o 4313 46.95
o 4312 46.95
o 4311 46.96
o 4308 47.19
o 4307 161.03
o 4306 161.05
o 4305 161.06
o 4304 161.06
o 4303 162.2
o 4302 162.21
o 4301 162.25
o 4300 162.26
o 4299 162.27
o 4298 222.7
abstraction-refinement-downcast-pmd
o 29721 46.39
o 4607 48.38
o 4606 48.44
o 4605 48.44
o 4604 48.45
o 4603 48.46
o 4602 48.47
o 4601 48.48
o 4600 48.49
o 4599 48.5
o 4598 48.53
o 4597 48.54
o 4596 48.55
o 4595 48.56
o 4594 48.57
o 4593 48.58
o 4592 48.59
o 4591 48.6
o 4590 48.62
o 4589 48.63
o 4588 48.63
o 4587 48.64
o 4586 48.65
o 4585 48.67
o 4584 48.68
o 4583 48.69
o 4582 48.7
o 4581 48.71
o 4580 48.72
o 4579 48.73
o 4578 48.74
o 4577 48.76
o 4576 48.77
o 4575 48.78
o 4574 48.79
o 4573 48.79
o 4572 48.8
o 4571 48.81
o 4570 48.82
o 4569 48.83
o 4568 48.84
o 4567 48.85
o 4566 48.85
o 4565 48.86
o 4564 48.87
o 4563 48.88
o 4562 48.89
o 4561 48.89
o 4560 48.9
o 4559 48.91
o 4558 48.92
o 4557 48.92
o 4556 48.93
o 4555 48.94
o 4554 48.95
o 4553 48.96
o 4552 48.97
o 4551 48.98
o 4550 48.99
o 4549 49
o 4548 49.01
o 4547 49.01
o 4546 49.02
o 4545 49.03
o 4544 49.04
o 4543 49.05
o 4542 49.05
o 4541 49.06
o 4540 49.07
o 4539 49.08
o 4538 49.08
o 4537 49.09
o 4536 49.1
o 4535 49.11
o 4534 49.12
o 4533 49.13
o 4532 49.15
o 4531 49.15
o 4530 49.17
o 4529 49.18
o 4528 49.18
o 4527 49.19
o 4526 49.2
o 4525 49.21
o 4524 49.21
o 4523 49.22
o 4522 49.23
o 4521 49.24
o 4520 49.25
o 4519 49.26
o 4518 49.27
o 4517 49.28
o 4516 49.28
o 4515 49.29
o 4514 49.3
o 4513 49.3
o 4512 49.32
o 4511 49.33
o 4510 49.33
o 4509 49.34
o 4508 49.36
o 4507 49.37
o 4506 49.38
o 4505 49.38
o 4504 49.39
o 4503 49.4
o 4502 49.42
o 4501 49.43
o 4500 49.45
o 4499 49.46
o 4498 49.46
o 4497 49.47
o 4496 49.49
o 4495 49.5
o 4494 49.51
o 4493 49.52
o 4492 49.52
o 4491 49.53
o 4490 49.54
o 4489 49.55
o 4488 49.56
o 4487 49.57
o 4486 49.57
o 4485 49.58
o 4484 49.59
o 4483 49.6
o 4482 49.61
o 4481 49.61
o 4480 49.62
o 4479 49.63
o 4478 49.64
o 4477 49.66
o 4476 49.67
o 4475 49.68
o 4474 49.69
o 4473 49.7
o 4472 49.71
o 4471 49.72
o 4470 49.74
o 4469 49.75
o 4468 49.75
o 4467 49.77
o 4466 49.77
o 4465 49.79
o 4464 49.8
o 4463 49.81
o 4462 49.82
o 4461 49.83
o 4460 49.84
o 4459 49.85
o 4458 49.86
o 4457 49.87
o 4456 49.88
o 4455 49.9
o 4454 49.91
o 4453 49.92
o 4452 49.93
o 4451 49.94
o 4450 49.95
o 4449 49.96
o 4448 49.97
o 4447 49.98
o 4446 49.99
o 4445 50
o 4444 50.04
o 4443 50.05
o 4442 50.08
o 4441 50.09
o 4440 50.1
o 4439 50.11
o 4438 50.12
o 4437 50.13
o 4436 50.24
o 4435 50.25
o 4434 50.26
o 4433 50.28
o 4432 50.28
o 4431 50.55
o 4430 50.64
o 4429 50.65
o 4428 50.66
o 4427 50.67
o 4426 50.69
o 4425 50.7
o 4424 50.72
o 4423 50.73
o 4422 50.75
o 4421 50.77
o 4420 50.78
o 4419 50.79
o 4418 50.8
o 4417 50.83
o 4416 50.84
o 4415 50.96
o 4414 51.02
o 4413 51.03
o 4412 51.04
o 4411 51.04
o 4410 51.05
o 4409 51.07
o 4408 51.08
o 4407 51.1
o 4406 51.11
o 4405 51.12
o 4404 51.14
o 4403 51.16
o 4402 51.17
o 4401 51.17
o 4400 51.18
o 4399 88.93
o 4398 88.94
o 4397 88.95
o 4396 88.96
o 4395 88.96
o 4394 88.97
o 4393 88.98
o 4392 88.98
o 4391 88.99
o 4390 88.99
o 4389 89
o 4388 89.01
o 4387 89.01
o 4386 89.02
o 4385 89.03
o 4384 89.05
o 4383 89.06
o 4382 89.06
o 4381 89.07
o 4380 89.08
o 4379 89.08
o 4378 89.09
o 4377 89.09
o 4376 89.1
o 4375 89.11
o 4374 89.12
o 4373 89.12
o 4372 89.13
o 4371 89.14
o 4370 89.14
o 4369 89.15
o 4368 89.16
o 4367 89.16
o 4366 89.17
o 4365 89.18
o 4364 89.18
o 4363 89.19
o 4362 89.2
o 4361 89.2
o 4360 89.21
o 4359 89.22
o 4358 89.22
o 4357 89.23
o 4356 89.24
o 4355 89.24
o 4354 89.25
o 4353 89.26
o 4352 89.26
o 4351 89.27
o 4350 89.28
o 4349 89.28
o 4348 89.29
o 4347 89.3
o 4346 89.3
o 4345 89.31
o 4344 89.32
o 4343 89.32
o 4342 89.33
o 4341 89.33
o 4340 89.35
o 4339 89.35
o 4338 89.36
o 4337 89.37
o 4336 89.38
o 4335 89.39
o 4334 89.4
o 4333 89.41
o 4332 89.41
o 4331 89.42
o 4330 89.43
o 4329 89.44
o 4328 89.44
o 4327 89.45
o 4326 89.46
o 4325 89.46
o 4324 89.47
o 4323 89.48
o 4322 89.48
o 4321 89.49
o 4320 89.49
o 4319 89.5
o 4318 89.51
o 4317 89.51
o 4316 89.52
o 4315 89.53
o 4314 89.54
o 4313 89.54
o 4312 89.55
o 4311 89.56
o 4310 89.57
o 4309 89.58
o 4308 89.59
o 4307 89.59
o 4306 89.6
o 4305 89.77
o 4304 89.77
o 4303 89.78
o 4302 89.79
o 4301 223.25
o 4300 223.27
o 4299 223.27
o 4298 223.29
o 4297 223.3
o 4296 223.31
o 4295 223.32
