abstraction-refinement-downcast-hsqldb
o 142663 39.14
o 30641 41.2
o 30640 41.21
o 30639 41.21
o 30638 41.22
o 30637 41.22
o 30636 41.23
o 30635 41.23
o 30634 41.23
o 30633 41.24
o 30632 41.24
o 30631 41.25
o 30630 41.25
o 30629 41.25
o 30628 41.26
o 30627 41.26
o 30626 41.27
o 30625 41.27
o 30624 41.27
o 30623 41.28
o 30622 41.28
o 30621 41.29
o 30620 41.29
o 30619 41.29
o 30618 41.3
o 30617 41.3
o 30616 41.31
o 30615 41.31
o 30614 41.31
o 30613 41.32
o 30612 41.32
o 30611 41.33
o 30610 41.33
o 30609 41.34
o 30608 41.34
o 30607 41.34
o 30606 41.35
o 30605 41.35
o 30604 41.36
o 30603 41.37
o 30602 41.37
o 30601 41.38
o 30600 41.38
o 30599 41.39
o 30598 41.39
o 30597 41.4
o 30596 41.4
o 30595 41.41
o 30594 41.41
o 30593 41.42
o 30592 41.42
o 30591 41.43
o 30590 41.43
o 30589 41.43
o 30588 41.44
o 30587 41.45
o 30586 41.45
o 30585 41.46
o 30584 41.46
o 30583 41.47
o 30582 41.47
o 30581 41.48
o 30580 41.48
o 30579 41.49
o 30578 41.49
o 30577 41.5
o 30576 41.5
o 30575 41.51
o 30574 41.51
o 30573 41.52
o 30572 41.52
o 30571 41.53
o 30570 41.53
o 30569 41.54
o 30568 41.54
o 30567 41.55
o 30566 41.55
o 30565 41.56
o 30564 41.57
o 30563 41.57
o 30562 41.58
o 30561 41.58
o 30560 41.59
o 30559 41.59
o 30558 41.6
o 30557 41.6
o 30556 41.61
o 30555 41.61
o 30554 41.62
o 30553 41.62
o 30552 41.63
o 30551 41.63
o 30550 41.64
o 30549 41.64
o 30548 41.65
o 30547 41.65
o 30546 41.66
o 30545 41.67
o 30544 41.67
o 30543 41.68
o 30542 41.68
o 30541 41.69
o 30540 41.69
o 30539 41.7
o 30538 41.7
o 30537 41.71
o 30536 41.71
o 30535 41.72
o 30534 41.72
o 30533 41.73
o 30532 41.73
o 30531 41.74
o 30530 41.74
o 30529 41.75
o 30528 41.76
o 30527 41.77
o 30526 41.77
o 30525 41.78
o 30524 41.79
o 30523 41.8
o 30522 41.8
o 30521 41.81
o 30520 41.81
o 30519 41.82
o 30518 41.82
o 30517 41.82
o 30516 41.83
o 30515 41.84
o 30514 41.84
o 30513 41.84
o 30512 41.85
o 30511 41.85
o 30510 41.86
o 30509 41.86
o 30508 41.87
o 30507 41.87
o 30506 41.88
o 30505 41.88
o 30504 41.89
o 30503 41.89
o 30502 41.9
o 30501 41.9
o 30500 41.91
o 30499 41.91
o 30498 41.92
o 30497 41.92
o 30496 41.93
o 30495 41.93
o 30494 41.94
o 30493 41.94
o 30492 41.95
o 30491 41.95
o 30490 41.96
o 30489 41.96
o 30488 41.97
o 30487 41.97
o 30486 41.98
o 30485 41.98
o 30484 41.99
o 30483 41.99
o 30482 42
o 30481 42
o 30480 42.01
o 30479 42.01
o 30478 42.02
o 30477 42.02
o 30476 42.02
o 30475 42.03
o 30474 42.03
o 30473 42.04
o 30472 42.05
o 30471 42.05
o 30470 42.06
o 30469 42.06
o 30468 42.07
o 30467 42.07
o 30466 42.08
o 30465 42.08
o 30464 42.09
o 30463 42.09
o 30462 42.1
o 30461 42.1
o 30460 42.11
o 30459 42.11
o 30458 42.11
o 30457 42.12
o 30456 42.13
o 30455 42.13
o 30454 42.16
o 30453 42.17
o 30452 42.17
o 30451 42.18
o 30450 42.18
o 30449 42.19
o 30448 42.19
o 30447 42.2
o 30446 42.2
o 30445 42.21
o 30444 42.21
o 30443 42.22
o 30442 42.23
o 30441 42.23
o 30440 42.24
o 30439 42.24
o 30438 42.25
o 30437 42.25
o 30436 42.26
o 30435 42.27
o 30434 42.28
o 30433 42.28
o 30432 42.29
o 30431 42.29
o 30430 42.29
o 30429 42.3
o 30428 42.3
o 30427 42.31
o 30426 42.32
o 30425 42.32
o 30424 42.32
o 30423 42.33
o 30422 42.34
o 30421 42.34
o 30420 42.35
o 30419 42.35
o 30418 42.35
o 30417 42.36
o 30416 42.36
o 30415 42.37
o 30414 42.38
o 30413 42.39
o 30412 42.39
o 30411 42.4
o 30410 42.4
o 30409 42.41
o 30408 42.41
o 30407 42.46
o 30406 42.47
o 30405 42.47
o 30404 42.48
o 30403 42.49
o 30402 42.49
o 30401 42.5
o 30400 42.5
o 30399 42.51
o 30398 42.51
o 30397 42.52
o 30396 42.52
o 30395 42.52
o 30394 42.53
o 30393 42.6
o 30392 42.61
o 30391 42.61
o 30390 42.61
o 30389 42.62
o 30388 42.77
o 30387 42.77
o 30386 42.77
o 30385 42.78
o 30384 42.78
o 30383 42.79
o 30382 42.8
o 30381 42.81
o 30380 42.89
o 30379 42.9
o 30378 42.91
o 30377 42.92
o 30376 42.92
o 30375 42.96
o 30374 42.96
o 30373 42.97
o 30372 42.99
o 30371 43
o 30370 43.02
o 30369 43.02
o 30368 43.03
o 30367 43.03
o 30366 43.04
o 30365 43.05
o 30364 43.06
o 30363 43.07
o 30362 43.07
o 30361 43.08
o 30360 43.09
o 30359 43.09
o 30358 43.1
o 30357 43.11
o 30356 43.12
o 30355 43.13
o 30354 43.13
o 30353 43.14
o 30352 43.15
o 30351 43.16
o 30350 43.17
o 30349 43.17
o 30348 43.19
o 30347 43.2
o 30346 43.21
o 30345 43.22
o 30344 43.24
o 30343 43.24
o 30342 43.25
o 30341 43.25
o 30340 43.26
o 30339 43.26
o 30338 43.31
o 30337 43.32
o 30336 43.32
o 30335 43.33
o 30334 43.34
o 30333 43.35
o 30332 43.35
o 30331 43.36
o 30330 43.37
o 30329 43.37
o 30328 43.39
o 30327 43.41
o 30326 43.41
o 30325 43.42
o 30324 43.43
o 30323 43.47
o 30322 43.48
o 30321 43.49
o 30320 43.62
o 30319 43.63
o 30318 43.64
o 30317 44.25
o 30316 44.26
o 30315 44.26
o 30314 44.29
o 30313 44.31
o 30312 44.31
o 30311 44.32
o 30310 44.52
o 30309 44.53
o 30308 44.54
o 30307 44.55
o 30306 44.55
o 30305 44.56
o 30304 44.57
o 30303 44.58
o 30302 44.59
o 30301 44.6
o 30300 46.69
o 30299 46.79
o 30298 46.81
o 30297 46.87
o 30296 46.89
abstraction-refinement-downcast-hsqldb
o 134087 45.98
o 30681 48.03
o 30680 48.04
o 30679 48.04
o 30678 48.05
o 30677 48.06
o 30676 48.06
o 30675 48.07
o 30674 48.08
o 30673 48.09
o 30672 48.09
o 30671 48.11
o 30670 48.11
o 30669 48.12
o 30668 48.13
o 30667 48.14
o 30666 48.14
o 30665 48.15
o 30664 48.16
o 30663 48.16
o 30662 48.17
o 30661 48.18
o 30660 48.18
o 30659 48.19
o 30658 48.2
o 30657 48.21
o 30656 48.22
o 30655 48.23
o 30654 48.24
o 30653 48.24
o 30652 48.25
o 30651 48.26
o 30650 48.27
o 30649 48.28
o 30648 48.28
o 30647 48.29
o 30646 48.3
o 30645 48.3
o 30644 48.31
o 30643 48.32
o 30642 48.33
o 30641 48.33
o 30640 48.34
o 30639 48.35
o 30638 48.36
o 30637 48.38
o 30636 48.38
o 30635 48.39
o 30634 48.4
o 30633 48.4
o 30632 48.41
o 30631 48.42
o 30630 48.42
o 30629 48.43
o 30628 48.43
o 30627 48.44
o 30626 48.45
o 30625 48.45
o 30624 48.46
o 30623 48.47
o 30622 48.48
o 30621 48.49
o 30620 48.49
o 30619 48.5
o 30618 48.51
o 30617 48.51
o 30616 48.52
o 30615 48.53
o 30614 48.54
o 30613 48.54
o 30612 48.55
o 30611 48.56
o 30610 48.56
o 30609 48.57
o 30608 48.58
o 30607 48.59
o 30606 48.6
o 30605 48.6
o 30604 48.61
o 30603 48.62
o 30602 48.62
o 30601 48.63
o 30600 48.64
o 30599 48.64
o 30598 48.65
o 30597 48.66
o 30596 48.66
o 30595 48.67
o 30594 48.68
o 30593 48.68
o 30592 48.69
o 30591 48.7
o 30590 48.71
o 30589 48.72
o 30588 48.73
o 30587 48.74
o 30586 48.74
o 30585 48.75
o 30584 48.76
o 30583 48.76
o 30582 48.77
o 30581 48.8
o 30580 48.81
o 30579 48.82
o 30578 48.83
o 30577 48.83
o 30576 48.84
o 30575 48.85
o 30574 48.86
o 30573 48.87
o 30572 48.88
o 30571 48.88
o 30570 48.89
o 30569 48.89
o 30568 48.9
o 30567 48.91
o 30566 48.91
o 30565 48.92
o 30564 48.93
o 30563 48.93
o 30562 48.94
o 30561 48.95
o 30560 48.95
o 30559 48.96
o 30558 48.97
o 30557 48.98
o 30556 48.98
o 30555 48.99
o 30554 49
o 30553 49.01
o 30552 49.01
o 30551 49.02
o 30550 49.03
o 30549 49.04
o 30548 49.05
o 30547 49.05
o 30546 49.06
o 30545 49.07
o 30544 49.08
o 30543 49.08
o 30542 49.09
o 30541 49.1
o 30540 49.11
o 30539 49.11
o 30538 49.12
o 30537 49.13
o 30536 49.13
o 30535 49.14
o 30534 49.15
o 30533 49.15
o 30532 49.16
o 30531 49.17
o 30530 49.18
o 30529 49.19
o 30528 49.2
o 30527 49.21
o 30526 49.22
o 30525 49.22
o 30524 49.23
o 30523 49.24
o 30522 49.25
o 30521 49.25
o 30520 49.26
o 30519 49.27
o 30518 49.27
o 30517 49.28
o 30516 49.29
o 30515 49.29
o 30514 49.3
o 30513 49.31
o 30512 49.31
o 30511 49.32
o 30510 49.34
o 30509 49.34
o 30508 49.35
o 30507 49.36
o 30506 49.37
o 30505 49.37
o 30504 49.38
o 30503 49.39
o 30502 49.39
o 30501 49.4
o 30500 49.41
o 30499 49.42
o 30498 49.42
o 30497 49.43
o 30496 49.44
o 30495 49.45
o 30494 49.45
o 30493 49.46
o 30492 49.47
o 30491 49.48
o 30490 49.49
o 30489 49.5
o 30488 49.51
o 30487 49.52
o 30486 49.53
o 30485 49.54
o 30484 49.55
o 30483 49.55
o 30482 49.56
o 30481 49.57
o 30480 49.58
o 30479 49.59
o 30478 49.6
o 30477 49.61
o 30476 49.61
o 30475 49.62
o 30474 49.63
o 30473 49.64
o 30472 49.65
o 30471 49.66
o 30470 49.67
o 30469 49.67
o 30468 49.68
o 30467 49.69
o 30466 49.7
o 30465 49.73
o 30464 49.76
o 30463 49.77
o 30462 49.78
o 30461 49.8
o 30460 49.81
o 30459 49.81
o 30458 49.82
o 30457 49.84
o 30456 49.85
o 30455 49.86
o 30454 49.88
o 30453 49.88
o 30452 49.89
o 30451 49.9
o 30450 49.9
o 30449 49.91
o 30448 49.92
o 30447 49.93
o 30446 49.95
o 30445 49.95
o 30444 49.96
o 30443 49.97
o 30442 49.98
o 30441 50.04
o 30440 50.14
o 30439 50.15
o 30438 50.16
o 30437 50.17
o 30436 50.18
o 30435 50.24
o 30434 50.24
o 30433 50.26
o 30432 50.29
o 30431 50.31
o 30430 50.32
o 30429 50.32
o 30428 50.33
o 30427 50.34
o 30426 50.35
o 30425 50.36
o 30424 50.37
o 30423 50.38
o 30422 50.4
o 30421 50.41
o 30420 50.42
o 30419 50.47
o 30418 50.48
o 30417 50.51
o 30416 50.52
o 30415 50.53
o 30414 50.53
o 30413 50.55
o 30412 50.55
o 30411 50.66
o 30410 50.71
o 30409 50.72
o 30408 50.72
o 30407 50.73
o 30406 50.74
o 30405 50.75
o 30404 50.76
o 30403 50.77
o 30402 50.78
o 30401 50.86
o 30400 50.87
o 30399 50.88
o 30398 50.89
o 30397 50.9
o 30396 50.91
o 30395 50.92
o 30394 50.93
o 30393 50.98
o 30392 50.99
o 30391 51.14
o 30390 51.15
o 30389 51.18
o 30388 51.18
o 30387 51.19
o 30386 51.26
o 30385 51.27
o 30384 51.28
o 30383 51.3
o 30382 51.31
o 30381 51.32
o 30380 51.33
o 30379 51.33
o 30378 51.34
o 30377 51.35
o 30376 96.79
o 30375 96.82
o 30374 96.87
o 30373 96.89
o 30372 96.92
o 30371 96.94
o 30370 96.97
o 30369 97
o 30368 97.02
o 30367 97.05
o 30366 97.07
o 30365 97.08
o 30364 97.1
o 30363 97.12
o 30362 97.14
o 30361 97.16
o 30360 97.17
o 30359 97.19
o 30358 97.27
o 30357 97.28
o 30356 97.3
o 30355 97.31
o 30354 97.33
o 30353 97.34
o 30352 97.36
o 30351 97.37
o 30350 97.39
o 30349 97.44
o 30348 97.5
o 30347 99.56
o 30346 100.75
o 30345 100.82
o 30344 100.85
o 30343 100.91
o 30342 100.92
abstraction-refinement-downcast-hsqldb
o 65057 44.76
o 30594 47.62
o 30593 47.63
o 30592 47.64
o 30591 47.66
o 30590 47.67
o 30589 47.68
o 30588 47.69
o 30587 47.71
o 30586 47.72
o 30585 47.73
o 30584 47.75
o 30583 47.76
o 30582 47.77
o 30581 47.78
o 30580 47.79
o 30579 47.81
o 30578 47.82
o 30577 47.83
o 30576 47.85
o 30575 47.86
o 30574 47.87
o 30573 47.89
o 30572 47.9
o 30571 47.91
o 30570 47.93
o 30569 47.94
o 30568 47.95
o 30567 47.97
o 30566 47.98
o 30565 48
o 30564 48.01
o 30563 48.02
o 30562 48.03
o 30561 48.04
o 30560 48.05
o 30559 48.08
o 30558 48.09
o 30557 48.1
o 30556 48.12
o 30555 48.13
o 30554 48.14
o 30553 48.15
o 30552 48.17
o 30551 48.18
o 30550 48.19
o 30549 48.2
o 30548 48.21
o 30547 48.22
o 30546 48.24
o 30545 48.25
o 30544 48.26
o 30543 48.27
o 30542 48.28
o 30541 48.29
o 30540 48.31
o 30539 48.32
o 30538 48.33
o 30537 48.34
o 30536 48.35
o 30535 48.36
o 30534 48.37
o 30533 48.38
o 30532 48.39
o 30531 48.4
o 30530 48.41
o 30529 48.42
o 30528 48.44
o 30527 48.45
o 30526 48.46
o 30525 48.47
o 30524 48.48
o 30523 48.49
o 30522 48.5
o 30521 48.51
o 30520 48.52
o 30519 48.53
o 30518 48.54
o 30517 48.55
o 30516 48.56
o 30515 48.57
o 30514 48.58
o 30513 48.59
o 30512 48.6
o 30511 48.61
o 30510 48.62
o 30509 48.63
o 30508 48.64
o 30507 48.65
o 30506 48.66
o 30505 48.67
o 30504 48.68
o 30503 48.69
o 30502 48.7
o 30501 48.71
o 30500 48.72
o 30499 48.74
o 30498 48.75
o 30497 48.76
o 30496 48.77
o 30495 48.78
o 30494 48.79
o 30493 48.8
o 30492 48.81
o 30491 48.82
o 30490 48.83
o 30489 48.84
o 30488 48.85
o 30487 48.86
o 30486 48.87
o 30485 48.88
o 30484 48.9
o 30483 48.91
o 30482 48.92
o 30481 48.93
o 30480 48.94
o 30479 48.95
o 30478 48.96
o 30477 48.97
o 30476 48.99
o 30475 49
o 30474 49.01
o 30473 49.01
o 30472 49.03
o 30471 49.04
o 30470 49.05
o 30469 49.06
o 30468 49.07
o 30467 49.08
o 30466 49.09
o 30465 49.1
o 30464 49.11
o 30463 49.12
o 30462 49.13
o 30461 49.14
o 30460 49.15
o 30459 49.16
o 30458 49.17
o 30457 49.18
o 30456 49.19
o 30455 49.2
o 30454 49.21
o 30453 49.22
o 30452 49.23
o 30451 49.24
o 30450 49.25
o 30449 49.26
o 30448 49.27
o 30447 49.28
o 30446 49.29
o 30445 49.31
o 30444 49.31
o 30443 49.32
o 30442 49.33
o 30441 49.34
o 30440 49.36
o 30439 49.37
o 30438 49.38
o 30437 49.39
o 30436 49.4
o 30435 49.41
o 30434 49.42
o 30433 49.44
o 30432 49.45
o 30431 49.46
o 30430 49.47
o 30429 49.48
o 30428 49.49
o 30427 49.5
o 30426 49.51
o 30425 49.52
o 30424 49.53
o 30423 49.54
o 30422 49.55
o 30421 49.56
o 30420 49.57
o 30419 49.58
o 30418 49.6
o 30417 49.6
o 30416 49.62
o 30415 49.63
o 30414 49.66
o 30413 49.67
o 30412 49.67
o 30411 49.68
o 30410 49.69
o 30409 49.7
o 30408 49.71
o 30407 49.72
o 30406 49.73
o 30405 49.74
o 30404 49.75
o 30403 49.76
o 30402 49.77
o 30401 49.77
o 30400 49.79
o 30399 49.8
o 30398 49.81
o 30397 49.82
o 30396 49.84
o 30395 49.85
o 30394 49.86
o 30393 49.87
o 30392 49.9
o 30391 49.91
o 30390 49.92
o 30389 49.93
o 30388 49.94
o 30387 49.95
o 30386 49.96
o 30385 49.97
o 30384 49.98
o 30383 49.99
o 30382 50.01
o 30381 50.02
o 30380 50.03
o 30379 50.04
o 30378 50.06
o 30377 50.08
o 30376 50.09
o 30375 50.11
o 30374 50.12
o 30373 50.13
o 30372 50.14
o 30371 50.16
o 30370 50.17
o 30369 50.18
o 30368 50.19
o 30367 50.2
o 30366 50.22
o 30365 50.23
o 30364 50.25
o 30363 50.27
o 30362 50.29
o 30361 50.3
o 30360 50.32
o 30359 50.33
o 30358 50.35
o 30357 50.4
o 30356 50.42
o 30355 50.44
o 30354 50.45
o 30353 50.47
o 30352 50.49
o 30351 50.5
o 30350 50.51
o 30349 50.53
o 30348 50.63
o 30347 50.65
o 30346 50.67
o 30345 50.68
o 30344 50.86
o 30343 50.88
o 30342 50.9
o 30341 50.92
o 30340 50.97
o 30339 51.02
o 30338 51.03
o 30337 51.04
o 30335 51.05
o 30334 51.07
o 30333 51.08
o 30332 51.09
o 30331 51.11
o 30330 51.12
o 30329 51.13
o 30328 51.81
o 30327 51.91
o 30326 51.93
o 30325 51.95
o 30324 51.96
o 30323 52.65
o 30322 52.66
o 30321 52.68
o 30320 52.69
o 30319 52.71
o 30318 52.72
o 30317 52.73
o 30316 52.75
o 30315 52.85
o 30314 52.87
o 30313 52.91
o 30312 52.92
o 30311 52.94
o 30310 53.03
o 30309 53.04
o 30308 53.1
o 30307 53.11
o 30306 245.9
o 30305 245.93
o 30304 246.37
o 30303 246.38
o 30302 246.39
o 30301 246.4
o 30300 246.4
o 30299 246.42
abstraction-refinement-downcast-hsqldb
o 146859 43.54
o 30534 46.92
o 30533 46.93
o 30532 46.94
o 30531 46.95
o 30530 46.96
o 30529 46.96
o 30528 46.97
o 30527 46.98
o 30526 46.99
o 30525 47
o 30524 47.03
o 30523 47.04
o 30522 47.05
o 30521 47.06
o 30520 47.06
o 30519 47.07
o 30518 47.08
o 30517 47.09
o 30516 47.1
o 30515 47.1
o 30514 47.11
o 30513 47.12
o 30512 47.12
o 30511 47.13
o 30510 47.17
o 30509 47.18
o 30508 47.18
o 30507 47.19
o 30506 47.2
o 30505 47.21
o 30504 47.22
o 30503 47.22
o 30502 47.23
o 30501 47.24
o 30500 47.25
o 30499 47.26
o 30498 47.27
o 30497 47.28
o 30496 47.29
o 30495 47.29
o 30494 47.3
o 30493 47.31
o 30492 47.32
o 30491 47.33
o 30490 47.34
o 30489 47.35
o 30488 47.35
o 30487 47.36
o 30486 47.37
o 30485 47.38
o 30484 47.39
o 30483 47.4
o 30482 47.41
o 30481 47.41
o 30480 47.42
o 30479 47.43
o 30478 47.43
o 30477 47.44
o 30476 47.45
o 30475 47.45
o 30474 47.46
o 30473 47.46
o 30472 47.47
o 30471 47.48
o 30470 47.49
o 30469 47.49
o 30468 47.5
o 30467 47.5
o 30466 47.51
o 30465 47.52
o 30464 47.52
o 30463 47.53
o 30462 47.54
o 30461 47.55
o 30460 47.55
o 30459 47.56
o 30458 47.57
o 30457 47.58
o 30456 47.59
o 30455 47.6
o 30454 47.61
o 30453 47.62
o 30452 47.63
o 30451 47.64
o 30450 47.66
o 30449 47.67
o 30448 47.68
o 30447 47.69
o 30446 47.7
o 30445 47.71
o 30444 47.72
o 30443 47.73
o 30442 47.74
o 30441 47.75
o 30440 47.76
o 30439 47.76
o 30438 47.77
o 30437 47.78
o 30436 47.79
o 30435 47.8
o 30434 47.81
o 30433 47.82
o 30432 47.83
o 30431 47.84
o 30430 47.85
o 30429 47.86
o 30428 47.87
o 30427 47.89
o 30426 47.9
o 30425 47.91
o 30424 47.92
o 30423 47.96
o 30422 47.97
o 30421 47.98
o 30420 47.99
o 30419 48
o 30418 48.01
o 30417 48.01
o 30416 48.02
o 30415 48.03
o 30414 48.04
o 30413 48.04
o 30412 48.05
o 30411 48.06
o 30410 48.07
o 30409 48.07
o 30408 48.08
o 30407 48.1
o 30406 48.11
o 30405 48.12
o 30404 48.13
o 30403 48.14
o 30402 48.16
o 30401 48.17
o 30400 48.18
o 30399 48.19
o 30398 48.19
o 30397 48.22
o 30396 48.24
o 30395 48.25
o 30394 48.26
o 30393 48.27
o 30392 48.28
o 30391 48.28
o 30390 48.29
o 30389 48.3
o 30388 48.31
o 30387 48.32
o 30386 48.32
o 30385 48.33
o 30384 48.34
o 30383 48.35
o 30382 48.35
o 30381 48.36
o 30380 48.37
o 30379 48.38
o 30378 48.38
o 30377 48.39
o 30376 48.4
o 30375 48.41
o 30374 48.43
o 30373 48.44
o 30372 48.44
o 30371 48.45
o 30370 48.46
o 30369 48.47
o 30368 48.48
o 30367 48.49
o 30366 48.5
o 30365 48.5
o 30364 48.51
o 30363 48.52
o 30362 48.54
o 30361 48.55
o 30360 48.56
o 30359 48.57
o 30358 48.58
o 30357 48.59
o 30356 48.6
o 30355 48.62
o 30354 48.63
o 30353 48.64
o 30352 48.65
o 30351 48.66
o 30350 48.67
o 30349 48.68
o 30348 48.69
o 30347 48.7
o 30346 48.71
o 30345 48.72
o 30344 48.74
o 30343 48.76
o 30342 48.77
o 30341 48.77
o 30340 48.78
o 30339 48.8
o 30338 48.81
o 30337 48.82
o 30336 48.84
o 30335 48.87
o 30334 48.88
o 30333 48.9
o 30332 48.91
o 30331 48.92
o 30330 48.94
o 30329 48.98
o 30328 49.01
o 30327 49.04
o 30326 49.04
o 30325 49.05
o 30324 49.06
o 30323 49.16
o 30322 49.17
o 30321 49.18
o 30320 49.19
o 30319 49.2
o 30318 49.2
o 30317 49.31
o 30316 49.32
o 30315 49.33
o 30314 49.34
o 30313 49.34
o 30312 49.35
o 30311 49.36
o 30310 49.37
o 30309 49.37
o 30308 49.38
o 30307 49.39
o 30306 49.4
abstraction-refinement-downcast-hsqldb
o 121140 36.87
o 30666 39.14
o 30665 39.15
o 30664 39.16
o 30663 39.17
o 30662 39.18
o 30661 39.19
o 30660 39.2
o 30659 39.21
o 30658 39.22
o 30657 39.23
o 30656 39.24
o 30655 39.25
o 30654 39.25
o 30653 39.26
o 30652 39.27
o 30651 39.28
o 30650 39.28
o 30649 39.29
o 30648 39.3
o 30647 39.31
o 30646 39.31
o 30645 39.32
o 30644 39.33
o 30643 39.34
o 30642 39.35
o 30641 39.36
o 30640 39.36
o 30639 39.37
o 30638 39.38
o 30637 39.39
o 30636 39.39
o 30635 39.4
o 30634 39.41
o 30633 39.42
o 30632 39.42
o 30631 39.43
o 30630 39.44
o 30629 39.45
o 30628 39.45
o 30627 39.46
o 30626 39.47
o 30625 39.48
o 30624 39.49
o 30623 39.49
o 30622 39.5
o 30621 39.51
o 30620 39.52
o 30619 39.53
o 30618 39.53
o 30617 39.55
o 30616 39.55
o 30615 39.56
o 30614 39.57
o 30613 39.58
o 30612 39.59
o 30611 39.6
o 30610 39.61
o 30609 39.62
o 30608 39.63
o 30607 39.63
o 30606 39.64
o 30605 39.65
o 30604 39.66
o 30603 39.67
o 30602 39.68
o 30601 39.68
o 30600 39.69
o 30599 39.71
o 30598 39.72
o 30597 39.73
o 30596 39.74
o 30595 39.75
o 30594 39.76
o 30593 39.77
o 30592 39.78
o 30591 39.79
o 30590 39.8
o 30589 39.81
o 30588 39.81
o 30587 39.82
o 30586 39.83
o 30585 39.84
o 30584 39.85
o 30583 39.86
o 30582 39.88
o 30581 39.9
o 30580 39.91
o 30579 39.92
o 30578 39.94
o 30577 39.95
o 30576 39.96
o 30575 39.97
o 30574 39.98
o 30573 39.99
o 30572 40
o 30571 40.02
o 30570 40.03
o 30569 40.04
o 30568 40.05
o 30567 40.06
o 30566 40.07
o 30565 40.08
o 30564 40.09
o 30563 40.1
o 30562 40.11
o 30561 40.12
o 30560 40.13
o 30559 40.14
o 30558 40.15
o 30557 40.16
o 30556 40.17
o 30555 40.18
o 30554 40.2
o 30553 40.21
o 30552 40.22
o 30551 40.23
o 30550 40.24
o 30549 40.25
o 30548 40.26
o 30547 40.27
o 30546 40.28
o 30545 40.29
o 30544 40.3
o 30543 40.31
o 30542 40.32
o 30541 40.33
o 30540 40.34
o 30539 40.35
o 30538 40.36
o 30537 40.37
o 30536 40.38
o 30535 40.39
o 30534 40.4
o 30533 40.4
o 30532 40.41
o 30531 40.42
o 30530 40.43
o 30529 40.44
o 30528 40.45
o 30527 40.45
o 30526 40.46
o 30525 40.47
o 30524 40.48
o 30523 40.49
o 30522 40.5
o 30521 40.51
o 30520 40.53
o 30519 40.54
o 30518 40.55
o 30517 40.56
o 30516 40.56
o 30515 40.57
o 30514 40.58
o 30513 40.59
o 30512 40.6
o 30511 40.61
o 30510 40.62
o 30509 40.63
o 30508 40.64
o 30507 40.64
o 30506 40.65
o 30505 40.66
o 30504 40.67
o 30503 40.68
o 30502 40.69
o 30501 40.69
o 30500 40.7
o 30499 40.71
o 30498 40.72
o 30497 40.73
o 30496 40.74
o 30495 40.75
o 30494 40.75
o 30493 40.76
o 30492 40.77
o 30491 40.78
o 30490 40.79
o 30489 40.8
o 30488 40.82
o 30487 40.83
o 30486 40.84
o 30485 40.85
o 30484 40.86
o 30483 40.87
o 30482 40.88
o 30481 40.89
o 30480 40.9
o 30479 40.91
o 30478 40.92
o 30477 40.93
o 30476 40.94
o 30475 40.95
o 30474 40.96
o 30473 40.97
o 30472 40.98
o 30471 40.99
o 30470 41
o 30469 41.01
o 30468 41.02
o 30467 41.03
o 30466 41.03
o 30465 41.05
o 30464 41.06
o 30463 41.06
o 30462 41.07
o 30461 41.08
o 30460 41.09
o 30459 41.1
o 30458 41.11
o 30457 41.12
o 30456 41.13
o 30455 41.14
o 30454 41.15
o 30453 41.16
o 30452 41.17
o 30451 41.18
o 30450 41.19
o 30449 41.2
o 30448 41.28
o 30447 41.29
o 30446 41.3
o 30445 41.31
o 30444 41.32
o 30443 41.34
o 30442 41.34
o 30441 41.37
o 30440 41.38
o 30439 41.39
o 30438 41.4
o 30437 41.41
o 30436 41.41
o 30435 41.42
o 30434 41.43
o 30433 41.44
o 30432 41.45
o 30431 41.46
o 30430 41.46
o 30429 41.47
o 30428 41.5
o 30427 41.51
o 30426 41.52
o 30425 41.53
o 30424 41.53
o 30423 41.57
o 30422 41.57
o 30421 41.58
o 30420 41.59
o 30419 41.6
o 30418 41.61
o 30417 41.62
o 30416 41.62
o 30415 41.64
o 30414 41.64
o 30413 41.65
o 30412 41.66
o 30411 41.69
o 30410 41.7
o 30409 41.71
o 30408 41.74
o 30407 41.75
o 30406 41.76
o 30405 41.77
o 30404 41.78
o 30403 41.8
o 30402 41.81
o 30401 41.82
o 30400 41.83
o 30399 41.84
o 30398 41.85
o 30397 41.85
o 30396 41.87
o 30395 41.9
o 30394 41.92
o 30393 41.92
o 30392 41.93
o 30391 41.97
o 30390 41.99
o 30389 42
o 30388 42.01
o 30387 42.02
o 30386 42.05
o 30385 42.39
o 30384 42.4
o 30383 42.41
o 30382 42.41
o 30381 42.42
o 30380 42.68
o 30379 42.69
o 30378 42.77
o 30377 42.78
o 30376 42.79
o 30375 42.8
o 30374 44.77
o 30373 44.78
o 30372 44.79
o 30371 44.81
o 30370 44.82
o 30369 44.83
o 30368 44.84
o 30367 44.86
o 30366 44.87
o 30365 44.89
o 30364 45.09
o 30363 122.45
o 30362 122.46
o 30361 122.47
o 30360 122.47
o 30359 122.48
o 30358 123.02
o 30357 123.08
o 30356 123.08
o 30355 123.13
o 30354 123.13
o 30353 123.14
o 30352 123.15
o 30351 123.16
o 30350 123.25
o 30349 123.25
o 30348 123.26
o 30347 123.27
o 30346 123.28
o 30345 123.29
o 30344 123.29
o 30343 123.3
o 30342 123.33
o 30341 123.33
o 30340 123.36
o 30339 123.4
o 30338 123.46
o 30337 124.01
o 30336 124.3
o 30335 124.3
abstraction-refinement-downcast-hsqldb
o 82368 42.26
o 30668 44.07
o 30667 44.09
o 30666 44.1
o 30665 44.1
o 30664 44.11
o 30663 44.11
o 30662 44.12
o 30661 44.13
o 30660 44.14
o 30659 44.14
o 30658 44.15
o 30657 44.15
o 30656 44.16
o 30655 44.16
o 30654 44.17
o 30653 44.17
o 30652 44.18
o 30651 44.18
o 30650 44.19
o 30649 44.19
o 30648 44.2
o 30647 44.21
o 30646 44.21
o 30645 44.22
o 30644 44.22
o 30643 44.23
o 30642 44.23
o 30641 44.24
o 30640 44.24
o 30639 44.25
o 30638 44.25
o 30637 44.26
o 30636 44.26
o 30635 44.27
o 30634 44.27
o 30633 44.27
o 30632 44.28
o 30631 44.28
o 30630 44.29
o 30629 44.3
o 30628 44.3
o 30627 44.31
o 30626 44.31
o 30625 44.32
o 30624 44.32
o 30623 44.32
o 30622 44.33
o 30621 44.33
o 30620 44.34
o 30619 44.34
o 30618 44.35
o 30617 44.35
o 30616 44.36
o 30615 44.36
o 30614 44.36
o 30613 44.37
o 30612 44.37
o 30611 44.38
o 30610 44.38
o 30609 44.39
o 30608 44.4
o 30607 44.4
o 30606 44.41
o 30605 44.42
o 30604 44.42
o 30603 44.43
o 30602 44.43
o 30601 44.43
o 30600 44.44
o 30599 44.44
o 30598 44.45
o 30597 44.46
o 30596 44.46
o 30595 44.47
o 30594 44.48
o 30593 44.49
o 30592 44.5
o 30591 44.51
o 30590 44.51
o 30589 44.52
o 30588 44.52
o 30587 44.53
o 30586 44.53
o 30585 44.54
o 30584 44.54
o 30583 44.55
o 30582 44.55
o 30581 44.56
o 30580 44.56
o 30579 44.57
o 30578 44.58
o 30577 44.58
o 30576 44.58
o 30575 44.61
o 30574 44.61
o 30573 44.62
o 30572 44.62
o 30571 44.63
o 30570 44.63
o 30569 44.63
o 30568 44.64
o 30567 44.64
o 30566 44.65
o 30565 44.65
o 30564 44.66
o 30563 44.66
o 30562 44.66
o 30561 44.67
o 30560 44.75
o 30559 44.75
o 30558 44.76
o 30557 44.76
o 30556 44.77
o 30555 44.77
o 30554 44.78
o 30553 44.78
o 30552 44.79
o 30551 44.79
o 30550 44.8
o 30549 44.8
o 30548 44.81
o 30547 44.81
o 30546 44.82
o 30545 44.82
o 30544 44.83
o 30543 44.84
o 30542 44.84
o 30541 44.84
o 30540 44.85
o 30539 44.85
o 30538 44.86
o 30537 44.87
o 30536 44.89
o 30535 44.9
o 30534 44.91
o 30533 44.91
o 30532 44.92
o 30531 44.92
o 30530 44.92
o 30529 44.94
o 30528 44.94
o 30527 44.95
o 30526 44.95
o 30525 44.96
o 30524 44.96
o 30523 44.97
o 30522 44.97
o 30521 44.98
o 30520 44.98
o 30519 44.98
o 30518 44.99
o 30517 44.99
o 30516 45
o 30515 45
o 30514 45.02
o 30513 45.02
o 30512 45.03
o 30511 45.03
o 30510 45.04
o 30509 45.04
o 30508 45.05
o 30507 45.06
o 30506 45.06
o 30505 45.07
o 30504 45.08
o 30503 45.08
o 30502 45.08
o 30501 45.09
o 30500 45.09
o 30499 45.1
o 30498 45.12
o 30497 45.13
o 30496 45.21
o 30495 45.21
o 30494 45.21
o 30493 45.22
o 30492 45.23
o 30491 45.23
o 30490 45.23
o 30489 45.24
o 30488 45.24
o 30487 45.25
o 30486 45.26
o 30485 45.26
o 30484 45.26
o 30483 45.27
o 30482 45.27
o 30481 45.28
o 30480 45.28
o 30479 45.29
o 30478 45.29
o 30477 45.29
o 30476 45.3
o 30475 45.31
o 30474 45.31
o 30473 45.31
o 30472 45.32
o 30471 45.32
o 30470 45.33
o 30469 45.33
o 30468 45.34
o 30467 45.34
o 30466 45.34
o 30465 45.35
o 30464 45.35
o 30463 45.35
o 30462 45.36
o 30461 45.38
o 30460 45.38
o 30459 45.39
o 30458 45.39
o 30457 45.4
o 30456 45.4
o 30455 45.4
o 30454 45.41
o 30453 45.41
o 30452 45.42
o 30451 45.42
o 30450 45.43
o 30449 45.43
o 30448 45.44
o 30447 45.44
o 30446 45.45
o 30445 45.45
o 30444 45.46
o 30443 45.46
o 30442 45.47
o 30441 45.47
o 30440 45.48
o 30439 45.48
o 30438 45.49
o 30437 45.49
o 30436 45.51
o 30435 45.52
o 30434 45.52
o 30433 45.53
o 30432 45.54
o 30431 45.55
o 30430 45.55
o 30429 45.56
o 30428 45.56
o 30427 45.57
o 30426 45.58
o 30425 45.58
o 30424 45.59
o 30423 45.6
o 30422 45.62
o 30421 45.62
o 30420 45.63
o 30419 45.63
o 30418 45.65
o 30417 45.66
o 30416 45.66
o 30415 45.66
o 30414 45.68
o 30413 45.68
o 30412 45.69
o 30411 45.69
o 30410 45.7
o 30409 45.7
o 30408 45.83
o 30407 45.84
o 30406 45.84
o 30405 45.86
o 30404 45.87
o 30403 45.87
o 30402 45.88
o 30401 45.89
o 30400 45.9
o 30399 45.9
o 30398 45.92
o 30397 45.92
o 30396 45.94
o 30395 45.94
o 30394 46.56
o 30393 46.59
o 30392 48.65
o 30391 48.66
o 30390 48.67
o 30389 48.67
o 30388 48.68
o 30387 48.69
o 30386 48.69
o 30385 48.7
o 30384 48.7
o 30383 48.71
o 30382 48.72
o 30381 48.72
o 30380 48.74
o 30379 48.75
o 30378 48.75
o 30377 48.76
o 30376 59.72
o 30372 59.81
o 30371 59.83
o 30370 59.86
o 30369 90.82
o 30368 90.83
o 30367 90.83
o 30366 90.84
o 30365 90.86
o 30364 90.88
o 30363 90.89
o 30362 92.38
o 30361 92.53
o 30360 92.53
o 30359 92.54
o 30358 92.55
o 30357 92.55
o 30356 92.57
o 30355 92.58
o 30354 92.6
o 30353 92.6
o 30352 93.4
o 30351 93.41
o 30350 93.65
o 30349 93.69
o 30348 93.69
o 30347 93.7
o 30346 93.7
o 30345 93.71
o 30344 93.71
o 30343 94.64
o 30342 94.67
o 30341 94.68
o 30340 94.7
o 30339 94.79
o 30338 94.8
o 30337 94.8
o 30336 94.82
o 30335 94.83
o 30334 94.84
o 30333 94.85
o 30332 94.85
o 30331 94.88
o 30330 96.58
o 30329 96.59
o 30328 96.63
o 30327 97.3
o 30326 97.51
o 30325 97.52
o 30324 97.52
o 30323 171.21
o 30322 171.23
o 30321 171.24
o 30320 171.24
o 30319 171.25
o 30318 171.28
o 30317 171.28
o 30316 171.38
o 30315 171.39
o 30314 171.4
o 30313 171.4
o 30312 171.41
o 30311 171.41
o 30310 171.42
o 30309 171.43
o 30308 171.43
o 30307 171.44
o 30306 171.44
o 30305 171.45
o 30304 171.45
o 30303 171.46
o 30302 171.47
o 30301 171.47
o 30300 171.48
o 30299 281.69
o 30298 281.86
o 30297 281.87
o 30296 281.87
o 30295 281.88
o 30294 281.89
o 30293 282.07
o 30292 282.1
abstraction-refinement-downcast-hsqldb
o 138392 34.92
o 30675 36.98
o 30674 36.99
o 30673 36.99
o 30672 37
o 30671 37
o 30670 37.01
o 30669 37.01
o 30668 37.02
o 30667 37.03
o 30666 37.03
o 30665 37.04
o 30664 37.04
o 30663 37.05
o 30662 37.05
o 30661 37.06
o 30660 37.06
o 30659 37.07
o 30658 37.07
o 30657 37.08
o 30656 37.09
o 30655 37.09
o 30654 37.1
o 30653 37.1
o 30652 37.11
o 30651 37.12
o 30650 37.12
o 30649 37.13
o 30648 37.13
o 30647 37.14
o 30646 37.14
o 30645 37.15
o 30644 37.15
o 30643 37.16
o 30642 37.16
o 30641 37.2
o 30640 37.21
o 30639 37.21
o 30638 37.22
o 30637 37.22
o 30636 37.23
o 30635 37.24
o 30634 37.24
o 30633 37.25
o 30632 37.26
o 30631 37.26
o 30630 37.27
o 30629 37.27
o 30628 37.28
o 30627 37.28
o 30626 37.29
o 30625 37.29
o 30624 37.3
o 30623 37.31
o 30622 37.31
o 30621 37.32
o 30620 37.32
o 30619 37.33
o 30618 37.33
o 30617 37.34
o 30616 37.37
o 30615 37.38
o 30614 37.39
o 30613 37.39
o 30612 37.4
o 30611 37.41
o 30610 37.41
o 30609 37.42
o 30608 37.43
o 30607 37.43
o 30606 37.44
o 30605 37.45
o 30604 37.45
o 30603 37.46
o 30602 37.47
o 30601 37.47
o 30600 37.48
o 30599 37.49
o 30598 37.5
o 30597 37.51
o 30596 37.51
o 30595 37.52
o 30594 37.53
o 30593 37.53
o 30592 37.54
o 30591 37.54
o 30590 37.55
o 30589 37.56
o 30588 37.56
o 30587 37.57
o 30586 37.58
o 30585 37.58
o 30584 37.59
o 30583 37.59
o 30582 37.6
o 30581 37.61
o 30580 37.61
o 30579 37.62
o 30578 37.62
o 30577 37.63
o 30576 37.64
o 30575 37.64
o 30574 37.65
o 30573 37.65
o 30572 37.66
o 30571 37.66
o 30570 37.67
o 30569 37.67
o 30568 37.68
o 30567 37.68
o 30566 37.69
o 30565 37.7
o 30564 37.7
o 30563 37.71
o 30562 37.71
o 30561 37.72
o 30560 37.72
o 30559 37.73
o 30558 37.75
o 30557 37.76
o 30556 37.76
o 30555 37.77
o 30554 37.77
o 30553 37.78
o 30552 37.79
o 30551 37.79
o 30550 37.8
o 30549 37.81
o 30548 37.81
o 30547 37.82
o 30546 37.82
o 30545 37.83
o 30544 37.83
o 30543 37.84
o 30542 37.85
o 30541 37.85
o 30540 37.86
o 30539 37.86
o 30538 37.87
o 30537 37.88
o 30536 37.88
o 30535 37.89
o 30534 37.9
o 30533 37.9
o 30532 37.91
o 30531 37.91
o 30530 37.92
o 30529 37.93
o 30528 37.93
o 30527 37.97
o 30526 37.98
o 30525 37.99
o 30524 38
o 30523 38.01
o 30522 38.01
o 30521 38.02
o 30520 38.02
o 30519 38.03
o 30518 38.03
o 30517 38.04
o 30516 38.05
o 30515 38.05
o 30514 38.06
o 30513 38.06
o 30512 38.07
o 30511 38.08
o 30510 38.08
o 30509 38.09
o 30508 38.09
o 30507 38.1
o 30506 38.1
o 30505 38.11
o 30504 38.12
o 30503 38.12
o 30502 38.13
o 30501 38.13
o 30500 38.14
o 30499 38.15
o 30498 38.15
o 30497 38.16
o 30496 38.16
o 30495 38.17
o 30494 38.17
o 30493 38.18
o 30492 38.18
o 30491 38.19
o 30490 38.2
o 30489 38.2
o 30488 38.21
o 30487 38.21
o 30486 38.22
o 30485 38.23
o 30484 38.23
o 30483 38.24
o 30482 38.24
o 30481 38.25
o 30480 38.26
o 30479 38.26
o 30478 38.27
o 30477 38.27
o 30476 38.29
o 30475 38.3
o 30474 38.3
o 30473 38.31
o 30472 38.32
o 30471 38.32
o 30470 38.32
o 30469 38.33
o 30468 38.34
o 30467 38.35
o 30466 38.38
o 30465 38.39
o 30464 38.39
o 30463 38.4
o 30462 38.41
o 30461 38.44
o 30460 38.44
o 30459 38.45
o 30458 38.45
o 30457 38.46
o 30456 38.47
o 30455 38.48
o 30454 38.49
o 30453 38.49
o 30452 38.5
o 30451 38.51
o 30450 38.51
o 30449 38.52
o 30448 38.52
o 30447 38.53
o 30446 38.53
o 30445 38.54
o 30444 38.55
o 30443 38.56
o 30442 38.58
o 30441 38.59
o 30440 38.6
o 30439 38.61
o 30438 38.61
o 30437 38.62
o 30436 38.63
o 30435 38.78
o 30434 38.79
o 30433 38.81
o 30432 38.82
o 30431 38.83
o 30430 38.84
o 30429 38.85
o 30428 38.86
o 30427 38.86
o 30426 38.96
o 30425 38.97
o 30424 38.98
o 30423 38.99
o 30422 38.99
o 30421 39
o 30420 39.11
o 30419 39.12
o 30418 39.12
o 30417 39.13
o 30416 39.14
o 30415 39.15
o 30414 39.36
o 30413 39.36
o 30412 39.37
o 30411 39.47
o 30410 39.48
o 30409 39.49
o 30408 39.49
o 30407 39.51
o 30406 39.51
o 30405 39.52
o 30404 39.53
o 30403 39.53
o 30402 39.54
o 30401 39.54
o 30400 39.55
o 30399 39.56
o 30398 39.6
o 30397 39.6
o 30396 44.16
o 30395 44.17
o 30394 44.18
o 30393 44.19
o 30392 44.2
o 30391 44.23
o 30390 44.25
o 30389 44.26
o 30388 76.08
o 30387 76.09
o 30386 76.09
o 30385 76.1
o 30384 76.12
o 30383 76.12
o 30382 76.13
o 30381 76.15
o 30380 76.18
o 30379 76.18
o 30378 76.2
o 30377 77.85
o 30376 77.86
o 30375 77.99
o 30374 77.99
o 30373 78
o 30372 78.01
o 30371 78.02
o 30370 78.04
o 30369 78.06
o 30368 78.07
o 30367 155.17
o 30366 155.2
o 30365 155.2
o 30364 155.21
o 30363 155.21
o 30362 155.24
o 30361 155.27
o 30360 155.27
o 30359 155.28
o 30358 155.29
o 30357 155.29
o 30356 155.3
o 30355 155.31
o 30354 156.15
o 30353 156.16
o 30352 156.16
o 30351 156.17
o 30350 156.18
o 30349 156.19
o 30348 156.19
o 30347 156.51
o 30346 156.54
o 30345 156.55
o 30344 156.58
o 30343 156.59
o 30342 156.6
o 30341 184.06
o 30340 184.08
o 30339 184.09
o 30338 184.1
o 30337 184.11
o 30336 184.12
o 30335 184.13
o 30334 184.14
o 30333 184.17
o 30332 184.18
o 30331 184.19
o 30330 184.19
o 30329 184.2
o 30328 184.21
o 30327 184.21
o 30326 184.22
o 30325 184.22
o 30324 184.25
o 30323 184.26
o 30322 184.26
o 30321 184.27
o 30320 184.28
o 30319 184.29
o 30318 184.42
o 30317 184.42
o 30316 184.44
o 30315 184.45
o 30314 184.55
o 30313 184.56
o 30312 184.56
o 30311 184.57
o 30310 184.57
o 30309 184.58
o 30308 184.59
o 30307 184.59
o 30306 184.6
o 30305 184.6
o 30304 184.76
o 30303 184.76
o 30302 184.77
o 30301 184.78
o 30300 184.79
o 30299 184.8
o 30298 184.8
o 30297 184.85
o 30296 184.86
o 30295 184.95
abstraction-refinement-downcast-hsqldb
o 155629 48.85
o 30677 51.29
o 30676 51.3
o 30675 51.31
o 30674 51.31
o 30673 51.33
o 30672 51.34
o 30671 51.35
o 30670 51.35
o 30669 51.36
o 30668 51.36
o 30667 51.37
o 30666 51.38
o 30665 51.41
o 30664 51.41
o 30663 51.42
o 30662 51.43
o 30661 51.44
o 30660 51.45
o 30659 51.45
o 30658 51.46
o 30657 51.47
o 30656 51.47
o 30655 51.48
o 30654 51.49
o 30653 51.5
o 30652 51.51
o 30651 51.51
o 30650 51.52
o 30649 51.53
o 30648 51.53
o 30647 51.55
o 30646 51.55
o 30645 51.56
o 30644 51.57
o 30643 51.58
o 30642 51.59
o 30641 51.59
o 30640 51.6
o 30639 51.61
o 30638 51.62
o 30637 51.62
o 30636 51.63
o 30635 51.64
o 30634 51.64
o 30633 51.65
o 30632 51.66
o 30631 51.67
o 30630 51.67
o 30629 51.68
o 30628 51.69
o 30627 51.7
o 30626 51.7
o 30625 51.71
o 30624 51.72
o 30623 51.72
o 30622 51.73
o 30621 51.74
o 30620 51.74
o 30619 51.75
o 30618 51.76
o 30617 51.77
o 30616 51.78
o 30615 51.78
o 30614 51.79
o 30613 51.8
o 30612 51.8
o 30611 51.81
o 30610 51.82
o 30609 51.83
o 30608 51.83
o 30607 51.84
o 30606 51.85
o 30605 51.85
o 30604 51.86
o 30603 51.87
o 30602 51.88
o 30601 51.89
o 30600 51.9
o 30599 51.91
o 30598 51.91
o 30597 51.92
o 30596 51.93
o 30595 51.93
o 30593 51.94
o 30592 51.95
o 30591 51.96
o 30590 51.96
o 30589 51.97
o 30588 51.98
o 30587 51.99
o 30586 52
o 30585 52
o 30584 52.01
o 30583 52.02
o 30582 52.03
o 30581 52.03
o 30580 52.04
o 30579 52.05
o 30578 52.06
o 30577 52.06
o 30576 52.07
o 30575 52.08
o 30574 52.09
o 30573 52.09
o 30572 52.1
o 30571 52.11
o 30570 52.12
o 30569 52.13
o 30568 52.14
o 30567 52.14
o 30566 52.15
o 30565 52.16
o 30564 52.17
o 30563 52.18
o 30562 52.19
o 30561 52.19
o 30560 52.2
o 30559 52.21
o 30558 52.22
o 30557 52.23
o 30556 52.24
o 30555 52.24
o 30554 52.25
o 30553 52.26
o 30552 52.26
o 30551 52.27
o 30550 52.29
o 30549 52.3
o 30548 52.31
o 30547 52.32
o 30546 52.32
o 30545 52.33
o 30544 52.34
o 30543 52.34
o 30542 52.35
o 30541 52.36
o 30540 52.36
o 30539 52.37
o 30538 52.38
o 30537 52.39
o 30536 52.39
o 30535 52.4
o 30534 52.41
o 30533 52.42
o 30532 52.43
o 30531 52.47
o 30530 52.48
o 30529 52.48
o 30528 52.49
o 30527 52.5
o 30526 52.51
o 30525 52.52
o 30524 52.53
o 30523 52.53
o 30522 52.54
o 30521 52.55
o 30520 52.55
o 30519 52.56
o 30518 52.56
o 30517 52.57
o 30516 52.58
o 30515 52.59
o 30514 52.59
o 30513 52.6
o 30512 52.61
o 30511 52.61
o 30510 52.64
o 30509 52.65
o 30508 52.65
o 30507 52.66
o 30506 52.67
o 30505 52.68
o 30504 52.68
o 30503 52.69
o 30502 52.69
o 30501 52.7
o 30500 52.71
o 30499 52.72
o 30498 52.73
o 30497 52.73
o 30496 52.74
o 30495 52.75
o 30494 52.75
o 30493 52.76
o 30492 52.77
o 30491 52.78
o 30490 52.78
o 30489 52.79
o 30488 52.81
o 30487 52.81
o 30486 52.82
o 30485 52.84
o 30484 52.85
o 30483 52.85
o 30482 52.86
o 30481 52.87
o 30480 52.87
o 30479 52.88
o 30478 52.89
o 30477 52.89
o 30476 52.9
o 30475 52.91
o 30474 52.92
o 30473 52.92
o 30472 52.93
o 30471 52.94
o 30470 52.95
o 30469 52.95
o 30468 52.96
o 30467 52.96
o 30466 52.97
o 30465 52.98
o 30464 52.99
o 30463 53.01
o 30462 53.01
o 30461 53.02
o 30460 53.03
o 30459 53.04
o 30458 53.05
o 30457 53.05
o 30456 53.06
o 30455 53.07
o 30454 53.08
o 30453 53.08
o 30452 53.09
o 30451 53.1
o 30450 53.1
o 30449 53.13
o 30448 53.14
o 30447 53.15
o 30446 53.15
o 30445 53.16
o 30444 53.17
o 30443 53.18
o 30442 53.19
o 30441 53.19
o 30440 53.2
o 30439 53.2
o 30438 53.21
o 30437 53.22
o 30436 53.23
o 30435 53.24
o 30434 53.24
o 30433 53.25
o 30432 53.26
o 30431 53.26
o 30430 53.27
o 30429 53.28
o 30428 53.28
o 30427 53.29
o 30426 53.32
o 30425 53.39
o 30424 53.41
o 30423 53.42
o 30422 53.43
o 30421 53.44
o 30420 53.45
o 30419 53.45
o 30418 53.46
o 30417 53.47
o 30416 53.47
o 30415 53.49
o 30414 53.5
o 30413 53.51
o 30412 53.52
o 30411 53.53
o 30410 53.57
o 30409 53.58
o 30408 53.59
o 30407 53.59
o 30406 53.6
o 30405 53.61
o 30404 53.63
o 30403 53.64
o 30402 53.65
o 30401 53.65
o 30400 53.73
o 30399 54.04
o 30398 54.06
o 30397 54.07
o 30396 54.07
o 30395 54.09
o 30394 54.1
o 30393 54.11
o 30392 54.12
o 30391 54.4
o 30390 54.41
o 30389 54.42
o 30388 54.45
o 30387 54.47
o 30386 54.54
o 30385 54.55
o 30384 54.61
o 30383 54.61
o 30382 54.63
o 30381 54.66
o 30380 56.21
o 30379 95.54
o 30378 95.76
o 30377 98.97
o 30376 98.99
o 30375 99
o 30374 99.01
o 30373 99.02
o 30372 99.02
o 30371 99.03
o 30370 99.15
o 30369 99.17
o 30368 99.19
o 30367 137.93
o 30366 137.94
o 30365 137.95
o 30364 137.95
o 30363 137.96
o 30362 137.97
o 30361 137.98
o 30360 137.99
o 30359 137.99
o 30358 137.99
o 30357 138
o 30356 138.01
o 30355 138.01
o 30354 138.02
o 30353 138.03
o 30352 138.03
o 30351 138.04
o 30350 138.07
o 30349 138.11
o 30348 138.11
o 30347 138.12
o 30346 138.14
o 30345 138.14
o 30344 138.15
o 30343 138.16
o 30342 138.17
o 30341 138.17
o 30340 138.18
o 30339 138.19
o 30338 138.2
o 30337 138.2
o 30336 138.28
o 30335 138.28
o 30334 138.29
o 30333 138.3
o 30332 138.31
o 30331 138.31
o 30330 138.32
o 30329 138.49
o 30328 138.5
o 30327 138.59
o 30326 138.6
o 30325 138.61
o 30324 138.62
o 30323 138.62
o 30322 138.63
o 30321 138.64
o 30320 139.05
o 30319 139.06
o 30318 139.06
o 30317 139.07
o 30316 139.08
o 30315 141.17
o 30314 141.19
o 30313 141.2
o 30312 141.21
o 30311 141.21
o 30310 141.25
abstraction-refinement-downcast-hsqldb
o 138350 25.94
o 30633 27.26
o 30632 27.27
o 30631 27.27
o 30630 27.27
o 30629 27.28
o 30628 27.28
o 30627 27.29
o 30626 27.29
o 30625 27.3
o 30624 27.3
o 30623 27.3
o 30622 27.31
o 30621 27.31
o 30620 27.32
o 30619 27.32
o 30618 27.32
o 30617 27.33
o 30616 27.33
o 30615 27.34
o 30614 27.34
o 30613 27.35
o 30612 27.35
o 30611 27.35
o 30610 27.36
o 30609 27.36
o 30608 27.37
o 30607 27.37
o 30606 27.37
o 30605 27.38
o 30604 27.38
o 30603 27.39
o 30602 27.39
o 30601 27.4
o 30600 27.4
o 30599 27.4
o 30598 27.41
o 30597 27.41
o 30596 27.42
o 30595 27.42
o 30594 27.43
o 30593 27.43
o 30592 27.44
o 30591 27.44
o 30590 27.45
o 30589 27.45
o 30588 27.46
o 30587 27.46
o 30586 27.47
o 30585 27.47
o 30584 27.47
o 30583 27.48
o 30582 27.49
o 30581 27.49
o 30580 27.5
o 30579 27.5
o 30578 27.51
o 30577 27.51
o 30576 27.52
o 30575 27.52
o 30574 27.53
o 30573 27.53
o 30572 27.54
o 30571 27.54
o 30570 27.55
o 30569 27.55
o 30568 27.56
o 30567 27.56
o 30566 27.57
o 30565 27.58
o 30564 27.59
o 30563 27.59
o 30562 27.6
o 30561 27.6
o 30560 27.61
o 30559 27.61
o 30558 27.62
o 30557 27.62
o 30556 27.63
o 30555 27.63
o 30554 27.63
o 30553 27.64
o 30552 27.64
o 30551 27.65
o 30550 27.65
o 30549 27.65
o 30548 27.66
o 30547 27.66
o 30546 27.67
o 30545 27.67
o 30544 27.68
o 30543 27.68
o 30542 27.69
o 30541 27.69
o 30540 27.72
o 30539 27.72
o 30538 27.73
o 30537 27.73
o 30536 27.74
o 30535 27.74
o 30534 27.75
o 30533 27.75
o 30532 27.76
o 30531 27.76
o 30530 27.77
o 30529 27.77
o 30528 27.77
o 30527 27.78
o 30526 27.78
o 30525 27.79
o 30524 27.79
o 30523 27.8
o 30522 27.8
o 30521 27.8
o 30520 27.81
o 30519 27.82
o 30518 27.82
o 30517 27.82
o 30516 27.83
o 30515 27.83
o 30514 27.84
o 30513 27.84
o 30512 27.85
o 30511 27.85
o 30510 27.85
o 30509 27.86
o 30508 27.86
o 30507 27.87
o 30506 27.87
o 30505 27.88
o 30504 27.88
o 30503 27.88
o 30502 27.89
o 30501 27.89
o 30500 27.97
o 30499 27.97
o 30498 27.98
o 30497 27.98
o 30496 27.98
o 30495 27.99
o 30494 27.99
o 30493 28
o 30492 28
o 30491 28.01
o 30490 28.01
o 30489 28.02
o 30488 28.03
o 30487 28.03
o 30486 28.04
o 30485 28.04
o 30484 28.05
o 30483 28.05
o 30482 28.07
o 30481 28.08
o 30480 28.09
o 30479 28.09
o 30478 28.1
o 30477 28.1
o 30476 28.11
o 30475 28.11
o 30474 28.11
o 30473 28.12
o 30472 28.12
o 30471 28.13
o 30470 28.13
o 30469 28.13
o 30468 28.14
o 30467 28.14
o 30466 28.15
o 30465 28.15
o 30464 28.16
o 30463 28.16
o 30462 28.16
o 30461 28.17
o 30460 28.17
o 30459 28.18
o 30458 28.18
o 30457 28.18
o 30456 28.19
o 30455 28.2
o 30454 28.2
o 30453 28.2
o 30452 28.21
o 30451 28.21
o 30450 28.22
o 30449 28.22
o 30448 28.23
o 30447 28.23
o 30446 28.26
o 30445 28.27
o 30444 28.27
o 30443 28.28
o 30442 28.28
o 30441 28.29
o 30440 28.29
o 30439 28.3
o 30438 28.3
o 30437 28.31
o 30436 28.31
o 30435 28.32
o 30434 28.32
o 30433 28.33
o 30432 28.33
o 30431 28.37
o 30430 28.38
o 30429 28.38
o 30428 28.39
o 30427 28.39
o 30426 28.4
o 30425 28.4
o 30424 28.41
o 30423 28.41
o 30422 28.42
o 30421 28.42
o 30420 28.42
o 30419 28.43
o 30418 28.43
o 30417 28.44
o 30416 28.44
o 30415 28.45
o 30414 28.45
o 30413 28.46
o 30412 28.46
o 30411 28.47
o 30410 28.47
o 30409 28.48
o 30408 28.5
o 30407 28.5
o 30406 28.5
o 30405 28.51
o 30404 28.51
o 30403 28.53
o 30402 28.54
o 30401 28.55
o 30400 28.55
o 30399 28.56
o 30398 28.57
o 30397 28.57
o 30396 28.58
o 30395 28.58
o 30394 28.61
o 30393 28.65
o 30392 28.66
o 30391 28.66
o 30390 28.67
o 30389 28.7
o 30388 28.7
o 30387 28.9
o 30386 28.9
o 30385 28.99
o 30384 29
o 30383 29
o 30382 29.02
o 30381 29.03
o 30380 29.33
o 30379 29.34
o 30378 29.34
o 30377 29.36
o 30376 29.37
o 30375 80.11
o 30374 80.11
o 30373 80.12
o 30372 80.12
o 30371 80.13
o 30370 80.13
o 30369 80.14
o 30368 80.14
o 30367 80.14
o 30366 80.15
o 30365 80.15
o 30364 80.16
o 30363 80.16
o 30362 80.17
o 30361 80.17
o 30360 80.17
o 30359 80.18
o 30358 80.18
o 30357 80.19
o 30356 80.19
o 30355 80.2
o 30354 80.2
o 30353 80.2
o 30352 80.21
o 30351 80.22
o 30350 80.25
o 30349 80.26
o 30348 80.27
o 30347 80.28
o 30346 80.29
o 30345 80.29
o 30344 80.3
o 30343 80.31
o 30342 80.32
o 30341 80.36
o 30340 80.37
o 30339 80.37
o 30338 80.37
o 30337 80.39
o 30336 80.4
o 30335 80.4
o 30334 80.41
o 30333 80.56
o 30332 80.56
o 30331 80.61
o 30330 80.63
o 30329 80.66
o 30328 80.66
o 30327 80.67
o 30326 80.67
o 30325 80.68
o 30324 80.68
o 30323 80.69
o 30322 80.69
o 30321 80.7
o 30320 80.71
o 30319 80.71
o 30318 80.71
o 30317 80.72
o 30316 80.72
o 30315 80.73
o 30314 80.74
o 30313 80.74
o 30312 80.75
o 30311 80.75
o 30310 80.76
o 30309 80.76
o 30308 81.42
o 30307 81.43
o 30306 81.44
o 30305 81.45
o 30304 81.45
o 30303 81.46
o 30302 81.46
o 30301 81.46
o 30300 81.47
o 30299 81.47
o 30298 81.48
o 30297 81.75
o 30296 81.76
o 30295 81.8
o 30294 197
abstraction-refinement-downcast-hsqldb
o 99614 38.32
o 30682 39.81
o 30681 39.81
o 30680 39.82
o 30679 39.82
o 30678 39.82
o 30677 39.83
o 30676 39.83
o 30675 39.84
o 30674 39.84
o 30673 39.85
o 30672 39.85
o 30671 39.86
o 30670 39.86
o 30669 39.87
o 30668 39.87
o 30667 39.88
o 30666 39.88
o 30665 39.89
o 30664 39.89
o 30663 39.9
o 30662 39.9
o 30661 39.91
o 30660 39.91
o 30659 39.92
o 30658 39.92
o 30657 39.92
o 30656 39.93
o 30655 39.93
o 30654 39.93
o 30653 39.94
o 30652 39.95
o 30651 39.95
o 30650 39.96
o 30649 39.96
o 30648 39.96
o 30647 39.97
o 30646 39.97
o 30645 39.98
o 30644 39.99
o 30643 39.99
o 30642 39.99
o 30641 40
o 30640 40
o 30639 40.01
o 30638 40.01
o 30637 40.02
o 30636 40.02
o 30635 40.03
o 30634 40.03
o 30633 40.07
o 30632 40.08
o 30631 40.09
o 30630 40.09
o 30629 40.1
o 30628 40.1
o 30627 40.11
o 30626 40.11
o 30625 40.12
o 30624 40.12
o 30623 40.12
o 30622 40.13
o 30621 40.13
o 30620 40.14
o 30619 40.14
o 30618 40.15
o 30617 40.15
o 30616 40.16
o 30615 40.16
o 30614 40.16
o 30613 40.17
o 30612 40.17
o 30611 40.18
o 30610 40.18
o 30609 40.19
o 30608 40.19
o 30607 40.2
o 30606 40.2
o 30605 40.2
o 30604 40.21
o 30603 40.21
o 30602 40.22
o 30601 40.22
o 30600 40.23
o 30599 40.23
o 30598 40.24
o 30597 40.28
o 30596 40.29
o 30595 40.29
o 30594 40.3
o 30593 40.3
o 30592 40.31
o 30591 40.31
o 30590 40.31
o 30589 40.32
o 30588 40.32
o 30587 40.33
o 30586 40.33
o 30585 40.34
o 30584 40.34
o 30583 40.35
o 30582 40.35
o 30581 40.36
o 30580 40.36
o 30579 40.36
o 30578 40.37
o 30577 40.37
o 30576 40.38
o 30575 40.38
o 30574 40.39
o 30573 40.39
o 30572 40.4
o 30571 40.4
o 30570 40.4
o 30569 40.41
o 30568 40.41
o 30567 40.42
o 30566 40.42
o 30565 40.43
o 30564 40.43
o 30563 40.44
o 30562 40.44
o 30561 40.45
o 30560 40.45
o 30559 40.46
o 30558 40.46
o 30557 40.47
o 30556 40.47
o 30555 40.48
o 30554 40.48
o 30553 40.49
o 30552 40.49
o 30551 40.5
o 30550 40.5
o 30549 40.51
o 30548 40.51
o 30547 40.52
o 30546 40.52
o 30545 40.52
o 30544 40.53
o 30543 40.53
o 30542 40.54
o 30541 40.54
o 30540 40.55
o 30539 40.55
o 30538 40.56
o 30537 40.56
o 30536 40.57
o 30535 40.57
o 30534 40.58
o 30533 40.58
o 30532 40.59
o 30531 40.59
o 30530 40.6
o 30529 40.6
o 30528 40.61
o 30527 40.61
o 30526 40.61
o 30525 40.62
o 30524 40.62
o 30523 40.63
o 30522 40.63
o 30521 40.64
o 30520 40.64
o 30519 40.65
o 30518 40.65
o 30517 40.66
o 30516 40.66
o 30515 40.67
o 30514 40.67
o 30513 40.67
o 30512 40.68
o 30511 40.69
o 30510 40.69
o 30509 40.69
o 30508 40.7
o 30507 40.7
o 30506 40.71
o 30505 40.71
o 30504 40.72
o 30503 40.72
o 30502 40.73
o 30501 40.73
o 30500 40.74
o 30499 40.74
o 30498 40.75
o 30497 40.75
o 30496 40.76
o 30495 40.77
o 30494 40.77
o 30493 40.77
o 30492 40.78
o 30491 40.78
o 30490 40.79
o 30489 40.79
o 30488 40.8
o 30487 40.8
o 30486 40.81
o 30485 40.81
o 30484 40.82
o 30483 40.82
o 30482 40.82
o 30481 40.83
o 30480 40.83
o 30479 40.84
o 30478 40.84
o 30477 40.84
o 30476 40.85
o 30475 40.85
o 30474 40.86
o 30473 40.86
o 30472 40.87
o 30471 40.87
o 30470 40.88
o 30469 40.88
o 30468 40.89
o 30467 40.89
o 30466 40.89
o 30465 40.9
o 30464 40.91
o 30463 40.91
o 30462 40.92
o 30461 40.92
o 30460 40.92
o 30459 40.93
o 30458 40.93
o 30457 40.94
o 30456 40.94
o 30455 40.95
o 30454 40.95
o 30453 40.96
o 30452 40.96
o 30451 40.97
o 30450 40.97
o 30449 40.98
o 30448 40.98
o 30447 40.99
o 30446 41
o 30445 41
o 30444 41.01
o 30443 41.01
o 30442 41.02
o 30441 41.02
o 30440 41.08
o 30439 41.09
o 30438 41.09
o 30437 41.1
o 30436 41.11
o 30435 41.12
o 30434 41.12
o 30433 41.13
o 30432 41.15
o 30431 41.15
o 30430 41.16
o 30429 41.16
o 30428 41.17
o 30427 41.18
o 30426 41.19
o 30425 41.2
o 30424 41.21
o 30423 41.21
o 30422 41.22
o 30421 41.24
o 30420 41.25
o 30419 41.25
o 30418 41.26
o 30417 41.27
o 30416 41.33
o 30415 41.34
o 30414 41.35
o 30413 41.35
o 30412 41.36
o 30411 41.37
o 30410 41.38
o 30409 41.42
o 30408 41.69
o 30407 41.69
o 30406 41.73
o 30405 41.74
o 30404 41.77
o 30403 42.73
o 30402 42.74
o 30401 42.75
o 30400 42.77
o 30399 42.77
o 30398 42.79
o 30397 42.79
o 30396 42.8
o 30395 42.81
o 30394 44.02
o 30393 44.11
o 30392 44.14
o 30391 44.15
o 30390 44.16
o 30389 44.17
o 30388 44.17
o 30387 44.57
o 30386 44.58
o 30385 44.59
o 30384 44.61
o 30383 44.61
o 30382 44.63
o 30381 44.63
o 30380 44.65
o 30379 44.71
o 30378 50.85
o 30377 50.94
o 30376 50.94
o 30375 51.05
o 30374 51.08
o 30373 51.09
o 30372 72.28
o 30371 72.29
o 30370 72.29
o 30369 72.3
o 30368 72.31
o 30367 72.31
o 30366 72.32
o 30365 72.32
o 30364 72.32
o 30363 72.35
o 30362 72.35
o 30361 72.36
o 30360 72.36
o 30359 72.37
o 30358 72.38
o 30357 72.38
o 30356 72.39
o 30355 72.39
o 30354 72.4
o 30353 72.4
o 30352 72.42
o 30351 72.42
o 30350 72.43
o 30349 72.43
o 30348 72.44
o 30347 72.45
o 30346 72.45
o 30345 72.46
o 30344 72.46
o 30343 72.47
o 30342 72.48
o 30341 72.48
o 30340 72.52
o 30339 72.88
o 30338 72.88
o 30337 72.89
o 30336 72.89
o 30335 72.9
o 30334 72.92
o 30333 72.92
o 30332 72.93
o 30331 72.95
o 30330 72.95
o 30329 72.96
o 30328 72.97
o 30327 72.97
o 30326 73.02
o 30325 73.03
o 30324 73.03
o 30323 73.05
o 30322 73.06
o 30321 73.06
o 30320 73.07
o 30319 73.07
o 30318 73.08
o 30317 73.08
o 30316 73.1
o 30315 73.11
o 30314 73.11
o 30313 73.12
o 30312 73.12
o 30311 73.13
o 30310 73.13
o 30309 154.97
o 30308 154.97
o 30307 154.98
o 30306 155.02
o 30305 155.02
o 30304 155.03
o 30303 155.04
o 30302 155.05
o 30301 155.06
o 30300 155.06
o 30299 155.07
o 30298 155.07
o 30297 155.08
o 30296 155.09
o 30295 155.1
o 30294 155.1
o 30293 155.11
o 30292 155.12
o 30291 155.12
o 30290 155.16
