decision-tree-heart-cleveland-un-formula_0.8_2021_atleast_31_max-4_reduced_incomplete_adaboost_4
o 152 0.44
o 146 0.55
o 144 4.5
o 143 7.54
o 139 13.73
o 136 20.57
o 133 30.13
o 132 31.25
o 129 31.34
o 124 151.6
decision-tree-heart-cleveland-un-formula_0.8_2021_atleast_31_max-4_reduced_incomplete_adaboost_4
o 146 1.64
o 141 11.67
o 137 21.27
o 136 26.3
o 135 44.86
o 131 55.52
o 130 68.14
o 128 112.85
decision-tree-heart-cleveland-un-formula_0.8_2021_atleast_31_max-4_reduced_incomplete_adaboost_4
o 146 0.47
o 143 8.23
o 136 11.74
o 129 86.78
o 128 164.38
o 124 210.52
decision-tree-heart-cleveland-un-formula_0.8_2021_atleast_31_max-4_reduced_incomplete_adaboost_4
o 149 0.61
o 146 0.81
o 144 3.5
o 137 17.38
o 133 46.25
o 129 185.11
o 128 275.78
decision-tree-heart-cleveland-un-formula_0.8_2021_atleast_31_max-4_reduced_incomplete_adaboost_4
o 152 0.68
o 146 0.79
o 136 2.83
o 130 16.34
o 129 105.67
decision-tree-heart-cleveland-un-formula_0.8_2021_atleast_31_max-4_reduced_incomplete_adaboost_4
o 152 0.53
o 146 0.75
o 141 0.99
o 136 6.25
o 134 61.8
o 133 61.8
o 132 61.8
o 131 61.82
decision-tree-heart-cleveland-un-formula_0.8_2021_atleast_31_max-4_reduced_incomplete_adaboost_4
o 152 0.6
o 146 1.37
o 141 5.05
o 140 7.86
o 138 18.59
o 137 37.12
o 136 89.23
o 130 91.82
o 127 280.96
decision-tree-heart-cleveland-un-formula_0.8_2021_atleast_31_max-4_reduced_incomplete_adaboost_4
o 149 0.6
o 146 0.86
o 137 1.67
o 133 3.24
o 123 39.95
o 120 177.43
decision-tree-heart-cleveland-un-formula_0.8_2021_atleast_31_max-4_reduced_incomplete_adaboost_4
o 146 0.66
o 142 1.24
o 138 1.25
o 137 2.33
o 132 5.31
o 127 98.29
o 124 122.95
decision-tree-heart-cleveland-un-formula_0.8_2021_atleast_31_max-4_reduced_incomplete_adaboost_4
o 152 0.53
o 149 0.7
o 146 1.42
o 141 1.48
o 139 3.6
o 137 7.61
o 135 13.72
o 134 63.45
o 130 82.86
o 127 282.4
o 123 282.41
