decision-tree-heart-cleveland-un-formula_0.8_2021_atleast_31_max-4_reduced_incomplete_adaboost_6
o 347 0.5
o 301 0.8
o 265 0.85
o 242 1.71
o 238 2.21
o 223 13.67
o 219 15.16
o 199 188.07
decision-tree-heart-cleveland-un-formula_0.8_2021_atleast_31_max-4_reduced_incomplete_adaboost_6
o 261 1
o 242 1.29
o 227 24.29
o 223 42.49
o 216 191.55
o 204 251.51
decision-tree-heart-cleveland-un-formula_0.8_2021_atleast_31_max-4_reduced_incomplete_adaboost_6
o 349 0.71
o 281 0.87
o 266 0.96
o 242 1.11
o 241 2.44
o 231 6.23
o 223 25.56
o 221 108.49
o 219 259.72
o 215 275.55
decision-tree-heart-cleveland-un-formula_0.8_2021_atleast_31_max-4_reduced_incomplete_adaboost_6
o 347 0.57
o 242 0.75
o 235 1.86
o 232 15.56
o 227 16.61
o 219 18.53
o 201 81.4
decision-tree-heart-cleveland-un-formula_0.8_2021_atleast_31_max-4_reduced_incomplete_adaboost_6
o 349 0.49
o 246 0.6
o 242 0.77
o 239 5.11
o 234 5.4
o 231 9.52
o 226 38.71
o 210 40.45
decision-tree-heart-cleveland-un-formula_0.8_2021_atleast_31_max-4_reduced_incomplete_adaboost_6
o 349 0.44
o 347 0.61
o 279 0.84
o 242 0.88
o 219 5.23
o 200 32.93
decision-tree-heart-cleveland-un-formula_0.8_2021_atleast_31_max-4_reduced_incomplete_adaboost_6
o 349 0.49
o 294 0.87
o 257 1.08
o 242 1.1
o 230 2.45
o 219 24.74
decision-tree-heart-cleveland-un-formula_0.8_2021_atleast_31_max-4_reduced_incomplete_adaboost_6
o 349 0.57
o 347 0.73
o 242 0.77
o 219 15.52
o 216 277.59
decision-tree-heart-cleveland-un-formula_0.8_2021_atleast_31_max-4_reduced_incomplete_adaboost_6
o 246 0.52
o 242 0.78
o 240 1.1
o 234 9.72
o 226 18.24
o 224 45.9
o 223 45.91
o 221 93.57
o 219 98.12
o 216 193.49
decision-tree-heart-cleveland-un-formula_0.8_2021_atleast_31_max-4_reduced_incomplete_adaboost_6
o 242 0.5
o 237 4.51
o 220 19.2
o 219 38.49
o 216 65.1
