decision-tree-tic-tac-toe-un-formula_0.8_2021_atleast_15_max-3_reduced_incomplete_adaboost_3
o 462 0.15
o 438 0.92
o 436 22.02
o 429 33.05
o 413 38.88
o 403 46.55
o 350 46.57
decision-tree-tic-tac-toe-un-formula_0.8_2021_atleast_15_max-3_reduced_incomplete_adaboost_3
o 592 0.21
o 462 0.32
o 457 1.45
o 454 3.38
o 430 3.38
o 422 10.92
o 392 10.92
decision-tree-tic-tac-toe-un-formula_0.8_2021_atleast_15_max-3_reduced_incomplete_adaboost_3
o 587 0.19
o 503 0.32
o 443 0.38
o 420 5.42
o 408 100.97
o 398 149.39
o 396 240.28
o 385 240.35
decision-tree-tic-tac-toe-un-formula_0.8_2021_atleast_15_max-3_reduced_incomplete_adaboost_3
o 462 0.17
o 446 1.8
o 443 3.03
o 441 6.58
o 418 12.66
o 416 135.88
o 405 135.92
o 384 140.75
decision-tree-tic-tac-toe-un-formula_0.8_2021_atleast_15_max-3_reduced_incomplete_adaboost_3
o 596 0.24
o 565 0.36
o 533 0.49
o 462 0.51
o 443 0.6
o 429 12.15
o 419 24.13
o 418 45.15
o 405 57.2
o 391 137.38
decision-tree-tic-tac-toe-un-formula_0.8_2021_atleast_15_max-3_reduced_incomplete_adaboost_3
o 462 0.15
o 443 0.37
o 442 1.34
o 441 8.36
o 417 23.14
o 411 47.99
o 405 189.27
o 401 205.26
decision-tree-tic-tac-toe-un-formula_0.8_2021_atleast_15_max-3_reduced_incomplete_adaboost_3
o 489 0.19
o 438 0.69
o 435 28.97
o 425 37.87
o 418 48.3
o 416 58.2
o 413 89.52
o 397 127.02
decision-tree-tic-tac-toe-un-formula_0.8_2021_atleast_15_max-3_reduced_incomplete_adaboost_3
o 462 0.16
o 443 0.73
o 418 30.77
o 412 64.68
o 406 83.15
o 393 130.87
o 363 231.47
decision-tree-tic-tac-toe-un-formula_0.8_2021_atleast_15_max-3_reduced_incomplete_adaboost_3
o 592 0.24
o 462 0.35
o 443 0.48
o 438 0.75
o 436 2.25
o 418 13.36
o 408 52.35
o 400 79.69
decision-tree-tic-tac-toe-un-formula_0.8_2021_atleast_15_max-3_reduced_incomplete_adaboost_3
o 489 0.15
o 462 0.34
o 443 0.89
o 440 4.06
o 438 29.26
o 431 29.27
o 421 32.28
o 415 32.29
o 409 36.23
o 406 52.66
o 405 144.16
o 396 208.88
o 390 259.29
o 380 272.75
