generalized-ising-IS16_5.0.5.0.0.5_softer_periodic
o 118465958521157 0.02
o 118261852578772 0.02
o 118061684110762 0.02
o 117871776647784 0.02
o 117660469892014 0.02
o 117514120920323 0.02
o 117358255827753 0.02
o 117230006759807 0.02
o 117127676396718 0.02
o 117010437890900 0.02
o 116884331059993 0.02
o 116773257183408 0.02
o 116654665702307 0.02
o 116538584627776 0.02
o 116433439282027 0.02
o 116351076912073 0.02
o 116339581879791 0.02
o 116255829939742 0.02
o 116173396288604 0.02
o 116090070140304 0.02
o 116045212774763 0.02
o 116017364310733 0.02
o 115986513630752 0.02
o 115924830313820 0.02
o 115882347240818 0.02
o 115871809232704 0.02
o 115810415363631 0.02
o 115797371985471 0.02
o 115745345560911 0.02
o 115744730854261 0.03
o 115732235161749 0.03
o 115726009711527 0.03
o 115712588767002 0.03
o 115706851209013 0.03
o 115706573610585 0.03
o 115699204292077 0.04
o 115682125313148 0.04
o 115671937979605 0.04
o 115651009249315 0.04
o 115627685737366 0.04
o 115623325923735 0.05
o 115612752885634 0.05
o 115609995588125 0.06
o 115604321744796 0.07
o 115596033861559 0.07
o 115586115095452 0.09
o 115583093320218 0.09
o 115559963990418 0.09
o 115540202108908 0.09
o 115527965483347 0.09
o 115526571023865 107.16
generalized-ising-IS16_5.0.5.0.0.5_softer_periodic
o 120951538464816 0.02
o 120663643550572 0.03
o 120386887813730 0.03
o 120131240957660 0.03
o 119829556222760 0.03
o 119568138425146 0.03
o 119333768660117 0.03
o 119157788420086 0.03
o 118941615740612 0.03
o 118768901185353 0.03
o 118579385380062 0.03
o 118378689250769 0.03
o 118233094515055 0.03
o 118075261663523 0.03
o 117919858344802 0.03
o 117784621127464 0.03
o 117609034910654 0.03
o 117490883347188 0.03
o 117346628325831 0.03
o 117220468425594 0.03
o 117054572868157 0.03
o 116937899560677 0.03
o 116833547844217 0.03
o 116738425214834 0.03
o 116607655446371 0.03
o 116592060424396 0.03
o 116529881499733 0.03
o 116515505465341 0.03
o 116429482040953 0.03
o 116319175129716 0.03
o 116224048509560 0.03
o 116133229653339 0.03
o 116088483667249 0.03
o 116069452088712 0.03
o 116001107219405 0.03
o 115923410229449 0.03
o 115871499781708 0.03
o 115855892487427 0.03
o 115826370524585 0.03
o 115798119224119 0.03
o 115793838227482 0.03
o 115786634413457 0.03
o 115783993888667 0.03
o 115783940432135 0.03
o 115775414457541 0.04
o 115762623228727 0.04
o 115760617427901 0.04
o 115758622912352 0.04
o 115756632388460 0.04
o 115729645621207 0.04
o 115728683299016 0.04
o 115697202005078 0.04
o 115681962464842 0.05
o 115638828289440 0.05
o 115637905650915 0.07
o 115623212736198 0.08
o 115621993967075 0.09
o 115614946835663 0.09
o 115607380611945 0.09
o 115600326156953 0.09
o 115581863043264 0.11
o 115573780805326 0.11
o 115567421997070 0.11
o 115562676160871 126.31
o 115558749927955 126.31
o 115549846506350 126.31
o 115548676800646 126.31
generalized-ising-IS16_5.0.5.0.0.5_softer_periodic
o 118214284838814 0.02
o 117967517393558 0.02
o 117792854676185 0.02
o 117585197927169 0.02
o 117414160834954 0.02
o 117241199238862 0.02
o 117103412391387 0.02
o 116940849904470 0.02
o 116794906682524 0.02
o 116708715475056 0.02
o 116590772051785 0.02
o 116504466312535 0.02
o 116376843677109 0.02
o 116286073227945 0.02
o 116196736437713 0.02
o 116104493029646 0.02
o 116089695852801 0.02
o 116013016268350 0.02
o 115957574035800 0.02
o 115910354185484 0.02
o 115848927425631 0.02
o 115837322421785 0.02
o 115812550036226 0.02
o 115766319708334 0.02
o 115750548190164 0.02
o 115748256671412 0.02
o 115723665522018 0.02
o 115689989935670 0.02
o 115667249269108 0.02
o 115653270734350 0.02
o 115639185562010 0.03
o 115634760035305 0.03
o 115622531164083 0.04
o 115620547406825 0.04
o 115601454693459 0.04
o 115584413495069 0.04
o 115548623813486 0.04
o 115528702617581 0.04
o 115519537704508 0.06
generalized-ising-IS16_5.0.5.0.0.5_softer_periodic
o 118830982759488 0.02
o 118637040365626 0.02
o 118450625778070 0.02
o 118222164810793 0.02
o 118016344404526 0.02
o 117853773055820 0.02
o 117694246391641 0.02
o 117525660521494 0.02
o 117369875469356 0.02
o 117256690622083 0.02
o 117131599204957 0.02
o 117012850951158 0.02
o 116900879594733 0.02
o 116796254219189 0.02
o 116623882837637 0.02
o 116622063250397 0.02
o 116537302719511 0.02
o 116409493143383 0.02
o 116324835951420 0.02
o 116244773180328 0.02
o 116165122300516 0.02
o 116115615526392 0.02
o 116052674005931 0.02
o 115979397803522 0.02
o 115917359369523 0.02
o 115912390803456 0.02
o 115869335796857 0.02
o 115869183390822 0.02
o 115859158520507 0.02
o 115838667403741 0.02
o 115812169093277 0.02
o 115792267753046 0.02
o 115773083040023 0.02
o 115754316314513 0.02
o 115720834844273 0.02
o 115699371282659 0.02
o 115698395617500 0.03
o 115683427501348 0.03
o 115679749667260 0.03
o 115667453610874 0.03
o 115665051903000 0.03
o 115656965255737 0.03
o 115652550295387 0.03
o 115645005745804 0.03
o 115635913028929 0.03
o 115628718521106 0.03
o 115627852178534 0.03
o 115627828691189 0.03
o 115616885207716 0.03
o 115608395556894 0.04
o 115600688745676 0.04
o 115593895367167 0.05
o 115592236033315 0.05
o 115586356978361 0.05
o 115582359400708 100.9
o 115566512861481 100.9
o 115555425808562 100.91
generalized-ising-IS16_5.0.5.0.0.5_softer_periodic
o 120501616335570 0.03
o 120256772642450 0.03
o 120028686861996 0.03
o 119789011009623 0.03
o 119563277131046 0.03
o 119288404540961 0.03
o 119054385051539 0.03
o 118862918418759 0.03
o 118697850131900 0.03
o 118477283832184 0.03
o 118244237671382 0.03
o 118046044154325 0.03
o 117898985902155 0.03
o 117731555865215 0.03
o 117573214556879 0.03
o 117440190106462 0.03
o 117255348924471 0.03
o 117151140287864 0.03
o 117002940787228 0.03
o 116909413025848 0.03
o 116829414152265 0.03
o 116727268821195 0.03
o 116698182733503 0.03
o 116595771686410 0.03
o 116482305088574 0.03
o 116387413829399 0.03
o 116268211378152 0.03
o 116193778812214 0.03
o 116179114477689 0.03
o 116113220619665 0.03
o 116070399267307 0.03
o 116026447884949 0.03
o 116001412416418 0.03
o 115985362864706 0.03
o 115928774305931 0.03
o 115914811143152 0.04
o 115890373515208 0.04
o 115888504298607 0.04
o 115877315041768 0.04
o 115875805494379 0.04
o 115864093789048 0.04
o 115843368378226 0.04
o 115836694259083 0.04
o 115828905077590 0.04
o 115818036286788 0.05
o 115814509958093 0.05
o 115813336705754 0.05
o 115806841125060 0.05
o 115796921504002 0.05
o 115768578934681 0.05
o 115735396622006 0.05
o 115734640396521 0.05
o 115727705496836 0.05
o 115705273971499 0.05
o 115683170331357 0.05
o 115680155506553 0.05
o 115679630650540 0.06
o 115630136968119 0.06
o 115609757822572 0.06
o 115586958252165 0.07
o 115575773929819 0.08
o 115570158932202 0.08
o 115558659798713 0.08
o 115549824689121 0.08
o 115538800233524 0.08
o 115521460781068 238.83
o 115519306655223 238.83
generalized-ising-IS16_5.0.5.0.0.5_softer_periodic
o 118959824514587 0.02
o 118751756631337 0.02
o 118549451138125 0.02
o 118375329960125 0.02
o 118193249620395 0.02
o 118001316152867 0.02
o 117800776080278 0.02
o 117654908084165 0.02
o 117494597751530 0.02
o 117359443129894 0.02
o 117221619781254 0.02
o 117087946614240 0.02
o 116961926266749 0.02
o 116835684872753 0.02
o 116710010808962 0.02
o 116641676020006 0.02
o 116510294453577 0.02
o 116422691276763 0.02
o 116336501015356 0.02
o 116236305583644 0.02
o 116152161575038 0.02
o 116118090511258 0.02
o 116059513061968 0.02
o 116015078918609 0.02
o 115999078139750 0.02
o 115992012192170 0.02
o 115957774943866 0.02
o 115945192956135 0.02
o 115893615778780 0.02
o 115854524090148 0.02
o 115819863334619 0.02
o 115796477849007 0.02
o 115761137521395 0.02
o 115740657568288 0.02
o 115734211538299 0.02
o 115715756088047 0.02
o 115714436667436 0.03
o 115695920626837 0.03
o 115685785813242 0.03
o 115679461889078 0.03
o 115665361375820 0.03
o 115620190719842 0.03
o 115606851536241 0.04
o 115604200027503 0.06
o 115564980243381 0.06
o 115563666530218 0.06
o 115557512824390 0.06
o 115551302822435 97.38
o 115539318240159 200.29
generalized-ising-IS16_5.0.5.0.0.5_softer_periodic
o 121504523915923 0.02
o 121207012836921 0.02
o 120889125813648 0.02
o 120582744340358 0.02
o 120341197579592 0.02
o 120071950427863 0.02
o 119782069649692 0.02
o 119596729055566 0.02
o 119343964207269 0.02
o 119127196768980 0.02
o 118953744429458 0.02
o 118788294975312 0.02
o 118597335795026 0.02
o 118427972491063 0.02
o 118249641343184 0.02
o 118060100148101 0.02
o 117882562250166 0.02
o 117738061971287 0.02
o 117587621026680 0.02
o 117448657573268 0.02
o 117387705065289 0.03
o 117265524538111 0.03
o 117150526999672 0.03
o 117143155979883 0.03
o 117020243368229 0.03
o 116989054760030 0.03
o 116947339068481 0.03
o 116864085775729 0.03
o 116764348614875 0.03
o 116667801282297 0.03
o 116598054270071 0.03
o 116521159619239 0.03
o 116520771585748 0.03
o 116488830169522 0.03
o 116416471610408 0.03
o 116381633203951 0.03
o 116309020633496 0.03
o 116243077509223 0.03
o 116240566209707 0.03
o 116198673763946 0.03
o 116156566899678 0.03
o 116155479203220 0.03
o 116085140555907 0.03
o 116033183170639 0.03
o 116025893654898 0.03
o 115964356614282 0.03
o 115908051831279 0.03
o 115905620440589 0.03
o 115899585931884 0.03
o 115888871587423 0.04
o 115879678836141 0.04
o 115823536396284 0.04
o 115809224016425 0.04
o 115801368635365 0.04
o 115788333505848 0.04
o 115748930114444 0.04
o 115735396174763 0.04
o 115703752922490 0.05
o 115691726782366 0.05
o 115681575267791 0.06
o 115669374794245 0.06
o 115651128799508 0.06
o 115647621875240 0.06
o 115635054987121 0.06
o 115590122563435 0.06
o 115587399067932 0.06
o 115574355977773 0.06
o 115567332369287 0.06
o 115566489207736 0.07
o 115564054969869 0.08
o 115536741878176 0.08
generalized-ising-IS16_5.0.5.0.0.5_softer_periodic
o 119146696585365 0.02
o 118947256526913 0.02
o 118720794899175 0.02
o 118517360036108 0.02
o 118291591500374 0.02
o 118142164100793 0.02
o 117996606892204 0.02
o 117825750561884 0.02
o 117561707478720 0.02
o 117396068175747 0.02
o 117247810157983 0.02
o 117106401037498 0.02
o 116983831764191 0.02
o 116857407463723 0.02
o 116747590415620 0.02
o 116648890445707 0.02
o 116560920974310 0.02
o 116458835077760 0.02
o 116371464609936 0.02
o 116275784096587 0.02
o 116274471715352 0.02
o 116194868288279 0.02
o 116186317549075 0.02
o 116127364015716 0.02
o 116095430678435 0.02
o 116046458448382 0.02
o 115970650522176 0.02
o 115912834391485 0.02
o 115843128926975 0.02
o 115842040941122 0.02
o 115808244846617 0.02
o 115798552023951 0.02
o 115792801290661 0.02
o 115790843890808 0.02
o 115728624501386 0.02
o 115728492010926 0.02
o 115715344299518 0.02
o 115712058255354 0.03
o 115675482864195 0.03
o 115668695274735 0.03
o 115647484878047 0.03
o 115625259343184 0.03
o 115625124612400 0.03
o 115624056834582 0.03
o 115593739479498 0.03
o 115584777491289 0.05
o 115568948204448 0.06
o 115561601064903 0.06
o 115545760404607 0.06
o 115544826851691 0.06
o 115544772451668 97.73
generalized-ising-IS16_5.0.5.0.0.5_softer_periodic
o 121129561656995 0.03
o 120819213932732 0.03
o 120539297831335 0.03
o 120305820164325 0.03
o 120051543753541 0.03
o 119815061961823 0.03
o 119591774296396 0.03
o 119370950838338 0.03
o 119190242512512 0.03
o 119027274729574 0.03
o 118861711805477 0.03
o 118690245378932 0.03
o 118519902744033 0.03
o 118321815289481 0.03
o 118149112718063 0.03
o 117997696057072 0.03
o 117862752453755 0.03
o 117717155870507 0.03
o 117578975489801 0.03
o 117399668963676 0.03
o 117268325354636 0.03
o 117125783811001 0.03
o 117055895748742 0.03
o 116947972397093 0.03
o 116848939825258 0.03
o 116761400763174 0.03
o 116653869838022 0.03
o 116626243199263 0.03
o 116520857916459 0.03
o 116450942524789 0.03
o 116378175889270 0.03
o 116362409140172 0.03
o 116263129976777 0.03
o 116259667349471 0.03
o 116184124648935 0.03
o 116081012344671 0.03
o 116021451806753 0.03
o 115997620739479 0.03
o 115993282681552 0.03
o 115936968803660 0.03
o 115886940346882 0.03
o 115858766166920 0.04
o 115856672157850 0.04
o 115853689637109 0.04
o 115795822379508 0.04
o 115785549933068 0.04
o 115784930429342 0.04
o 115775883273670 0.04
o 115773865566711 0.04
o 115753044401607 0.05
o 115751442681093 0.05
o 115747096796108 0.05
o 115718221981014 0.05
o 115717120548915 0.06
o 115707658005030 0.06
o 115705737192866 0.06
o 115705342408739 0.06
o 115697525201557 0.06
o 115674235132656 0.06
o 115671333051875 0.06
o 115666669671921 0.06
o 115665915865589 0.06
o 115632508263766 0.06
o 115628305236946 0.06
o 115613617267778 0.06
o 115606725034050 0.06
o 115601043931964 0.06
o 115598209534076 0.06
o 115588703294252 0.06
o 115584241547786 0.08
o 115570912886216 0.08
o 115567174082867 0.1
o 115546818829094 199.32
generalized-ising-IS16_5.0.5.0.0.5_softer_periodic
o 119840989446112 0.02
o 119632546057775 0.03
o 119399583106821 0.03
o 119183490121860 0.03
o 118964422631893 0.03
o 118694199879056 0.03
o 118403527321121 0.03
o 118210360552869 0.03
o 118059426451593 0.03
o 117864727212761 0.03
o 117691398389670 0.03
o 117555470893923 0.03
o 117392682201717 0.03
o 117249522414713 0.03
o 117091606265367 0.03
o 116972386379999 0.03
o 116839434941467 0.03
o 116721783402315 0.03
o 116601115551005 0.03
o 116500828812173 0.03
o 116416437101588 0.03
o 116349738635832 0.03
o 116266265397531 0.03
o 116184558030861 0.03
o 116182696902151 0.03
o 116130912458871 0.03
o 116097549474965 0.03
o 116081002549947 0.03
o 116044086879664 0.03
o 116040993178725 0.03
o 115967579445667 0.03
o 115926685042605 0.03
o 115903475562170 0.03
o 115897466004673 0.03
o 115868542151594 0.03
o 115847952025947 0.03
o 115840044931155 0.03
o 115801427121185 0.03
o 115780920506558 0.03
o 115774936161365 0.03
o 115774323790896 0.03
o 115755876290362 0.04
o 115753842967664 0.04
o 115722199309223 0.04
o 115720023309955 0.04
o 115719231199299 0.04
o 115718947818851 0.04
o 115716870953451 0.04
o 115710964662104 0.05
o 115709485477797 0.05
o 115695892786643 0.05
o 115693073202452 0.05
o 115690473888756 0.05
o 115687191655493 0.05
o 115666756028279 0.05
o 115665450681726 0.05
o 115637156188897 0.05
o 115629124618015 0.05
o 115585656717634 0.05
o 115584821119864 0.05
o 115571681321498 0.05
o 115565180045313 0.05
o 115557979146371 0.06
o 115549476728977 97.58
o 115530693828438 97.58
