ParametricRBACMaintenance_mse20-role_domino_multiple_0.5_1
o 308637 1.45
o 142797 14.61
o 142691 19.88
o 142671 22.81
o 142625 185.35
o 142622 185.47
o 140880 288.17
ParametricRBACMaintenance_mse20-role_domino_multiple_0.5_1
o 319830 1.42
o 142798 15.69
o 141533 159.19
ParametricRBACMaintenance_mse20-role_domino_multiple_0.5_1
o 329132 1.44
o 148030 19.63
o 142857 19.75
o 142801 20.12
o 142608 128.36
ParametricRBACMaintenance_mse20-role_domino_multiple_0.5_1
o 324323 1.17
o 142834 13.27
o 141854 18.81
ParametricRBACMaintenance_mse20-role_domino_multiple_0.5_1
o 313612 1.38
o 149295 21.94
o 149280 21.94
o 142907 22.07
o 142787 22.4
o 142657 78.78
o 142625 81.75
o 142606 82.46
ParametricRBACMaintenance_mse20-role_domino_multiple_0.5_1
o 303031 1.31
o 142865 20.79
o 142833 23.41
o 142821 71.37
o 142801 74.45
o 142786 125.21
o 142758 125.86
o 142625 223.38
o 141768 267.46
ParametricRBACMaintenance_mse20-role_domino_multiple_0.5_1
o 307971 1.2
o 307958 1.24
o 142773 21.52
o 141514 22.58
o 141323 224
ParametricRBACMaintenance_mse20-role_domino_multiple_0.5_1
o 324170 1.14
o 142833 15.11
o 142772 15.83
o 142759 66.56
o 141632 70.01
o 141537 125.12
ParametricRBACMaintenance_mse20-role_domino_multiple_0.5_1
o 302739 1.35
o 142692 13.82
o 142690 13.82
o 142680 13.9
o 142678 14.66
o 142622 15.45
o 141998 17.1
o 141694 120.58
ParametricRBACMaintenance_mse20-role_domino_multiple_0.5_1
o 298107 1.69
o 142416 14.65
o 142365 16.9
o 141563 107.93
