setcover-rail507
o 245 2.11
o 244 2.11
o 243 2.11
o 242 2.11
o 241 2.11
o 240 2.11
o 239 93.15
o 238 93.16
o 237 93.16
o 236 93.16
o 235 93.16
o 234 186.67
o 233 186.67
setcover-rail507
o 244 1.93
o 243 1.93
o 242 1.93
o 241 1.93
o 240 1.93
o 239 1.93
o 238 1.93
o 237 1.93
o 236 1.93
o 235 1.93
o 234 1.93
setcover-rail507
o 248 2.05
o 247 2.05
o 246 2.05
o 245 2.06
o 244 2.06
o 243 2.06
o 242 2.06
o 241 2.06
o 240 2.06
setcover-rail507
o 254 2.06
o 253 2.07
o 252 2.07
o 251 2.07
o 250 2.07
o 249 2.07
o 248 2.07
o 247 2.07
o 245 2.07
o 244 2.07
o 243 2.07
o 242 2.07
o 241 2.07
o 240 2.07
o 239 2.07
o 238 88.72
o 237 88.72
o 236 88.72
o 235 88.72
setcover-rail507
o 252 1.98
o 251 1.98
o 250 1.98
o 249 1.98
o 248 1.98
o 247 1.98
o 246 1.98
o 245 1.98
o 244 1.98
o 243 1.98
o 242 1.98
o 241 1.98
o 240 187.29
o 239 187.29
o 238 187.29
o 237 271.78
o 236 271.78
o 235 271.78
o 234 271.78
o 233 271.78
o 232 271.78
setcover-rail507
o 248 2.02
o 247 2.03
o 246 2.03
o 245 2.03
o 244 2.03
o 243 2.03
o 242 2.03
o 241 2.03
o 240 2.03
o 239 2.03
o 238 2.03
o 237 2.03
o 236 96.39
o 235 96.39
o 234 96.39
o 233 96.39
setcover-rail507
o 256 2.08
o 255 2.08
o 254 2.08
o 253 2.08
o 252 2.08
o 251 2.08
o 250 2.08
o 249 2.08
o 248 2.08
o 247 2.08
o 246 2.08
o 245 2.08
o 244 2.08
o 243 2.08
o 242 2.09
o 241 2.09
o 240 93.85
o 239 93.85
o 238 93.85
setcover-rail507
o 248 1.96
o 247 1.97
o 244 1.97
o 243 1.97
o 242 1.97
o 241 1.97
o 240 1.97
o 239 1.97
o 238 1.97
o 237 174.28
setcover-rail507
o 250 6.72
o 249 6.73
o 248 6.73
o 247 6.73
o 246 6.73
o 245 6.73
o 244 6.73
o 243 6.73
o 242 6.73
o 241 6.73
o 240 6.73
o 239 6.73
o 238 6.73
o 237 164.9
setcover-rail507
o 244 1.96
o 243 1.96
o 242 1.96
o 241 1.96
o 240 1.96
o 239 1.96
o 238 1.96
o 237 1.96
o 236 82.59
o 235 82.59
o 234 82.59
o 233 82.59
o 232 82.59
o 231 82.59
