spot5-1403.wcsp.log
o 521267 0.01
o 493265 3.62
o 493244 8.52
o 491244 8.52
o 489245 8.52
o 489244 8.52
o 488244 8.52
o 487245 8.57
o 487243 8.58
o 486242 9.11
o 482245 9.13
o 480246 9.13
o 479244 9.14
o 478243 9.39
o 476244 9.39
o 476239 9.86
o 475239 9.86
o 474246 9.86
o 474240 10.82
o 473240 14.57
o 471240 14.57
o 470244 80.73
o 468245 220.69
o 468244 262.71
o 468242 262.71
spot5-1403.wcsp.log
o 518271 0.01
o 516271 0.01
o 485270 3.3
o 484245 13.65
o 484244 13.65
o 484242 13.75
o 483244 13.75
o 483238 13.75
o 482250 13.85
o 480250 13.85
o 479252 13.85
o 478243 14.05
o 478241 14.05
o 476243 15
o 475247 15.92
o 475245 15.92
o 474242 17.61
o 473242 17.61
o 473240 25.85
o 472247 46.57
o 470250 46.57
o 470247 46.57
o 470245 46.57
o 470244 46.57
o 470242 46.57
o 468242 46.57
spot5-1403.wcsp.log
o 521264 0.01
o 503260 3.96
o 503259 3.96
o 502259 3.96
o 501259 3.96
o 499260 3.96
o 499259 3.96
o 499258 3.96
o 498258 3.96
o 497258 3.96
o 497252 7.74
o 497247 7.78
o 497243 7.87
o 495243 7.87
o 494245 7.87
o 492244 7.88
o 492243 7.88
o 491246 8.03
o 491245 8.03
o 490247 8.03
o 489247 8.03
o 489241 8.06
o 487242 8.06
o 486248 8.2
o 485244 8.32
o 482249 8.33
o 482246 8.56
o 482245 8.56
o 481246 8.6
o 481244 8.61
o 481242 8.61
o 481240 8.71
o 479240 8.71
o 477244 8.77
o 477243 9.16
o 477242 9.16
o 475244 9.16
o 474245 9.84
o 472245 11.77
o 472244 11.77
o 471242 14.1
o 470249 14.31
o 469247 16.46
o 469244 99.45
o 468245 184.19
spot5-1403.wcsp.log
o 514267 0.01
o 514266 4.36
o 513266 4.36
o 513265 4.36
o 513264 4.36
o 512265 4.36
o 512264 4.36
o 512263 4.36
o 511264 4.36
o 510266 4.36
o 510260 5.11
o 509260 5.11
o 509256 5.4
o 507256 5.4
o 506258 5.78
o 506255 5.78
o 505256 5.92
o 505250 6.49
o 503250 6.49
o 503248 6.67
o 503243 7.7
o 502251 7.73
o 502245 7.82
o 501249 7.85
o 501247 7.85
o 499247 7.85
o 499246 7.85
o 499244 7.85
o 498242 7.88
o 498241 7.88
o 497244 7.88
o 496246 7.88
o 496243 7.98
o 496241 7.98
o 495243 7.98
o 493244 7.98
o 492243 7.98
o 490243 7.98
o 488243 7.98
o 486243 7.99
o 485244 7.99
o 484247 8.44
o 484244 8.47
o 481245 8.47
o 479245 8.47
o 479244 8.6
o 479243 8.6
o 477243 8.6
o 476244 8.97
o 474244 8.97
o 474243 8.97
o 474241 8.97
o 473244 11.83
o 472242 15.35
o 472241 15.35
o 470247 17.25
o 469244 17.25
o 468239 20.87
spot5-1403.wcsp.log
o 523261 0.01
o 497267 3.3
o 495267 4.1
o 493267 4.1
o 491268 4.1
o 491266 4.1
o 491244 8.19
o 490244 8.2
o 489244 8.2
o 489243 8.31
o 489241 8.31
o 488242 8.43
o 487242 8.44
o 483244 8.6
o 482246 8.73
o 482244 8.73
o 481240 8.74
o 481239 8.74
o 479240 8.74
o 478243 8.94
o 476245 8.95
o 476243 8.95
o 476242 10.17
o 476241 10.17
o 475241 10.17
o 475238 10.93
o 473243 12.77
o 472244 12.77
o 471245 33.69
o 470240 53.23
o 470239 288.32
spot5-1403.wcsp.log
o 511262 0
o 510258 5.35
o 509258 5.35
o 508258 5.35
o 507258 5.35
o 507257 5.35
o 507256 5.35
o 505257 5.36
o 503258 5.36
o 503257 5.36
o 503256 5.36
o 497258 5.55
o 494259 5.55
o 493259 5.55
o 493248 9.18
o 492247 9.38
o 490250 9.39
o 488250 9.39
o 487244 9.61
o 485246 9.62
o 484245 9.62
o 482245 9.89
o 482243 9.96
o 481240 9.97
o 481239 9.97
o 480245 10.09
o 480244 10.11
o 480241 10.25
o 480240 11.18
o 480236 11.25
o 479236 11.3
o 477243 11.5
o 477241 11.5
o 476239 11.5
o 474239 11.5
o 473242 20.12
o 472242 25.31
o 472240 25.31
o 472239 25.31
o 470243 47.44
o 470242 47.44
o 470240 270.1
spot5-1403.wcsp.log
o 525265 0.01
o 501262 3.8
o 492257 4.89
o 492245 9.13
o 491245 9.13
o 491241 9.19
o 491239 9.19
o 490242 9.19
o 488245 9.2
o 488244 9.2
o 486248 9.2
o 486247 9.2
o 484248 9.2
o 484247 9.2
o 484245 9.32
o 484241 9.75
o 482246 9.75
o 482245 9.77
o 481245 9.77
o 481244 9.77
o 479250 9.98
o 479249 9.98
o 477250 9.98
o 477248 9.98
o 477247 9.98
o 477243 11.35
o 476244 11.35
o 476243 11.35
o 475244 11.35
o 475243 11.36
o 473245 14.8
o 473241 15.27
o 472241 15.27
o 471241 15.27
o 471240 23.79
o 470247 120.61
o 468249 120.61
o 467251 120.61
o 467249 120.61
o 467248 120.61
o 467244 275.2
o 465246 275.2
o 465244 275.2
o 463244 275.2
spot5-1403.wcsp.log
o 519265 0.01
o 508265 3.91
o 508260 4.93
o 505258 5.08
o 503260 5.08
o 503251 6.76
o 503249 7.25
o 502250 7.33
o 502248 7.49
o 501248 7.51
o 501246 7.51
o 500247 7.95
o 500245 8.22
o 498245 8.22
o 498244 8.44
o 497244 8.44
o 497241 8.47
o 496241 8.48
o 495241 8.48
o 493241 8.48
o 489241 8.48
o 489239 8.48
o 488247 8.58
o 488244 8.84
o 487247 8.87
o 485247 8.87
o 485244 8.98
o 484241 9.03
o 482241 9.03
o 481247 9.06
o 481242 9.49
o 481241 9.49
o 480243 9.5
o 480241 9.5
o 479242 9.5
o 477241 9.5
o 476244 9.79
o 476243 9.79
o 475248 9.79
o 474243 10.28
o 474242 16.43
o 472246 16.43
o 472242 21.04
o 471242 21.04
o 470243 47.42
o 470242 47.42
o 470241 70.54
o 469243 122.42
o 469242 122.42
o 467247 140.89
spot5-1403.wcsp.log
o 528259 0
o 487258 2.99
o 486246 8.21
o 486245 8.21
o 486244 8.21
o 484244 8.21
o 482244 8.21
o 481247 8.69
o 481246 8.84
o 480248 8.88
o 479246 8.93
o 478246 8.93
o 477243 9.29
o 477241 9.29
o 477236 10.11
o 475242 10.14
o 474245 10.3
o 474244 16.09
o 472244 16.09
o 472243 17.98
o 470245 17.99
o 470243 17.99
o 470241 17.99
o 469250 80.56
o 469247 80.56
o 468249 126.47
o 468248 126.47
o 468246 278.72
o 467246 278.72
o 467244 278.72
spot5-1403.wcsp.log
o 531259 0.01
o 487268 2.75
o 483243 8.19
o 482245 8.5
o 481246 8.51
o 480243 8.51
o 478244 8.51
o 477241 8.6
o 476243 10.17
o 476242 10.37
o 476241 10.37
o 474242 10.74
o 473244 10.74
o 472245 10.74
o 472244 10.74
o 472243 10.74
o 471245 15.9
o 471239 20.21
o 470244 45.23
o 470241 136.94
o 470240 136.94
o 468244 141.7
