staff-scheduling-instance9
o 10128 0.96
o 3069 2.51
o 3068 2.52
o 3067 2.52
o 2967 2.52
o 2866 2.52
o 2860 2.56
o 2857 2.56
o 2856 2.56
o 2854 2.56
o 2761 2.57
o 2659 2.57
o 2658 2.57
o 2579 4.29
o 2477 4.3
o 2476 4.3
o 2475 4.3
o 2436 33.51
o 2434 33.51
o 2432 33.52
o 2430 33.53
o 2428 33.53
o 2426 33.53
o 2346 36.35
o 2246 36.36
o 2241 36.36
o 2140 36.38
o 2044 36.38
o 2042 36.38
o 2039 36.38
o 2037 36.38
staff-scheduling-instance9
o 10408 0.9
o 3082 2.29
o 3078 2.32
o 2960 3.4
o 2955 3.89
o 2953 5.26
o 2883 6.76
o 2782 6.76
o 2776 6.76
o 2679 6.77
o 2676 6.77
o 2673 6.83
o 2671 6.83
o 2572 6.84
o 2475 6.84
o 2474 6.86
o 2473 6.86
o 2472 6.88
o 2445 23.96
o 2442 23.96
o 2345 23.97
o 2342 23.97
o 2324 86.19
o 2319 86.43
o 2237 141.74
o 2234 141.74
staff-scheduling-instance9
o 10523 1.04
o 3869 2.67
o 3866 2.67
o 3863 2.67
o 3862 2.67
o 3764 2.67
o 3763 2.67
o 3762 2.67
o 3561 2.69
o 3556 2.69
o 3553 2.69
o 3551 2.69
o 3549 2.69
o 3546 2.69
o 3448 4.24
o 3245 4.27
o 3241 4.27
o 3162 4.48
o 3150 4.53
o 3046 4.53
o 3041 4.53
o 2940 4.58
o 2938 4.58
o 2937 4.58
o 2846 4.94
o 2831 5.07
o 2830 5.08
o 2733 5.08
o 2731 5.08
o 2630 5.08
o 2629 5.08
o 2628 5.08
o 2626 5.1
o 2545 6.35
o 2450 6.39
o 2433 9.04
o 2431 9.04
o 2422 56.32
o 2419 130.74
o 2339 156.55
o 2330 156.74
o 2247 180.47
o 2243 208.46
o 2229 210.4
o 2224 256.09
o 2128 256.1
o 2125 256.1
o 2123 256.1
o 2121 256.1
staff-scheduling-instance9
o 10414 0.96
o 3872 2.6
o 3768 2.61
o 3766 2.61
o 3666 2.61
o 3662 2.61
o 3661 2.62
o 3660 2.62
o 3560 2.62
o 3559 2.62
o 3458 2.62
o 3363 2.63
o 3358 3.63
o 3257 3.63
o 3256 3.64
o 3250 3.92
o 3155 3.97
o 3153 3.97
o 3053 3.97
o 3051 3.98
o 3034 4.03
o 3033 4.04
o 2939 4.04
o 2837 4.05
o 2835 4.97
o 2734 4.97
o 2732 4.97
o 2731 4.97
o 2630 4.97
o 2629 4.98
o 2529 4.98
o 2434 4.98
o 2413 32.29
o 2411 32.29
o 2347 87.02
o 2273 94.32
o 2270 94.33
o 2169 94.33
o 2145 129.09
o 2142 129.09
o 2139 129.09
o 2130 129.1
staff-scheduling-instance9
o 10897 1.18
o 3259 3.36
o 3257 3.38
o 3157 3.38
o 3147 5.78
o 3050 5.78
o 2954 5.85
o 2859 5.85
o 2857 5.86
o 2764 6.11
o 2750 9.28
o 2746 9.28
o 2653 12.16
o 2568 12.61
o 2565 12.61
o 2564 12.63
o 2551 12.77
o 2550 12.77
o 2545 22.92
o 2542 22.93
o 2442 22.93
o 2439 80.72
o 2438 80.72
o 2436 80.72
o 2416 83.06
o 2356 94.45
o 2327 116.44
o 2230 116.45
o 2227 290.41
o 2126 290.41
staff-scheduling-instance9
o 10847 1.1
o 3085 3.08
o 3082 3.08
o 3079 3.08
o 3045 4.86
o 2947 4.86
o 2944 4.86
o 2943 4.86
o 2842 4.86
o 2750 5.29
o 2747 5.29
o 2746 5.29
o 2744 5.29
o 2741 5.29
o 2740 5.3
o 2641 5.31
o 2541 5.31
o 2539 5.31
o 2536 5.31
o 2452 32.68
o 2451 32.68
o 2450 43.84
o 2350 43.85
o 2347 43.85
o 2344 43.85
o 2341 43.85
o 2325 89.95
o 2323 89.95
o 2320 89.95
o 2319 89.95
staff-scheduling-instance9
o 10430 0.92
o 4385 2.38
o 4383 2.38
o 4381 2.38
o 4280 2.38
o 4179 2.38
o 4177 2.39
o 4174 2.39
o 4074 2.39
o 3976 2.39
o 3975 2.39
o 3875 2.39
o 3774 2.41
o 3741 2.93
o 3641 2.93
o 3545 2.94
o 3452 3.03
o 3450 3.03
o 3448 3.03
o 3443 3.36
o 3440 3.37
o 3340 3.37
o 3339 3.37
o 3241 3.4
o 3153 3.45
o 3052 3.45
o 3050 4.48
o 3048 6.71
o 3042 7
o 3039 7.06
o 3038 7.06
o 3035 7.07
o 3034 7.09
o 2950 7.91
o 2942 8.8
o 2846 8.81
o 2843 8.81
o 2744 8.82
o 2742 8.83
o 2739 8.83
o 2675 9.67
o 2672 9.67
o 2573 9.67
o 2571 9.67
o 2471 9.68
o 2467 9.68
o 2466 9.68
o 2465 9.68
o 2464 9.69
o 2450 9.89
o 2449 9.89
o 2444 9.9
o 2351 45.81
o 2252 45.82
o 2249 45.83
o 2234 46.1
o 2231 46.1
o 2230 46.11
o 2131 46.11
o 2130 46.11
o 2034 46.14
o 2032 46.14
o 2029 46.14
o 2028 46.14
o 2025 46.14
staff-scheduling-instance9
o 11438 1.19
o 3075 3.11
o 3049 3.81
o 2949 3.82
o 2855 4.79
o 2754 4.8
o 2745 12.34
o 2742 12.34
o 2644 12.35
o 2563 25.83
o 2548 28.22
o 2457 28.29
o 2456 28.3
o 2453 28.3
o 2358 28.3
o 2326 69.22
o 2230 69.24
staff-scheduling-instance9
o 9821 0.9
o 3386 2.3
o 3383 2.3
o 3379 2.3
o 3371 2.31
o 3368 2.31
o 3365 2.31
o 3264 2.31
o 3252 3.8
o 3251 3.8
o 3250 3.81
o 3245 3.86
o 3149 3.86
o 3148 3.86
o 3147 3.86
o 3146 3.86
o 3053 3.92
o 3051 3.92
o 2950 3.92
o 2948 3.92
o 2947 3.93
o 2846 3.94
o 2840 4.04
o 2745 4.05
o 2744 4.05
o 2643 4.07
o 2543 4.07
o 2526 5.55
o 2525 5.55
o 2424 5.55
o 2419 5.56
o 2418 5.57
o 2417 5.57
o 2416 5.57
o 2339 5.7
o 2241 5.72
o 2238 5.73
o 2237 5.73
o 2236 5.73
o 2233 5.73
o 2231 5.73
o 2223 295.07
staff-scheduling-instance9
o 11044 0.94
o 3076 2.25
o 3073 2.25
o 2975 2.25
o 2972 2.25
o 2861 2.26
o 2760 2.26
o 2758 2.26
o 2724 4.57
o 2721 4.57
o 2627 4.57
o 2526 4.57
o 2470 20.08
o 2468 20.08
o 2432 22.68
o 2332 22.68
o 2322 38.75
o 2321 38.76
o 2230 38.78
o 2229 38.79
o 2228 38.79
o 2128 38.84
o 2095 65.44
o 2093 65.45
