staff-scheduling-instance6
o 8766 0.04
o 4147 0.13
o 4146 0.13
o 4143 0.13
o 4142 0.13
o 4141 0.13
o 4138 0.13
o 4038 0.13
o 3939 0.13
o 3937 0.13
o 3935 0.13
o 3930 0.13
o 3829 0.13
o 3827 0.13
o 3826 0.13
o 3727 0.14
o 3725 0.14
o 3722 0.14
o 3721 0.14
o 3719 0.14
o 3621 0.14
o 3620 0.14
o 3618 0.14
o 3617 0.14
o 3616 0.14
o 3518 0.14
o 3515 0.14
o 3414 0.14
o 3322 0.15
o 3222 0.15
o 3220 0.15
o 3123 0.15
o 3122 0.15
o 3119 0.15
o 3118 0.15
o 3117 0.15
o 2935 0.31
o 2835 0.31
o 2832 0.31
o 2830 0.31
o 2829 0.87
o 2826 0.87
o 2825 0.88
o 2822 0.88
o 2809 1.18
o 2808 1.19
o 2707 1.19
o 2607 1.2
o 2529 4.43
o 2528 4.43
o 2525 4.43
o 2522 4.43
o 2518 7.03
o 2517 7.03
o 2515 7.03
o 2513 7.03
o 2503 22.88
o 2502 22.88
o 2498 22.89
o 2399 22.89
o 2398 22.9
o 2318 22.97
o 2315 129.86
o 2313 129.86
o 2311 129.86
staff-scheduling-instance6
o 8630 0.04
o 3150 0.13
o 3148 0.14
o 3046 0.14
o 3041 0.14
o 3038 0.14
o 3035 0.14
o 3014 0.16
o 3011 0.16
o 2911 0.16
o 2910 0.16
o 2909 0.16
o 2908 0.17
o 2810 0.17
o 2807 0.17
o 2805 0.17
o 2804 0.18
o 2803 0.18
o 2802 0.18
o 2736 1.97
o 2735 1.97
o 2732 1.97
o 2726 1.97
o 2631 2.1
o 2628 2.1
o 2625 2.1
o 2623 2.1
o 2621 2.1
o 2620 2.12
o 2619 2.12
o 2535 2.16
o 2532 2.16
o 2433 2.16
o 2409 84.39
o 2407 84.39
o 2406 84.39
o 2405 84.39
o 2402 84.39
o 2400 84.39
o 2325 136.86
o 2324 136.86
o 2315 136.87
o 2314 136.87
o 2307 137.31
staff-scheduling-instance6
o 8330 0.04
o 3925 0.13
o 3824 0.13
o 3822 0.13
o 3723 0.13
o 3622 0.13
o 3621 0.13
o 3523 0.13
o 3430 0.13
o 3327 0.14
o 3322 0.26
o 3319 0.26
o 3222 0.27
o 3220 0.27
o 3207 0.33
o 3205 0.33
o 3109 0.35
o 3007 0.35
o 2993 0.36
o 2895 0.36
o 2893 0.36
o 2892 0.36
o 2797 0.36
o 2796 0.36
o 2792 0.36
o 2789 0.36
o 2700 0.51
o 2698 0.51
o 2695 0.51
o 2598 0.52
o 2527 2.57
o 2526 2.58
o 2426 2.59
o 2419 55.1
o 2411 63.74
o 2410 63.74
o 2409 63.74
o 2406 63.75
o 2313 64.87
o 2310 64.87
o 2309 64.88
staff-scheduling-instance6
o 8490 0.05
o 3642 0.13
o 3639 0.13
o 3542 0.13
o 3536 0.13
o 3437 0.13
o 3436 0.13
o 3433 0.13
o 3431 0.13
o 3333 0.13
o 3332 0.13
o 3232 0.13
o 3230 0.13
o 3133 0.14
o 3132 0.14
o 3127 0.14
o 3126 0.14
o 3124 0.14
o 3025 0.14
o 3024 0.14
o 2924 0.14
o 2825 0.14
o 2725 0.14
o 2722 0.14
o 2721 0.14
o 2720 0.14
o 2622 0.14
o 2617 1.8
o 2516 1.8
o 2514 1.8
o 2422 2.09
o 2409 2.21
o 2406 2.21
o 2405 2.21
o 2304 2.21
o 2303 2.22
o 2212 2.23
o 2210 2.24
staff-scheduling-instance6
o 7956 0.04
o 3445 0.15
o 3443 0.15
o 3332 0.17
o 3331 0.18
o 3241 0.18
o 3140 0.18
o 3139 0.18
o 3043 0.19
o 3041 0.19
o 2938 0.19
o 2937 0.19
o 2926 0.7
o 2923 0.7
o 2822 0.7
o 2816 0.71
o 2815 0.71
o 2814 0.71
o 2714 0.71
o 2701 0.71
o 2697 0.71
o 2696 1.18
o 2596 1.18
o 2530 6.98
o 2526 6.99
o 2521 16.58
o 2520 16.59
o 2519 16.59
o 2421 16.59
o 2418 16.59
o 2417 49.37
o 2416 49.38
o 2323 107.83
o 2322 112.96
o 2225 113.58
o 2223 113.64
o 2222 118.67
staff-scheduling-instance6
o 8950 0.05
o 3640 0.18
o 3632 0.2
o 3532 0.2
o 3531 0.2
o 3441 0.2
o 3341 0.2
o 3241 0.21
o 3238 0.21
o 3237 0.23
o 3227 0.24
o 3224 0.24
o 3222 0.24
o 3221 0.24
o 3219 0.24
o 3217 0.25
o 3216 0.25
o 3213 0.25
o 3207 0.28
o 3204 0.28
o 3201 0.28
o 3110 0.32
o 3009 0.32
o 3008 0.32
o 2925 1.25
o 2924 1.25
o 2825 1.25
o 2725 1.26
o 2720 1.26
o 2706 3.71
o 2606 5.68
o 2605 5.68
o 2604 5.68
o 2603 5.68
o 2602 5.68
o 2601 5.69
o 2509 5.74
o 2496 5.98
o 2425 7.27
o 2407 54.76
o 2405 54.77
o 2328 70.54
o 2313 293.97
o 2221 294.03
staff-scheduling-instance6
o 8951 0.05
o 3534 0.14
o 3433 0.14
o 3228 0.14
o 3227 0.14
o 3224 0.15
o 3222 0.15
o 3219 0.15
o 3218 0.15
o 3215 0.15
o 3212 0.15
o 3015 0.15
o 2920 0.15
o 2917 0.15
o 2832 0.16
o 2831 0.16
o 2828 0.16
o 2827 0.16
o 2824 0.16
o 2822 0.16
o 2732 0.28
o 2709 0.5
o 2708 0.53
o 2706 0.53
o 2705 0.54
o 2703 0.54
o 2612 1.65
o 2611 1.65
o 2608 1.65
o 2582 1.71
o 2497 1.72
o 2396 1.72
o 2325 155.67
staff-scheduling-instance6
o 7950 0.05
o 3639 0.14
o 3637 0.14
o 3536 0.14
o 3535 0.14
o 3533 0.14
o 3529 0.14
o 3426 0.14
o 3423 0.14
o 3422 0.14
o 3321 0.14
o 3214 0.15
o 3124 0.15
o 3121 0.15
o 3024 0.15
o 3022 0.15
o 3019 0.15
o 3016 0.15
o 3014 0.15
o 2913 0.15
o 2910 0.15
o 2837 0.58
o 2835 0.58
o 2737 0.67
o 2734 0.67
o 2636 0.67
o 2624 8.51
o 2528 8.54
o 2525 8.54
o 2524 8.54
o 2521 8.55
o 2519 8.56
o 2518 8.56
o 2515 11.98
o 2513 12
o 2512 13.43
o 2510 13.43
o 2504 19.73
o 2502 25.82
o 2500 25.82
o 2400 25.83
o 2399 25.83
o 2331 87.96
o 2330 87.96
o 2327 87.97
o 2324 87.97
o 2299 175.8
o 2296 175.8
o 2294 175.8
staff-scheduling-instance6
o 7853 0.06
o 4131 0.18
o 3928 0.19
o 3921 0.19
o 3825 0.19
o 3723 0.19
o 3720 0.19
o 3620 0.19
o 3617 0.19
o 3523 0.2
o 3521 0.2
o 3520 0.2
o 3519 0.2
o 3516 0.2
o 3420 0.2
o 3418 0.2
o 3317 0.2
o 3315 0.2
o 3313 0.2
o 3310 0.2
o 3225 0.21
o 3223 0.21
o 3221 0.22
o 3220 0.22
o 3218 0.22
o 3120 0.22
o 3119 0.23
o 3029 0.25
o 3026 0.25
o 3025 0.25
o 3023 0.25
o 2927 0.54
o 2926 0.54
o 2924 0.54
o 2923 0.54
o 2922 0.55
o 2825 0.57
o 2822 0.57
o 2815 1.61
o 2812 1.62
o 2719 2.19
o 2718 2.19
o 2716 2.78
o 2715 2.78
o 2712 2.78
o 2711 3.7
o 2705 3.7
o 2703 3.79
o 2600 3.79
o 2532 5.07
o 2530 5.07
o 2529 5.08
o 2525 5.37
o 2523 6.09
o 2517 6.1
o 2516 6.1
o 2415 6.1
o 2414 6.11
o 2322 44.28
o 2318 187.12
o 2317 187.12
staff-scheduling-instance6
o 7752 0.05
o 3553 0.15
o 3552 0.15
o 3451 0.15
o 3447 0.15
o 3349 0.16
o 3348 0.16
o 3339 0.16
o 3338 0.16
o 3246 0.16
o 3243 0.16
o 3240 0.16
o 3238 0.16
o 3219 0.26
o 3217 0.27
o 3114 0.27
o 3111 0.27
o 3109 0.27
o 3108 0.27
o 3104 0.27
o 3035 0.44
o 2950 0.49
o 2949 0.49
o 2946 0.49
o 2945 0.49
o 2935 1.2
o 2932 1.38
o 2931 1.4
o 2843 1.42
o 2826 1.65
o 2825 1.66
o 2822 1.66
o 2729 1.67
o 2726 1.67
o 2725 1.68
o 2630 1.68
o 2629 1.68
o 2628 1.68
o 2621 1.69
o 2525 1.7
o 2524 1.7
o 2425 1.7
o 2328 16.08
o 2327 16.09
o 2326 16.09
o 2233 16.09
