timetabling-comp12
o 2087 0.59
o 1901 0.85
o 1896 0.85
o 1891 0.85
o 1886 0.85
o 1883 0.85
o 1878 0.85
o 1873 0.85
o 1868 0.85
o 1863 0.85
o 1858 0.85
o 1857 0.85
o 1852 0.85
o 1847 0.86
o 1845 0.86
o 1841 0.86
o 1836 0.86
o 1824 0.86
o 1819 0.86
o 1814 0.86
o 1809 0.86
o 1804 0.86
o 1799 0.86
o 1794 0.86
o 1789 0.86
o 1784 0.86
o 1754 0.86
o 1749 0.86
o 1744 0.86
o 1739 0.86
o 1734 0.86
o 1729 0.86
o 1717 0.86
o 1712 0.86
o 1708 0.86
o 1703 0.86
o 1698 0.86
o 1691 0.86
o 1686 0.86
o 1681 0.86
o 1676 0.86
o 1673 0.87
o 1668 0.87
o 1658 0.87
o 1653 0.87
o 1650 0.87
o 1645 0.87
o 1641 0.88
o 1636 0.88
o 1631 0.88
o 1626 0.88
o 1621 0.88
o 1619 0.89
o 1614 0.89
o 1604 0.89
o 1599 0.89
o 1596 0.89
o 1591 0.89
o 1586 0.89
o 1581 0.89
o 1576 0.89
o 1572 0.89
o 1567 0.89
o 1564 0.89
o 1559 0.89
o 1554 0.89
o 1549 0.89
o 1544 0.89
o 1539 0.89
o 1534 0.89
o 1521 0.89
o 1515 0.89
o 1510 0.89
o 1505 0.89
o 1500 0.89
o 1495 0.89
o 1490 0.89
o 1485 0.89
o 1484 0.89
o 1479 0.89
o 1474 0.9
o 1473 0.9
o 1471 0.9
o 1466 0.9
o 1460 0.9
o 1455 0.9
o 1450 0.9
o 1445 0.9
o 1427 0.92
o 1416 0.92
o 1411 0.92
o 1406 0.92
o 1401 0.92
o 1399 0.92
o 1394 0.92
o 1389 0.92
o 1384 0.92
o 1379 0.93
o 1374 0.93
o 1363 0.93
o 1358 0.93
o 1353 0.93
o 1348 0.93
o 1346 0.93
o 1341 0.93
o 1336 0.93
o 1331 0.93
o 1326 0.93
o 1321 0.93
o 1316 0.93
o 1311 0.93
o 1306 0.93
o 1301 0.93
o 1296 0.93
o 1291 0.93
o 1289 0.93
o 1284 0.93
o 1280 0.93
o 1275 0.93
o 1272 0.93
o 1268 0.94
o 1263 0.94
o 1261 6
o 1260 6.01
o 1255 6.11
o 1254 6.11
o 1249 8.31
o 1244 8.31
o 1237 8.51
o 1230 8.66
o 1228 8.66
o 1226 8.68
o 1221 8.68
o 1217 8.68
o 1213 8.72
o 1210 8.73
o 1205 8.73
o 1200 8.73
o 1195 8.76
o 1190 8.77
o 1185 8.77
o 1183 8.77
o 1178 8.77
o 1173 8.78
o 1168 8.78
o 1166 10.62
o 1164 10.62
o 1159 12.09
o 1158 12.11
o 1153 12.11
o 1152 12.13
o 1150 12.14
o 1145 12.16
o 1140 12.16
o 1135 12.17
o 1124 12.17
o 1120 12.2
o 1117 12.2
o 1113 12.32
o 1111 12.32
o 1109 12.34
o 1108 135.49
o 1104 135.62
o 1103 135.69
o 1098 135.69
o 1086 135.69
o 1082 135.7
o 1080 135.72
o 1078 135.73
o 1076 135.73
o 1071 135.75
o 1062 135.75
timetabling-comp12
o 2101 0.98
o 1724 1.5
o 1719 1.5
o 1707 1.5
o 1702 1.5
o 1700 1.5
o 1695 1.5
o 1690 1.5
o 1685 1.5
o 1680 1.5
o 1678 1.51
o 1673 1.51
o 1669 1.55
o 1664 1.55
o 1656 1.55
o 1651 1.55
o 1646 1.55
o 1641 1.55
o 1636 1.55
o 1631 1.55
o 1626 1.55
o 1621 1.55
o 1616 1.56
o 1611 1.56
o 1606 1.56
o 1601 1.56
o 1596 1.56
o 1591 1.56
o 1586 1.56
o 1581 1.56
o 1576 1.56
o 1571 1.56
o 1566 1.56
o 1561 1.56
o 1556 1.56
o 1551 1.56
o 1546 1.56
o 1541 1.56
o 1536 1.56
o 1531 1.56
o 1526 1.56
o 1521 1.56
o 1518 1.67
o 1513 1.67
o 1508 1.67
o 1503 1.67
o 1498 1.67
o 1493 1.67
o 1488 1.67
o 1483 1.67
o 1478 1.67
o 1476 1.68
o 1471 1.68
o 1466 1.68
o 1461 1.68
o 1454 1.68
o 1449 1.68
o 1444 1.7
o 1439 1.7
o 1434 1.7
o 1424 1.71
o 1419 1.71
o 1415 1.71
o 1410 1.71
o 1405 1.71
o 1400 1.71
o 1395 1.71
o 1382 1.71
o 1377 1.72
o 1372 1.72
o 1367 1.72
o 1364 1.72
o 1359 1.72
o 1354 1.72
o 1349 1.72
o 1348 1.72
o 1343 1.72
o 1338 1.72
o 1333 1.73
o 1328 1.73
o 1323 1.73
o 1318 1.73
o 1313 1.73
o 1308 1.73
o 1304 1.73
o 1298 1.73
o 1287 1.74
o 1282 1.74
o 1277 1.74
o 1272 1.74
o 1267 1.74
o 1262 1.74
o 1257 1.74
o 1252 1.74
o 1250 3.84
o 1245 3.84
o 1237 3.85
o 1232 3.85
o 1226 3.85
o 1214 3.86
o 1209 3.86
o 1208 5.4
o 1205 5.4
o 1204 5.56
o 1202 5.56
o 1199 5.57
o 1196 7.44
o 1185 7.45
o 1184 7.46
o 1179 7.46
o 1175 7.5
o 1170 7.51
o 1168 7.51
o 1162 7.51
o 1158 52.41
o 1153 52.42
o 1136 52.46
o 1131 52.47
o 1127 52.47
o 1126 52.48
o 1121 52.49
o 1116 52.49
o 1112 52.49
o 1107 52.49
o 1105 52.56
o 1095 52.57
o 1090 52.69
o 1086 167.83
o 1081 167.83
o 1077 167.91
o 1075 168.05
o 1070 168.06
o 1065 168.06
o 1060 168.06
o 1056 168.34
o 1051 168.34
o 1047 168.36
o 1041 168.37
o 1036 168.38
timetabling-comp12
o 2214 0.45
o 2129 0.66
o 2125 0.66
o 2124 0.66
o 2119 0.66
o 2114 0.66
o 2109 0.66
o 2104 0.66
o 2099 0.66
o 2094 0.66
o 2089 0.66
o 2084 0.66
o 2079 0.66
o 2077 0.66
o 2073 0.66
o 2068 0.66
o 2063 0.67
o 2053 0.67
o 2048 0.67
o 2043 0.67
o 2038 0.67
o 2033 0.67
o 2028 0.67
o 2023 0.67
o 2009 0.67
o 2004 0.67
o 1999 0.67
o 1994 0.67
o 1984 0.67
o 1972 0.67
o 1967 0.67
o 1962 0.67
o 1957 0.67
o 1952 0.67
o 1947 0.67
o 1939 0.67
o 1935 0.67
o 1933 0.67
o 1928 0.67
o 1925 0.67
o 1920 0.67
o 1915 0.67
o 1910 0.67
o 1905 0.67
o 1895 0.67
o 1890 0.67
o 1880 0.67
o 1875 0.67
o 1870 0.67
o 1865 0.67
o 1862 0.67
o 1846 0.67
o 1841 0.67
o 1836 0.67
o 1832 0.68
o 1827 0.68
o 1822 0.68
o 1817 0.68
o 1811 0.68
o 1806 0.68
o 1801 0.68
o 1797 0.69
o 1792 0.69
o 1787 0.69
o 1782 0.69
o 1777 0.69
o 1776 0.69
o 1771 0.69
o 1766 0.69
o 1754 0.69
o 1749 0.69
o 1744 0.69
o 1739 0.69
o 1734 0.69
o 1729 0.69
o 1724 0.69
o 1718 0.69
o 1713 0.69
o 1708 0.69
o 1703 0.69
o 1696 0.69
o 1691 0.69
o 1686 0.69
o 1681 0.69
o 1676 0.69
o 1671 0.69
o 1666 0.69
o 1661 0.69
o 1656 0.69
o 1651 0.69
o 1646 0.69
o 1641 0.69
o 1636 0.69
o 1631 0.69
o 1621 0.7
o 1616 0.7
o 1611 0.7
o 1607 0.7
o 1574 0.7
o 1569 0.7
o 1564 0.7
o 1559 0.7
o 1558 0.73
o 1553 0.73
o 1548 0.73
o 1543 0.73
o 1538 0.73
o 1534 0.73
o 1529 0.73
o 1524 0.74
o 1519 0.74
o 1514 0.74
o 1509 0.74
o 1504 0.74
o 1492 0.74
o 1487 0.74
o 1482 0.74
o 1477 0.74
o 1473 0.74
o 1468 0.74
o 1463 0.74
o 1458 0.74
o 1453 0.74
o 1448 0.74
o 1443 0.74
o 1433 0.74
o 1428 0.74
o 1423 0.74
o 1418 0.74
o 1413 0.74
o 1408 0.74
o 1403 0.74
o 1398 0.74
o 1394 0.74
o 1393 0.79
o 1388 0.8
o 1383 0.8
o 1381 0.8
o 1376 0.8
o 1371 0.8
o 1366 0.8
o 1361 0.8
o 1356 0.8
o 1351 0.8
o 1346 0.8
o 1341 0.8
o 1336 0.8
o 1331 0.8
o 1330 0.8
o 1325 0.8
o 1323 0.81
o 1319 2.03
o 1302 2.03
o 1301 2.08
o 1295 2.08
o 1290 2.08
o 1285 3.36
o 1281 3.37
o 1279 3.37
o 1274 3.37
o 1269 3.37
o 1267 3.38
o 1261 3.38
o 1256 3.38
o 1251 3.38
o 1246 3.39
o 1241 3.39
o 1240 7.19
o 1237 7.25
o 1233 7.93
o 1228 7.93
o 1219 8.72
o 1203 8.73
o 1201 12.58
o 1199 12.58
o 1197 12.58
o 1193 12.66
o 1188 12.67
o 1187 12.72
o 1184 14.09
o 1179 14.1
o 1175 14.1
o 1171 14.13
o 1162 14.13
o 1161 14.13
o 1156 14.13
o 1151 14.14
o 1146 14.15
o 1141 14.22
o 1140 14.22
o 1136 14.23
o 1135 14.25
o 1127 14.27
o 1122 14.29
o 1119 14.29
o 1106 37.97
o 1101 37.97
o 1096 37.98
o 1089 219.29
o 1087 219.29
o 1086 222.74
o 1078 222.74
o 1071 222.74
o 1066 222.74
o 1062 222.79
o 1058 222.8
o 1054 222.81
o 1053 222.81
o 1048 222.82
o 1043 222.82
o 1038 222.82
timetabling-comp12
o 1864 0.61
o 1715 0.82
o 1709 0.82
o 1704 0.83
o 1690 0.83
o 1685 0.83
o 1680 0.83
o 1675 0.83
o 1670 0.83
o 1665 0.83
o 1660 0.83
o 1655 0.83
o 1650 0.83
o 1645 0.83
o 1640 0.83
o 1635 0.83
o 1630 0.83
o 1625 0.83
o 1620 0.83
o 1615 0.83
o 1610 0.83
o 1605 0.83
o 1600 0.83
o 1595 0.83
o 1592 0.83
o 1589 0.83
o 1584 0.83
o 1576 0.83
o 1571 0.83
o 1566 0.83
o 1561 0.83
o 1556 0.83
o 1551 0.83
o 1546 0.83
o 1541 0.83
o 1536 0.83
o 1531 0.83
o 1526 0.83
o 1521 0.83
o 1516 0.83
o 1511 0.83
o 1506 0.83
o 1501 0.83
o 1496 0.83
o 1491 0.83
o 1486 0.83
o 1481 0.83
o 1476 0.83
o 1471 0.83
o 1466 0.83
o 1461 0.83
o 1456 0.83
o 1453 0.84
o 1448 0.84
o 1443 0.84
o 1438 0.84
o 1433 0.84
o 1430 0.84
o 1425 0.84
o 1421 0.86
o 1416 0.86
o 1411 0.86
o 1406 0.86
o 1401 0.86
o 1396 0.86
o 1391 0.86
o 1386 0.86
o 1381 0.86
o 1371 0.86
o 1366 0.86
o 1358 0.86
o 1353 0.86
o 1348 0.86
o 1343 0.86
o 1338 0.86
o 1331 0.86
o 1326 0.86
o 1321 0.86
o 1316 0.86
o 1311 0.86
o 1306 0.86
o 1301 0.87
o 1296 0.87
o 1291 0.87
o 1281 0.87
o 1276 0.87
o 1274 0.87
o 1269 0.87
o 1265 5.35
o 1260 5.35
o 1249 5.85
o 1247 6.21
o 1245 6.36
o 1241 6.36
o 1238 6.43
o 1233 6.43
o 1229 7.38
o 1226 7.38
o 1224 7.38
o 1219 7.38
o 1217 7.39
o 1212 7.39
o 1207 7.39
o 1205 7.39
o 1203 16.91
o 1201 16.95
o 1173 16.95
o 1172 16.95
o 1167 16.95
o 1162 16.95
o 1157 16.95
o 1154 29.88
o 1139 59.15
o 1138 59.16
o 1134 79.49
o 1129 79.5
o 1125 79.52
o 1124 79.52
o 1118 79.53
o 1113 79.53
o 1108 79.53
o 1104 79.53
o 1100 79.53
o 1095 79.53
o 1092 79.63
o 1087 79.63
o 1086 79.66
o 1082 79.66
o 1074 207.66
o 1073 207.68
o 1066 207.68
o 1060 207.69
o 1051 207.69
timetabling-comp12
o 1975 0.43
o 1816 0.58
o 1811 0.58
o 1806 0.58
o 1802 0.58
o 1797 0.59
o 1792 0.59
o 1787 0.59
o 1760 0.59
o 1755 0.59
o 1750 0.59
o 1745 0.59
o 1740 0.59
o 1739 0.59
o 1734 0.59
o 1729 0.59
o 1724 0.59
o 1719 0.59
o 1714 0.59
o 1709 0.59
o 1704 0.59
o 1699 0.59
o 1696 0.59
o 1691 0.59
o 1686 0.59
o 1681 0.59
o 1676 0.59
o 1672 0.59
o 1667 0.59
o 1662 0.59
o 1657 0.59
o 1652 0.59
o 1647 0.59
o 1642 0.59
o 1637 0.59
o 1632 0.59
o 1627 0.59
o 1622 0.59
o 1617 0.59
o 1607 0.59
o 1602 0.59
o 1597 0.59
o 1592 0.59
o 1590 0.59
o 1585 0.59
o 1580 0.59
o 1575 0.59
o 1570 0.59
o 1565 0.59
o 1560 0.59
o 1555 0.59
o 1550 0.59
o 1545 0.59
o 1540 0.59
o 1535 0.59
o 1530 0.59
o 1525 0.59
o 1520 0.59
o 1515 0.59
o 1510 0.59
o 1505 0.59
o 1500 0.59
o 1499 0.59
o 1494 0.59
o 1489 0.59
o 1484 0.59
o 1479 0.59
o 1474 0.59
o 1469 0.59
o 1464 0.59
o 1459 0.59
o 1458 0.6
o 1456 0.6
o 1451 0.6
o 1444 0.6
o 1439 0.6
o 1434 0.6
o 1429 0.6
o 1426 0.6
o 1421 0.6
o 1416 0.6
o 1414 0.6
o 1409 0.6
o 1404 0.6
o 1399 0.6
o 1394 0.6
o 1392 0.6
o 1387 0.6
o 1382 0.6
o 1377 0.6
o 1372 0.6
o 1367 0.6
o 1362 0.6
o 1357 0.6
o 1352 0.6
o 1347 0.61
o 1342 0.61
o 1337 0.61
o 1332 0.61
o 1327 0.61
o 1324 0.63
o 1319 0.63
o 1314 0.63
o 1309 0.63
o 1308 0.63
o 1303 0.63
o 1298 0.63
o 1293 0.63
o 1288 0.63
o 1287 0.63
o 1282 0.63
o 1281 1.84
o 1276 1.84
o 1271 1.84
o 1260 1.84
o 1259 1.85
o 1257 1.85
o 1252 1.85
o 1247 1.85
o 1242 1.85
o 1241 1.85
o 1236 1.85
o 1223 5.71
o 1220 5.8
o 1215 5.8
o 1210 5.8
o 1208 6.17
o 1203 6.17
o 1200 6.22
o 1196 6.26
o 1191 6.26
o 1186 6.27
o 1184 6.28
o 1182 6.29
o 1181 6.3
o 1176 6.3
o 1168 6.34
o 1166 6.35
o 1161 6.35
o 1156 6.35
o 1151 6.35
o 1148 7.91
o 1143 7.93
o 1138 7.93
o 1133 7.93
o 1129 7.94
o 1124 7.95
o 1120 48.52
o 1115 48.53
o 1109 141.19
timetabling-comp12
o 2162 0.4
o 1838 0.55
o 1833 0.55
o 1801 0.55
o 1796 0.55
o 1791 0.55
o 1786 0.55
o 1781 0.55
o 1776 0.55
o 1771 0.55
o 1766 0.55
o 1761 0.55
o 1756 0.55
o 1751 0.55
o 1746 0.55
o 1741 0.55
o 1731 0.55
o 1726 0.55
o 1721 0.55
o 1716 0.55
o 1711 0.55
o 1706 0.55
o 1701 0.55
o 1696 0.55
o 1691 0.55
o 1686 0.55
o 1681 0.55
o 1676 0.55
o 1671 0.55
o 1666 0.55
o 1661 0.55
o 1656 0.55
o 1651 0.55
o 1646 0.56
o 1641 0.56
o 1636 0.56
o 1631 0.56
o 1626 0.56
o 1621 0.56
o 1616 0.56
o 1611 0.56
o 1601 0.56
o 1596 0.56
o 1591 0.56
o 1586 0.56
o 1581 0.56
o 1576 0.56
o 1566 0.56
o 1561 0.56
o 1556 0.56
o 1551 0.56
o 1546 0.56
o 1541 0.56
o 1539 0.56
o 1534 0.56
o 1529 0.56
o 1524 0.56
o 1519 0.56
o 1514 0.56
o 1509 0.56
o 1504 0.56
o 1499 0.56
o 1494 0.56
o 1489 0.56
o 1484 0.56
o 1479 0.56
o 1474 0.56
o 1469 0.56
o 1464 0.56
o 1459 0.56
o 1454 0.56
o 1449 0.56
o 1441 0.56
o 1436 0.56
o 1431 0.56
o 1426 0.56
o 1421 0.56
o 1416 0.56
o 1411 0.56
o 1406 0.56
o 1401 0.56
o 1396 0.56
o 1394 0.56
o 1389 0.56
o 1384 0.56
o 1379 0.56
o 1374 0.56
o 1358 0.56
o 1355 0.56
o 1350 0.56
o 1345 0.56
o 1340 0.56
o 1335 0.56
o 1330 0.56
o 1325 0.56
o 1314 0.56
o 1309 0.56
o 1307 0.57
o 1305 0.57
o 1300 0.57
o 1296 0.57
o 1291 0.57
o 1286 0.57
o 1281 0.57
o 1273 0.57
o 1268 0.57
o 1263 0.57
o 1258 0.57
o 1253 0.57
o 1250 0.57
o 1245 0.57
o 1240 0.57
o 1236 0.57
o 1235 0.57
o 1230 0.57
o 1225 0.57
o 1220 0.57
o 1215 0.57
o 1214 0.57
o 1209 0.57
o 1204 0.57
o 1200 0.57
o 1195 0.57
o 1190 0.57
o 1185 0.57
o 1180 0.57
o 1178 0.57
o 1173 0.57
o 1168 0.57
o 1164 0.58
o 1159 0.58
o 1157 0.58
o 1152 0.58
o 1145 28.35
o 1141 28.38
o 1136 28.38
o 1124 28.39
o 1122 69.25
o 1121 69.27
o 1111 69.28
o 1106 69.28
o 1103 69.29
o 1098 69.29
o 1097 69.32
o 1092 69.32
o 1087 69.32
o 1084 75.22
o 1079 75.22
o 1071 75.23
o 1068 75.23
o 1065 75.23
timetabling-comp12
o 1878 0.43
o 1877 0.67
o 1846 0.67
o 1841 0.67
o 1839 0.67
o 1831 0.67
o 1826 0.67
o 1821 0.68
o 1816 0.68
o 1800 0.68
o 1795 0.68
o 1790 0.68
o 1785 0.68
o 1780 0.68
o 1775 0.68
o 1770 0.68
o 1765 0.68
o 1760 0.68
o 1755 0.68
o 1750 0.68
o 1745 0.68
o 1734 0.68
o 1729 0.68
o 1724 0.68
o 1719 0.68
o 1714 0.68
o 1704 0.68
o 1699 0.68
o 1696 0.68
o 1691 0.68
o 1676 0.68
o 1671 0.68
o 1666 0.68
o 1661 0.68
o 1655 0.68
o 1650 0.68
o 1645 0.68
o 1639 0.68
o 1634 0.68
o 1629 0.68
o 1624 0.68
o 1621 0.68
o 1616 0.68
o 1612 0.69
o 1607 0.69
o 1602 0.69
o 1587 0.69
o 1579 0.69
o 1574 0.69
o 1569 0.69
o 1564 0.69
o 1559 0.69
o 1554 0.69
o 1549 0.69
o 1544 0.69
o 1539 0.69
o 1535 0.69
o 1530 0.69
o 1525 0.69
o 1520 0.69
o 1499 0.69
o 1494 0.69
o 1489 0.69
o 1484 0.69
o 1479 0.69
o 1474 0.69
o 1471 0.69
o 1470 0.69
o 1468 0.69
o 1463 0.69
o 1458 0.7
o 1454 0.7
o 1449 0.7
o 1444 0.7
o 1441 0.7
o 1436 0.7
o 1432 0.7
o 1427 0.7
o 1423 0.7
o 1418 0.7
o 1417 0.95
o 1412 0.95
o 1386 1.02
o 1374 1.05
o 1370 1.05
o 1356 1.05
o 1351 1.05
o 1346 1.05
o 1341 1.05
o 1331 1.05
o 1320 1.06
o 1299 1.06
o 1294 1.06
o 1289 1.06
o 1284 1.06
o 1279 1.06
o 1275 1.06
o 1264 1.06
o 1259 2.46
o 1258 2.47
o 1243 4.96
o 1238 4.96
o 1233 4.96
o 1231 4.97
o 1227 4.98
o 1225 4.98
o 1201 4.98
o 1198 5.27
o 1193 7.05
o 1188 7.05
o 1183 7.05
o 1172 7.07
o 1171 7.09
o 1169 46.6
o 1164 46.6
o 1156 46.61
o 1149 69.06
o 1148 85.13
o 1145 85.13
o 1143 85.14
o 1141 85.14
o 1139 85.15
o 1138 183.81
o 1136 183.87
o 1134 184.01
o 1131 184.01
o 1069 184.01
timetabling-comp12
o 1974 0.51
o 1859 0.69
o 1854 0.69
o 1849 0.69
o 1844 0.69
o 1839 0.69
o 1834 0.69
o 1829 0.69
o 1817 0.69
o 1812 0.69
o 1807 0.69
o 1802 0.69
o 1797 0.69
o 1796 0.7
o 1791 0.7
o 1786 0.7
o 1781 0.7
o 1776 0.7
o 1771 0.7
o 1766 0.7
o 1761 0.7
o 1756 0.7
o 1751 0.7
o 1741 0.7
o 1736 0.7
o 1725 0.7
o 1704 0.7
o 1699 0.7
o 1694 0.7
o 1689 0.7
o 1684 0.7
o 1674 0.7
o 1669 0.7
o 1664 0.7
o 1640 0.7
o 1635 0.7
o 1630 0.7
o 1625 0.7
o 1622 0.71
o 1614 0.71
o 1609 0.71
o 1604 0.71
o 1599 0.71
o 1594 0.71
o 1589 0.71
o 1584 0.71
o 1579 0.71
o 1574 0.71
o 1569 0.71
o 1564 0.71
o 1559 0.71
o 1556 0.71
o 1551 0.71
o 1546 0.71
o 1541 0.71
o 1536 0.71
o 1531 0.71
o 1526 0.71
o 1521 0.71
o 1516 0.71
o 1511 0.71
o 1506 0.71
o 1501 0.71
o 1496 0.71
o 1491 0.71
o 1486 0.71
o 1459 0.71
o 1454 0.71
o 1449 0.71
o 1444 0.71
o 1439 0.74
o 1434 0.74
o 1428 0.74
o 1423 0.74
o 1418 0.74
o 1396 0.74
o 1391 0.74
o 1386 0.74
o 1381 0.74
o 1376 0.74
o 1371 0.74
o 1368 0.74
o 1363 0.74
o 1357 0.74
o 1352 0.74
o 1343 0.74
o 1338 0.74
o 1333 0.74
o 1328 0.74
o 1325 0.74
o 1320 0.74
o 1317 0.85
o 1313 0.85
o 1308 0.85
o 1303 0.85
o 1299 0.85
o 1298 0.85
o 1294 0.85
o 1289 0.85
o 1288 0.85
o 1283 0.85
o 1278 0.85
o 1273 0.85
o 1268 0.85
o 1263 0.86
o 1258 0.86
o 1243 0.86
o 1241 4.67
o 1240 4.67
o 1238 5.06
o 1237 9.74
o 1232 9.74
o 1227 9.74
o 1222 9.74
o 1206 9.74
o 1202 9.74
o 1192 9.75
o 1190 9.75
o 1170 25.58
o 1168 25.59
o 1163 25.59
o 1158 25.59
o 1154 27.98
o 1149 27.98
o 1147 27.99
o 1144 27.99
o 1139 28
o 1137 28
o 1134 28.02
o 1129 28.02
o 1125 28.02
o 1120 28.02
o 1116 28.02
o 1111 28.02
o 1107 140.54
o 1104 140.56
o 1099 140.56
o 1096 140.56
o 1091 140.56
o 1090 278
o 1085 278
o 1080 278
o 1078 278
timetabling-comp12
o 2150 0.48
o 2035 0.68
o 2030 0.68
o 2025 0.68
o 2020 0.68
o 2015 0.68
o 2010 0.68
o 2005 0.68
o 2000 0.68
o 1995 0.68
o 1990 0.68
o 1985 0.68
o 1980 0.68
o 1975 0.69
o 1970 0.69
o 1960 0.69
o 1950 0.69
o 1948 0.69
o 1943 0.69
o 1938 0.69
o 1933 0.69
o 1921 0.69
o 1919 0.7
o 1914 0.7
o 1904 0.7
o 1899 0.7
o 1894 0.7
o 1883 0.7
o 1878 0.7
o 1864 0.7
o 1812 0.71
o 1807 0.71
o 1802 0.71
o 1797 0.71
o 1792 0.71
o 1787 0.71
o 1782 0.71
o 1777 0.71
o 1765 0.71
o 1760 0.71
o 1755 0.71
o 1750 0.71
o 1748 0.72
o 1743 0.72
o 1738 0.72
o 1733 0.72
o 1728 0.72
o 1723 0.72
o 1713 0.72
o 1708 0.72
o 1703 0.72
o 1698 0.72
o 1693 0.72
o 1688 0.72
o 1683 0.72
o 1678 0.72
o 1675 0.72
o 1670 0.72
o 1665 0.72
o 1660 0.72
o 1655 0.72
o 1650 0.72
o 1645 0.72
o 1640 0.72
o 1629 0.72
o 1619 0.72
o 1614 0.72
o 1593 0.72
o 1588 0.72
o 1583 0.72
o 1543 0.76
o 1538 0.76
o 1533 0.76
o 1528 0.76
o 1525 0.76
o 1520 0.76
o 1515 0.76
o 1510 0.76
o 1505 0.76
o 1500 0.76
o 1496 0.76
o 1491 0.76
o 1486 0.76
o 1476 0.76
o 1471 0.76
o 1466 0.76
o 1461 0.76
o 1459 0.76
o 1454 0.76
o 1449 0.76
o 1444 0.76
o 1439 0.76
o 1434 0.76
o 1429 0.76
o 1424 0.76
o 1419 0.76
o 1414 0.76
o 1409 0.76
o 1404 0.77
o 1399 0.77
o 1372 0.77
o 1367 0.77
o 1362 0.77
o 1357 0.77
o 1356 0.77
o 1353 0.77
o 1349 0.77
o 1345 0.77
o 1340 0.77
o 1335 0.77
o 1331 0.78
o 1326 0.78
o 1321 0.78
o 1316 0.78
o 1311 0.78
o 1306 0.78
o 1301 0.78
o 1296 0.78
o 1291 0.78
o 1286 0.78
o 1281 0.78
o 1276 0.78
o 1267 0.78
o 1262 0.78
o 1257 0.78
o 1254 0.79
o 1249 0.79
o 1248 0.79
o 1246 0.79
o 1243 0.79
o 1238 0.79
o 1180 5.18
o 1170 5.18
o 1165 5.19
o 1160 5.19
o 1155 5.19
o 1138 5.19
o 1133 5.19
o 1131 5.19
o 1123 22.17
o 1119 122.37
o 1118 122.42
o 1115 122.42
o 1112 122.43
o 1107 122.47
o 1106 253.44
o 1104 254.07
o 1103 254.07
o 1098 254.07
o 1095 283.4
timetabling-comp12
o 1969 0.39
o 1965 0.57
o 1960 0.57
o 1955 0.57
o 1949 0.57
o 1944 0.57
o 1940 0.57
o 1935 0.57
o 1933 0.57
o 1928 0.57
o 1881 0.57
o 1865 0.57
o 1857 0.57
o 1853 0.57
o 1848 0.57
o 1843 0.57
o 1840 0.57
o 1835 0.57
o 1830 0.57
o 1825 0.57
o 1820 0.57
o 1815 0.57
o 1810 0.57
o 1805 0.57
o 1800 0.57
o 1796 0.58
o 1791 0.58
o 1786 0.58
o 1781 0.58
o 1776 0.58
o 1773 0.58
o 1768 0.58
o 1762 0.58
o 1760 0.58
o 1755 0.58
o 1750 0.58
o 1745 0.58
o 1740 0.58
o 1735 0.58
o 1731 0.58
o 1726 0.58
o 1721 0.58
o 1716 0.58
o 1711 0.58
o 1706 0.58
o 1701 0.58
o 1696 0.58
o 1691 0.58
o 1686 0.58
o 1681 0.58
o 1676 0.58
o 1671 0.58
o 1666 0.58
o 1661 0.58
o 1656 0.58
o 1651 0.58
o 1650 0.59
o 1631 0.59
o 1626 0.59
o 1623 0.59
o 1618 0.59
o 1613 0.59
o 1608 0.59
o 1603 0.59
o 1598 0.59
o 1593 0.59
o 1587 0.59
o 1582 0.59
o 1577 0.59
o 1572 0.59
o 1567 0.59
o 1562 0.59
o 1557 0.59
o 1552 0.59
o 1547 0.59
o 1545 0.59
o 1540 0.59
o 1535 0.59
o 1530 0.59
o 1525 0.59
o 1520 0.59
o 1515 0.59
o 1510 0.59
o 1505 0.59
o 1500 0.59
o 1495 0.59
o 1490 0.59
o 1485 0.59
o 1480 0.59
o 1475 0.59
o 1474 0.59
o 1469 0.59
o 1466 0.6
o 1449 0.6
o 1426 0.6
o 1421 0.6
o 1416 0.6
o 1411 0.6
o 1408 0.6
o 1403 0.6
o 1398 0.6
o 1393 0.6
o 1388 0.6
o 1383 0.6
o 1378 0.6
o 1373 0.6
o 1362 0.6
o 1357 0.6
o 1352 0.6
o 1349 0.6
o 1344 0.6
o 1339 0.6
o 1334 0.6
o 1329 0.6
o 1326 1.85
o 1321 1.85
o 1316 1.85
o 1311 1.85
o 1310 1.86
o 1305 1.86
o 1301 1.86
o 1298 2.05
o 1296 2.05
o 1295 2.05
o 1279 2.06
o 1257 2.06
o 1252 2.06
o 1247 2.06
o 1242 2.07
o 1240 2.07
o 1235 2.07
o 1230 2.07
o 1227 2.07
o 1222 2.08
o 1218 2.08
o 1213 2.08
o 1208 2.08
o 1196 2.08
o 1175 12.81
o 1170 12.81
o 1165 12.81
o 1160 12.81
o 1159 12.81
o 1149 12.82
o 1144 12.82
o 1130 12.82
o 1111 29.23
o 1106 29.23
o 1103 34.65
o 1101 34.65
o 1097 34.65
o 1095 34.66
o 1093 34.7
o 1067 34.73
o 1062 34.73
o 1059 34.74
o 1055 34.74
o 1053 34.74
o 1051 34.77
o 1045 295.39
o 1042 295.39
o 1037 295.39
o 1035 295.4
