gen-hyper-tw-GenHyperTW_aim-50-1_6-no-3
o 27 0.310000
o 13 2.510000
o 12 11.810000
o 11 52.780000
11	52.780000
gen-hyper-tw-GenHyperTW_aim-50-1_6-no-3
o 24 0.360000
o 13 3.080000
o 12 12.300000
o 11 94.520000
o 10 106.780000
10	106.780000
gen-hyper-tw-GenHyperTW_aim-50-1_6-no-3
o 28 0.340000
o 14 3.030000
o 13 11.150000
o 11 19.590000
11	19.590000
gen-hyper-tw-GenHyperTW_aim-50-1_6-no-3
o 30 0.380000
o 13 3.070000
o 12 3.080000
o 11 3.090000
11	3.090000
gen-hyper-tw-GenHyperTW_aim-50-1_6-no-3
o 26 0.300000
o 14 2.650000
o 13 2.670000
o 12 10.990000
o 11 11.000000
11	11.000000
gen-hyper-tw-GenHyperTW_aim-50-1_6-no-3
o 26 0.430000
o 14 3.110000
o 13 5.470000
o 12 34.070000
12	34.070000
gen-hyper-tw-GenHyperTW_aim-50-1_6-no-3
o 26 0.340000
o 12 3.070000
o 11 192.220000
11	192.220000
gen-hyper-tw-GenHyperTW_aim-50-1_6-no-3
o 28 0.390000
o 13 3.280000
o 12 7.730000
o 11 87.760000
11	87.760000
gen-hyper-tw-GenHyperTW_aim-50-1_6-no-3
o 28 0.350000
o 14 3.010000
o 13 3.010000
o 12 3.040000
o 11 202.190000
11	202.190000
gen-hyper-tw-GenHyperTW_aim-50-1_6-no-3
o 29 0.400000
o 13 3.100000
o 12 28.090000
o 11 59.030000
11	59.030000
