gen-hyper-tw-GenHyperTW_dubois28
o 22 1.360000
o 5 3.990000
5	3.990000
gen-hyper-tw-GenHyperTW_dubois28
o 25 1.650000
o 6 5.310000
o 5 17.330000
5	17.330000
gen-hyper-tw-GenHyperTW_dubois28
o 24 2.640000
o 10 9.640000
o 9 9.790000
o 8 13.580000
o 6 27.820000
o 5 176.410000
5	176.410000
gen-hyper-tw-GenHyperTW_dubois28
o 26 1.160000
o 7 4.160000
o 6 4.210000
o 5 106.910000
o 4 116.420000
4	116.420000
gen-hyper-tw-GenHyperTW_dubois28
o 22 1.970000
o 8 10.790000
o 7 24.070000
o 6 52.470000
6	52.470000
gen-hyper-tw-GenHyperTW_dubois28
o 24 1.420000
o 8 6.970000
o 7 11.860000
o 6 181.680000
o 5 249.600000
5	249.600000
gen-hyper-tw-GenHyperTW_dubois28
o 18 1.410000
o 11 8.310000
o 10 10.480000
o 9 12.600000
o 8 16.580000
o 7 27.470000
o 6 117.810000
o 5 117.880000
5	117.880000
gen-hyper-tw-GenHyperTW_dubois28
o 24 2.080000
o 6 6.840000
6	6.840000
gen-hyper-tw-GenHyperTW_dubois28
o 25 1.680000
o 7 8.170000
o 6 66.770000
6	66.770000
gen-hyper-tw-GenHyperTW_dubois28
o 27 1.450000
o 6 6.710000
o 5 139.690000
5	139.690000
