inconsistency-measurement-im-sum-A-2-grd_1948_5_1.tgf.pl
o 477 0.340000
o 428 3.020000
o 427 3.120000
o 425 3.140000
o 424 3.140000
o 423 3.150000
o 422 3.150000
o 421 3.150000
o 420 3.150000
o 419 3.220000
o 418 3.230000
o 417 3.230000
o 416 3.230000
o 415 3.230000
o 414 3.230000
o 413 3.230000
o 412 3.260000
o 411 3.270000
o 410 3.270000
o 409 3.270000
o 408 3.280000
o 407 3.280000
o 406 3.550000
o 405 3.570000
o 404 3.600000
o 403 3.610000
o 402 3.610000
o 401 3.610000
o 400 3.620000
o 399 3.850000
o 398 3.880000
o 397 3.890000
o 396 3.920000
o 395 17.240000
o 394 28.830000
o 393 28.870000
o 392 28.890000
o 391 28.900000
o 390 28.900000
o 389 28.900000
o 388 28.910000
o 387 28.910000
o 386 28.940000
o 385 73.180000
o 384 73.200000
384	73.200000
inconsistency-measurement-im-sum-A-2-grd_1948_5_1.tgf.pl
o 477 0.290000
o 427 2.780000
o 425 2.780000
o 421 2.800000
o 420 2.910000
o 419 2.940000
o 418 2.940000
o 417 2.960000
o 416 2.960000
o 415 2.960000
o 414 2.960000
o 413 2.960000
o 412 2.970000
o 411 2.980000
o 410 2.990000
o 409 3.020000
o 408 3.030000
o 407 3.030000
o 406 3.340000
o 405 3.550000
o 404 3.600000
o 403 3.610000
o 402 3.620000
o 401 3.620000
o 399 3.660000
o 398 3.670000
o 397 3.700000
o 396 3.710000
o 395 3.710000
o 394 3.710000
o 393 3.810000
o 392 3.830000
o 391 60.990000
o 390 61.100000
o 389 61.590000
o 388 167.510000
o 387 167.550000
o 386 167.560000
o 385 167.610000
o 384 167.620000
o 382 167.640000
382	167.640000
inconsistency-measurement-im-sum-A-2-grd_1948_5_1.tgf.pl
o 477 0.300000
o 413 2.730000
o 410 2.790000
o 409 2.790000
o 408 2.790000
o 407 2.890000
o 406 2.900000
o 405 2.920000
o 404 2.920000
o 402 2.920000
o 401 2.930000
o 400 3.010000
o 399 3.050000
o 398 3.050000
o 397 3.050000
o 396 3.050000
o 395 3.110000
o 394 3.320000
o 393 3.360000
o 392 3.360000
o 391 3.370000
o 390 3.390000
o 389 3.490000
o 388 3.490000
o 387 3.500000
o 386 136.690000
o 385 136.720000
o 384 136.720000
384	136.720000
inconsistency-measurement-im-sum-A-2-grd_1948_5_1.tgf.pl
o 477 0.290000
o 423 2.910000
o 420 2.980000
o 419 2.980000
o 418 2.980000
o 416 3.010000
o 413 3.010000
o 412 3.010000
o 411 3.010000
o 410 3.190000
o 409 3.190000
o 407 3.190000
o 406 3.190000
o 405 3.190000
o 403 3.190000
o 402 3.190000
o 401 3.200000
o 400 3.200000
o 399 3.210000
o 398 3.380000
o 397 13.690000
o 396 13.700000
o 395 13.700000
o 394 13.880000
o 393 13.890000
o 392 13.890000
o 391 13.890000
o 390 25.330000
o 389 25.380000
o 388 25.380000
o 387 25.390000
o 386 25.400000
o 385 25.570000
o 384 25.570000
o 383 25.580000
383	25.580000
inconsistency-measurement-im-sum-A-2-grd_1948_5_1.tgf.pl
o 477 0.290000
o 421 2.830000
o 418 2.910000
o 417 2.910000
o 416 2.920000
o 415 2.930000
o 413 2.930000
o 412 2.930000
o 411 3.040000
o 410 3.040000
o 409 3.040000
o 408 3.040000
o 407 3.040000
o 406 3.040000
o 405 3.270000
o 404 3.280000
o 403 3.280000
o 402 3.280000
o 401 3.310000
o 400 3.320000
o 399 3.330000
o 398 3.360000
o 397 3.360000
o 396 3.370000
o 394 3.410000
o 393 3.410000
o 392 3.430000
o 391 3.430000
o 390 3.430000
o 388 3.430000
o 387 3.440000
o 385 3.450000
o 383 3.460000
o 382 3.470000
o 381 3.500000
381	3.500000
inconsistency-measurement-im-sum-A-2-grd_1948_5_1.tgf.pl
o 477 0.400000
o 399 3.250000
o 398 3.550000
o 397 3.560000
o 396 3.580000
o 395 3.580000
o 394 3.590000
o 393 16.750000
o 392 16.950000
o 391 17.110000
o 390 17.120000
o 389 17.200000
o 388 17.210000
o 387 281.760000
o 385 281.760000
o 383 281.760000
o 382 281.990000
o 381 281.990000
o 380 281.990000
380	281.990000
inconsistency-measurement-im-sum-A-2-grd_1948_5_1.tgf.pl
o 477 0.350000
o 423 3.380000
o 420 3.400000
o 419 3.410000
o 418 3.410000
o 417 3.420000
o 416 3.420000
o 414 3.420000
o 413 3.490000
o 412 3.540000
o 410 3.570000
o 408 3.580000
o 407 3.580000
o 406 3.590000
o 405 3.600000
o 404 3.600000
o 403 3.910000
o 402 3.910000
o 401 3.910000
o 400 4.220000
o 399 4.220000
o 398 14.500000
o 396 14.510000
o 395 14.510000
o 393 14.520000
o 391 14.520000
o 390 14.530000
o 389 92.870000
o 388 92.920000
o 387 92.930000
o 386 92.940000
o 385 92.970000
385	92.970000
inconsistency-measurement-im-sum-A-2-grd_1948_5_1.tgf.pl
o 477 0.400000
o 420 3.260000
o 418 3.270000
o 417 3.320000
o 416 3.320000
o 415 3.420000
o 414 3.430000
o 413 3.450000
o 412 3.550000
o 411 3.550000
o 410 3.550000
o 409 3.560000
o 408 3.690000
o 407 3.700000
o 406 3.750000
o 405 3.750000
o 404 3.790000
o 403 3.800000
o 402 3.810000
o 401 3.940000
o 400 3.990000
o 398 3.990000
o 396 4.050000
o 395 4.070000
o 394 4.070000
o 393 4.080000
o 392 4.190000
o 391 4.230000
o 390 4.230000
o 389 16.280000
o 388 16.320000
o 387 37.540000
o 386 37.540000
o 385 37.550000
o 384 37.570000
o 383 37.570000
383	37.570000
inconsistency-measurement-im-sum-A-2-grd_1948_5_1.tgf.pl
o 477 0.330000
o 430 2.640000
o 426 2.650000
o 424 2.660000
o 421 2.680000
o 420 2.680000
o 418 2.690000
o 417 2.790000
o 416 2.790000
o 415 2.830000
o 414 2.840000
o 413 2.940000
o 412 2.970000
o 411 2.970000
o 410 2.980000
o 409 2.990000
o 408 3.000000
o 406 3.000000
o 405 3.010000
o 404 3.010000
o 403 3.040000
o 402 3.050000
o 401 3.050000
o 400 3.050000
o 399 3.240000
o 398 3.310000
o 397 3.380000
o 396 3.400000
o 395 3.420000
o 394 26.330000
o 393 26.340000
o 392 26.340000
o 391 26.380000
o 390 26.380000
o 389 188.680000
o 388 235.060000
o 387 235.130000
o 386 235.130000
o 385 235.130000
385	235.130000
inconsistency-measurement-im-sum-A-2-grd_1948_5_1.tgf.pl
o 477 0.340000
o 430 3.430000
o 429 3.430000
o 427 3.440000
o 424 3.450000
o 421 3.460000
o 420 3.490000
o 419 3.600000
o 418 3.600000
o 417 3.610000
o 416 3.720000
o 415 3.740000
o 414 3.770000
o 413 3.770000
o 411 3.780000
o 410 3.790000
o 409 3.790000
o 408 3.800000
o 407 3.850000
o 406 3.850000
o 405 3.860000
o 404 3.860000
o 403 3.960000
o 402 4.250000
o 401 4.250000
o 400 4.250000
o 399 4.260000
o 398 4.270000
o 396 4.610000
o 395 4.650000
o 394 18.080000
o 393 42.880000
o 392 42.880000
o 391 42.890000
o 390 42.890000
o 389 42.890000
o 388 42.890000
o 387 42.940000
o 386 43.010000
o 385 43.040000
o 384 43.040000
o 383 43.050000
383	43.050000
