inconsistency-measurement-im-contension-A-2-grd_3908_2_1.tgf.pl
o 788 0.410000
o 693 3.200000
o 692 3.200000
o 691 3.210000
o 688 3.310000
o 687 3.310000
o 686 3.340000
o 685 3.360000
o 684 3.360000
o 683 3.370000
o 682 3.390000
o 681 3.390000
o 680 4.250000
o 679 4.250000
o 678 4.270000
o 677 4.360000
o 676 4.370000
o 675 4.370000
o 674 4.460000
o 673 4.490000
o 672 4.510000
o 671 4.520000
o 670 4.710000
o 669 4.880000
o 668 4.930000
o 667 4.980000
o 666 5.280000
o 665 5.390000
o 664 5.470000
o 663 5.640000
o 662 5.640000
o 661 5.750000
o 660 15.000000
o 659 15.030000
o 658 22.160000
o 657 22.310000
o 656 24.680000
o 655 25.830000
o 654 26.500000
o 653 37.690000
o 652 71.820000
o 651 71.890000
o 650 71.900000
o 649 72.160000
o 648 83.020000
o 647 85.860000
o 646 88.160000
o 645 98.340000
o 644 108.040000
o 643 110.100000
643	110.100000
inconsistency-measurement-im-contension-A-2-grd_3908_2_1.tgf.pl
o 783 0.650000
o 677 4.500000
o 676 4.600000
o 675 4.610000
o 674 4.780000
o 673 4.790000
o 672 7.360000
o 671 7.490000
o 670 7.650000
o 669 7.670000
o 668 8.000000
o 667 8.020000
o 666 9.180000
o 665 9.520000
o 664 9.610000
o 663 10.430000
o 662 10.670000
o 661 11.940000
o 660 11.970000
o 659 12.430000
o 658 12.430000
o 657 16.070000
o 656 16.170000
o 655 16.260000
o 654 16.270000
o 653 88.320000
o 652 91.920000
o 651 94.140000
o 650 95.500000
o 649 95.640000
o 648 107.490000
o 647 119.660000
647	119.660000
inconsistency-measurement-im-contension-A-2-grd_3908_2_1.tgf.pl
o 785 0.360000
o 686 2.450000
o 685 2.660000
o 684 2.660000
o 683 2.670000
o 682 2.680000
o 681 2.740000
o 680 2.780000
o 679 2.800000
o 678 2.810000
o 677 2.810000
o 676 2.880000
o 675 2.940000
o 674 2.960000
o 673 2.980000
o 672 3.090000
o 671 3.100000
o 670 3.110000
o 669 3.130000
o 668 3.140000
o 667 3.160000
o 666 3.210000
o 665 3.240000
o 664 4.970000
o 663 6.760000
o 662 7.020000
o 661 7.150000
o 660 7.240000
o 659 7.360000
o 658 8.000000
o 657 10.060000
o 656 10.070000
o 655 10.390000
o 654 10.460000
o 653 18.400000
o 652 24.940000
o 651 30.500000
o 650 71.600000
650	71.600000
inconsistency-measurement-im-contension-A-2-grd_3908_2_1.tgf.pl
o 787 0.410000
o 682 3.330000
o 681 3.360000
o 680 3.370000
o 679 3.490000
o 678 3.500000
o 677 3.500000
o 676 3.610000
o 675 3.620000
o 674 3.710000
o 673 3.970000
o 672 4.080000
o 671 4.270000
o 670 4.270000
o 669 4.290000
o 668 4.300000
o 667 4.330000
o 666 4.490000
o 665 4.610000
o 664 4.610000
o 663 4.650000
o 662 4.730000
o 661 4.740000
o 660 4.750000
o 659 5.480000
o 658 6.460000
o 657 7.820000
o 656 8.110000
o 655 11.620000
o 654 11.680000
o 653 13.810000
o 652 19.500000
o 651 295.650000
o 650 295.850000
o 649 297.830000
649	297.830000
inconsistency-measurement-im-contension-A-2-grd_3908_2_1.tgf.pl
o 780 0.350000
o 688 2.540000
o 687 2.540000
o 686 2.610000
o 685 2.640000
o 684 2.690000
o 683 2.690000
o 682 3.960000
o 681 4.310000
o 680 4.440000
o 679 4.530000
o 678 4.590000
o 677 4.590000
o 676 4.600000
o 675 4.600000
o 674 4.610000
o 673 4.730000
o 672 4.840000
o 671 4.890000
o 670 5.290000
o 669 5.290000
o 668 5.450000
o 667 5.470000
o 666 5.500000
o 665 7.400000
o 664 8.200000
o 663 8.630000
o 662 9.200000
o 661 9.240000
o 660 9.440000
o 659 9.500000
o 658 9.800000
o 657 10.190000
o 656 11.470000
o 655 15.130000
o 654 16.100000
o 653 22.260000
o 652 32.580000
o 651 77.850000
o 650 79.740000
o 649 80.050000
o 648 259.850000
648	259.850000
inconsistency-measurement-im-contension-A-2-grd_3908_2_1.tgf.pl
o 790 0.380000
o 683 2.660000
o 682 2.690000
o 681 2.690000
o 679 2.770000
o 678 2.770000
o 677 2.780000
o 676 3.350000
o 675 3.680000
o 674 3.690000
o 673 3.880000
o 672 3.930000
o 671 4.040000
o 670 4.060000
o 669 4.060000
o 668 4.750000
o 667 4.790000
o 666 5.000000
o 665 5.860000
o 664 5.880000
o 663 6.000000
o 662 7.530000
o 661 7.570000
o 660 8.390000
o 659 8.410000
o 658 9.190000
o 657 9.210000
o 656 9.830000
o 655 14.590000
o 654 15.160000
o 653 16.140000
o 652 23.630000
o 651 30.550000
o 650 31.470000
o 649 35.580000
o 648 41.980000
o 647 45.310000
o 646 158.300000
o 645 159.850000
645	159.850000
inconsistency-measurement-im-contension-A-2-grd_3908_2_1.tgf.pl
o 789 0.370000
o 684 3.250000
o 683 3.270000
o 682 3.320000
o 681 3.370000
o 680 3.430000
o 679 3.460000
o 678 3.600000
o 677 3.840000
o 676 3.880000
o 675 4.120000
o 674 4.160000
o 673 4.790000
o 672 4.880000
o 671 5.860000
o 670 5.960000
o 669 6.000000
o 668 8.210000
o 667 8.420000
o 666 8.660000
o 665 8.680000
o 664 9.420000
o 663 9.470000
o 662 12.030000
o 661 13.130000
o 660 13.140000
o 659 15.210000
o 658 18.830000
o 657 19.630000
o 656 21.720000
o 655 21.730000
o 654 22.180000
o 653 22.520000
o 652 59.990000
o 651 66.180000
o 650 68.990000
650	68.990000
inconsistency-measurement-im-contension-A-2-grd_3908_2_1.tgf.pl
o 788 0.390000
o 678 2.850000
o 677 2.850000
o 676 2.950000
o 675 2.960000
o 674 2.990000
o 673 3.000000
o 672 4.060000
o 671 4.320000
o 670 4.350000
o 669 4.720000
o 668 4.730000
o 667 4.740000
o 666 4.860000
o 665 5.870000
o 664 6.360000
o 663 6.370000
o 662 6.620000
o 661 6.790000
o 660 6.870000
o 659 7.210000
o 658 9.660000
o 657 9.670000
o 656 11.500000
o 655 11.510000
o 654 11.540000
o 653 11.640000
o 652 11.660000
o 651 11.800000
o 650 12.170000
o 649 66.360000
o 648 66.600000
o 647 66.610000
o 646 162.180000
646	162.180000
inconsistency-measurement-im-contension-A-2-grd_3908_2_1.tgf.pl
o 780 0.420000
o 677 3.940000
o 676 3.970000
o 675 4.000000
o 674 4.000000
o 673 4.050000
o 672 4.050000
o 671 4.110000
o 670 4.110000
o 669 4.120000
o 668 5.010000
o 667 5.020000
o 666 5.030000
o 665 5.640000
o 664 6.490000
o 663 6.630000
o 662 6.640000
o 661 6.640000
o 660 6.640000
o 659 6.680000
o 658 6.690000
o 657 7.690000
o 656 7.710000
o 655 7.800000
o 654 7.810000
o 653 9.560000
o 652 21.460000
o 651 22.100000
o 650 26.550000
o 649 86.040000
o 648 159.710000
648	159.710000
inconsistency-measurement-im-contension-A-2-grd_3908_2_1.tgf.pl
o 782 0.360000
o 693 2.760000
o 692 2.790000
o 691 2.790000
o 690 2.800000
o 689 2.820000
o 688 3.080000
o 687 3.150000
o 686 3.160000
o 685 3.220000
o 684 3.230000
o 683 3.240000
o 682 3.250000
o 681 3.370000
o 680 3.470000
o 679 3.500000
o 678 3.520000
o 677 3.520000
o 676 3.570000
o 675 3.700000
o 674 3.750000
o 673 4.060000
o 672 4.070000
o 671 4.120000
o 670 4.120000
o 669 4.120000
o 668 4.140000
o 667 4.270000
o 666 4.290000
o 665 4.440000
o 664 4.690000
o 663 4.750000
o 662 4.830000
o 661 5.320000
o 660 6.330000
o 659 6.440000
o 658 6.750000
o 657 6.750000
o 656 7.320000
o 655 7.370000
o 654 17.000000
o 653 26.980000
o 652 57.850000
o 651 64.340000
o 650 64.420000
o 649 67.270000
o 648 67.270000
o 647 67.860000
o 646 69.860000
646	69.860000
