inconsistency-measurement-im-forgetting-B-2-stb_625_161.tgf.pl
o 145 0.010000
o 109 0.610000
o 108 0.620000
o 107 0.620000
o 106 0.650000
o 105 0.650000
o 104 0.650000
o 103 0.660000
o 99 6.280000
o 97 6.280000
o 96 6.280000
o 95 96.160000
o 94 242.990000
94	242.990000
inconsistency-measurement-im-forgetting-B-2-stb_625_161.tgf.pl
o 145 0.010000
o 105 0.610000
o 104 7.000000
o 103 7.000000
o 102 7.020000
o 101 7.020000
o 100 7.020000
o 99 7.030000
o 98 7.040000
o 97 63.200000
o 95 63.200000
o 94 63.220000
94	63.220000
inconsistency-measurement-im-forgetting-B-2-stb_625_161.tgf.pl
o 145 0.010000
o 115 0.650000
o 113 0.660000
o 112 0.660000
o 111 0.740000
o 110 0.740000
o 108 0.750000
o 107 0.750000
o 106 0.760000
o 104 0.760000
o 103 0.760000
o 102 0.760000
o 101 38.910000
o 100 76.410000
o 99 76.420000
o 98 76.420000
o 97 140.370000
o 96 140.380000
o 95 140.390000
o 94 250.300000
94	250.300000
inconsistency-measurement-im-forgetting-B-2-stb_625_161.tgf.pl
o 145 0.010000
o 113 0.600000
o 109 0.620000
o 108 0.720000
o 107 5.130000
o 106 5.130000
o 105 5.190000
o 104 37.250000
o 103 37.270000
o 102 37.270000
o 101 37.300000
o 100 37.300000
o 99 37.310000
o 97 88.240000
o 96 124.430000
o 95 124.430000
o 94 124.430000
94	124.430000
inconsistency-measurement-im-forgetting-B-2-stb_625_161.tgf.pl
o 145 0.000000
o 108 0.670000
o 107 0.920000
o 106 0.920000
o 105 0.940000
o 104 0.950000
o 103 0.950000
o 102 1.030000
o 101 1.030000
o 100 47.270000
o 99 64.830000
o 98 64.830000
o 96 101.770000
o 95 137.270000
o 94 237.850000
o 93 237.880000
93	237.880000
inconsistency-measurement-im-forgetting-B-2-stb_625_161.tgf.pl
o 145 0.010000
o 108 0.590000
o 107 0.610000
o 106 0.610000
o 105 0.620000
o 104 0.630000
o 103 0.630000
o 102 6.400000
o 101 85.960000
o 100 131.160000
o 99 131.230000
o 98 131.230000
98	131.230000
inconsistency-measurement-im-forgetting-B-2-stb_625_161.tgf.pl
o 145 0.000000
o 118 0.680000
o 117 0.690000
o 116 0.690000
o 115 0.860000
o 114 0.860000
o 113 0.870000
o 112 1.190000
o 111 1.240000
o 110 1.250000
o 109 1.250000
o 108 1.250000
o 107 1.250000
o 106 1.260000
o 105 1.260000
o 104 1.270000
o 103 1.270000
o 102 1.270000
o 101 1.270000
o 100 1.290000
o 99 1.290000
o 98 7.920000
o 97 7.920000
o 96 7.930000
o 95 7.930000
o 94 221.530000
94	221.530000
inconsistency-measurement-im-forgetting-B-2-stb_625_161.tgf.pl
o 145 0.010000
o 120 0.670000
o 119 0.670000
o 117 0.670000
o 116 0.670000
o 115 0.680000
o 114 0.680000
o 113 0.680000
o 112 0.680000
o 111 0.700000
o 110 0.700000
o 109 0.800000
o 108 0.810000
o 107 0.810000
o 106 0.810000
o 105 0.810000
o 104 0.810000
o 103 0.810000
o 102 0.820000
o 101 0.830000
o 97 31.280000
o 96 31.290000
o 95 31.290000
95	31.290000
inconsistency-measurement-im-forgetting-B-2-stb_625_161.tgf.pl
o 145 0.010000
o 119 0.690000
o 118 0.690000
o 117 0.690000
o 116 0.740000
o 115 0.740000
o 114 0.740000
o 113 1.110000
o 112 1.470000
o 111 14.230000
o 110 14.230000
o 109 14.260000
o 108 14.260000
o 107 14.280000
o 106 20.920000
o 105 20.950000
o 104 20.950000
o 103 26.880000
o 102 26.890000
o 101 26.890000
o 100 92.120000
o 99 92.200000
o 98 92.280000
o 97 92.340000
o 96 92.340000
96	92.340000
inconsistency-measurement-im-forgetting-B-2-stb_625_161.tgf.pl
o 145 0.010000
o 114 0.590000
o 113 0.590000
o 110 0.590000
o 109 1.230000
o 108 1.230000
o 107 13.450000
o 106 13.460000
o 105 13.460000
o 104 13.640000
o 103 19.850000
o 102 19.850000
o 101 19.860000
o 100 37.770000
o 99 37.770000
o 96 37.770000
o 95 37.800000
o 94 37.810000
94	37.810000
