judgment-aggregation-ja-maxham-preflib-00049-00000071
o 65 0.100000
o 52 0.640000
o 50 0.640000
o 49 32.700000
o 48 58.010000
48	58.010000
judgment-aggregation-ja-maxham-preflib-00049-00000071
o 61 0.100000
o 60 0.440000
o 51 0.690000
o 50 0.820000
o 49 2.850000
o 48 21.360000
48	21.360000
judgment-aggregation-ja-maxham-preflib-00049-00000071
o 60 0.120000
o 58 0.730000
o 57 0.740000
o 56 0.740000
o 55 0.750000
o 54 1.660000
o 53 2.020000
o 52 2.530000
o 51 7.140000
o 50 15.360000
o 49 15.370000
o 48 16.190000
o 47 56.750000
47	56.750000
judgment-aggregation-ja-maxham-preflib-00049-00000071
o 62 0.090000
o 61 0.440000
o 53 0.590000
o 52 0.590000
o 51 0.720000
o 50 10.290000
o 49 13.910000
o 48 80.270000
o 47 245.440000
47	245.440000
judgment-aggregation-ja-maxham-preflib-00049-00000071
o 59 0.100000
o 58 0.540000
o 57 0.550000
o 56 0.580000
o 55 1.740000
o 54 3.050000
o 53 4.220000
o 52 4.220000
o 51 5.370000
o 50 12.840000
o 49 20.060000
o 48 20.160000
o 47 156.190000
47	156.190000
judgment-aggregation-ja-maxham-preflib-00049-00000071
o 63 0.110000
o 53 0.580000
o 52 3.050000
o 51 15.420000
o 50 15.430000
o 49 19.120000
o 48 41.600000
o 47 207.160000
47	207.160000
judgment-aggregation-ja-maxham-preflib-00049-00000071
o 61 0.110000
o 58 0.490000
o 54 0.630000
o 53 0.640000
o 52 0.650000
o 51 0.680000
o 50 1.340000
o 49 1.410000
o 48 40.590000
o 47 109.580000
47	109.580000
judgment-aggregation-ja-maxham-preflib-00049-00000071
o 62 0.100000
o 59 0.550000
o 55 0.560000
o 54 0.590000
o 53 2.790000
o 52 3.780000
o 51 20.840000
o 50 20.840000
o 49 20.980000
o 48 53.030000
48	53.030000
judgment-aggregation-ja-maxham-preflib-00049-00000071
o 64 0.100000
o 52 0.600000
o 51 0.610000
o 50 0.810000
o 49 19.990000
o 48 36.340000
48	36.340000
judgment-aggregation-ja-maxham-preflib-00049-00000071
o 64 0.110000
o 52 0.670000
o 51 0.680000
o 50 0.700000
o 49 7.260000
o 48 49.920000
o 47 117.630000
47	117.630000
