judgment-aggregation-ja-maxham-preflib-00049-00000157
o 76 0.070000
o 60 0.500000
o 59 0.510000
o 58 0.550000
o 57 0.560000
o 56 23.690000
o 55 23.710000
o 54 48.820000
o 53 48.850000
53	48.850000
judgment-aggregation-ja-maxham-preflib-00049-00000157
o 79 0.070000
o 69 0.260000
o 59 0.430000
o 58 0.450000
o 57 0.550000
o 56 0.620000
o 55 8.530000
o 54 8.740000
54	8.740000
judgment-aggregation-ja-maxham-preflib-00049-00000157
o 68 0.070000
o 57 0.430000
o 56 0.450000
o 55 9.690000
o 54 30.220000
o 53 30.250000
53	30.250000
judgment-aggregation-ja-maxham-preflib-00049-00000157
o 72 0.060000
o 57 0.430000
o 56 0.440000
o 55 0.440000
o 54 15.940000
o 53 15.960000
53	15.960000
judgment-aggregation-ja-maxham-preflib-00049-00000157
o 73 0.070000
o 66 0.360000
o 63 0.390000
o 57 0.450000
o 56 0.450000
o 55 0.560000
o 54 31.280000
o 53 71.860000
53	71.860000
judgment-aggregation-ja-maxham-preflib-00049-00000157
o 75 0.070000
o 65 0.370000
o 60 0.400000
o 59 0.410000
o 58 0.410000
o 57 4.800000
o 56 24.950000
o 55 38.360000
o 54 124.130000
o 53 254.740000
53	254.740000
judgment-aggregation-ja-maxham-preflib-00049-00000157
o 72 0.070000
o 60 0.400000
o 58 0.430000
o 56 0.440000
o 54 0.440000
o 53 12.000000
53	12.000000
judgment-aggregation-ja-maxham-preflib-00049-00000157
o 71 0.080000
o 62 0.420000
o 58 0.430000
o 56 0.460000
o 55 1.390000
o 54 46.390000
o 53 65.990000
o 52 115.810000
52	115.810000
judgment-aggregation-ja-maxham-preflib-00049-00000157
o 77 0.080000
o 66 0.370000
o 56 0.460000
o 55 0.480000
o 54 11.270000
o 53 23.610000
53	23.610000
judgment-aggregation-ja-maxham-preflib-00049-00000157
o 81 0.070000
o 66 0.400000
o 55 0.450000
o 54 33.590000
o 53 41.020000
o 52 42.050000
52	42.050000
