judgment-aggregation-ja-maxham-preflib-00049-00000385
o 47 0.020000
o 41 0.150000
o 39 0.170000
o 38 0.170000
o 37 29.020000
37	29.020000
judgment-aggregation-ja-maxham-preflib-00049-00000385
o 52 0.020000
o 41 0.210000
o 39 0.210000
o 38 1.300000
o 37 20.400000
37	20.400000
judgment-aggregation-ja-maxham-preflib-00049-00000385
o 53 0.030000
o 49 0.160000
o 40 0.210000
o 39 0.210000
o 38 0.220000
o 37 73.710000
37	73.710000
judgment-aggregation-ja-maxham-preflib-00049-00000385
o 50 0.020000
o 46 0.140000
o 42 0.150000
o 40 0.190000
o 39 0.190000
o 38 0.210000
o 37 81.940000
37	81.940000
judgment-aggregation-ja-maxham-preflib-00049-00000385
o 50 0.020000
o 45 0.140000
o 43 0.140000
o 39 0.170000
o 38 0.170000
o 37 16.600000
37	16.600000
judgment-aggregation-ja-maxham-preflib-00049-00000385
o 50 0.020000
o 47 0.150000
o 43 0.180000
o 42 0.180000
o 41 0.180000
o 40 0.210000
o 39 0.630000
o 38 3.850000
o 37 58.770000
37	58.770000
judgment-aggregation-ja-maxham-preflib-00049-00000385
o 49 0.020000
o 42 0.180000
o 41 0.180000
o 40 0.180000
o 39 4.740000
o 38 12.350000
o 37 63.680000
37	63.680000
judgment-aggregation-ja-maxham-preflib-00049-00000385
o 49 0.030000
o 40 0.180000
o 38 0.200000
o 37 4.680000
37	4.680000
judgment-aggregation-ja-maxham-preflib-00049-00000385
o 50 0.020000
o 49 0.120000
o 39 0.170000
o 38 0.170000
o 37 0.170000
37	0.170000
judgment-aggregation-ja-maxham-preflib-00049-00000385
o 54 0.020000
o 41 0.240000
o 40 0.260000
o 39 2.020000
o 38 8.750000
o 37 248.640000
37	248.640000
