judgment-aggregation-ja-slater-preflib-00049-00000451
o 765 0.550000
o 764 0.570000
o 763 0.570000
o 761 0.570000
o 760 0.580000
o 759 0.580000
o 758 0.580000
o 757 0.580000
o 756 0.580000
o 755 0.580000
o 754 0.580000
o 753 0.580000
o 752 0.580000
o 751 0.580000
o 750 0.580000
o 748 0.580000
o 747 0.580000
o 746 0.580000
o 745 0.580000
o 744 0.580000
o 743 0.580000
o 742 0.580000
o 741 0.580000
o 740 0.580000
o 739 0.580000
o 738 0.580000
o 737 0.580000
o 736 0.580000
o 735 0.580000
o 734 0.580000
o 733 0.580000
o 732 0.580000
o 731 0.580000
o 730 0.580000
o 729 0.580000
o 728 0.580000
o 727 0.580000
o 726 0.580000
o 725 0.580000
o 724 0.580000
o 723 0.580000
o 722 0.580000
o 721 0.580000
o 720 0.580000
o 719 0.580000
o 718 0.580000
o 717 0.580000
o 716 0.580000
o 715 0.580000
o 714 0.580000
o 713 0.580000
o 707 0.580000
o 705 0.580000
o 704 0.580000
o 703 0.580000
o 702 0.580000
o 701 0.580000
o 700 0.580000
o 699 0.580000
o 694 0.580000
o 693 0.580000
o 692 0.580000
o 691 0.580000
o 690 0.580000
o 689 0.580000
o 688 0.580000
o 687 0.580000
o 686 0.580000
o 685 0.580000
o 684 0.580000
o 683 0.580000
o 682 0.580000
o 681 0.580000
o 680 0.580000
o 679 0.580000
o 678 0.580000
o 677 0.580000
o 676 0.580000
o 675 0.580000
o 674 0.580000
o 673 0.580000
o 672 0.580000
o 671 0.580000
o 670 0.580000
o 669 0.580000
o 668 0.580000
o 667 0.580000
o 637 0.580000
o 636 0.580000
o 635 0.580000
o 634 0.580000
o 633 0.580000
o 631 0.580000
o 630 0.580000
o 629 0.580000
o 628 0.580000
o 627 0.580000
o 626 0.580000
o 625 0.580000
o 624 0.580000
o 623 0.580000
o 622 0.580000
o 621 0.580000
o 620 0.580000
o 619 0.580000
o 614 0.580000
o 613 0.580000
o 612 0.580000
o 589 0.590000
o 588 0.590000
o 586 0.590000
o 585 0.590000
o 584 0.590000
o 583 0.590000
o 582 0.590000
o 579 0.590000
o 574 0.590000
o 515 1.800000
o 512 1.820000
o 511 1.820000
o 510 1.830000
o 509 1.830000
o 508 1.860000
508	1.860000
judgment-aggregation-ja-slater-preflib-00049-00000451
o 759 0.620000
o 758 0.650000
o 757 0.650000
o 756 0.650000
o 755 0.650000
o 754 0.650000
o 753 0.650000
o 752 0.650000
o 751 0.650000
o 750 0.650000
o 749 0.650000
o 748 0.650000
o 747 0.650000
o 746 0.650000
o 745 0.650000
o 744 0.650000
o 743 0.650000
o 742 0.650000
o 741 0.650000
o 740 0.650000
o 739 0.650000
o 738 0.650000
o 737 0.650000
o 736 0.650000
o 735 0.650000
o 734 0.650000
o 733 0.650000
o 732 0.650000
o 731 0.650000
o 730 0.650000
o 729 0.650000
o 728 0.650000
o 727 0.650000
o 726 0.650000
o 725 0.650000
o 724 0.650000
o 723 0.650000
o 722 0.650000
o 721 0.650000
o 720 0.650000
o 719 0.650000
o 718 0.650000
o 716 0.650000
o 715 0.650000
o 714 0.650000
o 713 0.650000
o 712 0.650000
o 711 0.650000
o 710 0.650000
o 709 0.650000
o 708 0.650000
o 707 0.650000
o 706 0.650000
o 705 0.650000
o 704 0.650000
o 702 0.650000
o 701 0.650000
o 700 0.650000
o 699 0.650000
o 698 0.650000
o 697 0.650000
o 696 0.650000
o 695 0.650000
o 694 0.650000
o 693 0.650000
o 692 0.650000
o 691 0.650000
o 690 0.650000
o 689 0.650000
o 688 0.650000
o 685 0.650000
o 684 0.650000
o 683 0.650000
o 682 0.650000
o 679 0.650000
o 672 0.650000
o 671 0.650000
o 670 0.650000
o 669 0.650000
o 668 0.650000
o 667 0.650000
o 666 0.650000
o 665 0.660000
o 656 0.660000
o 655 0.660000
o 654 0.660000
o 653 0.660000
o 652 0.660000
o 651 0.660000
o 650 0.660000
o 649 0.660000
o 648 0.660000
o 647 0.660000
o 646 0.660000
o 645 0.660000
o 644 0.660000
o 643 0.660000
o 642 0.660000
o 641 0.660000
o 639 0.660000
o 638 0.660000
o 637 0.660000
o 599 0.660000
o 598 0.660000
o 597 0.660000
o 510 2.150000
o 509 2.170000
o 508 2.200000
o 507 2.200000
o 506 66.500000
506	66.510000
judgment-aggregation-ja-slater-preflib-00049-00000451
o 712 0.780000
o 711 0.810000
o 710 0.810000
o 709 0.810000
o 708 0.810000
o 707 0.810000
o 706 0.820000
o 705 0.820000
o 704 0.820000
o 703 0.820000
o 702 0.820000
o 701 0.820000
o 700 0.820000
o 699 0.820000
o 698 0.820000
o 697 0.820000
o 696 0.820000
o 695 0.820000
o 694 0.820000
o 692 0.820000
o 691 0.820000
o 690 0.820000
o 689 0.820000
o 688 0.820000
o 687 0.820000
o 686 0.820000
o 685 0.820000
o 684 0.820000
o 683 0.820000
o 682 0.820000
o 681 0.820000
o 680 0.820000
o 679 0.820000
o 678 0.820000
o 677 0.820000
o 676 0.820000
o 675 0.820000
o 674 0.820000
o 673 0.820000
o 672 0.820000
o 668 0.820000
o 667 0.820000
o 666 0.820000
o 665 0.820000
o 664 0.820000
o 663 0.820000
o 662 0.820000
o 661 0.820000
o 660 0.820000
o 659 0.820000
o 658 0.820000
o 657 0.820000
o 656 0.820000
o 655 0.820000
o 654 0.820000
o 653 0.820000
o 652 0.820000
o 651 0.820000
o 650 0.820000
o 649 0.820000
o 648 0.820000
o 647 0.830000
o 646 0.830000
o 645 0.830000
o 644 0.830000
o 643 0.830000
o 642 0.830000
o 641 0.830000
o 640 0.830000
o 639 0.830000
o 638 0.830000
o 634 0.830000
o 633 0.830000
o 632 0.830000
o 631 0.830000
o 630 0.830000
o 629 0.830000
o 628 0.830000
o 627 0.830000
o 626 0.830000
o 625 0.830000
o 624 0.830000
o 623 0.830000
o 620 0.830000
o 617 0.830000
o 616 0.830000
o 615 0.830000
o 612 0.830000
o 611 0.830000
o 610 0.830000
o 609 0.830000
o 608 0.830000
o 607 0.830000
o 606 0.830000
o 605 0.830000
o 604 0.830000
o 603 0.830000
o 602 0.830000
o 601 0.830000
o 600 0.830000
o 599 0.840000
o 593 0.850000
o 592 0.850000
o 527 3.240000
o 517 3.270000
o 515 3.280000
o 512 3.280000
o 511 3.310000
o 510 3.720000
o 509 5.880000
o 508 8.700000
o 507 8.700000
o 506 82.970000
506	82.970000
judgment-aggregation-ja-slater-preflib-00049-00000451
o 742 0.600000
o 741 0.620000
o 740 0.620000
o 739 0.620000
o 738 0.620000
o 737 0.620000
o 736 0.620000
o 735 0.620000
o 734 0.620000
o 733 0.620000
o 732 0.620000
o 731 0.620000
o 730 0.620000
o 729 0.620000
o 728 0.620000
o 727 0.620000
o 726 0.620000
o 725 0.620000
o 724 0.620000
o 723 0.620000
o 722 0.620000
o 721 0.620000
o 720 0.620000
o 719 0.620000
o 718 0.620000
o 717 0.620000
o 716 0.620000
o 715 0.620000
o 714 0.620000
o 713 0.620000
o 712 0.620000
o 711 0.620000
o 710 0.620000
o 709 0.620000
o 708 0.620000
o 707 0.620000
o 706 0.630000
o 705 0.630000
o 704 0.630000
o 703 0.630000
o 702 0.630000
o 701 0.630000
o 700 0.630000
o 699 0.630000
o 698 0.630000
o 697 0.630000
o 696 0.630000
o 695 0.640000
o 679 0.640000
o 678 0.640000
o 677 0.640000
o 676 0.640000
o 675 0.640000
o 674 0.640000
o 673 0.640000
o 672 0.640000
o 671 0.640000
o 670 0.640000
o 668 0.640000
o 667 0.640000
o 666 0.640000
o 665 0.640000
o 664 0.640000
o 663 0.640000
o 662 0.640000
o 661 0.640000
o 659 0.640000
o 658 0.640000
o 657 0.640000
o 656 0.640000
o 655 0.640000
o 654 0.640000
o 653 0.640000
o 652 0.640000
o 651 0.640000
o 649 0.640000
o 648 0.640000
o 647 0.640000
o 646 0.640000
o 645 0.640000
o 644 0.640000
o 643 0.640000
o 642 0.640000
o 641 0.640000
o 640 0.640000
o 639 0.640000
o 638 0.640000
o 637 0.640000
o 636 0.640000
o 635 0.640000
o 634 0.640000
o 633 0.640000
o 632 0.640000
o 631 0.640000
o 630 0.640000
o 629 0.640000
o 628 0.640000
o 627 0.640000
o 626 0.640000
o 603 0.650000
o 602 0.650000
o 601 0.650000
o 598 0.650000
o 597 0.650000
o 596 0.650000
o 595 0.650000
o 594 0.650000
o 587 0.650000
o 586 0.650000
o 578 0.650000
o 517 2.940000
o 515 2.940000
o 514 2.940000
o 511 2.960000
o 510 177.720000
o 509 177.790000
o 508 177.810000
o 507 177.810000
507	177.810000
judgment-aggregation-ja-slater-preflib-00049-00000451
o 743 0.580000
o 742 0.600000
o 741 0.600000
o 740 0.600000
o 739 0.600000
o 738 0.600000
o 737 0.600000
o 736 0.600000
o 735 0.600000
o 734 0.600000
o 733 0.600000
o 732 0.600000
o 731 0.600000
o 730 0.600000
o 729 0.600000
o 728 0.600000
o 727 0.600000
o 726 0.600000
o 725 0.600000
o 724 0.600000
o 723 0.600000
o 722 0.600000
o 721 0.600000
o 720 0.600000
o 719 0.600000
o 718 0.600000
o 717 0.600000
o 716 0.600000
o 715 0.600000
o 714 0.600000
o 713 0.600000
o 712 0.600000
o 711 0.600000
o 710 0.600000
o 709 0.600000
o 708 0.600000
o 707 0.600000
o 706 0.600000
o 705 0.600000
o 704 0.600000
o 703 0.600000
o 702 0.600000
o 701 0.600000
o 700 0.600000
o 699 0.600000
o 698 0.600000
o 697 0.600000
o 696 0.600000
o 695 0.600000
o 694 0.600000
o 693 0.600000
o 692 0.600000
o 691 0.600000
o 690 0.600000
o 689 0.600000
o 688 0.600000
o 687 0.600000
o 686 0.600000
o 685 0.600000
o 684 0.600000
o 683 0.600000
o 682 0.600000
o 681 0.600000
o 680 0.600000
o 679 0.600000
o 678 0.600000
o 677 0.600000
o 676 0.600000
o 675 0.600000
o 674 0.600000
o 672 0.600000
o 671 0.600000
o 670 0.600000
o 669 0.600000
o 668 0.600000
o 667 0.600000
o 666 0.600000
o 665 0.600000
o 664 0.600000
o 663 0.600000
o 662 0.600000
o 661 0.600000
o 660 0.600000
o 659 0.600000
o 658 0.600000
o 657 0.600000
o 656 0.600000
o 655 0.600000
o 654 0.600000
o 653 0.600000
o 652 0.600000
o 651 0.600000
o 650 0.600000
o 649 0.600000
o 648 0.600000
o 647 0.600000
o 646 0.600000
o 644 0.600000
o 643 0.600000
o 635 0.600000
o 632 0.600000
o 631 0.600000
o 630 0.600000
o 629 0.600000
o 628 0.600000
o 627 0.600000
o 626 0.600000
o 625 0.600000
o 624 0.600000
o 623 0.600000
o 622 0.600000
o 621 0.610000
o 620 0.610000
o 619 0.610000
o 618 0.610000
o 617 0.610000
o 616 0.610000
o 606 0.610000
o 604 0.610000
o 603 0.610000
o 602 0.610000
o 601 0.610000
o 600 0.610000
o 599 0.610000
o 596 0.610000
o 594 0.610000
o 583 0.610000
o 510 2.080000
o 509 2.090000
o 508 2.100000
508	2.100000
judgment-aggregation-ja-slater-preflib-00049-00000451
o 741 0.760000
o 740 0.800000
o 739 0.800000
o 738 0.800000
o 737 0.800000
o 736 0.800000
o 735 0.800000
o 734 0.800000
o 733 0.800000
o 732 0.800000
o 731 0.800000
o 730 0.800000
o 729 0.800000
o 728 0.800000
o 727 0.800000
o 726 0.800000
o 725 0.800000
o 724 0.800000
o 723 0.800000
o 722 0.800000
o 721 0.800000
o 720 0.800000
o 719 0.800000
o 718 0.800000
o 717 0.800000
o 716 0.800000
o 715 0.800000
o 714 0.800000
o 713 0.800000
o 712 0.800000
o 711 0.800000
o 710 0.800000
o 709 0.800000
o 708 0.800000
o 706 0.800000
o 705 0.800000
o 704 0.800000
o 703 0.800000
o 702 0.800000
o 701 0.800000
o 700 0.800000
o 699 0.800000
o 698 0.800000
o 697 0.800000
o 696 0.800000
o 695 0.800000
o 694 0.800000
o 693 0.800000
o 692 0.820000
o 691 0.820000
o 690 0.820000
o 689 0.820000
o 688 0.820000
o 687 0.820000
o 686 0.820000
o 685 0.820000
o 684 0.820000
o 683 0.820000
o 682 0.820000
o 681 0.820000
o 680 0.820000
o 679 0.820000
o 678 0.820000
o 677 0.820000
o 676 0.820000
o 675 0.820000
o 674 0.820000
o 673 0.820000
o 672 0.820000
o 669 0.820000
o 668 0.820000
o 667 0.820000
o 666 0.820000
o 665 0.820000
o 664 0.820000
o 663 0.820000
o 662 0.820000
o 661 0.820000
o 660 0.820000
o 659 0.820000
o 658 0.820000
o 657 0.820000
o 656 0.820000
o 654 0.820000
o 652 0.820000
o 651 0.820000
o 650 0.820000
o 649 0.820000
o 648 0.820000
o 647 0.820000
o 646 0.820000
o 645 0.820000
o 644 0.820000
o 643 0.820000
o 642 0.820000
o 641 0.820000
o 640 0.820000
o 639 0.820000
o 638 0.820000
o 637 0.820000
o 636 0.820000
o 635 0.820000
o 634 0.820000
o 633 0.820000
o 632 0.820000
o 631 0.820000
o 630 0.820000
o 629 0.820000
o 628 0.820000
o 627 0.820000
o 624 0.820000
o 622 0.830000
o 621 0.830000
o 620 0.830000
o 619 0.830000
o 618 0.830000
o 617 0.830000
o 616 0.830000
o 615 0.830000
o 614 0.830000
o 613 0.830000
o 611 0.830000
o 610 0.830000
o 609 0.830000
o 608 0.830000
o 607 0.830000
o 605 0.830000
o 604 0.830000
o 603 0.830000
o 602 0.830000
o 601 0.830000
o 600 0.830000
o 599 0.830000
o 594 0.840000
o 593 0.840000
o 523 3.280000
o 522 3.280000
o 521 3.280000
o 516 3.290000
o 514 3.290000
o 510 3.300000
o 509 3.300000
o 508 168.320000
o 507 168.530000
507	168.530000
judgment-aggregation-ja-slater-preflib-00049-00000451
o 754 0.910000
o 753 0.960000
o 752 0.960000
o 751 0.960000
o 750 0.960000
o 749 0.960000
o 748 0.960000
o 747 0.960000
o 746 0.960000
o 745 0.960000
o 744 0.960000
o 743 0.960000
o 742 0.960000
o 741 0.960000
o 740 0.960000
o 739 0.960000
o 738 0.960000
o 737 0.960000
o 736 0.970000
o 735 0.970000
o 734 0.970000
o 733 0.970000
o 732 0.970000
o 731 0.970000
o 730 0.970000
o 729 0.970000
o 728 0.970000
o 727 0.970000
o 726 0.970000
o 725 0.970000
o 724 0.970000
o 723 0.970000
o 722 0.970000
o 721 0.970000
o 720 0.970000
o 719 0.970000
o 718 0.970000
o 717 0.970000
o 716 0.970000
o 715 0.970000
o 714 0.970000
o 713 0.970000
o 712 0.970000
o 711 0.970000
o 710 0.970000
o 709 0.970000
o 708 0.970000
o 707 0.970000
o 706 0.970000
o 705 0.970000
o 704 0.970000
o 703 0.970000
o 701 0.970000
o 700 0.970000
o 699 0.970000
o 698 0.970000
o 697 0.970000
o 696 0.970000
o 695 0.970000
o 694 0.970000
o 693 0.970000
o 692 0.970000
o 691 0.970000
o 690 0.970000
o 689 0.970000
o 688 0.970000
o 687 0.970000
o 686 0.970000
o 685 0.970000
o 684 0.970000
o 683 0.970000
o 682 0.970000
o 681 0.980000
o 680 0.980000
o 679 0.980000
o 678 0.980000
o 677 0.980000
o 676 0.980000
o 675 0.980000
o 674 0.980000
o 673 0.980000
o 672 0.980000
o 671 0.980000
o 669 0.980000
o 668 0.980000
o 667 0.980000
o 666 0.980000
o 665 0.980000
o 664 0.980000
o 663 0.980000
o 662 0.980000
o 661 0.980000
o 660 0.980000
o 659 0.980000
o 658 0.980000
o 657 0.980000
o 656 0.980000
o 655 0.980000
o 654 0.980000
o 650 0.980000
o 649 0.980000
o 648 0.980000
o 647 0.980000
o 646 0.980000
o 645 0.980000
o 644 0.980000
o 634 0.980000
o 633 0.990000
o 632 0.990000
o 631 0.990000
o 630 0.990000
o 629 0.990000
o 628 0.990000
o 627 0.990000
o 626 0.990000
o 625 0.990000
o 624 0.990000
o 623 0.990000
o 622 0.990000
o 621 0.990000
o 620 0.990000
o 619 0.990000
o 618 0.990000
o 617 0.990000
o 616 0.990000
o 526 2.930000
o 522 2.940000
o 521 3.080000
o 520 6.810000
o 519 7.420000
o 518 44.320000
o 508 190.880000
o 507 191.620000
o 506 196.080000
506	196.080000
judgment-aggregation-ja-slater-preflib-00049-00000451
o 720 0.750000
o 719 0.780000
o 718 0.780000
o 717 0.780000
o 716 0.780000
o 715 0.780000
o 714 0.780000
o 713 0.780000
o 712 0.780000
o 711 0.780000
o 710 0.780000
o 709 0.780000
o 708 0.780000
o 707 0.780000
o 706 0.780000
o 705 0.780000
o 704 0.780000
o 703 0.780000
o 702 0.780000
o 701 0.780000
o 700 0.780000
o 699 0.780000
o 698 0.780000
o 697 0.780000
o 696 0.780000
o 695 0.780000
o 694 0.780000
o 693 0.780000
o 692 0.780000
o 691 0.780000
o 690 0.780000
o 689 0.780000
o 688 0.780000
o 687 0.780000
o 686 0.780000
o 685 0.780000
o 684 0.780000
o 683 0.780000
o 682 0.780000
o 681 0.780000
o 680 0.780000
o 679 0.780000
o 678 0.780000
o 677 0.780000
o 676 0.780000
o 675 0.780000
o 674 0.780000
o 673 0.780000
o 672 0.780000
o 671 0.780000
o 670 0.780000
o 669 0.780000
o 668 0.780000
o 667 0.780000
o 666 0.780000
o 664 0.780000
o 663 0.780000
o 662 0.780000
o 661 0.780000
o 660 0.790000
o 659 0.790000
o 658 0.790000
o 657 0.790000
o 656 0.790000
o 655 0.790000
o 654 0.790000
o 653 0.790000
o 652 0.790000
o 651 0.790000
o 650 0.790000
o 649 0.790000
o 648 0.790000
o 647 0.790000
o 645 0.790000
o 644 0.790000
o 643 0.790000
o 642 0.790000
o 641 0.790000
o 640 0.790000
o 639 0.790000
o 638 0.790000
o 637 0.790000
o 636 0.790000
o 635 0.790000
o 634 0.790000
o 632 0.790000
o 631 0.790000
o 630 0.790000
o 629 0.790000
o 628 0.790000
o 627 0.790000
o 626 0.790000
o 625 0.790000
o 624 0.790000
o 623 0.790000
o 622 0.790000
o 621 0.790000
o 620 0.790000
o 619 0.790000
o 618 0.790000
o 617 0.790000
o 616 0.790000
o 615 0.790000
o 614 0.790000
o 613 0.790000
o 612 0.790000
o 611 0.790000
o 610 0.800000
o 609 0.800000
o 607 0.800000
o 605 0.800000
o 604 0.800000
o 603 0.800000
o 601 0.800000
o 600 0.800000
o 599 0.800000
o 597 0.800000
o 508 3.190000
o 507 3.210000
o 506 3.220000
o 505 3.320000
505	3.320000
judgment-aggregation-ja-slater-preflib-00049-00000451
o 729 0.690000
o 728 0.720000
o 726 0.720000
o 725 0.720000
o 724 0.720000
o 723 0.720000
o 722 0.720000
o 721 0.720000
o 720 0.720000
o 719 0.720000
o 718 0.720000
o 717 0.720000
o 716 0.720000
o 715 0.720000
o 713 0.720000
o 712 0.720000
o 711 0.720000
o 710 0.720000
o 709 0.720000
o 708 0.720000
o 707 0.720000
o 706 0.720000
o 705 0.720000
o 704 0.720000
o 703 0.720000
o 702 0.720000
o 701 0.720000
o 700 0.720000
o 699 0.720000
o 698 0.720000
o 697 0.720000
o 696 0.720000
o 695 0.720000
o 694 0.720000
o 693 0.720000
o 692 0.720000
o 691 0.720000
o 690 0.720000
o 689 0.720000
o 688 0.720000
o 687 0.720000
o 686 0.720000
o 685 0.720000
o 684 0.720000
o 683 0.720000
o 682 0.720000
o 681 0.720000
o 680 0.720000
o 679 0.720000
o 678 0.720000
o 677 0.720000
o 676 0.720000
o 675 0.720000
o 674 0.720000
o 673 0.720000
o 671 0.720000
o 670 0.720000
o 669 0.720000
o 668 0.720000
o 667 0.720000
o 666 0.720000
o 665 0.730000
o 664 0.730000
o 663 0.730000
o 662 0.730000
o 661 0.730000
o 660 0.730000
o 659 0.730000
o 658 0.730000
o 657 0.730000
o 656 0.730000
o 655 0.730000
o 654 0.730000
o 653 0.730000
o 652 0.730000
o 650 0.730000
o 649 0.730000
o 648 0.730000
o 647 0.730000
o 646 0.730000
o 645 0.730000
o 644 0.730000
o 643 0.730000
o 642 0.730000
o 640 0.730000
o 639 0.730000
o 638 0.730000
o 637 0.730000
o 636 0.730000
o 634 0.730000
o 633 0.730000
o 632 0.730000
o 631 0.730000
o 630 0.730000
o 629 0.730000
o 628 0.730000
o 627 0.730000
o 626 0.730000
o 625 0.730000
o 624 0.730000
o 623 0.730000
o 622 0.730000
o 621 0.730000
o 620 0.730000
o 619 0.730000
o 618 0.730000
o 617 0.730000
o 616 0.730000
o 615 0.730000
o 614 0.730000
o 610 0.730000
o 609 0.730000
o 608 0.730000
o 607 0.730000
o 606 0.730000
o 605 0.730000
o 604 0.730000
o 603 0.730000
o 601 0.730000
o 600 0.730000
o 599 0.730000
o 598 0.730000
o 597 0.730000
o 596 0.730000
o 595 0.730000
o 594 0.730000
o 592 0.730000
o 591 0.730000
o 590 0.730000
o 589 0.730000
o 588 0.730000
o 587 0.730000
o 586 0.730000
o 585 0.730000
o 584 0.730000
o 583 0.740000
o 582 0.740000
o 580 0.740000
o 579 0.740000
o 578 0.740000
o 577 0.740000
o 576 0.740000
o 575 0.740000
o 574 0.740000
o 573 0.740000
o 572 0.740000
o 571 0.740000
o 569 0.740000
o 568 0.740000
o 567 0.740000
o 566 0.740000
o 565 0.740000
o 564 0.740000
o 563 0.740000
o 509 2.710000
o 508 2.750000
o 507 188.610000
507	188.610000
judgment-aggregation-ja-slater-preflib-00049-00000451
o 733 0.580000
o 732 0.610000
o 731 0.610000
o 730 0.610000
o 729 0.610000
o 728 0.610000
o 727 0.610000
o 726 0.610000
o 725 0.610000
o 723 0.610000
o 722 0.610000
o 721 0.610000
o 720 0.610000
o 719 0.610000
o 718 0.610000
o 717 0.610000
o 716 0.610000
o 715 0.610000
o 714 0.610000
o 713 0.610000
o 712 0.610000
o 711 0.610000
o 710 0.610000
o 709 0.610000
o 708 0.610000
o 707 0.610000
o 706 0.610000
o 705 0.610000
o 704 0.610000
o 703 0.610000
o 702 0.610000
o 701 0.610000
o 700 0.610000
o 699 0.610000
o 698 0.610000
o 697 0.610000
o 696 0.610000
o 695 0.610000
o 694 0.610000
o 693 0.610000
o 692 0.610000
o 691 0.610000
o 690 0.610000
o 689 0.610000
o 688 0.610000
o 687 0.610000
o 684 0.610000
o 683 0.610000
o 682 0.610000
o 681 0.610000
o 680 0.610000
o 679 0.610000
o 678 0.610000
o 677 0.610000
o 676 0.610000
o 675 0.610000
o 674 0.610000
o 673 0.610000
o 672 0.610000
o 671 0.610000
o 670 0.610000
o 669 0.610000
o 668 0.610000
o 667 0.610000
o 666 0.610000
o 665 0.610000
o 664 0.610000
o 663 0.610000
o 662 0.610000
o 661 0.610000
o 660 0.610000
o 659 0.610000
o 658 0.610000
o 657 0.610000
o 656 0.610000
o 655 0.610000
o 654 0.610000
o 653 0.610000
o 652 0.610000
o 651 0.610000
o 650 0.610000
o 649 0.610000
o 636 0.610000
o 635 0.620000
o 634 0.620000
o 633 0.620000
o 632 0.620000
o 631 0.620000
o 630 0.620000
o 629 0.620000
o 628 0.620000
o 627 0.620000
o 626 0.620000
o 625 0.620000
o 624 0.620000
o 623 0.620000
o 622 0.620000
o 621 0.620000
o 620 0.620000
o 619 0.620000
o 618 0.620000
o 617 0.620000
o 616 0.620000
o 615 0.620000
o 613 0.620000
o 612 0.620000
o 611 0.620000
o 607 0.620000
o 606 0.620000
o 605 0.620000
o 602 0.620000
o 601 0.620000
o 600 0.620000
o 599 0.620000
o 598 0.620000
o 597 0.620000
o 596 0.620000
o 595 0.620000
o 594 0.620000
o 593 0.620000
o 592 0.620000
o 590 0.620000
o 589 0.620000
o 588 0.620000
o 587 0.620000
o 586 0.620000
o 585 0.620000
o 584 0.620000
o 583 0.620000
o 582 0.620000
o 580 0.620000
o 577 0.620000
o 576 0.620000
o 573 0.630000
o 570 0.630000
o 569 0.630000
o 521 2.080000
o 518 2.080000
o 517 2.090000
o 514 2.110000
o 513 2.130000
o 512 2.160000
o 511 3.800000
o 510 6.030000
o 509 8.370000
o 508 14.820000
o 507 93.380000
o 506 259.300000
506	259.300000
