judgment-aggregation-ja-slater-preflib-00051-00000011
o 845 1.090000
o 844 1.140000
o 843 1.140000
o 842 1.140000
o 841 1.140000
o 840 1.140000
o 837 1.140000
o 836 1.140000
o 835 1.140000
o 834 1.140000
o 833 1.140000
o 832 1.140000
o 831 1.140000
o 830 1.140000
o 829 1.140000
o 828 1.140000
o 827 1.140000
o 826 1.140000
o 825 1.140000
o 824 1.140000
o 822 1.140000
o 821 1.140000
o 820 1.140000
o 819 1.140000
o 818 1.140000
o 817 1.140000
o 816 1.140000
o 815 1.140000
o 814 1.140000
o 813 1.140000
o 812 1.140000
o 811 1.140000
o 810 1.140000
o 809 1.140000
o 808 1.140000
o 807 1.140000
o 806 1.140000
o 805 1.140000
o 804 1.140000
o 803 1.140000
o 802 1.140000
o 801 1.150000
o 800 1.150000
o 799 1.150000
o 798 1.150000
o 797 1.150000
o 796 1.150000
o 795 1.150000
o 794 1.150000
o 792 1.150000
o 791 1.150000
o 790 1.150000
o 789 1.150000
o 788 1.150000
o 787 1.150000
o 786 1.150000
o 785 1.150000
o 784 1.150000
o 783 1.150000
o 782 1.150000
o 781 1.150000
o 780 1.150000
o 779 1.150000
o 778 1.150000
o 777 1.150000
o 776 1.150000
o 775 1.150000
o 774 1.150000
o 773 1.150000
o 772 1.150000
o 771 1.150000
o 770 1.150000
o 769 1.150000
o 768 1.150000
o 767 1.150000
o 766 1.150000
o 765 1.150000
o 764 1.150000
o 763 1.150000
o 762 1.150000
o 761 1.150000
o 760 1.150000
o 759 1.150000
o 758 1.150000
o 757 1.150000
o 756 1.150000
o 755 1.150000
o 754 1.150000
o 753 1.150000
o 752 1.150000
o 748 1.150000
o 747 1.150000
o 746 1.150000
o 745 1.150000
o 744 1.150000
o 743 1.150000
o 742 1.150000
o 741 1.150000
o 740 1.150000
o 739 1.150000
o 738 1.150000
o 737 1.150000
o 736 1.150000
o 735 1.150000
o 734 1.150000
o 733 1.150000
o 732 1.150000
o 731 1.150000
o 730 1.150000
o 729 1.150000
o 728 1.150000
o 727 1.150000
o 726 1.150000
o 725 1.150000
o 724 1.150000
o 723 1.150000
o 722 1.150000
o 721 1.150000
o 720 1.150000
o 719 1.150000
o 718 1.150000
o 717 1.150000
o 716 1.150000
o 715 1.150000
o 714 1.150000
o 713 1.150000
o 712 1.150000
o 711 1.150000
o 710 1.150000
o 709 1.150000
o 708 1.150000
o 707 1.150000
o 706 1.150000
o 705 1.150000
o 704 1.150000
o 703 1.150000
o 702 1.150000
o 701 1.150000
o 700 1.150000
o 699 1.150000
o 698 1.150000
o 697 1.150000
o 696 1.150000
o 695 1.150000
o 694 1.150000
o 693 1.150000
o 692 1.150000
o 691 1.150000
o 690 1.150000
o 689 1.150000
o 688 1.150000
o 687 1.150000
o 669 1.150000
o 668 1.150000
o 667 1.150000
o 666 1.150000
o 665 1.150000
o 664 1.150000
o 663 1.150000
o 662 1.150000
o 661 1.150000
o 660 1.150000
o 659 1.150000
o 658 1.150000
o 657 1.150000
o 656 1.150000
o 655 1.150000
o 654 1.150000
o 653 1.150000
o 652 1.150000
o 651 1.150000
o 650 1.150000
o 649 1.150000
o 648 1.150000
o 647 1.150000
o 646 1.150000
o 645 1.150000
o 644 1.150000
o 643 1.150000
o 642 1.160000
o 640 1.160000
o 639 1.160000
o 636 1.160000
o 635 1.160000
o 634 1.160000
o 633 1.160000
o 632 1.160000
o 631 1.160000
o 626 1.160000
o 625 1.160000
o 624 1.160000
o 623 1.160000
o 607 1.160000
o 606 1.160000
o 591 1.180000
o 587 1.180000
o 531 4.070000
o 524 4.070000
o 523 4.090000
o 521 4.100000
o 518 4.110000
o 515 4.120000
o 514 4.120000
o 512 4.130000
o 511 21.440000
o 510 21.450000
o 509 279.360000
o 508 279.370000
o 506 279.370000
o 505 279.380000
505	279.380000
judgment-aggregation-ja-slater-preflib-00051-00000011
o 772 1.080000
o 771 1.120000
o 770 1.120000
o 769 1.120000
o 768 1.120000
o 767 1.120000
o 766 1.120000
o 765 1.120000
o 764 1.120000
o 763 1.120000
o 762 1.120000
o 761 1.120000
o 760 1.120000
o 759 1.120000
o 758 1.120000
o 757 1.120000
o 756 1.120000
o 755 1.120000
o 754 1.120000
o 753 1.120000
o 752 1.120000
o 751 1.120000
o 750 1.120000
o 749 1.120000
o 748 1.120000
o 747 1.120000
o 746 1.120000
o 745 1.120000
o 744 1.120000
o 743 1.120000
o 742 1.120000
o 741 1.120000
o 740 1.120000
o 739 1.120000
o 738 1.120000
o 737 1.120000
o 736 1.120000
o 735 1.120000
o 734 1.120000
o 733 1.120000
o 732 1.120000
o 731 1.120000
o 729 1.120000
o 728 1.120000
o 727 1.120000
o 726 1.120000
o 720 1.120000
o 719 1.120000
o 718 1.120000
o 717 1.120000
o 716 1.120000
o 715 1.120000
o 714 1.120000
o 713 1.120000
o 712 1.120000
o 711 1.120000
o 710 1.120000
o 709 1.120000
o 708 1.120000
o 707 1.120000
o 706 1.120000
o 705 1.120000
o 704 1.120000
o 703 1.120000
o 702 1.120000
o 701 1.120000
o 700 1.120000
o 699 1.120000
o 698 1.120000
o 697 1.120000
o 696 1.120000
o 695 1.120000
o 694 1.120000
o 693 1.120000
o 692 1.120000
o 691 1.130000
o 690 1.130000
o 689 1.130000
o 688 1.130000
o 687 1.130000
o 686 1.130000
o 685 1.130000
o 684 1.130000
o 683 1.130000
o 682 1.130000
o 681 1.130000
o 680 1.130000
o 679 1.130000
o 678 1.130000
o 677 1.130000
o 676 1.130000
o 675 1.130000
o 674 1.130000
o 673 1.130000
o 672 1.130000
o 671 1.130000
o 670 1.130000
o 669 1.130000
o 668 1.130000
o 667 1.130000
o 666 1.130000
o 665 1.130000
o 664 1.130000
o 663 1.130000
o 662 1.130000
o 661 1.130000
o 660 1.130000
o 659 1.130000
o 658 1.130000
o 657 1.130000
o 656 1.130000
o 655 1.130000
o 654 1.130000
o 653 1.130000
o 652 1.130000
o 651 1.130000
o 650 1.130000
o 649 1.130000
o 648 1.130000
o 647 1.130000
o 646 1.130000
o 645 1.130000
o 644 1.130000
o 643 1.130000
o 642 1.130000
o 640 1.130000
o 638 1.130000
o 637 1.130000
o 636 1.130000
o 635 1.130000
o 634 1.130000
o 633 1.130000
o 632 1.130000
o 631 1.130000
o 630 1.130000
o 628 1.130000
o 627 1.130000
o 626 1.130000
o 625 1.130000
o 624 1.130000
o 623 1.130000
o 622 1.130000
o 620 1.130000
o 619 1.130000
o 618 1.130000
o 617 1.130000
o 616 1.130000
o 614 1.130000
o 613 1.130000
o 612 1.130000
o 611 1.130000
o 610 1.130000
o 609 1.130000
o 608 1.130000
o 607 1.130000
o 606 1.130000
o 605 1.130000
o 597 1.140000
o 596 1.140000
o 595 1.140000
o 594 1.140000
o 593 1.140000
o 582 1.140000
o 581 1.140000
o 573 1.140000
o 572 1.140000
o 567 1.140000
o 565 1.140000
o 564 1.140000
o 563 1.150000
o 562 1.150000
o 510 3.310000
o 509 3.320000
o 507 3.400000
o 506 3.400000
506	3.400000
judgment-aggregation-ja-slater-preflib-00051-00000011
o 744 1.110000
o 743 1.160000
o 742 1.160000
o 741 1.160000
o 740 1.160000
o 739 1.160000
o 738 1.160000
o 737 1.170000
o 736 1.170000
o 735 1.170000
o 734 1.170000
o 733 1.170000
o 732 1.170000
o 731 1.170000
o 730 1.170000
o 729 1.170000
o 728 1.170000
o 727 1.170000
o 726 1.170000
o 725 1.170000
o 724 1.170000
o 723 1.170000
o 722 1.170000
o 721 1.170000
o 720 1.170000
o 719 1.170000
o 714 1.170000
o 713 1.170000
o 712 1.170000
o 711 1.170000
o 710 1.170000
o 709 1.170000
o 708 1.170000
o 707 1.170000
o 706 1.170000
o 705 1.170000
o 704 1.170000
o 703 1.170000
o 702 1.170000
o 701 1.170000
o 700 1.170000
o 699 1.170000
o 698 1.170000
o 697 1.170000
o 696 1.170000
o 695 1.170000
o 694 1.170000
o 693 1.170000
o 692 1.170000
o 691 1.170000
o 690 1.170000
o 689 1.170000
o 688 1.170000
o 687 1.170000
o 686 1.170000
o 685 1.170000
o 683 1.170000
o 682 1.170000
o 681 1.170000
o 680 1.170000
o 679 1.170000
o 678 1.170000
o 677 1.170000
o 676 1.170000
o 675 1.170000
o 674 1.170000
o 673 1.170000
o 672 1.170000
o 671 1.170000
o 670 1.170000
o 669 1.170000
o 668 1.170000
o 667 1.170000
o 666 1.170000
o 665 1.170000
o 664 1.170000
o 663 1.170000
o 662 1.170000
o 661 1.170000
o 660 1.170000
o 659 1.170000
o 658 1.170000
o 657 1.170000
o 656 1.170000
o 655 1.170000
o 654 1.170000
o 653 1.170000
o 652 1.170000
o 651 1.170000
o 650 1.170000
o 649 1.170000
o 648 1.170000
o 647 1.170000
o 646 1.170000
o 645 1.170000
o 644 1.170000
o 643 1.170000
o 642 1.170000
o 641 1.170000
o 640 1.170000
o 639 1.170000
o 638 1.170000
o 637 1.170000
o 636 1.180000
o 635 1.180000
o 634 1.180000
o 633 1.180000
o 632 1.180000
o 631 1.180000
o 630 1.180000
o 629 1.180000
o 628 1.180000
o 627 1.180000
o 626 1.180000
o 625 1.180000
o 624 1.180000
o 623 1.180000
o 622 1.180000
o 621 1.180000
o 620 1.180000
o 619 1.180000
o 618 1.180000
o 616 1.180000
o 615 1.180000
o 614 1.180000
o 613 1.180000
o 612 1.180000
o 611 1.180000
o 609 1.180000
o 608 1.180000
o 607 1.180000
o 606 1.180000
o 605 1.180000
o 604 1.180000
o 602 1.180000
o 601 1.180000
o 600 1.180000
o 599 1.180000
o 598 1.180000
o 597 1.180000
o 596 1.180000
o 595 1.180000
o 594 1.180000
o 593 1.180000
o 592 1.180000
o 590 1.180000
o 589 1.180000
o 588 1.190000
o 587 1.190000
o 585 1.190000
o 584 1.190000
o 583 1.190000
o 582 1.190000
o 581 1.190000
o 580 1.190000
o 579 1.190000
o 578 1.190000
o 577 1.190000
o 576 1.190000
o 575 1.190000
o 574 1.190000
o 573 1.190000
o 572 1.190000
o 571 1.190000
o 569 1.190000
o 568 1.190000
o 567 1.190000
o 566 1.190000
o 565 1.190000
o 564 1.190000
o 563 1.190000
o 558 1.200000
o 557 1.200000
o 556 1.200000
o 511 3.630000
o 510 3.650000
o 508 3.650000
o 507 3.650000
o 506 3.680000
o 505 8.520000
505	8.520000
judgment-aggregation-ja-slater-preflib-00051-00000011
o 763 1.170000
o 762 1.220000
o 761 1.220000
o 760 1.220000
o 759 1.220000
o 758 1.220000
o 757 1.220000
o 756 1.220000
o 755 1.220000
o 754 1.220000
o 753 1.220000
o 752 1.220000
o 751 1.220000
o 750 1.220000
o 749 1.220000
o 748 1.220000
o 747 1.220000
o 746 1.220000
o 745 1.220000
o 744 1.220000
o 743 1.220000
o 742 1.220000
o 741 1.220000
o 740 1.220000
o 739 1.220000
o 738 1.220000
o 737 1.220000
o 736 1.220000
o 735 1.220000
o 734 1.220000
o 733 1.220000
o 732 1.220000
o 731 1.220000
o 730 1.220000
o 729 1.220000
o 728 1.220000
o 727 1.220000
o 726 1.220000
o 725 1.220000
o 724 1.220000
o 723 1.220000
o 722 1.220000
o 721 1.220000
o 720 1.220000
o 719 1.220000
o 718 1.220000
o 717 1.220000
o 716 1.230000
o 715 1.230000
o 714 1.230000
o 713 1.230000
o 711 1.230000
o 710 1.230000
o 709 1.230000
o 708 1.230000
o 707 1.230000
o 706 1.230000
o 705 1.230000
o 704 1.230000
o 703 1.230000
o 702 1.230000
o 701 1.230000
o 700 1.230000
o 699 1.230000
o 698 1.230000
o 697 1.230000
o 696 1.230000
o 695 1.230000
o 694 1.230000
o 692 1.230000
o 690 1.230000
o 689 1.230000
o 688 1.230000
o 687 1.230000
o 686 1.230000
o 685 1.230000
o 684 1.230000
o 683 1.230000
o 682 1.230000
o 681 1.230000
o 680 1.230000
o 679 1.230000
o 678 1.230000
o 677 1.230000
o 676 1.230000
o 675 1.230000
o 674 1.230000
o 673 1.230000
o 672 1.230000
o 671 1.230000
o 670 1.230000
o 669 1.230000
o 668 1.230000
o 667 1.230000
o 666 1.230000
o 665 1.230000
o 664 1.230000
o 663 1.230000
o 662 1.230000
o 661 1.230000
o 660 1.230000
o 659 1.230000
o 658 1.230000
o 657 1.230000
o 656 1.230000
o 655 1.230000
o 654 1.230000
o 653 1.230000
o 652 1.230000
o 651 1.230000
o 650 1.230000
o 649 1.230000
o 648 1.230000
o 647 1.230000
o 646 1.230000
o 645 1.230000
o 644 1.230000
o 643 1.230000
o 642 1.230000
o 641 1.230000
o 640 1.230000
o 639 1.230000
o 638 1.230000
o 637 1.230000
o 636 1.230000
o 635 1.230000
o 634 1.230000
o 633 1.230000
o 632 1.230000
o 631 1.230000
o 630 1.230000
o 629 1.230000
o 628 1.230000
o 627 1.230000
o 626 1.230000
o 625 1.230000
o 624 1.230000
o 622 1.230000
o 621 1.230000
o 620 1.230000
o 619 1.230000
o 618 1.230000
o 617 1.230000
o 616 1.230000
o 615 1.230000
o 611 1.230000
o 610 1.240000
o 606 1.240000
o 604 1.240000
o 603 1.240000
o 602 1.240000
o 601 1.240000
o 600 1.240000
o 599 1.240000
o 598 1.240000
o 597 1.240000
o 596 1.240000
o 595 1.240000
o 594 1.240000
o 593 1.240000
o 592 1.240000
o 591 1.240000
o 590 1.240000
o 582 1.240000
o 581 1.240000
o 580 1.240000
o 579 1.240000
o 578 1.240000
o 577 1.240000
o 570 1.250000
o 568 1.250000
o 521 3.870000
o 513 3.870000
o 512 3.870000
o 510 3.880000
o 509 3.890000
o 508 3.890000
o 506 3.900000
o 505 4.940000
o 504 9.850000
o 503 10.050000
o 502 151.620000
502	151.620000
judgment-aggregation-ja-slater-preflib-00051-00000011
o 743 1.080000
o 742 1.120000
o 741 1.120000
o 740 1.120000
o 739 1.120000
o 738 1.120000
o 737 1.120000
o 736 1.120000
o 735 1.120000
o 734 1.120000
o 733 1.120000
o 732 1.120000
o 731 1.120000
o 730 1.120000
o 729 1.120000
o 728 1.120000
o 727 1.120000
o 726 1.120000
o 724 1.120000
o 723 1.120000
o 719 1.120000
o 718 1.120000
o 717 1.120000
o 716 1.120000
o 715 1.120000
o 714 1.120000
o 713 1.120000
o 712 1.120000
o 711 1.120000
o 710 1.120000
o 709 1.120000
o 708 1.120000
o 707 1.120000
o 706 1.120000
o 705 1.120000
o 704 1.120000
o 703 1.120000
o 702 1.120000
o 701 1.120000
o 700 1.120000
o 699 1.120000
o 698 1.120000
o 697 1.120000
o 696 1.120000
o 695 1.120000
o 694 1.120000
o 693 1.120000
o 692 1.120000
o 691 1.120000
o 690 1.120000
o 689 1.120000
o 688 1.120000
o 687 1.120000
o 686 1.120000
o 685 1.120000
o 684 1.120000
o 683 1.120000
o 682 1.120000
o 681 1.120000
o 680 1.120000
o 679 1.120000
o 678 1.120000
o 677 1.120000
o 676 1.120000
o 675 1.120000
o 674 1.120000
o 673 1.120000
o 672 1.120000
o 670 1.120000
o 669 1.120000
o 668 1.120000
o 667 1.120000
o 666 1.120000
o 665 1.120000
o 664 1.120000
o 663 1.130000
o 662 1.130000
o 661 1.130000
o 660 1.130000
o 659 1.130000
o 658 1.130000
o 657 1.130000
o 656 1.130000
o 655 1.130000
o 654 1.130000
o 653 1.130000
o 652 1.130000
o 651 1.130000
o 650 1.130000
o 649 1.130000
o 648 1.130000
o 646 1.130000
o 645 1.130000
o 644 1.130000
o 642 1.130000
o 641 1.130000
o 640 1.130000
o 639 1.130000
o 638 1.130000
o 637 1.130000
o 636 1.130000
o 635 1.130000
o 634 1.130000
o 633 1.130000
o 632 1.130000
o 630 1.130000
o 629 1.130000
o 628 1.130000
o 627 1.130000
o 626 1.130000
o 625 1.130000
o 624 1.130000
o 623 1.130000
o 622 1.130000
o 621 1.130000
o 620 1.130000
o 619 1.130000
o 618 1.130000
o 617 1.130000
o 616 1.130000
o 615 1.130000
o 614 1.130000
o 613 1.130000
o 612 1.130000
o 611 1.130000
o 610 1.130000
o 608 1.130000
o 606 1.130000
o 605 1.130000
o 604 1.130000
o 603 1.130000
o 602 1.130000
o 601 1.130000
o 600 1.130000
o 599 1.130000
o 598 1.130000
o 597 1.130000
o 596 1.130000
o 595 1.130000
o 593 1.130000
o 592 1.130000
o 591 1.130000
o 590 1.130000
o 589 1.130000
o 588 1.130000
o 587 1.130000
o 586 1.130000
o 585 1.130000
o 584 1.130000
o 583 1.130000
o 563 1.140000
o 562 1.140000
o 561 1.140000
o 560 1.140000
o 559 1.140000
o 558 1.140000
o 557 1.140000
o 556 1.140000
o 554 1.140000
o 553 1.140000
o 552 1.140000
o 551 1.140000
o 550 1.140000
o 511 3.420000
o 509 3.420000
o 506 3.420000
o 505 3.760000
505	3.760000
judgment-aggregation-ja-slater-preflib-00051-00000011
o 776 0.990000
o 775 1.020000
o 774 1.020000
o 773 1.020000
o 772 1.020000
o 771 1.020000
o 770 1.020000
o 769 1.020000
o 768 1.020000
o 767 1.020000
o 766 1.020000
o 765 1.020000
o 764 1.020000
o 763 1.020000
o 762 1.020000
o 761 1.020000
o 760 1.020000
o 759 1.020000
o 758 1.020000
o 757 1.020000
o 756 1.020000
o 755 1.020000
o 754 1.020000
o 753 1.020000
o 752 1.020000
o 751 1.020000
o 750 1.020000
o 749 1.020000
o 748 1.020000
o 747 1.020000
o 746 1.020000
o 745 1.020000
o 744 1.020000
o 743 1.020000
o 742 1.020000
o 741 1.020000
o 740 1.020000
o 739 1.020000
o 738 1.020000
o 737 1.020000
o 736 1.020000
o 735 1.020000
o 734 1.030000
o 733 1.030000
o 732 1.030000
o 731 1.030000
o 730 1.030000
o 729 1.030000
o 728 1.030000
o 727 1.030000
o 726 1.030000
o 725 1.030000
o 724 1.030000
o 723 1.030000
o 722 1.030000
o 721 1.030000
o 720 1.030000
o 719 1.030000
o 718 1.030000
o 717 1.030000
o 716 1.030000
o 715 1.030000
o 714 1.030000
o 713 1.030000
o 712 1.030000
o 711 1.030000
o 710 1.030000
o 709 1.030000
o 708 1.030000
o 707 1.030000
o 706 1.030000
o 705 1.030000
o 704 1.030000
o 703 1.030000
o 702 1.030000
o 701 1.030000
o 700 1.030000
o 699 1.030000
o 698 1.030000
o 697 1.030000
o 696 1.030000
o 695 1.030000
o 694 1.030000
o 693 1.030000
o 692 1.030000
o 691 1.030000
o 690 1.030000
o 689 1.030000
o 688 1.030000
o 687 1.030000
o 686 1.030000
o 685 1.030000
o 684 1.030000
o 683 1.030000
o 682 1.030000
o 681 1.030000
o 680 1.030000
o 679 1.030000
o 678 1.030000
o 677 1.030000
o 676 1.030000
o 675 1.030000
o 674 1.030000
o 673 1.030000
o 672 1.030000
o 671 1.030000
o 670 1.030000
o 668 1.030000
o 667 1.030000
o 666 1.030000
o 665 1.030000
o 664 1.030000
o 663 1.030000
o 662 1.030000
o 661 1.030000
o 660 1.030000
o 659 1.030000
o 658 1.030000
o 657 1.030000
o 656 1.030000
o 655 1.030000
o 654 1.030000
o 653 1.040000
o 652 1.040000
o 651 1.040000
o 650 1.040000
o 649 1.040000
o 648 1.040000
o 647 1.040000
o 646 1.040000
o 645 1.040000
o 644 1.040000
o 642 1.040000
o 641 1.040000
o 640 1.040000
o 639 1.040000
o 637 1.040000
o 636 1.040000
o 635 1.040000
o 634 1.040000
o 633 1.040000
o 632 1.040000
o 631 1.040000
o 630 1.040000
o 629 1.040000
o 628 1.040000
o 627 1.040000
o 626 1.040000
o 625 1.040000
o 624 1.040000
o 623 1.040000
o 622 1.040000
o 621 1.040000
o 620 1.050000
o 619 1.050000
o 617 1.050000
o 616 1.050000
o 615 1.050000
o 612 1.050000
o 611 1.050000
o 609 1.050000
o 608 1.050000
o 607 1.050000
o 582 1.050000
o 581 1.060000
o 580 1.060000
o 579 1.060000
o 578 1.060000
o 576 1.060000
o 575 1.060000
o 567 1.070000
o 566 1.070000
o 565 1.070000
o 510 3.130000
o 509 3.180000
o 508 3.220000
o 507 27.890000
o 506 184.070000
o 505 184.070000
o 504 184.300000
o 503 287.760000
503	287.760000
judgment-aggregation-ja-slater-preflib-00051-00000011
o 806 1.150000
o 805 1.200000
o 804 1.200000
o 803 1.200000
o 802 1.200000
o 801 1.200000
o 800 1.200000
o 799 1.200000
o 798 1.200000
o 797 1.200000
o 796 1.200000
o 795 1.200000
o 794 1.200000
o 793 1.200000
o 792 1.200000
o 791 1.200000
o 790 1.200000
o 789 1.200000
o 788 1.200000
o 787 1.200000
o 786 1.200000
o 785 1.200000
o 784 1.200000
o 783 1.200000
o 782 1.200000
o 781 1.200000
o 780 1.200000
o 779 1.200000
o 778 1.200000
o 777 1.200000
o 776 1.200000
o 775 1.200000
o 774 1.200000
o 773 1.200000
o 772 1.200000
o 771 1.200000
o 770 1.200000
o 769 1.200000
o 768 1.200000
o 767 1.200000
o 766 1.200000
o 765 1.200000
o 764 1.200000
o 763 1.200000
o 762 1.200000
o 761 1.200000
o 760 1.200000
o 759 1.200000
o 758 1.200000
o 757 1.200000
o 756 1.200000
o 755 1.200000
o 754 1.200000
o 753 1.200000
o 752 1.200000
o 751 1.200000
o 750 1.200000
o 749 1.200000
o 748 1.200000
o 747 1.200000
o 746 1.200000
o 745 1.210000
o 744 1.210000
o 743 1.210000
o 742 1.210000
o 741 1.210000
o 740 1.210000
o 739 1.210000
o 738 1.210000
o 737 1.210000
o 736 1.210000
o 735 1.210000
o 734 1.210000
o 733 1.210000
o 732 1.210000
o 731 1.210000
o 730 1.210000
o 729 1.210000
o 728 1.210000
o 727 1.210000
o 726 1.210000
o 725 1.210000
o 724 1.210000
o 723 1.210000
o 722 1.210000
o 721 1.210000
o 720 1.210000
o 719 1.210000
o 718 1.210000
o 717 1.210000
o 716 1.210000
o 715 1.210000
o 714 1.210000
o 713 1.210000
o 712 1.210000
o 711 1.210000
o 710 1.210000
o 709 1.210000
o 708 1.210000
o 707 1.210000
o 706 1.210000
o 705 1.210000
o 704 1.210000
o 703 1.210000
o 702 1.210000
o 701 1.210000
o 700 1.210000
o 699 1.210000
o 698 1.210000
o 697 1.210000
o 696 1.210000
o 694 1.210000
o 693 1.210000
o 692 1.210000
o 691 1.210000
o 690 1.210000
o 689 1.210000
o 688 1.210000
o 687 1.210000
o 686 1.210000
o 685 1.210000
o 684 1.210000
o 683 1.210000
o 682 1.210000
o 681 1.210000
o 680 1.210000
o 679 1.210000
o 678 1.210000
o 677 1.210000
o 676 1.210000
o 675 1.210000
o 674 1.210000
o 673 1.210000
o 672 1.210000
o 671 1.210000
o 670 1.210000
o 669 1.210000
o 668 1.210000
o 667 1.210000
o 666 1.210000
o 665 1.210000
o 664 1.210000
o 663 1.210000
o 662 1.210000
o 661 1.210000
o 660 1.210000
o 659 1.210000
o 658 1.210000
o 657 1.210000
o 656 1.210000
o 655 1.210000
o 654 1.210000
o 653 1.210000
o 652 1.210000
o 651 1.210000
o 648 1.210000
o 647 1.210000
o 646 1.210000
o 645 1.210000
o 644 1.210000
o 643 1.210000
o 642 1.210000
o 641 1.210000
o 640 1.210000
o 639 1.210000
o 638 1.210000
o 637 1.210000
o 636 1.210000
o 635 1.210000
o 634 1.210000
o 633 1.210000
o 632 1.210000
o 631 1.210000
o 630 1.210000
o 629 1.210000
o 628 1.210000
o 627 1.210000
o 626 1.210000
o 625 1.210000
o 624 1.210000
o 623 1.210000
o 622 1.210000
o 621 1.210000
o 620 1.210000
o 619 1.210000
o 618 1.210000
o 617 1.210000
o 616 1.210000
o 615 1.220000
o 614 1.220000
o 613 1.220000
o 612 1.220000
o 611 1.220000
o 610 1.220000
o 609 1.220000
o 608 1.220000
o 607 1.220000
o 606 1.220000
o 605 1.220000
o 604 1.220000
o 603 1.220000
o 602 1.220000
o 601 1.220000
o 600 1.220000
o 599 1.220000
o 598 1.220000
o 597 1.220000
o 596 1.220000
o 595 1.220000
o 594 1.220000
o 593 1.220000
o 592 1.220000
o 591 1.220000
o 590 1.220000
o 589 1.220000
o 587 1.220000
o 586 1.220000
o 584 1.220000
o 582 1.220000
o 577 1.220000
o 514 3.660000
o 510 3.660000
o 509 3.680000
o 507 3.690000
o 506 3.710000
o 505 3.850000
o 504 249.590000
504	249.590000
judgment-aggregation-ja-slater-preflib-00051-00000011
o 823 1.040000
o 822 1.090000
o 821 1.090000
o 820 1.090000
o 819 1.090000
o 818 1.090000
o 817 1.090000
o 816 1.090000
o 815 1.090000
o 814 1.090000
o 813 1.090000
o 812 1.090000
o 811 1.090000
o 810 1.090000
o 809 1.090000
o 808 1.090000
o 807 1.090000
o 806 1.090000
o 805 1.090000
o 804 1.090000
o 803 1.090000
o 802 1.090000
o 801 1.090000
o 800 1.090000
o 799 1.090000
o 798 1.090000
o 797 1.090000
o 796 1.090000
o 795 1.090000
o 794 1.090000
o 793 1.090000
o 792 1.090000
o 791 1.090000
o 790 1.090000
o 789 1.090000
o 788 1.090000
o 787 1.090000
o 786 1.090000
o 785 1.090000
o 784 1.090000
o 783 1.090000
o 782 1.090000
o 781 1.090000
o 780 1.090000
o 779 1.090000
o 778 1.090000
o 777 1.090000
o 776 1.090000
o 775 1.090000
o 774 1.090000
o 773 1.090000
o 772 1.090000
o 771 1.090000
o 770 1.090000
o 769 1.090000
o 768 1.090000
o 767 1.090000
o 766 1.090000
o 765 1.090000
o 764 1.090000
o 763 1.090000
o 762 1.090000
o 761 1.090000
o 760 1.090000
o 759 1.090000
o 758 1.090000
o 757 1.090000
o 756 1.090000
o 755 1.090000
o 754 1.090000
o 753 1.090000
o 752 1.090000
o 751 1.090000
o 750 1.090000
o 749 1.090000
o 748 1.090000
o 747 1.090000
o 746 1.090000
o 745 1.090000
o 744 1.090000
o 743 1.090000
o 742 1.090000
o 741 1.090000
o 740 1.090000
o 739 1.090000
o 738 1.090000
o 737 1.090000
o 735 1.090000
o 734 1.090000
o 733 1.090000
o 732 1.090000
o 731 1.090000
o 730 1.090000
o 729 1.090000
o 728 1.090000
o 727 1.090000
o 726 1.090000
o 725 1.090000
o 724 1.090000
o 723 1.090000
o 722 1.090000
o 721 1.090000
o 720 1.090000
o 719 1.090000
o 718 1.090000
o 717 1.090000
o 716 1.090000
o 715 1.090000
o 714 1.090000
o 713 1.090000
o 712 1.090000
o 711 1.090000
o 710 1.090000
o 709 1.090000
o 708 1.090000
o 707 1.090000
o 706 1.090000
o 705 1.090000
o 704 1.090000
o 703 1.090000
o 702 1.090000
o 701 1.090000
o 700 1.090000
o 699 1.090000
o 698 1.090000
o 697 1.090000
o 696 1.090000
o 695 1.090000
o 694 1.090000
o 693 1.090000
o 692 1.090000
o 691 1.090000
o 690 1.090000
o 689 1.090000
o 688 1.090000
o 687 1.090000
o 686 1.100000
o 685 1.100000
o 684 1.100000
o 683 1.100000
o 682 1.100000
o 681 1.100000
o 680 1.100000
o 679 1.100000
o 678 1.100000
o 677 1.100000
o 676 1.100000
o 675 1.100000
o 674 1.100000
o 673 1.100000
o 672 1.100000
o 671 1.100000
o 670 1.100000
o 669 1.100000
o 668 1.100000
o 667 1.100000
o 666 1.100000
o 665 1.100000
o 664 1.100000
o 663 1.100000
o 662 1.100000
o 661 1.100000
o 660 1.100000
o 659 1.100000
o 658 1.100000
o 657 1.100000
o 656 1.100000
o 655 1.100000
o 654 1.100000
o 653 1.100000
o 652 1.100000
o 651 1.100000
o 650 1.100000
o 649 1.100000
o 648 1.100000
o 647 1.100000
o 646 1.100000
o 645 1.100000
o 644 1.100000
o 643 1.100000
o 642 1.100000
o 641 1.100000
o 640 1.100000
o 639 1.100000
o 638 1.100000
o 637 1.100000
o 636 1.100000
o 635 1.100000
o 634 1.100000
o 633 1.100000
o 632 1.100000
o 631 1.100000
o 629 1.100000
o 628 1.100000
o 627 1.100000
o 626 1.100000
o 625 1.100000
o 624 1.100000
o 623 1.100000
o 622 1.100000
o 621 1.100000
o 620 1.100000
o 619 1.100000
o 618 1.100000
o 617 1.100000
o 615 1.100000
o 614 1.100000
o 613 1.100000
o 612 1.100000
o 611 1.100000
o 610 1.100000
o 609 1.100000
o 608 1.100000
o 607 1.100000
o 606 1.100000
o 605 1.100000
o 604 1.100000
o 603 1.100000
o 602 1.100000
o 601 1.100000
o 600 1.100000
o 599 1.100000
o 598 1.100000
o 596 1.100000
o 595 1.100000
o 594 1.100000
o 593 1.100000
o 592 1.100000
o 591 1.100000
o 589 1.110000
o 588 1.110000
o 587 1.110000
o 586 1.110000
o 585 1.110000
o 584 1.110000
o 508 3.180000
o 507 3.190000
o 506 3.190000
o 505 3.190000
o 504 3.220000
504	3.220000
judgment-aggregation-ja-slater-preflib-00051-00000011
o 733 1.010000
o 732 1.060000
o 731 1.060000
o 730 1.060000
o 729 1.060000
o 728 1.060000
o 727 1.060000
o 726 1.060000
o 725 1.060000
o 724 1.060000
o 723 1.060000
o 722 1.060000
o 721 1.060000
o 720 1.060000
o 719 1.060000
o 718 1.060000
o 717 1.060000
o 716 1.060000
o 715 1.060000
o 714 1.060000
o 713 1.060000
o 712 1.060000
o 711 1.060000
o 710 1.060000
o 709 1.060000
o 708 1.060000
o 707 1.060000
o 706 1.060000
o 705 1.060000
o 704 1.060000
o 703 1.060000
o 702 1.060000
o 701 1.060000
o 697 1.060000
o 696 1.060000
o 695 1.060000
o 694 1.060000
o 693 1.060000
o 692 1.060000
o 691 1.060000
o 690 1.060000
o 689 1.060000
o 688 1.060000
o 687 1.060000
o 686 1.060000
o 685 1.060000
o 684 1.060000
o 683 1.060000
o 682 1.060000
o 681 1.060000
o 680 1.060000
o 679 1.060000
o 678 1.060000
o 677 1.060000
o 676 1.060000
o 675 1.060000
o 674 1.060000
o 673 1.060000
o 672 1.060000
o 671 1.060000
o 670 1.060000
o 669 1.060000
o 668 1.060000
o 667 1.060000
o 665 1.060000
o 664 1.060000
o 663 1.060000
o 662 1.060000
o 661 1.060000
o 660 1.060000
o 659 1.060000
o 658 1.060000
o 657 1.060000
o 656 1.070000
o 655 1.070000
o 654 1.070000
o 653 1.070000
o 652 1.070000
o 651 1.070000
o 650 1.070000
o 649 1.070000
o 648 1.070000
o 647 1.070000
o 646 1.070000
o 644 1.070000
o 643 1.070000
o 641 1.070000
o 640 1.070000
o 639 1.070000
o 638 1.070000
o 637 1.070000
o 636 1.070000
o 635 1.070000
o 634 1.070000
o 633 1.070000
o 632 1.070000
o 631 1.070000
o 630 1.070000
o 629 1.070000
o 628 1.070000
o 627 1.070000
o 626 1.070000
o 625 1.070000
o 624 1.070000
o 623 1.070000
o 622 1.070000
o 621 1.070000
o 620 1.070000
o 619 1.070000
o 618 1.070000
o 617 1.070000
o 616 1.070000
o 615 1.070000
o 614 1.070000
o 613 1.070000
o 612 1.070000
o 611 1.070000
o 610 1.070000
o 609 1.070000
o 608 1.070000
o 605 1.070000
o 604 1.070000
o 603 1.070000
o 602 1.070000
o 601 1.070000
o 600 1.070000
o 599 1.070000
o 597 1.070000
o 594 1.070000
o 593 1.070000
o 592 1.070000
o 587 1.070000
o 586 1.070000
o 585 1.070000
o 584 1.070000
o 583 1.070000
o 582 1.070000
o 580 1.070000
o 579 1.070000
o 578 1.070000
o 577 1.070000
o 576 1.070000
o 575 1.070000
o 574 1.070000
o 573 1.070000
o 572 1.070000
o 571 1.070000
o 563 1.070000
o 562 1.070000
o 561 1.070000
o 560 1.070000
o 559 1.070000
o 557 1.070000
o 556 1.080000
o 555 1.080000
o 554 1.080000
o 553 1.080000
o 532 3.010000
o 509 3.020000
o 506 3.050000
o 505 3.050000
o 504 3.070000
o 503 19.540000
503	19.540000
judgment-aggregation-ja-slater-preflib-00051-00000011
o 786 1.040000
o 785 1.080000
o 784 1.080000
o 783 1.080000
o 782 1.080000
o 781 1.080000
o 780 1.080000
o 779 1.080000
o 778 1.080000
o 777 1.080000
o 776 1.090000
o 775 1.090000
o 774 1.090000
o 773 1.090000
o 772 1.090000
o 771 1.090000
o 770 1.090000
o 769 1.090000
o 768 1.090000
o 767 1.090000
o 766 1.090000
o 765 1.090000
o 763 1.090000
o 762 1.090000
o 761 1.090000
o 760 1.090000
o 759 1.090000
o 758 1.090000
o 757 1.090000
o 756 1.090000
o 755 1.090000
o 754 1.090000
o 753 1.090000
o 752 1.090000
o 751 1.090000
o 750 1.090000
o 749 1.090000
o 748 1.090000
o 747 1.090000
o 746 1.090000
o 745 1.090000
o 744 1.090000
o 743 1.090000
o 742 1.090000
o 741 1.090000
o 740 1.090000
o 739 1.090000
o 738 1.090000
o 737 1.090000
o 736 1.090000
o 735 1.090000
o 734 1.090000
o 733 1.090000
o 732 1.090000
o 731 1.090000
o 730 1.090000
o 729 1.090000
o 728 1.090000
o 727 1.090000
o 726 1.090000
o 725 1.090000
o 724 1.090000
o 723 1.090000
o 722 1.090000
o 721 1.090000
o 720 1.090000
o 719 1.090000
o 718 1.090000
o 717 1.090000
o 716 1.090000
o 715 1.090000
o 714 1.090000
o 713 1.090000
o 712 1.090000
o 711 1.090000
o 710 1.090000
o 709 1.090000
o 708 1.090000
o 707 1.090000
o 706 1.090000
o 705 1.090000
o 704 1.090000
o 703 1.090000
o 697 1.090000
o 696 1.090000
o 695 1.090000
o 694 1.090000
o 693 1.090000
o 692 1.090000
o 691 1.090000
o 690 1.090000
o 689 1.090000
o 688 1.090000
o 687 1.090000
o 686 1.090000
o 685 1.090000
o 683 1.090000
o 682 1.090000
o 681 1.090000
o 680 1.090000
o 679 1.090000
o 678 1.090000
o 677 1.090000
o 676 1.090000
o 675 1.090000
o 674 1.090000
o 673 1.090000
o 672 1.090000
o 671 1.090000
o 670 1.090000
o 669 1.090000
o 668 1.090000
o 667 1.090000
o 666 1.090000
o 664 1.090000
o 663 1.090000
o 662 1.090000
o 661 1.090000
o 660 1.090000
o 659 1.090000
o 658 1.090000
o 657 1.090000
o 655 1.090000
o 654 1.090000
o 653 1.090000
o 652 1.090000
o 651 1.090000
o 650 1.090000
o 649 1.090000
o 648 1.090000
o 647 1.090000
o 646 1.090000
o 645 1.090000
o 644 1.090000
o 643 1.090000
o 641 1.090000
o 640 1.090000
o 639 1.090000
o 637 1.090000
o 636 1.090000
o 635 1.090000
o 634 1.090000
o 633 1.090000
o 632 1.090000
o 630 1.090000
o 629 1.090000
o 628 1.090000
o 627 1.090000
o 626 1.090000
o 625 1.090000
o 624 1.090000
o 623 1.090000
o 622 1.090000
o 608 1.090000
o 607 1.090000
o 606 1.090000
o 605 1.090000
o 604 1.100000
o 603 1.100000
o 602 1.100000
o 601 1.100000
o 600 1.100000
o 599 1.100000
o 598 1.100000
o 597 1.100000
o 596 1.100000
o 595 1.100000
o 594 1.100000
o 592 1.100000
o 591 1.100000
o 590 1.100000
o 589 1.100000
o 588 1.100000
o 587 1.100000
o 569 1.100000
o 568 1.100000
o 567 1.100000
o 566 1.100000
o 565 1.100000
o 563 1.110000
o 521 3.130000
o 514 3.230000
o 513 3.230000
o 510 3.230000
o 507 3.230000
o 506 3.230000
o 505 3.250000
o 504 3.380000
o 503 185.250000
o 502 185.250000
o 501 250.480000
501	250.480000
