optimizing-BDDs-heart-cleveland-un-wcnf_incomplete_improved_1_2019_9
o 108 0.290000
o 31 11.160000
o 29 42.320000
o 28 50.530000
o 24 52.650000
o 19 62.420000
19	62.420000
optimizing-BDDs-heart-cleveland-un-wcnf_incomplete_improved_1_2019_9
o 122 0.310000
o 21 8.490000
o 16 280.310000
16	280.310000
optimizing-BDDs-heart-cleveland-un-wcnf_incomplete_improved_1_2019_9
o 128 0.320000
o 28 10.180000
o 24 18.760000
o 18 30.410000
o 16 30.410000
o 15 100.390000
15	100.390000
optimizing-BDDs-heart-cleveland-un-wcnf_incomplete_improved_1_2019_9
o 100 0.310000
o 90 0.320000
o 80 0.320000
o 20 6.020000
20	6.020000
optimizing-BDDs-heart-cleveland-un-wcnf_incomplete_improved_1_2019_9
o 128 0.340000
o 84 0.360000
o 33 11.390000
o 32 34.990000
o 30 48.440000
o 29 48.770000
o 27 104.580000
o 24 110.820000
o 17 174.860000
17	174.860000
optimizing-BDDs-heart-cleveland-un-wcnf_incomplete_improved_1_2019_9
o 84 0.300000
o 36 10.990000
o 34 34.940000
o 32 50.220000
o 31 50.220000
o 30 53.260000
o 25 134.520000
o 24 134.520000
24	134.520000
optimizing-BDDs-heart-cleveland-un-wcnf_incomplete_improved_1_2019_9
o 105 0.310000
o 22 9.890000
o 21 145.930000
21	145.930000
optimizing-BDDs-heart-cleveland-un-wcnf_incomplete_improved_1_2019_9
o 147 0.290000
o 31 11.610000
o 26 22.150000
o 22 58.930000
22	58.930000
optimizing-BDDs-heart-cleveland-un-wcnf_incomplete_improved_1_2019_9
o 99 0.310000
o 93 0.320000
o 23 8.650000
23	8.650000
optimizing-BDDs-heart-cleveland-un-wcnf_incomplete_improved_1_2019_9
o 83 0.310000
o 26 11.620000
o 21 133.380000
o 17 219.160000
o 16 219.160000
o 15 235.870000
15	235.870000
