scheduling-cnf_small
o 82 0.040000
o 62 0.730000
o 61 6.540000
o 60 6.540000
o 59 18.800000
o 58 18.830000
o 57 21.070000
o 56 37.830000
o 54 37.900000
o 52 102.440000
o 48 102.470000
48	102.470000
scheduling-cnf_small
o 73 0.050000
o 64 0.910000
o 63 0.930000
o 62 7.400000
o 61 7.410000
o 60 7.450000
o 59 7.480000
o 58 7.480000
o 53 75.660000
o 51 165.030000
51	165.030000
scheduling-cnf_small
o 76 0.060000
o 73 1.300000
o 72 1.300000
o 71 1.320000
o 70 1.330000
o 69 3.940000
o 68 7.540000
o 64 13.320000
o 63 13.630000
o 62 15.070000
o 59 36.730000
o 58 36.730000
o 51 41.710000
51	41.710000
scheduling-cnf_small
o 82 0.060000
o 73 1.320000
o 72 2.170000
o 69 2.410000
o 68 2.570000
o 67 4.720000
o 62 5.750000
o 61 11.290000
o 60 11.290000
o 59 11.310000
o 58 91.630000
o 57 99.830000
o 56 99.830000
o 55 282.790000
55	282.790000
scheduling-cnf_small
o 83 0.050000
o 75 0.730000
o 68 0.830000
o 66 1.050000
o 64 6.580000
o 63 6.580000
o 62 7.540000
o 61 7.540000
o 60 11.920000
o 58 11.950000
o 53 194.670000
o 50 194.810000
50	194.810000
scheduling-cnf_small
o 81 0.050000
o 69 1.150000
o 68 1.160000
o 67 1.160000
o 66 1.160000
o 63 1.180000
o 62 1.310000
o 61 1.310000
o 59 28.160000
o 58 66.460000
o 57 66.460000
o 56 66.540000
o 54 66.650000
o 53 66.700000
o 51 144.450000
51	144.450000
scheduling-cnf_small
o 80 0.050000
o 78 1.230000
o 76 1.230000
o 75 2.120000
o 73 2.120000
o 72 2.200000
o 71 2.780000
o 70 3.290000
o 69 3.300000
o 67 4.310000
o 66 4.500000
o 65 7.530000
o 64 7.530000
o 63 32.190000
o 62 32.300000
o 61 32.350000
o 58 33.760000
o 57 61.260000
o 55 61.360000
o 54 84.560000
o 53 171.710000
o 50 231.150000
o 49 231.160000
49	231.160000
scheduling-cnf_small
o 57 0.030000
o 56 56.490000
o 55 62.680000
o 54 63.140000
o 51 220.730000
51	220.730000
scheduling-cnf_small
o 83 0.040000
o 80 1.680000
o 73 1.700000
o 72 1.720000
o 71 1.730000
o 70 1.730000
o 69 1.870000
o 66 7.840000
o 62 8.000000
o 58 21.710000
o 57 21.760000
o 56 67.240000
o 55 67.250000
o 52 67.280000
o 50 67.340000
o 49 67.390000
49	67.390000
scheduling-cnf_small
o 72 0.040000
o 54 1.100000
o 53 1.100000
o 52 1.100000
o 51 179.020000
o 50 179.050000
50	179.050000
