xai-mindset2-postoperative-patient-data
o 130 10.820000
o 110 31.610000
o 109 31.610000
o 108 31.610000
o 107 74.970000
o 106 74.970000
o 104 109.000000
o 103 109.000000
o 102 109.000000
o 101 109.000000
o 100 109.000000
o 99 109.000000
o 98 109.000000
o 97 109.000000
o 96 109.000000
o 95 109.000000
o 94 109.000000
o 93 109.000000
o 92 109.010000
o 91 109.010000
o 90 109.010000
o 89 109.010000
o 88 109.010000
o 87 109.020000
o 86 109.020000
o 85 251.710000
o 82 251.710000
o 81 251.710000
o 80 251.710000
o 79 251.720000
o 78 251.720000
o 77 253.740000
o 76 253.820000
o 75 253.860000
75	253.860000
xai-mindset2-postoperative-patient-data
o 140 3.460000
o 110 12.510000
o 109 12.510000
o 108 12.510000
o 107 12.510000
o 106 12.510000
o 105 12.510000
o 104 12.520000
o 103 12.520000
o 102 12.520000
o 101 12.520000
o 100 12.520000
o 99 12.520000
o 98 12.520000
o 97 12.520000
o 96 12.520000
o 95 12.520000
o 94 12.520000
o 93 12.520000
o 92 103.010000
o 91 103.010000
o 90 103.010000
o 89 103.010000
o 88 103.010000
o 87 103.010000
o 86 103.010000
o 85 103.010000
o 84 103.010000
o 83 103.010000
o 82 103.020000
o 81 103.020000
o 80 103.020000
o 79 103.020000
o 78 103.020000
o 77 103.020000
o 76 103.020000
o 75 103.020000
o 74 103.030000
74	103.030000
xai-mindset2-postoperative-patient-data
o 121 0.430000
o 120 13.830000
o 119 13.830000
o 118 13.830000
o 117 13.830000
o 116 76.730000
o 115 76.740000
o 114 76.740000
o 113 76.740000
o 112 76.740000
o 111 76.740000
o 110 76.740000
o 109 76.740000
o 108 76.740000
o 107 76.740000
o 106 76.740000
o 105 76.740000
o 104 76.740000
o 103 76.740000
o 102 76.740000
o 101 76.740000
o 100 76.750000
o 99 76.750000
o 98 76.750000
o 97 141.720000
o 96 141.720000
o 95 141.720000
o 94 141.720000
o 93 141.720000
o 92 141.720000
o 91 141.720000
o 90 142.900000
o 89 142.900000
o 88 142.900000
o 87 142.900000
o 86 142.910000
o 85 142.910000
o 84 142.920000
o 83 142.980000
o 82 142.980000
o 81 142.980000
o 80 142.990000
o 79 142.990000
o 78 142.990000
o 77 142.990000
o 76 142.990000
76	142.990000
xai-mindset2-postoperative-patient-data
o 144 15.430000
o 125 19.720000
o 124 19.720000
o 123 19.720000
o 122 19.720000
o 121 19.720000
o 120 19.720000
o 119 19.720000
o 118 19.720000
o 117 19.720000
o 116 19.720000
o 115 19.720000
o 114 19.720000
o 113 19.720000
o 112 19.720000
o 111 19.720000
o 110 19.720000
o 109 19.720000
o 104 19.740000
o 103 19.740000
o 102 19.740000
o 101 19.740000
o 100 19.740000
o 99 19.740000
o 98 19.740000
o 97 19.740000
o 96 19.740000
o 95 19.740000
o 94 19.740000
o 93 19.740000
o 92 19.740000
o 91 19.740000
o 90 19.740000
o 89 19.740000
o 88 19.740000
o 87 19.740000
o 86 19.740000
o 85 50.940000
o 84 50.940000
o 83 50.940000
o 82 50.940000
o 81 178.650000
o 80 178.660000
o 79 178.660000
o 78 178.660000
o 77 178.670000
o 76 178.670000
o 75 223.920000
o 74 223.920000
o 73 226.460000
o 72 226.470000
72	226.470000
xai-mindset2-postoperative-patient-data
o 131 3.420000
o 113 11.320000
o 112 11.320000
o 111 11.320000
o 110 11.320000
o 109 11.320000
o 108 11.480000
o 107 11.480000
o 106 11.480000
o 105 11.480000
o 104 11.480000
o 103 11.480000
o 102 11.480000
o 101 227.110000
o 100 227.110000
o 99 227.110000
o 98 227.110000
o 97 227.110000
o 96 227.110000
o 95 227.110000
o 94 227.110000
o 93 230.540000
o 92 230.540000
o 91 230.540000
o 90 230.540000
o 89 230.550000
o 88 230.620000
o 87 230.620000
o 85 230.630000
o 84 230.630000
o 83 230.630000
o 81 230.650000
o 80 230.650000
o 79 232.160000
o 78 232.170000
o 77 232.170000
o 76 232.170000
76	232.170000
xai-mindset2-postoperative-patient-data
o 137 12.680000
o 115 84.320000
o 114 84.320000
o 113 84.320000
o 112 84.320000
o 111 84.320000
o 110 84.320000
o 109 84.320000
o 108 84.320000
o 107 84.320000
o 106 84.340000
o 105 84.340000
o 104 84.340000
o 103 84.340000
o 102 84.340000
o 101 84.340000
o 100 84.340000
o 99 84.340000
o 98 84.340000
o 97 84.340000
o 96 84.340000
o 95 84.340000
o 94 84.890000
o 93 84.890000
o 92 84.890000
o 91 84.890000
o 89 85.710000
o 88 85.710000
o 87 85.710000
o 86 85.720000
o 85 85.730000
o 84 85.750000
o 83 85.750000
o 82 85.750000
o 81 85.750000
o 80 85.750000
o 78 85.760000
o 77 85.760000
77	85.760000
xai-mindset2-postoperative-patient-data
o 150 2.000000
o 119 14.740000
o 118 14.740000
o 117 14.740000
o 116 14.740000
o 115 14.740000
o 114 14.740000
o 113 14.740000
o 112 14.740000
o 111 14.740000
o 110 14.740000
o 109 14.740000
o 108 14.740000
o 106 14.740000
o 105 14.740000
o 104 14.740000
o 103 14.740000
o 102 14.740000
o 101 14.740000
o 100 14.740000
o 99 14.740000
o 98 14.740000
o 97 14.740000
o 96 14.740000
o 95 14.740000
o 94 14.740000
o 93 14.740000
o 92 14.740000
o 91 14.740000
o 90 14.740000
o 89 14.740000
o 88 14.740000
o 87 14.750000
o 86 14.750000
o 85 14.750000
o 84 14.750000
o 83 14.750000
o 82 14.750000
o 81 14.750000
o 80 14.760000
o 79 14.760000
o 78 14.760000
o 77 14.760000
o 76 14.760000
o 75 14.770000
o 74 14.770000
o 73 14.770000
73	14.770000
xai-mindset2-postoperative-patient-data
o 126 3.400000
o 125 29.970000
o 124 29.970000
o 123 29.970000
o 122 29.970000
o 121 29.970000
o 119 39.040000
o 118 39.040000
o 117 39.040000
o 116 39.040000
o 115 39.040000
o 114 39.040000
o 113 39.040000
o 112 39.040000
o 111 39.040000
o 110 39.040000
o 109 39.040000
o 108 39.040000
o 107 39.050000
o 106 39.050000
o 105 39.050000
o 104 39.050000
o 103 39.050000
o 102 39.050000
o 101 39.050000
o 100 39.050000
o 99 39.050000
o 98 39.050000
o 97 39.050000
o 96 39.050000
o 95 39.050000
o 94 39.050000
o 93 39.050000
o 92 39.050000
o 91 39.050000
o 90 39.050000
o 89 39.050000
o 88 39.050000
o 87 39.050000
o 86 39.050000
o 85 40.500000
o 84 40.610000
o 83 40.610000
o 82 40.610000
o 81 40.680000
o 80 40.680000
o 79 40.680000
o 78 40.690000
o 77 40.690000
o 76 40.690000
o 75 40.700000
o 74 40.710000
74	40.710000
xai-mindset2-postoperative-patient-data
o 140 7.680000
o 109 93.050000
o 108 93.050000
o 107 93.050000
o 106 93.050000
o 105 93.050000
o 104 93.050000
o 103 93.050000
o 102 93.050000
o 101 93.050000
o 100 93.050000
o 99 93.050000
o 98 93.050000
o 97 93.050000
o 96 93.050000
o 95 93.050000
o 94 93.050000
o 93 93.050000
o 92 93.050000
o 90 93.050000
o 89 93.070000
o 88 93.070000
o 87 93.070000
o 86 115.690000
o 85 115.690000
o 84 115.690000
o 83 115.700000
o 82 115.700000
o 81 115.700000
o 80 115.700000
o 79 115.700000
o 78 115.720000
o 77 171.280000
77	171.280000
xai-mindset2-postoperative-patient-data
o 140 1.370000
o 95 12.340000
o 94 12.340000
o 93 124.510000
o 92 124.510000
o 91 124.520000
o 90 124.520000
o 89 124.520000
o 88 124.520000
o 87 124.520000
o 86 124.520000
o 85 124.520000
o 84 132.580000
o 83 132.580000
o 82 132.580000
o 81 132.580000
o 80 132.580000
o 79 132.580000
o 78 216.560000
o 77 216.570000
77	216.570000
