abstraction-refinement-downcast-xalan
o 65604 15.78
o 65577 23.92
abstraction-refinement-downcast-xalan
o 69660 14.47
o 65625 22.21
o 65596 69.15
o 65585 86.53
o 65584 108.41
o 65577 146.18
o 65570 166.22
o 65552 183.05
abstraction-refinement-downcast-xalan
o 86088 14.26
o 65606 21.64
o 65583 29.39
abstraction-refinement-downcast-xalan
o 69689 16.92
o 69688 16.93
o 69687 34.2
o 65593 72.63
o 65592 81.49
abstraction-refinement-downcast-xalan
o 73785 13.16
o 65582 22.24
o 65573 76
o 65558 299.59
abstraction-refinement-downcast-xalan
o 69653 15.24
o 65619 23.32
o 65607 46.04
o 65595 77.95
o 65588 145.83
o 65554 154.64
abstraction-refinement-downcast-xalan
o 69701 11.87
o 65576 18.03
o 65567 76.37
abstraction-refinement-downcast-xalan
o 69684 13.2
o 65622 20.03
o 65587 20.04
o 65577 51.32
abstraction-refinement-downcast-xalan
o 73764 13.05
o 65594 18.94
o 65583 49.7
o 65582 75.94
o 65580 82.45
o 65573 82.45
abstraction-refinement-downcast-xalan
o 73774 14.31
o 65618 21.01
o 65607 33.56
o 65603 45.96
o 65592 64.47
o 65578 71.29
o 65562 103.82
