correlation-clustering-Rounded_CorrelationClustering_Protein2_UNARY_N220
o 75385817 1.52
o 74017260 12.41
o 70804069 27.09
o 66608821 69.6
o 16003857 102.46
correlation-clustering-Rounded_CorrelationClustering_Protein2_UNARY_N220
o 80353434 1.55
o 72863162 15.08
o 23666967 40.54
o 20866699 126.72
correlation-clustering-Rounded_CorrelationClustering_Protein2_UNARY_N220
o 76426384 1.61
o 66642356 13.91
o 30344972 86.78
o 23839895 108.07
o 23510894 156.27
correlation-clustering-Rounded_CorrelationClustering_Protein2_UNARY_N220
o 66791999 1.66
o 65719375 28.82
o 32716922 127.71
o 30735919 226.89
correlation-clustering-Rounded_CorrelationClustering_Protein2_UNARY_N220
o 76600326 1.67
o 76221469 15.95
o 33541842 39.62
o 23706935 144.65
correlation-clustering-Rounded_CorrelationClustering_Protein2_UNARY_N220
o 66428201 1.7
o 26029871 34.72
o 21320789 87.95
correlation-clustering-Rounded_CorrelationClustering_Protein2_UNARY_N220
o 71352344 1.77
o 68594462 32.41
o 21156801 91.9
correlation-clustering-Rounded_CorrelationClustering_Protein2_UNARY_N220
o 76362846 1.61
o 75775534 12.39
o 64623910 78.42
o 29677129 121.46
correlation-clustering-Rounded_CorrelationClustering_Protein2_UNARY_N220
o 72984945 1.91
o 71705820 18.48
o 71040051 67.61
o 68999356 149.53
o 63214754 179.82
o 28885858 295.65
o 28836255 295.65
o 28786729 295.65
o 28740128 295.65
correlation-clustering-Rounded_CorrelationClustering_Protein2_UNARY_N220
o 77478858 1.7
o 70894210 30.1
o 23119664 50.27
o 22822411 226.04
