decision-tree-tic-tac-toe-un-formula_0.8_2021_atleast_15_max-3_reduced_incomplete_adaboost_3
o 570 0.22
o 443 8.33
decision-tree-tic-tac-toe-un-formula_0.8_2021_atleast_15_max-3_reduced_incomplete_adaboost_3
o 505 0.19
o 489 8.04
o 462 20.5
o 443 46.19
decision-tree-tic-tac-toe-un-formula_0.8_2021_atleast_15_max-3_reduced_incomplete_adaboost_3
o 503 0.23
o 443 6.43
decision-tree-tic-tac-toe-un-formula_0.8_2021_atleast_15_max-3_reduced_incomplete_adaboost_3
o 505 0.21
o 443 16.2
decision-tree-tic-tac-toe-un-formula_0.8_2021_atleast_15_max-3_reduced_incomplete_adaboost_3
o 644 0.22
o 503 7.14
o 443 48.45
decision-tree-tic-tac-toe-un-formula_0.8_2021_atleast_15_max-3_reduced_incomplete_adaboost_3
o 567 0.17
o 561 9.38
o 509 20.41
o 462 48.77
o 443 65.75
decision-tree-tic-tac-toe-un-formula_0.8_2021_atleast_15_max-3_reduced_incomplete_adaboost_3
o 462 0.2
o 443 30.04
decision-tree-tic-tac-toe-un-formula_0.8_2021_atleast_15_max-3_reduced_incomplete_adaboost_3
o 580 0.24
o 485 13.38
o 462 82.38
o 443 100.99
decision-tree-tic-tac-toe-un-formula_0.8_2021_atleast_15_max-3_reduced_incomplete_adaboost_3
o 443 0.17
decision-tree-tic-tac-toe-un-formula_0.8_2021_atleast_15_max-3_reduced_incomplete_adaboost_3
o 505 0.21
o 443 7.24
