judgment-aggregation-ja-kemeny-preflib-00049-00000454
o 933 0.18
o 855 0.21
o 852 0.21
o 843 0.21
o 840 0.21
o 827 0.22
o 826 0.22
o 823 0.22
o 805 0.25
o 802 0.25
o 719 0.27
o 717 0.27
o 716 0.27
o 710 1.27
o 709 1.27
o 645 28.69
o 644 28.7
o 643 28.7
o 642 28.7
o 641 28.7
o 638 56.61
judgment-aggregation-ja-kemeny-preflib-00049-00000454
o 929 0.15
o 918 0.16
o 917 0.16
o 916 0.16
o 915 0.16
o 914 0.16
o 911 0.16
o 869 0.18
o 852 0.19
o 848 0.19
o 847 0.19
o 790 0.21
o 787 0.21
o 779 0.59
o 777 0.59
o 762 0.75
o 759 0.75
o 757 0.75
o 638 31.1
judgment-aggregation-ja-kemeny-preflib-00049-00000454
o 986 0.16
o 850 0.17
o 847 0.17
o 846 0.17
o 816 0.2
o 802 0.2
o 800 0.2
o 799 0.2
o 798 0.2
o 793 0.22
o 792 0.22
o 773 0.3
o 740 1.03
o 738 1.03
o 736 1.28
o 724 1.3
o 649 28.7
o 646 28.7
o 635 56.76
o 633 275.26
judgment-aggregation-ja-kemeny-preflib-00049-00000454
o 939 0.15
o 931 0.16
o 927 0.17
o 924 0.17
o 827 0.17
o 826 0.17
o 825 0.17
o 823 0.17
o 815 0.18
o 812 0.18
o 799 0.18
o 798 0.18
o 779 0.18
o 776 0.18
o 775 0.18
o 774 0.18
o 769 0.18
o 768 0.18
o 700 0.22
o 697 0.22
o 694 0.22
o 692 0.22
o 643 27.02
o 642 61.94
o 641 61.94
o 640 89.49
o 639 89.49
o 638 89.49
o 637 170.1
o 635 170.42
judgment-aggregation-ja-kemeny-preflib-00049-00000454
o 1018 0.15
o 919 0.16
o 916 0.16
o 913 0.16
o 912 0.16
o 906 0.18
o 903 0.18
o 902 0.18
o 901 0.19
o 900 0.19
o 848 0.19
o 847 0.19
o 822 0.21
o 821 0.21
o 820 0.21
o 815 0.21
o 814 0.21
o 813 0.21
o 810 0.21
o 808 0.21
o 794 0.21
o 791 0.21
o 790 0.21
o 718 0.23
o 717 0.23
o 715 0.23
o 714 0.23
o 713 0.23
o 706 0.23
o 704 0.23
o 701 0.23
o 678 1.33
o 643 28.23
o 642 28.23
o 641 28.23
o 639 173.4
o 638 173.4
judgment-aggregation-ja-kemeny-preflib-00049-00000454
o 842 0.16
o 826 0.22
o 825 0.22
o 822 0.22
o 821 0.22
o 706 0.24
o 705 0.24
o 642 29.1
o 640 83.81
o 638 225.33
o 637 251.09
judgment-aggregation-ja-kemeny-preflib-00049-00000454
o 1184 0.15
o 979 0.16
o 872 0.17
o 857 0.17
o 808 0.17
o 785 0.17
o 783 0.17
o 782 0.17
o 779 0.17
o 778 0.17
o 774 0.18
o 773 0.18
o 770 0.18
o 768 0.18
o 764 0.18
o 742 0.22
o 741 0.22
o 740 0.22
o 644 25.5
o 641 51.83
o 635 189.21
judgment-aggregation-ja-kemeny-preflib-00049-00000454
o 1025 0.15
o 932 0.16
o 931 0.16
o 899 0.17
o 896 0.17
o 706 0.22
o 699 0.22
o 689 0.24
o 638 28.93
o 637 28.93
o 634 87.31
o 633 87.31
judgment-aggregation-ja-kemeny-preflib-00049-00000454
o 933 0.15
o 875 0.17
o 873 0.18
o 755 0.19
o 752 0.69
o 749 0.69
o 727 1.07
o 724 3.62
o 721 3.62
o 643 33.09
o 642 33.1
o 641 60.66
o 635 87.12
judgment-aggregation-ja-kemeny-preflib-00049-00000454
o 898 0.17
o 815 0.2
o 807 0.23
o 774 0.32
o 769 0.33
o 766 0.82
o 765 0.82
o 761 0.89
o 760 0.89
o 750 0.95
o 749 0.95
o 732 0.95
o 730 0.95
o 728 0.95
o 651 28.75
o 649 28.76
o 643 28.76
o 639 56.9
o 635 284.99
o 634 284.99
