railway-transport-f2030
o 7785 4.39
o 7783 4.39
o 7781 4.39
o 7779 4.39
o 7777 4.39
o 7757 4.39
o 7031 4.4
o 7009 4.4
o 5028 88.13
railway-transport-f2030
o 8530 45.28
o 7237 45.29
o 7236 45.29
o 7100 45.3
o 6938 45.31
o 6795 171.01
o 6618 171.01
o 5815 171.07
railway-transport-f2030
o 7047 103.29
railway-transport-f2030
o 7324 85.37
o 6956 85.38
o 6860 85.38
o 5767 117.64
railway-transport-f2030
o 7459 77.05
o 7251 77.06
o 6938 77.07
o 6453 179.6
o 6434 179.6
o 5864 179.6
o 5779 179.61
o 5737 179.61
o 5635 179.61
o 5609 179.64
railway-transport-f2030
o 7157 11.15
o 6088 11.19
o 5708 210.58
railway-transport-f2030
o 7721 4.96
o 7159 4.97
o 7069 4.97
o 5834 32.03
railway-transport-f2030
o 8110 37.49
o 8090 37.49
o 8070 37.49
o 8050 37.49
o 8030 37.49
o 7980 37.49
o 7930 37.49
o 7880 37.49
o 7860 37.49
o 7840 37.49
o 7790 37.49
o 7740 37.49
o 7690 37.49
o 7670 37.49
o 7650 37.49
o 7630 37.49
o 7580 37.49
o 6993 37.5
o 6891 37.5
o 6379 37.51
railway-transport-f2030
o 7774 6.95
o 7773 6.95
o 7772 6.95
o 7771 6.95
o 6734 6.96
o 6653 6.96
o 5004 38.16
railway-transport-f2030
o 7285 74.73
o 7284 74.73
o 6201 74.79
o 6200 74.79
o 6199 74.79
o 6198 74.79
o 6197 74.79
