relational-inference-pa-1
o 12880 3.62
o 12852 3.62
o 12824 3.62
o 12787 3.63
o 12559 3.63
o 12331 3.63
o 12293 3.63
o 12151 3.64
o 11960 3.64
o 11912 3.64
o 11875 3.64
o 11733 3.64
o 11684 3.65
o 11647 3.65
o 11479 3.65
o 11456 3.65
o 11419 3.65
o 11216 3.65
o 11077 3.66
o 11028 3.66
o 10961 3.66
o 10936 3.67
o 10733 3.67
o 10708 3.67
o 10528 3.67
o 10451 3.68
o 10316 3.68
o 10126 3.68
o 10093 3.7
o 10050 3.7
o 10041 3.7
o 9905 3.71
o 9893 3.71
o 9888 3.71
o 9850 3.72
o 9811 3.72
o 9682 3.74
o 9681 3.74
o 9516 3.78
o 9505 3.79
o 9499 3.79
o 9450 3.79
o 9438 3.8
o 9336 3.8
o 9295 3.82
o 9222 3.82
o 9206 3.83
o 9127 3.83
o 9058 3.84
o 9041 3.87
o 9036 4.06
o 9030 4.08
o 9006 4.12
o 8908 4.65
o 8898 9.68
o 8892 19.77
o 8877 27.33
o 8854 37.27
o 8843 51.02
relational-inference-pa-1
o 11129 3.56
o 11045 3.57
o 10867 3.57
o 10860 3.57
o 10669 3.57
o 10606 3.57
o 10466 3.57
o 10333 3.57
o 10279 3.58
o 10252 3.58
o 10079 3.58
o 10051 3.58
o 10013 3.58
o 9822 3.58
o 9668 3.59
o 9488 3.59
o 9477 3.59
o 9393 3.59
o 9386 3.59
o 9237 3.6
o 9230 3.6
o 9215 3.61
o 9177 3.61
o 9150 3.61
o 9130 3.61
o 8950 3.61
o 8939 3.62
o 8901 3.62
o 8794 3.62
o 8788 3.62
o 8756 3.62
o 8669 3.63
o 8620 3.63
o 8594 3.63
o 8588 3.63
o 8556 3.63
o 8539 3.64
o 8501 3.64
o 8470 3.64
o 8415 3.65
o 8414 3.68
o 8365 3.69
o 8359 3.82
o 8331 3.85
o 8322 4.28
o 8256 4.35
o 8244 4.89
o 8218 5.86
o 8197 9.29
o 8149 9.3
o 8054 9.31
o 8028 10.57
o 8024 17.78
o 8001 20.64
relational-inference-pa-1
o 10418 3.41
o 10190 3.42
o 10040 3.42
o 9993 3.43
o 9813 3.43
o 9802 3.43
o 9775 3.43
o 9572 3.43
o 9479 3.43
o 9326 3.44
o 9288 3.44
o 9157 3.44
o 9109 3.44
o 9098 3.44
o 8908 3.44
o 8816 3.47
o 8690 3.48
o 8674 3.5
o 8648 3.51
o 8641 3.51
o 8546 3.54
o 8478 3.96
o 8468 6.88
o 8461 6.88
o 8442 11.24
o 8433 66.01
o 8405 71.39
relational-inference-pa-1
o 10580 2.95
o 10352 2.95
o 10321 2.95
o 10272 2.95
o 10179 2.95
o 10170 2.96
o 10132 2.96
o 10007 2.96
o 9834 2.96
o 9784 2.96
o 9777 2.96
o 9623 2.96
o 9606 2.97
o 9568 2.97
o 9566 2.97
o 9530 2.97
o 9518 2.98
o 9511 2.98
o 9507 2.98
o 9452 2.99
o 9420 3
o 9390 3.04
o 9344 3.05
o 9342 3.32
o 9335 3.32
o 9327 4.28
o 9245 4.94
o 9217 4.96
o 9186 4.96
o 9169 4.99
o 9162 4.99
o 9154 5.06
o 9145 5.48
o 9107 5.48
o 9093 5.73
o 9086 5.73
o 9075 6.09
o 9037 6.66
o 9020 8.99
relational-inference-pa-1
o 11277 3.34
o 11240 3.34
o 11212 3.34
o 11012 3.35
o 10784 3.35
o 10767 3.35
o 10587 3.35
o 10566 3.35
o 10543 3.35
o 10536 3.35
o 10373 3.36
o 10170 3.36
o 10145 3.36
o 9954 3.36
o 9717 3.36
o 9716 3.36
o 9679 3.37
o 9537 3.37
o 9451 3.37
o 9309 3.37
o 9271 3.38
o 9248 3.38
o 9213 3.38
o 9109 3.38
o 9048 3.38
o 9041 3.38
o 9003 3.39
o 8968 3.39
o 8930 3.39
o 8739 3.39
o 8730 3.39
o 8713 3.4
o 8571 3.4
o 8533 3.4
o 8522 3.4
o 8380 3.4
o 8337 3.4
o 8330 3.41
o 8311 3.41
o 8256 3.41
o 8175 3.42
o 8168 3.42
o 8160 3.42
o 8105 3.43
o 8002 3.43
o 8001 3.43
o 7993 3.45
o 7851 3.45
o 7783 3.46
o 7780 3.47
o 7750 3.48
o 7733 3.89
o 7715 4.68
o 7674 5
o 7636 14.98
o 7610 33.07
o 7608 34.64
o 7598 48.93
o 7587 58
relational-inference-pa-1
o 11245 3.08
o 10990 3.1
o 10754 3.1
o 10729 3.1
o 10692 3.1
o 10629 3.1
o 10456 3.11
o 10314 3.11
o 10293 3.11
o 10256 3.11
o 10083 3.11
o 9903 3.11
o 9845 3.12
o 9607 3.12
o 9569 3.12
o 9531 3.12
o 9514 3.12
o 9372 3.12
o 9349 3.13
o 9342 3.13
o 9297 3.13
o 9094 3.13
o 9087 3.13
o 9049 3.14
o 9042 3.14
o 9010 3.14
o 8983 3.22
o 8977 3.33
o 8970 3.33
o 8969 3.79
o 8962 3.79
o 8889 4.06
o 8875 5.69
o 8869 15.46
o 8848 19.86
o 8824 42.76
o 8817 42.76
o 8807 44.66
o 8740 48.94
o 8654 69.23
o 8606 87.84
relational-inference-pa-1
o 10251 3.33
o 10223 3.33
o 10195 3.33
o 10158 3.33
o 10131 3.33
o 9958 3.34
o 9930 3.34
o 9892 3.34
o 9854 3.34
o 9712 3.34
o 9685 3.34
o 9662 3.34
o 9609 3.35
o 9361 3.35
o 9207 3.35
o 9181 3.35
o 9169 3.35
o 9162 3.35
o 9160 3.35
o 8988 3.36
o 8969 3.36
o 8789 3.36
o 8782 3.36
o 8754 3.37
o 8742 3.37
o 8656 3.38
o 8546 3.39
o 8489 3.44
o 8485 3.71
o 8478 3.72
o 8444 5.8
o 8417 5.99
o 8390 24.24
o 8371 26.97
o 8235 28.84
o 8215 50.85
o 8208 50.85
relational-inference-pa-1
o 12906 3.11
o 12878 3.11
o 12841 3.11
o 12678 3.11
o 12641 3.11
o 12441 3.12
o 12413 3.12
o 12248 3.12
o 12223 3.12
o 12168 3.12
o 11965 3.12
o 11925 3.12
o 11821 3.13
o 11820 3.13
o 11783 3.13
o 11746 3.13
o 11630 3.13
o 11593 3.13
o 11581 3.13
o 11432 3.14
o 11301 3.14
o 11281 3.14
o 11171 3.14
o 11108 3.14
o 10954 3.14
o 10911 3.14
o 10766 3.15
o 10752 3.16
o 10745 3.17
o 10738 3.17
o 10700 3.17
o 10660 3.18
o 10621 3.18
o 10480 3.18
o 10461 3.19
o 10364 3.19
o 10314 3.19
o 10280 3.19
o 10255 3.19
o 10161 3.2
o 10104 3.2
o 10086 3.26
o 9944 3.26
o 9942 3.47
o 9913 4.55
o 9886 31.45
o 9872 34.07
o 9858 47.36
relational-inference-pa-1
o 11429 3.46
o 11201 3.47
o 11164 3.47
o 11136 3.47
o 10983 3.48
o 10946 3.48
o 10781 3.48
o 10774 3.48
o 10574 3.48
o 10553 3.48
o 10528 3.48
o 10490 3.49
o 10310 3.49
o 10244 3.49
o 10110 3.49
o 10093 3.49
o 10044 3.49
o 10000 3.49
o 9994 3.5
o 9987 3.5
o 9956 3.5
o 9949 3.5
o 9844 3.5
o 9766 3.51
o 9759 3.51
o 9728 3.51
o 9713 3.52
o 9712 3.52
o 9641 3.53
o 9634 3.53
o 9630 3.55
o 9619 3.57
o 9612 3.57
o 9576 3.6
o 9575 3.6
o 9465 3.66
relational-inference-pa-1
o 10880 3.86
o 10652 3.87
o 10624 3.87
o 10596 3.87
o 10570 3.88
o 10532 3.88
o 10495 3.88
o 10442 3.88
o 10415 3.89
o 10263 3.89
o 10225 3.89
o 10205 3.9
o 10142 3.9
o 10025 3.9
o 10002 3.9
o 9901 3.9
o 9748 3.91
o 9701 3.91
o 9521 3.91
o 9504 3.92
o 9476 3.93
o 9464 3.94
o 9460 3.94
o 9453 3.94
o 9386 3.94
o 9331 3.95
o 9330 3.95
o 9303 4.02
o 9275 4.02
o 9172 4.13
o 9103 6.13
o 9100 11.79
o 9091 17.23
o 9084 17.53
o 9048 22.11
o 9044 22.48
o 9024 23.99
o 8974 24.12
o 8969 27.52
o 8960 29.35
o 8946 37.07
o 8939 37.08
o 8901 37.08
o 8831 52.64
