staff-scheduling-instance2
o 3047 0
o 3044 0
o 1060 0.84
o 963 1.51
o 953 11.1
o 937 22.19
o 851 158.46
staff-scheduling-instance2
o 1938 0
o 1046 0.69
o 1041 1.33
o 946 1.96
o 941 5.22
o 853 24.5
o 851 75.88
o 849 141.85
staff-scheduling-instance2
o 2651 0
o 1052 0.71
o 948 3.51
o 942 4.77
o 936 216.01
staff-scheduling-instance2
o 3052 0
o 3050 0
o 1260 0.68
o 947 1.32
o 935 15.81
o 849 46.87
staff-scheduling-instance2
o 2732 0
o 1145 0.59
o 1040 1.21
o 941 2.29
o 932 66.31
o 849 98.74
o 843 129.36
staff-scheduling-instance2
o 2948 0
o 1151 0.57
o 945 1.19
o 944 69.86
o 937 74.41
o 846 129.02
staff-scheduling-instance2
o 2537 0
o 2536 0
o 1156 0.76
o 948 1.37
o 861 5.99
o 860 5.99
o 859 7.33
o 848 45.75
o 844 280.5
staff-scheduling-instance2
o 2951 0
o 955 0.91
o 855 7.02
staff-scheduling-instance2
o 2642 0
o 2544 0
o 1149 0.71
o 1145 2.8
o 956 3.5
o 955 14.84
o 954 19.48
o 950 26.54
o 947 33.58
o 946 34.98
o 941 120.7
o 935 260.68
staff-scheduling-instance2
o 2246 0
o 1142 0.63
o 1061 1.4
o 949 2.12
o 940 8.01
o 841 70.72
