abstraction-refinement-downcast-antlr
o 76318 45.530000
o 76317 49.920000
o 76316 49.930000
o 76315 50.000000
o 76314 50.010000
o 76313 50.220000
o 76312 50.240000
o 76311 50.750000
o 76310 50.770000
o 76309 50.780000
o 76308 50.810000
o 76307 50.920000
o 76306 50.930000
o 76305 50.940000
o 76304 51.040000
o 76303 51.050000
o 76302 51.090000
o 76301 51.400000
o 76300 51.410000
o 76299 51.420000
o 76298 51.430000
o 76297 51.440000
o 76296 51.480000
o 76295 51.510000
o 76294 51.520000
o 76293 51.600000
o 76292 51.660000
o 76291 51.670000
o 76290 51.740000
o 76289 51.750000
o 76288 52.240000
o 76287 53.390000
o 76286 53.410000
o 76285 53.410000
o 76284 53.490000
o 76283 53.980000
o 76282 54.000000
o 76281 54.210000
o 76280 126.830000
o 76279 126.890000
o 76278 126.900000
o 76277 127.170000
o 76276 127.310000
o 76275 127.430000
76275	127.430000
abstraction-refinement-downcast-antlr
o 90602 43.850000
o 76381 47.110000
o 76380 47.310000
o 76379 47.310000
o 76378 47.320000
o 76377 47.330000
o 76376 47.340000
o 76375 47.340000
o 76374 47.350000
o 76373 47.360000
o 76372 47.370000
o 76371 47.400000
o 76370 47.400000
o 76369 47.410000
o 76368 47.420000
o 76367 47.450000
o 76366 47.460000
o 76365 47.580000
o 76364 47.590000
o 76363 47.590000
o 76362 47.600000
o 76361 47.610000
o 76360 47.620000
o 76359 47.630000
o 76358 47.640000
o 76357 47.660000
o 76356 47.670000
o 76355 47.680000
o 76354 47.690000
o 76353 47.700000
o 76352 47.710000
o 76351 47.710000
o 76350 47.720000
o 76349 47.730000
o 76348 47.760000
o 76347 47.770000
o 76346 47.790000
o 76345 47.790000
o 76344 47.800000
o 76343 47.820000
o 76342 47.830000
o 76341 47.840000
o 76340 47.860000
o 76339 47.870000
o 76338 47.880000
o 76337 48.140000
o 76336 48.160000
o 76335 48.190000
o 76334 48.480000
o 76333 48.490000
o 76332 48.490000
o 76331 48.500000
o 76330 48.510000
o 76329 48.520000
o 76328 48.530000
o 76327 48.540000
o 76326 48.550000
o 76325 48.610000
o 76324 48.610000
o 76323 48.750000
o 76322 48.760000
o 76321 48.790000
o 76320 48.810000
o 76319 48.830000
o 76318 48.840000
o 76317 48.870000
o 76316 48.880000
o 76315 48.890000
o 76314 48.890000
o 76313 48.900000
o 76312 48.930000
o 76311 49.030000
o 76310 49.030000
o 76309 49.040000
o 76308 49.050000
o 76307 49.060000
o 76306 49.060000
o 76305 49.070000
o 76304 49.080000
o 76303 49.130000
o 76302 49.270000
o 76301 49.280000
o 76300 49.290000
o 76299 51.300000
o 76298 51.310000
o 76297 51.400000
o 76296 51.550000
o 76295 51.630000
o 76294 51.790000
o 76293 51.870000
o 76292 52.090000
o 76291 52.180000
o 76290 52.190000
o 76289 53.060000
o 76288 53.500000
o 76287 53.510000
o 76286 53.520000
o 76285 53.620000
o 76284 53.630000
o 76283 53.680000
o 76282 105.330000
o 76281 105.360000
o 76280 105.470000
o 76279 105.480000
o 76278 105.570000
o 76277 105.590000
o 76276 105.620000
o 76275 105.880000
o 76274 223.210000
o 76273 223.290000
76273	223.290000
abstraction-refinement-downcast-antlr
o 76385 42.060000
o 76384 45.940000
o 76383 45.950000
o 76382 45.950000
o 76381 45.960000
o 76380 46.410000
o 76379 46.420000
o 76378 46.430000
o 76377 46.430000
o 76376 46.440000
o 76375 46.450000
o 76374 46.460000
o 76373 46.460000
o 76372 46.470000
o 76371 46.480000
o 76370 46.500000
o 76369 46.530000
o 76368 46.540000
o 76367 46.550000
o 76366 46.560000
o 76365 46.560000
o 76364 46.570000
o 76363 46.580000
o 76362 46.600000
o 76361 46.610000
o 76360 46.640000
o 76359 46.660000
o 76358 46.680000
o 76357 46.680000
o 76356 46.690000
o 76355 46.700000
o 76354 46.710000
o 76353 46.720000
o 76352 46.740000
o 76351 46.740000
o 76350 46.750000
o 76349 46.760000
o 76348 46.770000
o 76347 46.770000
o 76346 46.780000
o 76345 46.790000
o 76344 46.810000
o 76343 46.810000
o 76342 46.820000
o 76341 46.890000
o 76340 46.900000
o 76339 46.900000
o 76338 46.910000
o 76337 46.920000
o 76336 46.930000
o 76335 46.940000
o 76334 46.940000
o 76333 46.950000
o 76332 46.960000
o 76331 46.960000
o 76330 46.990000
o 76329 47.010000
o 76328 47.090000
o 76327 47.120000
o 76326 47.190000
o 76325 47.190000
o 76324 47.200000
o 76323 47.210000
o 76322 47.220000
o 76321 47.240000
o 76320 47.270000
o 76319 47.280000
o 76318 47.460000
o 76317 47.930000
o 76316 47.930000
o 76315 47.970000
o 76314 47.990000
o 76313 48.000000
o 76312 48.040000
o 76311 48.070000
o 76310 48.080000
o 76309 48.090000
o 76308 48.100000
o 76307 48.120000
o 76306 48.130000
o 76305 48.140000
o 76304 48.160000
o 76303 48.180000
o 76302 48.210000
o 76301 48.230000
o 76300 48.240000
o 76299 48.260000
o 76298 48.270000
o 76297 48.330000
o 76296 48.340000
o 76295 48.340000
o 76294 48.430000
o 76293 48.490000
o 76292 52.800000
o 76291 52.840000
o 76290 52.840000
o 76289 52.940000
o 76288 52.990000
o 76287 124.030000
o 76286 124.090000
o 76285 124.270000
o 76284 124.400000
o 76283 124.410000
o 76282 206.490000
o 76281 206.570000
o 76280 206.580000
76280	206.580000
abstraction-refinement-downcast-antlr
o 76344 47.320000
o 76343 51.790000
o 76342 51.820000
o 76341 51.830000
o 76340 51.840000
o 76339 51.840000
o 76338 51.850000
o 76337 51.870000
o 76336 51.870000
o 76335 51.890000
o 76334 51.900000
o 76333 51.920000
o 76332 51.930000
o 76331 51.940000
o 76330 52.000000
o 76329 52.010000
o 76328 52.040000
o 76327 52.040000
o 76326 52.050000
o 76325 52.070000
o 76324 52.080000
o 76323 52.080000
o 76322 52.090000
o 76321 52.210000
o 76320 52.210000
o 76319 52.220000
o 76318 52.230000
o 76317 52.240000
o 76316 52.290000
o 76315 52.300000
o 76314 52.360000
o 76313 52.370000
o 76312 52.380000
o 76311 52.390000
o 76310 52.390000
o 76309 52.420000
o 76308 52.430000
o 76307 52.440000
o 76306 52.460000
o 76305 52.500000
o 76304 52.510000
o 76303 52.520000
o 76302 52.580000
o 76301 54.270000
o 76300 54.290000
o 76299 54.310000
o 76298 54.390000
o 76297 54.430000
o 76296 54.440000
o 76295 54.450000
o 76294 54.460000
o 76293 54.470000
o 76292 54.480000
o 76291 54.490000
o 76290 54.500000
o 76289 54.540000
o 76288 54.550000
o 76287 54.560000
o 76286 54.840000
o 76285 54.950000
o 76284 55.020000
o 76283 55.300000
o 76282 55.560000
o 76281 55.610000
o 76280 55.850000
o 76279 55.870000
o 76278 55.870000
o 76277 55.970000
76277	55.970000
abstraction-refinement-downcast-antlr
o 76340 41.870000
o 76339 45.660000
o 76338 45.670000
o 76337 45.680000
o 76336 45.690000
o 76335 45.700000
o 76334 45.760000
o 76333 45.770000
o 76332 45.780000
o 76331 45.870000
o 76330 45.880000
o 76329 45.890000
o 76328 45.890000
o 76327 45.900000
o 76326 45.920000
o 76325 45.950000
o 76324 45.960000
o 76323 45.970000
o 76322 45.970000
o 76321 46.000000
o 76320 46.020000
o 76319 46.030000
o 76318 46.040000
o 76317 46.050000
o 76316 46.050000
o 76315 46.110000
o 76314 46.120000
o 76313 46.240000
o 76312 46.250000
o 76311 46.260000
o 76310 46.280000
o 76309 46.290000
o 76308 46.290000
o 76307 46.300000
o 76306 46.330000
o 76305 46.330000
o 76304 46.380000
o 76303 46.430000
o 76302 46.470000
o 76301 46.560000
o 76300 49.310000
o 76299 49.330000
o 76298 49.330000
o 76297 49.490000
o 76296 49.500000
o 76295 49.500000
o 76294 49.510000
o 76293 49.570000
o 76292 49.660000
o 76291 49.720000
o 76290 50.170000
o 76289 50.240000
o 76288 50.250000
o 76287 51.300000
o 76286 51.330000
o 76285 51.340000
o 76284 51.370000
o 76283 51.400000
o 76282 107.300000
o 76281 163.790000
o 76280 163.800000
o 76279 163.930000
o 76278 164.540000
76278	164.540000
abstraction-refinement-downcast-antlr
o 81120 40.820000
o 76385 44.470000
o 76384 44.820000
o 76383 44.830000
o 76382 44.830000
o 76381 44.850000
o 76380 44.860000
o 76379 45.030000
o 76378 45.040000
o 76377 45.080000
o 76376 45.160000
o 76375 45.170000
o 76374 45.230000
o 76373 45.230000
o 76372 45.240000
o 76371 45.310000
o 76370 45.350000
o 76369 45.350000
o 76368 45.370000
o 76367 45.390000
o 76366 45.410000
o 76365 45.420000
o 76364 45.430000
o 76363 45.440000
o 76362 45.480000
o 76361 45.490000
o 76360 45.500000
o 76359 45.510000
o 76358 45.520000
o 76357 45.520000
o 76356 45.530000
o 76355 45.530000
o 76354 45.550000
o 76353 45.560000
o 76352 45.560000
o 76351 45.570000
o 76350 45.580000
o 76349 45.580000
o 76348 45.590000
o 76347 45.590000
o 76346 45.610000
o 76345 45.620000
o 76344 45.640000
o 76343 45.650000
o 76342 45.660000
o 76341 45.660000
o 76340 45.730000
o 76339 45.740000
o 76338 45.750000
o 76337 45.780000
o 76336 45.800000
o 76335 45.810000
o 76334 45.820000
o 76333 45.850000
o 76332 45.860000
o 76331 45.870000
o 76330 45.890000
o 76329 45.900000
o 76328 45.900000
o 76327 45.950000
o 76326 45.950000
o 76325 45.960000
o 76324 45.970000
o 76323 45.980000
o 76322 46.040000
o 76321 46.050000
o 76320 46.100000
o 76319 46.100000
o 76318 46.150000
o 76317 46.270000
o 76316 46.270000
o 76315 46.280000
o 76314 46.370000
o 76313 46.380000
o 76312 46.700000
o 76311 46.700000
o 76310 46.790000
o 76309 46.800000
o 76308 46.840000
o 76307 46.880000
o 76306 46.930000
o 76305 47.160000
o 76304 48.070000
o 76303 48.080000
o 76302 48.090000
o 76301 48.210000
o 76300 48.220000
o 76299 48.220000
o 76298 48.590000
o 76297 48.710000
o 76296 48.720000
o 76295 48.730000
o 76294 48.810000
o 76293 48.820000
o 76292 50.070000
o 76291 50.100000
o 76290 50.130000
o 76289 50.330000
o 76288 53.290000
o 76287 53.410000
o 76286 53.620000
o 76285 53.650000
o 76284 53.690000
o 76283 53.790000
o 76282 53.800000
o 76281 53.990000
o 76280 54.000000
o 76279 54.040000
o 76278 54.080000
o 76277 54.080000
o 76276 54.180000
o 76275 54.200000
o 76274 54.210000
76274	54.210000
abstraction-refinement-downcast-antlr
o 78747 50.840000
o 76394 55.150000
o 76393 55.390000
o 76392 55.410000
o 76391 55.420000
o 76390 55.430000
o 76389 55.460000
o 76388 55.470000
o 76387 55.480000
o 76386 55.490000
o 76385 55.500000
o 76384 55.510000
o 76383 55.540000
o 76382 55.550000
o 76381 55.560000
o 76380 55.570000
o 76379 55.580000
o 76378 55.590000
o 76377 55.600000
o 76376 55.610000
o 76375 55.630000
o 76374 55.650000
o 76373 55.660000
o 76372 55.680000
o 76371 55.690000
o 76370 55.730000
o 76369 55.740000
o 76368 55.750000
o 76367 55.760000
o 76366 55.770000
o 76365 55.780000
o 76364 55.790000
o 76363 55.810000
o 76362 55.870000
o 76361 55.900000
o 76360 55.950000
o 76359 56.040000
o 76358 56.060000
o 76357 56.070000
o 76356 56.090000
o 76355 56.090000
o 76354 56.100000
o 76353 56.110000
o 76352 56.110000
o 76351 56.130000
o 76350 56.140000
o 76349 56.140000
o 76348 56.150000
o 76347 56.160000
o 76346 56.180000
o 76345 56.190000
o 76344 56.200000
o 76343 56.210000
o 76342 56.250000
o 76341 56.260000
o 76340 56.270000
o 76339 56.280000
o 76338 56.300000
o 76337 56.300000
o 76336 56.310000
o 76335 56.400000
o 76334 56.420000
o 76333 56.430000
o 76332 56.460000
o 76331 56.500000
o 76330 56.520000
o 76329 56.530000
o 76328 56.550000
o 76327 56.580000
o 76326 56.610000
o 76325 56.620000
o 76324 56.740000
o 76323 56.750000
o 76322 56.820000
o 76321 56.830000
o 76320 56.880000
o 76319 56.890000
o 76318 56.910000
o 76317 57.000000
o 76316 57.170000
o 76315 57.180000
o 76314 57.190000
o 76313 57.200000
o 76312 57.450000
o 76311 57.480000
o 76310 57.490000
o 76309 57.500000
o 76308 57.520000
o 76307 57.600000
o 76306 57.600000
o 76305 57.730000
o 76304 57.740000
o 76303 57.780000
o 76302 57.790000
o 76301 57.930000
o 76300 57.940000
o 76299 57.950000
o 76298 57.970000
o 76297 57.980000
o 76296 58.040000
o 76295 58.050000
o 76294 58.180000
o 76293 58.200000
o 76292 58.290000
o 76291 61.940000
o 76290 62.120000
o 76289 62.190000
o 76288 62.200000
o 76287 70.420000
o 76286 70.430000
o 76285 70.470000
o 76284 70.480000
o 76283 70.940000
o 76282 184.100000
o 76281 184.160000
o 76280 184.210000
o 76279 184.430000
o 76278 184.490000
o 76277 184.650000
o 76276 184.660000
o 76275 185.830000
76275	185.830000
abstraction-refinement-downcast-antlr
o 88284 51.110000
o 76430 54.640000
o 76429 54.680000
o 76428 54.680000
o 76427 54.690000
o 76426 54.700000
o 76425 54.710000
o 76424 54.710000
o 76423 54.740000
o 76422 54.750000
o 76421 54.760000
o 76420 54.770000
o 76419 54.770000
o 76418 54.780000
o 76417 54.790000
o 76416 54.800000
o 76415 54.800000
o 76414 54.810000
o 76413 54.820000
o 76412 54.830000
o 76411 54.830000
o 76410 54.840000
o 76409 54.850000
o 76408 54.860000
o 76407 54.870000
o 76406 54.880000
o 76405 54.890000
o 76404 54.900000
o 76403 54.910000
o 76402 54.910000
o 76401 54.920000
o 76400 54.930000
o 76399 54.950000
o 76398 54.950000
o 76397 54.960000
o 76396 55.550000
o 76395 55.550000
o 76394 55.560000
o 76393 55.570000
o 76392 55.580000
o 76391 55.590000
o 76390 55.610000
o 76389 55.630000
o 76388 55.650000
o 76387 55.660000
o 76386 55.700000
o 76385 55.730000
o 76384 55.730000
o 76383 55.750000
o 76382 55.760000
o 76381 55.770000
o 76380 55.780000
o 76379 55.850000
o 76378 55.860000
o 76377 55.870000
o 76376 55.880000
o 76375 55.890000
o 76374 56.000000
o 76373 56.010000
o 76372 56.020000
o 76371 56.030000
o 76370 56.040000
o 76369 56.050000
o 76368 56.260000
o 76367 56.370000
o 76366 56.390000
o 76365 56.390000
o 76364 56.410000
o 76363 56.420000
o 76362 56.430000
o 76361 56.440000
o 76360 56.450000
o 76359 56.510000
o 76358 56.510000
o 76357 56.520000
o 76356 56.530000
o 76355 56.540000
o 76354 56.560000
o 76353 56.570000
o 76352 57.050000
o 76351 57.060000
o 76350 57.070000
o 76349 57.080000
o 76348 57.100000
o 76347 57.110000
o 76346 57.110000
o 76345 57.120000
o 76344 57.130000
o 76343 57.140000
o 76342 57.160000
o 76341 57.170000
o 76340 57.180000
o 76339 57.210000
o 76338 57.220000
o 76337 57.270000
o 76336 57.280000
o 76335 57.280000
o 76334 57.300000
o 76333 57.310000
o 76332 57.320000
o 76331 57.360000
o 76330 57.370000
o 76329 57.390000
o 76328 57.480000
o 76327 57.490000
o 76326 57.500000
o 76325 57.510000
o 76324 57.630000
o 76323 57.700000
o 76322 57.710000
o 76321 57.740000
o 76320 57.750000
o 76319 57.810000
o 76318 57.840000
o 76317 57.850000
o 76316 57.860000
o 76315 57.900000
o 76314 57.910000
o 76313 57.940000
o 76312 58.240000
o 76311 58.250000
o 76310 58.260000
o 76309 58.380000
o 76308 58.550000
o 76307 58.560000
o 76306 58.580000
o 76305 58.600000
o 76304 58.600000
o 76303 58.610000
o 76302 58.650000
o 76301 58.650000
o 76300 58.660000
o 76299 58.770000
o 76298 58.790000
o 76297 58.800000
o 76296 59.030000
o 76295 59.040000
o 76294 59.190000
o 76293 59.270000
o 76292 59.300000
o 76291 59.390000
o 76290 59.910000
o 76289 59.960000
o 76288 59.980000
o 76287 60.000000
o 76286 60.010000
o 76285 60.100000
o 76284 60.130000
o 76283 60.300000
o 76282 60.390000
o 76281 60.540000
o 76280 60.590000
o 76279 60.610000
o 76278 60.760000
76278	60.760000
abstraction-refinement-downcast-antlr
o 76363 60.270000
o 76362 65.080000
o 76361 65.110000
o 76360 65.870000
o 76359 65.880000
o 76358 65.890000
o 76357 65.900000
o 76356 65.940000
o 76355 65.950000
o 76354 65.980000
o 76353 65.990000
o 76352 66.020000
o 76351 66.040000
o 76350 66.100000
o 76349 66.110000
o 76348 66.120000
o 76347 66.200000
o 76346 66.210000
o 76345 66.220000
o 76344 66.230000
o 76343 66.250000
o 76342 66.250000
o 76341 66.270000
o 76340 66.350000
o 76339 66.380000
o 76338 66.400000
o 76337 66.410000
o 76336 66.430000
o 76335 66.440000
o 76334 66.450000
o 76333 66.460000
o 76332 66.480000
o 76331 66.490000
o 76330 66.570000
o 76329 66.590000
o 76328 66.610000
o 76327 66.620000
o 76326 66.650000
o 76325 66.670000
o 76324 66.680000
o 76323 66.750000
o 76322 66.850000
o 76321 66.860000
o 76320 66.880000
o 76319 66.910000
o 76318 66.920000
o 76317 66.960000
o 76316 66.980000
o 76315 67.000000
o 76314 67.040000
o 76313 67.050000
o 76312 67.190000
o 76311 67.200000
o 76310 67.210000
o 76309 67.230000
o 76308 67.380000
o 76307 67.390000
o 76306 68.280000
o 76305 68.900000
o 76304 68.920000
o 76303 68.920000
o 76302 68.940000
o 76301 68.950000
o 76300 69.130000
o 76299 69.150000
o 76298 69.160000
o 76297 69.310000
o 76296 69.320000
o 76295 69.350000
o 76294 69.370000
o 76293 69.490000
o 76292 69.500000
o 76291 69.500000
o 76290 69.520000
o 76289 69.590000
o 76288 70.770000
o 76287 72.790000
o 76286 72.970000
o 76285 73.010000
o 76284 73.160000
o 76283 73.180000
o 76282 73.190000
76282	73.190000
abstraction-refinement-downcast-antlr
o 76310 49.580000
o 76309 54.420000
o 76308 54.430000
o 76307 56.550000
o 76306 56.570000
o 76305 56.650000
o 76304 56.680000
o 76303 56.690000
o 76302 56.730000
o 76301 56.770000
o 76300 56.870000
o 76299 57.510000
o 76298 57.530000
o 76297 57.550000
o 76296 57.570000
o 76295 57.590000
o 76294 57.670000
o 76293 57.690000
o 76292 58.050000
o 76291 62.150000
o 76290 62.170000
o 76289 65.090000
o 76288 65.160000
o 76287 65.190000
o 76286 65.300000
o 76285 65.310000
o 76284 65.320000
o 76283 138.490000
o 76282 138.980000
o 76281 139.050000
o 76279 139.310000
o 76278 140.280000
o 76277 140.580000
o 76276 140.610000
76276	140.610000
