decision-tree-heart-cleveland-un-formula_0.8_2021_atleast_31_max-4_reduced_incomplete_adaboost_4
o 279 0.520000
o 146 0.690000
o 143 7.060000
o 138 7.600000
o 137 25.940000
o 136 59.130000
o 132 77.650000
o 130 117.720000
o 129 137.170000
129	137.170000
decision-tree-heart-cleveland-un-formula_0.8_2021_atleast_31_max-4_reduced_incomplete_adaboost_4
o 258 0.560000
o 251 0.580000
o 149 0.780000
o 146 1.560000
o 141 5.950000
o 136 7.190000
o 135 69.980000
o 130 70.090000
o 126 236.230000
126	236.230000
decision-tree-heart-cleveland-un-formula_0.8_2021_atleast_31_max-4_reduced_incomplete_adaboost_4
o 244 0.570000
o 239 0.590000
o 234 0.590000
o 146 0.770000
o 137 6.600000
o 136 7.030000
o 130 46.250000
130	46.250000
decision-tree-heart-cleveland-un-formula_0.8_2021_atleast_31_max-4_reduced_incomplete_adaboost_4
o 192 0.470000
o 152 0.690000
o 146 1.580000
o 144 5.290000
o 135 5.480000
o 131 5.500000
o 130 74.510000
o 126 215.770000
126	215.770000
decision-tree-heart-cleveland-un-formula_0.8_2021_atleast_31_max-4_reduced_incomplete_adaboost_4
o 196 0.590000
o 146 0.790000
o 136 9.080000
o 134 22.970000
o 130 250.480000
130	250.480000
decision-tree-heart-cleveland-un-formula_0.8_2021_atleast_31_max-4_reduced_incomplete_adaboost_4
o 180 0.480000
o 146 0.610000
o 141 2.320000
o 136 8.990000
o 135 124.670000
o 133 168.840000
o 131 253.260000
o 122 253.330000
122	253.330000
decision-tree-heart-cleveland-un-formula_0.8_2021_atleast_31_max-4_reduced_incomplete_adaboost_4
o 221 0.490000
o 166 0.670000
o 152 0.690000
o 146 0.690000
o 144 8.800000
o 141 8.910000
o 137 8.920000
o 136 17.330000
o 135 111.990000
o 130 120.470000
130	120.470000
decision-tree-heart-cleveland-un-formula_0.8_2021_atleast_31_max-4_reduced_incomplete_adaboost_4
o 174 0.420000
o 152 0.680000
o 146 0.940000
o 136 4.350000
o 130 32.810000
130	32.810000
decision-tree-heart-cleveland-un-formula_0.8_2021_atleast_31_max-4_reduced_incomplete_adaboost_4
o 259 0.490000
o 146 0.670000
o 137 7.980000
o 136 13.110000
o 132 134.570000
o 127 139.830000
127	139.830000
decision-tree-heart-cleveland-un-formula_0.8_2021_atleast_31_max-4_reduced_incomplete_adaboost_4
o 176 0.460000
o 152 0.570000
o 146 0.670000
o 138 6.650000
o 137 12.450000
o 136 42.650000
o 135 42.740000
o 130 66.990000
o 129 257.410000
129	257.410000
