judgment-aggregation-ja-kemeny-preflib-00049-00000334
o 871 0.080000
o 867 0.080000
o 864 0.080000
o 863 0.080000
o 862 0.080000
o 861 0.080000
o 859 0.080000
o 856 0.080000
o 855 0.080000
o 854 0.080000
o 849 0.080000
o 848 0.080000
o 845 0.080000
o 844 0.080000
o 843 0.080000
o 841 0.080000
o 840 0.080000
o 839 0.080000
o 838 0.080000
o 837 0.080000
o 835 0.080000
o 834 0.080000
o 833 0.080000
o 830 0.080000
o 827 0.080000
o 826 0.080000
o 825 0.080000
o 824 0.080000
o 820 0.080000
o 817 0.080000
o 811 0.080000
o 808 0.080000
o 804 0.080000
o 801 0.080000
o 800 0.080000
o 798 0.080000
o 795 0.080000
o 790 0.080000
o 787 0.080000
o 784 0.080000
o 783 0.080000
o 782 0.080000
o 780 0.080000
o 777 0.080000
o 776 0.080000
o 775 0.080000
o 772 0.080000
o 771 0.080000
o 770 0.080000
o 769 0.080000
o 768 0.080000
o 767 0.080000
o 766 0.080000
o 765 0.080000
o 763 0.080000
o 760 0.080000
o 758 0.080000
o 755 0.080000
o 754 0.080000
o 753 0.080000
o 752 0.080000
o 751 0.080000
o 750 0.080000
o 748 0.080000
o 747 0.080000
o 746 0.080000
o 745 0.080000
o 743 0.080000
o 742 0.080000
o 741 0.080000
o 740 0.080000
o 739 0.080000
o 734 0.090000
o 733 0.090000
o 730 0.090000
o 727 0.090000
o 726 0.090000
o 724 0.090000
o 723 0.090000
o 722 0.090000
o 719 0.090000
o 716 0.090000
o 714 0.090000
o 712 0.090000
o 711 0.090000
o 708 0.090000
o 707 0.090000
o 705 0.090000
o 704 0.090000
o 703 0.090000
o 701 0.090000
o 699 0.090000
o 696 0.090000
o 693 0.090000
o 688 0.090000
o 685 0.090000
o 684 0.090000
o 682 0.090000
o 680 0.090000
o 678 0.090000
o 675 0.090000
o 674 0.090000
o 672 0.090000
o 669 0.090000
o 666 0.090000
o 665 0.090000
o 664 0.090000
o 662 0.090000
o 660 0.090000
o 657 0.090000
o 656 0.090000
o 653 0.090000
o 651 0.100000
o 649 0.100000
o 647 0.100000
o 646 0.100000
o 645 0.100000
o 644 0.100000
o 643 0.100000
o 642 0.100000
o 639 0.100000
o 638 0.100000
o 637 0.100000
o 634 0.100000
o 631 0.100000
o 629 0.100000
o 628 0.100000
o 626 0.100000
o 624 0.100000
o 623 0.100000
o 621 0.100000
o 617 0.110000
o 616 0.130000
o 615 0.130000
o 614 0.170000
o 613 0.170000
o 612 0.170000
o 611 0.170000
o 610 0.170000
o 609 0.180000
o 608 0.180000
o 607 0.180000
o 606 0.180000
o 605 0.180000
o 604 0.180000
o 601 0.180000
o 600 0.190000
o 599 0.220000
o 597 0.220000
o 596 0.220000
o 595 0.220000
o 594 0.220000
o 592 0.220000
o 591 0.220000
o 588 0.220000
o 586 0.220000
o 585 0.220000
o 584 0.230000
o 583 0.240000
o 581 0.240000
o 580 0.240000
o 579 0.250000
o 577 0.250000
o 576 0.250000
o 575 0.250000
o 574 0.250000
o 572 0.260000
o 571 0.500000
o 568 0.500000
o 567 0.500000
o 566 0.520000
o 564 0.530000
o 563 0.530000
o 561 0.530000
o 560 0.530000
o 559 0.530000
o 558 0.530000
o 556 0.570000
o 554 0.570000
o 553 0.730000
o 552 1.410000
o 551 1.450000
o 550 1.450000
o 549 1.460000
549	1.460000
judgment-aggregation-ja-kemeny-preflib-00049-00000334
o 768 0.070000
o 745 0.080000
o 744 0.080000
o 743 0.080000
o 742 0.080000
o 741 0.080000
o 740 0.080000
o 739 0.080000
o 738 0.080000
o 737 0.080000
o 734 0.080000
o 733 0.080000
o 732 0.080000
o 731 0.080000
o 729 0.080000
o 728 0.080000
o 726 0.080000
o 725 0.080000
o 723 0.080000
o 717 0.080000
o 716 0.080000
o 715 0.080000
o 714 0.080000
o 708 0.080000
o 707 0.080000
o 704 0.080000
o 703 0.080000
o 698 0.080000
o 697 0.080000
o 696 0.080000
o 694 0.080000
o 693 0.080000
o 690 0.080000
o 688 0.080000
o 686 0.080000
o 683 0.080000
o 681 0.080000
o 680 0.080000
o 679 0.080000
o 676 0.080000
o 675 0.080000
o 674 0.080000
o 672 0.080000
o 669 0.080000
o 667 0.080000
o 664 0.080000
o 661 0.080000
o 660 0.080000
o 659 0.080000
o 656 0.080000
o 654 0.080000
o 651 0.080000
o 649 0.080000
o 648 0.080000
o 647 0.080000
o 646 0.080000
o 643 0.080000
o 642 0.080000
o 641 0.080000
o 639 0.080000
o 638 0.090000
o 637 0.090000
o 636 0.090000
o 635 0.090000
o 634 0.090000
o 633 0.090000
o 632 0.090000
o 631 0.090000
o 630 0.090000
o 627 0.090000
o 625 0.090000
o 624 0.090000
o 621 0.090000
o 620 0.090000
o 619 0.090000
o 618 0.100000
o 615 0.100000
o 614 0.100000
o 611 0.100000
o 609 0.100000
o 608 0.100000
o 605 0.100000
o 604 0.100000
o 603 0.100000
o 602 0.100000
o 601 0.110000
o 599 0.110000
o 598 0.110000
o 595 0.110000
o 592 0.110000
o 590 0.120000
o 589 0.130000
o 586 0.130000
o 585 0.140000
o 582 0.140000
o 580 0.140000
o 579 0.180000
o 578 0.190000
o 576 0.190000
o 575 0.200000
o 574 0.200000
o 573 0.200000
o 572 0.230000
o 570 0.240000
o 569 0.250000
o 568 0.260000
o 567 0.320000
o 566 3.600000
o 565 71.680000
o 564 71.720000
o 562 71.720000
o 561 209.170000
o 560 209.350000
o 558 212.230000
o 557 212.230000
o 556 229.960000
o 555 230.050000
o 554 230.220000
o 552 245.290000
552	245.290000
judgment-aggregation-ja-kemeny-preflib-00049-00000334
o 929 0.070000
o 925 0.070000
o 924 0.070000
o 921 0.070000
o 920 0.070000
o 919 0.070000
o 914 0.070000
o 913 0.070000
o 906 0.070000
o 902 0.070000
o 901 0.070000
o 900 0.070000
o 897 0.070000
o 896 0.070000
o 895 0.070000
o 894 0.070000
o 893 0.070000
o 892 0.070000
o 891 0.070000
o 890 0.070000
o 888 0.070000
o 885 0.070000
o 882 0.070000
o 881 0.070000
o 880 0.070000
o 879 0.070000
o 877 0.070000
o 876 0.070000
o 875 0.070000
o 874 0.070000
o 873 0.070000
o 872 0.070000
o 869 0.070000
o 866 0.070000
o 865 0.070000
o 864 0.070000
o 863 0.070000
o 860 0.070000
o 857 0.070000
o 856 0.070000
o 855 0.070000
o 854 0.070000
o 853 0.070000
o 852 0.070000
o 851 0.070000
o 850 0.070000
o 849 0.070000
o 847 0.070000
o 846 0.070000
o 845 0.070000
o 842 0.080000
o 840 0.080000
o 837 0.080000
o 834 0.080000
o 833 0.080000
o 832 0.080000
o 831 0.080000
o 830 0.080000
o 829 0.080000
o 827 0.080000
o 824 0.080000
o 823 0.080000
o 822 0.080000
o 821 0.080000
o 820 0.080000
o 817 0.080000
o 816 0.080000
o 813 0.080000
o 812 0.080000
o 811 0.080000
o 810 0.080000
o 808 0.080000
o 807 0.080000
o 804 0.080000
o 803 0.080000
o 798 0.080000
o 796 0.080000
o 795 0.080000
o 794 0.080000
o 793 0.080000
o 792 0.080000
o 789 0.080000
o 788 0.080000
o 787 0.080000
o 785 0.080000
o 781 0.080000
o 778 0.080000
o 777 0.080000
o 776 0.080000
o 773 0.080000
o 772 0.080000
o 771 0.080000
o 770 0.080000
o 769 0.080000
o 768 0.080000
o 767 0.090000
o 766 0.090000
o 765 0.090000
o 763 0.090000
o 761 0.090000
o 760 0.090000
o 757 0.090000
o 752 0.090000
o 749 0.090000
o 746 0.090000
o 745 0.090000
o 742 0.090000
o 741 0.090000
o 740 0.090000
o 739 0.090000
o 738 0.090000
o 735 0.090000
o 731 0.090000
o 730 0.090000
o 728 0.090000
o 725 0.090000
o 723 0.090000
o 720 0.090000
o 719 0.090000
o 718 0.090000
o 717 0.090000
o 714 0.090000
o 713 0.090000
o 709 0.090000
o 708 0.090000
o 706 0.090000
o 705 0.090000
o 704 0.090000
o 703 0.090000
o 701 0.090000
o 700 0.090000
o 699 0.100000
o 698 0.100000
o 697 0.100000
o 694 0.100000
o 693 0.100000
o 692 0.100000
o 691 0.100000
o 688 0.100000
o 683 0.100000
o 681 0.100000
o 680 0.100000
o 677 0.100000
o 676 0.100000
o 675 0.100000
o 672 0.110000
o 671 0.110000
o 669 0.110000
o 668 0.120000
o 667 0.120000
o 666 0.130000
o 665 0.130000
o 664 0.130000
o 663 0.130000
o 662 0.130000
o 661 0.130000
o 660 0.130000
o 659 0.140000
o 658 0.140000
o 657 0.140000
o 655 0.140000
o 654 0.140000
o 651 0.140000
o 650 0.140000
o 649 0.150000
o 648 0.150000
o 646 0.150000
o 641 0.150000
o 640 0.150000
o 639 0.150000
o 638 0.150000
o 637 0.150000
o 635 0.150000
o 634 0.150000
o 633 0.150000
o 632 0.150000
o 629 0.150000
o 627 0.150000
o 626 0.150000
o 625 0.150000
o 624 0.150000
o 621 0.150000
o 620 0.150000
o 619 0.150000
o 617 0.150000
o 615 0.150000
o 614 0.150000
o 611 0.160000
o 610 0.160000
o 608 0.160000
o 607 0.160000
o 605 0.160000
o 604 0.160000
o 603 0.160000
o 602 0.160000
o 601 0.180000
o 600 0.190000
o 599 0.200000
o 596 0.200000
o 594 0.200000
o 593 0.200000
o 592 0.200000
o 591 0.200000
o 589 0.200000
o 587 0.200000
o 586 0.200000
o 584 0.200000
o 583 0.210000
o 582 0.210000
o 581 0.210000
o 580 0.210000
o 579 0.220000
o 578 0.220000
o 577 0.230000
o 576 0.230000
o 575 1.190000
o 572 1.190000
o 571 1.200000
o 569 1.200000
o 568 1.940000
o 567 2.060000
o 566 2.070000
o 565 2.360000
o 564 2.360000
o 563 2.950000
o 561 2.950000
o 560 2.950000
o 559 12.840000
o 556 127.750000
o 554 127.760000
o 553 127.760000
o 552 127.760000
o 551 127.770000
o 550 131.140000
550	131.140000
judgment-aggregation-ja-kemeny-preflib-00049-00000334
o 795 0.080000
o 785 0.080000
o 784 0.080000
o 783 0.080000
o 780 0.080000
o 777 0.080000
o 773 0.080000
o 770 0.080000
o 767 0.080000
o 762 0.080000
o 757 0.080000
o 756 0.080000
o 753 0.080000
o 752 0.080000
o 749 0.080000
o 748 0.080000
o 746 0.080000
o 738 0.080000
o 737 0.090000
o 736 0.090000
o 733 0.090000
o 732 0.090000
o 729 0.090000
o 727 0.090000
o 725 0.090000
o 722 0.090000
o 720 0.090000
o 719 0.090000
o 713 0.090000
o 711 0.090000
o 707 0.090000
o 706 0.090000
o 704 0.090000
o 703 0.090000
o 700 0.090000
o 699 0.090000
o 698 0.090000
o 696 0.090000
o 695 0.090000
o 694 0.090000
o 692 0.090000
o 689 0.090000
o 686 0.090000
o 685 0.090000
o 684 0.090000
o 683 0.090000
o 682 0.090000
o 680 0.090000
o 678 0.090000
o 675 0.090000
o 672 0.090000
o 671 0.090000
o 670 0.100000
o 669 0.100000
o 668 0.100000
o 665 0.100000
o 664 0.100000
o 663 0.100000
o 662 0.100000
o 660 0.100000
o 659 0.100000
o 655 0.100000
o 654 0.100000
o 653 0.100000
o 652 0.100000
o 651 0.100000
o 650 0.100000
o 648 0.100000
o 647 0.100000
o 645 0.100000
o 644 0.100000
o 643 0.100000
o 640 0.100000
o 639 0.100000
o 635 0.110000
o 634 0.110000
o 633 0.110000
o 632 0.120000
o 631 0.120000
o 630 0.120000
o 629 0.120000
o 628 0.120000
o 627 0.120000
o 626 0.120000
o 625 0.130000
o 624 0.130000
o 623 0.130000
o 621 0.130000
o 620 0.130000
o 618 0.130000
o 616 0.190000
o 615 0.190000
o 614 0.200000
o 613 0.200000
o 612 0.200000
o 610 0.210000
o 609 0.210000
o 608 0.210000
o 606 0.210000
o 605 0.210000
o 604 0.210000
o 603 0.230000
o 602 0.230000
o 601 0.400000
o 599 0.400000
o 596 0.400000
o 594 0.430000
o 593 0.430000
o 590 0.430000
o 589 0.440000
o 588 0.450000
o 587 0.450000
o 586 0.450000
o 585 0.460000
o 584 0.460000
o 583 0.460000
o 582 0.470000
o 581 0.470000
o 580 0.480000
o 579 0.480000
o 578 0.500000
o 576 0.530000
o 575 0.570000
o 574 0.570000
o 573 0.590000
o 572 0.660000
o 571 0.660000
o 570 0.710000
o 569 0.710000
o 568 0.730000
o 567 0.830000
o 566 0.880000
o 565 1.050000
o 564 1.690000
o 563 3.840000
o 561 5.210000
o 559 12.910000
o 558 139.430000
o 556 143.880000
o 555 231.490000
o 554 232.480000
o 553 257.820000
553	257.820000
judgment-aggregation-ja-kemeny-preflib-00049-00000334
o 712 0.070000
o 711 0.080000
o 710 0.080000
o 709 0.080000
o 708 0.080000
o 707 0.080000
o 705 0.080000
o 704 0.080000
o 701 0.080000
o 700 0.080000
o 699 0.080000
o 698 0.080000
o 695 0.080000
o 694 0.080000
o 693 0.080000
o 691 0.080000
o 690 0.080000
o 688 0.080000
o 687 0.080000
o 686 0.080000
o 685 0.080000
o 684 0.080000
o 681 0.080000
o 680 0.080000
o 679 0.080000
o 677 0.080000
o 676 0.080000
o 675 0.080000
o 674 0.080000
o 673 0.080000
o 671 0.080000
o 668 0.080000
o 667 0.080000
o 666 0.080000
o 664 0.080000
o 663 0.080000
o 662 0.080000
o 660 0.080000
o 659 0.080000
o 658 0.080000
o 657 0.080000
o 651 0.080000
o 650 0.080000
o 647 0.080000
o 644 0.080000
o 641 0.080000
o 640 0.080000
o 639 0.080000
o 636 0.080000
o 634 0.080000
o 633 0.090000
o 632 0.090000
o 631 0.090000
o 628 0.090000
o 627 0.090000
o 626 0.090000
o 625 0.110000
o 624 0.110000
o 622 0.110000
o 620 0.110000
o 619 0.110000
o 618 0.110000
o 616 0.110000
o 615 0.110000
o 612 0.110000
o 610 0.110000
o 609 0.110000
o 608 0.110000
o 607 0.110000
o 606 0.110000
o 605 0.210000
o 604 0.220000
o 603 0.220000
o 601 0.220000
o 600 0.220000
o 599 0.220000
o 598 0.220000
o 597 0.250000
o 595 3.980000
o 593 44.760000
o 591 44.760000
o 588 44.760000
o 587 44.760000
o 586 44.760000
o 584 44.760000
o 582 44.760000
o 581 44.760000
o 580 45.070000
o 579 45.150000
o 578 48.170000
o 577 50.860000
o 576 50.860000
o 575 50.870000
o 574 51.400000
o 573 54.030000
o 572 144.300000
o 571 144.310000
o 570 144.320000
o 569 144.330000
o 568 144.580000
o 567 144.890000
o 566 145.110000
o 564 145.120000
o 563 147.940000
o 562 147.940000
o 561 149.300000
o 560 187.660000
o 559 225.580000
o 557 225.580000
o 554 228.440000
554	228.440000
judgment-aggregation-ja-kemeny-preflib-00049-00000334
o 776 0.070000
o 769 0.070000
o 766 0.070000
o 763 0.070000
o 762 0.070000
o 760 0.070000
o 759 0.070000
o 758 0.070000
o 757 0.070000
o 754 0.070000
o 753 0.070000
o 750 0.070000
o 749 0.070000
o 743 0.070000
o 740 0.070000
o 738 0.070000
o 734 0.070000
o 733 0.070000
o 732 0.070000
o 731 0.070000
o 730 0.070000
o 727 0.070000
o 726 0.070000
o 725 0.070000
o 724 0.070000
o 723 0.070000
o 722 0.070000
o 720 0.070000
o 717 0.070000
o 716 0.070000
o 715 0.070000
o 713 0.070000
o 712 0.070000
o 711 0.070000
o 706 0.070000
o 705 0.070000
o 702 0.070000
o 701 0.070000
o 700 0.070000
o 699 0.070000
o 698 0.070000
o 696 0.070000
o 695 0.070000
o 694 0.070000
o 692 0.070000
o 690 0.070000
o 689 0.070000
o 688 0.070000
o 687 0.070000
o 685 0.080000
o 680 0.080000
o 679 0.080000
o 676 0.080000
o 675 0.080000
o 674 0.080000
o 672 0.080000
o 667 0.080000
o 665 0.080000
o 664 0.080000
o 663 0.080000
o 662 0.080000
o 661 0.080000
o 659 0.080000
o 657 0.080000
o 655 0.080000
o 654 0.080000
o 653 0.080000
o 649 0.080000
o 648 0.080000
o 647 0.080000
o 646 0.080000
o 645 0.080000
o 642 0.080000
o 641 0.080000
o 638 0.080000
o 635 0.080000
o 634 0.080000
o 633 0.080000
o 628 0.080000
o 626 0.080000
o 624 0.090000
o 622 0.090000
o 621 0.090000
o 620 0.090000
o 619 0.090000
o 618 0.090000
o 617 0.090000
o 615 0.090000
o 614 0.100000
o 613 0.130000
o 612 0.130000
o 610 0.130000
o 608 0.130000
o 606 0.130000
o 603 0.140000
o 602 0.140000
o 599 0.140000
o 598 0.140000
o 597 0.140000
o 596 0.140000
o 595 0.140000
o 594 0.270000
o 593 0.270000
o 592 0.270000
o 591 0.290000
o 589 0.570000
o 588 0.580000
o 587 0.580000
o 586 0.590000
o 584 0.590000
o 583 0.590000
o 582 0.600000
o 581 0.640000
o 580 0.710000
o 579 0.710000
o 578 0.810000
o 577 0.810000
o 576 0.810000
o 575 0.810000
o 574 0.980000
o 573 1.010000
o 572 1.650000
o 570 1.730000
o 568 1.740000
o 565 1.740000
o 564 8.210000
o 563 8.230000
o 562 8.340000
o 561 8.340000
o 560 9.490000
o 558 10.790000
o 557 10.790000
o 556 33.920000
556	33.920000
judgment-aggregation-ja-kemeny-preflib-00049-00000334
o 896 0.080000
o 892 0.080000
o 889 0.080000
o 888 0.080000
o 884 0.080000
o 883 0.080000
o 882 0.080000
o 881 0.080000
o 880 0.080000
o 877 0.080000
o 876 0.080000
o 868 0.080000
o 865 0.080000
o 860 0.080000
o 859 0.080000
o 858 0.080000
o 855 0.080000
o 854 0.080000
o 851 0.080000
o 846 0.080000
o 843 0.080000
o 842 0.080000
o 837 0.080000
o 832 0.080000
o 829 0.080000
o 826 0.080000
o 825 0.080000
o 824 0.080000
o 819 0.080000
o 818 0.080000
o 817 0.080000
o 814 0.080000
o 813 0.080000
o 811 0.080000
o 809 0.080000
o 808 0.080000
o 807 0.080000
o 805 0.080000
o 802 0.080000
o 798 0.080000
o 796 0.080000
o 795 0.080000
o 792 0.080000
o 787 0.080000
o 782 0.080000
o 780 0.080000
o 777 0.080000
o 776 0.080000
o 774 0.080000
o 771 0.080000
o 770 0.080000
o 769 0.080000
o 767 0.080000
o 766 0.080000
o 765 0.080000
o 764 0.080000
o 763 0.080000
o 762 0.090000
o 761 0.090000
o 760 0.090000
o 757 0.090000
o 755 0.090000
o 753 0.090000
o 752 0.090000
o 749 0.090000
o 748 0.090000
o 746 0.090000
o 743 0.090000
o 741 0.090000
o 740 0.090000
o 739 0.090000
o 738 0.090000
o 737 0.090000
o 736 0.090000
o 733 0.090000
o 732 0.090000
o 730 0.090000
o 729 0.090000
o 728 0.090000
o 725 0.090000
o 724 0.090000
o 719 0.090000
o 718 0.090000
o 717 0.090000
o 716 0.090000
o 714 0.090000
o 710 0.090000
o 707 0.090000
o 704 0.090000
o 701 0.090000
o 698 0.090000
o 695 0.090000
o 694 0.090000
o 693 0.090000
o 692 0.090000
o 689 0.090000
o 688 0.090000
o 687 0.090000
o 684 0.090000
o 683 0.090000
o 680 0.090000
o 679 0.090000
o 678 0.090000
o 677 0.090000
o 676 0.090000
o 674 0.090000
o 670 0.090000
o 669 0.090000
o 668 0.090000
o 667 0.090000
o 666 0.090000
o 665 0.090000
o 663 0.090000
o 661 0.090000
o 660 0.090000
o 657 0.090000
o 654 0.090000
o 653 0.090000
o 652 0.090000
o 651 0.090000
o 648 0.090000
o 646 0.090000
o 644 0.090000
o 643 0.090000
o 642 0.090000
o 639 0.090000
o 638 0.090000
o 637 0.090000
o 636 0.090000
o 633 0.090000
o 631 0.100000
o 629 0.100000
o 628 0.100000
o 626 0.100000
o 625 0.100000
o 624 0.100000
o 623 0.100000
o 621 0.100000
o 620 0.100000
o 619 0.100000
o 618 0.100000
o 617 0.100000
o 616 0.100000
o 615 0.100000
o 614 0.110000
o 613 0.110000
o 611 0.110000
o 609 0.120000
o 605 0.130000
o 604 0.130000
o 603 0.150000
o 601 0.150000
o 596 0.190000
o 595 0.190000
o 594 0.190000
o 592 0.190000
o 591 0.190000
o 590 0.200000
o 589 0.200000
o 588 0.220000
o 587 0.230000
o 585 0.240000
o 582 0.240000
o 581 0.390000
o 580 0.640000
o 578 0.660000
o 577 0.710000
o 576 0.890000
o 574 0.890000
o 572 1.400000
o 571 2.260000
o 570 2.500000
o 569 2.500000
o 568 2.500000
o 566 12.650000
o 564 12.650000
o 562 13.430000
o 561 13.430000
o 560 15.010000
o 559 159.040000
o 558 159.040000
o 556 159.050000
o 555 222.020000
o 554 222.260000
o 553 222.260000
o 552 222.260000
o 551 222.260000
o 550 222.260000
o 549 226.280000
o 547 231.700000
o 546 240.840000
546	240.840000
judgment-aggregation-ja-kemeny-preflib-00049-00000334
o 808 0.070000
o 806 0.070000
o 805 0.070000
o 804 0.070000
o 802 0.070000
o 801 0.070000
o 800 0.070000
o 799 0.070000
o 798 0.070000
o 797 0.070000
o 795 0.070000
o 791 0.070000
o 790 0.070000
o 789 0.070000
o 786 0.070000
o 785 0.070000
o 784 0.070000
o 781 0.070000
o 780 0.070000
o 779 0.070000
o 778 0.070000
o 777 0.070000
o 776 0.070000
o 775 0.070000
o 772 0.070000
o 771 0.070000
o 769 0.070000
o 767 0.070000
o 766 0.070000
o 765 0.070000
o 764 0.070000
o 761 0.070000
o 760 0.070000
o 759 0.070000
o 758 0.070000
o 752 0.070000
o 745 0.070000
o 744 0.070000
o 742 0.070000
o 741 0.070000
o 740 0.070000
o 737 0.070000
o 735 0.070000
o 734 0.070000
o 733 0.070000
o 732 0.070000
o 729 0.070000
o 728 0.070000
o 726 0.070000
o 725 0.080000
o 722 0.080000
o 721 0.080000
o 718 0.080000
o 716 0.080000
o 712 0.080000
o 711 0.080000
o 709 0.080000
o 707 0.080000
o 706 0.080000
o 705 0.080000
o 702 0.080000
o 701 0.080000
o 700 0.080000
o 699 0.080000
o 698 0.080000
o 697 0.080000
o 696 0.080000
o 694 0.080000
o 693 0.080000
o 692 0.080000
o 691 0.080000
o 689 0.080000
o 687 0.080000
o 686 0.080000
o 685 0.080000
o 684 0.080000
o 683 0.080000
o 682 0.080000
o 680 0.080000
o 679 0.080000
o 674 0.080000
o 673 0.080000
o 672 0.080000
o 671 0.080000
o 670 0.080000
o 669 0.080000
o 668 0.080000
o 667 0.080000
o 666 0.080000
o 665 0.080000
o 664 0.080000
o 663 0.080000
o 660 0.080000
o 659 0.080000
o 656 0.080000
o 655 0.080000
o 654 0.080000
o 653 0.080000
o 652 0.080000
o 651 0.080000
o 649 0.080000
o 647 0.080000
o 645 0.080000
o 644 0.080000
o 642 0.080000
o 641 0.080000
o 640 0.080000
o 639 0.080000
o 638 0.090000
o 637 0.090000
o 634 0.090000
o 633 0.090000
o 630 0.090000
o 629 0.090000
o 628 0.090000
o 627 0.090000
o 626 0.090000
o 625 0.090000
o 622 0.090000
o 621 0.090000
o 618 0.090000
o 615 0.090000
o 614 0.090000
o 613 0.090000
o 611 0.090000
o 610 0.090000
o 608 0.090000
o 605 0.090000
o 603 0.090000
o 601 0.090000
o 600 0.090000
o 599 0.090000
o 597 0.090000
o 596 0.100000
o 595 0.100000
o 594 0.100000
o 592 0.100000
o 590 0.100000
o 587 0.100000
o 586 0.120000
o 585 0.240000
o 584 0.240000
o 583 0.240000
o 579 0.240000
o 578 0.240000
o 577 0.290000
o 576 0.550000
o 575 0.550000
o 574 0.550000
o 573 0.610000
o 570 6.400000
o 568 6.400000
o 566 6.410000
o 564 6.410000
o 563 6.410000
o 562 6.410000
o 561 7.650000
o 560 7.680000
o 559 7.680000
o 558 132.400000
o 557 139.960000
o 556 139.980000
o 555 191.970000
o 553 191.970000
o 552 192.360000
o 551 199.100000
551	199.100000
judgment-aggregation-ja-kemeny-preflib-00049-00000334
o 866 0.080000
o 862 0.080000
o 861 0.080000
o 860 0.080000
o 859 0.080000
o 858 0.080000
o 857 0.080000
o 854 0.080000
o 853 0.080000
o 852 0.080000
o 851 0.080000
o 849 0.080000
o 848 0.080000
o 847 0.080000
o 844 0.080000
o 838 0.080000
o 837 0.080000
o 836 0.080000
o 835 0.080000
o 834 0.080000
o 831 0.080000
o 830 0.080000
o 829 0.080000
o 826 0.080000
o 825 0.080000
o 824 0.080000
o 819 0.080000
o 818 0.080000
o 816 0.080000
o 815 0.080000
o 814 0.080000
o 813 0.080000
o 810 0.080000
o 809 0.080000
o 805 0.080000
o 804 0.080000
o 802 0.080000
o 797 0.080000
o 790 0.080000
o 785 0.080000
o 784 0.080000
o 783 0.080000
o 782 0.080000
o 778 0.080000
o 776 0.080000
o 775 0.080000
o 771 0.080000
o 770 0.080000
o 767 0.080000
o 766 0.080000
o 765 0.080000
o 762 0.080000
o 760 0.080000
o 758 0.080000
o 755 0.080000
o 754 0.080000
o 751 0.080000
o 749 0.080000
o 746 0.080000
o 743 0.080000
o 740 0.080000
o 738 0.080000
o 737 0.080000
o 736 0.080000
o 735 0.080000
o 734 0.080000
o 733 0.080000
o 731 0.080000
o 729 0.090000
o 727 0.090000
o 726 0.090000
o 724 0.090000
o 723 0.090000
o 722 0.090000
o 719 0.090000
o 718 0.090000
o 715 0.090000
o 714 0.090000
o 713 0.090000
o 712 0.090000
o 710 0.090000
o 709 0.090000
o 699 0.090000
o 698 0.090000
o 695 0.090000
o 692 0.090000
o 689 0.090000
o 688 0.090000
o 686 0.090000
o 685 0.090000
o 684 0.090000
o 683 0.090000
o 682 0.090000
o 681 0.090000
o 680 0.090000
o 679 0.090000
o 678 0.090000
o 676 0.090000
o 674 0.090000
o 672 0.090000
o 671 0.090000
o 670 0.090000
o 669 0.090000
o 668 0.090000
o 667 0.090000
o 666 0.090000
o 663 0.090000
o 661 0.100000
o 660 0.100000
o 657 0.100000
o 655 0.100000
o 654 0.100000
o 651 0.100000
o 646 0.100000
o 643 0.100000
o 642 0.100000
o 641 0.100000
o 640 0.100000
o 639 0.100000
o 638 0.100000
o 637 0.100000
o 635 0.100000
o 634 0.100000
o 633 0.100000
o 632 0.100000
o 631 0.100000
o 628 0.100000
o 625 0.100000
o 624 0.100000
o 621 0.110000
o 620 0.110000
o 618 0.110000
o 616 0.110000
o 615 0.110000
o 614 0.110000
o 612 0.110000
o 611 0.110000
o 609 0.110000
o 608 0.110000
o 607 0.110000
o 606 0.120000
o 605 0.120000
o 604 0.120000
o 601 0.120000
o 598 0.120000
o 597 0.120000
o 596 0.120000
o 595 0.120000
o 593 0.120000
o 592 0.120000
o 591 0.120000
o 589 0.130000
o 586 0.130000
o 585 0.130000
o 584 0.130000
o 582 0.130000
o 581 0.140000
o 580 0.140000
o 579 0.140000
o 578 0.140000
o 576 0.170000
o 575 0.230000
o 574 0.230000
o 573 0.240000
o 572 0.240000
o 570 0.270000
o 569 0.270000
o 566 0.330000
o 565 0.330000
o 564 0.370000
o 563 0.440000
o 561 0.480000
o 560 0.790000
o 559 0.800000
o 558 0.850000
o 556 0.860000
o 555 0.900000
o 554 0.900000
o 553 0.900000
o 552 0.900000
o 551 0.990000
o 549 1.030000
o 548 57.950000
o 547 58.000000
o 546 59.140000
546	59.140000
judgment-aggregation-ja-kemeny-preflib-00049-00000334
o 867 0.090000
o 866 0.090000
o 863 0.090000
o 862 0.090000
o 861 0.090000
o 860 0.090000
o 859 0.090000
o 857 0.090000
o 854 0.090000
o 853 0.090000
o 852 0.090000
o 851 0.090000
o 850 0.090000
o 848 0.100000
o 842 0.100000
o 839 0.100000
o 837 0.100000
o 836 0.100000
o 831 0.100000
o 830 0.100000
o 829 0.100000
o 824 0.100000
o 821 0.100000
o 818 0.100000
o 815 0.100000
o 812 0.100000
o 809 0.100000
o 806 0.100000
o 801 0.100000
o 798 0.100000
o 795 0.100000
o 794 0.100000
o 793 0.100000
o 790 0.100000
o 787 0.100000
o 786 0.100000
o 785 0.100000
o 784 0.100000
o 783 0.100000
o 782 0.100000
o 781 0.100000
o 779 0.100000
o 774 0.100000
o 773 0.100000
o 770 0.100000
o 767 0.100000
o 764 0.100000
o 759 0.100000
o 756 0.100000
o 753 0.100000
o 752 0.100000
o 746 0.100000
o 745 0.100000
o 743 0.100000
o 742 0.100000
o 739 0.100000
o 738 0.100000
o 735 0.100000
o 734 0.100000
o 733 0.100000
o 732 0.100000
o 731 0.100000
o 730 0.100000
o 729 0.100000
o 728 0.100000
o 726 0.100000
o 725 0.100000
o 724 0.100000
o 723 0.100000
o 721 0.100000
o 720 0.100000
o 717 0.100000
o 716 0.100000
o 715 0.100000
o 714 0.100000
o 711 0.100000
o 709 0.100000
o 708 0.100000
o 705 0.100000
o 703 0.100000
o 698 0.100000
o 697 0.100000
o 695 0.110000
o 694 0.110000
o 693 0.110000
o 692 0.110000
o 689 0.110000
o 684 0.110000
o 683 0.110000
o 682 0.110000
o 681 0.110000
o 680 0.110000
o 677 0.110000
o 675 0.110000
o 673 0.110000
o 671 0.110000
o 670 0.110000
o 669 0.110000
o 668 0.110000
o 665 0.110000
o 664 0.110000
o 661 0.110000
o 659 0.110000
o 656 0.110000
o 655 0.110000
o 653 0.110000
o 652 0.110000
o 651 0.110000
o 650 0.110000
o 649 0.110000
o 648 0.110000
o 647 0.110000
o 646 0.110000
o 645 0.110000
o 644 0.110000
o 641 0.110000
o 640 0.110000
o 639 0.110000
o 638 0.110000
o 637 0.110000
o 636 0.110000
o 635 0.110000
o 633 0.110000
o 632 0.110000
o 629 0.110000
o 628 0.110000
o 627 0.110000
o 626 0.110000
o 625 0.110000
o 623 0.110000
o 622 0.110000
o 621 0.110000
o 620 0.110000
o 619 0.110000
o 618 0.120000
o 616 0.120000
o 615 0.120000
o 614 0.120000
o 612 0.120000
o 611 0.120000
o 610 0.120000
o 607 0.120000
o 606 0.120000
o 605 0.130000
o 602 0.170000
o 601 0.170000
o 600 0.170000
o 599 0.180000
o 598 0.180000
o 597 0.180000
o 596 0.180000
o 595 0.180000
o 594 0.180000
o 593 0.180000
o 592 0.190000
o 589 0.200000
o 586 0.200000
o 583 0.200000
o 582 0.200000
o 579 0.200000
o 578 0.200000
o 575 0.200000
o 574 0.200000
o 572 0.200000
o 570 0.210000
o 569 0.210000
o 568 0.210000
o 567 0.540000
o 566 0.600000
o 565 0.600000
o 564 0.640000
o 562 0.680000
o 560 0.680000
o 559 1.860000
o 558 2.510000
o 557 41.240000
o 556 194.390000
o 555 194.400000
o 554 194.430000
o 553 194.740000
o 552 194.740000
o 551 194.780000
o 550 194.780000
o 549 194.780000
549	194.780000
