metro-metro_8_8_5_20_10_6_500_1_3.lp.sm-extracted
o 289 2.090000
o 248 51.260000
o 241 138.970000
o 203 219.820000
203	219.820000
metro-metro_8_8_5_20_10_6_500_1_3.lp.sm-extracted
o 273 74.400000
o 268 191.980000
o 256 191.990000
o 243 198.380000
o 236 297.550000
236	297.550000
metro-metro_8_8_5_20_10_6_500_1_3.lp.sm-extracted
o 296 3.670000
o 254 5.140000
o 229 5.220000
o 217 5.250000
o 210 5.520000
o 186 258.310000
186	258.310000
metro-metro_8_8_5_20_10_6_500_1_3.lp.sm-extracted
o 282 12.430000
o 211 81.380000
o 197 81.430000
o 169 291.070000
169	291.070000
metro-metro_8_8_5_20_10_6_500_1_3.lp.sm-extracted
o 308 12.000000
o 297 51.610000
o 273 51.630000
o 227 138.610000
o 211 138.650000
211	138.650000
metro-metro_8_8_5_20_10_6_500_1_3.lp.sm-extracted
o 260 47.050000
o 229 102.060000
o 208 102.070000
208	102.070000
metro-metro_8_8_5_20_10_6_500_1_3.lp.sm-extracted
o 354 0.240000
o 253 18.120000
o 249 51.770000
o 238 155.190000
o 226 155.230000
o 215 155.380000
o 209 155.770000
209	155.770000
metro-metro_8_8_5_20_10_6_500_1_3.lp.sm-extracted
o 338 35.850000
o 294 35.940000
o 239 37.430000
o 232 117.410000
o 228 117.800000
228	117.800000
metro-metro_8_8_5_20_10_6_500_1_3.lp.sm-extracted
o 251 11.990000
o 229 27.740000
o 224 219.680000
224	219.680000
metro-metro_8_8_5_20_10_6_500_1_3.lp.sm-extracted
o 316 1.060000
o 280 18.820000
o 250 34.650000
o 236 120.530000
o 222 120.920000
o 212 121.980000
o 199 122.250000
199	122.250000
