relational-inference-pa-1
o 8219 3.410000
o 7596 3.530000
o 7568 3.530000
o 7426 3.530000
o 7284 3.540000
o 7142 3.540000
o 6914 3.540000
o 6686 3.540000
o 6631 3.540000
o 6576 3.550000
o 6403 3.550000
o 6261 3.550000
o 6212 3.550000
o 6019 3.550000
o 6012 3.560000
o 5871 3.560000
o 5870 3.560000
o 5728 3.560000
o 5670 3.710000
o 5528 3.710000
o 5445 3.730000
o 5332 3.740000
o 5331 3.750000
o 5190 3.750000
o 5189 3.750000
o 5182 3.800000
o 5134 4.200000
o 4961 4.200000
o 4954 4.200000
o 4933 4.350000
o 4791 4.350000
o 4784 4.350000
o 4694 4.390000
o 4656 4.390000
o 4649 4.390000
o 4527 4.530000
o 4514 4.650000
o 4507 4.650000
o 4372 4.660000
o 4366 4.690000
o 4365 4.690000
o 4358 4.690000
o 4323 5.250000
o 4285 5.270000
o 4269 5.270000
o 4264 5.270000
o 4127 5.280000
o 4124 5.310000
o 4123 5.310000
o 4122 5.320000
o 4121 5.390000
o 4108 5.410000
o 4009 5.900000
o 3974 5.900000
o 3939 5.900000
o 3938 5.900000
o 3932 6.160000
o 3880 6.760000
o 3874 7.040000
o 3745 7.900000
o 3738 7.930000
o 3696 9.060000
o 3680 9.060000
o 3648 16.970000
o 3629 17.260000
o 3622 17.510000
o 3564 19.490000
o 3536 22.550000
o 3456 22.620000
o 3455 22.620000
o 3452 22.770000
o 3451 24.410000
o 3450 24.410000
o 3444 24.590000
o 3443 24.590000
o 3442 26.320000
o 3427 29.340000
o 3426 29.360000
o 3322 46.960000
o 3268 46.970000
o 3267 46.970000
o 3237 46.970000
o 3218 46.980000
o 3183 46.980000
o 3176 46.980000
o 3169 46.980000
o 3157 46.980000
o 3156 46.980000
o 3129 46.990000
o 3128 46.990000
o 3127 46.990000
o 3126 46.990000
o 2991 47.290000
o 2990 47.470000
o 2906 47.590000
o 2900 48.430000
o 2830 55.050000
o 2795 55.050000
o 2789 55.060000
o 2678 61.460000
o 2673 61.460000
o 2672 61.470000
o 2651 71.420000
o 2650 71.420000
o 2645 71.430000
o 2644 71.430000
2644	71.430000
relational-inference-pa-1
o 6389 3.460000
o 6100 3.580000
o 5961 3.580000
o 5960 3.590000
o 5818 3.590000
o 5816 3.590000
o 5674 3.590000
o 5535 3.600000
o 5507 3.600000
o 5504 3.600000
o 5279 3.610000
o 5278 3.610000
o 5277 3.610000
o 5251 3.620000
o 5078 3.620000
o 5076 3.620000
o 4936 3.620000
o 4935 3.620000
o 4934 3.630000
o 4881 3.630000
o 4880 3.630000
o 4690 3.630000
o 4689 3.640000
o 4547 3.650000
o 4536 3.670000
o 4505 3.670000
o 4499 3.670000
o 4498 3.670000
o 4492 3.670000
o 4351 3.670000
o 4302 3.950000
o 4301 3.950000
o 4264 3.960000
o 4163 3.960000
o 4125 3.970000
o 4097 3.970000
o 3955 3.970000
o 3949 3.970000
o 3772 3.970000
o 3765 3.970000
o 3727 3.970000
o 3721 3.980000
o 3635 4.280000
o 3495 4.300000
o 3494 4.300000
o 3493 4.300000
o 3482 4.520000
o 3341 4.530000
o 3339 4.760000
o 3257 4.910000
o 3256 5.260000
o 3115 5.260000
o 3113 5.290000
o 3035 6.300000
o 3029 6.320000
o 2942 9.240000
o 2926 9.240000
o 2925 9.240000
o 2919 9.250000
o 2807 9.670000
o 2801 9.680000
o 2791 20.750000
o 2784 20.750000
o 2778 20.760000
o 2746 20.780000
o 2740 20.790000
o 2683 132.760000
2683	132.760000
relational-inference-pa-1
o 6334 3.550000
o 6079 3.680000
o 5826 3.680000
o 5588 3.690000
o 5446 3.690000
o 5304 3.700000
o 5208 3.700000
o 5066 3.700000
o 4924 3.700000
o 4721 3.710000
o 4714 3.710000
o 4534 3.710000
o 4354 3.720000
o 4212 3.720000
o 4184 3.720000
o 4130 3.730000
o 4129 3.730000
o 4023 3.740000
o 3995 3.740000
o 3967 3.740000
o 3966 3.750000
o 3937 3.770000
o 3907 15.710000
o 3765 16.060000
o 3735 16.350000
o 3734 16.350000
o 3593 16.370000
o 3592 16.380000
o 3515 16.430000
o 3451 16.640000
o 3444 17.240000
o 3288 17.250000
o 3281 17.320000
o 3263 65.680000
o 3235 65.690000
o 3207 65.700000
o 3180 66.380000
o 3125 69.000000
o 3081 69.680000
o 3036 74.560000
o 2901 274.230000
o 2894 274.240000
2894	274.240000
relational-inference-pa-1
o 6152 3.780000
o 5730 3.910000
o 5723 3.910000
o 5695 3.910000
o 5689 3.910000
o 5548 3.920000
o 5547 3.920000
o 5405 3.920000
o 5350 3.920000
o 5295 3.930000
o 5240 3.930000
o 5238 3.940000
o 5201 3.940000
o 5164 3.940000
o 5163 3.940000
o 5162 3.940000
o 5161 3.950000
o 5155 3.950000
o 5020 3.950000
o 5015 3.960000
o 5014 3.960000
o 4787 3.970000
o 4786 3.970000
o 4646 3.970000
o 4645 3.970000
o 4613 3.970000
o 4521 3.970000
o 4505 3.970000
o 4504 3.980000
o 4503 3.980000
o 4476 4.000000
o 4448 4.000000
o 4420 4.000000
o 4392 4.010000
o 4364 4.010000
o 4336 4.010000
o 4308 4.010000
o 4280 4.010000
o 4279 4.010000
o 4278 4.020000
o 4277 4.020000
o 4276 4.020000
o 4273 4.030000
o 4245 4.030000
o 4217 4.030000
o 4189 4.030000
o 4161 4.030000
o 4133 4.040000
o 4105 4.040000
o 4077 4.040000
o 4049 4.040000
o 4048 4.040000
o 4047 4.050000
o 3907 4.060000
o 3876 4.070000
o 3734 4.070000
o 3626 4.090000
o 3619 4.090000
o 3618 4.150000
o 3478 4.160000
o 3419 4.200000
o 3391 4.200000
o 3390 4.200000
o 3248 4.210000
o 3247 4.210000
o 3106 4.210000
o 3105 4.210000
o 3061 4.310000
o 3023 4.310000
o 3022 4.320000
o 3021 4.320000
o 3020 4.320000
o 3019 4.400000
o 2977 8.530000
o 2944 8.660000
o 2938 8.690000
o 2913 10.410000
o 2912 10.420000
o 2907 10.420000
o 2875 10.430000
o 2874 10.430000
o 2871 10.440000
o 2870 10.450000
o 2869 10.460000
o 2868 10.470000
o 2797 13.230000
o 2796 13.230000
o 2759 13.230000
o 2758 13.230000
o 2757 13.230000
o 2752 13.240000
o 2751 15.110000
o 2717 49.210000
o 2716 49.210000
o 2665 59.010000
o 2600 59.030000
o 2599 59.040000
o 2550 62.310000
o 2512 62.390000
2512	62.390000
relational-inference-pa-1
o 6756 3.790000
o 6518 3.940000
o 6376 3.950000
o 6321 3.950000
o 6083 3.960000
o 5941 3.970000
o 5886 3.970000
o 5706 3.980000
o 5526 3.990000
o 5325 3.990000
o 5097 4.000000
o 4869 4.000000
o 4689 4.000000
o 4672 4.020000
o 4656 4.020000
o 4644 4.020000
o 4428 4.030000
o 4416 4.030000
o 4274 4.030000
o 4071 4.040000
o 3885 4.040000
o 3874 4.040000
o 3873 4.050000
o 3871 4.210000
o 3820 4.230000
o 3813 4.230000
o 3585 4.240000
o 3515 4.290000
o 3508 4.290000
o 3501 4.290000
o 3373 4.610000
o 3282 4.760000
o 3254 4.780000
o 3247 4.780000
o 3112 4.790000
o 3106 4.810000
o 3105 4.910000
o 3077 8.880000
o 3071 8.880000
o 3023 9.660000
o 3018 9.660000
o 3017 9.660000
3017	9.660000
relational-inference-pa-1
o 6533 3.560000
o 6278 3.710000
o 5289 3.720000
o 5282 3.720000
o 5261 3.720000
o 5064 3.730000
o 4922 3.730000
o 4777 3.730000
o 4749 3.730000
o 4721 3.740000
o 4693 3.740000
o 4665 3.740000
o 4492 3.740000
o 4437 3.740000
o 4409 3.740000
o 4402 3.760000
o 4329 3.760000
o 4313 3.770000
o 4275 3.770000
o 4274 3.770000
o 4268 3.770000
o 4247 3.770000
o 4240 3.780000
o 4163 3.780000
o 4162 3.780000
o 4156 3.780000
o 4155 3.780000
o 4020 3.800000
o 3900 9.200000
o 3869 9.210000
o 3868 9.210000
o 3726 9.220000
o 3591 10.710000
o 3584 10.710000
o 3442 10.720000
o 3441 10.720000
o 3362 15.760000
o 3356 22.400000
o 3349 22.400000
o 3348 22.400000
o 3321 36.140000
o 3320 36.150000
o 3270 37.980000
o 3269 37.980000
o 3268 37.980000
o 3267 41.830000
o 3266 41.830000
o 3200 63.480000
o 3144 63.570000
o 3003 63.570000
o 3002 63.580000
o 2975 65.400000
o 2921 72.960000
o 2879 253.900000
o 2872 254.450000
o 2866 254.450000
2866	254.450000
relational-inference-pa-1
o 5539 3.250000
o 4445 3.370000
o 4438 3.370000
o 4296 3.370000
o 4154 3.370000
o 4126 3.380000
o 4098 3.380000
o 4070 3.380000
o 4042 3.380000
o 4014 3.380000
o 3959 3.390000
o 3731 3.390000
o 3724 3.400000
o 3718 3.410000
o 3644 3.410000
o 3632 3.410000
o 3616 3.420000
o 3533 3.530000
o 3532 3.540000
o 3425 3.820000
o 3424 3.830000
o 3417 3.830000
o 3315 4.440000
o 3314 4.440000
o 3302 4.450000
o 3287 4.450000
o 3282 4.450000
o 3276 4.460000
o 3275 4.460000
o 3274 4.470000
o 3219 4.470000
o 3001 4.470000
o 3000 4.470000
o 2994 4.480000
o 2993 4.480000
o 2992 4.490000
o 2991 4.500000
o 2909 4.520000
o 2908 4.520000
o 2907 4.590000
o 2772 4.610000
o 2737 4.610000
o 2736 4.610000
o 2735 4.610000
o 2734 4.620000
2734	4.620000
relational-inference-pa-1
o 7766 3.170000
o 7586 3.300000
o 7383 3.310000
o 7376 3.310000
o 7138 3.310000
o 6975 3.320000
o 6833 3.320000
o 6642 3.320000
o 6470 3.320000
o 6442 3.320000
o 6388 3.330000
o 6215 3.330000
o 6073 3.340000
o 5986 3.340000
o 5806 3.350000
o 5665 3.350000
o 5664 3.350000
o 5530 3.370000
o 5523 3.370000
o 5522 3.380000
o 5343 3.380000
o 5342 3.380000
o 5153 3.390000
o 5152 3.390000
o 5151 3.400000
o 5103 3.400000
o 5096 3.400000
o 5094 3.460000
o 5047 3.510000
o 5040 3.520000
o 5022 3.540000
o 4984 3.540000
o 4946 3.540000
o 4935 3.550000
o 4934 3.550000
o 4927 3.550000
o 4906 3.550000
o 4900 3.590000
o 4899 3.600000
o 4898 3.600000
o 4883 3.640000
o 4876 3.640000
o 4875 3.670000
o 4868 3.670000
o 4727 3.700000
o 4726 3.710000
o 4570 4.270000
o 4342 4.270000
o 4336 4.270000
o 4335 4.280000
o 4309 4.870000
o 4192 4.870000
o 4108 7.540000
o 4080 7.540000
o 3964 7.550000
o 3963 7.770000
o 3908 24.450000
o 3869 34.600000
o 3799 34.600000
o 3798 34.600000
o 3797 34.600000
o 3681 34.610000
o 3680 34.660000
o 3601 38.790000
o 3591 42.800000
o 3579 51.920000
o 3572 51.920000
o 3565 51.920000
o 3482 56.440000
o 3452 74.810000
o 3420 74.910000
o 3413 74.910000
o 3406 74.910000
o 3399 74.910000
o 3392 74.910000
o 3391 74.920000
o 3291 106.730000
o 3290 106.740000
o 3289 106.740000
o 3247 120.010000
o 3212 120.010000
o 3177 120.010000
o 3172 120.020000
o 3171 120.020000
o 3096 133.790000
o 3032 138.100000
o 3027 138.130000
o 3026 138.170000
o 3012 159.600000
o 2984 159.600000
o 2977 159.610000
o 2884 159.620000
o 2877 159.630000
o 2846 159.630000
o 2839 159.630000
o 2832 159.640000
2832	159.640000
relational-inference-pa-1
o 6708 3.330000
o 6004 3.430000
o 5997 3.430000
o 5969 3.440000
o 5827 3.440000
o 5685 3.440000
o 5678 3.440000
o 5450 3.450000
o 5422 3.450000
o 5394 3.450000
o 5366 3.450000
o 5338 3.450000
o 5310 3.450000
o 5255 3.470000
o 5200 3.470000
o 5046 3.470000
o 5042 3.480000
o 5041 3.490000
o 5040 3.490000
o 4898 3.490000
o 4798 3.720000
o 4760 3.720000
o 4759 3.900000
o 4758 4.140000
o 4757 4.180000
o 4616 4.180000
o 4615 4.330000
o 4481 4.340000
o 4474 4.340000
o 4452 4.430000
o 4381 4.490000
o 4380 4.710000
o 4286 5.130000
o 4279 5.170000
o 4273 5.360000
o 4272 5.610000
o 4266 5.800000
o 4173 5.880000
o 4165 5.930000
o 4081 6.140000
o 4074 6.520000
o 4068 6.730000
o 4059 11.420000
o 4021 11.450000
o 4015 11.460000
o 4014 11.650000
o 3981 14.040000
o 3974 14.040000
o 3968 14.040000
o 3936 14.040000
o 3930 14.060000
o 3791 14.980000
o 3785 14.980000
o 3743 26.870000
o 3708 26.880000
o 3702 29.840000
o 3664 31.210000
o 3619 33.770000
o 3564 47.300000
o 3563 47.310000
o 3512 104.830000
o 3477 104.840000
o 3442 104.840000
o 3422 107.020000
o 3415 107.030000
o 3387 108.980000
o 3348 123.900000
o 3341 123.910000
o 3310 123.910000
o 3303 123.970000
o 3207 151.230000
o 3149 151.500000
o 3065 152.790000
o 3049 157.110000
o 3011 157.190000
o 2927 157.270000
o 2744 157.380000
o 2706 157.380000
o 2699 157.420000
o 2683 160.990000
o 2645 161.000000
o 2576 243.750000
o 2569 243.750000
o 2568 243.750000
2568	243.750000
relational-inference-pa-1
o 6768 3.700000
o 6540 3.840000
o 6179 3.840000
o 5941 3.860000
o 5800 3.860000
o 5632 3.870000
o 5625 3.870000
o 5618 3.870000
o 5555 3.890000
o 5548 3.890000
o 5520 3.890000
o 5340 3.890000
o 5286 3.900000
o 5113 3.900000
o 5058 3.900000
o 5057 3.910000
o 5051 3.910000
o 5050 3.910000
o 4995 3.920000
o 4994 3.960000
o 4911 3.980000
o 4910 3.980000
o 4844 4.080000
o 4837 4.090000
o 4811 4.090000
o 4771 4.090000
o 4770 4.090000
o 4769 4.110000
o 4748 4.210000
o 4741 4.210000
o 4740 4.230000
o 4739 4.240000
o 4639 4.840000
o 4632 5.210000
o 4631 5.280000
o 4503 5.280000
o 4496 5.290000
o 4489 5.290000
o 4482 5.320000
o 4433 6.160000
o 4432 6.160000
o 4426 6.160000
o 4425 6.190000
o 4378 6.280000
o 4205 6.280000
o 4204 6.290000
o 4197 6.290000
o 4160 6.890000
o 4041 7.310000
o 4004 7.310000
o 3997 7.310000
o 3990 7.310000
o 3944 11.660000
o 3917 11.710000
o 3910 11.710000
o 3775 11.720000
o 3774 12.210000
o 3762 12.210000
o 3761 12.280000
o 3677 17.890000
o 3649 18.940000
o 3588 41.290000
o 3441 41.490000
o 3306 41.490000
o 3299 41.580000
o 3254 102.270000
o 3216 102.270000
o 3196 102.340000
o 3023 102.340000
o 3016 102.340000
o 2940 102.550000
o 2933 102.550000
o 2864 102.610000
o 2826 102.610000
o 2722 102.620000
o 2684 102.620000
o 2677 102.810000
o 2649 103.970000
o 2643 103.970000
o 2477 103.980000
o 2476 103.990000
o 2470 103.990000
o 2430 104.320000
o 2397 104.330000
o 2396 104.340000
o 2392 104.510000
o 2387 104.900000
o 2386 105.080000
o 2370 107.370000
o 2342 107.370000
o 2276 121.060000
2276	121.060000
