spot5-5.wcsp.log
o 293 0.010000
o 281 0.010000
o 279 0.010000
o 275 0.010000
o 273 0.010000
o 272 0.010000
o 271 0.010000
o 270 0.010000
o 269 0.010000
o 267 0.010000
o 266 0.010000
o 265 7.110000
o 263 7.140000
o 262 21.610000
o 261 49.740000
261	49.740000
spot5-5.wcsp.log
o 293 0.000000
o 291 0.000000
o 278 0.000000
o 277 0.000000
o 275 0.000000
o 274 0.000000
o 273 0.000000
o 272 0.000000
o 271 0.000000
o 270 0.060000
o 269 0.070000
o 268 0.070000
o 267 0.070000
o 266 0.100000
o 265 0.180000
o 264 1.730000
o 262 2.240000
o 261 5.460000
261	5.460000
spot5-5.wcsp.log
o 289 0.000000
o 279 0.000000
o 276 0.000000
o 275 0.000000
o 274 0.000000
o 273 0.000000
o 272 0.000000
o 271 0.000000
o 270 0.020000
o 269 0.030000
o 268 0.040000
o 267 0.040000
o 266 0.040000
o 265 0.150000
o 263 0.440000
o 262 13.930000
o 261 15.960000
261	15.960000
spot5-5.wcsp.log
o 292 0.010000
o 280 0.010000
o 278 0.010000
o 276 0.010000
o 275 0.010000
o 271 0.010000
o 269 0.010000
o 268 0.010000
o 267 0.010000
o 266 0.010000
o 265 0.010000
o 264 0.010000
o 263 0.040000
o 262 0.090000
o 261 0.740000
261	0.740000
spot5-5.wcsp.log
o 285 0.000000
o 276 0.000000
o 273 0.000000
o 269 0.010000
o 268 0.040000
o 267 0.050000
o 266 0.060000
o 264 0.060000
o 263 0.070000
o 262 0.070000
o 261 2.400000
261	2.400000
spot5-5.wcsp.log
o 286 0.010000
o 273 0.010000
o 272 0.010000
o 271 0.010000
o 270 0.010000
o 269 0.010000
o 268 0.010000
o 267 0.010000
o 266 0.010000
o 265 0.010000
o 264 0.070000
o 263 0.070000
o 262 0.270000
o 261 29.960000
261	29.960000
spot5-5.wcsp.log
o 290 0.010000
o 278 0.010000
o 276 0.010000
o 274 0.010000
o 270 0.010000
o 269 0.010000
o 268 0.010000
o 267 0.010000
o 266 0.010000
o 264 0.120000
o 263 0.130000
o 262 0.130000
o 261 0.290000
261	0.290000
spot5-5.wcsp.log
o 293 0.000000
o 281 0.000000
o 279 0.000000
o 278 0.010000
o 277 0.010000
o 276 0.010000
o 275 0.010000
o 273 0.010000
o 272 0.010000
o 269 0.010000
o 268 0.010000
o 266 0.020000
o 265 0.030000
o 264 0.030000
o 263 0.060000
o 262 0.130000
o 261 0.700000
261	0.700000
spot5-5.wcsp.log
o 289 0.010000
o 275 0.010000
o 273 0.010000
o 272 0.010000
o 271 0.010000
o 270 0.010000
o 268 0.010000
o 264 2.900000
o 263 15.810000
o 262 16.080000
o 261 47.450000
261	47.450000
spot5-5.wcsp.log
o 294 0.010000
o 276 0.010000
o 275 0.010000
o 274 0.010000
o 273 0.010000
o 272 0.010000
o 269 0.010000
o 268 0.120000
o 267 0.180000
o 266 0.180000
o 265 0.190000
o 264 0.190000
o 263 0.190000
o 262 29.170000
o 261 72.320000
261	72.320000
