staff-scheduling-instance4
o 5025 0.010000
o 2489 0.060000
o 2485 0.060000
o 2483 0.060000
o 2470 0.090000
o 2469 0.090000
o 2467 0.090000
o 2464 0.090000
o 2462 0.090000
o 2366 0.120000
o 2360 0.120000
o 2359 0.120000
o 2358 0.120000
o 2355 0.150000
o 2353 0.150000
o 2264 0.230000
o 2263 0.230000
o 2260 0.230000
o 2256 0.230000
o 2172 0.280000
o 2171 0.280000
o 2168 0.300000
o 2165 0.300000
o 2153 0.540000
o 2151 0.550000
o 2149 0.550000
o 2060 0.970000
o 2059 0.970000
o 2058 0.970000
o 2057 0.970000
o 2056 0.970000
o 2054 0.980000
o 2053 0.980000
o 2051 0.980000
o 2050 0.980000
o 2049 0.990000
o 1952 2.340000
o 1950 2.340000
o 1949 2.360000
o 1947 2.410000
o 1851 2.410000
o 1757 9.810000
o 1755 9.810000
o 1754 9.810000
o 1753 9.820000
o 1749 9.820000
o 1748 9.820000
o 1745 9.820000
o 1744 9.820000
o 1739 9.820000
o 1738 9.820000
1738	9.820000
staff-scheduling-instance4
o 4928 0.010000
o 2207 0.040000
o 2206 0.050000
o 2182 0.080000
o 2180 0.080000
o 2179 0.080000
o 2079 0.080000
o 2075 0.110000
o 2074 0.110000
o 2073 0.110000
o 2066 0.120000
o 1973 0.240000
o 1971 0.240000
o 1970 0.240000
o 1966 0.280000
o 1965 0.280000
o 1960 0.310000
o 1959 0.310000
o 1958 0.310000
o 1956 0.310000
o 1953 0.310000
o 1951 0.310000
o 1948 0.310000
o 1947 0.310000
o 1946 0.310000
o 1866 2.060000
o 1863 2.060000
o 1862 2.060000
o 1861 2.060000
o 1855 2.060000
o 1853 2.070000
o 1852 2.070000
o 1851 2.070000
o 1850 2.270000
o 1848 2.560000
o 1847 2.560000
o 1846 2.560000
o 1763 5.360000
o 1762 5.430000
o 1761 5.500000
o 1758 5.500000
o 1756 5.500000
o 1755 5.500000
o 1753 5.560000
o 1751 5.560000
o 1749 5.770000
o 1748 5.800000
o 1746 5.800000
o 1744 5.830000
o 1739 20.080000
o 1738 20.080000
o 1737 20.090000
o 1736 85.730000
1736	85.730000
staff-scheduling-instance4
o 5398 0.010000
o 2185 0.040000
o 2088 0.040000
o 2060 0.220000
o 1994 0.960000
o 1992 0.960000
o 1991 0.960000
o 1986 0.970000
o 1984 0.970000
o 1982 0.990000
o 1981 0.990000
o 1980 1.000000
o 1950 1.550000
o 1947 1.550000
o 1946 1.550000
o 1848 2.120000
o 1842 2.140000
o 1841 2.140000
o 1750 4.290000
o 1749 4.290000
o 1748 4.300000
o 1745 4.300000
o 1744 4.310000
o 1743 4.310000
o 1739 7.910000
o 1738 7.920000
o 1737 7.940000
o 1736 7.940000
1736	7.940000
staff-scheduling-instance4
o 5305 0.020000
o 2601 0.060000
o 2592 0.060000
o 2591 0.060000
o 2590 0.060000
o 2490 0.060000
o 2390 0.060000
o 2389 0.060000
o 2289 0.060000
o 2286 0.070000
o 2285 0.070000
o 2283 0.070000
o 2281 0.070000
o 2279 0.080000
o 2267 0.100000
o 2263 0.100000
o 2162 0.100000
o 2159 0.100000
o 2157 0.100000
o 2061 0.410000
o 1961 0.410000
o 1960 0.410000
o 1956 0.420000
o 1955 0.420000
o 1954 0.430000
o 1869 1.000000
o 1867 1.000000
o 1866 1.000000
o 1865 1.000000
o 1864 1.000000
o 1862 1.000000
o 1850 1.370000
o 1849 1.370000
o 1767 6.580000
o 1765 6.590000
o 1764 6.590000
o 1762 6.590000
o 1761 6.610000
o 1760 6.630000
o 1756 6.890000
o 1755 6.890000
o 1753 6.900000
o 1752 14.480000
o 1751 29.170000
o 1750 29.180000
o 1749 29.180000
o 1748 29.180000
o 1747 48.970000
o 1746 48.970000
o 1744 48.970000
o 1743 49.590000
o 1742 49.610000
o 1740 52.090000
o 1738 52.090000
o 1736 52.110000
o 1735 52.130000
o 1733 52.200000
1733	52.200000
staff-scheduling-instance4
o 5018 0.010000
o 2692 0.060000
o 2591 0.060000
o 2588 0.060000
o 2487 0.060000
o 2484 0.060000
o 2473 0.060000
o 2386 0.090000
o 2385 0.090000
o 2289 0.090000
o 2288 0.090000
o 2287 0.220000
o 2284 0.220000
o 2281 0.220000
o 2277 0.300000
o 2275 0.300000
o 2274 0.310000
o 2272 0.310000
o 2174 0.310000
o 2171 0.310000
o 2169 0.330000
o 2168 0.400000
o 2166 0.400000
o 2065 0.400000
o 2063 0.400000
o 1983 1.300000
o 1882 1.310000
o 1881 1.320000
o 1876 2.270000
o 1875 2.270000
o 1871 2.300000
o 1870 2.310000
o 1869 2.330000
o 1868 2.330000
o 1867 2.330000
o 1866 2.340000
o 1861 2.370000
o 1859 2.380000
o 1858 2.720000
o 1857 2.720000
o 1855 2.720000
o 1854 2.720000
o 1853 2.740000
o 1851 2.740000
o 1849 2.750000
o 1848 2.750000
o 1847 2.750000
o 1846 2.760000
o 1845 18.580000
o 1844 18.580000
o 1843 18.860000
o 1758 22.470000
o 1757 22.610000
o 1756 22.610000
o 1755 22.620000
o 1753 22.620000
o 1747 22.620000
o 1746 22.630000
o 1744 22.630000
o 1743 22.650000
o 1742 24.990000
o 1741 25.000000
o 1739 25.000000
o 1737 25.010000
o 1736 25.010000
o 1735 25.010000
o 1734 25.020000
1734	25.020000
staff-scheduling-instance4
o 4499 0.010000
o 2685 0.040000
o 2683 0.050000
o 2680 0.050000
o 2678 0.050000
o 2676 0.050000
o 2573 0.050000
o 2476 0.050000
o 2470 0.050000
o 2467 0.050000
o 2369 0.060000
o 2354 0.170000
o 2266 0.180000
o 2265 0.180000
o 2263 0.180000
o 2261 0.180000
o 2171 0.180000
o 2168 0.180000
o 2078 0.290000
o 2073 0.290000
o 2072 0.290000
o 2069 0.290000
o 2068 0.290000
o 2067 0.350000
o 2065 0.360000
o 2064 0.390000
o 2062 0.400000
o 2060 0.400000
o 2058 0.400000
o 1963 0.410000
o 1962 0.410000
o 1961 0.580000
o 1958 0.580000
o 1957 0.580000
o 1956 0.580000
o 1955 0.580000
o 1952 0.580000
o 1859 0.610000
o 1858 0.610000
o 1855 0.620000
o 1854 0.630000
o 1851 0.630000
o 1850 0.640000
o 1849 0.640000
o 1848 4.110000
o 1771 5.190000
o 1770 5.190000
o 1769 5.200000
o 1768 5.200000
o 1757 14.490000
o 1756 14.530000
o 1755 14.530000
o 1752 14.530000
o 1749 14.550000
o 1748 14.560000
o 1745 14.580000
o 1744 14.600000
o 1743 14.850000
o 1742 48.880000
o 1739 51.260000
o 1736 51.260000
o 1734 51.350000
1734	51.350000
staff-scheduling-instance4
o 4593 0.010000
o 2402 0.060000
o 2398 0.060000
o 2397 0.060000
o 2395 0.060000
o 2389 0.060000
o 2387 0.060000
o 2290 0.060000
o 2289 0.060000
o 2270 0.090000
o 2269 0.090000
o 2267 0.090000
o 2260 0.090000
o 2259 0.090000
o 2258 0.090000
o 2167 0.180000
o 1977 0.290000
o 1975 0.290000
o 1966 0.300000
o 1960 0.790000
o 1958 0.790000
o 1957 0.790000
o 1956 0.790000
o 1955 0.790000
o 1954 0.790000
o 1952 1.360000
o 1951 1.360000
o 1950 1.360000
o 1947 1.370000
o 1852 1.370000
o 1762 3.850000
o 1760 3.860000
o 1758 3.860000
o 1756 3.940000
o 1754 3.950000
o 1753 3.960000
o 1752 3.970000
o 1750 4.000000
o 1747 4.010000
o 1746 4.010000
o 1745 4.020000
o 1743 4.110000
o 1742 12.550000
o 1741 12.570000
o 1740 12.580000
o 1738 12.610000
o 1737 110.600000
o 1736 110.630000
o 1735 110.630000
o 1734 199.510000
1734	199.510000
staff-scheduling-instance4
o 4815 0.010000
o 2499 0.050000
o 2497 0.050000
o 2486 0.060000
o 2386 0.060000
o 2385 0.060000
o 2285 0.070000
o 2281 0.070000
o 2269 0.080000
o 2169 0.080000
o 2165 0.080000
o 2159 0.080000
o 2069 0.170000
o 2068 0.170000
o 2065 0.320000
o 2064 0.340000
o 2050 0.610000
o 2048 0.610000
o 2047 0.630000
o 2041 0.640000
o 1942 0.640000
o 1876 1.110000
o 1871 1.150000
o 1870 1.150000
o 1862 2.070000
o 1859 2.070000
o 1858 2.460000
o 1856 3.510000
o 1769 4.970000
o 1768 4.970000
o 1766 5.320000
o 1764 5.320000
o 1754 5.400000
o 1751 5.400000
o 1750 5.400000
o 1749 5.730000
o 1748 5.740000
o 1746 5.780000
o 1745 5.790000
o 1744 5.790000
o 1743 23.100000
o 1742 23.180000
o 1741 23.180000
o 1739 23.220000
o 1738 107.310000
o 1736 107.320000
o 1734 171.080000
o 1733 171.100000
1733	171.100000
staff-scheduling-instance4
o 5005 0.010000
o 2400 0.050000
o 2296 0.050000
o 2293 0.060000
o 2290 0.060000
o 2288 0.060000
o 2287 0.060000
o 2284 0.060000
o 2269 0.160000
o 2268 0.160000
o 2266 0.160000
o 2264 0.160000
o 2167 0.170000
o 2166 0.170000
o 2146 0.230000
o 2140 0.230000
o 2040 0.230000
o 2039 0.230000
o 2035 0.230000
o 2034 0.240000
o 1961 0.430000
o 1960 0.510000
o 1959 0.520000
o 1957 0.530000
o 1956 0.540000
o 1955 0.540000
o 1954 0.540000
o 1952 1.820000
o 1951 1.850000
o 1950 1.860000
o 1853 1.900000
o 1852 1.910000
o 1851 1.920000
o 1770 3.880000
o 1769 3.890000
o 1768 3.890000
o 1766 3.890000
o 1765 3.890000
o 1764 3.900000
o 1761 3.920000
o 1758 3.960000
o 1757 4.020000
o 1755 4.020000
o 1754 24.650000
o 1753 26.130000
o 1751 26.130000
o 1748 26.130000
o 1746 26.300000
o 1745 44.170000
o 1743 44.220000
o 1740 44.220000
o 1738 46.110000
o 1737 46.110000
o 1734 97.190000
o 1731 259.850000
o 1730 259.870000
1730	259.870000
staff-scheduling-instance4
o 5128 0.010000
o 2586 0.050000
o 2563 0.060000
o 2562 0.060000
o 2463 0.060000
o 2361 0.060000
o 2261 0.060000
o 2260 0.060000
o 2259 0.060000
o 2168 0.070000
o 2167 0.070000
o 2089 0.480000
o 1990 0.480000
o 1987 0.480000
o 1986 0.480000
o 1983 0.490000
o 1979 3.500000
o 1976 3.500000
o 1973 3.540000
o 1963 5.290000
o 1961 5.310000
o 1960 5.350000
o 1959 5.350000
o 1958 5.350000
o 1957 5.350000
o 1956 5.360000
o 1954 5.360000
o 1951 5.380000
o 1950 5.380000
o 1947 5.400000
o 1882 6.960000
o 1881 6.960000
o 1879 6.960000
o 1877 6.990000
o 1876 6.990000
o 1872 6.990000
o 1869 6.990000
o 1867 6.990000
o 1864 7.180000
o 1863 7.180000
o 1862 7.180000
o 1861 7.190000
o 1859 7.190000
o 1856 7.190000
o 1855 7.220000
o 1852 7.220000
o 1851 7.230000
o 1850 7.260000
o 1849 7.270000
o 1847 7.310000
o 1846 7.340000
o 1844 7.340000
o 1842 10.260000
o 1786 15.030000
o 1784 15.030000
o 1783 15.040000
o 1780 15.040000
o 1777 15.040000
o 1776 15.060000
o 1775 15.060000
o 1774 15.060000
o 1773 15.060000
o 1770 15.150000
o 1768 15.990000
o 1755 16.100000
o 1754 16.100000
o 1752 16.370000
o 1751 16.370000
o 1749 16.370000
o 1748 24.190000
o 1746 24.220000
o 1744 24.330000
o 1743 24.330000
o 1739 57.670000
o 1738 181.050000
1738	181.050000
