staff-scheduling-instance3
o 4977 0.020000
o 1453 0.090000
o 1355 0.090000
o 1352 0.090000
o 1342 0.180000
o 1341 0.180000
o 1336 0.210000
o 1335 1.090000
o 1250 1.120000
o 1247 1.120000
o 1156 1.310000
o 1141 1.380000
o 1050 1.400000
o 1049 1.420000
o 1042 1.440000
o 1038 2.950000
o 1035 2.980000
o 1032 3.170000
o 1030 3.280000
o 1028 3.330000
o 1022 3.360000
o 1018 4.720000
o 1014 197.820000
1014	197.820000
staff-scheduling-instance3
o 3339 0.030000
o 1454 0.100000
o 1442 0.550000
o 1441 0.550000
o 1435 0.660000
o 1336 0.660000
o 1333 0.660000
o 1238 0.770000
o 1236 0.770000
o 1235 0.770000
o 1233 1.570000
o 1231 2.210000
o 1230 2.230000
o 1229 2.230000
o 1228 2.230000
o 1225 2.230000
o 1135 2.550000
o 1035 2.550000
o 1033 2.670000
o 1031 2.670000
o 1030 2.700000
o 1027 3.470000
o 1026 3.470000
o 1025 3.470000
o 1023 3.580000
o 1022 120.500000
o 1021 120.560000
o 1020 123.220000
o 1017 123.230000
o 1016 123.770000
o 1013 125.250000
1013	125.250000
staff-scheduling-instance3
o 4867 0.030000
o 1364 0.120000
o 1263 0.120000
o 1238 0.710000
o 1236 0.760000
o 1235 0.760000
o 1233 0.760000
o 1138 0.840000
o 1135 0.840000
o 1046 0.850000
o 1039 9.360000
o 1037 9.370000
o 1031 9.850000
o 1029 9.860000
o 1028 9.880000
o 1027 10.300000
o 1023 11.410000
o 1021 36.100000
o 1019 36.100000
o 1018 36.100000
o 1017 112.620000
o 1016 140.260000
1016	140.260000
staff-scheduling-instance3
o 4374 0.030000
o 1666 0.110000
o 1563 0.110000
o 1464 0.110000
o 1431 0.330000
o 1428 0.330000
o 1427 0.340000
o 1332 0.350000
o 1323 0.560000
o 1242 1.360000
o 1241 1.360000
o 1142 1.360000
o 1139 1.420000
o 1135 2.270000
o 1132 2.340000
o 1131 2.740000
o 1031 2.740000
o 1029 2.760000
o 1027 2.780000
o 1026 16.360000
o 1025 16.710000
o 1023 16.710000
o 1021 16.730000
o 1019 16.730000
o 1018 106.280000
o 1017 106.290000
o 1016 106.480000
o 1015 171.570000
o 1013 171.570000
1013	171.570000
staff-scheduling-instance3
o 4365 0.030000
o 1847 0.110000
o 1749 0.110000
o 1744 0.120000
o 1742 0.120000
o 1739 0.120000
o 1738 0.120000
o 1645 0.130000
o 1640 0.130000
o 1639 0.130000
o 1637 0.130000
o 1547 1.070000
o 1546 1.070000
o 1544 1.070000
o 1543 1.070000
o 1451 1.090000
o 1450 1.090000
o 1352 1.090000
o 1341 1.690000
o 1339 1.690000
o 1338 1.690000
o 1240 1.690000
o 1239 1.810000
o 1140 1.810000
o 1137 1.820000
o 1136 1.930000
o 1132 1.940000
o 1131 2.120000
o 1128 2.540000
o 1034 21.090000
o 1032 21.090000
o 1031 21.110000
o 1029 21.110000
o 1028 37.800000
o 1026 38.140000
o 1025 38.140000
o 1024 38.140000
o 1023 38.940000
o 1021 39.030000
o 1019 39.250000
o 1017 157.360000
o 1015 158.240000
o 1013 158.260000
1013	158.260000
staff-scheduling-instance3
o 4251 0.020000
o 1836 0.100000
o 1637 0.100000
o 1547 0.200000
o 1540 0.410000
o 1538 0.420000
o 1535 0.420000
o 1534 0.510000
o 1533 0.510000
o 1432 0.510000
o 1334 0.510000
o 1242 0.690000
o 1241 0.690000
o 1239 0.860000
o 1148 0.930000
o 1147 0.930000
o 1144 0.930000
o 1135 3.370000
o 1133 3.420000
o 1132 3.830000
o 1131 4.270000
o 1130 4.320000
o 1128 4.320000
o 1127 4.340000
o 1126 4.450000
o 1124 4.460000
o 1119 7.570000
o 1117 7.580000
o 1060 13.670000
o 1057 13.670000
o 1054 13.670000
o 1052 13.670000
o 1050 14.070000
o 1048 14.250000
o 1047 15.700000
o 1042 15.740000
o 1040 15.740000
o 1039 15.820000
o 1037 15.820000
o 1035 16.180000
o 1034 16.190000
o 1031 16.300000
o 1029 16.320000
o 1024 23.050000
o 1022 23.050000
o 1021 23.110000
o 1020 23.590000
o 1019 24.780000
o 1018 65.440000
o 1015 65.440000
o 1014 65.710000
1014	65.710000
staff-scheduling-instance3
o 4462 0.030000
o 1667 0.110000
o 1664 0.110000
o 1663 0.110000
o 1562 0.110000
o 1460 0.110000
o 1448 0.160000
o 1446 0.190000
o 1445 0.190000
o 1436 0.250000
o 1343 0.280000
o 1340 0.390000
o 1337 0.400000
o 1335 0.400000
o 1332 0.400000
o 1237 0.410000
o 1233 0.420000
o 1230 0.440000
o 1229 0.440000
o 1227 0.440000
o 1226 0.440000
o 1225 0.450000
o 1133 0.460000
o 1130 1.740000
o 1129 2.330000
o 1030 3.240000
o 1027 3.390000
o 1025 3.410000
o 1023 4.880000
o 1021 5.950000
o 1020 94.100000
o 1018 94.100000
o 1015 211.980000
o 1013 212.370000
o 1012 212.390000
1012	212.390000
staff-scheduling-instance3
o 4179 0.020000
o 2061 0.100000
o 2060 0.110000
o 2057 0.110000
o 2056 0.110000
o 2055 0.110000
o 2054 0.110000
o 2053 0.110000
o 2052 0.110000
o 2050 0.110000
o 1952 0.110000
o 1943 0.120000
o 1941 0.120000
o 1840 0.130000
o 1839 0.130000
o 1836 0.130000
o 1835 0.130000
o 1737 0.150000
o 1733 0.150000
o 1732 0.150000
o 1730 0.150000
o 1724 0.160000
o 1635 0.180000
o 1634 0.180000
o 1633 0.190000
o 1537 0.190000
o 1535 0.190000
o 1437 0.210000
o 1434 0.220000
o 1430 0.230000
o 1429 0.250000
o 1332 0.250000
o 1330 0.250000
o 1327 0.250000
o 1325 0.250000
o 1322 0.250000
o 1240 0.410000
o 1239 0.440000
o 1231 0.880000
o 1230 1.060000
o 1227 1.090000
o 1224 1.130000
o 1222 1.130000
o 1123 1.180000
o 1035 7.060000
o 1032 7.070000
o 1031 9.830000
o 1030 9.830000
o 1029 9.840000
o 1028 11.320000
o 1027 11.390000
o 1024 11.400000
o 1022 11.440000
o 1021 12.830000
o 1019 12.830000
o 1018 58.920000
o 1017 59.180000
o 1016 59.190000
o 1015 59.770000
o 1014 59.790000
o 1013 59.800000
o 1012 59.800000
1012	59.800000
staff-scheduling-instance3
o 3977 0.020000
o 1655 0.090000
o 1555 0.090000
o 1554 0.090000
o 1541 0.240000
o 1540 0.240000
o 1539 0.240000
o 1537 0.240000
o 1535 0.240000
o 1533 0.240000
o 1427 0.320000
o 1332 1.360000
o 1234 1.390000
o 1225 1.500000
o 1222 1.510000
o 1220 1.510000
o 1121 1.510000
o 1040 11.360000
o 1032 11.540000
o 1031 11.850000
o 1030 13.380000
o 1027 13.980000
o 1026 16.640000
o 1025 39.610000
o 1023 60.310000
o 1022 81.490000
o 1020 81.560000
o 1017 84.330000
o 1016 114.210000
o 1014 122.920000
1014	122.920000
staff-scheduling-instance3
o 4589 0.030000
o 2354 0.110000
o 2352 0.110000
o 2259 0.120000
o 2256 0.120000
o 2255 0.120000
o 2252 0.120000
o 2250 0.120000
o 2249 0.120000
o 2149 0.120000
o 2148 0.120000
o 2147 0.120000
o 2146 0.120000
o 2145 0.120000
o 2143 0.120000
o 2142 0.120000
o 2046 0.120000
o 1948 0.120000
o 1946 0.130000
o 1944 0.130000
o 1943 0.130000
o 1853 0.140000
o 1753 0.140000
o 1748 0.140000
o 1655 0.140000
o 1654 0.140000
o 1652 0.140000
o 1650 0.140000
o 1646 0.140000
o 1644 0.140000
o 1643 0.140000
o 1641 0.140000
o 1545 0.140000
o 1544 0.140000
o 1541 0.140000
o 1540 0.140000
o 1539 0.140000
o 1524 0.160000
o 1427 0.170000
o 1426 0.190000
o 1425 0.190000
o 1423 0.210000
o 1422 0.210000
o 1347 1.200000
o 1344 1.200000
o 1343 1.210000
o 1341 1.810000
o 1253 1.900000
o 1251 1.900000
o 1250 2.470000
o 1244 2.470000
o 1242 2.480000
o 1240 2.480000
o 1238 2.590000
o 1235 2.630000
o 1232 2.650000
o 1229 2.740000
o 1130 2.740000
o 1129 2.750000
o 1128 2.790000
o 1126 2.800000
o 1123 2.800000
o 1038 4.990000
o 1035 13.280000
o 1033 15.790000
o 1032 15.790000
o 1031 15.800000
o 1029 15.800000
o 1026 22.500000
o 1024 22.560000
o 1023 36.330000
o 1021 36.360000
o 1020 36.370000
o 1018 99.050000
o 1017 99.060000
1017	99.060000
