abstraction-refinement-downcast-antlr
o 76318 32.940000
o 76317 36.780000
o 76316 36.790000
o 76315 36.840000
o 76314 36.850000
o 76313 37.010000
o 76312 37.030000
o 76311 37.520000
o 76310 37.540000
o 76309 37.550000
o 76308 37.570000
o 76307 37.670000
o 76306 37.670000
o 76305 37.680000
o 76304 37.770000
o 76303 37.780000
o 76302 37.810000
o 76301 38.050000
o 76300 38.050000
o 76299 38.060000
o 76298 38.070000
o 76297 38.080000
o 76296 38.110000
o 76295 38.140000
o 76294 38.140000
o 76293 38.200000
o 76292 38.230000
o 76291 38.240000
o 76290 38.290000
o 76289 38.300000
o 76288 38.730000
o 76287 39.650000
o 76286 39.670000
o 76285 39.670000
o 76284 39.740000
o 76283 40.140000
o 76282 40.170000
o 76281 40.340000
o 76280 102.490000
o 76279 102.530000
o 76278 102.540000
o 76277 102.770000
o 76276 102.910000
o 76275 103.030000
76275	103.030000
abstraction-refinement-downcast-antlr
o 90602 59.240000
o 76381 62.330000
o 76380 62.500000
o 76379 62.510000
o 76378 62.510000
o 76377 62.510000
o 76376 62.520000
o 76375 62.530000
o 76374 62.540000
o 76373 62.540000
o 76372 62.550000
o 76371 62.550000
o 76370 62.560000
o 76369 62.560000
o 76368 62.560000
o 76367 62.580000
o 76366 62.600000
o 76365 62.710000
o 76364 62.710000
o 76363 62.710000
o 76362 62.720000
o 76361 62.720000
o 76360 62.730000
o 76359 62.740000
o 76358 62.740000
o 76357 62.750000
o 76356 62.760000
o 76355 62.760000
o 76354 62.760000
o 76353 62.770000
o 76352 62.770000
o 76351 62.780000
o 76350 62.790000
o 76349 62.790000
o 76348 62.810000
o 76347 62.820000
o 76346 62.830000
o 76345 62.840000
o 76344 62.840000
o 76343 62.860000
o 76342 62.870000
o 76341 62.880000
o 76340 62.880000
o 76339 62.890000
o 76338 62.900000
o 76337 63.100000
o 76336 63.120000
o 76335 63.160000
o 76334 63.450000
o 76333 63.460000
o 76332 63.460000
o 76331 63.470000
o 76330 63.470000
o 76329 63.480000
o 76328 63.500000
o 76327 63.510000
o 76326 63.510000
o 76325 63.560000
o 76324 63.570000
o 76323 63.780000
o 76322 63.800000
o 76321 63.830000
o 76320 63.850000
o 76319 63.860000
o 76318 63.870000
o 76317 63.900000
o 76316 63.930000
o 76315 63.940000
o 76314 63.950000
o 76313 63.950000
o 76312 63.980000
o 76311 64.030000
o 76310 64.040000
o 76309 64.040000
o 76308 64.050000
o 76307 64.050000
o 76306 64.060000
o 76305 64.070000
o 76304 64.070000
o 76303 64.110000
o 76302 64.230000
o 76301 64.240000
o 76300 64.250000
o 76299 66.330000
o 76298 66.330000
o 76297 66.400000
o 76296 66.530000
o 76295 66.580000
o 76294 66.730000
o 76293 66.810000
o 76292 67.010000
o 76291 67.100000
o 76290 67.110000
o 76289 67.910000
o 76288 68.310000
o 76287 68.320000
o 76286 68.330000
o 76285 68.410000
o 76284 68.420000
o 76283 68.440000
o 76282 118.590000
o 76281 118.620000
o 76280 118.700000
o 76279 118.700000
o 76278 118.760000
o 76277 118.770000
o 76276 118.800000
o 76275 118.980000
o 76274 211.640000
o 76273 211.710000
76273	211.710000
abstraction-refinement-downcast-antlr
o 76385 31.980000
o 76384 35.300000
o 76383 35.310000
o 76382 35.320000
o 76381 35.340000
o 76380 35.730000
o 76379 35.750000
o 76378 35.760000
o 76377 35.760000
o 76376 35.770000
o 76375 35.770000
o 76374 35.780000
o 76373 35.790000
o 76372 35.790000
o 76371 35.800000
o 76370 35.820000
o 76369 35.850000
o 76368 35.860000
o 76367 35.860000
o 76366 35.870000
o 76365 35.880000
o 76364 35.880000
o 76363 35.890000
o 76362 35.900000
o 76361 35.900000
o 76360 35.930000
o 76359 35.950000
o 76358 35.960000
o 76357 35.980000
o 76356 35.980000
o 76355 35.990000
o 76354 35.990000
o 76353 36.000000
o 76352 36.010000
o 76351 36.020000
o 76350 36.020000
o 76349 36.030000
o 76348 36.040000
o 76347 36.040000
o 76346 36.050000
o 76345 36.050000
o 76344 36.060000
o 76343 36.070000
o 76342 36.070000
o 76341 36.130000
o 76340 36.140000
o 76339 36.140000
o 76338 36.150000
o 76337 36.160000
o 76336 36.160000
o 76335 36.170000
o 76334 36.180000
o 76333 36.180000
o 76332 36.190000
o 76331 36.190000
o 76330 36.210000
o 76329 36.230000
o 76328 36.290000
o 76327 36.310000
o 76326 36.370000
o 76325 36.370000
o 76324 36.370000
o 76323 36.380000
o 76322 36.390000
o 76321 36.410000
o 76320 36.440000
o 76319 36.440000
o 76318 36.610000
o 76317 37.000000
o 76316 37.010000
o 76315 37.050000
o 76314 37.060000
o 76313 37.060000
o 76312 37.100000
o 76311 37.130000
o 76310 37.140000
o 76309 37.160000
o 76308 37.170000
o 76307 37.180000
o 76306 37.190000
o 76305 37.200000
o 76304 37.210000
o 76303 37.240000
o 76302 37.250000
o 76301 37.280000
o 76300 37.280000
o 76299 37.300000
o 76298 37.310000
o 76297 37.360000
o 76296 37.370000
o 76295 37.370000
o 76294 37.440000
o 76293 37.490000
o 76292 41.380000
o 76291 41.420000
o 76290 41.420000
o 76289 41.510000
o 76288 41.560000
o 76287 92.290000
o 76286 92.330000
o 76285 92.440000
o 76284 92.580000
o 76283 92.590000
o 76282 149.010000
o 76281 149.060000
o 76280 149.060000
76280	149.060000
abstraction-refinement-downcast-antlr
o 76344 38.580000
o 76343 42.960000
o 76342 42.980000
o 76341 43.010000
o 76340 43.020000
o 76339 43.030000
o 76338 43.040000
o 76337 43.060000
o 76336 43.070000
o 76335 43.090000
o 76334 43.100000
o 76333 43.120000
o 76332 43.130000
o 76331 43.150000
o 76330 43.210000
o 76329 43.220000
o 76328 43.240000
o 76327 43.250000
o 76326 43.260000
o 76325 43.280000
o 76324 43.290000
o 76323 43.310000
o 76322 43.320000
o 76321 43.410000
o 76320 43.420000
o 76319 43.430000
o 76318 43.450000
o 76317 43.460000
o 76316 43.530000
o 76315 43.540000
o 76314 43.590000
o 76313 43.600000
o 76312 43.610000
o 76311 43.620000
o 76310 43.630000
o 76309 43.650000
o 76308 43.660000
o 76307 43.680000
o 76306 43.700000
o 76305 43.740000
o 76304 43.750000
o 76303 43.760000
o 76302 43.820000
o 76301 45.290000
o 76300 45.320000
o 76299 45.330000
o 76298 45.430000
o 76297 45.470000
o 76296 45.490000
o 76295 45.500000
o 76294 45.510000
o 76293 45.530000
o 76292 45.550000
o 76291 45.560000
o 76290 45.570000
o 76289 45.610000
o 76288 45.620000
o 76287 45.630000
o 76286 46.050000
o 76285 46.240000
o 76284 46.300000
o 76283 46.640000
o 76282 46.900000
o 76281 46.940000
o 76280 47.200000
o 76279 47.210000
o 76278 47.220000
o 76277 47.320000
76277	47.320000
abstraction-refinement-downcast-antlr
o 76340 47.150000
o 76339 51.970000
o 76338 51.990000
o 76337 52.000000
o 76336 52.010000
o 76335 52.020000
o 76334 52.100000
o 76333 52.100000
o 76332 52.120000
o 76331 52.220000
o 76330 52.230000
o 76329 52.240000
o 76328 52.250000
o 76327 52.250000
o 76326 52.290000
o 76325 52.320000
o 76324 52.330000
o 76323 52.340000
o 76322 52.340000
o 76321 52.400000
o 76320 52.430000
o 76319 52.440000
o 76318 52.440000
o 76317 52.460000
o 76316 52.470000
o 76315 52.530000
o 76314 52.540000
o 76313 52.660000
o 76312 52.680000
o 76311 52.680000
o 76310 52.700000
o 76309 52.710000
o 76308 52.720000
o 76307 52.720000
o 76306 52.760000
o 76305 52.760000
o 76304 52.820000
o 76303 52.880000
o 76302 52.920000
o 76301 53.040000
o 76300 56.140000
o 76299 56.160000
o 76298 56.170000
o 76297 56.410000
o 76296 56.410000
o 76295 56.420000
o 76294 56.430000
o 76293 56.510000
o 76292 56.640000
o 76291 56.700000
o 76290 57.190000
o 76289 57.270000
o 76288 57.270000
o 76287 58.370000
o 76286 58.400000
o 76285 58.420000
o 76284 58.480000
o 76283 58.510000
o 76282 125.460000
o 76281 177.240000
o 76280 177.250000
o 76279 177.350000
o 76278 177.970000
76278	177.970000
abstraction-refinement-downcast-antlr
o 81120 39.230000
o 76385 42.270000
o 76384 42.580000
o 76383 42.590000
o 76382 42.590000
o 76381 42.610000
o 76380 42.610000
o 76379 42.760000
o 76378 42.770000
o 76377 42.800000
o 76376 42.860000
o 76375 42.860000
o 76374 42.900000
o 76373 42.910000
o 76372 42.910000
o 76371 42.980000
o 76370 43.000000
o 76369 43.010000
o 76368 43.020000
o 76367 43.030000
o 76366 43.050000
o 76365 43.050000
o 76364 43.060000
o 76363 43.070000
o 76362 43.110000
o 76361 43.110000
o 76360 43.110000
o 76359 43.120000
o 76358 43.130000
o 76357 43.130000
o 76356 43.140000
o 76355 43.140000
o 76354 43.160000
o 76353 43.160000
o 76352 43.170000
o 76351 43.170000
o 76350 43.180000
o 76349 43.180000
o 76348 43.190000
o 76347 43.190000
o 76346 43.210000
o 76345 43.210000
o 76344 43.230000
o 76343 43.240000
o 76342 43.240000
o 76341 43.250000
o 76340 43.300000
o 76339 43.310000
o 76338 43.310000
o 76337 43.340000
o 76336 43.350000
o 76335 43.370000
o 76334 43.370000
o 76333 43.400000
o 76332 43.400000
o 76331 43.420000
o 76330 43.430000
o 76329 43.430000
o 76328 43.430000
o 76327 43.480000
o 76326 43.490000
o 76325 43.490000
o 76324 43.500000
o 76323 43.500000
o 76322 43.550000
o 76321 43.560000
o 76320 43.590000
o 76319 43.600000
o 76318 43.620000
o 76317 43.730000
o 76316 43.730000
o 76315 43.740000
o 76314 43.800000
o 76313 43.810000
o 76312 44.080000
o 76311 44.080000
o 76310 44.150000
o 76309 44.160000
o 76308 44.190000
o 76307 44.220000
o 76306 44.270000
o 76305 44.450000
o 76304 45.240000
o 76303 45.260000
o 76302 45.260000
o 76301 45.350000
o 76300 45.350000
o 76299 45.360000
o 76298 45.650000
o 76297 45.730000
o 76296 45.740000
o 76295 45.740000
o 76294 45.820000
o 76293 45.820000
o 76292 46.910000
o 76291 46.950000
o 76290 46.960000
o 76289 47.110000
o 76288 49.410000
o 76287 49.480000
o 76286 49.630000
o 76285 49.650000
o 76284 49.690000
o 76283 49.760000
o 76282 49.770000
o 76281 49.950000
o 76280 49.960000
o 76279 49.960000
o 76278 50.000000
o 76277 50.000000
o 76276 50.070000
o 76275 50.090000
o 76274 50.100000
76274	50.100000
abstraction-refinement-downcast-antlr
o 78747 42.960000
o 76394 46.140000
o 76393 46.320000
o 76392 46.330000
o 76391 46.330000
o 76390 46.340000
o 76389 46.370000
o 76388 46.380000
o 76387 46.380000
o 76386 46.380000
o 76385 46.390000
o 76384 46.390000
o 76383 46.410000
o 76382 46.420000
o 76381 46.430000
o 76380 46.450000
o 76379 46.450000
o 76378 46.460000
o 76377 46.470000
o 76376 46.480000
o 76375 46.490000
o 76374 46.500000
o 76373 46.510000
o 76372 46.520000
o 76371 46.520000
o 76370 46.550000
o 76369 46.550000
o 76368 46.560000
o 76367 46.570000
o 76366 46.570000
o 76365 46.570000
o 76364 46.580000
o 76363 46.600000
o 76362 46.620000
o 76361 46.640000
o 76360 46.680000
o 76359 46.770000
o 76358 46.770000
o 76357 46.780000
o 76356 46.790000
o 76355 46.800000
o 76354 46.800000
o 76353 46.810000
o 76352 46.810000
o 76351 46.820000
o 76350 46.830000
o 76349 46.830000
o 76348 46.840000
o 76347 46.840000
o 76346 46.850000
o 76345 46.870000
o 76344 46.880000
o 76343 46.880000
o 76342 46.910000
o 76341 46.920000
o 76340 46.930000
o 76339 46.930000
o 76338 46.950000
o 76337 46.950000
o 76336 46.960000
o 76335 47.030000
o 76334 47.040000
o 76333 47.050000
o 76332 47.080000
o 76331 47.110000
o 76330 47.120000
o 76329 47.130000
o 76328 47.150000
o 76327 47.170000
o 76326 47.180000
o 76325 47.190000
o 76324 47.280000
o 76323 47.290000
o 76322 47.330000
o 76321 47.340000
o 76320 47.380000
o 76319 47.380000
o 76318 47.400000
o 76317 47.460000
o 76316 47.580000
o 76315 47.590000
o 76314 47.600000
o 76313 47.600000
o 76312 47.770000
o 76311 47.780000
o 76310 47.790000
o 76309 47.800000
o 76308 47.810000
o 76307 47.860000
o 76306 47.860000
o 76305 47.940000
o 76304 47.950000
o 76303 47.990000
o 76302 47.990000
o 76301 48.090000
o 76300 48.090000
o 76299 48.110000
o 76298 48.120000
o 76297 48.130000
o 76296 48.170000
o 76295 48.170000
o 76294 48.280000
o 76293 48.310000
o 76292 48.360000
o 76291 51.050000
o 76290 51.190000
o 76289 51.250000
o 76288 51.260000
o 76287 58.520000
o 76286 58.530000
o 76285 58.570000
o 76284 58.580000
o 76283 59.030000
o 76282 145.050000
o 76281 145.100000
o 76280 145.150000
o 76279 145.300000
o 76278 145.370000
o 76277 145.490000
o 76276 145.490000
o 76275 146.350000
76275	146.350000
abstraction-refinement-downcast-antlr
o 88284 37.760000
o 76430 40.270000
o 76429 40.310000
o 76428 40.320000
o 76427 40.320000
o 76426 40.330000
o 76425 40.330000
o 76424 40.340000
o 76423 40.340000
o 76422 40.350000
o 76421 40.350000
o 76420 40.360000
o 76419 40.380000
o 76418 40.380000
o 76417 40.390000
o 76416 40.400000
o 76415 40.400000
o 76414 40.410000
o 76413 40.410000
o 76412 40.420000
o 76411 40.430000
o 76410 40.430000
o 76409 40.440000
o 76408 40.440000
o 76407 40.460000
o 76406 40.460000
o 76405 40.480000
o 76404 40.480000
o 76403 40.490000
o 76402 40.490000
o 76401 40.500000
o 76400 40.500000
o 76399 40.520000
o 76398 40.520000
o 76397 40.530000
o 76396 41.090000
o 76395 41.090000
o 76394 41.100000
o 76393 41.100000
o 76392 41.110000
o 76391 41.120000
o 76390 41.140000
o 76389 41.140000
o 76388 41.170000
o 76387 41.180000
o 76386 41.210000
o 76385 41.240000
o 76384 41.240000
o 76383 41.260000
o 76382 41.260000
o 76381 41.270000
o 76380 41.280000
o 76379 41.350000
o 76378 41.360000
o 76377 41.360000
o 76376 41.370000
o 76375 41.380000
o 76374 41.480000
o 76373 41.490000
o 76372 41.490000
o 76371 41.500000
o 76370 41.510000
o 76369 41.520000
o 76368 41.710000
o 76367 41.810000
o 76366 41.820000
o 76365 41.820000
o 76364 41.830000
o 76363 41.850000
o 76362 41.860000
o 76361 41.870000
o 76360 41.880000
o 76359 41.910000
o 76358 41.920000
o 76357 41.920000
o 76356 41.930000
o 76355 41.930000
o 76354 41.950000
o 76353 41.960000
o 76352 42.360000
o 76351 42.360000
o 76350 42.370000
o 76349 42.380000
o 76348 42.400000
o 76347 42.400000
o 76346 42.410000
o 76345 42.410000
o 76344 42.420000
o 76343 42.430000
o 76342 42.440000
o 76341 42.450000
o 76340 42.460000
o 76339 42.470000
o 76338 42.480000
o 76337 42.520000
o 76336 42.530000
o 76335 42.530000
o 76334 42.540000
o 76333 42.550000
o 76332 42.550000
o 76331 42.580000
o 76330 42.590000
o 76329 42.600000
o 76328 42.680000
o 76327 42.690000
o 76326 42.690000
o 76325 42.700000
o 76324 42.810000
o 76323 42.880000
o 76322 42.890000
o 76321 42.920000
o 76320 42.920000
o 76319 42.970000
o 76318 42.980000
o 76317 42.990000
o 76316 43.000000
o 76315 43.040000
o 76314 43.040000
o 76313 43.080000
o 76312 43.310000
o 76311 43.320000
o 76310 43.320000
o 76309 43.420000
o 76308 43.560000
o 76307 43.570000
o 76306 43.580000
o 76305 43.590000
o 76304 43.600000
o 76303 43.610000
o 76302 43.640000
o 76301 43.640000
o 76300 43.650000
o 76299 43.730000
o 76298 43.740000
o 76297 43.760000
o 76296 43.950000
o 76295 43.950000
o 76294 44.070000
o 76293 44.140000
o 76292 44.170000
o 76291 44.250000
o 76290 44.670000
o 76289 44.710000
o 76288 44.730000
o 76287 44.740000
o 76286 44.750000
o 76285 44.820000
o 76284 44.840000
o 76283 44.970000
o 76282 45.050000
o 76281 45.170000
o 76280 45.220000
o 76279 45.230000
o 76278 45.350000
76278	45.350000
abstraction-refinement-downcast-antlr
o 76363 33.150000
o 76362 36.240000
o 76361 36.270000
o 76360 36.790000
o 76359 36.790000
o 76358 36.800000
o 76357 36.800000
o 76356 36.820000
o 76355 36.830000
o 76354 36.840000
o 76353 36.840000
o 76352 36.860000
o 76351 36.860000
o 76350 36.890000
o 76349 36.900000
o 76348 36.900000
o 76347 36.930000
o 76346 36.940000
o 76345 36.940000
o 76344 36.950000
o 76343 36.950000
o 76342 36.960000
o 76341 36.960000
o 76340 37.000000
o 76339 37.010000
o 76338 37.020000
o 76337 37.020000
o 76336 37.030000
o 76335 37.030000
o 76334 37.050000
o 76333 37.050000
o 76332 37.060000
o 76331 37.060000
o 76330 37.110000
o 76329 37.110000
o 76328 37.120000
o 76327 37.130000
o 76326 37.150000
o 76325 37.160000
o 76324 37.170000
o 76323 37.200000
o 76322 37.250000
o 76321 37.250000
o 76320 37.260000
o 76319 37.280000
o 76318 37.290000
o 76317 37.300000
o 76316 37.310000
o 76315 37.320000
o 76314 37.320000
o 76313 37.330000
o 76312 37.390000
o 76311 37.400000
o 76310 37.400000
o 76309 37.410000
o 76308 37.470000
o 76307 37.470000
o 76306 37.960000
o 76305 38.310000
o 76304 38.320000
o 76303 38.320000
o 76302 38.330000
o 76301 38.330000
o 76300 38.410000
o 76299 38.420000
o 76298 38.430000
o 76297 38.490000
o 76296 38.510000
o 76295 38.520000
o 76294 38.530000
o 76293 38.590000
o 76292 38.600000
o 76291 38.600000
o 76290 38.610000
o 76289 38.650000
o 76288 39.150000
o 76287 40.240000
o 76286 40.380000
o 76285 40.400000
o 76284 40.490000
o 76283 40.500000
o 76282 40.510000
o 76281 223.320000
o 76280 262.800000
o 76279 263.830000
76279	263.830000
abstraction-refinement-downcast-antlr
o 76310 43.230000
o 76309 47.280000
o 76308 47.300000
o 76307 49.010000
o 76306 49.030000
o 76305 49.090000
o 76304 49.110000
o 76303 49.120000
o 76302 49.140000
o 76301 49.170000
o 76300 49.250000
o 76299 49.770000
o 76298 49.790000
o 76297 49.800000
o 76296 49.820000
o 76295 49.820000
o 76294 49.880000
o 76293 49.890000
o 76292 50.190000
o 76291 53.510000
o 76290 53.530000
o 76289 55.810000
o 76288 55.860000
o 76287 55.890000
o 76286 55.950000
o 76285 55.960000
o 76284 55.970000
o 76283 118.580000
o 76282 119.040000
o 76281 119.100000
o 76279 119.340000
o 76278 120.250000
o 76277 120.520000
o 76276 120.530000
o 76275 286.250000
76275	286.250000
