abstraction-refinement-downcast-avrora
o 62309 29.780000
o 46781 30.860000
o 46780 30.910000
o 46779 30.910000
o 46778 30.960000
o 46777 30.960000
o 46776 30.960000
o 46775 30.970000
o 46774 30.970000
o 46773 30.970000
o 46772 30.980000
o 46771 30.980000
o 46770 30.990000
o 46769 30.990000
o 46768 30.990000
o 46767 31.000000
o 46766 31.000000
o 46765 31.000000
o 46764 31.010000
o 46763 31.010000
o 46762 31.010000
o 46761 31.020000
o 46760 31.020000
o 46759 31.030000
o 46758 31.030000
o 46757 31.040000
o 46756 31.040000
o 46755 31.050000
o 46754 31.050000
o 46753 31.050000
o 46752 31.060000
o 46751 31.060000
o 46750 31.060000
o 46749 31.070000
o 46748 31.070000
o 46747 31.270000
o 46746 31.270000
o 46745 31.280000
o 46744 31.290000
o 46743 31.290000
o 46742 31.300000
o 46741 31.300000
o 46740 31.310000
o 46739 31.310000
o 46738 31.320000
o 46737 31.350000
o 46736 31.360000
o 46735 31.360000
o 46734 31.360000
o 46733 31.380000
o 46732 31.400000
o 46731 31.400000
o 46730 31.410000
o 46729 31.420000
o 46728 31.430000
o 46727 31.440000
o 46726 31.450000
o 46725 31.460000
o 46724 31.460000
o 46723 31.470000
o 46722 31.490000
o 46721 31.490000
o 46720 31.690000
o 46719 31.710000
o 46718 31.710000
o 46717 31.710000
o 46716 31.730000
o 46715 31.730000
o 46714 31.740000
o 46713 31.780000
o 46712 31.800000
o 46711 31.810000
o 46710 31.850000
o 46709 31.860000
o 46708 31.870000
o 46707 31.870000
o 46706 31.890000
o 46705 31.900000
o 46704 32.070000
o 46703 32.070000
o 46702 32.080000
o 46701 32.090000
o 46700 32.130000
o 46699 32.140000
o 46698 32.150000
o 46697 32.200000
o 46696 32.350000
o 46695 32.360000
o 46694 32.380000
o 46693 32.510000
o 46692 32.580000
o 46691 42.670000
o 46690 42.780000
o 46689 42.790000
o 46688 42.810000
o 46687 42.870000
o 46686 42.910000
o 46685 42.930000
o 46684 42.950000
o 46683 44.510000
o 46682 44.610000
o 46681 44.610000
o 46680 44.650000
o 46679 44.810000
o 46678 45.120000
o 46677 45.140000
o 46676 45.160000
o 46675 47.310000
o 46674 47.330000
o 46673 49.000000
o 46672 49.270000
o 46671 49.330000
o 46670 50.210000
o 46669 50.260000
o 46668 50.510000
o 46667 90.480000
o 46666 90.780000
46666	90.780000
abstraction-refinement-downcast-avrora
o 51984 24.550000
o 46813 25.480000
o 46812 25.500000
o 46811 25.520000
o 46810 25.530000
o 46809 25.530000
o 46808 25.530000
o 46807 25.620000
o 46806 25.620000
o 46805 25.630000
o 46804 25.630000
o 46803 25.630000
o 46802 25.640000
o 46801 25.640000
o 46800 25.650000
o 46799 25.650000
o 46798 25.650000
o 46797 25.650000
o 46795 25.660000
o 46794 25.660000
o 46793 25.670000
o 46792 25.670000
o 46791 25.670000
o 46790 25.680000
o 46789 25.680000
o 46788 25.680000
o 46787 25.680000
o 46786 25.690000
o 46785 25.690000
o 46784 25.690000
o 46783 25.700000
o 46782 25.700000
o 46781 25.700000
o 46780 25.710000
o 46779 25.710000
o 46778 25.720000
o 46777 25.720000
o 46776 25.720000
o 46775 25.720000
o 46774 25.730000
o 46773 25.730000
o 46772 25.730000
o 46771 25.740000
o 46770 25.740000
o 46769 25.750000
o 46768 25.750000
o 46767 25.750000
o 46766 25.770000
o 46765 25.770000
o 46764 25.780000
o 46763 25.780000
o 46762 25.780000
o 46761 25.790000
o 46760 25.790000
o 46759 25.880000
o 46758 25.880000
o 46757 25.890000
o 46756 25.900000
o 46755 25.910000
o 46754 25.910000
o 46753 25.920000
o 46752 25.920000
o 46751 25.930000
o 46750 25.930000
o 46749 25.930000
o 46748 25.940000
o 46747 26.040000
o 46746 26.050000
o 46745 26.050000
o 46744 26.060000
o 46743 26.060000
o 46742 26.070000
o 46741 26.080000
o 46740 26.090000
o 46739 26.100000
o 46738 26.110000
o 46737 26.130000
o 46736 26.130000
o 46735 26.140000
o 46734 26.150000
o 46733 26.210000
o 46732 26.220000
o 46731 26.270000
o 46730 26.270000
o 46729 26.300000
o 46728 26.370000
o 46727 26.380000
o 46726 26.380000
o 46725 27.580000
o 46724 27.580000
o 46723 27.600000
o 46722 27.630000
o 46721 27.690000
o 46720 27.690000
o 46719 27.800000
o 46718 27.860000
o 46717 27.860000
o 46716 28.180000
o 46715 28.240000
o 46714 28.550000
o 46713 28.870000
o 46712 28.960000
o 46711 29.000000
o 46710 29.140000
o 46709 29.140000
o 46708 29.150000
o 46707 29.290000
o 46706 29.500000
o 46705 29.510000
o 46704 29.570000
o 46703 29.580000
o 46702 29.590000
o 46701 29.610000
o 46700 29.610000
o 46699 29.630000
o 46698 29.820000
o 46697 29.840000
o 46696 30.380000
o 46695 30.380000
o 46694 30.560000
o 46693 30.590000
o 46692 30.610000
o 46691 30.620000
o 46690 30.630000
o 46689 30.640000
o 46688 30.650000
o 46687 30.660000
o 46686 30.740000
o 46685 35.990000
o 46684 36.000000
o 46683 36.010000
o 46682 36.030000
o 46681 36.030000
o 46680 36.100000
o 46679 36.120000
o 46678 36.130000
o 46677 36.130000
o 46676 36.170000
o 46675 36.170000
o 46674 36.180000
o 46673 85.670000
o 46672 85.720000
o 46671 85.750000
o 46670 85.770000
o 46669 85.810000
o 46668 85.930000
o 46667 86.280000
o 46666 86.680000
o 46665 89.320000
o 46664 89.960000
o 46663 90.120000
o 46662 157.400000
46662	157.400000
abstraction-refinement-downcast-avrora
o 62304 30.450000
o 46777 31.570000
o 46776 31.590000
o 46775 31.610000
o 46774 31.670000
o 46773 31.670000
o 46772 31.700000
o 46771 31.700000
o 46770 31.710000
o 46769 31.720000
o 46768 31.750000
o 46767 31.780000
o 46766 31.790000
o 46765 31.830000
o 46764 31.840000
o 46763 31.850000
o 46762 31.870000
o 46761 31.870000
o 46760 31.900000
o 46759 31.910000
o 46758 31.910000
o 46757 31.910000
o 46756 31.910000
o 46755 31.950000
o 46754 31.950000
o 46753 31.980000
o 46752 32.010000
o 46751 32.030000
o 46750 32.040000
o 46749 32.040000
o 46748 32.050000
o 46747 32.130000
o 46746 32.140000
o 46745 32.140000
o 46744 32.160000
o 46743 32.160000
o 46742 32.160000
o 46741 32.170000
o 46740 32.170000
o 46739 32.230000
o 46738 32.240000
o 46737 32.240000
o 46736 32.250000
o 46735 32.260000
o 46734 32.260000
o 46733 32.270000
o 46732 32.270000
o 46731 32.280000
o 46730 32.280000
o 46729 32.280000
o 46728 32.300000
o 46727 32.300000
o 46726 32.310000
o 46725 32.310000
o 46724 32.310000
o 46723 32.320000
o 46722 32.380000
o 46721 32.380000
o 46720 32.390000
o 46719 32.420000
o 46718 32.430000
o 46717 32.440000
o 46716 32.460000
o 46715 32.460000
o 46714 32.470000
o 46713 32.500000
o 46712 32.510000
o 46711 32.520000
o 46710 32.520000
o 46709 32.550000
o 46708 32.560000
o 46707 32.590000
o 46706 32.650000
o 46705 32.710000
o 46704 32.720000
o 46703 32.880000
o 46702 32.880000
o 46701 32.890000
o 46700 32.900000
o 46699 32.940000
o 46698 32.960000
o 46697 32.970000
o 46696 32.990000
o 46695 32.990000
o 46694 33.010000
o 46693 33.020000
o 46692 33.050000
o 46691 33.060000
o 46690 38.400000
o 46689 39.400000
o 46688 39.480000
o 46687 39.780000
o 46686 39.850000
o 46685 39.850000
o 46684 39.860000
o 46683 39.860000
o 46682 39.900000
o 46681 40.300000
o 46680 40.620000
o 46679 40.650000
o 46678 40.860000
o 46677 40.960000
o 46676 41.130000
o 46675 41.230000
o 46674 41.250000
o 46673 41.370000
o 46672 41.430000
o 46671 41.460000
o 46670 42.300000
o 46669 42.340000
o 46668 97.160000
46668	97.160000
abstraction-refinement-downcast-avrora
o 46833 38.580000
o 46832 39.730000
o 46831 39.800000
o 46830 39.800000
o 46829 39.810000
o 46828 39.820000
o 46826 39.820000
o 46825 39.830000
o 46824 39.850000
o 46823 39.870000
o 46822 39.910000
o 46821 39.920000
o 46820 39.920000
o 46819 39.930000
o 46818 39.960000
o 46817 39.970000
o 46816 39.970000
o 46815 39.980000
o 46814 39.980000
o 46813 39.990000
o 46812 39.990000
o 46811 40.000000
o 46810 40.000000
o 46809 40.010000
o 46808 40.010000
o 46807 40.020000
o 46806 40.030000
o 46805 40.030000
o 46804 40.040000
o 46803 40.040000
o 46802 40.050000
o 46794 40.120000
o 46793 40.120000
o 46792 40.130000
o 46791 40.130000
o 46790 40.130000
o 46789 40.140000
o 46788 40.140000
o 46787 40.150000
o 46786 40.150000
o 46785 40.160000
o 46784 40.180000
o 46783 40.190000
o 46782 40.190000
o 46781 40.200000
o 46780 40.220000
o 46779 40.230000
o 46778 40.230000
o 46777 40.240000
o 46776 40.260000
o 46775 40.270000
o 46774 40.310000
o 46773 40.320000
o 46772 40.330000
o 46771 40.350000
o 46770 40.360000
o 46769 40.360000
o 46768 40.370000
o 46767 40.370000
o 46766 40.380000
o 46765 40.380000
o 46764 40.390000
o 46763 40.400000
o 46762 40.510000
o 46761 40.520000
o 46760 40.530000
o 46759 40.530000
o 46758 40.540000
o 46757 40.570000
o 46756 40.570000
o 46755 40.580000
o 46754 40.580000
o 46753 40.670000
o 46752 40.680000
o 46751 40.780000
o 46750 40.790000
o 46749 40.790000
o 46748 40.800000
o 46747 40.830000
o 46746 40.840000
o 46745 40.840000
o 46744 40.850000
o 46743 40.880000
o 46742 40.890000
o 46741 40.890000
o 46740 40.930000
o 46739 40.930000
o 46738 40.950000
o 46737 41.090000
o 46736 41.090000
o 46735 41.130000
o 46734 41.130000
o 46733 41.150000
o 46732 41.160000
o 46731 41.180000
o 46730 41.200000
o 46729 41.200000
o 46728 42.170000
o 46727 42.170000
o 46726 42.220000
o 46725 42.220000
o 46724 42.240000
o 46723 43.270000
o 46722 43.340000
o 46721 43.990000
o 46720 44.190000
o 46719 44.220000
o 46718 44.280000
o 46717 44.290000
o 46716 44.300000
o 46715 44.320000
o 46714 44.430000
o 46713 44.450000
o 46712 44.480000
o 46711 44.530000
o 46710 45.890000
o 46709 45.950000
o 46708 45.970000
o 46707 46.260000
o 46706 46.570000
o 46705 46.590000
o 46704 46.590000
o 46703 46.610000
o 46702 46.640000
o 46701 46.800000
o 46700 46.820000
o 46699 46.950000
o 46698 46.970000
o 46697 47.040000
o 46696 47.080000
o 46695 47.410000
o 46694 47.780000
o 46693 47.840000
o 46692 47.900000
o 46691 47.930000
o 46690 48.140000
o 46689 48.160000
o 46688 49.680000
o 46687 49.680000
o 46686 49.720000
o 46685 49.760000
o 46684 49.850000
o 46683 50.110000
o 46682 50.120000
o 46681 50.120000
o 46680 50.130000
o 46679 50.590000
o 46678 50.590000
o 46677 50.610000
o 46676 108.360000
o 46675 110.600000
o 46674 110.790000
o 46673 110.920000
o 46672 110.950000
o 46671 111.810000
o 46670 112.500000
o 46669 112.500000
46669	112.500000
abstraction-refinement-downcast-avrora
o 77850 25.870000
o 46792 26.830000
o 46791 26.840000
o 46790 26.850000
o 46789 26.850000
o 46788 26.850000
o 46787 26.890000
o 46786 26.890000
o 46785 26.900000
o 46784 26.920000
o 46783 26.930000
o 46782 26.930000
o 46781 26.930000
o 46780 26.940000
o 46779 26.940000
o 46778 26.940000
o 46777 26.950000
o 46776 26.950000
o 46775 26.960000
o 46774 26.960000
o 46773 26.970000
o 46772 26.970000
o 46771 26.970000
o 46770 26.980000
o 46769 26.980000
o 46768 26.980000
o 46767 27.010000
o 46766 27.010000
o 46765 27.010000
o 46764 27.020000
o 46763 27.020000
o 46762 27.030000
o 46761 27.030000
o 46760 27.030000
o 46759 27.040000
o 46758 27.040000
o 46757 27.100000
o 46756 27.100000
o 46755 27.100000
o 46754 27.210000
o 46753 27.220000
o 46752 27.220000
o 46751 27.230000
o 46750 27.230000
o 46749 27.240000
o 46748 27.240000
o 46747 27.250000
o 46746 27.250000
o 46745 27.300000
o 46744 27.310000
o 46743 27.320000
o 46742 27.340000
o 46741 27.360000
o 46740 27.360000
o 46739 27.370000
o 46738 27.370000
o 46737 27.380000
o 46736 27.380000
o 46735 27.390000
o 46734 27.390000
o 46733 27.390000
o 46732 27.400000
o 46731 27.410000
o 46730 27.450000
o 46729 27.450000
o 46728 27.470000
o 46727 27.480000
o 46726 27.480000
o 46725 27.520000
o 46724 27.520000
o 46723 27.560000
o 46722 27.570000
o 46721 27.580000
o 46720 27.590000
o 46719 27.600000
o 46718 27.600000
o 46717 27.610000
o 46716 27.610000
o 46715 27.620000
o 46714 27.630000
o 46713 27.630000
o 46712 27.640000
o 46711 27.640000
o 46710 27.650000
o 46709 27.650000
o 46708 27.910000
o 46707 27.910000
o 46706 27.920000
o 46705 27.920000
o 46704 27.960000
o 46703 28.000000
o 46702 28.060000
o 46701 28.080000
o 46700 32.020000
o 46699 32.020000
o 46698 32.040000
o 46697 32.050000
o 46696 32.170000
o 46695 32.180000
o 46694 32.190000
o 46693 32.190000
o 46692 32.230000
o 46691 32.890000
o 46690 32.900000
o 46689 32.990000
o 46688 33.000000
o 46687 33.310000
o 46686 33.320000
o 46685 34.760000
o 46684 34.780000
o 46683 34.810000
o 46682 34.810000
o 46681 34.840000
o 46680 34.890000
o 46679 34.900000
o 46678 35.110000
o 46677 35.140000
o 46676 35.220000
o 46675 35.230000
o 46674 42.070000
o 46673 42.210000
o 46672 43.470000
o 46671 44.370000
o 46670 44.370000
o 46669 44.400000
o 46668 45.510000
o 46667 144.210000
o 46666 144.220000
o 46665 144.230000
o 46664 144.300000
o 46663 255.610000
o 46662 255.620000
o 46661 255.630000
o 46660 256.190000
o 46659 257.010000
o 46658 257.040000
o 46657 257.280000
46657	257.280000
abstraction-refinement-downcast-avrora
o 51968 27.230000
o 46794 28.140000
o 46793 28.260000
o 46792 28.260000
o 46791 28.280000
o 46790 28.310000
o 46789 28.320000
o 46788 28.320000
o 46787 28.320000
o 46786 28.360000
o 46785 28.360000
o 46784 28.360000
o 46783 28.370000
o 46782 28.370000
o 46781 28.380000
o 46780 28.380000
o 46779 28.380000
o 46778 28.390000
o 46777 28.390000
o 46776 28.390000
o 46775 28.390000
o 46774 28.400000
o 46773 28.400000
o 46772 28.400000
o 46771 28.410000
o 46770 28.410000
o 46769 28.410000
o 46768 28.420000
o 46767 28.420000
o 46766 28.420000
o 46765 28.430000
o 46764 28.430000
o 46763 28.430000
o 46762 28.440000
o 46761 28.440000
o 46760 28.440000
o 46759 28.450000
o 46758 28.480000
o 46757 28.480000
o 46756 28.480000
o 46755 28.490000
o 46754 28.550000
o 46753 28.560000
o 46752 28.560000
o 46751 28.560000
o 46750 28.570000
o 46749 28.570000
o 46748 28.570000
o 46747 28.580000
o 46746 28.590000
o 46745 28.590000
o 46744 28.600000
o 46743 28.600000
o 46742 28.610000
o 46741 28.610000
o 46740 28.610000
o 46739 28.660000
o 46738 28.660000
o 46737 28.680000
o 46736 28.680000
o 46735 28.680000
o 46734 28.690000
o 46733 28.720000
o 46732 28.800000
o 46731 28.800000
o 46730 28.810000
o 46729 28.810000
o 46728 28.820000
o 46727 29.020000
o 46726 29.070000
o 46725 29.100000
o 46724 29.100000
o 46723 29.240000
o 46722 29.240000
o 46721 29.260000
o 46720 29.270000
o 46719 29.310000
o 46718 29.310000
o 46717 29.320000
o 46716 29.450000
o 46715 29.450000
o 46714 29.460000
o 46713 29.500000
o 46712 29.500000
o 46711 29.510000
o 46710 29.510000
o 46709 29.530000
o 46708 29.530000
o 46707 29.530000
o 46706 29.540000
o 46705 29.550000
o 46704 29.550000
o 46703 29.560000
o 46702 32.100000
o 46701 32.120000
o 46700 32.160000
o 46699 32.290000
o 46698 32.290000
o 46697 32.300000
o 46696 32.310000
o 46695 32.450000
o 46694 32.460000
o 46693 33.130000
o 46692 33.240000
o 46691 34.250000
o 46690 34.290000
o 46689 34.310000
o 46688 34.310000
o 46687 34.310000
o 46686 34.350000
o 46685 34.360000
o 46684 34.370000
o 46683 34.380000
o 46682 34.410000
o 46681 34.470000
o 46680 34.480000
o 46679 34.520000
o 46678 34.530000
o 46677 34.540000
o 46676 34.630000
o 46675 34.650000
o 46674 34.670000
o 46673 34.690000
o 46672 34.800000
o 46671 131.420000
o 46670 131.450000
o 46669 131.930000
o 46668 132.070000
o 46667 132.090000
o 46666 132.110000
o 46665 132.120000
o 46664 132.170000
o 46663 132.400000
o 46662 132.460000
o 46661 132.490000
46661	132.490000
abstraction-refinement-downcast-avrora
o 57158 36.000000
o 46809 37.160000
o 46808 37.240000
o 46807 37.240000
o 46806 37.240000
o 46805 37.250000
o 46804 37.330000
o 46803 37.340000
o 46802 37.340000
o 46801 37.350000
o 46800 37.350000
o 46799 37.350000
o 46798 37.360000
o 46797 37.360000
o 46796 37.370000
o 46795 37.370000
o 46794 37.380000
o 46793 37.380000
o 46792 37.380000
o 46791 37.390000
o 46790 37.390000
o 46789 37.390000
o 46788 37.400000
o 46787 37.400000
o 46786 37.400000
o 46785 37.400000
o 46784 37.410000
o 46783 37.410000
o 46782 37.420000
o 46781 37.420000
o 46780 37.420000
o 46779 37.430000
o 46778 37.430000
o 46777 37.430000
o 46776 37.450000
o 46775 37.460000
o 46774 37.460000
o 46773 37.460000
o 46772 37.470000
o 46771 37.470000
o 46770 37.470000
o 46769 37.480000
o 46768 37.480000
o 46767 37.480000
o 46766 37.490000
o 46765 37.490000
o 46764 37.490000
o 46763 37.500000
o 46762 37.500000
o 46761 37.500000
o 46760 37.510000
o 46759 37.510000
o 46758 37.520000
o 46757 37.520000
o 46756 37.520000
o 46755 37.530000
o 46754 37.530000
o 46753 37.540000
o 46752 37.540000
o 46751 37.550000
o 46750 37.640000
o 46749 37.660000
o 46748 37.660000
o 46747 37.670000
o 46746 37.670000
o 46745 37.670000
o 46744 37.680000
o 46743 37.680000
o 46742 37.690000
o 46741 37.700000
o 46740 37.700000
o 46739 37.750000
o 46738 37.750000
o 46737 37.760000
o 46736 37.770000
o 46735 37.780000
o 46734 37.780000
o 46733 37.790000
o 46732 37.800000
o 46731 37.800000
o 46730 37.800000
o 46729 37.870000
o 46728 37.900000
o 46727 37.970000
o 46726 37.970000
o 46725 37.980000
o 46724 37.990000
o 46723 38.000000
o 46722 38.010000
o 46721 38.010000
o 46720 38.020000
o 46719 38.030000
o 46718 38.030000
o 46717 38.040000
o 46716 38.050000
o 46715 38.080000
o 46714 38.090000
o 46713 38.110000
o 46712 38.120000
o 46711 38.130000
o 46710 38.140000
o 46709 38.140000
o 46708 38.220000
o 46707 38.220000
o 46706 38.230000
o 46705 38.270000
o 46704 38.290000
o 46703 38.300000
o 46702 38.300000
o 46701 44.560000
o 46700 44.580000
o 46699 44.590000
o 46698 44.600000
o 46697 44.610000
o 46696 44.660000
o 46695 44.720000
o 46694 44.750000
o 46693 44.750000
o 46692 44.880000
o 46691 44.890000
o 46690 44.940000
o 46689 44.960000
o 46688 46.270000
o 46687 46.270000
o 46686 46.280000
o 46685 46.430000
o 46684 46.430000
o 46683 46.470000
o 46682 46.680000
o 46681 53.010000
o 46680 53.020000
o 46679 53.070000
o 46678 53.290000
o 46677 53.340000
o 46676 53.390000
o 46675 53.420000
o 46674 53.690000
o 46673 54.290000
o 46672 54.340000
o 46671 54.420000
o 46670 54.430000
o 46669 54.470000
o 46668 134.020000
o 46667 134.090000
o 46666 134.100000
o 46665 134.180000
o 46664 294.060000
o 46663 294.080000
o 46662 294.170000
46662	294.170000
abstraction-refinement-downcast-avrora
o 46773 31.110000
o 46772 32.380000
o 46771 32.390000
o 46770 32.390000
o 46769 32.390000
o 46768 32.400000
o 46767 32.410000
o 46766 32.410000
o 46765 32.420000
o 46764 32.420000
o 46763 32.420000
o 46762 32.430000
o 46761 32.430000
o 46760 32.430000
o 46759 32.440000
o 46758 32.440000
o 46757 32.450000
o 46756 32.450000
o 46755 32.450000
o 46754 32.460000
o 46753 32.460000
o 46752 32.460000
o 46751 32.490000
o 46750 32.500000
o 46749 32.500000
o 46748 32.510000
o 46747 32.520000
o 46746 32.540000
o 46745 32.540000
o 46744 32.550000
o 46743 32.550000
o 46742 32.560000
o 46741 32.570000
o 46740 32.580000
o 46739 32.580000
o 46738 32.580000
o 46737 32.590000
o 46736 32.590000
o 46735 32.590000
o 46734 32.620000
o 46733 32.630000
o 46732 32.640000
o 46731 32.650000
o 46730 32.660000
o 46729 32.660000
o 46728 32.680000
o 46727 32.850000
o 46726 32.860000
o 46725 32.860000
o 46724 32.870000
o 46723 32.880000
o 46722 32.890000
o 46721 32.900000
o 46720 32.910000
o 46719 32.910000
o 46718 32.930000
o 46717 32.990000
o 46716 33.020000
o 46715 33.080000
o 46714 33.090000
o 46713 33.100000
o 46712 33.680000
o 46711 33.690000
o 46710 33.690000
o 46709 33.750000
o 46708 33.760000
o 46707 33.760000
o 46706 33.760000
o 46705 33.780000
o 46704 33.800000
o 46703 33.810000
o 46702 33.850000
o 46701 33.870000
o 46700 33.880000
o 46699 36.830000
o 46698 36.830000
o 46697 36.900000
o 46696 36.910000
o 46695 36.930000
o 46694 36.940000
o 46693 37.000000
o 46692 37.010000
o 46691 37.050000
o 46690 37.070000
o 46689 39.640000
o 46688 42.700000
o 46687 42.760000
o 46686 43.230000
o 46685 43.250000
o 46684 43.280000
o 46683 43.370000
o 46682 43.510000
o 46681 43.510000
o 46680 43.550000
o 46679 43.880000
o 46678 43.890000
o 46677 43.960000
o 46676 46.080000
o 46675 46.130000
o 46674 46.140000
o 46673 46.150000
o 46672 46.320000
o 46671 46.630000
o 46670 46.720000
o 46669 230.380000
o 46668 230.460000
o 46667 232.170000
o 46666 232.170000
o 46665 232.770000
46665	232.770000
abstraction-refinement-downcast-avrora
o 67549 27.140000
o 46843 28.020000
o 46842 28.030000
o 46841 28.030000
o 46839 28.080000
o 46838 28.080000
o 46837 28.090000
o 46836 28.100000
o 46835 28.100000
o 46834 28.110000
o 46833 28.240000
o 46832 28.240000
o 46831 28.240000
o 46830 28.250000
o 46829 28.250000
o 46828 28.250000
o 46827 28.260000
o 46826 28.260000
o 46825 28.260000
o 46824 28.270000
o 46823 28.270000
o 46822 28.280000
o 46821 28.290000
o 46820 28.290000
o 46819 28.290000
o 46818 28.300000
o 46817 28.300000
o 46816 28.300000
o 46815 28.310000
o 46814 28.320000
o 46813 28.320000
o 46812 28.320000
o 46811 28.360000
o 46810 28.380000
o 46809 28.380000
o 46808 28.390000
o 46807 28.390000
o 46806 28.400000
o 46805 28.400000
o 46804 28.400000
o 46803 28.410000
o 46802 28.420000
o 46801 28.420000
o 46800 28.440000
o 46799 28.440000
o 46798 28.450000
o 46797 28.450000
o 46796 28.450000
o 46795 28.460000
o 46794 28.470000
o 46793 28.470000
o 46792 28.470000
o 46791 28.480000
o 46790 28.490000
o 46789 28.490000
o 46788 28.500000
o 46787 28.500000
o 46786 28.510000
o 46785 28.510000
o 46784 28.510000
o 46783 28.520000
o 46782 28.520000
o 46781 28.530000
o 46780 28.530000
o 46779 28.550000
o 46778 28.550000
o 46777 28.560000
o 46776 28.560000
o 46775 28.570000
o 46774 28.580000
o 46773 28.590000
o 46772 28.610000
o 46771 28.610000
o 46770 28.620000
o 46769 28.620000
o 46768 28.620000
o 46767 28.630000
o 46766 28.640000
o 46765 28.650000
o 46764 28.710000
o 46763 28.720000
o 46762 28.720000
o 46761 28.800000
o 46760 28.800000
o 46759 28.840000
o 46758 28.840000
o 46757 28.880000
o 46756 28.890000
o 46755 28.950000
o 46754 28.950000
o 46753 29.390000
o 46752 29.400000
o 46751 29.410000
o 46750 29.420000
o 46749 29.430000
o 46748 29.480000
o 46747 29.480000
o 46746 29.490000
o 46745 29.530000
o 46744 29.530000
o 46743 29.540000
o 46742 29.660000
o 46741 29.670000
o 46740 29.680000
o 46739 29.790000
o 46738 29.810000
o 46737 29.810000
o 46736 29.820000
o 46735 29.820000
o 46734 29.830000
o 46733 29.830000
o 46732 29.840000
o 46731 29.840000
o 46730 29.850000
o 46729 29.880000
o 46728 29.890000
o 46727 29.920000
o 46726 29.980000
o 46725 30.010000
o 46724 30.030000
o 46723 31.720000
o 46722 31.750000
o 46721 31.760000
o 46720 31.800000
o 46719 31.870000
o 46718 31.870000
o 46717 31.880000
o 46716 31.890000
o 46715 31.890000
o 46714 31.900000
o 46713 31.900000
o 46712 31.960000
o 46711 32.140000
o 46710 32.180000
o 46709 32.180000
o 46708 32.540000
o 46707 32.540000
o 46706 32.720000
o 46705 32.720000
o 46704 32.880000
o 46703 32.890000
o 46702 32.890000
o 46701 32.980000
o 46700 33.020000
o 46699 33.290000
o 46698 33.300000
o 46697 33.370000
o 46696 33.380000
o 46695 33.420000
o 46694 33.490000
o 46693 33.510000
o 46692 33.840000
o 46691 33.850000
o 46690 33.870000
o 46689 33.870000
o 46688 36.010000
o 46687 36.030000
o 46686 36.040000
o 46685 39.920000
o 46684 39.920000
o 46683 39.920000
o 46682 39.940000
o 46681 40.170000
o 46680 40.190000
o 46679 43.520000
o 46678 81.550000
o 46677 81.550000
o 46676 81.560000
o 46675 81.560000
o 46674 81.720000
o 46673 83.730000
o 46672 83.770000
o 46671 83.790000
o 46670 84.220000
46670	84.220000
abstraction-refinement-downcast-avrora
o 46826 38.240000
o 46825 39.590000
o 46824 39.600000
o 46823 39.600000
o 46822 39.610000
o 46821 39.610000
o 46820 39.610000
o 46819 39.610000
o 46818 39.660000
o 46817 39.680000
o 46816 39.680000
o 46815 39.690000
o 46814 39.690000
o 46813 39.690000
o 46812 39.700000
o 46811 39.700000
o 46810 39.710000
o 46809 39.720000
o 46808 39.720000
o 46807 39.720000
o 46806 39.720000
o 46805 39.720000
o 46804 39.730000
o 46803 39.730000
o 46802 39.730000
o 46801 39.740000
o 46800 39.740000
o 46799 39.750000
o 46798 39.750000
o 46797 39.750000
o 46796 39.760000
o 46795 39.760000
o 46794 39.770000
o 46793 39.770000
o 46792 39.780000
o 46791 39.790000
o 46790 39.790000
o 46789 39.790000
o 46788 39.800000
o 46787 39.800000
o 46786 39.830000
o 46785 39.840000
o 46784 39.840000
o 46783 39.840000
o 46782 39.850000
o 46781 39.850000
o 46780 39.850000
o 46779 39.860000
o 46778 39.880000
o 46777 39.900000
o 46776 39.910000
o 46775 39.930000
o 46774 39.930000
o 46773 39.930000
o 46772 39.940000
o 46771 39.940000
o 46770 39.950000
o 46769 39.950000
o 46768 39.950000
o 46767 39.990000
o 46766 40.000000
o 46765 40.040000
o 46764 40.050000
o 46763 40.050000
o 46762 40.050000
o 46761 40.060000
o 46760 40.090000
o 46759 40.100000
o 46758 40.110000
o 46757 40.110000
o 46756 40.210000
o 46755 40.210000
o 46754 40.220000
o 46753 40.230000
o 46752 40.240000
o 46751 40.310000
o 46750 40.320000
o 46749 40.390000
o 46748 40.400000
o 46747 40.400000
o 46746 40.580000
o 46745 40.650000
o 46744 40.660000
o 46743 40.700000
o 46742 40.710000
o 46741 40.720000
o 46740 40.730000
o 46739 40.750000
o 46738 40.840000
o 46737 40.860000
o 46736 43.460000
o 46735 43.470000
o 46734 43.490000
o 46733 43.510000
o 46732 43.550000
o 46731 43.560000
o 46730 43.690000
o 46729 43.700000
o 46728 43.710000
o 46727 43.750000
o 46726 43.750000
o 46725 43.770000
o 46724 43.790000
o 46723 43.810000
o 46722 43.820000
o 46721 43.830000
o 46720 43.870000
o 46719 43.890000
o 46718 43.900000
o 46717 43.910000
o 46716 43.940000
o 46715 43.950000
o 46714 43.960000
o 46713 44.020000
o 46712 44.030000
o 46711 44.040000
o 46710 44.180000
o 46709 44.190000
o 46708 44.350000
o 46707 44.360000
o 46706 44.360000
o 46705 44.440000
o 46704 44.940000
o 46703 47.250000
o 46702 47.260000
o 46701 47.260000
o 46700 47.270000
o 46699 47.280000
o 46698 47.280000
o 46697 47.290000
o 46696 47.290000
o 46695 47.300000
o 46694 47.310000
o 46693 47.330000
o 46692 47.350000
o 46691 47.360000
o 46690 47.380000
o 46689 52.560000
o 46688 52.570000
o 46687 57.460000
o 46686 57.850000
o 46685 57.860000
o 46684 57.860000
o 46683 57.930000
o 46682 59.350000
o 46681 59.350000
o 46680 60.520000
o 46679 60.540000
o 46678 60.560000
o 46677 60.670000
o 46676 60.710000
o 46675 60.750000
o 46674 60.800000
o 46673 61.040000
o 46672 61.110000
o 46671 61.150000
o 46670 66.070000
o 46669 66.140000
o 46668 66.180000
o 46667 66.190000
o 46666 66.370000
46666	66.370000
