correlation-clustering-Rounded_CorrelationClustering_Protein3_TRANSITIVE_N280
o 53937177 6.410000
o 20628070 7.360000
o 19936808 285.040000
o 19924420 293.860000
19924420	293.860000
correlation-clustering-Rounded_CorrelationClustering_Protein3_TRANSITIVE_N280
o 28108074 7.010000
o 19932723 8.030000
19932723	8.030000
correlation-clustering-Rounded_CorrelationClustering_Protein3_TRANSITIVE_N280
o 30952967 7.230000
o 20009345 8.610000
o 20009139 8.620000
20009139	8.620000
correlation-clustering-Rounded_CorrelationClustering_Protein3_TRANSITIVE_N280
o 48073669 7.210000
o 19908563 8.440000
o 19896677 8.470000
19896677	8.470000
correlation-clustering-Rounded_CorrelationClustering_Protein3_TRANSITIVE_N280
o 37435459 7.530000
o 20384940 8.420000
o 20373054 8.470000
20373054	8.470000
correlation-clustering-Rounded_CorrelationClustering_Protein3_TRANSITIVE_N280
o 33822590 7.790000
o 19930455 8.980000
o 19918569 9.020000
o 19906181 102.660000
19906181	102.660000
correlation-clustering-Rounded_CorrelationClustering_Protein3_TRANSITIVE_N280
o 32855303 6.410000
o 20221844 7.380000
o 20192773 7.390000
o 20192689 7.450000
20192689	7.450000
correlation-clustering-Rounded_CorrelationClustering_Protein3_TRANSITIVE_N280
o 27922149 8.470000
o 19936408 10.010000
o 19930729 10.100000
o 19915952 10.210000
o 19905624 10.210000
o 19905540 10.360000
19905540	10.360000
correlation-clustering-Rounded_CorrelationClustering_Protein3_TRANSITIVE_N280
o 35883397 7.570000
o 19985360 8.750000
o 19973474 8.830000
o 19869174 288.950000
o 19869090 288.960000
19869090	288.960000
correlation-clustering-Rounded_CorrelationClustering_Protein3_TRANSITIVE_N280
o 29584944 6.860000
o 19939015 7.760000
19939015	7.760000
