decision-tree-heart-cleveland-un-formula_0.8_2021_atleast_31_max-4_reduced_incomplete_adaboost_6
o 312 0.530000
o 306 0.540000
o 259 0.840000
o 242 1.070000
o 223 8.340000
o 217 124.630000
217	124.630000
decision-tree-heart-cleveland-un-formula_0.8_2021_atleast_31_max-4_reduced_incomplete_adaboost_6
o 311 0.510000
o 257 0.810000
o 246 2.750000
o 242 5.810000
o 219 17.310000
219	17.310000
decision-tree-heart-cleveland-un-formula_0.8_2021_atleast_31_max-4_reduced_incomplete_adaboost_6
o 453 0.550000
o 347 0.850000
o 265 1.010000
o 242 1.430000
o 223 2.750000
o 219 35.360000
o 216 118.240000
216	118.240000
decision-tree-heart-cleveland-un-formula_0.8_2021_atleast_31_max-4_reduced_incomplete_adaboost_6
o 336 0.510000
o 321 0.530000
o 315 0.530000
o 301 1.230000
o 242 1.240000
o 221 3.200000
o 218 17.510000
o 214 95.910000
o 208 126.470000
208	126.470000
decision-tree-heart-cleveland-un-formula_0.8_2021_atleast_31_max-4_reduced_incomplete_adaboost_6
o 289 0.630000
o 281 0.840000
o 242 1.050000
o 240 5.020000
o 235 5.030000
o 223 13.570000
o 216 18.050000
216	18.050000
decision-tree-heart-cleveland-un-formula_0.8_2021_atleast_31_max-4_reduced_incomplete_adaboost_6
o 279 0.450000
o 266 1.370000
o 242 2.030000
o 240 7.270000
o 234 19.600000
o 226 39.390000
o 224 44.590000
o 223 76.390000
o 219 89.760000
219	89.760000
decision-tree-heart-cleveland-un-formula_0.8_2021_atleast_31_max-4_reduced_incomplete_adaboost_6
o 438 0.530000
o 349 0.760000
o 242 0.770000
o 240 1.080000
o 218 18.210000
o 216 35.440000
216	35.440000
decision-tree-heart-cleveland-un-formula_0.8_2021_atleast_31_max-4_reduced_incomplete_adaboost_6
o 379 0.440000
o 349 0.670000
o 347 0.810000
o 246 0.850000
o 242 1.010000
o 240 11.100000
o 235 20.690000
o 226 37.780000
o 223 47.200000
o 221 137.390000
o 220 188.800000
o 219 244.540000
219	244.540000
decision-tree-heart-cleveland-un-formula_0.8_2021_atleast_31_max-4_reduced_incomplete_adaboost_6
o 408 0.560000
o 242 0.860000
o 240 3.520000
o 226 21.930000
o 219 104.560000
o 207 199.230000
207	199.230000
decision-tree-heart-cleveland-un-formula_0.8_2021_atleast_31_max-4_reduced_incomplete_adaboost_6
o 281 0.530000
o 265 0.840000
o 257 1.070000
o 235 2.130000
o 223 27.160000
o 219 27.720000
219	27.720000
