MaxSATQueriesinInterpretableClassifiers-pima_train_6_CNF_3_20
o 4668 0.000000
o 3568 0.010000
o 3548 0.010000
o 3528 0.010000
o 3502 8.090000
o 3412 8.090000
o 3409 8.090000
o 3390 8.100000
o 3389 8.360000
o 3369 8.640000
o 3349 8.690000
o 3329 8.700000
o 3276 16.500000
o 3131 25.450000
o 2986 33.710000
o 2880 110.640000
2880	110.640000
MaxSATQueriesinInterpretableClassifiers-pima_train_6_CNF_3_20
o 3409 0.000000
o 3236 0.000000
o 2895 8.870000
o 2876 8.870000
o 2857 8.870000
o 2837 8.870000
o 2819 8.870000
o 2817 117.470000
o 2797 117.480000
2797	117.480000
MaxSATQueriesinInterpretableClassifiers-pima_train_6_CNF_3_20
o 4747 0.000000
o 3102 0.010000
o 3082 0.010000
o 3062 0.010000
o 3042 0.010000
o 3022 0.010000
o 3002 0.010000
o 2982 0.010000
o 2963 0.010000
o 2943 0.010000
o 2904 0.010000
o 2900 25.650000
o 2881 25.650000
o 2880 25.650000
o 2860 25.650000
o 2838 129.650000
o 2821 180.870000
2821	180.870000
MaxSATQueriesinInterpretableClassifiers-pima_train_6_CNF_3_20
o 4747 0.000000
o 4045 0.010000
o 4027 0.010000
o 4008 0.010000
o 3988 0.010000
o 3968 0.010000
o 3967 0.010000
o 3947 0.010000
o 3927 0.010000
o 3907 0.010000
o 3887 0.010000
o 3867 0.010000
o 3847 0.010000
o 3828 0.020000
o 3808 0.030000
o 3793 0.430000
o 3774 0.430000
o 3773 0.430000
o 3772 0.430000
o 3771 0.430000
o 3752 0.430000
o 3750 0.470000
o 3730 0.480000
o 3710 0.480000
o 3690 0.480000
o 3670 0.480000
o 3669 0.480000
o 3650 0.480000
o 3649 0.480000
o 3629 0.480000
o 3609 0.480000
o 3589 0.480000
o 3549 0.480000
o 3529 0.480000
o 3509 0.480000
o 3489 0.480000
o 3469 0.480000
o 3449 0.480000
o 3429 0.480000
o 3409 0.490000
o 3389 0.490000
o 3156 8.110000
o 3155 8.110000
o 3136 8.110000
o 3111 8.550000
o 3110 8.560000
o 3092 8.570000
o 3091 8.570000
o 3090 8.580000
o 3073 8.620000
o 3050 8.680000
o 3049 8.680000
o 3031 8.690000
o 2958 78.630000
o 2939 78.630000
o 2879 78.640000
2879	78.640000
MaxSATQueriesinInterpretableClassifiers-pima_train_6_CNF_3_20
o 3409 0.000000
o 3389 0.000000
o 3175 8.730000
o 3155 8.730000
o 3102 48.300000
o 3096 72.600000
o 3076 72.600000
o 3057 72.600000
o 3038 72.600000
o 3036 72.600000
o 3017 72.600000
o 2997 72.600000
o 2978 72.600000
o 2959 72.600000
o 2958 107.420000
o 2938 158.710000
o 2918 158.710000
o 2877 298.130000
2877	298.130000
MaxSATQueriesinInterpretableClassifiers-pima_train_6_CNF_3_20
o 3389 0.000000
o 2898 0.000000
o 2879 0.000000
2879	0.000000
MaxSATQueriesinInterpretableClassifiers-pima_train_6_CNF_3_20
o 3389 0.000000
o 3370 0.010000
o 3111 0.010000
o 2990 61.810000
o 2970 61.820000
o 2920 79.080000
o 2881 79.080000
2881	79.080000
MaxSATQueriesinInterpretableClassifiers-pima_train_6_CNF_3_20
o 4668 0.000000
o 3149 0.010000
o 3130 0.010000
o 3129 0.010000
o 3070 7.610000
o 3050 7.610000
o 3030 7.610000
o 2938 16.440000
o 2918 16.440000
o 2898 16.440000
o 2878 84.440000
o 2858 84.440000
o 2838 84.440000
o 2819 84.440000
2819	84.440000
MaxSATQueriesinInterpretableClassifiers-pima_train_6_CNF_3_20
o 3548 0.000000
o 3033 0.010000
o 3013 0.010000
o 2931 8.760000
o 2920 202.490000
o 2877 227.250000
o 2858 227.250000
2858	227.250000
MaxSATQueriesinInterpretableClassifiers-pima_train_6_CNF_3_20
o 3489 0.000000
o 3469 0.000000
o 3449 0.000000
o 3429 0.000000
o 3409 0.000000
o 3399 0.000000
o 3360 0.000000
o 3354 0.130000
o 3334 0.130000
o 3315 0.130000
o 3313 0.480000
o 3312 0.480000
o 3293 0.480000
o 3273 0.480000
o 3253 0.480000
o 3252 0.480000
o 3233 0.480000
o 3232 0.490000
o 3213 0.490000
o 3212 0.490000
o 3193 0.490000
o 3192 0.490000
o 3172 0.490000
o 3152 1.330000
o 3132 1.940000
o 3111 2.280000
o 3092 2.280000
o 3090 6.280000
o 3071 6.860000
o 3051 6.900000
o 3032 6.900000
o 3031 6.940000
o 3011 7.180000
o 3010 7.180000
o 2992 7.180000
o 2991 7.180000
o 2990 7.180000
o 2970 7.200000
o 2957 15.060000
o 2940 15.730000
o 2901 15.730000
o 2900 146.740000
o 2880 146.740000
o 2860 146.740000
2860	146.740000
