MinimumWeightDominatingSetProblem-rgg_n_2_24_s0
o 54514898 137.230000
54514898	137.230000
MinimumWeightDominatingSetProblem-rgg_n_2_24_s0
o 54589006 168.210000
54589006	168.210000
MinimumWeightDominatingSetProblem-rgg_n_2_24_s0
o 54557733 149.290000
54557733	149.290000
MinimumWeightDominatingSetProblem-rgg_n_2_24_s0
o 54588233 154.190000
54588233	154.190000
MinimumWeightDominatingSetProblem-rgg_n_2_24_s0
o 54541316 141.930000
54541316	141.930000
MinimumWeightDominatingSetProblem-rgg_n_2_24_s0
o 54582769 167.050000
54582769	167.050000
MinimumWeightDominatingSetProblem-rgg_n_2_24_s0
o 54533241 155.900000
54533241	155.900000
MinimumWeightDominatingSetProblem-rgg_n_2_24_s0
o 54572820 169.940000
54572820	169.940000
MinimumWeightDominatingSetProblem-rgg_n_2_24_s0
o 54549632 186.870000
54549632	186.870000
MinimumWeightDominatingSetProblem-rgg_n_2_24_s0
o 54551564 136.730000
54551564	136.730000
