ParametricRBACMaintenance_mse20-role_university_multiple_0.5_4
o 375030 2.230000
o 217555 45.760000
o 217544 47.660000
o 217540 48.020000
o 217497 48.050000
o 217495 48.170000
o 217474 51.270000
o 217408 51.290000
o 217380 51.520000
o 217318 51.550000
o 210411 60.690000
o 210409 60.700000
o 210408 60.700000
o 210407 60.700000
o 210272 61.590000
o 210240 74.030000
o 210239 74.030000
o 210238 74.030000
o 210237 74.030000
o 210236 74.030000
o 210233 75.060000
o 210232 75.070000
o 210231 75.070000
o 210230 75.120000
o 210229 75.320000
o 210228 75.320000
o 210227 75.320000
o 210226 75.320000
o 210225 75.320000
o 210224 75.330000
o 210223 75.330000
o 210212 75.340000
o 210202 75.350000
o 210201 75.350000
o 210200 75.350000
o 210186 75.570000
o 210185 75.580000
o 210181 75.640000
o 210180 75.650000
o 210179 75.710000
o 210168 75.760000
o 210165 75.870000
o 210164 75.870000
o 210163 75.910000
o 210161 75.930000
o 210160 76.110000
o 210159 76.110000
o 210155 76.210000
o 210154 76.220000
o 210153 76.220000
o 210146 76.240000
o 210132 76.260000
o 210131 76.300000
o 210130 76.300000
o 210129 76.410000
o 210128 76.820000
o 210127 76.820000
o 210126 76.820000
o 210113 76.830000
o 210110 77.470000
o 210109 77.470000
o 210108 77.470000
o 210105 77.480000
o 210104 77.490000
o 210103 77.490000
o 210089 77.490000
o 210078 77.510000
o 210077 78.090000
o 210066 78.090000
o 210065 78.100000
o 210060 78.160000
o 210059 78.170000
o 210058 78.640000
o 210045 78.650000
o 210044 78.650000
o 210036 78.850000
o 210035 78.860000
o 210031 78.870000
o 210030 78.870000
o 210029 78.870000
o 210027 79.440000
o 210026 79.450000
o 210025 80.360000
o 210019 80.780000
o 210018 80.790000
o 210014 80.980000
o 210013 80.980000
o 210012 81.170000
o 210010 81.280000
o 210003 81.380000
o 210001 81.440000
o 209981 81.810000
o 209980 81.810000
o 209979 82.820000
o 209978 84.490000
o 209976 84.500000
o 209975 84.500000
o 209973 84.670000
o 209972 84.950000
o 209969 91.980000
o 209968 91.980000
o 209955 91.990000
o 209936 92.000000
o 209923 92.010000
o 209914 92.020000
o 209913 92.020000
o 209912 92.020000
o 209899 92.020000
o 209898 92.020000
o 209893 92.100000
o 209892 92.100000
o 209891 92.100000
o 209890 92.100000
o 209889 92.100000
o 209888 92.140000
o 209874 92.160000
o 209860 92.160000
o 209847 92.180000
o 209842 92.250000
o 209841 92.250000
o 209840 92.250000
o 209830 92.630000
o 209823 92.760000
o 209822 92.760000
o 209821 92.760000
o 209820 93.460000
o 209816 93.470000
o 209815 93.470000
o 209814 93.470000
o 206316 103.010000
o 206314 103.010000
o 206311 103.010000
o 206219 105.560000
o 206208 105.720000
o 206200 105.730000
o 206196 105.750000
o 206184 105.800000
o 206158 105.800000
o 206157 105.810000
o 206128 121.830000
o 206123 121.840000
o 206122 121.840000
o 206121 121.840000
o 206120 121.840000
o 206097 121.890000
o 206096 121.890000
o 206087 133.260000
o 206074 133.310000
o 206072 170.670000
o 206071 170.670000
o 205935 202.990000
o 205934 202.990000
o 205933 202.990000
o 205919 202.990000
o 205918 203.010000
o 205916 203.020000
o 205915 203.020000
o 205914 203.020000
o 205913 203.020000
o 205901 203.030000
o 205895 203.070000
o 205894 203.120000
o 205880 203.120000
o 205879 203.220000
o 205878 203.240000
o 205877 203.250000
o 205876 203.360000
o 205875 203.370000
o 205874 203.390000
o 205861 203.410000
o 205859 203.520000
o 205846 203.530000
o 205845 203.540000
o 205835 203.610000
o 205834 203.610000
o 205823 203.650000
o 205822 203.660000
o 205821 203.660000
o 205820 203.700000
o 205808 203.730000
o 205807 203.740000
o 205806 203.740000
o 205805 203.850000
o 205795 203.940000
o 205794 203.940000
o 205792 203.950000
o 205787 291.980000
o 205786 291.980000
o 205785 291.990000
o 205773 292.010000
o 205770 292.020000
o 205754 292.030000
o 205724 292.180000
o 205710 292.200000
205710	292.200000
ParametricRBACMaintenance_mse20-role_university_multiple_0.5_4
o 464195 2.930000
o 213097 56.310000
o 212957 56.340000
o 212847 56.370000
o 212842 56.400000
o 212281 56.480000
o 211540 57.360000
o 211530 57.380000
o 211523 57.670000
o 211512 58.870000
o 211502 58.900000
o 211423 59.470000
o 211402 60.600000
o 211390 60.600000
o 211338 60.620000
o 211317 127.580000
o 211316 127.580000
o 211310 127.710000
o 211061 127.860000
o 211060 127.860000
o 211059 127.860000
o 211058 127.860000
o 211057 127.860000
o 211056 127.860000
211056	127.860000
ParametricRBACMaintenance_mse20-role_university_multiple_0.5_4
o 362438 1.940000
o 211664 41.970000
o 211424 43.160000
o 210671 115.600000
o 210668 115.610000
o 210667 115.610000
o 210556 126.300000
o 210555 126.310000
o 210552 126.310000
o 210551 126.310000
o 210550 126.310000
o 210549 126.310000
o 210538 126.310000
o 210537 126.320000
o 210524 126.320000
o 210510 126.320000
o 210509 126.320000
o 210501 126.320000
o 210500 126.320000
o 210490 126.330000
o 210489 126.330000
o 210476 126.330000
o 210460 126.340000
o 210451 126.370000
o 210450 126.370000
o 210449 126.370000
o 209439 140.660000
o 209438 140.670000
o 209336 140.690000
o 209335 140.690000
o 209320 140.720000
o 209319 140.720000
o 209318 140.740000
o 209307 140.850000
o 209306 140.850000
o 209305 140.880000
o 209293 140.910000
o 209292 140.910000
o 209291 141.230000
o 209290 141.230000
o 209279 141.240000
o 209276 141.280000
o 209244 141.300000
o 205965 173.630000
o 205964 173.630000
o 205952 173.630000
o 205951 173.630000
o 205950 173.630000
o 205949 173.640000
o 205938 173.640000
o 205937 173.640000
o 205910 173.650000
o 205909 173.650000
o 205111 173.750000
o 205097 173.750000
o 204203 239.500000
o 204200 239.510000
o 204199 239.510000
o 204182 253.590000
o 204181 253.590000
204181	253.590000
ParametricRBACMaintenance_mse20-role_university_multiple_0.5_4
o 376622 1.980000
o 210273 47.310000
o 210272 47.310000
o 210254 47.350000
o 210223 48.760000
o 210216 48.820000
o 210212 51.330000
o 210185 51.380000
o 209732 185.730000
o 209721 185.740000
o 209720 185.740000
o 209708 185.740000
o 209707 185.740000
o 209706 185.740000
o 209705 185.750000
o 209704 185.750000
o 209703 185.750000
o 209702 185.750000
o 209689 185.750000
o 209678 185.750000
o 209677 185.750000
o 209663 185.750000
o 209662 185.750000
o 209648 185.750000
o 209638 185.760000
o 209585 186.160000
o 209571 186.160000
o 209557 186.160000
o 209556 186.160000
o 209555 186.160000
o 209554 186.160000
o 209553 186.160000
o 209542 186.190000
209542	186.190000
ParametricRBACMaintenance_mse20-role_university_multiple_0.5_4
o 420914 2.180000
o 223394 56.450000
o 223393 56.450000
o 223392 56.450000
o 223391 56.450000
o 223390 56.450000
o 223358 56.540000
o 223357 56.540000
o 215676 56.720000
o 214960 57.020000
o 214219 57.670000
o 214101 58.100000
o 214036 58.240000
o 214008 58.240000
o 213985 58.250000
o 213984 58.250000
o 213973 58.270000
o 206207 58.400000
o 206203 58.540000
o 206195 58.610000
o 206190 139.430000
o 206189 139.500000
o 206182 139.530000
o 206179 139.560000
o 206171 139.590000
o 206151 139.620000
o 206149 139.780000
o 206148 139.790000
o 206134 139.790000
o 206133 139.790000
o 206132 139.830000
o 206131 139.860000
o 206130 139.890000
o 206122 139.890000
o 206121 139.890000
o 206120 139.920000
o 206119 139.930000
o 205937 140.780000
o 205936 140.780000
o 205935 140.780000
o 205514 140.780000
o 205513 140.780000
o 205377 140.800000
o 205365 140.820000
o 205364 140.820000
o 205363 140.820000
o 205362 140.820000
o 205349 140.870000
o 205335 140.870000
o 205334 140.870000
o 205333 140.870000
o 205332 140.870000
o 205331 140.890000
o 205330 140.890000
o 205326 140.940000
o 205322 141.010000
o 205321 141.010000
o 205317 141.020000
205317	141.020000
ParametricRBACMaintenance_mse20-role_university_multiple_0.5_4
o 366839 2.870000
o 209418 64.910000
o 209369 75.100000
o 209192 75.230000
209192	75.230000
ParametricRBACMaintenance_mse20-role_university_multiple_0.5_4
o 456318 5.620000
o 210676 60.020000
o 210646 60.920000
o 210570 61.020000
o 210557 61.060000
o 210552 62.270000
o 210538 62.300000
o 210534 62.310000
o 210523 62.320000
o 209967 65.370000
o 209954 65.380000
o 209949 65.420000
o 209948 65.430000
o 209941 65.650000
o 209940 65.650000
o 209928 65.650000
o 209904 65.750000
o 209903 65.750000
o 209894 65.800000
o 209883 65.840000
o 209882 65.840000
o 209870 65.850000
o 209862 66.330000
o 209850 66.340000
o 209849 66.340000
o 209848 106.640000
o 209847 106.640000
o 209846 106.640000
o 209844 106.790000
o 209843 107.080000
o 209842 107.100000
o 209841 107.100000
o 209840 107.100000
o 209839 107.100000
o 209838 107.100000
o 209837 107.100000
o 209739 187.540000
o 209725 187.540000
o 209724 187.540000
o 209723 187.540000
o 209722 187.540000
o 209721 187.630000
o 209720 187.630000
o 209719 187.630000
o 209713 187.640000
o 209712 187.640000
o 209711 187.640000
o 209710 187.640000
o 209709 187.640000
o 209708 187.680000
o 209702 187.740000
o 209701 187.740000
o 209700 187.740000
o 209699 187.740000
o 209698 187.740000
o 209697 187.740000
o 209696 187.750000
o 209695 187.750000
o 209694 187.750000
o 209693 187.750000
o 209692 187.750000
o 209691 187.750000
o 209690 187.750000
o 209689 187.760000
o 209681 187.760000
o 209680 187.760000
o 209679 187.760000
o 209678 187.760000
o 209677 187.760000
o 209676 187.760000
o 209675 187.760000
o 209674 187.770000
o 209673 187.770000
o 209666 187.830000
o 209665 187.830000
o 209664 187.830000
o 209663 187.830000
o 209662 187.830000
o 209661 187.830000
o 209660 187.830000
o 209659 187.850000
o 209658 187.850000
o 209657 187.880000
o 209656 187.880000
o 209655 187.880000
o 209654 187.880000
o 209653 187.880000
o 209652 187.880000
o 209646 188.970000
o 209645 188.970000
o 209636 189.420000
o 209635 189.420000
o 209634 189.420000
o 209633 189.420000
o 209632 189.420000
o 209631 191.470000
o 209630 191.610000
o 209629 191.610000
o 209628 191.610000
o 209627 191.610000
o 209626 191.610000
o 209624 192.220000
o 209623 192.220000
o 209622 194.310000
o 209621 194.310000
o 209620 194.310000
o 209619 194.310000
o 209618 194.310000
o 209617 194.320000
o 209616 194.320000
o 209615 194.320000
o 209614 194.320000
o 209613 194.320000
o 209612 194.320000
o 209611 194.320000
o 209610 194.320000
o 209609 194.330000
o 209608 194.610000
o 209607 194.620000
o 209606 194.620000
o 209605 194.620000
o 209604 194.620000
o 209603 194.620000
o 209602 194.620000
o 209601 194.620000
o 209600 194.620000
o 209599 194.620000
o 209598 194.620000
o 209597 194.630000
o 209596 194.630000
o 209595 194.630000
o 209594 196.080000
o 209593 196.080000
o 209592 200.600000
o 209591 200.600000
o 209590 200.600000
o 209589 200.620000
o 209588 200.620000
o 209587 200.620000
209587	200.620000
ParametricRBACMaintenance_mse20-role_university_multiple_0.5_4
o 408241 2.420000
o 209034 41.670000
o 209019 49.480000
o 209010 49.490000
o 209009 49.490000
o 208960 49.510000
o 208946 49.510000
o 208942 254.350000
o 208941 254.350000
o 208940 254.350000
o 208936 254.370000
o 208935 254.370000
o 208934 254.370000
o 208933 254.380000
o 208932 254.380000
o 208930 254.380000
o 208929 254.380000
o 208915 254.390000
o 208914 254.390000
o 208825 254.500000
o 208812 254.510000
o 208811 254.520000
o 208810 254.530000
o 208773 265.930000
o 208772 265.930000
o 208771 265.930000
o 208767 265.980000
o 208766 265.980000
o 208712 286.120000
o 208711 286.130000
o 208710 286.130000
o 208709 286.130000
o 208708 286.130000
o 208707 286.130000
o 208706 286.140000
o 208705 286.140000
o 208704 286.150000
o 208703 286.160000
o 208702 286.160000
o 208701 286.160000
o 208700 286.160000
208700	286.160000
ParametricRBACMaintenance_mse20-role_university_multiple_0.5_4
o 384771 1.750000
o 384757 1.780000
o 384743 1.780000
o 209682 37.720000
o 208972 75.930000
o 208958 75.930000
o 208957 75.930000
o 208956 75.930000
o 208929 75.980000
o 208916 76.000000
o 208915 76.020000
o 208914 76.020000
o 207582 94.270000
o 207570 94.350000
o 207567 94.380000
o 207566 94.380000
o 207565 94.380000
o 207559 102.900000
o 207558 102.980000
o 207556 102.990000
o 207555 102.990000
o 207554 102.990000
o 207550 103.010000
o 207549 103.010000
o 207547 103.010000
o 207546 103.020000
o 207544 103.020000
o 207536 103.030000
o 207535 103.030000
o 207531 103.040000
o 207528 103.050000
o 207488 103.170000
o 207369 111.780000
o 207357 111.780000
o 207355 111.800000
o 207345 111.810000
o 207341 111.810000
o 207338 111.810000
o 207337 111.810000
o 207336 111.810000
o 207335 111.810000
o 207317 111.860000
o 207313 111.860000
o 207113 164.310000
o 207112 164.310000
o 206963 164.340000
o 206962 164.350000
o 206949 164.350000
o 206935 164.360000
o 206908 164.450000
o 206907 164.450000
o 206905 164.490000
o 206876 164.500000
o 206875 164.510000
o 206874 164.510000
o 206843 164.570000
o 206842 164.580000
o 206830 164.640000
206830	164.640000
ParametricRBACMaintenance_mse20-role_university_multiple_0.5_4
o 383384 2.490000
o 208491 37.200000
o 208479 37.210000
o 208448 37.330000
o 208395 37.340000
o 208361 38.070000
o 208349 38.090000
o 208337 38.120000
o 208336 38.190000
o 208334 38.210000
o 208328 38.890000
o 208256 38.920000
o 208248 38.920000
o 208237 38.920000
o 208236 38.930000
o 207858 39.250000
o 207735 39.490000
o 207726 39.580000
o 205424 97.860000
o 205409 138.430000
o 205408 138.430000
o 205397 138.730000
o 205396 138.740000
o 205395 138.740000
o 205394 138.740000
o 205390 138.760000
o 205371 138.820000
o 205358 138.820000
o 205357 138.830000
o 205077 152.050000
o 205076 152.050000
o 205065 152.050000
o 205056 152.060000
o 205045 152.060000
o 205044 152.060000
o 205036 152.080000
o 205022 152.090000
o 205021 152.090000
o 205020 152.090000
o 205017 152.100000
o 204993 152.160000
o 204992 152.160000
o 204991 152.160000
o 204990 152.160000
o 204989 152.160000
o 204988 152.160000
o 204987 152.170000
o 204986 152.170000
o 204985 152.170000
o 204984 152.170000
o 204970 152.170000
o 204959 152.230000
o 204958 152.230000
o 204948 152.330000
o 204934 152.330000
o 204933 152.330000
o 204919 152.330000
o 204903 152.340000
o 204902 152.340000
o 204888 152.340000
o 204887 152.340000
o 204885 152.390000
o 204884 152.390000
o 204883 152.390000
o 204871 152.400000
o 204870 152.400000
o 204869 152.400000
o 204866 152.420000
o 204848 152.420000
o 204847 152.420000
o 204836 152.430000
o 204835 152.430000
o 204822 152.430000
o 204819 152.470000
o 204818 152.490000
o 204788 152.510000
o 204787 152.530000
o 204773 152.540000
o 204772 152.550000
o 204758 152.550000
o 204757 152.560000
o 204756 152.570000
204756	152.570000
