ParametricRBACMaintenance_mse20-role_domino_multiple_0.5_1
o 308637 1.310000
o 142663 17.050000
o 142548 69.700000
o 141737 118.950000
141737	118.950000
ParametricRBACMaintenance_mse20-role_domino_multiple_0.5_1
o 314606 1.260000
o 147729 15.790000
o 142572 18.250000
o 141703 125.320000
141703	125.320000
ParametricRBACMaintenance_mse20-role_domino_multiple_0.5_1
o 329217 1.490000
o 142788 21.460000
o 142683 75.610000
o 142668 76.460000
o 142665 127.700000
o 142628 127.840000
o 142424 129.150000
o 141470 190.970000
o 141452 191.160000
o 141451 191.310000
141451	191.310000
ParametricRBACMaintenance_mse20-role_domino_multiple_0.5_1
o 304003 1.570000
o 149347 19.230000
o 149332 19.230000
o 142801 19.600000
o 142540 22.680000
142540	22.680000
ParametricRBACMaintenance_mse20-role_domino_multiple_0.5_1
o 314643 1.500000
o 142837 15.060000
o 142833 64.450000
o 142787 66.570000
o 141910 70.760000
o 141720 71.220000
o 141718 71.220000
141718	71.220000
ParametricRBACMaintenance_mse20-role_domino_multiple_0.5_1
o 308125 1.440000
o 142798 17.190000
o 142791 18.380000
o 141511 68.760000
141511	68.760000
ParametricRBACMaintenance_mse20-role_domino_multiple_0.5_1
o 308185 1.360000
o 145169 21.100000
o 145166 21.200000
o 145160 21.200000
o 144054 21.520000
o 144047 21.650000
o 144023 21.910000
o 143385 22.930000
o 143383 22.930000
o 143368 22.930000
o 143353 22.930000
o 143338 22.930000
o 143325 22.930000
o 143312 22.930000
o 143297 22.930000
o 143295 22.930000
o 143293 22.930000
o 143278 22.930000
o 143263 22.930000
o 143250 22.930000
o 143235 22.930000
o 143220 22.940000
o 143214 22.940000
o 143201 22.940000
o 143199 22.940000
o 143184 22.940000
o 143176 22.970000
o 143163 22.970000
o 142900 23.280000
o 142862 24.070000
o 142845 24.730000
o 142817 26.170000
o 142778 272.010000
o 142765 272.060000
o 142594 277.250000
142594	277.250000
ParametricRBACMaintenance_mse20-role_domino_multiple_0.5_1
o 323702 1.540000
o 145292 20.030000
o 143875 20.560000
o 143268 37.160000
o 143266 37.160000
o 143253 37.170000
o 142716 37.210000
142716	37.210000
ParametricRBACMaintenance_mse20-role_domino_multiple_0.5_1
o 302739 1.320000
o 142744 16.210000
o 141631 16.290000
o 141542 124.620000
141542	124.620000
ParametricRBACMaintenance_mse20-role_domino_multiple_0.5_1
o 298107 1.430000
o 147863 20.750000
o 142834 21.240000
o 142771 21.670000
o 141544 84.990000
o 141518 84.990000
o 141516 84.990000
o 141503 84.990000
o 141381 196.430000
o 141334 196.490000
o 141323 196.500000
o 141230 196.510000
o 141217 196.510000
o 141204 196.510000
141204	196.510000
