railway-transport-f2030
o 29194 4.630000
o 6613 9.500000
o 6612 9.500000
o 6611 9.500000
o 6610 9.500000
o 6561 9.500000
o 6560 9.500000
o 6559 9.500000
o 6558 9.500000
o 6557 9.500000
o 6527 9.500000
o 6506 9.510000
o 6489 9.510000
o 6488 9.510000
o 6487 9.510000
o 6486 9.510000
o 6485 9.510000
o 6484 9.510000
o 6474 9.510000
o 6473 9.510000
o 6472 9.510000
o 6471 9.510000
o 6470 9.510000
o 6469 9.510000
o 6467 9.510000
o 6466 9.510000
o 6465 9.510000
o 6464 9.510000
o 6463 9.510000
o 6462 9.510000
o 6461 9.510000
o 6441 9.510000
o 6440 9.510000
o 6439 9.510000
o 6438 9.510000
o 6437 9.510000
o 6436 9.510000
o 6435 9.510000
o 6434 9.510000
o 6433 9.510000
o 6432 9.510000
o 6431 9.510000
o 6430 9.510000
o 6429 9.510000
o 6428 9.510000
o 6388 9.510000
o 6384 9.510000
o 6383 9.510000
o 6382 9.510000
o 6381 9.510000
o 6380 9.510000
o 6379 9.510000
o 6378 9.510000
o 6377 9.510000
o 6375 9.510000
o 6374 9.510000
o 6373 9.510000
o 6372 9.510000
o 6371 9.510000
o 6370 9.510000
o 6369 9.510000
o 6368 9.510000
o 6367 9.510000
o 6366 9.510000
o 6365 9.510000
o 6363 9.510000
o 6362 9.520000
o 6361 9.520000
o 6360 9.520000
o 6359 9.520000
o 6358 9.520000
o 6357 9.520000
o 6356 9.520000
o 6354 9.520000
o 6353 9.520000
o 6352 9.520000
o 6348 9.520000
o 6347 9.520000
o 6346 9.520000
o 6344 9.520000
o 6342 9.520000
o 6339 9.520000
o 6338 9.520000
o 6337 9.520000
o 6336 9.520000
o 6332 9.520000
o 6331 9.520000
o 6330 9.520000
o 6329 9.520000
o 6328 9.520000
o 6327 9.520000
o 6325 9.520000
o 6323 9.520000
o 6322 9.520000
o 6321 9.520000
o 6319 9.520000
o 6318 9.520000
o 6317 9.520000
o 6315 9.520000
o 6314 9.520000
o 6313 9.520000
o 6312 9.520000
o 6311 9.520000
o 6310 9.530000
o 6301 9.530000
o 6296 9.530000
o 6295 9.530000
o 6294 9.530000
o 6293 9.530000
o 6292 9.530000
o 6291 9.530000
o 6290 9.530000
o 6289 9.530000
o 6287 9.530000
o 6286 9.530000
o 6284 9.530000
o 6283 9.530000
o 6282 9.530000
o 6281 9.530000
o 6280 9.530000
o 6279 9.530000
o 6278 9.530000
o 6277 9.530000
o 6276 9.530000
o 6261 9.530000
o 6260 9.540000
o 6259 9.540000
o 6254 9.540000
o 6253 9.540000
o 6252 9.540000
o 6232 9.540000
o 6212 9.540000
o 6162 9.540000
o 6142 9.540000
o 6141 9.540000
o 6140 9.540000
o 6139 9.540000
o 6138 9.540000
o 6137 9.540000
o 6136 9.540000
o 6135 9.540000
o 6134 9.540000
o 6133 9.540000
o 6132 9.540000
o 6131 9.540000
o 6113 9.540000
o 6112 9.540000
o 6111 9.540000
o 6110 9.540000
o 6109 9.540000
o 6108 9.540000
o 6107 9.540000
o 6071 9.550000
o 6070 9.550000
o 6068 9.550000
o 6067 9.550000
o 6058 9.550000
o 6057 9.550000
o 6056 9.550000
o 6055 9.550000
o 6054 9.550000
o 6053 9.560000
o 6052 9.560000
o 6051 9.560000
o 6050 9.560000
o 6049 9.560000
o 6048 9.560000
o 6047 9.560000
o 6046 9.560000
o 6045 9.560000
o 6004 9.560000
o 6000 9.560000
o 5999 9.560000
o 5986 9.560000
o 5985 9.560000
o 5981 9.570000
o 5976 9.570000
o 5971 9.570000
o 5966 9.570000
o 5961 9.570000
o 5960 9.570000
o 5959 9.570000
o 5958 9.570000
o 5957 9.570000
o 5956 9.570000
o 5955 9.570000
o 5935 9.570000
o 5933 9.570000
o 5920 9.570000
o 5919 9.570000
o 5918 9.570000
o 5917 9.570000
o 5916 9.570000
o 5915 9.570000
o 5914 9.570000
o 5913 9.570000
o 5911 9.580000
o 5910 9.580000
o 5909 9.580000
o 5908 9.580000
o 5907 9.580000
o 5834 9.580000
o 5826 9.580000
o 5825 9.580000
o 5824 9.580000
o 5823 9.580000
o 5822 9.580000
o 5821 9.580000
o 5820 9.580000
o 5819 9.580000
o 5818 9.580000
o 5817 9.580000
o 5808 9.600000
o 5806 9.600000
o 5787 9.600000
o 5783 9.600000
o 5779 9.610000
o 5774 9.610000
o 5773 9.610000
o 5768 9.610000
o 5767 9.610000
o 5761 9.610000
o 5760 9.610000
o 5759 9.610000
o 5746 9.610000
o 5745 9.650000
o 5744 9.650000
o 5743 9.650000
o 5742 9.650000
o 5741 9.650000
o 5739 9.660000
o 5732 9.670000
o 5728 9.670000
o 5719 9.670000
o 5715 9.670000
o 5714 9.670000
o 5713 9.670000
o 5712 9.670000
o 5711 9.680000
o 5710 9.680000
o 5707 9.680000
o 5705 9.690000
o 5702 9.690000
o 5698 9.690000
o 5690 9.740000
o 5689 9.740000
o 5688 9.740000
o 5687 9.740000
o 5685 9.740000
o 5681 9.740000
o 5680 9.740000
o 5679 9.740000
o 5678 9.750000
o 5677 9.750000
o 5676 9.750000
o 5675 9.750000
o 5674 9.750000
o 5673 9.750000
o 5672 9.750000
o 5671 9.750000
o 5670 9.750000
o 5669 9.750000
o 5668 9.750000
o 5665 9.750000
o 5662 9.750000
o 5647 9.750000
o 5627 9.750000
o 5607 9.750000
o 5606 9.760000
o 5605 9.760000
o 5604 9.760000
o 5575 9.760000
o 5572 9.810000
o 5567 9.810000
o 5566 9.810000
o 5561 9.810000
o 5560 9.820000
o 5557 9.820000
o 5556 9.820000
o 5555 9.820000
o 5554 9.830000
o 5553 9.830000
o 5518 9.830000
o 5516 9.830000
o 5515 9.830000
o 5514 9.830000
o 5513 9.830000
o 5509 10.060000
o 5508 10.060000
o 5507 10.060000
o 5500 10.070000
o 5499 10.070000
o 5498 10.070000
o 5439 10.070000
o 5419 10.070000
o 5418 10.070000
o 5416 10.070000
o 5411 10.070000
o 5410 10.070000
o 5409 10.070000
o 5295 10.110000
o 5245 10.110000
o 5225 10.110000
o 5223 10.110000
o 5222 10.110000
o 5203 10.110000
o 5202 10.110000
o 5199 10.110000
o 5198 10.110000
o 5196 10.110000
o 5148 10.110000
o 5098 10.110000
o 5048 10.110000
o 5047 10.110000
o 5027 10.110000
o 5019 10.110000
o 4999 10.180000
o 4998 10.180000
o 4997 10.180000
o 4995 10.180000
o 4994 10.180000
o 4993 10.180000
o 4992 10.180000
o 4991 10.180000
o 4990 10.180000
o 4989 10.180000
o 4979 10.190000
o 4960 10.190000
o 4940 10.190000
o 4910 10.200000
o 4909 10.200000
o 4879 10.200000
o 4855 11.930000
o 4854 11.930000
o 4853 11.930000
o 4851 11.930000
o 4831 11.930000
o 4830 11.930000
o 4826 11.930000
o 4825 11.930000
o 4816 11.990000
o 4815 11.990000
o 4814 11.990000
o 4810 11.990000
o 4796 11.990000
o 4795 12.000000
o 4794 12.000000
o 4793 12.000000
o 4758 14.190000
o 4757 14.190000
o 4756 14.190000
o 4755 14.190000
o 4754 14.190000
o 4753 14.190000
o 4749 14.190000
o 4748 14.190000
o 4747 14.200000
o 4746 14.200000
o 4734 14.220000
o 4730 14.220000
o 4729 14.220000
o 4725 14.220000
o 4722 14.220000
o 4721 14.220000
o 4720 14.230000
o 4715 14.230000
o 4714 14.230000
o 4713 14.230000
o 4712 15.130000
o 4711 15.130000
o 4701 15.140000
o 4697 15.140000
o 4696 15.330000
o 4695 15.450000
o 4691 15.460000
o 4690 15.460000
o 4676 15.470000
o 4672 15.470000
o 4671 16.690000
o 4670 16.720000
o 4669 16.720000
o 4668 16.860000
o 4667 16.860000
o 4666 16.860000
o 4665 16.860000
o 4661 16.870000
o 4631 16.880000
o 4627 16.880000
o 4623 16.880000
o 4622 16.890000
o 4599 211.380000
o 4596 211.430000
o 4595 211.450000
o 4593 211.800000
o 4592 272.610000
o 4590 272.610000
o 4588 272.610000
o 4586 272.610000
o 4584 272.610000
o 4583 272.610000
o 4582 272.610000
o 4578 272.610000
o 4577 272.610000
o 4576 272.620000
o 4575 272.710000
4575	272.710000
railway-transport-f2030
o 29449 8.890000
o 29429 8.970000
o 5642 10.380000
o 5581 10.380000
o 5561 10.380000
o 5560 10.380000
o 5460 10.380000
o 5410 10.380000
o 5408 10.380000
o 5407 10.390000
o 5406 10.390000
o 5405 10.390000
o 5404 10.390000
o 5402 10.390000
o 5400 10.390000
o 5399 10.390000
o 5398 10.390000
o 5397 10.390000
o 5396 10.390000
o 5395 10.390000
o 5393 10.390000
o 5392 10.390000
o 5391 10.390000
o 5390 10.390000
o 5389 10.390000
o 5388 10.390000
o 5387 10.390000
o 5386 10.390000
o 5385 10.390000
o 5383 10.390000
o 5382 10.390000
o 5381 10.390000
o 5379 10.390000
o 5377 10.390000
o 5374 10.390000
o 5373 10.390000
o 5372 10.390000
o 5370 10.390000
o 5366 10.390000
o 5365 10.390000
o 5363 10.400000
o 5362 10.400000
o 5360 10.400000
o 5359 10.400000
o 5358 10.400000
o 5356 10.400000
o 5354 10.400000
o 5353 10.400000
o 5352 10.400000
o 5351 10.400000
o 5350 10.400000
o 5349 10.400000
o 5348 10.400000
o 5346 10.400000
o 5344 10.400000
o 5342 10.400000
o 5338 10.400000
o 5337 10.400000
o 5336 10.400000
o 5334 10.400000
o 5333 10.400000
o 5332 10.400000
o 5331 10.400000
o 5314 10.420000
o 5313 10.420000
o 5312 10.420000
o 5308 10.420000
o 5304 10.420000
o 5303 10.420000
o 5302 10.420000
o 5300 10.420000
o 5299 10.420000
o 5298 10.420000
o 5296 10.420000
o 5294 10.420000
o 5293 10.420000
o 5292 10.420000
o 5291 10.420000
o 5290 10.420000
o 5289 10.420000
o 5288 10.420000
o 5280 10.430000
o 5278 10.430000
o 5277 10.430000
o 5276 10.430000
o 5275 10.430000
o 5274 10.430000
o 5273 10.430000
o 5272 10.430000
o 5257 10.430000
o 5256 10.430000
o 5255 10.430000
o 5244 11.360000
o 5240 11.360000
o 5238 18.890000
o 5237 18.890000
o 5236 18.890000
o 5221 18.950000
o 5220 18.960000
o 5209 18.970000
o 5205 18.970000
o 5201 18.970000
o 5200 18.980000
o 5198 19.000000
o 5197 19.000000
o 5173 19.490000
o 5172 19.490000
o 5153 19.510000
o 5152 19.510000
o 5151 19.510000
o 5135 19.510000
o 5134 19.510000
o 5133 19.510000
o 5129 19.520000
o 5128 19.520000
o 5127 19.530000
o 5107 19.540000
o 5103 19.540000
o 5094 19.570000
o 5092 19.570000
o 5091 19.580000
o 5090 19.660000
o 5089 19.660000
o 5088 19.660000
o 5083 19.700000
o 5079 19.700000
o 5078 19.700000
o 5077 19.710000
o 5076 19.810000
o 5075 19.820000
o 5074 19.820000
o 5073 19.870000
o 5071 19.870000
o 5070 19.910000
o 5062 20.170000
o 5042 20.170000
o 5007 20.180000
o 4970 20.180000
o 4969 20.180000
o 4968 20.180000
o 4967 20.180000
o 4950 20.180000
o 4949 20.180000
o 4947 20.180000
o 4917 20.180000
o 4916 20.180000
o 4909 20.180000
o 4893 20.190000
o 4889 20.190000
o 4873 20.250000
o 4860 20.260000
o 4859 20.260000
o 4856 20.270000
o 4855 20.270000
o 4854 20.270000
o 4853 20.270000
o 4850 20.290000
o 4849 20.290000
o 4848 20.290000
o 4847 20.290000
o 4846 20.290000
o 4844 20.300000
o 4832 20.310000
o 4831 20.310000
o 4830 20.310000
o 4829 20.310000
o 4828 20.320000
o 4826 20.320000
o 4822 20.320000
o 4818 20.920000
o 4814 21.060000
o 4810 21.060000
o 4806 21.060000
o 4805 21.090000
o 4800 21.100000
o 4799 21.100000
o 4790 21.170000
o 4789 21.170000
o 4733 21.200000
o 4732 21.200000
o 4731 21.200000
o 4730 21.200000
o 4729 21.200000
o 4728 21.200000
o 4727 21.200000
o 4723 21.200000
o 4719 21.200000
o 4718 21.200000
o 4715 21.200000
o 4714 21.200000
o 4713 21.200000
o 4711 21.210000
o 4710 21.220000
o 4709 21.220000
o 4708 21.220000
o 4707 21.220000
o 4706 21.230000
o 4694 21.240000
o 4693 21.240000
o 4692 21.240000
o 4677 21.240000
o 4676 21.240000
o 4675 21.240000
o 4674 21.240000
o 4673 21.240000
o 4662 21.300000
o 4661 21.300000
o 4657 21.620000
o 4653 21.620000
o 4652 21.620000
o 4651 21.620000
o 4650 21.620000
o 4649 21.620000
o 4645 21.630000
o 4640 21.640000
o 4639 21.640000
o 4638 21.640000
o 4634 21.640000
o 4633 21.640000
o 4629 21.640000
o 4628 21.640000
o 4627 21.640000
o 4626 21.640000
o 4622 21.650000
o 4618 21.650000
o 4616 21.650000
o 4597 21.660000
o 4596 21.660000
o 4595 21.660000
o 4577 21.660000
o 4576 21.660000
o 4575 21.660000
o 4574 21.660000
o 4566 22.030000
o 4562 22.030000
o 4558 22.030000
o 4554 22.030000
o 4550 22.040000
o 4542 22.060000
o 4538 22.440000
o 4537 22.440000
o 4536 22.500000
o 4535 22.500000
4535	22.500000
railway-transport-f2030
o 29516 20.000000
o 6821 24.520000
o 6820 24.520000
o 6819 24.520000
o 6818 24.520000
o 6817 24.520000
o 6816 24.520000
o 6815 24.520000
o 6765 24.520000
o 6715 24.520000
o 6666 24.520000
o 6665 24.520000
o 6664 24.520000
o 6663 24.520000
o 6662 24.520000
o 6642 24.520000
o 6638 24.520000
o 6625 24.520000
o 6614 24.530000
o 6613 24.530000
o 6612 24.530000
o 6611 24.530000
o 6610 24.530000
o 6609 24.530000
o 6608 24.530000
o 6607 24.530000
o 6606 24.530000
o 6605 24.530000
o 6591 24.530000
o 6590 24.530000
o 6589 24.530000
o 6587 24.530000
o 6585 24.530000
o 6584 24.530000
o 6583 24.530000
o 6582 24.530000
o 6581 24.530000
o 6573 24.530000
o 6572 24.530000
o 6571 24.530000
o 6570 24.530000
o 6569 24.530000
o 6568 24.530000
o 6567 24.530000
o 6566 24.530000
o 6565 24.530000
o 6564 24.530000
o 6563 24.530000
o 6554 24.530000
o 6553 24.530000
o 6552 24.540000
o 6550 24.540000
o 6549 24.540000
o 6547 24.540000
o 6546 24.540000
o 6508 24.540000
o 6507 24.540000
o 6506 24.540000
o 6505 24.540000
o 6504 24.540000
o 6503 24.540000
o 6502 24.540000
o 6501 24.540000
o 6500 24.540000
o 6498 24.540000
o 6497 24.540000
o 6496 24.540000
o 6495 24.540000
o 6494 24.540000
o 6493 24.540000
o 6492 24.540000
o 6491 24.540000
o 6490 24.540000
o 6489 24.540000
o 6488 24.540000
o 6487 24.540000
o 6483 24.540000
o 6474 24.540000
o 6473 24.540000
o 6472 24.540000
o 6471 24.540000
o 6470 24.540000
o 6469 24.540000
o 6465 24.540000
o 6464 24.540000
o 6463 24.540000
o 6462 24.540000
o 6460 24.540000
o 6459 24.540000
o 6458 24.540000
o 6457 24.540000
o 6456 24.540000
o 6455 24.540000
o 6454 24.550000
o 6453 24.550000
o 6452 24.550000
o 6451 24.550000
o 6450 24.550000
o 6442 24.550000
o 6441 24.550000
o 6440 24.550000
o 6439 24.550000
o 6438 24.550000
o 6437 24.550000
o 6436 24.550000
o 6435 24.550000
o 6433 24.550000
o 6432 24.550000
o 6431 24.550000
o 6429 24.550000
o 6428 24.550000
o 6427 24.550000
o 6426 24.550000
o 6425 24.550000
o 6424 24.550000
o 6423 24.550000
o 6422 24.550000
o 6421 24.550000
o 6420 24.550000
o 6419 24.550000
o 6418 24.550000
o 6417 24.550000
o 6415 24.550000
o 6414 24.550000
o 6413 24.550000
o 6412 24.550000
o 6411 24.550000
o 6410 24.550000
o 6409 24.550000
o 6408 24.550000
o 6407 24.550000
o 6406 24.550000
o 6405 24.550000
o 6404 24.550000
o 6396 24.550000
o 6395 24.550000
o 6394 24.550000
o 6393 24.550000
o 6392 24.550000
o 6391 24.550000
o 6390 24.550000
o 6389 24.550000
o 6388 24.550000
o 6387 24.550000
o 6386 24.550000
o 6385 24.550000
o 6383 24.550000
o 6382 24.550000
o 6381 24.560000
o 6380 24.560000
o 6379 24.560000
o 6378 24.560000
o 6377 24.560000
o 6376 24.560000
o 6375 24.560000
o 6372 24.560000
o 6371 24.560000
o 6369 24.560000
o 6368 24.560000
o 6367 24.560000
o 6330 24.570000
o 6329 24.570000
o 6328 24.570000
o 6327 24.570000
o 6326 24.570000
o 6325 24.570000
o 6324 24.570000
o 6323 24.570000
o 6322 24.570000
o 6318 24.570000
o 6317 24.570000
o 6316 24.570000
o 6315 24.570000
o 6314 24.570000
o 6313 24.570000
o 6312 24.570000
o 6308 24.580000
o 6304 24.580000
o 6302 24.580000
o 6301 24.580000
o 6300 24.580000
o 6299 24.580000
o 6298 24.580000
o 6294 24.590000
o 6293 24.590000
o 6254 24.590000
o 6235 24.590000
o 6234 24.590000
o 6233 24.590000
o 6232 24.590000
o 6231 24.590000
o 6230 24.590000
o 6212 24.590000
o 6211 24.590000
o 6210 24.590000
o 6209 24.590000
o 6208 24.590000
o 6207 24.590000
o 6187 24.590000
o 6186 24.590000
o 6185 24.590000
o 6184 24.590000
o 6179 24.590000
o 6178 24.590000
o 6177 24.590000
o 6176 24.600000
o 6138 24.600000
o 6137 24.600000
o 6103 24.600000
o 6102 24.600000
o 6101 24.600000
o 6100 24.600000
o 6099 24.600000
o 6098 24.600000
o 6097 24.600000
o 6091 24.700000
o 6086 24.700000
o 6077 24.700000
o 6076 24.700000
o 6072 24.700000
o 6071 24.720000
o 6060 24.730000
o 6059 24.750000
o 6058 24.750000
o 6057 24.750000
o 6056 24.780000
o 6055 24.780000
o 6051 24.780000
o 6050 24.780000
o 6035 24.800000
o 6034 24.800000
o 6033 24.800000
o 5998 24.810000
o 5956 25.300000
o 5955 25.300000
o 5954 25.300000
o 5947 25.300000
o 5943 25.300000
o 5942 25.300000
o 5941 25.300000
o 5937 25.300000
o 5936 25.300000
o 5931 25.300000
o 5928 25.300000
o 5927 25.300000
o 5926 25.300000
o 5925 25.310000
o 5920 25.310000
o 5916 25.310000
o 5915 25.310000
o 5898 25.310000
o 5897 25.310000
o 5896 25.310000
o 5895 25.310000
o 5894 25.310000
o 5893 25.310000
o 5892 25.310000
o 5891 25.310000
o 5828 25.310000
o 5824 25.310000
o 5823 25.310000
o 5781 25.310000
o 5752 25.310000
o 5751 25.310000
o 5750 25.310000
o 5749 25.310000
o 5748 25.310000
o 5747 25.310000
o 5746 25.310000
o 5745 25.320000
o 5744 25.320000
o 5743 25.320000
o 5742 25.320000
o 5741 25.320000
o 5740 25.320000
o 5739 25.320000
o 5738 25.320000
o 5737 25.320000
o 5736 25.320000
o 5735 25.320000
o 5734 25.320000
o 5703 25.320000
o 5702 25.320000
o 5701 25.320000
o 5700 25.320000
o 5698 25.320000
o 5658 25.320000
o 5623 25.350000
o 5618 25.380000
o 5607 25.390000
o 5601 25.390000
o 5600 25.390000
o 5598 25.390000
o 5597 25.390000
o 5594 25.390000
o 5372 25.400000
o 5371 25.400000
o 5370 25.400000
o 5369 25.400000
o 5368 25.400000
o 5367 25.400000
o 5347 25.400000
o 5300 25.400000
o 5299 25.400000
o 5295 25.410000
o 5294 25.410000
o 5290 25.410000
o 5288 25.420000
o 5283 25.420000
o 5282 25.420000
o 5281 25.430000
o 5280 25.430000
o 5279 25.430000
o 5275 25.430000
o 5273 25.450000
o 5258 25.450000
o 5257 25.450000
o 5252 25.450000
o 5249 25.460000
o 5248 25.460000
o 5247 25.460000
o 5246 25.460000
o 5245 25.470000
o 5230 25.470000
o 5229 25.480000
o 5209 25.480000
o 5208 25.480000
o 5207 25.480000
o 5205 44.090000
o 5204 44.100000
o 5203 44.110000
o 5202 44.120000
o 5201 44.120000
o 5200 44.190000
o 5197 44.190000
o 5196 44.190000
o 5193 44.190000
o 5192 44.190000
o 5191 44.250000
o 5190 44.250000
o 5188 44.260000
o 5187 44.270000
o 5157 44.270000
o 5143 46.300000
o 5142 46.310000
o 5138 46.320000
o 5134 46.320000
o 5133 46.330000
o 5129 46.330000
o 5128 53.960000
o 5127 53.960000
o 5116 53.970000
o 5115 53.970000
o 5111 53.970000
o 5107 53.970000
o 5105 53.970000
o 5100 53.970000
o 5088 54.000000
o 5087 54.000000
o 5084 54.020000
o 5081 54.030000
o 5080 54.030000
o 5076 54.190000
o 5073 54.210000
o 5069 54.210000
o 5056 54.250000
o 5055 54.250000
o 5054 54.250000
o 5037 58.110000
o 5034 58.690000
o 5033 58.690000
o 5032 58.690000
o 5028 58.690000
o 5025 58.770000
o 5024 59.420000
o 5023 59.470000
o 5022 59.470000
o 5021 59.470000
o 5019 59.480000
o 5018 59.480000
o 5017 59.500000
o 5013 59.520000
o 5012 59.550000
o 5011 59.590000
o 5010 59.610000
o 5007 59.610000
o 5005 59.610000
o 5004 59.610000
o 5003 59.810000
o 4990 59.820000
o 4975 60.260000
o 4974 60.260000
o 4973 60.260000
o 4972 60.260000
o 4971 60.260000
o 4970 60.270000
o 4951 60.270000
o 4947 60.270000
o 4943 60.270000
o 4942 60.280000
o 4941 60.290000
o 4940 60.290000
o 4939 60.300000
o 4938 60.300000
o 4937 60.310000
o 4936 60.310000
o 4933 60.400000
o 4932 60.410000
o 4931 60.450000
o 4930 60.450000
o 4917 60.450000
o 4916 60.490000
o 4915 60.500000
o 4914 60.510000
o 4913 60.510000
o 4912 60.540000
o 4911 60.540000
o 4910 60.540000
o 4909 60.540000
o 4908 60.540000
o 4907 60.540000
o 4906 60.540000
o 4905 60.550000
o 4904 60.720000
o 4903 60.720000
o 4902 60.760000
o 4893 63.810000
o 4892 63.810000
o 4891 63.810000
o 4887 63.810000
o 4885 63.810000
o 4884 63.820000
o 4873 63.880000
o 4871 63.940000
o 4870 63.960000
o 4869 63.960000
o 4868 64.020000
o 4862 64.020000
o 4861 64.020000
o 4860 64.400000
o 4859 64.400000
o 4855 64.400000
o 4854 64.820000
o 4853 64.840000
o 4837 64.980000
o 4836 64.980000
o 4805 154.250000
o 4786 154.970000
o 4736 154.970000
o 4735 154.970000
o 4734 155.010000
o 4733 155.010000
o 4732 155.010000
o 4731 155.020000
o 4730 155.020000
o 4729 155.020000
o 4727 155.040000
o 4725 155.050000
o 4724 155.070000
o 4723 155.100000
o 4722 155.110000
o 4721 155.200000
o 4720 155.210000
o 4719 155.210000
o 4692 155.220000
o 4691 155.220000
o 4690 155.220000
o 4689 155.220000
o 4683 169.800000
o 4682 169.800000
o 4681 169.800000
o 4680 169.800000
o 4679 169.800000
o 4678 169.800000
o 4665 169.810000
o 4664 169.810000
o 4663 169.810000
o 4658 170.480000
o 4657 170.490000
o 4656 170.490000
o 4644 170.490000
o 4643 170.490000
o 4642 170.500000
o 4634 171.150000
o 4633 171.150000
o 4632 171.150000
o 4631 171.160000
o 4630 171.160000
o 4629 171.160000
o 4628 171.160000
o 4611 209.490000
o 4610 209.490000
o 4609 209.490000
o 4604 209.510000
o 4600 209.510000
o 4575 209.590000
o 4525 209.590000
o 4522 209.590000
o 4521 209.600000
o 4520 209.760000
o 4519 209.760000
o 4518 209.770000
o 4517 209.880000
o 4511 209.920000
o 4510 209.920000
o 4509 209.970000
o 4508 209.980000
o 4497 210.030000
o 4496 210.120000
o 4495 210.120000
o 4486 210.120000
o 4485 210.120000
o 4484 210.120000
o 4483 210.120000
o 4482 210.120000
o 4468 210.160000
o 4467 210.160000
o 4466 210.160000
o 4465 210.160000
o 4464 210.160000
o 4463 210.160000
o 4459 210.160000
o 4456 210.160000
o 4451 210.160000
o 4447 210.170000
o 4446 210.400000
o 4445 210.400000
o 4444 210.400000
o 4443 210.510000
o 4436 210.520000
4436	210.520000
railway-transport-f2030
o 29526 21.150000
o 29476 21.270000
o 6054 24.130000
o 6035 24.130000
o 6034 24.130000
o 6033 24.130000
o 6032 24.130000
o 6030 24.130000
o 6029 24.130000
o 6028 24.130000
o 6027 24.130000
o 6016 24.130000
o 6015 24.130000
o 6014 24.130000
o 6013 24.130000
o 6012 24.130000
o 6011 24.130000
o 6009 24.130000
o 6008 24.130000
o 6007 24.130000
o 6006 24.130000
o 6005 24.130000
o 6004 24.130000
o 6003 24.130000
o 6001 24.130000
o 6000 24.130000
o 5999 24.130000
o 5997 24.130000
o 5996 24.130000
o 5995 24.130000
o 5994 24.130000
o 5993 24.130000
o 5992 24.130000
o 5977 24.130000
o 5976 24.130000
o 5975 24.140000
o 5974 24.140000
o 5973 24.140000
o 5972 24.140000
o 5971 24.140000
o 5970 24.140000
o 5968 24.140000
o 5967 24.140000
o 5966 24.140000
o 5965 24.140000
o 5964 24.140000
o 5963 24.140000
o 5962 24.150000
o 5960 24.150000
o 5959 24.150000
o 5958 24.150000
o 5957 24.150000
o 5956 24.150000
o 5954 24.150000
o 5953 24.150000
o 5952 24.150000
o 5951 24.150000
o 5950 24.150000
o 5948 24.150000
o 5947 24.150000
o 5946 24.150000
o 5945 24.150000
o 5943 24.150000
o 5941 24.150000
o 5940 24.150000
o 5938 24.150000
o 5937 24.150000
o 5936 24.150000
o 5935 24.150000
o 5934 24.150000
o 5932 24.150000
o 5931 24.150000
o 5929 24.150000
o 5928 24.150000
o 5927 24.150000
o 5925 24.150000
o 5924 24.150000
o 5923 24.150000
o 5922 24.150000
o 5921 24.160000
o 5920 24.160000
o 5915 24.160000
o 5914 24.160000
o 5913 24.160000
o 5912 24.160000
o 5911 24.160000
o 5910 24.160000
o 5908 24.160000
o 5907 24.160000
o 5906 24.160000
o 5905 24.160000
o 5901 24.160000
o 5900 24.160000
o 5899 24.160000
o 5898 24.160000
o 5897 24.160000
o 5896 24.160000
o 5895 24.160000
o 5893 24.160000
o 5892 24.160000
o 5890 24.160000
o 5870 24.160000
o 5866 24.160000
o 5865 24.160000
o 5864 24.160000
o 5860 24.160000
o 5859 24.160000
o 5858 24.160000
o 5854 24.160000
o 5852 24.170000
o 5851 24.170000
o 5849 24.170000
o 5848 24.170000
o 5847 24.170000
o 5846 24.170000
o 5845 24.170000
o 5844 24.170000
o 5843 24.170000
o 5842 24.170000
o 5841 24.170000
o 5840 24.170000
o 5839 24.170000
o 5838 24.170000
o 5837 24.170000
o 5836 24.170000
o 5835 24.170000
o 5834 24.170000
o 5833 24.170000
o 5831 24.170000
o 5830 24.170000
o 5829 24.170000
o 5828 24.170000
o 5807 24.170000
o 5806 24.170000
o 5801 24.170000
o 5800 24.180000
o 5799 24.180000
o 5798 24.180000
o 5797 24.180000
o 5796 24.180000
o 5795 24.180000
o 5794 24.180000
o 5793 24.180000
o 5792 24.180000
o 5791 24.180000
o 5790 24.180000
o 5789 24.180000
o 5788 24.180000
o 5787 24.180000
o 5786 24.180000
o 5785 24.180000
o 5783 24.180000
o 5782 24.180000
o 5781 24.180000
o 5780 24.190000
o 5779 24.190000
o 5778 24.190000
o 5776 24.190000
o 5773 24.190000
o 5769 24.190000
o 5768 24.190000
o 5767 24.190000
o 5763 24.190000
o 5762 24.190000
o 5759 24.190000
o 5758 24.190000
o 5757 24.190000
o 5755 24.190000
o 5754 24.200000
o 5750 24.200000
o 5749 24.200000
o 5742 24.200000
o 5741 24.200000
o 5740 24.200000
o 5739 24.200000
o 5738 24.200000
o 5737 24.200000
o 5736 24.200000
o 5735 24.200000
o 5734 24.200000
o 5731 24.200000
o 5730 24.200000
o 5682 24.220000
o 5681 24.220000
o 5680 24.220000
o 5679 24.220000
o 5678 24.220000
o 5628 24.220000
o 5627 24.220000
o 5626 24.220000
o 5625 24.220000
o 5624 24.220000
o 5623 24.220000
o 5622 24.220000
o 5525 24.230000
o 5524 24.230000
o 5523 24.230000
o 5522 24.230000
o 5519 24.240000
o 5515 24.240000
o 5514 24.240000
o 5510 24.240000
o 5473 24.240000
o 5472 24.250000
o 5471 24.250000
o 5470 24.250000
o 5469 24.250000
o 5468 24.250000
o 5467 24.250000
o 5466 24.250000
o 5465 24.250000
o 5464 24.250000
o 5463 24.250000
o 5462 24.260000
o 5461 24.260000
o 5449 24.260000
o 5448 24.260000
o 5444 24.260000
o 5443 24.260000
o 5442 24.260000
o 5423 24.260000
o 5420 24.270000
o 5416 24.270000
o 5412 24.270000
o 5373 24.270000
o 5365 24.280000
o 5363 24.280000
o 5342 24.280000
o 5322 24.280000
o 5321 24.280000
o 5320 24.280000
o 5319 24.290000
o 5318 24.290000
o 5317 24.290000
o 5316 24.290000
o 5315 24.290000
o 5314 24.290000
o 5313 24.290000
o 5312 24.300000
o 5311 24.300000
o 5310 24.300000
o 5271 24.390000
o 5267 24.390000
o 5265 24.400000
o 5264 24.400000
o 5262 24.410000
o 5261 24.410000
o 5246 24.410000
o 5245 24.420000
o 5244 24.420000
o 5240 24.430000
o 5239 24.430000
o 5238 24.430000
o 5237 24.430000
o 5236 24.430000
o 5234 24.430000
o 5233 24.430000
o 5232 24.430000
o 5231 24.430000
o 5226 24.430000
o 5223 24.430000
o 5218 24.430000
o 5202 24.470000
o 5201 24.470000
o 5200 24.470000
o 5199 24.470000
o 5198 24.470000
o 5197 24.470000
o 5164 24.500000
o 5163 24.500000
o 5162 24.500000
o 5161 24.500000
o 5160 24.500000
o 5147 24.500000
o 5146 24.500000
o 5145 24.520000
o 5144 24.520000
o 5143 24.520000
o 5124 24.530000
o 5123 24.530000
o 5122 24.530000
o 5121 24.530000
o 5089 24.530000
o 5088 24.530000
o 5087 24.530000
o 5062 24.640000
o 5060 24.640000
o 5058 24.640000
o 5056 24.640000
o 5054 24.640000
o 5052 24.640000
o 5045 24.730000
o 5044 24.730000
o 5043 24.730000
o 5042 24.730000
o 5041 24.740000
o 5040 24.740000
o 5039 24.740000
o 5038 24.740000
o 5036 24.760000
o 5028 24.760000
o 5027 24.770000
o 5026 24.770000
o 5025 24.770000
o 5023 24.840000
o 5017 26.390000
o 5016 26.390000
o 5014 26.400000
o 5013 26.400000
o 5012 26.400000
o 5009 26.410000
o 5008 26.410000
o 5007 26.410000
o 5006 26.410000
o 4963 26.420000
o 4961 28.250000
o 4957 28.260000
o 4939 28.260000
o 4935 28.430000
o 4934 28.440000
o 4932 28.450000
o 4931 28.450000
o 4930 28.450000
o 4929 28.460000
o 4928 28.460000
o 4905 28.500000
o 4892 63.360000
o 4843 63.360000
o 4842 63.370000
o 4841 63.390000
o 4840 63.390000
o 4839 63.390000
o 4838 63.390000
o 4808 63.460000
o 4804 63.460000
o 4801 63.460000
o 4800 63.460000
o 4797 63.470000
o 4796 63.470000
o 4786 63.470000
o 4785 63.470000
o 4783 63.470000
o 4781 63.470000
o 4779 63.470000
o 4768 63.500000
o 4766 63.520000
o 4754 63.520000
o 4753 63.520000
o 4735 113.720000
o 4721 113.720000
o 4702 113.720000
o 4700 113.720000
o 4699 113.720000
o 4697 113.720000
o 4695 113.720000
o 4693 113.720000
o 4689 113.720000
o 4688 113.720000
o 4686 113.720000
o 4684 113.720000
o 4683 113.720000
o 4664 113.720000
o 4662 113.720000
o 4643 113.720000
o 4624 113.720000
o 4623 113.720000
o 4621 113.720000
o 4620 113.720000
o 4619 113.720000
o 4618 113.720000
o 4616 113.720000
o 4615 113.720000
o 4614 113.720000
o 4613 113.720000
o 4612 113.720000
o 4599 131.240000
o 4552 131.240000
o 4551 131.240000
o 4550 131.240000
o 4549 131.270000
4549	131.270000
railway-transport-f2030
o 29558 20.300000
o 29538 20.370000
o 6323 31.290000
o 6322 31.290000
o 6321 31.290000
o 6320 31.290000
o 6319 31.290000
o 6318 31.290000
o 6292 31.290000
o 6291 31.290000
o 6290 31.290000
o 6272 31.290000
o 6270 31.290000
o 6269 31.290000
o 6268 31.290000
o 6264 31.290000
o 6263 31.290000
o 6262 31.290000
o 6261 31.290000
o 6260 31.290000
o 6251 31.290000
o 6250 31.290000
o 6244 31.290000
o 6243 31.290000
o 6242 31.290000
o 6240 31.290000
o 6239 31.290000
o 6237 31.290000
o 6232 31.290000
o 6231 31.290000
o 6226 31.300000
o 6216 31.300000
o 6215 31.300000
o 6211 31.300000
o 6207 31.300000
o 6205 31.300000
o 6203 31.300000
o 6202 31.300000
o 6201 31.300000
o 6200 31.300000
o 6192 31.300000
o 6190 31.300000
o 6187 31.300000
o 6186 31.300000
o 6184 31.300000
o 6183 31.300000
o 6181 31.300000
o 6180 31.300000
o 6179 31.300000
o 6169 31.300000
o 6168 31.300000
o 6167 31.300000
o 6166 31.300000
o 6165 31.300000
o 6164 31.300000
o 6163 31.300000
o 6159 31.300000
o 6158 31.300000
o 6118 31.300000
o 6116 31.300000
o 6114 31.300000
o 6113 31.300000
o 6104 31.300000
o 6103 31.300000
o 6101 31.300000
o 6100 31.300000
o 6099 31.300000
o 6098 31.300000
o 6097 31.300000
o 6096 31.300000
o 6095 31.300000
o 6094 31.300000
o 6093 31.300000
o 6092 31.300000
o 6091 31.300000
o 6090 31.300000
o 6089 31.300000
o 6088 31.300000
o 6087 31.310000
o 6073 31.310000
o 6072 31.310000
o 6070 31.310000
o 6069 31.310000
o 6068 31.320000
o 6067 31.320000
o 6066 31.320000
o 6065 31.320000
o 6063 31.320000
o 6061 31.320000
o 6060 31.320000
o 6059 31.320000
o 6057 31.320000
o 6056 31.320000
o 6055 31.320000
o 6054 31.320000
o 6053 31.320000
o 6052 31.320000
o 6044 31.320000
o 6043 31.320000
o 6042 31.320000
o 6041 31.330000
o 6040 31.330000
o 6039 31.330000
o 6035 31.330000
o 6028 31.330000
o 6027 31.330000
o 6026 31.330000
o 6025 31.330000
o 6024 31.330000
o 6023 31.330000
o 6022 31.330000
o 6021 31.340000
o 6018 31.340000
o 6017 31.340000
o 6015 31.340000
o 6014 31.340000
o 6013 31.340000
o 6012 31.340000
o 6011 31.340000
o 6010 31.340000
o 6009 31.340000
o 6008 31.340000
o 6007 31.340000
o 6006 31.340000
o 6005 31.340000
o 6004 31.340000
o 6003 31.350000
o 5954 31.350000
o 5953 31.350000
o 5952 31.350000
o 5951 31.350000
o 5902 31.350000
o 5898 31.350000
o 5897 31.350000
o 5896 31.350000
o 5895 31.350000
o 5894 31.350000
o 5893 31.350000
o 5891 31.350000
o 5890 31.350000
o 5889 31.350000
o 5888 31.350000
o 5887 31.360000
o 5886 31.360000
o 5885 31.360000
o 5884 31.360000
o 5837 31.360000
o 5836 31.360000
o 5835 31.360000
o 5834 31.360000
o 5833 31.360000
o 5829 31.370000
o 5824 31.390000
o 5823 31.390000
o 5820 31.400000
o 5819 31.400000
o 5818 31.400000
o 5817 31.400000
o 5813 31.410000
o 5807 31.410000
o 5791 31.410000
o 5789 31.410000
o 5788 31.420000
o 5787 31.420000
o 5786 31.420000
o 5784 31.420000
o 5783 31.420000
o 5779 31.420000
o 5778 31.420000
o 5777 31.420000
o 5776 31.420000
o 5774 31.420000
o 5770 31.420000
o 5769 31.420000
o 5768 31.430000
o 5767 31.430000
o 5766 31.430000
o 5765 31.430000
o 5764 31.430000
o 5763 31.430000
o 5743 31.430000
o 5742 31.430000
o 5741 31.430000
o 5740 31.430000
o 5715 33.670000
o 5714 33.670000
o 5713 33.670000
o 5712 33.670000
o 5711 33.670000
o 5672 33.670000
o 5671 33.670000
o 5670 33.670000
o 5620 33.670000
o 5619 33.670000
o 5618 33.670000
o 5616 33.670000
o 5615 33.670000
o 5515 33.670000
o 5514 33.670000
o 5512 33.670000
o 5511 33.670000
o 5510 33.670000
o 5509 33.670000
o 5508 33.670000
o 5489 33.670000
o 5488 33.670000
o 5487 33.670000
o 5486 33.670000
o 5485 33.670000
o 5483 33.670000
o 5479 33.670000
o 5478 33.670000
o 5477 33.670000
o 5476 33.670000
o 5475 33.670000
o 5474 33.670000
o 5473 33.670000
o 5468 33.670000
o 5467 33.670000
o 5466 33.670000
o 5465 33.670000
o 5464 33.670000
o 5463 33.670000
o 5462 33.670000
o 5461 33.670000
o 5460 33.670000
o 5459 33.670000
o 5458 33.670000
o 5457 33.670000
o 5456 33.670000
o 5455 33.670000
o 5454 33.670000
o 5453 33.670000
o 5452 33.670000
o 5451 33.670000
o 5450 33.670000
o 5449 33.670000
o 5448 33.670000
o 5447 33.670000
o 5446 33.670000
o 5445 33.670000
o 5444 33.670000
o 5443 33.670000
o 5442 33.670000
o 5441 33.670000
o 5440 33.670000
o 5439 33.680000
o 5438 33.680000
o 5436 33.680000
o 5432 33.680000
o 5431 33.680000
o 5430 33.680000
o 5429 33.680000
o 5428 33.680000
o 5427 33.680000
o 5423 33.680000
o 5422 33.680000
o 5421 33.680000
o 5419 33.690000
o 5418 33.690000
o 5417 33.690000
o 5416 33.690000
o 5415 33.690000
o 5405 33.690000
o 5401 33.690000
o 5351 33.690000
o 5301 33.690000
o 5300 33.690000
o 5296 33.690000
o 5295 33.690000
o 5292 33.690000
o 5291 33.690000
o 5290 33.690000
o 5289 33.690000
o 5222 33.710000
o 5221 33.710000
o 5220 33.720000
o 5219 33.720000
o 5200 33.720000
o 5164 33.720000
o 5163 33.720000
o 5160 33.720000
o 5159 33.720000
o 5156 33.730000
o 5155 33.730000
o 5154 33.760000
o 5153 33.760000
o 5152 33.760000
o 5148 33.760000
o 5145 33.810000
o 5144 33.820000
o 5140 33.820000
o 5136 33.840000
o 5135 33.840000
o 5134 33.840000
o 5130 33.840000
o 5129 33.850000
o 5123 33.860000
o 5122 33.860000
o 5121 33.860000
o 5120 33.860000
o 5119 33.860000
o 5118 33.860000
o 5114 33.860000
o 5113 33.860000
o 5112 33.860000
o 5103 33.870000
o 5102 33.870000
o 5101 33.870000
o 5093 33.880000
o 5092 33.880000
o 5091 33.880000
o 5090 33.880000
o 5086 33.880000
o 5085 33.880000
o 5064 33.930000
o 5063 33.930000
o 5062 33.930000
o 5019 33.940000
o 4970 33.940000
o 4969 33.940000
o 4965 33.940000
o 4964 33.940000
o 4958 33.950000
o 4955 35.160000
o 4954 35.160000
o 4952 35.160000
o 4951 35.170000
o 4949 35.170000
o 4948 35.170000
o 4932 35.200000
o 4931 35.920000
o 4930 35.920000
o 4923 35.920000
o 4921 35.920000
o 4918 35.950000
o 4917 35.960000
o 4916 35.960000
o 4915 35.960000
o 4911 35.960000
o 4910 35.960000
o 4909 35.960000
o 4880 35.970000
o 4879 35.970000
o 4878 35.970000
o 4877 35.970000
o 4874 35.970000
o 4860 36.090000
o 4845 36.090000
o 4843 36.360000
o 4842 36.370000
o 4841 36.370000
o 4840 36.370000
o 4826 36.370000
o 4825 36.370000
o 4821 36.370000
o 4820 36.380000
o 4819 36.380000
o 4815 36.380000
o 4810 36.420000
o 4809 36.420000
o 4808 36.420000
o 4804 36.420000
o 4802 36.440000
o 4801 36.440000
o 4800 36.440000
o 4797 37.940000
o 4796 37.940000
o 4795 37.940000
o 4794 37.940000
o 4790 37.940000
o 4789 37.940000
o 4785 37.950000
o 4784 37.950000
o 4782 37.960000
o 4781 37.980000
o 4780 37.990000
o 4779 37.990000
o 4778 38.040000
o 4777 38.050000
o 4776 38.060000
o 4772 38.070000
o 4771 38.080000
o 4764 38.780000
o 4763 38.780000
o 4762 38.780000
o 4758 38.790000
o 4754 38.790000
o 4715 38.850000
o 4714 38.850000
o 4713 38.850000
o 4694 38.850000
o 4691 38.860000
o 4686 38.860000
o 4675 39.060000
o 4674 39.060000
o 4673 39.090000
o 4661 39.150000
o 4660 39.170000
o 4659 39.170000
o 4658 39.170000
o 4657 39.170000
o 4656 39.180000
o 4655 39.180000
o 4654 39.180000
o 4650 39.180000
o 4649 39.190000
o 4648 39.190000
o 4646 39.320000
o 4633 39.350000
o 4632 39.350000
o 4631 39.350000
o 4628 39.350000
o 4627 39.350000
o 4625 39.350000
o 4624 39.350000
o 4623 39.350000
o 4622 39.350000
o 4618 39.350000
o 4617 39.350000
o 4615 39.350000
o 4614 39.350000
o 4610 39.350000
o 4609 39.360000
o 4608 39.360000
o 4607 39.390000
o 4606 39.390000
o 4605 39.410000
o 4602 40.270000
o 4601 40.270000
4601	40.270000
railway-transport-f2030
o 29190 3.650000
o 29170 3.740000
o 29150 3.740000
o 29130 3.740000
o 5124 4.930000
o 5119 4.930000
o 5118 4.930000
o 5117 4.930000
o 5116 4.930000
o 5114 4.930000
o 5110 4.930000
o 5108 4.930000
o 5107 4.930000
o 5106 4.930000
o 5105 4.930000
o 5103 4.930000
o 5102 4.930000
o 5101 4.930000
o 5100 4.930000
o 5099 4.930000
o 5095 4.930000
o 5094 4.930000
o 5092 4.930000
o 5091 4.930000
o 5089 4.930000
o 5081 4.930000
o 5080 4.930000
o 5071 4.930000
o 5068 4.930000
o 5066 4.930000
o 5065 4.930000
o 5064 4.930000
o 5063 4.930000
o 5038 4.930000
o 5037 4.930000
o 5024 4.930000
o 5023 4.930000
o 5020 4.930000
o 5018 4.930000
o 5017 4.930000
o 5016 4.930000
o 5015 4.940000
o 5014 4.940000
o 5013 4.940000
o 5011 4.940000
o 5010 4.940000
o 5009 4.940000
o 5004 4.940000
o 5003 4.940000
o 5001 4.940000
o 5000 4.940000
o 4999 4.940000
o 4998 4.940000
o 4997 4.940000
o 4996 4.940000
o 4995 4.940000
o 4994 4.940000
o 4992 4.940000
o 4991 4.940000
o 4990 4.940000
o 4989 4.940000
o 4988 4.940000
o 4987 4.940000
o 4986 4.940000
o 4985 4.940000
o 4984 4.940000
o 4980 4.940000
o 4976 4.940000
o 4975 4.940000
o 4974 4.940000
o 4972 4.940000
o 4957 4.940000
o 4956 4.940000
o 4952 4.940000
o 4951 4.940000
o 4950 4.940000
o 4949 4.940000
o 4948 4.940000
o 4940 4.940000
o 4938 4.940000
o 4937 4.940000
o 4934 4.940000
o 4933 4.940000
o 4921 4.950000
o 4919 4.950000
o 4918 4.950000
o 4917 4.950000
o 4916 4.950000
o 4915 4.950000
o 4911 4.950000
o 4907 4.950000
o 4906 4.950000
o 4903 4.960000
o 4902 4.960000
o 4899 4.970000
o 4898 4.970000
o 4897 4.970000
o 4851 4.970000
o 4850 4.970000
o 4849 4.970000
o 4848 4.970000
o 4847 4.970000
o 4846 4.970000
o 4830 4.980000
o 4829 4.980000
o 4828 4.980000
o 4814 4.990000
o 4813 4.990000
o 4806 4.990000
o 4805 4.990000
o 4792 5.000000
o 4790 5.000000
o 4783 5.000000
o 4782 5.000000
o 4781 5.000000
o 4780 5.000000
o 4779 5.010000
o 4775 5.010000
o 4757 5.010000
o 4755 5.010000
o 4750 5.010000
o 4749 5.020000
o 4748 5.020000
o 4747 5.020000
o 4746 5.020000
o 4745 5.020000
o 4739 5.080000
o 4738 5.080000
o 4734 5.080000
o 4733 5.080000
o 4728 5.490000
o 4727 5.490000
o 4725 5.490000
o 4724 5.490000
o 4723 5.490000
o 4706 5.500000
o 4686 5.510000
o 4683 5.510000
o 4682 5.510000
o 4681 5.510000
o 4680 5.510000
o 4679 5.520000
o 4678 5.540000
o 4650 5.540000
o 4648 5.540000
o 4646 5.540000
o 4644 5.540000
o 4642 5.540000
o 4640 5.540000
o 4638 5.550000
o 4635 5.550000
o 4599 5.550000
o 4597 5.550000
o 4596 5.570000
o 4593 5.570000
o 4590 5.580000
o 4585 5.580000
o 4584 5.580000
o 4583 5.580000
o 4582 5.580000
o 4580 5.590000
o 4579 5.590000
o 4578 5.590000
o 4577 229.270000
o 4576 229.270000
o 4568 229.270000
4568	229.270000
railway-transport-f2030
o 29493 59.020000
o 6186 61.470000
o 6156 61.470000
o 6137 61.470000
o 6103 61.470000
o 6082 61.470000
o 6081 61.470000
o 6080 61.470000
o 6079 61.470000
o 6060 61.470000
o 6030 61.470000
o 6026 61.470000
o 6025 61.470000
o 5995 61.470000
o 5994 61.470000
o 5981 61.470000
o 5980 61.470000
o 5961 61.470000
o 5960 61.470000
o 5959 61.480000
o 5940 61.480000
o 5938 61.480000
o 5934 61.480000
o 5933 61.480000
o 5932 61.480000
o 5923 61.480000
o 5922 61.480000
o 5920 61.480000
o 5919 61.480000
o 5915 61.480000
o 5914 61.480000
o 5913 61.480000
o 5912 61.480000
o 5911 61.480000
o 5903 61.480000
o 5902 61.480000
o 5899 61.480000
o 5898 61.480000
o 5897 61.480000
o 5893 61.480000
o 5891 61.480000
o 5890 61.480000
o 5888 61.480000
o 5887 61.480000
o 5886 61.480000
o 5885 61.480000
o 5884 61.480000
o 5881 61.480000
o 5880 61.480000
o 5878 61.480000
o 5876 61.480000
o 5856 61.480000
o 5855 61.480000
o 5854 61.490000
o 5853 61.490000
o 5852 61.490000
o 5851 61.490000
o 5850 61.490000
o 5849 61.490000
o 5845 61.490000
o 5844 61.490000
o 5843 61.490000
o 5842 61.490000
o 5841 61.490000
o 5840 61.490000
o 5830 61.490000
o 5829 61.490000
o 5828 61.490000
o 5819 61.490000
o 5816 61.490000
o 5815 61.490000
o 5814 61.490000
o 5813 61.490000
o 5812 61.490000
o 5811 61.490000
o 5810 61.490000
o 5809 61.490000
o 5806 61.490000
o 5805 61.490000
o 5804 61.490000
o 5803 61.490000
o 5802 61.490000
o 5799 61.490000
o 5797 61.490000
o 5796 61.490000
o 5794 61.490000
o 5793 61.490000
o 5792 61.490000
o 5791 61.490000
o 5790 61.490000
o 5788 61.490000
o 5786 61.490000
o 5785 61.490000
o 5784 61.490000
o 5783 61.490000
o 5782 61.490000
o 5780 61.500000
o 5779 61.500000
o 5778 61.510000
o 5777 61.510000
o 5776 61.510000
o 5775 61.510000
o 5774 61.510000
o 5773 61.510000
o 5772 61.510000
o 5742 61.510000
o 5741 61.510000
o 5740 61.510000
o 5739 61.510000
o 5738 61.510000
o 5737 61.510000
o 5736 61.510000
o 5735 61.510000
o 5734 61.510000
o 5733 61.510000
o 5732 61.510000
o 5731 61.510000
o 5730 61.520000
o 5729 61.520000
o 5725 61.520000
o 5724 61.520000
o 5723 61.520000
o 5722 61.520000
o 5721 61.520000
o 5719 61.520000
o 5718 61.520000
o 5716 61.520000
o 5715 61.520000
o 5714 61.520000
o 5713 61.520000
o 5709 61.520000
o 5708 61.520000
o 5706 61.520000
o 5687 61.530000
o 5686 61.530000
o 5679 61.530000
o 5675 61.530000
o 5671 61.530000
o 5667 61.530000
o 5666 61.530000
o 5665 61.530000
o 5664 61.530000
o 5663 61.530000
o 5662 61.530000
o 5658 61.530000
o 5657 61.530000
o 5653 61.540000
o 5652 61.540000
o 5651 61.540000
o 5647 61.540000
o 5646 61.540000
o 5645 61.540000
o 5644 61.540000
o 5643 61.540000
o 5642 61.540000
o 5641 61.540000
o 5640 61.540000
o 5639 61.540000
o 5638 61.540000
o 5637 61.540000
o 5636 61.540000
o 5634 61.560000
o 5629 61.560000
o 5621 61.560000
o 5620 61.560000
o 5618 61.560000
o 5617 61.560000
o 5616 61.560000
o 5612 61.570000
o 5611 61.580000
o 5601 61.580000
o 5597 61.580000
o 5596 61.580000
o 5593 61.580000
o 5592 61.580000
o 5591 61.580000
o 5589 61.580000
o 5588 61.580000
o 5587 61.580000
o 5586 61.580000
o 5585 61.580000
o 5584 61.580000
o 5583 61.580000
o 5582 61.590000
o 5581 61.590000
o 5579 61.590000
o 5578 61.590000
o 5576 61.590000
o 5573 61.590000
o 5570 61.590000
o 5569 61.590000
o 5568 61.590000
o 5565 61.590000
o 5550 61.620000
o 5549 61.620000
o 5548 61.620000
o 5547 61.630000
o 5543 61.630000
o 5535 61.630000
o 5534 61.630000
o 5533 61.640000
o 5532 61.640000
o 5531 61.640000
o 5530 61.640000
o 5529 61.640000
o 5528 61.640000
o 5524 61.640000
o 5523 61.650000
o 5522 61.650000
o 5514 61.660000
o 5513 61.660000
o 5512 61.660000
o 5511 61.660000
o 5507 61.660000
o 5502 61.670000
o 5498 61.670000
o 5493 61.670000
o 5492 61.670000
o 5491 61.670000
o 5402 62.040000
o 5401 62.040000
o 5381 62.040000
o 5361 62.040000
o 5354 62.040000
o 5353 62.040000
o 5352 62.040000
o 5344 62.070000
o 5343 62.070000
o 5301 62.080000
o 5300 62.080000
o 5299 62.090000
o 5256 62.100000
o 5217 62.190000
o 5216 62.190000
o 5215 62.190000
o 5207 62.350000
o 5196 62.350000
o 5195 62.350000
o 5156 62.380000
o 5137 62.430000
o 5136 62.430000
o 5135 62.430000
o 5133 62.430000
o 5132 62.430000
o 5129 62.440000
o 5128 62.440000
o 5127 62.440000
o 5126 62.440000
o 5124 62.440000
o 5112 62.440000
o 5111 62.440000
o 5108 62.540000
o 5082 62.550000
o 5078 62.550000
o 5077 62.560000
o 5076 62.560000
o 5075 62.560000
o 5074 62.560000
o 5073 62.560000
o 5072 62.560000
o 5071 62.570000
o 5069 62.570000
o 5059 62.570000
o 5058 62.580000
o 5057 62.580000
o 5056 62.580000
o 5007 62.590000
o 5006 62.590000
o 4978 62.590000
o 4976 62.590000
o 4974 62.590000
o 4972 62.590000
o 4970 62.590000
o 4969 62.590000
o 4966 62.590000
o 4917 62.590000
o 4916 62.590000
o 4915 62.590000
o 4914 62.610000
o 4912 62.620000
o 4911 62.620000
o 4908 62.620000
o 4907 62.620000
o 4906 62.620000
o 4904 66.330000
o 4903 66.330000
o 4902 66.330000
o 4901 66.330000
o 4900 66.330000
o 4899 66.340000
o 4895 66.340000
o 4894 66.340000
o 4893 66.340000
o 4889 66.340000
o 4888 66.340000
o 4886 66.350000
o 4885 66.350000
o 4880 66.810000
o 4879 66.810000
o 4878 66.810000
o 4877 66.810000
o 4865 66.810000
o 4864 66.810000
o 4863 66.810000
o 4862 66.820000
o 4861 66.820000
o 4860 66.820000
o 4859 66.820000
o 4858 66.820000
o 4857 66.820000
o 4856 66.820000
o 4855 66.820000
o 4854 66.830000
o 4853 66.900000
o 4851 66.930000
o 4801 66.930000
o 4795 74.920000
o 4794 74.920000
o 4793 74.920000
o 4792 74.920000
o 4788 74.920000
o 4787 74.930000
o 4786 74.930000
o 4785 74.930000
o 4784 74.950000
o 4783 74.950000
o 4780 74.950000
o 4779 74.950000
o 4778 74.960000
o 4777 74.960000
o 4774 74.970000
o 4762 75.030000
o 4761 75.030000
o 4760 75.030000
o 4759 75.030000
o 4758 75.030000
o 4757 75.030000
o 4745 75.030000
o 4744 75.060000
o 4743 75.080000
o 4729 75.110000
o 4726 75.110000
o 4725 75.130000
o 4650 75.140000
o 4600 75.140000
o 4597 75.160000
o 4589 75.170000
o 4588 75.170000
o 4577 75.200000
o 4575 75.200000
o 4574 75.220000
o 4573 75.260000
o 4569 75.260000
o 4565 75.260000
o 4561 75.400000
o 4557 75.410000
o 4556 75.410000
o 4555 75.410000
o 4554 75.510000
o 4553 75.510000
o 4552 75.510000
o 4551 75.510000
o 4548 75.520000
o 4547 75.520000
o 4546 75.520000
o 4542 75.520000
o 4541 75.520000
o 4540 75.540000
o 4539 75.950000
o 4538 75.960000
o 4535 75.970000
o 4534 75.970000
o 4533 75.980000
o 4532 75.990000
o 4528 75.990000
o 4525 76.000000
4525	76.000000
railway-transport-f2030
o 29422 30.900000
o 6519 34.640000
o 6470 34.640000
o 6370 34.640000
o 6330 34.640000
o 6329 34.640000
o 6328 34.640000
o 6327 34.640000
o 6177 34.640000
o 6175 34.640000
o 6174 34.640000
o 6172 34.640000
o 6171 34.640000
o 6170 34.640000
o 6168 34.640000
o 6167 34.640000
o 6166 34.640000
o 6165 34.640000
o 6164 34.640000
o 6163 34.640000
o 6162 34.640000
o 6161 34.640000
o 6160 34.640000
o 6159 34.640000
o 6158 34.640000
o 6156 34.640000
o 6155 34.640000
o 6154 34.640000
o 6153 34.640000
o 6152 34.640000
o 6151 34.640000
o 6149 34.640000
o 6147 34.640000
o 6146 34.640000
o 6145 34.640000
o 6144 34.640000
o 6143 34.640000
o 6123 34.640000
o 6122 34.640000
o 6121 34.640000
o 6120 34.640000
o 6119 34.640000
o 6118 34.640000
o 6117 34.640000
o 6116 34.640000
o 6115 34.640000
o 6114 34.640000
o 6113 34.640000
o 6093 34.650000
o 6092 34.650000
o 6091 34.650000
o 6090 34.650000
o 6089 34.650000
o 6088 34.650000
o 6087 34.650000
o 6086 34.650000
o 6080 34.650000
o 6079 34.650000
o 6078 34.650000
o 6077 34.650000
o 6076 34.650000
o 6074 34.650000
o 6073 34.650000
o 6072 34.650000
o 6068 34.650000
o 6067 34.650000
o 6066 34.650000
o 6065 34.650000
o 6064 34.650000
o 6060 34.650000
o 6059 34.650000
o 6058 34.650000
o 6057 34.650000
o 6055 34.650000
o 6054 34.650000
o 6052 34.650000
o 6051 34.650000
o 6050 34.650000
o 6049 34.650000
o 6048 34.650000
o 6047 34.650000
o 6046 34.650000
o 6045 34.650000
o 6044 34.650000
o 6043 34.650000
o 6042 34.650000
o 6041 34.650000
o 6040 34.650000
o 6039 34.650000
o 6019 34.660000
o 5999 34.660000
o 5998 34.660000
o 5997 34.660000
o 5996 34.660000
o 5976 34.660000
o 5975 34.660000
o 5974 34.660000
o 5973 34.660000
o 5972 34.660000
o 5971 34.660000
o 5970 34.660000
o 5969 34.660000
o 5967 34.660000
o 5965 34.660000
o 5964 34.660000
o 5960 34.660000
o 5949 34.660000
o 5948 34.660000
o 5947 34.660000
o 5936 34.660000
o 5935 34.660000
o 5934 34.660000
o 5933 34.660000
o 5932 34.660000
o 5930 34.660000
o 5929 34.660000
o 5927 34.660000
o 5925 34.660000
o 5924 34.660000
o 5923 34.660000
o 5922 34.660000
o 5921 34.660000
o 5920 34.660000
o 5919 34.660000
o 5918 34.660000
o 5917 34.660000
o 5916 34.660000
o 5914 34.660000
o 5913 34.660000
o 5912 34.670000
o 5902 34.670000
o 5901 34.670000
o 5900 34.670000
o 5881 34.670000
o 5880 34.670000
o 5879 34.670000
o 5878 34.670000
o 5877 34.670000
o 5876 34.670000
o 5875 34.670000
o 5874 34.670000
o 5873 34.670000
o 5747 34.670000
o 5745 34.670000
o 5705 34.670000
o 5704 34.680000
o 5703 34.680000
o 5702 34.680000
o 5701 34.680000
o 5700 34.680000
o 5699 34.680000
o 5698 34.680000
o 5697 34.680000
o 5696 34.680000
o 5695 34.680000
o 5647 34.680000
o 5646 34.680000
o 5645 34.680000
o 5644 34.680000
o 5643 34.690000
o 5642 34.690000
o 5641 34.690000
o 5640 34.690000
o 5639 34.690000
o 5638 34.690000
o 5637 34.690000
o 5636 34.690000
o 5635 34.690000
o 5634 34.690000
o 5633 34.690000
o 5632 34.690000
o 5631 34.690000
o 5630 34.690000
o 5629 34.700000
o 5628 34.700000
o 5624 34.700000
o 5623 34.700000
o 5622 34.700000
o 5604 34.700000
o 5584 34.700000
o 5583 34.700000
o 5582 34.700000
o 5581 34.700000
o 5580 34.700000
o 5579 34.700000
o 5578 34.700000
o 5577 34.700000
o 5576 34.700000
o 5575 34.700000
o 5574 34.700000
o 5573 34.700000
o 5572 34.700000
o 5571 34.700000
o 5570 34.700000
o 5569 34.710000
o 5568 34.710000
o 5567 34.710000
o 5563 34.710000
o 5562 34.710000
o 5561 34.710000
o 5560 34.710000
o 5559 34.710000
o 5558 34.710000
o 5557 34.710000
o 5556 34.710000
o 5555 34.710000
o 5554 34.710000
o 5552 34.710000
o 5548 34.710000
o 5547 34.710000
o 5546 34.710000
o 5545 34.710000
o 5544 34.710000
o 5543 34.720000
o 5542 34.720000
o 5541 34.720000
o 5540 34.720000
o 5539 34.720000
o 5538 34.720000
o 5525 34.750000
o 5523 34.750000
o 5522 34.750000
o 5521 34.750000
o 5520 34.750000
o 5518 34.750000
o 5511 34.760000
o 5510 34.760000
o 5506 34.760000
o 5505 34.760000
o 5502 34.780000
o 5501 34.780000
o 5500 34.780000
o 5496 34.780000
o 5491 34.790000
o 5481 34.800000
o 5478 34.800000
o 5477 34.800000
o 5473 34.800000
o 5472 34.800000
o 5471 34.800000
o 5470 34.800000
o 5469 34.800000
o 5468 34.800000
o 5467 34.800000
o 5445 34.800000
o 5435 34.800000
o 5434 34.800000
o 5433 34.800000
o 5432 34.800000
o 5431 34.800000
o 5430 34.800000
o 5412 34.800000
o 5408 34.800000
o 5407 34.800000
o 5406 34.810000
o 5405 34.810000
o 5401 34.810000
o 5399 34.820000
o 5396 34.820000
o 5393 34.820000
o 5350 34.830000
o 5349 34.830000
o 5348 34.830000
o 5346 34.840000
o 5345 34.840000
o 5344 34.840000
o 5343 34.840000
o 5339 34.840000
o 5338 34.840000
o 5335 34.840000
o 5334 34.840000
o 5330 34.850000
o 5329 34.850000
o 5325 34.850000
o 5324 34.850000
o 5323 34.850000
o 5266 34.860000
o 5265 34.860000
o 5264 34.860000
o 5263 34.860000
o 5252 34.910000
o 5246 34.910000
o 5243 34.910000
o 5224 34.910000
o 5223 34.920000
o 5222 34.960000
o 5221 34.960000
o 5220 34.970000
o 5216 34.980000
o 5211 35.010000
o 5210 35.010000
o 5197 35.010000
o 5196 35.010000
o 5195 35.010000
o 5194 35.020000
o 5193 35.020000
o 5192 35.020000
o 5191 35.020000
o 5190 35.020000
o 5189 35.020000
o 5188 35.020000
o 5187 35.020000
o 5186 35.020000
o 5182 35.020000
o 5181 35.020000
o 5178 35.020000
o 5177 35.020000
o 5176 35.020000
o 5175 35.020000
o 5174 35.020000
o 5173 35.020000
o 5172 35.020000
o 5171 35.030000
o 5168 35.030000
o 5120 35.060000
o 5117 35.070000
o 5112 35.070000
o 5111 35.070000
o 5110 35.070000
o 5109 35.070000
o 5058 35.100000
o 5057 35.100000
o 5056 35.100000
o 5049 35.110000
o 5046 35.140000
o 5045 35.140000
o 5044 35.140000
o 5043 35.140000
o 5040 35.140000
o 5039 35.140000
o 5038 35.160000
o 5037 35.160000
o 5036 35.160000
o 5032 35.160000
o 5030 35.170000
o 5029 35.210000
o 5018 35.340000
o 5017 35.340000
o 5016 35.340000
o 5015 35.350000
o 5011 39.500000
o 5010 39.500000
o 5008 39.510000
o 5007 39.510000
o 5005 103.180000
o 4992 103.180000
o 4991 103.180000
o 4990 103.180000
o 4897 103.180000
o 4797 103.180000
o 4796 103.180000
o 4795 103.180000
o 4794 103.180000
o 4790 103.190000
o 4770 103.190000
o 4769 103.190000
o 4767 103.190000
o 4766 103.190000
o 4765 103.190000
o 4764 103.190000
o 4675 103.650000
o 4656 194.490000
o 4652 194.490000
o 4636 194.490000
o 4597 194.710000
o 4596 194.710000
o 4592 194.710000
o 4591 194.720000
o 4574 195.700000
o 4570 195.720000
o 4569 195.720000
o 4531 195.730000
o 4530 195.730000
o 4529 195.900000
o 4528 195.900000
o 4526 199.710000
o 4525 199.710000
o 4521 199.710000
o 4513 199.860000
o 4512 199.920000
o 4510 199.930000
o 4504 207.450000
o 4502 216.500000
o 4499 216.520000
4499	216.520000
railway-transport-f2030
o 29460 34.480000
o 7758 38.830000
o 7757 38.830000
o 7737 38.830000
o 7698 38.830000
o 7697 38.830000
o 7678 38.830000
o 7628 38.830000
o 7627 38.830000
o 7626 38.830000
o 7624 38.840000
o 7623 38.840000
o 7622 38.840000
o 7612 38.840000
o 7592 38.840000
o 7572 38.840000
o 7552 38.840000
o 7551 38.840000
o 7550 38.840000
o 7549 38.840000
o 7548 38.840000
o 7547 38.840000
o 7546 38.840000
o 7545 38.840000
o 7544 38.840000
o 7524 38.840000
o 7504 38.840000
o 7502 38.840000
o 7501 38.840000
o 7500 38.840000
o 7498 38.840000
o 7478 38.840000
o 7477 38.840000
o 7437 38.840000
o 7435 38.840000
o 7433 38.840000
o 7432 38.840000
o 7431 38.840000
o 7430 38.840000
o 7429 38.840000
o 7428 38.840000
o 7427 38.840000
o 7426 38.840000
o 7425 38.840000
o 7424 38.840000
o 7423 38.840000
o 7422 38.840000
o 7402 38.840000
o 7401 38.840000
o 7400 38.840000
o 7399 38.840000
o 7398 38.840000
o 7396 38.840000
o 7395 38.840000
o 7394 38.840000
o 7392 38.840000
o 7390 38.840000
o 7389 38.840000
o 7384 38.850000
o 7381 38.850000
o 7380 38.850000
o 7379 38.850000
o 7378 38.850000
o 7358 38.850000
o 7356 38.850000
o 7355 38.850000
o 7353 38.850000
o 7352 38.850000
o 7351 38.850000
o 7350 38.850000
o 7349 38.850000
o 7347 38.850000
o 7335 38.850000
o 7334 38.850000
o 7333 38.850000
o 7253 38.850000
o 7210 38.870000
o 7209 38.870000
o 7208 38.870000
o 7207 38.870000
o 7206 38.870000
o 7187 38.870000
o 7186 38.870000
o 7185 38.870000
o 7184 38.870000
o 7183 38.870000
o 7148 38.870000
o 7147 38.870000
o 7143 38.870000
o 7142 38.870000
o 7141 38.870000
o 7140 38.870000
o 7138 38.870000
o 7137 38.870000
o 7136 38.870000
o 7135 38.870000
o 7134 38.870000
o 7133 38.870000
o 7132 38.870000
o 7131 38.870000
o 7130 38.870000
o 7129 38.870000
o 7128 38.870000
o 7127 38.870000
o 7126 38.870000
o 7125 38.880000
o 7124 38.880000
o 7123 38.880000
o 7122 38.880000
o 7121 38.880000
o 7120 38.880000
o 7119 38.880000
o 7118 38.880000
o 7115 38.880000
o 7114 38.880000
o 7113 38.880000
o 7112 38.880000
o 7111 38.880000
o 7110 38.880000
o 7109 38.880000
o 7108 38.880000
o 7107 38.880000
o 7106 38.880000
o 7084 38.880000
o 7083 38.880000
o 7081 38.880000
o 7005 38.890000
o 7004 38.890000
o 7003 38.890000
o 7002 38.890000
o 7001 38.890000
o 7000 38.890000
o 6999 38.890000
o 6957 38.890000
o 6956 38.890000
o 6955 38.890000
o 6954 38.890000
o 6952 38.890000
o 6951 38.890000
o 6950 38.890000
o 6949 38.890000
o 6945 38.890000
o 6944 38.890000
o 6924 38.890000
o 6923 38.900000
o 6903 38.900000
o 6894 38.900000
o 6884 38.900000
o 6883 38.900000
o 6882 38.900000
o 6878 38.900000
o 6875 38.900000
o 6874 38.900000
o 6873 38.900000
o 6872 38.900000
o 6871 38.900000
o 6868 38.900000
o 6854 38.910000
o 6853 38.910000
o 6852 38.910000
o 6851 38.910000
o 6850 38.910000
o 6848 38.910000
o 6847 38.910000
o 6846 38.910000
o 6845 38.910000
o 6844 38.910000
o 6843 38.910000
o 6842 38.910000
o 6841 38.940000
o 6839 38.940000
o 6838 38.950000
o 6837 38.950000
o 6836 38.950000
o 6835 38.950000
o 6834 38.950000
o 6833 38.950000
o 6832 38.950000
o 6831 38.960000
o 6817 39.010000
o 6797 39.010000
o 6796 39.010000
o 6795 39.010000
o 6794 39.010000
o 6793 39.030000
o 6791 39.030000
o 6781 39.040000
o 6780 39.040000
o 6779 39.040000
o 6778 39.050000
o 5599 43.630000
o 5598 43.630000
o 5597 43.630000
o 5595 43.630000
o 5594 43.630000
o 5593 43.630000
o 5591 43.630000
o 5590 43.630000
o 5589 43.630000
o 5588 43.630000
o 5587 43.630000
o 5567 43.630000
o 5565 43.630000
o 5563 43.630000
o 5561 43.630000
o 5557 43.630000
o 5553 43.630000
o 5552 43.630000
o 5547 43.630000
o 5546 43.630000
o 5545 43.630000
o 5543 43.630000
o 5542 43.630000
o 5540 43.640000
o 5539 43.640000
o 5538 43.640000
o 5537 43.640000
o 5536 43.640000
o 5535 43.640000
o 5534 43.640000
o 5533 43.640000
o 5532 43.640000
o 5531 43.640000
o 5530 43.640000
o 5529 43.640000
o 5528 43.640000
o 5527 43.640000
o 5526 43.640000
o 5525 43.650000
o 5524 43.650000
o 5523 43.650000
o 5521 43.650000
o 5520 43.650000
o 5519 43.650000
o 5518 43.650000
o 5517 43.650000
o 5516 43.650000
o 5515 43.650000
o 5514 43.650000
o 5513 43.650000
o 5511 43.650000
o 5509 43.650000
o 5508 43.650000
o 5507 43.650000
o 5506 43.650000
o 5505 43.650000
o 5504 43.650000
o 5484 43.650000
o 5483 43.650000
o 5482 43.650000
o 5481 43.650000
o 5477 43.650000
o 5476 43.650000
o 5475 43.650000
o 5474 43.650000
o 5473 43.650000
o 5472 43.650000
o 5471 43.650000
o 5470 43.650000
o 5469 43.650000
o 5449 43.650000
o 5448 43.650000
o 5431 43.650000
o 5430 43.650000
o 5420 43.650000
o 5419 43.650000
o 5418 43.650000
o 5417 43.650000
o 5413 43.650000
o 5410 43.650000
o 5409 43.650000
o 5408 43.660000
o 5407 43.660000
o 5387 43.660000
o 5384 43.660000
o 5383 43.660000
o 5382 43.660000
o 5381 43.660000
o 5361 43.660000
o 5360 43.660000
o 5359 43.660000
o 5358 43.660000
o 5357 43.660000
o 5356 43.660000
o 5355 43.660000
o 5354 43.660000
o 5353 43.660000
o 5350 43.660000
o 5349 43.660000
o 5311 43.670000
o 5310 43.670000
o 5309 43.670000
o 5308 43.670000
o 5307 43.670000
o 5303 43.670000
o 5302 43.670000
o 5301 43.670000
o 5300 43.670000
o 5299 43.670000
o 5298 43.670000
o 5297 43.670000
o 5289 43.670000
o 5288 43.670000
o 5284 43.670000
o 5283 43.670000
o 5282 43.670000
o 5273 43.670000
o 5272 43.670000
o 5264 43.670000
o 5249 43.670000
o 5229 43.670000
o 5228 43.670000
o 5227 43.670000
o 5223 43.670000
o 5222 43.670000
o 5221 43.670000
o 5220 43.670000
o 5219 43.670000
o 5211 43.670000
o 5210 43.670000
o 5209 43.670000
o 5205 43.670000
o 5204 43.670000
o 5172 43.670000
o 5171 43.670000
o 5170 43.670000
o 5169 43.670000
o 5165 43.670000
o 5164 43.670000
o 5163 43.670000
o 5162 43.670000
o 5161 43.680000
o 5159 43.680000
o 5155 43.680000
o 5154 43.680000
o 5153 43.680000
o 5150 43.680000
o 5146 43.680000
o 5142 43.680000
o 5137 43.680000
o 5132 43.680000
o 5128 43.680000
o 5127 43.680000
o 5126 43.680000
o 5124 43.680000
o 5123 43.680000
o 5116 43.690000
o 5112 43.690000
o 5110 43.690000
o 5109 43.690000
o 5108 43.690000
o 5093 43.690000
o 5092 43.690000
o 5091 43.690000
o 5089 43.700000
o 5085 43.700000
o 5051 44.470000
o 5050 44.480000
o 5049 44.490000
o 5047 44.500000
o 5046 44.530000
o 5029 44.530000
o 5027 44.540000
o 5026 44.540000
o 5004 44.560000
o 4954 44.560000
o 4949 44.560000
o 4946 44.560000
o 4945 44.560000
o 4943 44.560000
o 4942 44.560000
o 4938 44.580000
o 4937 44.580000
o 4936 44.580000
o 4926 44.650000
o 4925 44.650000
o 4924 44.650000
o 4922 44.660000
o 4920 44.660000
o 4919 44.670000
o 4916 44.670000
o 4915 44.670000
o 4914 44.710000
o 4913 44.710000
o 4912 44.720000
o 4911 44.720000
o 4910 44.720000
o 4909 44.730000
o 4908 44.730000
o 4907 44.730000
o 4895 44.740000
o 4894 44.740000
o 4893 44.740000
o 4892 44.740000
o 4891 44.740000
o 4890 44.740000
o 4889 44.740000
o 4885 44.750000
o 4884 44.750000
o 4883 44.750000
o 4881 44.780000
o 4880 44.780000
o 4879 44.780000
o 4878 44.780000
o 4877 44.780000
o 4876 44.790000
o 4875 44.790000
o 4874 44.790000
o 4871 44.800000
o 4868 44.810000
o 4867 44.810000
o 4862 44.910000
o 4858 44.910000
o 4856 44.910000
o 4855 44.940000
o 4854 44.950000
o 4853 44.960000
o 4852 44.960000
o 4851 44.960000
o 4850 44.960000
o 4849 45.080000
o 4848 45.080000
o 4847 45.090000
o 4846 45.090000
o 4845 45.090000
o 4844 45.090000
o 4836 45.160000
o 4835 45.160000
o 4834 45.160000
o 4833 45.160000
o 4832 45.170000
o 4831 45.170000
o 4830 45.180000
o 4820 45.330000
o 4819 45.340000
o 4818 45.340000
o 4817 45.340000
o 4816 45.340000
o 4815 45.610000
o 4814 45.630000
o 4813 45.640000
o 4810 45.660000
o 4809 45.660000
o 4807 45.710000
o 4806 45.720000
o 4805 45.720000
o 4802 45.730000
o 4801 45.740000
o 4800 45.750000
o 4799 45.770000
o 4798 45.850000
o 4797 45.850000
o 4796 45.850000
o 4795 45.850000
o 4794 45.860000
o 4791 45.910000
o 4786 45.910000
o 4785 45.910000
o 4784 45.920000
o 4783 46.230000
o 4782 46.230000
o 4780 46.230000
o 4779 46.230000
o 4778 46.380000
o 4742 46.390000
o 4741 46.390000
o 4740 46.390000
o 4739 46.480000
o 4738 46.480000
o 4737 46.480000
o 4736 46.480000
o 4734 46.490000
o 4733 46.490000
o 4728 46.490000
o 4725 46.490000
o 4722 46.490000
o 4721 46.490000
o 4720 46.490000
o 4718 46.500000
o 4680 46.510000
o 4679 46.510000
o 4676 46.510000
o 4671 46.510000
o 4670 46.520000
o 4669 46.560000
o 4668 47.650000
4668	47.650000
railway-transport-f2030
o 29238 3.320000
o 5864 4.570000
o 5863 4.580000
o 5861 4.580000
o 5860 4.580000
o 5859 4.580000
o 5856 4.580000
o 5854 4.580000
o 5849 4.580000
o 5848 4.580000
o 5840 4.580000
o 5839 4.580000
o 5838 4.580000
o 5837 4.580000
o 5836 4.580000
o 5835 4.580000
o 5834 4.580000
o 5833 4.580000
o 5832 4.580000
o 5831 4.580000
o 5830 4.580000
o 5828 4.580000
o 5826 4.580000
o 5824 4.580000
o 5822 4.580000
o 5821 4.580000
o 5820 4.580000
o 5819 4.580000
o 5818 4.580000
o 5817 4.580000
o 5816 4.580000
o 5815 4.580000
o 5814 4.580000
o 5813 4.580000
o 5812 4.580000
o 5810 4.580000
o 5809 4.580000
o 5807 4.580000
o 5806 4.580000
o 5804 4.580000
o 5803 4.580000
o 5802 4.580000
o 5783 4.580000
o 5781 4.580000
o 5780 4.580000
o 5779 4.580000
o 5778 4.580000
o 5777 4.580000
o 5776 4.580000
o 5770 4.580000
o 5769 4.580000
o 5768 4.590000
o 5766 4.590000
o 5758 4.590000
o 5757 4.590000
o 5756 4.590000
o 5755 4.590000
o 5754 4.590000
o 5752 4.590000
o 5749 4.590000
o 5748 4.590000
o 5747 4.590000
o 5746 4.590000
o 5745 4.590000
o 5744 4.590000
o 5738 4.590000
o 5737 4.590000
o 5735 4.590000
o 5734 4.590000
o 5733 4.590000
o 5732 4.590000
o 5731 4.590000
o 5727 4.590000
o 5723 4.590000
o 5722 4.590000
o 5721 4.590000
o 5720 4.590000
o 5719 4.590000
o 5718 4.590000
o 5717 4.590000
o 5714 4.590000
o 5713 4.590000
o 5712 4.590000
o 5694 4.590000
o 5692 4.590000
o 5691 4.590000
o 5689 4.590000
o 5687 4.590000
o 5686 4.590000
o 5685 4.590000
o 5684 4.590000
o 5663 4.590000
o 5648 4.590000
o 5647 4.590000
o 5646 4.590000
o 5645 4.590000
o 5643 4.590000
o 5642 4.590000
o 5641 4.600000
o 5639 4.600000
o 5638 4.600000
o 5618 4.600000
o 5617 4.600000
o 5616 4.600000
o 5615 4.600000
o 5601 4.600000
o 5600 4.600000
o 5599 4.600000
o 5598 4.600000
o 5597 4.600000
o 5593 4.600000
o 5582 4.600000
o 5581 4.600000
o 5580 4.600000
o 5579 4.600000
o 5578 4.600000
o 5560 4.600000
o 5559 4.600000
o 5558 4.600000
o 5556 4.600000
o 5555 4.600000
o 5554 4.600000
o 5553 4.600000
o 5552 4.600000
o 5551 4.600000
o 5549 4.600000
o 5547 4.600000
o 5546 4.600000
o 5545 4.600000
o 5544 4.600000
o 5543 4.600000
o 5542 4.600000
o 5541 4.600000
o 5540 4.600000
o 5539 4.600000
o 5535 4.610000
o 5534 4.610000
o 5533 4.610000
o 5532 4.610000
o 5531 4.610000
o 5530 4.610000
o 5529 4.610000
o 5528 4.610000
o 5527 4.610000
o 5522 4.610000
o 5520 4.610000
o 5453 4.680000
o 5452 4.680000
o 5451 4.680000
o 5447 4.680000
o 5446 4.680000
o 5445 4.680000
o 5444 4.680000
o 5443 4.690000
o 5442 4.690000
o 5441 4.690000
o 5426 4.690000
o 5422 4.690000
o 5418 4.690000
o 5417 4.690000
o 5416 4.690000
o 5412 4.690000
o 5411 4.700000
o 5410 4.700000
o 5409 4.700000
o 5405 4.700000
o 5404 4.700000
o 5393 4.700000
o 5390 4.700000
o 5389 4.700000
o 5388 4.710000
o 5384 4.710000
o 5357 4.730000
o 5352 4.740000
o 5342 4.750000
o 5341 4.750000
o 5340 4.750000
o 5339 4.750000
o 5337 4.750000
o 5333 4.750000
o 5326 4.750000
o 5323 4.760000
o 5322 4.760000
o 5321 4.760000
o 5319 4.770000
o 5315 4.770000
o 5314 4.780000
o 5313 4.780000
o 5312 4.780000
o 5311 4.780000
o 5310 4.780000
o 5308 4.780000
o 5307 4.780000
o 5306 4.780000
o 5305 4.780000
o 5291 10.530000
o 5290 10.540000
o 5289 10.540000
o 5288 10.540000
o 5286 10.540000
o 5285 10.540000
o 5284 10.540000
o 5281 10.540000
o 5280 10.540000
o 5279 10.540000
o 5278 10.540000
o 5276 10.540000
o 5275 10.540000
o 5270 10.550000
o 5269 10.550000
o 5268 10.550000
o 5267 10.550000
o 5266 10.550000
o 5251 10.560000
o 5250 10.560000
o 5246 10.560000
o 5241 10.560000
o 5238 10.560000
o 5237 10.560000
o 5218 10.560000
o 5188 10.560000
o 5186 10.570000
o 5181 10.570000
o 5180 10.570000
o 5179 10.570000
o 5178 10.570000
o 5177 32.040000
o 5174 32.090000
o 5173 32.090000
o 5172 32.090000
o 5168 32.100000
o 5167 32.230000
o 5166 32.230000
o 5159 32.380000
o 5142 32.390000
o 5138 32.390000
o 5134 32.390000
o 5133 32.390000
o 5127 32.410000
o 5126 32.410000
o 5107 32.410000
o 5106 32.410000
o 5105 32.410000
o 5104 32.420000
o 5102 32.430000
o 5101 32.430000
o 5084 32.710000
o 5083 32.710000
o 5078 32.710000
o 5077 32.710000
o 5076 32.720000
o 5075 32.720000
o 5074 32.720000
o 5044 32.720000
o 5041 32.720000
o 5022 32.720000
o 5003 32.720000
o 4996 32.760000
o 4995 32.760000
o 4971 32.770000
o 4961 33.180000
o 4960 33.240000
o 4957 33.290000
o 4956 33.300000
o 4955 33.300000
o 4954 33.300000
o 4949 33.300000
o 4941 33.340000
o 4896 34.450000
o 4801 34.480000
o 4798 34.480000
o 4793 34.480000
o 4773 34.480000
o 4753 34.480000
o 4752 34.490000
o 4751 34.490000
o 4750 34.490000
o 4740 34.490000
o 4739 34.490000
o 4738 34.490000
o 4737 34.490000
o 4736 34.490000
o 4735 34.490000
o 4734 34.490000
o 4733 34.490000
o 4732 34.490000
o 4731 34.500000
o 4730 34.510000
o 4729 34.510000
o 4727 34.530000
o 4726 34.530000
o 4725 34.530000
o 4724 34.540000
o 4720 34.540000
o 4719 34.540000
o 4718 34.550000
o 4717 34.550000
o 4713 34.550000
o 4710 37.920000
o 4707 37.930000
o 4706 37.930000
o 4705 37.940000
o 4666 37.970000
o 4661 37.980000
o 4658 37.980000
o 4655 37.980000
4655	37.980000
