setcover-rail507
o 245 2.040000
o 244 2.040000
o 243 2.040000
o 242 2.040000
o 241 2.040000
o 240 2.040000
o 239 2.370000
o 238 2.370000
o 237 2.370000
o 236 2.370000
o 235 2.370000
o 234 2.380000
o 233 2.380000
o 231 2.380000
o 230 2.380000
o 229 2.450000
o 228 2.450000
o 227 2.460000
o 226 2.460000
o 224 2.470000
o 222 3.140000
o 221 4.260000
o 220 4.260000
o 219 7.210000
o 218 7.210000
o 217 7.210000
o 215 12.200000
o 214 12.200000
o 213 17.160000
o 212 18.050000
o 211 18.070000
o 210 18.070000
o 209 18.070000
o 208 23.060000
o 207 23.060000
o 206 34.720000
o 205 36.840000
o 204 37.900000
o 203 37.910000
o 202 51.570000
o 201 54.110000
o 200 54.110000
o 199 69.270000
o 198 94.760000
o 197 94.780000
o 196 112.170000
o 195 221.900000
o 194 238.560000
194	238.560000
setcover-rail507
o 244 2.040000
o 243 2.040000
o 242 2.040000
o 241 2.040000
o 240 2.040000
o 239 2.040000
o 238 2.360000
o 237 2.370000
o 236 2.370000
o 235 2.370000
o 234 2.370000
o 233 2.400000
o 232 2.400000
o 231 2.500000
o 230 2.530000
o 229 2.750000
o 228 2.870000
o 227 3.060000
o 226 3.060000
o 225 3.090000
o 224 3.090000
o 223 3.370000
o 222 3.500000
o 221 3.500000
o 220 4.060000
o 219 5.800000
o 218 5.800000
o 216 6.060000
o 215 9.360000
o 213 9.790000
o 212 13.050000
o 211 13.670000
o 210 13.680000
o 209 13.680000
o 208 21.410000
o 207 21.410000
o 206 25.750000
o 205 28.600000
o 204 44.940000
o 203 44.940000
o 202 58.430000
o 201 59.070000
o 200 59.070000
o 199 83.850000
o 198 83.850000
o 197 83.850000
o 196 112.120000
o 194 167.330000
o 193 207.750000
o 192 210.730000
192	210.730000
setcover-rail507
o 248 2.060000
o 247 2.060000
o 246 2.060000
o 245 2.060000
o 244 2.060000
o 243 2.070000
o 242 2.070000
o 241 2.070000
o 240 2.070000
o 239 2.070000
o 238 2.070000
o 237 2.340000
o 236 2.340000
o 235 2.340000
o 234 2.360000
o 233 2.360000
o 231 2.360000
o 229 2.360000
o 228 2.360000
o 227 2.580000
o 226 2.910000
o 225 3.200000
o 224 3.260000
o 223 3.260000
o 222 3.310000
o 221 3.790000
o 219 3.790000
o 218 6.890000
o 217 6.890000
o 216 7.020000
o 215 11.920000
o 214 11.920000
o 213 12.600000
o 212 12.600000
o 211 14.630000
o 210 17.000000
o 209 20.820000
o 208 20.940000
o 207 20.940000
o 206 23.520000
o 205 33.980000
o 204 33.980000
o 203 54.700000
o 202 54.700000
o 201 60.630000
o 200 64.390000
o 198 69.130000
o 197 85.200000
o 196 85.870000
o 195 132.370000
o 194 132.370000
o 193 132.370000
o 192 132.370000
o 191 132.370000
191	132.370000
setcover-rail507
o 254 2.010000
o 253 2.020000
o 252 2.020000
o 251 2.020000
o 250 2.020000
o 249 2.020000
o 248 2.020000
o 247 2.020000
o 246 2.020000
o 245 2.020000
o 244 2.020000
o 243 2.020000
o 242 2.020000
o 241 2.020000
o 240 2.180000
o 239 2.180000
o 238 2.180000
o 237 2.270000
o 236 2.270000
o 235 2.270000
o 234 2.400000
o 233 2.400000
o 231 2.400000
o 230 2.400000
o 229 2.420000
o 228 2.560000
o 227 2.560000
o 226 3.370000
o 225 3.370000
o 224 3.830000
o 222 3.830000
o 221 5.660000
o 219 5.660000
o 218 7.420000
o 217 8.490000
o 215 8.490000
o 214 14.480000
o 213 16.100000
o 212 16.100000
o 211 16.100000
o 210 20.080000
o 209 25.970000
o 208 26.120000
o 207 26.120000
o 206 35.190000
o 205 36.120000
o 204 42.040000
o 203 42.220000
o 202 42.220000
o 201 62.850000
o 200 65.970000
o 199 70.470000
o 198 70.470000
o 197 70.470000
o 196 103.550000
o 195 109.730000
o 194 155.100000
o 193 155.110000
o 192 266.670000
o 191 266.670000
191	266.670000
setcover-rail507
o 252 2.000000
o 250 2.000000
o 249 2.000000
o 248 2.000000
o 247 2.000000
o 246 2.010000
o 245 2.010000
o 244 2.010000
o 243 2.010000
o 242 2.010000
o 241 2.010000
o 240 2.010000
o 239 2.270000
o 237 2.300000
o 236 2.440000
o 235 2.450000
o 234 2.520000
o 233 2.520000
o 232 2.520000
o 231 2.570000
o 230 2.730000
o 229 2.800000
o 227 2.800000
o 226 2.820000
o 225 3.020000
o 224 3.310000
o 223 3.880000
o 222 7.370000
o 220 7.370000
o 219 7.370000
o 218 11.010000
o 217 11.330000
o 216 15.120000
o 215 15.280000
o 213 15.280000
o 211 15.280000
o 210 15.280000
o 209 29.270000
o 208 29.280000
o 207 34.610000
o 206 44.480000
o 205 51.400000
o 204 51.410000
o 203 57.270000
o 202 57.270000
o 201 62.320000
o 200 64.410000
o 199 64.410000
o 198 79.880000
o 197 103.680000
o 196 133.430000
o 195 180.840000
o 194 187.600000
194	187.600000
setcover-rail507
o 248 2.420000
o 246 2.430000
o 245 2.430000
o 244 2.430000
o 243 2.430000
o 242 2.430000
o 241 2.430000
o 240 2.430000
o 239 2.690000
o 238 2.710000
o 237 2.710000
o 236 2.710000
o 235 2.710000
o 233 2.930000
o 232 2.940000
o 231 3.050000
o 230 3.090000
o 229 3.090000
o 228 3.330000
o 227 3.390000
o 226 3.390000
o 225 3.510000
o 224 3.510000
o 223 3.600000
o 222 3.930000
o 221 3.930000
o 220 3.930000
o 219 4.420000
o 218 4.420000
o 217 4.610000
o 216 4.610000
o 215 4.610000
o 214 4.610000
o 213 14.540000
o 211 15.400000
o 210 15.400000
o 209 35.610000
o 208 38.790000
o 207 38.790000
o 206 46.540000
o 205 46.540000
o 204 46.540000
o 203 62.660000
o 202 62.660000
o 201 62.660000
o 199 79.170000
o 198 87.620000
o 197 93.010000
o 196 105.740000
o 195 105.740000
o 194 112.910000
194	112.910000
setcover-rail507
o 256 2.190000
o 255 2.190000
o 254 2.190000
o 253 2.190000
o 251 2.190000
o 250 2.190000
o 249 2.190000
o 248 2.190000
o 247 2.190000
o 246 2.190000
o 245 2.190000
o 244 2.190000
o 243 2.190000
o 242 2.200000
o 241 2.200000
o 240 2.200000
o 239 2.200000
o 238 2.500000
o 237 2.520000
o 235 2.520000
o 234 2.520000
o 233 2.540000
o 232 2.540000
o 231 2.580000
o 230 2.870000
o 229 2.910000
o 228 3.030000
o 227 3.030000
o 225 3.030000
o 224 3.030000
o 222 3.030000
o 220 3.940000
o 219 6.040000
o 218 6.040000
o 217 6.040000
o 216 6.720000
o 215 10.420000
o 214 13.810000
o 213 13.810000
o 212 13.820000
o 211 13.820000
o 210 13.820000
o 209 30.450000
o 208 30.450000
o 207 45.030000
o 206 45.030000
o 205 53.570000
o 204 55.730000
o 202 55.730000
o 201 55.730000
o 200 90.650000
o 199 92.680000
o 198 92.680000
o 197 104.360000
197	104.360000
setcover-rail507
o 248 2.370000
o 247 2.380000
o 244 2.380000
o 243 2.380000
o 242 2.380000
o 241 2.380000
o 240 2.380000
o 239 2.390000
o 238 2.390000
o 237 2.390000
o 236 2.940000
o 235 2.950000
o 234 3.000000
o 232 3.000000
o 231 3.000000
o 230 3.340000
o 228 3.340000
o 227 3.860000
o 225 3.890000
o 224 3.900000
o 223 4.790000
o 222 4.800000
o 221 6.900000
o 220 6.900000
o 219 6.900000
o 218 8.150000
o 217 9.900000
o 216 9.900000
o 215 9.900000
o 214 9.900000
o 213 11.270000
o 212 18.030000
o 211 23.700000
o 210 25.620000
o 209 25.620000
o 208 25.620000
o 207 33.160000
o 206 33.160000
o 205 36.840000
o 204 36.840000
o 202 47.040000
o 201 63.960000
o 199 77.210000
o 197 87.860000
o 196 133.110000
o 195 136.000000
o 194 163.250000
o 193 207.300000
o 192 207.300000
192	207.300000
setcover-rail507
o 250 2.120000
o 249 2.120000
o 248 2.120000
o 247 2.120000
o 246 2.120000
o 245 2.120000
o 244 2.140000
o 243 2.140000
o 242 2.140000
o 241 2.140000
o 240 2.140000
o 239 2.140000
o 238 2.140000
o 237 2.540000
o 236 2.540000
o 235 2.570000
o 234 2.570000
o 233 2.570000
o 231 2.570000
o 230 2.570000
o 229 2.580000
o 228 2.580000
o 227 2.820000
o 226 3.270000
o 225 3.270000
o 224 4.280000
o 223 4.280000
o 222 4.280000
o 221 4.470000
o 219 4.470000
o 218 10.110000
o 217 10.150000
o 216 10.150000
o 215 10.450000
o 214 12.190000
o 213 15.870000
o 211 15.870000
o 209 20.940000
o 208 24.860000
o 207 26.890000
o 206 29.470000
o 205 30.300000
o 204 30.300000
o 203 30.300000
o 202 33.870000
o 201 33.870000
o 200 49.810000
o 199 63.850000
o 198 86.780000
o 197 99.510000
o 196 112.710000
o 194 134.410000
o 193 134.410000
o 192 262.120000
192	262.120000
setcover-rail507
o 244 2.200000
o 243 2.200000
o 242 2.200000
o 241 2.200000
o 240 2.200000
o 239 2.210000
o 238 2.210000
o 237 2.210000
o 236 2.210000
o 235 2.210000
o 234 2.210000
o 233 2.210000
o 232 2.210000
o 231 2.210000
o 230 2.700000
o 229 2.700000
o 228 2.700000
o 227 2.700000
o 226 2.700000
o 225 2.700000
o 223 2.700000
o 222 2.710000
o 221 3.830000
o 220 3.830000
o 219 5.320000
o 217 6.040000
o 216 6.040000
o 215 6.040000
o 214 11.320000
o 213 11.370000
o 212 11.370000
o 211 11.370000
o 210 18.260000
o 209 27.600000
o 207 27.750000
o 206 30.730000
o 205 34.000000
o 204 54.450000
o 203 55.970000
o 202 62.950000
o 201 67.530000
o 200 78.100000
o 199 99.200000
o 198 108.210000
o 197 115.790000
o 196 119.260000
o 195 137.110000
195	137.110000
