spot5-1403.wcsp.log
o 527253 0.010000
o 512257 4.850000
o 511258 5.320000
o 510259 5.420000
o 508259 5.430000
o 507259 5.620000
o 507257 5.620000
o 503259 5.620000
o 503258 6.140000
o 503250 8.400000
o 502250 8.400000
o 502248 8.400000
o 502247 8.400000
o 500247 8.400000
o 499247 8.400000
o 498246 9.450000
o 498245 9.450000
o 497246 9.560000
o 496250 9.560000
o 496248 9.560000
o 496246 9.560000
o 492253 9.660000
o 492250 9.820000
o 492247 9.820000
o 491247 9.890000
o 489249 9.910000
o 488249 9.910000
o 488247 10.000000
o 488245 10.010000
o 487247 10.090000
o 486246 10.120000
o 486245 10.120000
o 486242 10.480000
o 485245 10.480000
o 484247 10.510000
o 484245 10.510000
o 483246 10.510000
o 481250 10.540000
o 480244 10.780000
o 479254 10.850000
o 478254 10.850000
o 478253 10.850000
o 478251 10.850000
o 477244 11.030000
o 476245 11.450000
o 475246 11.520000
o 475245 11.520000
o 475244 11.520000
o 474244 11.520000
o 474242 11.520000
o 473245 11.800000
o 472250 11.830000
o 472245 11.960000
o 472244 12.280000
o 471244 12.460000
o 470248 12.500000
o 469249 12.530000
o 469248 12.530000
o 469246 12.540000
o 468247 12.670000
o 468246 12.670000
o 468245 12.670000
o 467250 12.740000
o 467249 12.740000
o 465256 12.760000
o 465252 12.760000
o 465251 12.760000
o 465248 12.890000
o 465246 12.890000
o 465244 12.890000
o 464251 13.310000
o 464246 13.340000
o 463254 13.340000
o 463252 13.400000
o 463243 13.760000
o 463242 13.760000
o 462244 13.760000
o 461252 13.850000
o 461251 13.850000
o 460255 13.880000
o 460252 13.910000
o 459250 14.130000
o 459249 17.600000
o 459248 21.710000
o 459247 21.950000
459247	21.950000
spot5-1403.wcsp.log
o 522258 0.010000
o 491257 4.370000
o 491251 9.560000
o 491249 9.980000
o 489249 9.980000
o 487249 9.980000
o 487247 9.980000
o 486246 10.010000
o 485245 10.170000
o 485244 10.300000
o 484252 10.340000
o 484248 10.390000
o 484246 10.670000
o 482246 10.680000
o 480249 10.750000
o 479252 10.750000
o 479251 10.750000
o 479250 10.750000
o 479245 10.860000
o 479244 10.860000
o 478249 10.960000
o 477256 11.050000
o 477255 11.050000
o 477253 11.050000
o 477250 11.060000
o 477248 11.060000
o 475254 11.310000
o 475249 11.380000
o 475247 11.380000
o 475246 11.420000
o 474245 11.630000
o 474243 11.630000
o 474242 11.630000
o 473242 11.630000
o 471249 11.670000
o 470250 12.020000
o 469253 12.400000
o 469249 12.490000
o 469247 12.490000
o 467256 12.520000
o 466245 12.540000
o 465245 12.550000
o 464245 12.550000
o 463243 12.690000
o 462248 18.760000
o 461245 18.810000
o 461244 18.810000
o 460255 20.390000
o 459256 20.400000
o 459255 20.400000
o 459252 20.710000
o 459251 20.710000
o 459249 20.870000
o 459248 24.690000
459248	24.690000
spot5-1403.wcsp.log
o 527255 0.010000
o 525255 0.010000
o 492261 4.210000
o 492246 9.830000
o 491246 9.830000
o 490246 9.830000
o 490245 10.160000
o 490243 10.310000
o 488243 10.460000
o 488242 10.460000
o 487244 10.460000
o 486244 10.460000
o 485248 10.690000
o 485246 10.690000
o 485245 10.950000
o 483248 10.960000
o 482248 10.960000
o 481248 10.960000
o 480252 11.060000
o 478252 11.060000
o 478250 11.060000
o 477254 11.060000
o 476248 11.130000
o 475258 11.210000
o 475252 11.270000
o 474255 11.280000
o 474253 11.280000
o 474250 11.320000
o 473256 11.380000
o 473255 11.380000
o 471256 11.380000
o 471255 11.390000
o 470254 11.520000
o 470253 11.520000
o 470252 11.520000
o 470250 11.570000
o 470248 11.570000
o 470246 11.570000
o 469249 12.810000
o 469248 12.810000
o 469247 12.870000
o 468247 12.870000
o 468246 12.890000
o 468244 12.990000
o 468242 13.150000
o 468241 13.250000
o 466250 13.670000
o 466249 13.700000
o 466248 17.160000
o 466247 17.510000
o 466245 17.530000
o 466243 21.000000
o 464250 21.600000
o 464249 21.600000
o 464248 21.600000
o 464247 22.090000
o 464246 22.100000
o 464245 25.180000
o 464243 26.320000
o 463245 84.460000
o 463244 84.460000
o 463243 87.640000
o 462248 99.800000
o 461249 100.420000
o 461248 100.660000
o 461246 102.360000
o 461244 109.030000
o 459256 118.420000
o 459252 118.560000
459252	118.560000
spot5-1403.wcsp.log
o 525258 0.010000
o 494257 5.110000
o 494254 9.930000
o 493251 9.940000
o 493250 9.940000
o 492250 9.940000
o 491250 9.940000
o 491245 10.000000
o 489245 10.000000
o 489244 10.000000
o 488245 10.170000
o 488244 10.170000
o 484244 10.170000
o 482248 10.640000
o 478248 10.640000
o 477251 10.660000
o 477250 10.660000
o 477249 10.660000
o 477248 10.790000
o 477247 10.790000
o 476246 10.900000
o 475246 10.920000
o 474256 11.080000
o 474255 11.080000
o 473247 11.160000
o 473246 11.160000
o 473241 11.170000
o 473239 11.680000
o 471251 13.160000
o 471248 13.540000
o 471245 13.590000
o 470241 13.780000
o 469247 16.440000
o 468248 16.540000
o 468246 16.540000
o 468245 16.870000
o 467252 20.610000
o 466254 20.740000
o 466244 21.220000
o 466242 27.600000
o 464248 35.150000
o 464245 37.630000
o 463254 41.170000
o 463252 41.170000
o 463251 41.170000
o 463250 41.170000
o 463249 41.170000
o 462249 41.170000
o 462246 132.640000
o 462245 132.640000
o 461255 133.710000
o 461254 133.710000
o 461253 134.150000
o 461252 134.290000
o 461248 135.130000
o 461244 145.220000
461244	145.220000
spot5-1403.wcsp.log
o 521256 0.010000
o 506256 4.880000
o 505255 5.960000
o 504255 5.960000
o 500253 6.390000
o 498253 6.390000
o 497253 6.390000
o 497251 6.390000
o 496246 7.340000
o 494250 10.040000
o 494242 10.190000
o 493247 10.340000
o 493246 10.340000
o 492248 10.370000
o 492247 10.370000
o 491246 10.400000
o 491244 10.450000
o 491242 10.470000
o 490245 10.480000
o 489245 10.480000
o 489244 10.480000
o 487251 10.490000
o 487250 10.490000
o 486247 10.610000
o 484249 10.710000
o 484248 10.830000
o 484247 10.830000
o 483246 11.100000
o 481246 11.100000
o 480245 11.100000
o 478247 11.100000
o 478246 11.110000
o 478245 11.330000
o 477253 11.490000
o 476255 11.490000
o 476254 11.490000
o 476251 11.660000
o 475249 11.660000
o 474244 11.670000
o 474243 11.670000
o 474241 11.670000
o 472246 13.940000
o 472240 14.080000
o 471242 14.570000
o 470242 14.570000
o 469246 14.590000
o 469245 14.590000
o 468253 14.620000
o 468246 14.620000
o 468245 14.620000
o 468243 16.420000
o 467245 17.340000
o 465245 17.700000
o 465244 17.700000
o 465243 43.940000
o 465242 76.090000
o 464248 77.580000
o 463248 77.580000
o 463246 77.580000
o 461247 78.030000
o 460253 218.400000
o 460252 218.600000
o 460251 220.720000
o 460250 221.920000
o 460249 228.260000
o 460248 229.170000
460248	229.170000
spot5-1403.wcsp.log
o 514259 0.010000
o 505257 4.120000
o 495256 4.250000
o 491256 4.250000
o 491251 10.130000
o 491250 10.130000
o 490250 10.140000
o 489250 10.140000
o 489246 10.360000
o 488247 10.700000
o 487248 10.710000
o 487247 10.760000
o 487244 10.870000
o 486246 10.970000
o 486245 10.980000
o 484245 10.980000
o 482246 10.980000
o 481247 10.990000
o 481246 10.990000
o 480246 11.000000
o 479247 11.120000
o 479246 11.130000
o 478246 11.130000
o 476248 11.130000
o 476247 11.390000
o 474247 11.390000
o 474246 11.450000
o 474245 11.570000
o 474239 11.620000
o 473247 11.690000
o 472248 11.690000
o 471248 11.950000
o 470248 11.960000
o 469252 14.110000
o 469251 14.140000
o 468250 14.170000
o 468245 14.210000
o 467257 14.230000
o 467255 14.230000
o 467254 14.230000
o 467249 14.270000
o 466253 14.380000
o 466243 14.410000
o 466242 14.430000
o 464247 14.480000
o 464246 14.640000
o 462254 15.980000
o 462250 16.130000
o 462248 16.150000
o 462247 17.980000
o 462246 20.020000
o 462244 21.820000
o 461243 30.500000
o 460251 30.710000
o 460250 30.710000
o 460249 32.170000
o 459251 93.590000
o 459250 98.970000
o 459249 102.880000
459249	102.880000
spot5-1403.wcsp.log
o 525259 0.010000
o 490262 3.330000
o 486262 3.330000
o 486250 9.930000
o 486245 9.940000
o 485250 10.450000
o 485248 10.450000
o 485246 10.450000
o 485245 10.450000
o 485243 10.640000
o 485242 10.640000
o 484242 10.640000
o 483242 10.640000
o 481242 10.640000
o 480248 10.810000
o 479248 10.910000
o 477248 10.910000
o 476247 10.990000
o 475253 11.070000
o 475252 11.070000
o 475251 11.070000
o 475246 11.330000
o 474248 11.370000
o 474245 11.390000
o 473245 11.430000
o 472249 11.430000
o 471249 11.430000
o 471248 11.430000
o 469249 11.520000
o 469248 11.520000
o 468250 11.730000
o 468243 12.550000
o 467243 12.550000
o 466252 12.610000
o 466250 12.610000
o 466243 12.770000
o 465253 12.860000
o 465241 14.370000
o 464251 20.810000
o 463246 21.000000
o 463245 21.000000
o 462255 22.190000
o 462254 22.190000
o 462253 22.650000
o 461248 23.740000
o 461247 25.430000
o 461246 27.210000
o 461244 29.690000
o 460251 32.170000
o 460250 32.290000
o 460249 32.510000
o 459254 32.770000
o 459252 32.770000
o 459251 37.960000
o 459249 37.960000
o 459248 49.760000
459248	49.760000
spot5-1403.wcsp.log
o 517256 0.010000
o 490257 3.590000
o 490249 9.980000
o 489247 10.020000
o 487248 10.100000
o 487246 10.200000
o 487245 10.470000
o 485249 10.760000
o 484250 10.770000
o 484249 10.770000
o 482249 10.770000
o 482247 10.800000
o 481247 10.800000
o 481242 10.820000
o 479247 10.840000
o 479246 10.930000
o 479245 10.930000
o 479244 10.930000
o 478244 10.930000
o 478243 11.130000
o 477247 11.180000
o 476247 11.190000
o 474247 11.190000
o 474245 11.190000
o 472246 11.280000
o 472245 11.280000
o 472244 11.560000
o 472243 11.560000
o 471257 11.980000
o 471255 11.980000
o 471243 13.270000
o 470243 13.270000
o 470242 13.270000
o 470241 13.270000
o 468249 15.750000
o 468242 16.060000
o 466244 16.180000
o 465247 20.210000
o 465246 20.210000
o 465245 20.250000
o 464247 20.430000
o 464246 20.430000
o 464245 20.430000
o 464243 20.430000
o 464242 20.430000
o 463250 21.440000
o 463248 21.440000
o 463246 21.440000
o 463245 21.480000
o 463243 120.280000
o 463242 133.540000
o 462251 161.080000
462251	161.080000
spot5-1403.wcsp.log
o 523256 0.010000
o 481260 3.560000
o 481246 10.270000
o 479246 10.270000
o 479245 10.600000
o 478254 10.710000
o 477254 10.710000
o 476247 10.720000
o 475247 10.720000
o 471254 11.200000
o 471252 11.200000
o 471250 11.200000
o 471249 11.200000
o 469254 11.360000
o 469253 11.360000
o 469249 11.370000
o 469248 11.370000
o 469244 11.570000
o 468252 14.880000
o 468251 14.880000
o 468249 14.910000
o 468247 14.910000
o 466253 14.920000
o 465253 14.920000
o 465251 14.920000
o 465250 14.920000
o 465249 14.940000
o 465245 14.940000
o 465243 15.050000
o 464251 15.490000
o 464248 15.860000
o 463248 15.860000
o 463245 16.190000
o 463244 16.190000
o 462245 16.270000
o 462244 16.270000
o 462243 16.270000
o 461243 16.280000
o 461242 47.310000
461242	47.310000
spot5-1403.wcsp.log
o 525256 0.010000
o 504257 4.440000
o 503257 5.060000
o 503256 5.060000
o 502256 5.060000
o 501256 5.060000
o 501251 6.650000
o 499251 6.660000
o 497249 7.200000
o 495245 9.910000
o 493249 9.950000
o 493248 9.950000
o 493246 9.950000
o 493244 9.950000
o 491245 9.950000
o 489245 9.970000
o 489244 9.970000
o 488245 9.970000
o 488244 9.970000
o 487245 9.990000
o 485245 9.990000
o 485244 10.420000
o 483255 10.610000
o 483254 10.620000
o 483253 10.620000
o 483246 10.670000
o 481246 10.670000
o 478249 10.870000
o 478247 10.870000
o 477245 10.920000
o 476243 11.220000
o 475246 11.310000
o 475245 11.310000
o 475243 11.370000
o 474243 11.420000
o 474242 11.490000
o 474240 11.540000
o 473248 11.550000
o 471249 11.610000
o 470250 12.510000
o 470249 12.510000
o 470248 12.620000
o 469250 12.700000
o 469249 12.830000
o 468242 13.040000
o 466244 13.110000
o 465248 13.500000
o 465246 13.760000
o 465245 13.760000
o 465243 13.760000
o 463248 13.780000
o 463246 13.780000
o 463245 14.300000
o 463244 14.650000
o 463243 16.270000
o 463242 16.270000
o 463241 16.270000
o 462245 17.710000
o 462244 17.710000
o 461252 17.850000
o 461251 18.010000
o 461250 18.070000
o 461249 18.070000
o 461246 18.110000
o 460252 18.220000
o 459252 18.270000
o 459251 18.270000
o 459249 19.510000
o 459248 19.510000
459248	19.510000
