abstraction-refinement-downcast-avrora
o 51950 18.69
o 51921 18.71
o 46736 18.72
o 46734 18.73
abstraction-refinement-downcast-avrora
o 46851 19.23
o 46784 19.27
o 46775 19.28
o 46764 19.39
o 46749 19.41
o 46747 19.42
o 46746 19.42
o 46743 191.21
abstraction-refinement-downcast-avrora
o 57197 12.64
o 46766 12.66
o 46746 12.67
o 46741 12.68
o 46735 251.28
o 46732 251.29
abstraction-refinement-downcast-avrora
o 62346 18.46
o 62345 18.47
o 51954 18.5
o 51953 18.5
o 46764 34.08
o 46748 34.1
o 46731 34.11
o 46728 34.12
o 46727 34.14
abstraction-refinement-downcast-avrora
o 67474 15.54
o 62291 15.55
o 46825 22.41
o 46797 22.42
o 46788 22.43
o 46780 22.44
o 46768 44.94
o 46744 44.95
o 46741 44.96
o 46734 44.96
o 46731 208.92
abstraction-refinement-downcast-avrora
o 51964 18.05
o 46749 18.06
o 46746 65.83
o 46741 65.85
o 46736 82.97
o 46735 82.99
o 46734 193.99
abstraction-refinement-downcast-avrora
o 57135 14.31
o 46733 14.33
o 46730 63.86
abstraction-refinement-downcast-avrora
o 67536 17.33
o 46783 17.36
o 46782 17.36
o 46775 17.37
o 46774 17.41
o 46767 17.42
o 46760 17.43
o 46744 124.93
o 46741 141.7
o 46738 141.72
o 46737 141.74
o 46732 158.32
o 46731 248.81
o 46723 248.82
abstraction-refinement-downcast-avrora
o 52076 17.84
o 52075 17.85
o 52022 17.87
o 46832 17.95
o 46818 17.96
o 46791 28.99
o 46785 29
o 46749 40.12
o 46744 40.13
abstraction-refinement-downcast-avrora
o 52035 16.44
o 46795 16.47
o 46785 16.52
o 46753 74.46
o 46738 94.87
o 46736 94.88
o 46732 94.89
o 46729 94.9
