abstraction-refinement-polysite-pmd
o 393593 21.79
o 381053 81.03
o 343380 98.4
o 276405 98.41
o 276397 98.42
o 276396 98.42
o 217785 98.45
o 217779 98.45
o 217778 98.46
o 213645 274.3
abstraction-refinement-polysite-pmd
o 401968 26.79
o 376876 66.13
o 360168 85.84
o 217801 255.38
o 217797 255.38
o 217793 255.39
abstraction-refinement-polysite-pmd
o 410420 24.19
o 397890 52.17
o 372717 286.21
abstraction-refinement-polysite-pmd
o 330831 22.94
abstraction-refinement-polysite-pmd
o 389448 22.98
o 372754 265.41
o 222014 265.43
o 222011 265.44
abstraction-refinement-polysite-pmd
o 376912 28.75
o 368517 75.79
o 351728 150.83
abstraction-refinement-polysite-pmd
o 397855 31.53
o 360151 60.47
o 230375 125.54
o 230357 125.56
o 230351 125.56
o 221984 125.58
o 217800 125.59
abstraction-refinement-polysite-pmd
o 381113 24.52
o 351822 65.98
o 222013 289.24
o 222010 289.25
abstraction-refinement-polysite-pmd
o 397867 22.15
o 389462 67.87
o 381042 85.26
o 251292 121.47
o 251277 121.48
o 251275 121.48
o 226158 121.49
o 226157 121.49
abstraction-refinement-polysite-pmd
o 401977 25.52
o 393685 45.56
o 372730 105.67
o 268079 212.42
o 217820 212.45
o 217805 212.45
o 217800 212.46
o 217799 212.46
