causal-discovery-causal_carpo_8_1000
o 4594492 0.95
o 4418752 18.11
o 3624318 197.18
causal-discovery-causal_carpo_8_1000
o 4594492 0.86
o 3556961 101.56
causal-discovery-causal_carpo_8_1000
o 4594492 0.79
o 3556961 7.21
causal-discovery-causal_carpo_8_1000
o 5731626 0.25
o 4594492 5.8
o 3624318 11.95
o 3469456 60.23
causal-discovery-causal_carpo_8_1000
o 3556961 0.25
causal-discovery-causal_carpo_8_1000
o 3624318 0.29
o 1041895 269.53
causal-discovery-causal_carpo_8_1000
o 2244087 0.27
causal-discovery-causal_carpo_8_1000
o 4594492 1
o 2859366 1.48
causal-discovery-causal_carpo_8_1000
o 4937192 0.23
o 4594492 6.4
causal-discovery-causal_carpo_8_1000
o 4594492 0.88
o 3662644 90.52
o 2244087 239.11
