hs-timetabling-BrazilInstance6.xml
o 747 0.75
o 744 37.31
o 731 43.34
o 697 49.41
o 696 49.44
hs-timetabling-BrazilInstance6.xml
o 752 0.99
o 716 6.91
o 715 6.91
o 714 6.91
o 712 31.32
o 709 31.32
o 696 31.33
o 693 31.34
o 691 31.35
o 688 31.36
o 687 31.36
o 686 31.36
o 685 31.36
o 683 253.38
hs-timetabling-BrazilInstance6.xml
o 761 0.75
o 760 0.75
o 759 0.75
o 733 6.68
o 731 12.95
o 704 18.87
o 701 18.87
o 692 59.96
o 691 59.97
o 685 107.74
o 683 107.75
o 682 107.75
o 681 107.76
hs-timetabling-BrazilInstance6.xml
o 705 0.79
o 704 0.8
o 703 0.81
o 680 19.67
o 679 19.68
hs-timetabling-BrazilInstance6.xml
o 702 0.82
o 701 0.82
o 700 28.21
o 698 28.22
o 676 76.66
o 675 76.68
hs-timetabling-BrazilInstance6.xml
o 700 0.71
o 699 0.71
o 696 0.74
o 695 0.74
o 676 111.37
hs-timetabling-BrazilInstance6.xml
o 746 0.68
o 744 0.7
o 714 6.69
o 713 6.69
o 706 64.26
o 704 64.27
o 694 112.41
o 693 112.42
o 690 191.22
o 689 191.23
hs-timetabling-BrazilInstance6.xml
o 691 0.54
o 687 65.91
o 686 65.97
hs-timetabling-BrazilInstance6.xml
o 754 0.58
o 731 6.38
o 727 6.41
o 725 6.41
o 713 6.41
o 695 36.77
o 694 36.77
o 693 36.77
o 690 174.77
o 689 174.78
o 634 203.86
hs-timetabling-BrazilInstance6.xml
o 760 0.61
o 752 0.66
o 717 7.09
o 716 7.09
o 715 18.86
o 714 18.86
o 712 18.86
o 703 47.99
o 701 48
o 691 123.65
o 658 191.79
