MinimumWeightDominatingSetProblem-bn-human-BNU_1_0025865_session_1-bg
o 119428383 216.56
o 119425775 281.23
MinimumWeightDominatingSetProblem-bn-human-BNU_1_0025865_session_1-bg
o 119432044 177.69
o 119428031 234.34
MinimumWeightDominatingSetProblem-bn-human-BNU_1_0025865_session_1-bg
o 119422727 178.19
o 119417977 241.91
MinimumWeightDominatingSetProblem-bn-human-BNU_1_0025865_session_1-bg
o 119422704 188.29
MinimumWeightDominatingSetProblem-bn-human-BNU_1_0025865_session_1-bg
o 119426010 217.87
MinimumWeightDominatingSetProblem-bn-human-BNU_1_0025865_session_1-bg
o 119422383 167.86
o 119421868 345.18
MinimumWeightDominatingSetProblem-bn-human-BNU_1_0025865_session_1-bg
o 119430132 229.15
o 119424590 281.6
MinimumWeightDominatingSetProblem-bn-human-BNU_1_0025865_session_1-bg
o 119431178 163.51
o 119430403 270.02
o 119428958 320.23
MinimumWeightDominatingSetProblem-bn-human-BNU_1_0025865_session_1-bg
o 119423325 188.27
MinimumWeightDominatingSetProblem-bn-human-BNU_1_0025865_session_1-bg
o 119427632 172.35
o 119423489 237.89
