ParametricRBACMaintenance_mse20-role_smallcomp_multiple_0.7_2
o 478049 0
o 381375 0
o 381097 0
o 352144 0.01
o 351866 0.01
o 351588 0.01
o 351525 0.01
o 349516 0.02
o 349301 0.02
o 317127 0.02
o 277903 1.81
o 277814 2.14
o 277625 2.14
o 277562 5.24
o 277499 73.12
o 277436 237.87
ParametricRBACMaintenance_mse20-role_smallcomp_multiple_0.7_2
o 544710 0
o 382650 0
o 382372 0
o 382094 0
o 381805 0
o 381527 0
o 381249 0
o 380971 0
o 284245 0.01
o 283967 0.01
o 283663 0.06
o 278659 1.68
o 278470 1.73
o 278407 1.73
o 278344 1.8
o 278218 1.81
o 277940 1.81
o 277751 3.46
o 277688 3.46
o 277562 10.67
o 277499 10.68
o 277373 10.69
ParametricRBACMaintenance_mse20-role_smallcomp_multiple_0.7_2
o 515846 0
o 414661 0
o 382372 0
o 349364 0
o 314588 0
o 283563 0.03
o 283196 0.04
o 282918 0.04
o 279304 1.74
o 278963 1.74
o 278685 1.74
o 278066 1.74
o 277814 2.11
o 277751 3.73
o 277688 5.37
o 277625 18.89
o 277562 27.06
o 277499 84.18
o 277436 135.43
ParametricRBACMaintenance_mse20-role_smallcomp_multiple_0.7_2
o 550384 0
o 484532 0
o 416418 0
o 348063 0
o 347785 0
o 319110 0.01
o 286784 0.01
o 282907 0.01
o 282629 0.01
o 282603 0.01
o 282577 0.02
o 282299 0.02
o 277751 2.03
o 277688 2.09
o 277625 11.76
o 277562 11.77
o 277499 56.22
o 277373 269.26
ParametricRBACMaintenance_mse20-role_smallcomp_multiple_0.7_2
o 549980 0
o 446746 0
o 417541 0
o 350628 0
o 350350 0
o 350072 0
o 349794 0
o 318087 0.01
o 284586 0.01
o 283007 0.02
o 282110 0.02
o 278785 1.83
o 278533 1.83
o 278470 2.08
o 278407 2.08
o 278129 2.08
o 277940 2.18
o 277814 2.2
o 277625 2.31
o 277499 4.25
o 277436 68.03
ParametricRBACMaintenance_mse20-role_smallcomp_multiple_0.7_2
o 445167 0
o 415736 0
o 415710 0
o 381260 0
o 315333 0
o 278281 1.68
o 278003 1.71
o 277940 1.72
o 277814 1.92
o 277751 2.14
o 277499 8.23
o 277436 11.9
o 277373 73.2
ParametricRBACMaintenance_mse20-role_smallcomp_multiple_0.7_2
o 447176 0
o 447087 0
o 446809 0
o 383699 0
o 383421 0
o 383143 0
o 382865 0
o 347255 0
o 316912 0.01
o 316634 0.01
o 315244 0.02
o 314966 0.02
o 282666 0.03
o 282388 0.03
o 282110 0.03
o 281769 0.03
o 278596 1.73
o 278533 1.73
o 278318 1.75
o 278281 1.77
o 278003 1.77
o 277940 1.8
o 277814 2.15
o 277751 21.15
o 277562 22.92
o 277499 85.62
o 277436 188.11
o 277373 253.01
ParametricRBACMaintenance_mse20-role_smallcomp_multiple_0.7_2
o 445193 0
o 350691 0
o 348441 0
o 348163 0
o 347885 0
o 317101 0.01
o 316823 0.01
o 316545 0.01
o 285079 0.01
o 284801 0.01
o 284523 0.01
o 284056 0.01
o 283778 0.01
o 283500 0.01
o 283222 0.01
o 282388 0.01
o 281769 0.03
o 278003 1.65
o 277877 1.99
o 277751 3.49
o 277688 8.43
o 277625 8.61
o 277562 8.62
o 277499 27.73
o 277436 117.05
ParametricRBACMaintenance_mse20-role_smallcomp_multiple_0.7_2
o 478605 0
o 446772 0
o 446494 0
o 414661 0
o 380756 0
o 348241 0
o 283537 0.03
o 283033 0.03
o 282755 0.03
o 282477 0.03
o 282388 0.04
o 282110 0.04
o 282047 0.05
o 281958 0.07
o 278066 1.76
o 278003 1.77
o 277903 3.31
o 277877 3.32
o 277814 5.06
o 277562 9.72
o 277499 20.56
o 277436 274.18
ParametricRBACMaintenance_mse20-role_smallcomp_multiple_0.7_2
o 543724 0
o 482875 0
o 381438 0
o 381097 0
o 348100 0.01
o 315978 0.03
o 315700 0.03
o 315574 0.03
o 281795 0.03
o 278470 1.78
o 278129 1.78
o 277903 2.15
o 277625 2.15
o 277562 22.61
o 277499 98.42
o 277436 98.42
