relational-inference-pa-1
o 12880 11.66
o 12852 11.66
o 12824 11.67
o 12787 11.67
o 12164 11.67
o 12084 11.67
o 11911 11.67
o 11683 11.67
o 11603 11.68
o 11403 11.68
o 11185 11.68
o 9270 20.53
o 9197 20.53
o 9196 20.53
o 9072 20.54
o 9071 20.54
o 8743 31.14
o 8515 31.14
o 7917 31.14
o 7868 31.15
o 7754 31.15
o 7648 63.2
o 7620 63.2
o 7494 63.2
o 7368 67.87
o 7361 67.87
o 7354 67.87
o 7171 67.87
o 7164 67.87
o 6986 109.27
o 6950 272.8
o 6815 272.83
o 6744 272.83
o 6669 272.83
o 6668 272.83
o 6667 272.83
o 6666 272.84
o 6665 272.84
o 6621 272.84
o 6614 272.84
relational-inference-pa-1
o 11129 3.58
o 11045 3.58
o 11011 3.59
o 10802 3.6
o 10566 3.6
o 10372 3.6
o 10144 3.6
o 9944 3.6
o 9796 3.6
o 9679 8.48
o 9506 8.48
o 9278 8.49
o 8683 8.49
o 8425 8.49
o 8276 8.49
o 8134 8.49
o 8047 8.5
o 7978 8.5
o 7836 8.5
o 7829 8.5
o 7802 8.52
o 7786 8.53
o 7731 8.54
o 7676 8.54
o 7658 50.99
o 7640 50.99
o 7602 50.99
o 7551 51.02
o 7549 51.05
o 7521 51.06
o 7493 51.06
o 7465 51.06
o 7437 51.06
o 7264 51.06
relational-inference-pa-1
o 10418 25.44
o 10190 25.44
o 10175 25.44
o 10000 25.44
o 9807 25.44
o 9726 25.45
o 9613 29.78
o 9590 29.87
o 8784 41.36
o 8642 41.37
o 8593 41.37
o 8555 41.37
o 8534 41.38
o 8479 41.4
o 8353 41.4
o 8339 41.4
o 8294 54.41
o 8273 54.41
o 8039 54.41
o 8038 54.41
o 7913 54.42
o 7912 54.42
o 7876 54.42
o 7875 54.44
o 7788 54.44
o 7733 54.44
o 7716 54.45
o 7709 54.45
o 7654 54.45
o 7286 115.66
o 7249 115.66
o 7080 115.66
o 7036 115.67
o 6998 115.68
relational-inference-pa-1
o 10580 2.83
o 10352 2.84
o 10161 2.84
o 10000 2.84
o 9848 8.22
o 9841 8.23
o 9835 8.23
o 9834 8.23
o 9820 8.23
o 9813 8.23
o 9700 8.23
o 9693 8.23
o 9692 8.23
o 9578 8.25
o 9571 8.25
o 9553 8.25
o 9546 8.26
o 9515 8.26
o 9508 8.26
o 9454 8.26
o 9446 8.26
o 9429 8.26
o 9391 8.26
o 9377 8.27
o 9345 8.27
o 9307 8.27
o 9252 8.27
o 9099 8.28
o 9087 8.28
o 9082 8.29
o 9070 8.29
o 9054 8.29
o 9047 8.29
o 9035 8.3
o 9017 8.3
o 8989 8.32
o 8961 8.32
o 8910 8.34
o 8855 8.34
o 8800 8.34
o 8685 8.34
o 8481 10.86
o 8340 10.86
o 8198 10.86
o 8197 10.87
o 8034 10.87
o 8000 32.46
o 7976 32.47
o 7948 32.47
o 7920 32.47
o 7909 32.47
o 7873 32.47
o 7853 69.21
o 7761 69.21
o 7706 69.21
o 7692 69.22
o 7605 69.23
o 7588 69.23
o 7533 69.23
o 7495 69.23
o 7378 164.97
o 7323 164.97
o 7316 164.97
o 7299 164.97
o 7281 243.43
o 7255 243.45
o 7188 243.45
o 7133 243.45
o 7131 243.45
o 7130 243.45
o 7129 243.45
relational-inference-pa-1
o 11277 3.19
o 11240 3.2
o 11212 3.2
o 11012 3.21
o 10862 3.21
o 10724 3.21
o 10602 3.21
o 10559 3.21
o 10386 3.22
o 10380 3.22
o 10344 3.22
o 10307 3.22
o 10107 3.22
o 10095 3.22
o 9922 3.22
o 9749 3.22
o 9549 3.23
o 9488 3.23
o 9484 3.23
o 9311 3.23
o 9131 3.23
o 8893 3.23
o 8797 13.8
o 8796 13.81
o 8716 13.81
o 8708 13.81
o 8660 13.82
o 8535 25.75
o 8245 25.75
o 8046 25.75
o 7904 25.76
o 7762 25.76
o 7638 25.76
o 7637 25.76
o 7435 56.71
o 7307 56.71
o 7300 56.71
o 7293 56.71
o 7244 56.71
o 7241 56.71
o 7220 176.68
o 7172 176.77
o 7134 176.77
o 7032 176.79
o 7025 176.79
relational-inference-pa-1
o 11245 2.97
o 10990 2.98
o 10754 2.98
o 10689 2.98
o 10532 2.98
o 10494 2.98
o 10364 2.98
o 10335 2.98
o 9213 5.52
o 8985 5.52
o 8608 5.52
o 8423 5.52
o 8274 5.52
o 7933 5.53
o 7712 5.53
o 7705 5.53
o 7704 5.54
o 7623 26.75
o 7622 26.75
o 7505 26.75
o 7497 26.75
o 7496 26.75
o 7422 26.75
o 7374 64.29
o 7276 64.3
o 7238 64.3
o 7186 137.62
o 7174 137.62
o 7137 137.63
o 7110 137.71
o 7082 137.71
o 7054 137.71
o 7026 137.71
o 6973 137.71
relational-inference-pa-1
o 10251 3.32
o 10223 3.32
o 10195 3.33
o 9987 3.33
o 9814 3.33
o 9749 3.34
o 9521 3.34
o 9348 3.34
o 9093 3.34
o 8985 8.4
o 8747 8.41
o 8690 8.41
o 8652 8.41
o 8614 8.41
o 8550 8.45
o 8549 8.45
o 8485 8.46
o 8484 8.46
o 8483 8.46
o 8482 8.46
o 8466 39.87
o 8459 39.87
o 8431 39.87
o 8310 39.87
o 8303 39.87
o 8296 39.88
o 8295 39.93
o 8267 39.93
o 8209 39.96
o 8192 39.97
o 8149 39.97
o 8148 39.97
o 8074 39.98
o 8025 56.18
o 7965 70.24
o 7958 70.24
o 7900 70.27
o 7898 70.27
o 7824 70.27
o 7793 70.28
o 7786 70.28
o 7758 70.28
o 7734 70.31
o 7706 70.31
o 7660 70.35
o 7605 70.35
o 7589 70.35
o 7561 70.35
o 7511 70.35
o 7483 70.36
o 7455 70.36
o 7427 70.36
o 7399 70.36
o 7361 70.36
o 7263 242.56
o 7121 242.56
o 7084 242.56
o 6884 242.56
o 6742 242.56
relational-inference-pa-1
o 12906 3.34
o 12878 3.34
o 12840 3.35
o 12458 3.35
o 12285 3.35
o 12257 3.35
o 12061 3.35
o 11833 3.35
o 11797 3.35
o 11701 3.36
o 11473 3.36
o 11245 3.36
o 10477 12.06
o 10099 12.07
o 9057 12.07
o 8724 12.08
o 8127 12.08
o 7898 12.08
o 7774 12.08
o 7736 12.08
o 7735 12.08
o 7412 68.18
o 7233 68.18
o 7070 68.19
o 7049 68.19
o 7044 68.19
o 7023 68.19
o 6949 68.19
o 6875 68.19
o 6702 104.41
o 6701 104.52
o 6699 104.52
relational-inference-pa-1
o 11429 2.66
o 11201 2.67
o 11001 2.67
o 10773 2.67
o 10735 2.67
o 10682 2.68
o 10619 2.68
o 10391 2.68
o 10216 2.68
o 10178 2.68
o 9942 2.69
o 9769 2.69
o 9433 8.01
o 9432 8.02
o 9129 8.02
o 8895 8.02
o 8699 8.03
o 8610 8.03
o 8455 8.03
o 8448 8.03
o 8447 8.03
o 8312 8.09
o 8311 8.1
o 8310 8.1
o 8309 8.1
o 8308 8.1
o 8307 8.11
o 8252 8.11
o 8114 8.13
o 8081 8.15
o 7908 8.15
o 7672 17.73
o 7665 17.73
o 7582 17.74
o 7502 17.74
o 7469 17.74
o 7462 17.75
o 7455 17.75
o 7448 17.75
o 7321 17.79
o 7318 17.8
o 7278 17.81
o 7250 17.81
o 7222 17.81
o 7194 17.81
o 7166 17.81
o 7138 17.81
o 7123 205.27
o 7122 205.27
o 7068 205.27
o 6890 205.29
relational-inference-pa-1
o 10880 2.59
o 10652 2.6
o 10624 2.6
o 10596 2.6
o 10573 2.6
o 10345 2.6
o 10172 2.6
o 10117 2.61
o 10080 2.61
o 9920 5
o 9636 5
o 9459 5.01
o 9446 5.01
o 9231 5.01
o 9217 5.01
o 9183 5.01
o 9176 5.01
o 9054 5.02
o 9041 5.08
o 9014 5.08
o 8841 5.08
o 8803 5.08
o 8766 5.08
o 8765 5.08
o 8715 8.01
o 8654 8.02
o 8645 8.03
o 8538 8.03
o 8500 8.03
o 8493 8.04
o 8480 8.04
o 8341 17.84
o 8164 17.84
o 8008 17.84
o 7780 17.84
o 7693 17.84
o 7655 17.84
o 7617 17.84
o 7601 17.86
o 7527 17.87
o 7524 17.87
o 7504 17.88
o 7497 17.89
o 7467 17.89
o 7429 17.89
o 7409 17.9
o 7354 17.9
o 7353 17.9
o 7352 17.9
o 7180 17.92
