staff-scheduling-instance8
o 11739 0.29
o 11626 0.3
o 11522 0.3
o 11040 11.02
o 10922 27.75
o 10566 38.21
o 10197 70.23
o 10043 217.04
staff-scheduling-instance8
o 11625 0.4
o 11329 0.4
o 10824 78.51
o 10234 78.52
o 9848 157.02
o 9648 157.02
staff-scheduling-instance8
o 12458 0.48
o 12158 0.49
o 10918 0.5
o 10830 34.74
o 10715 67.92
o 10614 67.92
o 10525 100.52
o 9893 100.54
staff-scheduling-instance8
o 10137 0.6
o 9844 0.6
o 9823 202.19
o 9802 287.09
staff-scheduling-instance8
o 12229 0.38
o 11840 0.38
o 10883 0.58
o 10782 0.59
o 10692 10.76
o 10691 10.76
o 10391 10.76
o 10315 94.36
o 10025 94.36
o 9814 173.94
staff-scheduling-instance8
o 11923 0.35
o 11018 11.17
o 9821 11.17
o 9419 65.01
staff-scheduling-instance8
o 10341 0.5
o 10137 0.5
o 10048 0.5
o 9593 151.74
o 9592 151.74
staff-scheduling-instance8
o 11109 0.31
o 10531 10.51
o 10225 117.57
o 10214 156.61
o 10211 156.61
o 9875 156.62
o 9679 156.62
o 9067 156.62
staff-scheduling-instance8
o 12655 0.29
o 11420 10.28
o 10724 10.28
o 10723 10.28
o 10379 30.61
o 10377 30.61
o 9147 40.87
staff-scheduling-instance8
o 12233 0.46
o 12188 0.61
o 12186 0.61
o 11278 22.53
o 10987 22.53
o 10320 22.65
o 10221 22.65
o 10123 33
o 10116 97.75
o 9999 120.13
o 9895 120.13
