gen-hyper-tw-GenHyperTW_dubois29
o 25 3.07
o 24 3.07
o 23 3.07
o 22 3.07
o 21 3.08
o 20 3.08
o 19 3.08
o 18 3.08
o 17 3.09
o 16 3.09
o 10 12.26
o 9 24.14
o 8 38.94
o 7 43.45
o 6 155.15
gen-hyper-tw-GenHyperTW_dubois29
o 22 1.23
o 21 1.24
o 20 1.24
o 19 1.24
o 18 1.24
o 9 8.02
o 7 24.45
o 6 163.17
gen-hyper-tw-GenHyperTW_dubois29
o 23 1.39
o 22 1.39
o 21 1.39
o 20 1.39
o 19 1.39
o 18 1.39
o 17 1.4
o 16 1.4
o 15 1.4
o 7 6.99
o 6 28.76
gen-hyper-tw-GenHyperTW_dubois29
o 20 11.28
o 19 11.28
o 16 11.29
o 14 11.29
o 13 11.29
o 12 11.29
o 11 11.29
o 9 18.41
o 7 31.99
o 6 137.2
gen-hyper-tw-GenHyperTW_dubois29
o 24 5.01
o 21 5.01
o 20 5.01
o 19 5.01
o 17 5.01
o 16 5.02
o 15 5.02
o 14 5.02
o 13 5.02
o 7 8.43
o 6 189.04
gen-hyper-tw-GenHyperTW_dubois29
o 23 1.75
o 22 1.75
o 21 1.75
o 20 1.76
o 19 1.76
o 18 1.76
o 7 5.95
o 6 22.91
gen-hyper-tw-GenHyperTW_dubois29
o 21 1.3
o 18 1.31
o 17 1.31
o 16 1.31
o 15 1.32
o 14 1.32
o 13 1.32
o 8 6.91
o 7 23.03
o 6 210
gen-hyper-tw-GenHyperTW_dubois29
o 27 5.52
o 26 5.53
o 25 5.53
o 24 5.53
o 23 5.53
o 22 5.53
o 21 5.53
o 20 5.54
o 19 5.54
o 7 16.16
o 6 290.77
gen-hyper-tw-GenHyperTW_dubois29
o 20 1.34
o 19 1.35
o 18 1.35
o 17 1.35
o 16 1.35
o 15 1.35
o 14 1.35
o 13 1.36
o 12 1.36
o 11 1.36
o 10 1.37
o 9 6.69
o 8 6.72
o 6 44.52
gen-hyper-tw-GenHyperTW_dubois29
o 17 1.3
o 16 1.31
o 15 1.31
o 13 1.31
o 12 1.31
o 11 1.31
o 10 1.49
o 7 19.16
o 6 92.62
