inconsistency-measurement-im-forgetting-T-2-grd_4383_1_10.tgf.pl
o 1443 0.3
o 1244 0.33
o 1049 0.4
o 980 0.4
o 976 0.4
o 975 0.4
o 974 0.4
o 956 0.43
o 938 0.43
o 937 0.48
o 894 0.49
inconsistency-measurement-im-forgetting-T-2-grd_4383_1_10.tgf.pl
o 1443 0.28
o 1317 0.3
o 1316 0.31
o 1095 0.35
o 970 0.35
o 967 0.35
o 966 0.35
o 965 0.36
o 953 0.38
o 950 0.38
o 949 0.38
o 938 0.41
o 935 0.41
inconsistency-measurement-im-forgetting-T-2-grd_4383_1_10.tgf.pl
o 1443 0.27
o 1255 0.3
o 1069 0.33
o 1060 0.33
o 1059 0.33
o 1058 0.33
o 1057 0.33
o 1056 0.33
o 1055 0.33
o 1007 0.34
o 994 0.34
o 987 0.34
o 986 0.34
o 904 0.41
o 895 0.41
inconsistency-measurement-im-forgetting-T-2-grd_4383_1_10.tgf.pl
o 1443 0.31
o 1281 0.34
o 1280 0.34
o 1279 0.34
o 1101 0.39
o 1092 0.39
o 1091 0.39
o 980 0.43
o 955 0.43
o 951 0.43
o 950 0.43
o 948 0.46
o 942 0.46
o 939 0.46
o 938 0.46
o 937 0.46
inconsistency-measurement-im-forgetting-T-2-grd_4383_1_10.tgf.pl
o 1443 0.28
o 1273 0.31
o 1272 0.31
o 1271 0.31
o 1270 0.31
o 1099 0.35
o 1091 0.35
o 1090 0.35
o 1089 0.35
o 1088 0.35
o 1087 0.35
o 1086 0.35
o 1085 0.35
o 1084 0.35
o 1083 0.35
o 1082 0.35
o 1081 0.35
o 1080 0.35
o 1040 0.36
o 1037 0.36
o 1029 0.36
o 1028 0.36
o 1027 0.36
o 1026 0.36
o 1025 0.36
o 1024 0.36
o 1011 0.43
o 1010 0.43
o 1009 0.43
o 1008 0.43
o 1007 0.43
o 1006 0.43
o 1005 0.43
o 1003 0.43
o 901 0.44
inconsistency-measurement-im-forgetting-T-2-grd_4383_1_10.tgf.pl
o 1443 0.29
o 1260 0.32
o 1259 0.32
o 1258 0.32
o 1257 0.32
o 1256 0.32
o 1255 0.32
o 1082 0.36
o 1076 0.36
o 1075 0.36
o 1074 0.36
o 1073 0.36
o 1072 0.36
o 1071 0.36
o 1070 0.36
o 1069 0.36
o 1068 0.36
o 1067 0.36
o 1066 0.36
o 1065 0.36
o 1064 0.36
o 1019 0.36
o 1011 0.37
o 1010 0.37
o 1009 0.37
o 993 0.41
o 991 0.41
o 990 0.41
o 989 0.41
o 987 0.42
o 986 0.42
o 894 0.42
o 888 0.45
o 885 0.46
o 884 0.46
inconsistency-measurement-im-forgetting-T-2-grd_4383_1_10.tgf.pl
o 1443 0.29
o 1325 0.31
o 1324 0.31
o 1323 0.32
o 1322 0.32
o 1321 0.32
o 1168 0.35
o 1085 0.35
o 1083 0.35
o 1082 0.35
o 1078 0.35
o 1075 0.36
o 1074 0.36
o 1073 0.36
o 1072 0.36
o 1071 0.36
o 1070 0.36
o 1069 0.36
o 962 0.37
o 947 0.37
o 944 0.37
o 940 0.37
o 938 0.37
inconsistency-measurement-im-forgetting-T-2-grd_4383_1_10.tgf.pl
o 1443 0.26
o 1273 0.29
o 1272 0.29
o 1271 0.29
o 1270 0.29
o 1269 0.29
o 1268 0.29
o 1267 0.29
o 1113 0.33
o 1100 0.33
o 999 0.37
o 967 0.37
o 930 0.38
inconsistency-measurement-im-forgetting-T-2-grd_4383_1_10.tgf.pl
o 1443 0.26
o 1299 0.29
o 1298 0.29
o 1297 0.29
o 1145 0.33
o 1131 0.33
o 1130 0.33
o 1129 0.33
o 1128 0.33
o 1126 0.33
o 1125 0.33
o 1124 0.33
o 1123 0.33
o 1122 0.33
o 1061 0.33
o 1036 0.34
o 1031 0.34
o 1030 0.34
o 1029 0.34
o 1028 0.34
o 1027 0.34
o 990 0.41
o 981 0.41
o 980 0.41
o 971 0.42
o 968 0.42
o 966 0.42
o 965 0.42
o 964 0.42
o 963 0.42
o 960 0.42
o 959 0.42
o 958 0.42
inconsistency-measurement-im-forgetting-T-2-grd_4383_1_10.tgf.pl
o 1443 0.26
o 1298 0.29
o 1297 0.29
o 1296 0.29
o 1108 0.32
o 1100 0.32
o 1099 0.32
o 1098 0.32
o 1097 0.32
o 1096 0.32
o 1095 0.32
o 1094 0.32
o 1093 0.32
o 1092 0.32
o 1091 0.32
o 1090 0.32
o 1021 0.33
o 993 0.33
o 988 0.33
o 987 0.33
o 986 0.33
o 985 0.33
o 984 0.33
o 973 0.38
o 972 0.38
o 971 0.38
o 970 0.38
o 969 0.38
o 968 0.38
o 913 0.39
o 902 0.39
o 886 0.44
o 884 0.44
