judgment-aggregation-ja-slater-preflib-00049-00000135
o 387 0.08
o 386 0.08
o 385 0.08
o 384 0.08
o 383 0.08
o 382 0.08
o 381 0.08
o 380 0.08
o 379 0.08
o 378 0.08
o 377 0.08
o 376 0.08
o 375 0.08
o 374 0.08
o 373 0.08
o 372 0.08
o 371 0.08
o 370 0.08
o 369 0.08
o 368 0.08
o 367 0.08
o 366 0.08
o 365 0.08
o 364 0.08
o 363 0.08
o 362 0.08
o 361 0.08
o 360 0.08
o 359 0.08
o 358 0.08
o 357 0.08
o 356 0.08
o 355 0.08
o 354 0.08
o 353 0.08
o 352 0.08
o 351 0.08
o 350 0.08
o 349 0.08
o 348 0.08
o 347 0.08
o 346 0.08
o 345 0.08
o 344 0.08
o 343 0.08
o 342 0.08
o 341 0.08
o 340 0.08
o 339 0.08
o 338 0.08
o 337 0.08
o 336 0.08
o 335 0.08
o 334 0.08
o 333 0.08
o 332 0.08
o 331 0.08
o 330 0.08
o 329 0.08
o 328 0.08
o 327 0.08
o 326 0.08
o 325 0.08
o 324 0.08
o 323 0.08
o 322 0.08
o 321 0.08
o 320 0.08
o 313 0.08
o 312 0.08
o 311 0.08
o 310 0.08
o 309 0.08
o 308 0.08
o 307 0.08
o 306 0.08
o 304 0.08
o 303 0.08
o 302 0.08
o 301 0.08
o 294 0.08
o 292 0.08
o 291 0.08
o 284 0.08
o 283 0.08
o 279 0.08
o 278 0.09
o 276 0.09
o 274 0.87
o 269 0.87
o 268 0.88
o 266 0.88
o 265 0.88
o 255 1.02
o 249 23.59
o 248 45.51
o 247 88.08
o 246 109.58
judgment-aggregation-ja-slater-preflib-00049-00000135
o 366 0.08
o 365 0.08
o 364 0.08
o 363 0.08
o 362 0.08
o 361 0.08
o 360 0.08
o 359 0.08
o 358 0.08
o 357 0.08
o 356 0.08
o 355 0.08
o 354 0.08
o 353 0.08
o 351 0.08
o 350 0.08
o 349 0.08
o 348 0.08
o 347 0.08
o 346 0.08
o 345 0.08
o 344 0.08
o 343 0.08
o 339 0.08
o 338 0.08
o 337 0.08
o 336 0.08
o 335 0.08
o 334 0.08
o 333 0.08
o 332 0.08
o 331 0.08
o 330 0.08
o 329 0.08
o 328 0.08
o 327 0.08
o 326 0.08
o 325 0.08
o 324 0.08
o 323 0.08
o 322 0.08
o 321 0.08
o 320 0.08
o 319 0.08
o 318 0.08
o 317 0.08
o 316 0.08
o 315 0.08
o 314 0.08
o 313 0.08
o 312 0.08
o 311 0.08
o 310 0.08
o 309 0.08
o 308 0.08
o 307 0.08
o 289 0.08
o 288 0.08
o 286 0.08
o 285 0.08
o 284 0.08
o 282 0.08
o 281 0.08
o 280 0.08
o 278 0.08
o 277 0.08
o 274 0.08
o 269 0.08
o 268 0.81
o 267 0.81
o 265 0.86
o 264 0.86
o 261 0.86
o 260 0.86
o 259 0.87
o 256 0.91
o 250 22.95
o 249 22.96
o 247 22.97
o 246 87.58
judgment-aggregation-ja-slater-preflib-00049-00000135
o 378 0.09
o 377 0.09
o 376 0.09
o 369 0.09
o 368 0.09
o 367 0.09
o 366 0.09
o 365 0.09
o 364 0.09
o 362 0.09
o 361 0.09
o 360 0.09
o 359 0.09
o 358 0.09
o 357 0.09
o 356 0.09
o 355 0.09
o 354 0.09
o 353 0.09
o 352 0.09
o 351 0.09
o 350 0.09
o 349 0.09
o 348 0.09
o 347 0.09
o 346 0.09
o 345 0.09
o 344 0.09
o 343 0.09
o 342 0.09
o 341 0.09
o 340 0.09
o 339 0.09
o 338 0.09
o 331 0.09
o 296 0.09
o 295 0.09
o 294 0.09
o 293 0.09
o 292 0.09
o 291 0.09
o 290 0.09
o 289 0.09
o 286 0.1
o 285 0.1
o 284 0.1
o 283 0.1
o 282 0.1
o 281 0.1
o 280 0.1
o 278 0.1
o 272 0.1
o 268 0.1
o 267 0.1
o 264 0.18
o 263 0.18
o 254 1.08
o 253 1.08
o 252 1.08
o 251 23.56
o 250 23.59
o 249 23.6
o 248 23.73
o 247 45.53
judgment-aggregation-ja-slater-preflib-00049-00000135
o 376 0.08
o 375 0.08
o 374 0.08
o 373 0.08
o 372 0.08
o 371 0.08
o 370 0.08
o 369 0.08
o 368 0.08
o 367 0.08
o 366 0.08
o 365 0.08
o 364 0.08
o 363 0.08
o 362 0.08
o 361 0.08
o 360 0.08
o 359 0.08
o 358 0.08
o 357 0.08
o 356 0.08
o 355 0.08
o 354 0.08
o 353 0.08
o 352 0.08
o 351 0.08
o 350 0.08
o 349 0.08
o 348 0.08
o 347 0.08
o 346 0.08
o 345 0.08
o 341 0.08
o 340 0.08
o 339 0.08
o 338 0.08
o 337 0.08
o 336 0.08
o 335 0.08
o 334 0.08
o 333 0.08
o 332 0.08
o 331 0.08
o 330 0.08
o 329 0.08
o 328 0.08
o 327 0.08
o 326 0.08
o 325 0.08
o 324 0.08
o 323 0.08
o 322 0.08
o 321 0.08
o 320 0.08
o 319 0.08
o 318 0.08
o 317 0.08
o 316 0.08
o 315 0.08
o 314 0.08
o 313 0.08
o 312 0.08
o 311 0.08
o 310 0.08
o 309 0.08
o 308 0.08
o 307 0.08
o 306 0.08
o 305 0.08
o 304 0.08
o 303 0.08
o 302 0.08
o 291 0.08
o 290 0.08
o 274 0.08
o 272 0.94
o 270 0.95
o 268 0.95
o 267 0.95
o 261 1.09
o 255 1.09
o 251 26.31
o 249 26.33
o 248 48.28
o 247 48.29
o 246 237.67
judgment-aggregation-ja-slater-preflib-00049-00000135
o 372 0.08
o 371 0.08
o 370 0.08
o 369 0.08
o 368 0.08
o 367 0.08
o 366 0.08
o 365 0.08
o 364 0.08
o 363 0.08
o 362 0.08
o 361 0.08
o 360 0.08
o 359 0.08
o 358 0.08
o 357 0.08
o 356 0.08
o 355 0.08
o 354 0.08
o 353 0.08
o 352 0.08
o 351 0.08
o 350 0.08
o 349 0.08
o 348 0.08
o 347 0.08
o 346 0.08
o 345 0.08
o 344 0.08
o 343 0.08
o 342 0.08
o 341 0.08
o 340 0.08
o 339 0.08
o 338 0.08
o 336 0.08
o 335 0.08
o 334 0.08
o 333 0.08
o 332 0.08
o 331 0.08
o 330 0.08
o 329 0.08
o 328 0.08
o 327 0.08
o 326 0.08
o 325 0.08
o 324 0.08
o 323 0.08
o 322 0.08
o 321 0.08
o 320 0.08
o 319 0.08
o 318 0.08
o 317 0.08
o 301 0.08
o 290 0.08
o 286 0.08
o 283 0.08
o 282 0.08
o 278 0.58
o 272 0.71
o 270 0.74
o 268 0.75
o 267 0.75
o 258 0.8
o 248 23.24
o 247 23.25
judgment-aggregation-ja-slater-preflib-00049-00000135
o 361 0.08
o 360 0.08
o 359 0.08
o 358 0.08
o 357 0.08
o 356 0.08
o 355 0.08
o 354 0.08
o 353 0.08
o 352 0.08
o 351 0.08
o 350 0.08
o 349 0.08
o 348 0.08
o 347 0.08
o 346 0.08
o 345 0.08
o 344 0.08
o 343 0.08
o 342 0.08
o 341 0.08
o 340 0.08
o 339 0.08
o 338 0.08
o 337 0.08
o 336 0.08
o 335 0.08
o 334 0.08
o 333 0.08
o 332 0.08
o 331 0.08
o 330 0.08
o 329 0.08
o 328 0.08
o 327 0.08
o 326 0.08
o 325 0.08
o 324 0.08
o 323 0.08
o 322 0.08
o 321 0.08
o 320 0.08
o 319 0.08
o 318 0.08
o 317 0.08
o 316 0.08
o 315 0.08
o 314 0.08
o 311 0.08
o 305 0.08
o 304 0.08
o 303 0.08
o 301 0.08
o 300 0.08
o 299 0.08
o 283 0.09
o 282 0.09
o 281 0.09
o 277 0.09
o 274 0.09
o 272 0.14
o 270 1.04
o 269 1.05
o 268 1.05
o 265 1.05
o 249 23.79
o 248 23.82
o 247 67.83
judgment-aggregation-ja-slater-preflib-00049-00000135
o 375 0.08
o 374 0.08
o 373 0.08
o 372 0.08
o 371 0.08
o 370 0.08
o 369 0.08
o 368 0.08
o 367 0.08
o 366 0.08
o 365 0.08
o 364 0.08
o 363 0.08
o 362 0.08
o 361 0.08
o 360 0.08
o 359 0.08
o 358 0.08
o 357 0.08
o 356 0.08
o 355 0.08
o 354 0.08
o 353 0.08
o 352 0.08
o 351 0.08
o 350 0.08
o 349 0.08
o 348 0.08
o 347 0.08
o 346 0.08
o 345 0.08
o 344 0.08
o 343 0.08
o 342 0.08
o 341 0.08
o 340 0.08
o 339 0.08
o 338 0.08
o 337 0.08
o 336 0.08
o 335 0.08
o 334 0.08
o 333 0.08
o 332 0.08
o 329 0.08
o 328 0.08
o 327 0.08
o 326 0.08
o 325 0.08
o 320 0.08
o 319 0.08
o 304 0.09
o 301 0.09
o 300 0.09
o 295 0.09
o 266 0.13
o 265 0.13
o 264 0.13
o 263 0.13
o 259 1.14
o 258 1.14
o 254 1.14
o 249 22.87
o 246 22.89
judgment-aggregation-ja-slater-preflib-00049-00000135
o 362 0.09
o 361 0.09
o 360 0.09
o 359 0.09
o 358 0.09
o 357 0.09
o 356 0.09
o 355 0.09
o 354 0.09
o 353 0.09
o 352 0.09
o 351 0.09
o 350 0.09
o 349 0.09
o 348 0.09
o 347 0.09
o 346 0.09
o 345 0.09
o 344 0.09
o 343 0.09
o 342 0.09
o 341 0.09
o 340 0.09
o 339 0.09
o 338 0.09
o 337 0.09
o 336 0.09
o 335 0.09
o 334 0.09
o 333 0.09
o 332 0.09
o 331 0.09
o 330 0.09
o 329 0.09
o 327 0.09
o 326 0.09
o 325 0.09
o 324 0.09
o 323 0.09
o 322 0.09
o 321 0.09
o 320 0.09
o 319 0.09
o 318 0.09
o 317 0.09
o 316 0.09
o 315 0.09
o 313 0.09
o 304 0.09
o 303 0.09
o 301 0.09
o 300 0.09
o 299 0.09
o 298 0.09
o 297 0.09
o 296 0.09
o 295 0.09
o 294 0.09
o 293 0.09
o 292 0.09
o 291 0.09
o 290 0.09
o 289 0.09
o 288 0.09
o 287 0.09
o 286 0.09
o 285 0.09
o 284 0.09
o 283 0.09
o 282 0.09
o 281 0.09
o 280 0.09
o 279 0.09
o 278 0.09
o 277 0.09
o 276 0.09
o 275 0.09
o 274 0.09
o 273 0.09
o 272 0.09
o 271 0.09
o 270 0.09
o 269 0.09
o 267 0.09
o 266 0.09
o 258 0.95
o 257 0.95
o 256 1.12
o 254 1.12
o 253 1.28
o 252 1.28
o 246 1.29
judgment-aggregation-ja-slater-preflib-00049-00000135
o 374 0.08
o 373 0.08
o 372 0.08
o 371 0.08
o 370 0.08
o 369 0.08
o 368 0.08
o 367 0.08
o 366 0.08
o 365 0.08
o 364 0.08
o 363 0.08
o 362 0.08
o 361 0.08
o 360 0.08
o 359 0.08
o 358 0.08
o 357 0.08
o 356 0.08
o 355 0.08
o 354 0.08
o 353 0.08
o 352 0.08
o 351 0.08
o 350 0.08
o 349 0.08
o 348 0.08
o 347 0.08
o 346 0.08
o 345 0.08
o 344 0.08
o 343 0.08
o 342 0.08
o 341 0.08
o 340 0.1
o 339 0.1
o 338 0.1
o 337 0.1
o 336 0.1
o 335 0.1
o 334 0.1
o 333 0.1
o 332 0.1
o 331 0.1
o 330 0.1
o 329 0.1
o 314 0.1
o 313 0.1
o 312 0.1
o 311 0.1
o 310 0.1
o 309 0.1
o 308 0.1
o 307 0.1
o 306 0.1
o 305 0.1
o 293 0.1
o 292 0.1
o 282 0.1
o 281 0.1
o 280 0.1
o 279 0.1
o 278 0.1
o 275 0.1
o 267 0.1
o 266 0.1
o 249 22.82
o 247 22.94
o 246 132.37
judgment-aggregation-ja-slater-preflib-00049-00000135
o 368 0.08
o 367 0.08
o 366 0.08
o 365 0.08
o 363 0.08
o 362 0.08
o 361 0.08
o 360 0.08
o 359 0.08
o 358 0.08
o 357 0.08
o 356 0.09
o 355 0.09
o 354 0.09
o 353 0.09
o 352 0.09
o 351 0.09
o 350 0.09
o 349 0.09
o 348 0.09
o 347 0.09
o 346 0.09
o 345 0.09
o 342 0.09
o 341 0.09
o 340 0.09
o 339 0.09
o 338 0.09
o 337 0.09
o 336 0.09
o 335 0.09
o 334 0.09
o 333 0.09
o 332 0.09
o 331 0.09
o 330 0.09
o 329 0.09
o 328 0.09
o 327 0.09
o 326 0.09
o 325 0.09
o 324 0.09
o 323 0.09
o 322 0.09
o 321 0.09
o 320 0.09
o 319 0.09
o 318 0.09
o 317 0.09
o 316 0.09
o 315 0.09
o 314 0.09
o 313 0.09
o 312 0.09
o 311 0.09
o 310 0.09
o 309 0.09
o 308 0.09
o 307 0.09
o 306 0.09
o 303 0.09
o 302 0.09
o 301 0.09
o 299 0.09
o 298 0.09
o 297 0.09
o 295 0.09
o 293 0.09
o 290 0.8
o 288 0.8
o 276 0.93
o 274 0.93
o 273 0.93
o 272 0.93
o 270 0.93
o 269 0.94
o 267 0.94
o 265 0.94
o 263 0.95
o 258 0.95
o 257 0.95
o 254 0.95
o 248 23.87
o 247 24.04
o 246 67.47
