judgment-aggregation-ja-maxham-preflib-00049-00000295
o 65 0.05
o 64 0.05
o 63 0.05
o 61 0.05
o 60 0.06
o 59 0.06
o 58 32.89
judgment-aggregation-ja-maxham-preflib-00049-00000295
o 64 0.04
o 62 0.04
o 59 0.05
o 57 26.92
judgment-aggregation-ja-maxham-preflib-00049-00000295
o 66 0.05
o 65 0.05
o 64 0.06
o 62 0.06
o 57 0.06
judgment-aggregation-ja-maxham-preflib-00049-00000295
o 68 0.05
o 63 0.06
o 62 0.06
o 60 20.21
o 58 72.72
judgment-aggregation-ja-maxham-preflib-00049-00000295
o 63 0.07
o 61 0.07
o 57 0.08
judgment-aggregation-ja-maxham-preflib-00049-00000295
o 74 0.05
o 73 0.05
o 69 0.05
o 68 0.05
o 64 0.06
o 61 0.06
o 59 0.07
o 57 72.64
o 56 132.48
judgment-aggregation-ja-maxham-preflib-00049-00000295
o 64 0.06
o 62 0.06
o 58 0.07
o 57 0.07
judgment-aggregation-ja-maxham-preflib-00049-00000295
o 67 0.05
o 66 0.05
o 65 0.05
o 63 0.05
o 62 0.05
o 61 0.05
o 60 9.2
o 59 27.41
o 58 35.27
o 56 199.84
judgment-aggregation-ja-maxham-preflib-00049-00000295
o 72 0.05
o 70 0.05
o 69 0.05
o 66 0.05
o 65 0.05
o 64 0.05
o 63 0.05
o 61 0.06
o 60 0.06
o 59 29.93
o 58 130.26
judgment-aggregation-ja-maxham-preflib-00049-00000295
o 74 0.05
o 72 0.05
o 65 0.05
o 63 0.05
o 61 0.06
o 59 9.6
o 58 9.6
