judgment-aggregation-ja-maxham-preflib-00049-00000517
o 74 0.09
o 72 0.09
o 66 0.1
o 65 8.6
o 64 20.41
o 63 20.41
o 62 83.27
judgment-aggregation-ja-maxham-preflib-00049-00000517
o 69 0.11
o 67 0.11
o 66 0.11
o 65 0.12
o 64 0.12
o 62 12.6
o 61 76.19
o 60 89.38
judgment-aggregation-ja-maxham-preflib-00049-00000517
o 68 0.09
o 67 0.09
o 66 0.1
o 60 0.12
judgment-aggregation-ja-maxham-preflib-00049-00000517
o 72 0.08
o 68 0.08
o 67 0.09
o 66 0.09
o 64 0.09
o 62 0.09
o 61 51.93
judgment-aggregation-ja-maxham-preflib-00049-00000517
o 72 0.26
o 70 0.26
o 69 0.27
o 66 0.28
o 64 39.98
o 62 134.59
o 61 217.38
judgment-aggregation-ja-maxham-preflib-00049-00000517
o 72 0.08
o 69 0.08
o 68 0.08
o 66 0.09
o 64 0.1
o 63 0.1
o 61 160.23
judgment-aggregation-ja-maxham-preflib-00049-00000517
o 68 0.09
o 66 0.09
o 64 0.09
o 61 0.1
judgment-aggregation-ja-maxham-preflib-00049-00000517
o 76 0.09
o 74 0.09
o 72 0.09
o 71 0.09
o 66 0.1
o 65 0.1
o 63 0.17
o 61 216.38
judgment-aggregation-ja-maxham-preflib-00049-00000517
o 73 0.1
o 72 0.1
o 71 0.1
o 68 0.1
o 65 0.1
o 61 0.18
judgment-aggregation-ja-maxham-preflib-00049-00000517
o 74 0.1
o 72 0.1
o 71 0.11
o 69 0.11
o 68 0.11
o 66 0.16
o 64 0.17
o 63 0.17
o 62 0.17
o 61 0.17
