mbd-b14_C-mbd14-0277
o 109 0.01
o 99 0.01
o 94 0.01
o 74 0.62
o 73 0.62
o 61 1.46
o 54 3.46
o 53 3.47
o 52 17.6
o 51 30.46
o 43 30.47
o 42 30.47
o 39 210.77
mbd-b14_C-mbd14-0277
o 112 0.01
o 101 0.01
o 100 0.01
o 99 0.01
o 98 0.08
o 76 1.31
o 69 1.96
o 68 1.96
o 61 4.82
o 56 14.7
o 51 21.21
o 50 21.21
o 49 21.21
o 48 24.67
o 47 190.19
o 46 262.45
o 45 272.84
o 44 272.84
mbd-b14_C-mbd14-0277
o 110 0
o 108 0
o 104 0
o 103 0
o 102 0
o 101 0
o 61 0.6
o 57 3.28
o 52 5.87
o 51 18.43
o 50 18.43
o 47 18.43
o 45 20.93
o 44 20.93
mbd-b14_C-mbd14-0277
o 110 0
o 103 0.01
o 89 0.62
o 83 1.35
o 72 1.97
o 71 1.97
o 63 2.55
o 54 4.64
o 51 18.99
o 50 18.99
o 47 19.62
o 45 19.62
o 44 99.44
o 43 99.44
o 42 120.73
o 39 226
mbd-b14_C-mbd14-0277
o 110 0.01
o 98 0.01
o 97 0.01
o 96 0.01
o 90 0.01
o 85 0.01
o 84 0.01
o 83 0.01
o 82 0.01
o 81 0.01
o 56 1.48
o 48 5.57
o 47 36
o 46 160.43
o 43 199.73
mbd-b14_C-mbd14-0277
o 110 0.01
o 102 0.01
o 101 0.01
o 100 0.01
o 97 0.01
o 92 0.01
o 91 0.01
o 75 0.84
o 54 1.71
o 45 2.39
o 44 2.39
o 41 163.31
mbd-b14_C-mbd14-0277
o 110 0.01
o 101 0.01
o 99 0.01
o 72 0.63
o 71 1.42
o 48 2
o 47 54.23
o 45 113.99
o 43 113.99
mbd-b14_C-mbd14-0277
o 109 0.01
o 100 0.01
o 97 0.01
o 96 0.01
o 95 0.08
o 61 0.89
o 55 2.81
o 52 7.1
o 51 7.1
o 50 22.13
o 49 22.13
o 46 22.13
o 41 95.18
mbd-b14_C-mbd14-0277
o 110 0.01
o 96 0.01
o 95 0.01
o 67 0.66
o 55 1.3
o 43 5.01
o 41 5.01
o 39 186.82
o 38 186.82
mbd-b14_C-mbd14-0277
o 111 0
o 100 0
o 99 0
o 98 0
o 97 0.02
o 96 0.02
o 95 0.02
o 94 0.02
o 77 0.61
o 70 1.22
o 67 2.58
o 44 3.17
o 43 11.65
o 42 154.21
