min-fill-MinFill_R0_queen8_12
o 2720 0.99
o 2703 2.3
o 2523 10.21
o 2497 174.58
min-fill-MinFill_R0_queen8_12
o 2715 0.98
o 2607 15.89
o 2514 51.52
min-fill-MinFill_R0_queen8_12
o 2760 3.94
o 2729 3.94
o 2557 16.85
o 2512 25.15
o 2459 109.21
min-fill-MinFill_R0_queen8_12
o 2670 2.61
o 2638 25.82
o 2564 35.15
o 2555 49.66
o 2546 82.63
o 2500 117.94
min-fill-MinFill_R0_queen8_12
o 2751 0.9
o 2540 19.22
o 2529 33.88
o 2523 61.14
min-fill-MinFill_R0_queen8_12
o 2652 1.35
o 2570 32.85
o 2518 45.76
o 2473 101.1
o 2432 187.02
min-fill-MinFill_R0_queen8_12
o 2725 0.97
o 2631 18.05
o 2478 32.87
o 2462 78.36
min-fill-MinFill_R0_queen8_12
o 2798 2.49
o 2660 5.23
o 2622 38.05
o 2565 62.94
o 2536 108.66
o 2491 133.63
min-fill-MinFill_R0_queen8_12
o 2698 1.31
o 2596 17.06
o 2542 29.18
o 2495 168.27
min-fill-MinFill_R0_queen8_12
o 2763 0.9
o 2648 1.7
o 2580 2.13
o 2541 23.01
o 2525 33.33
o 2508 90.86
o 2504 195.72
