optimizing-BDDs-anneal-un-wcnf_incomplete_improved_1_2019_5
o 150 0.2
o 142 6.86
o 139 57.67
o 138 57.98
o 127 138.89
optimizing-BDDs-anneal-un-wcnf_incomplete_improved_1_2019_5
o 297 0.15
o 177 0.16
o 149 7.15
o 130 17.52
o 126 17.71
optimizing-BDDs-anneal-un-wcnf_incomplete_improved_1_2019_5
o 186 0.22
o 143 9.48
o 140 21.57
o 139 37.7
o 130 94.87
optimizing-BDDs-anneal-un-wcnf_incomplete_improved_1_2019_5
o 188 0.23
o 154 3.9
o 130 69.3
optimizing-BDDs-anneal-un-wcnf_incomplete_improved_1_2019_5
o 152 0.26
o 148 5.21
o 147 8.12
o 139 8.52
o 131 69.02
o 125 127.95
optimizing-BDDs-anneal-un-wcnf_incomplete_improved_1_2019_5
o 172 0.23
o 137 8.46
o 134 71.77
o 130 154.14
o 127 227.54
optimizing-BDDs-anneal-un-wcnf_incomplete_improved_1_2019_5
o 156 0.29
o 150 6.59
o 140 23.37
o 131 72.91
optimizing-BDDs-anneal-un-wcnf_incomplete_improved_1_2019_5
o 179 0.28
o 175 9.1
o 139 9.21
o 136 108.95
o 131 178.47
optimizing-BDDs-anneal-un-wcnf_incomplete_improved_1_2019_5
o 187 0.22
o 145 6.51
o 139 9.76
o 138 14.6
o 136 25.61
o 135 35.24
o 131 105.51
o 130 124.61
o 129 199.48
optimizing-BDDs-anneal-un-wcnf_incomplete_improved_1_2019_5
o 190 0.25
o 140 6.31
o 136 6.47
o 130 88.06
o 126 202.81
