railway-transport-pesp_18Min
o 1803 3.25
o 1802 3.25
o 1801 3.25
o 1800 3.25
o 1799 3.25
o 1798 3.25
o 1797 3.25
o 1796 3.25
o 1795 3.25
o 1794 3.25
o 1793 3.25
o 1792 3.25
o 1791 3.25
o 1790 3.25
o 1789 3.25
o 1788 3.25
o 1787 3.25
o 1786 3.25
o 1785 3.25
o 1774 3.25
o 1562 3.27
o 541 27.59
o 392 60.39
o 391 60.39
o 390 60.39
o 389 60.39
o 384 60.39
o 380 83.57
o 379 83.57
o 377 216.44
o 376 216.44
railway-transport-pesp_18Min
o 1803 2.18
o 1802 2.18
o 1801 2.18
o 1800 2.18
o 1799 2.18
o 1798 2.18
o 1797 2.18
o 1796 2.18
o 1795 2.18
o 1794 2.18
o 1793 2.18
o 1792 2.18
o 1791 2.18
o 1790 2.18
o 1789 2.18
o 1788 2.18
o 1787 2.18
o 1786 2.18
o 1785 2.18
o 1784 2.18
o 1783 2.18
o 1782 2.18
o 1781 2.18
o 1780 2.18
o 1779 2.18
o 1778 2.18
o 1777 2.18
o 1776 2.18
o 1775 2.18
o 1774 2.18
o 1773 2.18
o 1772 2.18
o 1771 2.18
o 1770 2.18
o 1769 2.18
o 1768 2.18
o 1766 2.18
o 1765 2.18
o 1764 2.18
o 1763 2.18
o 1762 2.18
o 1761 2.18
o 1760 2.18
o 1759 2.18
o 1758 2.18
o 1757 2.18
o 1756 2.18
o 1755 2.18
o 1754 2.18
o 1753 2.18
o 1752 2.18
o 1751 2.18
o 1750 2.18
o 1749 2.18
o 1748 2.18
o 1747 2.18
o 1746 2.18
o 1745 2.18
o 1744 2.18
o 1743 2.18
o 1401 2.75
o 1400 2.75
o 1399 2.75
o 1398 2.75
o 1242 2.82
o 1221 2.83
o 1218 2.83
o 1212 2.83
o 1211 2.83
o 1188 2.84
o 372 28.44
railway-transport-pesp_18Min
o 1690 2.2
o 1688 2.2
o 1687 2.2
o 1494 2.21
o 1478 2.21
o 1477 2.21
o 1427 2.22
o 1377 2.22
o 1376 2.22
o 1374 2.22
o 1351 2.23
o 1349 2.24
o 1348 2.24
o 1347 2.24
o 362 161.12
o 361 161.13
railway-transport-pesp_18Min
o 1291 2.3
o 999 2.41
o 924 2.8
o 437 29.65
o 417 84.48
o 408 84.93
o 407 114.24
o 405 114.24
o 332 137.03
o 331 137.03
railway-transport-pesp_18Min
o 1570 2.94
o 1445 2.97
o 1359 2.98
o 1353 2.99
o 1350 2.99
o 1319 3.02
o 1308 3.02
o 1299 3.03
o 1294 3.03
o 404 21.4
o 403 21.4
o 379 68.48
o 378 68.48
o 352 151.79
o 351 151.8
railway-transport-pesp_18Min
o 2740 2.57
o 2428 2.66
o 2350 2.67
o 2340 2.67
o 2339 2.71
o 2331 2.72
o 2308 2.73
o 2305 2.73
o 394 53.7
o 339 176.42
o 333 176.43
railway-transport-pesp_18Min
o 2843 3
o 2617 3.06
o 2535 3.07
o 2509 3.07
o 2086 3.81
o 1897 4.05
o 444 30.71
o 438 117.62
o 437 117.62
o 428 117.81
o 399 198.84
o 398 198.84
o 397 198.84
o 396 198.84
o 395 198.84
o 394 198.84
o 368 231.65
railway-transport-pesp_18Min
o 1258 2.83
o 1257 2.83
o 1150 2.85
o 1141 2.87
o 1134 2.87
o 1089 2.87
o 1081 2.87
o 1066 2.87
o 1062 2.88
o 516 39.4
o 468 39.65
o 437 77.19
railway-transport-pesp_18Min
o 2238 2.95
o 2160 3.07
o 338 30.93
o 327 132.44
o 326 132.44
o 325 132.44
railway-transport-pesp_18Min
o 2092 2.24
o 1808 2.26
o 1790 2.27
o 1786 2.29
o 1780 2.29
o 486 39.05
o 476 39.07
o 451 101.94
o 450 101.94
o 444 101.95
o 372 122.85
o 370 122.85
o 369 237.67
o 366 237.7
