treewidth-computation-TWComp_eil51.tsp_N51
o 20 0.21
o 19 0.21
o 17 0.22
o 16 0.22
o 15 0.24
o 14 0.28
o 13 0.29
o 12 0.36
o 11 92.67
treewidth-computation-TWComp_eil51.tsp_N51
o 21 0.19
o 20 0.19
o 18 0.19
o 17 0.19
o 16 0.19
o 15 0.2
o 14 0.2
o 13 36.04
o 11 94.87
o 10 108.33
treewidth-computation-TWComp_eil51.tsp_N51
o 21 0.18
o 20 0.19
o 19 0.19
o 17 0.19
o 16 0.2
o 15 0.2
o 14 0.21
o 13 0.22
o 10 37.96
o 9 167.68
treewidth-computation-TWComp_eil51.tsp_N51
o 22 0.19
o 19 0.19
o 18 0.19
o 17 0.2
o 16 0.21
o 14 0.22
o 13 0.22
o 12 0.22
o 11 241.75
o 10 287.73
treewidth-computation-TWComp_eil51.tsp_N51
o 19 0.2
o 18 0.2
o 17 0.2
o 16 0.2
o 15 0.2
o 14 0.2
o 12 14.54
o 10 86.64
treewidth-computation-TWComp_eil51.tsp_N51
o 18 0.19
o 17 0.19
o 16 0.2
o 15 0.2
o 14 0.44
o 13 17.26
o 11 46.39
o 10 168.13
treewidth-computation-TWComp_eil51.tsp_N51
o 20 0.21
o 19 0.21
o 18 0.21
o 16 0.21
o 15 0.22
o 14 0.24
o 13 13.47
o 12 13.47
o 11 47.25
treewidth-computation-TWComp_eil51.tsp_N51
o 21 0.2
o 19 0.25
o 15 14.94
o 14 14.94
o 12 38.37
o 11 38.37
treewidth-computation-TWComp_eil51.tsp_N51
o 19 0.2
o 18 0.2
o 17 0.2
o 16 0.2
o 15 0.21
o 14 0.24
o 13 113.84
o 12 130.81
o 11 211.13
treewidth-computation-TWComp_eil51.tsp_N51
o 18 0.2
o 16 0.2
o 15 0.2
o 14 0.44
o 12 26.82
o 11 26.82
o 10 288.22
