xai-mindset2-bupa
o 594 1.24
o 560 1.24
o 559 1.24
o 558 1.24
o 557 1.24
o 556 1.24
o 555 1.24
o 554 1.24
o 553 1.24
o 552 1.24
o 551 1.24
o 550 1.24
o 549 1.24
o 548 1.24
o 547 1.24
o 546 1.24
o 376 1.24
o 372 1.24
o 371 1.24
o 370 1.24
o 369 1.24
o 368 1.24
o 352 1.24
o 351 21.48
o 350 21.48
o 349 21.48
o 348 21.48
o 347 21.48
o 346 21.48
o 345 21.49
o 344 21.49
o 343 21.49
o 342 21.49
o 341 21.49
o 340 21.5
o 339 21.5
o 336 21.5
o 335 21.52
o 334 140.97
o 331 140.97
o 330 293.74
o 329 293.74
o 328 293.74
o 327 293.74
o 326 293.74
o 325 293.74
o 324 293.74
o 323 293.74
o 322 293.74
o 321 293.74
o 320 293.75
o 319 293.75
o 318 293.76
o 317 293.76
o 316 293.76
o 315 293.76
o 314 293.76
xai-mindset2-bupa
o 626 2.21
o 589 2.22
o 587 2.22
o 586 2.22
o 585 2.22
o 584 2.22
o 583 2.22
o 582 2.22
o 581 2.22
o 580 2.22
o 579 2.22
o 578 2.22
o 434 24.5
o 433 24.5
o 432 24.5
o 431 24.5
o 430 24.5
o 429 24.5
o 428 24.5
o 427 24.5
o 369 24.5
o 361 24.5
o 360 24.5
o 359 24.5
o 358 24.5
o 356 24.5
o 355 24.5
o 353 24.5
o 352 24.51
o 350 24.51
o 349 24.51
o 348 24.51
o 346 24.52
o 344 24.52
o 343 24.53
o 342 24.54
o 341 24.54
o 327 113.76
o 326 148.5
xai-mindset2-bupa
o 559 1.06
o 510 1.06
o 509 1.06
o 508 1.06
o 507 1.06
o 506 1.06
o 505 1.06
o 504 1.06
o 503 1.06
o 502 1.06
o 501 1.06
o 500 1.06
o 499 1.06
o 498 1.06
o 497 1.06
o 496 1.06
o 495 1.06
o 494 1.06
o 345 1.06
o 341 1.06
o 332 1.06
xai-mindset2-bupa
o 650 1.05
o 600 1.05
o 599 1.05
o 598 1.05
o 597 1.05
o 596 1.05
o 595 1.05
o 594 1.05
o 593 1.05
o 592 1.05
o 591 1.05
o 590 1.05
o 369 22.47
o 368 22.47
o 367 22.47
o 366 22.47
o 365 22.47
o 364 22.47
o 363 22.47
o 362 22.47
o 361 22.47
o 335 22.47
o 329 22.47
o 328 22.47
o 327 22.47
o 326 22.47
o 325 22.47
o 324 22.47
o 323 22.47
o 322 22.48
o 320 22.48
o 319 22.51
o 318 22.51
xai-mindset2-bupa
o 647 1.98
o 594 1.98
o 593 1.98
o 592 1.98
o 591 1.98
o 590 1.98
o 589 1.98
o 588 1.98
o 587 1.98
o 586 1.98
o 585 1.98
o 367 1.99
o 364 1.99
o 363 1.99
o 362 1.99
o 361 1.99
o 353 1.99
o 352 1.99
o 347 73.24
o 346 73.24
o 337 73.24
xai-mindset2-bupa
o 589 1.18
o 547 1.18
o 546 1.18
o 545 1.18
o 544 1.18
o 543 1.18
o 542 1.18
o 541 1.18
o 540 1.18
o 539 1.18
o 538 1.18
o 537 1.18
o 536 1.18
o 362 50.92
o 354 50.92
o 353 50.92
o 352 50.92
o 351 50.92
o 340 50.93
xai-mindset2-bupa
o 635 1.07
o 586 1.07
o 585 1.07
o 584 1.07
o 583 1.07
o 582 1.07
o 581 1.07
o 580 1.07
o 579 1.07
o 578 1.07
o 577 1.07
o 576 1.07
o 575 1.07
o 574 1.07
o 573 1.07
o 572 1.07
o 571 1.07
o 372 1.07
o 367 1.07
o 366 1.07
o 365 1.07
o 362 13
o 361 13
o 360 13
o 359 13
o 358 13
o 357 13
o 356 13
o 355 13
o 354 13
o 353 13
o 352 13
o 351 13
o 350 13
o 347 13
o 346 13
o 345 13
o 344 13
o 343 13
o 342 13
o 341 13
o 340 13
o 339 13.01
o 338 13.01
o 337 13.02
o 336 13.02
o 335 13.02
o 334 13.02
o 332 13.03
o 327 38.24
o 326 138.69
o 325 138.69
o 323 138.7
o 322 138.7
o 321 138.71
xai-mindset2-bupa
o 635 1.16
o 611 1.16
o 610 1.16
o 609 1.16
o 608 1.16
o 607 1.16
o 606 1.16
o 605 1.16
o 604 1.16
o 603 1.16
o 602 1.16
o 601 1.16
o 600 1.16
o 599 1.16
o 598 1.16
o 597 1.16
o 596 1.16
o 397 1.16
o 395 1.16
o 394 1.16
o 393 1.16
o 392 1.16
o 373 1.16
o 366 58.66
o 359 58.66
o 354 81.92
o 353 81.92
o 352 118.88
o 351 118.88
o 350 118.88
o 349 118.88
o 348 118.88
o 347 118.88
o 346 118.88
o 345 118.88
o 344 118.88
o 342 118.88
o 341 118.88
o 340 118.88
o 339 118.88
o 338 118.88
o 337 118.88
o 336 118.88
o 335 118.89
o 334 118.89
o 331 118.91
o 330 118.91
o 329 118.91
o 328 118.91
o 327 118.91
o 326 118.91
o 325 118.91
o 324 118.91
o 323 118.91
o 322 118.92
o 321 118.92
o 320 118.92
o 319 118.92
o 318 118.92
o 317 118.92
xai-mindset2-bupa
o 651 0.85
o 586 0.85
o 584 0.85
o 583 0.85
o 582 0.85
o 581 0.85
o 580 0.85
o 579 0.85
o 578 0.85
o 577 0.85
o 576 0.85
o 575 0.85
o 574 0.85
o 573 0.85
o 572 0.85
o 571 0.85
o 570 0.85
o 569 0.85
o 568 0.85
o 567 0.85
o 566 0.85
o 364 33.24
o 358 33.24
o 357 33.24
o 354 33.24
o 353 33.24
o 346 33.24
o 343 33.24
o 342 33.24
o 341 97.32
o 340 97.32
o 339 97.32
o 338 97.32
o 337 97.32
o 336 97.32
o 335 97.32
o 334 97.32
o 333 97.32
o 332 97.32
o 331 97.32
o 330 97.32
o 329 97.32
o 328 97.32
o 327 97.32
o 326 97.33
o 325 97.34
o 324 97.34
xai-mindset2-bupa
o 633 1.18
o 587 1.18
o 586 1.18
o 585 1.18
o 584 1.18
o 583 1.18
o 582 1.18
o 581 1.18
o 580 1.18
o 579 1.18
o 578 1.18
o 577 1.18
o 372 1.18
o 360 1.18
o 359 1.18
o 337 1.18
o 336 1.19
o 335 1.19
o 329 63.73
o 328 63.73
o 327 63.73
o 326 63.73
o 325 63.73
o 324 63.73
o 323 63.74
o 322 63.74
o 321 63.74
