xai-mindset2-heart-h
o 716 1.07
o 695 1.07
o 693 1.07
o 692 1.07
o 691 1.07
o 690 1.07
o 688 1.07
o 687 1.07
o 686 1.07
o 685 1.07
o 684 1.07
o 683 1.07
o 682 1.07
o 681 1.07
o 680 1.07
o 679 1.07
o 678 1.07
o 677 1.07
o 676 1.07
o 343 18.74
o 342 18.74
o 341 18.74
o 340 18.74
o 339 18.74
o 338 18.74
o 337 18.74
o 336 18.74
o 335 18.74
o 334 18.74
o 333 18.74
o 332 18.74
o 331 18.74
o 245 18.74
o 238 18.74
o 237 18.74
o 236 18.74
o 235 18.74
o 234 18.74
o 233 18.74
o 232 18.74
o 231 18.74
o 229 18.74
o 228 18.74
o 227 18.74
o 226 18.74
o 225 18.74
o 224 18.75
o 223 71.89
o 222 71.89
o 221 71.89
o 220 71.9
o 219 71.92
xai-mindset2-heart-h
o 507 0.86
o 455 0.86
o 299 16.95
o 298 16.96
o 297 16.96
o 296 16.96
o 295 16.96
o 294 16.96
o 293 16.96
o 292 16.96
o 291 16.96
o 289 16.96
o 288 16.96
o 287 16.96
o 285 16.96
o 284 16.96
o 283 16.96
o 282 16.96
o 281 16.96
o 279 16.96
o 278 16.96
o 277 16.96
o 276 16.96
o 275 16.96
o 274 16.96
o 273 16.96
o 272 16.96
o 271 16.96
o 270 16.96
o 269 16.96
o 268 16.96
o 267 16.96
o 266 16.96
o 262 16.96
o 261 16.96
o 260 16.96
o 259 16.96
o 258 16.96
o 257 16.96
o 256 16.96
o 255 16.96
o 254 16.96
o 253 16.96
o 252 16.96
o 249 16.96
o 244 16.96
o 243 16.96
o 242 16.96
o 241 67.32
o 240 67.32
o 239 67.32
o 238 67.32
o 237 67.32
o 236 67.32
o 235 67.32
o 234 67.32
o 233 67.32
o 232 67.32
o 231 67.32
o 230 67.33
o 229 67.33
o 228 67.33
o 227 67.34
o 226 67.34
o 225 67.34
o 224 67.34
o 223 67.34
xai-mindset2-heart-h
o 517 0.8
o 274 17.68
o 273 17.68
o 272 17.68
o 238 17.68
o 233 17.68
o 232 17.68
o 231 17.68
o 230 17.68
o 228 17.69
o 227 206.57
o 226 206.57
xai-mindset2-heart-h
o 535 0.91
o 480 0.91
o 479 0.91
o 478 0.91
o 477 0.91
o 476 0.91
o 475 0.91
o 474 0.91
o 473 0.91
o 472 0.91
o 471 0.91
o 470 0.91
o 469 0.91
o 468 0.91
o 467 0.91
o 466 0.91
o 270 14.72
o 269 14.72
o 268 14.72
o 267 14.72
o 266 14.72
o 265 14.72
o 264 14.72
o 263 14.72
o 262 14.72
o 261 14.72
o 259 14.72
o 258 14.72
o 255 14.72
o 253 14.72
o 251 14.72
o 250 14.72
o 249 14.72
o 233 14.72
o 231 14.72
o 230 14.72
o 229 14.73
o 228 14.73
o 227 26.09
o 226 26.09
o 225 26.09
o 224 26.09
o 223 26.09
o 221 26.1
o 220 26.1
o 219 26.1
o 218 26.1
o 217 26.1
o 216 26.1
o 215 26.1
o 214 26.1
o 213 26.11
o 212 26.11
o 211 26.12
o 210 294.99
o 209 294.99
o 208 295.03
o 207 295.03
o 206 295.04
o 205 295.04
o 204 295.04
o 203 295.06
o 202 295.06
o 201 295.07
xai-mindset2-heart-h
o 707 0.91
o 633 0.91
o 632 0.91
o 631 0.91
o 630 0.91
o 629 0.91
o 628 0.91
o 627 0.91
o 626 0.91
o 625 0.91
o 624 0.91
o 623 0.91
o 622 0.91
o 621 0.91
o 620 0.91
o 619 0.91
o 618 0.91
o 617 0.91
o 616 0.91
o 615 0.91
o 382 49.7
o 381 49.7
o 380 49.7
o 379 49.7
o 378 49.7
o 377 49.7
o 376 49.7
o 258 49.7
o 256 49.7
o 253 49.7
o 252 49.7
o 251 49.7
o 250 49.71
o 249 49.71
o 248 49.71
o 247 49.71
o 246 49.71
o 245 49.71
o 244 49.71
o 243 107.22
o 242 107.22
o 241 107.22
o 240 107.22
o 239 107.22
o 237 107.22
o 236 107.23
o 235 107.23
o 234 107.23
o 233 107.23
o 232 107.24
o 231 131.12
o 230 131.12
o 229 131.12
o 228 131.12
o 227 131.12
o 226 131.12
o 225 131.12
o 224 131.12
o 223 131.12
o 222 131.12
o 221 131.12
o 220 131.12
o 219 131.12
o 218 131.13
o 217 131.13
o 216 131.13
o 215 131.13
o 214 131.14
xai-mindset2-heart-h
o 587 0.96
o 553 0.96
o 552 0.96
o 551 0.96
o 550 0.96
o 549 0.96
o 548 0.96
o 547 0.96
o 546 0.96
o 545 0.96
o 544 0.96
o 543 0.96
o 542 0.96
o 541 0.96
o 540 0.96
o 539 0.96
o 538 0.96
o 537 0.96
o 536 0.96
o 535 0.96
o 534 0.96
o 533 0.96
o 279 0.96
o 269 0.96
o 268 0.96
o 267 0.96
o 266 0.96
o 265 53.17
o 264 53.17
o 263 53.17
o 262 53.17
o 261 53.17
o 260 53.17
o 259 53.17
o 258 104.91
o 257 104.91
o 256 104.92
o 255 104.92
o 254 104.92
o 253 104.92
o 252 104.92
o 251 104.92
o 250 104.92
o 249 104.92
o 248 104.92
o 247 104.92
o 246 104.92
o 245 104.92
o 244 104.92
o 243 104.92
o 242 104.92
o 241 104.92
o 240 104.92
o 239 104.92
o 238 104.92
o 237 104.92
o 236 104.92
o 235 104.92
o 234 104.92
o 233 104.92
xai-mindset2-heart-h
o 570 0.88
o 539 0.88
o 538 0.88
o 537 0.88
o 536 0.88
o 535 0.88
o 534 0.88
o 533 0.88
o 532 0.88
o 531 0.88
o 530 0.88
o 529 0.88
o 528 0.88
o 527 0.88
o 526 0.88
o 525 0.88
o 524 0.88
o 523 0.88
o 522 0.88
o 521 0.88
o 520 0.88
o 519 0.88
o 256 0.89
o 248 0.89
o 247 0.89
o 246 0.89
o 245 0.89
o 242 15.51
o 241 15.51
o 240 15.51
o 239 15.51
o 238 15.51
o 237 15.51
o 236 15.51
o 235 15.51
o 234 15.51
o 233 15.51
o 232 15.51
o 231 15.51
o 222 15.51
o 218 15.51
o 217 15.51
o 215 15.52
o 214 15.52
o 213 15.52
xai-mindset2-heart-h
o 732 1.09
o 724 1.09
o 723 1.09
o 722 1.09
o 721 1.09
o 720 1.09
o 719 1.09
o 718 1.09
o 717 1.09
o 716 1.09
o 715 1.09
o 714 1.09
o 713 1.09
o 712 1.09
o 382 15.37
o 381 15.37
o 380 15.37
o 379 15.37
o 378 15.37
o 377 15.37
o 376 15.37
o 375 15.37
o 374 15.37
o 373 15.37
o 303 15.37
o 281 15.37
o 280 15.37
o 279 15.37
o 278 15.37
o 274 15.37
o 273 15.37
o 272 15.37
o 271 15.37
o 270 15.37
o 269 15.38
o 267 15.38
o 266 15.38
o 261 15.39
o 260 15.39
o 259 15.39
o 258 15.39
o 257 15.39
o 256 15.39
o 255 15.42
o 254 15.43
o 253 15.44
o 252 15.44
o 251 196.17
o 250 196.17
o 249 196.17
o 248 196.18
o 247 196.18
o 246 196.18
o 245 196.18
o 244 196.18
o 243 196.18
o 242 196.18
o 241 196.18
o 240 196.18
o 239 196.18
o 238 196.19
o 237 196.19
o 236 196.19
o 235 196.19
o 234 196.19
o 233 196.19
o 232 196.19
o 231 196.19
o 230 196.19
o 229 196.19
o 228 196.19
o 227 196.19
o 226 196.19
o 225 196.19
o 224 196.19
o 223 196.2
o 222 196.2
o 221 196.2
o 220 196.2
o 219 196.2
o 218 196.2
xai-mindset2-heart-h
o 639 0.85
o 326 20.71
o 325 20.71
o 324 20.71
o 323 20.71
o 322 20.71
o 321 20.71
o 277 20.71
o 268 20.71
o 267 20.71
o 264 20.71
o 263 20.71
o 262 20.71
o 260 20.72
o 259 20.75
o 240 48.81
o 235 48.81
o 234 48.81
o 233 48.81
o 232 48.81
o 231 48.81
o 230 48.81
o 229 48.81
o 228 48.81
o 227 48.81
o 226 48.82
o 225 48.82
o 224 48.82
o 223 48.82
o 222 48.82
o 221 48.82
o 220 91.35
o 219 91.35
o 218 91.35
o 217 91.35
o 216 91.35
o 215 91.35
o 214 91.36
o 213 176.99
o 209 177.01
o 208 177.01
o 207 177.01
o 206 177.01
o 205 177.01
o 204 177.01
xai-mindset2-heart-h
o 641 0.95
o 589 0.95
o 588 0.95
o 587 0.95
o 586 0.95
o 585 0.95
o 584 0.95
o 583 0.95
o 582 0.95
o 581 0.95
o 580 0.95
o 579 0.95
o 578 0.95
o 577 0.95
o 576 0.95
o 575 0.95
o 574 0.95
o 573 0.95
o 572 0.95
o 571 0.95
o 570 0.95
o 569 0.95
o 568 0.95
o 567 0.95
o 566 0.95
o 565 0.95
o 249 0.95
o 237 0.95
