xai-mindset2-cleve
o 417 0.82
o 370 0.82
o 369 0.82
o 368 0.82
o 367 0.82
o 366 0.82
o 365 0.82
o 364 0.82
o 363 0.82
o 362 0.82
o 361 0.82
o 360 0.82
o 359 0.82
o 358 0.82
o 272 0.82
o 263 56.56
o 262 56.56
o 261 56.56
o 252 56.56
o 250 56.56
o 249 56.56
o 247 56.57
o 246 56.57
o 245 56.58
o 244 56.6
o 243 56.6
o 242 263.43
o 241 263.43
o 240 263.43
o 239 263.43
xai-mindset2-cleve
o 419 0.8
o 370 0.8
o 369 0.8
o 368 0.8
o 367 0.8
o 366 0.8
o 365 0.8
o 364 0.8
o 363 0.8
o 362 0.8
o 361 0.8
o 360 0.8
o 359 0.8
o 358 0.8
o 357 0.8
o 356 0.8
o 282 0.8
o 280 15.87
o 278 15.88
o 276 15.88
o 275 15.88
o 274 15.88
o 273 15.88
o 270 15.89
o 264 26.24
o 263 26.24
o 262 26.24
o 261 26.24
o 260 26.24
o 259 26.25
o 258 26.25
o 257 26.25
o 256 51.72
o 255 51.72
o 254 117.86
o 253 156.15
o 252 208.91
o 251 208.91
o 250 208.91
o 249 208.91
o 248 208.91
o 247 208.91
o 246 208.91
o 245 208.91
o 244 208.91
o 243 208.91
o 242 208.91
o 241 208.92
xai-mindset2-cleve
o 475 0.82
o 441 0.82
o 440 0.82
o 439 0.82
o 438 0.82
o 270 18.01
o 269 18.01
o 267 18.01
o 266 18.01
o 265 18.01
o 264 18.01
o 263 18.01
o 262 18.01
o 261 18.01
o 260 18.01
o 259 18.01
o 258 18.01
o 257 18.02
o 256 18.02
o 255 18.02
o 254 44.27
o 253 44.27
o 252 44.27
o 251 44.27
o 249 110.75
xai-mindset2-cleve
o 411 0.69
o 366 0.69
o 365 0.69
o 364 0.69
o 363 0.69
o 362 0.69
o 361 0.69
o 360 0.69
o 359 0.69
o 358 0.69
o 357 0.69
o 276 0.69
o 262 54.24
o 261 54.24
o 260 54.24
o 259 54.24
o 258 54.24
o 257 93.32
o 256 93.32
o 255 93.32
o 254 93.32
o 253 93.32
o 252 93.32
o 250 93.32
o 249 93.33
o 248 93.34
o 244 145.48
o 243 145.48
o 241 145.48
o 240 145.48
o 239 145.48
o 238 145.48
o 237 145.48
o 236 145.48
xai-mindset2-cleve
o 444 0.81
o 419 0.81
o 418 0.81
o 417 0.81
o 416 0.81
o 415 0.81
o 414 0.81
o 413 0.81
o 412 0.81
o 264 15.02
o 263 15.02
o 262 15.02
o 261 15.02
o 260 15.02
o 259 15.02
o 257 15.04
o 256 15.04
o 252 216.69
o 251 216.69
o 250 216.69
o 249 216.69
o 245 216.69
o 244 216.69
o 242 216.69
o 241 216.69
o 240 216.69
o 239 216.69
o 238 216.69
o 237 216.69
o 236 216.69
o 235 216.69
xai-mindset2-cleve
o 401 0.73
o 351 0.73
o 350 0.73
o 349 0.73
o 348 0.73
o 347 0.73
o 346 0.74
o 345 0.74
o 344 0.74
o 343 0.74
o 342 0.74
o 341 0.74
o 340 0.74
o 339 0.74
o 269 13.88
o 267 13.88
o 266 13.89
o 265 13.9
o 264 29.91
o 263 29.91
o 262 29.91
o 261 29.91
o 256 29.91
o 255 29.91
o 253 29.91
o 251 29.91
o 249 87.06
o 248 87.06
o 247 87.06
o 245 87.06
o 244 87.07
o 243 87.07
o 242 87.08
o 241 177.63
o 240 177.63
xai-mindset2-cleve
o 423 0.69
o 360 0.69
o 359 0.69
o 358 0.69
o 357 0.69
o 356 0.69
o 355 0.69
o 354 0.69
o 353 0.69
o 352 0.69
o 351 0.69
o 350 0.69
o 277 33.35
o 276 33.35
o 275 33.35
o 274 33.35
o 273 33.37
o 271 33.37
o 268 33.37
o 266 46.6
o 265 46.6
o 264 46.6
o 263 46.6
o 262 46.6
o 261 46.6
o 260 46.6
o 259 46.6
o 258 46.6
o 257 46.6
o 256 46.6
o 255 46.6
o 254 46.62
o 253 46.62
o 252 61.48
o 251 61.48
o 250 61.48
o 249 61.48
o 248 61.48
o 247 61.48
o 246 61.48
o 245 61.48
o 244 265.64
xai-mindset2-cleve
o 446 0.85
o 398 0.85
o 397 0.85
o 396 0.85
o 395 0.85
o 394 0.85
o 393 0.85
o 392 0.85
o 391 0.85
o 390 0.85
o 389 0.85
o 280 0.85
o 275 0.85
o 274 0.85
o 272 0.85
o 271 0.85
o 270 0.86
o 269 87.32
o 268 87.32
o 267 87.32
o 266 97.94
o 264 97.94
o 263 97.94
o 262 97.94
o 261 97.94
o 260 97.94
o 259 97.94
o 258 97.94
o 257 97.94
o 256 97.95
o 255 271.34
o 250 271.34
o 249 271.34
xai-mindset2-cleve
o 452 0.77
o 412 0.77
o 411 0.77
o 410 0.77
o 409 0.77
o 271 16.78
o 270 16.78
o 268 16.78
o 267 16.78
o 266 16.78
o 265 16.78
o 264 16.79
o 263 16.79
o 262 16.79
o 261 95.93
o 259 95.93
o 258 95.93
o 257 95.93
o 256 95.93
xai-mindset2-cleve
o 430 0.72
o 380 0.73
o 379 0.73
o 378 0.73
o 377 0.73
o 376 0.73
o 375 0.73
o 374 0.73
o 373 0.73
o 372 0.73
o 371 0.73
o 370 0.73
o 369 0.73
o 368 0.73
o 367 0.73
o 366 0.73
o 365 0.73
o 364 0.73
o 284 16.6
o 283 16.6
o 282 16.6
o 281 16.6
o 280 16.6
o 278 16.6
o 277 16.6
o 276 16.6
o 272 16.6
o 270 16.6
o 267 16.61
o 266 16.61
o 265 16.62
o 264 16.63
o 263 16.63
o 262 103.67
o 261 148.42
o 260 148.42
o 259 148.42
o 258 148.42
o 257 148.42
o 256 166.78
o 254 283.65
o 251 283.65
o 250 283.65
o 247 283.65
o 246 283.66
o 245 283.66
