inconsistency-measurement-im-forgetting-T-2-stb_339_81.tgf.pl
o 87 0
o 86 0.01
o 85 0.01
o 84 0.01
o 83 0.01
o 79 4.9
o 78 4.9
o 77 4.9
o 76 234.98
inconsistency-measurement-im-forgetting-T-2-stb_339_81.tgf.pl
o 87 0.01
o 85 0.02
o 84 2.83
o 83 2.83
o 82 2.83
o 81 7.66
o 80 21.59
o 79 54.2
o 78 70.71
o 77 281.45
o 76 281.45
o 75 285.61
inconsistency-measurement-im-forgetting-T-2-stb_339_81.tgf.pl
o 87 0.01
o 86 0.74
o 85 0.74
o 84 3.61
o 83 3.61
o 82 3.62
o 81 3.62
o 80 4.37
o 79 4.37
o 78 4.37
o 77 93.03
o 74 287.09
o 72 287.09
inconsistency-measurement-im-forgetting-T-2-stb_339_81.tgf.pl
o 87 0.02
o 86 0.02
o 85 2.56
o 84 9.69
o 83 12.07
o 82 12.07
o 81 12.07
o 80 12.07
o 79 12.07
o 78 12.07
o 77 12.07
inconsistency-measurement-im-forgetting-T-2-stb_339_81.tgf.pl
o 87 0
o 86 0.86
o 85 1.35
o 84 1.49
o 83 1.49
o 82 1.49
o 81 1.49
o 80 11.85
o 79 27.22
o 78 27.22
o 77 53.77
inconsistency-measurement-im-forgetting-T-2-stb_339_81.tgf.pl
o 87 0.01
o 86 0.64
o 85 0.64
o 84 3.36
o 83 3.78
o 82 3.78
o 81 8.84
o 80 8.84
o 79 33.64
o 78 33.64
o 77 33.64
o 76 33.64
o 75 221.38
inconsistency-measurement-im-forgetting-T-2-stb_339_81.tgf.pl
o 87 0.01
o 86 1.63
o 85 1.63
o 84 4.35
o 82 4.35
o 81 6.9
o 80 6.9
o 79 6.9
o 77 11.81
o 76 73.08
o 75 166.23
inconsistency-measurement-im-forgetting-T-2-stb_339_81.tgf.pl
o 87 0.02
o 82 0.53
o 81 0.53
o 80 4.42
o 79 27.37
o 78 27.37
o 77 96.82
o 76 229.02
o 75 229.02
o 74 229.02
inconsistency-measurement-im-forgetting-T-2-stb_339_81.tgf.pl
o 87 0.01
o 80 0.01
o 79 0.01
o 77 30.98
inconsistency-measurement-im-forgetting-T-2-stb_339_81.tgf.pl
o 87 0.01
o 85 0.01
o 84 1.1
o 83 3.93
o 82 6.11
o 81 6.11
o 80 10.48
o 78 36.85
o 77 251.49
o 76 251.49
