optimizing-BDDs-anneal-un-wcnf_incomplete_improved_1_2019_5
o 313 219.9
o 152 222.66
optimizing-BDDs-anneal-un-wcnf_incomplete_improved_1_2019_5
o 297 0.24
optimizing-BDDs-anneal-un-wcnf_incomplete_improved_1_2019_5
optimizing-BDDs-anneal-un-wcnf_incomplete_improved_1_2019_5
o 423 239.16
o 205 239.16
o 152 239.16
optimizing-BDDs-anneal-un-wcnf_incomplete_improved_1_2019_5
optimizing-BDDs-anneal-un-wcnf_incomplete_improved_1_2019_5
o 208 260.01
optimizing-BDDs-anneal-un-wcnf_incomplete_improved_1_2019_5
optimizing-BDDs-anneal-un-wcnf_incomplete_improved_1_2019_5
o 309 107.83
o 173 107.83
optimizing-BDDs-anneal-un-wcnf_incomplete_improved_1_2019_5
optimizing-BDDs-anneal-un-wcnf_incomplete_improved_1_2019_5
o 257 260.87
