setcover-sts-data.135
o 111 0
o 108 0
o 107 0
o 106 0
o 105 0.01
o 104 0.05
o 103 12.79
setcover-sts-data.135
o 111 0
o 109 0
o 108 0
o 107 0
o 106 0
o 105 0
o 104 0.05
o 103 3.84
setcover-sts-data.135
o 111 0
o 108 0
o 107 0
o 106 0
o 105 0.01
o 104 0.07
o 103 0.75
setcover-sts-data.135
o 111 0
o 108 0
o 107 0
o 106 0
o 105 0
o 104 0.01
o 103 4.38
setcover-sts-data.135
o 111 0
o 109 0
o 108 0
o 107 0
o 106 0
o 105 0.02
o 104 0.03
o 103 1.7
setcover-sts-data.135
o 111 0
o 108 0
o 107 0
o 106 0.01
o 105 0.02
o 104 0.03
o 103 15.53
setcover-sts-data.135
o 111 0
o 108 0
o 107 0
o 106 0
o 105 0
o 104 0.02
o 103 5.17
setcover-sts-data.135
o 111 0
o 109 0
o 108 0
o 107 0
o 106 0
o 105 0.01
o 104 0.03
o 103 5.96
setcover-sts-data.135
o 111 0
o 108 0
o 107 0
o 106 0
o 105 0
o 104 0.03
o 103 0.42
setcover-sts-data.135
o 111 0
o 109 0
o 108 0
o 107 0
o 106 0
o 105 0.01
o 104 0.04
o 103 3.59
