decision-tree-lymph-un-formula_0.8_2021_atleast_31_max-4_reduced_incomplete_tree
o 38 0.28
o 34 0.36
o 30 0.5
o 28 0.71
o 27 0.9
o 26 4.35
o 22 5.34
o 21 52.3
o 19 190.69
decision-tree-lymph-un-formula_0.8_2021_atleast_31_max-4_reduced_incomplete_tree
o 32 0.29
o 27 0.31
o 25 3.63
o 24 13.03
o 23 14.82
o 22 46.05
o 20 241.13
decision-tree-lymph-un-formula_0.8_2021_atleast_31_max-4_reduced_incomplete_tree
o 27 0.29
o 25 0.6
o 24 5.28
o 23 5.3
o 22 38.48
o 20 62.23
o 18 62.28
decision-tree-lymph-un-formula_0.8_2021_atleast_31_max-4_reduced_incomplete_tree
o 41 0.28
o 38 0.3
o 28 0.3
o 27 0.69
o 26 0.91
o 24 2.13
o 21 5.43
decision-tree-lymph-un-formula_0.8_2021_atleast_31_max-4_reduced_incomplete_tree
o 32 0.28
o 28 0.29
o 27 0.82
o 26 1.86
o 23 2.44
o 22 39.75
o 21 62.77
o 20 115.7
decision-tree-lymph-un-formula_0.8_2021_atleast_31_max-4_reduced_incomplete_tree
o 44 0.31
o 37 0.32
o 34 0.42
o 28 0.47
o 27 0.49
o 23 0.65
o 22 6.42
decision-tree-lymph-un-formula_0.8_2021_atleast_31_max-4_reduced_incomplete_tree
o 28 0.28
o 27 0.85
o 26 1.94
o 23 5.71
o 22 35.16
o 21 56.49
o 20 178.85
decision-tree-lymph-un-formula_0.8_2021_atleast_31_max-4_reduced_incomplete_tree
o 38 0.29
o 28 0.3
o 27 0.55
o 23 1.11
o 22 20.68
o 21 26.4
decision-tree-lymph-un-formula_0.8_2021_atleast_31_max-4_reduced_incomplete_tree
o 52 0.32
o 28 0.35
o 27 0.91
o 26 2.55
o 25 4.57
o 23 5.38
o 21 5.71
o 20 34.27
decision-tree-lymph-un-formula_0.8_2021_atleast_31_max-4_reduced_incomplete_tree
o 27 0.26
o 24 3.41
o 22 29.93
o 21 115.35
o 20 236.29
