decision-tree-car-un-formula_0.8_2021_atleast_31_max-4_reduced_incomplete_tree
o 474 1.1
o 392 1.26
o 242 2.81
o 193 4.13
o 152 228.95
decision-tree-car-un-formula_0.8_2021_atleast_31_max-4_reduced_incomplete_tree
o 501 1.15
o 482 1.24
o 452 1.35
o 392 1.59
o 356 4.91
o 302 5.14
o 242 8.68
o 193 9.58
o 153 85.9
o 152 142.61
decision-tree-car-un-formula_0.8_2021_atleast_31_max-4_reduced_incomplete_tree
o 392 0.73
o 242 0.88
o 193 7.17
o 153 163.75
o 152 209.85
decision-tree-car-un-formula_0.8_2021_atleast_31_max-4_reduced_incomplete_tree
o 501 1.04
o 392 1.37
o 193 1.97
o 152 19.49
decision-tree-car-un-formula_0.8_2021_atleast_31_max-4_reduced_incomplete_tree
o 506 0.8
o 452 1.14
o 392 1.61
o 305 2.49
o 302 3.06
o 242 4.24
o 193 4.28
o 171 77.49
o 153 82.06
o 152 226.68
decision-tree-car-un-formula_0.8_2021_atleast_31_max-4_reduced_incomplete_tree
o 501 0.99
o 468 2.71
o 392 2.72
o 385 3.13
o 322 3.97
o 242 4.08
o 193 4.12
o 153 62.16
o 152 197.35
decision-tree-car-un-formula_0.8_2021_atleast_31_max-4_reduced_incomplete_tree
o 392 1.44
o 242 1.49
o 193 3.18
o 153 87.02
o 152 155.98
decision-tree-car-un-formula_0.8_2021_atleast_31_max-4_reduced_incomplete_tree
o 474 0.95
o 392 1.37
o 193 3.82
o 152 71.52
decision-tree-car-un-formula_0.8_2021_atleast_31_max-4_reduced_incomplete_tree
o 392 0.88
o 389 2.07
o 242 2.49
o 193 6.68
o 153 207.92
decision-tree-car-un-formula_0.8_2021_atleast_31_max-4_reduced_incomplete_tree
o 474 1.13
o 452 1.39
o 414 2.44
o 387 2.76
o 242 2.94
o 193 4.04
o 157 40.23
o 152 41.59
