inconsistency-measurement-im-hit-A-2-grd_1948_5_1.tgf.pl
o 377 0.07
o 376 0.09
o 375 0.1
o 374 0.1
o 373 0.1
o 371 0.1
o 369 0.11
o 368 0.12
o 367 0.12
o 366 0.13
o 365 0.25
o 364 0.32
o 363 0.5
o 362 0.56
o 361 0.56
o 360 1.68
o 359 2.74
o 358 2.77
o 357 19.69
o 356 19.69
o 355 132.1
inconsistency-measurement-im-hit-A-2-grd_1948_5_1.tgf.pl
o 373 0.07
o 372 0.08
o 371 0.08
o 370 0.11
o 369 0.11
o 368 0.12
o 367 0.16
o 366 0.16
o 365 0.16
o 364 0.26
o 363 0.26
o 362 0.26
o 361 0.28
o 360 1.7
o 359 1.7
o 358 3.83
o 357 18.42
o 356 213.64
inconsistency-measurement-im-hit-A-2-grd_1948_5_1.tgf.pl
o 374 0.07
o 373 0.09
o 372 0.09
o 371 0.1
o 370 0.1
o 369 0.12
o 368 0.12
o 367 0.12
o 366 0.13
o 365 0.13
o 364 0.14
o 363 0.34
o 362 0.34
o 361 0.35
o 360 0.36
o 359 0.36
o 358 3.48
o 357 15.42
o 356 15.42
inconsistency-measurement-im-hit-A-2-grd_1948_5_1.tgf.pl
o 372 0.07
o 371 0.1
o 370 0.1
o 369 0.1
o 368 0.13
o 367 0.13
o 366 0.21
o 365 0.21
o 364 0.21
o 363 0.21
o 362 0.36
o 361 0.47
o 360 0.48
o 359 2.38
o 358 4.79
o 356 26.06
o 355 120.29
o 354 120.3
inconsistency-measurement-im-hit-A-2-grd_1948_5_1.tgf.pl
o 373 0.13
o 372 0.24
o 371 0.25
o 370 0.25
o 369 0.25
o 368 0.29
o 367 0.29
o 366 0.42
o 365 0.49
o 364 0.49
o 363 0.8
o 362 0.8
o 361 0.8
o 360 0.81
o 359 9.07
o 358 34.37
o 357 34.37
o 356 182.64
o 355 280.02
inconsistency-measurement-im-hit-A-2-grd_1948_5_1.tgf.pl
o 373 0.09
o 372 0.15
o 371 0.15
o 370 0.15
o 369 0.18
o 368 0.19
o 367 0.24
o 366 0.24
o 365 0.24
o 364 0.8
o 363 0.8
o 362 0.82
o 361 0.97
o 360 1.04
o 359 1.04
o 358 2.82
o 357 2.82
o 356 11.97
inconsistency-measurement-im-hit-A-2-grd_1948_5_1.tgf.pl
o 374 0.08
o 372 0.08
o 371 0.13
o 370 0.14
o 369 0.14
o 368 0.14
o 367 0.14
o 366 0.15
o 365 0.15
o 364 0.23
o 363 0.23
o 362 0.24
o 361 1.46
o 360 1.46
o 359 3.43
o 358 11.07
o 357 19.32
o 356 168.75
o 355 170.08
inconsistency-measurement-im-hit-A-2-grd_1948_5_1.tgf.pl
o 371 0.08
o 369 0.12
o 367 0.12
o 366 0.12
o 365 0.14
o 364 0.25
o 363 0.3
o 361 0.3
o 360 0.88
o 359 0.88
o 358 1.98
o 356 1.98
o 355 217.07
inconsistency-measurement-im-hit-A-2-grd_1948_5_1.tgf.pl
o 372 0.07
o 371 0.11
o 370 0.11
o 369 0.13
o 368 0.14
o 367 0.15
o 366 0.15
o 365 0.19
o 364 0.23
o 363 0.54
o 362 0.57
o 361 1.1
o 360 1.49
o 359 1.75
o 358 2.61
o 357 2.61
o 356 6.7
o 355 221.66
inconsistency-measurement-im-hit-A-2-grd_1948_5_1.tgf.pl
o 374 0.07
o 370 0.07
o 369 0.07
o 368 0.08
o 367 0.08
o 366 0.08
o 365 0.22
o 363 0.23
o 362 0.4
o 361 0.55
o 360 0.55
o 359 2.18
o 358 3.24
o 357 3.24
o 356 134.11
o 355 289.94
o 354 289.94
