MaxSATQueriesinInterpretableClassifiers-twitter_train_2_CNF_4_1
o 2650 11.41
o 2649 11.41
o 2648 11.41
o 2647 11.41
o 2646 11.41
o 2645 11.41
o 2644 11.41
o 2643 11.41
o 2642 11.41
o 2641 11.41
o 2640 11.41
o 2639 11.41
o 2638 11.41
o 2637 11.41
o 2636 11.41
o 2635 11.41
o 2634 11.41
o 2633 11.41
o 2632 11.41
o 2631 11.41
o 2630 11.42
o 2629 11.42
o 2628 11.42
o 2627 11.43
o 2626 11.43
o 2625 11.43
o 2624 11.43
o 2623 11.43
o 2622 11.43
o 2621 11.43
o 2620 11.43
o 2619 11.43
o 2618 11.43
o 2617 11.43
o 2616 11.43
o 2615 11.43
o 2614 11.43
o 2613 11.43
o 2612 11.43
o 2611 11.43
o 2610 11.43
o 2609 11.43
o 2608 11.43
o 2607 11.43
o 2606 11.43
o 1821 11.49
o 1820 11.52
o 1819 11.52
o 1818 11.52
o 1816 11.52
o 1790 11.52
o 1789 11.52
o 1788 11.52
o 1786 11.53
o 1785 11.53
o 1784 11.58
o 1783 11.59
o 1782 11.59
o 1781 11.59
o 1780 11.59
o 1779 11.6
o 1778 11.6
o 1777 11.6
o 1776 11.62
o 1775 11.62
o 1774 11.62
o 1773 11.64
o 1767 11.64
o 1766 11.64
o 1765 11.64
o 1764 11.64
o 1763 50.92
o 1762 50.92
o 1761 50.92
o 1760 50.92
o 1759 50.93
o 1758 50.93
o 1757 50.93
o 1756 50.93
o 1755 50.93
o 1753 50.93
o 1752 50.93
o 1751 50.93
o 1750 50.93
o 1749 50.93
o 1748 50.93
o 1747 50.93
o 1746 50.94
o 1745 50.94
o 1744 50.94
o 1743 50.95
o 1742 50.95
o 1741 50.96
o 1740 54.79
o 1739 54.79
o 1738 54.79
o 1737 54.79
o 1736 54.8
o 1735 54.8
o 1734 54.8
o 1733 54.8
o 1732 54.8
o 1731 54.81
o 1730 54.81
o 1729 54.83
o 1728 54.83
o 1727 54.83
o 1726 54.83
o 1725 54.83
o 1724 54.83
o 1723 54.83
o 1722 54.83
o 1721 54.84
o 1720 54.84
o 1719 54.84
o 1718 54.85
o 1717 54.85
o 1716 54.87
o 1715 54.88
o 1714 54.88
o 1713 54.88
o 1712 54.89
o 1711 54.89
o 1710 102.23
o 1709 102.23
o 1708 102.24
o 1707 102.25
o 1706 102.25
o 1705 180.4
o 1704 180.4
o 1703 180.4
o 1702 271.34
o 1701 271.34
o 1700 271.34
o 1699 271.34
o 1698 271.34
o 1697 271.34
o 1696 271.34
o 1695 271.34
o 1694 271.35
o 1693 290.45
o 1692 290.45
o 1691 290.45
o 1690 290.45
o 1689 290.46
o 1688 290.46
o 1687 290.46
o 1686 290.51
o 1685 290.51
o 1684 290.51
o 1683 290.58
o 1682 290.62
o 1681 290.7
MaxSATQueriesinInterpretableClassifiers-twitter_train_2_CNF_4_1
o 2667 9.52
o 2666 9.52
o 2665 9.52
o 2664 9.52
o 2663 9.52
o 2662 9.52
o 2661 9.52
o 2660 9.52
o 2659 9.52
o 2658 9.52
o 2657 9.52
o 2656 9.52
o 2655 9.52
o 2654 9.52
o 2653 9.52
o 2652 9.53
o 2651 9.53
o 2650 9.53
o 2649 9.53
o 2648 9.53
o 2647 9.53
o 2646 9.53
o 2645 9.53
o 2644 9.53
o 2643 9.53
o 2642 9.53
o 2641 9.53
o 2640 9.53
o 2639 9.53
o 2638 9.53
o 2637 9.53
o 2636 9.53
o 2635 9.53
o 2634 9.53
o 2633 9.53
o 2632 9.53
o 2631 9.53
o 2630 9.53
o 2629 9.53
o 2628 9.53
o 2627 9.53
o 2626 9.53
o 2625 9.53
o 2624 9.53
o 2623 9.53
o 1770 9.56
o 1769 9.58
o 1768 9.58
o 1767 9.6
o 1766 9.6
o 1765 9.6
o 1764 9.6
o 1763 9.6
o 1762 9.6
o 1760 9.6
o 1759 9.61
o 1758 9.61
o 1757 9.61
o 1756 9.61
o 1754 9.61
o 1744 9.61
o 1743 9.61
o 1742 9.62
o 1741 9.63
o 1739 9.63
o 1738 9.63
o 1737 9.66
o 1736 9.66
o 1735 9.66
o 1734 9.66
o 1733 9.81
o 1732 9.81
o 1731 9.83
o 1725 9.83
o 1724 9.83
o 1723 47.78
o 1722 47.78
o 1721 47.78
o 1720 47.79
o 1719 47.8
o 1718 47.82
o 1717 47.82
o 1716 47.82
o 1715 47.82
o 1714 47.82
o 1713 166.46
o 1712 294.4
o 1711 294.41
o 1710 294.41
o 1709 294.41
o 1708 294.42
o 1707 294.42
MaxSATQueriesinInterpretableClassifiers-twitter_train_2_CNF_4_1
o 2673 9.43
o 2672 9.43
o 2671 9.43
o 2670 9.43
o 2669 9.43
o 2668 9.43
o 2667 9.43
o 2666 9.43
o 2665 9.43
o 2664 9.43
o 2663 9.43
o 2662 9.43
o 2661 9.44
o 2660 9.44
o 2659 9.44
o 2658 9.44
o 2657 9.44
o 2656 9.44
o 2655 9.44
o 2654 9.44
o 2653 9.44
o 2652 9.44
o 2651 9.44
o 2650 9.44
o 2649 9.44
o 2648 9.44
o 2647 9.44
o 2646 9.44
o 2645 9.44
o 2644 9.44
o 2643 9.44
o 2642 9.44
o 2641 9.44
o 2640 9.44
o 2639 9.44
o 2638 9.44
o 2637 9.45
o 2636 9.45
o 2635 9.45
o 2634 9.45
o 1886 9.47
o 1885 9.48
o 1884 9.48
o 1881 9.48
o 1880 9.48
o 1879 9.48
o 1871 9.49
o 1868 9.49
o 1867 9.49
o 1866 9.49
o 1865 9.49
o 1864 9.49
o 1862 9.49
o 1861 9.49
o 1860 9.49
o 1859 9.52
o 1858 9.52
o 1850 20.3
o 1849 20.3
o 1848 20.3
o 1847 20.3
o 1846 20.3
o 1845 20.3
o 1844 20.3
o 1843 20.3
o 1842 20.3
o 1841 20.3
o 1840 20.3
o 1839 20.3
o 1838 20.3
o 1837 20.3
o 1836 20.3
o 1832 20.3
o 1831 20.3
o 1830 20.3
o 1829 20.3
o 1828 20.3
o 1827 20.3
o 1826 20.3
o 1825 20.3
o 1824 20.3
o 1823 20.3
o 1822 20.3
o 1821 20.3
o 1820 20.3
o 1819 20.3
o 1818 20.3
o 1792 20.31
o 1791 20.31
o 1790 20.31
o 1789 20.31
o 1788 20.31
o 1787 20.32
o 1786 20.32
o 1785 20.32
o 1784 20.32
o 1783 20.32
o 1782 20.32
o 1781 20.32
o 1780 20.32
o 1779 20.33
o 1778 20.33
o 1777 20.33
o 1776 20.33
o 1775 20.33
o 1774 20.33
o 1773 20.33
o 1772 20.33
o 1771 20.33
o 1770 20.33
o 1769 20.34
o 1768 20.34
o 1767 20.34
o 1766 20.35
o 1765 20.35
o 1764 20.35
o 1763 20.35
o 1762 20.35
o 1761 20.35
o 1760 20.35
o 1759 20.36
o 1758 20.36
o 1757 20.36
o 1756 20.36
o 1754 20.36
o 1753 20.36
o 1752 20.36
o 1751 20.37
o 1750 20.37
o 1749 20.37
o 1748 20.37
o 1744 20.39
o 1743 20.39
o 1742 20.39
o 1741 20.4
o 1740 20.4
o 1739 20.4
o 1738 20.4
o 1737 20.4
o 1736 20.41
o 1734 20.41
o 1733 69.9
o 1732 77.55
o 1731 77.55
o 1730 77.57
o 1729 77.57
o 1728 77.58
o 1727 77.58
o 1726 77.58
o 1725 77.64
o 1724 77.65
o 1723 77.65
o 1722 77.65
o 1721 77.65
o 1720 77.65
o 1719 81.32
o 1718 81.32
o 1717 81.32
o 1716 81.32
o 1715 81.32
o 1714 81.32
o 1713 81.32
o 1712 81.32
o 1711 81.33
o 1710 81.33
o 1709 81.33
o 1708 81.33
o 1707 81.33
o 1706 81.34
o 1705 81.34
o 1704 81.34
o 1703 81.34
o 1702 81.34
o 1701 81.35
o 1700 81.35
o 1699 81.35
o 1698 81.35
o 1697 81.35
o 1696 81.35
o 1695 81.35
o 1694 81.36
o 1693 81.36
o 1692 81.36
o 1691 81.36
o 1690 81.37
o 1689 81.37
MaxSATQueriesinInterpretableClassifiers-twitter_train_2_CNF_4_1
o 2735 9.04
o 2734 9.04
o 2733 9.04
o 2732 9.04
o 2731 9.04
o 2730 9.04
o 2729 9.05
o 2728 9.05
o 2727 9.05
o 2726 9.05
o 2725 9.05
o 2724 9.05
o 2723 9.05
o 2722 9.05
o 2721 9.05
o 2720 9.05
o 2719 9.05
o 2718 9.05
o 2717 9.05
o 2716 9.05
o 2715 9.05
o 2714 9.05
o 2713 9.05
o 2712 9.05
o 2711 9.05
o 2710 9.05
o 2709 9.05
o 2708 9.05
o 2707 9.05
o 2706 9.05
o 2705 9.05
o 2704 9.05
o 2703 9.05
o 2702 9.05
o 2701 9.05
o 2700 9.05
o 2699 9.05
o 2698 9.05
o 2697 9.05
o 2696 9.05
o 2695 9.05
o 2694 9.05
o 2693 9.05
o 2692 9.05
o 2691 9.05
o 2690 9.05
o 2689 9.05
o 2688 9.05
o 2687 9.06
o 2686 9.06
o 2685 9.06
o 2684 9.06
o 2683 9.06
o 2682 9.06
o 2681 9.06
o 2680 9.06
o 1807 9.08
o 1806 15.94
o 1805 15.94
o 1804 19.78
o 1776 23.79
o 1775 23.79
o 1774 23.79
o 1773 23.79
o 1772 23.79
o 1771 23.79
o 1769 23.79
o 1768 23.79
o 1758 23.79
o 1757 23.79
o 1756 23.79
o 1755 23.79
o 1754 23.79
o 1753 23.79
o 1752 23.79
o 1749 27.62
o 1748 27.62
o 1747 27.62
o 1746 27.62
o 1745 27.62
o 1744 27.62
o 1743 27.63
o 1742 27.63
o 1741 27.63
o 1739 27.63
o 1738 27.63
o 1737 27.63
o 1736 27.64
o 1735 27.64
o 1734 27.65
o 1733 27.65
o 1732 27.65
o 1731 27.65
o 1730 27.65
o 1729 27.65
o 1728 27.65
o 1727 27.68
o 1726 27.68
o 1725 27.68
o 1724 27.68
o 1723 27.69
o 1722 27.69
o 1721 27.69
o 1720 27.69
o 1719 27.69
o 1718 27.69
o 1717 27.69
o 1716 27.69
o 1715 98.98
o 1714 98.98
o 1711 98.98
o 1710 98.98
o 1709 98.98
o 1708 98.98
o 1707 98.98
o 1706 98.98
o 1705 98.98
o 1704 98.98
o 1702 98.98
o 1701 98.98
o 1698 98.98
o 1697 98.98
o 1696 98.98
o 1695 98.99
o 1694 98.99
o 1693 98.99
o 1692 98.99
o 1691 98.99
o 1690 99
o 1689 99.01
o 1688 99.02
MaxSATQueriesinInterpretableClassifiers-twitter_train_2_CNF_4_1
o 2765 9.71
o 2764 9.71
o 2763 9.71
o 2762 9.71
o 2761 9.71
o 2760 9.71
o 2759 9.71
o 2758 9.71
o 2757 9.71
o 2756 9.71
o 2755 9.72
o 2754 9.72
o 2753 9.72
o 2752 9.72
o 2751 9.72
o 2750 9.72
o 2749 9.72
o 2748 9.72
o 2747 9.72
o 2746 9.72
o 2745 9.72
o 2744 9.72
o 2743 9.72
o 2742 9.72
o 2741 9.73
o 2740 9.73
o 2739 9.73
o 2738 9.73
o 2737 9.73
o 2736 9.73
o 2735 9.73
o 2734 9.73
o 2733 9.73
o 1889 9.76
o 1888 9.76
o 1887 9.76
o 1886 9.76
o 1885 9.77
o 1884 9.77
o 1883 9.77
o 1881 9.77
o 1879 9.77
o 1878 9.84
o 1877 9.84
o 1876 9.84
o 1875 9.84
o 1874 9.84
o 1873 9.85
o 1834 17.45
o 1832 17.45
o 1831 17.45
o 1830 17.45
o 1829 17.46
o 1828 21.34
o 1827 21.34
o 1826 21.34
o 1825 21.34
o 1824 21.34
o 1823 21.34
o 1822 21.34
o 1821 21.34
o 1820 21.34
o 1819 21.34
o 1818 21.34
o 1817 21.34
o 1816 21.34
o 1815 21.34
o 1814 21.34
o 1813 21.34
o 1812 21.34
o 1811 21.34
o 1810 21.34
o 1809 21.34
o 1808 21.34
o 1807 21.34
o 1806 21.34
o 1805 21.35
o 1804 21.35
o 1803 21.35
o 1802 21.35
o 1801 21.35
o 1800 21.35
o 1799 21.35
o 1798 21.35
o 1797 21.35
o 1796 21.35
o 1795 21.35
o 1794 21.35
o 1793 21.35
o 1792 21.35
o 1791 21.35
o 1790 21.35
o 1789 21.35
o 1788 21.35
o 1787 21.35
o 1784 21.35
o 1782 21.35
o 1781 21.36
o 1780 21.36
o 1778 21.36
o 1777 21.37
o 1775 21.38
o 1773 21.38
o 1772 21.38
o 1771 21.38
o 1768 21.38
o 1767 21.38
o 1766 21.4
o 1765 21.4
o 1764 21.4
o 1763 25.35
o 1757 25.44
o 1756 25.44
o 1755 25.44
o 1754 25.47
o 1753 25.49
o 1752 25.49
o 1751 25.49
o 1750 25.49
o 1749 25.49
o 1748 25.49
o 1747 25.49
o 1746 25.49
o 1745 25.5
o 1744 25.54
o 1743 25.54
o 1742 25.54
o 1741 25.54
o 1740 25.55
o 1739 25.55
o 1738 25.56
o 1737 25.56
o 1736 25.57
o 1735 25.6
o 1734 25.61
o 1733 33.61
o 1732 33.61
o 1731 40.97
o 1730 40.97
o 1727 40.97
o 1726 40.97
o 1724 40.97
o 1723 40.97
o 1722 40.97
o 1721 40.98
o 1720 40.98
o 1713 40.98
o 1711 40.98
o 1710 40.98
o 1709 40.98
o 1708 40.98
o 1707 40.98
o 1706 40.98
o 1705 40.98
o 1704 40.99
o 1703 40.99
o 1702 40.99
o 1701 40.99
o 1700 93.3
o 1699 93.3
o 1698 93.3
o 1697 93.31
o 1696 93.32
o 1695 224.58
o 1694 224.58
o 1693 224.61
o 1692 224.61
o 1691 224.63
o 1690 224.65
MaxSATQueriesinInterpretableClassifiers-twitter_train_2_CNF_4_1
o 2740 10.28
o 2739 10.28
o 2738 10.28
o 2737 10.28
o 2736 10.28
o 2735 10.28
o 2734 10.28
o 2733 10.28
o 2732 10.28
o 2731 10.28
o 2730 10.28
o 2729 10.28
o 2728 10.28
o 2727 10.28
o 2726 10.28
o 2725 10.28
o 2724 10.28
o 2723 10.28
o 2722 10.28
o 2721 10.28
o 2720 10.28
o 2719 10.28
o 2718 10.28
o 2717 10.28
o 2716 10.28
o 2715 10.28
o 2714 10.28
o 2713 10.28
o 2712 10.28
o 2711 10.28
o 2710 10.28
o 2709 10.28
o 2708 10.28
o 2707 10.29
o 2706 10.29
o 2705 10.29
o 2704 10.29
o 2703 10.29
o 2702 10.29
o 2701 10.29
o 2700 10.29
o 2699 10.29
o 2698 10.29
o 2697 10.29
o 2696 10.29
o 2695 10.29
o 2694 10.29
o 2693 10.29
o 2692 10.29
o 1844 10.31
o 1843 10.32
o 1832 17.87
o 1831 17.87
o 1829 17.87
o 1828 17.87
o 1827 17.87
o 1826 17.87
o 1825 17.88
o 1824 17.88
o 1823 17.88
o 1821 17.89
o 1820 17.89
o 1796 17.92
o 1795 29.3
o 1794 29.3
o 1793 29.3
o 1792 29.3
o 1791 29.31
o 1790 29.31
o 1789 29.31
o 1788 29.31
o 1787 29.31
o 1786 29.31
o 1785 29.32
o 1784 29.32
o 1783 29.32
o 1782 29.32
o 1781 29.32
o 1780 29.33
o 1779 29.33
o 1778 29.33
o 1777 29.33
o 1776 29.33
o 1774 29.33
o 1773 29.33
o 1772 29.33
o 1771 29.34
o 1770 29.34
o 1769 29.35
o 1768 29.35
o 1767 29.35
o 1766 29.35
o 1765 29.36
o 1762 29.36
o 1761 29.36
o 1760 29.37
o 1759 29.37
o 1758 29.37
o 1757 29.37
o 1756 29.37
o 1755 29.37
o 1754 29.37
o 1753 29.37
o 1752 29.37
o 1751 29.37
o 1750 29.37
o 1749 29.38
o 1748 29.38
o 1747 29.41
o 1746 29.41
o 1745 110.38
o 1744 110.38
o 1743 110.38
o 1742 110.39
o 1741 110.47
o 1739 110.47
o 1738 110.47
o 1737 110.47
o 1736 110.47
o 1735 110.47
o 1734 110.48
o 1733 110.48
o 1732 121.28
o 1731 121.28
o 1730 121.28
o 1729 121.28
o 1728 121.28
o 1725 121.28
o 1724 121.29
o 1723 121.3
o 1722 121.3
o 1721 121.32
o 1720 121.32
o 1719 121.32
o 1718 121.32
o 1717 121.33
o 1716 121.33
o 1713 121.33
o 1712 121.33
o 1711 121.34
o 1710 121.41
o 1709 150.83
o 1708 150.83
o 1707 150.87
o 1706 150.87
o 1705 150.87
o 1704 150.87
o 1703 192.35
o 1702 192.35
o 1701 192.35
o 1700 192.35
o 1699 192.35
o 1698 192.36
o 1697 192.36
o 1696 192.36
o 1695 192.36
o 1694 192.37
o 1693 192.38
o 1692 192.38
o 1691 192.38
o 1690 192.38
o 1687 192.39
o 1686 192.4
o 1685 192.4
o 1684 192.41
o 1681 192.41
o 1680 192.44
o 1679 192.44
o 1678 192.44
o 1677 192.44
o 1676 192.47
o 1675 192.47
MaxSATQueriesinInterpretableClassifiers-twitter_train_2_CNF_4_1
o 2590 9.33
o 2589 9.33
o 2588 9.33
o 2587 9.33
o 2586 9.33
o 2585 9.34
o 2584 9.34
o 2583 9.34
o 2582 9.34
o 2581 9.34
o 2580 9.34
o 2579 9.34
o 2578 9.34
o 2577 9.34
o 2576 9.34
o 2575 9.34
o 2574 9.34
o 2573 9.34
o 2572 9.35
o 2571 9.35
o 2570 9.35
o 2569 9.35
o 2568 9.35
o 2567 9.35
o 2566 9.35
o 2565 9.35
o 2564 9.35
o 2563 9.35
o 2562 9.35
o 2561 9.35
o 2560 9.36
o 2559 9.36
o 1811 9.39
o 1810 9.39
o 1809 9.39
o 1807 9.4
o 1806 9.4
o 1805 9.4
o 1804 9.4
o 1803 9.4
o 1802 9.41
o 1801 9.41
o 1792 9.42
o 1791 9.42
o 1790 9.42
o 1789 9.42
o 1788 9.42
o 1786 9.42
o 1785 9.45
o 1783 9.45
o 1781 9.45
o 1779 9.45
o 1778 9.47
o 1776 9.48
o 1775 9.49
o 1773 9.49
o 1772 9.49
o 1771 9.49
o 1770 9.49
o 1769 9.51
o 1768 9.51
o 1767 20.51
o 1766 20.51
o 1765 20.52
o 1763 31.44
o 1762 31.44
o 1760 31.44
o 1756 31.44
o 1755 31.44
o 1754 31.44
o 1753 31.44
o 1752 31.45
o 1751 31.45
o 1750 31.45
o 1749 31.46
o 1748 31.47
o 1747 31.47
o 1746 31.47
o 1745 31.49
o 1744 31.49
o 1743 31.49
o 1742 31.49
o 1741 31.49
o 1740 31.49
o 1739 31.49
o 1738 31.5
o 1737 31.5
o 1736 31.5
o 1735 31.5
o 1734 31.5
o 1733 31.51
o 1732 31.52
o 1731 31.52
o 1730 31.52
o 1729 31.53
o 1728 31.53
o 1727 31.53
o 1726 31.53
o 1725 31.53
o 1724 31.55
o 1723 31.55
o 1722 31.55
o 1721 31.55
o 1720 31.55
o 1719 31.56
o 1718 31.56
o 1717 31.56
o 1716 31.56
o 1715 53.94
o 1714 53.95
o 1713 53.95
o 1712 53.95
o 1711 53.95
o 1710 53.95
o 1709 116.42
o 1708 116.42
o 1707 116.42
o 1706 116.42
o 1705 116.42
o 1704 116.43
o 1703 116.44
o 1702 116.44
o 1701 116.44
o 1700 116.44
o 1699 116.44
o 1698 116.44
o 1697 116.44
o 1696 116.45
o 1695 116.45
o 1693 116.47
o 1692 116.47
o 1691 116.47
o 1690 116.47
o 1689 116.47
o 1688 116.47
o 1687 116.47
o 1686 116.47
o 1685 116.48
o 1684 207.95
o 1683 207.95
o 1682 207.95
MaxSATQueriesinInterpretableClassifiers-twitter_train_2_CNF_4_1
o 2736 12.1
o 2735 12.1
o 2734 12.1
o 2733 12.1
o 2732 12.1
o 2731 12.1
o 2730 12.1
o 2729 12.1
o 2728 12.1
o 2727 12.1
o 2726 12.1
o 2725 12.12
o 2724 12.12
o 2723 12.12
o 2722 12.12
o 2721 12.12
o 2719 12.12
o 2718 12.12
o 2717 12.12
o 2716 12.12
o 2715 12.12
o 2714 12.12
o 2713 12.12
o 2712 12.12
o 2711 12.12
o 2710 12.12
o 2709 12.12
o 2708 12.12
o 2707 12.12
o 2706 12.12
o 2705 12.12
o 2704 12.12
o 2703 12.12
o 2702 12.12
o 2701 12.12
o 2700 12.12
o 2699 12.12
o 2698 12.12
o 2697 12.12
o 2696 12.12
o 2695 12.12
o 2694 12.12
o 2693 12.12
o 2692 12.12
o 2691 12.12
o 2690 12.12
o 2689 12.12
o 2688 12.12
o 1951 12.71
o 1950 12.71
o 1949 12.71
o 1948 12.71
o 1947 12.71
o 1946 12.71
o 1945 12.71
o 1944 12.71
o 1943 12.71
o 1942 12.71
o 1941 12.71
o 1940 12.71
o 1939 12.71
o 1938 12.71
o 1937 12.71
o 1936 12.71
o 1935 12.71
o 1934 12.71
o 1933 12.71
o 1932 12.71
o 1931 12.71
o 1930 12.71
o 1929 12.71
o 1928 12.71
o 1927 12.71
o 1926 12.71
o 1925 12.71
o 1924 12.71
o 1923 12.71
o 1922 12.71
o 1921 12.71
o 1920 12.71
o 1919 12.71
o 1918 12.71
o 1917 12.71
o 1916 12.71
o 1915 12.71
o 1914 12.71
o 1913 12.71
o 1912 12.72
o 1911 12.72
o 1910 12.72
o 1909 12.72
o 1908 12.72
o 1907 12.72
o 1792 12.72
o 1791 12.72
o 1790 23.6
o 1789 23.6
o 1786 27.16
o 1785 27.16
o 1784 27.16
o 1783 27.18
o 1782 27.18
o 1781 27.18
o 1780 27.18
o 1779 27.18
o 1778 27.18
o 1777 27.18
o 1776 27.18
o 1775 27.18
o 1774 27.18
o 1773 27.18
o 1772 27.18
o 1771 27.18
o 1770 27.18
o 1769 27.19
o 1768 27.19
o 1767 27.19
o 1766 27.19
o 1765 27.19
o 1764 27.2
o 1763 27.2
o 1762 27.21
o 1761 27.21
o 1760 27.21
o 1759 27.22
o 1758 27.22
o 1757 27.22
o 1756 27.22
o 1754 27.23
o 1753 27.23
o 1752 27.23
o 1751 27.24
o 1750 27.25
o 1749 27.27
o 1748 27.27
o 1747 27.3
o 1745 27.3
o 1744 27.3
o 1743 27.3
o 1742 27.36
o 1741 27.36
o 1740 27.36
o 1739 27.36
o 1738 27.36
o 1737 27.38
o 1736 27.38
o 1735 27.38
o 1734 27.38
o 1733 27.38
o 1732 27.38
o 1731 27.47
o 1730 27.48
o 1728 27.48
o 1726 41.97
o 1718 41.98
o 1717 42.06
o 1716 42.07
o 1715 42.08
o 1714 42.08
o 1713 42.08
o 1712 42.08
o 1711 42.09
o 1710 42.09
o 1708 71.39
o 1707 71.39
o 1706 71.39
o 1705 71.39
o 1704 71.4
o 1703 71.4
o 1702 71.4
o 1701 71.42
o 1700 71.46
o 1699 71.46
o 1698 71.46
o 1697 71.46
o 1696 71.46
o 1695 71.46
MaxSATQueriesinInterpretableClassifiers-twitter_train_2_CNF_4_1
o 2769 11.31
o 2768 11.31
o 2767 11.31
o 2766 11.31
o 2765 11.31
o 2764 11.31
o 2763 11.31
o 2762 11.31
o 2761 11.31
o 2760 11.31
o 2759 11.31
o 2758 11.31
o 2757 11.31
o 2756 11.31
o 2755 11.32
o 2754 11.32
o 2753 11.32
o 2752 11.32
o 2751 11.32
o 2750 11.32
o 2749 11.32
o 2748 11.32
o 2747 11.32
o 2746 11.32
o 2745 11.32
o 2744 11.32
o 2743 11.32
o 2742 11.32
o 2741 11.32
o 2740 11.32
o 2739 11.32
o 2738 11.32
o 2737 11.32
o 2736 11.32
o 2735 11.32
o 2733 11.32
o 2732 11.32
o 2731 11.32
o 1798 11.36
o 1797 11.36
o 1790 11.36
o 1789 11.36
o 1788 29.8
o 1787 29.8
o 1786 29.8
o 1785 29.8
o 1784 29.81
o 1783 29.81
o 1782 33.36
o 1781 33.38
o 1779 33.39
o 1778 33.39
o 1777 33.4
o 1776 33.4
o 1775 33.4
o 1774 33.4
o 1773 33.4
o 1772 33.4
o 1771 33.4
o 1770 33.4
o 1769 33.4
o 1768 33.41
o 1767 33.41
o 1766 33.42
o 1765 37.12
o 1764 37.12
o 1763 37.12
o 1762 37.12
o 1761 37.12
o 1760 37.12
o 1759 37.13
o 1758 37.13
o 1757 37.13
o 1756 37.13
o 1755 37.13
o 1754 37.13
o 1753 37.13
o 1752 37.13
o 1751 37.13
o 1750 37.13
o 1749 37.14
o 1748 37.14
o 1747 37.14
o 1746 37.15
o 1745 37.15
o 1744 37.15
o 1743 37.15
o 1742 37.15
o 1741 37.15
o 1740 37.16
o 1739 37.16
o 1738 37.16
o 1737 37.16
o 1736 37.16
o 1735 37.16
o 1734 37.17
o 1733 37.17
o 1732 37.17
o 1731 37.17
o 1730 37.17
o 1729 37.24
o 1728 37.24
o 1727 37.24
o 1726 37.24
o 1725 37.24
o 1724 37.25
o 1721 37.25
o 1720 37.25
o 1719 37.37
o 1718 37.37
o 1717 37.39
o 1716 37.39
o 1715 120.06
o 1714 120.06
o 1713 120.1
o 1712 120.11
o 1711 120.11
o 1710 120.11
o 1709 120.12
o 1708 120.13
o 1707 120.16
o 1706 120.16
o 1705 120.16
o 1704 120.18
o 1703 243.69
o 1702 243.69
o 1701 243.69
o 1700 243.69
o 1699 243.7
o 1698 243.7
o 1697 243.7
o 1696 243.7
o 1695 243.71
o 1694 243.71
o 1693 243.74
o 1692 243.76
o 1691 243.76
o 1690 243.76
o 1689 243.76
o 1688 243.76
o 1687 243.76
MaxSATQueriesinInterpretableClassifiers-twitter_train_2_CNF_4_1
o 2637 9.3
o 2636 9.3
o 2635 9.3
o 2634 9.3
o 2633 9.3
o 2632 9.3
o 2631 9.3
o 2630 9.3
o 2629 9.3
o 2628 9.3
o 2627 9.3
o 2626 9.3
o 2625 9.3
o 2624 9.3
o 2623 9.3
o 2622 9.3
o 2621 9.3
o 2620 9.3
o 2619 9.3
o 2618 9.3
o 2617 9.31
o 2616 9.31
o 2615 9.31
o 2613 9.31
o 2612 9.31
o 2611 9.31
o 2610 9.31
o 2609 9.31
o 2608 9.31
o 2607 9.31
o 2606 9.31
o 2605 9.31
o 2604 9.31
o 2603 9.31
o 2602 9.31
o 1815 9.4
o 1814 9.4
o 1813 9.4
o 1812 9.4
o 1811 9.4
o 1810 9.4
o 1809 9.4
o 1808 9.4
o 1807 9.4
o 1806 9.4
o 1805 9.41
o 1804 9.41
o 1803 9.41
o 1802 9.41
o 1801 9.41
o 1774 9.41
o 1773 9.41
o 1772 9.41
o 1771 9.42
o 1770 9.42
o 1769 9.42
o 1767 9.43
o 1766 9.43
o 1765 9.43
o 1764 9.43
o 1763 9.43
o 1762 9.43
o 1761 9.44
o 1760 9.44
o 1759 9.45
o 1758 9.45
o 1757 32.11
o 1756 32.11
o 1755 32.11
o 1754 32.11
o 1753 32.11
o 1752 32.11
o 1751 32.11
o 1750 32.11
o 1749 32.11
o 1748 32.11
o 1747 32.11
o 1746 32.11
o 1745 32.11
o 1744 32.11
o 1742 32.11
o 1741 32.11
o 1740 32.12
o 1739 32.12
o 1738 32.12
o 1737 32.12
o 1736 32.12
o 1735 32.12
o 1734 32.12
o 1733 32.12
o 1732 32.12
o 1731 32.12
o 1729 32.13
o 1728 32.13
o 1727 32.13
o 1726 32.13
o 1725 32.14
o 1724 32.14
o 1723 32.14
o 1722 32.14
o 1721 32.14
o 1720 32.14
o 1719 32.14
o 1718 32.14
o 1717 32.14
o 1716 32.14
o 1715 32.15
o 1714 32.15
o 1713 32.15
o 1712 32.15
o 1711 32.15
o 1710 32.18
o 1709 32.18
o 1708 32.18
o 1707 32.18
o 1706 32.18
o 1705 32.18
o 1704 32.18
o 1703 32.19
o 1702 32.19
o 1701 32.2
o 1700 32.21
o 1699 32.22
o 1698 32.22
o 1697 32.22
o 1696 32.22
o 1695 32.24
o 1694 32.24
o 1693 32.24
o 1692 32.26
o 1691 32.27
