min-fill-MinFill_R3_miles1000
o 2574 17.27
o 2570 145.82
min-fill-MinFill_R3_miles1000
o 2956 19.18
o 2895 185.1
o 2763 195.76
o 2713 195.88
o 2696 265.64
o 2695 266.19
min-fill-MinFill_R3_miles1000
o 2487 8.27
o 2359 9.33
min-fill-MinFill_R3_miles1000
o 3402 51.86
o 3064 60.84
o 2863 140.49
o 2521 143.49
min-fill-MinFill_R3_miles1000
o 3119 18.88
o 2918 26.57
o 2900 26.95
o 2899 27.17
o 2572 45.65
min-fill-MinFill_R3_miles1000
o 2680 7.76
o 2155 19.79
min-fill-MinFill_R3_miles1000
o 2754 31.2
o 2586 66.64
o 2555 128.55
o 2370 135.57
min-fill-MinFill_R3_miles1000
o 2538 39.54
o 2501 87.22
min-fill-MinFill_R3_miles1000
o 2909 13.27
o 2844 36.99
o 2696 57.21
min-fill-MinFill_R3_miles1000
o 3281 27.93
o 3280 27.93
o 3279 27.93
o 3278 27.93
o 3277 27.93
o 3276 27.93
o 3275 27.93
o 3274 27.93
o 3273 27.93
o 3272 27.93
o 3271 27.93
o 3270 27.93
o 3269 27.93
o 3268 27.93
o 3267 27.93
o 3266 27.93
o 3265 27.93
o 2922 54.79
o 2920 98.06
o 2678 105.51
o 2668 280
