min-fill-MinFill_R4_miles500
o 1420 2.85
o 1419 2.85
o 1418 2.85
o 1417 2.85
o 1369 2.86
o 1341 28.3
o 1277 52.76
o 1269 53.27
o 1264 53.3
o 1243 114.23
o 1220 114.24
o 1218 266.3
min-fill-MinFill_R4_miles500
o 965 1.91
min-fill-MinFill_R4_miles500
o 1327 2.61
o 1326 2.61
o 1325 2.61
o 1324 2.61
o 1283 2.87
o 1002 28.58
min-fill-MinFill_R4_miles500
o 1317 2.69
o 1316 2.69
o 1315 2.69
o 1314 218.06
o 1212 241.69
o 1201 264.47
min-fill-MinFill_R4_miles500
o 1935 3.08
o 1806 3.56
o 1377 4.14
o 1281 190.69
o 1280 190.71
o 1241 190.73
o 1150 215.94
o 1136 215.95
min-fill-MinFill_R4_miles500
o 1310 3.22
o 1149 76.71
o 1146 76.71
min-fill-MinFill_R4_miles500
o 1381 5.08
o 1226 31.92
o 1223 31.92
o 1186 213.03
o 1023 237.07
min-fill-MinFill_R4_miles500
o 1110 2.04
o 1089 2.05
o 1081 2.07
min-fill-MinFill_R4_miles500
o 1436 2.53
o 1368 4.71
o 1309 31.36
o 1276 31.42
o 1273 31.44
o 1270 31.45
min-fill-MinFill_R4_miles500
o 1824 3.01
o 1773 4.11
o 1569 7.49
o 1568 7.49
o 1567 7.49
o 1566 7.49
o 1565 7.49
o 1564 7.49
o 1563 7.49
o 1562 7.49
o 1561 7.49
o 1560 7.49
o 1554 7.5
o 1537 7.68
o 1465 13.09
o 1419 13.13
o 1414 13.18
o 1356 13.28
o 1355 13.3
o 1324 13.49
o 1319 22.43
o 1312 22.45
o 1144 76.86
o 948 165.25
o 934 165.27
