optimizing-BDDs-splice-1-un-wcnf_incomplete_improved_1_2019_4
o 574 44.01
o 493 55.21
o 469 88.46
o 465 88.47
optimizing-BDDs-splice-1-un-wcnf_incomplete_improved_1_2019_4
o 1425 2.22
o 1283 2.22
o 578 51.95
o 574 51.97
o 568 64.62
o 509 72.66
o 500 72.68
o 499 76.28
o 463 78.53
o 383 78.54
o 372 78.58
optimizing-BDDs-splice-1-un-wcnf_incomplete_improved_1_2019_4
o 576 48.92
o 574 48.92
o 559 121.69
o 531 121.7
o 505 121.7
o 500 121.7
optimizing-BDDs-splice-1-un-wcnf_incomplete_improved_1_2019_4
o 574 37.64
o 519 64.17
o 509 64.17
o 389 64.17
o 379 64.17
optimizing-BDDs-splice-1-un-wcnf_incomplete_improved_1_2019_4
o 1357 1.7
o 574 43.38
o 573 48.72
o 508 55.24
o 493 116.47
o 490 142.69
o 488 161.02
o 428 161.03
o 379 161.03
o 372 161.03
optimizing-BDDs-splice-1-un-wcnf_incomplete_improved_1_2019_4
o 1620 26.6
o 655 52.43
o 591 52.93
o 493 52.93
o 383 114.33
o 372 114.37
o 341 295.91
optimizing-BDDs-splice-1-un-wcnf_incomplete_improved_1_2019_4
o 1451 1.92
o 1262 39.33
o 574 59.12
o 509 73.18
o 507 98.36
o 493 140.65
o 398 156.16
o 383 156.16
o 374 156.17
o 372 156.17
optimizing-BDDs-splice-1-un-wcnf_incomplete_improved_1_2019_4
o 678 46.45
o 508 48.4
o 382 67.45
o 371 67.47
optimizing-BDDs-splice-1-un-wcnf_incomplete_improved_1_2019_4
o 591 91.6
o 566 91.65
o 509 91.76
o 508 105.13
o 459 114.27
o 455 114.27
o 452 114.27
o 434 114.27
o 416 114.27
o 372 114.27
o 357 124.58
optimizing-BDDs-splice-1-un-wcnf_incomplete_improved_1_2019_4
o 571 39.56
o 340 52.23
o 338 52.3
