optimizing-BDDs-mushroom-un-wcnf_incomplete_improved_1_2019_4
o 800 51.79
o 712 51.79
o 384 52.34
o 184 113.94
optimizing-BDDs-mushroom-un-wcnf_incomplete_improved_1_2019_4
o 808 38.7
o 764 51.09
o 728 61.64
o 404 61.86
o 396 61.88
o 378 62.38
o 312 83.31
o 244 83.45
optimizing-BDDs-mushroom-un-wcnf_incomplete_improved_1_2019_4
o 844 24.56
o 684 35.24
o 516 35.31
o 396 39.78
o 244 39.78
o 216 41.75
optimizing-BDDs-mushroom-un-wcnf_incomplete_improved_1_2019_4
o 3528 1.8
o 2736 1.8
o 2036 1.8
o 756 39.47
o 348 46.72
o 216 63.68
o 204 97.63
o 200 246.83
optimizing-BDDs-mushroom-un-wcnf_incomplete_improved_1_2019_4
o 348 36.18
o 320 36.78
o 318 36.81
o 316 44.92
o 252 46.14
o 228 57.98
o 204 58.5
o 184 60.03
o 120 90.41
optimizing-BDDs-mushroom-un-wcnf_incomplete_improved_1_2019_4
o 920 40.93
o 396 55.37
o 348 55.8
o 324 72.38
o 252 72.41
o 120 173.41
optimizing-BDDs-mushroom-un-wcnf_incomplete_improved_1_2019_4
o 3268 32.52
o 628 32.52
o 216 34.81
o 204 49.86
o 120 149.5
o 116 152.39
optimizing-BDDs-mushroom-un-wcnf_incomplete_improved_1_2019_4
o 848 25.22
o 396 31.73
o 252 32.36
o 234 36
o 200 58.5
o 120 231.56
optimizing-BDDs-mushroom-un-wcnf_incomplete_improved_1_2019_4
o 784 40.3
o 672 49.32
o 604 56.59
o 568 56.88
o 468 66.18
o 356 66.19
o 244 100.76
optimizing-BDDs-mushroom-un-wcnf_incomplete_improved_1_2019_4
o 612 32.45
o 396 34.64
o 252 35.12
o 234 35.53
o 220 39.59
o 184 112.78
