optimizing-BDDs-heart-cleveland-un-wcnf_incomplete_improved_1_2019_9
o 94 1.79
o 92 1.79
o 78 1.79
o 75 1.79
o 74 1.79
o 73 1.79
o 72 1.79
o 71 1.8
o 69 1.8
o 65 1.8
o 62 1.8
o 60 1.88
o 58 1.88
o 57 1.89
o 56 2.39
o 54 2.39
o 52 2.39
o 51 2.39
o 50 2.39
o 47 2.39
o 46 2.7
o 45 8.02
o 44 9.15
o 43 9.15
o 42 9.15
o 41 9.15
o 40 12.4
o 39 12.4
o 36 12.4
o 35 12.4
o 34 12.4
o 33 12.4
o 32 14.16
o 31 14.46
o 30 14.46
o 29 14.46
o 28 14.46
o 27 14.46
optimizing-BDDs-heart-cleveland-un-wcnf_incomplete_improved_1_2019_9
o 76 1.29
o 74 1.29
o 65 1.3
o 62 1.3
o 61 1.3
o 57 1.3
o 56 1.3
o 55 1.59
o 54 1.59
o 52 1.59
o 50 1.59
o 49 1.59
o 48 1.59
o 47 1.59
o 44 1.59
o 43 1.59
o 42 1.59
o 41 1.6
o 40 2.49
o 39 2.49
o 38 2.49
o 37 2.49
o 33 3.02
o 32 3.02
o 31 3.02
o 30 3.02
o 28 3.02
o 27 3.02
o 23 115.56
o 21 115.56
o 20 121.49
optimizing-BDDs-heart-cleveland-un-wcnf_incomplete_improved_1_2019_9
o 164 1.36
o 163 1.36
o 121 1.36
o 119 1.36
o 111 1.36
o 106 1.36
o 104 1.36
o 101 1.36
o 93 1.36
o 92 1.36
o 90 1.36
o 89 1.36
o 87 1.36
o 85 1.36
o 84 1.37
o 83 1.37
o 79 1.39
o 77 1.39
o 68 1.39
o 65 1.39
o 64 1.39
o 63 1.39
o 62 1.39
o 61 1.39
o 60 1.39
o 58 1.56
o 57 1.71
o 56 1.71
o 55 1.71
o 48 1.71
o 46 1.71
o 45 1.71
o 43 1.71
o 42 1.71
o 41 1.74
o 39 7.51
o 36 7.51
o 35 7.51
o 34 7.51
o 33 7.51
o 32 110.53
o 31 110.53
o 30 110.53
o 29 139.53
o 28 144.85
o 26 144.85
optimizing-BDDs-heart-cleveland-un-wcnf_incomplete_improved_1_2019_9
o 95 1.78
o 92 1.78
o 83 1.78
o 82 1.78
o 77 1.79
o 75 1.79
o 66 1.79
o 65 1.79
o 62 1.79
o 59 1.79
o 55 1.79
o 53 1.79
o 51 3.07
o 49 3.07
o 45 3.07
o 42 3.07
o 41 3.23
o 40 4.49
o 38 7.43
o 37 18.89
o 36 18.89
o 35 18.89
o 34 24.03
o 33 24.03
o 32 24.03
o 31 42.31
o 29 82.34
o 28 82.34
o 26 82.34
o 25 82.34
o 24 82.81
o 23 82.81
o 22 82.81
optimizing-BDDs-heart-cleveland-un-wcnf_incomplete_improved_1_2019_9
o 74 1.21
o 73 1.38
o 70 1.38
o 69 1.39
o 68 1.39
o 66 1.39
o 65 1.39
o 63 1.39
o 62 1.39
o 61 1.41
o 59 1.41
o 56 1.49
o 55 1.49
o 53 1.49
o 52 1.49
o 51 1.49
o 49 1.49
o 48 1.5
o 47 1.51
o 46 1.51
o 45 2.38
o 44 2.38
o 42 32.36
o 41 32.36
o 40 32.37
o 39 32.37
o 38 32.37
o 37 33.76
o 36 33.76
o 35 43.8
o 34 68.17
o 33 87.47
o 32 117.13
o 31 117.48
o 30 117.49
o 29 274.09
o 28 274.85
o 27 274.85
optimizing-BDDs-heart-cleveland-un-wcnf_incomplete_improved_1_2019_9
o 91 1.07
o 89 1.07
o 87 1.07
o 86 1.07
o 79 1.07
o 74 1.07
o 69 1.07
o 64 1.07
o 60 1.07
o 59 1.07
o 55 1.07
o 54 1.07
o 53 1.09
o 50 1.09
o 49 1.09
o 48 1.09
o 47 1.09
o 46 1.82
o 45 1.82
o 44 3.62
o 41 3.89
o 40 3.89
o 39 3.89
o 37 3.89
o 36 3.89
o 35 3.89
o 33 3.89
o 32 3.89
o 31 3.9
o 30 26.09
o 29 26.09
o 27 50.54
o 26 50.54
optimizing-BDDs-heart-cleveland-un-wcnf_incomplete_improved_1_2019_9
o 89 1.17
o 85 1.17
o 83 1.17
o 82 1.17
o 79 1.17
o 76 1.17
o 73 1.18
o 72 1.18
o 71 1.18
o 69 1.18
o 68 1.2
o 67 1.2
o 64 1.63
o 56 1.63
o 54 1.63
o 52 1.63
o 48 1.77
o 47 1.77
o 46 1.77
o 45 1.78
o 42 1.83
o 41 1.83
o 40 1.83
o 39 14.05
o 38 14.05
o 37 14.05
o 36 14.61
o 35 14.61
o 34 85.26
o 32 161.56
o 31 161.56
o 30 167.01
o 29 216.82
o 28 217.52
o 27 217.52
optimizing-BDDs-heart-cleveland-un-wcnf_incomplete_improved_1_2019_9
o 137 0.27
o 62 1.66
o 54 1.93
o 53 1.93
o 51 1.93
o 50 1.93
o 49 3.08
o 48 3.09
o 44 3.51
o 43 3.52
o 42 3.52
o 41 3.52
o 40 4.51
o 39 4.54
o 38 4.54
o 37 4.55
o 35 19.72
o 34 19.72
o 32 20.06
o 30 20.06
o 29 40.32
o 28 277.09
o 27 277.22
optimizing-BDDs-heart-cleveland-un-wcnf_incomplete_improved_1_2019_9
o 116 0.27
o 98 1.19
o 97 1.19
o 95 1.19
o 89 1.19
o 88 1.22
o 87 1.22
o 84 1.22
o 83 1.24
o 81 1.24
o 72 1.31
o 70 1.31
o 67 1.31
o 65 1.31
o 64 1.31
o 59 1.31
o 58 1.31
o 56 1.31
o 55 1.47
o 54 1.48
o 53 1.48
o 52 1.48
o 51 1.48
o 50 1.75
o 48 2.12
o 47 2.12
o 46 2.12
o 44 2.12
o 43 2.12
o 41 2.97
o 36 2.97
o 35 2.97
o 34 2.97
o 33 6.95
o 31 7.31
o 30 7.31
o 29 156.9
optimizing-BDDs-heart-cleveland-un-wcnf_incomplete_improved_1_2019_9
o 98 1.19
o 97 1.19
o 88 1.19
o 87 1.19
o 86 1.19
o 83 2.52
o 71 2.56
o 70 2.57
o 67 2.57
o 65 2.57
o 61 2.57
o 60 2.58
o 57 2.84
o 56 2.84
o 55 2.96
o 54 2.97
o 53 2.97
o 52 4.28
o 46 4.28
o 44 4.28
o 42 4.28
o 41 4.28
o 39 4.28
o 37 4.29
o 36 4.29
o 35 4.96
o 34 4.96
o 33 5.04
o 32 5.04
o 28 5.23
o 27 5.23
o 26 5.23
o 24 5.37
o 23 5.37
