setcover-sts-data.405
o 357 0.01
o 349 0.01
o 347 0.02
o 346 0.02
o 345 0.02
o 344 0.02
o 343 0.04
o 342 0.07
o 341 0.59
o 340 17.4
o 339 17.4
o 338 17.4
o 337 17.4
setcover-sts-data.405
o 357 0.01
o 349 0.01
o 347 0.02
o 346 0.02
o 345 0.03
o 344 0.04
o 343 0.06
o 342 0.06
o 341 1.19
o 340 3.74
o 338 191.35
o 337 191.35
o 336 191.35
setcover-sts-data.405
o 357 0.01
o 354 0.01
o 353 0.01
o 350 0.01
o 345 0.01
o 344 0.04
o 343 0.06
o 342 0.12
o 341 0.52
o 340 1.77
o 339 115.98
o 338 216.66
o 337 216.66
setcover-sts-data.405
o 357 0.01
o 351 0.01
o 350 0.01
o 349 0.01
o 348 0.02
o 347 0.02
o 346 0.02
o 345 0.02
o 344 0.02
o 343 0.04
o 342 0.04
o 341 0.47
o 340 3.37
o 339 44.5
o 338 75.78
o 337 95.56
setcover-sts-data.405
o 357 0.01
o 349 0.01
o 347 0.02
o 346 0.03
o 345 0.03
o 344 0.05
o 343 0.06
o 342 0.58
o 341 0.66
o 340 13.9
o 339 13.9
o 338 138.37
o 337 138.4
o 336 138.41
setcover-sts-data.405
o 357 0.01
o 349 0.01
o 348 0.02
o 347 0.02
o 346 0.03
o 345 0.03
o 344 0.04
o 343 0.04
o 342 0.05
o 341 0.92
o 340 9.07
o 339 9.07
o 338 9.08
o 337 9.08
o 336 23.5
setcover-sts-data.405
o 357 0.01
o 348 0.01
o 347 0.02
o 346 0.02
o 345 0.04
o 344 0.04
o 343 0.04
o 342 0.11
o 341 0.17
o 338 10.98
o 337 10.99
setcover-sts-data.405
o 357 0.01
o 351 0.01
o 349 0.01
o 348 0.01
o 347 0.03
o 346 0.04
o 345 0.04
o 344 0.04
o 343 0.06
o 342 0.13
o 341 0.78
o 340 0.78
o 339 61.97
setcover-sts-data.405
o 357 0.01
o 349 0.01
o 348 0.02
o 347 0.02
o 346 0.02
o 345 0.02
o 344 0.04
o 343 0.04
o 342 0.04
o 341 0.57
o 340 13.45
o 339 13.45
o 338 13.45
o 337 162.23
o 336 206.11
setcover-sts-data.405
o 357 0.01
o 353 0.01
o 352 0.01
o 349 0.01
o 348 0.02
o 347 0.02
o 346 0.02
o 345 0.03
o 344 0.04
o 343 0.05
o 342 0.1
o 341 1.46
o 340 34.92
o 339 116.79
