treewidth-computation-TWComp_eil51.tsp_N51
o 23 0.25
o 22 0.25
o 21 0.25
o 20 0.26
o 19 0.72
o 18 9.05
o 17 9.05
o 16 9.06
o 15 17.48
o 14 17.48
o 13 17.49
treewidth-computation-TWComp_eil51.tsp_N51
o 20 0.24
o 19 0.24
o 18 0.25
o 17 0.25
o 16 8.67
o 15 8.67
o 14 47.14
o 13 63.82
treewidth-computation-TWComp_eil51.tsp_N51
o 17 0.22
o 16 0.22
o 15 0.22
o 14 39.57
o 13 39.57
treewidth-computation-TWComp_eil51.tsp_N51
o 20 0.23
o 19 0.23
o 18 0.23
o 17 0.97
o 16 9.01
o 15 42.79
o 14 42.8
treewidth-computation-TWComp_eil51.tsp_N51
o 21 0.22
o 20 0.22
o 19 0.23
o 18 8.77
o 17 8.77
o 16 8.77
o 15 9.11
o 14 42.84
o 13 262.68
o 12 296.59
treewidth-computation-TWComp_eil51.tsp_N51
o 18 0.21
o 17 0.21
o 16 12.52
o 15 16.67
o 14 59.19
o 13 104.8
o 12 104.85
treewidth-computation-TWComp_eil51.tsp_N51
o 22 0.25
o 20 0.25
o 19 0.25
o 17 8.84
o 16 8.84
o 15 65.87
o 14 67.59
treewidth-computation-TWComp_eil51.tsp_N51
o 17 0.22
o 16 0.22
o 15 0.22
o 14 51.4
o 13 51.4
treewidth-computation-TWComp_eil51.tsp_N51
o 16 0.21
o 15 0.21
o 14 0.21
o 13 0.21
treewidth-computation-TWComp_eil51.tsp_N51
o 22 0.2
o 21 0.2
o 20 0.2
o 19 0.2
o 18 0.21
o 17 0.23
o 16 12.67
o 15 12.68
o 14 208.34
