af-synthesis_stb_50_200_6
o 155 0.860000
o 146 0.870000
o 141 0.870000
o 134 0.870000
o 133 5.550000
o 129 5.550000
o 127 8.370000
o 124 13.990000
o 122 227.570000
122	227.570000
af-synthesis_stb_50_200_6
o 159 0.960000
o 150 0.970000
o 149 0.990000
o 143 0.990000
o 141 73.440000
o 138 73.440000
o 137 134.380000
o 135 136.430000
o 133 162.400000
o 130 162.400000
o 125 251.830000
125	251.830000
af-synthesis_stb_50_200_6
o 150 0.860000
o 147 0.860000
o 143 0.860000
o 139 0.950000
o 136 10.890000
o 135 44.920000
o 131 44.920000
o 130 248.720000
130	248.720000
af-synthesis_stb_50_200_6
o 152 0.850000
o 143 0.860000
o 138 13.030000
o 130 14.700000
o 128 35.580000
o 122 71.010000
122	71.010000
af-synthesis_stb_50_200_6
o 140 0.850000
o 133 0.860000
o 129 88.170000
o 125 143.510000
o 120 146.980000
120	146.980000
af-synthesis_stb_50_200_6
o 146 0.850000
o 143 14.710000
o 140 18.020000
o 136 96.900000
o 135 115.530000
o 134 123.420000
o 127 123.420000
127	123.420000
af-synthesis_stb_50_200_6
o 147 0.830000
o 144 8.070000
o 140 8.570000
o 137 20.700000
o 136 45.860000
o 135 65.200000
o 129 65.340000
129	65.340000
af-synthesis_stb_50_200_6
o 140 0.860000
o 136 14.210000
o 131 16.970000
o 127 18.880000
o 125 108.810000
o 123 108.820000
o 114 108.820000
114	108.820000
af-synthesis_stb_50_200_6
o 160 0.860000
o 159 0.870000
o 155 0.880000
o 154 0.930000
o 152 1.080000
o 145 8.350000
o 144 12.410000
o 143 31.710000
o 138 35.540000
o 133 67.240000
o 125 155.640000
o 124 190.730000
o 121 196.400000
o 118 205.990000
118	205.990000
af-synthesis_stb_50_200_6
o 154 0.820000
o 143 0.830000
o 141 0.860000
o 139 11.000000
o 135 17.210000
o 132 17.300000
o 130 130.290000
o 125 132.080000
125	132.080000
