ann.formula_0.8_2021_atleast_15_max-3_reduced_incomplete_adaboost_2
o 440 0.380000
o 439 0.380000
o 437 0.380000
o 435 0.380000
o 434 0.380000
o 432 0.380000
o 431 0.380000
o 429 0.380000
o 267 1.310000
o 248 2.060000
o 234 4.470000
o 233 9.310000
o 229 9.420000
o 228 15.340000
o 227 15.340000
o 216 37.130000
o 214 118.100000
214	118.100000
ann.formula_0.8_2021_atleast_15_max-3_reduced_incomplete_adaboost_2
o 288 0.340000
o 247 1.150000
o 244 5.350000
o 240 9.900000
o 214 14.210000
214	14.210000
ann.formula_0.8_2021_atleast_15_max-3_reduced_incomplete_adaboost_2
o 319 0.350000
o 234 1.290000
o 215 30.190000
o 214 32.570000
o 207 84.650000
207	84.650000
ann.formula_0.8_2021_atleast_15_max-3_reduced_incomplete_adaboost_2
o 346 0.330000
o 299 0.920000
o 265 1.550000
o 262 5.450000
o 244 6.110000
o 240 10.570000
o 227 10.900000
o 217 18.800000
o 216 33.780000
o 214 58.750000
214	58.750000
ann.formula_0.8_2021_atleast_15_max-3_reduced_incomplete_adaboost_2
o 278 0.440000
o 277 0.450000
o 276 0.450000
o 237 1.360000
o 232 18.260000
o 224 34.050000
o 214 88.020000
214	88.020000
ann.formula_0.8_2021_atleast_15_max-3_reduced_incomplete_adaboost_2
o 358 0.370000
o 299 1.130000
o 282 1.260000
o 214 1.670000
o 213 50.660000
o 208 51.290000
208	51.290000
ann.formula_0.8_2021_atleast_15_max-3_reduced_incomplete_adaboost_2
o 273 0.390000
o 237 1.630000
o 215 3.160000
o 214 36.780000
o 212 134.540000
212	134.540000
ann.formula_0.8_2021_atleast_15_max-3_reduced_incomplete_adaboost_2
o 278 0.490000
o 262 1.400000
o 237 1.790000
o 222 15.610000
o 208 46.390000
208	46.390000
ann.formula_0.8_2021_atleast_15_max-3_reduced_incomplete_adaboost_2
o 290 0.550000
o 289 0.560000
o 234 2.090000
o 227 2.150000
o 215 7.690000
o 214 71.410000
o 208 164.760000
208	164.760000
ann.formula_0.8_2021_atleast_15_max-3_reduced_incomplete_adaboost_2
o 261 0.380000
o 260 0.390000
o 248 1.580000
o 247 1.580000
o 246 1.580000
o 245 1.580000
o 244 1.580000
o 243 1.580000
o 242 1.580000
o 241 1.580000
o 240 1.580000
o 239 1.580000
o 238 1.580000
o 237 1.580000
o 233 8.480000
o 232 9.070000
o 227 12.210000
o 219 91.080000
o 215 99.100000
o 208 109.560000
o 207 290.400000
207	290.400000
