aus.formula_0.8_2021_atleast_63_max-5_reduced_incomplete_adaboost_5
o 674 3.890000
o 591 9.820000
o 590 21.860000
o 589 21.860000
o 588 21.860000
o 587 21.860000
o 586 26.360000
o 585 26.360000
o 584 26.360000
o 583 26.360000
o 582 26.360000
o 578 29.240000
o 547 184.730000
o 536 187.940000
o 512 219.670000
512	219.670000
aus.formula_0.8_2021_atleast_63_max-5_reduced_incomplete_adaboost_5
o 786 4.370000
o 764 4.450000
o 579 7.520000
o 578 33.150000
o 570 34.110000
o 568 102.520000
o 549 108.930000
o 489 236.760000
489	236.760000
aus.formula_0.8_2021_atleast_63_max-5_reduced_incomplete_adaboost_5
o 1105 3.220000
o 1083 3.270000
o 750 13.440000
o 747 13.440000
o 746 13.440000
o 743 13.440000
o 742 13.440000
o 741 13.440000
o 719 13.440000
o 718 13.440000
o 717 13.440000
o 695 13.440000
o 694 13.440000
o 693 13.440000
o 692 13.440000
o 691 13.440000
o 690 13.440000
o 689 13.440000
o 688 13.440000
o 687 13.440000
o 686 13.440000
o 683 13.440000
o 682 13.440000
o 681 13.440000
o 680 13.440000
o 679 13.440000
o 678 13.440000
o 677 13.440000
o 676 13.440000
o 675 13.440000
o 674 13.440000
o 673 13.440000
o 672 13.440000
o 671 13.440000
o 670 13.440000
o 669 13.440000
o 668 13.440000
o 667 13.440000
o 666 13.440000
o 665 13.440000
o 664 13.440000
o 663 13.440000
o 662 13.440000
o 661 13.440000
o 660 13.440000
o 659 13.440000
o 658 13.440000
o 657 13.440000
o 656 13.440000
o 655 13.440000
o 654 13.440000
o 653 13.450000
o 652 13.450000
o 651 13.450000
o 650 13.450000
o 649 13.450000
o 648 13.450000
o 647 13.450000
o 646 13.450000
o 645 13.450000
o 644 13.450000
o 643 13.450000
o 642 13.450000
o 641 13.450000
o 640 13.450000
o 639 13.450000
o 638 13.450000
o 637 13.450000
o 636 13.450000
o 635 13.450000
o 634 13.450000
o 633 13.450000
o 632 13.450000
o 631 13.450000
o 630 13.450000
o 629 13.450000
o 628 13.450000
o 627 13.450000
o 626 13.450000
o 625 13.450000
o 624 13.450000
o 623 13.450000
o 622 13.450000
o 621 13.450000
o 620 13.450000
o 619 13.450000
o 618 13.450000
o 617 13.450000
o 616 13.450000
o 615 13.450000
o 614 13.450000
o 613 13.450000
o 612 13.450000
o 611 13.450000
o 610 13.450000
o 609 13.450000
o 608 13.450000
o 607 13.450000
o 606 13.450000
o 605 13.450000
o 604 13.450000
o 603 13.460000
o 602 13.460000
o 601 13.460000
o 600 13.460000
o 599 13.460000
o 598 13.460000
o 579 14.330000
o 521 16.490000
o 477 81.590000
477	81.590000
aus.formula_0.8_2021_atleast_63_max-5_reduced_incomplete_adaboost_5
o 692 3.710000
o 670 3.780000
o 615 7.180000
o 582 9.890000
o 578 21.590000
o 570 88.760000
o 536 143.880000
o 507 166.640000
507	166.640000
aus.formula_0.8_2021_atleast_63_max-5_reduced_incomplete_adaboost_5
o 952 3.690000
o 598 9.110000
o 597 10.470000
o 463 10.620000
463	10.620000
aus.formula_0.8_2021_atleast_63_max-5_reduced_incomplete_adaboost_5
o 726 3.210000
o 704 3.280000
o 587 5.640000
o 570 8.540000
o 563 47.920000
o 511 93.640000
o 492 104.590000
492	104.590000
aus.formula_0.8_2021_atleast_63_max-5_reduced_incomplete_adaboost_5
o 682 3.970000
o 582 12.210000
o 578 25.880000
o 500 43.880000
o 466 260.630000
466	260.630000
aus.formula_0.8_2021_atleast_63_max-5_reduced_incomplete_adaboost_5
o 650 7.400000
o 597 13.970000
o 582 19.220000
o 578 50.010000
o 576 103.150000
o 575 129.420000
o 574 129.420000
o 573 129.420000
o 572 129.420000
o 571 129.420000
o 570 129.420000
o 566 169.660000
o 463 245.290000
463	245.290000
aus.formula_0.8_2021_atleast_63_max-5_reduced_incomplete_adaboost_5
o 807 13.390000
o 582 28.150000
o 578 69.800000
o 570 97.480000
570	97.480000
aus.formula_0.8_2021_atleast_63_max-5_reduced_incomplete_adaboost_5
o 668 4.340000
o 582 8.720000
o 577 8.850000
o 570 48.750000
o 543 101.940000
o 531 155.600000
o 493 198.670000
493	198.670000
