aus.formula_0.8_2021_atleast_15_max-3_reduced_incomplete_adaboost_4
o 518 0.370000
o 456 1.790000
o 358 2.200000
o 353 162.640000
o 350 215.150000
350	215.150000
aus.formula_0.8_2021_atleast_15_max-3_reduced_incomplete_adaboost_4
o 449 0.370000
o 425 2.490000
o 358 2.850000
o 334 67.650000
334	67.650000
aus.formula_0.8_2021_atleast_15_max-3_reduced_incomplete_adaboost_4
o 926 0.620000
o 454 2.840000
o 425 5.660000
o 421 22.160000
o 358 31.410000
o 344 175.910000
344	175.910000
aus.formula_0.8_2021_atleast_15_max-3_reduced_incomplete_adaboost_4
o 561 0.380000
o 548 0.380000
o 425 1.960000
o 358 6.360000
o 341 64.040000
341	64.040000
aus.formula_0.8_2021_atleast_15_max-3_reduced_incomplete_adaboost_4
o 552 0.390000
o 547 0.400000
o 541 0.400000
o 425 1.830000
o 358 3.790000
o 344 99.060000
344	99.060000
aus.formula_0.8_2021_atleast_15_max-3_reduced_incomplete_adaboost_4
o 806 0.420000
o 793 0.420000
o 454 2.010000
o 432 3.660000
o 425 4.500000
o 358 5.360000
o 351 233.520000
351	233.520000
aus.formula_0.8_2021_atleast_15_max-3_reduced_incomplete_adaboost_4
o 774 0.430000
o 768 0.440000
o 434 1.990000
o 432 1.990000
o 425 2.790000
o 351 3.060000
351	3.060000
aus.formula_0.8_2021_atleast_15_max-3_reduced_incomplete_adaboost_4
o 701 0.440000
o 425 3.160000
o 421 4.830000
o 358 22.910000
o 351 54.620000
o 349 141.180000
349	141.180000
aus.formula_0.8_2021_atleast_15_max-3_reduced_incomplete_adaboost_4
o 517 0.350000
o 515 0.360000
o 432 2.450000
o 425 2.700000
o 381 13.170000
o 363 18.020000
o 358 18.540000
358	18.540000
aus.formula_0.8_2021_atleast_15_max-3_reduced_incomplete_adaboost_4
o 680 0.420000
o 432 2.130000
o 425 3.590000
o 358 6.070000
o 351 61.150000
o 350 61.150000
350	61.150000
