delaunay_n24
o 276432528 105.020000
276432528	105.020000
delaunay_n24
o 276350219 148.060000
276350219	148.060000
delaunay_n24
o 276337805 155.030000
276337805	155.030000
delaunay_n24
o 276483557 93.940000
276483557	93.940000
delaunay_n24
o 276391349 109.680000
276391349	109.680000
delaunay_n24
o 276393457 109.750000
276393457	109.750000
delaunay_n24
o 276382820 116.700000
276382820	116.700000
delaunay_n24
o 276423416 148.600000
276423416	148.600000
delaunay_n24
o 276463756 89.010000
276463756	89.010000
delaunay_n24
o 276449071 139.380000
276449071	139.380000
