dim.johnson8-4-4.clq
o 5224 0.000000
o 5142 0.000000
o 5064 0.000000
o 4977 0.000000
o 4931 0.000000
o 4898 0.000000
o 4836 0.000000
o 4815 0.000000
o 4778 0.000000
o 4734 0.000000
o 4693 0.000000
o 4642 0.000000
o 4598 0.000000
o 4561 0.000000
o 4505 0.000000
o 4459 0.000000
o 4436 0.000000
o 4416 0.000000
o 4398 0.000000
o 4378 0.000000
o 4366 0.000000
o 4346 0.000000
o 4332 0.000000
o 4329 0.000000
o 4324 0.000000
o 4310 0.000000
o 4308 0.000000
o 4300 0.000000
o 4297 0.000000
o 4288 0.000000
o 4280 0.000000
o 4265 0.000000
o 4234 17.310000
o 4225 17.310000
o 4215 17.310000
o 4204 17.310000
o 4179 17.310000
o 4172 17.310000
o 4165 17.310000
o 4154 17.310000
4154	17.310000
dim.johnson8-4-4.clq
o 5174 0.000000
o 5092 0.000000
o 4993 0.000000
o 4926 0.000000
o 4849 0.000000
o 4768 0.000000
o 4708 0.000000
o 4665 0.000000
o 4604 0.000000
o 4534 0.000000
o 4489 0.000000
o 4444 0.000000
o 4414 0.000000
o 4402 0.000000
o 4381 0.000000
o 4360 0.000000
o 4338 0.000000
o 4326 0.000000
o 4320 0.000000
o 4309 0.000000
o 4298 0.000000
o 4275 0.000000
o 4260 0.000000
o 4247 0.000000
o 4244 0.000000
o 4241 0.000000
o 4238 0.000000
o 4223 0.000000
o 4206 0.000000
o 4191 0.000000
o 4177 109.700000
o 4169 109.700000
o 4164 109.700000
o 4154 109.700000
4154	109.700000
dim.johnson8-4-4.clq
o 5127 0.000000
o 5049 0.000000
o 4987 0.000000
o 4951 0.000000
o 4885 0.000000
o 4842 0.000000
o 4801 0.000000
o 4764 0.000000
o 4724 0.000000
o 4708 0.000000
o 4686 0.000000
o 4661 0.000000
o 4624 0.000000
o 4601 0.000000
o 4574 0.000000
o 4558 0.000000
o 4548 0.000000
o 4519 0.000000
o 4505 0.000000
o 4495 0.000000
o 4482 0.000000
o 4466 0.000000
o 4448 0.000000
o 4443 0.000000
o 4422 0.000000
o 4419 0.000000
o 4414 0.000000
o 4407 0.000000
o 4398 0.000000
o 4395 0.000000
o 4384 0.000000
o 4381 0.000000
o 4379 0.000000
o 4368 0.000000
o 4367 0.000000
o 4351 0.000000
o 4336 0.000000
o 4331 0.000000
o 4324 0.000000
o 4316 0.000000
o 4313 0.000000
o 4297 0.000000
o 4284 0.000000
o 4269 0.000000
o 4256 0.000000
o 4244 0.000000
o 4234 0.000000
o 4206 0.000000
o 4194 0.000000
o 4193 0.000000
o 4184 0.000000
o 4183 0.000000
o 4179 0.000000
o 4171 0.000000
o 4164 0.000000
o 4154 0.000000
4154	0.000000
dim.johnson8-4-4.clq
o 5272 0.000000
o 5147 0.000000
o 5063 0.000000
o 4977 0.000000
o 4913 0.000000
o 4858 0.000000
o 4833 0.000000
o 4809 0.000000
o 4761 0.000000
o 4715 0.000000
o 4646 0.000000
o 4590 0.000000
o 4541 0.000000
o 4497 0.000000
o 4474 0.000000
o 4446 0.000000
o 4429 0.000000
o 4405 0.000000
o 4383 0.000000
o 4366 0.000000
o 4354 0.000000
o 4331 0.000000
o 4328 0.000000
o 4316 0.000000
o 4311 0.000000
o 4296 0.000000
o 4276 0.000000
o 4257 0.000000
o 4247 0.000000
o 4239 0.000000
o 4221 0.000000
o 4206 0.000000
o 4191 0.000000
o 4190 68.500000
o 4183 68.500000
o 4176 68.500000
o 4169 68.500000
o 4164 68.500000
o 4154 68.500000
4154	68.500000
dim.johnson8-4-4.clq
o 5063 0.000000
o 5012 0.000000
o 4963 0.000000
o 4901 0.000000
o 4841 0.000000
o 4815 0.000000
o 4811 0.000000
o 4768 0.000000
o 4737 0.000000
o 4716 0.000000
o 4700 0.000000
o 4664 0.000000
o 4636 0.000000
o 4617 0.000000
o 4590 0.000000
o 4574 0.000000
o 4550 0.000000
o 4529 0.000000
o 4504 0.000000
o 4499 0.000000
o 4490 0.000000
o 4479 0.000000
o 4454 0.000000
o 4449 0.000000
o 4435 0.000000
o 4433 0.000000
o 4430 0.000000
o 4421 0.000000
o 4404 0.000000
o 4398 0.000000
o 4377 0.000000
o 4371 0.000000
o 4360 0.000000
o 4354 0.000000
o 4341 0.000000
o 4328 0.000000
o 4320 0.000000
o 4307 0.000000
o 4296 0.000000
o 4290 0.000000
o 4281 0.000000
o 4263 0.000000
o 4257 0.000000
o 4247 0.000000
o 4239 0.000000
o 4221 0.000000
o 4206 0.000000
o 4191 0.000000
o 4177 33.790000
o 4169 33.790000
o 4164 33.790000
o 4154 33.790000
4154	33.790000
dim.johnson8-4-4.clq
o 5172 0.000000
o 5132 0.000000
o 5082 0.000000
o 5015 0.000000
o 4971 0.000000
o 4906 0.000000
o 4836 0.000000
o 4786 0.000000
o 4745 0.000000
o 4706 0.000000
o 4665 0.000000
o 4627 0.000000
o 4591 0.000000
o 4564 0.000000
o 4531 0.000000
o 4519 0.000000
o 4502 0.000000
o 4489 0.000000
o 4474 0.000000
o 4464 0.000000
o 4442 0.000000
o 4432 0.000000
o 4417 0.000000
o 4399 0.000000
o 4381 0.000000
o 4376 0.000000
o 4362 0.000000
o 4361 0.000000
o 4354 0.000000
o 4353 0.000000
o 4339 0.000000
o 4337 0.000000
o 4334 0.000000
o 4330 0.000000
o 4316 0.000000
o 4307 0.000000
o 4303 0.000000
o 4293 0.000000
o 4284 0.000000
o 4283 0.000000
o 4279 0.000000
o 4273 0.000000
o 4269 0.000000
o 4257 0.000000
o 4250 0.000000
o 4240 16.890000
o 4239 16.890000
o 4230 16.890000
o 4216 16.890000
o 4212 16.890000
o 4209 16.890000
o 4193 16.890000
o 4191 16.890000
o 4188 68.460000
o 4183 68.460000
o 4176 68.460000
o 4169 68.460000
o 4164 68.460000
o 4161 68.460000
o 4159 68.460000
o 4154 68.460000
4154	68.460000
dim.johnson8-4-4.clq
o 5108 0.000000
o 5045 0.000000
o 4979 0.000000
o 4879 0.000000
o 4819 0.000000
o 4776 0.000000
o 4737 0.000000
o 4715 0.000000
o 4676 0.000000
o 4633 0.000000
o 4602 0.000000
o 4578 0.000000
o 4563 0.000000
o 4540 0.000000
o 4518 0.000000
o 4510 0.000000
o 4492 0.000000
o 4477 0.000000
o 4469 0.000000
o 4464 0.000000
o 4460 0.000000
o 4450 0.000000
o 4439 0.000000
o 4437 0.000000
o 4436 0.000000
o 4428 0.000000
o 4417 0.000000
o 4414 0.000000
o 4408 0.000000
o 4405 0.000000
o 4400 0.000000
o 4399 0.000000
o 4393 0.000000
o 4378 0.000000
o 4361 0.000000
o 4345 0.000000
o 4323 0.000000
o 4300 0.000000
o 4280 0.000000
o 4262 0.000000
o 4245 0.000000
o 4226 0.000000
o 4219 0.000000
o 4197 0.000000
o 4193 0.000000
o 4191 0.000000
o 4189 37.250000
o 4159 37.250000
o 4154 37.250000
4154	37.250000
dim.johnson8-4-4.clq
o 4955 0.000000
o 4912 0.000000
o 4847 0.000000
o 4824 0.000000
o 4793 0.000000
o 4748 0.000000
o 4703 0.000000
o 4653 0.000000
o 4599 0.000000
o 4562 0.000000
o 4525 0.000000
o 4496 0.000000
o 4468 0.000000
o 4446 0.000000
o 4429 0.000000
o 4404 0.000000
o 4390 0.000000
o 4364 0.000000
o 4344 0.000000
o 4335 0.000000
o 4315 0.000000
o 4300 0.000000
o 4285 0.000000
o 4271 0.000000
o 4250 0.000000
o 4242 16.800000
o 4224 16.800000
o 4209 16.800000
o 4179 16.800000
o 4172 16.800000
o 4165 16.800000
o 4154 16.800000
4154	16.800000
dim.johnson8-4-4.clq
o 5001 0.000000
o 4941 0.000000
o 4872 0.000000
o 4826 0.000000
o 4757 0.000000
o 4704 0.000000
o 4651 0.000000
o 4615 0.000000
o 4576 0.000000
o 4541 0.000000
o 4505 0.000000
o 4477 0.000000
o 4451 0.000000
o 4430 0.000000
o 4399 0.000000
o 4390 0.000000
o 4380 0.000000
o 4364 0.000000
o 4354 0.000000
o 4351 0.000000
o 4338 0.000000
o 4335 0.000000
o 4331 0.000000
o 4325 0.000000
o 4306 0.000000
o 4304 0.000000
o 4291 0.000000
o 4283 0.000000
o 4274 0.000000
o 4256 0.000000
o 4245 0.000000
o 4226 0.000000
o 4219 0.000000
o 4197 0.000000
o 4193 0.000000
o 4191 0.000000
o 4174 51.740000
o 4154 51.740000
4154	51.740000
dim.johnson8-4-4.clq
o 5107 0.000000
o 5041 0.000000
o 4979 0.000000
o 4936 0.000000
o 4906 0.000000
o 4858 0.000000
o 4833 0.000000
o 4789 0.000000
o 4736 0.000000
o 4708 0.000000
o 4675 0.000000
o 4629 0.000000
o 4588 0.000000
o 4544 0.000000
o 4508 0.000000
o 4472 0.000000
o 4444 0.000000
o 4406 0.000000
o 4378 0.000000
o 4355 0.000000
o 4323 0.000000
o 4304 0.000000
o 4278 0.000000
o 4259 0.000000
o 4254 0.000000
o 4237 0.000000
o 4232 0.000000
o 4217 0.000000
o 4206 0.000000
o 4193 0.000000
o 4191 0.000000
o 4190 16.530000
o 4183 16.530000
o 4176 16.530000
o 4169 16.530000
o 4164 16.530000
o 4154 16.530000
4154	16.530000
