hea.formula_0.8_2021_atleast_31_max-4_reduced_incomplete_adaboost_5
o 258 0.550000
o 252 0.570000
o 208 0.760000
o 199 1.210000
o 197 2.100000
o 192 10.330000
o 189 24.610000
o 187 47.030000
o 184 120.710000
o 181 154.630000
181	154.630000
hea.formula_0.8_2021_atleast_31_max-4_reduced_incomplete_adaboost_5
o 252 0.590000
o 214 0.750000
o 208 0.880000
o 204 1.340000
o 199 2.700000
o 198 3.740000
o 192 4.110000
o 182 15.870000
o 181 16.260000
o 176 57.600000
o 167 220.310000
167	220.310000
hea.formula_0.8_2021_atleast_31_max-4_reduced_incomplete_adaboost_5
o 314 1.590000
o 214 1.910000
o 204 2.040000
o 192 6.770000
o 190 19.430000
o 188 24.510000
o 173 31.450000
173	31.450000
hea.formula_0.8_2021_atleast_31_max-4_reduced_incomplete_adaboost_5
o 276 1.020000
o 208 1.310000
o 199 1.790000
o 195 4.110000
o 194 5.080000
o 193 5.090000
o 192 5.090000
o 188 34.190000
o 187 34.870000
o 185 35.880000
o 184 58.600000
o 179 109.790000
o 173 109.810000
173	109.810000
hea.formula_0.8_2021_atleast_31_max-4_reduced_incomplete_adaboost_5
o 235 0.580000
o 204 0.730000
o 199 1.100000
o 195 3.220000
o 194 3.730000
o 192 3.930000
o 190 3.930000
o 188 3.930000
o 187 3.930000
o 186 3.930000
o 185 3.930000
o 183 4.730000
o 181 70.960000
o 175 233.860000
175	233.860000
hea.formula_0.8_2021_atleast_31_max-4_reduced_incomplete_adaboost_5
o 228 0.680000
o 199 1.020000
o 192 1.170000
o 191 18.360000
o 185 59.810000
o 184 105.380000
184	105.380000
hea.formula_0.8_2021_atleast_31_max-4_reduced_incomplete_adaboost_5
o 293 0.560000
o 201 0.860000
o 199 1.510000
o 192 2.420000
o 184 6.190000
o 176 32.590000
o 171 83.780000
171	83.780000
hea.formula_0.8_2021_atleast_31_max-4_reduced_incomplete_adaboost_5
o 236 0.470000
o 214 0.720000
o 201 1.290000
o 198 1.850000
o 192 10.630000
o 188 14.300000
o 186 14.310000
o 182 35.450000
o 180 107.910000
180	107.910000
hea.formula_0.8_2021_atleast_31_max-4_reduced_incomplete_adaboost_5
o 310 0.480000
o 214 0.710000
o 192 0.770000
o 187 11.910000
o 186 14.790000
o 181 39.450000
181	39.450000
hea.formula_0.8_2021_atleast_31_max-4_reduced_incomplete_adaboost_5
o 231 0.430000
o 214 0.570000
o 208 0.610000
o 195 0.800000
o 192 1.100000
o 191 11.160000
o 185 11.510000
o 184 54.620000
o 183 96.230000
o 181 106.590000
181	106.590000
