lisbon-wedding-7-19
o 825 14.940000
o 756 29.610000
o 748 30.520000
o 728 30.530000
o 718 30.980000
o 703 33.150000
o 603 33.260000
o 592 37.220000
o 591 37.230000
591	37.230000
lisbon-wedding-7-19
o 658 11.790000
o 609 42.090000
o 607 42.160000
o 606 88.030000
o 596 181.700000
o 593 181.820000
o 536 280.040000
o 535 280.040000
535	280.040000
lisbon-wedding-7-19
o 759 9.730000
o 576 43.390000
o 566 43.390000
o 556 43.400000
o 549 44.110000
o 541 44.150000
o 539 44.270000
o 535 44.570000
o 527 44.590000
o 526 44.630000
o 519 293.020000
o 509 293.050000
509	293.050000
lisbon-wedding-7-19
o 659 3.700000
o 608 6.210000
o 598 6.210000
o 528 108.840000
o 525 108.880000
o 518 108.900000
o 514 108.990000
o 513 166.520000
513	166.520000
lisbon-wedding-7-19
o 830 14.270000
o 629 21.350000
o 625 52.920000
o 616 52.920000
o 613 95.000000
o 612 95.020000
o 548 156.540000
o 538 156.640000
o 537 156.640000
o 525 284.900000
o 518 285.110000
o 507 285.170000
507	285.170000
lisbon-wedding-7-19
o 704 19.710000
o 701 69.810000
o 657 73.610000
o 646 73.770000
o 634 73.840000
o 633 74.510000
o 625 74.600000
o 614 74.690000
o 604 74.870000
o 603 74.930000
o 602 74.930000
o 601 75.020000
o 591 76.010000
o 590 76.610000
o 585 78.620000
o 584 78.640000
o 574 78.690000
o 572 82.420000
o 513 205.250000
513	205.250000
lisbon-wedding-7-19
o 833 15.240000
o 817 23.470000
o 810 23.480000
o 799 23.620000
o 798 25.300000
o 724 28.820000
o 624 28.910000
o 615 29.170000
o 607 29.260000
o 606 29.350000
o 605 29.360000
o 595 29.370000
o 591 31.030000
o 530 148.810000
o 520 148.810000
o 519 148.860000
o 508 148.870000
o 507 148.890000
o 505 148.890000
505	148.890000
lisbon-wedding-7-19
o 570 4.470000
o 527 138.820000
527	138.820000
lisbon-wedding-7-19
o 747 3.540000
o 729 8.780000
o 723 51.450000
o 712 51.570000
o 629 66.030000
o 627 66.320000
o 626 66.410000
o 624 69.420000
o 623 69.600000
o 616 86.560000
o 615 96.210000
o 606 121.880000
o 605 122.340000
o 604 123.140000
o 594 123.510000
594	123.510000
lisbon-wedding-7-19
o 815 5.440000
o 620 6.970000
o 619 7.220000
o 604 27.470000
o 535 34.240000
o 534 34.330000
o 525 34.350000
o 514 230.730000
o 504 230.870000
o 491 231.150000
o 490 231.920000
o 483 233.160000
o 482 233.280000
o 481 234.220000
481	234.220000
