ram_k3_n17.ra1
o 41905 0.000000
o 40358 0.000000
o 37129 0.000000
o 35226 0.000000
o 33845 0.000000
o 32845 0.000000
o 31562 0.000000
o 29621 0.000000
o 29004 0.000000
o 27493 0.000000
o 26483 0.000000
o 26126 0.000000
o 25619 0.000000
o 24597 0.000000
o 23953 0.000000
o 23493 0.000000
o 23149 0.000000
o 21877 0.000000
o 21013 0.000000
o 20586 0.000000
o 20335 0.000000
o 19728 0.000000
o 19560 0.000000
o 19268 0.000000
o 18976 0.000000
o 18736 0.000000
o 18722 0.000000
o 18541 0.000000
o 18490 0.000000
o 18393 0.000000
o 18208 0.000000
o 17638 0.000000
o 17610 0.000000
o 17402 0.000000
o 17221 0.000000
o 16982 0.000000
o 16713 0.000000
o 16485 0.000000
o 16197 0.000000
o 15706 0.000000
o 15405 0.000000
o 15266 0.000000
o 15122 0.000000
o 14806 0.000000
o 14723 0.000000
o 14360 0.000000
o 14245 0.000000
o 14217 0.000000
o 13968 0.000000
o 13963 0.000000
o 13872 0.000000
o 13650 0.000000
o 13620 0.000000
o 13478 0.000000
o 13467 0.000000
o 13443 0.000000
o 13345 0.000000
o 13333 0.000000
o 13283 0.000000
o 13238 0.000000
o 13156 0.000000
o 13106 0.000000
o 12605 0.000000
o 12327 0.000000
o 12319 0.000000
o 12314 0.000000
o 12214 0.040000
o 12209 1.710000
o 12106 4.660000
o 11865 5.320000
o 11748 17.810000
o 11736 17.810000
o 11726 17.810000
o 11660 17.840000
o 11618 17.840000
o 11569 17.840000
o 11402 22.340000
o 11150 22.340000
o 10942 22.340000
o 10905 23.960000
o 10808 168.030000
o 10754 168.230000
o 10558 170.060000
o 10554 170.060000
o 10401 170.060000
o 10379 170.070000
o 10372 171.700000
10372	171.700000
ram_k3_n17.ra1
o 49487 0.000000
o 45948 0.000000
o 41450 0.000000
o 38947 0.000000
o 37635 0.000000
o 36396 0.000000
o 35289 0.000000
o 33016 0.000000
o 32095 0.000000
o 31319 0.000000
o 30495 0.000000
o 28633 0.000000
o 27214 0.000000
o 27130 0.000000
o 26181 0.000000
o 25489 0.000000
o 24800 0.000000
o 24355 0.000000
o 24076 0.000000
o 23482 0.000000
o 23394 0.000000
o 23360 0.000000
o 22816 0.000000
o 22592 0.000000
o 22040 0.000000
o 21558 0.000000
o 21157 0.000000
o 20896 0.000000
o 20585 0.000000
o 20352 0.000000
o 19950 0.000000
o 19675 0.000000
o 19536 0.000000
o 19324 0.000000
o 19182 0.000000
o 19112 0.000000
o 19104 0.000000
o 18690 0.000000
o 18457 0.000000
o 17829 0.000000
o 17639 0.000000
o 17265 0.000000
o 17018 0.000000
o 16832 0.000000
o 16780 0.000000
o 16393 0.000000
o 15918 0.000000
o 15677 0.000000
o 15456 0.000000
o 15300 0.000000
o 14923 0.000000
o 14849 0.000000
o 14701 0.000000
o 14127 0.000000
o 13882 0.000000
o 13867 0.000000
o 13785 0.000000
o 13385 0.000000
o 13329 0.000000
o 12872 0.000000
o 12839 0.000000
o 12707 0.000000
o 12521 0.000000
o 12335 0.010000
o 12290 0.010000
o 12283 0.010000
o 12163 0.010000
o 12078 0.010000
o 11985 0.010000
o 11822 0.010000
o 11737 0.010000
o 11644 0.010000
o 11603 1.760000
o 11486 1.770000
o 11170 1.770000
o 11119 1.790000
o 11078 1.800000
o 10949 2.000000
o 10808 2.080000
o 10646 83.340000
o 10372 83.340000
10372	83.340000
ram_k3_n17.ra1
o 41989 0.000000
o 38034 0.000000
o 35930 0.000000
o 34889 0.000000
o 33336 0.000000
o 32491 0.000000
o 31630 0.000000
o 30677 0.000000
o 29836 0.000000
o 28466 0.000000
o 27690 0.000000
o 27051 0.000000
o 26481 0.000000
o 26015 0.000000
o 25564 0.000000
o 25163 0.000000
o 24575 0.000000
o 24053 0.000000
o 23711 0.000000
o 22738 0.000000
o 22096 0.000000
o 21881 0.000000
o 21518 0.000000
o 21373 0.000000
o 20391 0.000000
o 20276 0.000000
o 20269 0.000000
o 20179 0.000000
o 20157 0.000000
o 19820 0.000000
o 19643 0.000000
o 19448 0.000000
o 18725 0.000000
o 18657 0.000000
o 18501 0.000000
o 18346 0.000000
o 17536 0.000000
o 16907 0.000000
o 16844 0.000000
o 16742 0.000000
o 16651 0.000000
o 16083 0.000000
o 15643 0.000000
o 15601 0.000000
o 15452 0.000000
o 15423 0.000000
o 15259 0.000000
o 15210 0.000000
o 14902 0.000000
o 14662 0.000000
o 14459 0.000000
o 14414 0.000000
o 14331 0.000000
o 14329 0.000000
o 14093 0.000000
o 14078 0.000000
o 14012 0.000000
o 13778 0.000000
o 13548 0.000000
o 13340 0.000000
o 13256 0.000000
o 13092 0.000000
o 12754 0.000000
o 12721 0.000000
o 12676 0.010000
o 12643 0.010000
o 12387 0.120000
o 12290 0.210000
o 12275 0.210000
o 12238 0.210000
o 12155 0.210000
o 12140 0.330000
o 12118 0.390000
o 12093 0.390000
o 12083 0.390000
o 12052 0.390000
o 11989 0.390000
o 11453 0.390000
o 11440 0.390000
o 11267 0.390000
o 11095 0.390000
o 11084 0.390000
o 10909 0.390000
o 10869 0.390000
o 10610 0.390000
o 10605 0.390000
o 10490 0.390000
o 10372 261.980000
10372	261.980000
ram_k3_n17.ra1
o 43443 0.000000
o 39988 0.000000
o 35733 0.000000
o 33871 0.000000
o 32615 0.000000
o 30457 0.000000
o 29329 0.000000
o 28240 0.000000
o 27527 0.000000
o 26697 0.000000
o 25833 0.000000
o 25160 0.000000
o 23874 0.000000
o 23378 0.000000
o 22814 0.000000
o 22412 0.000000
o 21922 0.000000
o 21549 0.000000
o 20495 0.000000
o 20100 0.000000
o 19929 0.000000
o 19813 0.000000
o 19625 0.000000
o 19264 0.000000
o 19191 0.000000
o 19158 0.000000
o 18765 0.000000
o 18422 0.000000
o 18264 0.000000
o 18163 0.000000
o 17906 0.000000
o 17758 0.000000
o 17464 0.000000
o 17114 0.000000
o 16929 0.000000
o 16478 0.000000
o 16116 0.000000
o 15930 0.000000
o 15865 0.000000
o 15762 0.000000
o 15653 0.000000
o 15444 0.000000
o 15304 0.000000
o 15260 0.000000
o 15043 0.000000
o 14939 0.000000
o 14697 0.000000
o 14471 0.000000
o 14413 0.000000
o 13790 0.000000
o 13769 0.000000
o 13685 0.000000
o 13682 0.000000
o 13643 0.000000
o 13509 0.000000
o 13421 0.000000
o 13394 0.000000
o 12823 0.000000
o 12752 0.010000
o 12627 0.010000
o 12530 0.010000
o 12381 0.010000
o 12249 0.010000
o 12171 0.010000
o 12138 0.010000
o 11830 0.010000
o 11526 0.010000
o 11311 0.010000
o 11000 0.010000
o 10973 0.030000
o 10842 0.070000
o 10732 0.070000
o 10684 0.340000
o 10587 0.430000
o 10372 0.470000
10372	0.470000
ram_k3_n17.ra1
o 46267 0.000000
o 42742 0.000000
o 39295 0.000000
o 36788 0.000000
o 34371 0.000000
o 32285 0.000000
o 30830 0.000000
o 30230 0.000000
o 28949 0.000000
o 28270 0.000000
o 27015 0.000000
o 26368 0.000000
o 25756 0.000000
o 25089 0.000000
o 24219 0.000000
o 23738 0.000000
o 23317 0.000000
o 22599 0.000000
o 22256 0.000000
o 22096 0.000000
o 21811 0.000000
o 21478 0.000000
o 21462 0.000000
o 21316 0.000000
o 21148 0.000000
o 21091 0.000000
o 20955 0.000000
o 20479 0.000000
o 19406 0.000000
o 19021 0.000000
o 18664 0.000000
o 18343 0.000000
o 18021 0.000000
o 17771 0.000000
o 17433 0.000000
o 17092 0.000000
o 17053 0.000000
o 16721 0.000000
o 16379 0.000000
o 15826 0.000000
o 15751 0.000000
o 15618 0.000000
o 14986 0.000000
o 14653 0.000000
o 14332 0.000000
o 14326 0.000000
o 13711 0.000000
o 13572 0.000000
o 13266 0.000000
o 13258 0.000000
o 12920 0.000000
o 12701 0.000000
o 12135 0.000000
o 12063 0.000000
o 11972 0.000000
o 11963 0.000000
o 11759 0.000000
o 11657 0.000000
o 11551 0.000000
o 11545 0.000000
o 11390 0.000000
o 11340 0.000000
o 11184 0.000000
o 11169 0.000000
o 10935 0.000000
o 10861 0.000000
o 10672 0.000000
o 10610 0.000000
o 10605 0.000000
o 10490 0.000000
o 10401 295.040000
o 10379 295.130000
o 10372 296.210000
10372	296.210000
ram_k3_n17.ra1
o 50317 0.000000
o 45657 0.000000
o 42446 0.000000
o 38734 0.000000
o 36353 0.000000
o 34174 0.000000
o 32403 0.000000
o 31180 0.000000
o 29959 0.000000
o 28854 0.000000
o 27807 0.000000
o 27202 0.000000
o 25899 0.000000
o 24412 0.000000
o 23635 0.000000
o 22784 0.000000
o 22210 0.000000
o 20827 0.000000
o 20356 0.000000
o 19860 0.000000
o 19134 0.000000
o 18581 0.000000
o 17894 0.000000
o 17520 0.000000
o 17255 0.000000
o 17017 0.000000
o 16536 0.000000
o 16360 0.000000
o 15551 0.000000
o 15247 0.000000
o 14899 0.000000
o 14681 0.000000
o 14150 0.000000
o 13895 0.000000
o 13683 0.000000
o 13639 0.000000
o 13522 0.000000
o 12906 0.000000
o 12769 0.000000
o 12650 0.000000
o 12518 0.000000
o 12502 0.000000
o 12399 0.000000
o 12115 0.000000
o 12040 0.000000
o 11959 0.000000
o 11795 0.000000
o 11711 0.000000
o 11687 0.000000
o 11661 0.000000
o 11657 0.000000
o 11568 0.190000
o 11546 0.220000
o 11532 0.630000
o 11479 0.630000
o 11471 0.630000
o 11470 0.660000
o 11341 1.780000
o 11285 1.780000
o 11164 16.790000
o 11153 16.790000
o 11136 16.820000
o 11070 16.820000
o 11040 16.830000
o 10644 16.830000
o 10552 94.530000
o 10490 94.530000
o 10379 114.710000
o 10372 121.490000
10372	121.490000
ram_k3_n17.ra1
o 53122 0.000000
o 48492 0.000000
o 45141 0.000000
o 41269 0.000000
o 38336 0.000000
o 36373 0.000000
o 34781 0.000000
o 33372 0.000000
o 31976 0.000000
o 30784 0.000000
o 29985 0.000000
o 29217 0.000000
o 28486 0.000000
o 27920 0.000000
o 27340 0.000000
o 26820 0.000000
o 26175 0.000000
o 25443 0.000000
o 24769 0.000000
o 24231 0.000000
o 23728 0.000000
o 23267 0.000000
o 23163 0.000000
o 22748 0.000000
o 21728 0.000000
o 21393 0.000000
o 21280 0.000000
o 21100 0.000000
o 20535 0.000000
o 20481 0.000000
o 20269 0.000000
o 20048 0.000000
o 19797 0.000000
o 19774 0.000000
o 19761 0.000000
o 19732 0.000000
o 19255 0.000000
o 18737 0.000000
o 18470 0.000000
o 17744 0.000000
o 17056 0.000000
o 16700 0.000000
o 16602 0.000000
o 16488 0.000000
o 16338 0.000000
o 16246 0.000000
o 16217 0.000000
o 16215 0.000000
o 16173 0.000000
o 16167 0.000000
o 15721 0.000000
o 15576 0.000000
o 15268 0.000000
o 14831 0.000000
o 14711 0.000000
o 14465 0.000000
o 14462 0.000000
o 14446 0.000000
o 14375 0.000000
o 14371 0.000000
o 14299 0.000000
o 14230 0.000000
o 14162 0.000000
o 13970 0.000000
o 13947 0.000000
o 13786 0.000000
o 13542 0.000000
o 13522 0.000000
o 13419 0.000000
o 13290 0.000000
o 13176 0.000000
o 13100 0.000000
o 13083 0.010000
o 12994 0.010000
o 12882 0.010000
o 12869 0.010000
o 12843 0.010000
o 12743 0.010000
o 12675 0.010000
o 12590 0.010000
o 12561 0.010000
o 12547 0.010000
o 12434 0.010000
o 12101 0.010000
o 11987 0.040000
o 11858 0.430000
o 11592 0.430000
o 11528 1.510000
o 11416 1.540000
o 11283 1.880000
o 11253 15.620000
o 11100 15.620000
o 10784 15.620000
o 10761 68.090000
o 10490 164.460000
o 10379 178.800000
10379	178.800000
ram_k3_n17.ra1
o 55273 0.000000
o 51295 0.000000
o 47698 0.000000
o 43251 0.000000
o 40691 0.000000
o 37403 0.000000
o 35681 0.000000
o 33998 0.000000
o 32339 0.000000
o 31304 0.000000
o 29094 0.000000
o 28070 0.000000
o 26426 0.000000
o 25736 0.000000
o 24758 0.000000
o 23884 0.000000
o 23147 0.000000
o 22426 0.000000
o 21802 0.000000
o 21332 0.000000
o 20936 0.000000
o 20859 0.000000
o 20752 0.000000
o 20337 0.000000
o 20275 0.000000
o 20234 0.000000
o 20202 0.000000
o 19297 0.000000
o 18441 0.000000
o 17818 0.000000
o 17694 0.000000
o 16864 0.000000
o 16780 0.000000
o 16756 0.000000
o 16643 0.000000
o 16617 0.000000
o 16521 0.000000
o 16509 0.000000
o 16452 0.000000
o 16336 0.000000
o 15918 0.000000
o 15339 0.000000
o 15066 0.000000
o 14920 0.000000
o 14682 0.000000
o 14534 0.000000
o 14251 0.000000
o 14033 0.000000
o 13770 0.000000
o 13665 0.000000
o 13421 0.000000
o 13359 0.000000
o 13314 0.000000
o 13280 0.000000
o 12984 0.000000
o 12967 0.000000
o 12926 0.000000
o 12887 0.000000
o 12685 0.000000
o 12541 0.000000
o 12343 0.000000
o 12336 0.000000
o 12136 0.000000
o 12028 0.000000
o 11976 0.000000
o 11944 0.000000
o 11897 0.000000
o 11792 0.000000
o 11637 0.050000
o 11549 0.050000
o 11034 0.050000
o 10973 1.180000
o 10858 1.180000
o 10854 1.180000
o 10753 1.180000
o 10558 1.180000
o 10554 1.180000
o 10379 1.780000
o 10372 3.000000
10372	3.000000
ram_k3_n17.ra1
o 46458 0.000000
o 44359 0.000000
o 41858 0.000000
o 40863 0.000000
o 38223 0.000000
o 36641 0.000000
o 34655 0.000000
o 33177 0.000000
o 31963 0.000000
o 30875 0.000000
o 29841 0.000000
o 28309 0.000000
o 27607 0.000000
o 25927 0.000000
o 25252 0.000000
o 24372 0.000000
o 23698 0.000000
o 23196 0.000000
o 22701 0.000000
o 22318 0.000000
o 21656 0.000000
o 21340 0.000000
o 20704 0.000000
o 20418 0.000000
o 20221 0.000000
o 19464 0.000000
o 19143 0.000000
o 18840 0.000000
o 18249 0.000000
o 18181 0.000000
o 17488 0.000000
o 17371 0.000000
o 17330 0.000000
o 16997 0.000000
o 16850 0.000000
o 16346 0.000000
o 16098 0.000000
o 15551 0.000000
o 15453 0.000000
o 15398 0.000000
o 15145 0.000000
o 15133 0.000000
o 14975 0.000000
o 14775 0.000000
o 14378 0.000000
o 14122 0.000000
o 14041 0.000000
o 13740 0.000000
o 13709 0.000000
o 13474 0.000000
o 13429 0.000000
o 13342 0.000000
o 13182 0.000000
o 13145 0.000000
o 13050 0.000000
o 12952 0.000000
o 12929 0.000000
o 12860 0.000000
o 12853 0.000000
o 12269 0.000000
o 12164 0.000000
o 12150 0.000000
o 11915 0.000000
o 11739 0.000000
o 11707 0.000000
o 11556 0.000000
o 11442 12.140000
o 11301 12.140000
o 11118 12.140000
o 10490 12.140000
o 10379 240.590000
10379	240.590000
ram_k3_n17.ra1
o 60602 0.000000
o 56269 0.000000
o 54639 0.000000
o 49465 0.000000
o 46108 0.000000
o 44856 0.000000
o 42679 0.000000
o 39914 0.000000
o 38698 0.000000
o 36691 0.000000
o 35213 0.000000
o 33825 0.000000
o 32639 0.000000
o 32000 0.000000
o 31289 0.000000
o 30584 0.000000
o 29257 0.000000
o 28746 0.000000
o 28280 0.000000
o 27132 0.000000
o 25890 0.000000
o 25287 0.000000
o 24989 0.000000
o 24619 0.000000
o 24433 0.000000
o 24169 0.000000
o 23641 0.000000
o 23468 0.000000
o 23104 0.000000
o 22151 0.000000
o 21514 0.000000
o 21341 0.000000
o 20689 0.000000
o 20608 0.000000
o 20192 0.000000
o 19936 0.000000
o 19831 0.000000
o 19574 0.000000
o 19470 0.000000
o 18829 0.000000
o 18615 0.000000
o 18253 0.000000
o 17995 0.000000
o 17771 0.000000
o 17642 0.000000
o 17557 0.000000
o 17113 0.000000
o 17028 0.000000
o 16948 0.000000
o 16941 0.000000
o 16940 0.000000
o 16898 0.000000
o 16597 0.000000
o 16555 0.000000
o 16273 0.000000
o 16245 0.000000
o 16229 0.000000
o 16057 0.000000
o 15621 0.000000
o 15520 0.000000
o 15162 0.000000
o 15086 0.000000
o 15051 0.000000
o 14786 0.000000
o 14688 0.000000
o 14604 0.000000
o 14542 0.000000
o 14416 0.000000
o 14364 0.000000
o 14353 0.000000
o 14037 0.000000
o 13735 0.000000
o 13720 0.000000
o 13652 0.000000
o 13456 0.000000
o 13363 0.000000
o 13359 0.000000
o 12904 0.000000
o 12786 0.020000
o 12421 0.020000
o 12383 0.020000
o 12351 0.020000
o 12266 0.020000
o 12252 0.020000
o 12196 0.020000
o 12149 0.020000
o 12075 0.020000
o 11711 0.030000
o 11580 0.050000
o 11444 0.310000
o 11437 0.470000
o 11366 0.480000
o 11303 0.480000
o 11299 0.480000
o 11155 0.480000
o 11150 0.500000
o 11000 0.500000
o 10840 0.500000
o 10587 0.510000
o 10372 0.560000
10372	0.560000
