ran-scp.scpnrg4_weighted
o 286 0.200000
o 209 0.200000
o 207 0.200000
o 205 0.200000
o 204 0.200000
o 203 0.200000
o 202 0.200000
o 201 0.200000
o 199 0.200000
o 198 0.200000
o 195 0.200000
o 194 0.200000
o 189 0.200000
o 188 0.200000
o 187 0.200000
o 186 0.200000
o 185 0.200000
o 183 0.210000
o 182 0.210000
o 181 0.210000
o 180 0.210000
o 179 0.210000
o 178 0.210000
o 177 0.250000
o 176 0.350000
o 175 0.350000
o 174 2.740000
o 173 81.460000
o 172 123.590000
o 171 126.620000
171	126.620000
ran-scp.scpnrg4_weighted
o 241 0.290000
o 209 0.290000
o 208 0.290000
o 207 0.290000
o 199 0.290000
o 192 0.290000
o 187 0.290000
o 186 0.290000
o 185 0.290000
o 183 0.290000
o 182 0.290000
o 181 0.290000
o 180 0.290000
o 179 0.290000
o 178 0.290000
o 177 0.290000
o 176 0.290000
o 175 0.320000
o 174 0.320000
o 173 0.320000
o 172 1.740000
o 171 177.340000
o 170 284.960000
170	284.960000
ran-scp.scpnrg4_weighted
o 264 0.200000
o 210 0.200000
o 209 0.200000
o 208 0.200000
o 207 0.200000
o 204 0.200000
o 203 0.200000
o 202 0.200000
o 201 0.200000
o 199 0.220000
o 198 0.220000
o 196 0.220000
o 195 0.220000
o 194 0.220000
o 193 0.220000
o 191 0.220000
o 188 0.220000
o 187 0.220000
o 186 0.220000
o 185 0.220000
o 183 0.220000
o 181 0.220000
o 180 0.220000
o 179 0.220000
o 178 0.220000
o 177 0.220000
o 176 0.220000
o 175 0.230000
o 174 0.260000
o 173 52.130000
o 172 106.930000
o 171 107.750000
o 170 107.750000
170	107.750000
ran-scp.scpnrg4_weighted
o 246 0.210000
o 199 0.210000
o 198 0.210000
o 193 0.210000
o 192 0.210000
o 190 0.210000
o 189 0.210000
o 188 0.210000
o 187 0.210000
o 186 0.210000
o 185 0.210000
o 183 0.210000
o 182 0.210000
o 181 0.210000
o 180 0.210000
o 179 0.220000
o 178 0.220000
o 177 0.220000
o 176 0.220000
o 175 0.220000
o 174 0.400000
o 173 0.420000
o 172 0.480000
o 171 116.850000
o 170 283.810000
170	283.820000
ran-scp.scpnrg4_weighted
o 288 0.270000
o 211 0.270000
o 210 0.270000
o 203 0.270000
o 202 0.270000
o 201 0.270000
o 200 0.270000
o 195 0.270000
o 194 0.270000
o 191 0.270000
o 190 0.270000
o 189 0.270000
o 188 0.270000
o 185 0.270000
o 184 0.270000
o 183 0.280000
o 182 0.280000
o 181 0.280000
o 180 0.280000
o 179 0.280000
o 178 0.290000
o 177 0.310000
o 176 0.320000
o 175 0.320000
o 174 0.320000
o 173 0.360000
o 172 0.360000
o 171 1.660000
171	1.660000
ran-scp.scpnrg4_weighted
o 263 0.230000
o 212 0.230000
o 211 0.230000
o 210 0.230000
o 209 0.230000
o 207 0.230000
o 206 0.230000
o 205 0.230000
o 202 0.240000
o 199 0.240000
o 198 0.240000
o 197 0.240000
o 195 0.240000
o 194 0.240000
o 192 0.240000
o 191 0.240000
o 189 0.240000
o 188 0.240000
o 187 0.240000
o 186 0.240000
o 185 0.240000
o 184 0.240000
o 183 0.240000
o 181 0.240000
o 180 0.240000
o 179 0.240000
o 178 0.250000
o 177 0.250000
o 176 0.260000
o 175 0.280000
o 174 0.290000
o 173 112.770000
o 172 112.800000
o 171 112.870000
o 170 113.170000
170	113.170000
ran-scp.scpnrg4_weighted
o 262 0.210000
o 197 0.210000
o 196 0.210000
o 193 0.210000
o 192 0.210000
o 190 0.210000
o 189 0.210000
o 188 0.210000
o 187 0.210000
o 186 0.210000
o 185 0.210000
o 184 0.210000
o 183 0.210000
o 182 0.220000
o 181 0.220000
o 179 0.220000
o 178 0.220000
o 177 0.220000
o 175 0.240000
o 174 0.240000
o 173 0.240000
o 172 0.320000
o 171 0.400000
o 170 2.640000
170	2.640000
ran-scp.scpnrg4_weighted
o 277 0.270000
o 194 0.270000
o 193 0.270000
o 192 0.270000
o 191 0.270000
o 190 0.270000
o 189 0.270000
o 187 0.270000
o 186 0.270000
o 185 0.270000
o 184 0.270000
o 183 0.270000
o 182 0.270000
o 181 0.270000
o 180 0.270000
o 179 0.280000
o 178 0.280000
o 177 0.280000
o 176 0.280000
o 175 0.290000
o 174 0.290000
o 173 0.320000
o 172 0.320000
o 171 0.470000
171	0.470000
ran-scp.scpnrg4_weighted
o 235 0.210000
o 202 0.220000
o 201 0.220000
o 200 0.220000
o 199 0.220000
o 192 0.220000
o 191 0.220000
o 190 0.220000
o 187 0.220000
o 185 0.220000
o 183 0.220000
o 182 0.220000
o 181 0.220000
o 180 0.220000
o 179 0.220000
o 178 0.220000
o 177 0.230000
o 176 0.250000
o 175 0.250000
o 174 0.260000
o 173 0.320000
o 172 0.380000
o 171 0.540000
o 170 162.650000
o 169 166.420000
o 168 166.420000
168	166.420000
ran-scp.scpnrg4_weighted
o 262 0.200000
o 206 0.200000
o 204 0.200000
o 202 0.200000
o 196 0.200000
o 195 0.200000
o 194 0.200000
o 190 0.200000
o 189 0.200000
o 188 0.200000
o 186 0.200000
o 185 0.200000
o 183 0.200000
o 182 0.200000
o 181 0.220000
o 180 0.220000
o 179 0.230000
o 178 0.230000
o 177 0.230000
o 176 0.230000
o 175 0.240000
o 174 0.250000
o 173 0.330000
o 172 53.990000
o 171 54.010000
o 170 55.230000
170	55.230000
