simNo_7-s_5-m_100-n_100-fp_0.0001-fn_0.20
o 3485835678689766 1.100000
o 542129042296854 21.690000
o 541686670861293 21.690000
o 540101031881058 21.700000
o 538515392900823 21.710000
o 538073021465262 21.710000
o 536929753920588 21.720000
o 536487382485027 21.720000
o 534901743504792 21.720000
o 534459372069231 21.720000
o 532873733088996 21.910000
o 532431361653435 21.910000
o 531288094108761 22.140000
o 530845722673200 22.140000
o 530403351237639 22.380000
o 529960979802078 22.460000
o 529518608366517 22.530000
o 529076236930956 22.600000
o 528633865495395 22.670000
o 528191494059834 22.940000
o 527749122624273 22.960000
o 527306751188712 23.300000
o 526864379753151 23.320000
o 526422008317590 23.340000
o 525979636882029 23.420000
o 525537265446468 23.500000
o 525094894010907 23.800000
o 524652522575346 23.810000
o 524210151139785 24.060000
o 523767779704224 24.630000
o 523325408268663 24.720000
o 522883036833102 24.740000
o 522440665397541 24.830000
o 521998293961980 24.850000
o 521555922526419 24.860000
o 521113551090858 24.880000
o 520671179655297 25.340000
o 520228808219736 25.450000
o 519786436784175 26.140000
o 519344065348614 26.500000
o 518459322477492 38.250000
o 518016951041931 38.260000
o 517574579606370 39.010000
o 517132208170809 39.010000
o 516689836735248 39.110000
o 516247465299687 39.130000
o 515805093864126 39.260000
o 515362722428565 39.310000
o 514920350993004 39.350000
o 514477979557443 39.440000
o 514035608121882 45.810000
o 513593236686321 46.320000
o 513150865250760 46.580000
o 512708493815199 46.590000
o 512266122379638 53.030000
o 511823750944077 78.470000
o 511381379508516 78.490000
o 510939008072955 78.650000
o 510496636637394 78.790000
o 510054265201833 79.030000
o 509611893766272 79.190000
o 509169522330711 79.360000
o 508727150895150 91.730000
o 508284779459589 91.840000
o 507842408024028 91.840000
o 507400036588467 99.010000
o 506957665152906 105.750000
o 506515293717345 105.830000
o 506072922281784 105.870000
o 505630550846223 114.030000
o 505188179410662 114.040000
o 504745807975101 124.180000
o 504303436539540 124.180000
o 503861065103979 124.330000
o 503418693668418 124.340000
o 502976322232857 124.360000
o 502533950797296 133.490000
o 502091579361735 133.520000
o 501649207926174 133.560000
o 501206836490613 144.890000
o 429990731398989 238.950000
o 427962720983193 238.950000
o 423464328716040 238.950000
o 419408307884448 238.960000
o 418265040339774 238.960000
o 417822668904213 238.960000
o 414209019508182 238.960000
o 412181009092386 238.960000
o 411738637656825 238.960000
o 410152998676590 238.970000
o 409710627241029 238.980000
o 408124988260794 239.000000
o 407682616825233 239.010000
o 407240245389672 239.060000
o 406539349280559 239.320000
o 406096977844998 239.380000
o 405654606409437 239.460000
o 405212234973876 239.640000
o 404769863538315 239.760000
o 404327492102754 239.870000
o 403885120667193 240.020000
o 403442749231632 240.370000
o 403000377796071 244.320000
o 402558006360510 244.890000
o 402115634924949 244.890000
o 401673263489388 245.030000
o 401230892053827 245.200000
o 400788520618266 245.220000
o 400346149182705 245.230000
o 399903777747144 247.810000
o 399461406311583 255.930000
o 399019034876022 255.930000
399019034876022	255.930000
simNo_7-s_5-m_100-n_100-fp_0.0001-fn_0.20
o 4120304227187742 1.140000
o 427003300200528 16.170000
o 425860032655854 16.180000
o 425417661220293 16.180000
o 423832022240058 16.190000
o 423389650804497 16.190000
o 419333629972905 16.200000
o 417305619557109 16.200000
o 416863248121548 16.200000
o 415277609141313 16.200000
o 414835237705752 16.200000
o 412807227289956 16.240000
o 412364855854395 16.240000
o 410779216874160 16.260000
o 410336845438599 16.260000
o 409193577893925 16.290000
o 408751206458364 16.300000
o 408308835022803 16.460000
o 407866463587242 16.540000
o 407424092151681 16.720000
o 406981720716120 16.770000
o 406539349280559 16.870000
o 406096977844998 16.880000
o 405654606409437 17.020000
o 405212234973876 17.100000
o 404769863538315 17.130000
o 404327492102754 17.310000
o 403885120667193 17.430000
o 403442749231632 18.230000
o 403000377796071 18.450000
o 402558006360510 18.610000
o 402115634924949 18.630000
o 401673263489388 18.630000
o 401230892053827 18.660000
o 400788520618266 18.750000
o 400346149182705 19.030000
o 399903777747144 19.110000
o 399461406311583 19.120000
o 399019034876022 19.290000
o 398576663440461 19.320000
o 398134292004900 20.610000
o 397691920569339 20.620000
o 397249549133778 20.640000
o 396807177698217 20.750000
o 396364806262656 20.810000
o 395922434827095 20.890000
o 395480063391534 26.150000
o 395037691955973 26.270000
o 394595320520412 26.470000
o 394152949084851 26.510000
o 393710577649290 26.820000
o 393268206213729 26.910000
o 392825834778168 27.060000
o 392383463342607 27.060000
o 391941091907046 27.370000
o 391498720471485 27.490000
o 391056349035924 70.720000
o 390613977600363 76.590000
o 390171606164802 129.700000
o 389729234729241 129.780000
o 389286863293680 129.890000
o 388844491858119 129.980000
o 388402120422558 129.990000
o 387959748986997 130.020000
o 387517377551436 130.070000
o 387075006115875 130.150000
387075006115875	130.150000
simNo_7-s_5-m_100-n_100-fp_0.0001-fn_0.20
o 3762524142075447 1.130000
o 539325457860402 25.280000
o 537297447444606 25.280000
o 536855076009045 25.280000
o 535269437028810 25.360000
o 534827065593249 25.360000
o 534384694157688 25.570000
o 425452152159216 69.600000
o 424308884614542 69.620000
o 423866513178981 69.620000
o 422280874198746 69.650000
o 421838502763185 69.650000
o 420252863782950 69.680000
o 419810492347389 69.680000
o 419368120911828 69.860000
o 418925749476267 70.100000
o 418483378040706 70.120000
o 418041006605145 70.120000
o 417598635169584 71.190000
o 417156263734023 71.750000
o 416713892298462 71.790000
o 416271520862901 71.800000
o 415829149427340 71.900000
o 415386777991779 72.010000
o 414944406556218 72.200000
o 414502035120657 72.230000
o 414059663685096 72.270000
o 413617292249535 72.330000
o 413174920813974 74.150000
o 412732549378413 74.250000
o 412290177942852 74.610000
o 411847806507291 74.670000
o 411405435071730 74.870000
o 410963063636169 75.220000
o 410520692200608 75.880000
o 410078320765047 75.920000
o 409635949329486 76.010000
o 409193577893925 76.410000
o 408751206458364 76.740000
o 408308835022803 84.140000
o 407866463587242 90.130000
o 407424092151681 90.280000
o 406981720716120 90.340000
o 406539349280559 90.370000
o 406096977844998 90.370000
o 405654606409437 90.410000
405654606409437	90.410000
simNo_7-s_5-m_100-n_100-fp_0.0001-fn_0.20
o 4193778072463488 1.030000
o 513374898985389 19.540000
o 511346888569593 19.540000
o 510904517134032 19.540000
o 509318878153797 19.550000
o 508876506718236 19.550000
o 506406124866879 19.570000
o 504378114451083 19.570000
o 503935743015522 19.570000
o 502350104035287 19.600000
o 501907732599726 19.600000
o 500322093619491 20.050000
o 499879722183930 20.050000
o 499437350748369 20.230000
o 498994979312808 20.230000
o 498552607877247 20.650000
o 498110236441686 20.760000
o 497667865006125 20.890000
o 497225493570564 21.000000
o 496783122135003 21.090000
o 496340750699442 24.140000
o 495898379263881 24.210000
o 495456007828320 30.990000
o 495013636392759 31.150000
o 494571264957198 31.190000
o 494128893521637 31.330000
o 493686522086076 31.410000
o 493244150650515 31.520000
o 492801779214954 31.750000
o 492359407779393 31.850000
o 491917036343832 32.450000
o 491474664908271 32.590000
o 491032293472710 32.710000
o 490147550601588 33.180000
o 489705179166027 33.180000
o 489262807730466 42.140000
o 488820436294905 42.180000
o 488378064859344 42.230000
o 487935693423783 48.120000
o 487493321988222 48.150000
o 487050950552661 48.190000
o 421545487150710 91.910000
o 419517476734914 91.910000
o 419075105299353 91.910000
o 417489466319118 91.910000
o 417047094883557 91.920000
o 415461455903322 91.920000
o 415019084467761 91.920000
o 413875816923087 91.990000
o 413433445487526 91.990000
o 412991074051965 92.020000
o 411847806507291 92.160000
o 411405435071730 92.160000
o 410963063636169 92.220000
o 410520692200608 92.270000
o 410078320765047 92.890000
o 409635949329486 92.900000
o 409193577893925 93.120000
o 408751206458364 93.350000
o 408308835022803 93.420000
o 407866463587242 93.480000
o 407424092151681 94.940000
o 406981720716120 95.200000
o 406539349280559 99.660000
o 406096977844998 99.720000
o 405654606409437 99.860000
o 405212234973876 100.010000
o 404769863538315 100.050000
o 404327492102754 100.090000
o 403885120667193 100.310000
o 403442749231632 100.590000
o 403000377796071 100.770000
o 402558006360510 100.800000
o 402115634924949 103.760000
o 401673263489388 104.120000
o 401230892053827 104.300000
o 400788520618266 104.550000
o 400346149182705 104.630000
o 399903777747144 104.660000
o 399461406311583 104.740000
o 399019034876022 107.850000
o 398576663440461 107.910000
398576663440461	107.910000
simNo_7-s_5-m_100-n_100-fp_0.0001-fn_0.20
o 4147874915981913 1.130000
o 504085098838608 23.850000
o 502057088422812 23.850000
o 499586706571455 23.850000
o 497558696155659 23.860000
o 497116324720098 23.860000
o 495088314304302 23.860000
o 494645942868741 23.860000
o 493060303888506 23.870000
o 492617932452945 23.870000
o 492175561017384 23.970000
o 491474664908271 24.030000
o 491032293472710 24.030000
o 490589922037149 24.310000
o 490147550601588 24.310000
o 489705179166027 24.310000
o 489262807730466 24.380000
o 488820436294905 24.410000
o 488378064859344 24.620000
o 487935693423783 25.070000
o 487493321988222 25.080000
o 487050950552661 25.080000
o 486608579117100 25.490000
o 486166207681539 25.530000
o 485723836245978 25.740000
o 485281464810417 25.920000
o 484839093374856 26.130000
o 484396721939295 26.130000
o 483954350503734 26.400000
o 483511979068173 26.470000
o 483069607632612 27.110000
o 482627236197051 27.400000
o 482184864761490 27.400000
o 481742493325929 27.470000
o 481300121890368 34.900000
o 480857750454807 37.050000
o 480415379019246 45.060000
o 479973007583685 45.290000
o 479530636148124 45.320000
o 479088264712563 45.570000
o 478645893277002 47.200000
o 478203521841441 47.310000
o 477761150405880 55.840000
o 477318778970319 55.850000
o 476876407534758 73.810000
o 476434036099197 73.900000
o 475991664663636 73.980000
o 475549293228075 126.900000
o 475106921792514 126.980000
o 474664550356953 127.180000
o 474222178921392 127.180000
o 473779807485831 127.220000
o 473337436050270 127.770000
o 472895064614709 127.910000
o 472452693179148 128.120000
o 472010321743587 137.840000
o 471567950308026 137.850000
o 471125578872465 138.140000
o 470683207436904 138.230000
o 470240836001343 138.240000
o 469798464565782 138.280000
o 469356093130221 138.360000
o 468913721694660 138.420000
o 468471350259099 138.540000
o 468028978823538 138.540000
o 467586607387977 138.740000
o 467144235952416 139.110000
o 466701864516855 139.830000
o 466259493081294 144.850000
o 465817121645733 144.850000
o 465374750210172 144.900000
o 464932378774611 145.040000
o 456492830560029 253.830000
o 456050459124468 253.830000
o 454022448708672 253.870000
o 451994438292876 253.870000
o 449966427877080 253.880000
o 447938417461284 253.880000
o 447496046025723 253.880000
o 446795149916610 253.890000
o 446352778481049 253.890000
o 445910407045488 254.230000
o 445468035609927 254.450000
o 445025664174366 254.570000
o 444583292738805 254.570000
o 444140921303244 254.730000
o 443698549867683 254.750000
o 443256178432122 254.950000
o 442813806996561 255.210000
o 442371435561000 255.230000
o 441929064125439 255.800000
o 441486692689878 256.080000
o 441044321254317 256.090000
o 440601949818756 256.300000
o 440159578383195 256.380000
o 439717206947634 256.550000
o 439274835512073 256.580000
o 438832464076512 256.720000
o 438390092640951 257.110000
o 437947721205390 258.560000
o 437505349769829 258.600000
o 437062978334268 259.390000
o 436620606898707 259.400000
o 436178235463146 259.490000
o 435735864027585 259.500000
o 435293492592024 259.570000
o 434851121156463 259.570000
o 434408749720902 259.750000
o 433966378285341 259.860000
o 433524006849780 260.070000
o 433081635414219 260.280000
o 432639263978658 260.530000
o 432196892543097 260.530000
o 431754521107536 260.580000
o 431312149671975 260.990000
o 430869778236414 261.050000
o 430427406800853 261.120000
o 429985035365292 261.330000
o 429542663929731 261.470000
o 429100292494170 261.490000
o 428657921058609 262.230000
o 428215549623048 262.430000
o 427773178187487 273.430000
o 427330806751926 273.730000
o 426888435316365 274.040000
o 426446063880804 274.150000
o 426003692445243 274.150000
o 425561321009682 274.170000
o 425118949574121 274.280000
o 424676578138560 299.550000
o 424234206702999 299.570000
o 423791835267438 299.570000
o 423349463831877 299.630000
o 422907092396316 299.670000
422907092396316	299.670000
simNo_7-s_5-m_100-n_100-fp_0.0001-fn_0.20
o 4353496944835797 1.110000
o 551160317770083 22.200000
o 549132307354287 22.200000
o 547104296938491 22.200000
o 546661925502930 22.210000
o 545076286522695 22.240000
o 544633915087134 22.240000
o 543048276106899 22.240000
o 542605904671338 22.240000
o 541020265691103 22.310000
o 540577894255542 22.310000
o 540135522819981 23.150000
o 539693151384420 24.320000
o 539250779948859 24.350000
o 538808408513298 24.410000
o 538366037077737 24.490000
o 537923665642176 24.580000
o 537481294206615 24.740000
o 537038922771054 24.770000
o 536596551335493 24.930000
o 536154179899932 25.280000
o 535711808464371 25.490000
o 535269437028810 25.530000
o 534827065593249 25.650000
o 534384694157688 26.510000
o 533942322722127 26.510000
o 533499951286566 26.620000
o 533057579851005 26.650000
o 532615208415444 27.320000
o 532172836979883 28.220000
o 531730465544322 28.440000
o 531288094108761 28.930000
o 530845722673200 29.100000
o 530403351237639 30.780000
o 529960979802078 30.850000
o 529518608366517 31.340000
o 529076236930956 31.370000
o 528633865495395 36.560000
o 528191494059834 37.020000
o 527749122624273 48.560000
o 527306751188712 48.720000
o 526864379753151 48.740000
o 526422008317590 48.770000
o 525979636882029 48.840000
o 525537265446468 59.050000
o 525094894010907 59.050000
o 524652522575346 59.380000
o 524210151139785 59.790000
o 523767779704224 59.810000
o 435666882149739 105.390000
o 423498819654963 105.400000
o 423056448219402 105.400000
o 421470809239167 105.430000
o 419885170258932 105.450000
o 417857159843136 105.450000
o 417414788407575 105.460000
o 415829149427340 105.710000
o 415386777991779 105.710000
o 414944406556218 105.730000
o 414502035120657 105.740000
o 414059663685096 105.810000
o 413617292249535 105.970000
o 413174920813974 106.400000
o 412732549378413 106.510000
o 412290177942852 106.560000
o 411847806507291 107.030000
o 411405435071730 107.280000
o 410963063636169 107.430000
o 410520692200608 128.050000
o 410078320765047 133.940000
o 409635949329486 134.170000
o 409193577893925 134.290000
o 408751206458364 144.450000
o 408308835022803 150.640000
o 407866463587242 150.850000
o 407424092151681 153.880000
o 406981720716120 154.230000
o 406539349280559 154.250000
o 406096977844998 155.160000
o 405654606409437 164.310000
o 405212234973876 164.550000
o 404769863538315 165.080000
o 404327492102754 168.000000
o 403885120667193 168.020000
o 403442749231632 168.030000
o 403000377796071 168.080000
o 402558006360510 168.100000
o 402115634924949 168.160000
o 401673263489388 168.390000
o 401230892053827 168.410000
o 400788520618266 168.580000
o 400346149182705 169.040000
o 399903777747144 173.920000
o 399461406311583 174.560000
399461406311583	174.560000
simNo_7-s_5-m_100-n_100-fp_0.0001-fn_0.20
o 4131570458710305 1.140000
o 467735963211063 20.570000
o 467293591775502 20.570000
o 466592695666389 20.570000
o 465007056686154 20.630000
o 464564685250593 20.630000
o 462979046270358 20.660000
o 462536674834797 20.660000
o 462094303399236 20.930000
o 460508664419001 21.070000
o 460066292983440 21.070000
o 459623921547879 21.630000
o 459181550112318 21.780000
o 458739178676757 21.800000
o 458296807241196 21.960000
o 457854435805635 22.140000
o 457412064370074 22.710000
o 456969692934513 22.780000
o 456527321498952 22.810000
o 456084950063391 22.950000
o 455642578627830 23.030000
o 455200207192269 23.610000
o 454757835756708 23.640000
o 454315464321147 24.880000
o 453873092885586 24.900000
o 453430721450025 24.980000
o 452988350014464 25.150000
o 452545978578903 25.280000
o 452103607143342 25.360000
o 451661235707781 25.450000
o 451218864272220 25.570000
o 450776492836659 25.730000
o 450334121401098 25.830000
o 449891749965537 26.020000
o 449449378529976 27.570000
o 449007007094415 27.670000
o 448564635658854 27.750000
o 448122264223293 27.750000
o 447679892787732 28.090000
o 447237521352171 28.230000
o 446795149916610 28.450000
o 446352778481049 28.470000
o 445910407045488 28.500000
o 445468035609927 28.800000
o 445025664174366 34.770000
o 444583292738805 35.070000
o 444140921303244 35.080000
o 443698549867683 35.130000
o 443256178432122 37.850000
o 442813806996561 38.080000
o 442371435561000 46.290000
o 441929064125439 46.350000
o 441486692689878 46.410000
o 441044321254317 46.500000
o 440601949818756 46.500000
o 440159578383195 50.120000
o 439717206947634 63.930000
o 439274835512073 63.990000
o 438832464076512 64.510000
o 438390092640951 64.520000
o 437947721205390 64.650000
o 437505349769829 67.710000
o 437062978334268 67.760000
o 436620606898707 71.590000
o 436178235463146 75.310000
o 435735864027585 75.670000
o 435293492592024 75.710000
o 434851121156463 75.720000
o 434408749720902 80.700000
o 433966378285341 80.790000
o 433524006849780 80.800000
o 433081635414219 80.810000
o 432639263978658 80.880000
o 432196892543097 80.920000
o 431754521107536 81.130000
o 431312149671975 81.320000
o 430869778236414 81.350000
o 430427406800853 81.440000
o 429985035365292 81.500000
o 429542663929731 95.460000
o 429100292494170 95.480000
o 428657921058609 95.480000
o 428215549623048 95.770000
o 427773178187487 95.780000
o 427330806751926 95.990000
o 426888435316365 96.170000
o 426446063880804 96.180000
o 426003692445243 96.190000
o 425561321009682 96.400000
o 425118949574121 96.430000
o 424676578138560 96.480000
o 424234206702999 96.640000
o 423791835267438 108.390000
o 423349463831877 115.370000
o 422907092396316 122.580000
o 422464720960755 122.620000
o 422022349525194 122.640000
o 421579978089633 122.960000
o 421137606654072 128.310000
o 420695235218511 128.350000
o 420252863782950 128.360000
420252863782950	128.360000
simNo_7-s_5-m_100-n_100-fp_0.0001-fn_0.20
o 3681495491456241 1.170000
o 448863347305026 23.150000
o 446835336889230 23.150000
o 444807326473434 23.150000
o 442779316057638 23.150000
o 442336944622077 23.160000
o 441193677077403 23.180000
o 440751305641842 23.180000
o 439165666661607 23.210000
o 438723295226046 23.210000
o 437580027681372 23.210000
o 437137656245811 23.210000
o 435552017265576 23.280000
o 435109645830015 23.280000
o 434667274394454 23.630000
o 433081635414219 23.770000
o 432639263978658 23.770000
o 432196892543097 23.810000
o 431754521107536 24.200000
o 431312149671975 24.220000
o 430869778236414 24.590000
o 430427406800853 24.660000
o 429985035365292 24.920000
o 429542663929731 25.060000
o 429100292494170 25.400000
o 428657921058609 25.430000
o 428215549623048 25.910000
o 427773178187487 25.920000
o 427330806751926 25.920000
o 426888435316365 26.180000
o 426446063880804 27.820000
o 426003692445243 28.340000
o 425561321009682 28.340000
o 425118949574121 28.620000
o 424676578138560 28.670000
o 424234206702999 28.710000
o 423791835267438 28.710000
o 423349463831877 29.660000
o 422907092396316 29.710000
o 422464720960755 29.950000
o 422022349525194 30.020000
o 421579978089633 30.200000
o 421137606654072 30.280000
o 420695235218511 30.810000
o 420252863782950 34.950000
o 419810492347389 34.950000
o 419368120911828 42.430000
o 418925749476267 42.430000
o 418483378040706 42.680000
o 418041006605145 47.880000
o 417598635169584 48.310000
o 417156263734023 48.460000
o 416713892298462 48.640000
o 416271520862901 49.280000
o 415829149427340 51.980000
o 415386777991779 52.000000
o 414944406556218 52.130000
o 414502035120657 61.640000
o 414059663685096 61.750000
o 413617292249535 61.960000
o 413174920813974 61.960000
o 412732549378413 62.040000
o 412290177942852 62.040000
412290177942852	62.040000
simNo_7-s_5-m_100-n_100-fp_0.0001-fn_0.20
o 4117385777867127 1.110000
o 422504907933375 13.960000
o 420919268953140 13.970000
o 420476897517579 13.970000
o 418891258537344 13.980000
o 416863248121548 13.980000
o 416420876685987 13.980000
o 414835237705752 14.000000
o 414392866270191 14.000000
o 413950494834630 14.000000
o 413249598725517 14.080000
o 412807227289956 14.080000
o 412364855854395 14.160000
o 411922484418834 14.190000
o 410779216874160 14.210000
o 410336845438599 14.210000
o 409894474003038 14.270000
o 409452102567477 14.360000
o 409009731131916 14.370000
o 408567359696355 14.370000
o 407424092151681 14.560000
o 406981720716120 14.560000
o 406539349280559 14.630000
o 406096977844998 14.760000
o 405654606409437 14.820000
o 405212234973876 14.830000
o 404769863538315 14.960000
o 404327492102754 14.970000
o 403885120667193 14.990000
o 403442749231632 18.620000
o 403000377796071 18.720000
o 402558006360510 18.830000
o 402115634924949 18.860000
o 401673263489388 19.050000
o 401230892053827 19.150000
o 400788520618266 25.300000
o 400346149182705 25.340000
o 399903777747144 25.410000
o 399461406311583 25.440000
o 399019034876022 25.520000
o 398576663440461 26.260000
o 398134292004900 26.330000
o 397691920569339 28.700000
o 397249549133778 28.880000
o 396807177698217 29.040000
o 396364806262656 29.300000
o 395922434827095 29.360000
o 395480063391534 29.390000
o 395037691955973 29.430000
o 394595320520412 45.560000
o 394152949084851 45.610000
o 393710577649290 45.610000
o 393268206213729 45.770000
o 392825834778168 52.470000
o 392383463342607 57.630000
o 391941091907046 59.770000
o 391498720471485 59.960000
o 391056349035924 62.890000
o 390613977600363 62.920000
o 390171606164802 62.990000
o 389729234729241 63.040000
o 389286863293680 63.400000
o 388844491858119 63.430000
o 388402120422558 73.370000
o 387959748986997 73.580000
387959748986997	73.580000
simNo_7-s_5-m_100-n_100-fp_0.0001-fn_0.20
o 3777461298067752 1.070000
o 468879230755737 16.440000
o 468436859320176 16.440000
o 466851220339941 16.440000
o 464823209924145 16.440000
o 464380838488584 16.440000
o 462352828072788 16.450000
o 461910456637227 16.450000
o 460767189092553 16.500000
o 460324817656992 16.500000
o 459882446221431 16.510000
o 458739178676757 16.570000
o 458296807241196 16.570000
o 457854435805635 16.790000
o 457412064370074 17.070000
o 456969692934513 17.120000
o 456527321498952 17.270000
o 456084950063391 17.300000
o 455642578627830 17.900000
o 455200207192269 18.160000
o 454757835756708 18.170000
o 454315464321147 18.340000
o 453873092885586 18.420000
o 453430721450025 19.410000
o 452988350014464 19.540000
o 452545978578903 19.760000
o 452103607143342 20.050000
o 451661235707781 20.390000
o 451218864272220 24.180000
o 450776492836659 24.240000
o 450334121401098 24.260000
o 449891749965537 24.470000
o 449449378529976 24.620000
o 449007007094415 24.910000
o 448564635658854 24.910000
o 448122264223293 25.190000
o 447679892787732 25.220000
o 447237521352171 30.400000
o 446795149916610 30.760000
o 446352778481049 149.500000
o 445910407045488 154.870000
o 445468035609927 155.270000
o 445025664174366 155.280000
o 444583292738805 155.280000
o 444140921303244 155.280000
o 443698549867683 155.490000
o 443256178432122 155.500000
o 442813806996561 155.700000
o 442371435561000 155.700000
o 441929064125439 162.820000
o 441486692689878 168.330000
o 441044321254317 168.360000
o 440601949818756 168.440000
o 440159578383195 168.980000
o 439717206947634 169.010000
o 439274835512073 170.330000
o 438832464076512 170.400000
o 438390092640951 170.500000
o 437947721205390 170.760000
o 437505349769829 170.820000
o 437062978334268 170.820000
o 436620606898707 170.830000
o 436178235463146 170.910000
o 435735864027585 171.190000
o 435293492592024 171.230000
o 434851121156463 181.000000
o 434408749720902 185.590000
o 433966378285341 185.700000
o 433524006849780 185.730000
o 433081635414219 185.850000
o 432639263978658 185.920000
o 432196892543097 185.950000
o 431754521107536 186.110000
o 431312149671975 186.170000
o 430869778236414 186.190000
o 430427406800853 186.250000
o 429985035365292 196.180000
o 429542663929731 196.290000
o 429100292494170 203.220000
o 428657921058609 203.350000
o 428215549623048 212.130000
o 427773178187487 212.200000
o 427330806751926 212.340000
o 426888435316365 216.300000
o 426446063880804 216.420000
o 426003692445243 223.650000
o 425561321009682 223.680000
o 425118949574121 223.780000
o 424676578138560 224.020000
o 424234206702999 224.080000
o 423791835267438 224.220000
o 423349463831877 224.320000
o 422907092396316 238.780000
o 422464720960755 240.560000
o 422022349525194 244.690000
o 421579978089633 244.690000
o 421137606654072 244.730000
o 420695235218511 244.890000
o 420252863782950 244.960000
o 419810492347389 245.850000
o 419368120911828 245.860000
o 418925749476267 246.020000
o 418483378040706 246.110000
o 418041006605145 246.220000
o 417598635169584 246.260000
o 417156263734023 246.280000
o 416713892298462 246.340000
o 416271520862901 246.590000
o 415829149427340 246.780000
o 415386777991779 252.830000
o 414944406556218 252.900000
o 414502035120657 253.040000
o 414059663685096 266.430000
o 413617292249535 266.470000
o 413174920813974 266.470000
o 412732549378413 270.040000
412732549378413	270.040000
