tcp_students_112_it_5
o 3960 0.220000
o 3852 0.320000
o 3777 2.150000
o 3741 5.880000
o 3702 6.980000
o 3663 10.840000
o 3591 14.390000
o 3516 14.400000
o 3513 110.420000
o 3477 241.500000
o 3474 272.280000
3474	272.280000
tcp_students_112_it_5
o 3960 0.410000
o 3924 0.670000
o 3846 0.820000
o 3735 4.700000
o 3624 4.750000
o 3591 26.330000
o 3516 30.320000
o 3513 53.250000
o 3477 288.250000
3477	288.250000
tcp_students_112_it_5
o 3816 0.220000
o 3810 0.300000
o 3774 0.320000
o 3666 3.990000
o 3480 4.010000
o 3438 197.200000
o 3402 265.630000
3402	265.630000
tcp_students_112_it_5
o 3996 0.140000
o 3741 0.210000
o 3702 3.360000
o 3699 7.090000
o 3663 10.880000
o 3588 15.090000
o 3549 74.890000
o 3480 136.290000
o 3441 158.840000
3441	158.840000
tcp_students_112_it_5
o 3924 0.210000
o 3624 0.270000
o 3516 7.790000
o 3441 103.020000
3441	103.020000
tcp_students_112_it_5
o 3996 0.130000
o 3627 0.180000
o 3591 3.780000
o 3555 3.790000
o 3516 7.730000
o 3438 41.370000
3438	41.370000
tcp_students_112_it_5
o 3960 0.130000
o 3882 0.180000
o 3846 0.180000
o 3738 3.440000
o 3702 46.070000
o 3627 49.990000
o 3591 50.000000
o 3555 53.750000
o 3516 61.650000
o 3441 61.690000
o 3402 178.510000
o 3366 178.520000
3366	178.520000
tcp_students_112_it_5
o 3996 0.140000
o 3660 0.210000
o 3624 7.970000
o 3552 20.310000
o 3549 31.710000
o 3441 39.330000
3441	39.330000
tcp_students_112_it_5
o 3996 0.140000
o 3885 0.200000
o 3738 8.410000
o 3627 14.860000
o 3591 30.010000
o 3402 37.650000
3402	37.650000
tcp_students_112_it_5
o 3960 0.140000
o 3924 0.180000
o 3849 0.340000
o 3813 0.380000
o 3741 2.940000
o 3702 10.530000
o 3666 10.550000
o 3588 10.580000
o 3552 24.350000
o 3549 32.180000
o 3402 202.660000
3402	202.660000
