tic.formula_0.8_2021_atleast_15_max-3_reduced_incomplete_adaboost_6
o 983 0.080000
o 837 0.270000
o 793 0.480000
o 790 6.050000
o 780 6.970000
o 772 8.700000
o 726 13.230000
o 725 18.950000
o 715 50.580000
o 702 74.780000
o 696 74.840000
o 690 124.800000
o 684 203.130000
684	203.130000
tic.formula_0.8_2021_atleast_15_max-3_reduced_incomplete_adaboost_6
o 951 0.090000
o 928 0.360000
o 793 0.620000
o 770 2.400000
o 716 2.430000
o 690 4.270000
690	4.270000
tic.formula_0.8_2021_atleast_15_max-3_reduced_incomplete_adaboost_6
o 1695 0.100000
o 1690 0.100000
o 1681 0.100000
o 793 0.280000
o 754 1.820000
o 717 5.870000
o 661 41.000000
o 660 41.010000
660	41.010000
tic.formula_0.8_2021_atleast_15_max-3_reduced_incomplete_adaboost_6
o 1192 0.080000
o 837 0.310000
o 811 0.720000
o 793 1.030000
o 785 2.320000
o 769 2.340000
o 765 5.650000
o 759 5.950000
o 752 12.070000
o 749 28.650000
o 684 29.120000
684	29.120000
tic.formula_0.8_2021_atleast_15_max-3_reduced_incomplete_adaboost_6
o 1230 0.090000
o 928 0.340000
o 868 0.470000
o 811 0.850000
o 742 1.710000
o 687 29.730000
687	29.730000
tic.formula_0.8_2021_atleast_15_max-3_reduced_incomplete_adaboost_6
o 985 0.090000
o 793 0.320000
o 778 1.110000
o 769 2.120000
o 761 9.910000
o 746 14.040000
o 738 14.490000
o 728 14.830000
o 723 22.920000
o 721 22.920000
o 716 28.830000
o 711 61.620000
o 708 184.080000
708	184.080000
tic.formula_0.8_2021_atleast_15_max-3_reduced_incomplete_adaboost_6
o 1377 0.100000
o 1372 0.100000
o 1363 0.100000
o 940 0.300000
o 937 0.350000
o 912 0.370000
o 811 0.790000
o 805 1.430000
o 793 1.480000
o 789 3.440000
o 769 6.200000
o 764 6.290000
o 747 6.290000
o 727 6.340000
o 687 10.860000
o 662 110.690000
662	110.690000
tic.formula_0.8_2021_atleast_15_max-3_reduced_incomplete_adaboost_6
o 1131 0.090000
o 963 0.330000
o 811 0.390000
o 793 0.570000
o 785 1.210000
o 757 4.200000
o 724 4.220000
o 721 82.580000
o 716 97.840000
o 715 144.050000
o 713 157.560000
o 674 184.750000
674	184.750000
tic.formula_0.8_2021_atleast_15_max-3_reduced_incomplete_adaboost_6
o 1323 0.080000
o 837 0.300000
o 799 0.600000
o 793 0.820000
o 767 5.230000
o 739 16.810000
o 725 26.730000
o 717 26.740000
o 710 110.090000
o 698 285.940000
698	285.940000
tic.formula_0.8_2021_atleast_15_max-3_reduced_incomplete_adaboost_6
o 1621 0.080000
o 1612 0.080000
o 1609 0.080000
o 1604 0.080000
o 1595 0.080000
o 1003 0.260000
o 839 0.410000
o 838 0.410000
o 837 0.410000
o 811 0.680000
o 793 0.980000
o 792 4.640000
o 757 5.930000
o 723 6.110000
o 676 74.400000
676	74.400000
