vio.role_university_violations_0.2_7
o 219617 1.950000
o 125155 5.590000
o 125142 5.730000
o 125079 5.750000
o 124999 5.760000
o 124978 5.790000
o 124957 5.790000
o 124955 5.790000
o 124934 5.790000
o 124516 5.810000
o 124485 7.980000
o 124466 7.980000
o 124464 7.980000
o 124462 7.990000
o 124310 8.010000
o 123574 8.860000
o 123555 8.860000
o 123536 8.860000
o 123515 8.860000
o 123513 8.870000
o 123494 8.870000
o 123163 9.050000
o 122084 9.090000
o 122035 75.940000
o 121782 76.080000
o 121720 76.440000
o 121473 79.730000
o 121454 79.730000
o 121435 79.730000
o 121429 80.870000
o 121410 80.870000
o 121391 80.880000
o 121372 80.880000
o 121353 80.880000
o 121334 80.880000
o 121315 80.880000
o 121296 80.880000
o 121294 80.890000
o 121275 80.900000
o 121256 80.900000
o 121237 80.920000
o 121218 80.920000
o 121199 80.920000
o 121180 80.920000
o 121161 80.930000
o 121142 80.930000
o 121123 81.050000
121123	81.050000
vio.role_university_violations_0.2_7
o 221797 2.040000
o 125876 5.960000
o 125857 5.960000
o 125781 5.970000
o 125762 5.970000
o 124595 6.240000
o 124582 6.410000
o 124563 6.430000
o 124367 6.720000
o 124348 6.720000
o 124329 6.720000
o 124310 6.720000
o 124291 6.720000
o 124116 6.780000
o 124059 6.780000
o 123736 6.950000
o 123555 7.080000
o 123536 7.080000
o 123517 7.080000
o 123498 7.080000
o 123479 7.080000
o 123458 7.080000
o 123439 7.090000
o 123420 7.090000
o 123401 7.100000
o 123382 7.100000
o 123363 7.100000
o 123215 8.600000
o 123198 8.630000
o 123181 8.660000
o 123023 8.700000
o 122556 8.870000
o 122537 8.870000
o 122531 9.930000
o 122512 9.930000
o 122493 9.930000
o 122474 9.930000
o 122455 9.980000
o 122436 9.980000
o 122417 9.980000
o 121551 11.480000
o 121548 14.670000
o 121529 14.670000
o 121476 14.710000
o 121474 14.960000
o 121386 160.370000
o 121367 160.380000
o 121193 226.650000
o 120646 226.680000
o 120625 226.680000
o 120606 226.680000
o 120587 226.680000
o 120568 226.680000
o 120566 226.790000
o 120559 226.940000
o 120500 226.980000
o 120363 227.010000
o 120306 227.010000
o 120287 227.020000
o 120249 227.040000
o 120192 227.040000
o 120187 227.290000
o 120168 227.290000
o 120166 227.300000
o 120147 227.300000
o 119891 227.310000
o 119678 227.320000
o 119621 227.320000
o 119602 227.330000
o 119583 227.330000
o 119564 227.330000
o 119545 227.330000
o 119528 227.360000
o 119509 227.360000
o 119488 227.400000
o 119437 228.180000
o 119418 228.180000
o 119376 228.200000
o 119319 228.240000
o 119300 228.280000
o 119281 228.280000
o 119262 228.470000
o 119243 228.470000
o 119224 228.480000
o 119205 228.490000
o 119186 228.700000
o 119057 228.950000
o 119038 228.960000
o 118895 228.990000
o 118876 228.990000
o 118857 229.190000
o 118838 229.190000
o 118819 229.200000
o 118800 229.200000
o 118781 229.200000
o 118762 229.290000
o 118743 229.310000
118743	229.310000
vio.role_university_violations_0.2_7
o 221496 2.010000
o 221477 2.060000
o 127339 5.700000
o 126525 5.920000
o 126288 7.620000
o 125532 7.650000
o 124799 7.670000
o 124723 7.700000
o 124704 7.700000
o 124610 8.090000
o 124589 8.090000
o 124570 8.090000
o 124551 8.090000
o 124532 8.090000
o 124513 8.090000
o 124494 8.090000
o 124475 8.090000
o 124456 8.090000
o 124437 8.090000
o 124418 8.090000
o 124399 8.090000
o 124380 8.090000
o 124361 8.090000
o 124342 8.090000
o 124323 8.090000
o 124304 8.090000
o 124285 8.090000
o 124266 8.090000
o 124247 8.090000
o 124228 8.090000
o 124209 8.090000
o 124190 8.090000
o 124169 8.090000
o 124155 8.130000
o 124136 8.130000
o 124117 8.140000
o 124098 8.150000
o 124079 8.150000
o 124073 8.170000
o 124054 8.170000
o 124035 8.170000
o 124016 8.170000
o 123999 8.180000
o 123980 8.190000
o 123919 8.210000
o 123900 8.210000
o 123222 8.300000
o 123203 8.300000
o 122751 10.430000
o 122732 10.430000
o 122730 10.490000
o 122711 10.580000
o 122692 10.590000
o 122673 10.590000
o 122563 10.640000
o 122561 10.700000
o 122428 10.710000
o 122409 10.720000
o 122261 13.750000
o 122242 13.760000
o 122223 13.760000
o 122204 13.760000
o 122202 13.770000
o 122183 13.770000
o 122164 13.870000
o 122145 13.870000
o 122126 13.870000
o 122107 13.870000
o 122088 13.880000
o 122069 13.890000
o 122050 13.890000
o 122031 13.890000
o 122016 15.150000
o 121997 15.150000
o 121978 15.150000
o 121959 15.180000
o 121940 15.180000
o 121921 15.200000
o 121902 15.200000
o 121883 15.200000
o 121830 15.500000
o 121813 15.500000
o 121794 15.510000
o 121775 15.520000
o 121756 15.530000
o 121737 15.550000
o 121718 15.650000
o 121699 15.650000
o 121680 15.650000
o 121638 88.760000
o 121619 88.830000
o 121600 88.830000
o 121581 88.830000
o 121562 88.830000
o 121543 88.830000
o 121524 88.920000
o 121467 89.080000
o 121448 89.080000
o 121441 101.620000
o 121439 101.750000
o 121422 101.880000
o 121403 101.890000
o 121384 101.900000
o 121383 102.410000
o 121364 102.410000
o 121345 102.410000
o 121326 102.410000
o 121307 102.440000
o 121292 102.440000
o 121290 102.940000
o 121271 102.940000
o 121252 102.940000
o 121235 102.980000
o 121216 102.990000
o 121197 102.990000
o 121178 102.990000
o 121172 172.440000
o 121153 172.440000
o 121134 172.440000
o 121102 180.790000
o 121083 180.790000
o 121064 180.790000
o 121024 180.800000
o 120448 247.130000
o 120446 247.130000
o 120427 247.140000
o 120423 247.150000
o 120404 247.150000
o 120385 247.150000
o 120366 247.150000
o 120347 247.150000
o 120273 247.190000
o 120271 247.310000
o 120252 247.310000
o 120250 247.330000
o 120231 247.370000
o 120193 247.370000
o 120174 247.370000
o 120155 247.370000
o 120136 247.370000
o 120117 247.370000
120117	247.370000
vio.role_university_violations_0.2_7
o 220898 2.190000
o 220879 2.250000
o 220858 2.250000
o 125412 6.580000
o 125101 7.080000
o 125063 7.090000
o 124780 7.310000
o 124685 7.340000
o 124679 7.510000
o 124677 7.510000
o 124589 7.680000
o 124532 7.680000
o 124427 7.690000
o 124408 7.690000
o 124389 7.690000
o 124387 7.690000
o 124368 7.690000
o 124349 7.690000
o 124343 7.750000
o 124324 7.750000
o 124305 7.750000
o 124111 7.790000
o 124052 8.700000
o 123845 8.710000
o 123826 8.710000
o 123596 8.720000
o 123404 8.950000
o 122655 9.280000
o 122522 9.290000
o 122309 9.290000
o 122271 9.290000
o 120627 9.530000
o 120606 9.530000
o 120585 9.530000
o 120566 9.530000
o 120547 9.530000
o 120528 9.530000
o 120509 9.530000
o 120488 9.540000
o 120469 9.540000
o 120450 9.540000
o 120431 9.540000
o 120412 9.540000
o 120393 9.540000
o 120374 9.540000
o 120355 9.540000
o 120336 9.550000
o 120317 9.550000
o 120298 9.550000
o 120279 9.550000
o 119563 9.860000
119563	9.860000
vio.role_university_violations_0.2_7
o 218575 2.000000
o 127223 5.410000
o 127071 5.420000
o 126972 5.420000
o 126408 5.900000
o 126294 5.920000
o 126256 5.930000
o 126103 6.340000
o 126101 6.340000
o 126082 6.340000
o 125930 6.350000
o 125884 6.410000
o 125827 6.420000
o 125462 6.500000
o 125182 6.580000
o 125007 6.610000
o 124950 6.610000
o 124537 8.010000
o 124438 8.030000
o 124220 8.320000
o 124040 8.800000
o 124021 8.800000
o 124002 8.810000
o 123319 11.670000
o 123300 11.690000
o 123281 11.690000
o 123262 11.690000
o 123243 11.690000
o 122601 11.690000
o 122582 11.730000
o 122563 11.730000
o 122525 11.740000
o 122506 11.830000
o 122487 11.830000
o 122393 12.550000
o 122374 12.550000
o 122372 12.560000
o 122286 12.600000
o 122267 12.600000
o 122248 12.600000
o 122229 12.600000
o 122210 12.600000
o 122191 12.600000
o 122129 83.000000
o 122110 83.000000
o 121936 83.100000
o 121915 83.100000
o 121913 83.100000
o 121894 83.100000
o 121875 83.120000
o 121856 83.120000
o 121837 83.120000
o 121770 225.120000
o 121751 225.140000
o 121732 225.140000
o 121713 225.150000
o 121711 225.290000
o 121692 225.290000
o 121673 225.290000
o 121656 228.430000
o 121637 228.480000
o 121618 228.480000
o 121599 228.480000
o 121580 228.480000
o 121578 228.480000
121578	228.480000
vio.role_university_violations_0.2_7
o 219688 1.910000
o 219669 1.950000
o 127932 5.440000
o 127892 5.500000
o 127871 5.510000
o 127818 5.520000
o 127533 5.560000
o 125732 5.680000
o 125289 5.710000
o 125270 5.710000
o 125268 5.730000
o 125247 5.770000
o 125236 7.020000
o 124985 7.660000
o 124833 7.670000
o 124624 7.760000
o 124605 7.780000
o 124588 9.890000
o 124569 9.890000
o 124550 9.900000
o 124531 9.900000
o 124512 9.900000
o 124493 9.900000
o 124491 9.900000
o 124487 9.940000
o 124468 9.940000
o 124449 9.940000
o 124430 9.940000
o 124411 9.940000
o 124392 9.940000
o 124373 10.020000
o 124354 10.020000
o 124335 10.020000
o 124316 10.040000
o 124297 10.050000
o 123591 19.710000
o 123589 19.730000
o 123570 19.730000
o 123564 20.150000
o 123294 20.180000
o 123275 20.190000
o 123256 20.190000
o 123237 20.200000
o 123218 20.220000
o 123216 20.520000
o 123197 20.520000
o 123180 20.970000
o 123178 24.150000
o 123159 24.150000
o 123140 24.150000
o 123121 24.160000
o 123102 24.170000
o 123077 36.710000
o 123058 36.710000
o 123039 36.710000
o 123020 36.720000
o 123001 36.720000
o 122982 36.720000
o 122963 36.720000
o 122944 36.720000
o 122925 36.720000
o 122922 85.840000
o 122903 85.840000
o 122884 85.840000
o 122865 85.840000
o 122846 85.840000
o 122827 85.840000
o 122808 85.840000
o 122789 85.840000
o 122770 85.840000
o 122751 85.840000
o 122713 85.840000
o 122617 85.890000
o 122598 85.890000
o 122579 85.890000
o 122560 85.890000
o 122541 85.890000
o 122522 85.890000
o 122503 85.900000
o 122298 85.950000
o 122294 85.980000
o 122275 85.980000
o 122256 85.980000
o 122237 85.980000
o 122218 85.980000
o 122199 85.990000
o 122180 86.120000
o 122161 86.120000
o 121806 158.720000
121806	158.720000
vio.role_university_violations_0.2_7
o 220987 1.980000
o 125414 5.690000
o 124844 5.690000
o 124805 6.540000
o 124651 6.580000
o 124594 6.580000
o 124592 6.590000
o 124571 6.590000
o 124567 7.330000
o 124548 7.330000
o 124529 7.350000
o 124525 7.400000
o 124506 7.400000
o 124301 7.410000
o 124282 7.410000
o 124263 7.410000
o 124244 7.420000
o 124225 7.420000
o 124206 7.450000
o 124200 7.470000
o 124162 7.550000
o 124006 7.570000
o 123359 8.540000
o 122679 8.580000
o 122641 8.580000
o 122466 8.590000
o 122381 8.780000
o 122362 8.780000
o 122360 8.780000
o 122341 88.740000
o 122056 88.750000
o 122037 88.750000
o 122018 88.750000
o 121999 88.750000
o 121980 88.750000
o 121961 88.750000
o 121942 88.750000
o 121923 88.750000
o 121904 88.750000
o 121558 89.560000
o 121543 89.830000
o 121524 89.830000
o 121505 90.490000
o 121486 90.490000
o 120973 224.270000
o 120954 224.270000
o 120935 224.270000
o 120916 224.280000
o 120897 224.280000
o 120878 224.280000
o 120861 224.370000
o 120842 224.370000
o 120823 224.370000
o 120747 224.530000
o 120743 224.530000
o 120722 224.530000
120722	224.530000
vio.role_university_violations_0.2_7
o 233757 2.310000
o 134152 6.930000
o 133956 7.000000
o 133532 7.370000
o 132827 7.390000
o 132789 7.440000
o 132694 7.440000
o 132614 7.450000
o 131317 7.540000
o 131260 7.540000
o 130821 7.550000
o 130388 7.580000
o 130306 7.680000
o 130063 7.690000
o 128862 7.760000
o 128370 7.850000
o 127213 7.900000
o 127199 12.040000
o 127180 12.050000
o 127161 12.060000
o 127142 12.060000
o 127123 12.070000
o 127104 12.070000
o 127066 12.100000
o 127047 12.100000
o 126979 12.340000
o 126922 12.340000
o 126900 12.790000
o 126898 12.830000
o 126879 12.840000
o 126841 12.840000
o 126822 12.880000
o 126803 12.880000
o 126797 13.110000
o 126759 13.130000
o 126683 13.200000
o 126578 13.850000
o 126416 13.910000
o 126359 13.910000
o 126351 13.950000
o 126332 13.980000
o 126313 14.020000
o 126294 14.040000
o 126275 14.070000
o 126256 14.070000
o 126070 14.360000
o 126051 14.360000
o 126032 14.360000
o 126013 14.360000
o 125994 14.360000
o 125975 14.360000
o 125636 20.230000
o 125579 20.250000
o 125560 20.250000
o 125541 20.290000
o 125522 20.290000
o 125503 20.350000
o 125484 20.350000
o 125480 20.420000
o 125461 20.420000
o 125459 20.700000
o 125440 20.710000
o 125439 62.990000
o 125432 77.950000
o 125247 143.440000
o 124157 143.530000
o 124138 143.530000
o 124119 143.530000
o 124100 143.530000
o 124081 143.530000
o 124062 143.530000
o 124043 143.530000
o 124024 143.530000
o 123359 143.560000
o 122848 143.780000
o 122791 143.780000
o 122658 143.830000
o 122595 143.870000
o 122542 143.960000
o 122512 144.810000
o 122484 159.380000
o 122465 159.380000
o 122446 159.380000
o 122427 159.380000
o 122408 159.380000
o 122389 159.390000
o 122370 159.390000
o 122349 159.400000
o 122330 159.400000
o 122311 159.400000
o 122212 160.230000
o 122096 227.000000
o 122052 292.350000
o 122033 292.350000
o 121967 296.370000
o 121948 296.370000
o 121929 296.370000
o 121910 296.370000
o 121891 296.370000
o 121872 296.370000
o 121853 296.370000
o 121834 296.370000
o 121832 296.370000
o 121771 296.430000
o 121604 297.320000
o 121089 297.870000
o 121087 297.960000
o 121068 297.960000
o 121049 298.030000
o 121028 298.370000
o 121009 298.370000
o 120736 298.440000
o 120371 299.310000
o 120352 299.310000
o 120333 299.330000
o 120314 299.330000
o 120295 299.350000
o 120276 299.350000
120276	299.350000
vio.role_university_violations_0.2_7
o 212522 2.080000
o 212503 2.120000
o 124691 6.140000
o 124672 6.140000
o 124634 6.190000
o 124499 6.200000
o 124210 6.440000
o 124170 6.490000
o 123974 7.260000
o 123166 7.350000
o 123041 7.370000
o 122940 7.540000
o 122902 7.570000
o 122727 7.570000
o 122689 7.570000
o 122257 8.060000
o 122255 8.090000
o 122236 8.090000
o 122217 8.090000
o 122198 8.090000
o 121516 8.110000
o 121497 8.110000
o 121478 8.110000
o 121459 8.110000
o 121364 8.130000
o 121345 8.140000
o 121250 8.170000
o 120800 8.400000
o 120781 8.410000
o 120762 8.410000
o 120743 8.410000
o 120724 8.410000
o 120705 8.410000
o 120595 8.430000
o 120576 8.430000
o 120557 8.430000
o 120538 8.440000
o 120352 8.600000
o 120331 8.610000
120331	8.610000
vio.role_university_violations_0.2_7
o 214294 1.870000
o 127743 4.940000
o 127711 5.860000
o 127669 5.870000
o 127368 6.120000
o 127349 6.120000
o 127311 6.130000
o 127295 6.160000
o 127276 6.160000
o 127257 6.170000
o 127162 6.180000
o 126833 6.200000
o 126032 6.690000
o 126013 6.690000
o 126009 6.840000
o 125990 6.840000
o 125971 6.840000
o 125969 6.870000
o 125950 6.870000
o 125931 6.870000
o 125912 6.870000
o 125666 8.810000
o 125647 8.810000
o 125628 8.810000
o 125284 8.860000
o 125227 8.880000
o 123941 8.910000
o 123700 9.170000
o 123681 9.170000
o 123677 9.250000
o 123660 9.380000
o 123601 9.380000
o 123573 10.520000
o 123554 10.530000
o 123535 10.560000
o 123516 10.560000
o 123497 10.640000
o 123478 10.640000
o 123451 16.700000
o 123432 16.760000
o 123413 16.830000
o 123394 16.830000
o 123377 17.120000
o 123358 17.120000
o 123339 17.130000
o 123320 17.130000
o 123301 17.180000
o 123282 17.180000
o 123263 17.180000
o 123244 17.180000
o 123225 17.180000
o 123223 18.130000
o 123204 18.130000
o 123185 18.130000
o 123166 18.130000
o 123147 18.130000
o 123030 80.190000
o 122988 80.330000
o 122656 80.500000
o 122618 80.520000
o 122525 80.530000
o 122468 80.540000
o 122449 80.550000
o 122225 80.550000
o 122206 80.550000
o 122187 80.550000
o 121839 81.270000
o 121801 81.270000
o 121744 81.280000
o 121332 81.410000
o 121313 81.410000
o 121150 81.440000
o 121131 81.450000
o 121127 81.470000
o 121108 81.470000
o 121089 81.470000
o 121070 81.470000
o 121051 81.470000
o 121032 81.480000
o 121013 81.480000
o 120994 81.480000
120994	81.480000
