vio.role_domino_violations_0.7_16
o 404889 1.100000
o 183544 13.070000
o 183530 13.070000
o 183493 121.310000
o 183424 121.390000
o 183383 122.780000
o 183369 122.780000
o 183308 122.780000
o 183294 122.780000
o 183283 122.780000
o 180717 129.150000
o 180681 214.950000
180681	214.950000
vio.role_domino_violations_0.7_16
o 458798 1.120000
o 458773 1.150000
o 184811 13.440000
o 183456 13.800000
o 183419 14.210000
o 183405 14.210000
o 183327 15.670000
o 183288 15.670000
o 183274 15.680000
o 182606 64.830000
o 181856 212.970000
o 181773 213.140000
o 181308 258.990000
181308	258.990000
vio.role_domino_violations_0.7_16
o 436612 0.980000
o 436587 1.010000
o 181110 10.190000
o 181099 10.670000
o 181055 10.710000
o 180867 59.810000
o 180695 60.280000
180695	60.280000
vio.role_domino_violations_0.7_16
o 430802 1.200000
o 430777 1.250000
o 195164 15.430000
o 192780 17.250000
o 192761 17.390000
o 192758 17.390000
o 192733 17.390000
o 192708 17.390000
o 192683 17.400000
o 192658 17.400000
o 192633 17.400000
o 192608 17.400000
o 192583 17.400000
o 192558 17.400000
o 192533 17.400000
o 192508 17.400000
o 192483 17.400000
o 192458 17.400000
o 192433 17.400000
o 192408 17.400000
o 192383 17.400000
o 192358 17.400000
o 192227 17.400000
o 192130 17.410000
o 192105 17.410000
o 192080 17.410000
o 192077 17.410000
o 192052 17.410000
o 192027 17.410000
o 192002 17.410000
o 191702 17.410000
o 191677 17.410000
o 190648 17.430000
o 183429 17.450000
o 183420 18.930000
o 183382 21.970000
o 183371 22.070000
o 183357 22.500000
o 180757 86.200000
o 180715 86.270000
o 180582 213.640000
o 180483 215.160000
180483	215.160000
vio.role_domino_violations_0.7_16
o 443579 1.000000
o 443554 1.030000
o 183706 13.570000
o 183692 13.580000
o 183480 13.990000
o 183447 14.000000
o 183389 18.940000
o 181180 35.170000
o 180618 227.730000
o 180616 228.020000
180616	228.020000
vio.role_domino_violations_0.7_16
o 395629 1.020000
o 395604 1.040000
o 395579 1.040000
o 395554 1.040000
o 184877 12.210000
o 184855 21.960000
o 184027 22.140000
o 183758 62.490000
o 183434 64.610000
o 183401 64.650000
o 183376 66.230000
o 183354 66.270000
o 183332 66.290000
o 183307 67.380000
o 180957 73.450000
o 180813 73.980000
o 180728 116.790000
o 180701 116.800000
o 180417 283.540000
180417	283.540000
vio.role_domino_violations_0.7_16
o 424159 1.220000
o 424134 1.270000
o 191912 15.260000
o 191884 15.450000
o 191837 15.510000
o 191656 15.540000
o 183742 15.700000
o 183538 16.930000
o 183504 17.330000
o 183415 17.680000
o 183395 17.750000
o 183378 18.360000
o 183266 68.740000
o 183255 68.790000
o 181704 69.960000
o 180604 185.130000
o 180475 233.830000
o 180461 233.830000
o 180450 233.830000
180450	233.830000
vio.role_domino_violations_0.7_16
o 375436 0.940000
o 184605 11.090000
o 184553 11.160000
o 184550 11.390000
o 184397 11.550000
o 184372 11.550000
o 184366 24.250000
o 184019 42.150000
o 183841 85.140000
o 183816 85.140000
o 183500 85.320000
o 183494 92.140000
o 183447 181.350000
o 183409 181.660000
o 183386 187.970000
o 181989 225.660000
o 180816 225.780000
o 180813 226.370000
o 180723 294.460000
o 180709 294.470000
180709	294.470000
vio.role_domino_violations_0.7_16
o 395209 1.070000
o 395184 1.090000
o 395159 1.090000
o 395134 1.090000
o 395109 1.090000
o 395084 1.090000
o 183395 11.100000
o 180832 11.340000
o 180585 11.560000
o 180450 55.600000
180450	55.600000
vio.role_domino_violations_0.7_16
o 443039 0.940000
o 183472 11.140000
o 183392 11.270000
o 183277 48.540000
o 180893 90.390000
o 180659 90.940000
o 180648 90.940000
180648	90.940000
