decision-tree-car-un-formula_0.8_2021_atleast_31_max-4_reduced_incomplete_tree
o 710 0.52
o 392 16.26
decision-tree-car-un-formula_0.8_2021_atleast_31_max-4_reduced_incomplete_tree
o 392 0.45
decision-tree-car-un-formula_0.8_2021_atleast_31_max-4_reduced_incomplete_tree
o 710 0.51
o 392 14.83
decision-tree-car-un-formula_0.8_2021_atleast_31_max-4_reduced_incomplete_tree
o 806 0.61
o 392 7.63
decision-tree-car-un-formula_0.8_2021_atleast_31_max-4_reduced_incomplete_tree
o 506 0.91
o 392 23.33
decision-tree-car-un-formula_0.8_2021_atleast_31_max-4_reduced_incomplete_tree
o 501 0.47
o 392 15.16
decision-tree-car-un-formula_0.8_2021_atleast_31_max-4_reduced_incomplete_tree
o 482 0.47
o 392 6.93
o 193 172.05
decision-tree-car-un-formula_0.8_2021_atleast_31_max-4_reduced_incomplete_tree
o 501 0.5
o 452 14.17
o 392 20.55
decision-tree-car-un-formula_0.8_2021_atleast_31_max-4_reduced_incomplete_tree
o 501 0.53
o 392 12.65
o 334 170.88
decision-tree-car-un-formula_0.8_2021_atleast_31_max-4_reduced_incomplete_tree
o 468 0.45
o 452 7.64
o 392 28.63
