inconsistency-measurement-im-contension-B-3-stb_696_368.tgf.pl
o 102 0
o 99 0
o 95 0
o 94 0
o 93 0
o 86 0.5
o 81 1.37
o 77 2.64
o 75 88.03
o 73 172.43
inconsistency-measurement-im-contension-B-3-stb_696_368.tgf.pl
o 104 0
o 103 0
o 102 0
o 101 0
o 96 0
o 95 0
o 94 0
o 87 0.6
o 83 1.2
o 82 2.59
o 81 3.86
o 79 6.9
o 75 20.55
inconsistency-measurement-im-contension-B-3-stb_696_368.tgf.pl
o 110 0
o 106 0
o 105 0
o 101 0.01
o 100 0.01
o 83 0.47
o 76 6.09
o 75 190.46
inconsistency-measurement-im-contension-B-3-stb_696_368.tgf.pl
o 101 0
o 96 0
o 89 0.49
o 88 1.09
o 82 1.77
o 81 10.09
o 79 19.25
o 77 31.84
o 76 59.71
o 75 143.78
inconsistency-measurement-im-contension-B-3-stb_696_368.tgf.pl
o 108 0
o 107 0
o 106 0
o 99 0
o 97 0
o 96 0
o 93 0
o 89 0.49
o 84 1.22
o 81 1.9
o 79 10.95
o 78 27.58
o 76 64.79
inconsistency-measurement-im-contension-B-3-stb_696_368.tgf.pl
o 104 0
o 103 0
o 102 0
o 93 0.01
o 88 0.56
o 81 1.1
o 78 1.68
o 77 56.79
o 76 121.75
inconsistency-measurement-im-contension-B-3-stb_696_368.tgf.pl
o 106 0.01
o 103 0.01
o 101 0.01
o 100 0.01
o 98 0.01
o 87 0.57
o 86 1.33
o 85 2.63
o 84 5.86
o 81 10.01
o 79 10.74
o 78 10.74
o 77 57.9
o 76 110.77
inconsistency-measurement-im-contension-B-3-stb_696_368.tgf.pl
o 111 0
o 105 0
o 99 0
o 85 0.59
o 82 3.69
o 81 6.2
o 80 6.76
o 78 9.36
o 77 78.79
o 76 89.45
o 75 120.93
inconsistency-measurement-im-contension-B-3-stb_696_368.tgf.pl
o 107 0
o 98 0.01
o 97 0.01
o 94 0.01
o 93 0.01
o 88 0.47
o 86 3.2
o 83 3.92
o 79 5.08
o 78 20.91
o 77 185.02
o 76 196.83
o 73 247.64
inconsistency-measurement-im-contension-B-3-stb_696_368.tgf.pl
o 101 0
o 97 0
o 96 0
o 83 0.62
o 81 2.03
o 80 2.03
o 79 10.06
o 78 12.92
o 76 113.75
o 74 213.6
