judgment-aggregation-ja-maxham-preflib-00049-00000333
o 83 0.06
o 80 0.06
o 79 0.07
o 78 0.07
o 76 0.09
o 75 0.09
o 60 7.05
o 58 69.73
o 57 252.11
judgment-aggregation-ja-maxham-preflib-00049-00000333
o 77 0.05
o 76 0.06
o 72 0.15
o 68 0.25
o 67 7.59
o 60 23.53
o 57 38.3
judgment-aggregation-ja-maxham-preflib-00049-00000333
o 82 0.05
o 80 0.06
o 79 0.08
o 78 0.08
o 74 0.08
o 63 7.27
o 62 7.27
o 59 37.68
o 56 52.66
judgment-aggregation-ja-maxham-preflib-00049-00000333
o 76 0.04
o 74 0.04
o 71 0.08
o 70 0.1
o 68 0.11
o 67 0.11
o 61 0.18
o 58 25.14
judgment-aggregation-ja-maxham-preflib-00049-00000333
o 78 0.04
o 77 0.06
o 76 0.09
o 73 0.13
o 66 0.36
o 64 8.3
o 63 39.43
o 62 53.87
o 56 97.89
judgment-aggregation-ja-maxham-preflib-00049-00000333
o 76 0.07
o 75 0.07
o 72 0.13
o 63 7.95
o 60 18.48
o 59 45.4
o 57 58.01
judgment-aggregation-ja-maxham-preflib-00049-00000333
o 80 0.06
o 78 0.06
o 64 10.12
o 59 59.06
o 57 291.83
judgment-aggregation-ja-maxham-preflib-00049-00000333
o 78 0.06
o 77 0.08
o 67 7.44
o 60 21.38
o 55 69.35
judgment-aggregation-ja-maxham-preflib-00049-00000333
o 66 0.05
o 64 0.28
o 63 0.29
o 60 38.17
o 57 125.31
judgment-aggregation-ja-maxham-preflib-00049-00000333
o 72 0.06
o 71 0.06
o 70 0.06
o 63 0.21
o 55 10.08
