optic-gen_mult_5_5_991
o 894 0.17
o 295 0.17
o 276 0.17
o 275 0.17
o 273 0.2
o 272 0.2
o 269 0.31
o 268 0.31
o 248 31.97
o 247 52.38
o 246 52.38
o 245 59.63
o 242 81.19
optic-gen_mult_5_5_991
o 894 0.16
o 318 0.18
o 317 0.18
o 316 0.18
o 315 0.18
o 314 0.18
o 313 0.18
o 285 0.18
o 284 0.18
o 283 0.18
o 282 0.18
o 281 0.18
o 278 0.18
o 277 0.18
o 276 0.18
o 275 0.18
o 242 33.49
optic-gen_mult_5_5_991
o 894 0.17
o 307 0.17
o 306 0.17
o 305 0.17
o 295 0.17
o 294 0.17
o 293 0.17
o 283 0.18
o 281 0.18
o 280 0.18
o 279 0.18
o 276 0.18
o 275 0.18
o 245 29.67
o 241 93.39
o 240 124.71
o 238 124.73
optic-gen_mult_5_5_991
o 894 0.17
o 302 0.18
o 301 0.18
o 300 0.18
o 283 0.18
o 278 0.18
o 276 0.18
o 275 0.18
o 274 0.18
o 270 0.18
o 269 0.19
o 268 0.19
o 267 0.19
o 246 66.99
o 240 131.13
o 239 131.13
optic-gen_mult_5_5_991
o 894 0.17
o 314 0.17
o 290 0.17
o 289 0.17
o 288 0.17
o 283 0.18
o 282 0.18
o 281 0.18
o 280 0.18
o 279 0.18
o 278 11.38
o 277 11.38
o 275 20.88
o 247 50.11
o 243 97.96
o 242 97.96
o 241 179.39
optic-gen_mult_5_5_991
o 894 0.19
o 299 0.2
o 298 0.2
o 297 0.2
o 284 0.2
o 283 0.2
o 282 0.2
o 277 0.2
o 275 0.2
o 272 0.2
o 271 0.2
o 246 31.95
o 245 31.95
o 243 103.27
o 242 202.34
optic-gen_mult_5_5_991
o 894 0.22
o 299 0.22
o 298 0.22
o 297 0.22
o 282 0.22
o 281 0.22
o 280 0.22
o 279 0.22
o 278 0.22
o 275 0.23
o 246 30.18
o 245 81.96
o 244 143.46
o 240 202.36
optic-gen_mult_5_5_991
o 894 0.17
o 303 0.18
o 302 0.18
o 301 0.18
o 300 0.18
o 299 0.18
o 298 0.18
o 297 0.18
o 281 0.18
o 280 0.18
o 279 0.18
o 277 0.18
o 276 0.18
o 275 0.18
o 274 0.18
o 249 30.35
o 247 77.11
o 246 142.36
o 245 279.73
optic-gen_mult_5_5_991
o 894 0.18
o 309 0.18
o 308 0.18
o 307 0.18
o 283 0.18
o 282 0.18
o 281 0.19
o 272 3.42
o 271 3.42
o 249 33.64
o 248 33.64
o 247 88.29
o 241 106.99
o 240 106.99
optic-gen_mult_5_5_991
o 894 0.17
o 302 0.18
o 301 0.18
o 300 0.18
o 299 0.18
o 279 0.19
o 278 0.19
o 277 0.19
o 273 0.19
o 250 52.88
o 249 52.88
o 244 84.36
o 243 182.2
