optimizing-BDDs-anneal-un-wcnf_incomplete_improved_1_2019_5
o 237 0.31
o 175 4.77
o 164 8.3
o 146 81.03
o 130 84.46
o 127 181.68
optimizing-BDDs-anneal-un-wcnf_incomplete_improved_1_2019_5
o 233 0.27
o 178 0.27
o 150 2.36
o 144 20.43
o 140 83.66
o 139 85.24
o 135 103.29
o 126 124.7
optimizing-BDDs-anneal-un-wcnf_incomplete_improved_1_2019_5
o 181 0.28
o 164 2.99
o 139 5.84
o 130 14.54
optimizing-BDDs-anneal-un-wcnf_incomplete_improved_1_2019_5
o 190 0.29
o 143 2.7
o 140 10.9
o 137 10.94
o 127 14
optimizing-BDDs-anneal-un-wcnf_incomplete_improved_1_2019_5
o 184 0.3
o 150 4.02
o 146 30.43
o 143 55.76
o 139 65.57
o 134 78.1
o 131 87.84
o 130 257.84
o 126 286.73
optimizing-BDDs-anneal-un-wcnf_incomplete_improved_1_2019_5
o 149 0.18
o 141 2.63
o 137 16.84
o 129 28.67
o 127 111.74
o 126 286.69
optimizing-BDDs-anneal-un-wcnf_incomplete_improved_1_2019_5
o 297 0.16
o 177 0.16
o 139 2.67
o 130 11.07
o 126 25.07
optimizing-BDDs-anneal-un-wcnf_incomplete_improved_1_2019_5
o 187 0.18
o 185 2.39
o 135 4.57
o 134 77.56
o 129 79.93
optimizing-BDDs-anneal-un-wcnf_incomplete_improved_1_2019_5
o 190 0.21
o 186 0.21
o 140 5.38
o 138 15.99
o 131 43.61
o 130 135.41
optimizing-BDDs-anneal-un-wcnf_incomplete_improved_1_2019_5
o 151 0.28
o 140 5.98
o 130 8.37
o 129 21.92
