treewidth-computation-TWComp_1c75_N69
o 48 0.55
o 40 18.72
o 36 38.19
treewidth-computation-TWComp_1c75_N69
o 44 0.57
o 36 21.33
o 34 129.23
treewidth-computation-TWComp_1c75_N69
o 50 0.63
o 37 19.75
o 36 45.24
o 35 190.86
treewidth-computation-TWComp_1c75_N69
o 47 0.62
o 41 10.27
o 36 56.24
o 35 248.74
treewidth-computation-TWComp_1c75_N69
o 46 0.62
o 43 26.47
o 42 50.79
o 38 75.68
o 36 102.85
treewidth-computation-TWComp_1c75_N69
o 47 0.53
o 38 18.7
o 37 76.8
o 36 119.95
o 35 202.65
treewidth-computation-TWComp_1c75_N69
o 48 0.58
o 41 10.59
o 36 94.88
o 34 147.41
treewidth-computation-TWComp_1c75_N69
o 48 0.6
o 36 16.96
o 35 189.52
o 34 250.2
treewidth-computation-TWComp_1c75_N69
o 48 0.58
o 37 20.56
treewidth-computation-TWComp_1c75_N69
o 52 0.62
o 38 9.84
o 37 177.52
