cnf_small
o 84 0.6
o 62 1.03
o 59 33.63
o 57 105.81
o 56 193.26
o 53 194.59
o 50 274.57
cnf_small
o 74 1.29
o 67 1.58
o 66 1.58
o 65 1.59
o 59 1.63
o 57 3.37
o 56 14.66
o 50 14.77
o 45 106.13
cnf_small
o 80 0.63
o 78 1.18
o 76 1.46
o 75 1.46
o 69 1.5
o 68 1.5
o 67 2.18
o 59 11.68
o 58 21.81
o 57 23.57
o 56 38.84
o 55 38.84
o 54 38.88
o 53 161.82
o 51 163.9
o 49 260.34
cnf_small
o 76 0.42
o 72 3.92
o 64 4.04
o 60 4.38
o 58 4.55
o 57 4.55
o 56 44.88
o 55 44.88
o 49 44.88
o 48 259.76
cnf_small
o 80 0.52
o 72 0.91
o 66 0.95
o 62 1.01
o 58 7.56
o 53 7.57
o 52 184.48
o 50 184.54
o 48 184.54
o 47 184.57
cnf_small
o 80 0.46
o 75 0.88
o 68 0.88
o 67 2.23
o 64 2.44
o 63 2.93
o 60 3.03
o 57 16.38
o 52 16.39
o 51 149.84
o 48 149.84
o 45 150.01
o 44 150.19
cnf_small
o 74 0.4
o 52 0.79
o 51 5.33
o 50 5.33
o 49 5.33
o 48 5.36
o 47 5.4
cnf_small
o 93 0.53
o 62 0.84
o 60 3.54
o 58 35.31
o 55 76.34
o 54 76.34
o 50 76.35
cnf_small
o 88 0.53
o 82 1.06
o 77 1.08
o 74 1.62
o 73 1.63
o 62 4.41
o 61 6.4
o 60 28.13
o 59 39.9
o 57 39.92
o 56 43.43
o 53 89.92
o 52 92.76
o 50 136.06
o 47 136.1
cnf_small
o 79 0.31
o 78 0.97
o 77 0.98
o 76 1.08
o 72 1.09
o 69 2.25
o 68 2.25
o 67 2.89
o 66 9.31
o 60 9.44
o 56 9.49
o 51 44.96
o 49 45.02
o 48 45.03
