gen_mult_5_5_991
o 894 0.16
o 308 0.17
o 283 0.17
o 281 0.17
o 280 0.86
o 279 0.86
o 278 0.86
o 277 0.86
o 276 0.86
o 274 0.87
o 273 0.91
o 272 0.91
o 271 0.92
o 270 0.92
o 269 0.92
o 268 0.92
o 267 1.03
o 266 1.03
o 265 1.04
o 264 1.1
o 263 1.1
o 262 66.48
o 261 66.48
gen_mult_5_5_991
o 894 0.16
o 284 0.17
o 280 0.17
o 279 0.17
o 278 0.86
o 277 0.86
o 276 0.86
o 275 0.86
o 274 0.86
o 273 0.86
o 272 0.87
o 271 0.91
o 269 0.92
o 268 0.92
o 267 0.92
o 265 0.92
o 264 1.08
o 263 1.17
o 262 1.2
gen_mult_5_5_991
o 894 0.17
o 282 0.18
o 281 0.87
o 280 0.87
o 278 0.88
o 276 0.88
o 275 0.89
o 274 0.89
o 273 0.89
o 272 0.89
o 271 0.89
o 270 0.95
o 269 0.95
o 268 0.95
o 267 1.05
o 266 1.06
o 265 1.06
o 264 1.18
o 263 65.94
o 262 65.94
o 261 65.94
gen_mult_5_5_991
o 894 0.17
o 280 0.18
o 279 0.18
o 278 0.97
o 277 0.97
o 276 0.97
o 275 0.97
o 274 0.97
o 273 1.02
o 272 1.02
o 271 1.02
o 270 1.02
o 269 1.02
o 268 1.09
o 267 1.09
o 266 1.1
o 265 1.1
o 264 1.1
o 263 1.1
o 262 1.1
o 261 1.1
o 260 203.87
o 259 203.87
gen_mult_5_5_991
o 894 0.16
o 282 0.17
o 281 0.83
o 280 0.84
o 279 0.86
o 278 0.86
o 277 0.86
o 276 0.86
o 275 0.86
o 274 0.87
o 273 0.87
o 272 0.88
o 271 0.88
o 270 0.89
o 269 0.89
o 268 0.97
o 267 0.98
o 266 0.99
o 265 1
o 264 1
o 263 32.95
o 262 32.96
o 261 32.96
o 260 32.96
gen_mult_5_5_991
o 894 0.16
o 285 0.17
o 284 0.81
o 280 0.84
o 278 0.84
o 277 0.84
o 276 0.84
o 275 0.87
o 274 0.93
o 273 0.93
o 272 0.94
o 271 0.94
o 270 0.94
o 269 0.97
o 268 1.04
o 267 1.04
o 266 1.13
o 265 32.6
o 264 32.6
o 263 32.61
o 262 32.61
o 261 211.69
gen_mult_5_5_991
o 894 0.16
o 283 0.17
o 282 0.8
o 277 0.8
o 276 0.8
o 275 0.8
o 274 0.8
o 273 0.82
o 272 0.83
o 271 0.83
o 269 0.83
o 268 0.83
o 267 0.9
o 266 0.91
o 265 0.91
o 264 0.91
o 263 1.02
o 262 1.02
o 261 1.02
o 260 1.02
gen_mult_5_5_991
o 894 0.16
o 285 0.17
o 282 0.79
o 281 0.8
o 280 0.8
o 279 0.81
o 278 0.81
o 277 0.84
o 276 0.85
o 275 0.86
o 274 0.86
o 273 0.86
o 272 0.86
o 271 0.86
o 270 0.86
o 269 0.86
o 268 0.88
o 266 0.91
o 265 0.91
o 264 0.92
o 263 0.92
o 262 0.92
o 261 30.4
o 260 30.4
gen_mult_5_5_991
o 894 0.16
o 309 0.18
o 308 0.18
o 298 0.68
o 297 0.68
o 296 0.74
o 295 0.74
o 288 0.75
o 286 0.76
o 284 0.78
o 283 0.82
o 281 0.83
o 280 0.83
o 279 0.83
o 278 0.83
o 276 0.83
o 275 0.87
o 274 0.92
o 273 0.92
o 272 0.93
o 271 0.93
o 270 0.94
o 269 1.02
o 268 1.02
o 267 1.04
o 266 1.04
o 265 33.14
o 264 33.4
o 263 64.99
o 262 64.99
o 261 96.2
o 260 96.2
gen_mult_5_5_991
o 894 0.16
o 293 0.17
o 292 0.17
o 291 0.17
o 290 0.17
o 288 0.78
o 287 0.79
o 286 0.79
o 285 0.79
o 284 0.79
o 283 0.79
o 282 0.8
o 281 0.8
o 280 0.8
o 279 0.81
o 278 0.81
o 277 0.82
o 274 0.82
o 273 0.82
o 272 0.88
o 271 0.88
o 270 0.88
o 269 0.88
o 268 0.88
o 267 1
o 266 1
o 265 1
o 264 59.93
o 263 59.93
o 262 59.93
o 261 60.02
o 260 60.02
