mul_8_9
o 1152 0.85
o 750 0.86
o 749 0.86
o 748 0.86
o 747 0.86
o 746 0.86
o 745 0.86
o 744 0.86
o 743 0.86
o 742 0.86
o 741 0.86
o 740 0.86
o 739 0.86
o 738 0.86
o 737 0.86
o 736 0.86
o 735 0.86
o 734 0.86
o 733 0.86
o 730 0.86
o 571 0.86
o 454 0.86
o 453 0.86
o 452 0.86
o 451 0.86
o 437 0.86
o 436 0.86
o 435 0.86
o 434 0.86
o 433 0.86
o 432 0.86
o 431 0.86
o 376 0.86
o 375 0.86
o 374 0.86
o 373 0.86
o 372 0.86
o 371 0.86
o 370 0.86
o 369 0.86
o 368 0.86
o 367 0.86
o 366 0.86
o 365 0.86
o 364 0.86
o 363 0.86
o 362 0.86
o 361 0.86
o 360 0.86
o 359 0.86
o 358 0.86
o 289 0.86
o 288 0.86
o 287 0.86
o 116 0.87
o 115 0.87
o 113 0.87
o 112 0.87
o 111 0.87
o 96 0.87
o 95 0.87
o 94 0.87
o 93 0.87
o 89 0.87
o 88 0.87
o 87 0.87
o 86 0.87
o 85 0.87
o 84 0.87
o 83 0.87
o 82 0.87
o 81 0.87
o 80 0.87
o 79 0.87
o 78 0.87
o 77 0.87
o 76 0.87
o 75 0.87
o 74 0.87
o 73 0.87
o 72 0.87
o 71 0.87
o 70 0.87
o 69 0.87
o 68 0.87
o 67 0.87
o 66 0.87
o 65 0.87
o 64 0.87
o 63 0.87
o 62 0.87
o 61 0.87
o 60 0.87
o 59 0.87
o 58 0.87
o 57 2.58
o 56 2.58
o 55 2.58
o 54 2.58
o 53 2.58
o 52 2.58
o 51 2.58
o 50 2.58
o 49 2.58
o 48 2.59
o 47 5.31
o 46 5.31
o 45 5.57
o 44 16.46
mul_8_9
o 1152 1.04
o 781 1.06
o 780 1.06
o 632 1.06
o 631 1.06
o 630 1.06
o 629 1.06
o 628 1.06
o 627 1.06
o 626 1.06
o 625 1.06
o 624 1.06
o 623 1.06
o 622 1.06
o 621 1.06
o 620 1.06
o 619 1.06
o 618 1.06
o 617 1.06
o 616 1.06
o 615 1.06
o 614 1.06
o 613 1.06
o 612 1.06
o 611 1.06
o 374 1.06
o 373 1.06
o 372 1.06
o 371 1.06
o 182 1.07
o 181 1.07
o 180 1.07
o 140 1.07
o 139 1.07
o 138 1.07
o 137 1.07
o 135 1.07
o 134 1.07
o 129 1.07
o 128 1.07
o 127 1.07
o 126 1.07
o 125 1.07
o 124 1.07
o 123 1.07
o 122 1.07
o 121 1.07
o 99 1.07
o 98 1.07
o 97 1.07
o 96 1.07
o 95 1.07
o 94 1.07
o 93 1.07
o 92 1.07
o 90 1.07
o 89 1.07
o 87 1.07
o 74 1.07
o 73 1.07
o 72 1.07
o 71 1.07
o 70 1.07
o 69 1.07
o 68 1.07
o 67 1.07
o 66 1.07
o 65 1.07
o 64 1.07
o 63 1.07
o 62 1.07
o 61 1.07
o 60 1.07
o 59 1.07
o 58 1.07
o 57 1.07
o 56 1.07
o 55 1.07
o 54 1.07
o 53 3.53
o 52 3.53
o 51 3.89
o 50 3.89
o 49 4.03
o 48 4.03
o 47 5.46
o 46 7.22
o 45 8.37
mul_8_9
o 1152 1.23
o 438 1.26
o 437 1.26
o 436 1.26
o 435 1.26
o 434 1.26
o 433 1.26
o 432 1.26
o 431 1.26
o 411 1.26
o 410 1.26
o 409 1.26
o 408 1.26
o 407 1.26
o 406 1.26
o 404 1.26
o 403 1.26
o 402 1.26
o 401 1.26
o 400 1.26
o 399 1.26
o 398 1.26
o 397 1.26
o 396 1.26
o 395 1.26
o 394 1.26
o 393 1.26
o 392 1.26
o 391 1.26
o 390 1.26
o 383 1.26
o 382 1.26
o 381 1.26
o 380 1.26
o 379 1.26
o 378 1.26
o 377 1.26
o 376 1.26
o 375 1.26
o 374 1.26
o 373 1.26
o 372 1.26
o 371 1.26
o 370 1.26
o 369 1.26
o 368 1.26
o 367 1.26
o 284 1.26
o 283 1.26
o 282 1.26
o 281 1.26
o 280 1.26
o 279 1.26
o 278 1.26
o 277 1.26
o 276 1.26
o 134 1.26
o 133 1.26
o 132 1.26
o 131 1.26
o 130 1.26
o 129 1.26
o 128 1.26
o 127 1.26
o 126 1.26
o 125 1.26
o 124 1.26
o 121 1.26
o 120 1.26
o 119 1.26
o 118 1.26
o 117 1.26
o 116 1.26
o 101 1.26
o 100 1.26
o 99 1.26
o 98 1.26
o 97 1.26
o 96 1.26
o 95 1.26
o 94 1.26
o 93 1.26
o 92 1.26
o 91 1.26
o 90 1.26
o 89 1.26
o 88 1.26
o 87 1.26
o 86 1.26
o 85 1.26
o 84 1.26
o 83 1.26
o 82 1.26
o 81 1.26
o 80 1.26
o 77 1.26
o 76 1.26
o 75 1.26
o 74 1.26
o 73 1.26
o 72 1.26
o 71 1.26
o 69 1.26
o 68 1.26
o 67 1.26
o 66 1.26
o 65 1.26
o 64 1.26
o 63 1.26
o 62 1.26
o 61 1.26
o 60 1.27
o 59 1.27
o 58 1.27
o 57 1.27
o 56 1.27
o 55 1.27
o 54 1.27
o 53 1.27
o 52 1.27
o 51 1.27
o 50 1.27
o 49 1.27
o 48 1.27
o 47 3.36
o 46 3.36
o 45 191.09
o 44 210.27
mul_8_9
o 1152 0.99
o 780 1
o 779 1.01
o 778 1.01
o 777 1.01
o 776 1.01
o 775 1.01
o 774 1.01
o 773 1.01
o 772 1.01
o 771 1.01
o 770 1.01
o 769 1.01
o 768 1.01
o 767 1.01
o 766 1.01
o 765 1.01
o 764 1.01
o 763 1.01
o 762 1.01
o 761 1.01
o 760 1.01
o 759 1.01
o 758 1.01
o 757 1.01
o 756 1.01
o 755 1.01
o 754 1.01
o 753 1.01
o 752 1.01
o 751 1.01
o 353 1.01
o 259 1.01
o 258 1.01
o 257 1.01
o 255 1.01
o 254 1.01
o 253 1.01
o 252 1.01
o 251 1.01
o 212 1.01
o 162 1.01
o 161 1.01
o 160 1.01
o 159 1.01
o 154 1.01
o 153 1.01
o 91 1.01
o 90 1.01
o 89 1.01
o 88 1.01
o 87 1.01
o 86 1.01
o 85 1.01
o 84 1.01
o 83 1.01
o 82 1.01
o 81 1.01
o 80 1.01
o 79 1.01
o 78 1.01
o 77 1.01
o 76 1.01
o 75 1.01
o 74 1.01
o 73 1.01
o 72 1.01
o 71 1.01
o 70 1.01
o 69 1.01
o 68 1.01
o 67 1.01
o 66 1.01
o 65 1.01
o 64 1.01
o 63 1.01
o 62 1.01
o 61 1.01
o 60 1.01
o 59 1.01
o 58 1.01
o 57 1.01
o 56 1.01
o 55 2.54
o 54 2.54
o 53 2.54
o 52 2.54
o 51 2.54
o 50 2.54
o 49 2.55
o 48 2.91
o 47 4.13
o 46 4.13
o 45 4.13
mul_8_9
o 1152 0.77
o 791 0.78
o 790 0.78
o 789 0.78
o 788 0.78
o 787 0.78
o 786 0.78
o 785 0.78
o 784 0.78
o 783 0.78
o 782 0.78
o 781 0.78
o 780 0.78
o 779 0.78
o 778 0.78
o 777 0.78
o 776 0.78
o 775 0.78
o 774 0.78
o 773 0.78
o 772 0.78
o 771 0.78
o 770 0.78
o 769 0.78
o 768 0.78
o 767 0.78
o 766 0.78
o 765 0.78
o 764 0.78
o 763 0.78
o 762 0.78
o 761 0.78
o 760 0.78
o 758 0.78
o 757 0.78
o 756 0.78
o 755 0.78
o 754 0.78
o 753 0.78
o 752 0.78
o 751 0.78
o 750 0.78
o 749 0.78
o 748 0.78
o 747 0.78
o 746 0.78
o 745 0.78
o 744 0.78
o 743 0.78
o 742 0.78
o 741 0.78
o 740 0.78
o 739 0.78
o 738 0.78
o 737 0.78
o 736 0.78
o 735 0.78
o 734 0.78
o 733 0.78
o 732 0.78
o 731 0.78
o 730 0.78
o 728 0.78
o 727 0.78
o 726 0.78
o 725 0.78
o 724 0.78
o 723 0.78
o 722 0.78
o 721 0.78
o 720 0.78
o 719 0.78
o 718 0.78
o 717 0.78
o 716 0.78
o 715 0.78
o 714 0.78
o 713 0.78
o 135 0.78
o 134 0.78
o 133 0.78
o 116 0.78
o 115 0.78
o 114 0.78
o 113 0.78
o 112 0.78
o 111 0.78
o 110 0.78
o 109 0.78
o 108 0.78
o 107 0.78
o 106 0.78
o 105 0.78
o 104 0.78
o 103 0.78
o 102 0.78
o 101 0.78
o 100 0.78
o 99 0.78
o 98 0.78
o 97 0.78
o 96 0.78
o 95 0.78
o 94 0.78
o 93 0.78
o 92 0.78
o 81 0.78
o 78 0.78
o 77 0.78
o 76 0.78
o 74 0.78
o 73 0.78
o 72 0.78
o 71 0.78
o 70 0.78
o 69 0.78
o 68 0.78
o 67 0.78
o 66 0.78
o 65 0.78
o 64 0.78
o 63 0.78
o 62 0.78
o 61 0.78
o 60 0.78
o 59 0.78
o 58 0.78
o 57 0.78
o 56 0.78
o 55 0.78
o 54 0.78
o 53 0.78
o 52 0.78
o 51 0.78
o 50 0.78
o 49 0.78
o 48 0.79
o 47 0.79
o 46 3.1
o 45 8.71
o 44 8.71
mul_8_9
o 1152 0.74
o 811 0.75
o 810 0.75
o 809 0.75
o 808 0.75
o 807 0.75
o 806 0.75
o 805 0.75
o 804 0.75
o 803 0.75
o 802 0.75
o 801 0.75
o 800 0.75
o 799 0.75
o 798 0.75
o 566 0.75
o 565 0.75
o 564 0.75
o 563 0.75
o 562 0.75
o 561 0.75
o 560 0.75
o 559 0.75
o 558 0.75
o 557 0.75
o 556 0.75
o 555 0.75
o 554 0.75
o 553 0.75
o 552 0.75
o 551 0.75
o 550 0.75
o 549 0.75
o 548 0.75
o 547 0.75
o 546 0.75
o 545 0.75
o 544 0.75
o 543 0.75
o 542 0.75
o 328 0.75
o 327 0.75
o 326 0.75
o 325 0.75
o 324 0.75
o 323 0.75
o 322 0.75
o 321 0.75
o 320 0.75
o 319 0.75
o 318 0.75
o 317 0.75
o 316 0.75
o 232 0.75
o 231 0.75
o 230 0.75
o 229 0.75
o 228 0.75
o 227 0.75
o 226 0.75
o 219 0.75
o 217 0.75
o 216 0.75
o 214 0.75
o 213 0.75
o 129 0.75
o 128 0.75
o 127 0.75
o 126 0.75
o 125 0.75
o 124 0.75
o 123 0.75
o 122 0.75
o 121 0.75
o 120 0.75
o 119 0.75
o 118 0.75
o 117 0.75
o 116 0.75
o 115 0.75
o 114 0.75
o 113 0.75
o 93 0.76
o 90 0.76
o 89 0.76
o 88 0.76
o 87 0.76
o 86 0.76
o 85 0.76
o 84 0.76
o 83 0.76
o 82 0.76
o 81 0.76
o 80 0.76
o 79 0.76
o 78 0.76
o 77 0.76
o 76 0.76
o 75 0.76
o 74 0.76
o 73 0.76
o 72 0.76
o 71 0.76
o 70 0.76
o 69 0.76
o 68 0.76
o 67 0.76
o 66 0.76
o 65 0.76
o 64 0.76
o 63 0.76
o 62 0.76
o 61 0.76
o 60 0.76
o 59 2.18
o 58 2.18
o 57 2.18
o 56 2.18
o 55 2.18
o 54 2.35
o 53 2.4
o 52 2.4
o 51 2.4
o 50 2.4
o 49 2.4
o 48 2.4
o 47 2.4
o 46 2.4
o 45 9.33
o 44 9.33
mul_8_9
o 1152 0.76
o 1001 0.77
o 1000 0.77
o 999 0.77
o 998 0.77
o 997 0.77
o 996 0.77
o 995 0.77
o 994 0.77
o 993 0.77
o 992 0.77
o 991 0.77
o 990 0.77
o 989 0.77
o 988 0.77
o 987 0.77
o 986 0.77
o 985 0.77
o 984 0.77
o 983 0.77
o 982 0.77
o 981 0.77
o 980 0.77
o 979 0.77
o 978 0.77
o 977 0.77
o 976 0.77
o 975 0.77
o 974 0.77
o 973 0.77
o 972 0.77
o 971 0.77
o 970 0.77
o 969 0.77
o 968 0.77
o 967 0.77
o 966 0.77
o 965 0.77
o 964 0.77
o 963 0.77
o 962 0.77
o 961 0.77
o 960 0.77
o 959 0.77
o 958 0.77
o 957 0.77
o 956 0.77
o 955 0.77
o 954 0.77
o 953 0.77
o 952 0.77
o 951 0.77
o 950 0.77
o 949 0.77
o 948 0.77
o 947 0.77
o 946 0.77
o 945 0.77
o 944 0.77
o 943 0.77
o 942 0.77
o 941 0.77
o 940 0.77
o 939 0.77
o 938 0.77
o 937 0.77
o 936 0.77
o 935 0.77
o 934 0.77
o 933 0.77
o 932 0.77
o 931 0.77
o 930 0.77
o 929 0.77
o 928 0.77
o 927 0.77
o 926 0.77
o 925 0.77
o 924 0.77
o 923 0.77
o 922 0.77
o 921 0.77
o 920 0.77
o 919 0.77
o 918 0.77
o 917 0.77
o 916 0.77
o 567 0.77
o 566 0.77
o 565 0.77
o 564 0.77
o 563 0.77
o 561 0.77
o 560 0.77
o 559 0.77
o 558 0.77
o 557 0.77
o 556 0.77
o 555 0.77
o 554 0.77
o 553 0.77
o 552 0.77
o 551 0.77
o 550 0.77
o 549 0.77
o 548 0.77
o 547 0.77
o 546 0.77
o 545 0.77
o 544 0.77
o 543 0.77
o 542 0.77
o 541 0.77
o 540 0.77
o 539 0.77
o 538 0.77
o 537 0.77
o 536 0.77
o 535 0.77
o 511 0.77
o 510 0.77
o 509 0.77
o 508 0.77
o 507 0.77
o 460 0.77
o 459 0.77
o 458 0.77
o 457 0.77
o 456 0.77
o 455 0.77
o 454 0.77
o 453 0.77
o 452 0.77
o 451 0.77
o 450 0.77
o 449 0.77
o 448 0.77
o 447 0.77
o 446 0.77
o 445 0.77
o 444 0.77
o 443 0.77
o 442 0.77
o 441 0.77
o 440 0.77
o 439 0.77
o 438 0.77
o 426 0.77
o 425 0.77
o 424 0.77
o 423 0.77
o 422 0.77
o 421 0.77
o 383 0.77
o 382 0.77
o 381 0.77
o 380 0.77
o 379 0.77
o 378 0.77
o 377 0.77
o 376 0.77
o 375 0.77
o 152 0.78
o 151 0.78
o 150 0.78
o 149 0.78
o 143 0.78
o 142 0.78
o 141 0.78
o 140 0.78
o 139 0.78
o 138 0.78
o 137 0.78
o 136 0.78
o 135 0.78
o 134 0.78
o 133 0.78
o 132 0.78
o 131 0.78
o 130 0.78
o 129 0.78
o 128 0.78
o 127 0.78
o 126 0.78
o 125 0.78
o 124 0.78
o 123 0.78
o 118 0.78
o 117 0.78
o 93 0.78
o 92 0.78
o 88 0.78
o 87 0.78
o 86 0.78
o 85 0.78
o 84 0.78
o 83 0.78
o 82 0.78
o 81 0.78
o 80 0.78
o 79 0.78
o 78 0.78
o 77 0.78
o 76 0.78
o 75 0.78
o 74 0.78
o 73 0.78
o 72 0.78
o 71 0.78
o 70 0.78
o 69 0.78
o 68 0.78
o 67 0.78
o 65 0.78
o 64 0.78
o 63 0.78
o 62 0.78
o 61 0.78
o 60 0.78
o 59 0.78
o 58 0.78
o 57 0.78
o 56 0.78
o 55 0.78
o 54 0.78
o 53 0.78
o 52 0.78
o 51 0.78
o 50 0.78
o 49 2.34
o 48 2.34
o 47 3.63
o 46 4.35
o 45 4.35
o 44 217.23
o 43 217.23
mul_8_9
o 1152 0.99
o 690 1.01
o 689 1.01
o 688 1.01
o 687 1.01
o 686 1.01
o 685 1.01
o 684 1.01
o 683 1.01
o 682 1.01
o 681 1.01
o 680 1.01
o 679 1.01
o 678 1.01
o 677 1.01
o 676 1.01
o 675 1.01
o 154 1.01
o 115 1.01
o 114 1.01
o 113 1.01
o 112 1.01
o 111 1.01
o 110 1.01
o 109 1.01
o 108 1.01
o 107 1.01
o 106 1.01
o 99 1.01
o 98 1.01
o 97 1.01
o 96 1.01
o 95 1.01
o 94 1.01
o 93 1.01
o 91 1.01
o 90 1.01
o 85 1.01
o 84 1.01
o 83 1.01
o 82 1.01
o 81 1.01
o 80 1.01
o 79 1.01
o 78 1.01
o 77 1.01
o 76 1.01
o 75 1.01
o 74 1.01
o 73 1.01
o 72 1.01
o 71 1.01
o 70 1.01
o 69 1.02
o 68 1.02
o 67 1.02
o 66 1.02
o 65 1.02
o 64 1.02
o 63 1.02
o 62 1.02
o 61 1.02
o 60 1.02
o 59 1.02
o 58 1.02
o 57 1.02
o 56 1.02
o 55 1.02
o 54 1.02
o 53 3.01
o 52 3.01
o 51 3.12
o 50 3.12
o 49 3.12
o 48 3.53
o 47 3.53
o 46 3.53
o 45 12.27
o 44 12.27
mul_8_9
o 1152 0.7
o 619 0.71
o 618 0.71
o 617 0.71
o 616 0.71
o 615 0.71
o 604 0.71
o 603 0.71
o 602 0.71
o 421 0.71
o 420 0.71
o 419 0.71
o 418 0.71
o 417 0.71
o 416 0.71
o 415 0.71
o 414 0.71
o 413 0.71
o 412 0.71
o 411 0.71
o 345 0.71
o 344 0.71
o 343 0.71
o 342 0.71
o 341 0.71
o 195 0.71
o 194 0.71
o 184 0.71
o 175 0.71
o 173 0.71
o 172 0.71
o 171 0.71
o 170 0.71
o 169 0.71
o 168 0.71
o 167 0.71
o 166 0.71
o 165 0.71
o 164 0.71
o 163 0.71
o 162 0.71
o 161 0.71
o 160 0.71
o 159 0.71
o 158 0.71
o 157 0.71
o 156 0.71
o 155 0.71
o 143 0.71
o 137 0.71
o 136 0.71
o 135 0.71
o 134 0.71
o 133 0.71
o 132 0.71
o 131 0.71
o 130 0.71
o 129 0.71
o 128 0.71
o 124 0.71
o 123 0.71
o 122 0.71
o 121 0.71
o 120 0.71
o 119 0.71
o 118 0.71
o 117 0.71
o 116 0.71
o 115 0.71
o 114 0.71
o 113 0.71
o 110 0.71
o 108 0.71
o 107 0.71
o 106 0.71
o 105 0.71
o 96 0.71
o 95 0.71
o 94 0.71
o 93 0.71
o 92 0.71
o 91 0.71
o 90 0.71
o 89 0.71
o 88 0.71
o 87 0.71
o 86 0.71
o 85 0.71
o 84 0.71
o 83 0.71
o 82 0.71
o 81 0.71
o 80 0.71
o 79 0.71
o 75 0.71
o 74 0.71
o 73 0.71
o 72 0.71
o 70 0.71
o 69 0.71
o 68 0.71
o 67 0.71
o 66 0.71
o 65 0.71
o 64 0.71
o 63 0.71
o 62 0.71
o 61 0.71
o 60 0.71
o 59 0.71
o 58 0.71
o 57 0.71
o 56 2.1
o 55 2.1
o 54 2.1
o 53 2.1
o 52 2.1
o 51 2.1
o 50 2.1
o 49 2.1
o 48 2.68
o 47 2.71
o 46 3.99
o 45 190.33
o 44 191.29
mul_8_9
o 1152 1.45
o 726 1.47
o 725 1.47
o 724 1.47
o 723 1.47
o 722 1.47
o 721 1.47
o 720 1.47
o 719 1.47
o 718 1.47
o 717 1.47
o 716 1.47
o 715 1.47
o 714 1.47
o 713 1.47
o 712 1.47
o 711 1.47
o 710 1.47
o 709 1.47
o 708 1.47
o 417 1.48
o 416 1.48
o 415 1.48
o 414 1.48
o 413 1.48
o 412 1.48
o 411 1.48
o 410 1.48
o 409 1.48
o 99 1.48
o 98 1.48
o 97 1.48
o 81 1.48
o 80 1.48
o 79 1.48
o 78 1.48
o 77 1.48
o 76 1.48
o 75 1.48
o 74 1.49
o 73 1.49
o 72 1.49
o 71 1.49
o 70 1.49
o 69 1.49
o 68 1.49
o 67 1.49
o 66 1.49
o 65 1.49
o 64 1.49
o 63 1.49
o 62 1.49
o 61 1.49
o 60 1.49
o 59 1.49
o 58 1.49
o 57 3.71
o 56 3.71
o 55 3.85
o 54 3.92
o 53 3.92
o 52 4.19
o 51 4.19
o 50 4.19
o 49 4.19
o 48 4.24
o 47 4.24
o 46 4.25
