pri.formula_0.8_2021_atleast_63_max-5_reduced_incomplete_tree
o 62 16.57
o 60 46.73
pri.formula_0.8_2021_atleast_63_max-5_reduced_incomplete_tree
o 62 8.51
o 61 107.62
pri.formula_0.8_2021_atleast_63_max-5_reduced_incomplete_tree
o 62 41.4
pri.formula_0.8_2021_atleast_63_max-5_reduced_incomplete_tree
o 62 25.45
o 60 113.37
pri.formula_0.8_2021_atleast_63_max-5_reduced_incomplete_tree
o 62 183.46
pri.formula_0.8_2021_atleast_63_max-5_reduced_incomplete_tree
o 62 23.86
o 61 194.99
pri.formula_0.8_2021_atleast_63_max-5_reduced_incomplete_tree
o 62 24.19
o 59 200.86
pri.formula_0.8_2021_atleast_63_max-5_reduced_incomplete_tree
o 62 70.57
o 61 271.39
pri.formula_0.8_2021_atleast_63_max-5_reduced_incomplete_tree
o 62 50.08
o 61 82.06
pri.formula_0.8_2021_atleast_63_max-5_reduced_incomplete_tree
o 62 32.68
o 61 92.52
