correlation-clustering-Rounded_CorrelationClustering_Ionosphere_BINARY_N260_D0.200
o 7905116 0.54
o 7891776 0.56
o 7510189 0.57
o 7216241 9.84
o 7138370 45.95
o 7109314 45.95
o 7077976 66.82
o 7050412 66.83
correlation-clustering-Rounded_CorrelationClustering_Ionosphere_BINARY_N260_D0.200
o 7893335 0.39
o 7890282 0.41
o 7503911 0.42
o 7443476 4.21
o 7422142 4.21
o 7180625 9.62
o 7178859 9.63
o 7106409 9.93
o 7103324 38.83
o 7053979 54.69
o 7011345 130.64
correlation-clustering-Rounded_CorrelationClustering_Ionosphere_BINARY_N260_D0.200
o 8378334 0.31
o 7953986 0.32
o 7139571 5.29
o 7085989 13.53
o 7066469 20.86
o 7033299 20.87
o 7031088 89.34
o 7008550 115.18
o 7000681 178.6
correlation-clustering-Rounded_CorrelationClustering_Ionosphere_BINARY_N260_D0.200
o 7924550 0.34
o 7817261 0.36
o 7234561 6.8
o 7182415 6.81
o 7144044 6.81
o 7005875 27.23
o 6976557 201.24
correlation-clustering-Rounded_CorrelationClustering_Ionosphere_BINARY_N260_D0.200
o 7369866 0.34
o 7273978 9.51
o 7228167 9.52
o 7192232 9.52
o 7163421 14.87
o 7137921 31.86
o 7133359 31.86
o 7097565 31.86
o 7033697 64.12
correlation-clustering-Rounded_CorrelationClustering_Ionosphere_BINARY_N260_D0.200
o 7622133 0.34
o 7378866 0.35
o 7253556 5.62
o 7196051 14.4
o 7076775 14.41
o 7059248 14.42
o 7053881 25.19
o 7052115 25.19
o 7045844 42.51
o 7008550 64.49
o 6977792 95.93
o 6940048 158.02
correlation-clustering-Rounded_CorrelationClustering_Ionosphere_BINARY_N260_D0.200
o 8854150 0.37
o 8055304 0.38
o 7247350 4.24
o 7120928 20.59
o 7081833 20.87
o 7071783 54.41
o 7062670 68.27
o 7024252 91.64
o 7005356 96.92
o 6971882 229.68
correlation-clustering-Rounded_CorrelationClustering_Ionosphere_BINARY_N260_D0.200
o 7860483 0.31
o 7752235 0.32
o 7246318 3.65
o 7080022 11.15
o 7067605 28.08
o 7065839 28.09
o 7036179 75.87
o 6992008 144.29
o 6990242 144.29
correlation-clustering-Rounded_CorrelationClustering_Ionosphere_BINARY_N260_D0.200
o 8483918 0.31
o 8113282 0.33
o 7250629 4.1
o 7227243 4.1
o 7225415 18.89
o 7182349 32.28
o 7097510 32.55
o 6932018 32.55
correlation-clustering-Rounded_CorrelationClustering_Ionosphere_BINARY_N260_D0.200
o 8046608 0.29
o 7856686 0.3
o 7535452 0.31
o 7228739 2.84
o 7203310 2.84
o 7186014 14.22
o 7178338 14.42
o 7151823 14.42
o 7145465 19.19
o 7143950 19.2
o 7103781 33.03
o 7074446 33.03
o 7069108 50.89
o 7051368 59.92
o 7048309 59.92
o 6989867 59.92
o 6986485 168.58
