generalized-ising-IS3_5.0.5.0.0.5_softer_periodic
o 120160065679712 0.02
o 119957880045206 0.02
o 119797388734171 0.02
o 119647170747277 0.02
o 119499596645006 0.02
o 119303008116186 0.02
o 119145684227099 0.02
o 119011881553781 0.02
o 118892153119300 0.02
o 118744021045584 0.02
o 118612081524230 0.02
o 118516684045008 0.02
o 118395013390870 0.02
o 118255814533048 0.02
o 118155497776839 0.02
o 118065481783669 0.02
o 117951873976483 0.02
o 117867368046627 0.02
o 117760227392770 0.02
o 117707533850748 0.02
o 117626199677683 0.02
o 117538932837885 0.02
o 117472881860246 0.02
o 117440544099580 0.02
o 117402357904582 0.02
o 117338213732357 0.02
o 117300784112324 0.02
o 117270485015660 0.02
o 117251351977676 0.02
o 117228833581612 0.02
o 117192569010101 0.02
o 117165351584670 0.02
o 117139842486591 0.02
o 117125847549481 0.02
o 117110557019834 0.02
o 117081036740885 0.02
o 117056882726818 0.02
o 117046992918000 0.02
o 117034064839983 0.02
o 117015264632181 0.02
o 117008315164325 0.02
o 116984576558847 0.02
o 116971401197193 0.02
o 116940000552519 0.02
o 116934295722817 0.07
o 116929280747860 0.07
o 116928137424443 0.07
o 116923966914067 0.07
o 116904881240963 0.07
o 116897895362302 0.07
o 116888900577638 0.07
o 116868037224894 0.07
o 116864566902130 0.07
o 116855824395783 0.07
o 116847967962014 0.07
o 116845866063990 0.09
o 116838086463111 0.47
o 116832664307669 1.13
o 116829868368688 1.13
o 116828700444515 1.13
o 116825664748204 1.13
o 116821931246224 1.13
generalized-ising-IS3_5.0.5.0.0.5_softer_periodic
o 119344765081048 0.02
o 119184357865281 0.02
o 119044628813026 0.02
o 118935933206792 0.02
o 118839640504487 0.02
o 118647415221867 0.02
o 118480863625723 0.02
o 118331425542634 0.02
o 118238611782113 0.02
o 118147834063602 0.02
o 118062982817579 0.02
o 117979424201432 0.02
o 117896529200442 0.02
o 117841215671294 0.02
o 117784238814547 0.02
o 117714415618204 0.02
o 117667405332010 0.02
o 117623953907199 0.02
o 117598208725865 0.02
o 117509910145682 0.02
o 117445490888254 0.02
o 117402103343966 0.02
o 117368898666107 0.02
o 117330765808731 0.02
o 117290046815560 0.02
o 117255398449378 0.02
o 117233544940335 0.02
o 117193286727652 0.02
o 117165971696057 0.02
o 117152962503606 0.02
o 117137350921482 0.02
o 117118473391208 0.02
o 117099670181608 0.02
o 117063936453578 0.02
o 117045780280156 0.02
o 117029893478353 0.02
o 117023602586067 0.02
o 117006316264555 0.02
o 117001611578496 0.02
o 116996760698107 0.02
o 116970276717289 0.02
o 116956783167565 0.02
o 116932315002866 0.02
o 116924311897354 0.02
o 116920150391773 0.02
o 116918434144249 0.02
o 116901205997955 0.02
o 116895299408720 0.02
o 116879923001244 0.02
o 116861194253408 0.02
o 116852826492650 0.02
o 116841920220080 1.52
o 116831234572714 1.52
o 116827892650131 1.52
o 116822439258840 1.52
o 116821931246224 64.46
generalized-ising-IS3_5.0.5.0.0.5_softer_periodic
o 120346937750490 0.02
o 120135368412586 0.02
o 119959858454403 0.02
o 119763650372459 0.02
o 119610829046481 0.02
o 119454630784203 0.03
o 119319644250306 0.03
o 119173230339789 0.03
o 119006230359591 0.03
o 118909681098835 0.03
o 118804424893500 0.03
o 118705758276556 0.03
o 118603749946069 0.03
o 118472748535841 0.03
o 118405283962397 0.03
o 118303095771506 0.03
o 118204723499789 0.03
o 118102385082259 0.03
o 118011462427441 0.03
o 117930861035381 0.03
o 117864454043831 0.03
o 117764509926665 0.03
o 117702206673338 0.03
o 117631163808512 0.03
o 117581973308651 0.03
o 117526186715190 0.03
o 117476415363717 0.03
o 117426912219565 0.03
o 117383798733397 0.03
o 117342591146001 0.03
o 117296244781057 0.03
o 117238137397685 0.03
o 117200511651205 0.03
o 117173501811210 0.03
o 117130134571087 0.03
o 117105185434749 0.03
o 117074750540001 0.03
o 117051343897334 0.03
o 117011756911884 0.03
o 116986957568634 0.03
o 116976351501726 0.03
o 116964916802909 0.03
o 116937494283293 0.03
o 116906930097383 0.03
o 116888417536088 0.03
o 116875076978310 0.03
o 116863156734429 0.08
o 116862007103215 0.08
o 116852643401409 0.08
o 116845475192225 0.21
o 116835814964381 0.21
o 116830752304938 0.21
o 116830312996797 0.21
o 116829868368701 0.32
o 116828700444523 0.32
o 116825664748215 0.32
o 116821931246227 0.32
o 116821152097898 263.44
o 116817869433965 263.6
o 116817694240522 263.6
o 116809281906438 263.6
o 116808110565239 263.6
generalized-ising-IS3_5.0.5.0.0.5_softer_periodic
o 119209802822120 0.01
o 119075170174282 0.01
o 118895760571843 0.01
o 118721671772139 0.01
o 118583689607114 0.01
o 118452290881988 0.01
o 118356607761377 0.01
o 118235950947369 0.01
o 118132800221739 0.01
o 118045101984486 0.01
o 117942507764159 0.01
o 117941958404593 0.01
o 117857823247166 0.01
o 117771177151660 0.01
o 117725822833017 0.01
o 117708836079244 0.01
o 117651201892273 0.01
o 117608414143226 0.01
o 117557722175936 0.01
o 117518821636718 0.01
o 117489749493868 0.01
o 117458857017590 0.01
o 117451828489175 0.01
o 117446629961920 0.01
o 117369635908179 0.01
o 117318660947533 0.01
o 117286112597523 0.01
o 117250590093272 0.01
o 117227713094744 0.01
o 117180858486305 0.01
o 117127991317906 0.01
o 117102482420270 0.01
o 117096360317329 0.01
o 117075184775319 0.01
o 117056944170142 0.01
o 117042694195544 0.01
o 117024643790963 0.01
o 117013152187595 0.01
o 117000799806271 0.02
o 116989775154770 0.02
o 116981756118187 0.02
o 116975365065191 0.02
o 116970442501136 0.02
o 116962971872422 0.02
o 116954448084467 0.02
o 116941678079880 0.02
o 116940595430277 0.02
o 116940413569223 0.14
o 116935241747673 0.21
o 116923316829293 0.21
o 116919431098900 0.21
o 116904151864186 0.21
o 116892513079979 0.21
o 116888984358963 0.21
o 116871154810240 0.21
o 116841338407822 0.21
o 116823920940319 0.21
o 116807834663767 0.21
o 116801767247989 0.21
generalized-ising-IS3_5.0.5.0.0.5_softer_periodic
o 120321230611237 0.02
o 120146660346356 0.02
o 119973592476486 0.02
o 119803459879541 0.02
o 119640625125960 0.02
o 119475527430740 0.02
o 119328150875892 0.02
o 119179818678663 0.02
o 119040805813681 0.02
o 118915680604006 0.02
o 118794463382761 0.02
o 118666660286978 0.02
o 118552617743927 0.02
o 118444482155783 0.02
o 118339269164996 0.02
o 118240086271397 0.02
o 118114790343307 0.02
o 118016756542582 0.02
o 117900919217930 0.02
o 117813791496705 0.02
o 117713911301224 0.02
o 117634215511549 0.02
o 117557799679858 0.02
o 117494589955776 0.02
o 117417000263182 0.02
o 117366982350030 0.02
o 117338010831185 0.02
o 117329596454141 0.02
o 117298596722378 0.02
o 117253758647050 0.02
o 117230578164737 0.02
o 117200519912207 0.02
o 117176044555130 0.02
o 117144167122189 0.02
o 117122042376423 0.02
o 117104578646293 0.02
o 117081449600692 0.02
o 117067492493382 0.02
o 117049502321007 0.02
o 117043037818847 0.02
o 117026760948112 0.02
o 117022193462095 0.02
o 117019512830338 0.02
o 117016868683622 0.02
o 117004791447578 0.02
o 116999925638398 0.02
o 116978066639598 0.02
o 116968657794566 0.03
o 116955841940782 0.04
o 116941206986593 0.07
o 116920239524894 0.08
o 116919308565802 0.08
o 116916002353311 0.09
o 116913118391518 0.8
o 116888297163678 0.8
o 116883337837326 0.8
o 116878837486917 0.81
o 116873258025763 1.17
o 116863131326654 1.18
o 116858442083778 1.18
o 116857744432081 2.32
o 116847191844202 2.34
o 116838766541635 2.34
o 116837690644552 25.7
o 116827892650125 25.7
o 116822439258837 25.7
o 116821931246227 35.46
generalized-ising-IS3_5.0.5.0.0.5_softer_periodic
o 120274438147959 0.02
o 120022530766424 0.02
o 119862905607515 0.02
o 119681911788305 0.02
o 119513946704344 0.02
o 119361032775830 0.02
o 119234759133376 0.02
o 119105829952718 0.02
o 119037118658915 0.02
o 118908587834362 0.02
o 118778522424901 0.02
o 118663477294683 0.02
o 118488955849339 0.02
o 118388251644220 0.02
o 118271947792252 0.02
o 118185256823277 0.02
o 118101673311663 0.02
o 118041792157924 0.02
o 117957134532682 0.02
o 117892821627971 0.02
o 117830889882307 0.02
o 117796333056195 0.02
o 117718095768039 0.02
o 117644716620023 0.02
o 117572537655914 0.02
o 117519662114964 0.02
o 117443325935671 0.02
o 117402505175872 0.02
o 117343787910772 0.02
o 117289231927814 0.02
o 117250140705619 0.02
o 117222805159965 0.02
o 117202176345581 0.02
o 117169463028726 0.02
o 117140668694678 0.02
o 117113278061765 0.02
o 117093851595481 0.02
o 117078548296987 0.02
o 117059542356832 0.02
o 117054198092852 0.02
o 117026937486659 0.02
o 116995469364395 0.02
o 116981596522626 0.02
o 116963179748879 0.02
o 116936452513023 0.02
o 116913985825376 0.02
o 116908227794214 0.02
o 116902805053829 0.02
o 116899255253571 0.02
o 116895459695391 0.05
o 116873182780025 0.05
o 116872535313767 0.05
o 116859483320706 0.06
o 116826632937844 1.01
o 116825198407445 1.01
generalized-ising-IS3_5.0.5.0.0.5_softer_periodic
o 119640246691579 0.02
o 119509980248653 0.02
o 119324775878939 0.02
o 119182593485547 0.02
o 119032775880673 0.02
o 118901216306763 0.02
o 118775067823606 0.02
o 118631767255179 0.02
o 118535541725915 0.02
o 118430301185287 0.02
o 118299312381063 0.02
o 118188828384717 0.02
o 118112930426479 0.02
o 117984331469906 0.02
o 117891896134922 0.02
o 117809271804159 0.02
o 117762922864118 0.02
o 117696896660437 0.02
o 117644491621249 0.02
o 117594077339240 0.02
o 117543614526390 0.02
o 117474129925030 0.02
o 117442606324190 0.02
o 117390895862861 0.02
o 117358719742065 0.02
o 117320937041327 0.02
o 117285902165856 0.02
o 117277875545241 0.02
o 117256927297551 0.02
o 117231611177524 0.02
o 117200113828240 0.02
o 117173307176175 0.02
o 117137560821100 0.02
o 117118722233336 0.02
o 117087006788856 0.02
o 117076486213502 0.02
o 117070290590944 0.02
o 117060739520995 0.02
o 117052397750888 0.02
o 117023526625595 0.02
o 116992991983678 0.02
o 116991126501227 0.02
o 116978319277207 0.02
o 116977799917794 0.07
o 116973903659954 0.07
o 116954651068793 0.07
o 116953789682683 0.14
o 116939543061846 0.14
o 116938922041895 0.14
o 116926477173017 0.14
o 116899574831736 0.14
o 116895433519150 0.14
o 116890480581618 6.72
o 116881831076161 6.72
o 116878006908147 6.72
o 116870162455704 6.72
o 116869960470257 6.72
o 116857244773777 10.04
o 116848237289709 10.04
o 116840714902514 10.04
o 116840644837715 10.13
o 116838154189748 10.13
o 116832637676020 10.13
generalized-ising-IS3_5.0.5.0.0.5_softer_periodic
o 120760148806791 0.02
o 120588845154861 0.02
o 120389264637935 0.02
o 120158231420311 0.02
o 119972795475326 0.02
o 119800659981184 0.02
o 119630144933990 0.02
o 119486586194504 0.02
o 119333668243557 0.02
o 119193109618972 0.02
o 119084053748293 0.02
o 118973521427160 0.02
o 118862798872110 0.02
o 118722353718766 0.02
o 118591675164140 0.02
o 118461064915605 0.02
o 118345002113326 0.02
o 118233393662205 0.02
o 118139013497626 0.02
o 118051568673547 0.02
o 117967267767380 0.02
o 117871303359924 0.02
o 117775744156946 0.02
o 117686783203227 0.02
o 117593837440486 0.02
o 117540086212850 0.02
o 117492058462826 0.02
o 117435314531163 0.02
o 117392457630275 0.02
o 117363887373980 0.02
o 117323885758197 0.02
o 117292580206803 0.02
o 117256909781107 0.02
o 117231558050165 0.02
o 117193928242570 0.02
o 117169676606331 0.02
o 117168529061545 0.02
o 117155166866688 0.02
o 117141012091618 0.02
o 117126564383737 0.02
o 117126363594456 0.02
o 117110104914218 0.02
o 117098776965888 0.02
o 117079206086438 0.02
o 117046440641023 0.02
o 117041211111148 0.03
o 117040128079808 0.03
o 117037775886714 0.07
o 117002443593309 0.07
o 116992815504871 0.07
o 116983279506133 0.07
o 116973576130115 0.07
o 116951253773039 0.07
o 116949198796806 0.07
o 116933144056499 0.07
o 116918024851263 0.07
o 116911124639424 0.07
o 116910508497678 0.07
o 116900622032797 0.07
o 116886127623130 0.07
o 116873172849812 0.07
o 116869053955905 2.94
o 116859158552000 2.94
o 116842206183136 2.94
o 116839586113606 2.94
o 116837785605105 2.94
o 116820963287171 3.2
o 116819469529176 3.2
o 116807834663767 3.2
o 116801767247989 3.21
generalized-ising-IS3_5.0.5.0.0.5_softer_periodic
o 120311524303290 0.02
o 120140051083849 0.02
o 119979794574685 0.02
o 119796722574230 0.02
o 119641280756228 0.02
o 119438910899222 0.02
o 119294254277980 0.02
o 119156896968836 0.02
o 119016909559623 0.02
o 118893854346160 0.02
o 118762440484680 0.02
o 118639270472701 0.02
o 118519510431765 0.02
o 118403486461748 0.02
o 118286860509378 0.02
o 118184633327776 0.02
o 118124115325780 0.02
o 118035576096229 0.02
o 117926809214501 0.02
o 117851577193591 0.02
o 117797794548432 0.02
o 117737133658144 0.02
o 117639503106758 0.02
o 117572727190278 0.02
o 117529407917356 0.02
o 117472030515089 0.02
o 117469230537158 0.02
o 117408400179319 0.02
o 117372898092592 0.02
o 117351135790564 0.02
o 117299353547264 0.02
o 117254978502656 0.02
o 117233244318282 0.02
o 117214472193886 0.02
o 117191610673661 0.02
o 117169930628167 0.02
o 117132616976331 0.02
o 117101637543811 0.02
o 117084905660847 0.02
o 117074206878061 0.02
o 117061995381121 0.02
o 117050034022023 0.02
o 117016736054258 0.02
o 117013836086378 0.02
o 117007873923218 0.02
o 117000103394518 0.02
o 116998483179734 0.02
o 116977880206138 0.02
o 116974966664245 0.02
o 116942779653913 0.02
o 116929955462320 0.02
o 116927145717890 8.05
o 116890458931565 8.05
o 116878595056073 8.05
o 116877797788667 89.37
o 116863573539616 89.38
o 116852755021907 89.38
o 116836185470399 89.63
o 116829719234740 89.63
o 116825198407453 89.63
generalized-ising-IS3_5.0.5.0.0.5_softer_periodic
o 119986934031442 0.02
o 119796452254259 0.02
o 119615349322562 0.02
o 119447424259746 0.02
o 119297290957985 0.02
o 119144584823197 0.02
o 119024499089564 0.02
o 118899167266054 0.02
o 118772168140307 0.02
o 118645982602454 0.02
o 118636301588123 0.02
o 118537668581564 0.02
o 118437829174591 0.02
o 118363175499581 0.02
o 118288052683957 0.02
o 118208378385491 0.02
o 118116408126413 0.02
o 118055128306535 0.02
o 117982905018499 0.02
o 117925816074456 0.02
o 117875109491802 0.02
o 117821525497549 0.02
o 117751396042382 0.02
o 117683962337792 0.02
o 117604474701597 0.02
o 117534300381968 0.02
o 117483929779279 0.02
o 117431949946391 0.02
o 117386558625738 0.02
o 117357966993935 0.02
o 117329783605164 0.02
o 117302001575506 0.02
o 117282559146615 0.02
o 117257709074849 0.02
o 117236556095375 0.02
o 117220433108658 0.03
o 117187673307565 0.03
o 117148991844191 0.03
o 117127828620469 0.03
o 117115681225942 0.03
o 117111708353006 0.03
o 117097476413624 0.03
o 117093539197246 0.03
o 117089613762534 0.03
o 117070838443442 0.03
o 117058873986420 0.03
o 117057937558405 0.03
o 117048984418020 0.03
o 117038295815121 0.03
o 117026904750188 0.03
o 117005619409609 0.03
o 116965289909913 0.03
o 116962112475614 0.06
o 116951732827678 0.06
o 116948089618518 0.06
o 116943879912764 0.06
o 116923111054693 0.06
o 116908410582469 0.06
o 116892145416556 0.06
o 116885794279534 0.06
o 116884872367359 0.06
o 116877411815133 13.65
o 116872494363113 13.65
o 116863955494266 13.65
o 116858733156196 13.65
o 116843972498250 13.65
o 116837236473188 13.66
o 116836453713895 13.66
o 116833678346779 13.66
o 116828970249009 13.66
o 116827959585137 13.68
o 116825664748202 13.68
o 116821931246216 13.68
