hs-timetabling-BrazilInstance6.xml
o 708 0.49
o 707 0.5
o 703 0.5
o 693 0.51
o 691 0.51
o 689 0.53
o 643 3.19
hs-timetabling-BrazilInstance6.xml
o 717 0.65
o 716 0.66
o 715 0.66
o 693 3.63
o 602 11.76
hs-timetabling-BrazilInstance6.xml
o 742 0.61
o 741 0.62
o 738 0.62
o 677 4.05
o 675 6.63
o 674 6.63
o 638 39.63
o 616 147.79
o 615 147.8
o 614 147.8
hs-timetabling-BrazilInstance6.xml
o 730 0.44
o 682 3.37
o 681 3.38
o 680 24.96
o 678 50.77
o 653 53.57
o 652 53.57
o 651 53.57
o 650 129.54
o 649 189.84
o 638 236.96
hs-timetabling-BrazilInstance6.xml
o 732 0.61
o 731 0.62
o 677 4.16
o 649 26.37
o 633 114.34
o 609 252.64
o 608 252.64
o 606 252.64
hs-timetabling-BrazilInstance6.xml
o 750 0.64
o 749 0.65
o 748 0.66
o 739 0.68
o 738 0.68
o 685 3.2
o 630 5.64
o 620 13.62
o 619 13.62
o 616 13.63
o 615 13.63
o 601 21.05
hs-timetabling-BrazilInstance6.xml
o 721 0.38
o 720 0.39
o 682 3.14
o 665 8.31
o 664 8.31
o 639 47.37
o 636 160.15
hs-timetabling-BrazilInstance6.xml
o 740 0.5
o 664 3.2
o 648 97.07
o 647 97.09
o 646 97.09
o 636 110.37
o 635 115.26
o 616 222.03
hs-timetabling-BrazilInstance6.xml
o 749 0.64
o 748 0.65
o 726 3.66
o 700 6.29
o 684 8.74
o 683 8.74
o 625 11.41
hs-timetabling-BrazilInstance6.xml
o 725 0.59
o 724 0.6
o 723 0.6
o 660 3.63
o 651 9.31
o 650 30.92
o 648 107.06
o 647 121.81
