judgment-aggregation-ja-kemeny-preflib-00049-00000454
o 842 0.2
o 738 0.26
o 737 0.26
o 736 0.26
o 733 0.26
o 730 0.26
o 729 0.27
o 727 0.27
o 726 0.27
o 725 0.27
o 707 0.27
o 705 0.27
o 704 0.27
o 702 0.27
o 700 0.27
o 696 0.27
o 694 0.27
o 693 0.27
o 691 0.27
o 690 0.53
o 688 0.53
o 679 0.54
o 673 0.54
o 672 0.54
o 671 0.54
o 670 0.54
o 668 0.54
o 664 0.54
o 661 0.54
o 654 25.49
o 653 25.49
o 652 25.49
o 649 25.5
o 648 25.5
o 645 52.74
o 644 52.75
o 643 83.41
judgment-aggregation-ja-kemeny-preflib-00049-00000454
o 1184 0.19
o 675 0.26
o 674 0.26
o 666 0.91
o 662 0.92
o 659 0.92
o 658 0.92
o 650 27.73
o 648 27.74
o 647 57.12
o 645 57.12
o 644 84.68
o 642 111.94
judgment-aggregation-ja-kemeny-preflib-00049-00000454
o 1025 0.16
o 702 0.21
o 701 0.21
o 700 0.21
o 698 0.21
o 695 0.21
o 692 0.21
o 690 0.21
o 688 0.21
o 677 0.34
o 675 0.34
o 668 0.34
o 667 0.34
o 666 0.34
o 665 0.34
o 663 0.34
o 662 0.34
o 648 27.95
o 647 27.95
o 645 27.95
o 644 27.95
o 642 27.95
judgment-aggregation-ja-kemeny-preflib-00049-00000454
o 933 0.2
o 713 0.26
o 710 0.27
o 709 0.27
o 707 0.27
o 702 0.27
o 699 0.27
o 695 0.27
o 694 0.27
o 692 0.27
o 691 0.52
o 689 0.57
o 683 0.57
o 679 0.57
o 676 0.57
o 674 0.57
o 672 0.57
o 667 0.57
o 665 0.57
o 663 1.12
o 648 27.29
o 647 27.29
o 646 140.81
o 645 140.81
o 644 140.81
o 643 282.76
judgment-aggregation-ja-kemeny-preflib-00049-00000454
o 898 2.59
o 729 4.41
o 728 4.41
o 726 4.44
o 724 4.44
o 721 4.45
o 720 4.45
o 718 5.21
o 716 5.21
o 688 5.72
o 682 5.73
o 680 5.73
o 679 5.74
o 675 5.89
o 672 5.9
o 671 5.92
o 670 5.94
o 669 5.94
o 668 5.94
o 667 5.95
o 666 5.95
o 664 7.79
o 659 8.08
o 658 8.08
o 656 8.08
o 655 8.12
o 654 8.12
o 653 8.87
o 652 8.87
o 645 43.21
o 644 157.34
o 642 157.35
judgment-aggregation-ja-kemeny-preflib-00049-00000454
o 927 0.17
o 707 0.22
o 706 0.22
o 705 0.22
o 703 0.32
o 702 0.32
o 700 0.37
o 699 0.37
o 698 0.54
o 695 0.57
o 693 0.57
o 687 0.57
o 686 0.57
o 675 0.7
o 670 0.7
o 668 0.7
o 645 28.41
o 643 28.41
o 639 252.47
judgment-aggregation-ja-kemeny-preflib-00049-00000454
o 860 0.19
o 704 0.24
o 697 0.36
o 691 0.36
o 678 0.36
o 674 0.36
o 671 0.43
o 670 0.43
o 669 0.43
o 668 0.68
o 667 0.68
o 666 0.68
o 663 1.16
o 662 1.16
o 660 1.16
o 656 1.16
o 655 1.16
o 654 1.17
o 646 27.6
o 645 27.6
o 644 27.6
o 643 27.6
o 642 145.76
o 641 231.54
o 640 231.54
o 638 286.9
o 637 286.9
judgment-aggregation-ja-kemeny-preflib-00049-00000454
o 924 0.18
o 720 0.25
o 719 0.25
o 716 0.25
o 713 0.25
o 682 0.26
o 677 0.26
o 676 0.26
o 673 0.44
o 671 0.44
o 670 0.44
o 669 0.71
o 667 0.71
o 664 2.11
o 662 2.11
o 657 2.11
o 656 2.11
o 653 2.11
o 652 2.11
o 651 28.87
o 648 28.87
o 644 28.88
o 643 116.92
o 642 149.1
o 641 261.85
o 640 261.86
o 639 261.86
o 638 261.86
judgment-aggregation-ja-kemeny-preflib-00049-00000454
o 994 0.19
o 721 0.26
o 718 0.26
o 717 0.26
o 716 0.26
o 713 0.26
o 712 0.26
o 711 0.26
o 707 0.26
o 705 0.26
o 704 0.26
o 702 0.26
o 701 0.4
o 698 0.4
o 697 0.43
o 688 0.44
o 686 0.51
o 668 0.51
o 667 0.51
o 666 2.33
o 663 2.33
o 662 2.33
o 661 2.33
o 660 2.34
o 647 29.58
o 646 29.58
o 645 89.36
o 642 175.99
o 641 175.99
judgment-aggregation-ja-kemeny-preflib-00049-00000454
o 923 0.18
o 743 0.24
o 718 0.25
o 715 0.25
o 714 0.25
o 713 0.25
o 712 0.25
o 710 0.25
o 708 0.25
o 707 0.25
o 701 0.25
o 699 0.25
o 696 0.25
o 694 0.25
o 693 0.25
o 692 0.25
o 691 0.25
o 689 0.25
o 688 0.25
o 686 0.25
o 685 0.25
o 684 0.25
o 674 0.58
o 672 0.58
o 668 0.58
o 666 0.58
o 657 0.58
o 655 0.58
o 653 0.58
o 652 0.58
o 643 26.29
o 634 53.4
