max-realizability-power-distribution_11_7
o 3485 0.31
o 1083 0.32
o 198 0.32
o 180 0.32
o 162 0.32
o 145 0.32
o 144 0.34
o 128 12.05
max-realizability-power-distribution_11_7
o 2907 0.32
o 198 0.32
o 180 0.33
o 162 0.33
o 144 0.33
max-realizability-power-distribution_11_7
o 3485 0.34
o 235 0.35
o 217 0.35
o 164 0.37
o 146 0.38
o 145 0.38
o 144 91.07
o 130 202.04
max-realizability-power-distribution_11_7
o 3774 0.38
o 541 0.39
o 235 0.39
o 218 0.39
o 199 0.39
o 182 0.4
o 164 0.4
o 145 0.4
o 144 0.4
max-realizability-power-distribution_11_7
o 2907 0.4
o 1355 0.4
o 1066 0.4
o 488 0.4
o 199 0.4
o 164 0.4
o 162 0.42
o 147 0.47
o 129 1.96
o 127 106.74
o 126 106.74
max-realizability-power-distribution_11_7
o 2907 0.34
o 812 0.34
o 234 0.34
o 181 0.34
o 180 0.35
o 162 0.35
o 146 0.37
o 145 0.37
o 144 12.76
o 127 12.77
max-realizability-power-distribution_11_7
o 3774 0.31
o 776 0.31
o 198 0.31
o 181 0.31
o 163 0.31
o 147 1.19
o 145 107.65
o 144 205.68
o 126 205.68
max-realizability-power-distribution_11_7
o 3196 0.34
o 776 0.34
o 487 0.34
o 198 0.34
o 162 0.34
max-realizability-power-distribution_11_7
o 4063 0.29
o 577 0.3
o 288 0.3
o 252 0.3
o 234 0.3
o 181 0.3
o 180 0.3
o 164 0.36
o 163 12.49
o 147 12.62
o 146 14.54
o 129 14.54
o 128 182.11
max-realizability-power-distribution_11_7
o 3196 0.68
o 542 0.68
o 235 0.68
o 218 0.68
o 181 0.73
o 164 0.73
o 144 0.75
