MinimumWeightDominatingSetProblem-delaunay_n24
o 276393457 83.69
MinimumWeightDominatingSetProblem-delaunay_n24
o 276382820 113.31
MinimumWeightDominatingSetProblem-delaunay_n24
o 276423416 86.22
o 276410838 306.13
MinimumWeightDominatingSetProblem-delaunay_n24
o 276463756 108.3
MinimumWeightDominatingSetProblem-delaunay_n24
o 276449071 82.58
o 254517543 269.09
o 254517480 269.11
o 254517465 269.12
o 254517454 269.13
o 254517444 269.14
o 254517439 269.15
o 254517437 269.16
o 254517435 269.17
o 253342118 275.15
o 253342078 275.16
MinimumWeightDominatingSetProblem-delaunay_n24
o 276428711 98.43
MinimumWeightDominatingSetProblem-delaunay_n24
o 276575674 72.44
o 276333767 316.36
MinimumWeightDominatingSetProblem-delaunay_n24
o 276386126 83.75
o 254521621 297.54
o 254521469 297.55
o 254520970 297.57
o 254520959 297.58
o 254520958 297.59
MinimumWeightDominatingSetProblem-delaunay_n24
o 276322326 81.8
MinimumWeightDominatingSetProblem-delaunay_n24
o 276442634 95.74
