ParametricRBACMaintenance_mse20-role_domino_multiple_0.1_8
o 86292 1.28
o 83998 1.45
o 72174 1.6
o 72074 1.6
o 72052 1.6
o 72030 1.6
o 69928 1.85
o 63074 2.14
o 60462 2.42
o 60456 2.42
o 54634 43.23
o 45572 159.58
ParametricRBACMaintenance_mse20-role_domino_multiple_0.1_8
o 79862 1.28
o 74178 1.75
o 74098 2.71
o 69812 4.99
o 68746 4.99
o 68672 34.29
o 68666 34.29
o 68644 34.29
o 65194 43.74
o 62054 57.19
o 61190 68.67
o 46266 150.87
o 46166 150.87
ParametricRBACMaintenance_mse20-role_domino_multiple_0.1_8
o 107526 1.28
o 100276 1.32
o 77934 1.42
o 77906 1.42
o 76226 1.61
o 70144 2.07
o 66594 3.49
o 65880 23.26
o 65626 23.26
o 64096 31.18
o 64090 31.18
o 64068 31.18
o 52958 147.96
o 52836 147.96
o 52808 147.97
o 52780 147.97
o 52724 147.97
o 52702 147.97
o 40526 163.31
ParametricRBACMaintenance_mse20-role_domino_multiple_0.1_8
o 85476 1.2
o 84132 1.74
o 75246 1.91
o 62090 2.66
o 45800 29.47
o 45734 29.47
ParametricRBACMaintenance_mse20-role_domino_multiple_0.1_8
o 86624 4.1
o 81566 5.61
o 77828 7.38
o 76436 7.97
o 73248 8.28
o 71362 11.48
o 71340 11.48
o 65804 12.44
o 59418 59.83
o 59412 59.84
o 48402 244.72
ParametricRBACMaintenance_mse20-role_domino_multiple_0.1_8
o 81296 1.01
o 81274 1.01
o 81252 1.01
o 81018 1.16
o 80996 1.16
o 75348 1.49
o 64042 1.7
o 64020 1.7
o 46198 91.77
ParametricRBACMaintenance_mse20-role_domino_multiple_0.1_8
o 80852 1.08
o 79258 1.49
o 75926 1.7
o 74530 2.01
o 70950 2.06
o 68566 3.27
o 60506 5.77
o 60484 5.77
o 60406 5.77
o 60274 5.77
o 50648 163.18
o 50620 163.19
ParametricRBACMaintenance_mse20-role_domino_multiple_0.1_8
o 87266 1.04
o 77138 1.16
o 74050 2.14
o 72386 2.59
o 66064 3.63
o 51692 45.89
o 50348 124.56
o 50320 124.56
o 50254 124.57
ParametricRBACMaintenance_mse20-role_domino_multiple_0.1_8
o 97656 1.05
o 95348 1.09
o 86290 1.09
o 86222 1.14
o 86200 1.14
o 80030 1.18
o 78486 1.43
o 72914 1.79
o 72870 1.79
o 71084 2.35
o 71040 2.35
o 67548 6.71
o 52694 164.16
o 52336 164.16
ParametricRBACMaintenance_mse20-role_domino_multiple_0.1_8
o 84674 1.32
o 83008 1.6
o 81952 1.6
o 76644 1.78
o 76622 1.78
o 67310 2.79
o 63508 2.86
o 63322 53.74
o 63278 53.74
o 47684 208.68
