setcover-rail4284
o 1580 348.76
o 1579 348.76
o 1578 348.77
o 1577 348.77
o 1576 348.77
setcover-rail4284
o 1602 324.54
o 1601 324.54
o 1600 324.54
o 1599 324.54
setcover-rail4284
o 1581 344.15
setcover-rail4284
o 1598 324.37
o 1597 324.37
o 1596 324.37
o 1594 324.37
setcover-rail4284
o 1631 337.41
o 1630 337.41
o 1629 337.42
o 1628 337.42
setcover-rail4284
o 1595 305.99
o 1594 305.99
setcover-rail4284
o 1581 301.57
setcover-rail4284
o 1586 306.72
o 1585 306.72
o 1584 306.72
o 1583 306.72
o 1582 306.72
setcover-rail4284
o 1587 314.27
o 1586 314.28
o 1585 314.28
o 1584 314.28
o 1583 314.28
setcover-rail4284
o 1575 308.52
o 1574 308.52
o 1573 308.52
o 1572 308.53
o 1571 308.53
