staff-scheduling-instance8
o 11007 0.97
o 5081 13.5
o 4979 28.83
o 4704 52.48
o 4208 86.71
o 3800 288.46
staff-scheduling-instance8
o 10643 0.88
o 6514 13.56
o 5394 20.12
o 5211 26.62
o 4577 32.7
o 4300 67.5
o 4290 197.41
o 3818 223.89
staff-scheduling-instance8
o 10122 0.51
o 9715 0.52
o 4185 11.28
staff-scheduling-instance8
o 11347 0.38
o 11249 0.38
o 5572 10.33
o 3892 23.76
o 3790 103.12
staff-scheduling-instance8
o 12119 0.37
o 12021 0.37
o 5577 10.79
o 5493 15.8
o 4775 23.76
o 4501 35.64
o 4400 35.64
o 3895 54.88
o 3886 85.13
o 3586 234.79
staff-scheduling-instance8
o 10220 0.34
o 4601 10.02
o 4488 20.78
o 4482 34.18
o 4319 106.51
o 4196 239.35
o 4165 245.85
staff-scheduling-instance8
o 11509 0.33
o 11408 0.33
o 5400 9.71
o 5188 13.27
o 5187 13.27
o 4702 16.73
o 4608 16.73
o 4395 33.31
o 4383 95.62
o 4282 95.62
o 4079 210.68
staff-scheduling-instance8
o 11037 0.34
o 6622 10
o 4621 13.19
o 4277 30.12
o 4201 50.21
o 4101 86.58
o 4000 86.58
o 3987 194.21
staff-scheduling-instance8
o 12227 0.37
o 4410 9.68
o 4381 94.83
o 4182 122.76
o 3893 211.49
staff-scheduling-instance8
o 12019 0.38
o 6009 10.25
o 5524 13.53
o 4806 16.71
o 4176 33.49
o 3887 174.44
