staff-scheduling-instance4
o 4869 0.01
o 4700 0.01
o 4297 0.01
o 4095 0.01
o 3976 0.02
o 3791 0.02
o 3675 0.02
o 3572 0.02
o 2381 0.76
o 2379 0.76
o 2291 2.2
o 2276 11.83
o 2184 14.05
o 1968 14.8
o 1884 41.36
o 1883 169.64
o 1877 169.65
o 1876 169.65
o 1873 169.65
o 1872 169.65
o 1865 259.19
staff-scheduling-instance4
o 4470 0.01
o 4268 0.01
o 2354 0.67
o 2049 0.67
o 1998 23.38
o 1974 28.04
o 1964 48.77
o 1957 107.43
o 1956 154.18
o 1855 154.18
o 1853 154.18
staff-scheduling-instance4
o 4993 0.01
o 4893 0.01
o 4583 0.02
o 4383 0.02
o 2286 0.63
o 2183 1.35
o 2163 2.79
o 2068 4.94
o 1969 4.94
o 1963 33.88
o 1877 159.89
o 1875 159.89
o 1850 269.97
staff-scheduling-instance4
o 4482 0.01
o 4277 0.01
o 1975 0.78
o 1973 24.44
o 1967 37.77
o 1963 115.34
o 1962 115.34
o 1958 115.34
o 1880 184.24
o 1877 184.24
staff-scheduling-instance4
o 4894 0.01
o 3990 0.01
o 2798 0.69
o 2298 1.43
o 1988 1.43
o 1986 30.16
o 1978 30.8
o 1976 30.8
o 1870 30.8
staff-scheduling-instance4
o 5267 0.01
o 3880 0.01
o 3789 0.01
o 3680 0.02
o 3580 0.02
o 3568 0.02
o 2262 0.7
o 2258 2.93
o 2186 5.74
o 2174 13.38
o 2165 20.08
o 2162 20.08
o 2073 23.53
o 2067 27.26
o 1989 28.82
o 1966 51.56
o 1890 130.85
o 1889 130.85
staff-scheduling-instance4
o 4895 0.01
o 4789 0.01
o 4784 0.02
o 4491 0.02
o 4280 0.02
o 4170 0.02
o 3875 0.02
o 2267 0.67
o 2263 0.67
o 2195 1.48
o 2168 2.23
o 2066 2.24
o 1862 6.05
staff-scheduling-instance4
o 4797 0.01
o 4795 0.01
o 3591 0.01
o 3566 0.02
o 2071 1.04
o 1992 1.79
o 1868 10.65
staff-scheduling-instance4
o 4378 0.01
o 4277 0.01
o 3778 0.01
o 3583 0.02
o 2483 0.61
o 2482 0.61
o 2387 0.61
o 2279 0.62
o 2278 0.62
o 2177 2.71
o 2081 5.96
o 2076 17.93
o 2074 17.93
o 1988 18.62
o 1982 21.55
o 1959 25.27
o 1947 48.33
o 1872 67.17
staff-scheduling-instance4
o 5387 0.01
o 5085 0.01
o 4475 0.01
o 3762 0.01
o 2752 0.69
o 2658 0.69
o 2457 0.69
o 2360 0.7
o 2263 0.7
o 2259 0.7
o 1983 2.89
o 1891 13.5
o 1889 13.5
o 1881 68.86
o 1878 230.27
o 1877 269.13
