aes-sbox_8
o 810 121.35
o 809 121.35
o 808 121.35
o 807 121.35
o 806 121.35
o 805 121.35
o 804 121.35
o 803 121.35
o 802 121.35
o 800 121.35
o 799 121.35
o 798 121.35
o 797 121.35
o 796 121.35
o 795 121.35
o 794 121.35
o 793 121.35
o 792 121.35
o 791 121.35
o 790 121.35
o 789 121.35
o 788 121.35
o 787 121.35
o 786 121.35
o 785 121.35
o 784 121.35
o 783 121.35
o 782 121.35
o 781 121.35
o 780 121.35
o 778 121.35
o 777 121.35
o 776 121.35
o 775 121.35
o 774 121.35
o 773 121.35
o 772 121.35
o 771 121.36
o 770 121.36
o 769 121.36
o 768 121.36
o 767 121.36
o 766 121.36
o 765 121.36
o 764 121.36
o 763 121.36
o 762 121.36
o 761 121.36
o 760 121.36
o 759 121.36
o 758 121.36
o 757 121.36
o 756 121.36
o 755 121.36
o 754 121.36
o 753 121.36
o 752 121.37
o 751 121.37
o 750 121.37
o 749 121.37
o 748 121.37
o 747 121.37
o 746 121.37
o 745 121.37
o 744 121.37
o 743 121.37
o 742 121.37
o 741 121.37
o 740 121.37
o 739 121.37
o 738 121.37
o 737 121.37
o 736 121.37
o 735 121.37
o 734 121.37
o 733 121.37
o 732 121.37
o 731 121.37
o 730 121.37
o 729 121.37
o 728 121.37
o 727 121.37
o 726 121.37
o 725 121.37
o 724 121.37
o 723 121.37
o 722 121.37
o 721 121.37
o 720 121.37
o 719 121.37
o 718 121.37
o 717 121.37
o 716 121.37
o 715 121.37
o 714 121.37
o 713 121.37
o 712 121.37
o 711 121.37
o 710 121.37
o 709 121.38
o 708 121.38
o 707 121.38
o 706 121.38
o 705 121.38
o 704 121.38
o 703 121.38
o 702 121.38
o 701 121.38
o 700 121.38
o 699 121.38
o 698 121.38
o 697 121.38
o 696 121.38
o 695 121.38
o 694 121.38
o 693 121.38
o 692 121.38
o 691 121.38
o 690 121.38
o 689 121.38
o 688 121.38
o 687 121.38
o 686 121.38
o 685 121.38
o 684 121.38
o 683 121.38
o 682 121.38
o 681 121.38
o 680 121.38
o 679 121.4
o 678 121.4
o 677 121.4
o 676 121.4
o 675 121.42
o 674 121.42
o 673 121.42
o 672 121.42
o 671 121.42
o 670 121.42
o 669 121.42
o 668 121.42
o 667 121.42
o 666 121.42
o 665 121.42
o 664 121.42
o 663 121.42
o 662 121.42
o 661 121.42
o 660 121.42
o 659 121.42
o 658 121.42
o 657 121.42
o 656 121.42
o 655 121.42
o 654 121.42
o 653 121.42
o 652 121.42
o 651 121.42
o 650 121.42
o 649 121.42
o 648 121.42
o 647 121.42
o 646 121.42
o 645 121.42
o 644 121.42
o 643 121.42
o 642 121.42
o 641 121.42
o 640 121.42
o 639 121.43
o 638 121.43
o 637 121.43
o 636 121.43
o 635 121.43
o 634 121.43
o 633 121.44
o 632 121.44
o 631 121.44
o 630 121.44
o 629 121.44
o 628 121.44
o 627 121.44
o 626 121.44
o 625 121.44
o 624 121.44
o 623 121.44
o 622 121.44
o 621 121.44
o 620 121.44
o 619 121.44
o 618 121.44
o 617 121.44
o 616 121.44
o 615 121.44
o 614 121.44
o 613 121.45
o 612 121.45
o 611 121.45
o 610 121.47
o 609 121.47
o 608 121.47
o 607 121.47
o 606 121.47
o 605 121.47
o 604 121.47
o 603 121.47
o 602 121.47
o 601 121.47
o 600 121.47
o 599 121.47
o 598 121.47
o 597 121.47
o 596 121.47
o 595 121.47
o 594 121.47
o 593 121.47
o 592 121.47
o 591 121.47
o 590 121.47
o 589 121.49
o 588 121.49
o 587 121.49
o 586 121.49
o 585 121.49
o 584 121.49
o 583 121.49
o 582 121.49
o 581 121.49
o 580 121.49
o 579 121.49
o 578 121.49
o 577 121.51
o 576 121.51
o 575 121.51
o 574 121.51
o 573 121.51
o 572 121.53
o 571 121.53
o 570 121.53
o 569 121.53
o 568 121.53
o 567 121.53
o 566 121.53
o 565 121.53
o 564 121.53
o 563 121.53
o 562 121.53
o 561 121.56
o 560 121.56
o 559 121.56
o 558 121.56
o 557 121.56
o 556 121.69
o 555 121.69
o 554 121.71
o 553 121.71
o 552 121.71
o 551 121.83
o 550 121.83
o 532 134.7
o 526 134.71
o 525 134.71
o 524 134.74
o 514 134.75
o 513 134.75
o 512 134.75
o 511 134.75
o 510 134.75
o 506 134.75
o 504 134.77
o 489 134.78
o 481 134.79
o 478 134.8
o 476 134.8
o 470 134.83
o 467 134.84
o 463 134.84
o 461 134.88
aes-sbox_8
o 810 213.18
o 809 213.18
o 808 213.18
o 805 213.18
o 804 213.18
o 803 213.18
o 802 213.18
o 801 213.18
o 800 213.18
o 799 213.18
o 798 213.18
o 797 213.18
o 796 213.18
o 795 213.18
o 794 213.18
o 793 213.18
o 792 213.18
o 791 213.18
o 790 213.18
o 789 213.18
o 788 213.18
o 787 213.18
o 786 213.18
o 785 213.18
o 784 213.18
o 783 213.18
o 782 213.18
o 781 213.18
o 780 213.18
o 779 213.18
o 778 213.18
o 777 213.18
o 776 213.18
o 775 213.18
o 774 213.18
o 773 213.19
o 772 213.19
o 771 213.19
o 770 213.19
o 769 213.19
o 768 213.19
o 767 213.19
o 766 213.19
o 765 213.19
o 764 213.19
o 763 213.19
o 762 213.19
o 761 213.19
o 760 213.19
o 759 213.19
o 758 213.19
o 757 213.19
o 756 213.19
o 755 213.19
o 754 213.19
o 753 213.19
o 752 213.19
o 751 213.19
o 750 213.19
o 749 213.19
o 748 213.19
o 747 213.19
o 746 213.19
o 745 213.19
o 742 213.19
o 741 213.19
o 740 213.2
o 739 213.2
o 738 213.2
o 737 213.2
o 736 213.2
o 735 213.2
o 734 213.2
o 733 213.2
o 732 213.2
o 731 213.2
o 730 213.2
o 729 213.2
o 728 213.2
o 727 213.2
o 726 213.2
o 725 213.2
o 724 213.2
o 723 213.2
o 722 213.2
o 721 213.2
o 720 213.2
o 719 213.2
o 718 213.2
o 717 213.2
o 716 213.2
o 715 213.2
o 714 213.2
o 713 213.21
o 712 213.21
o 711 213.21
o 710 213.21
o 709 213.21
o 708 213.21
o 707 213.21
o 706 213.21
o 705 213.21
o 704 213.21
o 703 213.21
o 702 213.21
o 701 213.21
o 700 213.21
o 699 213.21
o 698 213.21
o 697 213.21
o 696 213.21
o 695 213.21
o 694 213.21
o 693 213.22
o 692 213.22
o 691 213.22
o 690 213.22
o 689 213.22
o 688 213.22
o 687 213.22
o 686 213.22
o 685 213.22
o 684 213.22
o 683 213.22
o 682 213.22
o 681 213.22
o 680 213.22
o 679 213.22
o 678 213.22
o 677 213.22
o 676 213.23
o 675 213.23
o 674 213.23
o 673 213.23
o 672 213.23
o 671 213.23
o 670 213.23
o 669 213.23
o 668 213.24
o 667 213.24
o 666 213.24
o 665 213.24
o 664 213.24
o 663 213.28
o 662 213.28
o 661 213.28
o 660 213.28
o 659 213.28
o 658 213.28
o 657 213.28
o 656 213.28
o 655 213.28
o 654 213.28
o 653 213.28
o 652 213.28
o 651 213.28
o 650 213.28
o 649 213.28
o 648 213.28
o 647 213.28
o 646 213.28
o 645 213.28
o 644 213.28
o 643 213.28
o 642 213.28
o 641 213.28
o 640 213.28
o 639 213.28
o 638 213.28
o 637 213.28
o 636 213.28
o 635 213.31
o 634 213.31
o 633 213.31
o 632 213.31
o 631 213.31
o 630 213.31
o 629 213.31
o 628 213.31
o 627 213.31
o 626 213.31
o 625 213.31
o 624 213.31
o 623 213.31
o 622 213.32
o 621 213.32
o 620 213.32
o 619 213.32
o 618 213.32
o 617 213.32
o 616 213.32
o 615 213.32
o 614 213.32
o 613 213.32
o 612 213.32
o 611 213.32
o 610 213.32
o 609 213.32
o 608 213.32
o 607 213.32
o 606 213.32
o 605 213.32
o 604 213.32
o 603 213.32
o 602 213.32
o 601 213.32
o 600 213.32
o 599 213.32
o 598 213.32
o 597 213.32
o 596 213.32
o 595 213.32
o 594 213.32
o 593 213.35
o 592 213.35
o 591 213.35
o 590 213.35
o 589 213.35
o 588 213.35
o 587 213.35
o 586 213.35
o 585 213.35
o 584 213.35
o 583 213.35
o 582 213.39
o 581 213.39
o 580 213.43
o 579 213.43
o 578 213.43
o 577 213.43
o 576 213.43
o 575 213.43
o 574 213.43
o 573 213.43
o 572 213.43
o 571 213.43
o 570 213.43
o 569 213.43
o 568 213.43
o 567 213.43
o 566 213.43
o 565 213.47
o 564 213.47
o 563 213.47
o 562 213.49
o 561 213.49
o 560 213.49
o 559 213.49
o 558 213.49
o 557 213.49
o 556 213.49
o 555 215.24
o 554 215.25
o 553 215.25
o 552 215.25
o 551 215.25
o 550 215.25
o 540 240.56
o 539 240.56
o 536 240.58
o 535 240.65
o 533 240.71
o 532 240.71
o 530 240.74
o 529 240.74
o 528 240.78
o 527 240.79
o 515 240.79
o 511 241.3
o 509 242.05
o 508 242.08
o 507 242.08
o 505 242.08
o 500 242.15
o 494 242.18
o 489 242.23
o 486 243.58
o 484 245.74
o 483 245.74
o 478 245.76
o 470 246.12
o 467 246.34
o 464 246.68
aes-sbox_8
o 810 209.74
o 809 209.74
o 808 209.74
o 807 209.74
o 806 209.74
o 805 209.74
o 804 209.74
o 803 209.74
o 802 209.74
o 801 209.74
o 800 209.74
o 799 209.74
o 798 209.74
o 797 209.74
o 796 209.74
o 795 209.74
o 794 209.74
o 793 209.74
o 792 209.74
o 791 209.74
o 790 209.74
o 789 209.74
o 788 209.74
o 787 209.74
o 786 209.74
o 785 209.74
o 784 209.74
o 783 209.74
o 782 209.74
o 781 209.74
o 780 209.74
o 779 209.74
o 778 209.74
o 777 209.74
o 776 209.74
o 775 209.74
o 774 209.75
o 773 209.75
o 772 209.75
o 771 209.75
o 770 209.75
o 769 209.75
o 768 209.75
o 767 209.75
o 766 209.75
o 765 209.75
o 764 209.75
o 763 209.75
o 762 209.75
o 761 209.75
o 760 209.75
o 759 209.75
o 758 209.75
o 757 209.75
o 756 209.75
o 755 209.75
o 754 209.75
o 753 209.75
o 752 209.75
o 751 209.75
o 750 209.75
o 749 209.75
o 748 209.75
o 747 209.75
o 746 209.75
o 745 209.75
o 744 209.75
o 743 209.75
o 741 209.75
o 740 209.75
o 739 209.75
o 738 209.75
o 737 209.75
o 736 209.76
o 735 209.76
o 734 209.76
o 733 209.76
o 732 209.76
o 731 209.76
o 730 209.76
o 729 209.76
o 728 209.76
o 727 209.76
o 726 209.76
o 725 209.76
o 724 209.76
o 723 209.76
o 722 209.76
o 721 209.76
o 720 209.76
o 719 209.76
o 718 209.76
o 717 209.76
o 716 209.76
o 715 209.76
o 714 209.76
o 713 209.76
o 712 209.76
o 711 209.76
o 710 209.77
o 709 209.77
o 708 209.77
o 707 209.77
o 706 209.77
o 705 209.77
o 704 209.77
o 703 209.77
o 702 209.77
o 701 209.77
o 700 209.77
o 699 209.77
o 698 209.77
o 697 209.77
o 696 209.77
o 695 209.77
o 694 209.77
o 693 209.77
o 692 209.77
o 691 209.77
o 690 209.77
o 689 209.77
o 688 209.77
o 687 209.77
o 686 209.77
o 685 209.77
o 684 209.77
o 683 209.77
o 682 209.77
o 681 209.78
o 680 209.78
o 679 209.78
o 678 209.78
o 677 209.78
o 676 209.78
o 675 209.78
o 674 209.78
o 673 209.78
o 672 209.78
o 671 209.78
o 670 209.78
o 669 209.78
o 668 209.78
o 667 209.78
o 666 209.78
o 665 209.79
o 664 209.79
o 663 209.8
o 662 209.82
o 661 209.82
o 660 209.82
o 659 209.82
o 658 209.82
o 657 209.82
o 656 209.82
o 655 209.82
o 654 209.82
o 653 209.82
o 652 209.82
o 651 209.82
o 650 209.82
o 649 209.82
o 648 209.82
o 647 209.82
o 646 209.82
o 645 209.82
o 644 209.82
o 643 209.84
o 642 209.85
o 641 209.85
o 640 209.85
o 639 209.85
o 638 209.85
o 637 209.85
o 636 209.85
o 635 209.85
o 634 209.85
o 633 209.85
o 632 209.85
o 631 209.85
o 630 209.85
o 629 209.85
o 628 209.85
o 627 209.85
o 626 209.85
o 625 209.85
o 624 209.85
o 623 209.85
o 622 209.85
o 621 209.85
o 620 209.85
o 619 209.85
o 618 209.85
o 617 209.85
o 616 209.85
o 615 209.85
o 614 209.85
o 613 209.85
o 612 209.85
o 611 209.85
o 610 209.85
o 609 209.86
o 608 209.86
o 607 209.86
o 606 209.93
o 605 209.93
o 604 209.93
o 603 209.93
o 602 209.93
o 601 209.93
o 600 209.93
o 599 209.93
o 598 209.93
o 597 209.93
o 596 209.93
o 595 209.93
o 594 209.93
o 593 209.96
o 592 209.96
o 591 209.96
o 590 209.96
o 589 209.96
o 588 209.96
o 587 209.96
o 586 209.96
o 585 209.96
o 584 209.96
o 583 209.96
o 582 209.96
o 581 209.96
o 580 209.96
o 579 209.96
o 578 209.96
o 577 209.96
o 576 209.98
o 575 209.98
o 574 209.98
o 573 209.98
o 572 209.98
o 571 209.98
o 570 209.98
o 569 209.98
o 568 209.98
o 567 209.98
o 566 209.98
o 565 209.99
o 564 210.08
o 563 210.08
o 562 210.18
o 561 210.18
o 560 210.22
o 559 210.22
o 558 210.22
o 557 210.22
o 556 210.22
o 555 210.28
o 554 210.28
o 553 210.28
o 552 210.28
o 551 210.28
o 550 210.28
o 549 210.28
o 548 210.28
o 547 210.28
o 546 210.28
o 545 210.28
o 544 210.28
o 540 234.36
o 538 234.36
o 537 234.38
o 536 234.38
o 535 234.38
o 534 234.38
o 525 234.38
o 517 234.41
o 506 234.43
o 505 234.5
o 494 234.54
o 486 234.57
o 483 234.58
o 479 234.58
o 472 234.6
o 471 234.62
o 469 235.45
o 468 235.45
o 467 235.52
o 466 235.52
aes-sbox_8
o 810 177
o 809 177
o 808 177.01
o 807 177.01
o 806 177.01
o 805 177.01
o 804 177.01
o 803 177.01
o 802 177.01
o 801 177.01
o 800 177.01
o 799 177.01
o 798 177.01
o 797 177.01
o 796 177.01
o 795 177.01
o 794 177.01
o 793 177.01
o 792 177.01
o 791 177.01
o 790 177.01
o 789 177.01
o 788 177.01
o 787 177.01
o 786 177.01
o 785 177.01
o 784 177.01
o 783 177.01
o 782 177.01
o 781 177.01
o 780 177.01
o 779 177.01
o 778 177.01
o 777 177.01
o 776 177.01
o 775 177.01
o 774 177.01
o 773 177.01
o 772 177.01
o 771 177.01
o 770 177.01
o 769 177.01
o 768 177.01
o 767 177.01
o 766 177.01
o 765 177.01
o 764 177.02
o 763 177.02
o 762 177.02
o 761 177.02
o 760 177.02
o 759 177.02
o 758 177.02
o 757 177.02
o 756 177.02
o 755 177.02
o 754 177.02
o 753 177.02
o 752 177.02
o 751 177.02
o 750 177.02
o 749 177.02
o 748 177.02
o 747 177.02
o 746 177.02
o 745 177.02
o 744 177.02
o 743 177.02
o 742 177.02
o 741 177.02
o 740 177.02
o 739 177.02
o 738 177.02
o 737 177.02
o 736 177.02
o 735 177.02
o 734 177.02
o 733 177.02
o 732 177.02
o 731 177.02
o 730 177.02
o 729 177.02
o 728 177.02
o 727 177.02
o 726 177.02
o 725 177.02
o 724 177.02
o 723 177.02
o 722 177.02
o 721 177.02
o 720 177.02
o 719 177.02
o 718 177.02
o 717 177.02
o 716 177.02
o 715 177.02
o 714 177.02
o 713 177.02
o 712 177.02
o 711 177.02
o 710 177.02
o 709 177.02
o 708 177.03
o 707 177.03
o 706 177.03
o 705 177.03
o 704 177.03
o 703 177.03
o 702 177.03
o 701 177.03
o 700 177.03
o 699 177.03
o 698 177.03
o 697 177.03
o 696 177.03
o 695 177.03
o 694 177.03
o 693 177.03
o 692 177.03
o 691 177.03
o 690 177.03
o 689 177.03
o 688 177.03
o 687 177.03
o 686 177.03
o 685 177.03
o 684 177.03
o 683 177.03
o 682 177.03
o 681 177.03
o 680 177.03
o 679 177.03
o 678 177.03
o 677 177.04
o 676 177.04
o 675 177.04
o 674 177.04
o 673 177.04
o 672 177.04
o 671 177.04
o 670 177.04
o 669 177.04
o 668 177.04
o 667 177.04
o 666 177.04
o 665 177.04
o 664 177.04
o 663 177.04
o 662 177.04
o 661 177.04
o 660 177.04
o 659 177.04
o 658 177.04
o 657 177.04
o 656 177.05
o 655 177.05
o 654 177.05
o 653 177.05
o 652 177.05
o 651 177.07
o 650 177.07
o 649 177.07
o 648 177.07
o 647 177.07
o 646 177.07
o 645 177.07
o 644 177.07
o 643 177.07
o 642 177.07
o 641 177.07
o 640 177.07
o 639 177.07
o 638 177.07
o 637 177.07
o 636 177.07
o 635 177.07
o 634 177.07
o 633 177.07
o 632 177.07
o 631 177.07
o 630 177.07
o 629 177.07
o 628 177.07
o 627 177.07
o 626 177.07
o 625 177.07
o 624 177.07
o 623 177.07
o 622 177.07
o 621 177.07
o 620 177.07
o 619 177.07
o 618 177.08
o 617 177.08
o 616 177.08
o 615 177.08
o 614 177.08
o 613 177.08
o 612 177.08
o 611 177.08
o 610 177.08
o 609 177.08
o 608 177.08
o 607 177.09
o 606 177.09
o 605 177.09
o 604 177.09
o 603 177.11
o 602 177.11
o 601 177.12
o 600 177.12
o 599 177.12
o 598 177.12
o 597 177.12
o 596 177.12
o 595 177.12
o 594 177.12
o 593 177.12
o 592 177.12
o 591 177.12
o 590 177.12
o 589 177.12
o 588 177.12
o 587 177.16
o 586 177.16
o 585 177.16
o 584 177.16
o 583 177.21
o 582 177.21
o 581 177.21
o 580 177.21
o 579 177.24
o 578 177.24
o 577 177.24
o 576 177.24
o 575 177.24
o 574 177.24
o 573 177.24
o 572 177.24
o 571 177.24
o 570 177.24
o 569 177.24
o 568 177.24
o 567 177.24
o 566 177.24
o 565 177.24
o 564 177.28
o 563 177.28
o 562 177.28
o 561 177.28
o 560 177.28
o 559 177.28
o 558 177.28
o 557 177.28
o 556 177.32
o 555 177.32
o 540 196.32
o 532 196.35
o 530 196.41
o 524 196.43
o 523 196.43
o 515 196.46
o 510 196.47
o 509 196.47
o 502 196.48
o 498 196.55
o 486 196.57
o 485 196.57
o 484 196.64
o 481 196.76
o 478 196.8
o 477 196.8
o 473 199.62
aes-sbox_8
o 810 172.79
o 809 172.79
o 808 172.79
o 807 172.79
o 806 172.79
o 805 172.79
o 804 172.79
o 803 172.79
o 802 172.79
o 801 172.79
o 800 172.79
o 799 172.79
o 798 172.79
o 797 172.8
o 796 172.8
o 795 172.8
o 794 172.8
o 793 172.8
o 792 172.8
o 791 172.8
o 790 172.8
o 789 172.8
o 788 172.8
o 786 172.8
o 785 172.8
o 784 172.8
o 783 172.8
o 782 172.8
o 781 172.8
o 780 172.8
o 779 172.8
o 778 172.8
o 777 172.8
o 775 172.8
o 774 172.8
o 773 172.8
o 772 172.8
o 771 172.8
o 770 172.8
o 769 172.8
o 768 172.8
o 767 172.8
o 766 172.8
o 765 172.8
o 764 172.8
o 763 172.8
o 762 172.8
o 761 172.8
o 760 172.8
o 759 172.8
o 758 172.8
o 757 172.8
o 756 172.8
o 755 172.8
o 754 172.8
o 753 172.8
o 752 172.8
o 751 172.8
o 750 172.8
o 749 172.8
o 748 172.81
o 747 172.81
o 746 172.81
o 745 172.81
o 744 172.81
o 743 172.81
o 742 172.81
o 741 172.81
o 740 172.81
o 739 172.81
o 738 172.81
o 737 172.81
o 736 172.81
o 735 172.81
o 734 172.81
o 733 172.81
o 732 172.81
o 731 172.81
o 730 172.81
o 729 172.81
o 728 172.81
o 727 172.81
o 726 172.81
o 725 172.81
o 724 172.81
o 723 172.81
o 722 172.81
o 721 172.81
o 720 172.81
o 719 172.81
o 718 172.82
o 717 172.82
o 716 172.82
o 715 172.82
o 714 172.82
o 713 172.82
o 712 172.82
o 710 172.82
o 709 172.82
o 708 172.82
o 707 172.82
o 706 172.82
o 705 172.82
o 704 172.82
o 703 172.82
o 702 172.82
o 701 172.82
o 700 172.82
o 699 172.82
o 698 172.82
o 697 172.82
o 696 172.82
o 695 172.82
o 694 172.82
o 693 172.82
o 692 172.83
o 691 172.83
o 690 172.83
o 689 172.83
o 688 172.83
o 687 172.83
o 686 172.83
o 685 172.83
o 684 172.83
o 683 172.83
o 682 172.83
o 681 172.83
o 680 172.83
o 679 172.83
o 678 172.83
o 677 172.84
o 676 172.84
o 675 172.84
o 674 172.84
o 673 172.84
o 672 172.84
o 671 172.85
o 670 172.85
o 669 172.85
o 668 172.85
o 667 172.85
o 666 172.86
o 665 172.86
o 664 172.86
o 663 172.86
o 662 172.87
o 661 172.87
o 660 172.87
o 659 172.88
o 658 172.88
o 657 172.88
o 656 172.88
o 655 172.88
o 654 172.88
o 653 172.88
o 652 172.88
o 651 172.88
o 650 172.88
o 649 172.88
o 648 172.88
o 647 172.88
o 646 172.88
o 645 172.88
o 644 172.88
o 643 172.88
o 642 172.88
o 641 172.88
o 640 172.88
o 639 172.88
o 638 172.88
o 637 172.88
o 636 172.88
o 635 172.88
o 634 172.88
o 633 172.88
o 632 172.88
o 631 172.88
o 630 172.88
o 629 172.88
o 628 172.88
o 627 172.88
o 626 172.88
o 625 172.88
o 624 172.88
o 623 172.88
o 622 172.88
o 621 172.88
o 620 172.89
o 619 172.92
o 618 172.92
o 617 172.92
o 616 172.92
o 615 172.92
o 614 172.92
o 613 172.92
o 612 172.92
o 611 172.92
o 610 172.92
o 609 172.92
o 608 172.92
o 607 172.96
o 606 172.96
o 605 172.96
o 604 172.96
o 603 172.96
o 602 172.96
o 601 172.96
o 600 172.96
o 599 172.96
o 598 172.96
o 597 172.96
o 596 172.96
o 595 172.99
o 594 172.99
o 593 172.99
o 592 172.99
o 591 172.99
o 590 172.99
o 589 172.99
o 588 172.99
o 587 172.99
o 586 172.99
o 585 172.99
o 584 172.99
o 583 173.03
o 582 173.03
o 581 173.03
o 580 173.03
o 579 173.03
o 578 173.06
o 577 173.06
o 576 173.06
o 575 173.06
o 574 173.06
o 573 173.06
o 572 173.06
o 571 173.06
o 570 173.12
o 569 173.15
o 568 173.15
o 567 173.15
o 566 173.15
o 565 173.21
o 564 173.21
o 563 173.21
o 562 173.21
o 561 173.21
o 560 173.21
o 559 173.21
o 558 173.21
o 557 173.94
o 556 173.94
o 555 173.94
o 554 173.94
o 553 173.94
o 552 173.94
o 551 173.94
o 550 173.94
o 549 173.94
o 548 173.94
o 546 196.65
o 545 196.65
o 544 196.65
o 543 196.71
o 540 196.73
o 539 196.73
o 530 196.77
o 527 197.45
o 515 197.47
o 514 197.47
o 513 197.49
o 507 198.09
o 506 198.09
o 505 198.09
o 501 198.1
o 500 198.11
o 498 198.19
o 490 198.37
o 489 198.39
o 485 198.39
o 484 198.39
o 483 198.39
o 475 199.1
o 469 199.13
o 468 199.13
o 467 201.01
o 463 202.66
aes-sbox_8
o 810 245
o 809 245
o 808 245
o 807 245
o 806 245
o 805 245
o 804 245
o 803 245
o 802 245
o 801 245
o 800 245
o 799 245
o 798 245
o 797 245
o 796 245
o 795 245
o 794 245
o 793 245
o 792 245
o 791 245
o 790 245
o 789 245
o 788 245
o 787 245
o 786 245
o 785 245
o 784 245
o 783 245.01
o 782 245.01
o 781 245.01
o 779 245.01
o 778 245.01
o 777 245.01
o 776 245.01
o 775 245.01
o 774 245.01
o 773 245.01
o 772 245.01
o 771 245.01
o 770 245.01
o 769 245.01
o 768 245.01
o 767 245.01
o 766 245.01
o 765 245.01
o 764 245.01
o 763 245.01
o 762 245.01
o 761 245.01
o 760 245.01
o 759 245.01
o 758 245.01
o 757 245.01
o 756 245.01
o 755 245.01
o 754 245.01
o 753 245.01
o 752 245.01
o 751 245.01
o 750 245.01
o 749 245.01
o 748 245.01
o 747 245.01
o 746 245.01
o 745 245.01
o 744 245.01
o 743 245.02
o 742 245.02
o 741 245.02
o 740 245.02
o 739 245.02
o 738 245.02
o 737 245.02
o 736 245.02
o 735 245.02
o 734 245.02
o 733 245.02
o 732 245.02
o 731 245.02
o 730 245.02
o 729 245.02
o 728 245.02
o 727 245.02
o 726 245.02
o 725 245.02
o 724 245.02
o 723 245.02
o 722 245.02
o 721 245.02
o 720 245.02
o 719 245.02
o 718 245.03
o 717 245.03
o 716 245.03
o 715 245.03
o 714 245.03
o 713 245.03
o 712 245.03
o 711 245.03
o 710 245.03
o 709 245.03
o 708 245.03
o 707 245.03
o 706 245.03
o 705 245.03
o 704 245.03
o 703 245.03
o 702 245.03
o 701 245.03
o 700 245.03
o 699 245.03
o 698 245.03
o 697 245.03
o 696 245.03
o 695 245.03
o 694 245.03
o 693 245.03
o 692 245.03
o 691 245.03
o 690 245.03
o 689 245.04
o 688 245.04
o 687 245.04
o 686 245.04
o 685 245.04
o 684 245.04
o 683 245.04
o 682 245.04
o 681 245.04
o 680 245.04
o 679 245.04
o 678 245.04
o 677 245.04
o 676 245.04
o 675 245.04
o 674 245.04
o 673 245.04
o 672 245.04
o 671 245.04
o 670 245.05
o 669 245.05
o 668 245.05
o 667 245.05
o 666 245.05
o 665 245.05
o 664 245.05
o 663 245.05
o 662 245.05
o 661 245.06
o 660 245.06
o 659 245.06
o 658 245.06
o 657 245.06
o 656 245.06
o 655 245.06
o 654 245.06
o 653 245.09
o 652 245.09
o 651 245.09
o 650 245.09
o 649 245.09
o 648 245.09
o 647 245.09
o 646 245.09
o 645 245.09
o 644 245.09
o 643 245.09
o 642 245.09
o 641 245.09
o 640 245.09
o 639 245.09
o 638 245.09
o 637 245.09
o 636 245.09
o 635 245.09
o 634 245.09
o 633 245.09
o 632 245.09
o 631 245.09
o 630 245.09
o 629 245.09
o 628 245.09
o 627 245.09
o 626 245.09
o 625 245.11
o 624 245.11
o 623 245.11
o 622 245.11
o 621 245.11
o 620 245.11
o 619 245.11
o 618 245.11
o 617 245.11
o 616 245.11
o 615 245.11
o 614 245.11
o 613 245.11
o 612 245.11
o 611 245.11
o 610 245.11
o 609 245.11
o 608 245.11
o 607 245.11
o 606 245.11
o 605 245.11
o 604 245.11
o 603 245.12
o 602 245.12
o 601 245.12
o 600 245.12
o 599 245.12
o 598 245.12
o 597 245.21
o 596 245.21
o 595 245.21
o 594 245.23
o 593 245.23
o 592 245.23
o 591 245.23
o 590 245.23
o 589 245.23
o 588 245.23
o 587 245.23
o 586 245.23
o 585 245.23
o 584 245.23
o 583 245.23
o 582 245.23
o 581 245.23
o 580 245.23
o 579 245.24
o 578 245.24
o 577 245.24
o 576 245.24
o 575 245.24
o 574 245.24
o 573 245.24
o 572 245.24
o 571 245.24
o 570 245.24
o 569 245.24
o 568 245.27
o 567 245.27
o 566 245.27
o 565 245.27
o 564 245.28
o 563 245.28
o 562 245.28
o 561 245.28
o 560 245.28
o 559 245.28
o 558 245.31
o 557 245.31
o 556 245.31
o 555 245.31
o 554 245.48
o 553 246.55
o 552 246.55
o 551 246.55
o 550 246.55
o 549 246.55
o 548 246.57
o 547 246.57
o 546 246.58
o 542 272.48
o 530 272.5
o 525 272.51
o 517 272.55
o 510 272.56
o 508 272.57
o 507 272.57
o 503 272.59
o 497 272.59
o 496 272.7
o 494 272.7
o 493 272.7
o 489 272.93
o 487 272.96
o 485 274.03
o 481 274.04
o 480 274.04
o 476 274.65
o 473 276.71
o 471 276.83
aes-sbox_8
o 810 214.05
o 809 214.05
o 808 214.05
o 807 214.05
o 806 214.05
o 805 214.05
o 804 214.05
o 803 214.05
o 802 214.05
o 801 214.05
o 800 214.05
o 799 214.05
o 798 214.05
o 797 214.05
o 796 214.05
o 795 214.05
o 794 214.05
o 793 214.05
o 792 214.05
o 791 214.05
o 790 214.06
o 789 214.06
o 786 214.06
o 785 214.06
o 784 214.06
o 783 214.06
o 782 214.06
o 781 214.06
o 779 214.06
o 778 214.06
o 777 214.06
o 776 214.06
o 775 214.06
o 773 214.06
o 772 214.06
o 771 214.06
o 770 214.06
o 769 214.06
o 768 214.06
o 767 214.06
o 766 214.06
o 764 214.06
o 763 214.06
o 762 214.06
o 761 214.06
o 760 214.06
o 759 214.06
o 758 214.06
o 757 214.06
o 756 214.06
o 755 214.06
o 754 214.07
o 753 214.07
o 752 214.07
o 751 214.07
o 750 214.07
o 749 214.07
o 748 214.07
o 747 214.07
o 745 214.07
o 744 214.07
o 743 214.07
o 742 214.07
o 741 214.07
o 740 214.07
o 739 214.07
o 738 214.07
o 737 214.07
o 736 214.07
o 735 214.07
o 734 214.07
o 733 214.07
o 732 214.07
o 731 214.07
o 730 214.07
o 729 214.07
o 728 214.07
o 727 214.07
o 726 214.07
o 725 214.07
o 724 214.08
o 723 214.08
o 722 214.08
o 721 214.08
o 720 214.08
o 719 214.08
o 718 214.08
o 717 214.08
o 716 214.08
o 715 214.08
o 714 214.08
o 713 214.08
o 712 214.08
o 711 214.08
o 710 214.08
o 709 214.08
o 708 214.08
o 707 214.08
o 706 214.08
o 705 214.09
o 704 214.09
o 703 214.09
o 702 214.09
o 701 214.09
o 700 214.09
o 699 214.09
o 698 214.09
o 697 214.09
o 696 214.09
o 695 214.09
o 694 214.09
o 693 214.09
o 692 214.09
o 691 214.09
o 690 214.1
o 689 214.1
o 688 214.1
o 687 214.1
o 686 214.1
o 685 214.1
o 684 214.1
o 683 214.1
o 682 214.1
o 681 214.1
o 680 214.1
o 679 214.1
o 678 214.11
o 677 214.11
o 676 214.11
o 675 214.11
o 674 214.11
o 673 214.11
o 672 214.11
o 671 214.12
o 670 214.12
o 669 214.13
o 668 214.13
o 667 214.14
o 666 214.14
o 665 214.14
o 664 214.14
o 663 214.14
o 662 214.14
o 661 214.14
o 660 214.14
o 659 214.14
o 658 214.14
o 657 214.14
o 656 214.14
o 655 214.14
o 654 214.14
o 653 214.14
o 652 214.14
o 651 214.14
o 650 214.14
o 649 214.14
o 648 214.14
o 647 214.14
o 646 214.14
o 645 214.14
o 644 214.14
o 643 214.14
o 642 214.14
o 641 214.14
o 640 214.14
o 639 214.14
o 638 214.14
o 637 214.14
o 636 214.14
o 635 214.14
o 634 214.14
o 633 214.14
o 632 214.14
o 631 214.14
o 630 214.14
o 629 214.14
o 628 214.14
o 627 214.14
o 626 214.15
o 625 214.18
o 624 214.18
o 623 214.18
o 622 214.2
o 621 214.2
o 620 214.2
o 619 214.21
o 618 214.21
o 617 214.21
o 616 214.21
o 615 214.21
o 614 214.21
o 613 214.21
o 612 214.21
o 611 214.21
o 610 214.21
o 609 214.21
o 608 214.21
o 607 214.21
o 606 214.21
o 605 214.21
o 604 214.21
o 603 214.21
o 602 214.21
o 601 214.25
o 600 214.25
o 599 214.25
o 598 214.25
o 597 214.25
o 596 214.25
o 595 214.25
o 594 214.25
o 593 214.25
o 592 214.25
o 591 214.25
o 590 214.25
o 589 214.25
o 588 214.25
o 587 214.25
o 586 214.25
o 585 214.25
o 584 214.25
o 583 214.25
o 582 214.25
o 581 214.25
o 580 214.25
o 579 214.25
o 578 214.26
o 577 214.26
o 576 214.26
o 575 214.28
o 574 214.28
o 573 214.28
o 572 214.28
o 571 214.28
o 570 214.28
o 569 214.28
o 568 214.28
o 567 214.28
o 566 214.28
o 565 214.28
o 564 214.28
o 563 214.28
o 562 214.28
o 561 214.3
o 560 214.3
o 559 214.3
o 558 214.3
o 557 214.3
o 556 214.3
o 555 214.3
o 554 214.3
o 553 214.3
o 552 214.3
o 551 214.3
o 545 235.54
o 528 235.58
o 521 235.59
o 520 235.59
o 519 235.59
o 516 235.6
o 513 235.62
o 507 235.7
o 497 235.71
o 496 235.71
o 493 235.71
o 490 235.75
o 489 235.76
o 485 235.96
o 484 235.96
o 482 237.32
o 481 240.77
o 479 240.78
o 478 240.78
o 475 240.79
o 474 240.81
o 471 240.87
o 469 240.88
aes-sbox_8
o 810 158.85
o 809 158.85
o 808 158.85
o 807 158.85
o 806 158.85
o 805 158.86
o 804 158.86
o 803 158.86
o 802 158.86
o 801 158.86
o 800 158.86
o 799 158.86
o 798 158.86
o 797 158.86
o 796 158.86
o 795 158.86
o 794 158.86
o 793 158.86
o 792 158.86
o 791 158.86
o 790 158.86
o 789 158.86
o 788 158.86
o 787 158.86
o 786 158.86
o 784 158.86
o 782 158.86
o 781 158.86
o 780 158.86
o 779 158.86
o 778 158.86
o 777 158.86
o 776 158.86
o 775 158.86
o 774 158.86
o 773 158.86
o 772 158.86
o 771 158.86
o 770 158.86
o 769 158.86
o 768 158.86
o 767 158.86
o 766 158.86
o 765 158.86
o 764 158.86
o 763 158.87
o 762 158.87
o 761 158.87
o 760 158.87
o 759 158.87
o 758 158.87
o 757 158.87
o 756 158.87
o 755 158.87
o 754 158.87
o 753 158.87
o 752 158.87
o 751 158.87
o 750 158.87
o 749 158.87
o 748 158.87
o 745 158.87
o 744 158.87
o 743 158.87
o 742 158.87
o 741 158.87
o 740 158.87
o 739 158.87
o 738 158.87
o 737 158.87
o 736 158.87
o 735 158.87
o 734 158.87
o 733 158.87
o 732 158.87
o 731 158.87
o 730 158.87
o 729 158.87
o 728 158.87
o 727 158.87
o 726 158.87
o 725 158.88
o 724 158.88
o 723 158.88
o 722 158.88
o 721 158.88
o 720 158.88
o 719 158.88
o 718 158.88
o 717 158.88
o 716 158.89
o 714 158.89
o 713 158.89
o 712 158.89
o 711 158.89
o 710 158.89
o 709 158.89
o 708 158.89
o 707 158.89
o 706 158.89
o 705 158.89
o 704 158.89
o 703 158.89
o 702 158.89
o 701 158.89
o 700 158.89
o 699 158.89
o 698 158.89
o 697 158.89
o 696 158.89
o 695 158.89
o 694 158.89
o 693 158.89
o 692 158.89
o 691 158.89
o 690 158.89
o 689 158.89
o 688 158.89
o 687 158.89
o 686 158.89
o 685 158.89
o 684 158.9
o 683 158.9
o 682 158.9
o 681 158.9
o 680 158.9
o 679 158.9
o 678 158.9
o 677 158.9
o 676 158.9
o 675 158.9
o 674 158.9
o 673 158.9
o 672 158.9
o 671 158.91
o 670 158.91
o 669 158.91
o 668 158.91
o 667 158.91
o 666 158.91
o 665 158.91
o 664 158.91
o 663 158.91
o 662 158.91
o 661 158.91
o 660 158.91
o 659 158.91
o 658 158.91
o 657 158.91
o 656 158.92
o 655 158.92
o 654 158.92
o 653 158.94
o 652 158.94
o 651 158.94
o 650 158.94
o 649 158.94
o 648 158.94
o 647 158.94
o 646 158.94
o 645 158.94
o 644 158.94
o 643 158.94
o 642 158.94
o 641 158.94
o 640 158.94
o 639 158.94
o 638 158.94
o 637 158.94
o 636 158.94
o 635 158.94
o 634 158.94
o 633 158.94
o 632 158.94
o 631 158.94
o 630 158.94
o 629 158.94
o 628 158.94
o 627 158.94
o 626 158.94
o 625 158.95
o 624 158.95
o 623 158.95
o 622 158.95
o 621 158.95
o 620 158.95
o 619 158.95
o 618 158.95
o 617 158.95
o 616 158.95
o 615 158.95
o 614 158.95
o 613 158.95
o 612 158.98
o 611 158.98
o 610 158.98
o 609 158.98
o 608 159
o 607 159
o 606 159
o 605 159
o 604 159.01
o 603 159.01
o 602 159.01
o 601 159.01
o 600 159.01
o 599 159.01
o 598 159.01
o 597 159.01
o 596 159.01
o 595 159.01
o 594 159.01
o 593 159.01
o 592 159.02
o 591 159.02
o 590 159.02
o 589 159.02
o 588 159.02
o 587 159.02
o 586 159.03
o 585 159.03
o 584 159.03
o 583 159.03
o 582 159.03
o 581 159.03
o 580 159.03
o 579 159.03
o 578 159.03
o 577 159.03
o 576 159.03
o 575 159.03
o 574 159.03
o 573 159.03
o 572 159.03
o 571 159.03
o 570 159.03
o 569 159.03
o 568 159.14
o 567 159.14
o 566 159.14
o 565 159.14
o 564 159.17
o 563 159.17
o 562 159.17
o 561 159.17
o 560 159.17
o 559 159.17
o 558 159.23
o 557 159.23
o 556 159.23
o 555 159.23
o 554 159.23
o 553 159.23
o 552 159.23
o 551 159.23
o 550 159.25
o 549 159.25
o 548 159.25
o 547 159.63
o 546 159.63
o 545 159.63
o 542 179.61
o 528 179.64
o 522 179.66
o 519 179.66
o 509 179.68
o 508 179.68
o 507 179.73
o 506 179.73
o 504 179.74
o 503 179.74
o 499 179.74
o 497 180.03
o 495 180.29
o 494 182.04
o 493 182.05
o 492 182.05
o 488 182.15
o 487 182.15
o 486 182.29
o 484 182.33
o 483 182.36
o 482 182.52
o 477 182.59
aes-sbox_8
o 810 109.06
o 809 109.06
o 808 109.06
o 807 109.06
o 806 109.06
o 805 109.06
o 804 109.06
o 803 109.06
o 802 109.06
o 801 109.06
o 800 109.06
o 799 109.06
o 797 109.06
o 796 109.06
o 795 109.06
o 794 109.06
o 793 109.06
o 792 109.06
o 791 109.06
o 789 109.06
o 788 109.06
o 787 109.06
o 786 109.06
o 785 109.06
o 784 109.06
o 783 109.06
o 782 109.06
o 781 109.06
o 780 109.06
o 779 109.06
o 777 109.07
o 776 109.07
o 775 109.07
o 774 109.07
o 773 109.07
o 772 109.07
o 771 109.07
o 770 109.07
o 769 109.07
o 768 109.07
o 767 109.07
o 766 109.07
o 765 109.07
o 764 109.07
o 763 109.07
o 762 109.07
o 761 109.07
o 760 109.07
o 759 109.07
o 758 109.07
o 757 109.07
o 756 109.07
o 755 109.07
o 754 109.07
o 753 109.07
o 752 109.07
o 751 109.07
o 750 109.07
o 749 109.07
o 748 109.07
o 747 109.07
o 746 109.07
o 744 109.07
o 743 109.07
o 742 109.07
o 741 109.07
o 740 109.07
o 739 109.07
o 738 109.07
o 737 109.07
o 736 109.07
o 735 109.07
o 734 109.07
o 733 109.07
o 732 109.07
o 731 109.07
o 730 109.07
o 729 109.07
o 728 109.08
o 727 109.08
o 726 109.08
o 725 109.08
o 724 109.08
o 723 109.08
o 722 109.08
o 721 109.08
o 720 109.08
o 719 109.08
o 718 109.08
o 717 109.08
o 716 109.08
o 715 109.08
o 714 109.08
o 713 109.08
o 712 109.08
o 711 109.08
o 710 109.08
o 709 109.08
o 708 109.08
o 707 109.08
o 706 109.08
o 705 109.08
o 704 109.08
o 703 109.08
o 702 109.08
o 701 109.08
o 700 109.08
o 699 109.08
o 698 109.08
o 697 109.08
o 696 109.08
o 695 109.08
o 694 109.08
o 693 109.08
o 692 109.08
o 691 109.08
o 690 109.08
o 689 109.09
o 688 109.09
o 687 109.09
o 686 109.09
o 685 109.09
o 684 109.09
o 683 109.09
o 682 109.09
o 681 109.09
o 680 109.09
o 679 109.09
o 678 109.09
o 677 109.09
o 676 109.09
o 675 109.09
o 674 109.09
o 673 109.09
o 672 109.09
o 671 109.09
o 670 109.09
o 669 109.09
o 668 109.09
o 667 109.1
o 666 109.1
o 665 109.1
o 664 109.1
o 663 109.1
o 662 109.1
o 661 109.1
o 660 109.11
o 659 109.11
o 658 109.11
o 657 109.11
o 656 109.11
o 655 109.11
o 654 109.11
o 653 109.11
o 652 109.11
o 651 109.11
o 650 109.11
o 649 109.11
o 648 109.11
o 647 109.11
o 646 109.11
o 645 109.11
o 644 109.11
o 643 109.11
o 642 109.11
o 641 109.11
o 640 109.11
o 639 109.11
o 638 109.11
o 637 109.11
o 636 109.11
o 635 109.11
o 634 109.11
o 633 109.11
o 632 109.11
o 631 109.11
o 630 109.11
o 629 109.12
o 628 109.12
o 627 109.12
o 626 109.13
o 625 109.13
o 624 109.13
o 623 109.13
o 622 109.13
o 621 109.13
o 620 109.13
o 619 109.13
o 618 109.13
o 617 109.13
o 616 109.13
o 615 109.13
o 614 109.13
o 613 109.13
o 612 109.13
o 611 109.13
o 610 109.13
o 609 109.13
o 608 109.13
o 607 109.13
o 606 109.13
o 605 109.13
o 604 109.13
o 603 109.13
o 602 109.13
o 601 109.13
o 600 109.15
o 599 109.15
o 598 109.15
o 597 109.15
o 596 109.15
o 595 109.15
o 594 109.15
o 593 109.15
o 592 109.15
o 591 109.15
o 590 109.16
o 589 109.16
o 588 109.16
o 587 109.16
o 586 109.16
o 585 109.16
o 584 109.16
o 583 109.16
o 582 109.16
o 581 109.16
o 580 109.16
o 579 109.17
o 578 109.17
o 577 109.19
o 576 109.19
o 575 109.2
o 574 109.2
o 573 109.2
o 572 109.22
o 571 109.22
o 570 109.22
o 569 109.22
o 568 109.22
o 567 109.22
o 566 109.34
o 565 109.34
o 564 109.34
o 563 109.34
o 562 109.34
o 561 109.37
o 560 109.37
o 559 109.37
o 558 109.37
o 557 109.37
o 556 109.37
o 555 109.64
o 541 121.39
o 536 121.41
o 535 121.43
o 529 121.44
o 524 121.45
o 523 121.45
o 519 121.46
o 514 121.46
o 512 121.47
o 506 121.49
o 504 121.5
o 503 121.5
o 498 121.5
o 493 121.51
o 491 121.54
o 487 121.59
o 482 121.64
o 479 121.65
aes-sbox_8
o 810 183.89
o 809 183.9
o 806 183.9
o 805 183.9
o 804 183.9
o 802 183.9
o 801 183.9
o 800 183.9
o 799 183.9
o 798 183.9
o 797 183.9
o 796 183.9
o 795 183.9
o 794 183.9
o 793 183.9
o 792 183.9
o 791 183.9
o 790 183.9
o 789 183.9
o 788 183.9
o 787 183.9
o 786 183.9
o 785 183.9
o 784 183.9
o 783 183.91
o 782 183.91
o 781 183.91
o 780 183.91
o 779 183.91
o 778 183.91
o 777 183.91
o 776 183.91
o 775 183.91
o 774 183.91
o 773 183.91
o 772 183.91
o 771 183.91
o 770 183.91
o 769 183.91
o 768 183.91
o 767 183.91
o 766 183.91
o 765 183.91
o 764 183.91
o 763 183.91
o 762 183.91
o 761 183.92
o 760 183.92
o 759 183.92
o 758 183.92
o 757 183.92
o 756 183.92
o 755 183.92
o 754 183.92
o 753 183.92
o 752 183.92
o 751 183.92
o 750 183.92
o 749 183.92
o 748 183.92
o 747 183.92
o 746 183.92
o 745 183.92
o 744 183.92
o 743 183.92
o 742 183.92
o 741 183.92
o 740 183.92
o 739 183.92
o 738 183.92
o 737 183.92
o 736 183.92
o 735 183.92
o 734 183.92
o 733 183.92
o 732 183.92
o 731 183.92
o 730 183.92
o 729 183.92
o 728 183.92
o 727 183.93
o 726 183.93
o 723 183.93
o 722 183.93
o 721 183.93
o 720 183.93
o 719 183.93
o 718 183.93
o 717 183.93
o 716 183.93
o 715 183.93
o 714 183.93
o 713 183.93
o 712 183.93
o 711 183.93
o 710 183.93
o 709 183.93
o 708 183.93
o 707 183.93
o 706 183.93
o 705 183.93
o 704 183.93
o 703 183.93
o 702 183.93
o 701 183.93
o 700 183.93
o 699 183.93
o 698 183.93
o 697 183.93
o 696 183.93
o 695 183.93
o 694 183.93
o 693 183.93
o 692 183.93
o 691 183.93
o 690 183.93
o 689 183.93
o 688 183.94
o 687 183.94
o 686 183.94
o 685 183.94
o 684 183.94
o 683 183.94
o 682 183.94
o 681 183.94
o 680 183.94
o 679 183.94
o 678 183.94
o 677 183.94
o 676 183.94
o 675 183.94
o 674 183.94
o 673 183.94
o 672 183.94
o 671 183.94
o 670 183.94
o 669 183.94
o 668 183.94
o 667 183.95
o 666 183.95
o 665 183.95
o 664 183.95
o 663 183.95
o 662 183.95
o 661 183.95
o 660 183.95
o 659 183.95
o 658 183.95
o 657 183.95
o 656 183.96
o 655 183.96
o 654 183.96
o 653 183.96
o 652 183.96
o 651 183.96
o 650 183.96
o 649 183.97
o 648 184
o 647 184
o 646 184
o 645 184
o 644 184
o 643 184
o 642 184
o 641 184
o 640 184
o 639 184
o 638 184
o 637 184
o 636 184
o 635 184
o 634 184
o 633 184.01
o 632 184.01
o 631 184.01
o 630 184.01
o 629 184.01
o 628 184.01
o 627 184.02
o 626 184.02
o 625 184.02
o 624 184.02
o 623 184.03
o 622 184.03
o 621 184.03
o 620 184.03
o 619 184.03
o 618 184.03
o 617 184.03
o 616 184.03
o 615 184.03
o 614 184.03
o 613 184.03
o 612 184.03
o 611 184.03
o 610 184.03
o 609 184.03
o 608 184.03
o 607 184.03
o 606 184.03
o 605 184.03
o 604 184.03
o 603 184.03
o 602 184.03
o 601 184.04
o 600 184.04
o 599 184.04
o 598 184.07
o 597 184.07
o 596 184.07
o 595 184.07
o 594 184.07
o 593 184.07
o 592 184.07
o 591 184.07
o 590 184.11
o 589 184.11
o 588 184.11
o 587 184.11
o 586 184.11
o 585 184.11
o 584 184.11
o 583 184.12
o 582 184.12
o 581 184.13
o 580 184.13
o 579 184.13
o 578 184.13
o 577 184.13
o 576 184.13
o 575 184.13
o 574 184.13
o 573 184.13
o 572 184.13
o 571 184.23
o 570 184.23
o 569 184.23
o 568 184.23
o 567 184.23
o 566 184.23
o 565 184.23
o 564 184.38
o 563 184.38
o 562 184.89
o 561 184.89
o 560 184.89
o 559 184.89
o 558 185.5
o 557 185.5
o 556 185.5
o 555 185.5
o 554 185.5
o 553 185.5
o 552 185.5
o 546 207.65
o 545 207.65
o 534 207.68
o 533 207.68
o 530 207.7
o 529 207.7
o 527 207.74
o 517 207.76
o 514 207.8
o 511 207.8
o 510 207.8
o 509 207.8
o 502 207.81
o 493 207.81
o 492 207.84
o 483 207.87
o 482 207.92
o 481 207.92
o 480 207.92
o 479 207.92
o 468 207.94
o 462 207.97
