gen-hyper-tw-GenHyperTW_aim-50-1_6-no-3
o 22 0.4
o 20 0.4
o 19 40.28
o 18 87.19
gen-hyper-tw-GenHyperTW_aim-50-1_6-no-3
o 23 0.38
o 22 13.17
o 21 13.17
o 20 14.04
o 19 22.65
o 18 188.41
o 17 215.36
gen-hyper-tw-GenHyperTW_aim-50-1_6-no-3
o 20 0.56
o 19 20.21
o 18 61.55
gen-hyper-tw-GenHyperTW_aim-50-1_6-no-3
o 21 0.75
o 20 13.92
o 19 51.79
o 18 77.76
gen-hyper-tw-GenHyperTW_aim-50-1_6-no-3
o 21 0.41
o 20 0.41
o 18 19.58
gen-hyper-tw-GenHyperTW_aim-50-1_6-no-3
o 23 0.49
o 22 0.49
o 21 13.16
o 20 13.35
o 19 51.84
o 18 116.21
gen-hyper-tw-GenHyperTW_aim-50-1_6-no-3
o 20 1.58
o 19 39.74
o 18 194.19
gen-hyper-tw-GenHyperTW_aim-50-1_6-no-3
o 19 0.96
o 18 15.51
gen-hyper-tw-GenHyperTW_aim-50-1_6-no-3
o 20 0.54
o 19 182.39
gen-hyper-tw-GenHyperTW_aim-50-1_6-no-3
o 22 0.48
o 21 13.71
o 20 20.23
o 19 26.7
