inconsistency-measurement-im-hit-B-3-stb_390_450.tgf.pl
o 80 0
o 73 0
o 68 0
o 65 0
o 64 0.02
o 63 0.02
o 62 0.02
o 61 0.02
o 60 0.03
o 58 0.03
o 57 0.03
o 56 0.03
o 55 0.04
o 54 0.04
o 53 0.07
o 52 0.07
o 51 0.3
o 50 0.44
o 49 0.44
o 48 5.06
o 47 5.06
o 46 229.61
inconsistency-measurement-im-hit-B-3-stb_390_450.tgf.pl
o 76 0
o 71 0
o 70 0.01
o 66 0.01
o 65 0.01
o 63 0.01
o 62 0.01
o 61 0.02
o 60 0.02
o 59 0.03
o 58 0.03
o 56 0.05
o 55 0.05
o 54 0.07
o 53 0.08
o 52 0.11
o 51 0.12
o 50 0.26
o 49 0.31
o 48 35.13
o 47 35.13
inconsistency-measurement-im-hit-B-3-stb_390_450.tgf.pl
o 77 0
o 76 0
o 73 0
o 71 0
o 70 0
o 69 0
o 67 0.01
o 65 0.01
o 64 0.01
o 62 0.01
o 61 0.01
o 60 0.02
o 58 0.02
o 57 0.03
o 55 0.03
o 54 0.03
o 52 0.09
o 51 0.1
o 50 0.13
o 49 1.23
o 48 11.47
o 47 101.26
inconsistency-measurement-im-hit-B-3-stb_390_450.tgf.pl
o 79 0
o 74 0
o 73 0
o 72 0
o 69 0
o 67 0.01
o 66 0.01
o 61 0.01
o 60 0.01
o 57 0.02
o 56 0.04
o 55 0.04
o 53 0.04
o 51 0.04
o 50 0.4
o 49 0.4
o 48 0.97
o 46 28.55
inconsistency-measurement-im-hit-B-3-stb_390_450.tgf.pl
o 79 0
o 72 0
o 71 0
o 67 0.01
o 66 0.01
o 65 0.02
o 64 0.02
o 63 0.02
o 61 0.02
o 60 0.02
o 59 0.02
o 58 0.03
o 57 0.03
o 55 0.03
o 54 0.04
o 53 0.08
o 51 0.12
o 50 0.12
o 49 0.7
o 48 8.64
o 47 9.42
inconsistency-measurement-im-hit-B-3-stb_390_450.tgf.pl
o 77 0
o 68 0
o 67 0
o 66 0
o 63 0
o 62 0.01
o 57 0.02
o 56 0.05
o 55 0.07
o 54 0.07
o 53 0.08
o 52 0.08
o 51 0.09
o 50 0.85
o 49 1.87
o 48 2.07
o 47 13.2
inconsistency-measurement-im-hit-B-3-stb_390_450.tgf.pl
o 77 0
o 76 0
o 75 0
o 71 0
o 67 0.01
o 66 0.01
o 64 0.01
o 63 0.02
o 62 0.02
o 58 0.03
o 57 0.03
o 55 0.06
o 54 0.07
o 53 0.1
o 52 0.16
o 51 0.22
o 50 0.29
o 49 1.66
o 48 6.52
o 47 23.98
o 46 125.36
inconsistency-measurement-im-hit-B-3-stb_390_450.tgf.pl
o 81 0
o 80 0
o 78 0
o 77 0
o 74 0
o 72 0
o 62 0
o 61 0.02
o 58 0.03
o 57 0.03
o 56 0.07
o 55 0.07
o 54 0.07
o 53 0.07
o 52 0.12
o 51 0.18
o 50 0.39
o 49 0.49
o 48 11.98
o 47 96.62
inconsistency-measurement-im-hit-B-3-stb_390_450.tgf.pl
o 77 0
o 72 0
o 71 0
o 67 0
o 62 0
o 61 0.01
o 60 0.01
o 58 0.03
o 55 0.04
o 52 0.04
o 51 0.08
o 50 0.57
o 48 1.73
o 47 98.69
o 46 175.46
inconsistency-measurement-im-hit-B-3-stb_390_450.tgf.pl
o 80 0
o 74 0
o 71 0
o 69 0
o 68 0
o 65 0
o 61 0.01
o 58 0.02
o 57 0.02
o 55 0.02
o 54 0.02
o 53 0.12
o 51 0.14
o 50 0.27
o 49 1.56
o 48 28.67
o 47 37.36
