inconsistency-measurement-im-hit-A-1-grd_2065_1_8.tgf.pl
o 374 0.01
o 373 0.12
o 371 0.14
o 359 0.15
o 358 0.15
o 357 0.17
o 348 0.24
o 346 0.24
o 345 0.24
o 344 0.33
o 343 0.5
o 339 0.66
o 338 0.89
o 336 0.93
o 335 0.93
o 334 0.94
o 333 1.86
o 332 1.86
o 331 1.86
o 330 2.15
o 329 2.15
o 328 2.15
o 327 3.48
o 326 7.37
o 325 13.75
o 324 13.75
o 323 22.53
inconsistency-measurement-im-hit-A-1-grd_2065_1_8.tgf.pl
o 376 0.02
o 368 0.02
o 367 0.18
o 366 0.18
o 363 0.18
o 358 0.19
o 357 0.19
o 356 0.19
o 354 0.19
o 352 0.19
o 351 0.19
o 349 0.3
o 348 0.3
o 344 0.34
o 343 0.34
o 342 0.34
o 341 0.42
o 340 0.42
o 339 0.42
o 338 0.46
o 337 0.46
o 336 0.46
o 335 0.46
o 334 0.73
o 333 0.73
o 332 1.08
o 331 1.71
o 330 1.71
o 328 1.71
o 326 15.32
o 325 38.02
o 324 159.99
o 322 159.99
o 321 280.37
inconsistency-measurement-im-hit-A-1-grd_2065_1_8.tgf.pl
o 383 0.01
o 382 0.02
o 381 0.08
o 380 0.08
o 370 0.09
o 369 0.12
o 366 0.19
o 365 0.19
o 364 0.19
o 358 0.21
o 357 0.21
o 356 0.21
o 355 0.21
o 354 0.21
o 353 0.21
o 352 0.36
o 350 0.39
o 349 0.39
o 348 0.39
o 347 0.39
o 346 0.39
o 345 0.39
o 344 0.42
o 343 0.42
o 342 0.47
o 341 0.47
o 340 0.47
o 339 0.47
o 337 0.47
o 336 0.47
o 335 1.02
o 334 1.02
o 333 1.02
o 332 1.02
o 331 1.02
o 330 1.35
o 329 2.36
o 328 2.36
o 327 2.36
o 326 5.73
o 325 5.73
o 324 224
inconsistency-measurement-im-hit-A-1-grd_2065_1_8.tgf.pl
o 383 0.01
o 380 0.07
o 379 0.07
o 378 0.07
o 369 0.08
o 367 0.08
o 360 0.19
o 358 0.19
o 350 0.22
o 349 0.28
o 348 0.28
o 347 0.28
o 346 0.46
o 345 0.46
o 344 0.53
o 343 0.6
o 342 0.6
o 341 0.61
o 340 0.61
o 338 0.65
o 336 0.65
o 335 0.9
o 333 1.2
o 332 1.2
o 331 1.2
o 330 5.58
o 329 6.7
o 328 6.7
o 327 19.68
o 326 19.68
o 325 30.35
o 324 30.35
o 323 30.35
inconsistency-measurement-im-hit-A-1-grd_2065_1_8.tgf.pl
o 383 0.01
o 367 0.06
o 366 0.06
o 360 0.17
o 353 0.23
o 352 0.23
o 351 0.23
o 350 0.36
o 349 0.5
o 348 0.52
o 347 0.52
o 346 0.52
o 345 0.52
o 344 0.54
o 342 0.55
o 341 0.55
o 340 0.55
o 339 0.55
o 338 0.55
o 337 0.55
o 336 1.22
o 335 1.5
o 334 1.5
o 333 1.5
o 332 2.39
o 331 2.39
o 330 7.52
o 329 11.91
o 327 11.91
o 326 19.51
o 325 51.5
o 324 101.04
o 323 116.48
o 322 177.07
inconsistency-measurement-im-hit-A-1-grd_2065_1_8.tgf.pl
o 383 0.02
o 382 0.02
o 381 0.02
o 380 0.02
o 376 0.08
o 374 0.14
o 373 0.14
o 372 0.14
o 371 0.14
o 370 0.14
o 369 0.14
o 368 0.14
o 366 0.16
o 358 0.23
o 357 0.24
o 356 0.24
o 355 0.24
o 354 0.24
o 350 0.34
o 349 0.34
o 342 0.37
o 341 0.37
o 340 0.62
o 338 0.62
o 337 0.62
o 336 1.33
o 335 1.33
o 334 1.33
o 333 2.09
o 331 2.64
o 330 2.64
o 329 4.08
o 328 7.15
o 327 7.15
o 325 12.94
o 324 12.94
o 323 67.7
o 322 67.7
inconsistency-measurement-im-hit-A-1-grd_2065_1_8.tgf.pl
o 381 0.01
o 380 0.02
o 367 0.02
o 366 0.02
o 355 0.19
o 353 0.19
o 352 0.23
o 351 0.3
o 350 0.3
o 348 0.3
o 347 0.33
o 345 0.39
o 344 0.39
o 343 0.39
o 342 0.47
o 340 0.65
o 338 0.65
o 337 0.65
o 336 0.65
o 334 0.65
o 333 1.55
o 332 2.36
o 330 2.36
o 329 2.36
o 328 2.75
o 327 12.26
o 326 32.92
o 325 62.97
o 324 140.37
o 323 140.37
inconsistency-measurement-im-hit-A-1-grd_2065_1_8.tgf.pl
o 385 0.01
o 378 0.06
o 377 0.06
o 376 0.06
o 369 0.07
o 366 0.16
o 365 0.16
o 364 0.16
o 363 0.16
o 362 0.16
o 361 0.16
o 360 0.16
o 358 0.16
o 357 0.16
o 356 0.16
o 354 0.16
o 353 0.16
o 350 0.32
o 349 0.32
o 348 0.32
o 347 0.32
o 346 0.36
o 344 0.6
o 343 0.66
o 342 0.82
o 341 0.88
o 340 0.88
o 339 0.88
o 337 1.05
o 336 1.45
o 335 1.46
o 334 1.46
o 333 1.46
o 332 1.46
o 331 1.69
o 330 1.69
o 329 1.89
o 328 6.68
o 326 18.5
o 325 53.19
o 322 95.37
o 321 194.26
inconsistency-measurement-im-hit-A-1-grd_2065_1_8.tgf.pl
o 378 0.01
o 363 0.08
o 360 0.2
o 358 0.27
o 357 0.27
o 353 0.34
o 352 0.34
o 351 0.4
o 350 0.4
o 349 0.46
o 348 0.46
o 347 0.54
o 346 0.54
o 345 0.54
o 344 0.54
o 343 0.54
o 342 0.62
o 341 0.62
o 340 0.72
o 339 0.72
o 338 0.72
o 337 0.84
o 336 0.94
o 335 1.02
o 334 1.02
o 333 1.02
o 332 1.02
o 330 2.07
o 328 7.36
o 327 7.36
o 326 7.91
o 325 7.91
o 322 105.92
inconsistency-measurement-im-hit-A-1-grd_2065_1_8.tgf.pl
o 379 0.01
o 378 0.01
o 376 0.01
o 375 0.01
o 374 0.08
o 372 0.08
o 371 0.08
o 370 0.16
o 363 0.17
o 362 0.18
o 361 0.18
o 356 0.23
o 355 0.23
o 354 0.23
o 352 0.32
o 351 0.32
o 350 0.36
o 349 0.36
o 348 0.45
o 347 0.56
o 345 0.56
o 344 0.59
o 342 0.59
o 340 0.71
o 339 0.71
o 338 0.71
o 337 0.71
o 334 1.04
o 333 2.96
o 332 2.96
o 331 3.7
o 330 4.55
o 329 4.55
o 328 4.55
o 327 7.44
o 326 7.44
o 325 75.92
o 323 75.92
o 322 264.44
