judgment-aggregation-ja-maxham-preflib-00049-00000390
o 71 0.07
o 68 0.08
o 66 0.12
o 61 0.16
o 60 0.16
o 59 3.89
o 58 16.16
o 57 59.98
o 56 64.46
o 55 67.41
judgment-aggregation-ja-maxham-preflib-00049-00000390
o 70 0.05
o 68 0.05
o 63 0.08
o 62 0.11
o 61 0.12
o 60 0.21
o 59 2.35
o 58 5.11
o 57 10.38
o 56 18.6
o 55 22.59
judgment-aggregation-ja-maxham-preflib-00049-00000390
o 65 0.05
o 64 0.05
o 63 0.06
o 61 0.06
o 60 0.09
o 59 0.15
o 58 0.3
o 57 1.95
o 56 39.67
o 55 44.46
o 54 49.04
judgment-aggregation-ja-maxham-preflib-00049-00000390
o 68 0.06
o 67 0.06
o 66 0.06
o 63 0.09
o 62 0.09
o 61 0.09
o 60 0.13
o 59 0.28
o 58 2.45
o 57 39.65
o 56 68.59
judgment-aggregation-ja-maxham-preflib-00049-00000390
o 67 0.06
o 65 0.06
o 63 0.08
o 62 0.14
o 61 0.19
o 60 0.39
o 59 0.42
o 58 0.43
o 57 1.1
o 56 4.48
o 55 252.54
judgment-aggregation-ja-maxham-preflib-00049-00000390
o 76 0.06
o 74 0.06
o 73 0.06
o 71 0.07
o 67 0.09
o 63 0.14
o 62 0.14
o 61 0.3
o 60 8.76
o 59 13.67
o 58 13.74
o 57 14.03
o 56 123.35
o 55 234.72
judgment-aggregation-ja-maxham-preflib-00049-00000390
o 66 0.06
o 65 0.06
o 63 0.06
o 61 0.06
o 60 0.06
o 59 0.07
o 58 0.95
o 57 1.39
o 56 8.36
judgment-aggregation-ja-maxham-preflib-00049-00000390
o 73 0.06
o 71 0.07
o 64 0.08
o 62 0.08
o 60 0.11
o 59 0.98
o 58 3.76
o 57 19.91
o 56 29.57
o 55 33.43
judgment-aggregation-ja-maxham-preflib-00049-00000390
o 74 0.06
o 72 0.06
o 71 0.06
o 65 0.08
o 62 0.08
o 61 0.13
o 60 0.27
o 59 1.15
o 58 5.76
o 57 17.32
o 56 32.98
judgment-aggregation-ja-maxham-preflib-00049-00000390
o 73 0.05
o 69 0.05
o 65 0.08
o 62 0.1
o 61 0.12
o 60 1.03
o 59 5.29
o 58 15.12
o 57 19.5
o 56 29.32
o 55 211.97
