optimizing-BDDs-car-un-wcnf_incomplete_improved_1_2019_7
o 340 72.79
optimizing-BDDs-car-un-wcnf_incomplete_improved_1_2019_7
o 828 0.32
optimizing-BDDs-car-un-wcnf_incomplete_improved_1_2019_7
o 378 165.28
o 192 165.28
optimizing-BDDs-car-un-wcnf_incomplete_improved_1_2019_7
o 750 42.67
optimizing-BDDs-car-un-wcnf_incomplete_improved_1_2019_7
o 484 69.52
optimizing-BDDs-car-un-wcnf_incomplete_improved_1_2019_7
optimizing-BDDs-car-un-wcnf_incomplete_improved_1_2019_7
o 416 71.3
optimizing-BDDs-car-un-wcnf_incomplete_improved_1_2019_7
o 634 0.32
o 584 225.21
optimizing-BDDs-car-un-wcnf_incomplete_improved_1_2019_7
o 570 273.32
optimizing-BDDs-car-un-wcnf_incomplete_improved_1_2019_7
o 432 289.93
