railway-transport-pesp_5min
o 112 38.14
o 95 46.72
railway-transport-pesp_5min
o 118 24.1
o 117 24.1
o 106 122.57
o 105 122.57
o 102 122.57
o 93 207.12
railway-transport-pesp_5min
o 178 37.51
o 177 37.51
o 154 68.49
o 153 68.49
o 152 68.49
o 150 68.49
o 117 80.96
o 111 150.4
o 110 150.4
o 98 212.84
railway-transport-pesp_5min
o 108 3.1
o 107 3.1
o 106 3.11
o 104 3.11
o 103 3.11
o 102 3.11
o 100 3.11
o 88 234.6
o 87 234.6
railway-transport-pesp_5min
o 192 24.29
o 97 54.81
o 95 54.81
o 94 54.81
railway-transport-pesp_5min
o 144 35.85
o 142 35.85
o 141 35.85
o 126 108.86
o 125 108.86
o 108 117.88
o 106 117.88
o 105 117.88
o 104 117.88
o 102 148.89
o 101 269.43
o 99 288.18
o 98 288.18
o 97 288.18
o 94 288.23
railway-transport-pesp_5min
o 172 12.74
o 171 12.74
o 128 45.51
o 125 45.51
o 114 45.95
o 105 71.52
o 104 71.52
o 103 71.52
o 101 251.3
o 99 251.3
o 91 252.97
railway-transport-pesp_5min
o 185 24.07
o 122 27.2
o 121 27.2
o 120 27.2
o 100 131.65
o 99 131.65
o 98 131.65
o 97 226.93
o 87 232.69
o 86 232.69
railway-transport-pesp_5min
o 98 24.36
o 97 24.36
o 87 80.41
o 86 80.41
railway-transport-pesp_5min
o 105 17.38
o 99 27.13
o 98 174.33
o 96 174.33
o 95 174.33
o 94 174.33
o 92 174.33
