gen-hyper-tw-GenHyperTW_2bitcomp_5
o 61 4.31
o 58 4.32
o 56 4.32
o 54 4.35
o 53 4.35
o 52 4.36
o 51 4.37
o 50 4.38
o 49 4.39
o 48 4.4
o 47 4.42
o 46 4.46
o 45 4.47
o 44 4.49
o 43 4.54
o 42 4.55
o 41 4.57
o 40 4.59
o 38 4.63
o 37 4.66
o 36 4.71
o 34 5.76
o 33 5.8
o 32 5.81
o 30 5.87
o 21 12.56
o 20 16.99
o 19 17.04
o 18 86.85
o 16 93.32
gen-hyper-tw-GenHyperTW_2bitcomp_5
o 56 7.6
o 54 7.62
o 53 7.62
o 52 7.62
o 51 7.65
o 50 7.68
o 49 7.7
o 48 7.75
o 47 7.78
o 46 7.81
o 45 7.86
o 44 7.89
o 43 7.91
o 42 7.94
o 41 7.96
o 40 8.01
o 39 8.1
o 38 8.24
o 37 8.34
o 29 12.97
o 23 15.42
o 22 21.87
o 21 22.24
o 20 24.41
o 18 24.7
o 17 164.74
o 16 165.57
o 15 166.66
gen-hyper-tw-GenHyperTW_2bitcomp_5
o 58 4.86
o 57 4.86
o 56 4.86
o 55 4.87
o 54 4.87
o 53 4.87
o 52 4.88
o 51 4.88
o 50 4.9
o 49 4.93
o 48 4.95
o 47 4.96
o 46 4.98
o 45 5.01
o 44 5.02
o 43 5.05
o 42 5.11
o 41 5.13
o 40 5.15
o 39 5.16
o 37 5.22
o 36 5.24
o 35 5.26
o 34 5.3
o 32 5.38
o 23 15.76
o 22 15.77
o 21 15.81
o 20 15.87
o 19 86.5
o 18 86.73
o 17 88.79
gen-hyper-tw-GenHyperTW_2bitcomp_5
o 62 17.92
o 60 17.94
o 58 17.95
o 57 17.96
o 56 17.97
o 54 17.98
o 53 17.99
o 52 18.01
o 51 18.03
o 50 18.05
o 49 18.07
o 48 18.09
o 47 18.11
o 46 18.16
o 45 18.19
o 44 18.26
o 43 18.33
o 42 18.39
o 41 18.44
o 40 18.48
o 39 18.51
o 37 18.64
o 36 18.79
o 30 25.31
o 29 25.32
o 28 25.33
o 26 25.49
o 19 38.81
o 17 44.49
o 15 70.97
gen-hyper-tw-GenHyperTW_2bitcomp_5
o 64 3.58
o 60 3.58
o 56 3.59
o 54 3.59
o 53 3.59
o 52 3.59
o 51 3.59
o 50 3.6
o 49 3.61
o 48 3.62
o 47 3.64
o 46 3.67
o 45 3.7
o 44 3.71
o 43 3.73
o 42 3.75
o 41 3.75
o 40 3.77
o 39 3.78
o 38 3.81
o 37 3.86
o 36 3.89
o 34 4.01
o 33 4.04
o 23 7.94
o 22 7.95
o 18 12.37
o 17 12.41
o 16 12.43
gen-hyper-tw-GenHyperTW_2bitcomp_5
o 61 3.16
o 56 3.16
o 55 3.17
o 54 3.17
o 53 3.17
o 52 3.17
o 51 3.18
o 50 3.18
o 49 3.19
o 48 3.2
o 47 3.22
o 46 3.24
o 45 3.25
o 44 3.27
o 43 3.29
o 42 3.3
o 41 3.31
o 40 3.33
o 39 3.34
o 38 3.36
o 37 3.4
o 36 3.43
o 35 3.5
o 29 6.27
o 28 6.28
o 27 6.29
o 22 6.63
o 20 6.87
o 18 8.28
o 17 11.1
o 16 11.36
o 14 14.08
o 13 16.63
o 12 16.78
gen-hyper-tw-GenHyperTW_2bitcomp_5
o 55 3.61
o 53 3.61
o 52 3.62
o 51 3.62
o 50 3.63
o 49 3.63
o 48 3.66
o 47 3.67
o 46 3.71
o 45 3.73
o 44 3.75
o 43 3.76
o 42 3.78
o 41 3.82
o 40 3.83
o 39 3.84
o 38 3.88
o 37 3.9
o 36 3.93
o 35 3.95
o 32 4.16
o 26 10.24
o 23 12.14
o 22 12.18
o 21 17.23
o 20 17.29
o 19 17.32
o 18 18
o 17 105.17
o 16 144.13
o 15 144.85
gen-hyper-tw-GenHyperTW_2bitcomp_5
o 59 7.99
o 57 8
o 55 8
o 54 8
o 53 8.01
o 52 8.04
o 51 8.05
o 50 8.07
o 49 8.08
o 48 8.1
o 47 8.13
o 46 8.17
o 45 8.2
o 44 8.24
o 43 8.29
o 42 8.32
o 41 8.34
o 40 8.39
o 39 8.44
o 38 8.46
o 37 8.48
o 36 8.53
o 35 8.57
o 34 8.62
o 33 8.69
o 32 8.91
o 25 21.56
o 24 22.43
o 23 22.54
o 22 22.55
o 19 195.36
gen-hyper-tw-GenHyperTW_2bitcomp_5
o 62 9.09
o 57 9.09
o 56 9.11
o 55 9.12
o 54 9.13
o 53 9.14
o 52 9.16
o 51 9.18
o 50 9.24
o 49 9.28
o 48 9.29
o 47 9.31
o 46 9.37
o 45 9.43
o 44 9.53
o 43 9.63
o 42 9.86
o 41 9.99
o 40 10.06
o 39 10.16
o 38 10.38
o 37 10.43
o 36 10.5
o 35 10.54
o 34 10.61
o 27 22.38
o 25 24.35
o 24 25.38
o 23 33.82
o 22 33.89
o 21 156.38
o 20 156.43
o 19 167.94
o 18 168.47
o 16 171.38
o 15 175.33
gen-hyper-tw-GenHyperTW_2bitcomp_5
o 67 7.69
o 65 7.7
o 62 7.71
o 61 7.72
o 58 7.73
o 57 7.74
o 56 7.74
o 54 7.76
o 53 7.77
o 52 7.85
o 51 7.87
o 50 7.91
o 49 7.95
o 48 7.97
o 47 8
o 46 8.11
o 45 8.16
o 44 8.24
o 43 8.29
o 42 8.36
o 41 8.42
o 40 8.48
o 39 8.53
o 38 8.57
o 37 8.61
o 36 8.67
o 35 10.2
o 30 10.84
o 21 23.75
o 20 23.93
o 19 23.94
o 17 24.88
o 15 29.67
