inconsistency-measurement-im-sum-B-3-stb_696_368.tgf.pl
o 118 0
o 116 0.38
o 115 0.38
o 113 0.38
o 111 0.41
o 110 0.42
o 109 0.42
o 108 0.42
o 107 0.84
o 106 0.85
o 105 0.85
o 104 0.85
o 103 0.87
o 102 0.87
o 101 0.87
o 100 0.87
o 99 0.87
o 98 0.88
o 97 0.89
o 96 0.89
o 95 0.89
o 94 6.83
o 93 6.83
o 92 6.89
o 91 6.89
o 90 6.9
o 89 6.92
o 88 21.09
o 87 113.13
o 86 113.15
inconsistency-measurement-im-sum-B-3-stb_696_368.tgf.pl
o 118 0.01
o 117 0.36
o 116 0.41
o 115 0.41
o 114 0.65
o 113 0.65
o 111 0.65
o 110 0.65
o 109 0.7
o 108 0.7
o 107 0.7
o 106 0.71
o 105 0.71
o 104 0.71
o 103 0.72
o 102 0.72
o 101 0.72
o 100 0.72
o 99 0.72
o 98 0.72
o 97 0.73
o 95 0.73
o 94 0.73
o 93 0.73
o 92 9.65
o 91 9.7
o 90 9.71
o 89 123.35
o 87 123.36
o 86 123.36
inconsistency-measurement-im-sum-B-3-stb_696_368.tgf.pl
o 118 0.01
o 116 0.37
o 115 0.38
o 114 0.38
o 112 0.38
o 107 0.44
o 105 0.44
o 104 0.44
o 102 0.44
o 101 0.45
o 100 0.49
o 99 0.49
o 98 3.05
o 97 3.05
o 96 3.06
o 95 3.07
o 94 4.12
o 93 4.12
o 92 4.87
o 91 4.87
o 90 4.87
o 89 4.9
o 88 4.97
o 87 5.01
o 85 5.01
o 83 5.05
inconsistency-measurement-im-sum-B-3-stb_696_368.tgf.pl
o 118 0.01
o 115 0.42
o 114 0.42
o 112 0.43
o 110 0.43
o 108 0.45
o 107 0.57
o 106 0.58
o 105 0.58
o 103 0.77
o 101 1.8
o 100 1.8
o 99 2.35
o 98 2.42
o 97 2.46
o 96 8.12
o 95 8.12
o 94 12.29
o 93 12.3
o 92 18.12
o 91 18.13
o 90 53.14
o 89 53.14
o 88 53.14
o 87 53.16
inconsistency-measurement-im-sum-B-3-stb_696_368.tgf.pl
o 118 0.01
o 117 0.41
o 116 0.42
o 114 0.42
o 113 0.47
o 112 0.47
o 111 0.48
o 109 0.48
o 108 0.5
o 107 0.51
o 106 0.51
o 105 0.52
o 104 0.52
o 103 0.52
o 101 0.52
o 100 0.52
o 99 3.11
o 97 3.34
o 96 5.46
o 95 16.58
o 91 27.03
o 90 108.64
o 89 181.91
inconsistency-measurement-im-sum-B-3-stb_696_368.tgf.pl
o 118 0
o 116 0.35
o 115 0.35
o 114 0.35
o 112 0.35
o 111 0.35
o 110 0.35
o 109 0.35
o 107 0.35
o 105 0.36
o 104 0.7
o 103 0.7
o 102 0.7
o 101 0.7
o 100 0.7
o 98 0.79
o 97 0.79
o 96 0.8
o 95 0.8
o 94 0.8
o 93 0.83
o 92 0.83
o 91 0.83
o 90 0.83
o 89 0.83
o 88 95.06
inconsistency-measurement-im-sum-B-3-stb_696_368.tgf.pl
o 118 0.01
o 117 0.49
o 116 0.49
o 115 0.49
o 114 0.54
o 113 0.56
o 112 0.56
o 111 0.56
o 109 0.57
o 108 0.57
o 107 0.59
o 105 0.59
o 104 0.6
o 103 0.6
o 102 0.88
o 101 0.89
o 100 0.89
o 99 0.89
o 98 8.9
o 97 9.03
o 96 9.03
o 95 9.13
o 94 9.14
o 93 30.52
o 92 30.52
o 91 32.57
o 90 87.58
o 88 87.59
inconsistency-measurement-im-sum-B-3-stb_696_368.tgf.pl
o 118 0
o 116 0.35
o 115 0.35
o 114 0.35
o 113 0.76
o 112 0.76
o 111 0.76
o 110 0.77
o 109 0.77
o 108 0.79
o 107 0.79
o 106 0.79
o 105 0.79
o 104 0.79
o 103 1.22
o 102 1.22
o 101 1.22
o 100 1.23
o 99 1.23
o 98 3.83
o 97 8.79
o 96 8.82
o 95 8.82
o 94 8.83
o 93 8.85
o 92 19.68
o 91 60.26
o 90 64.79
o 89 99
o 88 132.44
o 87 132.44
o 86 132.53
o 85 132.53
inconsistency-measurement-im-sum-B-3-stb_696_368.tgf.pl
o 118 0
o 117 0.38
o 116 0.38
o 115 0.38
o 114 0.45
o 113 0.45
o 111 0.45
o 110 0.45
o 109 0.47
o 108 0.5
o 107 0.5
o 106 0.5
o 105 0.5
o 104 0.5
o 102 0.5
o 100 0.52
o 99 0.53
o 98 4.61
o 97 4.64
o 96 4.65
o 95 7.59
o 94 7.59
o 93 7.59
o 92 7.59
o 91 8.37
o 90 69.96
o 89 69.96
o 87 88.54
o 86 88.6
inconsistency-measurement-im-sum-B-3-stb_696_368.tgf.pl
o 118 0.01
o 116 0.36
o 115 0.37
o 114 0.37
o 112 0.37
o 111 0.37
o 110 0.39
o 109 0.39
o 108 0.4
o 107 0.4
o 106 0.6
o 105 0.6
o 104 0.6
o 103 0.75
o 101 0.75
o 100 0.75
o 99 0.86
o 98 1.04
o 97 1.05
o 96 1.65
o 95 1.65
o 94 1.65
o 93 1.67
o 92 33.94
o 91 33.96
o 90 47.57
o 89 47.58
o 88 47.59
o 87 47.96
o 86 47.96
o 85 47.96
o 84 47.96
