judgment-aggregation-ja-maxham-preflib-00049-00000295
o 79 0.06
o 78 0.06
o 77 0.06
o 70 0.06
o 69 0.06
o 62 0.07
o 61 0.07
o 58 0.07
o 57 1.56
o 56 4.95
o 55 5.07
judgment-aggregation-ja-maxham-preflib-00049-00000295
o 70 0.06
o 68 0.06
o 65 0.06
o 64 0.06
o 63 0.06
o 58 0.07
o 57 0.4
o 56 0.41
o 55 15.42
judgment-aggregation-ja-maxham-preflib-00049-00000295
o 72 0.06
o 71 0.06
o 67 0.06
o 61 0.06
o 60 0.07
o 59 0.07
o 58 0.07
o 57 0.71
o 56 0.71
o 55 0.79
judgment-aggregation-ja-maxham-preflib-00049-00000295
o 70 0.15
o 69 0.15
o 68 0.15
o 67 0.15
o 66 0.15
o 64 0.16
o 60 0.17
o 58 0.18
o 57 0.18
o 56 0.19
o 55 155.4
judgment-aggregation-ja-maxham-preflib-00049-00000295
o 68 0.05
o 66 0.05
o 64 0.05
o 63 0.05
o 62 0.05
o 58 0.05
o 57 0.42
o 56 0.5
o 55 0.55
judgment-aggregation-ja-maxham-preflib-00049-00000295
o 67 0.06
o 66 0.06
o 65 0.07
o 64 0.07
o 63 0.07
o 61 0.07
o 59 0.07
o 58 0.12
o 57 1.24
o 56 10.83
o 55 256.66
judgment-aggregation-ja-maxham-preflib-00049-00000295
o 64 0.07
o 63 0.07
o 59 0.07
o 58 0.07
o 57 0.07
o 56 0.08
o 55 0.08
judgment-aggregation-ja-maxham-preflib-00049-00000295
o 62 0.05
o 61 0.06
o 60 0.06
o 58 0.06
o 57 0.1
o 56 0.1
o 55 0.65
judgment-aggregation-ja-maxham-preflib-00049-00000295
o 71 0.06
o 69 0.06
o 68 0.06
o 65 0.06
o 63 0.06
o 60 0.06
o 57 0.06
o 56 0.06
o 55 0.08
judgment-aggregation-ja-maxham-preflib-00049-00000295
o 65 0.06
o 64 0.06
o 63 0.06
o 59 0.06
o 58 0.07
o 57 0.08
o 56 1.99
o 55 121.41
o 54 232.57
