optimizing-BDDs-splice-1-un-wcnf_incomplete_improved_1_2019_4
o 509 16.28
o 340 26.89
o 316 31.56
o 226 34.44
optimizing-BDDs-splice-1-un-wcnf_incomplete_improved_1_2019_4
o 1425 1.61
o 853 1.62
o 575 5.48
o 567 23.13
o 566 23.14
o 533 23.17
o 514 23.2
o 508 42.45
o 340 42.53
o 339 227.76
optimizing-BDDs-splice-1-un-wcnf_incomplete_improved_1_2019_4
o 577 6.97
o 574 11.64
o 537 14.17
o 530 29.67
o 481 32.57
o 463 32.58
optimizing-BDDs-splice-1-un-wcnf_incomplete_improved_1_2019_4
o 1195 7.63
o 574 12.47
o 538 13.26
o 537 15.54
o 493 16.94
o 372 45.47
optimizing-BDDs-splice-1-un-wcnf_incomplete_improved_1_2019_4
o 1357 1.56
o 1118 1.56
o 1033 20.24
o 910 22.83
o 566 22.84
o 495 23.75
o 399 23.81
o 374 77.03
o 372 77.04
optimizing-BDDs-splice-1-un-wcnf_incomplete_improved_1_2019_4
o 1447 14.47
o 510 22.18
o 509 22.23
o 483 55.22
o 444 55.25
o 377 56.56
o 359 56.56
o 340 87.46
o 313 252.63
o 274 252.64
o 253 252.65
optimizing-BDDs-splice-1-un-wcnf_incomplete_improved_1_2019_4
o 1451 2.95
o 1442 2.95
o 1417 2.95
o 1261 53.15
o 836 87.25
o 575 122.77
o 551 126.7
o 509 126.74
o 408 127.11
o 374 127.11
o 351 127.27
o 341 127.29
o 226 159.94
optimizing-BDDs-splice-1-un-wcnf_incomplete_improved_1_2019_4
o 1447 11.71
o 1363 31.93
o 911 46.8
o 566 47.02
o 529 83.73
o 482 113.24
optimizing-BDDs-splice-1-un-wcnf_incomplete_improved_1_2019_4
o 574 14.17
o 537 27.24
o 529 48.37
o 455 76.9
optimizing-BDDs-splice-1-un-wcnf_incomplete_improved_1_2019_4
o 589 9.75
o 509 14.83
o 392 25.62
o 371 26.45
o 341 76.71
o 310 88.65
o 282 89.08
