optimizing-BDDs-kr-vs-kp-un-wcnf_incomplete_improved_1_2019_4
o 1085 1.69
o 696 2.71
o 306 2.72
o 189 2.73
optimizing-BDDs-kr-vs-kp-un-wcnf_incomplete_improved_1_2019_4
o 1422 0.44
o 969 0.44
o 784 2.26
o 306 2.28
o 301 2.3
o 189 2.31
optimizing-BDDs-kr-vs-kp-un-wcnf_incomplete_improved_1_2019_4
o 950 4.8
o 741 6.05
o 263 6.33
o 189 17.5
optimizing-BDDs-kr-vs-kp-un-wcnf_incomplete_improved_1_2019_4
o 690 4.46
o 578 9.45
o 189 9.55
optimizing-BDDs-kr-vs-kp-un-wcnf_incomplete_improved_1_2019_4
o 901 3.32
o 614 4.46
o 306 4.57
o 301 4.63
o 294 38
o 189 54.72
optimizing-BDDs-kr-vs-kp-un-wcnf_incomplete_improved_1_2019_4
o 1016 1.25
o 306 1.81
o 301 6.04
o 189 6.09
optimizing-BDDs-kr-vs-kp-un-wcnf_incomplete_improved_1_2019_4
o 306 2.07
o 189 2.09
optimizing-BDDs-kr-vs-kp-un-wcnf_incomplete_improved_1_2019_4
o 1085 1.47
o 729 2.11
o 680 2.12
o 662 2.17
o 306 2.22
o 189 2.48
optimizing-BDDs-kr-vs-kp-un-wcnf_incomplete_improved_1_2019_4
o 1251 1.81
o 711 3.93
o 306 3.98
o 291 11.09
o 189 114.99
optimizing-BDDs-kr-vs-kp-un-wcnf_incomplete_improved_1_2019_4
o 306 1.95
o 189 2.89
