optimizing-BDDs-mushroom-un-wcnf_incomplete_improved_1_2019_4
o 628 14.63
o 356 23.21
o 252 51.2
o 216 51.27
o 180 53.5
optimizing-BDDs-mushroom-un-wcnf_incomplete_improved_1_2019_4
o 596 21.06
o 396 39.39
o 340 39.55
o 316 122
o 268 122.13
optimizing-BDDs-mushroom-un-wcnf_incomplete_improved_1_2019_4
o 3132 39.26
o 1884 84.02
o 1492 84.4
o 1412 84.44
o 1096 89.26
o 372 89.87
o 340 90.08
o 224 137.9
o 216 137.9
optimizing-BDDs-mushroom-un-wcnf_incomplete_improved_1_2019_4
o 3528 1.98
o 2036 1.98
o 1800 20.23
o 792 33.54
o 604 33.58
o 396 33.59
o 364 45.75
o 324 46.02
o 300 46.35
o 276 272
optimizing-BDDs-mushroom-un-wcnf_incomplete_improved_1_2019_4
o 2556 25.5
o 1056 25.57
o 920 25.83
o 520 26
o 120 26.14
optimizing-BDDs-mushroom-un-wcnf_incomplete_improved_1_2019_4
o 2268 11.48
o 1748 22.01
o 596 22.15
o 572 22.32
o 396 22.44
o 348 22.5
o 340 38.97
o 248 39
o 224 230.86
o 216 230.89
o 208 230.95
optimizing-BDDs-mushroom-un-wcnf_incomplete_improved_1_2019_4
o 1160 30.04
o 920 47.43
o 244 77.55
optimizing-BDDs-mushroom-un-wcnf_incomplete_improved_1_2019_4
o 1832 28.97
o 1830 29
o 892 29.24
o 872 29.35
o 832 30.02
o 776 37.82
o 480 38.01
o 464 38.03
o 344 41.95
o 328 42.1
o 200 42.46
o 112 125.34
optimizing-BDDs-mushroom-un-wcnf_incomplete_improved_1_2019_4
o 1320 39.04
o 1056 60.28
o 920 60.76
o 712 60.78
o 396 131.31
o 324 131.67
optimizing-BDDs-mushroom-un-wcnf_incomplete_improved_1_2019_4
o 528 10.92
o 392 18.51
o 184 31.51
