correlation-clustering-Rounded_CorrelationClustering_Protein4_BINARY_N320
o 22690636 0.21
o 22421132 0.26
o 18964115 0.32
o 18925205 0.32
o 18914262 0.37
o 18887969 0.37
o 18848170 0.41
o 18183974 0.46
o 18156082 0.6
o 18121796 0.71
o 18071796 0.71
o 18039558 0.71
o 17980184 0.91
o 17930188 0.91
o 17880787 0.91
o 17830787 0.91
o 17717083 0.95
o 17635505 1.39
o 17585505 1.39
o 17554702 2.03
o 17519513 2.07
o 17185700 2.34
o 17136362 2.34
o 17086362 2.35
o 16864298 2.43
o 16832537 2.48
o 16782537 2.5
o 16608117 2.57
o 16577750 2.57
o 16527750 2.57
o 16477750 2.59
o 16005762 2.66
o 15750660 2.74
o 15696414 2.93
o 15646414 2.93
o 15596418 2.93
o 15578105 3.76
o 15528105 3.76
o 15133434 4.09
o 15083789 4.09
o 15081103 9.56
o 15054086 9.58
o 15045424 17.46
o 14984699 66.36
o 14984350 66.36
o 14870271 66.36
o 14820275 66.37
o 14774513 75.35
o 14724687 75.35
o 14685012 75.4
o 14630144 75.42
o 14422637 75.44
o 14372637 75.44
correlation-clustering-Rounded_CorrelationClustering_Protein4_BINARY_N320
o 22842228 0.16
o 21327602 0.25
o 21277620 0.25
o 20994662 0.25
o 20944662 0.25
o 20897286 0.25
o 20847689 0.25
o 20797689 0.25
o 20771352 0.25
o 20671352 0.25
o 20649999 0.25
o 20389737 0.28
o 20339737 0.28
o 20189737 0.28
o 20139737 0.28
o 20126592 0.28
o 20117249 0.29
o 20067250 0.29
o 19988208 0.29
o 19909047 0.29
o 19659375 0.31
o 18711549 0.36
o 18661549 0.36
o 18510729 0.36
o 18460729 0.36
o 18410729 0.36
o 18362204 0.36
o 18352326 0.36
o 18282149 0.36
o 18253025 0.36
o 18160107 0.39
o 17507873 0.61
o 17457891 0.61
o 17411936 0.61
o 17144733 0.66
o 17084855 0.66
o 17035040 0.66
o 17020452 0.66
o 17006010 0.67
o 16960985 0.73
o 16862523 0.74
o 16763775 1.12
o 16563775 1.12
o 16133885 4.89
o 16033889 4.89
o 15997888 5.06
o 15996783 6.28
o 15959870 6.28
o 15942338 6.28
o 15842342 6.28
o 15822871 6.33
o 15772886 6.34
o 15657920 6.34
o 15607920 6.35
o 15544822 6.35
o 15435589 6.55
o 15417318 7.01
o 15196584 7.37
o 15086153 8.64
o 15036153 8.64
o 14986153 8.64
o 14806762 13.4
o 14749417 27.24
o 14590162 27.24
o 14556085 27.25
o 14541816 27.27
o 14431004 31.22
o 14424791 50.21
o 14374795 50.21
o 14297809 50.22
o 14204432 50.22
o 14169741 50.22
o 14135664 50.22
correlation-clustering-Rounded_CorrelationClustering_Protein4_BINARY_N320
o 18859481 0.15
o 18840784 0.16
o 18753463 0.16
o 18370858 0.29
o 18320858 0.29
o 18220863 0.29
o 18207900 0.3
o 18157900 0.3
o 18132871 0.3
o 18011681 0.3
o 17963156 0.3
o 17588737 0.7
o 17574902 0.71
o 17516122 0.71
o 17504152 0.84
o 17311348 1.48
o 17261602 1.48
o 17211602 1.48
o 17201724 1.48
o 17122564 1.53
o 16893462 1.57
o 16856549 1.57
o 16670976 1.59
o 16559373 2.05
o 16509373 2.05
o 16459373 2.05
o 16456905 2.05
o 16454202 2.36
o 16383056 2.61
o 16348979 2.61
o 16298979 2.61
o 16248979 2.61
o 16241000 2.68
o 16240252 2.68
o 16176705 2.82
o 16144343 2.82
o 15662359 2.94
o 15631316 3.83
o 15627848 4.24
o 15625123 4.54
o 15497669 4.54
o 15486058 9.4
o 15476180 9.4
o 15417397 9.63
o 15192448 9.81
o 15158371 9.81
o 15084827 17.37
o 15034828 17.37
o 14984832 17.37
o 14877012 18.94
o 14835395 81.84
o 14809651 89.44
o 14768774 149.65
o 14635399 149.85
o 14586874 149.85
correlation-clustering-Rounded_CorrelationClustering_Protein4_BINARY_N320
o 20437310 0.13
o 20387310 0.13
o 20191541 0.23
o 19655233 0.25
o 19617364 0.29
o 19563085 0.29
o 19529124 0.29
o 19459840 0.29
o 19392560 0.29
o 19252060 0.29
o 19232728 0.29
o 19183077 0.29
o 19089401 0.29
o 18989401 0.29
o 18600611 0.3
o 18522199 0.3
o 18472300 0.3
o 18453552 0.47
o 18403555 0.47
o 18339655 0.47
o 18290762 0.47
o 18240762 0.47
o 18239655 0.47
o 18055422 0.48
o 17877956 0.82
o 17876418 0.82
o 17675344 0.82
o 17652092 0.85
o 17276365 0.88
o 17271048 0.88
o 17236357 0.88
o 17176479 0.88
o 17165892 0.88
o 17152158 0.88
o 17146067 0.88
o 17105945 0.88
o 17019283 0.88
o 17010388 1.93
o 16964433 1.93
o 16927520 1.93
o 16692783 1.94
o 16568170 2.93
o 16519016 2.94
o 16497636 2.96
o 16462945 2.96
o 16375106 3.66
o 16338193 3.66
o 16325106 3.66
o 16290415 3.66
o 16261291 3.66
o 16224378 3.66
o 16106918 4.11
o 16014498 6.42
o 15857356 6.44
o 15808831 6.44
o 15706880 6.44
o 15591432 6.45
o 15499895 7.21
o 15499892 7.21
o 15450327 7.21
o 15384417 7.23
o 15349726 7.23
o 15249636 7.23
o 15233502 11.02
o 15233475 11.02
o 15183475 11.02
o 15071128 11.95
o 14980585 11.96
o 14933102 20.53
o 14898411 20.53
o 14848411 20.53
o 14802690 20.53
o 14771425 20.58
o 14761665 21.04
o 14526992 21.07
o 14461210 28.41
correlation-clustering-Rounded_CorrelationClustering_Protein4_BINARY_N320
o 21715247 0.18
o 20208778 0.27
o 20102631 0.28
o 20058814 0.28
o 19958814 0.28
o 19808814 0.28
o 19759007 0.28
o 19573556 0.68
o 19523620 0.68
o 18939261 0.7
o 18889261 0.7
o 18839261 0.7
o 18839155 0.7
o 18608424 0.75
o 18558424 0.75
o 18539062 0.75
o 18489062 0.75
o 18424361 0.75
o 18134101 0.77
o 18129082 1.12
o 18051887 1.14
o 18019711 1.14
o 17849622 1.46
o 17788356 1.53
o 17739894 1.53
o 17689894 1.53
o 17638549 1.53
o 17621582 1.53
o 17523120 1.54
o 17473830 1.54
o 16982552 2.16
o 16761128 2.19
o 16667893 2.19
o 16626500 2.19
o 16562879 2.19
o 16512157 2.48
o 16472409 2.56
o 16412531 2.56
o 16362535 2.56
o 16312720 2.56
o 16214105 2.56
o 15994054 2.59
o 15953932 2.59
o 15919855 2.59
o 15918630 3.5
o 15870105 3.5
o 15750843 3.56
o 15583531 4.08
o 15483441 4.08
o 15333441 4.08
o 15304524 5.68
o 15254542 5.68
o 15154452 5.68
o 15065350 5.71
o 15010614 9.09
o 14744191 16.03
o 14709500 16.03
o 14659500 16.03
o 14643096 92.6
o 14411691 291.05
correlation-clustering-Rounded_CorrelationClustering_Protein4_BINARY_N320
o 19620236 0.15
o 19570236 0.15
o 19526682 0.17
o 19509944 0.17
o 18536731 0.21
o 18486731 0.21
o 18452040 0.21
o 18407293 0.21
o 18390940 0.35
o 18271976 0.35
o 18271266 0.35
o 18269791 0.35
o 17861981 0.39
o 17815149 0.54
o 17603919 0.54
o 17578591 0.58
o 17499485 0.58
o 17495235 0.58
o 17410111 0.58
o 17360839 0.58
o 17310839 0.59
o 17273716 0.59
o 17125075 0.73
o 16809545 1.14
o 16759545 1.14
o 16748345 1.18
o 16713654 1.18
o 16706544 1.21
o 16606544 1.21
o 16602148 1.23
o 16601955 1.23
o 16572849 1.23
o 16450026 1.23
o 16391832 3.69
o 16287230 4.16
o 16237230 4.16
o 16187230 4.16
o 16180155 5.31
o 16144496 5.32
o 16044496 5.33
o 15994303 5.33
o 15865261 5.33
o 15816736 5.33
o 15782158 5.49
o 15752395 7.8
o 15720548 8.57
o 15670548 8.57
o 15624593 8.57
o 15595432 8.57
o 15487066 8.68
o 15461847 9.11
o 15420055 9.22
o 15212951 17.51
o 15207019 20.46
o 15132160 22.92
o 15114628 22.92
o 15064628 22.92
o 15047662 23.25
o 14997662 23.25
o 14948261 23.25
o 14931523 23.25
o 14804069 23.25
o 14747858 23.25
o 14747045 37.78
correlation-clustering-Rounded_CorrelationClustering_Protein4_BINARY_N320
o 20643332 0.13
o 20593438 0.13
o 19440195 0.2
o 19409828 0.2
o 19388934 0.2
o 19339065 0.2
o 19222066 0.2
o 19172084 0.2
o 18852058 0.21
o 18802058 0.21
o 18738140 0.21
o 18736785 0.21
o 18649876 0.22
o 18490191 0.25
o 18373693 0.28
o 17935468 0.42
o 17897453 0.42
o 17743398 0.42
o 17693399 0.42
o 17593399 0.42
o 17586951 0.43
o 17536951 0.43
o 17486951 0.43
o 17068987 0.84
o 17058467 0.84
o 16998589 0.84
o 16948604 0.84
o 16898604 0.84
o 16878613 0.88
o 16863765 1.36
o 16834304 1.36
o 16740921 1.36
o 16690948 1.36
o 16502450 1.38
o 16452450 1.38
o 16408767 1.4
o 16258767 1.4
o 16208767 1.4
o 16058811 1.4
o 15947817 1.42
o 15897817 1.42
o 15678500 1.47
o 15641587 1.47
o 15541587 1.47
o 15467528 1.47
o 15417528 1.47
o 15404612 9.45
o 15364490 9.45
o 15304612 9.45
o 15289278 12.59
o 15285007 12.59
o 15264168 12.6
o 15242768 15.89
o 15192768 15.89
o 15177454 16.24
o 15128053 16.24
o 15041221 17.3
o 15041206 17.3
o 15038951 17.31
o 15000930 52.25
o 14795738 52.32
o 14631211 52.39
o 14595556 271.52
correlation-clustering-Rounded_CorrelationClustering_Protein4_BINARY_N320
o 22224559 0.14
o 21863634 0.18
o 20922322 0.22
o 20876367 0.22
o 20865792 0.22
o 20715812 0.22
o 19832584 0.29
o 19776889 0.3
o 19746001 0.3
o 18797086 0.55
o 18748812 0.55
o 18698812 0.55
o 18649247 0.55
o 18195641 0.58
o 18178109 0.58
o 17962635 0.73
o 17950185 0.83
o 17890374 0.89
o 17607297 0.92
o 17605993 0.92
o 17555998 0.92
o 17546452 2.18
o 17509524 2.43
o 17431018 2.54
o 17381018 2.54
o 17356313 2.54
o 17336136 2.54
o 17228318 2.57
o 17178321 2.57
o 17147997 2.57
o 17111084 2.57
o 16918854 3.91
o 16914474 3.91
o 16876163 3.91
o 16863575 3.94
o 16832937 3.94
o 16632937 3.94
o 16555898 4.03
o 16505898 4.03
o 16455898 4.03
o 16442811 4.03
o 16342811 4.03
o 16255902 4.03
o 16205906 4.03
o 16184545 4.49
o 16149854 4.49
o 16084622 4.51
o 15984622 4.52
o 15934626 4.52
o 15933455 6.15
o 15887217 6.2
o 15775549 6.25
o 15694293 12.26
o 15233518 12.72
o 14867738 12.74
o 14746729 12.9
o 14706921 106.82
o 14657714 184.37
o 14606860 184.58
o 14441950 276.59
correlation-clustering-Rounded_CorrelationClustering_Protein4_BINARY_N320
o 22354438 0.15
o 20266161 0.19
o 20118305 0.19
o 20084982 0.19
o 20039257 0.19
o 19276860 0.31
o 19012603 0.45
o 18963222 0.45
o 18962412 0.45
o 18907713 0.45
o 18707770 0.45
o 18657770 0.45
o 18638764 0.45
o 18602102 0.45
o 18502608 0.45
o 17785912 0.47
o 17687112 0.63
o 17652421 0.63
o 17602402 0.63
o 17582034 0.63
o 17532469 0.63
o 17497451 0.63
o 17453217 0.63
o 17418526 0.63
o 17374200 0.63
o 17265501 0.65
o 17189905 0.7
o 17176850 0.7
o 17149783 0.7
o 17099788 0.7
o 17096076 0.7
o 17046071 0.7
o 17007123 0.74
o 16915758 0.74
o 16667231 1.59
o 16622148 1.76
o 16507826 1.76
o 16458261 1.76
o 16358261 1.76
o 16308261 1.76
o 16239071 1.76
o 16193116 1.76
o 16129845 1.77
o 16069744 1.77
o 15986449 2.14
o 15961356 2.18
o 15949667 2.18
o 15917609 2.18
o 15903584 3.45
o 15788545 3.46
o 15761126 3.69
o 15759202 4.04
o 15418749 4.2
o 15383627 4.2
o 15378731 5.84
o 15332725 5.86
o 15318684 5.92
o 15196267 6.49
o 15112690 7.28
o 15070204 7.58
o 14978919 9.16
o 14944228 9.17
o 14930787 9.18
o 14869702 10.85
o 14834088 10.87
o 14799397 10.87
o 14749996 10.88
o 14634785 10.89
correlation-clustering-Rounded_CorrelationClustering_Protein4_BINARY_N320
o 20546643 0.15
o 19523064 0.45
o 19522686 0.45
o 19470336 0.47
o 19460682 0.51
o 19458214 0.51
o 19413051 0.51
o 19386411 0.51
o 19357225 0.51
o 19317560 0.51
o 19268539 0.51
o 18860233 0.57
o 18826971 0.57
o 18803729 0.57
o 18753729 0.57
o 18654226 0.57
o 18635923 0.59
o 18620916 0.6
o 18388072 0.62
o 18338072 0.62
o 18317242 0.62
o 17113918 0.65
o 16704288 1
o 16675164 1
o 16664014 2.02
o 16629323 2.02
o 16566358 2.35
o 16516358 2.35
o 16514383 2.35
o 16463538 3.09
o 16428520 3.09
o 16336881 3.12
o 16174784 3.36
o 16139544 4.76
o 16137478 6.51
o 16087478 6.51
o 15987024 12.86
o 15937028 12.86
o 15936493 12.86
o 15760076 19.96
o 15660076 19.96
o 15510076 19.96
o 15352377 20.05
o 15302377 20.05
o 15252377 20.05
o 15215464 20.05
o 15125044 26.55
o 15075792 26.56
o 15045317 28.24
o 14944760 28.24
o 14890027 43.41
o 14829689 227.61
o 14762578 265.67
