correlation-clustering-Rounded_CorrelationClustering_Protein3_UNARY_N220
o 27455390 19.21
o 27436861 19.21
o 27336861 19.21
o 26151900 32.01
o 24708087 43.2
o 23013235 50.14
o 22641394 55.09
correlation-clustering-Rounded_CorrelationClustering_Protein3_UNARY_N220
o 73492127 1.75
o 23406949 51.47
o 23029934 72.63
correlation-clustering-Rounded_CorrelationClustering_Protein3_UNARY_N220
o 76600621 1.58
o 26358041 14.96
o 24601578 20.98
correlation-clustering-Rounded_CorrelationClustering_Protein3_UNARY_N220
o 70566462 2.22
o 33182728 29.77
o 25617762 71.66
o 25026202 73.21
o 25026184 73.21
o 24220724 80.05
o 22757713 81.25
o 22538464 83.66
o 22497185 83.66
o 22483199 92.68
o 21970565 97.46
correlation-clustering-Rounded_CorrelationClustering_Protein3_UNARY_N220
o 81250369 1.56
o 32559841 18.3
o 32509841 18.3
o 26641168 22.07
o 23349727 30.32
o 23299728 30.32
o 23249728 30.32
o 22401276 39.81
correlation-clustering-Rounded_CorrelationClustering_Protein3_UNARY_N220
o 54123775 1.59
o 31238797 23.94
o 29877065 23.94
o 22731585 25.11
o 22351621 29.11
correlation-clustering-Rounded_CorrelationClustering_Protein3_UNARY_N220
o 65712807 1.65
o 31714562 9.92
o 31685253 9.93
o 31083134 9.93
o 27652502 33.95
o 27602563 33.95
o 23911663 52.12
o 23861922 52.12
o 23813552 52.12
o 23763552 52.12
correlation-clustering-Rounded_CorrelationClustering_Protein3_UNARY_N220
o 69384494 1.62
o 26473241 25.86
o 23965403 27.06
o 23921015 27.06
o 23871016 27.06
o 23821154 27.06
o 23721154 27.07
o 23032753 54.47
o 23024459 54.47
correlation-clustering-Rounded_CorrelationClustering_Protein3_UNARY_N220
o 69742648 1.76
o 34440041 14.96
o 34390041 14.96
o 33366856 14.96
o 33317286 14.96
o 24800964 26.58
o 22680981 47.7
o 22587188 47.71
o 22538900 47.71
correlation-clustering-Rounded_CorrelationClustering_Protein3_UNARY_N220
o 57668339 1.9
o 27126573 27.51
o 24009190 37.34
o 23630736 40.31
o 22628881 41.35
o 22117609 81.19
