generalized-ising-IS15_5.0.5.0.0.5_softer_periodic
o 117365958521157 0.02
o 117238831380213 0.02
o 117007769461747 0.02
o 116843272099068 0.02
o 116673636043399 0.02
o 116545432044184 0.02
o 116403728454881 0.02
o 116322866186284 0.02
o 116223637673640 0.02
o 116152827163215 0.02
o 115992708140211 0.02
o 115883405321518 0.02
o 115818928729739 0.02
o 115695673709818 0.02
o 115600401989776 0.02
o 115521719331285 0.02
o 115483785030553 0.02
o 115411740166816 0.02
o 115388914991324 0.02
o 115312055996235 0.02
o 115285112428973 0.02
o 115218384878383 0.02
o 115183272959655 0.02
o 115164256919718 0.02
o 115162144740131 0.06
o 115160386072965 88.8
o 115135821725729 88.81
o 115108786707713 88.81
o 115103719423181 88.81
o 115062057644975 88.81
o 115052749287651 88.81
o 115024503096437 88.81
o 115003999750368 88.81
o 114990926797101 88.81
o 114967272017389 88.81
o 114953339530438 88.81
o 114932499905398 88.81
o 114909560706603 88.81
o 114906804098826 88.81
o 114874607947022 88.81
o 114858314862165 88.81
o 114838445380692 88.81
o 114826477280382 88.81
generalized-ising-IS15_5.0.5.0.0.5_softer_periodic
o 119551538464816 0.03
o 119310372580370 0.03
o 119089097336413 0.03
o 118863555006721 0.03
o 118681473023262 0.03
o 118501675286298 0.03
o 118336054094352 0.03
o 118181704468102 0.03
o 117945567978976 0.03
o 117716079150153 0.03
o 117599963776848 0.03
o 117413686559657 0.03
o 117252202417476 0.03
o 117082549185988 0.03
o 116956262378911 0.03
o 116806899831530 0.03
o 116744390006732 0.03
o 116596777155308 0.03
o 116505104381475 0.03
o 116383418703707 0.03
o 116276976820761 0.03
o 116199700646879 0.03
o 116118432269150 0.03
o 116095299568993 0.03
o 116001657732048 0.03
o 115879585407695 0.03
o 115819201337997 0.03
o 115789574888768 0.03
o 115708071275885 0.03
o 115654916132881 0.03
o 115603726556641 0.03
o 115539828512390 0.03
o 115524369653015 0.03
o 115481824919584 0.03
o 115471478094528 0.03
o 115407203190018 0.03
o 115362691094541 0.03
o 115321891219147 0.03
o 115274867550106 0.03
o 115246836236129 0.03
o 115236436692725 0.03
o 115190716493235 0.03
o 115187759474378 0.04
o 115177917113182 0.04
o 115174321694136 0.04
o 115173573891663 0.04
o 115168722610169 0.05
o 115166930040277 101.41
o 115134432724776 101.41
o 115096778612982 101.41
o 115061764314248 101.41
o 115044496644019 101.41
o 115022546576377 101.41
o 114998110061994 101.41
o 114973729311235 101.41
o 114963694948163 101.41
o 114937799487637 101.41
o 114918142561019 101.41
o 114907616081122 101.41
o 114877297823564 101.41
o 114859477715747 101.41
o 114853622069771 101.41
o 114849614035758 101.41
generalized-ising-IS15_5.0.5.0.0.5_softer_periodic
o 117174284838814 0.02
o 117104234849756 0.02
o 117014935994744 0.02
o 116771238674259 0.02
o 116575331673100 0.02
o 116434830659037 0.02
o 116295341352974 0.02
o 116185922653899 0.02
o 116100217996238 0.02
o 116000075965509 0.02
o 115943319690855 0.02
o 115816140838685 0.02
o 115725584188863 0.02
o 115651791604887 0.02
o 115613234425261 0.02
o 115559440986269 0.02
o 115478952989249 0.02
o 115411977919547 0.02
o 115377260342899 0.02
o 115371504687636 0.02
o 115365191713352 0.02
o 115324187857407 0.02
o 115314114840567 0.02
o 115305678902248 0.02
o 115253518810099 0.02
o 115244465247028 0.02
o 115212729537506 0.02
o 115204059176185 0.02
o 115182700692163 0.04
o 115179976100960 0.05
o 115177337938965 0.05
o 115173956446294 0.05
o 115168941671562 0.05
o 115166695879656 0.05
o 115155135888020 0.05
o 115135455532402 90.14
o 115103899167953 90.14
o 115063689312963 90.14
o 115015781194180 90.14
o 114996733859827 90.14
o 114991006217138 90.14
o 114963604615253 90.14
o 114955079909935 90.14
o 114950265401742 90.14
o 114945316091328 90.14
o 114940539865863 90.14
o 114926034759825 90.14
o 114919978063903 90.14
o 114915891603656 90.14
o 114914269215251 90.14
o 114907921027037 90.14
o 114898612119543 90.14
o 114893776355133 90.14
o 114891255947008 90.14
o 114889327172954 90.14
o 114872660671840 90.14
o 114858766100532 90.14
o 114843675826236 90.14
generalized-ising-IS15_5.0.5.0.0.5_softer_periodic
o 117670982759488 0.02
o 117547750338318 0.02
o 117369701125954 0.02
o 117214647389580 0.02
o 117046751979279 0.02
o 116983792736080 0.02
o 116827961090551 0.02
o 116658587759103 0.02
o 116573340629206 0.02
o 116494377331066 0.02
o 116341418550695 0.02
o 116197255725959 0.02
o 116079664408930 0.02
o 116050705543114 0.02
o 115936236287747 0.02
o 115824479538519 0.02
o 115762210718221 0.02
o 115713695893695 0.02
o 115618640297879 0.02
o 115577732258272 0.02
o 115483134367682 0.02
o 115462707608182 0.02
o 115408138615696 0.02
o 115364049327845 0.02
o 115344906105107 0.02
o 115287779851591 0.02
o 115245502403555 0.02
o 115243019053320 0.02
o 115236627058662 0.02
o 115221532409485 0.02
o 115201577806711 0.02
o 115181688529511 114.35
o 115180458449509 114.35
o 115162445054599 114.35
o 115120766386170 114.35
o 115082594095870 114.35
o 115064252758528 114.35
o 115061176613087 114.35
o 115032109923710 114.35
o 115017195641416 114.35
o 115005535928727 114.35
o 115004612920939 114.35
o 114996129339730 114.35
o 114967768482171 114.35
o 114947090311438 114.35
o 114930465932503 114.35
o 114926947593892 114.35
o 114910742586759 114.35
o 114910323150981 114.35
o 114884305394039 114.35
generalized-ising-IS15_5.0.5.0.0.5_softer_periodic
o 119141616335570 0.02
o 118907499915081 0.02
o 118675272321100 0.02
o 118418212973596 0.02
o 118274472313983 0.02
o 118108649981832 0.02
o 118004167167636 0.02
o 117811489937854 0.02
o 117621044974170 0.02
o 117482857703997 0.02
o 117232557786729 0.02
o 117108938280093 0.02
o 116944099613884 0.02
o 116842202767966 0.02
o 116712275336360 0.02
o 116558412747276 0.02
o 116380863373518 0.02
o 116265420628540 0.02
o 116229253662714 0.02
o 116169866031814 0.02
o 116019206366186 0.02
o 115850506623055 0.02
o 115792551160591 0.02
o 115725752579671 0.02
o 115667625582930 0.02
o 115614434553557 0.02
o 115603814814723 0.02
o 115559128270273 0.02
o 115489083088391 0.02
o 115437335808112 0.02
o 115404118050432 0.02
o 115385913331547 0.02
o 115374304528995 0.02
o 115367354162131 0.02
o 115348650764183 0.02
o 115322867896066 0.02
o 115305631279497 0.02
o 115293264473010 0.03
o 115261546002767 0.03
o 115216872529668 0.03
o 115158041136150 0.03
o 115157724637892 0.03
o 115147880602146 0.05
o 115133778784729 0.05
o 115128414838028 92.13
o 115113723781373 92.13
o 115101316772288 92.13
o 115093892541660 92.13
o 115061547159681 92.13
o 115059352900700 92.13
o 115028668084007 92.13
o 115002474594044 92.13
o 114998230827140 92.13
o 114973447739874 92.13
o 114967335616016 92.13
o 114941632701051 92.13
o 114937820133868 92.13
o 114918930010729 92.13
o 114902693827753 92.13
o 114898103682877 92.13
o 114891484758058 92.13
o 114873461659089 92.13
generalized-ising-IS15_5.0.5.0.0.5_softer_periodic
o 117779824514587 0.02
o 117576110521291 0.02
o 117402321877588 0.02
o 117185581865107 0.02
o 117028117024653 0.02
o 116851990021038 0.02
o 116712483361960 0.02
o 116582876042460 0.02
o 116520014134419 0.02
o 116411395552446 0.02
o 116329391459191 0.02
o 116240416132848 0.02
o 116162273070229 0.02
o 116087317555457 0.02
o 115995558339601 0.02
o 115922009224334 0.02
o 115882966953574 0.02
o 115774954787527 0.02
o 115712050186877 0.02
o 115627438017466 0.02
o 115562924964558 0.02
o 115508141702585 0.02
o 115494958981710 0.02
o 115460839404667 0.02
o 115425198618971 0.02
o 115380406525646 0.02
o 115359283608288 0.02
o 115326708806249 0.02
o 115305876625419 0.02
o 115291365117980 0.02
o 115271240604868 0.02
o 115266012568250 0.02
o 115262690416158 0.02
o 115222637119182 0.02
o 115187801309530 0.02
o 115167161449210 0.02
o 115132541550586 0.02
o 115131858588099 93.77
o 115102308120979 93.77
o 115100111452857 93.77
o 115076678644265 93.77
o 115050835233238 93.77
o 115037698319342 93.77
o 115029525403878 93.77
o 115003026116615 93.77
o 114979351096950 93.77
o 114977819779229 93.77
o 114956758940343 93.77
o 114954080096280 93.77
o 114931120136206 93.77
o 114917902421702 93.77
o 114908816693288 93.77
o 114903798502541 93.77
o 114900618887110 93.77
generalized-ising-IS15_5.0.5.0.0.5_softer_periodic
o 120044523915923 0.03
o 119775405578297 0.03
o 119579131300434 0.03
o 119416174081867 0.03
o 119142795175147 0.03
o 118984297953461 0.03
o 118706343143122 0.03
o 118511475484400 0.03
o 118337028677220 0.03
o 118128222572118 0.03
o 117900403927037 0.03
o 117693567191519 0.03
o 117539753588986 0.03
o 117365854728563 0.03
o 117236045797092 0.03
o 117021912097425 0.03
o 116842579321335 0.03
o 116672119952024 0.03
o 116514996606082 0.03
o 116410651045701 0.03
o 116356159060995 0.03
o 116258091039171 0.03
o 116203740331535 0.03
o 116127479529227 0.03
o 116020527331685 0.03
o 115947912935688 0.03
o 115895580656599 0.03
o 115842028002617 0.03
o 115806458225933 0.03
o 115780958023208 0.03
o 115750878149061 0.03
o 115676712718500 0.03
o 115610871292662 0.03
o 115558345262820 0.03
o 115519349003602 0.03
o 115462027002093 0.03
o 115399099322065 0.03
o 115361223151849 0.03
o 115354694986449 0.03
o 115335057456992 0.03
o 115332377440596 0.03
o 115310906903564 0.03
o 115280906599744 0.03
o 115268378461058 0.03
o 115245983472506 0.03
o 115243445897683 0.03
o 115232744112577 0.03
o 115231967055153 0.04
o 115227339284092 0.04
o 115225128105501 0.04
o 115221759289377 0.04
o 115197884769976 0.04
o 115176493904331 0.04
o 115163333150986 90.41
o 115148016116110 90.41
o 115104420938550 90.41
o 115066842333349 90.41
o 115032113529954 90.41
o 115001626957353 90.41
o 114984330967740 90.41
o 114976020147658 90.41
o 114961807975993 90.41
o 114958957640661 90.41
o 114953067158351 90.41
o 114951048832349 90.41
o 114948682290799 90.41
o 114941272048979 90.41
o 114926123759652 90.41
o 114920545591923 90.41
o 114916288005029 90.41
o 114912324386512 90.41
o 114907277476445 90.41
o 114899910117816 90.41
generalized-ising-IS15_5.0.5.0.0.5_softer_periodic
o 117966696585365 0.02
o 117864223294820 0.02
o 117658990755381 0.02
o 117466165657512 0.02
o 117200577963082 0.02
o 117163875320275 0.02
o 116995942082196 0.02
o 116860833648301 0.02
o 116673663086846 0.02
o 116530400086570 0.02
o 116402692062746 0.02
o 116309655692861 0.02
o 116249940753709 0.02
o 116138403904513 0.02
o 116040567078132 0.02
o 115927318891467 0.02
o 115829028461319 0.02
o 115745688219623 0.02
o 115683407715009 0.02
o 115590723463082 0.02
o 115546535395920 0.02
o 115477654621560 0.02
o 115421080079866 0.02
o 115375306030261 0.02
o 115298932480100 0.02
o 115281213164851 0.02
o 115226298194105 0.02
o 115223894319804 0.02
o 115214682348332 0.02
o 115207774297894 0.03
o 115197497507941 0.03
o 115197481450363 0.03
o 115194585388030 0.04
o 115189744102644 0.06
o 115166172932879 94.14
o 115161780774663 94.14
o 115152939685097 94.14
o 115110779963143 94.14
o 115076087594482 94.14
o 115040797015013 94.14
o 115010988230709 94.14
o 115007283614243 94.14
o 114995955215697 94.14
o 114978937836898 94.14
o 114971719855915 94.14
o 114951897427592 94.14
o 114934440571672 94.14
o 114916029268615 94.14
o 114898349428070 94.14
generalized-ising-IS15_5.0.5.0.0.5_softer_periodic
o 119689561656995 0.02
o 119486781212739 0.02
o 119199737998879 0.02
o 119030335410291 0.02
o 118853883954717 0.02
o 118621913962976 0.02
o 118449628558900 0.02
o 118182605326732 0.02
o 117964130158945 0.02
o 117877172617090 0.02
o 117747253742485 0.02
o 117600375104707 0.02
o 117494403191619 0.02
o 117341924319475 0.02
o 117125965396290 0.02
o 116958297566769 0.02
o 116839750040021 0.02
o 116764323637364 0.02
o 116701956043828 0.02
o 116527503048704 0.02
o 116426296243361 0.02
o 116353557638189 0.02
o 116266008391534 0.02
o 116156151427543 0.02
o 116105891090181 0.02
o 116014459360972 0.02
o 115952279434921 0.02
o 115851257844095 0.02
o 115775464419763 0.02
o 115681464645645 0.02
o 115640764761536 0.02
o 115617935877196 0.02
o 115579037748277 0.02
o 115474155506345 0.02
o 115433035442953 0.02
o 115417930962189 0.02
o 115394354046098 0.02
o 115352973232779 0.02
o 115336793379968 0.02
o 115298404028610 0.02
o 115282735578083 0.02
o 115252216421419 0.02
o 115245127501324 0.02
o 115237141367175 0.02
o 115204211969514 0.02
o 115195027626434 0.02
o 115183436176994 0.02
o 115154080638001 0.02
o 115133113828820 89.87
o 115129070444608 89.87
o 115119474876177 89.87
o 115110357417276 89.87
o 115091144262038 89.87
o 115071013823599 89.87
o 115062076964453 89.87
o 115050456859688 89.87
o 115026489575261 89.87
o 114990966153499 89.87
o 114971895944396 89.87
o 114943176083259 89.87
o 114930617262786 89.87
o 114924078989876 89.87
o 114905786868050 89.87
o 114902215435655 89.87
o 114889069476193 89.87
generalized-ising-IS15_5.0.5.0.0.5_softer_periodic
o 118600989446112 0.02
o 118461370404588 0.02
o 118209132032825 0.02
o 118034180610717 0.02
o 117742480878425 0.02
o 117576103189537 0.02
o 117436559255035 0.02
o 117214634320075 0.02
o 117097201910248 0.02
o 117022120480569 0.02
o 116927723064669 0.02
o 116804232183085 0.02
o 116649394677847 0.02
o 116558230761393 0.02
o 116486102578918 0.02
o 116382298865523 0.02
o 116283024537064 0.02
o 116138323772518 0.02
o 116012854496187 0.02
o 115897999934319 0.02
o 115854411076001 0.02
o 115702253939757 0.02
o 115605179849531 0.02
o 115567384073635 0.02
o 115520063549841 0.02
o 115492421477032 0.02
o 115449148773902 0.02
o 115409783869289 0.02
o 115387692744982 0.02
o 115338489642962 0.02
o 115310555684143 0.02
o 115285521569297 0.02
o 115268997295302 0.02
o 115255452060854 0.02
o 115227039857039 0.02
o 115222661659563 0.04
o 115204695275645 0.04
o 115195374192993 0.04
o 115194616609919 0.04
o 115190912883422 0.04
o 115174232708784 93.38
o 115153330820768 93.38
o 115108252269805 93.38
o 115065965355157 93.38
o 115029517657626 93.38
o 115001595739588 93.38
o 114997204668882 93.38
o 114976650327077 93.38
o 114952608271141 93.38
o 114952060977192 93.38
o 114944671405336 93.38
o 114942347781619 93.38
o 114929931864636 93.38
o 114924169284061 93.38
o 114920373137951 93.38
