generalized-ising-IS12_5.0.5.0.0.5_softer_periodic
o 115165958521157 0.03
o 115078831380213 0.03
o 114887769461747 0.03
o 114763272099068 0.03
o 114633636043399 0.03
o 114545432044184 0.03
o 114443728454881 0.03
o 114402866186284 0.03
o 114343637673640 0.03
o 114312827163215 0.03
o 114192708140211 0.03
o 114123405321518 0.03
o 114098928729739 0.03
o 114015673709818 0.03
o 113960401989776 0.03
o 113921719331285 0.03
o 113891740166816 0.03
o 113872055996235 0.03
o 113858384878383 0.03
o 113857179536499 0.04
o 113844699816786 0.04
o 113810482462906 0.04
o 113747646784169 0.04
o 113742698300890 0.04
o 113715734180815 0.06
o 113701952382802 0.06
o 113690223430934 90.32
o 113675013437286 90.32
o 113672405935942 90.32
o 113623714967186 90.32
o 113579362049880 90.32
o 113554463808290 90.32
o 113547851434362 90.32
o 113515859212844 90.32
o 113515840817050 90.32
o 113508933892268 90.32
o 113506372524850 90.32
o 113466735081216 90.32
o 113439457242768 90.32
o 113409921415861 90.32
o 113406500642909 90.32
o 113358696796139 295.13
o 113301455519702 295.13
o 113265255588088 295.13
o 113241507846730 295.13
o 113197271417626 295.13
generalized-ising-IS12_5.0.5.0.0.5_softer_periodic
o 116751538464816 0.03
o 116550372580370 0.03
o 116369097336413 0.03
o 116183555006721 0.03
o 116041473023262 0.03
o 115901675286298 0.03
o 115776054094352 0.03
o 115661704468102 0.03
o 115465567978976 0.03
o 115276079150153 0.03
o 115199963776848 0.03
o 115053686559657 0.03
o 114932202417476 0.03
o 114802549185988 0.03
o 114716262378911 0.03
o 114606899831530 0.03
o 114584390006732 0.03
o 114476777155308 0.03
o 114425104381475 0.03
o 114343418703707 0.03
o 114276976820761 0.03
o 114239700646879 0.03
o 114198432269150 0.03
o 114161657732048 0.03
o 114079585407695 0.03
o 114059201337997 0.03
o 114028071275885 0.03
o 114014916132881 0.03
o 114003726556641 0.03
o 113979828512390 0.03
o 113960673448839 0.03
o 113952407085870 0.03
o 113944500230142 0.03
o 113914871287763 0.04
o 113890654224583 0.04
o 113886868895335 0.04
o 113817312710530 0.04
o 113813954247488 0.04
o 113802519379642 0.04
o 113795235522683 0.05
o 113774202471866 0.05
o 113747726578475 0.05
o 113734619946113 0.05
o 113718217205135 94.83
o 113711741455747 94.83
o 113686562880278 94.83
o 113683062349089 94.83
o 113668662557658 94.83
o 113663256261698 94.83
o 113657504531611 94.83
o 113643978259098 94.83
o 113603268059602 94.83
o 113571538604887 94.83
o 113540983831487 94.83
o 113511940716659 94.83
o 113502188108565 94.83
o 113492568845129 94.83
o 113465503319908 94.83
o 113424345582180 94.83
o 113419463789567 94.83
o 113411747887993 94.83
o 113407795576936 94.83
o 113394185423920 94.83
o 113389874548776 94.83
o 113316958070542 94.83
o 113298071165475 94.83
o 113283324132739 94.83
generalized-ising-IS12_5.0.5.0.0.5_softer_periodic
o 115094284838814 0.02
o 115064234849756 0.02
o 115014935994744 0.02
o 114811238674259 0.02
o 114655331673100 0.02
o 114554830659037 0.02
o 114455341352974 0.02
o 114385922653899 0.02
o 114340217996238 0.02
o 114280075965509 0.02
o 114263319690855 0.02
o 114176140838685 0.02
o 114125584188863 0.02
o 114091791604887 0.02
o 114079440986269 0.02
o 114038952989249 0.02
o 114011977919547 0.02
o 113985786163826 0.02
o 113967994677371 0.02
o 113949717085652 0.02
o 113858559375523 0.02
o 113850703118135 0.02
o 113844964610929 0.02
o 113817325277203 0.02
o 113804950635651 0.02
o 113744348038632 86.92
o 113737835164886 86.92
o 113729327803288 86.92
o 113709558860298 86.92
o 113702997261363 86.92
o 113661806528782 86.92
o 113616338308338 86.92
o 113572694776543 86.92
o 113538453842924 86.92
o 113504616783014 86.92
o 113504532325150 86.92
o 113482831532115 86.92
o 113458408798581 86.92
o 113445785253410 86.92
o 113414157989390 86.93
o 113409776950115 86.93
o 113389902624316 86.93
o 113366775804974 86.93
o 113350421221091 287.11
o 113349247854423 287.11
o 113343959644400 287.11
generalized-ising-IS12_5.0.5.0.0.5_softer_periodic
o 115350982759488 0.02
o 115267750338318 0.02
o 115129701125954 0.02
o 115014647389580 0.02
o 114886751979279 0.02
o 114863792736080 0.02
o 114747961090551 0.02
o 114618587759103 0.02
o 114573340629206 0.02
o 114534377331066 0.02
o 114421418550695 0.02
o 114317255725959 0.02
o 114239664408930 0.02
o 114176236287747 0.02
o 114104479538519 0.02
o 114082210718221 0.02
o 114073695893695 0.02
o 114018640297879 0.02
o 114017732258272 0.02
o 113963134367682 0.02
o 113926890348073 0.02
o 113918298264080 0.02
o 113912362838062 0.02
o 113886111541075 0.03
o 113884203468524 0.03
o 113857443494694 0.03
o 113846648271676 0.04
o 113837087742942 0.04
o 113802371324360 0.04
o 113773930281874 0.05
o 113768505570562 0.05
o 113758509431787 0.05
o 113752313482239 0.05
o 113715102131339 85.88
o 113676306429841 85.88
o 113636198125984 85.88
o 113633677476905 85.88
o 113618569685788 85.88
o 113589715429246 85.88
o 113569228860514 85.88
o 113569016247034 85.88
o 113536655501457 85.88
o 113509036910471 85.88
o 113494928311470 85.88
o 113489559551004 85.88
o 113461397784014 85.88
o 113443882435525 85.88
o 113415958448879 85.88
o 113407339354364 85.88
o 113392945955409 85.88
o 113384314079574 85.88
o 113379520078560 85.88
o 113378021651242 85.88
o 113358273384767 85.88
o 113352626280730 186.99
o 113335286370488 186.99
o 113322819857999 186.99
o 113315607576469 186.99
o 113303451308893 186.99
generalized-ising-IS12_5.0.5.0.0.5_softer_periodic
o 116421616335570 0.02
o 116227499915081 0.02
o 116035272321100 0.02
o 115818212973596 0.02
o 115714472313983 0.02
o 115588649981832 0.02
o 115524167167636 0.02
o 115371489937854 0.02
o 115221044974170 0.02
o 115122857703997 0.02
o 114912557786729 0.02
o 114828938280093 0.02
o 114704099613884 0.02
o 114642202767966 0.02
o 114552275336360 0.02
o 114438412747276 0.02
o 114300863373518 0.02
o 114225420628540 0.02
o 114209866031814 0.02
o 114099206366186 0.02
o 113970506623055 0.02
o 113952551160591 0.02
o 113925752579671 0.02
o 113907625582930 0.02
o 113881827518398 0.03
o 113878127522501 0.04
o 113858201429063 0.04
o 113813778784729 0.05
o 113777672356010 88.3
o 113728941215089 88.3
o 113709439384410 88.3
o 113698809485464 88.3
o 113654235024273 88.3
o 113626949574614 88.3
o 113623158408159 88.3
o 113611287292753 88.3
o 113601033704505 88.3
o 113597763772520 88.3
o 113567533593199 88.3
o 113550900211994 88.3
o 113548064269449 88.3
o 113519227003637 88.3
o 113494486864048 88.3
o 113466691273602 88.3
o 113440698512829 88.3
o 113440121299677 88.3
o 113411109118238 88.3
o 113389261105561 88.3
o 113379758512804 88.3
o 113368305569597 88.3
o 113367457395624 88.3
o 113361030443564 88.3
o 113361009997566 187.08
o 113343736856799 187.08
o 113328324285216 187.08
o 113280076989093 187.08
o 113260537450410 187.08
o 113244562961225 187.08
generalized-ising-IS12_5.0.5.0.0.5_softer_periodic
o 115419824514587 0.02
o 115256110521291 0.02
o 115122321877588 0.02
o 114945581865107 0.02
o 114828117024653 0.02
o 114691990021038 0.02
o 114592483361960 0.02
o 114502876042460 0.02
o 114480014134419 0.02
o 114411395552446 0.02
o 114369391459191 0.02
o 114320416132848 0.02
o 114282273070229 0.02
o 114247317555457 0.02
o 114195558339601 0.02
o 114162009224334 0.02
o 114094954787527 0.02
o 114072050186877 0.02
o 114027438017466 0.02
o 114002924964558 0.02
o 113988141702585 0.02
o 113942573301985 0.02
o 113917750893437 0.02
o 113887847765199 0.02
o 113879228424738 0.02
o 113862690416158 0.02
o 113862637119182 0.02
o 113832382414868 0.03
o 113764817431065 0.05
o 113731467597814 0.05
o 113694619260872 0.05
o 113670232138309 84.82
o 113664140806246 84.82
o 113657433364627 84.82
o 113639678203837 84.82
o 113637224890340 84.82
o 113635747477260 84.82
o 113610995525637 84.82
o 113569883201991 84.82
o 113568918696349 84.82
o 113559506391004 84.82
o 113531114807541 84.82
o 113518146532765 84.82
o 113497688317216 84.82
o 113482959638282 84.82
o 113471758214521 84.82
o 113429955318980 84.82
o 113425090558707 283.05
o 113423113547330 283.05
o 113381138106616 283.05
generalized-ising-IS12_5.0.5.0.0.5_softer_periodic
o 117124523915923 0.02
o 116895405578297 0.02
o 116739131300434 0.02
o 116616174081867 0.02
o 116382795175147 0.02
o 116264297953461 0.02
o 116026343143122 0.02
o 115871475484400 0.02
o 115737028677220 0.02
o 115568222572118 0.02
o 115380403927037 0.02
o 115213567191519 0.02
o 115099753588986 0.02
o 114965854728563 0.02
o 114876045797092 0.02
o 114701912097425 0.02
o 114562579321335 0.02
o 114432119952024 0.02
o 114314996606082 0.02
o 114250651045701 0.02
o 114236159060995 0.02
o 114178091039171 0.02
o 114163740331535 0.02
o 114127479529227 0.02
o 114060527331685 0.02
o 114027912935688 0.02
o 114015580656599 0.02
o 114002028002617 0.02
o 113996712718500 0.02
o 113982027002093 0.02
o 113959099322065 0.02
o 113958433536747 0.03
o 113945567185186 0.03
o 113937190966449 0.03
o 113934770731385 0.04
o 113892935516560 0.04
o 113879800692728 0.04
o 113851309437744 0.04
o 113810475979310 0.04
o 113803327212692 0.04
o 113767602154812 84.99
o 113742803532765 84.99
o 113703422223412 84.99
o 113670425569607 84.99
o 113661329198440 84.99
o 113630921420312 84.99
o 113598389340474 84.99
o 113587568416323 84.99
o 113576888881458 84.99
o 113574143801983 84.99
o 113547146412734 84.99
o 113521102640591 84.99
o 113497254624800 84.99
o 113494826113422 84.99
o 113468020165926 84.99
o 113451264016278 84.99
o 113448970140947 84.99
o 113436121328059 84.99
o 113434120758219 84.99
o 113424948938096 84.99
o 113421568188969 85
o 113413872116771 181.77
o 113401613396047 181.77
o 113395206826163 181.77
o 113389984657713 181.77
o 113387799174240 181.77
o 113370258050386 181.77
o 113360210457448 280.83
generalized-ising-IS12_5.0.5.0.0.5_softer_periodic
o 115606696585365 0.02
o 115544223294820 0.02
o 115378990755381 0.02
o 115226165657512 0.02
o 115000577963082 0.02
o 114875942082196 0.02
o 114780833648301 0.02
o 114633663086846 0.02
o 114530400086570 0.02
o 114442692062746 0.02
o 114389655692861 0.02
o 114369940753709 0.02
o 114298403904513 0.02
o 114240567078132 0.02
o 114167318891467 0.02
o 114109028461319 0.02
o 114065688219623 0.02
o 114043407715009 0.02
o 113990723463082 0.02
o 113986535395920 0.02
o 113957654621560 0.02
o 113941080079866 0.02
o 113935306030261 0.02
o 113898932480100 0.02
o 113836144952807 0.04
o 113821258208258 0.04
o 113820221864409 0.06
o 113770727932821 90.17
o 113717416997079 90.17
o 113668474842313 90.17
o 113621795742425 90.17
o 113614694329122 90.17
o 113609588850563 90.17
o 113577630166913 90.17
o 113561157666033 90.17
o 113557828188122 90.17
o 113544472055862 90.17
o 113524725591957 90.17
o 113497017065021 90.17
o 113493050260145 90.17
o 113476999971062 90.17
o 113461466968718 90.17
o 113443400638299 90.17
o 113435588545130 90.17
o 113430932701047 90.17
o 113406356391290 90.17
o 113399085690019 90.17
o 113393302027724 90.17
o 113366610215758 90.17
o 113318219206896 90.17
o 113316273196868 90.17
o 113263455863787 90.17
o 113255814999276 90.17
o 113255637197132 90.17
generalized-ising-IS12_5.0.5.0.0.5_softer_periodic
o 116809561656995 0.02
o 116646781212739 0.02
o 116399737998879 0.02
o 116270335410291 0.02
o 116133883954717 0.02
o 115941913962976 0.02
o 115809628558900 0.02
o 115582605326732 0.02
o 115404130158945 0.02
o 115357172617090 0.02
o 115267253742485 0.02
o 115160375104707 0.02
o 115094403191619 0.02
o 114981924319475 0.02
o 114805965396290 0.02
o 114678297566769 0.02
o 114599750040021 0.02
o 114564323637364 0.02
o 114541956043828 0.02
o 114407503048704 0.02
o 114346296243361 0.02
o 114313557638189 0.02
o 114266008391534 0.02
o 114196151427543 0.02
o 114185891090181 0.02
o 114134459360972 0.02
o 114112279434921 0.02
o 114051257844095 0.02
o 114015464419763 0.02
o 113961464645645 0.02
o 113960764761536 0.02
o 113914155506345 0.02
o 113913035442953 0.02
o 113867814195318 0.02
o 113867335821455 0.04
o 113818376567862 0.04
o 113809756707928 0.06
o 113793721687005 0.06
o 113786133223630 86.35
o 113761804318107 86.35
o 113716645439615 86.35
o 113699366864442 86.35
o 113671609512931 86.35
o 113636988756669 86.35
o 113633540781108 86.35
o 113612189525974 86.35
o 113571127934118 86.35
o 113564620332394 86.35
o 113532312408617 86.35
o 113494875607747 86.35
o 113481491189921 86.35
o 113474957268548 86.35
o 113469591614698 86.36
o 113468303935966 86.36
o 113466567184132 86.36
o 113443343526657 86.36
o 113436437947773 183.32
o 113427284043389 282.53
o 113398670690817 282.53
o 113385241106838 282.53
generalized-ising-IS12_5.0.5.0.0.5_softer_periodic
o 116120989446112 0.02
o 116021370404588 0.02
o 115809132032825 0.02
o 115674180610717 0.02
o 115422480878425 0.02
o 115296103189537 0.02
o 115196559255035 0.02
o 115014634320075 0.02
o 114937201910248 0.02
o 114902120480569 0.02
o 114847723064669 0.02
o 114764232183085 0.02
o 114649394677847 0.02
o 114598230761393 0.02
o 114566102578918 0.02
o 114502298865523 0.02
o 114443024537064 0.02
o 114338323772518 0.02
o 114252854496187 0.02
o 114177999934319 0.02
o 114174411076001 0.02
o 114062253939757 0.02
o 114005179849531 0.02
o 113997139521522 0.03
o 113923495387518 0.03
o 113915343810902 0.03
o 113909698032461 0.03
o 113892056344478 0.03
o 113872452869746 0.04
o 113853692822345 0.04
o 113825128765930 0.05
o 113811255187481 84.41
o 113775113843109 84.41
o 113737046642027 84.41
o 113712755520392 84.41
o 113692537609900 84.41
o 113651449728477 84.41
o 113649253981985 84.41
o 113612161651642 84.41
o 113610727001539 84.41
o 113574351118909 84.41
o 113561271840598 84.41
o 113540686768730 84.41
o 113497923213476 84.41
o 113485644339452 84.41
o 113482515763581 84.41
o 113479884511582 84.41
o 113452789109069 84.41
o 113447884387524 84.41
o 113420558938606 84.41
o 113411933933223 84.41
o 113392303963054 179.51
o 113385092860771 179.51
o 113303060126632 179.51
o 113300291392631 179.51
o 113233322367549 179.51
o 113185683703639 179.51
