MinimumWeightDominatingSetProblem-web-wikipedia2009
o 36530121 14.92
MinimumWeightDominatingSetProblem-web-wikipedia2009
o 36530979 13.09
o 36530876 13.1
o 36530829 13.1
MinimumWeightDominatingSetProblem-web-wikipedia2009
o 36534270 11.29
o 36534187 11.3
MinimumWeightDominatingSetProblem-web-wikipedia2009
o 36449057 10.52
o 36449056 10.53
o 36448975 10.53
o 36448952 10.53
o 36448842 10.54
o 36448789 10.54
o 36448769 10.54
o 36448708 10.54
o 36448693 10.54
o 36448623 10.54
o 36448565 10.54
o 36448469 10.54
o 36448283 10.54
o 36448173 10.54
o 36448165 10.54
o 36448129 10.54
MinimumWeightDominatingSetProblem-web-wikipedia2009
o 36417717 12.62
MinimumWeightDominatingSetProblem-web-wikipedia2009
o 36404108 14.11
o 36404028 14.12
MinimumWeightDominatingSetProblem-web-wikipedia2009
o 36492771 10.59
o 36492687 10.6
MinimumWeightDominatingSetProblem-web-wikipedia2009
o 36337039 15.76
MinimumWeightDominatingSetProblem-web-wikipedia2009
o 36523252 9.97
MinimumWeightDominatingSetProblem-web-wikipedia2009
o 36530519 16.26
