MinimumWeightDominatingSetProblem-rgg_n_2_24_s0
o 54514898 154.05
MinimumWeightDominatingSetProblem-rgg_n_2_24_s0
o 54589006 164.51
MinimumWeightDominatingSetProblem-rgg_n_2_24_s0
o 54557733 135.12
MinimumWeightDominatingSetProblem-rgg_n_2_24_s0
o 54588233 136.25
MinimumWeightDominatingSetProblem-rgg_n_2_24_s0
o 54541316 160.39
MinimumWeightDominatingSetProblem-rgg_n_2_24_s0
o 54582769 159.63
MinimumWeightDominatingSetProblem-rgg_n_2_24_s0
o 54533241 127.46
MinimumWeightDominatingSetProblem-rgg_n_2_24_s0
o 54572820 169.58
MinimumWeightDominatingSetProblem-rgg_n_2_24_s0
o 54549632 134.48
MinimumWeightDominatingSetProblem-rgg_n_2_24_s0
o 54551564 147.34
