ParametricRBACMaintenance_mse20-role_smallcomp_multiple_0.9_6
o 449750 0
o 449077 0
o 448871 0
o 448198 0
o 403853 0
o 403180 0
o 377322 0
o 376649 0
o 375976 0
o 375303 0
o 374630 0
o 373957 0
o 371938 0.01
o 371265 0.01
o 370592 0.01
o 370489 0.01
o 369246 0.01
o 367694 0.01
o 335106 0.01
o 334536 0.01
o 333863 0.01
o 332517 0.01
o 328685 0.02
o 328115 0.1
o 307902 0.18
o 307229 0.18
o 296200 0.21
o 295836 1.83
o 295163 1.83
o 289003 5.18
o 287657 5.18
o 286153 5.2
o 285947 5.21
o 285377 5.21
o 285274 5.21
o 284807 5.25
o 284134 5.35
o 283097 5.43
o 282891 15.32
o 282527 50.7
o 282424 154.1
ParametricRBACMaintenance_mse20-role_smallcomp_multiple_0.9_6
o 452339 0
o 442711 0
o 442038 0
o 441365 0
o 440692 0
o 440019 0
o 439346 0
o 414264 0
o 413591 0
o 412918 0
o 412245 0
o 411572 0
o 382452 0
o 379760 0
o 379087 0
o 377741 0
o 377068 0
o 376395 0
o 375722 0
o 368264 0.01
o 367591 0.01
o 367021 0.01
o 366918 0.01
o 337956 0.01
o 337283 0.01
o 336610 0.01
o 333602 0.01
o 302463 0.07
o 296509 0.16
o 295994 2.09
o 295321 2.09
o 288900 5.39
o 287190 5.39
o 285844 5.39
o 285480 5.39
o 285013 5.42
o 284910 5.42
o 284237 5.42
o 283564 5.42
o 283097 12.18
o 282891 51.81
o 282630 64.69
o 282424 112.67
ParametricRBACMaintenance_mse20-role_smallcomp_multiple_0.9_6
o 415301 0
o 414628 0
o 413955 0
o 413282 0
o 412609 0
o 411936 0
o 411263 0
o 410590 0
o 409917 0
o 409244 0
o 337331 0
o 336658 0
o 335985 0
o 335312 0
o 332826 0
o 331741 0.01
o 297910 0.01
o 297237 0.01
o 296667 0.01
o 286984 3.27
o 286620 3.28
o 286153 3.31
o 285480 3.33
o 285377 3.33
o 285171 3.33
o 284546 3.39
o 284443 3.47
o 283770 3.47
o 283200 6.61
o 283097 6.63
o 282994 9.72
o 282891 76.96
o 282836 76.97
o 282527 89.93
o 282321 138.73
ParametricRBACMaintenance_mse20-role_smallcomp_multiple_0.9_6
o 415143 0
o 385975 0.01
o 379293 0.02
o 369349 0.02
o 363601 0.02
o 339089 0.03
o 338416 0.03
o 337276 0.03
o 335676 0.05
o 334845 0.05
o 334172 0.06
o 333499 0.06
o 332826 0.06
o 331219 0.07
o 330546 0.07
o 329873 0.07
o 302827 0.08
o 298528 0.13
o 298425 0.13
o 295994 0.86
o 295527 1.87
o 294854 1.87
o 287863 5.18
o 287760 5.19
o 287499 5.19
o 285947 5.2
o 285844 5.2
o 284807 5.21
o 284704 5.24
o 284340 5.25
o 284237 5.36
o 284182 5.37
o 284079 5.37
o 284031 5.48
o 283770 8.63
o 283667 8.82
o 283564 8.87
o 283097 11.94
o 282527 66.87
o 282424 105.79
o 282321 210.77
ParametricRBACMaintenance_mse20-role_smallcomp_multiple_0.9_6
o 551552 0
o 519067 0
o 516375 0
o 516066 0
o 515393 0
o 514720 0
o 514047 0
o 513374 0
o 512701 0
o 512028 0
o 511355 0
o 510682 0
o 474777 0
o 405460 0
o 405199 0.01
o 404629 0.01
o 404526 0.01
o 403853 0.01
o 403180 0.01
o 400694 0.01
o 400591 0.01
o 399918 0.01
o 399245 0.01
o 398572 0.01
o 397899 0.01
o 364741 0.01
o 336143 0.03
o 305107 0.03
o 304434 0.03
o 302518 0.08
o 301845 0.08
o 301742 0.09
o 301639 0.16
o 300966 0.16
o 299620 0.16
o 298947 0.16
o 298274 0.16
o 298219 0.93
o 297546 0.93
o 297443 0.93
o 296770 1.43
o 296564 2.64
o 296461 2.64
o 295939 2.73
o 295733 3.27
o 295527 3.27
o 294854 3.27
o 294181 3.27
o 293508 3.27
o 290349 6.6
o 285947 6.6
o 285844 6.6
o 285480 6.62
o 285377 6.64
o 284443 6.64
o 284340 6.66
o 283303 6.83
o 282994 10.19
o 282266 31.33
o 281854 194.95
ParametricRBACMaintenance_mse20-role_smallcomp_multiple_0.9_6
o 519637 0.01
o 446591 0.01
o 418611 0.01
o 417265 0.01
o 416592 0.01
o 413900 0.01
o 413227 0.01
o 412554 0.01
o 411881 0.01
o 411208 0.01
o 410535 0.01
o 402198 0.02
o 401525 0.02
o 374733 0.02
o 374060 0.02
o 373387 0.02
o 372041 0.02
o 371368 0.02
o 371162 0.02
o 338004 0.02
o 331583 0.02
o 331329 0.09
o 331226 0.09
o 331171 0.11
o 330498 0.11
o 306817 0.13
o 298995 0.2
o 298322 0.2
o 298219 0.24
o 295527 0.24
o 295163 0.29
o 285013 3.63
o 283873 3.66
o 283770 3.68
o 282891 3.71
o 282836 29.78
o 282733 94.09
o 282630 106.78
o 282321 139.74
ParametricRBACMaintenance_mse20-role_smallcomp_multiple_0.9_6
o 416489 0
o 378620 0
o 370956 0.01
o 369816 0.01
o 369143 0.01
o 368470 0.01
o 367797 0.01
o 363965 0.01
o 340854 0.01
o 338004 0.02
o 337331 0.02
o 336658 0.02
o 335985 0.02
o 335882 0.02
o 335209 0.02
o 334433 0.02
o 333087 0.02
o 332414 0.02
o 300554 0.02
o 299881 0.02
o 299723 0.07
o 299050 0.07
o 296873 0.59
o 296200 0.59
o 295891 3.41
o 291180 6.67
o 290610 6.67
o 290040 6.67
o 289470 6.68
o 285013 6.68
o 284807 6.68
o 284340 6.7
o 284237 6.87
o 283667 6.95
o 282994 6.95
o 282630 39.49
o 282527 120.68
o 282163 249.26
o 282060 249.26
ParametricRBACMaintenance_mse20-role_smallcomp_multiple_0.9_6
o 411208 0
o 377377 0
o 367385 0.01
o 333554 0.01
o 309612 0.02
o 309042 0.02
o 305210 0.05
o 304537 0.05
o 303967 0.09
o 303294 0.09
o 301948 0.09
o 297340 0.39
o 296873 0.41
o 287863 3.73
o 287760 3.74
o 287657 3.74
o 286517 3.74
o 285844 3.75
o 285686 3.75
o 285480 3.75
o 283667 3.77
o 283406 3.77
o 283097 10.37
o 282424 19.89
o 282321 19.89
ParametricRBACMaintenance_mse20-role_smallcomp_multiple_0.9_6
o 445348 0
o 444675 0
o 444002 0
o 443329 0
o 442656 0
o 441983 0
o 441310 0
o 440637 0
o 439964 0
o 439291 0
o 438618 0
o 438357 0
o 437684 0
o 437011 0
o 407582 0
o 401834 0.01
o 370077 0.01
o 369404 0.01
o 369349 0.01
o 369246 0.01
o 335415 0.01
o 334742 0.02
o 330910 0.03
o 330601 0.1
o 329152 0.1
o 299153 0.13
o 298480 0.13
o 297807 0.13
o 297134 0.13
o 296873 0.58
o 296200 0.58
o 295527 0.58
o 294854 0.58
o 286359 3.87
o 286050 3.87
o 285583 3.89
o 284601 3.89
o 283564 3.93
o 283097 3.93
o 282994 35.91
o 282321 74.95
o 281957 87.95
ParametricRBACMaintenance_mse20-role_smallcomp_multiple_0.9_6
o 481768 0
o 479076 0
o 478403 0
o 477730 0
o 477057 0
o 476384 0
o 475711 0
o 475038 0
o 473692 0
o 473589 0
o 472243 0
o 449180 0
o 448507 0
o 447161 0
o 445815 0
o 443123 0
o 442814 0.01
o 442141 0.01
o 442038 0.01
o 441365 0.01
o 440898 0.01
o 407843 0.01
o 377274 0.01
o 376601 0.01
o 375928 0.01
o 375255 0.01
o 374582 0.01
o 370750 0.01
o 370022 0.01
o 369349 0.01
o 368676 0.01
o 368003 0.01
o 367330 0.01
o 341369 0.01
o 340696 0.01
o 338059 0.04
o 337386 0.04
o 336040 0.04
o 301378 0.09
o 300396 0.71
o 299256 0.83
o 298583 0.83
o 298116 0.92
o 297807 0.92
o 297285 3.83
o 296612 3.83
o 295939 3.83
o 295266 3.83
o 289985 7.16
o 286256 7.17
o 285947 7.17
o 285377 7.19
o 284910 7.23
o 284340 7.24
o 284237 7.24
o 283873 7.29
o 283770 7.44
o 283564 7.44
o 282939 7.49
o 282527 20.78
o 282424 33.25
o 282321 39.96
