ramsey-ram_k3_n14.ra1
o 20259 0
o 18583 0
o 18420 0
o 18416 0
o 16245 0
o 15453 0
o 14343 0
o 13203 0
o 13196 0
o 12554 0
o 12365 0
o 12276 0
o 12100 0
o 11895 0
o 10993 0
o 10725 0
o 10465 0
o 10365 0
o 9994 0
o 9893 0
o 9191 0
o 8375 0
o 7408 0.05
o 7145 0.05
o 6909 0.05
o 6598 0.06
o 6498 0.22
o 6489 0.33
o 6374 0.33
o 6237 1.14
o 6095 2.66
o 5911 5.8
o 5620 10
o 5613 16.81
o 5499 16.81
o 5362 16.81
o 5250 16.81
o 5162 16.81
o 5114 16.81
o 5061 16.81
o 4714 16.81
o 4573 16.81
o 4562 16.81
o 4458 16.81
o 4428 16.81
o 4379 16.81
o 4341 16.81
o 4042 16.81
o 3588 16.81
o 3513 16.81
o 3462 25.79
o 3430 32.62
o 3301 35.21
o 3204 53.74
ramsey-ram_k3_n14.ra1
o 22135 0
o 20812 0
o 20770 0
o 19586 0
o 19324 0
o 19297 0
o 17532 0
o 17337 0
o 14841 0
o 14052 0
o 13111 0
o 12933 0
o 12833 0
o 12506 0
o 11777 0
o 11428 0
o 11035 0
o 10953 0
o 10759 0
o 10202 0
o 10167 0
o 9861 0
o 9776 0
o 9687 0.01
o 9645 0.01
o 8840 0.01
o 8303 0.01
o 8068 0.03
o 7893 0.05
o 7740 0.05
o 7154 0.05
o 6563 0.05
o 6443 0.05
o 6287 0.24
o 6107 0.95
o 5662 2.94
o 5452 5.16
o 5427 5.16
o 5084 5.16
o 4990 12.16
o 4868 12.16
o 4830 12.16
o 4748 12.16
o 4665 12.16
o 4631 12.16
o 4578 12.16
o 4445 12.16
o 4287 12.16
o 4255 12.16
o 4119 12.16
o 3756 12.16
o 3664 12.16
o 3605 12.16
o 3567 12.16
o 3204 12.16
ramsey-ram_k3_n14.ra1
o 29330 0
o 28185 0
o 24091 0
o 22472 0
o 21894 0
o 19648 0
o 18793 0
o 18497 0
o 17604 0
o 17065 0
o 15127 0
o 14364 0
o 13895 0
o 12081 0
o 11437 0
o 11400 0
o 10853 0
o 9614 0
o 8990 0
o 8900 0
o 8243 0.03
o 8166 0.03
o 8131 0.03
o 8103 0.03
o 7980 0.04
o 7577 0.04
o 7533 0.04
o 7402 0.04
o 7235 0.08
o 7022 0.08
o 6699 0.16
o 6680 0.16
o 5950 0.16
o 5616 4.68
o 5324 4.68
o 5270 4.68
o 5037 11.57
o 4940 11.57
o 4852 11.57
o 4845 11.57
o 4837 11.57
o 4804 11.57
o 4604 11.57
o 4565 11.57
o 4556 11.57
o 4316 11.57
o 4135 11.57
o 4007 11.57
o 3995 11.86
o 3765 11.86
o 3582 12.67
o 3462 17.63
o 3301 22.66
o 3230 43.4
o 3204 194.24
ramsey-ram_k3_n14.ra1
o 22572 0
o 17872 0
o 15484 0
o 14382 0
o 13902 0
o 12485 0
o 10739 0
o 10060 0
o 9468 0
o 9092 0.01
o 8871 0.01
o 8582 0.04
o 8431 0.04
o 8114 0.04
o 8038 0.05
o 7331 0.05
o 7014 0.12
o 6870 0.12
o 6686 0.53
o 6179 0.53
o 6076 2.34
o 5952 3.95
o 5898 5.61
o 5802 6.9
o 5574 13.88
o 5092 13.88
o 4846 13.88
o 4602 13.88
o 4531 13.88
o 4487 13.88
o 4450 13.88
o 4325 13.88
o 4185 13.88
o 4058 13.88
o 3976 13.88
o 3933 13.88
o 3719 13.88
o 3260 13.88
o 3204 112.52
ramsey-ram_k3_n14.ra1
o 26789 0
o 24452 0
o 21650 0
o 18149 0
o 16631 0
o 15329 0
o 14171 0
o 13694 0
o 13531 0
o 13099 0
o 12924 0
o 12234 0
o 11837 0
o 11754 0
o 11675 0
o 10850 0
o 10014 0
o 9369 0
o 7939 0.01
o 7073 0.01
o 7044 0.08
o 7028 0.08
o 7009 0.08
o 6941 0.12
o 6596 0.12
o 6486 0.12
o 6145 0.12
o 5759 0.12
o 5672 0.64
o 5670 5.06
o 5158 6.71
o 5058 13.54
o 4748 13.54
o 4723 13.54
o 4369 13.54
o 4351 13.54
o 4313 13.54
o 4262 13.54
o 4173 13.54
o 3991 13.54
o 3990 13.54
o 3978 13.83
o 3963 13.98
o 3959 13.98
o 3671 14.03
o 3484 14.03
o 3439 14.03
o 3301 14.32
o 3204 95.94
ramsey-ram_k3_n14.ra1
o 15865 0
o 14375 0
o 14115 0
o 13285 0
o 12550 0
o 12016 0
o 11899 0
o 11739 0
o 11178 0
o 10739 0
o 10684 0
o 10456 0
o 10435 0
o 10001 0
o 9669 0
o 9245 0
o 8678 0.02
o 7064 0.04
o 6904 0.04
o 6766 0.18
o 6186 0.18
o 6146 4.27
o 5549 4.27
o 5428 8.58
o 5134 12.11
o 5094 18.95
o 4904 18.95
o 4512 18.95
o 4312 18.95
o 4184 18.95
o 4043 18.95
o 3969 18.95
o 3923 18.95
o 3795 18.95
o 3777 19.3
o 3703 19.3
o 3410 23.3
o 3306 23.3
o 3301 26.62
o 3230 33
o 3204 84.03
ramsey-ram_k3_n14.ra1
o 26195 0
o 24364 0
o 20877 0
o 18072 0
o 15618 0
o 15411 0
o 14935 0
o 14886 0
o 14538 0
o 14059 0
o 13580 0
o 11635 0
o 11520 0
o 10984 0
o 10892 0
o 10541 0
o 10412 0
o 10361 0
o 10004 0
o 9932 0
o 9886 0
o 9552 0
o 9418 0
o 9246 0
o 9087 0
o 9008 0
o 8718 0
o 8387 0.04
o 8351 0.04
o 8283 0.05
o 8177 0.05
o 7453 0.05
o 7420 0.06
o 7178 0.06
o 7152 0.08
o 7093 0.17
o 6792 0.28
o 6662 0.83
o 6484 1.05
o 6245 1.05
o 6185 1.24
o 6172 1.8
o 6110 1.83
o 5957 5.76
o 5886 5.76
o 5779 10.93
o 4611 10.93
o 4543 17.72
o 4447 17.72
o 4279 17.72
o 4255 17.72
o 4246 17.72
o 4201 17.72
o 4011 17.72
o 3720 18.52
o 3389 18.52
o 3301 18.88
o 3204 44.8
ramsey-ram_k3_n14.ra1
o 22059 0
o 21816 0
o 21354 0
o 19714 0
o 19226 0
o 18967 0
o 18935 0
o 18079 0
o 16256 0
o 13624 0
o 13187 0
o 13093 0
o 13074 0
o 12622 0
o 12402 0
o 12140 0
o 12050 0
o 11903 0
o 10919 0
o 10157 0
o 10086 0
o 9169 0
o 9164 0.01
o 7937 0.02
o 7886 0.04
o 7472 0.07
o 7260 0.07
o 6881 0.07
o 6311 0.21
o 6264 0.81
o 6162 1.63
o 5772 1.63
o 5518 4.58
o 5328 11.44
o 5248 11.44
o 5077 11.44
o 4711 11.44
o 4588 11.44
o 4491 11.44
o 4129 11.44
o 4055 11.44
o 3964 11.44
o 3865 11.44
o 3754 11.44
o 3683 11.44
o 3661 26.88
o 3556 27.13
o 3301 39.64
o 3204 66.84
ramsey-ram_k3_n14.ra1
o 21449 0
o 19845 0
o 18257 0
o 17528 0
o 16493 0
o 16366 0
o 16201 0
o 16036 0
o 15278 0
o 14593 0
o 13622 0
o 12810 0
o 12317 0
o 12131 0
o 11224 0
o 11140 0
o 10904 0
o 10502 0
o 10049 0
o 9562 0
o 9323 0.01
o 8379 0.01
o 8229 0.02
o 7978 0.02
o 7870 0.02
o 7707 0.02
o 7097 0.05
o 6803 0.05
o 6596 0.06
o 6329 0.14
o 6251 0.77
o 5919 1.08
o 5744 7.93
o 5446 7.93
o 5445 7.93
o 5121 7.93
o 4983 7.93
o 4930 7.93
o 4855 7.93
o 4835 7.93
o 4781 7.93
o 4701 7.93
o 4601 7.93
o 4199 7.93
o 3737 7.93
o 3389 8.21
o 3301 24.04
o 3204 24.04
ramsey-ram_k3_n14.ra1
o 18826 0
o 17368 0
o 16589 0
o 16458 0
o 16396 0
o 15756 0
o 14837 0
o 13734 0
o 13428 0
o 12628 0
o 12179 0
o 11649 0
o 10555 0
o 10236 0
o 10145 0
o 10130 0
o 9282 0
o 9227 0
o 8825 0
o 8687 0
o 8469 0.04
o 7367 0.04
o 7356 0.04
o 7276 0.05
o 7088 0.11
o 6908 0.11
o 6590 0.11
o 6522 0.18
o 6212 0.52
o 6036 1.81
o 5904 2.41
o 5634 3.19
o 5611 7.29
o 5594 13.36
o 5422 14.37
o 5044 21.25
o 4891 21.25
o 4826 21.25
o 4804 21.25
o 4769 21.25
o 4637 21.25
o 4599 21.25
o 4376 21.25
o 4201 21.25
o 3862 21.25
o 3692 21.25
o 3462 25.51
o 3441 27.73
o 3389 27.73
o 3301 40.66
o 3230 54.07
o 3204 122.33
