spot5-1401.wcsp.log
o 519103 0
o 517103 0
o 517102 0
o 504094 0
o 501100 0.01
o 501098 0.01
o 500098 0.01
o 498099 0.01
o 495101 0.01
o 495096 0.03
o 493097 0.03
o 491100 0.03
o 491099 0.03
o 490100 0.04
o 488100 0.04
o 487099 0.06
o 486097 0.07
o 485101 0.23
o 484100 0.29
o 483100 0.32
o 481100 0.32
o 480101 0.32
o 480100 7.78
o 480099 7.78
o 478099 7.78
o 476100 7.78
o 463108 21.28
o 461108 21.28
o 459110 21.28
o 459109 21.28
spot5-1401.wcsp.log
o 516111 0
o 514111 0
o 512111 0
o 512092 0.01
o 510092 0.01
o 507091 0.01
o 506092 0.01
o 505097 0.01
o 503099 0.01
o 502097 0.01
o 500097 0.01
o 499099 0.01
o 497100 0.01
o 496100 0.01
o 495100 0.01
o 494100 0.01
o 493094 0.02
o 493093 0.02
o 492093 0.02
o 492092 0.02
o 488102 0.04
o 486102 0.04
o 486100 0.14
o 485100 0.14
o 483100 0.14
o 482102 0.21
o 482101 1.19
o 481101 1.46
o 479101 1.46
o 478106 2.32
o 478098 13.1
o 477104 21.06
o 477101 26.85
o 464111 40.26
o 464110 40.26
o 464108 40.26
o 464107 40.26
o 463114 40.27
o 463112 40.27
o 463111 40.27
o 463107 40.51
o 462109 41.01
o 462107 55.45
o 460108 69.46
o 459108 113.12
spot5-1401.wcsp.log
o 526105 0
o 504096 0.01
o 503096 0.01
o 502096 0.01
o 500107 0.01
o 499110 0.01
o 498110 0.01
o 496110 0.01
o 494110 0.01
o 492110 0.01
o 491110 0.01
o 489102 0.01
o 489099 0.05
o 487099 0.05
o 486099 0.05
o 486098 0.14
o 486097 0.14
o 485104 0.39
o 484096 0.46
o 482103 1.09
o 481104 1.53
o 480102 2.66
o 480098 4.02
o 479104 11.21
o 479103 17.85
o 477101 21.54
o 471106 35.16
o 467107 35.16
o 465108 35.16
o 464110 35.16
o 464104 35.17
o 462104 35.17
o 461105 35.17
o 461104 35.17
spot5-1401.wcsp.log
o 528100 0.01
o 495099 0.02
o 493099 0.02
o 492102 0.02
o 491102 0.02
o 490102 0.02
o 489101 0.02
o 489100 0.02
o 488100 0.02
o 488099 0.07
o 487102 0.16
o 486100 0.16
o 485103 0.62
o 484098 0.64
o 481099 1.13
o 481098 1.56
o 480102 3.78
o 479102 3.78
o 479100 3.78
o 478104 13.28
o 477101 17.27
o 476104 18.05
o 476097 32.81
o 468109 49.24
o 468108 49.24
o 466107 49.25
o 466106 49.25
o 465108 49.4
o 464112 49.4
o 464110 49.4
o 464109 49.4
o 464107 49.4
o 463106 49.54
o 462109 49.61
o 462108 49.61
o 461109 64.48
o 461108 92.75
o 461107 94.97
o 460108 155.06
o 460107 155.06
spot5-1401.wcsp.log
o 526107 0
o 524107 0
o 522107 0
o 520107 0
o 520106 0
o 518106 0
o 516106 0
o 516105 0
o 508091 0.01
o 506091 0.01
o 504091 0.01
o 502093 0.01
o 500094 0.01
o 500093 0.01
o 500092 0.01
o 498094 0.01
o 496097 0.01
o 491099 0.01
o 491097 0.02
o 489097 0.02
o 488097 0.02
o 486100 0.03
o 484100 0.03
o 482100 0.03
o 481103 0.08
o 481102 0.08
o 479104 0.08
o 479103 0.22
o 479100 1.83
o 477103 3.77
o 465108 17.13
o 463108 17.13
o 462106 18.31
o 461110 32.32
o 461107 62.08
o 459108 62.08
o 459107 62.25
spot5-1401.wcsp.log
o 531102 0
o 531100 0
o 531098 0
o 530098 0
o 528098 0
o 526098 0
o 486097 0.01
o 484097 0.01
o 482097 0.01
o 482095 0.01
o 481105 0.06
o 479105 0.06
o 477105 0.06
o 476107 0.06
o 474107 0.06
o 467107 13.29
o 465110 13.29
o 464112 13.3
o 463112 13.3
o 463107 13.32
o 462108 15.2
o 461108 29.01
o 460112 58.1
o 460110 87.56
o 460108 159.16
spot5-1401.wcsp.log
o 520106 0
o 519106 0
o 505089 0.01
o 504089 0.01
o 502091 0.01
o 500091 0.01
o 498094 0.01
o 498093 0.01
o 497095 0.01
o 496100 0.01
o 494105 0.01
o 493105 0.01
o 491096 0.03
o 489096 0.03
o 486100 0.19
o 484100 0.19
o 483103 0.2
o 481103 0.2
o 480105 0.2
o 479105 0.2
o 479102 1.69
o 477102 1.69
o 461108 15.43
o 460112 31.82
o 459109 119.38
spot5-1401.wcsp.log
o 527110 0
o 525110 0
o 523110 0
o 521110 0
o 519110 0
o 517110 0
o 517109 0
o 517108 0
o 515093 0
o 511093 0
o 507093 0
o 505093 0
o 504094 0.01
o 496102 0.01
o 494102 0.01
o 492103 0.01
o 492102 0.01
o 486102 0.01
o 485101 0.06
o 483102 0.06
o 482099 0.71
o 480099 0.71
o 479101 0.71
o 477101 0.71
o 462109 14.81
o 462108 14.81
o 461113 15
o 461112 15
o 461111 15
o 461110 15
o 461109 15
o 461107 15
o 461106 15
o 459107 162.98
spot5-1401.wcsp.log
o 523110 0.01
o 523109 0.01
o 523108 0.01
o 521108 0.01
o 519108 0.01
o 513095 0.01
o 511095 0.01
o 509095 0.01
o 508094 0.01
o 508093 0.01
o 507094 0.01
o 505094 0.01
o 504094 0.01
o 502094 0.01
o 500094 0.01
o 499097 0.01
o 498097 0.01
o 496097 0.01
o 495099 0.01
o 493099 0.01
o 492101 0.01
o 492099 0.01
o 492098 0.03
o 491100 0.03
o 490100 0.03
o 490098 0.03
o 489098 0.04
o 487101 0.05
o 487100 0.14
o 487099 0.22
o 486102 0.29
o 484104 0.29
o 483103 0.56
o 483098 0.92
o 481098 1.18
o 481097 5.1
o 480101 10.75
o 479104 10.84
o 478102 14.45
o 478101 14.45
o 477101 24.19
o 475102 29.77
o 474102 29.77
o 463109 44.32
o 463108 44.73
o 463107 45.07
o 462111 45.68
o 462107 60.46
o 461110 60.71
o 461109 122.5
o 461103 122.87
o 460107 122.87
spot5-1401.wcsp.log
o 515107 0.01
o 514107 0.01
o 513107 0.01
o 511107 0.01
o 509107 0.01
o 507107 0.01
o 505107 0.01
o 505105 0.01
o 504105 0.01
o 495095 0.01
o 494097 0.01
o 493097 0.01
o 492101 0.04
o 491098 0.06
o 489098 0.06
o 488098 0.06
o 485098 0.07
o 484100 0.15
o 484098 0.15
o 483100 0.52
o 481100 0.82
o 480102 1.52
o 479108 1.52
o 479102 10.17
o 478107 17.2
o 478103 21.6
o 478101 28.49
o 466107 44.31
o 466106 44.41
o 464108 44.41
o 463111 44.83
o 463110 44.83
o 463109 44.83
o 462112 44.83
o 462106 45.71
o 461111 61.65
o 461110 61.65
o 461109 62.2
o 461108 81.52
o 461107 81.52
o 460109 96.55
o 459108 126.45
