spot5-1403.wcsp.log
o 523269 0
o 521269 0
o 519269 0
o 519268 0
o 519267 0
o 517267 0
o 517266 0
o 502242 0.01
o 500247 0.01
o 499251 0.01
o 497251 0.01
o 495251 0.01
o 495244 0.03
o 495243 0.03
o 493243 0.04
o 492254 0.05
o 491256 0.05
o 489257 0.05
o 489256 0.05
o 489255 0.05
o 489254 0.05
o 487254 0.05
o 486254 0.05
o 485251 0.12
o 483251 0.12
o 481251 0.12
o 481247 0.6
o 480251 0.86
o 478251 0.86
o 478250 13.63
o 477253 18.84
o 462262 33.38
o 460262 33.38
o 460261 33.39
o 460260 33.39
o 460258 33.39
o 460257 33.39
o 459259 166.65
spot5-1403.wcsp.log
o 523271 0.01
o 521271 0.01
o 521269 0.01
o 521268 0.01
o 519268 0.01
o 497250 0.01
o 497249 0.01
o 497248 0.01
o 496254 0.02
o 488251 0.02
o 488250 0.02
o 488249 0.02
o 487250 0.19
o 485250 0.19
o 484250 0.19
o 484249 0.48
o 483258 1.02
o 482259 1.42
o 482258 1.42
o 482257 1.42
o 481257 1.42
o 481255 1.42
o 480252 2.58
o 480251 2.58
o 478261 3.06
o 477256 9
o 477254 9
o 475256 15.09
o 473256 15.09
o 469253 29.46
o 467256 29.46
o 466263 29.46
o 466262 29.46
o 465262 29.46
o 465261 29.46
o 465259 29.46
o 464258 29.46
o 463265 29.55
o 463264 29.55
o 463263 29.55
o 463261 29.55
o 463253 29.57
o 463251 29.57
o 462256 30.4
o 461262 30.9
o 461259 31.01
o 459264 31.01
o 459263 77.85
spot5-1403.wcsp.log
o 519263 0.01
o 519262 0.01
o 517262 0.01
o 517261 0.01
o 517260 0.01
o 517259 0.01
o 495249 0.02
o 495248 0.02
o 495246 0.02
o 493246 0.02
o 491247 0.02
o 490253 0.02
o 490251 0.02
o 490242 0.07
o 489247 0.11
o 489246 0.11
o 487254 0.12
o 487252 0.12
o 486250 0.14
o 486245 0.23
o 484245 0.23
o 483252 0.31
o 482249 2.46
o 482248 2.46
o 481250 2.46
o 481248 5.87
o 480248 10.29
o 478242 11.52
o 467265 25.95
o 467264 25.95
o 467262 25.95
o 467261 25.95
o 467260 25.95
o 467259 25.95
o 465260 25.95
o 465256 26.03
o 464264 26.12
o 464261 26.12
o 464260 26.37
o 464255 26.42
o 463257 26.83
o 463256 32
o 462259 47.19
o 461260 47.44
o 461259 47.44
o 460264 124.61
o 460263 124.61
o 460261 124.61
o 460260 124.61
o 460259 124.61
o 459257 154.26
spot5-1403.wcsp.log
o 519266 0.01
o 518266 0.01
o 518265 0.01
o 518263 0.01
o 518262 0.01
o 505243 0.01
o 503243 0.01
o 502243 0.02
o 499244 0.02
o 497244 0.02
o 484248 0.03
o 482257 1.48
o 482255 1.48
o 480255 1.48
o 479255 1.48
o 479253 1.48
o 478258 16.34
o 477247 16.92
o 475258 31.62
o 475257 31.62
o 471256 31.62
o 469256 31.62
o 468261 31.63
o 466252 31.68
o 464251 31.68
o 463252 31.68
o 462259 32.48
o 462258 32.48
o 462257 32.48
o 462256 47.45
o 461257 63.12
o 460263 63.36
o 460262 63.36
o 460259 99.76
o 460257 99.76
o 460256 292.13
spot5-1403.wcsp.log
o 518269 0
o 518268 0
o 516268 0
o 516266 0
o 516265 0
o 493248 0.01
o 491249 0.01
o 489252 0.01
o 487252 0.01
o 487249 0.03
o 487248 0.03
o 486257 0.03
o 486256 0.03
o 486255 0.03
o 486253 0.03
o 486248 0.12
o 485250 0.12
o 484253 0.74
o 483254 1.29
o 481253 1.29
o 481252 1.29
o 481251 1.29
o 480251 1.29
o 478255 1.8
o 478253 1.8
o 478249 14.75
o 477249 14.75
o 476249 14.75
o 467255 29.21
o 465255 29.21
o 464258 29.29
o 464257 29.29
o 464255 29.34
o 462262 29.34
o 461252 29.36
o 460258 88.76
o 460256 88.76
o 460255 88.76
spot5-1403.wcsp.log
o 522260 0.01
o 522258 0.01
o 522257 0.01
o 520257 0.01
o 519257 0.01
o 518257 0.01
o 504240 0.01
o 503241 0.01
o 502250 0.01
o 500250 0.01
o 499247 0.02
o 497247 0.02
o 495247 0.02
o 493247 0.02
o 492247 0.02
o 491257 0.02
o 490259 0.02
o 488259 0.02
o 488257 0.02
o 488251 0.08
o 486253 0.08
o 486252 0.08
o 486250 0.08
o 486248 0.08
o 486246 0.08
o 484250 0.14
o 482253 0.14
o 482251 2.67
o 481255 3.23
o 479255 3.23
o 479254 15.84
o 478255 19.37
o 478244 31.28
o 477248 41.53
o 467256 56.02
o 466259 56.02
o 465257 56.03
o 464259 56.03
o 464258 56.03
o 464257 56.03
o 464256 56.35
o 464255 57.12
o 462258 57.12
o 462257 57.12
o 462252 94.29
o 461255 95.97
o 461254 175.89
o 461253 175.89
o 461252 175.89
o 460262 264.83
spot5-1403.wcsp.log
o 526258 0.01
o 524258 0.01
o 522258 0.01
o 520258 0.01
o 505244 0.02
o 503246 0.02
o 500248 0.02
o 498248 0.02
o 496256 0.02
o 494256 0.02
o 494255 0.02
o 493260 0.03
o 492264 0.03
o 491264 0.03
o 491250 0.04
o 491247 0.1
o 490244 0.1
o 488246 0.1
o 488245 0.1
o 487248 0.1
o 485248 0.1
o 484256 0.17
o 482255 0.26
o 480255 0.68
o 480254 0.68
o 480250 2.9
o 480247 4.99
o 480246 4.99
o 479247 5.21
o 478253 14.89
o 478252 14.89
o 469258 29.99
o 465256 29.99
o 465255 29.99
o 465254 29.99
o 463262 30.1
o 463261 30.1
o 463260 30.1
o 463259 30.1
o 461263 30.34
o 461262 30.34
o 461258 30.34
o 461256 46.41
o 461255 46.41
o 461252 84.87
o 459257 152.38
o 459256 152.38
spot5-1403.wcsp.log
o 517268 0
o 517267 0
o 517266 0
o 517265 0
o 517264 0
o 508242 0.01
o 506242 0.01
o 504243 0.01
o 503243 0.01
o 503241 0.01
o 501241 0.01
o 500246 0.02
o 496247 0.02
o 494247 0.02
o 494246 0.02
o 492246 0.02
o 491249 0.02
o 490249 0.02
o 490248 0.02
o 489251 0.02
o 487251 0.02
o 487249 0.02
o 487248 0.02
o 487247 0.02
o 486257 0.03
o 486256 0.03
o 484256 0.03
o 484247 0.48
o 482251 0.9
o 481254 1.46
o 479254 1.46
o 479252 1.46
o 478247 4.42
o 465260 18.91
o 465258 18.91
o 462254 18.95
o 461258 34.68
o 461256 49.56
o 461255 49.56
o 461253 132.2
o 460259 195.36
o 460253 241.69
o 459260 241.69
o 459259 241.69
o 459258 241.69
o 459257 241.69
o 459256 242.04
o 459255 242.04
spot5-1403.wcsp.log
o 516262 0.01
o 516260 0.01
o 515260 0.01
o 509245 0.01
o 507245 0.01
o 507244 0.01
o 506245 0.01
o 503245 0.01
o 503243 0.01
o 503241 0.02
o 502243 0.02
o 500244 0.02
o 490255 0.03
o 488256 0.03
o 488251 0.12
o 486253 0.12
o 486251 0.12
o 486250 0.12
o 484252 0.12
o 484246 0.17
o 482256 0.23
o 482252 0.74
o 481249 1.48
o 479255 2.21
o 477256 2.21
o 477254 2.21
o 477253 2.21
o 465257 17.13
o 464262 17.33
o 464261 17.33
o 464260 17.33
o 464255 17.35
o 464254 17.35
o 463259 17.51
o 463258 17.51
o 463253 18.19
o 460255 19.67
o 460254 149.76
o 460253 149.76
spot5-1403.wcsp.log
o 530261 0
o 530259 0
o 530258 0
o 530257 0
o 530256 0
o 530255 0
o 530254 0
o 530253 0
o 530252 0
o 530251 0
o 508245 0.01
o 508244 0.01
o 506244 0.01
o 506242 0.01
o 505246 0.01
o 503247 0.01
o 502247 0.01
o 501244 0.01
o 499244 0.01
o 498244 0.01
o 497247 0.01
o 496247 0.02
o 495248 0.02
o 494248 0.02
o 488255 0.04
o 484255 0.04
o 484250 0.35
o 484249 0.35
o 482250 0.35
o 482246 0.67
o 482242 1.66
o 481251 1.89
o 480250 4.37
o 479248 9.8
o 478257 11.93
o 478254 26.38
o 477254 26.38
o 477253 32.9
o 469257 47.55
o 465258 47.56
o 463260 47.56
o 463259 47.56
o 463257 47.56
o 461262 47.56
o 461261 47.56
o 461259 92.82
o 459260 93
