staff-scheduling-instance8
o 12444 1.03
o 12441 1.03
o 12233 1.03
o 9815 1.15
o 9614 124.5
o 9607 198.07
o 9508 198.07
o 9407 198.07
o 9404 198.07
o 9317 241.46
staff-scheduling-instance8
o 12148 0.68
o 11951 0.72
o 11847 0.72
o 11742 3.33
o 11450 4.07
o 11349 4.07
o 10612 4.22
o 10609 4.22
o 10432 5.11
o 10331 5.11
o 10330 5.11
o 9533 5.12
o 8815 227.86
o 8810 227.86
staff-scheduling-instance8
o 14188 1.28
o 14182 1.28
o 13259 1.3
o 11605 1.47
o 11535 6.24
o 11432 6.24
o 11353 7.57
o 11253 7.57
o 10831 7.63
o 10626 7.78
o 10215 10.84
o 10212 10.85
o 10018 31.83
o 9923 32.83
o 9744 33.67
o 9611 180.98
staff-scheduling-instance8
o 12661 0.46
o 12156 0.55
o 12155 0.55
o 12059 0.55
o 12058 0.55
o 11957 0.55
o 11956 0.55
o 11746 1.44
o 11645 1.44
o 11442 1.45
o 11341 1.45
o 11243 1.45
o 11135 1.46
o 11132 1.46
o 10828 6.09
o 9613 7.12
staff-scheduling-instance8
o 13336 0.42
o 12884 0.57
o 11671 0.58
o 11570 0.58
o 11568 0.58
o 11546 0.94
o 11543 0.94
o 11344 0.94
o 10626 4.86
o 9920 18.36
o 9814 86.47
o 9811 86.47
o 9746 154.5
o 9698 241.68
staff-scheduling-instance8
o 12555 2.25
o 12454 2.25
o 12452 2.25
o 12352 2.25
o 11745 2.27
o 11655 4.23
o 11275 5.12
o 11174 5.12
o 11171 5.12
o 10970 5.12
o 10902 5.82
o 10738 22.95
o 10634 22.95
o 10525 29.25
o 10512 35.58
o 10423 68.85
o 10320 68.85
o 10114 68.86
o 10091 83.77
o 9989 83.77
o 9928 87.74
o 9744 121.26
o 9737 144.69
o 9722 144.7
o 9625 195.54
o 9524 195.54
o 9521 195.54
staff-scheduling-instance8
o 10937 1.45
o 10925 1.47
o 10523 2.6
o 10522 2.6
o 10421 2.6
o 10320 2.6
o 9804 10.83
o 9731 227.15
o 9728 227.15
staff-scheduling-instance8
o 10838 1.31
o 10745 5.18
o 10743 5.19
o 10740 5.19
o 10714 5.45
o 10081 12.76
o 10031 54.46
o 10019 74.95
o 10015 74.95
o 9908 80.94
o 9807 140.01
o 9322 178.83
o 9220 178.83
o 9217 178.83
o 9213 178.83
o 9114 178.83
o 9111 178.83
o 9019 197.69
staff-scheduling-instance8
o 12864 1.08
o 12764 1.08
o 12761 1.08
o 12658 1.08
o 12655 1.08
o 12336 1.2
o 12232 1.2
o 10317 1.53
o 10235 3.36
o 9710 48.3
o 9709 48.3
o 9616 89.62
o 9542 136.32
staff-scheduling-instance8
o 12239 0.71
o 11022 1.36
o 10858 2.63
o 10704 9.92
o 10430 13.62
o 10337 41.63
o 10334 41.63
o 9814 75.47
o 9813 75.47
o 9770 173.57
o 9767 173.57
o 9764 173.57
