abstraction-refinement-polysite-avrora
o 186530 12.87
o 114023 12.88
o 108889 76.1
o 103669 100.55
o 93315 170.4
abstraction-refinement-polysite-avrora
o 160615 16.92
o 114027 33.39
o 114009 119.75
o 108841 174.94
abstraction-refinement-polysite-avrora
o 186508 13.34
o 114002 13.36
o 108855 28.21
o 103668 28.24
o 103667 126.53
o 103657 283.35
abstraction-refinement-polysite-avrora
o 196916 13.24
o 176159 27.06
o 171004 42.41
o 108853 42.43
o 108846 97.78
o 108841 197.31
abstraction-refinement-polysite-avrora
o 155453 14.97
o 114014 43.8
o 108868 149.08
o 103665 191.23
o 103652 271.58
abstraction-refinement-polysite-avrora
o 176160 18.24
o 119198 18.26
o 114026 49.01
o 108899 63.49
o 103674 88.94
o 103669 125.6
abstraction-refinement-polysite-avrora
o 176182 15.96
o 145090 31.81
o 108860 102.16
o 108836 131.62
abstraction-refinement-polysite-avrora
o 165834 17.88
o 103673 17.92
o 103663 235.61
o 103661 282.67
abstraction-refinement-polysite-avrora
o 186601 15.76
o 114050 15.78
o 108834 198.69
abstraction-refinement-polysite-avrora
o 150273 20.33
o 114018 45.63
o 114016 232.78
