causal-discovery-causal_Link_10_10000
o 257745134 28.58
o 184376158 129.64
causal-discovery-causal_Link_10_10000
o 257745134 9.92
causal-discovery-causal_Link_10_10000
o 257745134 104.35
o 184376158 251.27
causal-discovery-causal_Link_10_10000
o 257745134 29.16
causal-discovery-causal_Link_10_10000
o 257745134 20.99
causal-discovery-causal_Link_10_10000
o 257745134 19.49
o 184376158 122.19
causal-discovery-causal_Link_10_10000
o 257745134 74.57
causal-discovery-causal_Link_10_10000
o 257745134 81.82
causal-discovery-causal_Link_10_10000
o 257745134 30.59
causal-discovery-causal_Link_10_10000
o 257745134 27.64
