generalized-ising-IS20_5.0.5.0.0.5_softer_periodic
o 126760065679712 0.02
o 126457880045206 0.02
o 126150012360382 0.02
o 125871808149860 0.02
o 125627980205426 0.02
o 125361715800998 0.02
o 125112147841728 0.02
o 124881957106934 0.02
o 124626940049979 0.02
o 124429570726425 0.02
o 124208590778092 0.02
o 123976002666956 0.02
o 123774173438043 0.02
o 123586292260775 0.02
o 123380757313353 0.02
o 123190371921534 0.02
o 122997377012429 0.02
o 122779016557843 0.02
o 122609670552378 0.02
o 122474594816110 0.02
o 122313858104477 0.02
o 122147711837889 0.02
o 122004852317275 0.02
o 121818353700537 0.02
o 121647734202664 0.02
o 121512697999921 0.02
o 121376036947016 0.02
o 121243875900740 0.02
o 121111932469629 0.02
o 121008214416899 0.02
o 120945891232881 0.02
o 120842224817079 0.02
o 120714390529270 0.02
o 120606838072294 0.02
o 120511605071963 0.02
o 120416676936385 0.02
o 120332821711228 0.02
o 120301371298733 0.02
o 120197913568415 0.02
o 120124526428247 0.02
o 120055019025295 0.02
o 119987992997446 0.02
o 119932286505879 0.02
o 119893538331679 0.02
o 119831069009573 0.02
o 119775698421644 0.02
o 119722796614162 0.02
o 119664186157905 0.02
o 119650906433243 0.02
o 119617729303218 0.02
o 119595564713444 0.02
o 119559088136419 0.02
o 119524093362309 0.02
o 119494804472185 0.02
o 119483171200404 0.02
o 119477703322396 0.02
o 119457823892812 0.02
o 119450777357603 0.03
o 119410351079291 0.03
o 119388436533622 0.1
generalized-ising-IS20_5.0.5.0.0.5_softer_periodic
o 124544765081048 0.02
o 124246806589184 0.02
o 123995063204049 0.02
o 123715636517360 0.02
o 123460733949451 0.02
o 123277495474087 0.02
o 123079195629444 0.02
o 122866514761535 0.02
o 122690328110825 0.02
o 122508469827190 0.02
o 122306698716557 0.02
o 122122093591644 0.02
o 121952869125412 0.02
o 121789118726878 0.02
o 121634654001638 0.02
o 121485472949154 0.02
o 121350507016606 0.02
o 121226798004955 0.02
o 121103342166034 0.02
o 120971256424280 0.02
o 120843229190832 0.02
o 120717638630906 0.02
o 120615003489221 0.02
o 120497775916686 0.02
o 120396680288299 0.02
o 120311533365632 0.02
o 120238039114374 0.02
o 120152362604669 0.02
o 120064535422466 0.02
o 119986081773974 0.02
o 119900656595308 0.02
o 119832686325893 0.02
o 119763607050934 0.02
o 119675539533448 0.02
o 119634180260837 0.02
o 119597152424655 0.02
o 119586396491457 0.02
o 119553761627843 0.02
o 119517400462069 0.02
o 119509611784906 0.02
o 119497893863460 0.02
o 119488000264192 0.02
o 119484523645510 0.08
o 119471221133371 0.08
o 119449611159489 0.08
o 119445408271285 0.35
o 119420585426365 0.37
o 119388436533623 0.37
o 119388436533622 17.68
generalized-ising-IS20_5.0.5.0.0.5_softer_periodic
o 126946937750490 0.03
o 126635368412586 0.03
o 126374494601019 0.03
o 126107037128425 0.03
o 125810829046481 0.03
o 125550651486593 0.03
o 125312119131882 0.03
o 125058932449091 0.03
o 124820452593690 0.03
o 124618385331254 0.03
o 124405689698533 0.03
o 124167816421902 0.03
o 123950543246924 0.03
o 123735981745096 0.03
o 123609824200741 0.03
o 123415463963899 0.03
o 123203113257650 0.03
o 123011533198436 0.03
o 122816505914012 0.03
o 122649487271486 0.03
o 122475829242811 0.03
o 122326951327410 0.03
o 122164935319433 0.03
o 122007447693636 0.03
o 121848291703589 0.03
o 121683282573644 0.03
o 121545481103245 0.03
o 121404392447086 0.03
o 121230594944446 0.03
o 121105827588510 0.03
o 120992431438122 0.03
o 120876982973664 0.03
o 120740551939474 0.03
o 120616185017946 0.03
o 120497137052110 0.03
o 120414446721843 0.03
o 120328855277584 0.03
o 120249466229823 0.03
o 120116157945008 0.03
o 120023312109284 0.03
o 119960438059230 0.03
o 119890463398329 0.03
o 119839874420382 0.03
o 119803819831741 0.03
o 119748665955365 0.03
o 119699358523463 0.03
o 119645100343351 0.03
o 119596360328642 0.03
o 119544698870297 0.03
o 119521887263021 0.03
o 119503085919354 0.03
o 119470508755190 0.03
o 119441508572807 0.03
o 119414586179714 0.03
o 119388436533623 0.03
o 119388436533622 178.47
generalized-ising-IS20_5.0.5.0.0.5_softer_periodic
o 124509802822120 0.02
o 124238190758849 0.02
o 123985961766107 0.02
o 123689946608843 0.02
o 123489394596265 0.02
o 123267593544574 0.02
o 123063655553912 0.02
o 122856154293200 0.02
o 122666377587899 0.02
o 122518274501979 0.02
o 122357230268684 0.02
o 122242624309475 0.02
o 122073932647097 0.02
o 121905009719705 0.02
o 121716268829966 0.02
o 121620443853392 0.02
o 121460893536249 0.02
o 121340477940176 0.02
o 121206690134183 0.02
o 121091449287609 0.02
o 120954245023576 0.02
o 120853747572591 0.02
o 120755049884451 0.02
o 120655338816517 0.02
o 120523277455214 0.02
o 120429405164318 0.02
o 120335114127595 0.02
o 120264307453572 0.02
o 120176821957333 0.02
o 120093582509382 0.02
o 120005964325343 0.02
o 119945282124277 0.02
o 119877778732720 0.02
o 119809214688532 0.02
o 119769368277146 0.02
o 119713652124034 0.02
o 119672436259117 0.02
o 119645398045265 0.02
o 119608797897233 0.02
o 119582879687019 0.02
o 119561465148564 0.02
o 119533671426330 0.02
o 119509459353780 0.02
o 119489055528121 0.02
o 119487708220540 0.02
o 119473111339184 0.02
o 119463733116703 0.02
o 119452662753212 0.06
o 119434261229221 0.06
o 119427063873056 0.22
o 119388436533623 0.22
o 119388436533622 169.02
generalized-ising-IS20_5.0.5.0.0.5_softer_periodic
o 126621230611237 0.01
o 126365570144077 0.01
o 126085417261790 0.01
o 125824145633588 0.01
o 125549901475667 0.01
o 125277832772171 0.01
o 125040146169149 0.01
o 124804302649245 0.01
o 124585501743096 0.01
o 124343265953975 0.01
o 124112957448394 0.01
o 123903989439427 0.01
o 123675677389354 0.02
o 123460287231084 0.02
o 123245688759230 0.02
o 123047398482953 0.02
o 122840844041324 0.02
o 122648214421030 0.02
o 122453961891706 0.02
o 122250286341289 0.02
o 122104726741783 0.02
o 121898736936246 0.02
o 121730725751785 0.02
o 121569295730027 0.02
o 121425590750709 0.02
o 121295978346355 0.02
o 121157420473128 0.02
o 121037922855584 0.02
o 120918978083086 0.02
o 120802343177218 0.02
o 120667497521042 0.02
o 120549614503423 0.02
o 120460154968077 0.02
o 120386564304182 0.02
o 120300859883152 0.02
o 120220325096268 0.02
o 120150449337617 0.02
o 120070496221215 0.02
o 119995560259546 0.02
o 119923395649851 0.02
o 119869415725364 0.02
o 119802533887721 0.02
o 119745110613447 0.02
o 119694468677338 0.02
o 119653853649660 0.02
o 119625074539118 0.02
o 119593487650161 0.02
o 119567444138491 0.02
o 119542581908992 0.02
o 119533435859244 0.02
o 119497088783167 0.02
o 119497037604981 0.02
o 119490383278052 0.02
o 119481338857543 0.02
o 119466496306078 0.02
o 119441127383370 0.02
o 119438766297190 0.09
o 119434261229221 0.09
o 119427063873056 0.16
o 119388436533623 0.16
o 119388436533622 77.91
generalized-ising-IS20_5.0.5.0.0.5_softer_periodic
o 126874438147959 0.02
o 126522530766424 0.02
o 126238469926257 0.02
o 125981911788305 0.02
o 125713946704344 0.02
o 125481268427118 0.02
o 125214876437299 0.02
o 124970437757367 0.02
o 124821593111244 0.02
o 124589747778032 0.02
o 124361072392373 0.02
o 124111100267209 0.02
o 123890904085856 0.02
o 123685397734254 0.02
o 123466277307315 0.02
o 123263011619042 0.02
o 123080334883433 0.02
o 122889057295489 0.02
o 122687134257781 0.02
o 122534887906498 0.02
o 122361229189404 0.02
o 122295739571510 0.02
o 122091870473842 0.02
o 121938119768319 0.02
o 121793335547133 0.02
o 121637912697342 0.02
o 121510167778773 0.02
o 121338312784269 0.02
o 121219121592748 0.02
o 121092815408351 0.02
o 120989432912421 0.02
o 120964946372919 0.02
o 120823815500496 0.02
o 120701444518380 0.02
o 120582075318110 0.02
o 120485146815344 0.02
o 120405503213496 0.02
o 120293266897627 0.02
o 120192448950853 0.02
o 120108982253338 0.02
o 120017171974523 0.02
o 119958736267615 0.02
o 119884577119167 0.02
o 119835112277708 0.02
o 119808035611675 0.02
o 119756835683743 0.02
o 119722072231644 0.02
o 119669448382126 0.02
o 119622469313264 0.02
o 119593378889031 0.02
o 119573812804991 0.02
o 119562843770557 0.02
o 119542083517936 0.02
o 119531011613212 0.02
o 119527231242554 0.02
o 119524873681023 0.02
o 119514117138982 0.02
o 119467891205775 0.02
o 119464083415201 0.18
o 119452817854912 0.18
o 119434261229229 0.18
o 119434261229221 0.32
o 119427063873056 0.33
o 119388436533623 0.33
o 119388436533622 23.51
generalized-ising-IS20_5.0.5.0.0.5_softer_periodic
o 125340246691579 0.02
o 125110754963279 0.02
o 124879848436670 0.02
o 124643237712956 0.02
o 124346592390241 0.02
o 124122258681885 0.02
o 123909685221743 0.02
o 123682166611932 0.02
o 123440249829970 0.02
o 123223832676792 0.02
o 123015191990199 0.02
o 122813340073713 0.02
o 122565212094683 0.02
o 122368137209093 0.02
o 122200487056746 0.02
o 122066931253626 0.02
o 121913594351051 0.02
o 121787844937456 0.02
o 121639998586452 0.02
o 121507416949045 0.02
o 121381817232327 0.02
o 121231277366665 0.02
o 121083253244141 0.02
o 120958228914586 0.02
o 120810289647146 0.02
o 120700989162615 0.02
o 120584889336881 0.02
o 120481047513321 0.02
o 120356717204353 0.02
o 120239488139414 0.02
o 120164340470638 0.02
o 120085208353647 0.02
o 120004955787185 0.02
o 119947832974542 0.02
o 119878299441781 0.02
o 119832176453685 0.02
o 119789665716388 0.02
o 119747028085675 0.02
o 119703318532434 0.02
o 119658533653304 0.02
o 119634189351606 0.02
o 119612599603564 0.02
o 119579589948079 0.02
o 119566153387628 0.02
o 119552142588555 0.02
o 119538702606202 0.02
o 119516858988551 0.02
o 119481296104804 0.02
o 119479222667882 0.07
o 119478871761329 0.07
o 119475001846823 0.07
o 119441127383371 0.07
o 119410351079298 0.14
o 119388436533633 0.29
generalized-ising-IS20_5.0.5.0.0.5_softer_periodic
o 127960148806791 0.02
o 127688845154861 0.02
o 127389264637935 0.02
o 127058231420311 0.02
o 126787716373117 0.02
o 126507536078380 0.02
o 126230144933990 0.02
o 125965760839349 0.02
o 125717463566391 0.02
o 125486645101801 0.02
o 125241604185921 0.02
o 125003852934589 0.02
o 124808818134437 0.02
o 124586888793525 0.02
o 124374541188328 0.02
o 124150665104113 0.02
o 123928852314754 0.02
o 123716096844404 0.02
o 123525941561288 0.02
o 123300164753944 0.02
o 123134260873259 0.02
o 122952721265455 0.02
o 122766882015177 0.02
o 122582693512839 0.02
o 122408327579010 0.02
o 122249628922506 0.02
o 122093311150135 0.02
o 121938639173127 0.02
o 121789222394499 0.02
o 121667809780997 0.02
o 121535728825415 0.02
o 121399528177521 0.02
o 121245695436671 0.02
o 121141724615995 0.02
o 121017781994979 0.02
o 120909749166762 0.02
o 120808111463357 0.02
o 120731034790621 0.02
o 120634446187235 0.02
o 120550390421535 0.02
o 120451856480950 0.02
o 120374022134436 0.02
o 120301927273698 0.02
o 120243712746316 0.02
o 120160436620500 0.02
o 120077424151625 0.02
o 120007030867960 0.02
o 119966089672421 0.02
o 119923700323365 0.02
o 119876089860651 0.02
o 119833193225600 0.02
o 119828934123933 0.02
o 119774197767870 0.02
o 119747383186507 0.02
o 119700990411259 0.02
o 119679486006988 0.02
o 119642461925383 0.02
o 119622329302348 0.02
o 119595493312412 0.02
o 119576778035663 0.02
o 119562643993611 0.02
o 119556787940952 0.02
o 119555048933335 0.02
o 119545144767964 0.02
o 119514524657015 0.02
o 119500942864699 0.02
o 119489429909869 0.02
o 119473111339183 0.02
o 119463733116698 0.02
o 119462556418908 0.04
o 119444799100029 0.04
o 119430725108758 0.08
o 119410351079298 0.12
o 119388436533633 0.7
generalized-ising-IS20_5.0.5.0.0.5_softer_periodic
o 126911524303290 0.02
o 126599574482594 0.02
o 126300454241769 0.02
o 126006616096742 0.02
o 125755771951261 0.02
o 125516158416648 0.02
o 125235326699138 0.02
o 124995226653540 0.02
o 124770831636584 0.02
o 124522022328439 0.02
o 124323459723070 0.02
o 124121427766157 0.02
o 123907818554344 0.02
o 123712760849707 0.02
o 123523315177461 0.02
o 123316711652262 0.02
o 123163113376866 0.02
o 122958249587359 0.02
o 122777242555697 0.02
o 122572353307144 0.02
o 122413885112330 0.02
o 122226837201979 0.02
o 122056719800091 0.02
o 121891657391395 0.02
o 121743225378749 0.02
o 121599267343359 0.02
o 121458151832860 0.02
o 121330990855251 0.02
o 121197835015556 0.02
o 121089305593634 0.02
o 120981502134291 0.02
o 120829138364713 0.02
o 120736543278205 0.02
o 120651504141187 0.02
o 120561568447512 0.02
o 120467595752231 0.02
o 120396545968306 0.02
o 120383852353131 0.02
o 120277913654315 0.02
o 120185751082760 0.02
o 120075291235804 0.02
o 120000223664664 0.02
o 119950409057153 0.02
o 119901727018274 0.02
o 119852673347883 0.02
o 119802480485074 0.02
o 119752400416232 0.02
o 119699182519576 0.02
o 119654658168763 0.02
o 119614700228410 0.02
o 119579379459149 0.02
o 119570499204363 0.02
o 119545460882746 0.02
o 119525769653988 0.02
o 119505740133243 0.02
o 119500857624054 0.02
o 119499144240581 0.02
o 119482036997011 0.02
o 119479222667880 0.03
o 119478871761330 0.03
o 119475001846823 0.04
o 119441127383373 0.04
o 119420585426365 0.21
o 119388436533623 0.21
o 119388436533622 38.27
generalized-ising-IS20_5.0.5.0.0.5_softer_periodic
o 126286934031442 0.02
o 126030242866818 0.02
o 125737568050226 0.02
o 125501157019658 0.02
o 125258155115657 0.02
o 124990865938093 0.02
o 124767514515332 0.02
o 124536010404756 0.02
o 124326427743963 0.02
o 124092346889267 0.02
o 124023530445856 0.02
o 123840732013551 0.02
o 123639145012138 0.02
o 123443075147601 0.02
o 123249451572957 0.02
o 123076300974821 0.02
o 122837588499306 0.02
o 122674564706452 0.02
o 122496016291841 0.02
o 122331636655632 0.02
o 122172927446693 0.02
o 121995631712921 0.02
o 121832802985645 0.02
o 121715995754883 0.02
o 121598489096076 0.02
o 121474712437350 0.02
o 121364571886342 0.02
o 121237043809740 0.02
o 121111923086223 0.02
o 120995638767515 0.02
o 120855474894216 0.02
o 120715914360483 0.02
o 120598631092093 0.02
o 120486421344886 0.02
o 120391828684940 0.02
o 120303831646793 0.02
o 120206378919467 0.02
o 120134126052163 0.02
o 120062420751860 0.02
o 120005260671396 0.02
o 119954251174960 0.02
o 119891237671694 0.02
o 119838128764024 0.02
o 119785033919905 0.02
o 119709312291328 0.02
o 119665469805253 0.02
o 119617741720989 0.02
o 119595393606787 0.02
o 119579501377135 0.02
o 119542167899125 0.02
o 119515565931606 0.02
o 119489066365924 0.02
o 119461660035018 0.02
o 119441243826378 0.02
o 119421141691446 0.02
o 119414586179721 0.02
o 119388436533635 0.02
