judgment-aggregation-ja-kemeny-preflib-00049-00000451
o 1907 0.7
o 1177 0.86
o 1170 0.86
o 1169 0.86
o 1168 0.86
o 1165 0.86
o 1093 0.87
o 1091 0.88
o 1083 0.88
o 1080 0.88
o 1075 0.88
o 935 55.9
o 934 55.9
o 933 55.9
o 932 152.92
o 931 152.92
judgment-aggregation-ja-kemeny-preflib-00049-00000451
o 1824 0.62
o 1109 0.75
o 1108 0.75
o 1105 0.75
o 1102 0.75
o 1101 0.75
o 1098 0.75
o 1091 0.77
o 1088 0.77
o 1076 0.77
o 1075 0.77
o 1074 0.77
o 1071 0.77
o 1070 0.77
o 1068 5.43
o 1063 5.43
o 1030 5.43
o 996 5.43
o 994 5.43
o 992 5.43
o 990 5.43
o 989 5.43
o 988 5.43
o 986 5.43
o 984 5.43
o 983 5.44
o 963 5.44
o 961 5.44
o 959 5.44
o 958 5.46
o 957 5.46
o 939 53.11
o 937 53.12
o 934 53.12
o 933 53.12
o 932 53.13
judgment-aggregation-ja-kemeny-preflib-00049-00000451
o 1956 0.59
o 1082 0.72
o 1079 0.72
o 1074 0.72
o 1070 0.72
o 1041 0.73
o 1037 0.73
o 1036 5.83
o 1034 5.83
o 1033 5.84
o 1030 5.85
o 1029 5.85
o 1023 5.85
o 1022 5.85
o 1011 5.85
o 1008 5.85
o 1005 5.86
o 1004 5.86
o 998 5.86
o 993 5.86
o 991 5.86
o 988 5.86
o 976 5.86
o 953 5.87
o 940 54.35
o 937 54.36
o 935 54.36
o 934 54.36
o 933 54.37
judgment-aggregation-ja-kemeny-preflib-00049-00000451
o 1634 0.69
o 1150 0.84
o 1147 0.84
o 1146 0.84
o 1139 0.84
o 1082 0.86
o 1079 4.1
o 1075 4.1
o 1062 4.1
o 1055 4.1
o 1047 4.1
o 1044 4.1
o 1040 4.11
o 1039 4.11
o 941 58.71
o 936 58.73
o 935 107.57
o 934 107.57
judgment-aggregation-ja-kemeny-preflib-00049-00000451
o 1824 0.58
o 1112 0.69
o 1078 0.71
o 1070 4.38
o 1038 4.91
o 1037 4.91
o 1034 4.99
o 1032 4.99
o 1029 4.99
o 1023 4.99
o 1021 4.99
o 991 4.99
o 987 5
o 983 5
o 940 58.35
o 939 58.35
o 937 58.35
o 935 58.37
o 933 58.37
o 932 58.38
o 931 156.93
o 930 209.38
o 929 209.38
judgment-aggregation-ja-kemeny-preflib-00049-00000451
o 1985 0.57
o 1127 0.67
o 1126 0.67
o 1125 0.67
o 1120 0.67
o 1119 0.67
o 1116 0.67
o 1115 0.68
o 1114 0.68
o 1109 0.68
o 1106 0.68
o 1101 0.68
o 1068 0.69
o 1056 0.69
o 995 3.15
o 983 3.15
o 975 3.15
o 972 3.15
o 968 3.15
o 962 3.15
o 957 3.15
o 956 3.15
o 955 3.15
o 952 3.16
o 951 3.16
o 946 3.16
o 943 49.11
o 935 91.28
o 934 91.28
o 932 91.28
judgment-aggregation-ja-kemeny-preflib-00049-00000451
o 1883 0.56
o 1098 0.67
o 1095 0.67
o 1092 0.67
o 1089 0.67
o 1084 0.67
o 1083 0.67
o 1082 0.67
o 1077 0.67
o 1074 0.67
o 1071 0.67
o 1068 0.67
o 1063 0.67
o 1062 0.67
o 1036 0.68
o 1034 0.68
o 1029 0.68
o 1028 0.68
o 1025 0.68
o 1024 0.68
o 939 50.6
o 938 144.09
o 937 144.09
o 936 144.09
o 935 144.09
o 934 297.64
judgment-aggregation-ja-kemeny-preflib-00049-00000451
o 1823 0.56
o 1071 0.64
o 1070 0.64
o 1069 0.64
o 1047 0.65
o 1044 0.65
o 939 48.36
o 937 48.36
o 936 48.36
o 934 97.64
judgment-aggregation-ja-kemeny-preflib-00049-00000451
o 1877 0.55
o 1137 0.63
o 1132 0.63
o 1131 0.63
o 1130 0.63
o 1129 0.64
o 1122 0.64
o 1116 0.65
o 942 48.87
o 940 48.88
o 937 48.89
o 936 48.89
o 932 92.36
o 931 92.37
o 930 136.62
judgment-aggregation-ja-kemeny-preflib-00049-00000451
o 1675 0.58
o 1194 0.68
o 1189 0.68
o 1188 0.68
o 1166 0.68
o 1165 0.68
o 1128 0.69
o 1119 0.69
o 1118 0.69
o 1115 0.69
o 1108 0.7
o 1105 0.7
o 1096 0.7
o 1091 0.7
o 1088 0.7
o 936 45.16
o 935 240.11
o 934 240.11
o 933 240.13
o 932 288.84
