MaxSATQueriesinInterpretableClassifiers-credit_train_8_CNF_5_20
o 159675 2.4
o 115813 2.56
o 115396 5.07
o 98402 6.8
o 97895 10.21
o 97276 15.91
o 97190 15.91
o 97170 15.91
o 97155 80.46
o 97153 80.48
o 96898 207.9
MaxSATQueriesinInterpretableClassifiers-credit_train_8_CNF_5_20
o 202573 2.21
o 114588 2.6
o 111758 4.84
o 97670 7.74
o 97110 7.74
MaxSATQueriesinInterpretableClassifiers-credit_train_8_CNF_5_20
o 183691 8.38
o 127790 9.6
o 114055 25.05
o 105727 25.31
o 105215 27.82
o 100243 27.92
o 97085 54.4
o 97010 54.44
o 96984 144.08
MaxSATQueriesinInterpretableClassifiers-credit_train_8_CNF_5_20
o 172378 8.66
o 172358 8.66
o 172338 8.66
o 112536 8.92
o 112535 8.92
o 112534 8.92
o 112293 13.89
o 110708 14.56
o 99005 23.55
o 98710 111.24
o 97270 124.98
MaxSATQueriesinInterpretableClassifiers-credit_train_8_CNF_5_20
o 183542 2.83
o 110365 2.94
o 97099 4.61
o 96994 163.28
MaxSATQueriesinInterpretableClassifiers-credit_train_8_CNF_5_20
o 172490 1.74
o 110014 2.05
o 107802 3.31
o 97735 5.54
o 97580 5.54
o 96940 12.83
o 96920 12.83
o 96915 12.84
MaxSATQueriesinInterpretableClassifiers-credit_train_8_CNF_5_20
o 192111 2
o 126765 2.23
o 116422 2.33
o 105068 5.49
o 103750 25.69
o 101983 25.71
o 100925 25.78
o 99955 39.75
o 98685 39.77
o 97775 39.79
o 97510 39.81
o 97445 87.75
o 96875 87.76
o 96802 269.69
MaxSATQueriesinInterpretableClassifiers-credit_train_8_CNF_5_20
o 171029 2.39
o 98593 4.86
o 97914 18.37
o 97913 18.37
o 97912 18.37
o 97911 18.37
o 97910 18.37
o 97231 18.4
o 97137 18.43
MaxSATQueriesinInterpretableClassifiers-credit_train_8_CNF_5_20
o 170993 3.11
o 123019 3.42
o 105713 3.71
o 102325 8.78
o 99157 8.85
o 98831 19.89
o 97550 140.33
o 97223 252.67
o 97155 252.68
o 97145 252.71
o 97130 263.9
MaxSATQueriesinInterpretableClassifiers-credit_train_8_CNF_5_20
o 182862 2.72
o 114476 2.94
o 113383 9.34
o 110559 9.38
o 106509 9.42
o 99815 9.43
o 98000 9.53
o 97420 29.09
o 97225 236.24
o 97215 236.26
