MinimumWeightDominatingSetProblem-web-wikipedia2009
o 36404108 11.4
o 36277708 73.14
o 27151162 78.79
o 27151161 78.79
o 27151160 78.8
o 27151103 78.8
o 27147300 122.09
o 27147299 122.09
o 27147247 122.09
MinimumWeightDominatingSetProblem-web-wikipedia2009
o 36492771 15.07
o 36411385 95.35
o 27147416 101.29
o 27147412 101.29
o 27147411 101.29
o 27147346 101.29
o 27147303 101.29
o 27147250 101.3
MinimumWeightDominatingSetProblem-web-wikipedia2009
o 36337039 27.8
o 27144341 100.02
o 27144340 100.02
o 27144337 100.02
o 27144335 100.02
o 27144325 100.02
o 27144270 100.02
o 27144263 100.02
MinimumWeightDominatingSetProblem-web-wikipedia2009
o 36523252 31.44
o 36423685 152.46
o 27147997 158.06
o 27147980 158.06
MinimumWeightDominatingSetProblem-web-wikipedia2009
o 36530519 12.7
o 36409749 72.75
o 27146350 77.79
o 27146349 77.79
o 27146346 77.79
o 27146236 77.79
o 27145885 123.71
o 27145884 123.71
o 27145883 123.71
o 27145880 123.71
o 27145877 123.71
o 27145874 123.72
o 27145872 123.72
o 27145740 123.72
MinimumWeightDominatingSetProblem-web-wikipedia2009
o 36331835 10.97
o 26968091 68.72
o 26968044 68.72
o 26968042 68.72
o 26968040 68.72
o 26968038 68.72
o 26924072 72.04
o 26924070 72.04
o 26924069 72.04
o 26924066 72.04
o 26923901 72.04
MinimumWeightDominatingSetProblem-web-wikipedia2009
o 36564376 11.32
o 36527425 59.93
o 27147829 64.36
o 27147826 64.36
o 27147796 64.36
o 27147795 64.36
o 27146500 102.81
o 27146499 102.82
o 27146498 102.82
o 27146496 102.82
o 27146495 102.82
o 27146493 102.82
o 27146446 102.82
o 27146158 140.53
MinimumWeightDominatingSetProblem-web-wikipedia2009
o 36323968 15.64
o 27149384 93.15
o 27147192 153
o 27147124 153.01
MinimumWeightDominatingSetProblem-web-wikipedia2009
o 36468263 16.57
o 36336761 80.78
o 27145885 86.74
o 27145714 86.74
o 27145122 202.64
o 27144969 202.64
MinimumWeightDominatingSetProblem-web-wikipedia2009
o 36420061 11.3
o 36355171 57.65
o 27148206 62.18
o 27147640 102.58
o 27147637 102.58
o 27147498 102.58
