staff-scheduling-instance11
o 16073 0.85
o 11871 1.16
o 10995 136.93
o 10011 137.09
o 9077 258.28
o 8610 292.37
staff-scheduling-instance11
o 20093 0.82
o 18174 17.48
o 15953 34.85
o 12083 69.8
o 10262 106.59
staff-scheduling-instance11
o 17558 0.93
o 12406 30.86
o 10178 31.06
staff-scheduling-instance11
o 17266 0.98
o 16752 17.37
o 14097 17.75
o 13676 50.22
o 12178 66.6
o 11864 115.69
o 10917 115.76
o 9278 115.8
o 8151 115.85
staff-scheduling-instance11
o 20604 0.68
o 17646 16.37
o 12256 31.54
o 10961 97.17
o 9998 97.62
staff-scheduling-instance11
o 16367 0.78
o 13670 31.5
o 10506 31.6
o 8463 31.66
staff-scheduling-instance11
o 20476 0.7
o 19085 16.39
o 11657 45.31
o 10556 78.56
o 9822 254.46
staff-scheduling-instance11
o 15124 0.84
o 13890 15.72
o 12173 57.18
o 10324 57.22
o 10204 143.56
o 9491 196.15
staff-scheduling-instance11
o 19286 0.7
o 11081 28.91
o 10449 248.26
staff-scheduling-instance11
o 20480 0.79
o 12748 1.12
o 10543 1.2
o 8322 103.4
o 8296 103.44
