generalized-ising-IS20_5.0.5.0.0.5_softer_periodic
o 127626199686282 0.03
o 127525829035947 0.04
o 127246138132317 0.04
o 127133392395604 0.04
o 126980991086676 0.04
o 126755405714606 0.04
o 126520124225205 0.04
o 126337067567878 0.04
o 126164984078123 0.04
o 125982114258436 0.04
o 125831079539024 0.04
o 125659737173606 0.04
o 125517290638269 0.04
o 125436283396419 0.04
o 125197059667677 0.04
o 124949433806317 0.04
o 124786586586193 0.04
o 124617654860012 0.05
o 124471858942155 0.05
o 124351642509938 0.05
o 124166022438756 0.05
o 124093722973699 0.05
o 123893678095864 0.05
o 123710065480550 0.05
o 123597186762326 0.05
o 123451599174422 0.05
o 123425404204893 0.05
o 123361437415557 0.05
o 123260439106222 0.05
o 123162150721909 0.05
o 123027810424837 0.05
o 122869375756239 0.05
o 122794061668076 0.05
o 122731868738398 0.05
o 122622259181892 0.05
o 122541796097058 0.05
o 122315363880420 0.05
o 122200454249337 0.05
o 122020964570273 0.05
o 121917605273188 0.05
o 121783595028012 0.05
o 121712129344110 0.05
o 121610250042000 0.05
o 121505642008660 0.05
o 121429625924510 0.05
o 121312558204197 0.05
o 121156126364883 0.05
o 121101433593146 0.05
o 120902728532855 0.05
o 120819106302646 0.05
o 120691273405367 0.05
o 120675295088876 0.05
o 120621989441319 0.05
o 120489231703870 0.05
o 120427917601268 0.05
o 120301648825172 0.05
o 120143306649441 0.05
o 120078547730770 0.05
o 120036982428554 0.05
o 119945525238858 0.05
o 119935194711643 0.05
o 119924268610402 0.05
o 119854290426105 0.05
o 119839432866723 0.05
o 119753519029876 0.05
o 119735225131278 0.05
o 119663889309335 0.05
o 119609961233541 0.05
o 119556342258879 0.05
o 119475216776851 0.05
generalized-ising-IS20_5.0.5.0.0.5_softer_periodic
o 125011779629941 0.04
o 124968438182628 0.04
o 124756119803092 0.04
o 124548544585490 0.04
o 124475325185069 0.04
o 124307647740287 0.04
o 124102651652162 0.05
o 123950957958763 0.05
o 123734413529334 0.05
o 123641837711273 0.05
o 123580953599370 0.05
o 123458645368809 0.05
o 123371463874935 0.05
o 123214383335957 0.05
o 123032075573542 0.05
o 122862659240648 0.05
o 122805586170483 0.05
o 122720383883344 0.05
o 122593729093787 0.05
o 122336315322507 0.05
o 122289551211104 0.05
o 122142857168741 0.05
o 122096023155325 0.05
o 121984654140005 0.05
o 121782190247459 0.05
o 121747096514209 0.05
o 121656069088337 0.05
o 121567990092950 0.05
o 121557213228721 0.05
o 121425338557586 0.05
o 121379016563213 0.05
o 121311079586333 0.05
o 121166856096743 0.05
o 120968685568978 0.05
o 120882670765118 0.05
o 120757508596546 0.05
o 120665017579565 0.05
o 120642425315221 0.05
o 120570666839931 0.05
o 120452406901830 0.05
o 120357180501603 0.05
o 120324447894301 0.05
o 120260255278471 0.05
o 120253726167072 0.05
o 120190378301257 0.05
o 120083596798536 0.05
o 120078150884132 0.05
o 119997970253793 0.05
o 119982054217256 0.05
o 119856990223315 0.05
o 119783586912795 0.05
o 119655255603823 0.05
o 119647165212264 0.05
o 119607218703530 0.05
o 119538002536469 0.05
generalized-ising-IS20_5.0.5.0.0.5_softer_periodic
o 128394526003939 0.38
o 128336850976837 0.45
o 128166930738710 0.45
o 127970657810867 0.45
o 127738272522191 0.45
o 127530671425854 0.45
o 127246728545524 0.45
o 127121503431382 0.45
o 126852554848297 0.46
o 126650812876332 0.46
o 126528132586123 0.46
o 126402925265538 0.46
o 126172267005452 0.46
o 126007414665041 0.46
o 125887542660293 0.47
o 125660152619376 0.47
o 125493672996775 0.47
o 125393534472077 0.47
o 125192995819356 0.47
o 125102448629617 0.47
o 124845103305666 0.48
o 124756530693841 0.48
o 124464655647052 0.48
o 124375515093928 0.48
o 124249669222936 0.82
o 124061895186631 0.82
o 123816118245268 0.83
o 123735727630405 0.83
o 123556475977251 0.83
o 123395971808269 0.83
o 123299897058277 0.83
o 123201398058467 0.83
o 123127724139689 0.84
o 122995125647742 0.84
o 122832968421850 0.84
o 122686671524845 0.84
o 122522055900068 0.85
o 122390975707294 0.85
o 122256005010372 0.85
o 122092553325092 0.85
o 121965537920267 0.86
o 121906679778163 0.86
o 121767387635421 0.86
o 121717810027154 0.87
o 121556094964934 0.87
o 121515373273254 0.88
o 121472957230175 0.88
o 121266533381538 0.88
o 121158909221251 0.88
o 121072948537479 0.89
o 120930554856405 0.89
o 120899222489236 0.89
o 120753304787211 0.9
o 120726030934824 0.9
o 120628952370197 0.9
o 120515641802135 0.9
o 120435913747364 0.91
o 120405310258028 0.91
o 120290145209539 0.91
o 120247544526231 0.92
o 120180335989483 0.92
o 120103545974029 0.92
o 120101287477958 0.92
o 120069666262392 0.92
o 120029032204008 0.93
o 119969072517153 0.93
o 119915896601384 0.93
o 119813322375861 0.94
o 119796701342151 0.94
o 119702538626146 0.94
o 119673873037308 0.95
generalized-ising-IS20_5.0.5.0.0.5_softer_periodic
o 126971223924613 0.16
o 126899195712114 0.22
o 126725075421917 0.22
o 126503672135692 0.22
o 126431300169598 0.22
o 126263432319334 0.22
o 126060734263855 0.22
o 125838916641608 0.22
o 125767218922744 0.22
o 125622955332549 0.23
o 125403407877880 0.23
o 125177384426444 0.23
o 125020528793827 0.35
o 124884969409573 0.35
o 124720460658877 0.35
o 124515572725798 0.35
o 124360339765537 0.35
o 124193133172306 0.35
o 124073287787415 0.35
o 124025692601313 0.36
o 123923796421088 0.36
o 123776412310112 0.36
o 123654604340689 0.36
o 123495833159494 0.36
o 123236626589404 0.36
o 123114167292686 0.36
o 123045187535216 0.36
o 122834523943909 0.36
o 122707657867095 0.36
o 122612330664535 0.36
o 122470720238507 0.36
o 122329305708315 0.36
o 122307494177093 0.36
o 122133110393412 0.36
o 121984696053500 0.36
o 121931242765179 0.36
o 121833828601483 0.36
o 121752447605562 0.36
o 121719284098315 0.36
o 121610533802469 0.37
o 121519613027109 0.37
o 121465676208584 0.37
o 121405063638043 0.37
o 121242083978526 0.37
o 121090801451557 0.37
o 121000025776699 0.37
o 120961162062134 0.37
o 120940769444352 0.37
o 120786477478950 0.37
o 120701803847038 0.37
o 120584213392825 0.37
o 120460622384514 0.37
o 120354742316032 0.37
o 120320783042001 0.37
o 120258593388668 0.37
o 120180265350774 0.37
o 120089521377851 0.37
o 120047080625567 0.37
o 119998944908895 0.37
o 119974589149357 0.37
o 119843564963711 0.38
o 119784942840494 0.38
o 119717524778325 0.38
o 119691428813680 0.38
o 119646349533569 0.38
o 119596453968980 0.38
o 119516359367293 0.38
o 119450993578269 0.38
generalized-ising-IS20_5.0.5.0.0.5_softer_periodic
o 125241857500695 0.08
o 124984052198921 0.15
o 124817638974516 0.15
o 124585369959896 0.15
o 124421991491061 0.15
o 124211036850037 0.15
o 123979857957293 0.15
o 123813481960953 0.15
o 123753406357776 0.15
o 123615982293883 0.15
o 123509916585459 0.15
o 123426598607711 0.15
o 123212481544537 0.15
o 123107530427960 0.15
o 123017048601719 0.15
o 122898521410851 0.15
o 122739068579249 0.15
o 122619943658235 0.15
o 122415723823260 0.15
o 122242415487444 0.15
o 122061829313770 0.15
o 121963225945900 0.15
o 121712396472768 0.15
o 121528515209404 0.15
o 121405053503191 0.15
o 121329648973502 0.15
o 121233963057844 0.15
o 121159760821498 0.15
o 121037370720996 0.15
o 120897060409705 0.15
o 120829232625365 0.15
o 120747404603593 0.15
o 120724199548445 0.15
o 120677321503758 0.15
o 120586494005420 0.15
o 120421388092995 0.15
o 120378818633293 0.15
o 120297110105179 0.15
o 120244464557393 0.15
o 120181660172727 0.15
o 120054137222117 0.15
o 120019584143691 0.15
o 119934693272467 0.15
o 119924858796239 0.15
o 119890125200509 0.15
o 119807533375001 0.15
o 119771049011337 0.15
o 119704000793401 0.15
o 119645858332745 0.15
o 119576677595544 0.15
o 119515557156375 0.15
o 119450993578269 0.15
generalized-ising-IS20_5.0.5.0.0.5_softer_periodic
o 126760065679712 0.05
o 126639706020680 0.05
o 126488580539381 0.05
o 126411209922814 0.05
o 126272812086587 0.05
o 126077854308048 0.05
o 125841524593744 0.05
o 125643060866607 0.05
o 125580914096011 0.06
o 125469014972088 0.06
o 125254835477036 0.06
o 125117585348289 0.06
o 124987391389548 0.06
o 124770269996534 0.06
o 124628601321704 0.06
o 124431823809139 0.06
o 124183076082127 0.06
o 124004650662294 0.06
o 123858357174586 0.06
o 123679324610315 0.06
o 123537253535206 0.06
o 123418159368284 0.06
o 123405157664294 0.06
o 123321092439841 0.06
o 123223529396564 0.06
o 123040704023708 0.06
o 122866438822935 0.06
o 122739744659533 0.06
o 122667962775173 0.06
o 122548610042492 0.06
o 122415261484381 0.06
o 122338167454178 0.06
o 122291146210240 0.06
o 122195265950741 0.06
o 122105252008914 0.06
o 122033642970859 0.06
o 121837328687858 0.06
o 121634176930217 0.06
o 121577091879770 0.06
o 121539831090613 0.06
o 121434507289657 0.06
o 121421173443141 0.06
o 121250742136945 0.06
o 121095045789077 0.06
o 121003377869494 0.06
o 120836855214026 0.06
o 120699684912406 0.06
o 120611168542576 0.06
o 120479258652033 0.06
o 120438795265253 0.06
o 120423826265318 0.06
o 120342106508393 0.06
o 120212113600960 0.06
o 120096161755055 0.06
o 120051226869868 0.06
o 119930636286485 0.06
o 119872024169926 0.06
o 119815298841505 0.06
o 119758575134012 0.06
o 119621664910411 0.06
o 119574968388288 0.06
o 119569438067008 0.07
o 119508881457545 0.07
o 119450993578269 0.07
generalized-ising-IS20_5.0.5.0.0.5_softer_periodic
o 124544765081048 0.03
o 124448927040952 0.04
o 124248534524046 0.04
o 124066095595796 0.04
o 123990582036033 0.04
o 123889669493371 0.04
o 123837820110095 0.04
o 123662609235359 0.04
o 123526145595754 0.04
o 123363249299684 0.04
o 123158629450304 0.04
o 123069356019299 0.04
o 122992468239762 0.04
o 122832455498125 0.04
o 122696422949447 0.04
o 122673642598726 0.04
o 122511651963328 0.04
o 122380570139264 0.04
o 122190474413911 0.04
o 122049832739552 0.04
o 121883205104917 0.04
o 121808337040212 0.04
o 121670934872155 0.04
o 121495269163840 0.04
o 121327166140719 0.04
o 121188658429399 0.04
o 121076506818623 0.04
o 120907395333179 0.04
o 120822655310434 0.04
o 120784236800146 0.04
o 120680183634908 0.04
o 120580941820324 0.04
o 120565138170616 0.04
o 120418705416014 0.04
o 120387727360781 0.04
o 120380917519353 0.04
o 120216761435492 0.04
o 120122205439123 0.04
o 120089774838977 0.04
o 119989903678579 0.04
o 119914846651894 0.04
o 119895105649715 0.04
o 119826276523405 0.04
o 119813727510321 0.04
o 119754781511990 0.04
o 119637286974752 0.04
generalized-ising-IS20_5.0.5.0.0.5_softer_periodic
o 126946937750490 0.03
o 126917408543515 0.03
o 126710370177983 0.03
o 126460203414628 0.03
o 126345374517795 0.03
o 126050758202696 0.03
o 125909873820472 0.03
o 125749282393218 0.03
o 125563950120743 0.03
o 125461574790537 0.04
o 125257053685766 0.04
o 125049776340188 0.04
o 124819904280623 0.04
o 124632590739767 0.04
o 124451688901913 0.04
o 124355788538902 0.04
o 124197390416362 0.04
o 123962583179709 0.04
o 123882298594097 0.04
o 123796344338995 0.04
o 123611087410692 0.04
o 123382005270716 0.04
o 123155338721786 0.04
o 123060283190727 0.04
o 123020348344033 0.04
o 122845539802741 0.04
o 122792315168716 0.04
o 122688394350569 0.04
o 122532000464588 0.04
o 122371715877542 0.04
o 122226835926406 0.04
o 122042473581360 0.04
o 121893355936834 0.04
o 121870350323004 0.04
o 121703563740257 0.04
o 121703069121368 0.04
o 121500652233570 0.04
o 121333694628557 0.04
o 121275106846137 0.04
o 121199069956195 0.04
o 121098895333064 0.04
o 120965861684903 0.04
o 120961566216724 0.04
o 120830234519408 0.04
o 120804612070653 0.04
o 120786017300506 0.04
o 120739236667305 0.04
o 120687066228283 0.04
o 120557439794025 0.04
o 120548317056624 0.04
o 120427926016968 0.04
o 120376027862044 0.04
o 120339807582838 0.04
o 120153397022316 0.04
o 120093704687595 0.04
o 119984219680995 0.04
o 119908794350897 0.04
o 119838726014106 0.04
o 119750714704280 0.04
o 119684843724595 0.04
o 119641010454970 0.04
o 119584380405638 0.04
o 119548864349131 0.04
o 119516359367292 0.04
o 119450993578269 0.04
o 119401387482250 0.04
generalized-ising-IS20_5.0.5.0.0.5_softer_periodic
o 124509802822120 0.03
o 124421763527180 0.03
o 124261557893495 0.04
o 124163082292923 0.04
o 124140842091551 0.04
o 123983952340936 0.04
o 123806755467150 0.04
o 123591631191466 0.04
o 123547490307595 0.04
o 123359658602944 0.04
o 123290073639248 0.04
o 123223690977191 0.04
o 123016945666657 0.04
o 122930007023887 0.04
o 122774866917333 0.04
o 122626481414519 0.04
o 122540858727779 0.04
o 122417380747710 0.04
o 122261692110831 0.04
o 122086245360985 0.04
o 122018856745928 0.04
o 121892436048373 0.04
o 121845845749500 0.04
o 121697315103752 0.04
o 121608571739718 0.04
o 121454942141918 0.04
o 121335852432624 0.04
o 121175102362832 0.04
o 121171985881191 0.04
o 121074462973264 0.04
o 120939499419900 0.04
o 120762356926969 0.04
o 120708930659676 0.04
o 120627051605325 0.04
o 120543511348916 0.04
o 120401443807513 0.04
o 120345391839539 0.04
o 120253069329137 0.04
o 120219835774941 0.04
o 120150579930695 0.04
o 120093736111618 0.04
o 120011235837161 0.04
o 119966013908323 0.04
o 119834748883273 0.04
o 119793886570333 0.04
o 119740894895090 0.04
o 119705880956389 0.04
o 119625689900793 0.04
o 119592306363551 0.04
o 119576902495892 0.04
o 119559906865110 0.04
o 119530845022207 0.04
generalized-ising-IS20_5.0.5.0.0.5_softer_periodic
o 126621230611237 0.03
o 126613664738391 0.04
o 126413237236990 0.04
o 126267200433233 0.05
o 126082613851658 0.05
o 125998225203506 0.05
o 125796753722923 0.05
o 125607075676177 0.05
o 125446341717405 0.05
o 125232080429012 0.05
o 125138929416392 0.05
o 125056722385462 0.05
o 124830651770795 0.05
o 124676541035633 0.05
o 124517510504794 0.05
o 124279706168777 0.05
o 124065527820536 0.05
o 123984037397390 0.05
o 123884723044314 0.05
o 123719329921664 0.05
o 123516788876617 0.05
o 123318733299924 0.05
o 123087654329605 0.05
o 123007704218101 0.05
o 122770940316082 0.05
o 122578377307389 0.05
o 122553228978661 0.05
o 122284377466601 0.05
o 122062805006701 0.05
o 121859782874872 0.05
o 121792997529203 0.05
o 121751516793486 0.05
o 121747694468850 0.05
o 121676923104446 0.05
o 121468950919643 0.05
o 121350468005641 0.05
o 121338014668104 0.05
o 121294838878812 0.05
o 121173886410316 0.05
o 121082371984821 0.05
o 120887996612822 0.05
o 120752483060326 0.05
o 120735960867008 0.05
o 120642871968642 0.05
o 120533349805292 0.05
o 120406149834097 0.05
o 120373842511726 0.05
o 120317336908054 0.05
o 120267844708747 0.05
o 120141638179527 0.05
o 120027112669489 0.05
o 119955413090525 0.05
o 119835920047992 0.05
o 119815143668941 0.05
o 119724880238725 0.05
o 119673083155234 0.05
o 119655768343999 0.05
o 119645635184929 0.05
o 119568976537981 0.05
o 119503610748958 0.05
o 119450993578269 0.05
o 119401387482250 0.05
