generalized-ising-IS3_5.0.5.0.0.5_softer_periodic
o 120626199686282 0.06
o 120613958206943 0.07
o 120525829035947 0.07
o 120346138132317 0.08
o 120333392395604 0.08
o 120280991086676 0.08
o 120155405714606 0.08
o 120020124225205 0.08
o 119937067567878 0.08
o 119864984078123 0.08
o 119782114258436 0.08
o 119731079539024 0.08
o 119659737173606 0.08
o 119617290638269 0.08
o 119497059667677 0.08
o 119349433806317 0.08
o 119286586586193 0.08
o 119234253817658 0.1
o 119132257175019 0.1
o 119017654860012 0.1
o 118971858942155 0.1
o 118951642509938 0.1
o 118866022438756 0.1
o 118793678095864 0.1
o 118710065480550 0.1
o 118697186762326 0.1
o 118620964570273 0.1
o 118617605273188 0.1
o 118583595028012 0.1
o 118556126364883 0.1
o 118502728532855 0.1
o 118491273405367 0.1
o 118459998526483 0.11
o 118427292640636 0.11
o 118364119557145 0.11
o 118314161912284 0.11
o 118239134771827 0.11
o 118195293451981 0.11
o 118087193869020 0.11
o 118038186845261 0.11
o 117923856044317 0.11
o 117861894552620 0.11
o 117821963854741 0.11
o 117766357743881 0.11
o 117718678861298 0.11
o 117694278198561 0.11
o 117652868671746 0.11
o 117567393759156 0.11
o 117537844724225 0.11
o 117529880608177 0.11
o 117511399929823 288.24
o 117471326408552 288.24
o 117429072471095 288.24
o 117381533720419 288.24
o 117380136753431 288.24
o 117333169088824 288.24
o 117327981684061 288.25
o 117323375654695 288.25
o 117270210823738 288.25
generalized-ising-IS3_5.0.5.0.0.5_softer_periodic
o 119511779629941 0.05
o 119490613745495 0.05
o 119485155506853 0.05
o 119471062876714 0.05
o 119374729326770 0.08
o 119298238609355 0.08
o 119253324148066 0.08
o 119168438182628 0.08
o 119056119803092 0.08
o 118948544585490 0.08
o 118907647740287 0.08
o 118802651652162 0.08
o 118750957958763 0.08
o 118634413529334 0.08
o 118614383335957 0.08
o 118532075573542 0.08
o 118462659240648 0.08
o 118336315322507 0.08
o 118282190247459 0.08
o 118268918596100 0.08
o 118171203003197 0.08
o 118111929725528 0.08
o 118100029395092 0.08
o 118070123579322 0.08
o 118027637178373 0.08
o 117978098058202 0.08
o 117896536711557 0.08
o 117816230168999 0.08
o 117757532307736 0.08
o 117740957833723 0.08
o 117697708409217 0.08
o 117671412059252 0.08
o 117645281303914 0.08
o 117642606328134 0.08
o 117575630249419 0.08
o 117539857104476 0.08
o 117473588369441 0.08
o 117457794939342 210.13
o 117437175603228 210.13
o 117416828782188 210.13
o 117400419072369 210.13
o 117365147854515 210.13
o 117362203113411 210.13
o 117359097199117 210.13
o 117349981135482 210.13
o 117326194362863 210.13
o 117276836165318 210.13
o 117266066552785 210.13
o 117242274370912 210.13
o 117219548046187 210.13
o 117199657814161 210.13
o 117152396084795 210.13
o 117138601077240 210.13
o 117125280588838 210.14
o 117058963392427 210.14
generalized-ising-IS3_5.0.5.0.0.5_softer_periodic
o 121094526003939 0.02
o 120936850976837 0.02
o 120866930738710 0.02
o 120770657810867 0.02
o 120638272522191 0.02
o 120530671425854 0.02
o 120346728545524 0.02
o 120321503431382 0.02
o 120152554848297 0.02
o 120050812876332 0.02
o 120028132586123 0.02
o 120002925265538 0.02
o 119872267005452 0.02
o 119807414665041 0.02
o 119787542660293 0.02
o 119660152619376 0.02
o 119593672996775 0.02
o 119593534472077 0.02
o 119492995819356 0.02
o 119345103305666 0.02
o 119164655647052 0.02
o 119109794871649 0.02
o 118998960531182 0.02
o 118985662493566 0.03
o 118921206706039 0.03
o 118849669222936 0.03
o 118761895186631 0.03
o 118616118245268 0.03
o 118556475977251 0.03
o 118495971808269 0.03
o 118495125647742 0.03
o 118432968421850 0.03
o 118386671524845 0.03
o 118322055900068 0.03
o 118290975707294 0.03
o 118256005010372 0.03
o 118192553325092 0.03
o 118165537920267 0.03
o 118156094964934 0.03
o 118127443657325 0.03
o 118085391573379 0.03
o 118068700107821 0.03
o 117994442556660 0.03
o 117971088879197 0.03
o 117947809050187 0.03
o 117889279030192 0.03
o 117806470215331 0.03
o 117733521270059 0.03
o 117702134917170 0.03
o 117659904559941 0.03
o 117629741423476 0.03
o 117550895998230 0.03
o 117509241221452 0.03
o 117480294351856 190.89
o 117412406818358 190.89
o 117370276526292 190.89
o 117296285689727 190.89
o 117239746013863 190.89
o 117194755413940 190.89
o 117192502762886 190.89
o 117182226323691 190.89
o 117134123697615 190.89
o 117113155368477 190.89
o 117100200729120 190.89
o 117095231988195 190.89
generalized-ising-IS3_5.0.5.0.0.5_softer_periodic
o 120271223924613 0.03
o 120198116078768 0.03
o 120099195712114 0.03
o 120025075421917 0.03
o 119903672135692 0.03
o 119863432319334 0.03
o 119760734263855 0.03
o 119638916641608 0.03
o 119622955332549 0.03
o 119503407877880 0.03
o 119377384426444 0.03
o 119352274131295 0.04
o 119267801417036 0.04
o 119179834128068 0.04
o 119120528793827 0.04
o 119084969409573 0.04
o 119020460658877 0.04
o 118915572725798 0.04
o 118860339765537 0.04
o 118793133172306 0.04
o 118773287787415 0.04
o 118754604340689 0.04
o 118695833159494 0.04
o 118536626589404 0.04
o 118514167292686 0.04
o 118434523943909 0.04
o 118407657867095 0.04
o 118370720238507 0.04
o 118329305708315 0.04
o 118284696053500 0.04
o 118268805437704 0.04
o 118171229850825 0.04
o 118103447131984 0.04
o 117941767872326 0.04
o 117803105466354 0.04
o 117739889915886 0.04
o 117660984243428 0.04
o 117615812490621 0.04
o 117599295434125 0.04
o 117524417865792 0.04
o 117446879917346 0.04
o 117402922017373 0.04
o 117394849445751 0.04
o 117340784196598 0.04
o 117329125494200 0.04
o 117316774380769 0.04
o 117278904530424 217.97
o 117245555023164 217.97
o 117243573181867 217.97
o 117234680980836 217.97
o 117211992943987 217.97
o 117210074027246 217.97
o 117175366111082 217.97
o 117165211374327 217.97
o 117124199282320 217.97
generalized-ising-IS3_5.0.5.0.0.5_softer_periodic
o 119541857500695 0.02
o 119527741080206 0.02
o 119515513486225 0.02
o 119478454138721 0.02
o 119384052198921 0.03
o 119317638974516 0.03
o 119185369959896 0.03
o 119121991491061 0.03
o 119011036850037 0.03
o 118879857957293 0.03
o 118813481960953 0.03
o 118809916585459 0.03
o 118712481544537 0.03
o 118707530427960 0.03
o 118698521410851 0.03
o 118639068579249 0.03
o 118619943658235 0.03
o 118515723823260 0.03
o 118442415487444 0.03
o 118361829313770 0.03
o 118328515209404 0.03
o 118305053503191 0.03
o 118287227692867 0.03
o 118275936306359 0.03
o 118179953856263 0.03
o 118161387212980 0.03
o 118055265583333 0.03
o 117935627869521 0.03
o 117929829213347 0.03
o 117921150687917 0.03
o 117901144713779 0.03
o 117864331715747 0.03
o 117801212064064 0.03
o 117709874735000 0.03
o 117573613831897 0.03
o 117540983915887 0.03
o 117522312660446 0.03
o 117478485570484 0.03
o 117453705539294 0.03
o 117444769554593 216.01
o 117428993255946 216.01
o 117423329035655 216.01
o 117376740135172 216.01
o 117365533926121 216.01
o 117339529923226 216.01
o 117322476601021 216.01
o 117297610790386 216.01
o 117294300760846 216.01
o 117289373806611 216.01
o 117270203205583 216.01
o 117266885548794 216.01
o 117239575487820 216.01
o 117216424873733 216.01
o 117193039358522 216.01
o 117187684566993 216.01
o 117177534768081 216.01
o 117074124660587 216.01
generalized-ising-IS3_5.0.5.0.0.5_softer_periodic
o 120160065679712 0.02
o 120139706020680 0.02
o 120088580539381 0.02
o 120072812086587 0.02
o 119977854308048 0.02
o 119841524593744 0.02
o 119743060866607 0.02
o 119734762782622 0.02
o 119683252211404 0.03
o 119610283954490 0.03
o 119480914096011 0.03
o 119469014972088 0.03
o 119354835477036 0.03
o 119317585348289 0.03
o 119287391389548 0.03
o 119170269996534 0.03
o 119128601321704 0.03
o 119031823809139 0.03
o 118883076082127 0.03
o 118804650662294 0.03
o 118758357174586 0.03
o 118679324610315 0.03
o 118637253535206 0.03
o 118618159368284 0.03
o 118566438822935 0.03
o 118539744659533 0.03
o 118515261484381 0.03
o 118434176930217 0.03
o 118399684912406 0.03
o 118394433030116 0.03
o 118327487036953 0.03
o 118264066476087 0.03
o 118131006205662 0.03
o 118109384304835 0.03
o 118027117495506 0.03
o 117972380183194 0.03
o 117892569911844 0.03
o 117781344122490 0.03
o 117779738904349 0.03
o 117774501093136 0.03
o 117695725138627 0.03
o 117622407909523 0.03
o 117606608470284 0.03
o 117499384726539 0.03
o 117443086773215 0.03
o 117439844019764 0.03
o 117404869850670 0.03
o 117403777090169 0.03
o 117364044089375 0.03
o 117355041372025 208
o 117278809595299 208
o 117273062142604 208
o 117244298544232 208
o 117217495504953 208
o 117187516696076 208
o 117181209922144 208
o 117165620939038 208
o 117160481472655 208
o 117136917809433 208
o 117130639199680 208
o 117123850317156 208
o 117121003037735 208
o 117095125746112 208
o 117073346907413 208
o 117064032230661 208
o 117019785269983 208
generalized-ising-IS3_5.0.5.0.0.5_softer_periodic
o 119344765081048 0.02
o 119295646743422 0.02
o 119257156800751 0.03
o 119202750404061 0.03
o 119190460025848 0.03
o 119170323959301 0.03
o 119048927040952 0.03
o 118948534524046 0.03
o 118866095595796 0.03
o 118862609235359 0.04
o 118826145595754 0.04
o 118763249299684 0.04
o 118658629450304 0.04
o 118632455498125 0.04
o 118596422949447 0.04
o 118580570139264 0.04
o 118490474413911 0.04
o 118449832739552 0.04
o 118383205104917 0.04
o 118370934872155 0.04
o 118295269163840 0.04
o 118227166140719 0.04
o 118188658429399 0.04
o 118176506818623 0.04
o 118107395333179 0.04
o 118051738888684 0.04
o 118030901607184 0.04
o 117958299349339 0.04
o 117884886236384 0.04
o 117756623405861 0.04
o 117629347670813 0.04
o 117541383995490 0.04
o 117532934360805 0.04
o 117442281025299 0.04
o 117431610910637 0.04
o 117430570092436 0.04
o 117414568810322 0.04
o 117374859163080 202.55
o 117341203846592 202.55
o 117326040723804 202.55
o 117305048286112 202.55
o 117297558532098 202.55
o 117297382101023 202.55
o 117277247276899 202.55
o 117262303810685 202.55
o 117220081325615 202.55
o 117188870762179 202.55
o 117186645790729 202.55
o 117147119165602 202.55
o 117116543531639 202.55
o 117088102613359 202.55
o 117064435077547 202.55
o 117060567629006 202.55
o 117052425139931 202.55
o 117039871410130 202.55
o 117030850546516 202.55
generalized-ising-IS3_5.0.5.0.0.5_softer_periodic
o 120346937750490 0.04
o 120317408543515 0.04
o 120210370177983 0.04
o 120060203414628 0.04
o 120045374517795 0.04
o 119850758202696 0.04
o 119809873820472 0.04
o 119749282393218 0.04
o 119663950120743 0.04
o 119582395463134 0.04
o 119580082333939 0.06
o 119461574790537 0.06
o 119357053685766 0.06
o 119249776340188 0.06
o 119119904280623 0.06
o 119032590739767 0.06
o 118951688901913 0.06
o 118897390416362 0.06
o 118762583179709 0.06
o 118711087410692 0.06
o 118582005270716 0.06
o 118455338721786 0.06
o 118445539802741 0.06
o 118432000464588 0.06
o 118371715877542 0.06
o 118326835926406 0.06
o 118242473581360 0.06
o 118193355936834 0.06
o 118133694628557 0.06
o 118032721006427 0.06
o 118030431675290 0.06
o 117939147359657 0.06
o 117777917810841 0.06
o 117725833743044 0.06
o 117657700938353 0.06
o 117600615303825 0.06
o 117587541373423 0.07
o 117565490405548 0.07
generalized-ising-IS3_5.0.5.0.0.5_softer_periodic
o 119209802822120 0.03
o 119159979164004 0.04
o 119118349063896 0.05
o 119001338962111 0.05
o 118929766755793 0.05
o 118891028387145 0.05
o 118821763527180 0.05
o 118761557893495 0.05
o 118706755467150 0.05
o 118591631191466 0.05
o 118559658602944 0.05
o 118526481414519 0.05
o 118517380747710 0.05
o 118461692110831 0.05
o 118386245360985 0.05
o 118354942141918 0.05
o 118335852432624 0.06
o 118275102362832 0.06
o 118262356926969 0.06
o 118217632108083 0.06
o 118186891103412 0.06
o 118099108780857 0.06
o 117975965410065 0.06
o 117881891950498 0.06
o 117792388790819 0.06
o 117758952708002 0.06
o 117711020437479 0.06
o 117643427707203 0.06
o 117612708700568 0.06
o 117573068735710 0.06
o 117481048365096 0.06
o 117473840286769 0.06
o 117439785178166 0.06
o 117370022596811 294.81
o 117346950072973 294.81
o 117335340396476 294.81
o 117316208064118 294.81
o 117299587656955 294.81
o 117293960309500 294.81
o 117269032404788 294.81
o 117225272539161 294.81
generalized-ising-IS3_5.0.5.0.0.5_softer_periodic
o 120321230611237 0.02
o 120313664738391 0.03
o 120213237236990 0.03
o 120180617319632 0.03
o 120117854258316 0.03
o 120051718560404 0.03
o 119937355533535 0.03
o 119767200433233 0.03
o 119682613851658 0.03
o 119596753722923 0.03
o 119507075676177 0.03
o 119446341717405 0.03
o 119332080429012 0.03
o 119230651770795 0.03
o 119176541035633 0.03
o 119117510504794 0.03
o 118979706168777 0.03
o 118865527820536 0.03
o 118819329921664 0.03
o 118716788876617 0.03
o 118618733299924 0.03
o 118487654329605 0.03
o 118370940316082 0.03
o 118278377307389 0.03
o 118184377466601 0.03
o 118062805006701 0.03
o 117959782874872 0.03
o 117928949372099 0.04
o 117921742159210 0.04
o 117832554206313 0.04
o 117725079206556 0.04
o 117646270136902 0.04
o 117517619294532 0.04
o 117443536971754 0.04
o 117430309220059 0.04
o 117407956354656 0.04
o 117391486501553 200.32
o 117365083062091 200.32
o 117326057021528 200.32
o 117282462071991 200.32
o 117274228939817 200.32
o 117273724692849 200.32
o 117243709835478 200.32
o 117217829265276 200.32
o 117198722824046 200.32
o 117162434641750 200.32
o 117144243197520 200.32
