generalized-ising-IS11_5.0.5.0.0.5_softer_periodic
o 114065958521157 0.02
o 113998831380213 0.02
o 113827769461747 0.02
o 113723272099068 0.02
o 113668035980479 0.02
o 113586388997613 0.02
o 113502342989995 0.02
o 113426039563943 0.02
o 113357799551877 0.02
o 113306539209415 0.02
o 113277938574051 0.02
o 113244526465623 0.02
o 113212794809461 0.02
o 113129016703682 0.03
o 113089019853419 0.03
o 113086751857926 0.04
o 113052755986030 0.04
o 113049044019510 0.04
o 113014665158015 0.04
o 112998128815516 0.04
o 112973218417968 0.05
o 112971360952785 0.05
o 112932549392215 0.05
o 112913832950223 0.05
o 112908809008002 0.06
o 112894121708883 134.42
o 112861646625378 134.42
o 112805134624246 134.42
o 112787360994989 134.42
o 112755252979443 134.42
o 112743591507337 134.42
o 112711614395566 134.42
o 112683479212528 134.42
o 112659481140434 134.42
o 112624707760985 134.42
o 112623749969433 134.42
o 112586199948238 134.42
o 112543449444123 134.42
o 112521446136045 134.43
o 112515003309019 134.43
o 112508284480824 134.43
o 112483159929182 256.26
o 112467686491116 256.26
o 112466682110775 256.26
o 112460011434095 256.26
o 112437162598637 256.26
o 112418450670062 256.26
o 112369911805319 256.26
o 112365684025273 256.26
o 112323427198910 256.26
o 112271483209470 256.26
o 112251787615960 256.26
o 112244266948979 256.26
generalized-ising-IS11_5.0.5.0.0.5_softer_periodic
o 115351538464816 0.03
o 115170372580370 0.03
o 115004914341728 0.03
o 114830821711589 0.03
o 114711425876011 0.03
o 114598058229823 0.03
o 114514376915301 0.03
o 114373363256054 0.03
o 114263108963363 0.03
o 114217357657128 0.03
o 114112197760415 0.03
o 113938354212252 0.03
o 113821801261848 0.03
o 113690429062609 0.03
o 113619675695739 0.03
o 113515505880826 0.03
o 113500134233990 0.03
o 113490908748996 0.03
o 113440965074536 0.03
o 113360095656151 0.03
o 113333144021779 0.03
o 113331681164936 0.03
o 113290964510579 0.03
o 113271160850093 0.03
o 113246136194549 0.03
o 113235160171116 0.03
o 113228493580706 0.04
o 113159821888970 0.04
o 113144760039534 0.05
o 113125453467818 0.05
o 113077144003628 0.06
o 113058775637056 0.06
o 113044876229130 0.06
o 113037460369486 0.06
o 112999172230527 0.06
o 112992614175442 0.08
o 112955049649958 0.09
o 112953485240844 0.09
o 112942401353681 0.09
o 112929149806040 0.09
o 112878878813657 0.09
o 112878806546547 0.11
o 112878047893632 0.11
o 112874702861321 0.11
o 112855311396690 133.52
o 112832327183876 133.52
o 112780819715673 133.52
o 112739939834676 133.52
o 112704038545273 133.52
o 112655689984241 133.52
o 112647095203972 133.52
o 112614768044962 133.52
o 112610523387994 133.52
o 112608718068246 133.52
o 112607354668002 133.52
o 112563251737366 133.52
o 112555477279045 133.52
o 112534138665982 133.52
o 112533386579423 133.52
o 112499488147830 133.52
o 112477584757997 133.52
o 112461614647136 133.52
o 112429918077116 133.52
o 112408300445827 260.07
o 112400838299956 260.07
o 112391174097811 260.07
o 112344011324630 260.07
generalized-ising-IS11_5.0.5.0.0.5_softer_periodic
o 114054284838814 0.04
o 114044234849756 0.04
o 114014935994744 0.04
o 113831238674259 0.04
o 113695331673100 0.04
o 113580528987538 0.04
o 113529567427659 0.04
o 113512662462173 0.04
o 113434219835620 0.04
o 113400070196135 0.04
o 113376618097828 0.04
o 113329516479184 0.04
o 113303330177030 0.04
o 113252786992506 0.05
o 113213519734682 0.05
o 113142152247862 0.05
o 113095543864219 0.05
o 113028662095045 0.05
o 112984716258978 0.05
o 112931521942723 0.05
o 112905495005544 0.05
o 112878666334950 0.05
o 112849940636185 0.05
o 112828991761506 103.74
o 112809663124538 103.74
o 112762977479456 103.74
o 112735355110535 103.74
o 112692908779667 103.74
o 112673435542493 103.74
o 112641341326805 103.74
o 112601132708533 103.74
o 112590671930299 103.74
o 112580083943677 103.74
o 112561692950652 103.74
o 112500514750802 103.74
o 112490157783550 103.74
o 112487147215311 103.74
o 112479947747925 218.11
o 112456775519512 218.11
o 112424029619250 218.11
generalized-ising-IS11_5.0.5.0.0.5_softer_periodic
o 114190982759488 0.04
o 114127750338318 0.04
o 114009701125954 0.04
o 113914647389580 0.04
o 113810943722069 0.04
o 113698161766796 0.04
o 113694356236145 0.04
o 113647336381018 0.04
o 113578455810348 0.04
o 113509716297684 0.04
o 113406996201713 0.04
o 113338092060352 0.04
o 113320220345085 0.04
o 113318162898780 0.04
o 113252520475191 0.04
o 113232301204290 0.04
o 113229694735200 0.04
o 113171655112593 0.04
o 113143232096954 0.04
o 113127285486796 0.04
o 113054193367332 0.04
o 113043554048217 0.04
o 113037538200588 0.04
o 112986117017730 0.05
o 112980392986163 0.05
o 112916892307606 0.05
o 112890018744760 0.07
o 112876388374150 127.52
o 112805659460639 127.52
o 112735291219409 127.52
o 112699636828825 127.52
o 112671792098518 127.52
o 112630540089847 127.52
o 112585776414298 127.52
o 112572385569848 127.52
o 112559383872927 127.52
o 112485032711983 127.52
o 112463326283394 127.52
o 112463236108808 127.52
o 112458864298727 127.52
o 112450959255434 245.7
o 112447652832926 245.7
o 112441442351314 245.7
o 112439124485608 245.7
o 112429747650739 245.7
o 112422499205415 245.7
o 112397487071574 245.7
o 112368398337300 245.7
o 112314922649613 245.7
o 112276800996272 245.7
o 112232420207387 245.7
o 112164489683686 245.7
o 112122221112534 245.7
o 112087006837262 245.7
o 112007890211295 245.7
o 111980294587734 245.7
o 111957678302452 245.7
generalized-ising-IS11_5.0.5.0.0.5_softer_periodic
o 115061616335570 0.03
o 114887499915081 0.03
o 114715272321100 0.03
o 114518212973596 0.03
o 114413772951601 0.03
o 114298449708543 0.03
o 114194563777450 0.03
o 114055500504342 0.03
o 113907408519061 0.03
o 113717003140608 0.03
o 113629305900442 0.03
o 113580559048232 0.03
o 113478890560323 0.03
o 113422171223816 0.03
o 113345587204844 0.03
o 113222649536487 0.03
o 113169280088100 0.03
o 113061791668358 0.03
o 113036532172102 0.03
o 113025114122842 0.04
o 113000309764275 0.04
o 112994217363099 0.04
o 112961844773758 0.04
o 112960636399847 0.04
o 112940709176097 0.05
o 112935427757149 0.05
o 112929019442788 0.05
o 112910021369544 0.05
o 112890496899405 0.07
o 112867246158327 0.07
o 112857997544302 0.08
o 112857487823338 0.08
o 112856831275389 0.08
o 112838739939728 117.94
o 112826632424747 117.94
o 112795163897237 117.94
o 112728219916450 117.94
o 112691335664875 117.94
o 112654600650779 117.94
o 112615651281458 117.94
o 112595572827074 117.94
o 112594941306987 117.94
o 112553608961242 117.94
o 112509527412549 117.94
o 112491729884931 117.94
o 112489656652034 117.94
o 112488864907428 117.94
o 112481476127449 257.59
o 112471361377475 257.59
o 112449709255385 257.59
o 112448422540011 257.59
o 112421274440749 257.59
o 112417375583316 257.59
o 112401545460931 257.59
o 112389325078995 257.59
o 112377518335211 257.59
o 112292495837838 257.59
generalized-ising-IS11_5.0.5.0.0.5_softer_periodic
o 114239824514587 0.06
o 114096110521291 0.06
o 113982321877588 0.06
o 113886122808922 0.06
o 113751308789307 0.06
o 113651129289890 0.06
o 113569581104339 0.06
o 113516831853310 0.06
o 113496408052435 0.06
o 113393530412839 0.06
o 113376707372059 0.06
o 113371557896828 0.06
o 113311380816119 0.06
o 113310425751777 0.06
o 113239614599681 0.06
o 113207353294692 0.06
o 113188392682354 0.06
o 113172815900704 0.11
o 113156256958226 0.11
o 113141171731322 0.11
o 113120236395022 0.11
o 113101552694751 0.11
o 113086527938764 0.11
o 113065239394831 0.21
o 113057297207271 0.21
o 113024906639120 0.21
o 113020106697916 0.22
o 112984551326906 0.22
o 112966228751972 0.22
o 112960246254813 0.25
o 112913860579472 0.25
o 112861035411972 0.25
o 112818966833692 0.25
o 112815158555952 134.18
o 112805974847312 134.18
o 112781903893276 134.18
o 112737326107669 134.18
o 112678611224329 134.18
o 112626476454064 134.18
o 112601254254127 134.18
o 112585687181953 134.18
o 112559670629442 134.18
o 112549788036795 251.74
o 112548125639574 251.74
o 112505950706935 251.74
generalized-ising-IS11_5.0.5.0.0.5_softer_periodic
o 115664523915923 0.02
o 115455405578297 0.02
o 115319131300434 0.02
o 115096915635626 0.02
o 114882509238936 0.02
o 114801508844030 0.02
o 114686343143122 0.02
o 114588247247239 0.02
o 114403044159050 0.02
o 114300174640907 0.02
o 114232251586204 0.02
o 114118545189503 0.02
o 113961622381180 0.02
o 113841757332531 0.03
o 113739861413701 0.03
o 113694521175267 0.03
o 113621307493429 0.03
o 113556729070851 0.03
o 113460705250989 0.03
o 113357628991342 0.03
o 113291736167251 0.03
o 113284695196015 0.03
o 113244300089331 0.03
o 113204658926638 0.03
o 113190605320709 0.03
o 113185286132815 0.03
o 113151240280468 0.03
o 113110668966155 0.03
o 113060708713412 0.03
o 113034471671608 0.05
o 113033633324679 0.05
o 113021348350381 0.05
o 113010644402821 0.05
o 112985787301131 0.06
o 112979349783965 0.07
o 112963701230426 0.07
o 112928869266238 0.07
o 112904599949136 110.23
o 112856453212578 110.23
o 112804135721769 110.23
o 112758844775873 110.23
o 112755933699771 110.23
o 112748514328242 110.23
o 112747197439134 110.23
o 112704795080985 110.23
o 112668576691043 110.23
o 112629235008862 110.23
o 112623422244807 110.23
o 112618429499955 110.23
o 112579657880889 110.23
o 112578328971160 110.23
o 112544103142040 110.23
o 112532839100941 110.23
o 112513156540374 248.94
o 112495042068540 248.94
o 112465457287111 248.94
o 112436537490990 248.94
o 112427658967088 248.94
o 112420040624573 248.94
o 112395537612385 248.94
o 112384872250072 248.94
o 112379579786888 248.94
o 112378006656619 248.94
generalized-ising-IS11_5.0.5.0.0.5_softer_periodic
o 114426696585365 0.03
o 114384223294820 0.03
o 114238990755381 0.03
o 114030941818633 0.03
o 114018985721889 0.03
o 113945433897794 0.03
o 113855710469397 0.03
o 113740367840395 0.03
o 113697176935715 0.03
o 113602997126474 0.03
o 113577818655263 0.03
o 113563214428227 0.03
o 113540826647640 0.03
o 113522173545291 0.03
o 113496632500265 0.03
o 113447470855831 0.03
o 113424227402863 0.03
o 113364182400816 0.03
o 113309883838195 0.03
o 113283141783870 0.03
o 113272094548923 0.03
o 113250612120254 0.03
o 113227082029944 0.03
o 113207390010426 0.03
o 113129802763135 0.03
o 113070571994739 0.03
o 113044798380465 0.04
o 113003283217052 0.04
o 112988262638577 0.06
o 112961566971214 0.06
o 112934780569342 0.06
o 112865138316203 0.06
o 112844555142191 141.05
o 112799335106580 141.05
o 112745249589239 141.05
o 112739791334533 141.05
o 112712384120715 141.05
o 112708265249159 141.05
o 112686105721113 141.05
o 112650113652490 141.05
o 112625869233453 141.05
o 112613533165525 141.05
o 112584898011554 141.05
o 112561047680582 141.05
o 112548581581577 141.05
o 112533458191031 141.05
o 112524318750844 141.05
o 112491395469056 141.05
o 112488952080089 141.05
o 112472184012894 141.05
o 112460134744623 141.05
o 112440584392716 141.05
o 112415945420944 141.05
o 112387369801356 141.05
o 112343608767559 141.05
o 112338228658776 141.05
o 112319159325595 141.05
generalized-ising-IS11_5.0.5.0.0.5_softer_periodic
o 115369561656995 0.03
o 115226781212739 0.03
o 114999737998879 0.03
o 114890335410291 0.03
o 114773883954717 0.03
o 114583879665017 0.03
o 114459107577094 0.03
o 114393260189765 0.03
o 114279002507034 0.03
o 114110760740535 0.03
o 113982102810528 0.03
o 113914535706964 0.03
o 113839697798059 0.03
o 113792744454480 0.03
o 113713945290190 0.03
o 113558484780923 0.03
o 113457426133085 0.03
o 113388807354809 0.03
o 113336156581910 0.03
o 113255076153790 0.03
o 113242609449271 0.03
o 113234830708748 0.03
o 113209533309665 0.03
o 113168765384071 0.03
o 113158201553770 0.03
o 113061752297110 0.04
o 113036393130242 0.04
o 113026895219559 0.04
o 113015773379665 0.04
o 112980051400581 0.05
o 112956497041173 0.05
o 112921528122018 0.05
o 112906600129446 0.05
o 112896323739753 0.08
o 112880066493831 133.62
o 112857780814233 133.62
o 112808264108451 133.62
o 112762722608974 133.62
o 112727967504099 133.62
o 112691215447326 133.62
o 112651667326394 133.62
o 112622238219253 133.62
o 112621492073068 133.62
o 112615413133204 133.62
o 112596428545015 133.62
o 112584571694991 133.62
o 112569541788053 133.62
o 112557132807397 133.62
o 112522999074244 133.62
o 112501067493874 133.62
o 112455610118823 274.96
generalized-ising-IS11_5.0.5.0.0.5_softer_periodic
o 114880989446112 0.06
o 114801370404588 0.06
o 114609132032825 0.06
o 114479448429336 0.06
o 114259489623651 0.06
o 114155750608201 0.06
o 114035668844279 0.06
o 114032874765916 0.06
o 113950423368875 0.06
o 113939770955104 0.06
o 113862356357264 0.06
o 113721100940571 0.06
o 113666995788686 0.06
o 113633311248723 0.06
o 113621284949823 0.06
o 113568423550247 0.06
o 113547217781462 0.06
o 113511981794415 0.06
o 113501355037626 0.06
o 113458817963327 0.06
o 113421327383721 0.06
o 113410315901635 0.06
o 113378041365023 0.07
o 113360986244761 0.07
o 113344973979215 0.07
o 113328806968109 0.07
o 113315220087644 0.07
o 113232755268463 0.07
o 113173406758579 0.07
o 113153860957026 0.09
o 113118830354153 0.09
o 113076539059918 0.09
o 113074381847741 0.09
o 113071583832724 0.11
o 113060816503042 0.11
o 113056901816581 0.11
o 113031962351560 0.11
o 113011766090731 0.11
o 113007993061208 0.11
o 112993737459129 0.11
o 112957332408066 0.11
o 112939966519094 0.15
o 112935799137669 0.15
o 112927340376913 0.15
o 112916551819914 116.78
o 112863910281679 116.78
o 112856209645718 116.78
o 112817695719014 116.78
o 112777396748842 116.78
o 112777024527546 116.78
o 112737128308588 116.78
o 112728396641338 116.78
o 112689515582048 116.78
o 112686501039082 116.79
o 112655579615760 116.79
o 112633252178293 116.79
o 112629718366294 116.79
o 112601801851181 116.79
o 112574587883172 116.79
o 112565578789755 116.79
o 112557907651629 116.79
o 112531689494626 116.79
o 112519042336231 116.79
o 112518497537084 228.71
o 112503333382519 228.71
o 112491454423458 228.71
o 112477170231262 228.71
o 112408172577271 228.71
o 112385735841480 228.71
o 112378069641592 228.71
o 112364259251156 228.71
o 112352429043198 228.71
o 112334455230389 228.71
o 112298081913194 228.71
o 112286595902160 228.71
o 112285623345069 228.71
o 112284942785251 228.71
o 112213595678489 228.71
o 112182293874962 228.71
o 112150619126253 228.71
o 112108141475845 228.71
o 112073233686440 228.71
o 112029816493802 228.71
o 111993606180285 228.71
o 111983571641090 228.71
