generalized-ising-IS15_5.0.5.0.0.5_softer_periodic
o 117365958521157 0.03
o 117238831380213 0.03
o 117007769461747 0.03
o 116843272099068 0.03
o 116728035980479 0.03
o 116586388997613 0.04
o 116442342989995 0.04
o 116306039563943 0.04
o 116177799551877 0.04
o 116066539209415 0.04
o 116010035209587 0.04
o 115917938574051 0.04
o 115824526465623 0.04
o 115732794809461 0.04
o 115703450552823 0.04
o 115627433230401 0.04
o 115579469847164 0.04
o 115543778965505 0.04
o 115453022168109 0.04
o 115409198766242 0.04
o 115398061940601 0.04
o 115357207820637 0.04
o 115344124217959 0.04
o 115312237284755 0.04
o 115278573216154 0.04
o 115247168756640 0.04
o 115207917357254 0.04
o 115171354054236 0.04
o 115149932914036 0.08
o 115126211763526 0.1
o 115098696860220 147.99
o 115073436005305 147.99
o 115052095200866 147.99
o 115051248983138 147.99
o 115030847125831 147.99
o 115024609652710 147.99
o 115016071601957 147.99
o 114999399983034 147.99
o 114979472626524 147.99
o 114968562561768 147.99
o 114951984240339 147.99
o 114934542600902 147.99
o 114921817130442 147.99
o 114912052337799 147.99
o 114901776427495 147.99
o 114891896372115 147.99
o 114878426790819 147.99
o 114877638279570 147.99
o 114869180359302 147.99
generalized-ising-IS15_5.0.5.0.0.5_softer_periodic
o 119551538464816 0.07
o 119310372580370 0.07
o 119084914341728 0.07
o 118850821711589 0.07
o 118671425876011 0.07
o 118498058229823 0.07
o 118354376915301 0.07
o 118153363256054 0.07
o 117983108963363 0.07
o 117877357657128 0.07
o 117712197760415 0.07
o 117478354212252 0.07
o 117301801261848 0.07
o 117110429062609 0.07
o 116979675695739 0.07
o 116815505880826 0.07
o 116740134233990 0.07
o 116670908748996 0.07
o 116560965074536 0.07
o 116420095656151 0.07
o 116333144021779 0.07
o 116308724259965 0.07
o 116211681164936 0.07
o 116110964510579 0.07
o 116031160850093 0.07
o 115946136194549 0.07
o 115903375775938 0.07
o 115815160171116 0.07
o 115775452351773 0.07
o 115775160734301 0.07
o 115747441045147 0.07
o 115688867209177 0.07
o 115630833789446 0.07
o 115556706132944 0.07
o 115525665173093 0.07
o 115515554134779 0.07
o 115443784148856 0.07
o 115386782423512 0.07
o 115379769495325 0.07
o 115361627721912 0.07
o 115314308409330 0.07
o 115273713771814 0.07
o 115266648893424 0.07
o 115259299352465 0.07
o 115240625501273 0.07
o 115231992611647 0.07
o 115215944961530 0.08
o 115182046781073 0.08
o 115181188380140 0.08
o 115176065532312 0.09
o 115162401955625 0.09
o 115150854920766 89.61
o 115137428722669 89.61
o 115095177592227 89.61
o 115072436911003 89.61
o 115038688150194 89.61
o 115010578863264 89.61
o 115005095680272 89.61
o 115003198348012 89.61
o 114980958332190 89.61
o 114974717273407 89.61
o 114953884501301 89.61
o 114944963708714 89.61
o 114941419595185 89.61
o 114931218650710 89.61
o 114926034139618 89.61
o 114925067890865 89.61
o 114916225156343 89.61
o 114906598589308 89.61
o 114899502469885 89.61
o 114872053810469 89.61
o 114870742378074 89.61
o 114862724718204 89.61
o 114858229956567 89.61
o 114856318829121 89.61
generalized-ising-IS15_5.0.5.0.0.5_softer_periodic
o 117174284838814 0.06
o 117104234849756 0.06
o 117014935994744 0.06
o 116771238674259 0.06
o 116575331673100 0.06
o 116400528987538 0.06
o 116289567427659 0.06
o 116212662462173 0.06
o 116074219835620 0.06
o 115980070196135 0.06
o 115896618097828 0.06
o 115789516479184 0.06
o 115732466368303 0.06
o 115683316050909 0.06
o 115583330177030 0.06
o 115550012679856 0.06
o 115497402807659 0.06
o 115448077883427 0.06
o 115427861667957 0.06
o 115389165682302 0.06
o 115345384647798 0.06
o 115337368149253 0.06
o 115324450335457 0.06
o 115323839527091 0.06
o 115259347751318 0.06
o 115256442526641 0.06
o 115239397139051 0.06
o 115225152145546 0.06
o 115220536052863 0.06
o 115204403559211 0.06
o 115163578623327 0.06
o 115127064210804 100.49
o 115083544571607 100.49
o 115051556885577 100.49
o 115023335771111 100.49
o 114986937741771 100.49
o 114980791995349 100.49
o 114969361050635 100.49
o 114961439448745 100.49
o 114941709690656 100.49
o 114922122641692 100.49
o 114893345220182 100.49
o 114887900021423 100.49
o 114876172413118 100.49
o 114863842985678 100.49
generalized-ising-IS15_5.0.5.0.0.5_softer_periodic
o 117670982759488 0.03
o 117547750338318 0.03
o 117369701125954 0.03
o 117214647389580 0.03
o 117050943722069 0.03
o 116878161766796 0.03
o 116814356236145 0.03
o 116707336381018 0.03
o 116578455810348 0.03
o 116449716297684 0.03
o 116286996201713 0.03
o 116158092060352 0.03
o 116080220345085 0.03
o 116026971175149 0.03
o 116005162463936 0.03
o 115931821554292 0.03
o 115838162898780 0.03
o 115712520475191 0.03
o 115632301204290 0.03
o 115572949050362 0.03
o 115519091715249 0.03
o 115475544804148 0.03
o 115463089163250 0.03
o 115452365304302 0.03
o 115363177703900 0.03
o 115339299720448 0.03
o 115332014794934 0.03
o 115299152767721 0.03
o 115284567301905 0.03
o 115274764065461 0.03
o 115265556800699 0.03
o 115261359182300 0.03
o 115259263969134 0.05
o 115226286353027 0.05
o 115202518843648 0.05
o 115195012552858 0.05
o 115168511804421 0.05
o 115158409824270 0.08
o 115135178498186 108.72
o 115117096026962 108.72
o 115086084918511 108.72
o 115076465348250 108.72
o 115049293007923 108.72
o 115035926281797 108.72
o 115014298738459 108.72
o 115009470536517 108.72
o 114997641678931 108.72
o 114988935734422 108.72
o 114983043884903 108.72
o 114975303425820 108.73
o 114971808066898 108.73
o 114964712033491 108.73
o 114943332862259 108.73
o 114934645393289 108.73
o 114929008535611 108.73
o 114894034257772 108.73
generalized-ising-IS15_5.0.5.0.0.5_softer_periodic
o 119141616335570 0.02
o 118907499915081 0.02
o 118675272321100 0.02
o 118418212973596 0.02
o 118253772951601 0.02
o 118078449708543 0.02
o 117914563777450 0.02
o 117715500504342 0.02
o 117507408519061 0.02
o 117257003140608 0.02
o 117109305900442 0.02
o 117000559048232 0.02
o 116971666179410 0.02
o 116778890560323 0.02
o 116662171223816 0.02
o 116525587204844 0.02
o 116342649536487 0.02
o 116229280088100 0.02
o 116061791668358 0.02
o 115976532172102 0.02
o 115928685608483 0.02
o 115866358902964 0.02
o 115832037077655 0.02
o 115749290901876 0.02
o 115669472798459 0.02
o 115603628341763 0.02
o 115576845248878 0.02
o 115522915308728 0.02
o 115467986930110 0.02
o 115411578579165 0.02
o 115374074172848 0.02
o 115359012173894 0.02
o 115350420026555 0.02
o 115339834577119 0.02
o 115331574799647 0.02
o 115265874345005 0.03
o 115260288567103 0.03
o 115256128695279 0.03
o 115244851489688 0.03
o 115172802779282 0.03
o 115166744223643 0.04
o 115156408919329 0.06
o 115155168809461 96.81
o 115152231313850 96.81
o 115112185075517 96.81
o 115071537065322 96.81
o 115068153947898 96.81
o 115041849743650 96.81
o 115010988231857 96.81
o 114995762955380 96.81
o 114987154635414 96.81
o 114975545687071 96.81
o 114954849805985 96.81
o 114944289134587 96.81
o 114942400802984 96.81
o 114936263657890 96.82
o 114920819443999 96.82
o 114908044232095 96.82
o 114897689220370 96.82
o 114894273295593 96.82
o 114892097852739 96.82
o 114889534266322 96.82
o 114877023802672 96.82
generalized-ising-IS15_5.0.5.0.0.5_softer_periodic
o 117779824514587 0.04
o 117576110521291 0.04
o 117402321877588 0.04
o 117246122808922 0.04
o 117051308789307 0.04
o 116891129289890 0.04
o 116749581104339 0.04
o 116636831853310 0.04
o 116556408052435 0.04
o 116393530412839 0.04
o 116316707372059 0.04
o 116251557896828 0.04
o 116131380816119 0.04
o 116083918353074 0.04
o 116010425751777 0.04
o 115879614599681 0.04
o 115787353294692 0.04
o 115708392682354 0.04
o 115682756156442 0.04
o 115616868886025 0.04
o 115554924898063 0.04
o 115499112438259 0.04
o 115454845835335 0.04
o 115411592476499 0.04
o 115398235824370 0.04
o 115357460648598 0.04
o 115312091888521 0.04
o 115264901420484 0.04
o 115255551693338 0.04
o 115207496730543 0.04
o 115189055766889 0.06
o 115153480252605 0.07
o 115115465651668 0.08
o 115110605068646 0.08
o 115102287882435 0.08
o 115096520701246 94.4
o 115072514732220 94.4
o 115060131598247 94.4
o 115030925513423 94.4
o 115005765697326 94.4
o 114995689340543 94.4
o 114992958826373 94.4
o 114972610967803 94.4
o 114964478458836 94.4
o 114956263791711 94.4
o 114937534626211 94.4
o 114911237578872 94.4
o 114894762318817 94.4
generalized-ising-IS15_5.0.5.0.0.5_softer_periodic
o 120044523915923 0.04
o 119775405578297 0.04
o 119579131300434 0.04
o 119296915635626 0.04
o 119022509238936 0.04
o 118881508844030 0.04
o 118706343143122 0.04
o 118548247247239 0.04
o 118303044159050 0.04
o 118140174640907 0.04
o 118012251586204 0.04
o 117838545189503 0.04
o 117621622381180 0.04
o 117441757332531 0.04
o 117279861413701 0.04
o 117174521175267 0.04
o 117041307493429 0.04
o 116916729070851 0.04
o 116760705250989 0.04
o 116597628991342 0.04
o 116471736167251 0.04
o 116404695196015 0.04
o 116304300089331 0.04
o 116204658926638 0.04
o 116130605320709 0.04
o 116080488617476 0.04
o 116034001699131 0.04
o 115945286132815 0.04
o 115851240280468 0.04
o 115750668966155 0.04
o 115640708713412 0.04
o 115617448080264 0.04
o 115610829576156 0.04
o 115515866014377 0.04
o 115505173224692 0.04
o 115459968119637 0.04
o 115407258999863 0.04
o 115377289496518 0.04
o 115328003269995 0.04
o 115292378836391 0.04
o 115280604086266 0.04
o 115235739909290 0.04
o 115222488891281 0.04
o 115205155966872 0.04
o 115203943652874 0.04
o 115202536352799 0.06
o 115162806060066 0.06
o 115137852338921 119.45
o 115106463914583 119.45
o 115087454864869 119.45
o 115051077061903 119.45
o 115020774258680 119.45
o 115014103139868 119.45
o 115005798707987 119.45
o 114981586271009 119.45
o 114980696989124 119.45
o 114959216393569 119.45
o 114938418375215 119.45
o 114926874983786 119.45
o 114922196501193 119.45
o 114908698766658 119.45
o 114907669660991 119.45
o 114869730581349 119.45
o 114854149855916 119.45
generalized-ising-IS15_5.0.5.0.0.5_softer_periodic
o 117966696585365 0.06
o 117864223294820 0.06
o 117658990755381 0.06
o 117390941818633 0.06
o 117318985721889 0.06
o 117185433897794 0.06
o 117035710469397 0.06
o 116860367840395 0.06
o 116757176935715 0.06
o 116602997126474 0.06
o 116517818655263 0.06
o 116443214428227 0.06
o 116360826647640 0.06
o 116315225684160 0.06
o 116222173545291 0.06
o 116136632500265 0.06
o 116027470855831 0.06
o 115944227402863 0.06
o 115901195845962 0.06
o 115764182400816 0.06
o 115649883838195 0.06
o 115601711711136 0.06
o 115558048872719 0.06
o 115482887793758 0.06
o 115471505017915 0.06
o 115431438829263 0.06
o 115364203806598 0.06
o 115328402008882 0.06
o 115315312744806 0.06
o 115314425323002 0.06
o 115272349247256 0.06
o 115209968064878 0.07
o 115186637674898 0.07
o 115170065193982 0.07
o 115161089938394 0.09
o 115148194314909 0.09
o 115144714918359 0.09
o 115140139834203 96.14
o 115138804194453 96.14
o 115115402291782 96.14
o 115084074767795 96.14
o 115062673933089 96.14
o 115030227922330 96.14
o 115008577816814 96.14
o 115005682933339 96.14
o 114995114575190 96.14
o 114991147400184 96.14
o 114982782852380 96.14
o 114979620960397 96.14
o 114961696907680 96.14
o 114946841560378 96.14
o 114933731559336 96.14
o 114924548682704 96.14
o 114919280314535 96.14
o 114891088912138 96.14
o 114890531954964 96.14
o 114888886486195 96.14
generalized-ising-IS15_5.0.5.0.0.5_softer_periodic
o 119689561656995 0.06
o 119486781212739 0.06
o 119199737998879 0.06
o 119030335410291 0.06
o 118853883954717 0.06
o 118603879665017 0.06
o 118419107577094 0.06
o 118293260189765 0.06
o 118119002507034 0.06
o 117890760740535 0.06
o 117702102810528 0.06
o 117574535706964 0.06
o 117439697798059 0.06
o 117332744454480 0.06
o 117193945290190 0.06
o 116978484780923 0.06
o 116817426133085 0.06
o 116688807354809 0.06
o 116576156581910 0.06
o 116435076153790 0.06
o 116387691834136 0.06
o 116320531467023 0.06
o 116242609449271 0.06
o 116174830708748 0.06
o 116089533309665 0.06
o 115988765384071 0.06
o 115947453780039 0.06
o 115907264626876 0.06
o 115843539043425 0.06
o 115755382991099 0.06
o 115678201553770 0.06
o 115622384681651 0.06
o 115592321304427 0.06
o 115538918737061 0.06
o 115503201375636 0.06
o 115459029545550 0.06
o 115400562220767 0.06
o 115375300110163 0.06
o 115337502600047 0.06
o 115279767119015 0.06
o 115261587372495 0.06
o 115257653348743 0.06
o 115240327916563 0.06
o 115217614669507 0.06
o 115194123636602 0.06
o 115190581889697 0.06
o 115185818765490 0.06
o 115171560461471 0.08
o 115155815690891 0.08
o 115149974545508 0.11
o 115136159756573 0.11
o 115131830622042 0.11
o 115110535819319 101.45
o 115084481438156 101.45
o 115056964034638 101.45
o 115056204209831 101.45
o 115029854835172 101.45
o 115006111838178 101.45
o 115001412323642 101.45
o 114994754132099 101.45
o 114973171842486 101.45
o 114953233865015 101.45
o 114933608878170 101.45
o 114931941766088 101.45
o 114927447503205 101.45
o 114917454708839 101.45
o 114901589019651 101.45
o 114879245049586 101.45
o 114863881608262 101.45
o 114855218359517 101.45
generalized-ising-IS15_5.0.5.0.0.5_softer_periodic
o 118600989446112 0.06
o 118461370404588 0.06
o 118209132032825 0.06
o 118019448429336 0.06
o 117739489623651 0.06
o 117575750608201 0.06
o 117395668844279 0.06
o 117332874765916 0.06
o 117190423368875 0.06
o 117119770955104 0.06
o 116982356357264 0.06
o 116781100940571 0.06
o 116666995788686 0.06
o 116573311248723 0.06
o 116501284949823 0.06
o 116388423550247 0.06
o 116307217781462 0.06
o 116211981794415 0.06
o 116141355037626 0.06
o 116072701844369 0.06
o 115918817963327 0.06
o 115821327383721 0.06
o 115781051231074 0.06
o 115704081613265 0.06
o 115630315901635 0.06
o 115573301891173 0.06
o 115525090339755 0.06
o 115519871571060 0.06
o 115513325889707 0.06
o 115472468409383 0.06
o 115470155680839 0.06
o 115450144694649 0.06
o 115433367253701 0.06
o 115431532463539 0.06
o 115419228555375 0.06
o 115396863282686 0.06
o 115388624700949 0.06
o 115347324734493 0.06
o 115342372126736 0.06
o 115341878649494 0.06
o 115341518999051 0.08
o 115332475319107 0.08
o 115310819037397 0.08
o 115309529935839 0.08
o 115297797842197 0.08
o 115280422766691 0.08
o 115264615136882 0.08
o 115214219124023 0.08
o 115207381607375 0.08
o 115193255864239 0.09
o 115166493295949 0.09
o 115164833992921 0.09
o 115143902356736 105.56
o 115095212218141 105.56
o 115068719999878 105.56
o 115032313587501 105.56
o 115001956852450 105.56
o 114971899314288 105.56
o 114970201712805 105.56
o 114959949983679 105.56
o 114943490023023 105.56
o 114928483828757 105.56
o 114924143525674 105.57
