mpe-random-net-50-5_network-8.net
o 89922 0
o 88493 0
o 84068 0
o 79448 0
o 76065 0
o 75565 0.03
o 75425 0.05
o 75298 0.07
o 74915 0.08
o 73673 0.12
o 71397 0.12
o 71143 0.25
o 70306 0.25
o 68767 0.3
o 68428 0.66
o 67874 3.02
o 67630 4.21
o 67532 5.47
o 67221 7.78
o 66940 8.77
o 65563 8.77
o 52550 22.69
o 51153 22.69
o 51088 22.7
o 50893 22.7
o 50741 22.7
o 50442 63.24
o 50293 90.77
o 50292 132.62
o 49727 132.62
o 49595 146.32
o 49443 146.32
o 49134 187.72
mpe-random-net-50-5_network-8.net
o 94735 0
o 93606 0
o 87324 0
o 85724 0
o 85234 0.01
o 82606 0.01
o 79384 0.01
o 78724 0.01
o 76283 0.01
o 76171 0.03
o 72687 0.03
o 70539 0.09
o 66754 0.24
o 65556 2.66
o 65521 10.4
o 65238 10.4
o 62579 10.4
o 58985 25.58
o 58297 25.58
o 57109 25.58
o 56622 25.58
o 56585 25.58
o 56528 25.58
o 56462 25.58
o 55693 25.58
o 55538 25.58
o 54524 25.58
o 54514 25.58
o 54426 25.58
o 54034 25.58
o 53747 25.58
o 53234 25.58
o 53087 25.58
o 52988 25.58
o 52762 25.58
o 52380 25.58
o 51416 25.58
o 51320 25.59
o 50863 25.59
o 50795 39.55
o 50294 39.55
o 50237 39.55
o 48933 39.55
mpe-random-net-50-5_network-8.net
o 84643 0.07
o 81004 0.13
o 79666 0.13
o 79001 0.22
o 78063 0.59
o 77029 0.67
o 76121 0.67
o 75438 2.02
o 71887 2.12
o 71556 3.57
o 70988 4.42
o 68386 4.42
o 67746 4.49
o 66945 4.49
o 66639 17.99
o 65462 22.7
o 63955 35.46
o 54194 49.21
o 53768 49.21
o 52944 49.21
o 52926 49.21
o 52569 49.21
o 52556 49.21
o 52122 49.21
o 51362 49.21
o 50493 49.21
o 50259 65.11
o 50029 65.11
o 49851 78.78
o 49804 78.78
o 49338 78.78
o 48708 106.6
mpe-random-net-50-5_network-8.net
o 85046 0
o 84811 0
o 84383 0
o 84128 0
o 84051 0
o 76510 0
o 74293 0
o 74251 0.01
o 73796 0.01
o 73186 0.02
o 72933 0.02
o 72470 0.04
o 72227 0.14
o 72111 0.34
o 71050 0.61
o 70930 0.65
o 70444 0.65
o 69865 0.65
o 68742 2.77
o 68183 4.71
o 67667 10.53
o 64853 10.53
o 64827 10.53
o 54893 27.12
o 54762 27.12
o 54474 27.12
o 53554 27.12
o 53419 27.12
o 53259 27.12
o 52499 27.12
o 52036 27.12
o 51269 27.12
o 50915 27.13
o 50242 27.13
o 49967 27.13
o 49723 27.13
o 49431 135.41
mpe-random-net-50-5_network-8.net
o 81865 0.01
o 76775 0.01
o 76444 0.01
o 74491 0.01
o 74083 0.02
o 73875 0.15
o 73223 0.19
o 70935 0.2
o 69310 0.28
o 69145 1.1
o 68848 1.4
o 66679 1.4
o 65850 10.83
o 63166 29
o 54325 43.68
o 53151 43.68
o 52486 43.69
o 51994 43.69
o 51914 43.69
o 51638 43.69
o 51188 43.69
o 50283 43.69
o 50102 43.69
o 49992 116.65
o 49522 131.52
o 49366 210.96
o 49195 210.96
o 48620 210.96
o 48383 210.96
mpe-random-net-50-5_network-8.net
o 81191 0
o 79070 0
o 78755 0.01
o 77312 0.01
o 76685 0.01
o 76328 0.03
o 76189 0.03
o 75619 0.04
o 71996 0.07
o 71083 0.12
o 70053 0.64
o 69939 1.16
o 69396 1.16
o 69244 1.17
o 69208 1.57
o 66897 1.97
o 65137 5.59
o 52156 21.66
o 51699 21.66
o 51452 21.66
o 50711 37.52
o 49577 37.52
o 49049 37.52
o 48741 37.53
mpe-random-net-50-5_network-8.net
o 83406 0
o 82287 0
o 78815 0
o 77447 0.01
o 70917 0.01
o 68083 0.94
o 67988 9.88
o 67168 9.9
o 66866 13.96
o 66350 16.16
o 64951 16.16
o 64650 16.16
o 64375 23.08
o 63633 33.83
o 53350 50.05
o 52259 50.05
o 51999 50.05
o 51615 50.05
o 51378 50.05
o 50814 50.05
o 50036 50.05
o 49831 50.05
o 49104 50.05
o 48827 81.65
mpe-random-net-50-5_network-8.net
o 83246 0.02
o 82129 0.02
o 81936 0.02
o 81391 0.03
o 78264 0.03
o 77434 0.03
o 76778 0.03
o 75325 0.03
o 74487 0.08
o 73629 0.08
o 71317 0.22
o 71263 0.22
o 70101 0.22
o 69807 0.24
o 69007 0.29
o 67246 0.35
o 66047 2.86
o 62883 2.86
o 62837 17.7
o 53761 32.74
o 53601 32.74
o 53281 32.74
o 52268 32.75
o 51520 32.75
o 51334 32.75
o 51115 32.75
o 51009 32.75
o 50528 32.76
o 50379 61.65
o 49654 61.65
o 49598 61.65
o 49449 61.65
o 48145 61.65
mpe-random-net-50-5_network-8.net
o 84288 0.01
o 83819 0.01
o 83091 0.01
o 82462 0.01
o 78608 0.01
o 77232 0.01
o 76235 0.02
o 70990 0.02
o 69204 0.09
o 69064 0.22
o 68684 2.09
o 68298 2.86
o 66649 2.96
o 65251 18.46
o 51939 33.96
o 51447 33.96
o 50252 33.96
o 50243 33.96
o 50157 33.96
o 49547 33.96
o 49081 33.96
o 48724 33.96
o 48417 65.31
mpe-random-net-50-5_network-8.net
o 93172 0
o 93017 0
o 79110 0
o 78228 0
o 76662 0
o 74211 0.04
o 72506 0.07
o 71589 0.07
o 69667 0.07
o 68751 0.33
o 66883 0.38
o 66546 0.38
o 66228 5.22
o 64555 11.16
o 54749 27.32
o 54373 27.32
o 53950 27.32
o 52924 27.32
o 52714 27.32
o 52014 27.32
o 51366 27.32
o 50763 27.33
o 50332 27.33
o 50127 27.33
o 49647 121.43
o 49623 184.46
o 49385 184.46
