ParametricRBACMaintenance_mse20-role_university_multiple_0.4_7
o 213097 153.54
o 213085 153.54
o 213071 153.54
o 213064 153.54
o 213057 153.54
o 209958 153.58
o 205802 153.95
o 205795 153.95
o 200422 175.24
o 195971 175.25
o 195964 175.25
o 195381 225.07
o 191533 225.07
o 191526 225.07
ParametricRBACMaintenance_mse20-role_university_multiple_0.4_7
o 196974 70.62
ParametricRBACMaintenance_mse20-role_university_multiple_0.4_7
o 194832 47.46
o 194621 76.88
o 189014 76.9
ParametricRBACMaintenance_mse20-role_university_multiple_0.4_7
o 205243 65.62
o 203100 65.64
o 203072 65.69
o 198063 118.76
ParametricRBACMaintenance_mse20-role_university_multiple_0.4_7
o 220077 46.4
o 220070 46.4
o 212556 46.43
o 212549 46.43
o 212542 46.43
o 212509 46.44
o 198209 69.5
ParametricRBACMaintenance_mse20-role_university_multiple_0.4_7
o 212389 45.48
o 196587 58.49
o 196573 58.49
o 196566 58.49
o 196559 58.49
o 196552 58.49
ParametricRBACMaintenance_mse20-role_university_multiple_0.4_7
o 211242 63.04
o 211223 63.04
o 196747 72.22
ParametricRBACMaintenance_mse20-role_university_multiple_0.4_7
o 205792 64.8
o 192160 82.76
o 192153 82.76
o 189765 84.9
o 189758 84.9
o 189751 84.9
ParametricRBACMaintenance_mse20-role_university_multiple_0.4_7
o 203210 66.46
o 203178 71.81
o 199333 71.84
o 189502 126.76
ParametricRBACMaintenance_mse20-role_university_multiple_0.4_7
o 191711 38.31
o 191701 38.34
o 191694 38.34
o 191687 38.34
o 191680 38.34
