ParametricRBACMaintenance_mse20-role_smallcomp_multiple_0.7_2
o 347774 0.07
o 347218 0.07
o 346940 0.07
o 346788 0.07
o 346447 0.07
o 313780 0.07
o 313502 0.07
o 313161 0.07
o 312883 0.07
o 312605 0.07
o 312327 0.07
o 280987 0.1
o 280709 0.1
o 279875 0.1
o 279597 0.1
o 279319 0.1
o 279167 0.15
o 278889 0.15
o 278826 0.17
o 278763 0.18
o 278485 0.23
o 278207 0.23
o 277929 1.09
o 277651 2.2
o 277373 3.01
ParametricRBACMaintenance_mse20-role_smallcomp_multiple_0.7_2
o 313009 0.06
o 312731 0.11
o 281606 0.12
o 281328 0.12
o 281050 0.12
o 280772 0.12
o 280494 0.12
o 280216 0.12
o 279938 0.12
o 279660 0.12
o 279382 0.12
o 279104 0.12
o 279041 0.31
o 278763 0.31
o 278485 0.31
o 278207 0.31
o 277929 0.31
o 277903 8.18
o 277840 8.45
o 277777 9.39
o 277714 29.47
o 277651 37.59
o 277562 46.54
o 277436 50.68
o 277373 192.92
ParametricRBACMaintenance_mse20-role_smallcomp_multiple_0.7_2
o 589037 0.03
o 588759 0.03
o 588481 0.03
o 579823 0.03
o 381008 0.06
o 349012 0.08
o 346788 0.08
o 346510 0.08
o 346232 0.08
o 345954 0.08
o 345676 0.08
o 312579 0.08
o 279875 0.1
o 279597 0.1
o 278485 0.1
o 278270 0.56
o 278207 0.71
o 277929 0.83
o 277714 2.19
o 277651 3.58
o 277373 28.49
ParametricRBACMaintenance_mse20-role_smallcomp_multiple_0.7_2
o 412741 0.05
o 412463 0.05
o 412185 0.05
o 378962 0.05
o 345613 0.06
o 345335 0.06
o 312390 0.06
o 280431 0.08
o 280153 0.08
o 279875 0.08
o 279597 0.08
o 279319 0.08
o 278763 0.08
o 278485 0.32
o 278207 0.32
o 277929 0.32
o 277651 5.9
o 277625 50.86
o 277562 67.37
o 277499 90.42
o 277436 98.95
o 277373 236.64
ParametricRBACMaintenance_mse20-role_smallcomp_multiple_0.7_2
o 576851 0.01
o 348734 0.03
o 348456 0.03
o 348178 0.03
o 347900 0.03
o 347622 0.03
o 347344 0.03
o 347129 0.04
o 346851 0.04
o 313628 0.04
o 313350 0.04
o 313135 0.05
o 312023 0.05
o 280898 0.07
o 279382 0.07
o 279104 0.07
o 278837 0.07
o 278559 0.07
o 278485 0.34
o 278207 0.34
o 278118 0.37
o 277929 1.4
o 277651 1.52
o 277373 3.54
ParametricRBACMaintenance_mse20-role_smallcomp_multiple_0.7_2
o 348871 0.06
o 348823 0.07
o 348545 0.07
o 313932 0.07
o 313654 0.07
o 313439 0.07
o 313161 0.07
o 312883 0.07
o 312605 0.07
o 312327 0.07
o 282629 0.09
o 282225 0.11
o 281947 0.11
o 280279 0.11
o 279723 0.11
o 279445 0.11
o 279167 0.11
o 278611 0.11
o 278485 0.26
o 278207 0.26
o 277929 0.26
o 277840 4.47
o 277714 5.71
o 277562 7.39
o 277436 57.63
o 277373 89.8
ParametricRBACMaintenance_mse20-role_smallcomp_multiple_0.7_2
o 348304 0.07
o 348026 0.07
o 347748 0.07
o 347470 0.07
o 347192 0.07
o 316660 0.08
o 316382 0.08
o 315941 0.09
o 315789 0.1
o 314399 0.11
o 314121 0.11
o 313843 0.11
o 313565 0.11
o 313287 0.11
o 313009 0.11
o 312731 0.11
o 312453 0.11
o 312264 0.12
o 283552 0.15
o 283211 0.15
o 281732 0.15
o 281454 0.15
o 281176 0.15
o 280898 0.15
o 280620 0.15
o 280342 0.15
o 280064 0.15
o 279786 0.15
o 279660 0.17
o 279382 0.17
o 279104 0.17
o 278826 0.17
o 278548 0.17
o 278396 0.2
o 278118 0.2
o 277840 0.2
o 277651 0.48
o 277625 7.27
o 277499 18.81
o 277436 31.81
o 277373 189.03
ParametricRBACMaintenance_mse20-role_smallcomp_multiple_0.7_2
o 314247 0.02
o 313969 0.02
o 312883 0.04
o 312605 0.04
o 312327 0.04
o 312049 0.04
o 282010 0.08
o 281732 0.08
o 281454 0.08
o 280216 0.09
o 279938 0.09
o 279660 0.09
o 279382 0.09
o 279104 0.09
o 278826 0.09
o 278763 0.12
o 278485 0.12
o 278207 0.12
o 277929 0.12
o 277777 2.46
o 277651 7.15
o 277499 15.4
o 277436 164.42
ParametricRBACMaintenance_mse20-role_smallcomp_multiple_0.7_2
o 380100 0.09
o 379544 0.09
o 347433 0.09
o 347155 0.09
o 315296 0.1
o 315018 0.1
o 314740 0.1
o 314462 0.1
o 314184 0.1
o 313906 0.1
o 313072 0.1
o 282162 0.11
o 281884 0.11
o 281606 0.11
o 281328 0.11
o 281050 0.11
o 280772 0.11
o 280216 0.11
o 279938 0.11
o 279382 0.11
o 279104 0.11
o 278611 0.15
o 278333 0.15
o 278270 0.47
o 277992 0.48
o 277714 0.48
o 277688 12.3
o 277499 30.68
o 277436 58.65
ParametricRBACMaintenance_mse20-role_smallcomp_multiple_0.7_2
o 316167 0.05
o 315826 0.05
o 314336 0.12
o 314058 0.12
o 313780 0.12
o 313717 0.12
o 313161 0.12
o 312883 0.12
o 312605 0.12
o 312327 0.13
o 312049 0.13
o 311771 0.13
o 280772 0.17
o 280494 0.17
o 280216 0.17
o 279938 0.17
o 279660 0.17
o 278826 0.17
o 278548 0.31
o 278485 0.63
o 278207 0.63
o 277929 0.65
o 277777 2.38
o 277714 4.33
o 277651 5.26
o 277625 10.28
o 277499 29.27
o 277373 276.7
