staff-scheduling-instance5
o 3049 1.51
o 2525 3.63
o 2442 9.46
o 2441 9.46
o 2141 25.24
staff-scheduling-instance5
o 3155 0.39
o 2547 1.17
o 2536 28.27
o 2448 28.42
o 2341 39.74
o 2226 111.16
o 2132 287.11
staff-scheduling-instance5
o 2842 0.91
o 2837 2.96
o 2734 7.41
o 2633 11.42
o 2632 21.4
o 2443 21.68
o 2330 92.58
o 2231 170.25
o 1945 201.15
staff-scheduling-instance5
o 2831 0.35
o 2739 2.28
o 2730 6.32
o 2632 8.34
o 2555 16.57
o 2436 25.35
o 2328 39.69
staff-scheduling-instance5
o 3644 1.87
o 2940 2.2
o 2638 3.57
o 2445 10.3
o 2345 39.43
o 2334 62.99
o 2228 73.62
o 2227 73.62
staff-scheduling-instance5
o 2754 0.57
o 2649 3.98
o 2540 4.43
o 2536 12.14
o 2534 27.8
o 2137 29.75
staff-scheduling-instance5
o 2946 0.83
o 2647 1.37
o 2640 1.62
o 2538 3.6
o 2428 12.86
o 2237 114.09
o 2235 136.21
staff-scheduling-instance5
o 3156 0.27
o 3056 0.42
o 3045 0.64
o 2930 0.97
o 2747 1.62
o 2746 1.65
o 2628 2.13
o 2544 3.93
o 2536 6.86
o 2435 6.86
o 2338 6.86
o 2257 88.86
o 2232 115.5
staff-scheduling-instance5
o 3348 0.58
o 2837 0.69
o 2635 0.69
o 2544 0.73
o 2346 3.12
o 2246 3.12
o 2146 51.06
o 2134 249.72
staff-scheduling-instance5
o 2942 0.24
o 2843 1.53
o 2742 1.53
o 2630 6.89
o 2544 9.69
o 2530 10.54
o 2430 37.33
o 2328 43.06
