staff-scheduling-instance4
o 2219 0.11
o 2214 0.8
o 2127 2.06
o 2026 2.06
o 2017 2.56
o 1918 8.73
o 1825 44.96
staff-scheduling-instance4
o 3336 0.11
o 3135 0.11
o 3035 0.11
o 2733 0.12
o 2732 0.13
o 2716 0.14
o 2319 0.16
o 2123 0.18
o 2027 0.19
o 2015 5.69
o 1915 40.72
staff-scheduling-instance4
o 2934 0.09
o 2616 0.13
o 2515 0.13
o 2514 0.2
o 2325 0.5
o 2219 0.66
o 2215 0.87
o 2121 1.27
o 2118 1.44
o 2020 8.36
o 2018 35.25
o 1824 54.59
staff-scheduling-instance4
o 2932 0.14
o 2924 0.19
o 2723 0.2
o 2420 0.25
o 2119 0.26
o 2117 1.96
o 2024 2.29
o 2019 6.19
o 2018 6.19
o 1922 8.75
o 1916 43.59
o 1914 78.85
staff-scheduling-instance4
o 3950 0.11
o 3534 0.11
o 3533 0.11
o 3433 0.11
o 3333 0.11
o 3236 0.11
o 3223 0.12
o 3222 0.12
o 2814 0.12
o 2615 0.27
o 2514 0.27
o 2218 0.27
o 2123 0.42
o 2023 0.42
o 2021 0.42
o 1920 0.79
o 1918 0.79
o 1913 88.6
staff-scheduling-instance4
o 2819 0.11
o 2020 0.13
o 1920 0.13
o 1919 21.75
o 1820 36.54
staff-scheduling-instance4
o 3132 0.08
o 2632 0.11
o 2427 0.12
o 2123 0.15
o 2118 2.13
o 2114 2.9
o 2028 3.39
o 1920 6.95
o 1919 191.34
o 1825 191.34
staff-scheduling-instance4
o 3128 0.11
o 2728 0.12
o 2627 0.12
o 2526 0.12
o 2525 0.12
o 2426 0.12
o 2329 0.13
o 2222 0.14
o 2220 0.14
o 2123 0.32
o 2118 2.45
o 2020 4.72
o 1927 4.93
o 1925 4.93
o 1924 22.2
o 1923 79.66
o 1920 107.42
o 1918 115.35
o 1915 274.5
staff-scheduling-instance4
o 2319 0.11
o 2219 0.11
o 2123 0.46
o 2122 0.46
o 2113 4.13
o 2023 5.04
o 2016 7.44
o 2015 7.44
o 1922 18.95
o 1921 18.96
o 1825 155.86
staff-scheduling-instance4
o 2815 0.18
o 2629 0.35
o 2628 0.35
o 2626 0.35
o 2516 0.49
o 2413 0.51
o 2321 0.56
o 2320 0.56
o 2319 0.56
o 2126 0.93
o 2125 0.93
o 2123 0.94
o 1922 0.94
o 1913 11.94
o 1813 11.94
