staff-scheduling-instance6
o 4048 1.38
o 4046 1.38
o 3843 1.4
o 3468 8.18
o 3439 27.84
o 3342 35.79
o 3341 60.5
o 3241 60.5
o 3142 290.72
o 3141 290.72
staff-scheduling-instance6
o 3835 2.38
o 3834 2.38
o 3766 3.84
o 3740 4
o 3661 4.61
o 3440 9.43
o 3339 10.18
o 3237 10.18
o 3148 71.71
o 3147 126.37
staff-scheduling-instance6
o 4149 0.9
o 3950 0.9
o 3949 0.9
o 3849 0.9
o 3848 0.9
o 3552 1.13
o 3337 4.32
o 3143 27.17
staff-scheduling-instance6
o 3346 3.96
o 3342 11.05
o 3337 16.23
o 3241 28.57
o 3136 100.79
staff-scheduling-instance6
o 3746 0.74
o 3440 1.84
o 3334 1.86
o 3240 100.63
o 3239 100.63
o 3147 142.45
o 2954 235.14
staff-scheduling-instance6
o 3242 1.38
o 3141 57.48
o 3139 97.77
o 3040 233.18
staff-scheduling-instance6
o 3253 4.82
o 3032 135.44
o 3031 135.44
staff-scheduling-instance6
o 4248 0.81
o 4150 0.92
o 3942 0.95
o 3850 2.15
o 3845 2.32
o 3643 2.45
o 3454 11.6
o 3342 18.54
o 3340 18.54
o 3339 18.55
o 3338 18.55
o 3238 18.55
o 3140 18.55
o 3139 288.38
staff-scheduling-instance6
o 4040 1.79
o 3941 5.64
o 3638 9.24
o 3545 16.44
o 3544 16.44
o 3542 16.44
o 3340 25.54
o 3339 25.55
o 3338 25.55
o 3240 63.98
o 3238 63.98
o 3234 121.53
o 3136 121.53
o 3135 121.54
staff-scheduling-instance6
o 4343 1.22
o 4341 1.22
o 3854 1.41
o 3751 3.73
o 3549 3.74
o 3438 12
o 3435 20.54
o 3336 39.36
o 3335 39.36
o 3235 39.36
o 3154 86.93
o 3054 86.93
o 2945 129.06
