causal-discovery-causal_Water_10_1000
o 45193159 2.13
causal-discovery-causal_Water_10_1000
o 45193159 2.45
causal-discovery-causal_Water_10_1000
o 45193159 1.95
causal-discovery-causal_Water_10_1000
o 45193159 2.67
causal-discovery-causal_Water_10_1000
o 45193159 1.84
causal-discovery-causal_Water_10_1000
o 45193159 1.76
causal-discovery-causal_Water_10_1000
o 45193159 1.74
causal-discovery-causal_Water_10_1000
o 45193159 1.69
causal-discovery-causal_Water_10_1000
o 45193159 1.84
causal-discovery-causal_Water_10_1000
o 45193159 1.75
