correlation-clustering-Rounded_CorrelationClustering_Protein2_BINARY_N220
o 14513590 0.08
o 14501695 0.11
o 14480149 15.39
o 14479717 40.86
o 13961078 46.82
o 13911078 157.25
o 13747651 216.27
correlation-clustering-Rounded_CorrelationClustering_Protein2_BINARY_N220
o 18222961 0.1
o 17003595 0.13
o 16763328 4.65
o 16200089 7.3
o 16150359 7.3
o 16142678 7.3
o 15373826 13.46
o 14208350 16.26
o 14105957 35.63
o 13945093 76.72
o 13895095 209.31
correlation-clustering-Rounded_CorrelationClustering_Protein2_BINARY_N220
o 17069527 0.1
o 16341383 0.13
o 16247556 0.13
o 16170846 0.13
o 14623853 13.2
o 14151283 16.77
o 14116749 49.36
o 14089269 60.52
o 13895095 156.41
correlation-clustering-Rounded_CorrelationClustering_Protein2_BINARY_N220
o 16682296 0.09
o 15403252 0.21
o 15024608 0.21
o 14228642 14.01
o 14111055 23.64
o 14089695 38.14
o 13985241 51.8
o 13932561 78.45
correlation-clustering-Rounded_CorrelationClustering_Protein2_BINARY_N220
o 16628673 0.1
o 15303714 0.17
o 14925161 1.26
o 14674421 1.26
o 14557866 15.25
o 14204866 23.98
o 14134006 32
o 13904047 55.08
o 13795038 163.13
correlation-clustering-Rounded_CorrelationClustering_Protein2_BINARY_N220
o 14414540 0.1
o 13932880 14.26
o 13917688 103.68
o 13895095 217.65
o 13847708 246.2
correlation-clustering-Rounded_CorrelationClustering_Protein2_BINARY_N220
o 17683030 0.1
o 17207216 0.13
o 16706915 0.16
o 16687084 0.16
o 15304479 0.25
o 15195302 0.25
o 15152982 0.25
o 14174106 11.06
o 14104443 27.49
o 14102456 43.62
o 14032938 76.31
o 14011078 220.52
o 13932882 280.85
correlation-clustering-Rounded_CorrelationClustering_Protein2_BINARY_N220
o 15986236 0.09
o 15355656 0.12
o 14425577 12.51
o 14251791 38.86
o 14027925 79.54
o 13895095 89.5
o 13748598 250.51
correlation-clustering-Rounded_CorrelationClustering_Protein2_BINARY_N220
o 14367895 0.09
o 14223056 0.15
o 14106378 38.05
o 14073015 41.81
o 14065766 147.92
o 14012969 251.48
o 13960236 288.6
correlation-clustering-Rounded_CorrelationClustering_Protein2_BINARY_N220
o 15813433 0.09
o 14560368 0.17
o 14413787 25.3
o 14216890 30.79
o 13959023 45.43
