correlation-clustering-Rounded_CorrelationClustering_Protein2_BINARY_N380
o 45887101 0.38
o 41048455 0.53
o 39700932 39.9
o 38226666 68.99
o 37940911 77.56
o 37739755 107.16
o 37616275 160.18
correlation-clustering-Rounded_CorrelationClustering_Protein2_BINARY_N380
o 40219956 0.35
o 38340582 38.92
o 37905047 215.83
correlation-clustering-Rounded_CorrelationClustering_Protein2_BINARY_N380
o 42959741 0.4
o 42909741 0.41
o 42866199 0.72
o 38779582 34.72
o 38575009 51.07
o 38433675 103.61
o 38014182 138.64
correlation-clustering-Rounded_CorrelationClustering_Protein2_BINARY_N380
o 44480595 0.51
o 43060808 0.74
o 40800370 42.65
o 39239972 57.04
o 38575425 69.69
o 38477550 129.14
o 37858899 185.3
correlation-clustering-Rounded_CorrelationClustering_Protein2_BINARY_N380
o 40669690 3.59
o 38680941 32.97
o 38108215 54.22
correlation-clustering-Rounded_CorrelationClustering_Protein2_BINARY_N380
o 40616453 0.3
o 40394110 0.81
o 40371602 0.81
o 39416149 29.84
o 39394285 38.55
o 38516370 46.86
o 38306989 71.16
o 38247648 286.22
correlation-clustering-Rounded_CorrelationClustering_Protein2_BINARY_N380
o 45175280 0.37
o 41446295 0.52
o 40259125 0.55
o 37685183 30.7
correlation-clustering-Rounded_CorrelationClustering_Protein2_BINARY_N380
o 42923640 0.37
o 41620690 0.51
o 38322582 33.53
o 38170710 95.97
o 37619688 147.39
correlation-clustering-Rounded_CorrelationClustering_Protein2_BINARY_N380
o 42320433 0.5
o 41869669 0.82
o 41459524 1.04
o 41172597 1.46
o 40225147 1.93
o 39172601 57.09
o 39072624 57.09
o 38085034 102.36
o 37727590 187.99
correlation-clustering-Rounded_CorrelationClustering_Protein2_BINARY_N380
o 45197722 0.37
o 44282600 0.54
o 42653700 0.69
o 41561628 12.61
o 37584794 42.93
