hs-timetabling-BrazilInstance1.xml
o 217 0.08
o 215 0.08
o 136 0.95
o 135 4.29
o 101 32.1
o 99 32.11
o 91 222.51
hs-timetabling-BrazilInstance1.xml
o 207 0.05
o 165 1.45
o 114 2.41
o 109 85.95
hs-timetabling-BrazilInstance1.xml
o 193 0.1
o 185 1.29
o 175 2.19
o 146 3.41
o 145 10.12
o 126 17.92
o 112 110.24
hs-timetabling-BrazilInstance1.xml
o 228 0.05
o 211 1.15
o 210 1.15
o 152 2.11
o 138 7.1
o 137 7.1
o 136 17.09
o 135 25.02
o 124 42.99
o 122 92.27
o 97 96.36
hs-timetabling-BrazilInstance1.xml
o 182 0.04
o 159 1.04
o 156 2.04
o 154 4.86
o 123 5.78
o 116 7.62
o 111 67.82
hs-timetabling-BrazilInstance1.xml
o 204 0.02
o 157 1.15
o 156 1.15
o 124 3.11
o 121 66.91
o 89 80.28
hs-timetabling-BrazilInstance1.xml
o 207 0.05
o 180 1.04
o 179 1.04
o 172 2.03
o 165 2.95
o 109 3.9
o 102 87.87
hs-timetabling-BrazilInstance1.xml
o 199 0.08
o 198 0.08
o 180 1.15
o 134 3.07
o 122 15.62
o 101 52.76
hs-timetabling-BrazilInstance1.xml
o 220 0.05
o 151 1.2
o 140 10.79
o 138 22.45
o 110 45.3
o 109 45.3
o 104 106.85
hs-timetabling-BrazilInstance1.xml
o 176 0.06
o 151 1.03
o 143 3.84
o 135 113.75
o 125 116.56
o 107 174.13
o 106 174.13
