ParametricRBACMaintenance_mse20-role_domino_multiple_0.6_8
o 379938 1.08
o 369853 1.47
o 350314 2.91
o 294740 5.24
o 294719 5.24
o 294698 5.24
o 294677 5.24
o 294656 5.24
o 294635 5.24
o 294614 5.24
o 294593 5.24
o 294572 5.24
o 294551 5.24
o 286183 12.02
o 263362 12.32
o 263346 12.32
o 256167 12.37
o 232577 43.81
o 232556 43.81
ParametricRBACMaintenance_mse20-role_domino_multiple_0.6_8
o 366678 1.12
o 363131 2.23
o 363110 2.24
o 300235 3.86
o 278903 8.03
o 255170 8.15
o 251179 32.8
o 239734 185.63
o 231515 186.02
o 231473 186.02
ParametricRBACMaintenance_mse20-role_domino_multiple_0.6_8
o 365684 1.11
o 365167 1.21
o 355816 1.41
o 326271 7.6
o 311459 9.56
o 288880 9.62
o 288859 9.62
o 282191 9.62
o 261122 13.99
o 255722 138.37
o 249969 205.04
o 249830 205.04
o 248569 230.06
o 248548 230.06
o 248527 230.06
o 247806 244.99
o 247785 244.99
o 244164 293.71
o 244143 293.71
o 243739 293.77
ParametricRBACMaintenance_mse20-role_domino_multiple_0.6_8
o 384736 1.08
o 363658 1.64
o 362913 2.12
o 361293 2.31
o 356617 5.3
o 326129 5.45
o 304870 6.24
o 298286 6.24
o 279929 8.02
o 265571 14.68
o 243627 26.33
o 239418 37.35
o 235238 58.09
o 224569 100.91
ParametricRBACMaintenance_mse20-role_domino_multiple_0.6_8
o 359252 1.35
o 346313 5.21
o 346070 6.95
o 343004 7.13
o 338346 7.3
o 315217 8.34
o 311357 8.85
o 298298 14.18
o 298277 14.18
o 298256 14.18
o 298235 14.18
o 290326 14.43
o 272070 16.19
o 269482 17.14
o 269461 17.14
o 254066 29.01
o 235426 36.93
o 228794 71.33
ParametricRBACMaintenance_mse20-role_domino_multiple_0.6_8
o 385474 0.99
o 385453 0.99
o 385432 0.99
o 382538 1.32
o 381278 1.4
o 348643 1.62
o 340543 2.62
o 306627 5.46
o 302770 7.62
o 289771 16.11
o 289708 16.11
o 277535 16.46
o 277514 16.46
o 277493 16.46
o 277472 16.46
o 277451 16.46
o 277430 16.46
o 277409 16.46
o 277388 16.46
o 277367 16.46
o 277346 16.46
o 277325 16.46
o 277304 16.46
o 244340 16.78
ParametricRBACMaintenance_mse20-role_domino_multiple_0.6_8
o 391082 1.16
o 389810 1.83
o 356036 2.24
o 344666 5.56
o 344645 5.56
o 334641 6.45
o 329314 8.13
o 329293 8.13
o 318398 9.73
o 315274 10.3
o 299251 10.73
o 299230 10.73
o 299209 10.73
o 264291 11.29
o 262463 30.95
o 262421 30.95
o 262400 30.95
o 262379 30.95
o 259627 38.59
o 250583 46.34
o 250562 46.34
o 250541 46.34
o 250520 46.34
o 250499 46.34
ParametricRBACMaintenance_mse20-role_domino_multiple_0.6_8
o 358571 1.15
o 342221 4.27
o 342179 4.27
o 318800 4.87
o 307008 7.26
o 232590 7.45
o 226913 175.2
ParametricRBACMaintenance_mse20-role_domino_multiple_0.6_8
o 385290 1.27
o 356391 1.67
o 354353 2.09
o 327869 3.96
o 309720 11.07
o 309699 11.07
o 309678 11.07
o 306599 12.34
o 299069 14.11
o 266076 18.82
o 253497 22.65
o 251043 60.65
o 250868 60.7
o 250834 60.7
o 245733 63.62
o 232885 67.1
o 232843 67.1
ParametricRBACMaintenance_mse20-role_domino_multiple_0.6_8
o 352935 1.33
o 352914 1.34
o 348922 5.16
o 345814 8.39
o 345793 8.39
o 331634 8.67
o 311439 9.08
o 311347 9.09
o 289581 12.61
o 289560 12.61
o 289539 12.61
o 289518 12.61
o 289497 12.61
o 289476 12.61
o 289455 12.61
o 289434 12.61
o 289413 12.61
o 289392 12.61
o 289371 12.61
o 264780 13.84
o 263860 43.4
o 263413 63.48
o 250868 69.63
o 228227 69.77
