spot5-1403.wcsp.dir
o 512268 0
o 507253 0
o 506259 0
o 506244 0.03
o 505250 0.03
o 505249 0.03
o 501249 0.03
o 500246 0.03
o 495247 0.03
o 493246 0.03
o 488246 0.03
o 487261 2.83
o 487259 2.83
o 487258 2.83
o 484258 2.83
o 483257 7.83
o 483255 7.83
o 467259 18.07
o 465261 61.88
o 465258 137.73
o 464260 272.5
o 463258 292.46
spot5-1403.wcsp.dir
o 511272 0.01
o 497250 0.01
o 495250 0.01
o 493250 0.01
o 492253 0.01
o 491247 0.12
o 487247 0.12
o 487246 0.12
o 486259 2.48
o 483266 2.75
o 470256 14.08
o 467259 26.26
o 465259 26.35
o 464261 61.96
spot5-1403.wcsp.dir
o 518268 0
o 496247 0
o 495247 0
o 493253 0
o 492253 0.03
o 488252 0.03
o 486252 0.03
o 486251 0.03
o 485269 0.46
o 485268 0.46
o 485262 4.69
o 483262 4.69
o 481258 4.69
o 469264 14.68
o 467259 17.26
o 467258 34.6
o 466263 48.25
o 463260 82.61
o 463257 196.39
spot5-1403.wcsp.dir
o 529273 0.01
o 508252 0.01
o 502271 0.01
o 499257 0.02
o 498262 0.04
o 494259 0.04
o 494258 0.04
o 494257 0.04
o 492257 0.04
o 490257 0.04
o 489250 0.06
o 484265 0.09
o 468259 13.88
o 467257 18.26
o 465260 69.65
o 465258 124.52
o 465254 131.78
spot5-1403.wcsp.dir
o 501273 0
o 490243 0.01
o 488248 0.01
o 486266 0.31
o 482276 0.66
o 470258 11.07
o 467259 18.17
o 465259 23.4
o 463264 68.11
o 463261 177.64
o 463258 228.5
spot5-1403.wcsp.dir
o 512271 0
o 504253 0
o 494251 0
o 493257 0.03
o 490255 0.03
o 488255 0.03
o 486260 0.16
o 486253 5.07
o 486252 5.07
o 486251 11.78
o 483259 11.83
o 483255 11.83
o 482255 11.83
o 467259 21.68
o 466261 92.36
o 465256 188.26
o 464258 204.73
o 463261 234.3
spot5-1403.wcsp.dir
o 515266 0
o 496248 0.01
o 495254 0.02
o 495253 0.02
o 493253 0.02
o 493252 0.02
o 490262 0.08
o 488262 0.08
o 485264 0.08
o 485262 0.08
o 485261 0.08
o 483261 0.08
o 467262 12.6
o 463262 35.15
spot5-1403.wcsp.dir
o 511275 0
o 497250 0
o 495250 0
o 494258 0
o 492260 0
o 492258 0
o 491267 0.09
o 491262 0.09
o 490260 0.09
o 487262 0.09
o 487259 0.09
o 486259 0.09
o 486252 0.9
o 486251 0.9
o 485265 2.14
o 484260 2.14
o 471258 12.08
o 469252 16.55
o 467258 16.58
o 465260 38.48
o 464261 176.67
o 463259 270.14
spot5-1403.wcsp.dir
o 513270 0
o 496252 0.01
o 494263 0.05
o 491257 0.05
o 491256 0.05
o 491255 0.05
o 489262 0.26
o 488263 0.26
o 486263 0.26
o 485252 0.52
o 482271 2.28
o 482261 2.66
o 480261 2.66
o 473259 12.64
o 470264 15.79
o 470259 20.36
o 470258 26.08
o 467257 33.18
o 465260 38.9
o 465257 99.27
o 463263 112.71
o 463262 136.9
spot5-1403.wcsp.dir
o 512273 0.01
o 504253 0.01
o 498263 0.02
o 491259 0.02
o 489258 0.02
o 487258 0.02
o 487257 0.02
o 487255 0.02
o 487251 3.13
o 486263 3.98
o 486258 4.29
o 485260 10.24
o 485259 10.24
o 485258 10.24
o 484256 19.65
o 467260 29.6
o 467257 46.62
o 463262 72.44
