decision-tree-anneal-un-formula_0.8_2021_atleast_127_max-6_reduced_incomplete_tree
o 310 10.250000
o 309 10.440000
o 308 10.450000
o 307 10.450000
o 306 10.450000
o 305 10.450000
o 304 10.450000
o 303 10.450000
o 302 10.450000
o 301 10.450000
o 300 10.450000
o 299 10.450000
o 298 10.450000
o 297 10.450000
o 296 10.450000
o 295 10.450000
o 294 10.450000
o 293 10.450000
o 292 10.450000
o 291 10.450000
o 290 10.450000
o 289 10.460000
o 288 10.460000
o 287 10.460000
o 286 10.460000
o 285 10.460000
o 284 10.460000
o 283 10.460000
o 282 10.460000
o 281 10.460000
o 280 10.460000
o 279 10.460000
o 278 10.460000
o 277 10.460000
o 276 10.460000
o 275 10.460000
o 274 10.460000
o 273 10.460000
o 272 10.460000
o 271 10.460000
o 270 10.470000
o 269 10.470000
o 268 10.470000
o 267 10.470000
o 266 10.470000
o 265 10.470000
o 264 10.470000
o 263 10.470000
o 262 10.470000
o 261 10.470000
o 260 10.470000
o 259 10.470000
o 258 10.470000
o 257 10.470000
o 256 10.470000
o 255 10.470000
o 254 10.470000
o 253 10.470000
o 252 10.470000
o 251 10.480000
o 250 10.480000
o 249 10.480000
o 248 10.480000
o 247 10.480000
o 246 10.480000
o 245 10.480000
o 244 10.480000
o 243 10.480000
o 242 10.480000
o 241 10.480000
o 240 10.480000
o 239 10.480000
o 238 10.480000
o 237 10.480000
o 236 10.480000
o 235 10.480000
o 234 10.480000
o 233 10.490000
o 232 10.490000
o 231 10.490000
o 230 10.490000
o 229 10.490000
o 228 10.490000
o 227 10.490000
o 226 10.490000
o 225 10.490000
o 224 10.490000
o 223 10.490000
223	10.490000
decision-tree-anneal-un-formula_0.8_2021_atleast_127_max-6_reduced_incomplete_tree
o 243 8.820000
o 242 9.050000
o 241 9.050000
o 240 9.050000
o 239 9.050000
o 238 9.050000
o 237 9.050000
o 236 9.050000
o 235 9.060000
o 234 9.060000
o 233 9.060000
o 232 9.060000
o 231 9.060000
o 230 9.060000
o 229 9.060000
o 228 9.060000
o 227 9.060000
o 226 9.060000
o 225 9.060000
o 224 9.060000
o 223 9.060000
o 222 9.060000
o 221 9.060000
o 220 9.060000
o 219 9.060000
o 218 9.060000
o 217 9.070000
o 216 9.070000
o 215 9.070000
o 214 9.070000
o 213 9.070000
o 212 9.070000
o 211 9.070000
o 210 9.070000
o 209 9.070000
o 208 9.070000
o 207 9.070000
o 206 9.070000
o 205 9.070000
o 204 9.070000
o 203 9.070000
o 202 9.070000
o 201 9.070000
o 200 9.070000
o 199 9.070000
o 198 9.080000
o 197 9.080000
o 196 9.080000
o 195 9.080000
o 194 9.080000
o 193 9.080000
o 192 9.080000
o 191 9.080000
o 190 9.080000
o 189 9.080000
o 188 9.080000
o 187 9.080000
o 186 9.080000
o 185 9.080000
o 184 9.080000
o 183 9.080000
o 182 9.080000
o 181 9.080000
o 180 9.090000
o 179 9.090000
o 178 9.090000
o 177 9.090000
o 176 9.090000
o 175 9.090000
o 174 9.090000
o 173 9.090000
o 172 9.090000
o 171 9.090000
o 170 9.090000
o 169 9.090000
o 168 9.090000
o 167 9.090000
o 166 9.090000
o 165 9.090000
o 164 9.090000
o 163 9.090000
o 162 9.090000
o 161 9.100000
o 160 9.100000
o 159 9.100000
o 158 9.100000
o 157 9.100000
o 156 9.100000
o 155 9.100000
o 154 9.100000
o 153 9.100000
o 152 9.100000
o 151 9.100000
o 150 9.100000
o 149 9.100000
o 148 9.100000
o 147 9.100000
o 146 9.100000
o 145 9.100000
o 144 9.100000
o 143 9.110000
o 142 9.110000
o 141 9.110000
o 140 9.110000
o 139 9.110000
o 138 9.110000
o 137 9.110000
o 136 9.110000
o 135 9.110000
o 134 9.110000
o 133 9.110000
o 132 9.110000
o 131 9.110000
o 130 9.110000
o 129 9.110000
o 128 9.110000
o 127 9.110000
o 126 9.110000
o 125 9.110000
o 124 9.120000
o 123 9.120000
o 122 9.120000
o 121 9.120000
o 120 9.120000
120	9.120000
decision-tree-anneal-un-formula_0.8_2021_atleast_127_max-6_reduced_incomplete_tree
o 226 8.100000
o 225 8.260000
o 224 8.260000
o 223 8.260000
o 222 8.260000
o 221 8.260000
o 220 8.260000
o 219 8.270000
o 218 8.270000
o 217 8.270000
o 216 8.270000
o 215 8.270000
o 214 8.270000
o 213 8.270000
o 212 8.270000
o 211 8.270000
o 210 8.270000
o 209 8.270000
o 208 8.270000
o 207 8.270000
o 206 8.270000
o 205 8.270000
o 204 8.270000
o 203 8.270000
o 202 8.270000
o 201 8.270000
o 200 8.280000
o 199 8.280000
o 198 8.280000
o 197 8.280000
o 196 8.280000
o 195 8.280000
o 194 8.280000
o 193 8.280000
o 192 8.280000
o 191 8.280000
o 190 8.280000
o 189 8.280000
o 188 8.280000
o 187 8.280000
o 186 8.280000
o 185 8.280000
o 184 8.280000
o 183 8.280000
o 182 8.290000
o 181 8.290000
o 180 8.290000
o 179 8.290000
o 178 8.290000
o 177 8.290000
o 176 8.290000
o 175 8.290000
o 174 8.290000
o 173 8.290000
o 172 8.290000
o 171 8.290000
o 170 8.290000
o 169 8.290000
o 168 8.290000
o 167 8.290000
o 166 8.290000
o 165 8.290000
o 164 8.290000
o 163 8.300000
o 162 8.300000
o 161 8.300000
o 160 8.300000
o 159 8.300000
o 158 8.300000
o 157 8.300000
o 156 8.300000
o 155 8.300000
o 154 8.300000
o 153 8.300000
153	8.300000
decision-tree-anneal-un-formula_0.8_2021_atleast_127_max-6_reduced_incomplete_tree
o 199 7.730000
o 198 7.980000
o 197 7.980000
o 196 7.980000
o 195 7.980000
o 194 7.980000
o 193 7.980000
o 192 7.980000
o 191 7.980000
o 190 7.980000
o 189 7.980000
o 188 7.980000
o 187 7.980000
o 186 7.980000
o 185 7.980000
o 184 7.980000
o 183 7.980000
o 182 7.980000
o 181 7.980000
o 180 7.980000
o 179 7.980000
o 178 7.990000
o 177 7.990000
o 176 7.990000
o 175 7.990000
o 174 7.990000
o 173 7.990000
o 172 7.990000
o 171 7.990000
o 170 7.990000
o 169 7.990000
o 168 7.990000
o 167 7.990000
167	7.990000
decision-tree-anneal-un-formula_0.8_2021_atleast_127_max-6_reduced_incomplete_tree
o 308 7.370000
o 307 7.520000
o 306 7.520000
o 305 7.520000
o 304 7.520000
o 303 7.520000
o 302 7.520000
o 301 7.520000
o 300 7.520000
o 299 7.520000
o 298 7.520000
o 297 7.520000
o 296 7.520000
o 295 7.520000
o 294 7.520000
o 293 7.520000
o 292 7.530000
o 291 7.530000
o 290 7.530000
o 289 7.530000
o 288 7.530000
o 287 7.530000
o 286 7.530000
o 285 7.530000
o 284 7.530000
o 283 7.530000
o 282 7.530000
o 281 7.530000
o 280 7.530000
o 279 7.530000
o 278 7.530000
o 277 7.530000
o 276 7.530000
o 275 7.530000
o 274 7.540000
o 273 7.540000
o 272 7.540000
o 271 7.540000
o 270 7.540000
o 269 7.540000
o 268 7.540000
o 267 7.540000
o 266 7.540000
o 265 7.540000
o 264 7.540000
o 263 7.540000
o 262 7.540000
o 261 7.540000
o 260 7.540000
o 259 7.540000
o 258 7.540000
o 257 7.540000
o 256 7.540000
o 255 7.550000
o 254 7.550000
o 253 7.550000
o 252 7.550000
o 251 7.550000
o 250 7.550000
o 249 7.550000
o 248 7.550000
o 247 7.550000
o 246 7.550000
o 245 7.550000
o 244 7.550000
o 243 7.550000
o 242 7.550000
o 241 7.550000
o 240 7.550000
o 239 7.550000
o 238 7.550000
o 237 7.550000
o 236 7.560000
o 235 7.560000
o 234 7.560000
o 233 7.560000
o 232 7.560000
o 231 7.560000
o 230 7.560000
o 229 7.560000
o 228 7.560000
o 227 7.560000
o 226 7.560000
o 225 7.560000
o 224 7.560000
o 223 7.570000
o 222 7.570000
o 221 7.570000
o 220 7.570000
o 219 7.570000
o 218 7.570000
218	7.570000
decision-tree-anneal-un-formula_0.8_2021_atleast_127_max-6_reduced_incomplete_tree
o 216 7.500000
o 215 7.660000
o 214 7.660000
o 213 7.660000
o 212 7.660000
o 211 7.660000
o 210 7.660000
o 209 7.660000
o 208 7.660000
o 207 7.660000
o 206 7.660000
o 205 7.660000
o 204 7.660000
o 203 7.660000
o 202 7.660000
o 201 7.670000
o 200 7.670000
o 199 7.670000
o 198 7.670000
o 197 7.670000
o 196 7.670000
o 195 7.670000
o 194 7.670000
o 193 7.670000
o 192 7.670000
o 191 7.670000
o 190 7.670000
o 189 7.670000
o 188 7.670000
o 187 7.670000
o 186 7.670000
o 185 7.670000
o 184 7.670000
o 183 7.670000
o 182 7.680000
o 181 7.680000
o 180 7.680000
o 179 7.680000
o 178 7.680000
o 177 7.680000
o 176 7.680000
o 175 7.680000
o 174 7.680000
o 173 7.680000
o 172 7.680000
o 171 7.680000
o 170 7.680000
o 169 7.680000
o 168 7.680000
o 167 7.680000
167	7.680000
decision-tree-anneal-un-formula_0.8_2021_atleast_127_max-6_reduced_incomplete_tree
o 231 8.010000
o 230 8.210000
o 229 8.210000
o 228 8.220000
o 227 8.220000
o 226 8.220000
o 225 8.220000
o 224 8.220000
o 223 8.220000
o 222 8.220000
o 221 8.220000
o 220 8.220000
o 219 8.220000
o 218 8.220000
o 217 8.220000
o 216 8.220000
o 215 8.220000
o 214 8.220000
o 213 8.220000
o 212 8.220000
o 211 8.220000
o 210 8.230000
o 209 8.230000
o 208 8.230000
o 207 8.230000
o 206 8.230000
o 205 8.230000
o 204 8.230000
o 203 8.230000
o 202 8.230000
o 201 8.230000
o 200 8.230000
o 199 8.230000
o 198 8.230000
o 197 8.230000
o 196 8.230000
o 195 8.230000
o 194 8.230000
o 193 8.230000
o 192 8.230000
o 191 8.240000
o 190 8.240000
o 189 8.240000
o 188 8.240000
o 187 8.240000
o 186 8.240000
o 185 8.240000
o 184 8.240000
o 183 8.240000
o 182 8.240000
o 181 8.240000
o 180 8.240000
o 179 8.240000
o 178 8.240000
o 177 8.240000
o 176 8.240000
o 175 8.240000
o 174 8.240000
o 173 8.250000
o 172 8.250000
o 171 8.250000
o 170 8.250000
o 169 8.250000
o 168 8.250000
o 167 8.250000
o 166 8.250000
o 165 8.250000
o 164 8.250000
o 163 8.250000
o 162 8.250000
o 161 8.250000
o 160 8.250000
o 159 8.250000
o 158 8.250000
o 157 8.250000
o 156 8.250000
o 155 8.250000
o 154 8.260000
o 153 8.260000
o 152 8.260000
o 151 8.260000
o 150 8.260000
o 149 8.260000
o 148 8.260000
o 147 8.260000
o 146 8.260000
o 145 8.260000
o 144 8.260000
o 143 8.260000
o 142 8.260000
o 141 8.260000
o 140 8.260000
o 139 8.260000
139	8.260000
decision-tree-anneal-un-formula_0.8_2021_atleast_127_max-6_reduced_incomplete_tree
o 185 7.920000
o 184 8.120000
o 183 8.120000
o 182 8.120000
o 181 8.130000
o 180 8.130000
o 179 8.130000
o 178 8.130000
o 177 8.130000
o 176 8.130000
o 175 8.130000
o 174 8.130000
o 173 8.130000
o 172 8.130000
o 171 8.130000
o 170 8.130000
o 169 8.130000
o 168 8.130000
o 167 8.130000
o 166 8.130000
o 165 8.130000
o 164 8.130000
o 163 8.130000
o 162 8.140000
o 161 8.140000
o 160 8.140000
o 159 8.140000
o 158 8.140000
o 157 8.140000
o 156 8.140000
o 155 8.140000
o 154 8.140000
o 153 8.140000
o 152 8.140000
152	8.140000
decision-tree-anneal-un-formula_0.8_2021_atleast_127_max-6_reduced_incomplete_tree
o 233 10.150000
o 232 10.400000
o 231 10.410000
o 230 10.410000
o 229 10.410000
o 228 10.410000
o 227 10.410000
o 226 10.410000
o 225 10.410000
o 224 10.410000
o 223 10.410000
o 222 10.410000
o 221 10.410000
o 220 10.410000
o 219 10.410000
o 218 10.410000
o 217 10.410000
o 216 10.410000
o 215 10.410000
o 214 10.410000
o 213 10.420000
o 212 10.420000
o 211 10.420000
o 210 10.420000
o 209 10.420000
o 208 10.420000
o 207 10.420000
o 206 10.420000
o 205 10.420000
o 204 10.420000
o 203 10.420000
o 202 10.420000
o 201 10.420000
o 200 10.430000
o 199 10.430000
o 198 10.430000
o 197 10.430000
o 196 10.430000
o 195 10.430000
o 194 10.430000
o 193 10.430000
o 192 10.430000
o 191 10.430000
o 190 10.430000
o 189 10.430000
o 188 10.430000
o 187 10.430000
o 186 10.430000
o 185 10.430000
o 184 10.430000
o 183 10.430000
o 182 10.440000
o 181 10.440000
o 180 10.440000
o 179 10.440000
o 178 10.440000
o 177 10.440000
o 176 10.440000
o 175 10.440000
o 174 10.440000
o 173 10.440000
o 172 10.440000
o 171 10.440000
o 170 10.440000
170	10.440000
decision-tree-anneal-un-formula_0.8_2021_atleast_127_max-6_reduced_incomplete_tree
o 211 7.570000
o 210 7.800000
o 209 7.800000
o 208 7.800000
o 207 7.800000
o 206 7.800000
o 205 7.810000
o 204 7.810000
o 203 7.810000
o 202 7.810000
o 201 7.810000
o 200 7.810000
o 199 7.810000
o 198 7.810000
o 197 7.810000
o 196 7.810000
o 195 7.810000
o 194 7.810000
o 193 7.810000
o 192 7.810000
o 191 7.810000
o 190 7.810000
o 189 7.810000
o 188 7.810000
o 187 7.810000
o 186 7.820000
o 185 7.820000
o 184 7.820000
o 183 7.820000
o 182 7.820000
o 181 7.820000
o 180 7.820000
o 179 7.820000
o 178 7.820000
o 177 7.820000
o 176 7.820000
o 175 7.820000
o 174 7.820000
o 173 7.820000
o 172 7.820000
o 171 7.820000
o 170 7.820000
170	7.820000
