extension-enforcement-extension-enforcement_non-strict_stb_200_0.05_1_10_1
o 23 0.110000
o 15 1.970000
o 13 3.010000
o 12 3.180000
o 11 3.440000
o 10 85.560000
10	85.560000
extension-enforcement-extension-enforcement_non-strict_stb_200_0.05_1_10_1
o 23 0.130000
o 17 2.860000
o 15 3.540000
o 14 5.870000
o 13 11.840000
o 12 11.840000
12	11.840000
extension-enforcement-extension-enforcement_non-strict_stb_200_0.05_1_10_1
o 27 0.120000
o 17 3.390000
o 14 3.400000
o 13 3.400000
o 12 14.550000
o 11 14.560000
o 10 147.290000
10	147.290000
extension-enforcement-extension-enforcement_non-strict_stb_200_0.05_1_10_1
o 28 0.140000
o 14 2.650000
o 13 2.660000
o 12 2.730000
o 11 2.740000
11	2.740000
extension-enforcement-extension-enforcement_non-strict_stb_200_0.05_1_10_1
o 24 0.150000
o 16 2.450000
o 15 2.710000
o 14 14.120000
o 13 16.370000
o 12 16.990000
o 11 80.270000
11	80.270000
extension-enforcement-extension-enforcement_non-strict_stb_200_0.05_1_10_1
o 22 0.120000
o 20 2.990000
o 18 3.090000
o 15 3.120000
o 14 3.360000
o 13 3.370000
o 12 95.210000
12	95.210000
extension-enforcement-extension-enforcement_non-strict_stb_200_0.05_1_10_1
o 23 0.120000
o 16 2.560000
o 15 4.890000
o 14 4.900000
o 13 18.630000
o 12 207.720000
12	207.720000
extension-enforcement-extension-enforcement_non-strict_stb_200_0.05_1_10_1
o 22 0.120000
o 18 1.920000
o 17 2.020000
o 16 10.390000
o 15 12.400000
o 14 12.520000
o 13 18.570000
o 12 95.250000
12	95.250000
extension-enforcement-extension-enforcement_non-strict_stb_200_0.05_1_10_1
o 22 0.140000
o 21 0.140000
o 16 2.110000
o 15 2.170000
o 13 2.180000
o 12 93.180000
12	93.180000
extension-enforcement-extension-enforcement_non-strict_stb_200_0.05_1_10_1
o 22 0.110000
o 21 1.860000
o 19 4.740000
o 18 4.800000
o 17 8.680000
o 16 8.830000
o 14 9.300000
o 13 15.330000
o 12 147.930000
o 11 147.930000
11	147.930000
