inconsistency-measurement-im-sum-C-1-grd_1222_5_4.tgf.pl
o 274 0.110000
o 249 1.200000
o 245 1.200000
o 244 1.200000
o 243 1.300000
o 242 1.340000
o 241 1.360000
o 240 1.360000
o 238 1.370000
o 237 1.370000
o 236 20.360000
o 234 20.590000
o 233 22.400000
o 232 22.480000
o 231 22.480000
o 230 22.490000
o 229 231.330000
o 228 281.920000
o 227 290.300000
o 225 290.310000
225	290.310000
inconsistency-measurement-im-sum-C-1-grd_1222_5_4.tgf.pl
o 274 0.090000
o 253 1.310000
o 251 1.340000
o 250 1.390000
o 249 1.400000
o 248 1.400000
o 247 1.650000
o 246 1.650000
o 245 1.660000
o 244 1.670000
o 243 1.700000
o 242 25.200000
o 240 25.220000
o 239 25.220000
o 238 25.220000
o 237 25.220000
o 236 25.320000
o 235 25.350000
o 234 25.360000
o 233 25.370000
o 232 25.370000
o 231 117.410000
231	117.410000
inconsistency-measurement-im-sum-C-1-grd_1222_5_4.tgf.pl
o 274 0.080000
o 268 1.550000
o 266 1.550000
o 265 1.550000
o 264 1.550000
o 263 1.590000
o 262 1.590000
o 261 1.610000
o 260 1.620000
o 259 1.720000
o 258 1.730000
o 257 1.760000
o 256 1.760000
o 255 1.770000
o 254 1.770000
o 253 1.770000
o 252 1.820000
o 251 1.830000
o 250 1.850000
o 249 1.850000
o 248 1.890000
o 247 2.050000
o 246 2.060000
o 245 2.990000
o 244 3.010000
o 243 3.050000
o 242 3.050000
o 241 21.990000
o 240 22.070000
o 239 22.100000
o 238 22.130000
o 237 30.620000
o 236 30.620000
o 235 30.730000
o 234 31.410000
o 233 31.460000
233	31.460000
inconsistency-measurement-im-sum-C-1-grd_1222_5_4.tgf.pl
o 274 0.100000
o 262 1.370000
o 260 1.380000
o 258 1.380000
o 257 1.380000
o 256 1.380000
o 255 1.460000
o 254 1.460000
o 253 1.470000
o 252 1.470000
o 251 1.470000
o 250 1.480000
o 249 1.480000
o 248 1.490000
o 247 1.490000
o 246 1.510000
o 245 1.510000
o 244 1.510000
o 243 1.580000
o 242 1.590000
o 241 1.660000
o 239 1.720000
o 238 1.730000
o 237 2.520000
o 236 2.690000
o 235 2.770000
o 234 2.770000
o 233 3.020000
o 232 42.390000
o 231 42.400000
231	42.400000
inconsistency-measurement-im-sum-C-1-grd_1222_5_4.tgf.pl
o 274 0.100000
o 251 1.290000
o 250 1.290000
o 248 1.290000
o 247 1.290000
o 246 1.290000
o 245 1.290000
o 244 1.310000
o 243 1.310000
o 242 1.320000
o 241 1.450000
o 240 1.450000
o 239 1.470000
o 238 1.480000
o 237 1.570000
o 236 1.600000
o 235 2.220000
o 234 10.530000
o 233 10.540000
o 232 10.540000
o 230 10.540000
o 229 206.100000
229	206.100000
inconsistency-measurement-im-sum-C-1-grd_1222_5_4.tgf.pl
o 274 0.090000
o 270 1.440000
o 269 1.440000
o 267 1.460000
o 266 1.490000
o 265 1.490000
o 264 1.490000
o 262 1.490000
o 261 1.490000
o 259 1.490000
o 258 1.490000
o 257 1.530000
o 256 1.530000
o 255 1.530000
o 254 1.570000
o 253 1.570000
o 252 1.580000
o 251 1.590000
o 250 1.600000
o 249 1.630000
o 248 1.640000
o 246 1.640000
o 245 1.640000
o 244 1.720000
o 242 1.720000
o 241 1.720000
o 240 1.780000
o 239 9.890000
o 237 9.890000
o 236 9.940000
o 235 10.890000
o 234 19.150000
o 233 27.160000
o 232 27.410000
o 231 27.450000
o 230 27.490000
o 229 27.490000
o 227 27.490000
227	27.490000
inconsistency-measurement-im-sum-C-1-grd_1222_5_4.tgf.pl
o 274 0.110000
o 245 1.210000
o 244 1.210000
o 243 1.220000
o 242 1.220000
o 241 1.220000
o 240 1.220000
o 239 1.230000
o 238 1.230000
o 237 35.340000
o 236 35.340000
o 235 35.380000
o 234 35.380000
o 233 35.380000
o 232 35.380000
o 231 35.550000
o 230 35.710000
230	35.710000
inconsistency-measurement-im-sum-C-1-grd_1222_5_4.tgf.pl
o 274 0.090000
o 245 1.160000
o 244 1.160000
o 243 1.160000
o 242 1.580000
o 241 1.580000
o 240 1.700000
o 239 1.720000
o 238 1.760000
o 237 1.810000
o 236 1.820000
o 235 2.080000
o 234 2.080000
o 233 2.080000
o 232 2.200000
o 231 197.140000
231	197.140000
inconsistency-measurement-im-sum-C-1-grd_1222_5_4.tgf.pl
o 274 0.100000
o 270 1.350000
o 268 1.360000
o 267 1.370000
o 266 1.370000
o 265 1.390000
o 264 1.410000
o 262 1.410000
o 261 1.410000
o 260 1.420000
o 259 1.420000
o 258 1.420000
o 256 1.420000
o 255 1.420000
o 254 1.420000
o 253 1.420000
o 251 1.540000
o 250 1.540000
o 249 1.550000
o 248 1.550000
o 247 1.550000
o 246 1.550000
o 245 1.580000
o 244 1.590000
o 243 1.610000
o 242 1.740000
o 241 1.760000
o 240 1.760000
o 239 1.790000
o 238 1.870000
o 237 1.870000
o 236 1.880000
o 235 2.020000
o 234 2.210000
o 233 81.890000
o 232 81.890000
o 231 98.470000
231	98.470000
inconsistency-measurement-im-sum-C-1-grd_1222_5_4.tgf.pl
o 274 0.110000
o 262 1.430000
o 260 1.430000
o 259 1.430000
o 258 1.460000
o 257 1.460000
o 256 1.460000
o 255 1.460000
o 254 1.470000
o 252 1.540000
o 251 1.540000
o 250 1.550000
o 249 1.550000
o 248 1.590000
o 247 1.590000
o 246 1.860000
o 245 1.930000
o 244 3.590000
o 243 19.080000
o 242 19.090000
o 241 19.090000
o 240 26.890000
o 239 26.910000
o 238 27.280000
o 237 27.280000
o 236 27.350000
o 235 27.360000
o 234 27.360000
o 233 27.380000
o 232 27.380000
232	27.380000
