inconsistency-measurement-im-forgetting-B-3-stb_457_193.tgf.pl
o 99 0.010000
o 87 0.510000
o 86 0.510000
o 85 0.530000
o 84 0.530000
o 83 0.610000
o 82 0.620000
o 81 0.620000
o 80 0.630000
o 79 0.650000
o 78 102.740000
o 77 102.760000
o 76 102.760000
76	102.760000
inconsistency-measurement-im-forgetting-B-3-stb_457_193.tgf.pl
o 99 0.010000
o 95 0.510000
o 94 0.530000
o 93 0.530000
o 91 0.620000
o 90 0.630000
o 89 0.630000
o 88 0.630000
o 87 0.640000
o 86 0.640000
o 85 6.050000
o 84 6.070000
o 83 50.170000
o 82 67.780000
o 81 67.910000
o 80 67.920000
o 79 222.130000
79	222.130000
inconsistency-measurement-im-forgetting-B-3-stb_457_193.tgf.pl
o 99 0.010000
o 98 0.680000
o 97 0.690000
o 96 0.690000
o 95 0.780000
o 94 0.780000
o 93 0.790000
o 92 0.790000
o 91 0.810000
o 90 0.810000
o 89 0.810000
o 88 0.830000
o 87 0.840000
o 86 0.840000
o 85 0.890000
o 84 6.620000
o 83 7.030000
o 82 7.050000
o 81 52.020000
o 80 52.020000
o 79 52.020000
o 76 243.140000
o 75 243.150000
o 74 243.150000
74	243.150000
inconsistency-measurement-im-forgetting-B-3-stb_457_193.tgf.pl
o 99 0.010000
o 98 0.570000
o 96 0.570000
o 95 0.630000
o 94 0.660000
o 93 0.670000
o 92 0.680000
o 90 0.680000
o 89 0.680000
o 88 0.680000
o 87 0.690000
o 86 0.710000
o 85 0.710000
o 84 0.750000
o 83 0.760000
o 82 76.610000
o 81 185.520000
o 80 216.710000
80	216.710000
inconsistency-measurement-im-forgetting-B-3-stb_457_193.tgf.pl
o 99 0.010000
o 98 0.570000
o 96 0.580000
o 95 0.580000
o 94 0.580000
o 93 0.880000
o 92 0.880000
o 91 6.440000
o 90 6.440000
o 89 6.850000
o 88 6.860000
o 87 31.930000
o 86 31.930000
o 85 32.000000
o 84 32.000000
o 83 32.000000
o 82 32.030000
o 81 32.030000
o 80 32.030000
o 79 32.100000
79	32.100000
inconsistency-measurement-im-forgetting-B-3-stb_457_193.tgf.pl
o 99 0.010000
o 85 0.460000
o 83 35.000000
o 82 35.400000
o 81 35.400000
o 80 35.410000
o 79 35.420000
o 78 242.020000
o 77 242.060000
o 76 242.070000
o 75 242.100000
o 74 242.110000
74	242.110000
inconsistency-measurement-im-forgetting-B-3-stb_457_193.tgf.pl
o 99 0.010000
o 98 0.480000
o 97 0.490000
o 96 0.620000
o 95 0.620000
o 94 0.620000
o 93 0.640000
o 92 0.640000
o 91 0.680000
o 90 0.710000
o 89 0.720000
o 88 0.790000
o 87 0.800000
o 85 0.800000
o 84 0.810000
o 83 0.810000
o 82 6.630000
o 81 6.650000
o 80 165.540000
80	165.540000
inconsistency-measurement-im-forgetting-B-3-stb_457_193.tgf.pl
o 99 0.010000
o 97 0.560000
o 93 0.570000
o 92 0.570000
o 91 0.570000
o 90 0.770000
o 89 0.770000
o 87 22.820000
o 86 22.850000
o 85 22.850000
o 84 28.150000
o 83 28.150000
o 82 28.150000
o 74 51.170000
74	51.170000
inconsistency-measurement-im-forgetting-B-3-stb_457_193.tgf.pl
o 99 0.010000
o 98 0.650000
o 97 0.650000
o 96 0.680000
o 95 0.690000
o 94 0.690000
o 93 0.690000
o 92 0.690000
o 90 0.690000
o 89 0.690000
o 88 0.710000
o 87 0.710000
o 86 0.780000
o 85 0.780000
o 84 0.780000
o 83 0.780000
o 82 0.790000
o 81 0.790000
o 80 109.120000
o 79 249.670000
79	249.670000
inconsistency-measurement-im-forgetting-B-3-stb_457_193.tgf.pl
o 99 0.000000
o 80 0.410000
o 77 0.430000
o 75 0.430000
o 74 0.440000
74	0.440000
