judgment-aggregation-ja-maxham-preflib-00049-00000333
o 72 0.060000
o 56 0.470000
o 55 0.480000
o 54 0.560000
o 53 0.680000
53	0.680000
judgment-aggregation-ja-maxham-preflib-00049-00000333
o 67 0.050000
o 57 0.430000
o 56 0.440000
o 55 1.060000
o 54 46.360000
o 53 46.420000
o 52 115.430000
52	115.430000
judgment-aggregation-ja-maxham-preflib-00049-00000333
o 68 0.050000
o 65 0.390000
o 63 0.440000
o 61 0.450000
o 60 0.540000
o 59 3.940000
o 58 3.950000
o 57 4.720000
o 56 4.860000
o 55 5.690000
o 54 7.900000
o 53 70.000000
o 52 87.670000
52	87.670000
judgment-aggregation-ja-maxham-preflib-00049-00000333
o 67 0.060000
o 61 0.510000
o 60 0.510000
o 59 0.510000
o 58 2.710000
o 57 17.170000
o 56 17.330000
o 55 17.350000
o 54 20.350000
o 53 125.770000
53	125.770000
judgment-aggregation-ja-maxham-preflib-00049-00000333
o 73 0.060000
o 64 0.460000
o 61 0.480000
o 60 0.480000
o 59 3.710000
o 58 3.720000
o 57 8.160000
o 56 16.920000
o 55 22.260000
o 54 97.400000
o 53 280.250000
53	280.250000
judgment-aggregation-ja-maxham-preflib-00049-00000333
o 71 0.060000
o 55 0.390000
o 54 0.460000
o 53 25.400000
o 52 121.200000
52	121.210000
judgment-aggregation-ja-maxham-preflib-00049-00000333
o 70 0.050000
o 63 0.430000
o 62 0.440000
o 61 0.440000
o 60 0.440000
o 59 0.450000
o 58 0.450000
o 57 0.490000
o 56 7.030000
o 55 7.180000
o 54 8.700000
o 53 8.810000
o 52 97.860000
52	97.860000
judgment-aggregation-ja-maxham-preflib-00049-00000333
o 75 0.060000
o 62 0.390000
o 58 0.430000
o 57 0.440000
o 56 8.090000
o 55 8.090000
o 54 11.400000
o 53 15.290000
o 52 15.520000
52	15.520000
judgment-aggregation-ja-maxham-preflib-00049-00000333
o 70 0.060000
o 69 0.340000
o 59 0.380000
o 58 0.400000
o 57 2.790000
o 56 17.890000
o 55 17.950000
o 54 42.410000
o 53 43.380000
53	43.380000
judgment-aggregation-ja-maxham-preflib-00049-00000333
o 68 0.060000
o 67 0.360000
o 65 0.440000
o 64 0.450000
o 63 0.460000
o 62 0.600000
o 61 0.610000
o 60 3.610000
o 59 11.020000
o 57 11.020000
o 56 11.170000
o 55 11.190000
o 54 64.040000
o 53 84.060000
o 52 171.450000
52	171.450000
