judgment-aggregation-ja-slater-preflib-00043-00000180
o 532 0.720000
o 531 0.750000
o 530 0.750000
o 529 0.750000
o 528 0.750000
o 527 0.750000
o 526 0.750000
o 525 0.750000
o 524 0.750000
o 523 0.750000
o 522 0.750000
o 521 0.750000
o 520 0.750000
o 519 0.750000
o 518 0.750000
o 517 0.750000
o 516 0.750000
o 515 0.750000
o 514 0.750000
o 513 0.750000
o 512 0.750000
o 511 0.750000
o 510 0.750000
o 509 0.750000
o 508 0.750000
o 507 0.750000
o 506 0.750000
o 505 0.750000
o 497 0.750000
o 496 0.750000
o 495 0.750000
o 494 0.750000
o 493 0.750000
o 492 0.750000
o 491 0.750000
o 490 0.750000
o 489 0.750000
o 488 0.750000
o 487 0.750000
o 486 0.750000
o 485 0.750000
o 484 0.750000
o 483 0.750000
o 482 0.750000
o 481 0.750000
o 480 0.750000
o 479 0.750000
o 478 0.750000
o 477 0.750000
o 476 0.750000
o 475 0.750000
o 474 0.750000
o 473 0.750000
o 472 0.750000
o 471 0.750000
o 470 0.760000
o 469 0.760000
o 468 0.760000
o 467 0.760000
o 466 0.760000
o 465 0.760000
o 464 0.760000
o 463 0.760000
o 462 0.760000
o 461 0.760000
o 460 0.760000
o 459 0.760000
o 458 0.760000
o 457 0.760000
o 456 0.760000
o 455 0.760000
o 454 0.760000
o 453 0.760000
o 452 0.760000
o 451 0.760000
o 450 0.760000
o 449 0.760000
o 448 0.760000
o 447 0.760000
o 446 0.760000
o 445 0.760000
o 444 0.760000
o 443 0.760000
o 442 0.760000
o 441 0.760000
o 440 0.760000
o 439 0.760000
o 438 0.760000
o 437 0.760000
o 436 0.760000
o 435 0.760000
o 434 0.760000
o 433 0.760000
o 432 0.760000
o 431 0.760000
o 430 0.760000
o 429 0.760000
o 428 0.760000
o 427 0.760000
o 426 0.760000
o 425 0.760000
o 424 0.760000
o 423 0.760000
o 422 0.760000
o 421 0.760000
o 420 0.760000
o 419 0.760000
o 418 0.760000
o 417 0.760000
o 416 0.760000
o 415 0.760000
o 414 0.760000
o 413 0.760000
o 412 0.760000
o 411 0.760000
o 410 0.760000
o 409 0.760000
o 408 0.760000
o 407 0.760000
o 406 0.760000
o 405 0.760000
o 404 0.760000
o 403 0.760000
o 401 0.760000
o 400 0.760000
o 399 0.760000
o 398 0.760000
o 397 0.760000
o 396 0.760000
o 395 0.760000
o 394 0.760000
o 393 0.760000
o 387 0.760000
o 386 0.760000
o 385 0.760000
o 384 0.760000
o 383 0.760000
o 382 0.760000
o 381 0.760000
o 380 0.760000
o 379 0.760000
o 378 0.760000
o 377 0.760000
o 376 0.760000
o 375 0.760000
o 374 0.760000
o 373 0.760000
o 372 0.760000
o 370 0.760000
o 369 0.760000
o 368 0.760000
o 367 0.760000
o 366 0.760000
o 365 0.760000
o 364 0.760000
o 363 0.760000
o 362 0.760000
o 361 0.760000
o 360 0.760000
o 359 0.760000
o 358 0.760000
o 357 0.760000
o 356 0.760000
o 355 0.760000
o 354 0.760000
o 353 0.760000
o 352 0.760000
o 347 0.760000
o 322 1.740000
o 315 1.760000
o 314 1.770000
o 313 1.770000
o 312 1.790000
o 311 1.790000
o 310 1.830000
o 309 176.140000
309	176.140000
judgment-aggregation-ja-slater-preflib-00043-00000180
o 512 0.910000
o 511 0.940000
o 510 0.940000
o 509 0.940000
o 508 0.940000
o 507 0.940000
o 506 0.940000
o 505 0.940000
o 504 0.940000
o 503 0.940000
o 502 0.940000
o 501 0.940000
o 500 0.940000
o 499 0.940000
o 498 0.940000
o 497 0.940000
o 496 0.940000
o 495 0.940000
o 494 0.940000
o 492 0.940000
o 491 0.940000
o 490 0.940000
o 486 0.940000
o 485 0.940000
o 484 0.940000
o 483 0.940000
o 482 0.940000
o 481 0.940000
o 480 0.940000
o 479 0.940000
o 478 0.940000
o 477 0.940000
o 476 0.940000
o 475 0.940000
o 474 0.940000
o 473 0.940000
o 472 0.940000
o 471 0.940000
o 470 0.940000
o 469 0.940000
o 468 0.940000
o 467 0.940000
o 466 0.940000
o 465 0.940000
o 464 0.940000
o 463 0.940000
o 462 0.940000
o 457 0.940000
o 456 0.940000
o 455 0.940000
o 454 0.940000
o 453 0.940000
o 452 0.940000
o 451 0.940000
o 450 0.940000
o 449 0.940000
o 448 0.940000
o 447 0.940000
o 446 0.940000
o 445 0.940000
o 444 0.940000
o 443 0.940000
o 442 0.940000
o 441 0.940000
o 440 0.940000
o 439 0.940000
o 438 0.940000
o 437 0.940000
o 436 0.940000
o 435 0.940000
o 434 0.940000
o 433 0.940000
o 432 0.940000
o 431 0.940000
o 429 0.940000
o 428 0.940000
o 427 0.940000
o 426 0.940000
o 425 0.940000
o 424 0.940000
o 423 0.940000
o 422 0.940000
o 421 0.940000
o 420 0.940000
o 419 0.940000
o 418 0.940000
o 417 0.940000
o 416 0.940000
o 415 0.940000
o 414 0.940000
o 413 0.940000
o 412 0.940000
o 411 0.940000
o 410 0.940000
o 409 0.940000
o 408 0.940000
o 407 0.940000
o 406 0.940000
o 405 0.940000
o 404 0.940000
o 403 0.940000
o 402 0.940000
o 401 0.940000
o 400 0.940000
o 399 0.940000
o 398 0.940000
o 397 0.940000
o 396 0.940000
o 395 0.940000
o 394 0.940000
o 393 0.940000
o 392 0.940000
o 390 0.940000
o 389 0.940000
o 388 0.940000
o 387 0.940000
o 386 0.940000
o 385 0.940000
o 384 0.940000
o 383 0.940000
o 382 0.940000
o 381 0.940000
o 380 0.940000
o 379 0.940000
o 378 0.940000
o 377 0.940000
o 376 0.950000
o 375 0.950000
o 374 0.950000
o 373 0.950000
o 371 0.950000
o 367 0.950000
o 366 0.950000
o 365 0.950000
o 364 0.950000
o 363 0.950000
o 361 0.950000
o 360 0.950000
o 359 0.950000
o 355 0.950000
o 346 0.950000
o 313 1.860000
o 312 1.870000
o 311 1.870000
o 310 1.880000
o 309 1.880000
o 308 1.890000
308	1.890000
judgment-aggregation-ja-slater-preflib-00043-00000180
o 494 0.860000
o 493 0.900000
o 492 0.900000
o 491 0.900000
o 490 0.900000
o 489 0.900000
o 488 0.900000
o 487 0.900000
o 486 0.900000
o 485 0.900000
o 484 0.900000
o 483 0.900000
o 482 0.900000
o 481 0.900000
o 480 0.900000
o 479 0.900000
o 478 0.900000
o 477 0.900000
o 476 0.900000
o 475 0.900000
o 474 0.900000
o 473 0.900000
o 472 0.900000
o 471 0.900000
o 470 0.900000
o 469 0.900000
o 468 0.900000
o 467 0.900000
o 466 0.900000
o 465 0.900000
o 464 0.900000
o 463 0.900000
o 462 0.900000
o 461 0.900000
o 460 0.900000
o 459 0.900000
o 458 0.900000
o 457 0.900000
o 456 0.900000
o 455 0.900000
o 454 0.900000
o 453 0.900000
o 452 0.900000
o 451 0.900000
o 450 0.900000
o 449 0.900000
o 448 0.900000
o 447 0.900000
o 446 0.900000
o 445 0.900000
o 444 0.900000
o 443 0.900000
o 442 0.900000
o 441 0.900000
o 440 0.900000
o 439 0.900000
o 438 0.900000
o 437 0.900000
o 436 0.900000
o 435 0.900000
o 434 0.900000
o 433 0.900000
o 432 0.900000
o 431 0.900000
o 430 0.900000
o 429 0.900000
o 428 0.900000
o 427 0.900000
o 426 0.900000
o 425 0.900000
o 424 0.900000
o 423 0.900000
o 422 0.900000
o 421 0.900000
o 420 0.900000
o 419 0.900000
o 418 0.900000
o 417 0.900000
o 416 0.900000
o 415 0.900000
o 414 0.900000
o 413 0.900000
o 412 0.900000
o 411 0.900000
o 410 0.900000
o 409 0.900000
o 408 0.900000
o 407 0.900000
o 406 0.900000
o 405 0.900000
o 403 0.900000
o 402 0.900000
o 401 0.900000
o 400 0.900000
o 399 0.900000
o 398 0.900000
o 397 0.900000
o 396 0.900000
o 395 0.900000
o 394 0.900000
o 393 0.900000
o 392 0.900000
o 391 0.900000
o 390 0.900000
o 389 0.900000
o 388 0.900000
o 387 0.900000
o 386 0.900000
o 383 0.900000
o 382 0.900000
o 381 0.900000
o 380 0.900000
o 379 0.900000
o 377 0.900000
o 376 0.900000
o 375 0.900000
o 372 0.900000
o 371 0.900000
o 370 0.900000
o 369 0.900000
o 368 0.900000
o 367 0.900000
o 366 0.910000
o 365 0.910000
o 364 0.910000
o 363 0.910000
o 362 0.910000
o 361 0.910000
o 360 0.910000
o 359 0.910000
o 357 0.910000
o 355 0.910000
o 354 0.910000
o 309 2.340000
o 308 2.360000
o 307 2.390000
o 306 2.400000
306	2.400000
judgment-aggregation-ja-slater-preflib-00043-00000180
o 545 0.730000
o 544 0.760000
o 543 0.760000
o 542 0.760000
o 541 0.760000
o 540 0.760000
o 539 0.760000
o 538 0.760000
o 537 0.760000
o 536 0.760000
o 535 0.760000
o 534 0.760000
o 533 0.760000
o 532 0.760000
o 531 0.760000
o 530 0.760000
o 529 0.760000
o 528 0.760000
o 527 0.760000
o 526 0.760000
o 525 0.760000
o 524 0.760000
o 523 0.760000
o 522 0.760000
o 521 0.760000
o 520 0.760000
o 519 0.760000
o 518 0.760000
o 517 0.760000
o 516 0.760000
o 515 0.760000
o 514 0.760000
o 513 0.760000
o 512 0.760000
o 511 0.760000
o 510 0.760000
o 509 0.760000
o 508 0.760000
o 507 0.760000
o 506 0.760000
o 505 0.760000
o 504 0.760000
o 503 0.760000
o 502 0.760000
o 501 0.760000
o 500 0.760000
o 499 0.760000
o 498 0.760000
o 497 0.760000
o 496 0.760000
o 495 0.760000
o 494 0.760000
o 493 0.760000
o 492 0.760000
o 491 0.760000
o 490 0.760000
o 489 0.760000
o 488 0.760000
o 487 0.760000
o 486 0.760000
o 485 0.760000
o 484 0.760000
o 483 0.760000
o 482 0.760000
o 481 0.760000
o 480 0.760000
o 479 0.760000
o 478 0.760000
o 477 0.760000
o 476 0.760000
o 475 0.760000
o 474 0.760000
o 473 0.760000
o 472 0.760000
o 471 0.760000
o 470 0.760000
o 469 0.760000
o 468 0.760000
o 467 0.760000
o 466 0.760000
o 464 0.760000
o 463 0.760000
o 462 0.760000
o 461 0.760000
o 460 0.760000
o 459 0.760000
o 458 0.760000
o 457 0.760000
o 456 0.760000
o 455 0.760000
o 454 0.760000
o 453 0.760000
o 452 0.760000
o 451 0.760000
o 450 0.760000
o 449 0.760000
o 448 0.760000
o 447 0.760000
o 446 0.760000
o 445 0.760000
o 444 0.760000
o 443 0.760000
o 442 0.760000
o 441 0.760000
o 440 0.760000
o 439 0.760000
o 438 0.760000
o 437 0.760000
o 436 0.760000
o 435 0.760000
o 434 0.760000
o 433 0.760000
o 432 0.760000
o 431 0.760000
o 430 0.760000
o 429 0.760000
o 428 0.760000
o 427 0.760000
o 426 0.760000
o 425 0.760000
o 424 0.760000
o 423 0.760000
o 422 0.760000
o 421 0.760000
o 420 0.760000
o 419 0.760000
o 418 0.760000
o 417 0.760000
o 416 0.760000
o 415 0.760000
o 414 0.760000
o 413 0.760000
o 412 0.770000
o 411 0.770000
o 410 0.770000
o 409 0.770000
o 408 0.770000
o 407 0.770000
o 406 0.770000
o 405 0.770000
o 404 0.770000
o 403 0.770000
o 402 0.770000
o 401 0.770000
o 400 0.770000
o 399 0.770000
o 398 0.770000
o 397 0.770000
o 396 0.770000
o 395 0.770000
o 394 0.770000
o 393 0.770000
o 392 0.770000
o 391 0.770000
o 390 0.770000
o 389 0.770000
o 388 0.770000
o 387 0.770000
o 386 0.770000
o 385 0.770000
o 384 0.770000
o 383 0.770000
o 382 0.770000
o 381 0.770000
o 380 0.770000
o 379 0.770000
o 378 0.770000
o 377 0.770000
o 376 0.770000
o 375 0.770000
o 374 0.770000
o 373 0.770000
o 372 0.770000
o 370 0.770000
o 369 0.770000
o 368 0.770000
o 367 0.770000
o 365 0.770000
o 364 0.770000
o 363 0.770000
o 362 0.770000
o 361 0.770000
o 360 0.770000
o 359 0.770000
o 358 0.770000
o 357 0.770000
o 354 0.770000
o 353 0.770000
o 352 0.770000
o 351 0.770000
o 349 0.770000
o 348 0.770000
o 347 0.770000
o 345 0.770000
o 344 0.770000
o 343 0.770000
o 342 0.770000
o 341 0.770000
o 340 0.770000
o 339 0.770000
o 338 0.770000
o 337 0.770000
o 320 1.810000
o 314 1.810000
o 313 1.820000
o 310 1.830000
310	1.830000
judgment-aggregation-ja-slater-preflib-00043-00000180
o 481 0.720000
o 480 0.750000
o 479 0.750000
o 478 0.750000
o 477 0.750000
o 476 0.750000
o 475 0.750000
o 474 0.750000
o 473 0.750000
o 472 0.750000
o 471 0.750000
o 470 0.750000
o 469 0.750000
o 468 0.750000
o 467 0.750000
o 466 0.750000
o 465 0.750000
o 464 0.750000
o 463 0.750000
o 462 0.750000
o 461 0.750000
o 460 0.750000
o 459 0.750000
o 458 0.750000
o 457 0.750000
o 456 0.750000
o 455 0.750000
o 454 0.750000
o 453 0.750000
o 452 0.750000
o 451 0.750000
o 450 0.750000
o 449 0.750000
o 448 0.750000
o 447 0.750000
o 446 0.750000
o 445 0.750000
o 444 0.750000
o 443 0.750000
o 442 0.750000
o 441 0.750000
o 440 0.750000
o 439 0.750000
o 438 0.750000
o 437 0.750000
o 436 0.750000
o 435 0.750000
o 434 0.750000
o 433 0.750000
o 432 0.750000
o 431 0.750000
o 430 0.750000
o 429 0.750000
o 428 0.750000
o 427 0.750000
o 426 0.750000
o 425 0.750000
o 424 0.750000
o 423 0.750000
o 422 0.750000
o 421 0.750000
o 420 0.750000
o 419 0.750000
o 418 0.750000
o 417 0.750000
o 416 0.750000
o 415 0.750000
o 414 0.750000
o 413 0.750000
o 412 0.750000
o 411 0.750000
o 410 0.750000
o 409 0.750000
o 408 0.750000
o 407 0.750000
o 406 0.750000
o 405 0.750000
o 404 0.750000
o 403 0.750000
o 402 0.750000
o 401 0.750000
o 400 0.750000
o 399 0.750000
o 398 0.750000
o 397 0.750000
o 396 0.750000
o 395 0.750000
o 394 0.750000
o 393 0.750000
o 392 0.750000
o 391 0.750000
o 390 0.750000
o 389 0.750000
o 388 0.750000
o 387 0.750000
o 386 0.750000
o 385 0.750000
o 383 0.750000
o 382 0.750000
o 381 0.760000
o 380 0.760000
o 379 0.760000
o 378 0.760000
o 377 0.760000
o 376 0.760000
o 375 0.760000
o 374 0.760000
o 373 0.760000
o 372 0.760000
o 357 0.760000
o 353 0.760000
o 352 0.760000
o 351 0.760000
o 350 0.760000
o 347 0.760000
o 346 0.760000
o 345 0.760000
o 344 0.760000
o 343 0.760000
o 341 0.760000
o 331 1.670000
o 329 1.670000
o 321 1.700000
o 320 1.700000
o 310 1.710000
o 308 1.710000
o 307 1.730000
307	1.730000
judgment-aggregation-ja-slater-preflib-00043-00000180
o 551 0.760000
o 550 0.790000
o 549 0.790000
o 548 0.790000
o 547 0.790000
o 546 0.790000
o 545 0.790000
o 544 0.790000
o 543 0.790000
o 542 0.790000
o 541 0.790000
o 540 0.790000
o 539 0.790000
o 538 0.790000
o 537 0.790000
o 536 0.790000
o 535 0.790000
o 534 0.790000
o 533 0.790000
o 532 0.800000
o 531 0.800000
o 530 0.800000
o 529 0.800000
o 528 0.800000
o 527 0.800000
o 526 0.800000
o 525 0.800000
o 524 0.800000
o 523 0.800000
o 522 0.800000
o 521 0.800000
o 520 0.800000
o 519 0.800000
o 518 0.800000
o 516 0.800000
o 515 0.800000
o 514 0.800000
o 513 0.800000
o 512 0.800000
o 511 0.800000
o 510 0.800000
o 509 0.800000
o 508 0.800000
o 507 0.800000
o 506 0.800000
o 505 0.800000
o 504 0.800000
o 503 0.800000
o 502 0.800000
o 501 0.800000
o 500 0.800000
o 499 0.800000
o 498 0.800000
o 497 0.800000
o 496 0.800000
o 495 0.800000
o 494 0.800000
o 493 0.800000
o 492 0.800000
o 491 0.800000
o 490 0.800000
o 489 0.800000
o 488 0.800000
o 487 0.800000
o 486 0.800000
o 485 0.800000
o 484 0.800000
o 483 0.800000
o 482 0.800000
o 481 0.800000
o 480 0.800000
o 479 0.800000
o 478 0.800000
o 477 0.800000
o 476 0.800000
o 475 0.800000
o 474 0.800000
o 473 0.800000
o 472 0.800000
o 471 0.800000
o 470 0.800000
o 469 0.800000
o 468 0.800000
o 467 0.800000
o 466 0.800000
o 465 0.800000
o 464 0.800000
o 463 0.800000
o 462 0.800000
o 461 0.800000
o 460 0.800000
o 459 0.800000
o 458 0.800000
o 457 0.800000
o 456 0.800000
o 455 0.800000
o 454 0.800000
o 453 0.800000
o 452 0.800000
o 451 0.800000
o 450 0.800000
o 449 0.800000
o 448 0.800000
o 447 0.800000
o 446 0.800000
o 445 0.800000
o 444 0.800000
o 443 0.800000
o 442 0.800000
o 441 0.800000
o 440 0.800000
o 439 0.800000
o 438 0.800000
o 437 0.800000
o 433 0.800000
o 432 0.800000
o 431 0.800000
o 430 0.800000
o 429 0.800000
o 428 0.800000
o 427 0.800000
o 426 0.800000
o 425 0.800000
o 424 0.800000
o 423 0.800000
o 422 0.800000
o 421 0.800000
o 420 0.800000
o 419 0.800000
o 418 0.800000
o 417 0.800000
o 416 0.800000
o 415 0.800000
o 414 0.800000
o 413 0.800000
o 411 0.800000
o 410 0.800000
o 409 0.800000
o 408 0.800000
o 401 0.800000
o 400 0.800000
o 399 0.800000
o 395 0.800000
o 390 0.810000
o 385 0.810000
o 384 0.810000
o 383 0.810000
o 382 0.810000
o 381 0.810000
o 380 0.810000
o 379 0.810000
o 378 0.810000
o 377 0.810000
o 376 0.810000
o 375 0.810000
o 374 0.810000
o 373 0.810000
o 372 0.810000
o 371 0.810000
o 370 0.810000
o 369 0.810000
o 368 0.810000
o 367 0.810000
o 364 0.810000
o 359 0.810000
o 357 0.810000
o 356 0.810000
o 315 1.790000
o 311 1.790000
o 309 1.800000
o 308 5.340000
308	5.340000
judgment-aggregation-ja-slater-preflib-00043-00000180
o 485 0.920000
o 484 0.970000
o 483 0.970000
o 482 0.970000
o 481 0.970000
o 480 0.970000
o 479 0.970000
o 478 0.970000
o 477 0.970000
o 476 0.970000
o 475 0.970000
o 474 0.970000
o 473 0.970000
o 472 0.970000
o 471 0.970000
o 469 0.970000
o 467 0.970000
o 466 0.970000
o 465 0.970000
o 464 0.970000
o 463 0.970000
o 462 0.970000
o 461 0.970000
o 460 0.970000
o 459 0.970000
o 458 0.970000
o 457 0.970000
o 456 0.970000
o 455 0.970000
o 454 0.970000
o 453 0.970000
o 452 0.980000
o 451 0.980000
o 450 0.980000
o 449 0.980000
o 448 0.980000
o 447 0.980000
o 446 0.980000
o 445 0.980000
o 444 0.980000
o 443 0.980000
o 442 0.980000
o 441 0.980000
o 437 0.980000
o 436 0.980000
o 435 0.980000
o 434 0.980000
o 433 0.980000
o 432 0.980000
o 431 0.980000
o 430 0.980000
o 429 0.980000
o 428 0.980000
o 427 0.980000
o 426 0.980000
o 425 0.980000
o 424 0.980000
o 423 0.980000
o 422 0.980000
o 421 0.980000
o 420 0.980000
o 419 0.980000
o 418 0.980000
o 417 0.980000
o 416 0.980000
o 415 0.980000
o 414 0.980000
o 413 0.980000
o 412 0.980000
o 411 0.980000
o 410 0.980000
o 409 0.980000
o 408 0.980000
o 407 0.980000
o 406 0.980000
o 405 0.980000
o 404 0.980000
o 403 0.980000
o 402 0.980000
o 401 0.980000
o 400 0.980000
o 399 0.980000
o 398 0.980000
o 397 0.980000
o 396 0.980000
o 395 0.980000
o 394 0.980000
o 393 0.980000
o 392 0.980000
o 391 0.980000
o 390 0.980000
o 389 0.980000
o 388 0.980000
o 387 0.980000
o 386 0.980000
o 385 0.980000
o 384 0.980000
o 383 0.980000
o 382 0.980000
o 381 0.980000
o 380 0.980000
o 379 0.980000
o 378 0.980000
o 377 0.980000
o 376 0.980000
o 375 0.980000
o 374 0.980000
o 373 0.980000
o 372 0.980000
o 371 0.980000
o 370 0.980000
o 369 0.980000
o 368 0.980000
o 367 0.980000
o 366 0.980000
o 365 0.980000
o 364 0.980000
o 363 0.980000
o 362 0.980000
o 361 0.980000
o 360 0.980000
o 359 0.980000
o 358 0.980000
o 357 0.980000
o 354 0.990000
o 353 0.990000
o 352 0.990000
o 351 0.990000
o 350 0.990000
o 349 0.990000
o 348 0.990000
o 347 0.990000
o 346 0.990000
o 345 0.990000
o 344 0.990000
o 343 0.990000
o 342 0.990000
o 341 0.990000
o 340 0.990000
o 339 0.990000
o 323 2.150000
o 309 2.160000
o 308 2.280000
308	2.280000
judgment-aggregation-ja-slater-preflib-00043-00000180
o 452 0.810000
o 451 0.840000
o 450 0.840000
o 449 0.840000
o 448 0.840000
o 447 0.840000
o 446 0.840000
o 445 0.840000
o 444 0.840000
o 443 0.840000
o 442 0.840000
o 441 0.840000
o 440 0.840000
o 439 0.840000
o 438 0.840000
o 437 0.840000
o 436 0.840000
o 429 0.840000
o 428 0.840000
o 427 0.850000
o 426 0.850000
o 425 0.850000
o 424 0.850000
o 423 0.850000
o 422 0.850000
o 421 0.850000
o 420 0.850000
o 419 0.850000
o 418 0.850000
o 417 0.850000
o 416 0.850000
o 415 0.850000
o 414 0.850000
o 413 0.850000
o 412 0.850000
o 411 0.850000
o 410 0.850000
o 409 0.850000
o 408 0.850000
o 407 0.850000
o 406 0.850000
o 405 0.850000
o 404 0.850000
o 403 0.850000
o 402 0.850000
o 401 0.850000
o 400 0.850000
o 399 0.850000
o 398 0.850000
o 397 0.850000
o 396 0.850000
o 395 0.850000
o 394 0.850000
o 393 0.850000
o 392 0.850000
o 391 0.850000
o 390 0.850000
o 389 0.850000
o 388 0.850000
o 387 0.850000
o 386 0.850000
o 385 0.850000
o 384 0.850000
o 383 0.850000
o 382 0.850000
o 381 0.850000
o 380 0.850000
o 379 0.850000
o 378 0.850000
o 377 0.850000
o 376 0.850000
o 375 0.850000
o 374 0.850000
o 373 0.850000
o 372 0.850000
o 370 0.850000
o 369 0.850000
o 364 0.850000
o 363 0.850000
o 362 0.850000
o 361 0.850000
o 360 0.850000
o 359 0.850000
o 358 0.850000
o 349 0.850000
o 345 0.860000
o 344 0.860000
o 343 0.860000
o 311 1.920000
o 309 1.930000
o 308 2.090000
o 307 2.340000
307	2.340000
judgment-aggregation-ja-slater-preflib-00043-00000180
o 481 0.710000
o 480 0.740000
o 479 0.740000
o 478 0.740000
o 477 0.740000
o 476 0.740000
o 475 0.740000
o 474 0.740000
o 473 0.740000
o 472 0.740000
o 471 0.740000
o 470 0.740000
o 469 0.740000
o 468 0.740000
o 467 0.740000
o 466 0.740000
o 465 0.740000
o 464 0.740000
o 463 0.740000
o 462 0.740000
o 461 0.740000
o 460 0.740000
o 459 0.740000
o 458 0.740000
o 457 0.740000
o 456 0.740000
o 455 0.740000
o 454 0.740000
o 453 0.740000
o 452 0.740000
o 451 0.740000
o 450 0.740000
o 449 0.740000
o 448 0.740000
o 447 0.740000
o 446 0.740000
o 445 0.740000
o 444 0.740000
o 443 0.740000
o 442 0.740000
o 441 0.740000
o 440 0.740000
o 439 0.740000
o 438 0.740000
o 437 0.740000
o 436 0.740000
o 435 0.740000
o 434 0.740000
o 433 0.740000
o 432 0.740000
o 431 0.740000
o 430 0.740000
o 429 0.740000
o 428 0.740000
o 427 0.740000
o 426 0.740000
o 425 0.740000
o 424 0.740000
o 423 0.740000
o 422 0.740000
o 421 0.740000
o 420 0.740000
o 419 0.740000
o 418 0.740000
o 417 0.740000
o 416 0.740000
o 415 0.740000
o 414 0.740000
o 413 0.740000
o 412 0.740000
o 411 0.740000
o 410 0.740000
o 409 0.740000
o 408 0.740000
o 407 0.740000
o 406 0.740000
o 405 0.740000
o 404 0.740000
o 403 0.740000
o 402 0.740000
o 401 0.740000
o 400 0.740000
o 399 0.740000
o 398 0.740000
o 397 0.740000
o 396 0.740000
o 395 0.740000
o 394 0.740000
o 393 0.740000
o 392 0.740000
o 391 0.740000
o 390 0.740000
o 389 0.740000
o 388 0.740000
o 387 0.740000
o 386 0.740000
o 385 0.740000
o 384 0.740000
o 383 0.740000
o 382 0.740000
o 381 0.740000
o 380 0.740000
o 379 0.740000
o 378 0.740000
o 377 0.740000
o 376 0.740000
o 375 0.740000
o 374 0.740000
o 373 0.740000
o 372 0.740000
o 371 0.740000
o 370 0.740000
o 369 0.740000
o 368 0.740000
o 367 0.740000
o 366 0.740000
o 365 0.740000
o 364 0.740000
o 363 0.740000
o 362 0.740000
o 361 0.740000
o 360 0.740000
o 359 0.740000
o 358 0.740000
o 356 0.740000
o 355 0.750000
o 353 0.750000
o 352 0.750000
o 351 0.750000
o 350 0.750000
o 349 0.750000
o 348 0.750000
o 347 0.750000
o 346 0.750000
o 345 0.750000
o 344 0.750000
o 343 0.750000
o 342 0.750000
o 341 0.750000
o 340 0.750000
o 339 0.750000
o 316 1.590000
o 314 1.590000
o 313 1.600000
o 312 8.510000
o 311 8.520000
o 310 10.160000
o 309 216.700000
o 308 216.700000
o 307 217.100000
307	217.100000
judgment-aggregation-ja-slater-preflib-00043-00000180
o 559 0.700000
o 558 0.730000
o 557 0.730000
o 556 0.730000
o 555 0.730000
o 554 0.730000
o 553 0.730000
o 552 0.730000
o 551 0.730000
o 550 0.730000
o 549 0.730000
o 548 0.730000
o 547 0.730000
o 546 0.730000
o 545 0.730000
o 544 0.730000
o 543 0.730000
o 542 0.730000
o 541 0.730000
o 540 0.730000
o 539 0.730000
o 538 0.730000
o 537 0.730000
o 536 0.730000
o 535 0.730000
o 534 0.730000
o 533 0.730000
o 532 0.730000
o 531 0.730000
o 530 0.730000
o 529 0.730000
o 528 0.730000
o 527 0.730000
o 526 0.730000
o 525 0.730000
o 524 0.730000
o 523 0.730000
o 522 0.730000
o 521 0.730000
o 520 0.730000
o 519 0.730000
o 518 0.730000
o 517 0.730000
o 516 0.730000
o 515 0.730000
o 514 0.730000
o 513 0.730000
o 512 0.730000
o 511 0.730000
o 510 0.730000
o 509 0.730000
o 508 0.730000
o 507 0.730000
o 506 0.730000
o 505 0.730000
o 504 0.730000
o 503 0.730000
o 502 0.730000
o 501 0.730000
o 500 0.730000
o 499 0.730000
o 498 0.730000
o 497 0.730000
o 496 0.730000
o 495 0.730000
o 494 0.730000
o 493 0.730000
o 492 0.730000
o 491 0.730000
o 490 0.730000
o 489 0.730000
o 488 0.730000
o 487 0.730000
o 486 0.730000
o 485 0.730000
o 484 0.730000
o 483 0.730000
o 482 0.730000
o 481 0.730000
o 480 0.730000
o 479 0.730000
o 478 0.730000
o 477 0.730000
o 476 0.730000
o 475 0.730000
o 474 0.730000
o 473 0.730000
o 472 0.730000
o 471 0.730000
o 470 0.730000
o 469 0.730000
o 468 0.730000
o 467 0.730000
o 466 0.730000
o 465 0.730000
o 464 0.730000
o 463 0.730000
o 462 0.730000
o 461 0.730000
o 460 0.730000
o 459 0.730000
o 458 0.730000
o 457 0.730000
o 456 0.730000
o 455 0.730000
o 454 0.730000
o 453 0.730000
o 452 0.730000
o 451 0.730000
o 450 0.730000
o 449 0.730000
o 448 0.730000
o 447 0.730000
o 446 0.730000
o 445 0.730000
o 444 0.730000
o 443 0.730000
o 442 0.730000
o 441 0.730000
o 440 0.730000
o 439 0.730000
o 438 0.730000
o 437 0.730000
o 436 0.730000
o 435 0.730000
o 434 0.730000
o 433 0.730000
o 432 0.730000
o 431 0.730000
o 430 0.730000
o 429 0.730000
o 428 0.730000
o 427 0.730000
o 426 0.730000
o 425 0.730000
o 424 0.730000
o 423 0.730000
o 422 0.730000
o 421 0.730000
o 420 0.730000
o 419 0.730000
o 418 0.730000
o 417 0.730000
o 416 0.730000
o 415 0.730000
o 414 0.730000
o 413 0.730000
o 412 0.730000
o 411 0.730000
o 410 0.730000
o 409 0.730000
o 408 0.730000
o 407 0.730000
o 406 0.730000
o 405 0.730000
o 404 0.730000
o 403 0.730000
o 402 0.730000
o 401 0.740000
o 400 0.740000
o 399 0.740000
o 395 0.740000
o 394 0.740000
o 393 0.740000
o 392 0.740000
o 391 0.740000
o 390 0.740000
o 389 0.740000
o 387 0.740000
o 385 0.740000
o 384 0.740000
o 381 0.740000
o 380 0.740000
o 379 0.740000
o 378 0.740000
o 377 0.740000
o 376 0.740000
o 375 0.740000
o 374 0.740000
o 373 0.740000
o 372 0.740000
o 371 0.740000
o 370 0.740000
o 369 0.740000
o 368 0.740000
o 367 0.740000
o 365 0.740000
o 364 0.740000
o 363 0.740000
o 362 0.740000
o 361 0.740000
o 360 0.740000
o 359 0.740000
o 358 0.740000
o 354 0.750000
o 352 0.750000
o 322 1.590000
o 316 1.590000
o 313 1.590000
o 311 1.600000
o 310 1.600000
o 309 1.600000
o 308 1.760000
o 307 1.840000
o 306 271.100000
306	271.100000
