judgment-aggregation-ja-maxham-preflib-00049-00000293
o 56 0.070000
o 55 0.470000
o 48 0.490000
o 47 0.490000
o 46 8.200000
o 45 25.020000
o 44 42.870000
44	42.870000
judgment-aggregation-ja-maxham-preflib-00049-00000293
o 49 0.070000
o 48 13.980000
o 47 22.100000
o 46 37.640000
o 45 124.720000
45	124.720000
judgment-aggregation-ja-maxham-preflib-00049-00000293
o 54 0.070000
o 52 0.310000
o 48 0.440000
o 47 0.440000
o 46 0.570000
o 45 19.490000
o 44 131.240000
44	131.240000
judgment-aggregation-ja-maxham-preflib-00049-00000293
o 49 0.070000
o 48 0.480000
o 47 0.510000
o 46 15.900000
o 45 111.980000
o 44 125.060000
44	125.060000
judgment-aggregation-ja-maxham-preflib-00049-00000293
o 53 0.090000
o 51 0.560000
o 49 0.580000
o 48 0.580000
o 47 8.400000
o 46 8.400000
o 45 10.160000
o 44 11.140000
44	11.140000
judgment-aggregation-ja-maxham-preflib-00049-00000293
o 52 0.080000
o 47 0.510000
o 46 0.520000
o 45 35.300000
45	35.300000
judgment-aggregation-ja-maxham-preflib-00049-00000293
o 56 0.070000
o 54 0.450000
o 53 0.450000
o 50 0.460000
o 48 0.480000
o 47 0.500000
o 46 2.980000
o 45 62.120000
o 44 62.460000
44	62.460000
judgment-aggregation-ja-maxham-preflib-00049-00000293
o 50 0.070000
o 49 0.880000
o 48 3.480000
o 47 11.280000
o 46 11.410000
o 45 64.180000
o 44 100.740000
44	100.740000
judgment-aggregation-ja-maxham-preflib-00049-00000293
o 55 0.070000
o 52 0.510000
o 51 0.520000
o 50 0.520000
o 49 0.530000
o 48 0.530000
o 47 1.880000
o 46 1.890000
o 45 2.970000
o 44 3.620000
44	3.620000
judgment-aggregation-ja-maxham-preflib-00049-00000293
o 57 0.080000
o 53 0.430000
o 48 0.460000
o 47 0.470000
o 46 18.720000
o 45 53.960000
o 44 56.180000
44	56.180000
