mbd-b14_C-mbd14-0277
o 112 0.010000
o 60 0.520000
o 59 0.520000
o 58 0.520000
o 57 0.520000
o 56 0.530000
o 55 0.580000
o 54 0.580000
o 53 0.580000
o 52 0.590000
o 51 0.600000
o 50 0.600000
o 49 0.630000
o 48 0.650000
o 47 0.650000
o 46 1.030000
o 45 1.030000
o 44 1.050000
o 43 1.050000
o 42 1.050000
o 41 1.130000
o 40 3.200000
o 39 6.070000
o 38 6.530000
o 37 6.780000
o 36 6.780000
o 35 6.910000
o 34 22.530000
o 33 108.860000
33	108.860000
mbd-b14_C-mbd14-0277
o 111 0.010000
o 110 0.010000
o 76 0.560000
o 75 0.560000
o 74 0.560000
o 72 0.560000
o 71 0.560000
o 70 0.560000
o 69 0.570000
o 65 0.570000
o 64 0.580000
o 63 0.580000
o 62 0.650000
o 59 0.690000
o 58 0.690000
o 57 0.690000
o 56 0.690000
o 55 0.700000
o 54 0.810000
o 53 1.110000
o 52 1.120000
o 51 1.160000
o 50 2.060000
o 49 2.090000
o 48 2.160000
o 47 2.980000
o 46 3.730000
o 45 4.570000
o 44 4.610000
o 43 4.780000
o 42 4.790000
o 41 9.120000
o 40 28.120000
o 39 35.940000
o 38 131.450000
o 37 131.590000
o 36 131.660000
o 35 131.690000
o 34 131.700000
34	131.700000
mbd-b14_C-mbd14-0277
o 109 0.010000
o 95 0.650000
o 92 0.650000
o 91 0.650000
o 90 0.660000
o 89 0.660000
o 87 0.660000
o 86 0.660000
o 85 0.680000
o 84 0.680000
o 83 0.680000
o 82 0.680000
o 81 0.680000
o 80 0.690000
o 79 0.700000
o 78 0.710000
o 77 0.710000
o 75 0.720000
o 74 0.720000
o 72 0.730000
o 71 0.730000
o 70 0.730000
o 69 0.730000
o 68 0.740000
o 67 0.740000
o 66 0.740000
o 65 0.740000
o 64 0.740000
o 63 0.740000
o 62 0.740000
o 61 0.790000
o 60 0.820000
o 59 0.850000
o 58 0.850000
o 56 0.860000
o 55 1.310000
o 54 1.380000
o 53 1.390000
o 52 1.410000
o 51 1.410000
o 50 1.600000
o 49 1.600000
o 48 1.770000
o 47 1.770000
o 46 1.830000
o 45 1.860000
o 44 1.870000
o 43 1.880000
o 42 2.750000
o 41 4.100000
o 40 4.350000
o 39 4.700000
o 38 4.710000
o 37 4.730000
o 36 92.510000
o 35 215.600000
35	215.600000
mbd-b14_C-mbd14-0277
o 112 0.010000
o 111 0.010000
o 59 0.460000
o 57 0.460000
o 56 0.460000
o 55 0.490000
o 54 0.490000
o 53 0.490000
o 52 0.490000
o 51 0.490000
o 50 0.490000
o 49 0.900000
o 48 0.920000
o 47 0.930000
o 46 0.950000
o 45 0.960000
o 44 0.960000
o 43 0.970000
o 42 0.970000
o 41 2.640000
o 40 2.640000
o 39 3.060000
o 38 3.070000
o 37 51.670000
37	51.670000
mbd-b14_C-mbd14-0277
o 110 0.010000
o 56 0.500000
o 55 0.510000
o 54 0.520000
o 53 0.530000
o 52 0.540000
o 48 0.810000
o 47 0.810000
o 46 0.820000
o 45 0.820000
o 44 0.850000
o 43 0.850000
o 42 1.840000
o 41 3.220000
o 40 3.250000
o 39 4.020000
o 38 23.940000
o 37 32.300000
o 36 32.430000
o 35 32.480000
o 34 32.550000
o 33 32.640000
o 32 32.660000
32	32.660000
mbd-b14_C-mbd14-0277
o 111 0.010000
o 64 0.580000
o 63 0.580000
o 61 0.580000
o 60 0.580000
o 58 0.590000
o 57 1.110000
o 56 1.110000
o 55 1.120000
o 54 1.120000
o 52 1.140000
o 51 1.150000
o 50 1.150000
o 49 1.280000
o 48 1.290000
o 47 1.330000
o 46 1.330000
o 45 1.330000
o 44 1.340000
o 43 2.330000
o 42 2.340000
o 41 7.520000
o 40 10.480000
o 39 10.530000
o 38 11.010000
o 37 87.300000
o 36 88.760000
o 35 186.370000
o 34 186.370000
o 33 186.480000
33	186.480000
mbd-b14_C-mbd14-0277
o 110 0.010000
o 69 0.500000
o 68 0.680000
o 67 0.690000
o 66 0.840000
o 65 0.840000
o 64 0.850000
o 63 0.850000
o 62 0.860000
o 61 0.860000
o 60 0.860000
o 59 0.860000
o 58 0.860000
o 57 0.880000
o 56 0.880000
o 55 0.910000
o 54 0.920000
o 53 0.930000
o 52 1.150000
o 51 1.150000
o 50 1.160000
o 49 1.160000
o 48 1.180000
o 47 1.180000
o 46 1.250000
o 45 1.290000
o 44 1.290000
o 43 1.290000
o 42 2.240000
o 41 2.240000
o 40 2.350000
o 39 2.380000
o 38 2.380000
o 37 2.420000
o 36 2.430000
o 35 3.050000
35	3.050000
mbd-b14_C-mbd14-0277
o 112 0.010000
o 64 0.570000
o 63 0.580000
o 62 0.580000
o 61 0.580000
o 60 0.650000
o 59 0.650000
o 58 0.650000
o 57 0.650000
o 56 0.710000
o 55 0.730000
o 54 0.920000
o 53 0.920000
o 52 0.920000
o 51 0.920000
o 50 1.050000
o 49 1.250000
o 48 1.280000
o 47 2.860000
o 46 2.950000
o 45 2.980000
o 44 3.000000
o 43 3.020000
o 42 3.460000
o 41 11.300000
o 40 11.330000
o 39 11.580000
o 38 12.260000
o 37 12.260000
o 36 12.280000
o 35 12.300000
o 34 12.460000
o 33 12.460000
33	12.460000
mbd-b14_C-mbd14-0277
o 110 0.010000
o 109 0.010000
o 77 0.550000
o 74 0.550000
o 73 0.560000
o 72 0.560000
o 71 0.560000
o 70 0.560000
o 68 0.570000
o 67 0.570000
o 66 0.570000
o 65 0.670000
o 64 0.670000
o 63 0.670000
o 62 0.750000
o 61 0.770000
o 60 0.770000
o 59 0.780000
o 58 0.780000
o 57 0.780000
o 56 0.780000
o 55 0.800000
o 54 0.800000
o 53 0.810000
o 52 0.810000
o 51 0.840000
o 50 1.010000
o 49 1.010000
o 48 1.030000
o 47 1.030000
o 46 1.750000
o 45 1.780000
o 44 1.950000
o 43 1.970000
o 42 1.970000
o 41 10.550000
o 40 11.610000
o 39 62.930000
o 38 62.930000
o 37 62.950000
o 36 62.960000
o 35 62.990000
o 34 63.000000
o 33 63.080000
33	63.080000
mbd-b14_C-mbd14-0277
o 109 0.000000
o 63 0.500000
o 62 0.520000
o 61 0.530000
o 60 0.530000
o 59 0.540000
o 58 0.540000
o 57 0.550000
o 56 0.550000
o 55 0.560000
o 54 0.570000
o 53 0.580000
o 52 0.580000
o 51 0.600000
o 50 0.620000
o 49 0.630000
o 48 0.640000
o 47 0.640000
o 46 0.640000
o 45 1.510000
o 44 1.780000
o 43 1.810000
o 42 2.470000
o 41 2.490000
o 40 5.990000
o 39 6.150000
o 38 24.610000
o 37 24.690000
o 36 163.520000
o 35 163.530000
35	163.530000
