optimizing-BDDs-mushroom-un-wcnf_incomplete_improved_1_2019_5
o 4080 16.550000
o 2796 113.540000
o 1876 113.540000
1876	113.540000
optimizing-BDDs-mushroom-un-wcnf_incomplete_improved_1_2019_5
o 3718 16.340000
o 2240 116.250000
o 1526 116.250000
1526	116.250000
optimizing-BDDs-mushroom-un-wcnf_incomplete_improved_1_2019_5
o 3404 19.980000
3404	19.980000
optimizing-BDDs-mushroom-un-wcnf_incomplete_improved_1_2019_5
o 3532 2.460000
o 1756 2.540000
o 1560 2.540000
1560	2.540000
optimizing-BDDs-mushroom-un-wcnf_incomplete_improved_1_2019_5
o 4000 16.950000
o 2188 278.250000
2188	278.250000
optimizing-BDDs-mushroom-un-wcnf_incomplete_improved_1_2019_5
o 3200 12.820000
o 1360 264.910000
1360	264.910000
optimizing-BDDs-mushroom-un-wcnf_incomplete_improved_1_2019_5
o 2928 14.380000
2928	14.380000
optimizing-BDDs-mushroom-un-wcnf_incomplete_improved_1_2019_5
o 4098 12.810000
4098	12.810000
optimizing-BDDs-mushroom-un-wcnf_incomplete_improved_1_2019_5
o 4408 14.100000
o 916 14.210000
o 48 203.730000
48	203.730000
optimizing-BDDs-mushroom-un-wcnf_incomplete_improved_1_2019_5
o 4148 14.690000
4148	14.690000
