optimizing-BDDs-splice-1-un-wcnf_incomplete_improved_1_2019_4
o 1700 8.180000
o 1121 73.160000
1121	73.160000
optimizing-BDDs-splice-1-un-wcnf_incomplete_improved_1_2019_4
o 1507 8.380000
1507	8.380000
optimizing-BDDs-splice-1-un-wcnf_incomplete_improved_1_2019_4
o 1442 1.700000
1442	1.700000
optimizing-BDDs-splice-1-un-wcnf_incomplete_improved_1_2019_4
o 1312 7.910000
1312	7.910000
optimizing-BDDs-splice-1-un-wcnf_incomplete_improved_1_2019_4
o 1506 1.760000
o 1015 272.240000
1015	272.240000
optimizing-BDDs-splice-1-un-wcnf_incomplete_improved_1_2019_4
o 1191 7.760000
1191	7.760000
optimizing-BDDs-splice-1-un-wcnf_incomplete_improved_1_2019_4
o 1500 1.740000
o 1336 1.800000
1336	1.800000
optimizing-BDDs-splice-1-un-wcnf_incomplete_improved_1_2019_4
o 1590 8.220000
o 1555 227.230000
1555	227.230000
optimizing-BDDs-splice-1-un-wcnf_incomplete_improved_1_2019_4
o 1364 1.730000
o 1267 233.470000
1267	233.470000
optimizing-BDDs-splice-1-un-wcnf_incomplete_improved_1_2019_4
o 1635 7.630000
o 1522 7.760000
1522	7.760000
