optimizing-BDDs-heart-cleveland-un-wcnf_incomplete_improved_1_2019_9
o 108 0.300000
o 31 9.890000
o 29 38.680000
o 28 46.200000
o 24 48.090000
o 19 57.050000
19	57.050000
optimizing-BDDs-heart-cleveland-un-wcnf_incomplete_improved_1_2019_9
o 122 0.310000
o 21 7.770000
o 16 269.380000
16	269.380000
optimizing-BDDs-heart-cleveland-un-wcnf_incomplete_improved_1_2019_9
o 128 0.320000
o 28 9.650000
o 24 17.760000
o 18 28.840000
o 16 28.840000
o 15 95.600000
15	95.600000
optimizing-BDDs-heart-cleveland-un-wcnf_incomplete_improved_1_2019_9
o 100 0.310000
o 90 0.320000
o 80 0.320000
o 20 5.010000
20	5.010000
optimizing-BDDs-heart-cleveland-un-wcnf_incomplete_improved_1_2019_9
o 128 0.320000
o 84 0.330000
o 33 10.020000
o 32 32.870000
o 30 46.190000
o 29 46.520000
o 27 99.800000
o 24 105.960000
o 17 167.320000
17	167.320000
optimizing-BDDs-heart-cleveland-un-wcnf_incomplete_improved_1_2019_9
o 84 0.320000
o 36 9.650000
o 34 32.580000
o 32 47.480000
o 31 47.480000
o 30 50.450000
o 25 128.450000
o 24 128.450000
24	128.450000
optimizing-BDDs-heart-cleveland-un-wcnf_incomplete_improved_1_2019_9
o 105 0.300000
o 22 9.050000
o 21 140.720000
21	140.720000
optimizing-BDDs-heart-cleveland-un-wcnf_incomplete_improved_1_2019_9
o 147 0.310000
o 31 10.970000
o 26 21.190000
o 22 56.490000
22	56.490000
optimizing-BDDs-heart-cleveland-un-wcnf_incomplete_improved_1_2019_9
o 99 0.310000
o 93 0.330000
o 23 8.360000
23	8.360000
optimizing-BDDs-heart-cleveland-un-wcnf_incomplete_improved_1_2019_9
o 83 0.300000
o 26 11.510000
o 21 120.870000
o 17 198.440000
o 16 198.450000
o 15 214.290000
15	214.290000
