scheduling-cnf_12
o 229 0.910000
o 132 9.560000
o 129 9.570000
o 127 60.600000
o 124 61.220000
o 123 61.230000
o 122 61.590000
o 120 61.620000
o 119 61.810000
o 117 61.820000
o 114 61.830000
o 108 62.590000
o 107 63.060000
o 106 63.070000
o 105 63.070000
105	63.070000
scheduling-cnf_12
o 206 0.910000
o 171 24.440000
o 163 24.500000
o 161 24.510000
o 159 24.510000
o 158 24.530000
o 157 24.810000
o 156 29.010000
o 153 32.500000
o 150 36.130000
o 148 36.300000
o 144 38.830000
o 143 39.160000
o 136 39.190000
o 134 39.260000
o 133 39.310000
o 130 39.410000
o 128 39.960000
o 127 40.070000
o 125 44.130000
o 124 44.340000
o 123 44.530000
o 121 45.590000
o 120 45.940000
o 119 46.160000
o 118 46.170000
o 114 46.530000
o 111 47.680000
111	47.680000
scheduling-cnf_12
o 230 0.770000
o 153 7.880000
o 152 14.300000
o 150 29.810000
o 144 30.310000
o 140 30.370000
o 137 30.380000
o 136 30.390000
o 135 30.750000
o 133 30.800000
o 132 31.050000
o 130 31.100000
o 124 31.470000
o 122 31.470000
o 117 31.630000
o 114 31.650000
o 113 294.030000
o 109 294.030000
o 108 294.140000
108	294.140000
scheduling-cnf_12
o 186 0.820000
o 135 7.190000
o 133 7.190000
o 130 7.240000
o 129 7.280000
o 127 110.950000
o 126 178.300000
o 125 181.360000
o 123 181.690000
o 121 181.910000
o 120 182.350000
o 119 182.350000
o 117 182.450000
o 115 184.240000
115	184.240000
scheduling-cnf_12
o 201 0.800000
o 143 30.540000
o 142 30.600000
o 137 30.700000
o 136 30.880000
o 135 47.330000
o 134 47.900000
o 130 48.050000
o 127 48.110000
o 125 116.040000
o 123 119.300000
o 119 136.320000
o 118 182.170000
118	182.170000
scheduling-cnf_12
o 248 0.870000
o 174 9.090000
o 168 9.300000
o 164 9.390000
o 160 9.970000
o 154 10.010000
o 149 10.030000
o 147 10.100000
o 143 10.150000
o 141 10.240000
o 134 10.320000
o 129 10.340000
o 125 10.460000
o 124 10.470000
o 123 10.560000
o 120 10.600000
o 119 10.620000
119	10.620000
scheduling-cnf_12
o 296 0.860000
o 142 25.040000
o 140 25.060000
o 132 25.130000
o 131 25.450000
o 126 40.300000
o 125 62.710000
o 123 62.760000
o 121 62.810000
o 120 62.820000
o 118 262.590000
o 116 262.670000
o 115 262.770000
o 114 262.800000
114	262.800000
scheduling-cnf_12
o 251 1.410000
o 155 9.700000
o 154 9.700000
o 151 9.720000
o 143 9.840000
o 140 10.630000
o 139 17.330000
o 138 17.340000
o 137 20.520000
o 136 21.110000
o 134 21.590000
o 130 21.650000
o 129 21.680000
o 126 23.010000
o 122 163.140000
o 118 163.290000
o 116 163.410000
116	163.410000
scheduling-cnf_12
o 244 0.860000
o 161 15.740000
o 159 15.760000
o 156 15.760000
o 153 15.810000
o 152 16.170000
o 139 16.460000
o 137 16.590000
o 135 16.640000
o 132 18.930000
o 130 25.600000
o 127 25.640000
o 125 30.100000
o 122 35.190000
o 117 35.330000
o 116 35.800000
o 114 35.830000
o 113 35.840000
o 112 38.230000
112	38.230000
scheduling-cnf_12
o 268 0.940000
o 154 47.240000
o 148 48.420000
o 147 48.420000
o 143 64.100000
o 142 64.120000
o 141 64.380000
o 139 64.450000
o 137 64.510000
o 136 64.710000
o 135 65.310000
o 130 65.380000
o 129 65.440000
o 126 65.480000
o 125 122.150000
o 122 122.160000
o 120 122.330000
o 119 122.380000
o 116 122.440000
o 114 122.590000
114	122.590000
