SeanSafarpour-rsdecoder1_blackbox_KESblock-problem.dimacs_30.filtered
o 60 0.750000
o 59 0.770000
o 58 0.770000
o 57 0.770000
o 56 0.770000
o 55 0.770000
o 54 0.770000
o 53 0.770000
o 52 23.850000
o 51 23.860000
o 50 23.860000
o 49 23.860000
o 48 23.860000
o 36 88.180000
o 35 88.180000
o 34 88.180000
o 33 88.180000
o 32 88.180000
o 31 88.180000
31	88.180000
SeanSafarpour-rsdecoder1_blackbox_KESblock-problem.dimacs_30.filtered
o 49 0.720000
o 48 0.750000
o 47 0.750000
o 46 0.750000
o 45 0.750000
o 44 0.750000
o 43 0.750000
o 42 0.750000
o 41 0.750000
o 35 139.400000
o 34 139.410000
o 33 139.410000
33	139.410000
SeanSafarpour-rsdecoder1_blackbox_KESblock-problem.dimacs_30.filtered
o 49 0.790000
o 48 0.810000
o 47 0.810000
o 43 97.750000
o 42 97.750000
o 41 97.750000
o 40 97.750000
o 39 97.750000
o 38 97.750000
o 37 97.750000
o 36 97.760000
o 35 120.820000
35	120.820000
SeanSafarpour-rsdecoder1_blackbox_KESblock-problem.dimacs_30.filtered
o 42 0.790000
o 41 0.810000
o 40 0.810000
o 39 173.650000
o 38 173.650000
o 36 173.650000
36	173.650000
SeanSafarpour-rsdecoder1_blackbox_KESblock-problem.dimacs_30.filtered
o 49 0.930000
o 48 0.960000
o 47 0.960000
o 46 0.960000
o 45 0.960000
o 44 0.960000
o 43 0.960000
o 42 72.090000
o 41 72.090000
o 40 72.090000
o 39 72.090000
o 38 72.090000
o 37 72.090000
o 36 72.090000
o 35 172.770000
o 34 172.770000
34	172.770000
SeanSafarpour-rsdecoder1_blackbox_KESblock-problem.dimacs_30.filtered
o 52 0.740000
o 51 0.760000
o 50 0.760000
o 49 0.760000
o 48 0.760000
o 47 0.760000
o 46 0.760000
o 45 0.760000
o 44 0.760000
o 43 0.760000
o 41 22.150000
o 40 22.150000
o 39 22.150000
o 38 22.150000
o 37 22.150000
37	22.150000
SeanSafarpour-rsdecoder1_blackbox_KESblock-problem.dimacs_30.filtered
o 42 0.760000
o 41 0.780000
o 40 0.780000
o 39 0.780000
o 38 0.780000
38	0.780000
SeanSafarpour-rsdecoder1_blackbox_KESblock-problem.dimacs_30.filtered
o 67 0.790000
o 66 0.810000
o 65 0.810000
o 64 0.810000
o 63 0.810000
o 62 0.810000
o 61 0.810000
o 60 0.810000
o 59 0.810000
o 58 0.810000
o 57 0.820000
o 56 0.820000
o 55 0.820000
o 54 22.350000
o 53 22.350000
o 52 22.350000
o 51 22.350000
o 50 22.350000
o 49 22.350000
o 48 22.350000
o 47 22.350000
o 46 22.350000
o 45 22.350000
o 44 22.350000
o 38 42.940000
o 37 42.950000
o 36 42.950000
o 35 42.950000
o 34 42.950000
o 33 42.950000
o 32 81.660000
o 31 81.660000
o 30 81.660000
o 28 186.330000
o 27 186.330000
o 26 186.330000
o 25 186.330000
o 24 186.330000
o 23 186.330000
23	186.330000
SeanSafarpour-rsdecoder1_blackbox_KESblock-problem.dimacs_30.filtered
o 76 0.750000
o 75 0.770000
o 74 0.770000
o 73 0.770000
o 72 0.770000
o 71 0.770000
o 70 0.770000
o 69 0.770000
o 68 0.770000
o 67 0.770000
o 66 0.770000
o 56 21.430000
o 55 21.430000
o 54 21.440000
o 53 21.440000
o 52 21.440000
o 51 21.440000
o 50 21.440000
o 49 63.910000
o 48 63.910000
o 47 86.110000
o 46 86.110000
o 45 86.110000
o 44 86.110000
o 43 86.110000
o 42 86.110000
o 41 86.110000
o 40 86.110000
o 34 109.890000
o 33 109.890000
o 32 109.890000
o 31 109.890000
o 30 109.890000
o 29 109.890000
o 28 109.890000
o 27 109.890000
27	109.890000
SeanSafarpour-rsdecoder1_blackbox_KESblock-problem.dimacs_30.filtered
o 75 0.770000
o 74 0.800000
o 73 0.800000
o 72 0.800000
o 71 0.800000
o 70 0.800000
o 69 0.800000
o 68 0.800000
o 41 22.440000
o 40 22.440000
o 39 22.440000
o 38 177.190000
o 37 177.190000
o 36 177.190000
o 35 177.190000
o 34 177.190000
o 33 216.990000
o 32 216.990000
o 31 216.990000
o 30 216.990000
o 29 216.990000
29	216.990000
