setcover-sts-data.135
o 111 0.010000
o 110 0.010000
o 109 0.010000
o 108 0.010000
o 107 0.010000
o 106 0.010000
o 105 0.010000
o 104 0.010000
104	0.010000
setcover-sts-data.135
o 111 0.000000
o 110 0.000000
o 109 0.000000
o 108 0.000000
o 107 0.000000
o 106 0.000000
o 105 0.000000
o 104 0.040000
104	0.040000
setcover-sts-data.135
o 111 0.000000
o 110 0.000000
o 109 0.000000
o 108 0.000000
o 107 0.000000
o 106 0.000000
o 105 0.000000
o 104 0.020000
o 103 92.250000
103	92.250000
setcover-sts-data.135
o 111 0.000000
o 110 0.000000
o 109 0.000000
o 108 0.000000
o 107 0.000000
o 106 0.000000
o 105 0.020000
o 104 0.040000
104	0.040000
setcover-sts-data.135
o 111 0.000000
o 110 0.000000
o 109 0.000000
o 108 0.000000
o 107 0.000000
o 106 0.000000
o 105 0.000000
o 104 0.010000
104	0.010000
setcover-sts-data.135
o 111 0.000000
o 110 0.000000
o 109 0.000000
o 108 0.000000
o 107 0.000000
o 106 0.000000
o 105 0.000000
o 104 0.160000
104	0.160000
setcover-sts-data.135
o 111 0.000000
o 110 0.000000
o 109 0.000000
o 108 0.000000
o 107 0.000000
o 106 0.000000
o 105 0.000000
o 104 0.010000
104	0.010000
setcover-sts-data.135
o 111 0.000000
o 110 0.000000
o 109 0.000000
o 108 0.000000
o 107 0.000000
o 106 0.000000
o 105 0.000000
o 104 0.020000
104	0.020000
setcover-sts-data.135
o 111 0.000000
o 110 0.000000
o 109 0.000000
o 108 0.000000
o 107 0.000000
o 106 0.000000
o 105 0.000000
o 104 0.030000
104	0.030000
setcover-sts-data.135
o 111 0.000000
o 110 0.000000
o 109 0.000000
o 108 0.000000
o 107 0.000000
o 106 0.000000
o 105 0.000000
o 104 0.010000
104	0.010000
