treewidth-computation-TWComp_1c75_N69
o 48 0.540000
o 41 2.690000
o 40 2.690000
o 39 2.890000
o 38 22.890000
o 37 24.160000
o 36 47.380000
o 35 68.810000
o 34 103.180000
o 33 236.840000
o 32 268.950000
o 31 274.820000
31	274.820000
treewidth-computation-TWComp_1c75_N69
o 51 0.530000
o 40 2.980000
o 39 3.010000
o 38 3.060000
o 37 13.250000
o 36 13.310000
o 35 17.590000
o 34 153.530000
34	153.530000
treewidth-computation-TWComp_1c75_N69
o 49 0.560000
o 37 3.250000
o 36 3.270000
o 35 13.220000
o 34 55.700000
34	55.700000
treewidth-computation-TWComp_1c75_N69
o 50 0.560000
o 35 3.400000
o 34 3.640000
o 33 60.000000
o 32 60.060000
o 31 60.060000
31	60.060000
treewidth-computation-TWComp_1c75_N69
o 51 0.540000
o 36 3.230000
o 35 3.310000
o 34 10.130000
o 33 35.410000
o 32 40.730000
o 31 140.440000
31	140.440000
treewidth-computation-TWComp_1c75_N69
o 48 0.540000
o 39 3.250000
o 38 3.260000
o 37 3.430000
o 36 4.120000
o 35 138.110000
o 34 158.230000
o 33 158.260000
o 32 161.210000
o 31 161.410000
31	161.410000
treewidth-computation-TWComp_1c75_N69
o 49 0.540000
o 39 3.510000
o 36 12.630000
o 35 12.810000
o 34 13.810000
o 33 174.920000
33	174.920000
treewidth-computation-TWComp_1c75_N69
o 54 0.530000
o 35 3.920000
o 34 3.940000
o 33 5.500000
33	5.500000
treewidth-computation-TWComp_1c75_N69
o 50 0.540000
o 41 3.290000
o 40 3.350000
o 39 7.540000
o 35 22.660000
o 34 22.660000
34	22.660000
treewidth-computation-TWComp_1c75_N69
o 51 0.570000
o 34 3.430000
o 33 3.480000
o 32 209.590000
32	209.590000
