af-synthesis_stb_50_140_1
o 242 0.65
o 176 0.66
o 171 0.66
o 164 0.66
o 157 0.67
o 148 0.67
o 142 0.67
142	0.67
af-synthesis_stb_50_140_1
o 226 0.63
o 178 0.63
o 170 0.64
o 163 0.64
o 160 0.64
o 152 0.66
o 150 204.55
o 147 204.56
147	204.56
af-synthesis_stb_50_140_1
o 267 0.86
o 180 0.88
o 177 0.88
o 174 0.89
o 169 0.89
o 166 0.91
o 164 229.18
o 162 229.18
o 158 229.18
o 154 229.18
o 149 229.18
o 147 229.18
o 141 229.18
141	229.18
af-synthesis_stb_50_140_1
o 218 0.7
o 170 0.71
o 168 0.71
o 162 0.71
o 161 0.72
o 155 0.72
o 150 0.72
o 144 228.38
144	228.38
af-synthesis_stb_50_140_1
o 256 0.7
o 174 0.71
o 170 0.71
o 166 0.71
o 163 0.71
o 159 0.71
o 155 0.71
155	0.71
af-synthesis_stb_50_140_1
o 221 0.89
o 156 0.91
o 154 1
o 150 1.01
o 149 1.02
o 143 1.14
o 141 1.15
o 140 1.15
140	1.15
af-synthesis_stb_50_140_1
o 244 0.48
o 150 0.49
150	0.49
af-synthesis_stb_50_140_1
o 227 0.46
o 179 0.47
o 174 0.47
o 165 0.47
o 160 0.48
o 157 0.49
157	0.49
af-synthesis_stb_50_140_1
o 231 0.6
o 174 0.61
o 166 0.61
166	0.61
af-synthesis_stb_50_140_1
o 238 0.56
o 171 0.57
o 165 0.57
o 162 0.59
o 160 0.83
o 157 186.16
157	186.16
