af-synthesis_stb_50_100_3
o 185 0.44
o 159 0.45
o 152 0.45
o 151 0.45
o 143 0.45
o 138 63.66
o 133 77.13
o 131 154.84
131	154.84
af-synthesis_stb_50_100_3
o 209 0.46
o 154 0.47
o 146 0.47
o 144 0.47
o 141 0.47
o 137 0.47
o 134 0.48
o 132 8.14
o 127 62.97
o 126 113.34
o 124 120.94
o 119 133.24
119	133.24
af-synthesis_stb_50_100_3
o 220 0.5
o 152 0.51
o 147 0.51
o 142 0.52
o 140 0.52
o 134 0.52
o 129 1.29
o 127 207.19
o 125 250.69
125	250.69
af-synthesis_stb_50_100_3
o 236 0.43
o 160 0.43
o 150 0.43
o 142 0.44
o 141 0.44
o 138 46.86
o 133 58.6
o 130 270.54
o 129 270.55
o 125 270.62
o 124 270.62
124	270.62
af-synthesis_stb_50_100_3
o 216 0.44
o 144 0.46
o 143 0.46
o 142 0.46
o 135 0.46
o 131 0.46
o 126 39.9
o 125 135.11
o 124 156.75
124	156.75
af-synthesis_stb_50_100_3
o 231 0.43
o 146 0.43
o 137 0.43
o 132 0.43
o 131 185.44
o 127 253.02
127	253.02
af-synthesis_stb_50_100_3
o 198 0.42
o 147 0.42
o 146 0.43
o 141 0.43
o 137 0.43
o 132 0.43
o 131 0.43
o 128 43.41
128	43.41
af-synthesis_stb_50_100_3
o 212 0.41
o 139 0.41
o 138 0.43
o 136 0.43
o 132 11.25
o 131 202.65
131	202.65
af-synthesis_stb_50_100_3
o 204 0.42
o 162 0.43
o 161 0.43
o 156 0.43
o 152 0.43
o 147 0.43
o 142 0.43
o 139 213.13
o 136 213.13
o 133 213.13
133	213.13
af-synthesis_stb_50_100_3
o 201 0.59
o 155 0.6
o 153 0.6
o 146 0.6
o 145 0.6
o 136 0.6
o 135 0.68
o 130 5.13
o 127 273.4
127	273.4
