af-synthesis_stb_50_40_8
o 171 0.19
o 148 0.19
o 146 0.19
o 143 0.19
o 141 0.19
o 140 0.2
o 139 0.28
139	0.28
af-synthesis_stb_50_40_8
o 192 0.18
o 162 0.18
o 158 0.18
o 155 0.19
o 152 4.2
o 149 76.98
149	76.98
af-synthesis_stb_50_40_8
o 197 0.19
o 159 0.19
o 158 0.19
o 155 0.19
o 154 0.2
o 149 0.65
o 145 0.81
o 143 0.86
o 140 55.23
140	55.23
af-synthesis_stb_50_40_8
o 212 0.28
o 162 0.29
o 160 0.29
o 156 0.3
o 154 1.33
o 151 1.33
o 150 1.34
o 144 2.28
o 140 220.1
o 138 277.5
138	277.5
af-synthesis_stb_50_40_8
o 200 0.18
o 174 0.18
o 170 0.18
o 166 0.19
o 164 0.19
o 162 0.19
o 158 0.35
o 153 0.53
o 150 17.79
o 149 40.68
o 147 257.95
o 145 257.95
o 140 257.95
o 136 280.79
136	280.79
af-synthesis_stb_50_40_8
o 229 0.15
o 175 0.16
o 169 0.16
o 167 0.16
o 166 0.16
o 164 0.16
o 160 27.61
o 152 43.92
o 151 71.81
o 148 72.96
o 147 288.18
o 141 288.18
o 139 295.14
139	295.14
af-synthesis_stb_50_40_8
o 186 0.23
o 153 0.24
o 149 0.24
o 144 0.45
o 143 1.64
o 138 24.63
138	24.63
af-synthesis_stb_50_40_8
o 198 0.17
o 151 0.17
o 147 0.17
o 141 4.37
o 135 31.59
135	31.59
af-synthesis_stb_50_40_8
o 212 0.2
o 171 0.21
o 169 0.21
o 161 0.21
o 156 5.95
o 151 213.5
151	213.5
af-synthesis_stb_50_40_8
o 204 0.19
o 156 0.19
o 149 0.19
o 146 0.19
o 140 0.19
o 137 219.62
137	219.62
