af-synthesis_stb_50_140_8
o 230 0.68
o 162 0.69
o 160 0.69
o 154 0.69
o 152 0.7
o 147 0.71
o 146 192.6
146	192.6
af-synthesis_stb_50_140_8
o 203 0.56
o 142 0.57
o 140 0.57
o 136 0.57
o 132 0.57
o 130 0.57
130	0.57
af-synthesis_stb_50_140_8
o 205 0.7
o 144 0.73
o 143 0.73
o 139 0.73
o 136 10
o 135 223.51
135	223.51
af-synthesis_stb_50_140_8
o 225 0.58
o 158 0.59
o 156 0.59
o 149 0.59
o 145 1.2
o 143 1.2
143	1.2
af-synthesis_stb_50_140_8
o 210 1.03
o 173 1.05
o 167 1.05
o 166 1.06
o 165 1.06
o 162 1.06
o 156 1.06
o 152 87.32
152	87.32
af-synthesis_stb_50_140_8
o 198 0.6
o 149 0.61
o 146 0.61
o 142 0.61
o 140 0.61
o 139 8.39
o 133 216.62
o 131 216.62
o 128 216.67
o 122 216.68
122	216.68
af-synthesis_stb_50_140_8
o 214 0.56
o 171 0.57
o 162 0.57
o 155 0.57
o 151 0.57
o 147 0.57
o 143 0.58
o 139 0.58
o 136 0.58
136	0.58
af-synthesis_stb_50_140_8
o 217 0.54
o 142 0.55
o 135 0.55
o 131 0.55
o 129 0.56
129	0.56
af-synthesis_stb_50_140_8
o 219 0.54
o 162 0.55
o 157 0.55
o 153 0.55
o 150 0.55
o 149 0.55
o 148 0.55
o 144 201.88
o 143 201.88
o 137 201.88
o 133 219.4
o 131 219.4
131	219.4
af-synthesis_stb_50_140_8
o 225 0.56
o 163 0.57
o 157 0.57
o 149 0.57
o 146 0.57
o 140 0.57
o 137 0.59
o 128 0.6
128	0.6
