ann.formula_0.8_2021_atleast_63_max-5_reduced_incomplete_adaboost_4
o 563 2.61
o 486 13.98
o 429 18.61
o 425 63.62
o 419 88.72
o 380 91.67
o 379 91.81
379	91.81
ann.formula_0.8_2021_atleast_63_max-5_reduced_incomplete_adaboost_4
o 499 2.58
o 460 9.87
o 429 9.9
o 425 38.95
o 418 39.73
o 399 52.92
o 379 110.23
o 372 111.25
372	111.25
ann.formula_0.8_2021_atleast_63_max-5_reduced_incomplete_adaboost_4
o 727 3.29
o 429 11.35
o 425 15.72
o 418 34.38
o 402 40.21
o 399 66.25
o 398 96.73
o 396 245.6
o 389 257.83
o 379 257.96
379	257.96
ann.formula_0.8_2021_atleast_63_max-5_reduced_incomplete_adaboost_4
o 499 2.53
o 460 12.2
o 447 26.01
o 429 34.88
o 425 42.49
o 420 92.92
o 404 127.3
o 398 272.64
398	272.64
ann.formula_0.8_2021_atleast_63_max-5_reduced_incomplete_adaboost_4
o 510 2.34
o 443 13.63
o 432 40.98
o 425 43.08
o 418 64.6
o 402 134.04
o 380 134.49
380	134.49
ann.formula_0.8_2021_atleast_63_max-5_reduced_incomplete_adaboost_4
o 489 2.5
o 418 17.1
o 417 56.1
o 399 63.65
o 389 67
o 379 67.05
379	67.05
ann.formula_0.8_2021_atleast_63_max-5_reduced_incomplete_adaboost_4
o 639 2.9
o 447 9.98
o 425 56.18
o 423 68.7
o 404 83.34
o 400 206.01
o 390 213.55
o 379 247.56
379	247.56
ann.formula_0.8_2021_atleast_63_max-5_reduced_incomplete_adaboost_4
o 579 2.84
o 545 25.63
o 460 28.53
o 429 41.02
o 399 42.89
o 398 93.98
o 389 211.48
389	211.48
ann.formula_0.8_2021_atleast_63_max-5_reduced_incomplete_adaboost_4
o 481 2.78
o 443 30.97
o 425 54.91
o 418 81.47
o 399 143.44
399	143.44
ann.formula_0.8_2021_atleast_63_max-5_reduced_incomplete_adaboost_4
o 711 2.57
o 705 2.64
o 700 2.64
o 694 2.64
o 688 2.64
o 429 13.04
o 425 70.56
o 413 71.16
o 400 76.6
o 399 76.98
o 379 88.09
379	88.09
