aus.formula_0.8_2021_atleast_63_max-5_reduced_incomplete_adaboost_5
o 772 3.95
o 750 4.08
o 587 14.67
o 578 28.64
o 516 96.69
o 507 164.4
o 492 232.37
o 490 246.49
o 482 252.88
o 454 253.64
454	253.64
aus.formula_0.8_2021_atleast_63_max-5_reduced_incomplete_adaboost_5
o 729 4.1
o 707 4.19
o 582 20.76
o 578 34.29
o 570 70.52
o 451 80.07
451	80.07
aus.formula_0.8_2021_atleast_63_max-5_reduced_incomplete_adaboost_5
o 890 9.06
o 881 9.24
o 582 32.32
o 577 58.85
o 516 104.59
o 504 131.96
o 500 265.89
500	265.89
aus.formula_0.8_2021_atleast_63_max-5_reduced_incomplete_adaboost_5
o 718 3.03
o 696 3.11
o 582 16.45
o 577 37
o 504 44.97
o 489 56.29
489	56.29
aus.formula_0.8_2021_atleast_63_max-5_reduced_incomplete_adaboost_5
o 841 3.62
o 819 3.71
o 797 3.71
o 580 19.31
o 578 33.75
o 504 45.49
o 494 116.43
494	116.43
aus.formula_0.8_2021_atleast_63_max-5_reduced_incomplete_adaboost_5
o 946 5.36
o 924 5.52
o 599 40.63
o 576 50.9
o 549 109.86
o 520 176.37
o 498 244.9
498	244.9
aus.formula_0.8_2021_atleast_63_max-5_reduced_incomplete_adaboost_5
o 870 3.04
o 867 3.13
o 582 19.77
o 579 35.24
o 577 42.85
o 560 74.77
o 516 92.48
o 483 167.55
483	167.55
aus.formula_0.8_2021_atleast_63_max-5_reduced_incomplete_adaboost_5
o 999 3.29
o 977 3.36
o 968 3.36
o 967 3.36
o 964 3.36
o 597 14.9
o 587 18.02
o 582 50.14
o 576 50.25
o 444 87.75
o 424 116.75
424	116.75
aus.formula_0.8_2021_atleast_63_max-5_reduced_incomplete_adaboost_5
o 707 3.51
o 704 3.59
o 587 18
o 579 40.42
o 542 66.72
o 541 103.5
o 448 168.55
448	168.55
aus.formula_0.8_2021_atleast_63_max-5_reduced_incomplete_adaboost_5
o 667 3.77
o 645 3.84
o 623 3.84
o 582 19.63
o 570 21.27
o 500 81.09
500	81.09
