aus.formula_0.8_2021_atleast_63_max-5_reduced_incomplete_adaboost_6
o 818 3.4
o 608 19.19
o 593 43.86
o 587 77.93
o 565 78.61
o 563 90.4
o 559 100.86
o 512 138.28
o 510 142.16
510	142.16
aus.formula_0.8_2021_atleast_63_max-5_reduced_incomplete_adaboost_6
o 1033 3.12
o 598 21.17
o 593 39.8
o 564 54.81
o 546 120.91
o 535 142.86
o 527 144.7
527	144.7
aus.formula_0.8_2021_atleast_63_max-5_reduced_incomplete_adaboost_6
o 700 16.49
o 593 29.13
o 587 66.08
o 570 104.63
o 525 107.9
o 500 278.19
500	278.19
aus.formula_0.8_2021_atleast_63_max-5_reduced_incomplete_adaboost_6
o 807 3.37
o 587 10.61
o 578 89.35
o 572 94.75
o 514 116.2
o 512 292.74
512	292.74
aus.formula_0.8_2021_atleast_63_max-5_reduced_incomplete_adaboost_6
o 802 3.16
o 593 14.66
o 512 84.17
512	84.17
aus.formula_0.8_2021_atleast_63_max-5_reduced_incomplete_adaboost_6
o 1108 4.1
o 593 18.37
o 579 31.68
o 549 91.87
o 533 93.14
o 514 126.25
o 494 140.05
o 477 236.58
477	236.58
aus.formula_0.8_2021_atleast_63_max-5_reduced_incomplete_adaboost_6
o 1021 3.65
o 999 3.74
o 593 20.78
o 527 61.08
o 487 282.22
487	282.22
aus.formula_0.8_2021_atleast_63_max-5_reduced_incomplete_adaboost_6
o 653 3.74
o 631 3.83
o 598 17.97
o 593 34.22
o 527 81.96
o 520 121.2
o 506 195.68
506	195.68
aus.formula_0.8_2021_atleast_63_max-5_reduced_incomplete_adaboost_6
o 937 2.84
o 608 17.17
o 587 29.27
o 527 78.49
o 522 156.96
522	156.96
aus.formula_0.8_2021_atleast_63_max-5_reduced_incomplete_adaboost_6
o 956 3.75
o 952 3.83
o 930 3.83
o 593 18.37
o 577 89.79
o 564 90.55
o 543 92.4
o 533 122.46
533	122.46
