hea.formula_0.8_2021_atleast_31_max-4_reduced_incomplete_adaboost_5
o 217 0.47
o 204 1.12
o 192 1.74
o 185 28.51
o 175 28.69
o 171 28.83
171	28.83
hea.formula_0.8_2021_atleast_31_max-4_reduced_incomplete_adaboost_5
o 288 0.48
o 204 1.43
o 195 3.61
o 192 7.54
o 189 11.43
o 180 17.59
o 169 162.87
169	162.88
hea.formula_0.8_2021_atleast_31_max-4_reduced_incomplete_adaboost_5
o 334 0.57
o 204 1.38
o 193 6.04
o 192 10.91
o 191 16.32
o 188 36.18
o 186 39.8
o 183 39.88
o 182 39.91
182	39.91
hea.formula_0.8_2021_atleast_31_max-4_reduced_incomplete_adaboost_5
o 284 0.53
o 208 1.37
o 199 1.77
o 195 3.66
o 188 7.03
o 182 79.17
o 181 119.24
o 171 209.31
171	209.31
hea.formula_0.8_2021_atleast_31_max-4_reduced_incomplete_adaboost_5
o 235 0.6
o 214 1.06
o 195 1.59
o 189 7.29
o 188 21.93
o 184 108.26
o 181 187.58
o 178 266.29
o 171 268.14
171	268.14
hea.formula_0.8_2021_atleast_31_max-4_reduced_incomplete_adaboost_5
o 224 0.63
o 214 1.13
o 204 1.32
o 192 3.25
o 189 21.17
o 188 79.02
o 187 98.56
o 186 98.81
o 178 98.95
o 172 104.46
o 160 115.54
160	115.54
hea.formula_0.8_2021_atleast_31_max-4_reduced_incomplete_adaboost_5
o 216 0.46
o 208 0.96
o 204 1.76
o 193 4.37
o 190 15.39
o 183 15.57
o 182 15.77
o 170 92.72
o 169 95.62
169	95.62
hea.formula_0.8_2021_atleast_31_max-4_reduced_incomplete_adaboost_5
o 285 0.6
o 272 0.61
o 208 1.82
o 204 2.9
o 201 6.64
o 200 12.88
o 196 15.83
o 192 16
o 188 21.65
o 183 40.19
o 172 135.29
172	135.29
hea.formula_0.8_2021_atleast_31_max-4_reduced_incomplete_adaboost_5
o 265 0.52
o 208 1.26
o 204 2.42
o 197 3.64
o 193 6.08
o 192 6.42
o 188 24.58
o 187 27.13
o 185 44.83
o 182 45.86
o 180 45.93
180	45.93
hea.formula_0.8_2021_atleast_31_max-4_reduced_incomplete_adaboost_5
o 240 0.56
o 214 1.83
o 192 2.58
o 189 3.75
o 182 17.8
182	17.8
