instance3
o 4474 0.03
o 1257 0.09
o 1156 0.09
o 1154 0.09
o 1153 0.11
o 1061 0.11
o 1059 0.13
o 1034 2.18
o 1027 28.92
o 1023 29.24
o 1021 29.85
1021	29.85
instance3
o 5282 0.02
o 1765 0.1
o 1665 0.1
o 1664 0.1
o 1563 0.1
o 1459 0.1
o 1447 0.11
o 1347 0.11
o 1346 0.11
o 1343 0.11
o 1146 0.11
o 1143 0.11
o 1142 0.12
o 1141 0.13
o 1140 0.13
o 1131 0.13
o 1130 0.14
o 1129 0.14
o 1043 5.6
o 1041 5.84
o 1038 5.84
o 1037 6.54
o 1036 6.97
o 1034 10
o 1031 119.65
o 1030 122.26
1030	122.26
instance3
o 4675 0.02
o 1349 0.1
o 1250 0.11
o 1149 0.11
o 1147 0.12
o 1144 0.12
o 1129 0.22
o 1127 0.22
o 1124 0.22
o 1036 0.63
o 1034 0.63
o 1032 63.44
o 1030 71.9
1030	71.9
instance3
o 4668 0.02
o 1455 0.1
o 1352 0.11
o 1251 0.11
o 1248 0.36
o 1246 0.36
o 1244 0.51
o 1150 0.67
o 1148 0.67
o 1147 0.68
o 1146 0.73
o 1143 0.74
o 1043 0.75
o 1039 3.02
o 1035 3.09
o 1033 12.03
o 1032 12.22
o 1031 12.22
o 1027 244.61
1027	244.61
instance3
o 4486 0.03
o 1465 0.12
o 1460 0.12
o 1459 0.13
o 1364 0.13
o 1363 0.13
o 1361 0.13
o 1359 0.13
o 1257 0.13
o 1254 0.15
o 1253 0.15
o 1250 0.16
o 1249 0.16
o 1245 0.16
o 1244 0.16
o 1242 0.16
o 1148 2.09
o 1146 2.36
o 1145 2.41
o 1144 2.45
o 1143 2.45
o 1064 2.78
o 1062 2.78
o 1044 20.55
o 1041 21.39
o 1040 21.4
o 1038 39.9
o 1035 40.06
o 1030 54.05
o 1029 54.17
o 1028 241.1
o 1024 241.55
1024	241.55
instance3
o 4375 0.02
o 1563 0.11
o 1561 0.11
o 1551 0.11
o 1451 0.11
o 1348 0.12
o 1345 0.12
o 1246 0.12
o 1244 0.16
o 1241 0.23
o 1240 1.52
o 1143 2.06
o 1134 2.52
o 1042 3.34
o 1040 3.48
o 1030 113.45
1030	113.45
instance3
o 4485 0.02
o 1457 0.11
o 1351 0.11
o 1349 0.12
o 1346 0.22
o 1345 0.22
o 1252 0.28
o 1251 0.92
o 1249 0.96
o 1247 1.19
o 1244 1.2
o 1242 1.75
o 1240 1.76
o 1140 1.83
o 1137 2.23
o 1134 2.28
o 1130 2.44
o 1043 4.27
o 1039 19.49
o 1036 19.51
o 1032 82.83
1032	82.83
instance3
o 4572 0.03
o 1662 0.11
o 1656 0.11
o 1559 0.11
o 1463 0.11
o 1462 0.11
o 1365 0.11
o 1268 0.11
o 1267 0.11
o 1231 0.17
o 1230 0.17
o 1131 0.18
o 1038 0.21
o 1033 0.21
o 1031 3.77
o 1029 3.84
o 1028 27.22
1028	27.22
instance3
o 5283 0.02
o 1558 0.11
o 1460 0.11
o 1368 0.12
o 1341 0.26
o 1338 0.26
o 1337 0.39
o 1336 0.39
o 1244 0.43
o 1239 1.28
o 1236 1.29
o 1233 1.36
o 1139 1.41
o 1137 1.41
o 1135 1.62
o 1039 8.86
o 1037 8.86
o 1034 9.04
o 1029 11.69
o 1026 11.75
o 1025 207.38
o 1024 207.38
o 1023 207.38
1023	207.38
instance3
o 4481 0.02
o 1856 0.13
o 1756 0.13
o 1655 0.13
o 1552 0.13
o 1452 0.13
o 1351 0.13
o 1349 0.13
o 1344 0.14
o 1342 0.14
o 1336 0.15
o 1335 0.15
o 1334 0.15
o 1244 0.16
o 1160 0.93
o 1144 1.08
o 1141 1.12
o 1140 1.24
o 1043 2.49
o 1040 2.77
o 1038 87.28
o 1037 87.28
o 1035 87.52
o 1034 87.82
o 1033 90.49
o 1031 112.95
o 1028 116.74
1028	116.74
