role_university_0.25_8
o 241429 2.35
o 146247 11.97
o 144951 12.05
o 144805 12.87
o 144773 12.87
o 144176 15.77
o 144017 16.25
o 143988 16.31
o 143972 16.32
o 143655 20.89
o 143575 20.89
o 143527 21.14
o 143511 21.15
o 143495 21.15
o 143489 21.49
o 142643 21.57
o 142627 21.57
o 142611 21.59
o 142595 21.59
142595	21.59
role_university_0.25_8
o 235563 2.54
o 148885 13.25
o 148872 13.31
o 146268 14.38
o 146220 14.4
o 145952 14.62
o 145837 14.78
o 145821 14.78
o 145770 14.87
o 145674 14.95
o 143088 15.27
o 143037 15.27
143037	15.27
role_university_0.25_8
o 241456 2.96
o 144144 14.25
o 144064 14.26
o 144013 14.27
o 143914 15.4
o 143895 15.4
143895	15.4
role_university_0.25_8
o 241210 2.25
o 145873 11.52
o 144753 11.55
o 144737 11.55
o 144641 11.57
o 144609 11.57
o 144558 11.57
o 144500 11.7
o 144123 14.12
o 144047 14.67
o 144041 14.71
o 144025 14.71
o 143929 14.74
143929	14.74
role_university_0.25_8
o 244557 2.74
o 145996 14.14
o 145955 19.17
o 145939 19.17
o 145923 19.18
o 145875 19.18
o 145859 19.18
o 145760 19.22
o 145162 19.72
o 145031 19.73
o 144378 25.25
o 144314 25.26
o 144231 25.63
o 143266 38.99
o 143250 39.01
o 143234 39.03
o 143228 56.41
o 143212 56.41
o 143196 56.42
o 143180 56.42
o 143164 56.46
o 143148 64.5
o 143132 65.99
o 143126 75.13
o 143121 82.52
o 143105 82.52
o 143089 82.52
o 143073 82.53
o 143057 82.53
o 143041 82.53
o 143025 82.78
o 143009 82.79
o 142993 82.79
o 142977 83.77
o 142961 83.78
o 142945 83.78
o 142929 83.78
o 142913 83.85
o 142897 89.91
o 142881 95.56
o 142865 95.56
o 142849 97.51
o 142833 97.54
o 142545 131.92
142545	131.92
role_university_0.25_8
o 230683 2.44
o 230664 2.51
o 147601 13.57
o 147438 13.59
o 146306 21.02
o 146172 21.03
o 145434 21.46
o 145402 21.47
o 145386 21.48
o 145370 21.48
o 145287 21.49
o 145252 21.56
o 145180 24.84
o 145164 24.84
o 144998 25.23
144998	25.23
role_university_0.25_8
o 237702 2.82
o 149939 15.61
o 146466 16.71
o 146370 16.71
o 146351 17.51
o 146220 17.51
o 146123 19.77
o 146075 19.78
o 146059 19.79
o 144425 25.17
o 144422 25.53
144422	25.53
role_university_0.25_8
o 240633 2.45
o 149439 13.56
o 149375 13.57
o 149372 13.58
o 149356 13.59
o 148319 14.37
o 148268 14.37
o 148252 14.37
o 147275 14.51
o 147112 14.51
o 144546 14.85
o 144530 14.87
o 144434 14.89
o 144409 15.09
o 144393 15.1
o 144365 15.3
o 144349 15.37
144349	15.37
role_university_0.25_8
o 233137 2.18
o 149399 11.35
o 149208 11.76
o 147204 13.86
o 147022 13.91
o 147006 13.92
o 146856 13.94
o 146760 14.29
o 146112 14.81
o 146000 14.83
o 144924 19.6
o 144908 19.61
o 144892 19.61
o 144825 19.69
o 144815 19.82
o 144799 19.82
o 144796 19.82
o 144780 19.82
o 144726 19.83
o 144710 19.83
o 144694 19.83
o 144691 19.83
o 144675 19.83
144675	19.83
role_university_0.25_8
o 236050 1.93
o 143919 9.7
o 143839 9.71
o 143721 10.02
o 143271 16.04
o 143255 16.04
o 143239 16.04
o 143094 16.11
o 143014 16.18
o 143011 16.19
o 142995 16.19
o 142017 16.32
142017	16.32
