role_university_1.0_2
o 289948 2.5
o 242204 59.1
o 242193 59.1
o 242182 59.11
o 242149 59.27
o 242127 60.18
o 242116 60.18
o 242105 60.26
o 231971 61.71
o 231949 61.72
o 222222 64.75
o 222178 64.87
o 222167 65.93
o 222145 65.93
o 222068 65.97
o 222046 66.99
o 222035 66.99
o 222024 66.99
o 222013 67.01
o 222002 67.01
o 221980 67.52
o 221969 67.52
o 221947 67.52
o 219054 70.08
o 219043 70.08
o 219021 70.12
o 218999 70.88
o 209206 70.94
o 209162 70.97
o 209151 72.04
o 209140 72.24
o 209129 72.44
o 209118 72.46
o 209107 73.17
o 209096 74.5
o 209085 74.99
o 209030 75.03
o 209019 75.03
209019	75.03
role_university_1.0_2
o 260206 2.77
o 250666 63.53
o 250655 63.53
o 240686 65.08
o 240675 65.08
o 240664 65.08
o 240653 65.08
o 240642 65.08
o 240631 65.08
o 240620 65.08
o 240587 65.57
o 231509 67.88
o 231498 67.88
o 221661 68.68
o 221650 68.77
o 221628 68.77
o 221617 73.66
o 221606 73.66
o 221540 73.95
o 221518 78.05
o 221430 81.45
o 221386 81.77
o 221375 82.18
o 221309 82.32
o 211681 85.14
o 211670 85.25
o 211659 85.33
o 211648 85.46
o 211637 87.41
o 211626 91.12
o 211615 91.12
o 211604 91.13
o 211593 91.14
o 211582 91.14
o 211571 91.17
o 211560 91.17
o 211549 91.18
o 211538 91.18
o 211527 91.19
o 211516 91.19
o 211505 91.21
o 211494 91.23
o 211483 91.23
o 211472 91.26
o 211461 91.27
o 211450 91.28
o 211439 91.36
o 211428 91.5
o 211417 91.63
o 211406 91.94
o 211395 91.95
o 211384 92.05
o 208766 93.13
o 208744 94.19
o 208733 94.2
o 208722 94.29
o 208711 94.79
o 208700 96.57
o 208656 97.07
o 208645 97.07
o 208634 97.26
o 208623 98.21
o 208612 98.26
o 208601 98.26
o 208590 98.72
o 208579 98.88
o 208568 107.26
208568	107.26
role_university_1.0_2
o 290509 2.88
o 290498 2.93
o 241885 59.16
o 232026 59.53
o 231905 63.33
o 231894 63.83
o 231861 68.82
o 231850 68.92
o 231828 68.98
o 231817 69.25
o 222530 69.69
o 222519 69.84
o 222508 69.86
o 222497 70.61
o 222486 71.23
o 222475 71.23
o 222464 71.93
o 222442 71.95
o 222420 82.16
o 222409 82.29
o 222398 82.32
o 222387 82.4
o 222354 82.81
222354	82.81
role_university_1.0_2
o 282091 2.27
o 282080 2.33
o 282069 2.34
o 282058 2.34
o 238464 60.61
o 238431 66.45
o 238233 67.82
o 238222 68.04
o 228407 68.19
o 228374 68.54
o 228363 68.67
o 228341 68.72
o 218471 69.52
o 218427 70.59
o 208590 70.78
o 208579 70.8
o 208568 70.82
o 208557 70.83
o 208524 73
o 208502 73.14
208502	73.14
role_university_1.0_2
o 265123 2.6
o 239080 124.36
o 238805 127.19
o 238794 127.19
o 238783 137.51
o 238772 137.51
o 238761 137.51
o 238750 137.51
o 238739 137.51
o 238728 137.51
o 238717 137.51
o 238706 137.51
o 238695 137.52
o 238673 137.52
o 238662 137.52
o 238651 137.52
o 238519 137.62
o 238497 137.63
o 238464 137.94
o 228572 140.35
o 228561 140.35
o 228506 141.92
o 228495 141.93
o 218625 141.94
o 218614 141.99
o 218581 146.24
o 218570 146.28
o 218559 153.86
o 218548 157.06
o 218537 157.43
o 218526 158.35
o 210592 160.23
o 210581 164.59
o 210570 164.63
o 210559 165.12
210559	165.12
role_university_1.0_2
o 280749 2.32
o 239179 61.56
o 229177 70.37
o 229166 70.37
o 219648 71.68
o 219538 73.37
o 219527 73.55
o 219516 73.62
o 219505 73.71
o 209668 74.4
o 209657 74.4
209657	74.4
role_university_1.0_2
o 251172 2.95
o 251161 3
o 251150 3
o 238640 57.34
o 238629 57.35
o 228792 57.42
o 228781 57.48
o 228770 57.7
o 218911 64.15
o 218900 64.77
o 218889 64.77
o 218878 64.98
o 218867 64.99
o 218856 65.26
o 218779 65.71
o 218768 65.72
o 218757 65.72
o 218581 78.61
o 218570 79.75
o 218559 87.16
o 218548 87.31
o 209228 249.55
o 209217 249.61
o 209206 250.76
o 209195 252.09
o 209118 254.02
o 209107 255.37
o 209096 257.64
o 209074 266.19
o 209052 275.87
o 209041 278.09
o 209030 282.27
o 209019 285.08
o 209008 285.21
o 208997 285.32
o 208986 285.35
o 208975 285.36
o 208964 285.39
o 208953 285.46
o 208942 285.51
o 208931 285.54
o 208920 285.55
o 208909 285.58
o 208898 285.63
o 208887 285.68
o 208876 285.71
o 208865 285.74
o 208854 285.81
o 208843 285.88
o 208832 285.98
o 208821 285.99
o 208810 286
o 208799 286.02
o 208788 286.02
o 208777 286.08
o 208766 286.17
o 208755 286.18
o 208744 286.24
o 208733 286.28
o 208722 286.53
o 208711 286.86
o 208700 287.52
o 208689 287.82
o 208678 288.1
208678	288.1
role_university_1.0_2
o 281002 2.42
o 280991 2.48
o 228792 54.18
o 228770 54.21
o 228726 57.01
o 219560 57.73
o 219538 58.74
o 219472 58.78
o 219428 58.84
o 219384 59.41
o 219373 59.42
o 209558 60.2
209558	60.2
role_university_1.0_2
o 279726 2.86
o 279715 2.93
o 279704 2.93
o 228330 54.65
o 228319 54.65
o 219241 66.76
o 219230 66.76
o 219219 66.76
o 219208 66.97
o 219197 66.98
o 219186 66.98
o 219175 67.32
o 219164 67.32
o 219153 67.33
o 219142 68.67
o 219087 70.55
o 219076 70.57
o 219065 74.21
o 219054 75.22
o 219043 77.37
o 219032 77.55
o 219021 77.56
o 219010 77.56
o 218999 77.75
o 218988 77.76
o 218977 78.3
o 218966 78.51
o 218955 78.67
o 218944 79.34
o 218933 79.36
o 218922 79.36
o 218911 79.36
o 218900 79.36
o 210119 83.38
o 210108 83.38
o 210097 83.38
o 210086 83.38
o 210075 91.76
o 210031 94.33
o 210020 94.94
o 210009 94.98
o 209998 94.99
o 209976 96.38
o 209965 96.7
o 209954 96.7
o 209943 96.73
o 209899 98.15
o 209888 98.16
o 209877 98.9
209877	98.9
role_university_1.0_2
o 279495 2.55
o 279484 2.61
o 218119 59.58
o 218097 63.09
o 218031 64.91
o 217965 65.14
o 217954 65.18
o 217921 66.11
o 217910 66.64
o 208172 71.18
o 208161 71.69
o 208062 73.52
o 208040 75.43
o 208029 121.94
208029	121.94
