Rounded_CorrelationClustering_Ionosphere_BINARY_N200_D0.200
o 16290761 0.2
o 5010671 0.93
o 5008905 0.94
o 5007390 0.94
o 4905503 0.95
o 4894238 27.96
o 4892723 27.96
o 4890957 27.96
o 4853534 28.01
o 4831823 152.61
o 4798952 158.63
o 4754648 158.99
o 4688161 159.82
o 4660597 159.87
4660597	159.87
Rounded_CorrelationClustering_Ionosphere_BINARY_N200_D0.200
o 15216096 0.16
o 5007720 0.77
o 4978211 0.77
o 4978101 0.87
o 4940104 1
o 4905780 2.82
o 4855863 26.03
o 4854097 26.03
o 4853575 26.77
o 4853534 71.32
o 4847526 121.51
o 4846011 121.51
4846011	121.51
Rounded_CorrelationClustering_Ionosphere_BINARY_N200_D0.200
o 8497575 0.2
o 5106823 1.12
o 5101014 11.16
o 5039308 13.68
o 5009799 13.69
o 4916492 14.71
o 4914726 14.73
o 4879454 14.95
o 4821728 52.89
o 4819962 52.9
o 4818447 52.9
o 4799179 289.56
4799179	289.56
Rounded_CorrelationClustering_Ionosphere_BINARY_N200_D0.200
o 18217811 0.15
o 4921802 0.7
o 4920036 0.7
o 4918521 0.7
o 4890957 0.71
o 4825970 0.72
o 4808527 63.32
o 4806761 63.33
4806761	63.33
Rounded_CorrelationClustering_Ionosphere_BINARY_N200_D0.200
o 13082966 0.2
o 5136332 0.85
o 5134566 0.85
o 5133051 0.85
o 5121007 0.87
o 5107002 0.97
o 5088294 1.39
o 5049163 12.41
o 5047648 12.41
o 5021519 12.56
o 5019753 12.56
o 4972267 13.29
o 4924819 14.91
o 4910948 20.52
o 4881439 24.38
o 4828178 33.72
o 4826412 33.72
o 4824897 33.72
o 4797333 33.74
o 4786804 34.62
o 4772662 34.78
4772662	34.78
Rounded_CorrelationClustering_Ionosphere_BINARY_N200_D0.200
o 10740243 0.17
o 4920753 0.9
o 4919238 0.9
o 4917472 0.91
o 4905428 0.98
o 4891423 1.06
o 4861914 1.48
o 4768576 11.98
o 4767061 11.98
o 4765295 11.98
o 4748022 12.82
4748022	12.82
Rounded_CorrelationClustering_Ionosphere_BINARY_N200_D0.200
o 9175915 0.19
o 4757678 0.98
4757678	0.98
Rounded_CorrelationClustering_Ionosphere_BINARY_N200_D0.200
o 13542249 0.17
o 4920753 0.8
o 4918987 0.8
o 4917472 0.81
o 4883051 12.05
o 4812990 18.45
o 4797575 267.66
o 4795809 267.66
o 4794294 267.66
4794294	267.66
Rounded_CorrelationClustering_Ionosphere_BINARY_N200_D0.200
o 10555970 0.15
o 5216478 1.06
o 5186113 1.06
o 5184347 1.06
o 5159875 1.18
o 5132311 1.24
o 5113352 1.7
o 5027132 2.64
o 4979616 2.64
o 4953818 2.67
o 4952052 2.7
o 4904014 2.99
o 4828103 12.49
o 4826588 12.49
o 4825139 57.84
o 4823624 57.85
o 4821858 57.85
o 4777101 58.52
o 4775335 58.52
o 4766810 59.09
4766810	59.09
Rounded_CorrelationClustering_Ionosphere_BINARY_N200_D0.200
o 13082857 0.15
o 4957816 0.64
o 4956050 0.64
o 4950537 1.41
o 4921028 2.21
o 4902499 2.23
o 4899786 8.23
o 4889548 17.86
o 4865265 17.87
o 4852116 21.4
o 4830308 41.03
o 4820998 144.51
4820998	144.51
