simNo_1-s_5-m_100-n_500-fp_0.0001-fn_0.05
o 13051662970094752 5.39
o 13049145350404463 5.58
o 838302244562584 33.08
o 837478811434631 33.08
o 836608058000248 33.1
o 835784624872295 33.1
835784624872295	33.1
simNo_1-s_5-m_100-n_500-fp_0.0001-fn_0.05
o 10552784214014517 6.91
o 2318011575494125 144.36
o 2317188142366172 144.36
o 2316317388931789 144.38
o 2315493955803836 144.38
2315493955803836	144.38
simNo_1-s_5-m_100-n_500-fp_0.0001-fn_0.05
o 5041988392400267 5.3
o 644113987284966 14.8
o 643290554157013 14.8
o 640725614160294 14.86
o 639902181032341 14.87
o 639031427597958 14.87
o 638207994470005 14.87
o 637337241035622 14.9
o 636513807907669 14.9
636513807907669	14.9
simNo_1-s_5-m_100-n_500-fp_0.0001-fn_0.05
o 15122434544176484 5
o 1855478759116689 79.13
o 1853784572554353 79.15
o 1852961139426400 79.15
o 1852090385992017 79.16
o 1851266952864064 79.16
o 1850396199429681 79.2
o 1849572766301728 79.2
o 1849525445995298 79.22
o 1848702012867345 79.22
o 1847831259432962 79.26
o 1847007826305009 79.26
o 1846137072870626 79.3
o 1845313639742673 79.3
o 1089496668894679 295.88
o 1088673235766726 295.88
o 1087802482332343 295.9
o 1086979049204390 295.9
o 1086931728897960 296.05
o 1086108295770007 296.05
1086108295770007	296.05
simNo_1-s_5-m_100-n_500-fp_0.0001-fn_0.05
o 11753745172077589 5.81
11753745172077589	5.81
simNo_1-s_5-m_100-n_500-fp_0.0001-fn_0.05
o 6626337945944427 11.11
o 776639400578969 47.45
o 775815967451016 47.45
o 774945214016633 47.5
o 774121780888680 47.5
o 773251027454297 47.57
o 772427594326344 47.57
o 772380274019914 47.59
o 771556840891961 47.59
771556840891961	47.59
simNo_1-s_5-m_100-n_500-fp_0.0001-fn_0.05
o 10219038805703469 7.35
o 1432044850123127 62.01
o 1431221416995174 62.02
o 1430350663560791 62.03
o 1429527230432838 62.03
o 1428656476998455 62.12
o 1427833043870502 62.12
1427833043870502	62.12
simNo_1-s_5-m_100-n_500-fp_0.0001-fn_0.05
o 10746234035327543 6.43
o 1563794150595607 47.15
o 1562970717467654 47.15
o 1562099964033271 47.15
o 1561276530905318 47.15
o 1560405777470935 47.29
o 1559582344342982 47.29
1559582344342982	47.29
simNo_1-s_5-m_100-n_500-fp_0.0001-fn_0.05
o 7482423580235902 5.84
o 1020375606453057 27.57
o 1019552173325104 27.57
o 1018681419890721 27.61
o 1017857986762768 27.61
o 1016987233328385 27.71
o 1016163800200432 27.71
o 1015293046766049 27.85
o 1014469613638096 27.85
1014469613638096	27.85
simNo_1-s_5-m_100-n_500-fp_0.0001-fn_0.05
o 15109723472724392 5.57
o 1740056160283979 79.12
o 1739232727156026 79.12
o 1738361973721643 79.13
o 1737538540593690 79.13
o 1736667787159307 79.15
o 1735844354031354 79.15
o 1734973600596971 79.25
o 1734150167469018 79.25
1734150167469018	79.25
