SwitchingActivityMaximization_OpenRISC1200_66
-1	-1
SwitchingActivityMaximization_OpenRISC1200_66
-1	-1
SwitchingActivityMaximization_OpenRISC1200_66
-1	-1
SwitchingActivityMaximization_OpenRISC1200_66
-1	-1
SwitchingActivityMaximization_OpenRISC1200_66
-1	-1
SwitchingActivityMaximization_OpenRISC1200_66
-1	-1
SwitchingActivityMaximization_OpenRISC1200_66
-1	-1
SwitchingActivityMaximization_OpenRISC1200_66
-1	-1
SwitchingActivityMaximization_OpenRISC1200_66
-1	-1
SwitchingActivityMaximization_OpenRISC1200_66
-1	-1
