abstraction-refinement-downcast-hsqldb
o 38948 33.23
o 38947 33.24
o 38946 33.25
o 38945 33.25
o 34639 33.27
o 34638 33.27
o 34637 33.3
o 34636 33.31
o 30327 33.31
o 30323 33.33
o 30322 33.34
o 30321 33.35
o 30320 266.99
o 30319 267.08
o 30318 267.08
o 30317 267.09
o 30316 267.1
o 30315 267.1
o 30314 267.16
o 30313 267.17
o 30312 267.17
o 30311 267.18
o 30310 267.2
o 30309 267.21
o 30308 267.22
o 30307 267.22
o 30306 267.23
o 30305 267.23
o 30304 267.24
o 30303 267.25
o 30302 267.26
o 30301 267.26
o 30300 267.29
o 30299 267.4
o 30298 267.41
o 30297 267.42
o 30296 267.45
o 30295 267.45
o 30294 267.46
abstraction-refinement-downcast-hsqldb
o 34741 43.94
o 34740 43.96
o 30495 44.24
o 30494 44.25
o 30493 44.26
o 30491 44.26
o 30490 44.27
o 30489 44.28
o 30488 44.28
o 30487 44.31
o 30486 44.33
o 30485 44.34
o 30484 44.35
o 30483 44.36
o 30482 44.37
o 30481 44.38
o 30480 44.38
o 30479 44.39
o 30478 44.4
o 30477 44.41
o 30476 44.42
o 30475 44.43
o 30474 44.44
o 30473 44.44
o 30472 44.45
o 30471 44.47
o 30470 44.48
o 30469 44.48
o 30468 44.49
o 30467 44.5
o 30466 44.51
o 30465 44.51
o 30464 44.54
o 30463 44.55
o 30462 44.56
o 30461 44.58
o 30460 44.59
o 30459 44.6
o 30458 44.66
o 30457 44.66
o 30456 44.68
o 30455 44.69
o 30454 44.7
o 30453 44.71
o 30452 44.71
o 30451 44.73
o 30450 44.73
o 30449 44.75
o 30448 44.77
o 30447 44.78
o 30446 44.79
o 30445 44.79
o 30444 44.81
o 30443 44.82
o 30442 44.83
o 30441 44.85
o 30440 44.86
o 30439 44.87
o 30436 45.25
o 30435 45.26
o 30434 45.27
o 30433 45.28
o 30432 45.29
o 30431 45.34
o 30428 45.4
o 30427 45.41
o 30426 45.41
o 30425 45.43
o 30424 45.44
o 30423 45.45
o 30422 45.46
o 30421 45.47
o 30420 45.49
o 30419 45.5
o 30418 45.52
o 30417 45.53
o 30416 45.54
o 30415 45.55
o 30414 45.56
o 30413 45.57
o 30412 45.59
o 30411 45.6
o 30410 45.61
o 30409 45.63
o 30408 45.64
o 30407 45.65
o 30406 45.67
o 30405 45.67
o 30404 45.69
o 30403 45.7
o 30402 46.07
o 30401 46.09
o 30400 46.09
o 30399 46.13
o 30398 236.98
o 30397 237
o 30396 237.01
o 30395 237.02
o 30394 237.03
o 30393 237.03
o 30392 237.05
o 30391 237.05
abstraction-refinement-downcast-hsqldb
o 34634 36.98
o 34632 37.13
o 30331 37.16
o 30330 37.17
o 30329 37.17
o 30328 37.18
o 30327 37.2
o 30326 37.21
abstraction-refinement-downcast-hsqldb
o 30458 35.2
o 30457 35.21
o 30456 35.22
o 30455 35.24
o 30454 35.24
o 30453 35.26
o 30452 35.26
o 30451 35.27
o 30450 35.27
o 30449 35.28
o 30448 35.29
o 30447 35.3
o 30446 35.32
o 30444 35.34
o 30443 35.35
o 30442 35.36
o 30441 35.38
o 30440 35.38
o 30439 35.39
o 30438 35.39
o 30437 35.4
o 30436 35.41
o 30435 35.41
o 30434 35.42
o 30433 35.44
o 30432 35.45
o 30431 35.46
o 30430 35.47
o 30429 35.47
o 30428 35.48
o 30425 35.5
o 30424 35.51
o 30423 35.52
o 30422 35.52
o 30421 35.56
o 30420 35.57
o 30419 35.57
o 30418 35.58
o 30417 35.59
o 30416 35.59
o 30415 35.6
o 30414 35.61
o 30413 35.61
o 30412 35.62
o 30411 35.63
o 30410 35.65
o 30409 35.65
o 30408 35.66
o 30407 35.67
o 30406 35.68
o 30405 35.68
o 30404 35.69
o 30403 35.7
o 30402 35.7
o 30401 35.71
o 30400 35.72
o 30399 35.73
o 30398 35.73
o 30397 35.74
o 30396 35.75
o 30395 35.75
o 30394 35.76
o 30393 35.77
o 30392 35.77
o 30391 35.78
o 30390 35.79
o 30389 35.8
o 30388 35.8
o 30387 35.81
o 30386 35.82
o 30385 35.83
o 30384 35.83
o 30383 35.85
o 30382 35.86
o 30381 35.86
o 30380 35.87
o 30379 35.88
o 30378 35.91
o 30377 35.92
o 30376 35.92
o 30373 35.94
o 30372 35.94
o 30371 35.95
o 30370 35.96
o 30369 35.97
o 30368 35.97
o 30367 35.98
o 30366 35.99
o 30365 36.01
o 30364 36.01
o 30363 36.02
o 30362 36.03
o 30361 36.04
o 30360 36.05
o 30359 36.05
o 30358 36.06
o 30357 36.07
o 30356 36.08
o 30355 36.08
o 30354 36.09
o 30353 36.1
o 30352 36.11
o 30351 36.12
abstraction-refinement-downcast-hsqldb
o 39021 33.87
o 39020 33.88
o 39019 33.89
o 39018 33.9
o 39017 33.92
o 39016 33.93
o 39015 33.94
o 34706 33.94
o 34705 33.95
o 34704 33.96
o 34702 33.97
o 34701 33.97
o 34700 33.98
o 34699 33.99
o 34698 33.99
o 34697 34
o 34696 34.02
o 34694 34.03
o 34693 34.04
o 34692 34.04
o 34691 34.08
o 34690 34.22
o 34689 34.37
o 34688 34.37
o 34687 34.39
o 34686 34.4
o 34685 34.41
o 34684 34.42
o 34683 34.66
o 34682 34.67
o 34681 34.68
o 30374 34.7
o 30368 34.95
o 30367 34.96
o 30366 34.97
o 30365 34.97
o 30364 34.98
o 30363 35.12
o 30362 35.13
o 30361 35.34
o 30360 35.4
o 30359 35.4
o 30358 234.74
o 30357 234.75
o 30356 234.76
o 30354 234.77
o 30353 234.8
o 30351 234.81
o 30350 234.81
o 30349 234.82
o 30348 234.82
o 30347 234.83
o 30346 234.83
o 30345 234.84
o 30344 234.84
o 30343 234.85
o 30342 234.86
o 30341 234.92
o 30340 234.92
o 30339 234.93
o 30338 234.93
o 30337 234.94
o 30336 234.94
o 30335 234.95
o 30334 234.96
o 30333 234.97
o 30316 265.99
o 30315 266.01
o 30314 266.01
o 30313 266.04
abstraction-refinement-downcast-hsqldb
o 34723 38.78
o 34722 38.8
o 34721 38.8
o 34720 38.81
o 30411 38.83
o 30410 38.83
o 30409 38.84
o 30408 38.85
o 30407 38.86
o 30406 38.87
o 30405 38.87
o 30404 38.88
o 30403 38.89
o 30402 39.02
o 30401 39.48
o 30400 39.61
o 30399 39.74
o 30398 39.74
o 30397 39.75
o 30396 39.76
o 30395 39.77
o 30394 163.08
o 30393 163.1
o 30392 163.11
o 30391 163.11
o 30390 163.12
o 30389 163.12
o 30388 163.14
o 30387 163.15
o 30386 163.27
o 30385 163.27
o 30384 163.29
o 30383 163.31
o 30382 163.31
o 30381 163.4
o 30380 163.4
o 30379 163.42
o 30378 163.43
o 30377 163.43
o 30376 163.44
o 30375 163.45
o 30374 163.46
o 30373 163.47
o 30372 163.47
o 30371 163.48
o 30370 225.98
o 30369 225.99
o 30368 226
o 30367 226.01
o 30366 226.01
o 30365 226.02
o 30364 226.02
o 30363 226.03
o 30362 226.03
o 30357 226.17
o 30356 226.18
o 30355 226.19
o 30354 226.2
abstraction-refinement-downcast-hsqldb
o 39048 35.92
o 39047 35.94
o 39046 35.95
o 39045 35.96
o 39044 35.97
o 39043 35.98
o 39042 35.99
o 39041 36
o 34732 36.01
o 34731 36.01
o 34730 36.03
o 34729 36.03
o 34728 36.04
o 34727 36.05
o 34718 36.3
o 34717 36.31
o 34716 36.32
o 34715 36.32
o 34710 36.37
o 34709 117.83
o 30469 149.58
o 30468 149.59
o 30467 149.6
o 30466 149.6
o 30465 149.61
o 30464 149.62
o 30463 149.62
o 30462 149.63
o 30461 149.64
o 30460 149.64
o 30459 149.65
o 30458 149.66
o 30457 149.67
o 30456 149.67
o 30455 149.68
o 30454 149.69
o 30453 149.7
o 30452 149.71
o 30451 149.71
o 30450 149.72
o 30449 149.73
o 30448 149.78
o 30447 149.79
o 30446 149.81
o 30445 149.82
o 30444 149.83
o 30411 208.23
o 30410 208.24
o 30409 208.24
o 30408 208.25
o 30407 208.26
o 30406 208.27
o 30405 208.27
o 30404 208.3
o 30403 208.31
o 30402 208.32
o 30401 208.32
o 30400 208.33
o 30399 208.36
o 30398 208.77
o 30397 208.78
o 30392 208.82
o 30391 208.83
o 30390 208.83
o 30389 208.84
o 30388 208.85
o 30387 209.2
o 30386 209.21
o 30385 209.22
o 30384 209.23
o 30383 209.24
o 30382 209.24
o 30381 209.25
o 30380 209.26
o 30379 209.26
o 30378 209.27
o 30377 209.27
o 30376 209.28
o 30375 209.29
o 30374 209.3
o 30373 209.3
o 30372 209.32
o 30371 209.32
o 30370 209.33
o 30369 209.34
o 30368 209.34
o 30367 209.37
o 30366 209.39
o 30365 209.39
o 30364 209.4
o 30363 209.44
o 30362 209.45
o 30361 209.46
o 30360 209.5
o 30359 209.5
o 30358 209.51
o 30357 209.54
abstraction-refinement-downcast-hsqldb
o 47676 40.19
o 47675 40.22
o 43379 40.23
o 43378 40.24
o 43377 40.25
o 43376 40.26
o 43375 40.27
o 43374 40.28
o 34707 40.73
o 34706 40.74
o 34705 40.75
o 34704 40.77
o 34703 40.8
o 34702 41.02
o 34701 41.03
o 34700 41.05
o 34699 41.05
o 34698 41.12
o 34697 41.13
o 34696 41.25
o 34695 41.26
o 34694 41.27
o 34693 41.27
o 34692 41.28
o 34690 96.81
o 34689 96.82
o 34688 96.83
o 34687 97.75
o 34686 97.76
o 30387 163.58
o 30386 163.59
o 30385 163.6
o 30384 163.61
o 30383 163.62
o 30382 163.62
o 30381 163.63
o 30380 163.63
o 30379 163.64
o 30378 163.65
o 30377 163.65
o 30376 163.66
o 30375 163.67
o 30374 163.68
o 30373 163.68
o 30372 163.69
o 30371 163.7
o 30370 163.7
o 30369 163.76
o 30368 163.77
o 30367 163.77
o 30366 163.78
o 30365 163.79
o 30364 163.8
o 30363 163.81
o 30362 163.82
o 30361 163.82
o 30360 163.83
o 30359 163.84
o 30358 163.87
o 30357 163.88
o 30356 163.89
o 30355 163.9
o 30354 163.91
o 30353 163.92
o 30352 163.92
o 30351 163.93
o 30350 163.94
o 30349 163.95
o 30348 163.95
o 30347 163.96
o 30346 163.97
o 30345 163.98
o 30344 163.98
o 30343 163.99
o 30342 164
o 30341 164.01
o 30340 164.02
o 30339 164.03
o 30338 164.04
o 30337 164.04
o 30336 164.05
o 30335 164.11
o 30334 164.12
o 30333 164.14
o 30332 164.14
o 30331 164.15
o 30330 164.16
o 30329 164.16
o 30328 164.17
o 30327 164.18
o 30326 164.18
o 30325 164.19
o 30324 164.19
o 30323 164.2
o 30322 164.21
o 30321 164.39
o 30320 164.4
o 30319 164.42
o 30318 164.42
o 30317 164.43
o 30316 164.44
o 30315 164.44
o 30314 164.48
o 30313 164.49
o 30312 164.49
o 30311 164.5
o 30310 165.12
o 30309 165.13
o 30308 165.13
o 30307 165.15
o 30306 165.16
o 30305 165.22
abstraction-refinement-downcast-hsqldb
o 39021 41.13
o 34712 41.18
o 30403 41.19
o 30402 41.2
o 30401 41.21
o 30400 41.22
o 30399 41.23
o 30398 41.24
o 30397 41.25
o 30396 41.26
o 30395 41.27
o 30394 41.42
o 30393 41.44
o 30392 41.47
o 30391 41.48
o 30390 41.49
o 30389 41.49
o 30388 41.51
o 30387 41.52
o 30386 41.61
o 30385 41.63
o 30384 41.65
o 30383 41.91
o 30382 41.92
o 30381 41.93
o 30380 41.94
o 30379 41.96
o 30378 41.97
o 30377 41.98
o 30376 41.99
o 30375 42
o 30374 42.01
o 30373 42.7
o 30372 42.71
o 30371 42.74
o 30370 43.56
o 30369 43.57
o 30368 43.59
o 30367 43.59
o 30366 43.65
abstraction-refinement-downcast-hsqldb
o 47654 40.63
o 47653 40.64
o 47652 40.65
o 47651 40.66
o 47650 40.66
o 47649 40.67
o 47648 40.68
o 43340 40.69
o 43339 40.7
o 39030 40.71
o 39029 40.71
o 39028 40.73
o 39027 40.74
o 39026 40.75
o 39020 40.86
o 39019 40.87
o 39018 40.88
o 39017 40.89
o 39016 40.89
o 34711 40.91
o 34709 40.91
o 34708 40.92
o 34707 40.92
o 30399 40.94
o 30398 40.95
o 30397 40.99
o 30396 41
o 30395 41.01
o 30392 41.06
o 30391 41.07
o 30390 41.08
o 30385 42.9
o 30384 42.97
o 30383 43.03
o 30382 43.04
o 30381 43.05
o 30380 43.06
o 30379 43.07
o 30378 43.08
o 30377 43.09
o 30376 43.2
o 30375 43.21
o 30374 43.21
o 30373 43.22
o 30372 43.23
o 30371 43.28
o 30370 43.71
o 30369 43.89
o 30368 43.9
o 30367 43.91
o 30366 43.92
o 30365 43.93
o 30326 163.82
o 30325 163.85
o 30324 163.86
o 30323 163.87
o 30322 163.88
o 30321 163.88
o 30320 163.92
o 30319 163.95
o 30318 163.96
o 30317 164.04
o 30316 164.04
o 30315 164.05
o 30314 164.06
o 30313 164.07
o 30312 164.07
o 30311 164.08
o 30310 164.09
o 30309 164.09
o 30308 164.1
o 30307 164.11
o 30306 164.11
o 30305 164.12
o 30304 164.13
o 30303 164.13
o 30302 164.14
o 30301 164.15
o 30300 164.16
o 30299 164.18
o 30298 164.19
o 30297 164.2
o 30296 164.22
o 30294 164.81
o 30293 164.82
