abstraction-refinement-polysite-pmd
o 221985 45.67
o 217799 45.68
o 213620 45.7
o 213619 45.71
o 213618 45.71
o 209452 45.83
o 205266 45.84
o 205265 45.85
o 205259 45.93
o 205258 45.93
o 205257 45.95
o 205256 45.96
o 205255 45.97
o 205254 45.98
o 205253 46
o 205252 46
o 201102 46.27
o 201101 46.28
o 201100 46.3
o 201099 46.31
o 201098 46.32
o 201097 46.32
o 196921 46.43
o 196917 46.43
o 196916 46.44
o 196915 46.5
o 196914 46.5
o 196913 46.51
o 196912 46.52
o 196911 46.53
o 196910 46.53
o 196909 46.54
o 196908 46.55
o 196907 46.55
o 196906 46.56
o 196905 46.56
o 196904 46.58
o 196903 46.59
o 196902 46.62
o 196901 46.63
o 196900 46.64
o 196895 46.76
o 196894 46.77
o 196893 46.78
o 196892 46.78
o 196891 47.02
o 196890 47.03
o 196889 47.03
o 196888 47.04
o 196887 47.05
o 196886 49.12
o 196885 49.13
o 196884 49.14
o 196883 49.15
o 196882 49.15
o 196881 49.16
o 196880 49.18
o 196879 49.18
o 196878 49.19
o 196877 49.21
o 196876 49.21
o 196875 49.22
o 196874 49.23
o 196873 49.23
o 196872 49.25
o 196871 49.25
o 196870 49.26
o 192732 53.27
o 192731 53.47
o 192730 53.48
o 192729 53.49
o 192728 53.5
o 192727 54.48
o 192726 54.49
o 192725 54.5
o 192724 54.51
o 192723 54.52
o 192722 54.52
o 192721 54.53
o 192720 54.53
o 192719 54.54
o 192718 54.54
o 192717 54.55
o 192716 54.56
o 192715 54.56
o 192714 54.57
o 192713 54.57
o 192712 54.58
o 192711 54.58
o 192710 54.59
o 192709 54.6
o 192708 54.61
o 192707 54.63
o 192706 54.64
o 192705 54.66
o 192704 54.68
o 192703 54.68
o 192702 54.69
o 192701 54.69
o 192700 54.69
o 192697 55.61
o 192696 55.62
o 192695 55.63
o 192694 55.64
o 188538 73.54
o 188537 73.55
o 188536 73.63
o 188535 73.64
o 188534 73.64
o 188533 73.65
o 188532 73.65
o 188531 73.66
o 188530 73.66
o 188529 73.67
o 188528 73.67
o 188527 73.68
o 188526 73.69
o 188525 73.7
o 188524 73.71
o 188523 73.72
o 188522 73.72
o 188521 73.73
o 188520 74.4
o 188519 74.41
o 188518 74.41
o 188517 74.42
o 188516 74.42
o 188515 74.43
o 188514 74.44
o 188513 74.45
o 188512 75.36
o 188511 75.38
o 188510 75.39
o 188509 75.39
o 188508 75.4
o 188507 75.41
o 188506 75.42
o 188505 107.29
o 188504 107.37
o 188503 107.38
o 188502 107.4
o 188501 111.83
o 188493 117.8
o 188492 117.8
o 188491 288.35
o 188490 288.39
o 188489 288.4
o 188488 288.4
abstraction-refinement-polysite-pmd
o 217779 26.71
o 213597 26.72
o 205241 26.79
o 205240 26.79
o 205239 26.8
o 205234 26.81
o 205233 26.82
o 205232 26.82
o 205231 26.83
o 205230 26.83
o 201044 26.85
o 196923 28.46
o 196922 28.47
o 196921 28.48
o 196920 28.49
o 196916 28.65
o 196915 28.66
o 196914 28.66
o 196913 28.67
o 196912 28.7
o 196911 28.71
o 196905 28.71
o 196904 28.72
o 196903 28.73
o 196902 28.75
o 196901 28.76
o 196900 28.76
o 196899 28.77
o 196898 28.77
o 196897 28.78
o 196896 28.79
o 196895 28.8
o 196894 28.8
o 196893 28.81
o 196892 28.82
o 196891 28.83
o 196890 28.83
o 196889 28.85
o 196888 28.9
o 196887 28.91
o 196886 28.91
o 196885 28.92
o 196884 29.75
o 196883 29.75
o 196882 30.27
o 196881 30.28
o 196880 30.38
o 196879 30.38
o 196878 30.5
o 196877 30.51
o 196876 30.52
o 196875 30.52
o 196874 30.86
o 192706 31.72
o 192705 31.72
o 192704 31.73
o 192703 31.79
o 192702 31.79
o 192701 31.8
o 192700 31.8
o 192699 36.84
o 192698 36.84
o 192697 36.85
o 188549 49.72
o 188548 49.73
o 188547 49.75
o 188546 49.75
o 188545 49.76
o 188539 49.78
o 188538 49.78
o 188537 49.79
o 188536 49.82
o 188535 50.09
o 188534 50.15
o 188533 50.15
o 188532 50.16
o 188531 50.16
o 188530 50.17
o 188529 50.17
o 188528 50.18
o 188527 50.18
o 188526 50.21
o 188525 50.22
o 188524 50.22
o 188523 50.23
o 188522 53.98
o 188521 53.98
o 188520 53.99
o 188519 53.99
o 188511 55.02
o 188510 141.55
o 188509 141.57
o 188508 141.58
o 188507 141.58
o 188506 141.59
o 188505 141.6
o 188504 141.6
o 188503 142.81
o 188502 142.82
o 188501 142.82
o 188500 142.85
o 188499 142.85
o 188498 142.86
o 188497 142.87
o 188496 167.56
o 188495 167.57
o 188494 167.57
o 188493 167.58
o 188492 167.59
o 188491 167.59
o 188490 167.6
o 188489 167.61
o 188488 167.61
o 188487 167.62
o 188486 167.63
o 188485 167.63
o 188484 167.64
o 188483 167.65
o 188482 167.65
o 188481 167.66
o 188480 167.67
abstraction-refinement-polysite-pmd
o 226161 27.39
o 226160 27.42
o 226155 27.44
o 226154 27.45
o 226153 27.45
o 221968 27.46
o 217786 27.48
o 213606 27.49
o 213605 27.49
o 209425 27.51
o 209424 27.51
o 209423 27.52
o 205240 27.53
o 205239 27.53
o 205238 27.53
o 205237 27.54
o 205236 27.55
o 205235 27.55
o 205234 27.56
o 205233 27.58
o 205232 27.58
o 205231 27.59
o 205230 27.59
o 205229 27.6
o 205228 27.61
o 205227 27.66
o 201104 27.95
o 201103 27.96
o 201102 27.97
o 201101 27.97
o 201100 27.98
o 201099 27.99
o 201098 27.99
o 201097 28.07
o 196917 28.09
o 196916 28.1
o 196915 28.1
o 196914 28.11
o 196913 28.11
o 196912 28.12
o 196911 28.13
o 196910 28.13
o 196909 28.14
o 196908 28.14
o 196907 28.15
o 196906 28.15
o 196905 28.2
o 196904 28.21
o 196903 28.21
o 196902 28.35
o 196901 28.36
o 196900 28.37
o 196899 28.37
o 196898 28.38
o 196897 28.38
o 196896 28.39
o 196895 28.4
o 196894 28.4
o 196893 28.41
o 196892 28.41
o 196891 28.54
o 196890 28.55
o 196889 28.56
o 196888 28.57
o 196887 28.58
o 196886 28.58
o 196885 28.59
o 196884 28.59
o 196883 28.61
o 196882 28.61
o 196879 29.03
o 196878 29.11
o 196877 29.12
o 196876 29.13
o 196875 34.62
o 196874 34.62
o 196873 34.63
o 196872 34.63
o 196871 34.64
o 196870 34.64
o 196869 34.64
o 192728 34.9
o 192727 34.91
o 192726 34.91
o 192725 34.92
o 192724 34.92
o 192723 34.93
o 192722 34.94
o 192721 34.94
o 192720 34.95
o 192719 34.96
o 192718 34.96
o 192717 34.97
o 192716 34.99
o 192715 35
o 192714 35
o 192713 35.01
o 192712 35.01
o 192711 35.02
o 192710 35.02
o 192709 35.03
o 192708 35.03
o 192707 35.04
o 192706 35.04
o 192705 35.05
o 192704 35.05
o 192703 35.06
o 192702 35.06
o 192701 35.07
o 192700 35.07
o 192699 35.08
o 192698 35.09
o 192694 36.19
o 192693 36.24
o 192692 36.25
o 192691 36.27
o 192690 36.28
o 192689 38.69
o 192688 39.1
o 192687 39.1
o 192686 39.1
o 192685 39.11
o 188531 51.56
o 188530 51.57
o 188529 51.58
o 188528 51.58
o 188527 51.59
o 188526 51.59
o 188525 51.59
o 188524 51.61
o 188523 51.62
o 188522 51.62
o 188521 51.62
o 188520 51.64
o 188519 51.81
o 188518 51.81
o 188517 51.82
o 188516 51.82
o 188515 51.83
o 188514 51.83
o 188513 51.84
o 188512 51.9
o 188511 74.02
o 188510 98.92
o 188509 105.17
o 188508 105.18
o 188507 110.33
o 188506 110.34
o 188505 110.34
o 188504 110.34
o 188503 110.35
o 188502 110.44
o 188501 110.45
o 188500 110.45
o 188499 110.62
o 188498 110.63
o 188497 110.63
o 188496 110.64
o 188495 133.51
o 188494 133.52
o 188493 133.53
o 188492 196.47
o 188491 196.52
o 188490 196.53
o 188489 196.53
abstraction-refinement-polysite-pmd
o 217805 34.94
o 217800 34.96
o 217799 34.97
o 213615 34.98
o 209432 35.02
o 209431 35.03
o 209430 35.03
o 209429 35.04
o 209428 35.05
o 209425 35.07
o 205257 35.28
o 205256 35.3
o 205255 35.31
o 205254 35.32
o 205253 35.34
o 205252 35.35
o 205251 35.36
o 205250 35.38
o 205249 35.38
o 205248 35.47
o 205247 35.48
o 205239 35.58
o 205238 35.59
o 205233 35.68
o 201085 35.94
o 201084 35.95
o 201083 35.96
o 201082 35.97
o 201081 35.98
o 201080 36
o 201079 36.01
o 201078 36.16
o 201077 36.16
o 201076 36.22
o 201075 36.23
o 201074 36.24
o 201073 36.26
o 201072 36.27
o 201071 36.29
o 201070 36.3
o 201069 36.31
o 201068 36.33
o 201067 36.36
o 201066 36.37
o 201065 36.39
o 201064 36.4
o 201063 36.41
o 196883 36.43
o 196882 36.44
o 196881 36.45
o 196880 36.46
o 196879 36.47
o 196878 36.49
o 196877 36.5
o 196876 36.52
o 196875 36.53
o 196874 36.57
o 196873 36.57
o 196872 36.58
o 196871 36.59
o 196870 37.38
o 196869 37.39
o 196868 37.4
o 196867 37.41
o 196866 37.42
o 196865 37.42
o 192725 37.63
o 192724 37.64
o 192723 37.65
o 192722 37.65
o 192721 37.66
o 192720 37.67
o 192719 37.68
o 188537 37.69
o 188536 37.7
o 188535 37.71
o 188534 37.72
o 188533 37.73
o 188532 37.74
o 188531 37.94
o 188530 37.94
o 188529 37.95
o 188528 37.98
o 188527 37.98
o 188526 37.99
o 188525 38
o 188524 38.01
o 188523 39.61
o 188522 39.62
o 188521 39.96
o 188520 39.97
o 188519 39.98
o 188518 39.99
o 188517 40.01
o 188516 40.02
o 188515 40.07
o 188514 40.08
o 188510 40.09
o 188509 40.1
o 188508 40.11
o 188507 40.12
o 188506 40.19
o 188505 40.33
o 188504 40.34
o 188503 103.56
o 188502 137
o 188501 137.09
o 188500 137.34
o 188499 137.56
o 188498 137.57
o 188497 137.58
o 188494 137.62
o 188493 166.01
o 188492 166.02
abstraction-refinement-polysite-pmd
o 217821 30.01
o 213643 30.02
o 209459 30.02
o 209458 30.03
o 201082 30.09
o 196917 30.44
o 196913 30.45
o 196912 30.46
o 196911 30.49
o 196910 30.51
o 196909 30.83
o 196908 30.84
o 196907 30.84
o 196906 30.85
o 196905 30.86
o 196904 31.95
o 196903 32.4
o 196902 32.41
o 196901 32.42
o 196900 32.44
o 196899 32.44
o 196898 32.45
o 196897 32.46
o 196896 32.46
o 196895 32.47
o 196894 32.47
o 196893 32.48
o 196892 32.5
o 196891 32.5
o 196890 32.51
o 196889 32.51
o 196888 40.08
o 196887 40.09
o 196886 40.11
o 196885 40.12
o 196884 40.12
o 196883 40.14
o 196882 40.14
o 196881 40.15
o 196880 40.15
o 196879 40.16
o 196878 40.17
o 196877 44.65
o 196876 44.66
o 196875 44.67
o 196874 44.67
o 196873 44.68
o 196872 44.68
o 196871 79.59
o 196870 79.6
o 196869 79.61
o 196868 79.61
o 196867 79.62
o 196866 85.78
o 188530 105.85
o 188529 105.86
o 188528 105.86
o 188527 105.87
o 188526 105.87
o 188525 105.87
o 188524 105.88
o 188523 105.88
o 188522 105.89
o 188521 105.89
o 188520 105.9
o 188519 105.9
o 188518 109.67
o 188517 109.68
o 188516 109.68
o 188515 109.69
o 188514 109.69
o 188513 109.71
o 188512 109.72
o 188511 109.75
o 188510 109.75
o 188509 109.76
o 188508 109.77
o 188505 109.77
o 188504 113.61
o 188503 113.61
o 188502 113.62
o 188501 113.62
o 188500 113.63
o 188499 164.02
o 188498 164.02
o 188497 164.03
o 188496 164.03
o 188495 164.04
o 188494 185.1
o 188493 185.11
o 188492 185.12
o 188491 185.16
abstraction-refinement-polysite-pmd
o 217806 50.82
o 213640 50.87
o 209457 50.88
o 205295 51
o 205294 51.02
o 205293 51.03
o 205292 51.03
o 205289 51.09
o 205288 51.1
o 205287 51.11
o 205286 51.29
o 205285 51.29
o 205284 51.3
o 205283 51.3
o 205282 51.31
o 205281 51.32
o 205280 51.33
o 201097 51.33
o 201096 51.35
o 201095 51.97
o 201094 51.97
o 201093 51.98
o 201092 51.99
o 196906 51.99
o 196905 52
o 196904 52
o 196903 52.01
o 196902 52.03
o 196901 52.04
o 196900 52.06
o 196899 52.07
o 196898 58
o 196897 61
o 196895 61.01
o 196894 63.5
o 196893 63.54
o 196892 63.55
o 196891 63.55
o 196890 63.56
o 196889 63.56
o 196888 63.56
o 196887 63.57
o 196886 63.58
o 196885 63.59
o 196884 63.59
o 196883 63.6
o 196882 73.09
o 196881 73.09
o 196880 73.11
o 196878 80.55
o 196877 80.56
o 196876 80.56
o 196875 88.06
o 196874 88.06
o 196873 88.07
o 196872 88.08
o 196871 88.09
o 196870 134.38
o 196869 134.39
o 196868 134.4
o 196867 134.41
o 196866 134.42
o 188535 160.12
o 188534 160.13
o 188533 160.14
o 188532 160.14
o 188531 160.15
o 188530 160.15
o 188529 160.16
o 188528 160.16
o 188527 160.59
o 188526 160.59
o 188525 160.61
o 188524 160.61
o 188523 160.65
o 188522 160.66
o 188521 160.66
o 188520 160.68
o 188519 160.69
o 188518 160.69
o 188517 160.7
o 188516 160.7
o 188515 160.71
o 188514 160.72
o 188513 162.31
o 188512 162.32
o 188511 162.32
o 188510 162.33
o 188509 164.1
o 188508 164.12
o 188507 164.13
o 188506 166.12
o 188505 166.12
o 188504 166.16
o 188503 166.16
o 188502 166.17
o 188501 166.18
o 188500 166.18
o 188499 166.19
o 188498 214.71
o 188497 214.71
o 188496 214.72
o 188495 214.73
o 188494 214.82
o 188493 214.82
o 188492 214.83
o 188491 214.83
o 188490 214.84
o 188489 214.85
o 188488 214.86
o 188487 214.87
abstraction-refinement-polysite-pmd
o 217837 41.29
o 213652 41.32
o 213651 41.32
o 209471 41.36
o 205287 41.37
o 205286 41.38
o 205285 41.39
o 205284 41.4
o 205283 41.4
o 201103 41.47
o 201102 41.48
o 201101 41.49
o 201100 41.49
o 196929 41.95
o 196928 41.97
o 196927 41.98
o 196926 41.99
o 196925 42
o 196924 42
o 196923 42.49
o 196922 42.49
o 196921 42.5
o 196920 42.51
o 196919 42.51
o 196918 42.64
o 196917 42.65
o 196916 42.66
o 196915 42.67
o 196914 42.68
o 196913 42.68
o 196912 44.54
o 196911 44.7
o 196908 44.72
o 196907 44.73
o 196906 45.64
o 196905 45.65
o 196904 45.66
o 196903 45.68
o 196902 45.69
o 196901 45.69
o 196900 45.7
o 196899 45.71
o 196898 45.73
o 196897 45.73
o 196896 45.74
o 196895 45.75
o 196894 45.8
o 196893 45.81
o 196892 45.83
o 196891 45.84
o 196890 45.85
o 196889 47.92
o 196888 47.93
o 196887 47.94
o 196885 47.96
o 196884 47.97
o 196883 47.98
o 196882 47.99
o 196881 48
o 196880 48.01
o 196879 49.5
o 196878 50.1
o 196877 50.12
o 192718 60.12
o 192717 60.65
o 192716 60.66
o 192715 60.69
o 192714 60.7
o 192713 60.85
o 192712 60.86
o 192711 60.87
o 192710 64.14
o 192709 64.16
o 192708 74.47
o 192707 74.52
o 192706 74.53
o 192705 74.54
o 192704 74.55
o 192703 74.67
o 192702 74.68
o 192701 74.69
o 192700 74.7
o 192699 74.71
o 188592 81.31
o 188590 81.33
o 188589 81.39
o 188588 81.39
o 188586 81.42
o 188585 81.43
o 188584 81.44
o 188583 81.45
o 188582 81.47
o 188581 81.48
o 188580 81.49
o 188576 81.51
o 188575 81.53
o 188574 81.54
o 188573 81.86
o 188572 81.86
o 188571 81.87
o 188570 81.88
o 188569 81.89
o 188568 81.89
o 188567 81.9
o 188566 81.91
o 188565 81.94
o 188564 81.95
o 188563 81.96
o 188562 82
o 188561 82.01
o 188560 82.05
o 188559 82.06
o 188558 82.07
o 188557 82.08
o 188556 82.09
o 188555 82.09
o 188554 82.1
o 188553 82.11
o 188552 82.12
o 188551 82.13
o 188550 82.14
o 188549 82.22
o 188548 82.23
o 188547 82.25
o 188546 82.25
o 188545 82.33
o 188544 82.34
o 188543 82.35
o 188542 82.36
o 188541 82.61
o 188540 82.63
o 188539 82.64
o 188538 173.15
o 188537 173.63
o 188536 173.64
o 188535 173.65
o 188527 173.76
o 188521 176.81
o 188520 176.82
o 188519 176.83
o 188517 176.86
o 188516 178.34
o 188515 178.36
o 188514 178.38
o 188513 178.4
o 188512 178.41
o 188511 178.42
o 188510 178.43
o 188509 178.44
o 188508 178.45
o 188507 178.46
o 188506 178.47
o 188505 178.5
o 188504 178.51
o 188503 178.52
o 188502 178.53
o 188501 178.54
o 188500 178.55
o 188499 178.56
o 188498 178.57
o 188497 178.58
o 188496 178.59
o 188495 178.69
o 188494 178.71
o 188493 178.72
o 188492 178.73
abstraction-refinement-polysite-pmd
o 213619 25.93
o 213618 25.93
o 209433 25.94
o 209432 25.95
o 205246 25.95
o 201070 26.03
o 201069 26.03
o 196935 26.22
o 196934 26.23
o 196933 26.24
o 196932 26.32
o 196931 26.33
o 196930 26.33
o 196928 26.34
o 196927 26.4
o 196926 26.41
o 196925 26.41
o 196921 26.44
o 196920 26.45
o 196919 26.45
o 196918 26.47
o 196917 26.47
o 196916 26.48
o 196915 26.48
o 196914 26.49
o 196913 26.49
o 196912 26.5
o 196911 26.5
o 196910 26.51
o 196909 26.51
o 196908 26.52
o 196907 26.56
o 196906 26.56
o 196905 26.57
o 196904 26.58
o 196903 26.58
o 196902 26.59
o 196901 26.6
o 196900 26.6
o 196899 26.87
o 196898 26.88
o 196897 27.22
o 196896 27.23
o 196895 27.23
o 196894 27.24
o 196893 27.25
o 196892 27.25
o 196891 27.26
o 196890 27.27
o 196884 29.58
o 196883 29.58
o 196882 29.61
o 196881 36.91
o 196880 36.92
o 196879 36.92
o 196878 38.39
o 196877 38.4
o 196876 38.41
o 196875 38.44
o 196874 38.45
o 196873 45.89
o 196872 76.35
o 196871 76.36
o 196870 79.56
o 196869 79.56
o 196868 79.57
o 188526 101.47
o 188525 101.49
o 188524 101.49
o 188523 101.5
o 188522 101.51
o 188520 101.85
o 188519 101.87
o 188518 101.88
o 188516 101.88
o 188515 101.89
o 188514 102.34
o 188513 102.34
o 188512 102.45
o 188511 102.47
o 188510 103.19
o 188509 103.67
o 188508 103.8
o 188507 103.8
o 188506 103.81
o 188505 103.82
o 188504 103.82
o 188503 103.83
o 188502 103.83
o 188501 103.84
o 188500 103.84
o 188499 103.85
o 188494 103.96
o 188493 110.86
o 188492 111.62
o 188491 155.45
o 188490 155.46
o 188489 158.2
o 188488 158.3
o 188487 158.3
o 188486 158.31
o 188485 158.32
o 188484 158.32
o 188483 158.34
o 188482 158.36
abstraction-refinement-polysite-pmd
o 217786 23.63
o 217785 23.64
o 213599 23.64
o 209426 23.65
o 209425 23.66
o 209424 23.66
o 209422 23.67
o 209421 23.67
o 209420 23.68
o 209419 23.68
o 209418 23.69
o 209417 23.69
o 209416 23.71
o 209415 23.72
o 201043 23.74
o 196894 23.84
o 196893 23.84
o 196892 27.42
o 196891 27.43
o 196890 27.43
o 196889 27.69
o 196888 27.69
o 196887 27.7
o 196886 27.71
o 196885 27.73
o 196884 27.73
o 196883 27.75
o 196882 27.75
o 196881 27.76
o 196880 27.76
o 196879 27.77
o 196878 27.78
o 196877 27.78
o 196876 27.78
o 196875 27.79
o 196874 27.79
o 196873 27.8
o 196872 27.81
o 196871 27.82
o 196870 27.82
o 196869 27.83
o 196868 27.83
o 196867 27.84
o 196866 27.85
o 196865 27.86
o 192734 39.85
o 192731 39.87
o 192730 39.88
o 192729 39.88
o 192728 39.89
o 192727 39.89
o 192726 39.9
o 192725 39.91
o 192724 39.92
o 192723 39.92
o 192722 39.93
o 192721 39.93
o 192720 40.02
o 192719 40.03
o 192718 40.03
o 192717 40.04
o 192716 40.04
o 192715 40.07
o 192714 40.07
o 192713 40.1
o 192712 40.1
o 192711 40.11
o 192710 40.12
o 192709 40.13
o 192708 40.13
o 192707 40.14
o 192706 41.4
o 192705 41.46
o 192704 41.46
o 192703 41.47
o 192702 41.47
o 192700 41.48
o 192699 46.07
o 192698 46.08
o 192697 46.09
o 192696 46.1
o 192695 46.1
o 188514 66.94
o 188513 66.95
o 188512 66.96
o 188511 66.96
o 188510 67.43
o 188509 67.43
o 188508 67.44
o 188507 67.45
o 188506 67.45
o 188505 67.46
o 188504 67.47
o 188503 67.47
o 188502 123.16
o 188501 123.16
o 188500 127.2
o 188499 127.25
o 188498 153.94
o 188497 153.95
o 188496 192.74
o 188495 192.74
o 188494 192.75
o 188493 192.75
o 188492 192.76
o 188491 192.76
o 188490 192.77
o 188489 192.84
abstraction-refinement-polysite-pmd
o 217783 26.5
o 213602 26.54
o 213601 26.55
o 209416 26.55
o 205232 26.56
o 201094 26.8
o 201091 26.81
o 201090 26.82
o 201089 26.85
o 201088 26.85
o 201087 26.86
o 201086 26.87
o 201085 26.87
o 201084 26.88
o 201083 26.89
o 201082 26.89
o 201081 26.9
o 201080 26.9
o 196895 26.91
o 196894 26.92
o 196893 26.92
o 196892 26.93
o 196891 26.93
o 196890 26.94
o 196889 26.95
o 196888 26.95
o 196886 27.01
o 196885 27.01
o 196884 27.17
o 196883 27.18
o 196882 27.19
o 196881 27.19
o 196880 27.2
o 196879 27.21
o 196878 27.22
o 196877 27.23
o 196876 27.86
o 196875 27.87
o 192693 27.87
o 192692 27.89
o 192690 27.97
o 192689 27.97
o 192688 27.99
o 192687 32.4
o 192686 32.41
o 192685 32.42
o 192684 32.44
o 192683 32.64
o 192682 32.64
o 192681 32.65
o 188532 45.29
o 188531 45.32
o 188530 45.32
o 188529 45.33
o 188528 45.33
o 188527 45.34
o 188526 45.34
o 188525 45.34
o 188524 45.35
o 188523 45.38
o 188522 45.38
o 188521 45.39
o 188520 45.39
o 188519 45.4
o 188518 45.4
o 188517 45.4
o 188516 45.41
o 188515 45.41
o 188514 45.42
o 188513 45.42
o 188512 45.43
o 188511 45.43
o 188510 45.46
o 188509 45.46
o 188508 45.47
o 188507 45.47
o 188506 45.55
o 188505 45.56
o 188504 45.57
o 188503 45.58
o 188502 45.58
o 188501 45.59
o 188500 45.59
o 188499 45.6
o 188498 172.09
o 188497 172.1
o 188496 196.76
o 188495 196.77
o 188494 196.78
o 188493 196.78
