drmx-cryptogen-geffe128_7
o 2131539 0
o 2128338 0
o 2109127 0
o 2086714 0
o 2061099 0
o 2033883 0
o 2017874 0
o 1998663 0
o 1982654 0
o 1968246 0
o 1949035 0
o 1931425 0
o 1913815 0
o 1894604 0
o 1868989 0
o 1852980 0
o 1827365 0
o 1806553 0
o 1769731 0
o 1750520 0
o 1739314 0
o 1726507 0
o 1713700 0
o 1699292 0
o 1684884 0
o 1670476 0
o 1656068 0
o 1641660 0
o 1627252 0
o 1609642 0
o 1596835 0
o 1582427 0
o 1564817 0
o 1552010 0
o 1542405 0
o 1526396 0
o 1515190 0
o 1497580 0
o 1486374 0
o 1475168 0
o 1465563 0
o 1451155 0
o 1441550 0
o 1431945 0
o 1420739 0
o 1411134 0
o 1393524 0
o 1383919 0
o 1375915 0
o 1366310 0
o 1356705 0
o 1347100 0
o 1339096 0
o 1329491 0
o 1319886 0
o 1311882 0
o 1299075 0
o 1291071 0
o 1283067 0
o 1275063 0
o 1267059 0
o 1257454 0
o 1249450 0
o 1239845 0
o 1228639 0
o 1220635 0
o 1214232 0
o 1204627 0
o 1195022 0
o 1187018 0
o 1180615 0
o 1172611 0
o 1163006 0
o 1155002 0
o 1146998 0
o 1138994 0
o 1130990 0
o 1121385 0
o 1114982 0
o 1103776 0
o 1097373 0
o 1087768 0
o 1081365 0
o 1074962 0
o 1068559 0
o 1058954 0
o 1050950 0
o 1044547 0
o 1038144 0
o 1031741 0
o 1026939 0
o 1020536 0
o 1015734 0
o 1007730 0
o 1001327 0
o 991722 0
o 986920 0
o 980517 0
o 974114 0
o 969312 0
o 959707 0
o 953304 0
o 946901 0
o 938897 0
o 932494 0
o 926091 0
o 918087 0
o 911684 0
o 905281 0
o 900479 0
o 895677 0
o 887673 0
o 881270 0
o 876468 0
o 870065 0
o 865263 0
o 860461 0
o 854058 0
o 847655 0
o 842853 0
o 838051 0
o 831648 0
o 825245 0
o 820443 0
o 815641 0
o 809238 0
o 802835 0
o 796432 0
o 791630 0
o 790029 0
o 785227 0
o 778824 0
o 775623 0
o 770821 0
o 764418 0
o 759616 0
o 754814 0
o 750012 0
o 743609 0
o 738807 0
o 734005 0
o 730804 0
o 726002 0
o 721200 0
o 716398 0
o 711596 0
o 706794 0
o 701992 0
o 697190 0
o 692388 0
o 687586 0
o 684385 0
o 679583 0
o 674781 0
o 669979 0
o 665177 0
o 660375 0
o 657174 0
o 652372 0
o 647570 0
o 644369 0
o 639567 0
o 634765 0
o 629963 0
o 626762 0
o 621960 0
o 618759 0
o 613957 0
o 610756 0
o 605954 0
o 602753 0
o 599552 0
o 596351 0
o 593150 0
o 588348 0
o 583546 0
o 580345 0
o 577144 0
o 573943 0
o 570742 0
o 565940 0
o 561138 0
o 557937 0
o 554736 0
o 551535 0
o 546733 0
o 543532 0
o 538730 0
o 535529 0
o 530727 0
o 525925 0
o 522724 0
o 519523 0
o 516322 0
o 513121 0
o 508319 0
o 505118 0
o 501917 0
o 498716 0
o 493914 0
o 490713 0
o 485911 0
o 482710 0
o 479509 0
o 476308 0
o 473107 0
o 469906 0
o 466705 0
o 463504 0
o 460303 0
o 457102 0
o 453901 0
o 450700 0
o 447499 0
o 444298 0
o 441097 0
o 437896 0
o 434695 0
o 431494 0
o 428293 0
o 425092 0
o 423492 0
o 420291 0
o 417090 0
o 413889 0
o 410688 0
o 407487 0
o 404286 0
o 401085 0
o 397884 0
o 394683 0
o 391482 0
o 388281 0
o 385080 0
o 383480 0
o 380279 0
o 377078 0
o 373877 0
o 370676 0
o 367475 0
o 364274 0
o 361073 0
o 357872 0
o 354671 0
o 351470 0
o 349870 0
o 346669 0
o 343468 0
o 340267 0
o 337066 0
o 333865 0
o 332265 0
o 329064 0
o 325863 0
o 322662 0
o 319461 0
o 316260 0
o 313059 0
o 309858 0
o 306657 0
o 303456 0
o 300255 0
o 298654 0
o 295453 0
o 295345 0.12
o 290543 0.12
o 288942 0.12
o 285741 0.12
o 282540 0.12
o 277737 0.12
o 276137 0.12
o 269734 0.12
o 264932 0.12
o 260130 0.12
o 256929 0.12
o 253727 0.12
o 253725 0.12
o 252125 0.12
o 248924 0.12
o 245723 0.12
o 244122 0.12
o 242520 0.12
o 240921 0.12
o 236118 0.12
o 234517 0.12
o 231316 0.12
o 226514 0.12
o 223313 0.12
o 221712 0.12
o 218511 0.12
o 215310 0.12
o 210508 0.12
o 208908 0.12
o 205707 0.12
o 205706 0.12
o 202505 0.12
o 200905 0.12
o 197703 0.12
o 194502 0.12
o 191300 0.12
o 183297 0.12
o 176894 0.12
o 175295 0.12
o 172093 0.12
o 170492 0.12
o 168891 0.12
o 167290 0.12
o 165691 0.12
o 157687 0.12
o 156087 0.12
o 149684 0.12
o 146480 0.12
o 143279 0.12
o 140077 0.12
o 135275 0.12
o 133674 0.12
o 132074 0.12
o 128873 0.12
o 127272 0.12
o 125672 0.12
o 124071 0.12
o 119269 0.12
o 114468 0.12
o 112870 0.12
o 111270 0.12
o 111269 0.12
o 109668 0.12
o 106467 0.12
o 101665 0.12
o 96863 0.12
o 96860 0.12
o 96859 0.12
o 95258 0.12
o 92059 0.12
o 92058 0.12
o 88857 0.12
o 87256 0.12
o 84054 0.12
o 80855 0.12
o 79254 0.12
o 74451 0.12
o 72851 0.12
o 71250 0.12
o 69649 0.12
o 68049 0.12
o 63248 0.12
o 61645 0.13
o 60044 0.13
o 55242 0.13
o 50442 0.13
o 48841 0.13
o 48840 0.13
o 47240 0.13
o 45640 0.13
o 42440 0.13
o 40839 0.13
o 39239 0.13
o 37640 0.13
o 36040 0.13
o 34440 0.13
o 32839 0.13
o 29639 0.13
o 26438 0.13
o 24838 0.13
o 21636 0.13
o 20035 0.13
o 16834 0.13
o 15234 0.13
o 15232 0.13
o 15231 0.13
o 13630 0.13
o 10432 0.13
o 8832 0.13
o 7234 0.17
o 5634 0.18
o 4108 6.48
o 2508 6.48
o 908 6.48
o 907 6.48
o 906 6.48
o 905 6.48
o 904 6.48
o 903 6.48
o 902 6.48
o 901 6.48
o 900 6.48
o 899 6.48
o 898 6.48
o 897 6.48
o 896 6.48
o 895 6.48
o 894 6.48
o 893 6.48
o 892 6.48
o 891 6.48
o 890 6.48
o 889 6.48
o 888 6.48
o 887 6.48
o 886 6.48
o 885 6.49
o 884 6.49
o 881 6.49
o 880 6.49
o 879 6.49
o 878 6.49
o 877 6.49
o 876 6.49
o 875 6.51
o 874 6.51
o 873 6.51
o 872 6.76
o 871 6.76
o 870 7.04
o 869 11.34
o 868 11.34
o 867 13.17
o 866 13.17
o 865 21.98
o 864 39.08
o 863 50.64
o 862 140.69
drmx-cryptogen-geffe128_7
o 2235594 0
o 2203574 0
o 2171555 0
o 2150743 0
o 2126729 0
o 2089907 0
o 2064292 0
o 2045081 0
o 2025870 0
o 1993851 0
o 1973039 0
o 1952227 0
o 1926612 0
o 1909002 0
o 1889791 0
o 1875383 0
o 1854571 0
o 1838562 0
o 1820952 0
o 1801741 0
o 1780929 0
o 1766521 0
o 1750512 0
o 1737705 0
o 1726499 0
o 1708889 0
o 1692880 0
o 1680073 0
o 1660862 0
o 1648055 0
o 1630445 0
o 1617638 0
o 1604831 0
o 1588822 0
o 1572813 0
o 1556804 0
o 1545598 0
o 1532791 0
o 1519984 0
o 1507177 0
o 1491168 0
o 1479962 0
o 1465554 0
o 1452747 0
o 1439940 0
o 1427133 0
o 1417528 0
o 1404721 0
o 1393515 0
o 1387111 0
o 1379107 0
o 1369502 0
o 1356695 0
o 1345489 0
o 1337485 0
o 1329481 0
o 1315073 0
o 1307069 0
o 1297464 0
o 1284657 0
o 1276653 0
o 1263846 0
o 1254241 0
o 1247838 0
o 1239834 0
o 1231830 0
o 1225427 0
o 1217423 0
o 1209419 0
o 1201415 0
o 1191810 0
o 1182205 0
o 1174201 0
o 1166197 0
o 1158193 0
o 1150189 0
o 1142185 0
o 1134181 0
o 1129379 0
o 1121375 0
o 1111770 0
o 1102165 0
o 1092560 0
o 1086157 0
o 1073350 0
o 1066947 0
o 1058943 0
o 1052540 0
o 1044536 0
o 1038133 0
o 1030129 0
o 1023726 0
o 1015722 0
o 1007718 0
o 998113 0
o 991710 0
o 978903 0
o 974101 0
o 967698 0
o 962896 0
o 956493 0
o 950090 0
o 945288 0
o 937284 0
o 929280 0
o 924478 0
o 916474 0
o 910071 0
o 903668 0
o 897265 0
o 890862 0
o 884459 0
o 879657 0
o 873254 0
o 866851 0
o 862049 0
o 857247 0
o 850844 0
o 849243 0
o 844441 0
o 839639 0
o 834837 0
o 830035 0
o 825233 0
o 820431 0
o 815629 0
o 810827 0
o 804424 0
o 798021 0
o 793219 0
o 786816 0
o 782014 0
o 777212 0
o 770809 0
o 766007 0
o 761205 0
o 756403 0
o 751601 0
o 746799 0
o 741997 0
o 737195 0
o 732393 0
o 729192 0
o 724390 0
o 719588 0
o 714786 0
o 709984 0
o 705182 0
o 700380 0
o 697179 0
o 692377 0
o 689176 0
o 685975 0
o 682774 0
o 679573 0
o 676372 0
o 671570 0
o 668369 0
o 663567 0
o 660366 0
o 657165 0
o 653964 0
o 650763 0
o 645961 0
o 641159 0
o 637958 0
o 634757 0
o 631556 0
o 628355 0
o 625154 0
o 621953 0
o 617151 0
o 613950 0
o 610749 0
o 607548 0
o 604347 0
o 601146 0
o 597945 0
o 594744 0
o 591543 0
o 588342 0
o 583540 0
o 580339 0
o 577138 0
o 573937 0
o 570736 0
o 567535 0
o 564334 0
o 561133 0
o 557932 0
o 554731 0
o 551530 0
o 548329 0
o 545128 0
o 541927 0
o 538726 0
o 535525 0
o 530723 0
o 527522 0
o 524321 0
o 521120 0
o 517919 0
o 514718 0
o 511517 0
o 508316 0
o 505115 0
o 501914 0
o 498713 0
o 495512 0
o 492311 0
o 489110 0
o 485909 0
o 484308 0
o 481107 0
o 477906 0
o 474705 0
o 471504 0
o 468303 0
o 465102 0
o 461901 0
o 458700 0
o 455499 0
o 452298 0
o 449097 0
o 445896 0
o 442695 0
o 439494 0
o 436293 0
o 433092 0
o 431491 0
o 428290 0
o 425089 0
o 420287 0
o 417086 0
o 413885 0
o 410684 0
o 407483 0
o 404282 0
o 401081 0
o 397880 0
o 394679 0
o 391478 0
o 388277 0
o 385076 0
o 381875 0
o 378674 0
o 377073 0
o 373872 0
o 372271 0
o 369070 0
o 365869 0
o 362668 0
o 359467 0
o 356266 0
o 353065 0
o 349864 0
o 346663 0
o 345063 0
o 341862 0
o 338661 0
o 335460 0
o 333860 0
o 330659 0
o 329060 0
o 327459 0
o 324258 0
o 322658 0
o 321083 0
o 319483 0
o 317883 0
o 316283 0
o 314683 0
o 313083 0
o 311483 0
o 311482 0
o 309882 0
o 308282 0
o 306682 0
o 305082 0
o 303482 0
o 301882 0
o 300282 0
o 300151 0.1
o 296950 0.1
o 292148 0.1
o 287344 0.1
o 285744 0.1
o 282542 0.1
o 274538 0.1
o 269735 0.1
o 264933 0.1
o 258530 0.1
o 253726 0.1
o 250528 0.1
o 248925 0.1
o 244122 0.1
o 237719 0.1
o 234523 0.1
o 231322 0.1
o 226519 0.1
o 218515 0.1
o 218514 0.1
o 212110 0.1
o 204106 0.1
o 204104 0.1
o 199302 0.1
o 196101 0.1
o 192900 0.1
o 188099 0.1
o 184896 0.1
o 181696 0.1
o 178495 0.1
o 175293 0.1
o 172092 0.1
o 167289 0.1
o 162486 0.1
o 159286 0.1
o 149681 0.1
o 143280 0.1
o 136877 0.1
o 130474 0.1
o 125674 0.1
o 124073 0.1
o 120872 0.1
o 119271 0.1
o 111267 0.1
o 108066 0.1
o 104864 0.1
o 103263 0.1
o 103262 0.1
o 100062 0.1
o 98461 0.1
o 96863 0.1
o 95261 0.1
o 88858 0.1
o 88856 0.1
o 87255 0.1
o 84054 0.1
o 82456 0.11
o 80855 0.11
o 80854 0.11
o 76052 0.11
o 74451 0.11
o 71250 0.11
o 68049 0.11
o 64848 0.11
o 63248 0.11
o 60047 0.11
o 58446 0.11
o 56846 0.11
o 55245 0.11
o 52043 0.11
o 52042 0.11
o 48841 0.11
o 48840 0.11
o 47240 0.11
o 47239 0.11
o 45638 0.11
o 42437 0.11
o 40838 0.11
o 40837 0.11
o 37636 0.11
o 36036 0.11
o 34435 0.11
o 29633 0.11
o 29632 0.11
o 26431 0.11
o 24832 0.11
o 23233 0.11
o 23227 0.11
o 20032 0.11
o 20031 0.11
o 18433 0.11
o 16834 0.11
o 15236 0.12
o 13638 0.12
o 13637 0.12
o 13634 0.12
o 13633 0.12
o 10439 0.13
o 8840 0.13
o 8839 0.13
o 8832 0.13
o 8831 0.13
o 7231 0.13
o 5637 0.14
o 4036 0.14
o 2436 0.14
o 915 6.23
o 914 6.23
o 913 6.23
o 912 6.23
o 911 6.23
o 910 6.23
o 909 6.23
o 908 6.23
o 907 6.23
o 906 6.23
o 905 6.23
o 904 6.23
o 903 6.23
o 902 6.23
o 901 6.23
o 900 6.23
o 899 6.23
o 898 6.23
o 897 6.23
o 896 6.23
o 895 6.23
o 894 6.23
o 893 6.23
o 892 6.23
o 889 6.24
o 888 6.24
o 887 6.24
o 886 6.24
o 885 6.24
o 884 6.24
o 883 6.25
o 882 6.25
o 881 6.25
o 880 6.25
o 879 6.25
o 874 6.25
o 873 6.25
o 872 6.25
o 871 6.25
o 870 6.25
o 869 6.25
o 868 6.25
o 867 6.25
o 866 6.25
o 865 23.1
o 864 23.1
o 863 23.1
o 862 49.45
o 861 160.29
o 860 160.29
drmx-cryptogen-geffe128_7
o 2078697 0
o 2059485 0
o 2041875 0
o 2021063 0
o 1998650 0
o 1981040 0
o 1963430 0
o 1945820 0
o 1928210 0
o 1908999 0
o 1886586 0
o 1865774 0
o 1843361 0
o 1822549 0
o 1817747 0
o 1796935 0
o 1779325 0
o 1763316 0
o 1747307 0
o 1728096 0
o 1704082 0
o 1688073 0
o 1673665 0
o 1662459 0
o 1646450 0
o 1632042 0
o 1617634 0
o 1603226 0
o 1582414 0
o 1569607 0
o 1558401 0
o 1547195 0
o 1532787 0
o 1519980 0
o 1510375 0
o 1497568 0
o 1478357 0
o 1465550 0
o 1449541 0
o 1436734 0
o 1425528 0
o 1407918 0
o 1396712 0
o 1385506 0
o 1375901 0
o 1366296 0
o 1353489 0
o 1342283 0
o 1332678 0
o 1323073 0
o 1310266 0
o 1295858 0
o 1284652 0
o 1278249 0
o 1270245 0
o 1259039 0
o 1251035 0
o 1243031 0
o 1235027 0
o 1227023 0
o 1220620 0
o 1212616 0
o 1204612 0
o 1191805 0
o 1182200 0
o 1175797 0
o 1169394 0
o 1161390 0
o 1153386 0
o 1143781 0
o 1135777 0
o 1127773 0
o 1121370 0
o 1118169 0
o 1110165 0
o 1098959 0
o 1090955 0
o 1082951 0
o 1076548 0
o 1070145 0
o 1062141 0
o 1052536 0
o 1047734 0
o 1039730 0
o 1033327 0
o 1031727 0
o 1023723 0
o 1017320 0
o 1010917 0
o 1004514 0
o 999712 0
o 993309 0
o 988507 0
o 980503 0
o 970898 0
o 964495 0
o 958092 0
o 951689 0
o 945286 0
o 938883 0
o 932480 0
o 926077 0
o 919674 0
o 914872 0
o 910070 0
o 905268 0
o 898865 0
o 894063 0
o 889261 0
o 884459 0
o 878056 0
o 870052 0
o 865250 0
o 860448 0
o 855646 0
o 850844 0
o 844441 0
o 839639 0
o 834837 0
o 830035 0
o 825233 0
o 820431 0
o 815629 0
o 810827 0
o 806025 0
o 801223 0
o 798022 0
o 793220 0
o 788418 0
o 783616 0
o 778814 0
o 774012 0
o 769210 0
o 764408 0
o 759606 0
o 754804 0
o 750002 0
o 745200 0
o 740398 0
o 735596 0
o 730794 0
o 725992 0
o 722791 0
o 717989 0
o 713187 0
o 708385 0
o 705184 0
o 700382 0
o 695580 0
o 693980 0
o 690779 0
o 685977 0
o 682776 0
o 679575 0
o 674773 0
o 669971 0
o 665169 0
o 660367 0
o 655565 0
o 652364 0
o 649163 0
o 644361 0
o 639559 0
o 636358 0
o 631556 0
o 628355 0
o 623553 0
o 618751 0
o 613949 0
o 610748 0
o 607547 0
o 604346 0
o 601145 0
o 597944 0
o 594743 0
o 589941 0
o 585139 0
o 581938 0
o 577136 0
o 573935 0
o 570734 0
o 567533 0
o 562731 0
o 559530 0
o 556329 0
o 551527 0
o 548326 0
o 545125 0
o 541924 0
o 538723 0
o 535522 0
o 532321 0
o 529120 0
o 525919 0
o 522718 0
o 519517 0
o 516316 0
o 513115 0
o 509914 0
o 506713 0
o 503512 0
o 500311 0
o 497110 0
o 493909 0
o 490708 0
o 487507 0
o 484306 0
o 481105 0
o 477904 0
o 474703 0
o 471502 0
o 468301 0
o 465100 0
o 461899 0
o 458698 0
o 455497 0
o 452296 0
o 449095 0
o 445894 0
o 442693 0
o 439492 0
o 436291 0
o 433090 0
o 429889 0
o 426688 0
o 423487 0
o 420286 0
o 417085 0
o 413884 0
o 410683 0
o 407482 0
o 404281 0
o 402680 0
o 399479 0
o 396278 0
o 393077 0
o 389876 0
o 386675 0
o 383474 0
o 380273 0
o 377072 0
o 373871 0
o 370670 0
o 367469 0
o 364268 0
o 361067 0
o 357866 0
o 354665 0
o 351464 0
o 348263 0
o 345062 0
o 341861 0
o 340262 0
o 337061 0
o 335461 0
o 332260 0
o 329059 0
o 325858 0
o 322657 0
o 319456 0
o 316255 0
o 313054 0
o 309853 0
o 306652 0
o 305086 0
o 303486 0
o 301886 0
o 300286 0
o 298686 0
o 297086 0
o 295486 0
o 293886 0
o 292286 0
o 290546 0.1
o 288945 0.1
o 285743 0.1
o 284142 0.1
o 280941 0.1
o 277740 0.1
o 274538 0.1
o 272937 0.1
o 269737 0.1
o 263334 0.1
o 261733 0.1
o 260133 0.1
o 255331 0.1
o 252130 0.1
o 250528 0.1
o 247327 0.1
o 244126 0.1
o 240925 0.1
o 237724 0.1
o 234522 0.1
o 229721 0.1
o 224919 0.1
o 218516 0.1
o 216914 0.1
o 208910 0.1
o 205709 0.1
o 202508 0.1
o 200907 0.1
o 200906 0.1
o 197705 0.1
o 194504 0.1
o 188102 0.1
o 186501 0.1
o 186500 0.1
o 184899 0.1
o 178496 0.1
o 173694 0.1
o 172093 0.1
o 172092 0.1
o 168891 0.1
o 165690 0.1
o 162489 0.1
o 159288 0.1
o 157686 0.1
o 154485 0.1
o 148083 0.1
o 143282 0.1
o 141680 0.1
o 138479 0.1
o 138478 0.1
o 135277 0.1
o 133677 0.1
o 130476 0.1
o 130475 0.1
o 124072 0.1
o 122471 0.1
o 120871 0.1
o 119270 0.1
o 117669 0.1
o 114467 0.1
o 111266 0.1
o 109668 0.1
o 109667 0.1
o 108068 0.1
o 106468 0.1
o 100066 0.1
o 95264 0.1
o 93664 0.1
o 92063 0.1
o 87261 0.1
o 85660 0.1
o 84060 0.1
o 84059 0.1
o 80857 0.1
o 79256 0.1
o 77655 0.1
o 72853 0.1
o 69652 0.1
o 69650 0.1
o 66449 0.1
o 64849 0.1
o 63248 0.1
o 61651 0.1
o 58452 0.1
o 56851 0.1
o 53651 0.1
o 53648 0.11
o 50446 0.11
o 48846 0.11
o 44044 0.11
o 42445 0.11
o 39243 0.11
o 37642 0.11
o 36041 0.11
o 32840 0.11
o 31240 0.11
o 26439 0.11
o 20037 0.11
o 18437 0.11
o 16836 0.11
o 13636 0.11
o 13635 0.11
o 13632 0.11
o 12033 0.11
o 12032 0.11
o 10431 0.11
o 8831 0.11
o 7229 0.11
o 4032 0.13
o 2432 0.13
o 911 6.03
o 910 6.03
o 909 6.03
o 908 6.03
o 907 6.03
o 906 6.03
o 905 6.03
o 904 6.03
o 903 6.03
o 902 6.03
o 901 6.03
o 900 6.03
o 899 6.03
o 898 6.03
o 897 6.03
o 896 6.03
o 895 6.03
o 894 6.03
o 893 6.03
o 892 6.03
o 891 6.03
o 890 6.03
o 889 6.03
o 888 6.03
o 887 6.03
o 886 6.03
o 885 6.04
o 884 6.04
o 883 6.04
o 882 6.04
o 881 6.04
o 880 6.04
o 879 6.04
o 878 6.08
o 877 6.08
o 876 6.08
o 875 6.09
o 874 6.14
o 873 6.14
o 872 6.14
o 871 6.14
o 870 6.14
o 869 7.95
o 868 7.95
o 867 9.95
o 866 9.95
o 865 9.95
o 864 12.55
o 863 72.22
o 862 240.38
o 861 249.11
drmx-cryptogen-geffe128_7
o 2318840 0
o 2314038 0
o 2294827 0
o 2266010 0
o 2256405 0
o 2229189 0
o 2195569 0
o 2169954 0
o 2147541 0
o 2123527 0
o 2102715 0
o 2099514 0
o 2083505 0
o 2062693 0
o 2041881 0
o 2017867 0
o 1992252 0
o 1971440 0
o 1960234 0
o 1941023 0
o 1918610 0
o 1899399 0
o 1881789 0
o 1859376 0
o 1843367 0
o 1825757 0
o 1812950 0
o 1801744 0
o 1785735 0
o 1768125 0
o 1753717 0
o 1740910 0
o 1726502 0
o 1708892 0
o 1688080 0
o 1672071 0
o 1660865 0
o 1646457 0
o 1633650 0
o 1624045 0
o 1608036 0
o 1588825 0
o 1576018 0
o 1563211 0
o 1550404 0
o 1537597 0
o 1524790 0
o 1511983 0
o 1495974 0
o 1484768 0
o 1475163 0
o 1463957 0
o 1452751 0
o 1441545 0
o 1430339 0
o 1422335 0
o 1407927 0
o 1398322 0
o 1385515 0
o 1374309 0
o 1361502 0
o 1348695 0
o 1337489 0
o 1324682 0
o 1313476 0
o 1300669 0
o 1292665 0
o 1283060 0
o 1275056 0
o 1265451 0
o 1254245 0
o 1244640 0
o 1235035 0
o 1222228 0
o 1214224 0
o 1206220 0
o 1199817 0
o 1191813 0
o 1183809 0
o 1174204 0
o 1166200 0
o 1156595 0
o 1148591 0
o 1142188 0
o 1134184 0
o 1126180 0
o 1116575 0
o 1108571 0
o 1100567 0
o 1092563 0
o 1084559 0
o 1074954 0
o 1066950 0
o 1057345 0
o 1049341 0
o 1041337 0
o 1033333 0
o 1026930 0
o 1020527 0
o 1014124 0
o 1007721 0
o 1001318 0
o 994915 0
o 986911 0
o 980508 0
o 974105 0
o 969303 0
o 962900 0
o 956497 0
o 950094 0
o 942090 0
o 937288 0
o 930885 0
o 922881 0
o 916478 0
o 911676 0
o 905273 0
o 898870 0
o 892467 0
o 887665 0
o 879661 0
o 873258 0
o 866855 0
o 862053 0
o 855650 0
o 852449 0
o 846046 0
o 841244 0
o 836442 0
o 831640 0
o 826838 0
o 822036 0
o 817234 0
o 810831 0
o 806029 0
o 801227 0
o 796425 0
o 791623 0
o 786821 0
o 782019 0
o 777217 0
o 772415 0
o 767613 0
o 762811 0
o 758009 0
o 753207 0
o 746804 0
o 743603 0
o 738801 0
o 733999 0
o 729197 0
o 724395 0
o 716391 0
o 711589 0
o 706787 0
o 701985 0
o 698784 0
o 693982 0
o 689180 0
o 684378 0
o 681177 0
o 676375 0
o 671573 0
o 666771 0
o 661969 0
o 657167 0
o 652365 0
o 649164 0
o 644362 0
o 639560 0
o 636359 0
o 633158 0
o 628356 0
o 625155 0
o 620353 0
o 615551 0
o 612350 0
o 609149 0
o 605948 0
o 602747 0
o 599546 0
o 596345 0
o 593144 0
o 588342 0
o 583540 0
o 580339 0
o 577138 0
o 573937 0
o 570736 0
o 567535 0
o 564334 0
o 561133 0
o 556331 0
o 553130 0
o 548328 0
o 545127 0
o 541926 0
o 538725 0
o 535524 0
o 532323 0
o 527521 0
o 524320 0
o 521119 0
o 517918 0
o 514717 0
o 511516 0
o 508315 0
o 505114 0
o 501913 0
o 498712 0
o 495511 0
o 492310 0
o 489109 0
o 485908 0
o 482707 0
o 479506 0
o 476305 0
o 473104 0
o 469903 0
o 466702 0
o 463501 0
o 460300 0
o 457099 0
o 453898 0
o 450697 0
o 447496 0
o 444295 0
o 441094 0
o 437893 0
o 434692 0
o 431491 0
o 428290 0
o 425089 0
o 421888 0
o 418687 0
o 415486 0
o 412285 0
o 409084 0
o 405883 0
o 402682 0
o 399481 0
o 396280 0
o 393079 0
o 389878 0
o 386677 0
o 383476 0
o 380275 0
o 377074 0
o 373873 0
o 370672 0
o 367471 0
o 364270 0
o 361069 0
o 357868 0
o 354667 0
o 351466 0
o 348265 0
o 345064 0
o 341863 0
o 338662 0
o 335461 0
o 332260 0
o 329059 0
o 325858 0
o 322657 0
o 319457 0
o 316256 0
o 313055 0
o 309854 0
o 306653 0
o 303452 0
o 300251 0
o 298651 0
o 295450 0
o 293850 0
o 292250 0
o 290649 0
o 287448 0
o 284247 0
o 284245 0
o 281044 0
o 277843 0
o 276243 0
o 276242 0
o 274642 0
o 274641 0
o 273041 0
o 272937 0.1
o 264933 0.1
o 263332 0.1
o 263331 0.1
o 260130 0.1
o 256929 0.1
o 253728 0.1
o 248926 0.1
o 240922 0.1
o 234519 0.1
o 231319 0.1
o 228118 0.1
o 228117 0.1
o 221718 0.1
o 216916 0.1
o 216915 0.1
o 215314 0.1
o 212113 0.1
o 210512 0.1
o 200907 0.1
o 197706 0.1
o 197705 0.1
o 194504 0.1
o 192903 0.1
o 186500 0.1
o 183298 0.1
o 181698 0.1
o 176896 0.1
o 175293 0.1
o 172092 0.1
o 170492 0.1
o 165690 0.1
o 165689 0.1
o 162487 0.1
o 160886 0.1
o 156084 0.1
o 154482 0.1
o 151281 0.1
o 148079 0.1
o 144878 0.1
o 143278 0.1
o 138476 0.1
o 136875 0.1
o 133675 0.1
o 125671 0.1
o 124075 0.1
o 122474 0.1
o 122473 0.1
o 120872 0.1
o 119272 0.1
o 116071 0.1
o 116069 0.1
o 112868 0.1
o 111268 0.1
o 108065 0.1
o 104864 0.1
o 103263 0.1
o 101663 0.1
o 100064 0.1
o 95264 0.1
o 95263 0.1
o 93660 0.1
o 88858 0.1
o 87259 0.1
o 85659 0.1
o 84058 0.1
o 84057 0.1
o 82457 0.1
o 80857 0.1
o 77656 0.1
o 76055 0.1
o 74453 0.1
o 71251 0.1
o 69652 0.1
o 66452 0.1
o 64851 0.1
o 63251 0.11
o 61650 0.11
o 56848 0.11
o 55247 0.11
o 52045 0.11
o 48844 0.11
o 45645 0.11
o 44042 0.11
o 42441 0.11
o 39240 0.11
o 37640 0.11
o 36039 0.11
o 31237 0.11
o 28035 0.11
o 28034 0.11
o 26435 0.11
o 23234 0.11
o 23233 0.11
o 21633 0.11
o 20037 0.12
o 18440 0.12
o 16838 0.12
o 15238 0.12
o 13638 0.12
o 12037 0.13
o 10436 0.13
o 8836 0.13
o 7237 0.14
o 7235 0.15
o 5635 0.15
o 5633 0.15
o 4033 0.15
o 2433 0.15
o 919 6
o 918 6
o 917 6
o 916 6
o 915 6
o 914 6
o 913 6
o 912 6
o 911 6
o 910 6
o 909 6
o 908 6
o 907 6
o 906 6
o 905 6
o 904 6
o 903 6
o 902 6
o 901 6
o 900 6
o 899 6
o 898 6
o 897 6
o 896 6
o 895 6
o 894 6
o 893 6.01
o 892 6.01
o 891 6.01
o 890 6.01
o 889 6.01
o 888 6.01
o 887 6.01
o 886 6.01
o 885 6.01
o 884 6.01
o 883 6.01
o 882 6.01
o 881 6.02
o 880 6.02
o 879 6.02
o 874 6.04
o 873 6.18
o 872 6.18
o 871 6.23
o 870 6.23
o 869 6.23
o 868 6.36
o 867 7.5
o 866 7.5
o 865 7.5
o 864 7.5
o 863 115.54
o 862 115.54
drmx-cryptogen-geffe128_7
o 2125112 0
o 2109103 0
o 2085089 0
o 2059474 0
o 2033859 0
o 2009845 0
o 1985831 0
o 1960216 0
o 1937803 0
o 1921794 0
o 1905785 0
o 1889776 0
o 1876969 0
o 1854556 0
o 1835345 0
o 1819336 0
o 1796923 0
o 1780914 0
o 1764905 0
o 1752098 0
o 1731286 0
o 1716878 0
o 1704071 0
o 1688062 0
o 1673654 0
o 1656044 0
o 1640035 0
o 1625627 0
o 1609618 0
o 1593609 0
o 1580802 0
o 1567995 0
o 1553587 0
o 1540780 0
o 1529574 0
o 1510363 0
o 1499157 0
o 1489552 0
o 1476745 0
o 1467140 0
o 1455934 0
o 1441526 0
o 1428719 0
o 1415912 0
o 1404706 0
o 1395101 0
o 1383895 0
o 1372689 0
o 1364685 0
o 1355080 0
o 1340672 0
o 1331067 0
o 1323063 0
o 1310256 0
o 1302252 0
o 1294248 0
o 1287845 0
o 1279841 0
o 1270236 0
o 1260631 0
o 1252627 0
o 1244623 0
o 1235018 0
o 1227014 0
o 1219010 0
o 1209405 0
o 1199800 0
o 1193397 0
o 1185393 0
o 1174187 0
o 1164582 0
o 1156578 0
o 1150175 0
o 1143772 0
o 1137369 0
o 1129365 0
o 1119760 0
o 1113357 0
o 1106954 0
o 1100551 0
o 1094148 0
o 1087745 0
o 1081342 0
o 1074939 0
o 1065334 0
o 1058931 0
o 1052528 0
o 1046125 0
o 1039722 0
o 1034920 0
o 1028517 0
o 1020513 0
o 1014110 0
o 1009308 0
o 1002905 0
o 996502 0
o 990099 0
o 985297 0
o 977293 0
o 970890 0
o 964487 0
o 959685 0
o 954883 0
o 950081 0
o 943678 0
o 938876 0
o 932473 0
o 927671 0
o 921268 0
o 916466 0
o 911664 0
o 905261 0
o 898858 0.01
o 892455 0.01
o 887653 0.01
o 881250 0.01
o 874847 0.01
o 868444 0.01
o 862041 0.01
o 854037 0.01
o 849235 0.01
o 844433 0.01
o 839631 0.01
o 834829 0.01
o 830027 0.01
o 823624 0.01
o 818822 0.01
o 814020 0.01
o 809218 0.01
o 802815 0.01
o 798013 0.01
o 793211 0.01
o 788409 0.01
o 785208 0.01
o 780406 0.01
o 775604 0.01
o 770802 0.01
o 766000 0.01
o 761198 0.01
o 757997 0.01
o 753195 0.01
o 748393 0.01
o 745192 0.01
o 740390 0.01
o 737189 0.01
o 733988 0.01
o 729186 0.01
o 724384 0.01
o 719582 0.01
o 714780 0.01
o 709978 0.01
o 705176 0.01
o 700374 0.01
o 695572 0.01
o 690770 0.01
o 687569 0.01
o 684368 0.01
o 679566 0.01
o 676365 0.01
o 671563 0.01
o 666761 0.01
o 661959 0.01
o 657157 0.01
o 653956 0.01
o 650755 0.01
o 647554 0.01
o 644353 0.01
o 641152 0.01
o 636350 0.01
o 633149 0.01
o 629948 0.01
o 625146 0.01
o 621945 0.01
o 617143 0.01
o 612341 0.01
o 609140 0.01
o 605939 0.01
o 602738 0.01
o 599537 0.01
o 596336 0.01
o 593135 0.01
o 589934 0.01
o 586733 0.01
o 581931 0.01
o 578730 0.01
o 575529 0.01
o 572328 0.01
o 569127 0.01
o 565926 0.01
o 562725 0.01
o 559524 0.01
o 556323 0.01
o 553122 0.01
o 549921 0.01
o 546720 0.01
o 543519 0.01
o 540318 0.01
o 537117 0.01
o 533916 0.01
o 530715 0.01
o 527514 0.01
o 524313 0.01
o 521112 0.01
o 517911 0.01
o 513109 0.01
o 509908 0.01
o 506707 0.01
o 503506 0.01
o 500305 0.01
o 497104 0.01
o 493903 0.01
o 490702 0.01
o 487501 0.01
o 484300 0.01
o 481099 0.01
o 477898 0.01
o 474697 0.01
o 471496 0.01
o 468295 0.01
o 465094 0.01
o 460292 0.01
o 457091 0.01
o 453890 0.01
o 450689 0.01
o 447488 0.01
o 444287 0.01
o 441086 0.01
o 437885 0.01
o 434684 0.01
o 431483 0.01
o 428282 0.01
o 425081 0.01
o 421880 0.01
o 418679 0.01
o 415478 0.01
o 412277 0.01
o 409076 0.01
o 405875 0.01
o 402674 0.01
o 399473 0.01
o 396272 0.01
o 393071 0.01
o 389870 0.01
o 386669 0.01
o 383468 0.01
o 380267 0.01
o 377066 0.01
o 373865 0.01
o 370664 0.01
o 367463 0.01
o 364262 0.01
o 361061 0.01
o 359461 0.01
o 356260 0.01
o 353059 0.01
o 349858 0.01
o 346657 0.01
o 343456 0.01
o 340255 0.01
o 337054 0.01
o 333853 0.01
o 330652 0.01
o 327451 0.01
o 324250 0.01
o 321049 0.01
o 317848 0.01
o 316247 0.01
o 313046 0.01
o 309845 0.01
o 306644 0.01
o 305044 0.01
o 305043 0.01
o 303467 0.01
o 301867 0.01
o 300267 0.01
o 298667 0.01
o 297067 0.01
o 295467 0.01
o 293867 0.01
o 292267 0.01
o 290667 0.01
o 289067 0.01
o 287467 0.01
o 285867 0.01
o 284267 0.01
o 282667 0.01
o 281067 0.01
o 279467 0.01
o 277867 0.01
o 276267 0.01
o 274667 0.01
o 272935 0.11
o 271334 0.11
o 269734 0.11
o 266533 0.11
o 264932 0.11
o 263331 0.11
o 256927 0.11
o 250524 0.11
o 245722 0.11
o 239319 0.11
o 237714 0.11
o 236114 0.11
o 232914 0.11
o 228112 0.11
o 221709 0.11
o 220109 0.11
o 216907 0.11
o 208903 0.11
o 205702 0.11
o 199299 0.11
o 192897 0.11
o 191297 0.11
o 186494 0.11
o 186493 0.11
o 184892 0.11
o 181691 0.11
o 175288 0.11
o 170487 0.11
o 170486 0.11
o 164086 0.11
o 160885 0.11
o 154482 0.11
o 149680 0.11
o 148082 0.11
o 146482 0.11
o 143281 0.11
o 138479 0.11
o 130475 0.11
o 124072 0.11
o 120870 0.11
o 117669 0.11
o 114467 0.11
o 109669 0.11
o 108069 0.11
o 106468 0.11
o 104867 0.11
o 103267 0.11
o 101666 0.11
o 100066 0.11
o 100064 0.11
o 98466 0.12
o 98464 0.12
o 96862 0.12
o 95262 0.12
o 93664 0.12
o 93663 0.12
o 92065 0.12
o 92064 0.12
o 90464 0.12
o 88862 0.12
o 87261 0.12
o 85662 0.12
o 84061 0.12
o 79260 0.12
o 77658 0.12
o 76058 0.12
o 72857 0.12
o 69650 0.12
o 66449 0.12
o 60049 0.12
o 60048 0.12
o 56848 0.12
o 55247 0.12
o 53646 0.12
o 52046 0.12
o 48850 0.12
o 45651 0.12
o 45650 0.12
o 44050 0.12
o 42449 0.12
o 40848 0.12
o 39250 0.13
o 36049 0.13
o 36045 0.13
o 34445 0.13
o 32844 0.13
o 29643 0.13
o 29642 0.13
o 28042 0.13
o 24840 0.13
o 23245 0.13
o 20044 0.13
o 18445 0.13
o 18444 0.13
o 16844 0.13
o 16841 0.13
o 16839 0.14
o 16838 0.14
o 15238 0.14
o 15236 0.14
o 10436 0.14
o 8836 0.14
o 7236 0.14
o 7235 0.14
o 5642 0.16
o 5641 0.16
o 5639 0.16
o 4039 0.16
o 2523 6.2
o 923 6.2
o 922 6.2
o 921 6.2
o 920 6.2
o 919 6.2
o 918 6.2
o 917 6.2
o 916 6.2
o 915 6.2
o 914 6.2
o 913 6.2
o 912 6.2
o 911 6.2
o 910 6.2
o 909 6.2
o 908 6.2
o 907 6.2
o 906 6.2
o 905 6.2
o 904 6.2
o 903 6.2
o 902 6.2
o 901 6.2
o 900 6.2
o 899 6.2
o 898 6.2
o 897 6.2
o 896 6.2
o 895 6.2
o 894 6.2
o 893 6.2
o 892 6.2
o 891 6.2
o 890 6.2
o 889 6.2
o 888 6.2
o 887 6.2
o 883 6.23
o 882 6.23
o 881 6.23
o 880 6.25
o 879 6.25
o 878 6.25
o 877 6.25
o 876 6.25
o 875 6.25
o 874 6.25
o 872 6.36
o 871 6.49
o 870 6.76
o 866 8.72
o 865 18.04
o 864 59.41
o 863 59.41
o 862 108.66
o 861 185.82
drmx-cryptogen-geffe128_7
o 1973061 0
o 1971461 0
o 1949048 0
o 1921832 0
o 1902621 0
o 1880208 0
o 1851391 0
o 1828978 0
o 1809767 0
o 1792157 0
o 1772946 0
o 1756937 0
o 1744130 0
o 1723318 0
o 1702506 0
o 1683295 0
o 1660882 0
o 1643272 0
o 1628864 0
o 1612855 0
o 1593644 0
o 1577635 0
o 1558424 0
o 1540814 0
o 1524805 0
o 1507195 0
o 1494388 0
o 1476778 0
o 1465572 0
o 1451164 0
o 1439958 0
o 1427151 0
o 1419147 0
o 1401537 0
o 1385528 0
o 1374321 0
o 1361514 0
o 1351909 0
o 1339102 0
o 1326295 0
o 1316690 0
o 1305484 0
o 1291076 0
o 1283072 0
o 1273467 0
o 1263862 0
o 1255858 0
o 1246253 0
o 1238249 0
o 1223841 0
o 1217438 0
o 1204631 0
o 1193425 0
o 1179017 0
o 1172614 0
o 1163009 0
o 1155005 0
o 1143799 0
o 1137396 0
o 1127791 0
o 1118186 0
o 1110182 0
o 1102178 0
o 1094174 0
o 1087771 0
o 1081368 0
o 1074965 0
o 1066961 0
o 1060558 0
o 1052554 0
o 1047752 0
o 1038147 0
o 1031744 0
o 1025341 0
o 1018938 0
o 1014136 0
o 1007733 0
o 1001330 0
o 994927 0
o 988524 0
o 982121 0
o 975718 0
o 969315 0
o 962912 0
o 956509 0
o 953308 0
o 946905 0
o 942103 0
o 937301 0
o 932499 0
o 927697 0
o 921294 0
o 914891 0
o 908488 0
o 903686 0
o 898884 0
o 894082 0
o 889280 0
o 882877 0
o 876474 0
o 871672 0
o 865269 0
o 860467 0
o 855665 0
o 850863 0
o 846061 0
o 841259 0
o 833255 0
o 828453 0
o 822050 0
o 815647 0
o 809244 0
o 804442 0
o 799640 0
o 794838 0
o 790036 0
o 785234 0
o 780432 0
o 775630 0
o 770828 0
o 764425 0
o 759623 0
o 753220 0
o 748418 0
o 743616 0
o 738814 0
o 734012 0
o 729210 0
o 726009 0
o 721207 0
o 716405 0
o 711603 0
o 706801 0
o 701999 0
o 697197 0
o 692395 0
o 687593 0
o 684392 0
o 679590 0
o 674788 0
o 669986 0
o 665184 0
o 660382 0
o 655580 0
o 650778 0
o 647577 0
o 644376 0
o 639574 0
o 634772 0
o 631571 0
o 626769 0
o 623568 0
o 618766 0
o 613964 0
o 609162 0
o 604360 0
o 599558 0
o 594756 0
o 591555 0
o 588354 0
o 585153 0
o 581952 0
o 578751 0
o 575550 0
o 572349 0
o 567547 0
o 562745 0
o 557943 0
o 553141 0
o 549940 0
o 546739 0
o 543538 0
o 540337 0
o 537136 0
o 533935 0
o 530734 0
o 527533 0
o 524332 0
o 521131 0
o 517930 0
o 514729 0
o 511528 0
o 508327 0
o 505126 0
o 501925 0
o 498724 0
o 495523 0
o 492322 0
o 489121 0
o 485920 0
o 482719 0
o 479518 0
o 476317 0
o 471515 0
o 468314 0
o 465113 0
o 461912 0
o 458711 0
o 455510 0
o 452309 0
o 449108 0
o 445907 0
o 442706 0
o 439505 0
o 436304 0
o 433103 0
o 429902 0
o 425100 0
o 421899 0
o 418698 0
o 415497 0
o 412296 0
o 409095 0
o 407494 0
o 404293 0
o 401092 0
o 397891 0
o 394690 0
o 391489 0
o 388288 0
o 385087 0
o 381886 0
o 380286 0
o 377085 0
o 373884 0
o 370683 0
o 367482 0
o 364281 0
o 361080 0
o 357879 0
o 354678 0
o 351477 0
o 348276 0
o 346676 0
o 343475 0
o 340274 0
o 337073 0
o 335473 0
o 332272 0
o 329071 0
o 325870 0
o 322669 0
o 319468 0
o 317867 0
o 314666 0
o 311465 0
o 309865 0
o 308265 0
o 305064 0
o 301863 0
o 298662 0
o 295461 0
o 295344 0.1
o 293743 0.1
o 292142 0.1
o 288941 0.1
o 285740 0.1
o 279337 0.1
o 276136 0.1
o 276135 0.1
o 272933 0.1
o 269732 0.1
o 268131 0.1
o 263329 0.1
o 260129 0.1
o 260128 0.1
o 250523 0.1
o 244120 0.1
o 242519 0.1
o 237716 0.1
o 236116 0.1
o 234515 0.1
o 231314 0.1
o 228113 0.1
o 226513 0.1
o 226512 0.1
o 218508 0.1
o 213706 0.1
o 212106 0.1
o 210505 0.1
o 207304 0.1
o 204103 0.1
o 199301 0.1
o 196101 0.1
o 196100 0.1
o 194499 0.1
o 189697 0.1
o 184895 0.1
o 183294 0.1
o 178491 0.1
o 178490 0.1
o 175289 0.1
o 172088 0.1
o 168887 0.1
o 165686 0.1
o 164085 0.1
o 159288 0.1
o 157689 0.1
o 151286 0.1
o 149685 0.1
o 146484 0.1
o 140081 0.1
o 135279 0.1
o 135278 0.1
o 132077 0.1
o 128876 0.1
o 122473 0.1
o 119272 0.1
o 117671 0.1
o 112869 0.1
o 112868 0.1
o 109667 0.1
o 104866 0.1
o 100064 0.1
o 96865 0.1
o 96864 0.1
o 93662 0.1
o 90460 0.1
o 87260 0.1
o 87258 0.1
o 85657 0.1
o 84057 0.1
o 82457 0.1
o 82456 0.1
o 80859 0.11
o 79258 0.11
o 77658 0.11
o 72856 0.11
o 66453 0.11
o 66450 0.11
o 64850 0.11
o 64849 0.11
o 63251 0.11
o 63250 0.11
o 61650 0.11
o 60049 0.11
o 60048 0.11
o 55246 0.11
o 52045 0.11
o 50445 0.11
o 50444 0.11
o 47242 0.11
o 44041 0.11
o 42441 0.11
o 40841 0.11
o 39240 0.11
o 37639 0.11
o 36039 0.11
o 32839 0.11
o 31238 0.11
o 28038 0.11
o 28037 0.11
o 26442 0.12
o 24842 0.12
o 23243 0.12
o 23242 0.12
o 21642 0.12
o 20042 0.12
o 18441 0.12
o 16842 0.12
o 12040 0.12
o 12039 0.12
o 10439 0.12
o 10438 0.12
o 8839 0.12
o 8838 0.12
o 8836 0.13
o 5636 0.13
o 5635 0.13
o 4038 0.13
o 4037 0.13
o 4035 0.15
o 2437 0.15
o 2436 0.15
o 2435 0.15
o 2434 0.15
o 910 6.12
o 909 6.12
o 908 6.12
o 907 6.12
o 906 6.12
o 905 6.12
o 904 6.12
o 903 6.12
o 902 6.12
o 901 6.12
o 900 6.12
o 899 6.12
o 898 6.12
o 897 6.12
o 896 6.12
o 895 6.12
o 894 6.12
o 893 6.12
o 892 6.12
o 891 6.12
o 890 6.12
o 889 6.12
o 888 6.12
o 887 6.12
o 886 6.12
o 885 6.13
o 884 6.13
o 883 6.13
o 882 6.13
o 881 6.13
o 880 6.13
o 879 6.13
o 878 6.13
o 877 6.13
o 876 6.13
o 875 6.25
o 874 6.28
o 873 6.28
o 872 6.29
o 871 6.48
o 870 6.48
o 869 6.48
o 868 8.73
o 867 8.73
o 866 8.73
o 865 14.56
o 864 37.96
o 863 37.96
o 862 37.96
o 861 37.96
o 860 37.96
o 859 37.96
drmx-cryptogen-geffe128_7
o 1920221 0
o 1917020 0
o 1894607 0
o 1870593 0
o 1844978 0
o 1828969 0
o 1804955 0
o 1785744 0
o 1768134 0
o 1744120 0
o 1729712 0
o 1712102 0
o 1696093 0
o 1673680 0
o 1652868 0
o 1635258 0
o 1622451 0
o 1603240 0
o 1580827 0
o 1566419 0
o 1550410 0
o 1531199 0
o 1510387 0
o 1499181 0
o 1487975 0
o 1473567 0
o 1457558 0
o 1444751 0
o 1430343 0
o 1415935 0
o 1399926 0
o 1390321 0
o 1379115 0
o 1363106 0
o 1351900 0
o 1342295 0
o 1332690 0
o 1323085 0
o 1313480 0
o 1297471 0
o 1289467 0
o 1279862 0
o 1270257 0
o 1262253 0
o 1249446 0
o 1241442 0
o 1235039 0
o 1227035 0
o 1217430 0
o 1206224 0
o 1199821 0
o 1191817 0
o 1182212 0
o 1175809 0
o 1161401 0
o 1153397 0
o 1146994 0
o 1138990 0
o 1127784 0
o 1121381 0
o 1114978 0
o 1108575 0
o 1100571 0
o 1092567 0
o 1082962 0
o 1076559 0
o 1068555 0
o 1062152 0
o 1054148 0
o 1047745 0
o 1041342 0
o 1033338 0
o 1026935 0
o 1018931 0
o 1012528 0
o 1006125 0
o 999722 0
o 994920 0
o 988517 0
o 982114 0
o 974110 0
o 969308 0
o 962905 0
o 958103 0
o 951700 0
o 946898 0
o 940495 0
o 935693 0
o 929290 0
o 924488 0
o 919686 0
o 913283 0
o 906880 0
o 900477 0
o 894074 0
o 889272 0
o 884470 0
o 882870 0
o 878068 0
o 873266 0
o 866863 0
o 862061 0
o 857259 0
o 852457 0
o 844453 0
o 839651 0
o 834849 0
o 830047 0
o 823644 0
o 818842 0
o 815641 0
o 810839 0
o 806037 0
o 801235 0
o 794832 0
o 790030 0
o 785228 0
o 780426 0
o 775624 0
o 769221 0
o 764419 0
o 759617 0
o 754815 0
o 748412 0
o 745211 0
o 740409 0
o 735607 0
o 730805 0
o 727604 0
o 722802 0
o 719601 0
o 714799 0
o 709997 0
o 705195 0
o 700393 0
o 693990 0
o 690788 0
o 685986 0
o 682785 0
o 677983 0
o 673181 0
o 668379 0
o 663577 0
o 658775 0
o 653973 0
o 649171 0
o 645970 0
o 642769 0
o 639568 0
o 636367 0
o 633166 0
o 626763 0
o 621961 0
o 617159 0
o 612357 0
o 607555 0
o 602753 0
o 599552 0
o 596351 0
o 593150 0
o 588348 0
o 583546 0
o 580345 0
o 577144 0
o 572342 0
o 567540 0
o 564339 0
o 561138 0
o 557937 0
o 554736 0
o 549934 0
o 546733 0
o 543532 0
o 540331 0
o 537130 0
o 533929 0
o 530728 0
o 527527 0
o 524326 0
o 521125 0
o 517924 0
o 513122 0
o 509921 0
o 506720 0
o 503519 0
o 500318 0
o 497117 0
o 493916 0
o 489114 0
o 485913 0
o 482712 0
o 479511 0
o 476310 0
o 473109 0
o 469908 0
o 466707 0
o 463506 0
o 460305 0
o 455503 0
o 452302 0
o 449101 0
o 445900 0
o 442699 0
o 439498 0
o 436297 0
o 433096 0
o 429895 0
o 426694 0
o 425093 0
o 421892 0
o 418691 0
o 415490 0
o 410688 0
o 407487 0
o 404286 0
o 401085 0
o 397884 0
o 394683 0
o 391482 0
o 388282 0
o 385081 0
o 381880 0
o 378679 0
o 375478 0
o 372277 0
o 369076 0
o 367476 0
o 364275 0
o 361074 0
o 359474 0
o 356273 0
o 353072 0
o 349871 0
o 346670 0
o 343469 0
o 340268 0
o 337067 0
o 333866 0
o 330665 0
o 327464 0
o 325866 0
o 322665 0
o 321065 0
o 319464 0
o 316263 0
o 316262 0
o 313061 0
o 309860 0
o 306659 0
o 301746 0.11
o 298545 0.11
o 295340 0.11
o 290538 0.11
o 288938 0.11
o 285737 0.11
o 282536 0.11
o 279335 0.11
o 277735 0.11
o 271333 0.11
o 269731 0.11
o 264929 0.11
o 258527 0.11
o 256927 0.11
o 255326 0.11
o 252125 0.11
o 247322 0.11
o 240919 0.11
o 237719 0.11
o 234518 0.11
o 231317 0.11
o 226515 0.11
o 224915 0.11
o 221714 0.11
o 218513 0.11
o 215312 0.11
o 208909 0.11
o 207308 0.11
o 207307 0.11
o 204106 0.11
o 199304 0.11
o 197704 0.11
o 194503 0.11
o 191302 0.11
o 191301 0.11
o 189700 0.11
o 186499 0.11
o 183298 0.11
o 178496 0.11
o 172095 0.11
o 165692 0.11
o 160890 0.11
o 159290 0.11
o 157688 0.11
o 154487 0.11
o 152888 0.11
o 151286 0.11
o 146484 0.11
o 140080 0.11
o 136879 0.11
o 135281 0.11
o 133680 0.11
o 127277 0.11
o 125676 0.11
o 125673 0.11
o 122472 0.11
o 120871 0.11
o 119276 0.11
o 119273 0.11
o 117673 0.11
o 117672 0.11
o 116069 0.11
o 112868 0.11
o 111267 0.11
o 109667 0.11
o 106465 0.11
o 101663 0.11
o 95261 0.11
o 95260 0.11
o 88858 0.11
o 85658 0.11
o 84059 0.11
o 82458 0.11
o 77655 0.11
o 77654 0.11
o 76053 0.11
o 71251 0.11
o 69654 0.11
o 66452 0.11
o 64851 0.11
o 60049 0.11
o 55249 0.11
o 53647 0.11
o 53646 0.11
o 52045 0.11
o 50446 0.11
o 48844 0.11
o 48841 0.11
o 47241 0.11
o 42439 0.11
o 40849 0.12
o 39248 0.12
o 37652 0.12
o 36051 0.12
o 34451 0.12
o 32851 0.12
o 31248 0.12
o 28047 0.12
o 26445 0.12
o 26444 0.12
o 24844 0.12
o 23243 0.12
o 21644 0.12
o 21643 0.12
o 18442 0.12
o 18440 0.13
o 15239 0.13
o 13639 0.13
o 12039 0.13
o 10439 0.13
o 8840 0.13
o 7241 0.13
o 5641 0.13
o 4042 0.13
o 4041 0.13
o 2507 6.27
o 907 6.27
o 906 6.27
o 905 6.27
o 904 6.27
o 903 6.27
o 902 6.27
o 901 6.27
o 900 6.27
o 899 6.27
o 898 6.27
o 897 6.27
o 896 6.27
o 895 6.27
o 894 6.27
o 893 6.27
o 892 6.27
o 891 6.27
o 890 6.27
o 889 6.27
o 888 6.27
o 887 6.27
o 886 6.27
o 885 6.27
o 884 6.27
o 883 6.28
o 882 6.29
o 881 6.29
o 874 6.29
o 873 6.29
o 872 6.35
o 871 6.35
o 870 6.35
o 869 6.35
o 868 7.12
o 867 7.12
o 866 7.12
o 865 38.87
o 864 38.87
o 863 38.87
o 861 85.66
o 860 85.66
drmx-cryptogen-geffe128_7
o 2309232 0
o 2302829 0
o 2274012 0
o 2249998 0
o 2211575 0
o 2182758 0
o 2157143 0
o 2133129 0
o 2105913 0
o 2078697 0
o 2056284 0
o 2035472 0
o 2013059 0
o 1984242 0
o 1955425 0
o 1929810 0
o 1913801 0
o 1897792 0
o 1881783 0
o 1859370 0
o 1838558 0
o 1809741 0
o 1798535 0
o 1780925 0
o 1766517 0
o 1748907 0
o 1734499 0
o 1718490 0
o 1696077 0
o 1683270 0
o 1668862 0
o 1654454 0
o 1632041 0
o 1617633 0
o 1603225 0
o 1593620 0
o 1577611 0
o 1566405 0
o 1551997 0
o 1535988 0
o 1521580 0
o 1505571 0
o 1486360 0
o 1470351 0
o 1459145 0
o 1447939 0
o 1431930 0
o 1423926 0
o 1411119 0
o 1399913 0
o 1383904 0
o 1372698 0
o 1359891 0
o 1348685 0
o 1332676 0
o 1323071 0
o 1311865 0
o 1300659 0
o 1291054 0
o 1279848 0
o 1271844 0
o 1257436 0
o 1247831 0
o 1238226 0
o 1231823 0
o 1222218 0
o 1212613 0
o 1204609 0
o 1193403 0
o 1182197 0
o 1169390 0
o 1159785 0
o 1151781 0
o 1143777 0
o 1135773 0
o 1126168 0
o 1118164 0
o 1111761 0
o 1105358 0
o 1097354 0
o 1089350 0
o 1082947 0
o 1074943 0
o 1068540 0
o 1060536 0
o 1054133 0
o 1046129 0
o 1039726 0
o 1034924 0
o 1028521 0
o 1022118 0
o 1014114 0
o 1006110 0
o 999707 0
o 993304 0
o 986901 0
o 978897 0
o 974095 0
o 967692 0
o 961289 0
o 953285 0
o 946882 0
o 942080 0
o 934076 0
o 929274 0
o 924472 0
o 919670 0
o 914868 0
o 910066 0
o 903663 0
o 897260 0
o 892458 0
o 887656 0
o 882854 0
o 876451 0
o 871649 0
o 866847 0
o 860444 0
o 855642 0
o 850840 0
o 844437 0
o 839635 0
o 833232 0
o 828430 0
o 823628 0
o 820427 0
o 814024 0
o 809222 0
o 804420 0
o 799618 0
o 794816 0
o 790014 0
o 785212 0
o 780410 0
o 775608 0
o 770806 0
o 766004 0
o 761202 0
o 758001 0
o 754800 0
o 749998 0
o 745196 0
o 741995 0
o 737193 0
o 732391 0
o 729190 0
o 724388 0
o 717985 0
o 714784 0
o 709982 0
o 705180 0
o 701979 0
o 698778 0
o 695577 0
o 690775 0
o 685973 0
o 681171 0
o 676369 0
o 673168 0
o 669967 0
o 665165 0
o 660363 0
o 657162 0
o 653961 0
o 650760 0
o 647559 0
o 644358 0
o 639556 0
o 636355 0
o 633154 0
o 626751 0
o 621949 0
o 618748 0
o 613946 0
o 610745 0
o 605943 0
o 602742 0
o 599541 0
o 596340 0
o 593139 0
o 588337 0
o 585136 0
o 583535 0
o 580334 0
o 577133 0
o 573932 0
o 570731 0
o 567530 0
o 562728 0
o 559527 0
o 556326 0
o 553125 0
o 549924 0
o 546723 0
o 543522 0
o 540321 0
o 537120 0
o 533919 0
o 530718 0
o 527517 0
o 524316 0
o 521115 0
o 517914 0
o 513112 0
o 509911 0
o 506710 0
o 503509 0
o 500308 0
o 497107 0
o 493906 0
o 490705 0
o 487504 0
o 484303 0
o 481102 0
o 477901 0
o 474700 0
o 471499 0
o 468298 0
o 465097 0
o 461896 0.01
o 458695 0.01
o 455494 0.01
o 452293 0.01
o 449092 0.01
o 445891 0.01
o 442690 0.01
o 439489 0.01
o 436288 0.01
o 433087 0.01
o 431490 0.01
o 428289 0.01
o 425088 0.01
o 421887 0.01
o 418686 0.01
o 415485 0.01
o 412284 0.01
o 409083 0.01
o 404281 0.01
o 401080 0.01
o 397879 0.01
o 394678 0.01
o 393077 0.01
o 391476 0.01
o 388275 0.01
o 385074 0.01
o 381873 0.01
o 378672 0.01
o 373870 0.01
o 370669 0.01
o 370668 0.01
o 367467 0.01
o 365867 0.01
o 362666 0.01
o 359465 0.01
o 357865 0.01
o 354664 0.01
o 353063 0.01
o 349862 0.01
o 348291 0.01
o 346691 0.01
o 345091 0.01
o 343491 0.01
o 341891 0.01
o 340291 0.01
o 338691 0.01
o 337091 0.01
o 335491 0.01
o 333891 0.01
o 332291 0.01
o 330691 0.01
o 329091 0.01
o 327491 0.01
o 325891 0.01
o 324291 0.01
o 322691 0.01
o 321091 0.01
o 319491 0.01
o 317891 0.01
o 316291 0.01
o 314691 0.01
o 313091 0.01
o 311491 0.01
o 309891 0.01
o 308291 0.01
o 306691 0.01
o 305091 0.01
o 303491 0.01
o 301752 0.11
o 300150 0.11
o 295348 0.11
o 287344 0.11
o 285741 0.11
o 280939 0.11
o 280937 0.11
o 276135 0.11
o 271333 0.11
o 268133 0.11
o 264932 0.11
o 264931 0.11
o 263332 0.11
o 260130 0.11
o 258530 0.11
o 250526 0.11
o 244123 0.11
o 242523 0.11
o 236120 0.11
o 229717 0.11
o 228116 0.11
o 226518 0.11
o 224916 0.11
o 221715 0.11
o 216912 0.11
o 213712 0.11
o 210511 0.11
o 204108 0.11
o 199306 0.11
o 196104 0.11
o 194506 0.11
o 191303 0.11
o 183299 0.11
o 180098 0.11
o 175296 0.11
o 173693 0.11
o 168892 0.11
o 165691 0.11
o 159287 0.11
o 154485 0.11
o 151284 0.11
o 149683 0.11
o 144881 0.11
o 140079 0.11
o 138478 0.11
o 136879 0.11
o 136877 0.11
o 130476 0.11
o 130475 0.11
o 125672 0.11
o 122471 0.11
o 112868 0.11
o 112867 0.11
o 112866 0.11
o 111266 0.11
o 108064 0.11
o 104863 0.11
o 100061 0.11
o 96859 0.11
o 93666 0.12
o 92066 0.12
o 88864 0.12
o 85663 0.12
o 85660 0.12
o 84059 0.12
o 82459 0.12
o 80858 0.12
o 79258 0.12
o 77661 0.12
o 68056 0.12
o 66453 0.12
o 64853 0.12
o 63255 0.12
o 63254 0.12
o 61653 0.12
o 61652 0.12
o 60052 0.12
o 60051 0.12
o 56849 0.12
o 55250 0.12
o 53649 0.12
o 53648 0.12
o 50447 0.12
o 48848 0.12
o 45647 0.12
o 42446 0.12
o 42445 0.12
o 39244 0.12
o 36043 0.12
o 32845 0.12
o 32842 0.12
o 31246 0.13
o 31238 0.13
o 29638 0.13
o 28037 0.13
o 26437 0.13
o 24837 0.13
o 24835 0.13
o 23235 0.13
o 20034 0.13
o 16837 0.13
o 16836 0.13
o 12038 0.14
o 12036 0.14
o 10435 0.14
o 10434 0.14
o 8836 0.15
o 8835 0.15
o 8834 0.15
o 7237 0.16
o 5646 0.24
o 4107 6.51
o 2507 6.51
o 907 6.51
o 906 6.51
o 905 6.51
o 904 6.51
o 903 6.51
o 902 6.51
o 901 6.51
o 900 6.51
o 899 6.51
o 898 6.51
o 897 6.51
o 896 6.51
o 895 6.51
o 894 6.51
o 893 6.51
o 892 6.51
o 891 6.51
o 890 6.51
o 889 6.51
o 888 6.51
o 887 6.51
o 886 6.51
o 885 6.51
o 884 6.51
o 883 6.51
o 880 6.51
o 879 6.51
o 878 6.51
o 877 6.51
o 876 6.51
o 875 6.51
o 874 6.66
o 873 6.66
o 872 6.66
o 871 6.66
o 870 7.16
o 869 7.49
o 868 8.47
o 867 8.47
o 866 8.47
o 865 8.47
o 864 55.74
o 863 55.74
o 862 79.02
o 861 161.62
o 860 221.34
drmx-cryptogen-geffe128_7
o 2496540 0
o 2488536 0
o 2453315 0
o 2429301 0
o 2389277 0
o 2362061 0
o 2333244 0
o 2307629 0
o 2288418 0
o 2266005 0
o 2235587 0
o 2206770 0
o 2177953 0
o 2150737 0
o 2129925 0
o 2099507 0
o 2075493 0
o 2053080 0
o 2030667 0
o 2005052 0
o 1985841 0
o 1958625 0
o 1939414 0
o 1913799 0
o 1891386 0
o 1872175 0
o 1851363 0
o 1830551 0
o 1812941 0
o 1793730 0
o 1776120 0
o 1756909 0
o 1740900 0
o 1729694 0
o 1705680 0
o 1691272 0
o 1675263 0
o 1657653 0
o 1641644 0
o 1625635 0
o 1611227 0
o 1601622 0
o 1582411 0
o 1574407 0
o 1558398 0
o 1545591 0
o 1532784 0
o 1519977 0
o 1508771 0
o 1494363 0
o 1479955 0
o 1462345 0
o 1452740 0
o 1439933 0
o 1430328 0
o 1422324 0
o 1411118 0
o 1398311 0
o 1390307 0
o 1382303 0
o 1374299 0
o 1364694 0
o 1356690 0
o 1347085 0
o 1337480 0
o 1318269 0
o 1303861 0
o 1295857 0
o 1286252 0
o 1276647 0
o 1267042 0
o 1259038 0
o 1249433 0
o 1239828 0
o 1228622 0
o 1220618 0
o 1212614 0
o 1204610 0
o 1193404 0
o 1182198 0
o 1172593 0
o 1164589 0
o 1158186 0
o 1151783 0
o 1145380 0
o 1137376 0
o 1129372 0
o 1124570 0
o 1116566 0
o 1108562 0
o 1102159 0
o 1097357 0
o 1089353 0
o 1082950 0
o 1076547 0
o 1068543 0
o 1062140 0
o 1055737 0
o 1049334 0
o 1041330 0
o 1034927 0
o 1026923 0
o 1017318 0
o 1009314 0
o 1004512 0
o 999710 0
o 993307 0
o 986904 0
o 982102 0
o 977300 0
o 970897 0
o 964494 0
o 958091 0
o 951688 0
o 945285 0
o 938882 0
o 932479 0
o 926076 0
o 921274 0
o 916472 0
o 910069 0
o 905267 0
o 898864 0
o 894062 0
o 887659 0
o 882857 0
o 876454 0
o 871652 0
o 865249 0
o 860447 0
o 855645 0
o 850843 0
o 844440 0
o 839638 0
o 833235 0
o 828433 0
o 822030 0
o 817228 0
o 812426 0
o 807624 0
o 801221 0
o 796419 0
o 791617 0
o 786815 0
o 782013 0
o 778812 0
o 774010 0
o 769208 0
o 764406 0
o 759604 0
o 754802 0
o 750000 0
o 745198 0
o 740396 0
o 735594 0
o 729191 0
o 724389 0
o 721188 0
o 716386 0
o 711584 0
o 706782 0
o 701980 0
o 698779 0
o 695578 0
o 690776 0
o 685974 0
o 682773 0
o 677971 0
o 673169 0
o 669968 0
o 665166 0
o 660364 0
o 655562 0
o 652361 0
o 647559 0
o 642757 0
o 639556 0
o 636355 0
o 634754 0
o 629952 0
o 626751 0
o 621949 0
o 618748 0
o 613946 0
o 609144 0
o 605943 0
o 601141 0
o 596339 0
o 591537 0
o 588336 0
o 583534 0
o 580333 0
o 577132 0
o 573931 0
o 570730 0
o 567529 0
o 564328 0
o 561127 0
o 557926 0
o 554725 0
o 551524 0
o 548323 0
o 545122 0
o 541921 0
o 538720 0
o 535519 0
o 532318 0
o 529117 0
o 525916 0
o 522715 0
o 519514 0
o 514712 0
o 511511 0
o 508310 0
o 505109 0
o 501908 0
o 498707 0
o 495506 0
o 492305 0
o 489104 0
o 485903 0
o 482702 0
o 477900 0
o 474699 0
o 471498 0
o 468297 0
o 465096 0
o 461895 0
o 458694 0
o 455493 0
o 452292 0
o 449091 0
o 445890 0
o 444290 0
o 441089 0
o 437888 0
o 434687 0
o 431486 0
o 428285 0
o 425084 0
o 421883 0
o 418682 0
o 415481 0
o 412280 0
o 409079 0
o 405878 0
o 402677 0
o 401077 0
o 397876 0
o 394675 0
o 391474 0
o 388273 0
o 385072 0
o 381871 0
o 380270 0
o 377069 0
o 375469 0
o 372268 0
o 369067 0
o 367467 0
o 364266 0
o 361065 0
o 359465 0
o 356264 0
o 353063 0
o 349862 0
o 346661 0
o 343460 0
o 341860 0
o 338659 0
o 335458 0
o 332257 0
o 330657 0
o 329057 0
o 327457 0
o 325856 0
o 322655 0
o 321054 0
o 319454 0
o 317896 0.01
o 316296 0.01
o 314696 0.01
o 313096 0.01
o 311496 0.01
o 309896 0.01
o 308296 0.01
o 306696 0.01
o 305096 0.01
o 303496 0.01
o 301896 0.01
o 300296 0.01
o 298696 0.01
o 298547 0.11
o 292144 0.11
o 285741 0.11
o 282539 0.11
o 277737 0.11
o 272935 0.11
o 266532 0.11
o 260129 0.11
o 253726 0.11
o 248924 0.11
o 247324 0.11
o 245723 0.11
o 240921 0.11
o 236119 0.11
o 236118 0.11
o 234518 0.11
o 226514 0.11
o 220111 0.11
o 216910 0.11
o 215310 0.11
o 213709 0.11
o 213708 0.11
o 210507 0.11
o 208907 0.11
o 207305 0.11
o 202502 0.11
o 199301 0.11
o 197700 0.11
o 196099 0.11
o 188096 0.11
o 183294 0.11
o 180097 0.11
o 176896 0.11
o 175295 0.11
o 172094 0.11
o 168893 0.11
o 164091 0.11
o 162488 0.11
o 160888 0.11
o 154485 0.11
o 152885 0.11
o 149684 0.11
o 148084 0.11
o 143282 0.11
o 140081 0.11
o 138480 0.11
o 133678 0.11
o 127275 0.11
o 125674 0.11
o 122473 0.11
o 120872 0.11
o 117670 0.11
o 114469 0.11
o 108066 0.11
o 106466 0.11
o 103265 0.11
o 100066 0.11
o 98466 0.11
o 96866 0.12
o 95265 0.12
o 92064 0.12
o 90463 0.12
o 88862 0.12
o 88860 0.12
o 87259 0.12
o 84057 0.12
o 79255 0.12
o 77655 0.12
o 76054 0.12
o 74454 0.12
o 71253 0.12
o 68051 0.12
o 60048 0.12
o 58448 0.12
o 58447 0.12
o 56847 0.12
o 52045 0.12
o 50447 0.12
o 48845 0.12
o 47245 0.12
o 44043 0.12
o 42443 0.12
o 42442 0.12
o 39240 0.12
o 37640 0.12
o 34439 0.12
o 31238 0.12
o 31237 0.12
o 29636 0.12
o 28036 0.12
o 24836 0.12
o 24835 0.12
o 21634 0.12
o 20034 0.12
o 16839 0.13
o 15238 0.13
o 13640 0.13
o 12040 0.13
o 10438 0.13
o 8838 0.13
o 7238 0.13
o 5638 0.13
o 5636 0.15
o 5634 0.17
o 4034 0.17
o 4033 0.17
o 2433 0.17
o 914 6.57
o 913 6.57
o 912 6.57
o 911 6.57
o 910 6.57
o 909 6.57
o 908 6.57
o 907 6.57
o 906 6.57
o 905 6.57
o 904 6.57
o 903 6.57
o 902 6.57
o 901 6.57
o 900 6.57
o 899 6.57
o 898 6.57
o 897 6.57
o 896 6.57
o 895 6.57
o 894 6.57
o 892 6.57
o 891 6.57
o 890 6.57
o 889 6.57
o 888 6.58
o 887 6.58
o 884 6.59
o 883 6.59
o 882 6.59
o 881 6.59
o 880 6.59
o 879 6.59
o 878 6.59
o 877 6.59
o 876 6.66
o 875 6.66
o 870 6.68
o 869 7.65
o 868 9.18
o 867 9.18
o 866 12.52
o 865 12.52
o 864 37.24
o 863 83.05
drmx-cryptogen-geffe128_7
o 2056278 0
o 2049875 0
o 2030664 0
o 2006650 0
o 1984237 0
o 1960223 0
o 1936209 0
o 1925003 0
o 1899388 0
o 1881778 0
o 1854562 0
o 1838553 0
o 1824145 0
o 1803333 0
o 1785723 0
o 1771315 0
o 1755306 0
o 1745701 0
o 1728091 0
o 1713683 0
o 1697674 0
o 1681665 0
o 1672060 0
o 1648046 0
o 1638441 0
o 1624033 0
o 1609625 0
o 1596818 0
o 1585612 0
o 1571204 0
o 1558397 0
o 1545590 0
o 1535985 0
o 1521577 0
o 1502366 0
o 1492761 0
o 1483156 0
o 1471950 0
o 1459143 0
o 1449538 0
o 1438332 0
o 1428727 0
o 1420723 0
o 1409517 0
o 1396710 0
o 1388706 0
o 1369495 0
o 1358289 0
o 1350285 0
o 1340680 0
o 1329474 0
o 1321470 0
o 1307062 0
o 1294255 0
o 1286251 0
o 1278247 0
o 1270243 0
o 1263840 0
o 1255836 0
o 1246231 0
o 1235025 0
o 1227021 0
o 1219017 0
o 1211013 0
o 1203009 0
o 1195005 0
o 1187001 0
o 1180598 0
o 1172594 0
o 1164590 0
o 1158187 0
o 1151784 0
o 1143780 0
o 1135776 0
o 1129373 0
o 1122970 0
o 1118168 0
o 1110164 0
o 1102160 0
o 1094156 0
o 1087753 0
o 1081350 0
o 1074947 0
o 1068544 0
o 1063742 0
o 1057339 0
o 1050936 0
o 1044533 0
o 1039731 0
o 1031727 0
o 1025324 0
o 1018921 0
o 1012518 0
o 1004514 0
o 998111 0
o 990107 0
o 982103 0
o 975700 0
o 967696 0
o 961293 0
o 956491 0
o 951689 0
o 945286 0
o 938883 0
o 932480 0
o 927678 0
o 919674 0
o 914872 0
o 908469 0
o 898864 0
o 894062 0
o 887659 0
o 882857 0
o 878055 0
o 873253 0
o 866850 0
o 862048 0
o 857246 0
o 850843 0
o 844440 0
o 838037 0
o 833235 0
o 828433 0
o 823631 0
o 818829 0
o 814027 0
o 809225 0
o 802822 0
o 799621 0
o 794819 0
o 788416 0
o 783614 0
o 778812 0
o 774010 0
o 769208 0
o 764406 0
o 759604 0
o 756403 0
o 753202 0
o 748400 0
o 743598 0
o 738796 0
o 733994 0
o 727591 0
o 722789 0
o 717987 0
o 711584 0
o 708383 0
o 703581 0
o 698779 0
o 693977 0
o 687574 0
o 682772 0
o 677970 0
o 673168 0
o 668366 0
o 665165 0
o 660363 0
o 653960 0
o 649158 0
o 644356 0
o 641155 0
o 637954 0
o 634753 0
o 631552 0
o 626750 0
o 623549 0
o 618747 0
o 613945 0
o 610744 0
o 607543 0
o 604342 0
o 601141 0
o 597940 0
o 594739 0
o 589937 0
o 586736 0
o 583535 0
o 580334 0
o 577133 0
o 573932 0
o 570731 0
o 567530 0
o 564329 0
o 561128 0
o 557927 0
o 553125 0
o 549924 0
o 546723 0
o 543522 0
o 540321 0
o 537120 0
o 533919 0
o 530718 0
o 527517 0
o 524316 0
o 521115 0
o 517914 0
o 514713 0
o 511512 0
o 508311 0
o 503509 0
o 500308 0
o 497107 0
o 493906 0
o 490705 0
o 487504 0
o 484303 0
o 481102 0
o 477901 0
o 474700 0
o 471499 0
o 468298 0
o 465097 0
o 461896 0
o 458695 0
o 455494 0
o 452293 0
o 449092 0
o 445891 0
o 442690 0
o 439489 0
o 436288 0
o 433087 0
o 429886 0
o 426685 0
o 423484 0
o 420283 0
o 417082 0
o 413881 0
o 410680 0
o 407479 0
o 404278 0
o 401077 0
o 397876 0
o 394675 0
o 391474 0
o 388273 0
o 385072 0
o 381871 0
o 378670 0
o 375469 0
o 373868 0
o 370667 0
o 367466 0
o 364265 0
o 361064 0
o 357863 0
o 356263 0
o 354663 0
o 351462 0
o 349863 0
o 346662 0
o 345072 0
o 343472 0
o 341872 0
o 340272 0
o 338672 0
o 337072 0
o 335472 0
o 333872 0
o 332272 0
o 330672 0
o 329072 0
o 327472 0
o 325872 0
o 324272 0
o 322672 0
o 321072 0
o 319472 0
o 317872 0
o 316272 0
o 314672 0
o 313072 0
o 311472 0
o 309872 0
o 308272 0
o 306672 0
o 305072 0
o 303472 0
o 301872 0
o 300272 0
o 298672 0
o 297072 0
o 295472 0
o 293872 0
o 292272 0
o 290672 0
o 289072 0
o 287472 0
o 285872 0
o 285871 0
o 284271 0
o 282671 0
o 281071 0
o 280934 0.1
o 279334 0.1
o 277733 0.1
o 272931 0.1
o 268129 0.1
o 266525 0.1
o 263324 0.1
o 261723 0.1
o 258522 0.1
o 255321 0.1
o 252120 0.1
o 250519 0.1
o 247318 0.1
o 242516 0.1
o 234514 0.1
o 234513 0.1
o 226509 0.1
o 223308 0.1
o 221711 0.1
o 218510 0.1
o 216908 0.1
o 208904 0.1
o 205703 0.1
o 204101 0.1
o 200900 0.1
o 197699 0.1
o 194498 0.1
o 192897 0.1
o 192894 0.1
o 188091 0.1
o 184890 0.1
o 181689 0.1
o 180088 0.1
o 178490 0.1
o 176891 0.1
o 172089 0.1
o 168887 0.1
o 165685 0.1
o 162483 0.1
o 159282 0.1
o 156081 0.1
o 151279 0.1
o 146477 0.1
o 143276 0.1
o 136875 0.1
o 133674 0.1
o 125670 0.1
o 124070 0.1
o 124069 0.1
o 122469 0.1
o 119268 0.1
o 117669 0.1
o 116070 0.1
o 112868 0.1
o 111271 0.1
o 108070 0.1
o 104868 0.1
o 103268 0.1
o 100067 0.1
o 100065 0.1
o 95263 0.1
o 90461 0.1
o 88861 0.1
o 85659 0.1
o 80860 0.1
o 79258 0.1
o 77658 0.1
o 76057 0.1
o 72856 0.1
o 72854 0.1
o 71254 0.1
o 71253 0.1
o 69653 0.1
o 68053 0.1
o 64851 0.1
o 63251 0.1
o 61654 0.1
o 56850 0.1
o 55248 0.1
o 50446 0.1
o 48846 0.1
o 47246 0.11
o 45646 0.11
o 42445 0.11
o 42444 0.11
o 42443 0.11
o 40843 0.11
o 36041 0.11
o 34439 0.11
o 32841 0.11
o 31240 0.11
o 29640 0.11
o 28039 0.11
o 28038 0.11
o 23236 0.11
o 21636 0.11
o 18435 0.11
o 16835 0.11
o 15235 0.11
o 13634 0.11
o 12034 0.11
o 10434 0.11
o 8834 0.12
o 7234 0.12
o 7233 0.12
o 7230 0.12
o 5630 0.12
o 4029 0.14
o 2431 0.14
o 2430 0.14
o 902 6.01
o 901 6.01
o 900 6.01
o 899 6.01
o 898 6.01
o 897 6.01
o 896 6.01
o 895 6.01
o 894 6.01
o 893 6.01
o 892 6.01
o 891 6.01
o 890 6.01
o 889 6.01
o 888 6.01
o 887 6.01
o 886 6.01
o 885 6.01
o 884 6.01
o 883 6.01
o 882 6.01
o 881 6.01
o 880 6.01
o 879 6.03
o 878 6.03
o 877 6.03
o 876 6.03
o 875 6.09
o 874 6.09
o 873 6.09
o 872 6.09
o 871 6.09
o 870 6.09
o 869 6.09
o 868 6.16
o 867 6.16
o 866 6.16
o 865 6.16
o 864 79.79
o 863 103.47
o 862 174.1
o 861 174.1
