generalized-ising-IS4_5.0.5.0.0.5_softer_periodic
o 119226199686282 0.02
o 119223116754722 0.03
o 119160845816357 0.03
o 119059075819908 0.03
o 119047986680616 0.03
o 119045871114432 0.03
o 118921578153596 0.03
o 118847859586954 0.03
o 118704159235403 0.03
o 118688727940543 0.03
o 118599876916179 0.03
o 118518144956525 0.03
o 118404652038277 0.03
o 118395278465091 0.03
o 118393988507803 0.03
o 118263745004182 0.03
o 118186586586193 0.03
o 118185136473401 0.04
o 118144408161113 0.04
o 118113375747995 0.04
o 118051736947045 0.04
o 117895309655212 0.04
o 117737250326640 0.04
o 117655754829979 0.04
o 117602547912657 0.04
o 117525488452421 0.04
o 117510022239099 0.04
o 117481310394827 0.04
o 117459464289992 0.04
o 117455959718907 0.04
o 117332674478956 0.04
o 117226626699463 0.04
o 117186366610642 0.04
o 117144922232826 0.04
o 117080303240396 0.04
o 116994866535723 0.04
o 116943578757262 0.04
o 116905568726761 0.04
o 116819086492511 0.04
o 116739099253797 0.04
o 116717414333951 195.35
o 116691512558210 195.35
o 116691361265460 195.35
o 116634349485246 195.35
o 116602411943580 195.35
o 116569660444390 195.35
o 116559722954323 195.35
o 116517591860037 195.35
o 116475062270168 195.35
o 116434890756437 195.35
o 116406730461940 195.35
o 116405776546476 195.35
o 116375397374102 195.35
o 116368988483166 195.35
o 116364344043207 195.35
o 116332259658493 195.35
o 116295325443582 195.35
o 116276222981240 195.35
o 116241836196047 195.35
o 116201700931495 195.36
o 116165197392185 195.36
o 116133897322039 195.36
o 116108515710952 195.36
o 116097964332307 195.36
o 116068033136199 195.36
generalized-ising-IS4_5.0.5.0.0.5_softer_periodic
o 118411779629941 0.02
o 118370613745495 0.02
o 118345155506853 0.02
o 118311062876714 0.02
o 118259123191709 0.03
o 118131731344234 0.03
o 118074187528092 0.03
o 118044237871996 0.03
o 118021249803374 0.03
o 117929190427025 0.03
o 117895445879786 0.03
o 117854157262787 0.03
o 117754995937509 0.03
o 117711761775368 0.03
o 117677900587279 0.03
o 117616969045988 0.03
o 117562454401366 0.03
o 117535647730487 0.03
o 117525514047644 0.03
o 117470744923168 0.03
o 117439181813005 0.03
o 117398808877746 0.03
o 117349796621069 0.03
o 117300779310739 0.03
o 117298302169227 0.03
o 117253606002990 0.03
o 117143934454475 0.03
o 117069875274670 0.03
o 116948163312339 0.03
o 116875783955972 0.03
o 116847177660488 0.03
o 116671941685676 0.03
o 116590502272855 0.03
o 116547693384510 0.03
o 116473991306917 0.03
o 116473513469236 0.03
o 116466377446986 0.03
o 116442205662055 0.03
o 116425692615696 197.1
o 116397184577803 197.1
o 116380243231207 197.1
o 116351178221951 197.1
o 116258636857239 197.1
o 116242367277505 197.1
o 116233026948817 197.1
o 116212039490900 197.1
o 116147993618812 197.1
o 116141530504422 197.1
generalized-ising-IS4_5.0.5.0.0.5_softer_periodic
o 119634526003939 0.02
o 119625317757837 0.02
o 119535553754878 0.02
o 119455009483836 0.02
o 119357153080216 0.02
o 119255638204027 0.02
o 119059720474026 0.02
o 118998550485581 0.02
o 118804044116545 0.02
o 118644032003751 0.02
o 118629636426119 0.02
o 118616899527179 0.02
o 118571920969828 0.02
o 118544536639004 0.02
o 118443100922512 0.02
o 118364552589952 0.02
o 118246031173073 0.02
o 118192347346296 0.02
o 118160158485319 0.02
o 118135515093928 0.02
o 118049794871649 0.02
o 117984358862635 0.02
o 117913587004134 0.02
o 117907666290983 0.02
o 117866286164310 0.03
o 117830970326200 0.03
o 117761483531402 0.03
o 117656986160210 0.03
o 117609115362826 0.03
o 117579351258710 0.03
o 117536159796044 0.03
o 117532550090801 0.03
o 117526914698124 0.03
o 117425603853409 0.03
o 117387729361559 0.03
o 117284517749003 0.03
o 117201252973910 0.03
o 117128560113080 0.03
o 117126495653175 0.03
o 117081553267613 0.03
o 117012758357049 0.03
o 116979968528144 0.03
o 116945613108821 0.03
o 116899573361171 0.03
o 116886567337415 0.03
o 116876685524390 195.14
o 116824732061147 195.14
o 116771746426714 195.14
o 116718659894405 195.14
o 116652395654055 195.14
o 116626072424692 195.14
o 116592159439779 195.14
o 116527857780043 195.14
o 116484436282061 195.14
o 116443962950265 195.14
o 116376152636524 195.14
o 116337916077938 195.14
o 116271436006399 195.14
o 116265230766650 195.14
o 116241360822518 195.14
o 116203222021689 195.14
o 116195905531179 195.14
o 116181097215379 195.14
o 116172521199965 195.14
o 116151432313399 195.14
o 116143197843346 195.14
o 116077234974769 195.14
o 116077174069965 195.14
o 116070851072291 195.14
generalized-ising-IS4_5.0.5.0.0.5_softer_periodic
o 118931223924613 0.08
o 118834368575759 0.1
o 118759056806333 0.1
o 118657501073421 0.1
o 118637793612436 0.1
o 118494426340531 0.1
o 118332037230058 0.1
o 118258851118749 0.1
o 118217384426444 0.1
o 118207436236144 0.1
o 118182446659722 0.1
o 118171333737960 0.16
o 118115284167935 0.16
o 118024176955113 0.16
o 117918246248330 0.16
o 117858969155649 0.16
o 117795831916030 0.17
o 117695736764268 0.17
o 117586960736117 0.17
o 117558470692998 0.17
o 117543407256556 0.17
o 117460183047156 0.17
o 117336895945681 0.17
o 117230032325796 0.17
o 117196729573755 0.17
o 117072212893939 0.17
o 117037738536756 0.17
o 116959624134135 0.17
o 116859363603541 0.17
o 116802703926936 0.17
o 116777473292589 0.19
o 116765986771085 0.19
o 116734386715560 0.19
o 116637399920055 0.19
o 116557284200187 0.19
o 116495376504619 0.19
o 116473540534721 0.19
o 116448559418365 231.83
o 116448417539054 231.83
o 116405633375356 231.83
o 116396422153988 231.83
o 116387980705312 231.83
o 116359864738029 231.83
o 116347025430292 231.83
o 116275379912202 231.83
generalized-ising-IS4_5.0.5.0.0.5_softer_periodic
o 118401857500695 0.02
o 118367741080206 0.03
o 118335513486225 0.03
o 118278454138721 0.03
o 118268034047331 0.03
o 118210497257896 0.04
o 118149917445024 0.04
o 118077708777519 0.04
o 118045832889466 0.04
o 117957692975429 0.04
o 117916166039857 0.04
o 117824756479195 0.04
o 117787435998142 0.04
o 117746477831423 0.04
o 117703037788975 0.04
o 117689795216594 0.04
o 117667053945802 0.04
o 117586778150911 0.04
o 117471934119051 0.04
o 117360182771484 0.04
o 117266200263432 0.04
o 117131987916677 0.04
o 117069185150771 0.04
o 117042289751670 0.04
o 117003056056965 0.04
o 116986524129405 0.04
o 116923477107273 0.04
o 116855403366266 0.04
o 116778353093100 0.04
o 116774102573703 0.04
o 116728863166146 0.04
o 116659689693710 195.64
o 116601106183063 195.64
o 116591232450400 195.64
o 116529219303872 195.64
o 116445081478586 195.64
o 116404468002261 195.64
o 116382697402085 195.64
o 116370525229553 195.64
o 116353463845947 195.64
o 116349209902175 195.64
o 116330702791939 195.64
o 116301169113533 195.64
o 116275081862038 195.64
o 116260145821656 195.64
o 116257566301600 195.65
o 116236790351057 195.65
o 116109635583615 195.65
o 116103497263327 195.65
generalized-ising-IS4_5.0.5.0.0.5_softer_periodic
o 118840065679712 0.02
o 118836351686416 0.02
o 118794487107295 0.02
o 118755690049749 0.02
o 118743754842874 0.02
o 118685522440221 0.02
o 118614859750523 0.02
o 118595409679883 0.02
o 118563060866607 0.02
o 118560643647779 0.02
o 118490674472992 0.02
o 118477359645248 0.02
o 118373609934175 0.03
o 118358436142480 0.03
o 118243953939918 0.03
o 118200371270351 0.03
o 118116100788381 0.03
o 118089140205943 0.03
o 118075629440305 0.03
o 117918256547514 0.03
o 117871493237528 0.03
o 117819611411485 0.03
o 117784822597447 0.03
o 117736800860928 0.03
o 117707846949084 0.03
o 117635672458005 0.03
o 117588473461726 0.03
o 117459913647070 0.03
o 117436713640218 0.03
o 117364721004835 0.03
o 117277718573107 0.03
o 117228561026715 0.03
o 117161764378870 0.03
o 117117370753212 0.03
o 116998115747876 0.03
o 116926306584578 0.03
o 116850968923987 0.03
o 116801227944281 0.04
o 116774849869816 0.04
o 116752642498031 0.04
o 116738433851940 0.04
o 116723731523743 0.04
o 116702829021715 196.79
o 116653611184029 196.79
o 116646962463546 196.79
o 116594603468749 196.79
o 116558743696791 196.79
o 116546211361544 196.79
o 116521793597425 196.79
o 116506671406003 196.79
o 116489992057455 196.79
o 116467096861047 196.79
o 116453505339070 196.79
o 116428512244178 196.79
o 116411524766160 196.79
o 116389720100808 196.79
o 116362409681455 196.79
o 116348270858238 196.79
o 116328617661830 196.79
o 116326184768830 196.79
o 116315941636200 196.79
o 116284831033900 196.79
generalized-ising-IS4_5.0.5.0.0.5_softer_periodic
o 118304765081048 0.05
o 118235646743422 0.05
o 118157156800751 0.05
o 118082750404061 0.05
o 118065242632015 0.06
o 118042916292542 0.06
o 118017771987917 0.06
o 117936795549527 0.06
o 117894662968062 0.06
o 117771462397261 0.06
o 117669785199398 0.06
o 117540404042793 0.06
o 117493464139126 0.06
o 117424777164867 0.06
o 117342868610339 0.06
o 117292237530469 0.06
o 117244216652453 0.06
o 117102235240987 0.06
o 117071236564614 0.06
o 116932636736402 0.06
o 116932135007629 0.06
o 116853691967457 0.06
o 116779788658801 0.06
o 116719913948964 0.06
o 116719706604588 0.06
o 116651409867896 0.06
o 116611325348165 0.06
o 116610172936485 0.06
o 116553146115251 0.06
o 116550207129103 0.06
o 116520878910240 187.89
o 116455223022233 187.89
o 116402581119388 187.89
o 116402279587310 187.89
o 116396814685928 187.89
o 116387439743547 187.89
o 116369286252113 187.89
o 116354442778144 187.89
o 116335280380416 187.89
o 116330999423605 187.89
o 116290175391566 187.89
o 116275480548935 187.9
o 116269879047235 187.9
o 116261826797838 187.9
o 116237928581186 296.64
o 116144468258069 296.64
generalized-ising-IS4_5.0.5.0.0.5_softer_periodic
o 119026937750490 0.03
o 119000553440455 0.03
o 118952173420914 0.03
o 118855671314795 0.03
o 118775903762810 0.03
o 118654282934833 0.03
o 118570174640861 0.03
o 118555686772776 0.03
o 118520988245743 0.03
o 118483950120743 0.03
o 118465945615265 0.03
o 118422260955275 0.03
o 118356805257395 0.03
o 118279632535614 0.03
o 118265993928186 0.03
o 118237120330621 0.03
o 118177961344983 0.03
o 118102597071167 0.03
o 118069396205851 0.03
o 118018548458720 0.03
o 117983563386176 0.03
o 117934727597005 0.03
o 117902730596941 0.03
o 117883025745535 0.03
o 117791986225545 0.03
o 117773987653029 0.03
o 117770505088052 0.03
o 117769346109671 0.03
o 117726738182555 0.03
o 117620043137784 0.04
o 117597414209979 0.04
o 117597238421332 0.04
o 117493295547452 0.04
o 117455416268235 0.04
o 117361873956562 0.04
o 117274263106142 0.04
o 117149072092385 0.04
o 117096780085673 0.04
o 117031472774662 0.04
o 116888593133586 0.04
o 116838624946436 0.04
o 116788979769411 0.04
o 116738712487874 0.04
o 116695670654015 195.11
o 116620190444792 195.11
o 116586871983902 195.11
o 116552139200911 195.11
o 116548360838271 195.11
o 116507930049332 195.11
o 116505728442551 195.11
o 116482614537446 195.11
o 116473847521031 195.12
o 116457184260255 195.12
o 116421447672070 195.12
o 116417109309974 195.12
o 116400763884503 195.12
o 116382265734088 195.12
o 116373143615252 195.12
o 116368590591147 195.12
o 116339344697384 195.12
o 116337220884647 195.12
o 116306785400515 195.12
o 116292255074016 195.12
o 116286033456683 195.12
o 116283622140148 195.12
o 116275296386642 195.12
o 116237959041757 195.12
o 116194803527942 195.12
o 116184228437726 195.12
o 116156954400139 195.12
o 116148173838965 195.12
o 116113744199630 195.12
o 116085534148304 195.12
o 116064612082152 195.12
generalized-ising-IS4_5.0.5.0.0.5_softer_periodic
o 118149802822120 0.02
o 118147022377864 0.02
o 118059979164004 0.02
o 118016298163559 0.03
o 118009359217003 0.03
o 117950366122676 0.03
o 117859151490381 0.03
o 117727577038901 0.03
o 117665744210532 0.03
o 117618989493159 0.03
o 117562346269697 0.03
o 117516921176965 0.03
o 117422665609494 0.03
o 117289310385671 0.03
o 117240264073610 0.03
o 117103738415293 0.03
o 117005893449541 0.03
o 116988718356419 0.03
o 116977727727747 0.03
o 116819192011347 0.03
o 116765788803115 0.03
o 116705114514620 0.03
o 116624461388514 0.03
o 116613604847850 0.03
o 116583712224028 0.03
o 116563177678885 0.03
o 116518245431371 0.03
o 116501986295618 213.13
o 116455753553604 213.13
o 116411894358631 213.13
o 116402634318398 213.13
o 116372012815050 213.13
o 116339280988694 213.13
o 116328521524341 213.13
o 116325534955633 213.13
o 116322190926277 213.13
o 116294745767716 213.13
o 116253521496129 213.13
o 116231431850797 213.13
o 116213957546132 213.13
o 116173179664914 213.13
o 116150049690498 213.13
generalized-ising-IS4_5.0.5.0.0.5_softer_periodic
o 119061230611237 0.03
o 118999730788776 0.03
o 118973237236990 0.03
o 118855191492288 0.03
o 118845801120742 0.03
o 118835001730319 0.03
o 118829237440101 0.04
o 118687116454921 0.04
o 118625741946182 0.04
o 118558857927282 0.04
o 118464018751813 0.04
o 118351258647259 0.04
o 118342567960870 0.04
o 118220774567323 0.04
o 118166504364803 0.04
o 118047138026178 0.04
o 118036020896373 0.04
o 117979121427235 0.04
o 117953621036368 0.04
o 117898439757270 0.04
o 117881802859649 0.04
o 117859975493439 0.04
o 117854875662487 0.04
o 117778127654388 0.04
o 117675270687082 0.04
o 117654924988148 0.04
o 117508486044159 0.04
o 117446527368612 0.04
o 117352374302375 0.04
o 117338868682916 0.04
o 117202271792663 0.04
o 117178373000185 0.04
o 117032922099451 0.04
o 117008111607546 0.04
o 116959913887785 0.04
o 116832455073933 0.04
o 116748759895483 0.04
o 116636062287661 0.04
o 116587951099059 216
o 116572362570823 216.01
o 116555501043318 216.01
o 116549403070728 216.01
o 116518105453340 216.01
o 116512692553239 216.01
o 116476574974596 216.01
o 116450741880483 216.01
o 116417196156478 216.01
o 116406872565691 216.01
o 116363565925393 216.01
o 116351034534888 216.01
o 116349635004855 216.01
o 116310474063502 216.01
o 116301617213195 216.01
o 116297329435398 216.01
o 116287846812490 216.01
o 116287593290972 216.01
o 116286325741507 216.01
o 116274663180438 216.01
o 116249526666722 216.01
o 116205477788163 216.01
o 116183251082311 216.01
o 116168405009706 216.01
o 116131052165226 216.01
