generalized-ising-IS23_5.0.5.0.0.5_softer_periodic
o 124826199686282 0.03
o 124760845816357 0.03
o 124579075819908 0.03
o 124487986680616 0.03
o 124405871114432 0.03
o 124201578153596 0.03
o 124047859586954 0.03
o 123824159235403 0.03
o 123728727940543 0.03
o 123559876916179 0.03
o 123398144956525 0.03
o 123204652038277 0.03
o 123129976366381 0.03
o 123035278465091 0.03
o 122953988507803 0.03
o 122743745004182 0.03
o 122586586586193 0.03
o 122455309655212 0.04
o 122217250326640 0.04
o 122172299827868 0.04
o 121975754829979 0.04
o 121883982562799 0.04
o 121758850234818 0.04
o 121602547912657 0.04
o 121445488452421 0.04
o 121370736333018 0.04
o 121298216476454 0.04
o 121255306757127 0.04
o 121158227778412 0.04
o 121030022239099 0.04
o 121020927260380 0.04
o 120941342913621 0.04
o 120842237232424 0.04
o 120779105730563 0.04
o 120681441843091 0.04
o 120581616533396 0.04
o 120464026371550 0.04
o 120397439199026 0.04
o 120247471905688 0.04
o 120121310394827 0.04
o 120111103977436 0.04
o 119981583663971 0.04
o 119859464289992 0.04
o 119855492607388 0.04
o 119851367434512 0.04
o 119782565708166 0.04
o 119764629780729 0.04
o 119728595030003 0.04
o 119701101698633 0.04
o 119679358703181 0.04
o 119637953443988 0.04
o 119579718774717 0.04
o 119518848811443 0.04
o 119518674482262 0.04
o 119513432083880 0.04
o 119438921253778 0.04
o 119417139426938 0.04
o 119395216776851 0.04
o 119391885852624 0.04
o 119375959718907 0.04
o 119332674478956 0.04
o 119306626699463 0.04
o 119296143953566 299.93
o 119267739825198 299.93
o 119254779380543 299.93
o 119221272972727 299.93
generalized-ising-IS23_5.0.5.0.0.5_softer_periodic
o 122811779629941 0.02
o 122729190427025 0.03
o 122615445879786 0.03
o 122560331187500 0.03
o 122414157262787 0.03
o 122234995937509 0.03
o 122111761775368 0.03
o 121997900587279 0.03
o 121856969045988 0.03
o 121722454401366 0.03
o 121615647730487 0.03
o 121576375776517 0.03
o 121550801523496 0.03
o 121490201394038 0.03
o 121357229836286 0.03
o 121165914741206 0.03
o 121045514047644 0.03
o 120910744923168 0.03
o 120799181813005 0.03
o 120678808877746 0.03
o 120549796621069 0.03
o 120420779310739 0.03
o 120397669008608 0.03
o 120257669429862 0.03
o 120106001098785 0.03
o 120018302169227 0.03
o 119973139263492 0.03
o 119899714525018 0.03
o 119871959296677 0.03
o 119813680602716 0.03
o 119785655842171 0.03
o 119756912292630 0.03
o 119614657763719 0.03
o 119614611882731 0.03
o 119544763047751 0.03
o 119543690098246 0.03
o 119538672745304 0.03
o 119463008748972 0.03
o 119430919377761 0.03
o 119419109697051 0.03
o 119395216776851 0.03
o 119386464671797 0.03
o 119356597830868 0.03
o 119342914091918 0.03
o 119332621892173 0.03
o 119276114323863 0.03
o 119202998896123 0.03
o 119197343455114 0.03
o 119177325366774 0.03
o 119173846325488 0.03
o 119142498111564 0.03
o 119063161985758 0.03
o 119007237938057 0.03
o 118964460479737 0.03
o 118894626548302 0.03
o 118868163312339 0.03
o 118831941685676 0.03
generalized-ising-IS23_5.0.5.0.0.5_softer_periodic
o 125474526003939 0.03
o 125455553754878 0.03
o 125295009483836 0.03
o 125117153080216 0.03
o 124935638204027 0.03
o 124659720474026 0.03
o 124518550485581 0.03
o 124244044116545 0.03
o 124004032003751 0.03
o 123909636426119 0.03
o 123816899527179 0.03
o 123691920969828 0.03
o 123584536639004 0.03
o 123403100922512 0.03
o 123244552589952 0.03
o 123046031173073 0.03
o 122998657603032 0.03
o 122939600876739 0.03
o 122752347346296 0.03
o 122674976201581 0.03
o 122560158485319 0.03
o 122503036448670 0.03
o 122469477067449 0.03
o 122295515093928 0.03
o 122289794871649 0.03
o 122240904204508 0.04
o 122105215987726 0.04
o 122062063864768 0.04
o 122022314557025 0.04
o 121876978161438 0.04
o 121706286164310 0.04
o 121590970326200 0.04
o 121441483531402 0.04
o 121385222388385 0.04
o 121176986160210 0.04
o 121104218933525 0.04
o 120969115362826 0.04
o 120911574347530 0.04
o 120779351258710 0.04
o 120656159796044 0.04
o 120642662748789 0.04
o 120620484848038 0.04
o 120472588059598 0.04
o 120402990934654 0.04
o 120248628085942 0.04
o 120195813496412 0.04
o 120068938561199 0.04
o 119953957380754 0.04
o 119852550090801 0.04
o 119817220475292 0.04
o 119686914698124 0.04
o 119505603853409 0.04
o 119455134250080 0.04
o 119432004930487 0.04
o 119431829412141 0.04
o 119420474159548 0.04
o 119413059855314 0.04
o 119385616152232 0.04
o 119352384262310 0.04
o 119305420711860 200.31
o 119256596159855 200.31
o 119242510286713 200.31
o 119204584494260 200.31
generalized-ising-IS23_5.0.5.0.0.5_softer_periodic
o 124291223924613 0.03
o 124274368575759 0.03
o 124119056806333 0.03
o 123937501073421 0.03
o 123931747533570 0.03
o 123756791736260 0.03
o 123597793612436 0.03
o 123374426340531 0.03
o 123132037230058 0.03
o 122978851118749 0.03
o 122857384426444 0.03
o 122718246248330 0.04
o 122578969155649 0.04
o 122435831916030 0.04
o 122255736764268 0.04
o 122066960736117 0.04
o 121958470692998 0.04
o 121863407256556 0.04
o 121819664445599 0.04
o 121620183047156 0.04
o 121416895945681 0.04
o 121230032325796 0.04
o 121116729573755 0.04
o 120912212893939 0.04
o 120797738536756 0.04
o 120639624134135 0.04
o 120562193805555 0.04
o 120379363603541 0.04
o 120242703926936 0.04
o 120122872723741 0.04
o 120026339435835 0.04
o 119942785533966 0.04
o 119917152593591 0.04
o 119828707656010 0.04
o 119801106549032 0.04
o 119800043589536 0.04
o 119699750084104 0.04
o 119660951554048 0.04
o 119611259434746 0.04
o 119605676805672 0.04
o 119605202185704 0.04
o 119590400194471 0.04
o 119556009030932 0.04
o 119542508912153 0.04
o 119526581451146 0.04
o 119507532718509 0.04
o 119486349533569 0.04
o 119447615734931 0.04
o 119423610748956 0.04
o 119410993578269 0.04
o 119402688420563 0.04
o 119369810504965 0.04
o 119336496127410 0.04
o 119332888806280 0.04
o 119285885716675 0.04
o 119226823829124 0.04
o 119157956106206 0.04
o 119155422718351 0.04
o 119133357075039 0.04
o 119050787753385 0.04
o 119024364636273 0.04
o 118957024038751 0.04
o 118855084979502 0.04
generalized-ising-IS23_5.0.5.0.0.5_softer_periodic
o 122961857500695 0.02
o 122828034047331 0.03
o 122690497257896 0.03
o 122549917445024 0.03
o 122397708777519 0.03
o 122285832889466 0.03
o 122117692975429 0.03
o 122045302563273 0.03
o 121993718268363 0.03
o 121906034914130 0.03
o 121798872675806 0.03
o 121676166039857 0.03
o 121504756479195 0.03
o 121481746113985 0.03
o 121374256352655 0.03
o 121227435998142 0.03
o 121175845005348 0.03
o 121026477831423 0.03
o 120947558277260 0.03
o 120823037788975 0.03
o 120729795216594 0.03
o 120722393595728 0.03
o 120650078398067 0.03
o 120640904277995 0.03
o 120589041295224 0.03
o 120520520754203 0.03
o 120397897733083 0.03
o 120344864192130 0.03
o 120260773139088 0.03
o 120205680537662 0.03
o 120181226678597 0.03
o 120151498747582 0.03
o 120006457726940 0.03
o 119906393683166 0.03
o 119831900331249 0.03
o 119814014371571 0.03
o 119760647055395 0.03
o 119733569215874 0.03
o 119710324686422 0.03
o 119699828074947 0.03
o 119631606889850 0.03
o 119614304821975 0.03
o 119577110145310 0.03
o 119538340741315 0.03
o 119519106918471 0.03
o 119472351859243 0.03
o 119435967021657 0.03
o 119425785395880 0.03
o 119410993578269 0.03
o 119359507729665 0.04
o 119335079455404 0.04
o 119296818389155 0.04
o 119286413072901 0.04
o 119220719673711 0.04
o 119166927906926 0.04
o 119118959082730 0.04
o 119098822036462 195.3
generalized-ising-IS23_5.0.5.0.0.5_softer_periodic
o 124120065679712 0.03
o 124074487107295 0.03
o 123997746057923 0.03
o 123875690049749 0.03
o 123783754842874 0.03
o 123645522440221 0.03
o 123494859750523 0.03
o 123395409679883 0.03
o 123283060866607 0.03
o 123203953939918 0.04
o 123080371270351 0.04
o 122916100788381 0.04
o 122809140205943 0.04
o 122715629440305 0.04
o 122478256547514 0.04
o 122406409201687 0.04
o 122271493237528 0.04
o 122139611411485 0.04
o 122024822597447 0.04
o 121979441467858 0.04
o 121816800860928 0.04
o 121707846949084 0.04
o 121629757435405 0.04
o 121576484555414 0.04
o 121505516563676 0.04
o 121392632561326 0.04
o 121331934550226 0.04
o 121155672458005 0.04
o 121028473461726 0.04
o 120819913647070 0.04
o 120716713640218 0.04
o 120676175640025 0.04
o 120584994063750 0.04
o 120504490139761 0.04
o 120441186217642 0.04
o 120366837060092 0.04
o 120356054940189 0.04
o 120226497400744 0.04
o 120086852326862 0.04
o 120008543741044 0.04
o 119987663440145 0.04
o 119958065802797 0.04
o 119900581934511 0.04
o 119846167130645 0.04
o 119815860953814 0.04
o 119696867844210 0.04
o 119641828239811 0.04
o 119612345390959 0.04
o 119559412114405 0.04
o 119544499208742 0.04
o 119468334923145 0.04
o 119451815943292 0.04
o 119449820606108 0.04
o 119435557156375 0.04
o 119410993578269 0.04
o 119401387482250 0.04
o 119382451050104 0.04
o 119340930149372 188.67
o 119322834989711 188.67
o 119307316599064 295.28
o 119286305652638 295.28
o 119242368028849 295.28
o 119228561438411 295.28
o 119208032878781 295.28
o 119193475532019 295.28
generalized-ising-IS23_5.0.5.0.0.5_softer_periodic
o 122464765081048 0.03
o 122442916292542 0.04
o 122337771987917 0.04
o 122176795549527 0.04
o 122100690080765 0.04
o 121974662968062 0.04
o 121771462397261 0.04
o 121589785199398 0.04
o 121513529936229 0.04
o 121300404042793 0.04
o 121173464139126 0.04
o 121024777164867 0.04
o 120862868610339 0.04
o 120784859078649 0.04
o 120776671251099 0.04
o 120666704493815 0.04
o 120665511600483 0.04
o 120498592407482 0.04
o 120359974284965 0.04
o 120233646499664 0.04
o 120134396543638 0.04
o 120057951786681 0.04
o 119977483619355 0.04
o 119922636964572 0.04
o 119863469829709 0.04
o 119838133914490 0.04
o 119783702299774 0.04
o 119629049605660 0.04
o 119611025357584 0.04
o 119523574015366 0.04
o 119522220371991 0.04
o 119452907757149 0.04
o 119439073683578 0.04
o 119402813840188 0.04
o 119384648759033 0.04
o 119371450981147 0.04
o 119342465469273 0.04
o 119309496481536 0.04
o 119262296206174 0.04
o 119254905393013 0.04
o 119223302460954 0.04
o 119212237530469 0.04
o 119147795340220 234.35
o 119080009055175 234.35
generalized-ising-IS23_5.0.5.0.0.5_softer_periodic
o 124306937750490 0.02
o 124295671314795 0.02
o 124135903762810 0.02
o 123934282934833 0.02
o 123928985102285 0.02
o 123839336483956 0.02
o 123741062477173 0.02
o 123530174640861 0.02
o 123435686772776 0.02
o 123320988245743 0.03
o 123203950120743 0.03
o 123197120330621 0.03
o 123057961344983 0.03
o 122902597071167 0.03
o 122789396205851 0.03
o 122658548458720 0.03
o 122583106185774 0.03
o 122463563386176 0.03
o 122334727597005 0.03
o 122273915310911 0.03
o 122106173442912 0.03
o 122098709586444 0.03
o 121902730596941 0.03
o 121839482772104 0.03
o 121723025745535 0.03
o 121551986225545 0.03
o 121453987653029 0.03
o 121370505088052 0.03
o 121289346109671 0.03
o 121166738182555 0.03
o 121105723382772 0.03
o 121070970207074 0.03
o 120970926469735 0.03
o 120966343933110 0.03
o 120867321076378 0.03
o 120706280780346 0.03
o 120567369278193 0.03
o 120451537428744 0.03
o 120260043137784 0.03
o 120157414209979 0.03
o 120153832805233 0.03
o 120057945891599 0.03
o 119921641877558 0.03
o 119742561991739 0.03
o 119670233698257 0.03
o 119633445992516 0.03
o 119593696682005 0.03
o 119583343165455 0.03
o 119541910258886 0.03
o 119535134296952 0.03
o 119528722016928 0.03
o 119464790496485 0.03
o 119427499553507 0.03
o 119426712788411 0.03
o 119395216776851 0.03
o 119383949738316 0.03
o 119358188764667 0.03
o 119352660813966 0.03
o 119332051014625 0.03
o 119292013548871 0.03
o 119288593133586 0.03
o 119265609406232 210.77
o 119258899729536 210.77
o 119224275993655 210.77
generalized-ising-IS23_5.0.5.0.0.5_softer_periodic
o 122389802822120 0.02
o 122259151490381 0.03
o 122047577038901 0.03
o 121905744210532 0.03
o 121778989493159 0.03
o 121642346269697 0.03
o 121630280912849 0.03
o 121517978452026 0.03
o 121479702167912 0.03
o 121388356569485 0.03
o 121323666187890 0.03
o 121179353823759 0.03
o 121179136835891 0.03
o 121118632111284 0.03
o 120903242037368 0.03
o 120788917824254 0.03
o 120636921176965 0.03
o 120520446418606 0.03
o 120466897894947 0.03
o 120351012267112 0.03
o 120286863698911 0.03
o 120062665609494 0.03
o 119963641382092 0.03
o 119879022545798 0.03
o 119848995835647 0.03
o 119790582222792 0.03
o 119749098777920 0.03
o 119733614324927 0.03
o 119617408563519 0.03
o 119610154165885 0.03
o 119540907951264 0.03
o 119530347891330 0.03
o 119466298402704 0.03
o 119398977396584 0.03
o 119367116902942 0.03
o 119347869923246 0.03
o 119292518744050 0.03
o 119263638496164 0.03
o 119255095149764 0.03
o 119209310385671 0.03
o 119183738415293 0.03
o 119165893449541 0.03
generalized-ising-IS23_5.0.5.0.0.5_softer_periodic
o 124101230611237 0.03
o 124093664738391 0.03
o 123933237236990 0.03
o 123895191492288 0.03
o 123838857927282 0.04
o 123664018751813 0.04
o 123471258647259 0.04
o 123469549548107 0.04
o 123315516830564 0.04
o 123247458011469 0.04
o 123142567960870 0.04
o 123094612710950 0.04
o 122860774567323 0.04
o 122726504364803 0.04
o 122527138026178 0.04
o 122471519362327 0.04
o 122427679608516 0.04
o 122302044268138 0.04
o 122231464785688 0.04
o 122147599882791 0.04
o 122036020896373 0.04
o 122000874916779 0.04
o 121936417730593 0.04
o 121739121427235 0.04
o 121633621036368 0.04
o 121498439757270 0.04
o 121401802859649 0.04
o 121326779441437 0.04
o 121211000128719 0.04
o 121059975493439 0.04
o 121016096356431 0.04
o 120863880861488 0.04
o 120856187781462 0.04
o 120838680861586 0.04
o 120684630868720 0.04
o 120647104524023 0.04
o 120535820465598 0.04
o 120458815932260 0.04
o 120352147712579 0.04
o 120256837364142 0.04
o 120153625663890 0.04
o 120006326842562 0.04
o 119854875662487 0.04
o 119820554642375 0.04
o 119730157281428 0.04
o 119662709477478 0.04
o 119611460238059 0.04
o 119529601188481 0.04
o 119492104364595 0.04
o 119475991857571 0.04
o 119466508797795 0.04
o 119463490456450 0.04
o 119443831011004 0.04
o 119418465221981 0.04
o 119410993578269 0.04
o 119401387482250 0.04
o 119389769916308 0.04
o 119378127654388 0.04
o 119355270687082 0.04
o 119348486044159 0.04
o 119330735823346 207.08
