judgment-aggregation-ja-kemeny-preflib-00049-00000454
o 933 0.21
o 932 0.21
o 931 0.21
o 930 0.21
o 929 0.21
o 928 0.21
o 927 0.21
o 924 0.21
o 923 0.21
o 922 0.21
o 919 0.21
o 914 0.21
o 913 0.21
o 912 0.21
o 909 0.21
o 908 0.21
o 905 0.21
o 904 0.21
o 903 0.21
o 901 0.21
o 900 0.21
o 899 0.21
o 895 0.21
o 893 0.21
o 892 0.21
o 891 0.21
o 890 0.21
o 887 0.21
o 886 0.21
o 885 0.21
o 882 0.21
o 870 0.21
o 869 0.21
o 868 0.21
o 867 0.21
o 865 0.21
o 858 0.21
o 856 0.22
o 853 0.22
o 850 0.22
o 846 0.22
o 843 0.22
o 836 0.22
o 833 0.22
o 832 0.22
o 831 0.22
o 830 0.22
o 828 0.22
o 827 0.22
o 822 0.22
o 816 0.22
o 812 0.22
o 811 0.42
o 808 0.42
o 765 0.45
o 759 0.45
o 758 0.45
o 757 0.45
o 754 0.46
o 751 0.46
o 747 0.46
o 745 0.47
o 744 0.47
o 743 0.48
o 742 0.48
o 739 0.48
o 736 0.48
o 731 0.48
o 728 0.63
o 727 0.63
o 726 0.63
o 723 0.63
o 722 0.7
o 719 0.7
o 716 0.7
o 714 0.71
o 712 0.71
o 708 0.71
o 705 0.71
o 704 0.71
o 703 0.71
o 702 0.73
o 701 0.74
o 698 0.74
o 697 0.74
o 696 0.74
o 693 0.74
o 692 0.75
o 690 0.77
o 689 0.77
o 688 0.77
o 687 0.78
o 686 0.78
o 685 0.78
o 684 0.78
o 683 0.96
o 682 0.96
o 681 1.1
o 680 1.1
o 675 1.11
o 669 1.55
o 668 1.55
o 666 1.59
o 665 1.63
o 663 1.65
o 662 1.65
o 661 17.87
o 659 17.87
o 658 17.87
o 656 23.04
o 655 23.05
o 654 23.05
o 653 23.1
o 650 201.61
judgment-aggregation-ja-kemeny-preflib-00049-00000454
o 929 0.21
o 926 0.21
o 925 0.21
o 924 0.21
o 923 0.21
o 921 0.21
o 920 0.21
o 919 0.21
o 918 0.21
o 917 0.21
o 914 0.21
o 911 0.21
o 910 0.22
o 907 0.22
o 905 0.22
o 901 0.22
o 899 0.22
o 898 0.22
o 897 0.22
o 896 0.22
o 895 0.22
o 894 0.22
o 889 0.22
o 887 0.22
o 886 0.22
o 885 0.22
o 883 0.22
o 880 0.22
o 878 0.22
o 877 0.22
o 876 0.22
o 873 0.22
o 870 0.22
o 869 0.22
o 868 0.22
o 867 0.22
o 865 0.22
o 862 0.22
o 861 0.22
o 860 0.22
o 855 0.22
o 854 0.22
o 852 0.22
o 849 0.22
o 848 0.22
o 844 0.22
o 841 0.22
o 840 0.22
o 839 0.22
o 838 0.22
o 836 0.22
o 834 0.22
o 833 0.22
o 832 0.22
o 830 0.22
o 827 0.22
o 826 0.22
o 824 0.22
o 823 0.22
o 820 0.22
o 818 0.22
o 817 0.22
o 810 0.22
o 808 0.22
o 807 0.22
o 804 0.22
o 800 0.22
o 798 0.22
o 796 0.22
o 795 0.22
o 794 0.22
o 789 0.22
o 788 0.22
o 787 0.22
o 784 0.22
o 783 0.22
o 782 0.32
o 780 0.32
o 779 0.32
o 778 0.32
o 692 0.51
o 691 0.51
o 690 0.58
o 689 0.58
o 688 0.58
o 687 0.62
o 684 0.62
o 682 0.63
o 680 1.09
o 679 1.28
o 678 1.31
o 677 1.31
o 676 1.48
o 675 1.48
o 673 1.49
o 672 1.49
o 670 1.49
o 669 1.5
o 667 1.5
o 665 5.2
o 664 8.61
o 662 10.52
o 660 10.52
o 659 10.69
o 658 10.69
o 657 10.69
o 655 10.7
o 653 10.7
o 652 10.71
judgment-aggregation-ja-kemeny-preflib-00049-00000454
o 986 0.19
o 983 0.19
o 982 0.19
o 979 0.19
o 978 0.19
o 977 0.19
o 976 0.19
o 973 0.19
o 972 0.19
o 969 0.19
o 966 0.19
o 965 0.19
o 963 0.19
o 958 0.19
o 957 0.19
o 956 0.19
o 953 0.19
o 950 0.19
o 949 0.19
o 946 0.19
o 945 0.19
o 942 0.19
o 939 0.19
o 938 0.19
o 937 0.19
o 936 0.19
o 935 0.19
o 934 0.19
o 932 0.19
o 931 0.19
o 930 0.19
o 927 0.19
o 926 0.19
o 925 0.19
o 923 0.19
o 920 0.19
o 919 0.19
o 918 0.19
o 917 0.19
o 916 0.19
o 915 0.19
o 908 0.19
o 907 0.19
o 906 0.19
o 905 0.19
o 903 0.19
o 902 0.19
o 901 0.19
o 898 0.19
o 895 0.19
o 892 0.19
o 889 0.19
o 886 0.19
o 883 0.19
o 880 0.19
o 877 0.19
o 876 0.19
o 875 0.19
o 872 0.19
o 868 0.19
o 867 0.19
o 866 0.19
o 865 0.19
o 864 0.19
o 859 0.19
o 858 0.19
o 857 0.19
o 856 0.19
o 855 0.19
o 851 0.19
o 848 0.19
o 846 0.19
o 845 0.19
o 844 0.19
o 842 0.19
o 841 0.19
o 840 0.19
o 839 0.19
o 838 0.19
o 837 0.2
o 836 0.2
o 835 0.2
o 834 0.2
o 830 0.2
o 829 0.2
o 828 0.2
o 827 0.2
o 823 0.2
o 822 0.2
o 821 0.2
o 818 0.2
o 815 0.2
o 814 0.2
o 788 0.2
o 786 0.2
o 717 0.38
o 716 0.38
o 713 0.38
o 711 0.51
o 710 0.51
o 708 0.51
o 707 0.51
o 704 0.52
o 703 0.59
o 702 0.6
o 700 0.6
o 698 0.6
o 697 0.73
o 691 1.16
o 689 1.16
o 688 1.16
o 686 1.16
o 684 1.2
o 682 1.21
o 681 1.21
o 680 1.21
o 679 1.31
o 678 1.31
o 675 1.31
o 672 1.31
o 671 1.32
o 670 1.54
o 667 1.76
o 666 1.76
o 665 1.76
o 663 1.78
o 661 1.78
o 660 5.63
o 658 5.63
o 656 6.11
o 655 41.82
o 654 41.82
o 651 42.48
judgment-aggregation-ja-kemeny-preflib-00049-00000454
o 939 0.71
o 936 0.71
o 935 0.71
o 934 0.71
o 929 0.71
o 924 0.71
o 923 0.71
o 922 0.71
o 921 0.72
o 920 0.72
o 919 0.72
o 918 0.72
o 915 0.72
o 912 0.72
o 911 0.72
o 910 0.72
o 908 0.72
o 907 0.72
o 906 0.72
o 903 0.72
o 902 0.72
o 899 0.72
o 898 0.72
o 895 0.72
o 894 0.72
o 893 0.72
o 892 0.72
o 891 0.72
o 890 0.72
o 888 0.72
o 885 0.72
o 884 0.72
o 883 0.72
o 880 0.72
o 877 0.72
o 876 0.72
o 875 0.72
o 872 0.72
o 870 0.72
o 865 0.72
o 862 0.72
o 860 0.72
o 857 0.72
o 854 0.72
o 853 0.72
o 850 0.72
o 847 0.73
o 844 0.73
o 843 0.73
o 840 0.73
o 839 0.73
o 836 0.73
o 833 0.73
o 832 0.73
o 831 0.73
o 830 0.73
o 829 0.73
o 826 0.73
o 825 0.73
o 824 0.73
o 822 0.73
o 821 0.73
o 819 0.73
o 818 0.73
o 816 0.73
o 815 0.73
o 814 0.73
o 811 0.73
o 808 0.74
o 807 0.74
o 806 0.74
o 805 0.74
o 802 0.74
o 800 0.74
o 799 0.74
o 798 0.74
o 797 0.74
o 796 0.74
o 791 0.74
o 790 0.74
o 787 0.74
o 785 0.74
o 784 0.74
o 782 0.74
o 781 0.74
o 780 0.74
o 779 0.74
o 777 0.74
o 776 0.74
o 772 0.74
o 771 0.74
o 750 0.76
o 718 10.71
o 717 10.71
o 714 10.94
o 712 11.05
o 710 11.07
o 709 11.07
o 708 11.25
o 706 11.27
o 704 11.27
o 701 11.27
o 696 11.39
o 695 11.41
o 694 11.41
o 693 11.52
o 692 11.52
o 691 11.52
o 690 11.52
o 689 11.55
o 686 11.57
o 685 12
o 684 12
o 682 12.07
o 680 12.07
o 679 12.07
o 678 12.07
o 677 12.12
o 676 12.12
o 675 12.47
o 674 15.19
o 673 15.21
o 670 15.29
o 669 15.3
o 668 15.31
o 666 18.6
o 665 18.6
o 664 18.61
o 663 18.61
o 662 20.24
o 661 20.45
o 660 22.77
o 659 40.23
o 658 40.26
o 657 40.26
o 656 40.27
o 654 225.15
judgment-aggregation-ja-kemeny-preflib-00049-00000454
o 1018 0.21
o 1017 0.21
o 1016 0.21
o 1015 0.21
o 1012 0.21
o 1007 0.21
o 1006 0.21
o 1005 0.21
o 1002 0.21
o 1001 0.21
o 1000 0.21
o 998 0.21
o 997 0.21
o 996 0.21
o 995 0.21
o 994 0.21
o 993 0.21
o 990 0.21
o 989 0.21
o 986 0.21
o 985 0.21
o 984 0.21
o 983 0.21
o 980 0.21
o 975 0.21
o 968 0.21
o 967 0.21
o 966 0.22
o 965 0.22
o 963 0.22
o 962 0.22
o 959 0.22
o 958 0.22
o 957 0.22
o 956 0.22
o 953 0.22
o 950 0.22
o 949 0.22
o 948 0.22
o 947 0.22
o 946 0.22
o 943 0.22
o 942 0.22
o 941 0.22
o 938 0.22
o 937 0.22
o 934 0.22
o 933 0.22
o 932 0.22
o 931 0.22
o 928 0.22
o 923 0.22
o 920 0.22
o 918 0.22
o 917 0.22
o 916 0.22
o 913 0.22
o 912 0.22
o 911 0.22
o 910 0.22
o 909 0.22
o 907 0.22
o 906 0.22
o 903 0.22
o 902 0.22
o 901 0.22
o 899 0.22
o 890 0.22
o 889 0.22
o 888 0.22
o 887 0.22
o 886 0.23
o 885 0.23
o 884 0.23
o 883 0.23
o 882 0.23
o 881 0.23
o 880 0.23
o 877 0.23
o 875 0.23
o 872 0.23
o 871 0.23
o 867 0.23
o 866 0.23
o 861 0.23
o 860 0.23
o 859 0.23
o 856 0.23
o 855 0.23
o 852 0.23
o 851 0.23
o 848 0.23
o 847 0.23
o 846 0.23
o 838 0.45
o 836 0.45
o 834 0.47
o 833 0.47
o 832 0.48
o 830 0.48
o 827 0.48
o 826 0.48
o 825 0.48
o 823 0.48
o 822 0.48
o 814 0.48
o 813 0.49
o 812 0.53
o 809 0.53
o 806 0.53
o 804 0.53
o 803 0.53
o 801 0.54
o 796 0.54
o 795 0.55
o 794 0.55
o 793 0.55
o 791 0.56
o 786 0.56
o 784 0.56
o 780 0.57
o 779 0.57
o 776 0.57
o 775 0.57
o 771 0.58
o 770 0.58
o 769 0.58
o 768 0.58
o 766 0.58
o 765 0.58
o 764 0.58
o 763 0.58
o 762 0.58
o 761 0.59
o 759 0.59
o 758 0.67
o 757 0.68
o 755 0.69
o 753 0.69
o 749 0.7
o 747 0.8
o 746 0.8
o 744 0.81
o 739 0.81
o 738 0.82
o 737 0.83
o 736 0.83
o 735 0.83
o 734 1.05
o 730 1.06
o 729 1.06
o 728 1.13
o 723 1.14
o 721 1.17
o 719 1.17
o 717 1.19
o 715 1.43
o 713 1.43
o 712 1.61
o 710 1.68
o 709 1.68
o 695 2.26
o 694 2.26
o 693 2.26
o 686 2.58
o 683 2.6
o 682 2.6
o 681 2.6
o 680 2.6
o 677 2.61
o 676 2.68
o 674 2.69
o 672 2.7
o 670 4.19
o 668 4.21
o 665 4.21
o 662 5.38
o 661 5.6
o 660 5.64
o 658 5.98
o 657 6.02
o 656 6.02
o 654 52.51
o 653 52.51
o 651 82.92
o 650 82.93
o 649 82.93
o 648 151.47
judgment-aggregation-ja-kemeny-preflib-00049-00000454
o 842 0.25
o 841 0.25
o 840 0.25
o 837 0.25
o 834 0.25
o 833 0.25
o 832 0.25
o 831 0.25
o 830 0.25
o 829 0.25
o 828 0.25
o 827 0.25
o 824 0.25
o 821 0.25
o 820 0.25
o 818 0.25
o 815 0.25
o 814 0.25
o 813 0.25
o 812 0.25
o 811 0.25
o 810 0.25
o 809 0.25
o 807 0.25
o 804 0.25
o 803 0.25
o 802 0.25
o 801 0.25
o 800 0.25
o 799 0.25
o 798 0.25
o 797 0.25
o 795 0.25
o 793 0.25
o 791 0.26
o 790 0.26
o 789 0.26
o 784 0.26
o 783 0.26
o 782 0.26
o 779 0.26
o 778 0.26
o 777 0.26
o 774 0.26
o 771 0.26
o 767 0.26
o 764 0.26
o 763 0.26
o 760 0.26
o 756 0.26
o 754 0.26
o 753 0.26
o 751 0.26
o 750 0.26
o 747 0.26
o 746 0.26
o 745 0.26
o 742 0.26
o 739 0.26
o 736 0.26
o 735 0.26
o 734 0.84
o 733 0.84
o 728 0.84
o 726 0.84
o 724 0.84
o 722 0.85
o 719 0.89
o 714 0.89
o 713 0.89
o 710 0.89
o 709 0.89
o 708 0.89
o 705 0.89
o 702 0.89
o 697 0.89
o 696 0.89
o 695 0.89
o 694 0.89
o 692 0.89
o 690 0.89
o 689 0.89
o 688 0.89
o 687 0.89
o 686 0.89
o 684 0.89
o 682 0.89
o 681 0.93
o 680 0.93
o 677 0.93
o 675 0.93
o 674 1.3
o 671 1.3
o 670 7.53
o 669 7.58
o 667 7.58
o 665 7.59
o 664 7.62
o 662 7.67
o 661 7.67
o 660 8.15
o 658 8.15
o 657 12.88
o 656 12.88
o 654 12.89
o 652 12.89
o 651 63.39
judgment-aggregation-ja-kemeny-preflib-00049-00000454
o 1184 0.22
o 1181 0.22
o 1178 0.22
o 1176 0.22
o 1173 0.22
o 1172 0.22
o 1170 0.22
o 1169 0.22
o 1168 0.22
o 1167 0.22
o 1166 0.22
o 1165 0.22
o 1162 0.22
o 1161 0.22
o 1160 0.22
o 1159 0.22
o 1158 0.22
o 1156 0.22
o 1155 0.22
o 1154 0.22
o 1153 0.22
o 1152 0.22
o 1150 0.22
o 1147 0.22
o 1143 0.22
o 1142 0.22
o 1139 0.22
o 1138 0.22
o 1137 0.22
o 1134 0.22
o 1131 0.22
o 1128 0.22
o 1127 0.22
o 1125 0.22
o 1124 0.22
o 1123 0.22
o 1120 0.22
o 1119 0.22
o 1116 0.22
o 1113 0.22
o 1111 0.22
o 1110 0.22
o 1109 0.22
o 1108 0.22
o 1105 0.22
o 1104 0.22
o 1103 0.22
o 1102 0.22
o 1101 0.22
o 1100 0.22
o 1098 0.22
o 1095 0.22
o 1092 0.22
o 1085 0.22
o 1082 0.22
o 1077 0.22
o 1075 0.22
o 1074 0.22
o 1073 0.22
o 1071 0.22
o 1070 0.22
o 1069 0.22
o 1068 0.22
o 1065 0.22
o 1063 0.22
o 1062 0.22
o 1059 0.22
o 1058 0.22
o 1057 0.22
o 1056 0.22
o 1053 0.22
o 1052 0.22
o 1049 0.22
o 1048 0.22
o 1047 0.22
o 1046 0.22
o 1043 0.22
o 1042 0.22
o 1041 0.22
o 1038 0.22
o 1037 0.22
o 1034 0.22
o 1033 0.22
o 1032 0.22
o 1031 0.22
o 1028 0.22
o 1027 0.22
o 1024 0.22
o 1019 0.22
o 1018 0.22
o 1015 0.22
o 1014 0.22
o 1013 0.22
o 1012 0.22
o 1011 0.22
o 1010 0.22
o 1007 0.22
o 1006 0.22
o 1005 0.22
o 1004 0.22
o 1001 0.22
o 1000 0.22
o 999 0.22
o 998 0.22
o 997 0.22
o 996 0.22
o 995 0.22
o 991 0.22
o 989 0.22
o 987 0.22
o 984 0.22
o 983 0.22
o 982 0.22
o 981 0.22
o 976 0.22
o 973 0.22
o 972 0.22
o 971 0.22
o 968 0.22
o 967 0.22
o 966 0.22
o 961 0.22
o 960 0.22
o 959 0.22
o 958 0.22
o 956 0.22
o 954 0.22
o 953 0.22
o 951 0.22
o 949 0.22
o 948 0.22
o 947 0.22
o 946 0.22
o 945 0.22
o 943 0.22
o 940 0.22
o 939 0.22
o 938 0.22
o 928 0.22
o 925 0.22
o 924 0.22
o 923 0.22
o 922 0.22
o 921 0.22
o 916 0.22
o 915 0.22
o 914 0.22
o 913 0.22
o 912 0.22
o 906 0.22
o 904 0.22
o 903 0.22
o 901 0.22
o 897 0.22
o 896 0.22
o 893 0.22
o 891 0.22
o 889 0.22
o 885 0.22
o 884 0.22
o 883 0.22
o 880 0.22
o 878 0.22
o 875 0.22
o 873 0.22
o 871 0.22
o 870 0.22
o 867 0.22
o 864 0.22
o 861 0.22
o 854 0.22
o 853 0.22
o 852 0.22
o 849 0.22
o 848 0.22
o 846 0.22
o 845 0.22
o 843 0.22
o 840 0.22
o 837 0.22
o 836 0.22
o 832 0.22
o 831 0.22
o 828 0.22
o 827 0.22
o 824 0.22
o 822 0.22
o 821 0.22
o 816 0.22
o 813 0.22
o 812 0.22
o 811 0.22
o 796 0.22
o 794 0.22
o 793 0.47
o 791 0.48
o 789 0.48
o 788 0.5
o 787 0.52
o 786 0.53
o 783 0.53
o 782 0.53
o 768 0.6
o 765 0.6
o 762 0.6
o 761 0.6
o 759 0.61
o 756 0.61
o 753 0.61
o 752 0.62
o 751 0.62
o 750 0.62
o 749 0.62
o 748 0.62
o 747 0.71
o 746 0.71
o 745 0.71
o 743 0.71
o 742 0.77
o 741 0.77
o 696 0.82
o 695 0.82
o 694 0.9
o 692 0.92
o 691 0.92
o 681 1.47
o 680 1.47
o 679 1.48
o 676 1.56
o 675 1.56
o 674 1.58
o 672 1.59
o 669 1.59
o 668 1.59
o 667 1.59
o 666 1.65
o 664 2.1
o 663 2.11
o 662 2.15
o 661 2.17
o 660 2.17
o 659 2.19
o 658 2.19
o 657 2.21
o 656 27.87
o 655 28.14
o 654 89.97
o 652 90.03
o 651 90.57
judgment-aggregation-ja-kemeny-preflib-00049-00000454
o 1025 0.22
o 1024 0.22
o 1022 0.22
o 1021 0.22
o 1018 0.22
o 1015 0.22
o 1013 0.22
o 1009 0.22
o 1006 0.22
o 1005 0.22
o 1004 0.22
o 998 0.22
o 995 0.22
o 992 0.22
o 991 0.23
o 990 0.23
o 988 0.23
o 985 0.23
o 984 0.23
o 982 0.23
o 981 0.23
o 979 0.23
o 978 0.23
o 975 0.23
o 972 0.23
o 971 0.23
o 968 0.23
o 965 0.23
o 962 0.23
o 961 0.23
o 958 0.23
o 957 0.23
o 956 0.23
o 955 0.23
o 952 0.23
o 951 0.23
o 950 0.23
o 947 0.23
o 946 0.23
o 945 0.23
o 942 0.23
o 939 0.23
o 936 0.23
o 935 0.23
o 931 0.23
o 930 0.23
o 929 0.23
o 928 0.23
o 923 0.23
o 922 0.23
o 920 0.23
o 919 0.23
o 916 0.23
o 915 0.23
o 914 0.23
o 913 0.23
o 912 0.23
o 911 0.23
o 910 0.23
o 907 0.23
o 906 0.23
o 905 0.23
o 903 0.23
o 901 0.23
o 898 0.23
o 897 0.23
o 896 0.23
o 891 0.23
o 888 0.23
o 870 0.23
o 869 0.23
o 868 0.23
o 867 0.23
o 858 0.23
o 855 0.23
o 850 0.23
o 847 0.24
o 842 0.24
o 841 0.24
o 834 0.24
o 833 0.24
o 818 0.24
o 811 0.24
o 810 0.24
o 806 0.24
o 805 0.47
o 804 0.47
o 803 0.47
o 802 0.47
o 799 0.47
o 796 0.47
o 793 0.47
o 791 0.48
o 789 0.48
o 786 0.48
o 785 0.48
o 783 0.48
o 781 0.48
o 780 0.48
o 779 0.48
o 776 0.48
o 775 0.49
o 774 0.49
o 773 0.49
o 770 0.49
o 768 0.49
o 763 0.52
o 761 0.53
o 760 0.53
o 756 0.53
o 754 0.54
o 749 0.54
o 746 0.54
o 744 0.54
o 743 0.54
o 742 0.54
o 739 0.54
o 735 0.54
o 732 0.54
o 731 0.54
o 729 0.54
o 728 0.54
o 727 0.55
o 726 0.56
o 725 0.56
o 722 0.56
o 719 0.56
o 718 0.57
o 717 0.57
o 716 0.57
o 715 0.66
o 714 0.67
o 711 0.67
o 710 0.68
o 708 0.69
o 707 0.73
o 705 0.74
o 702 0.74
o 701 0.74
o 697 0.75
o 696 0.75
o 694 0.75
o 693 0.75
o 692 0.75
o 691 0.77
o 689 1.06
o 688 1.07
o 687 1.17
o 686 1.18
o 684 1.18
o 681 1.18
o 680 1.27
o 679 1.27
o 677 1.5
o 675 1.5
o 674 5.03
o 673 5.04
o 671 5.41
o 670 5.62
o 669 5.63
o 668 7.19
o 667 7.2
o 666 8.74
o 665 11.5
o 664 11.51
o 663 11.51
o 662 22.86
o 661 31.05
o 659 33.33
o 658 33.48
o 655 33.73
o 653 33.74
o 652 109.28
o 650 109.36
judgment-aggregation-ja-kemeny-preflib-00049-00000454
o 933 0.25
o 932 0.25
o 931 0.25
o 930 0.25
o 929 0.25
o 926 0.25
o 923 0.25
o 922 0.25
o 919 0.25
o 918 0.25
o 917 0.25
o 914 0.25
o 913 0.25
o 912 0.25
o 910 0.25
o 909 0.26
o 906 0.26
o 903 0.26
o 902 0.26
o 901 0.26
o 900 0.26
o 894 0.26
o 892 0.26
o 891 0.26
o 890 0.26
o 889 0.26
o 884 0.26
o 883 0.26
o 882 0.26
o 880 0.26
o 876 0.26
o 858 0.26
o 855 0.26
o 852 0.26
o 851 0.26
o 850 0.26
o 849 0.26
o 848 0.26
o 845 0.26
o 843 0.27
o 842 0.27
o 839 0.64
o 838 0.64
o 837 0.64
o 836 0.64
o 833 0.64
o 830 0.64
o 828 0.65
o 826 0.65
o 825 0.65
o 824 0.65
o 823 0.65
o 821 0.66
o 820 0.66
o 819 0.75
o 818 0.75
o 817 0.75
o 816 0.76
o 812 0.76
o 811 0.8
o 809 0.82
o 807 0.82
o 806 0.82
o 804 0.82
o 803 0.85
o 801 0.85
o 798 0.85
o 795 0.86
o 794 0.86
o 793 0.86
o 792 0.86
o 790 0.9
o 789 0.92
o 788 0.92
o 787 0.93
o 786 0.94
o 783 0.94
o 685 0.98
o 683 0.98
o 682 1.31
o 681 1.32
o 680 2.63
o 679 3.08
o 677 3.1
o 676 3.51
o 675 3.51
o 674 5.2
o 672 5.2
o 671 5.48
o 668 5.48
o 667 5.48
o 665 5.49
o 664 5.49
o 662 5.49
o 660 5.49
o 659 8.32
o 658 8.33
o 656 8.33
o 655 8.38
o 654 8.38
o 653 77.33
o 652 116.94
o 650 248.62
o 649 271.45
judgment-aggregation-ja-kemeny-preflib-00049-00000454
o 898 0.21
o 896 0.21
o 891 0.21
o 886 0.21
o 885 0.21
o 882 0.21
o 881 0.21
o 880 0.21
o 879 0.21
o 878 0.21
o 876 0.21
o 873 0.21
o 872 0.21
o 869 0.21
o 868 0.21
o 867 0.21
o 866 0.21
o 865 0.21
o 862 0.21
o 861 0.21
o 858 0.21
o 855 0.21
o 853 0.21
o 852 0.21
o 850 0.21
o 849 0.21
o 848 0.21
o 845 0.21
o 842 0.21
o 839 0.21
o 837 0.21
o 836 0.21
o 833 0.21
o 830 0.21
o 827 0.22
o 826 0.22
o 825 0.22
o 822 0.22
o 819 0.22
o 818 0.22
o 816 0.22
o 810 0.22
o 750 0.22
o 747 0.62
o 746 0.63
o 744 0.63
o 741 0.63
o 740 0.63
o 738 0.63
o 737 0.64
o 690 0.74
o 689 0.74
o 688 0.74
o 687 0.75
o 686 0.75
o 685 0.75
o 684 0.76
o 683 0.77
o 682 0.82
o 680 0.82
o 677 0.84
o 676 0.84
o 674 0.84
o 673 0.85
o 672 0.86
o 671 0.86
o 670 1.76
o 669 1.84
o 668 1.84
o 667 1.86
o 666 1.86
o 665 3.28
o 664 3.28
o 662 3.29
o 661 3.3
o 659 3.3
o 658 9.58
o 657 9.58
o 655 31.93
o 653 40
o 652 40.01
o 651 40.01
