judgment-aggregation-ja-kemeny-preflib-00051-00000011
o 1267 0.94
o 1266 0.94
o 1265 0.94
o 1263 0.94
o 1262 0.94
o 1259 0.94
o 1258 0.94
o 1253 0.94
o 1252 0.94
o 1249 0.94
o 1247 0.94
o 1244 0.94
o 1243 0.94
o 1240 0.94
o 1239 0.94
o 1236 0.94
o 1234 0.94
o 1233 0.94
o 1232 0.94
o 1230 0.94
o 1227 0.94
o 1226 0.95
o 1224 0.95
o 1221 0.95
o 1220 0.95
o 1217 0.95
o 1216 0.95
o 1213 0.95
o 1208 0.95
o 1207 0.95
o 1206 0.95
o 1205 0.95
o 1204 0.95
o 1202 0.95
o 1199 0.95
o 1196 0.95
o 1195 0.95
o 1194 0.95
o 1191 0.95
o 1188 0.95
o 1186 0.95
o 1185 0.95
o 1184 0.95
o 1181 0.95
o 1178 0.95
o 1177 0.95
o 1173 0.95
o 1172 0.95
o 1168 0.95
o 1167 0.95
o 1166 0.95
o 1161 0.95
o 1159 0.95
o 1156 0.95
o 1153 0.95
o 1150 0.95
o 1148 0.95
o 1145 0.95
o 1144 0.95
o 1141 0.95
o 1140 0.95
o 1135 0.95
o 1134 0.95
o 1130 0.95
o 1129 0.95
o 1128 0.95
o 1127 0.95
o 1125 0.95
o 1119 0.95
o 1115 0.95
o 1114 0.95
o 1113 0.95
o 1112 0.95
o 1111 0.95
o 1110 0.95
o 1109 0.95
o 1108 0.95
o 1105 0.95
o 1102 0.95
o 1101 0.95
o 1099 0.95
o 1094 0.95
o 1093 0.95
o 1090 0.95
o 1089 0.95
o 1086 0.95
o 1085 0.95
o 1082 0.95
o 1079 0.95
o 1077 0.95
o 1075 0.95
o 1072 0.95
o 1071 0.95
o 1070 0.95
o 1069 0.95
o 1068 0.95
o 1065 0.95
o 1064 0.95
o 1063 0.95
o 1060 0.95
o 1059 0.95
o 1058 0.95
o 1055 0.95
o 1054 0.95
o 1053 0.95
o 1052 0.95
o 1051 0.95
o 1050 0.95
o 1049 0.95
o 1048 0.95
o 1047 0.95
o 1045 0.95
o 1042 0.95
o 1041 0.95
o 1040 0.95
o 1039 0.95
o 1038 0.95
o 1037 0.95
o 1035 0.95
o 1034 0.95
o 1033 0.95
o 1028 0.95
o 1027 0.95
o 1026 0.95
o 1025 0.95
o 1024 0.95
o 1023 0.95
o 1020 0.95
o 1019 0.95
o 1014 0.95
o 1011 0.95
o 1006 0.95
o 1003 0.95
o 1002 0.95
o 996 0.95
o 994 0.95
o 989 0.95
o 986 0.95
o 983 0.95
o 982 0.95
o 978 0.95
o 976 0.96
o 975 0.96
o 974 0.96
o 971 0.96
o 970 0.96
o 969 0.96
o 962 0.96
o 961 0.96
o 958 0.96
o 957 0.96
o 954 0.96
o 951 0.96
o 942 0.96
o 937 0.96
o 932 0.96
o 931 0.96
o 930 1.12
o 928 1.12
o 927 1.12
o 921 1.13
o 918 1.13
o 912 1.13
o 907 1.13
o 906 1.13
o 905 1.13
o 904 1.13
o 903 1.13
o 900 1.13
o 898 1.13
o 897 1.13
o 892 1.13
o 890 1.13
o 888 1.13
o 887 1.13
o 884 1.14
o 881 1.14
o 878 1.14
o 875 1.14
o 874 1.23
o 873 1.23
o 871 1.23
o 866 1.27
o 864 1.27
o 862 1.27
o 857 1.27
o 855 1.28
o 854 1.3
o 853 1.3
o 851 1.39
o 848 1.39
o 847 1.39
o 845 1.39
o 842 1.39
o 841 1.39
o 840 1.39
o 839 1.4
o 836 1.4
o 831 1.4
o 829 1.4
o 827 1.41
o 826 1.41
o 825 1.41
o 822 1.41
o 819 1.41
o 817 1.44
o 816 1.44
o 815 1.44
o 814 1.44
o 812 1.84
o 810 1.86
o 807 1.86
o 806 1.86
o 803 1.86
o 802 1.86
o 799 1.86
o 798 1.86
o 794 1.86
o 792 1.86
o 791 1.87
o 790 1.87
o 789 1.87
o 788 1.87
o 787 1.92
o 786 1.95
o 784 1.95
o 782 2.06
o 780 2.06
o 777 2.06
o 773 2.34
o 770 2.34
o 769 2.34
o 767 2.34
o 765 2.34
o 764 2.34
o 763 2.48
o 762 2.48
o 761 2.5
o 760 2.5
o 756 4.38
o 749 5.13
o 748 5.13
o 743 5.13
o 742 5.13
o 741 5.13
o 739 5.13
o 738 5.24
o 736 5.24
o 735 5.25
o 734 5.26
o 733 5.26
o 732 5.28
o 731 45.21
o 729 45.21
o 727 45.7
o 726 45.7
o 724 45.7
o 723 45.81
judgment-aggregation-ja-kemeny-preflib-00051-00000011
o 1420 1.11
o 1419 1.11
o 1418 1.11
o 1415 1.11
o 1412 1.11
o 1411 1.11
o 1410 1.11
o 1407 1.11
o 1404 1.11
o 1403 1.11
o 1398 1.11
o 1395 1.11
o 1392 1.11
o 1389 1.11
o 1382 1.11
o 1381 1.11
o 1376 1.11
o 1375 1.11
o 1374 1.11
o 1373 1.11
o 1371 1.11
o 1369 1.11
o 1368 1.11
o 1365 1.11
o 1362 1.11
o 1360 1.11
o 1357 1.11
o 1353 1.11
o 1348 1.11
o 1347 1.11
o 1344 1.11
o 1339 1.11
o 1336 1.11
o 1325 1.11
o 1322 1.11
o 1321 1.11
o 1320 1.11
o 1317 1.11
o 1313 1.11
o 1310 1.11
o 1305 1.11
o 1304 1.11
o 1303 1.11
o 1302 1.11
o 1297 1.11
o 1294 1.11
o 1293 1.11
o 1290 1.11
o 1289 1.11
o 1288 1.11
o 1285 1.11
o 1281 1.11
o 1279 1.11
o 1278 1.11
o 1277 1.11
o 1276 1.11
o 1274 1.11
o 1269 1.11
o 1268 1.11
o 1267 1.11
o 1265 1.11
o 1264 1.11
o 1259 1.11
o 1255 1.11
o 1254 1.11
o 1253 1.11
o 1252 1.11
o 1246 1.12
o 1244 1.12
o 1243 1.12
o 1240 1.12
o 1239 1.12
o 1235 1.12
o 1232 1.12
o 1230 1.12
o 1228 1.12
o 1227 1.12
o 1226 1.12
o 1221 1.12
o 1220 1.12
o 1218 1.12
o 1217 1.12
o 1216 1.12
o 1215 1.12
o 1214 1.12
o 1209 1.12
o 1208 1.12
o 1203 1.12
o 1200 1.12
o 1197 1.12
o 1188 1.12
o 1185 1.12
o 1182 1.12
o 1181 1.12
o 1180 1.12
o 1179 1.12
o 1178 1.12
o 1177 1.12
o 1176 1.12
o 1173 1.12
o 1168 1.12
o 1167 1.12
o 1164 1.12
o 1161 1.12
o 1160 1.12
o 1159 1.12
o 1158 1.12
o 1157 1.12
o 1156 1.12
o 1155 1.12
o 1154 1.12
o 1153 1.12
o 1150 1.12
o 1148 1.12
o 1146 1.12
o 1141 1.12
o 1140 1.12
o 1138 1.12
o 1134 1.12
o 1131 1.12
o 1129 1.12
o 1128 1.12
o 1127 1.12
o 1124 1.12
o 1122 1.12
o 1121 1.12
o 1119 1.12
o 1118 1.12
o 1117 1.12
o 1115 1.12
o 1112 1.12
o 1109 1.12
o 1107 1.12
o 1105 1.12
o 1101 1.12
o 1097 1.12
o 1091 1.12
o 1086 1.12
o 1082 1.12
o 1076 1.12
o 1075 1.12
o 1074 1.12
o 1073 1.12
o 1070 1.12
o 1067 1.12
o 1066 1.12
o 1065 1.12
o 1064 1.12
o 1061 1.12
o 1060 1.12
o 1059 1.12
o 1054 1.12
o 1053 1.12
o 1052 1.12
o 1047 1.12
o 1046 1.12
o 1044 1.12
o 1041 1.12
o 1038 1.12
o 1036 1.12
o 1033 1.12
o 1032 1.12
o 1031 1.12
o 1030 1.12
o 1029 1.12
o 1028 1.13
o 1025 1.13
o 1022 1.13
o 1021 1.13
o 1018 1.13
o 1017 1.13
o 1016 1.13
o 1015 1.13
o 1013 1.13
o 1008 1.13
o 1001 1.13
o 1000 1.13
o 997 1.13
o 996 1.13
o 993 1.13
o 988 1.13
o 985 1.13
o 984 1.13
o 983 1.13
o 981 1.13
o 980 1.13
o 977 1.13
o 976 1.13
o 975 1.13
o 974 1.13
o 973 1.13
o 969 1.13
o 966 1.13
o 963 1.13
o 961 1.13
o 958 1.13
o 955 1.13
o 954 1.13
o 950 1.13
o 949 1.13
o 948 1.13
o 947 1.13
o 944 1.13
o 939 1.13
o 937 1.13
o 936 1.13
o 935 1.13
o 932 1.13
o 928 1.13
o 925 1.13
o 924 1.13
o 923 1.13
o 918 1.13
o 917 1.13
o 916 1.13
o 913 1.13
o 912 1.13
o 910 1.13
o 909 1.13
o 905 1.13
o 902 1.13
o 899 1.13
o 897 1.13
o 896 1.13
o 895 1.13
o 889 1.13
o 883 1.13
o 882 1.13
o 881 1.13
o 880 1.14
o 879 1.14
o 875 1.14
o 873 1.14
o 866 1.14
o 863 1.14
o 861 1.49
o 860 1.49
o 859 1.49
o 849 1.49
o 848 1.49
o 847 1.5
o 845 1.5
o 844 1.5
o 843 1.5
o 839 1.51
o 837 1.51
o 835 1.51
o 834 1.51
o 831 1.52
o 830 1.52
o 825 1.52
o 824 1.52
o 823 1.53
o 821 1.53
o 820 1.54
o 809 1.54
o 808 1.54
o 807 1.54
o 806 1.55
o 805 1.55
o 804 1.55
o 803 1.55
o 799 1.55
o 798 1.55
o 797 1.55
o 796 1.55
o 794 1.56
o 793 1.56
o 792 1.64
o 786 1.72
o 783 1.76
o 782 1.76
o 779 1.76
o 778 1.76
o 777 1.76
o 776 2.11
o 774 2.12
o 772 2.12
o 770 2.12
o 768 2.13
o 759 2.62
o 746 3.95
o 745 8.82
o 744 8.82
o 743 16.4
o 742 19.4
o 740 19.46
o 739 22.91
o 738 22.91
o 736 22.91
o 735 23.45
o 734 24.42
o 731 41.09
o 730 41.09
o 729 59.81
o 727 78.45
judgment-aggregation-ja-kemeny-preflib-00051-00000011
o 1359 0.93
o 1358 0.93
o 1357 0.93
o 1354 0.93
o 1351 0.93
o 1348 0.93
o 1345 0.93
o 1342 0.93
o 1338 0.93
o 1333 0.93
o 1331 0.93
o 1326 0.93
o 1325 0.93
o 1321 0.93
o 1319 0.93
o 1318 0.93
o 1315 0.93
o 1314 0.93
o 1313 0.93
o 1310 0.93
o 1309 0.93
o 1308 0.93
o 1306 0.93
o 1301 0.93
o 1298 0.93
o 1295 0.93
o 1294 0.93
o 1289 0.93
o 1288 0.93
o 1285 0.93
o 1281 0.93
o 1278 0.93
o 1275 0.93
o 1274 0.93
o 1271 0.93
o 1269 0.93
o 1268 0.93
o 1265 0.93
o 1263 0.93
o 1259 0.93
o 1258 0.93
o 1257 0.93
o 1255 0.93
o 1250 0.93
o 1249 0.93
o 1246 0.93
o 1245 0.93
o 1242 0.93
o 1241 0.94
o 1240 0.94
o 1237 0.94
o 1234 0.94
o 1231 0.94
o 1226 0.94
o 1221 0.94
o 1218 0.94
o 1216 0.94
o 1215 0.94
o 1212 0.94
o 1209 0.94
o 1207 0.94
o 1205 0.94
o 1202 0.94
o 1201 0.94
o 1200 0.94
o 1196 0.94
o 1194 0.94
o 1193 0.94
o 1192 0.94
o 1189 0.94
o 1187 0.94
o 1184 0.94
o 1175 0.94
o 1172 0.94
o 1169 0.94
o 1165 0.94
o 1164 0.94
o 1161 0.94
o 1158 0.94
o 1155 0.94
o 1154 0.94
o 1153 0.94
o 1150 0.94
o 1149 0.94
o 1140 0.94
o 1139 0.94
o 1138 0.94
o 1135 0.94
o 1131 0.94
o 1126 0.94
o 1125 0.94
o 1120 0.94
o 1113 0.94
o 1110 0.94
o 1106 0.94
o 1098 0.94
o 1093 0.94
o 1090 0.94
o 1089 0.94
o 1088 0.94
o 1052 0.94
o 1051 0.94
o 1050 0.94
o 1049 0.94
o 1048 0.94
o 1044 0.94
o 1041 0.94
o 1038 0.94
o 1037 0.94
o 1036 0.94
o 1031 0.94
o 1030 0.94
o 1026 0.94
o 1024 0.94
o 1015 0.94
o 1014 0.94
o 1013 0.94
o 973 0.94
o 971 0.94
o 968 0.94
o 965 0.94
o 962 0.94
o 961 0.94
o 960 0.94
o 957 0.94
o 954 0.94
o 949 0.95
o 946 0.95
o 945 0.95
o 943 0.95
o 942 0.95
o 939 0.95
o 937 0.95
o 932 0.95
o 913 0.96
o 912 1.21
o 910 1.21
o 909 1.21
o 908 1.21
o 907 1.21
o 906 1.21
o 904 1.22
o 901 1.22
o 899 1.22
o 898 1.22
o 897 1.22
o 896 1.22
o 895 1.22
o 894 1.22
o 892 1.24
o 873 1.26
o 871 1.26
o 869 1.26
o 867 1.28
o 866 1.28
o 865 1.29
o 864 1.31
o 862 1.31
o 861 1.31
o 860 1.31
o 857 1.32
o 856 1.32
o 854 1.32
o 853 1.32
o 852 1.32
o 850 1.32
o 849 1.33
o 847 1.33
o 846 1.33
o 844 1.33
o 842 1.34
o 841 1.36
o 839 1.36
o 838 1.36
o 836 1.36
o 835 1.36
o 831 1.37
o 829 1.4
o 826 1.4
o 825 1.4
o 823 1.4
o 822 1.41
o 786 1.45
o 785 1.45
o 784 1.46
o 783 1.46
o 780 1.46
o 778 1.47
o 770 1.6
o 769 1.6
o 767 1.6
o 766 1.66
o 765 1.75
o 764 1.76
o 763 1.76
o 762 1.76
o 761 1.77
o 760 1.8
o 758 1.8
o 757 2.05
o 754 2.05
o 753 2.52
o 750 2.52
o 749 2.81
o 748 2.81
o 746 2.99
o 745 2.99
o 743 2.99
o 740 3.04
o 739 3.06
o 737 3.06
o 736 3.06
o 734 3.06
o 733 3.06
o 732 3.06
o 731 24.97
o 730 48.6
o 729 48.6
o 728 48.61
o 727 87.85
o 726 87.85
o 725 87.86
o 724 87.86
o 722 88.24
judgment-aggregation-ja-kemeny-preflib-00051-00000011
o 1452 0.88
o 1450 0.88
o 1449 0.88
o 1447 0.88
o 1446 0.88
o 1443 0.88
o 1441 0.88
o 1424 0.88
o 1421 0.88
o 1418 0.88
o 1415 0.88
o 1410 0.9
o 1407 0.9
o 1404 0.9
o 1401 0.9
o 1398 0.9
o 1395 0.9
o 1392 0.9
o 1389 0.9
o 1388 0.9
o 1385 0.9
o 1384 0.9
o 1383 0.9
o 1379 0.9
o 1374 0.9
o 1373 0.9
o 1372 0.9
o 1371 0.9
o 1370 0.9
o 1365 0.9
o 1360 0.9
o 1359 0.9
o 1358 0.9
o 1355 0.9
o 1354 0.9
o 1350 0.9
o 1347 0.9
o 1346 0.9
o 1345 0.9
o 1344 0.9
o 1337 0.9
o 1332 0.9
o 1331 0.9
o 1330 0.9
o 1327 0.9
o 1324 0.9
o 1319 0.9
o 1316 0.9
o 1315 0.9
o 1314 0.9
o 1312 0.9
o 1309 0.9
o 1306 0.9
o 1303 0.9
o 1300 0.9
o 1298 0.9
o 1297 0.9
o 1294 0.9
o 1293 0.9
o 1292 0.9
o 1291 0.9
o 1288 0.9
o 1287 0.9
o 1284 0.9
o 1283 0.9
o 1282 0.9
o 1281 0.9
o 1278 0.9
o 1277 0.9
o 1270 0.9
o 1266 0.9
o 1263 0.9
o 1262 0.9
o 1257 0.9
o 1256 0.9
o 1254 0.9
o 1253 0.9
o 1248 0.9
o 1245 0.9
o 1240 0.9
o 1236 0.9
o 1235 0.9
o 1232 0.9
o 1229 0.9
o 1224 0.9
o 1219 0.9
o 1216 0.9
o 1213 0.9
o 1210 0.9
o 1205 0.9
o 1204 0.9
o 1201 0.9
o 1200 0.9
o 1199 0.9
o 1195 0.9
o 1190 0.9
o 1189 0.9
o 1187 0.9
o 1186 0.9
o 1183 0.9
o 1178 0.9
o 1177 0.9
o 1174 0.9
o 1171 0.9
o 1170 0.9
o 1167 0.9
o 1165 0.9
o 1160 0.9
o 1156 0.9
o 1152 0.9
o 1149 0.9
o 1147 0.9
o 1144 0.9
o 1141 0.9
o 1140 0.9
o 1135 0.9
o 1134 0.9
o 1131 0.9
o 1128 0.9
o 1126 0.9
o 1121 0.9
o 1119 0.9
o 1115 0.9
o 1114 0.9
o 1109 0.9
o 1104 0.9
o 1101 0.9
o 1100 0.9
o 1099 0.9
o 1095 0.9
o 1092 0.9
o 1091 0.9
o 1090 0.9
o 1089 0.9
o 1086 0.9
o 1083 0.9
o 1081 0.9
o 1080 0.9
o 1077 0.9
o 1072 0.9
o 1071 0.9
o 1067 0.9
o 1060 0.9
o 1059 0.9
o 1058 0.9
o 1055 0.9
o 1052 0.9
o 1049 0.9
o 1048 0.9
o 1046 0.9
o 1045 0.9
o 1042 0.9
o 1039 0.9
o 1037 0.9
o 1034 0.9
o 1031 0.9
o 1024 0.9
o 1021 0.9
o 1020 0.9
o 1017 0.9
o 1014 0.9
o 1011 0.9
o 1008 0.9
o 1007 0.9
o 1004 0.9
o 1003 0.9
o 1000 0.91
o 997 0.91
o 987 0.91
o 986 0.91
o 983 0.91
o 981 0.91
o 980 0.91
o 977 0.91
o 976 0.91
o 974 0.91
o 970 0.91
o 969 0.91
o 968 0.91
o 967 0.91
o 966 0.91
o 963 0.91
o 960 0.91
o 957 0.91
o 956 0.91
o 951 0.91
o 950 0.91
o 947 0.91
o 946 0.91
o 941 0.91
o 938 0.91
o 935 0.91
o 934 0.91
o 933 0.91
o 929 0.91
o 925 0.91
o 924 0.91
o 919 0.91
o 918 0.91
o 916 0.91
o 915 0.91
o 914 0.91
o 911 0.91
o 909 0.91
o 908 0.91
o 907 0.91
o 906 0.91
o 905 0.91
o 903 0.91
o 902 0.91
o 892 0.91
o 889 0.91
o 888 0.91
o 887 0.91
o 886 0.91
o 883 0.91
o 882 0.91
o 881 0.91
o 878 0.91
o 873 1.19
o 868 1.19
o 863 1.19
o 860 1.19
o 859 1.19
o 856 1.19
o 855 1.19
o 854 1.19
o 853 1.19
o 850 1.19
o 849 1.19
o 846 1.19
o 845 1.19
o 829 1.19
o 827 1.2
o 825 1.21
o 823 1.21
o 822 1.27
o 821 1.29
o 820 1.29
o 819 1.3
o 818 1.31
o 817 1.38
o 816 1.38
o 814 1.38
o 809 1.38
o 808 1.39
o 806 1.39
o 802 1.4
o 799 1.4
o 798 1.44
o 795 1.44
o 791 1.44
o 790 1.47
o 787 1.48
o 786 1.48
o 785 1.49
o 784 1.49
o 782 1.51
o 781 1.51
o 777 1.52
o 776 1.53
o 773 1.6
o 770 1.6
o 767 2.05
o 766 2.08
o 765 2.09
o 762 2.09
o 761 2.15
o 757 2.18
o 755 2.2
o 754 2.2
o 752 2.23
o 750 2.24
o 747 2.24
o 746 2.37
o 743 2.37
o 741 2.4
o 739 2.4
o 738 3.66
o 737 3.66
o 735 3.66
o 734 3.86
o 732 36.2
o 731 36.2
o 730 36.4
o 729 75.21
o 728 75.22
judgment-aggregation-ja-kemeny-preflib-00051-00000011
o 1222 0.95
o 1220 0.95
o 1219 0.95
o 1216 0.95
o 1215 0.95
o 1214 0.95
o 1213 0.95
o 1212 0.95
o 1211 0.95
o 1210 0.95
o 1206 0.95
o 1204 0.95
o 1202 0.95
o 1199 0.95
o 1196 0.95
o 1195 0.95
o 1190 0.95
o 1189 0.95
o 1187 0.95
o 1182 0.95
o 1181 0.95
o 1178 0.95
o 1175 0.95
o 1172 0.95
o 1170 0.95
o 1169 0.95
o 1166 0.95
o 1165 0.95
o 1164 0.95
o 1162 0.95
o 1159 0.95
o 1158 0.95
o 1155 0.95
o 1154 0.95
o 1150 0.95
o 1147 0.95
o 1144 0.95
o 1143 0.95
o 1140 0.95
o 1139 0.95
o 1138 0.95
o 1136 0.95
o 1135 0.95
o 1133 0.95
o 1132 0.95
o 1129 0.95
o 1127 0.95
o 1126 0.95
o 1123 0.95
o 1122 0.95
o 1120 0.95
o 1113 0.95
o 1112 0.95
o 1110 0.95
o 1107 0.95
o 1106 0.95
o 1101 0.95
o 1099 0.95
o 1098 0.95
o 1096 0.95
o 1095 0.95
o 1094 0.95
o 1093 0.95
o 1091 0.95
o 1086 0.95
o 1083 0.95
o 1082 0.95
o 1081 0.95
o 1080 0.95
o 1075 0.95
o 1072 0.95
o 1071 0.95
o 1064 0.95
o 1063 0.95
o 1062 0.95
o 1061 0.95
o 1059 0.95
o 1055 0.95
o 1052 0.95
o 1050 0.95
o 1045 0.95
o 1042 0.95
o 1040 0.95
o 1038 0.95
o 1037 0.96
o 1035 0.96
o 1032 0.96
o 1031 0.96
o 1026 0.96
o 1025 0.96
o 1022 0.96
o 1021 0.96
o 1019 0.96
o 1016 0.96
o 1015 0.96
o 1014 0.96
o 1011 0.96
o 1010 0.96
o 1007 0.96
o 1004 0.96
o 1001 0.96
o 998 0.96
o 997 0.96
o 994 0.96
o 993 0.96
o 990 0.96
o 989 0.96
o 988 0.96
o 987 0.96
o 986 0.96
o 985 0.96
o 981 0.96
o 980 0.96
o 979 0.96
o 976 0.96
o 975 0.96
o 972 0.96
o 957 0.96
o 956 0.96
o 954 0.96
o 953 0.96
o 952 0.96
o 951 0.96
o 950 0.96
o 949 0.96
o 945 0.97
o 942 0.97
o 939 0.97
o 938 0.97
o 935 0.97
o 930 0.97
o 929 0.97
o 919 1.07
o 908 1.07
o 906 1.09
o 904 1.09
o 901 1.09
o 900 1.09
o 898 1.09
o 897 1.09
o 895 1.09
o 894 1.09
o 892 1.09
o 888 1.1
o 887 1.1
o 874 1.1
o 872 1.11
o 868 1.11
o 867 1.11
o 866 1.11
o 865 1.11
o 863 1.11
o 860 1.4
o 858 1.4
o 857 1.4
o 854 1.4
o 852 1.41
o 851 1.41
o 848 1.41
o 847 1.45
o 846 1.45
o 843 1.48
o 841 1.48
o 838 1.48
o 837 1.85
o 836 1.86
o 834 1.86
o 832 1.94
o 831 1.94
o 827 1.99
o 826 2.1
o 824 2.31
o 822 2.31
o 820 2.67
o 817 2.67
o 814 2.67
o 813 2.67
o 812 2.82
o 808 2.82
o 805 2.82
o 803 2.82
o 801 2.84
o 799 2.84
o 798 2.84
o 782 3.94
o 780 3.95
o 779 3.95
o 776 3.95
o 775 4.03
o 773 4.03
o 771 4.16
o 765 4.16
o 764 4.22
o 763 4.76
o 757 4.77
o 756 4.77
o 754 4.77
o 751 4.77
o 749 4.78
o 744 4.78
o 742 16.6
o 741 16.6
o 740 16.65
o 738 16.66
o 736 16.67
o 735 16.73
o 733 16.73
o 732 16.73
o 729 16.73
o 727 29.11
o 726 229.17
o 724 229.17
judgment-aggregation-ja-kemeny-preflib-00051-00000011
o 1376 1.02
o 1375 1.02
o 1372 1.02
o 1371 1.02
o 1368 1.02
o 1365 1.02
o 1362 1.02
o 1360 1.02
o 1355 1.02
o 1353 1.02
o 1352 1.02
o 1350 1.02
o 1349 1.02
o 1347 1.02
o 1346 1.02
o 1344 1.02
o 1343 1.02
o 1338 1.02
o 1337 1.02
o 1334 1.02
o 1327 1.02
o 1326 1.02
o 1325 1.02
o 1323 1.02
o 1316 1.02
o 1315 1.02
o 1314 1.02
o 1311 1.02
o 1309 1.02
o 1305 1.02
o 1303 1.02
o 1300 1.02
o 1297 1.02
o 1295 1.02
o 1290 1.02
o 1289 1.02
o 1288 1.02
o 1287 1.02
o 1286 1.02
o 1283 1.02
o 1280 1.02
o 1279 1.02
o 1278 1.02
o 1273 1.02
o 1270 1.02
o 1267 1.02
o 1265 1.02
o 1260 1.02
o 1259 1.02
o 1258 1.02
o 1255 1.02
o 1254 1.02
o 1253 1.02
o 1252 1.02
o 1248 1.02
o 1247 1.02
o 1246 1.02
o 1245 1.02
o 1244 1.02
o 1241 1.02
o 1236 1.02
o 1233 1.02
o 1232 1.02
o 1230 1.02
o 1226 1.02
o 1225 1.02
o 1223 1.02
o 1222 1.02
o 1221 1.02
o 1218 1.02
o 1215 1.02
o 1214 1.02
o 1209 1.02
o 1204 1.02
o 1203 1.02
o 1202 1.02
o 1199 1.02
o 1196 1.02
o 1195 1.02
o 1192 1.02
o 1189 1.02
o 1188 1.02
o 1184 1.02
o 1179 1.02
o 1178 1.02
o 1177 1.02
o 1174 1.02
o 1173 1.02
o 1166 1.02
o 1161 1.02
o 1160 1.02
o 1157 1.02
o 1155 1.02
o 1154 1.02
o 1151 1.02
o 1148 1.02
o 1147 1.02
o 1146 1.02
o 1144 1.02
o 1143 1.02
o 1140 1.02
o 1135 1.02
o 1134 1.02
o 1130 1.02
o 1129 1.02
o 1124 1.02
o 1123 1.02
o 1122 1.02
o 1119 1.02
o 1116 1.02
o 1113 1.02
o 1111 1.02
o 1110 1.02
o 1109 1.02
o 1107 1.02
o 1105 1.02
o 1101 1.02
o 1097 1.02
o 1092 1.02
o 1090 1.02
o 1089 1.02
o 1088 1.02
o 1083 1.02
o 1082 1.02
o 1081 1.02
o 1078 1.02
o 1074 1.03
o 1073 1.03
o 1072 1.03
o 1062 1.03
o 1057 1.03
o 1056 1.03
o 1055 1.03
o 1053 1.03
o 1047 1.03
o 1046 1.03
o 1044 1.03
o 1043 1.03
o 1037 1.03
o 1034 1.03
o 1031 1.03
o 1030 1.03
o 1026 1.03
o 1024 1.03
o 1019 1.03
o 1018 1.03
o 1017 1.03
o 1014 1.03
o 1011 1.03
o 1008 1.03
o 1005 1.03
o 1002 1.03
o 999 1.03
o 998 1.03
o 997 1.03
o 996 1.03
o 995 1.03
o 990 1.03
o 989 1.03
o 988 1.03
o 986 1.03
o 971 1.03
o 961 1.04
o 960 1.04
o 957 1.04
o 954 1.04
o 951 1.04
o 948 1.04
o 945 1.04
o 944 1.04
o 943 1.04
o 941 1.04
o 936 1.04
o 933 1.29
o 930 1.3
o 928 1.34
o 926 1.34
o 925 1.34
o 922 1.34
o 920 1.35
o 919 1.35
o 918 1.38
o 917 1.38
o 913 1.39
o 912 1.4
o 911 1.4
o 901 1.4
o 900 1.4
o 898 1.4
o 895 1.4
o 894 1.4
o 893 1.5
o 892 1.51
o 891 1.51
o 889 1.51
o 886 1.51
o 885 1.51
o 884 1.52
o 883 1.52
o 880 1.52
o 879 1.52
o 876 1.57
o 873 1.57
o 872 1.58
o 869 1.58
o 867 1.58
o 866 1.58
o 863 1.59
o 862 1.59
o 860 1.6
o 859 1.62
o 857 1.7
o 856 1.7
o 851 1.71
o 848 1.71
o 846 1.71
o 845 1.71
o 844 1.71
o 779 1.87
o 778 1.89
o 776 1.89
o 774 1.94
o 772 1.95
o 771 1.95
o 768 1.95
o 766 1.96
o 764 1.96
o 761 1.96
o 760 2.17
o 759 2.17
o 758 2.17
o 757 2.17
o 756 3.86
o 755 3.86
o 753 3.86
o 751 3.96
o 747 4.34
o 746 12.44
o 744 12.44
o 742 12.45
o 741 12.87
o 740 12.88
o 739 12.88
o 737 12.88
o 735 13.93
o 734 40.85
o 733 40.85
o 732 40.85
o 729 81.15
o 727 170.79
o 726 202.21
judgment-aggregation-ja-kemeny-preflib-00051-00000011
o 1266 0.99
o 1260 0.99
o 1253 0.99
o 1252 0.99
o 1249 0.99
o 1247 0.99
o 1246 0.99
o 1245 0.99
o 1244 0.99
o 1243 0.99
o 1240 0.99
o 1237 0.99
o 1236 0.99
o 1235 0.99
o 1230 0.99
o 1229 0.99
o 1226 0.99
o 1225 0.99
o 1224 0.99
o 1222 0.99
o 1219 0.99
o 1216 0.99
o 1215 0.99
o 1214 0.99
o 1211 0.99
o 1209 0.99
o 1207 0.99
o 1205 0.99
o 1204 0.99
o 1203 0.99
o 1202 0.99
o 1198 0.99
o 1196 0.99
o 1195 0.99
o 1192 0.99
o 1191 0.99
o 1188 0.99
o 1187 0.99
o 1185 0.99
o 1183 0.99
o 1180 0.99
o 1177 0.99
o 1176 0.99
o 1175 0.99
o 1172 0.99
o 1171 0.99
o 1169 0.99
o 1166 0.99
o 1165 0.99
o 1164 0.99
o 1163 0.99
o 1162 0.99
o 1158 0.99
o 1157 0.99
o 1156 0.99
o 1153 0.99
o 1152 0.99
o 1151 0.99
o 1146 0.99
o 1145 0.99
o 1144 0.99
o 1143 0.99
o 1142 0.99
o 1141 0.99
o 1139 0.99
o 1138 0.99
o 1137 0.99
o 1136 0.99
o 1133 0.99
o 1130 0.99
o 1128 0.99
o 1125 0.99
o 1123 0.99
o 1119 0.99
o 1118 0.99
o 1117 0.99
o 1116 0.99
o 1113 0.99
o 1112 0.99
o 1110 0.99
o 1105 0.99
o 1103 1
o 1101 1
o 1097 1
o 1096 1
o 1095 1
o 991 1
o 990 1
o 950 1
o 948 1
o 915 1.01
o 914 1.22
o 913 1.22
o 912 1.22
o 911 1.22
o 907 1.22
o 904 1.22
o 900 1.22
o 898 1.23
o 897 1.23
o 895 1.24
o 894 1.24
o 892 1.24
o 889 1.24
o 886 1.24
o 885 1.24
o 884 1.24
o 883 1.24
o 880 1.24
o 879 1.24
o 876 1.25
o 873 1.25
o 868 1.25
o 865 1.25
o 864 1.25
o 863 1.25
o 860 1.25
o 859 1.25
o 858 1.25
o 855 1.25
o 854 1.25
o 851 1.25
o 848 1.25
o 847 1.25
o 842 1.26
o 841 1.26
o 840 1.27
o 839 1.27
o 838 1.27
o 837 1.27
o 836 1.27
o 835 1.27
o 772 1.73
o 771 2.22
o 769 2.22
o 768 2.22
o 766 2.24
o 765 2.31
o 762 2.31
o 758 2.34
o 747 3.13
o 744 3.13
o 742 3.15
o 737 3.15
o 736 3.15
o 733 3.15
o 731 3.27
o 729 3.27
o 728 197.63
o 727 197.69
judgment-aggregation-ja-kemeny-preflib-00051-00000011
o 1345 0.98
o 1343 0.98
o 1340 0.98
o 1339 0.98
o 1338 0.98
o 1337 0.98
o 1334 0.98
o 1333 0.98
o 1330 0.98
o 1327 0.98
o 1325 0.98
o 1322 0.98
o 1319 0.98
o 1318 0.98
o 1315 0.98
o 1313 0.98
o 1310 0.98
o 1307 0.98
o 1306 0.98
o 1305 0.98
o 1300 0.98
o 1299 0.98
o 1292 0.98
o 1289 0.98
o 1288 0.98
o 1287 0.98
o 1284 0.98
o 1283 0.98
o 1272 0.98
o 1271 0.98
o 1270 0.98
o 1265 0.98
o 1262 0.98
o 1259 0.98
o 1257 0.98
o 1252 0.98
o 1249 0.98
o 1244 0.98
o 1243 0.98
o 1240 0.98
o 1235 0.98
o 1232 0.98
o 1227 0.98
o 1224 0.98
o 1223 0.98
o 1221 0.98
o 1218 0.98
o 1217 0.98
o 1214 0.98
o 1211 0.98
o 1208 0.98
o 1205 0.98
o 1204 0.98
o 1201 0.98
o 1200 0.98
o 1199 0.98
o 1194 0.98
o 1191 0.98
o 1188 0.98
o 1187 0.98
o 1182 0.98
o 1181 0.98
o 1177 0.98
o 1176 0.98
o 1175 0.98
o 1174 0.98
o 1171 0.98
o 1168 0.98
o 1167 0.98
o 1164 0.98
o 1159 0.98
o 1152 0.98
o 1149 0.98
o 1148 0.98
o 1145 0.98
o 1142 0.98
o 1140 0.98
o 1138 0.98
o 1137 0.98
o 1136 0.98
o 1135 0.98
o 1134 0.98
o 1133 0.98
o 1132 0.98
o 1129 0.98
o 1128 0.98
o 1125 0.98
o 1120 0.98
o 1115 0.98
o 1113 0.98
o 1110 0.98
o 1107 0.98
o 1104 0.98
o 1103 0.98
o 1102 0.98
o 1101 0.98
o 1099 0.98
o 1097 0.98
o 1096 0.98
o 1094 0.98
o 1093 0.98
o 1090 0.98
o 1089 0.98
o 1088 0.98
o 1087 0.98
o 1084 0.98
o 1081 0.98
o 1078 0.98
o 1075 0.98
o 1074 0.98
o 1073 0.98
o 1070 0.98
o 1069 0.98
o 1068 0.98
o 1063 0.98
o 1062 0.98
o 1060 0.98
o 1058 0.98
o 1056 0.98
o 1053 0.98
o 1052 0.98
o 1049 0.98
o 1046 0.98
o 1045 0.98
o 1042 0.98
o 1040 0.98
o 1039 0.99
o 1036 0.99
o 1035 0.99
o 1032 0.99
o 1031 0.99
o 1029 0.99
o 1028 0.99
o 1025 0.99
o 1024 0.99
o 1023 0.99
o 1018 0.99
o 1017 0.99
o 1011 0.99
o 1006 0.99
o 1005 0.99
o 1004 0.99
o 1003 0.99
o 1001 0.99
o 998 0.99
o 995 0.99
o 994 0.99
o 989 0.99
o 987 0.99
o 986 0.99
o 983 0.99
o 980 0.99
o 977 0.99
o 976 0.99
o 973 0.99
o 972 0.99
o 969 0.99
o 964 0.99
o 961 0.99
o 960 0.99
o 957 0.99
o 956 0.99
o 950 0.99
o 949 0.99
o 946 0.99
o 940 0.99
o 939 0.99
o 936 0.99
o 935 0.99
o 932 0.99
o 929 0.99
o 924 0.99
o 921 0.99
o 920 0.99
o 917 0.99
o 916 0.99
o 909 0.99
o 906 0.99
o 905 0.99
o 904 0.99
o 900 0.99
o 899 0.99
o 898 0.99
o 897 0.99
o 894 0.99
o 891 0.99
o 890 0.99
o 887 0.99
o 885 0.99
o 881 0.99
o 878 0.99
o 877 0.99
o 874 0.99
o 871 0.99
o 870 0.99
o 866 0.99
o 865 0.99
o 864 0.99
o 861 0.99
o 860 0.99
o 859 0.99
o 857 0.99
o 856 1
o 851 1
o 846 1
o 841 1
o 838 1
o 837 1
o 834 1
o 833 1
o 832 1
o 831 1
o 830 1
o 828 1.42
o 824 1.42
o 823 1.43
o 820 1.43
o 817 1.43
o 814 1.43
o 812 1.43
o 811 1.43
o 810 1.43
o 809 1.44
o 808 1.44
o 780 1.93
o 779 1.95
o 776 1.95
o 775 1.96
o 773 1.96
o 771 1.97
o 769 1.98
o 767 1.98
o 763 1.98
o 761 2.44
o 758 3.47
o 757 3.47
o 756 3.48
o 751 3.51
o 749 8.32
o 747 8.32
o 746 8.6
o 745 14.18
o 742 14.47
o 740 43
o 739 43.06
o 736 43.06
o 735 57.76
o 734 57.96
o 733 57.96
o 732 57.96
o 731 60.5
o 730 60.51
o 728 88.31
o 727 215.94
o 725 215.94
o 724 215.94
judgment-aggregation-ja-kemeny-preflib-00051-00000011
o 1374 1.06
o 1372 1.06
o 1369 1.06
o 1368 1.06
o 1366 1.06
o 1363 1.06
o 1362 1.06
o 1361 1.06
o 1358 1.06
o 1355 1.06
o 1354 1.06
o 1347 1.06
o 1340 1.06
o 1337 1.06
o 1332 1.06
o 1325 1.06
o 1324 1.06
o 1321 1.06
o 1316 1.06
o 1313 1.06
o 1308 1.06
o 1307 1.06
o 1302 1.06
o 1297 1.06
o 1294 1.06
o 1291 1.06
o 1289 1.06
o 1288 1.06
o 1287 1.06
o 1286 1.06
o 1281 1.06
o 1280 1.06
o 1278 1.06
o 1276 1.06
o 1269 1.06
o 1264 1.06
o 1257 1.06
o 1252 1.06
o 1249 1.06
o 1248 1.06
o 1245 1.06
o 1242 1.06
o 1239 1.06
o 1234 1.06
o 1233 1.06
o 1232 1.06
o 1229 1.06
o 1228 1.06
o 1225 1.06
o 1223 1.06
o 1222 1.06
o 1221 1.06
o 1220 1.06
o 1219 1.06
o 1216 1.06
o 1209 1.06
o 1204 1.06
o 1201 1.06
o 1200 1.06
o 1199 1.06
o 1198 1.06
o 1196 1.06
o 1195 1.06
o 1191 1.06
o 1188 1.06
o 1185 1.07
o 1184 1.07
o 1181 1.07
o 1180 1.07
o 1179 1.07
o 1175 1.07
o 1174 1.07
o 1171 1.07
o 1170 1.07
o 1167 1.07
o 1166 1.07
o 1163 1.07
o 1158 1.07
o 1155 1.07
o 1154 1.07
o 1151 1.07
o 1146 1.07
o 1143 1.07
o 1142 1.07
o 1140 1.07
o 1139 1.07
o 1138 1.07
o 1137 1.07
o 1134 1.07
o 1133 1.07
o 1124 1.07
o 1122 1.07
o 1121 1.07
o 1120 1.07
o 1119 1.07
o 1111 1.07
o 1108 1.07
o 1107 1.07
o 1106 1.07
o 1105 1.07
o 1104 1.07
o 1102 1.07
o 1101 1.07
o 1098 1.07
o 1095 1.07
o 1092 1.07
o 1089 1.07
o 1088 1.07
o 1085 1.07
o 1080 1.07
o 1075 1.07
o 1074 1.07
o 1069 1.07
o 1065 1.07
o 1063 1.07
o 1062 1.07
o 1061 1.07
o 1060 1.07
o 1059 1.07
o 1055 1.07
o 1054 1.07
o 1053 1.07
o 1052 1.07
o 1047 1.07
o 1045 1.07
o 1038 1.07
o 1037 1.07
o 1029 1.07
o 1028 1.07
o 1027 1.07
o 1026 1.07
o 1023 1.07
o 1022 1.07
o 1020 1.07
o 1017 1.07
o 1012 1.07
o 1011 1.07
o 1008 1.07
o 1005 1.07
o 1003 1.07
o 1001 1.07
o 999 1.07
o 994 1.07
o 992 1.07
o 989 1.07
o 987 1.08
o 986 1.08
o 985 1.08
o 981 1.08
o 976 1.08
o 975 1.08
o 968 1.08
o 963 1.08
o 958 1.08
o 957 1.08
o 953 1.23
o 942 1.24
o 940 1.24
o 934 1.24
o 932 1.24
o 929 1.24
o 928 1.24
o 924 1.24
o 919 1.25
o 916 1.25
o 915 1.46
o 914 1.46
o 910 1.46
o 908 1.46
o 907 1.46
o 906 1.46
o 904 1.46
o 903 1.46
o 899 1.46
o 895 1.46
o 884 1.46
o 883 1.46
o 882 1.47
o 880 1.47
o 875 1.48
o 873 1.48
o 872 1.48
o 871 1.48
o 870 1.48
o 867 1.48
o 866 1.51
o 863 1.51
o 861 1.51
o 860 1.51
o 858 1.52
o 854 1.52
o 851 1.52
o 850 1.52
o 848 1.53
o 846 1.53
o 842 1.54
o 840 1.54
o 838 1.55
o 837 1.55
o 834 1.56
o 833 1.56
o 832 1.62
o 831 1.63
o 829 1.66
o 828 1.67
o 827 1.67
o 824 1.69
o 822 1.69
o 818 1.7
o 817 1.7
o 816 1.7
o 813 1.7
o 812 1.7
o 810 1.71
o 809 1.71
o 808 1.73
o 805 1.73
o 803 1.73
o 800 1.73
o 799 1.73
o 798 1.73
o 797 1.73
o 796 1.73
o 792 1.73
o 790 1.74
o 786 1.74
o 784 1.79
o 783 1.82
o 780 1.87
o 774 1.87
o 773 1.88
o 772 1.88
o 771 1.9
o 770 1.9
o 768 1.9
o 767 1.91
o 766 1.92
o 764 1.92
o 759 1.93
o 757 1.93
o 756 1.93
o 755 1.93
o 753 1.95
o 752 1.96
o 750 4.3
o 748 4.34
o 745 18.06
o 743 18.07
o 742 18.27
o 740 18.84
o 739 18.88
o 738 18.89
o 737 19.03
o 736 24.04
o 733 86.88
o 732 86.89
o 730 106.47
o 729 106.47
o 726 298.76
o 725 298.76
judgment-aggregation-ja-kemeny-preflib-00051-00000011
o 1419 1.14
o 1417 1.14
o 1414 1.14
o 1412 1.15
o 1407 1.15
o 1405 1.15
o 1404 1.15
o 1400 1.15
o 1398 1.15
o 1394 1.15
o 1393 1.15
o 1392 1.15
o 1391 1.15
o 1388 1.15
o 1386 1.15
o 1384 1.15
o 1383 1.15
o 1382 1.15
o 1381 1.15
o 1378 1.15
o 1377 1.15
o 1375 1.15
o 1372 1.15
o 1371 1.15
o 1370 1.15
o 1368 1.15
o 1366 1.15
o 1363 1.15
o 1360 1.15
o 1357 1.15
o 1354 1.15
o 1349 1.15
o 1346 1.15
o 1341 1.15
o 1334 1.15
o 1333 1.15
o 1330 1.15
o 1327 1.15
o 1322 1.15
o 1319 1.15
o 1317 1.15
o 1316 1.15
o 1313 1.15
o 1312 1.15
o 1311 1.15
o 1310 1.15
o 1309 1.15
o 1306 1.15
o 1305 1.15
o 1304 1.15
o 1301 1.15
o 1300 1.15
o 1299 1.15
o 1298 1.15
o 1297 1.15
o 1296 1.15
o 1295 1.15
o 1293 1.15
o 1292 1.15
o 1289 1.15
o 1288 1.15
o 1283 1.15
o 1282 1.15
o 1279 1.15
o 1278 1.15
o 1277 1.15
o 1274 1.15
o 1273 1.15
o 1270 1.15
o 1269 1.15
o 1266 1.15
o 1265 1.15
o 1262 1.15
o 1261 1.15
o 1259 1.15
o 1257 1.15
o 1256 1.15
o 1253 1.15
o 1252 1.15
o 1251 1.15
o 1250 1.15
o 1245 1.15
o 1244 1.15
o 1243 1.15
o 1242 1.15
o 1239 1.15
o 1238 1.15
o 1237 1.15
o 1230 1.15
o 1223 1.15
o 1220 1.15
o 1215 1.15
o 1212 1.15
o 1209 1.15
o 1204 1.15
o 1197 1.15
o 1194 1.15
o 1193 1.15
o 1188 1.15
o 1187 1.15
o 1186 1.15
o 1183 1.15
o 1180 1.15
o 1178 1.15
o 1173 1.15
o 1171 1.15
o 1169 1.15
o 1168 1.15
o 1165 1.15
o 1164 1.15
o 1163 1.15
o 1161 1.15
o 1159 1.15
o 1156 1.15
o 1153 1.15
o 1152 1.15
o 1146 1.15
o 1138 1.15
o 1136 1.15
o 1135 1.15
o 1134 1.15
o 1131 1.15
o 1130 1.15
o 1129 1.15
o 1127 1.15
o 1123 1.15
o 1122 1.15
o 1120 1.16
o 1117 1.16
o 1116 1.16
o 1115 1.16
o 1114 1.16
o 1109 1.16
o 1102 1.16
o 1076 1.16
o 1007 1.17
o 987 1.38
o 984 1.38
o 982 1.39
o 981 1.39
o 976 1.39
o 970 1.39
o 967 1.39
o 965 1.39
o 959 1.39
o 956 1.39
o 954 1.4
o 952 1.4
o 951 1.4
o 949 1.4
o 948 1.4
o 947 1.4
o 946 1.4
o 945 1.41
o 944 1.41
o 943 1.41
o 941 1.41
o 938 1.41
o 937 1.41
o 936 1.41
o 935 1.41
o 934 1.42
o 932 1.42
o 924 1.42
o 923 1.43
o 919 1.43
o 917 1.44
o 912 1.44
o 911 1.44
o 910 1.44
o 906 1.44
o 903 1.44
o 902 1.44
o 900 1.44
o 897 1.44
o 894 1.44
o 892 1.45
o 888 1.45
o 887 1.45
o 885 1.47
o 884 1.48
o 881 1.48
o 878 1.48
o 877 1.48
o 876 1.48
o 873 1.48
o 872 1.53
o 870 1.53
o 866 1.53
o 862 1.57
o 861 1.58
o 858 1.58
o 857 1.63
o 855 1.63
o 853 1.77
o 852 1.77
o 850 1.78
o 847 1.79
o 845 1.8
o 844 1.8
o 843 1.8
o 840 1.8
o 839 1.8
o 836 1.8
o 834 1.8
o 833 2.31
o 832 2.32
o 831 2.32
o 830 2.43
o 828 2.43
o 827 2.44
o 826 2.55
o 825 2.56
o 824 2.57
o 823 2.57
o 821 2.57
o 820 2.57
o 817 2.57
o 812 2.64
o 811 2.64
o 810 2.65
o 807 2.65
o 801 2.83
o 800 2.95
o 799 2.96
o 797 2.96
o 795 2.96
o 794 2.98
o 793 3.2
o 792 3.2
o 791 3.36
o 788 3.37
o 786 3.55
o 784 3.55
o 782 3.82
o 779 3.82
o 777 4.2
o 776 4.2
o 773 4.21
o 772 4.21
o 769 4.21
o 768 4.22
o 767 4.22
o 766 4.22
o 765 6.53
o 763 6.54
o 761 7.08
o 759 7.08
o 756 7.08
o 755 7.09
o 754 7.1
o 753 7.2
o 752 7.2
o 750 7.2
o 749 8.47
o 748 8.49
o 746 8.49
o 744 8.5
o 743 12.38
o 741 12.39
o 739 12.4
o 737 12.4
o 736 12.45
o 734 18.21
o 733 18.22
o 730 18.22
o 728 18.22
o 726 139.19
o 725 139.19
