max-realizability-power-distribution_12_8
o 2645 0.78
o 2116 0.78
o 2092 0.78
o 2069 0.78
o 2046 0.78
o 2045 0.78
o 2022 0.79
o 1998 0.79
o 1469 0.79
o 940 0.79
o 917 0.79
o 388 0.79
o 365 0.79
o 342 0.79
o 341 0.79
o 340 0.79
o 317 0.79
o 294 0.79
o 271 0.79
o 270 0.81
o 269 0.85
o 268 0.9
o 265 2.13
o 264 17.55
o 247 36.98
o 246 61.83
o 241 80.09
o 222 184.74
o 221 278.08
max-realizability-power-distribution_12_8
o 432 0.75
o 409 0.75
o 385 0.75
o 361 0.75
o 338 0.75
o 314 0.75
o 290 0.75
o 267 0.75
o 244 0.75
o 241 9.99
max-realizability-power-distribution_12_8
o 962 0.73
o 433 0.73
o 410 0.73
o 387 0.73
o 364 0.73
o 341 0.73
o 318 0.73
o 295 0.73
o 294 0.73
o 270 0.73
o 268 0.83
o 265 1.04
o 244 1.58
o 242 20.83
o 218 20.83
o 217 20.83
max-realizability-power-distribution_12_8
o 290 0.89
o 289 0.89
o 288 0.89
o 267 0.9
o 266 0.92
o 265 0.93
o 264 0.93
o 241 19.78
o 217 19.81
max-realizability-power-distribution_12_8
o 243 0.81
o 242 0.81
o 241 0.81
o 240 0.81
max-realizability-power-distribution_12_8
o 3726 0.78
o 3702 0.78
o 3678 0.78
o 3149 0.78
o 3125 0.78
o 3102 0.78
o 2573 0.78
o 2549 0.78
o 2525 0.78
o 2501 0.78
o 2500 0.78
o 2477 0.78
o 2453 0.79
o 1924 0.79
o 1901 0.79
o 1418 0.79
o 889 0.79
o 865 0.79
o 841 0.79
o 336 0.79
o 312 0.79
o 288 0.79
o 268 0.8
o 267 0.94
o 266 0.94
o 246 1.86
o 245 1.86
o 242 32.68
o 241 171.26
max-realizability-power-distribution_12_8
o 338 0.74
o 315 0.74
o 314 0.74
o 291 0.74
o 268 0.74
o 245 0.74
o 222 0.74
o 221 0.74
o 220 0.74
o 219 0.75
o 218 0.75
o 217 0.75
max-realizability-power-distribution_12_8
o 552 0.83
o 529 0.83
o 505 0.83
o 482 0.83
o 458 0.84
o 434 0.84
o 410 0.84
o 386 0.84
o 362 0.84
o 339 0.84
o 315 0.84
o 291 0.84
o 290 0.85
o 266 0.86
o 265 0.88
o 264 0.89
o 240 32.61
o 221 101.01
max-realizability-power-distribution_12_8
o 552 0.75
o 528 0.75
o 504 0.75
o 480 0.75
o 456 0.75
o 433 0.75
o 409 0.75
o 385 0.75
o 361 0.75
o 338 0.75
o 315 0.75
o 314 0.75
o 291 0.75
o 267 0.75
o 266 0.81
o 265 0.81
o 247 7.67
o 227 7.73
max-realizability-power-distribution_12_8
o 2621 0.85
o 2597 0.85
o 2573 0.85
o 2550 0.85
o 2527 0.85
o 2504 0.86
o 1975 0.86
o 1446 0.86
o 1445 0.86
o 1421 0.86
o 1398 0.86
o 1375 0.86
o 1374 0.86
o 1350 0.86
o 1327 0.86
o 798 0.86
o 316 0.86
o 293 0.86
o 269 0.86
o 268 0.86
o 266 0.92
o 265 1.84
o 264 1.88
o 242 6.68
o 241 25.84
o 240 25.84
o 217 106.96
