MaxSATQueriesinInterpretableClassifiers-credit_train_8_CNF_5_20
o 98928 3.35
o 98908 3.35
o 98888 3.35
o 98868 3.35
o 98848 3.36
o 96990 3.39
o 96989 3.39
o 96988 3.39
o 96987 3.39
o 96969 31.55
o 96967 31.56
o 96952 47.68
o 96933 47.69
o 96932 47.69
o 96894 47.71
o 96854 61.16
o 96836 61.18
o 96834 61.31
o 96817 82.52
o 96797 82.53
o 96777 82.55
o 96757 82.55
o 96737 82.56
o 96717 82.58
o 96697 82.6
o 96677 82.68
o 96657 82.73
o 96639 83
o 96533 140.48
o 96513 140.48
o 96493 140.48
o 96473 140.48
o 96453 140.48
o 96389 140.5
o 96349 140.54
o 96334 140.58
o 96314 140.58
o 96291 140.64
o 96272 140.67
o 96250 140.74
MaxSATQueriesinInterpretableClassifiers-credit_train_8_CNF_5_20
o 105568 3.91
o 105548 3.91
o 105545 13.27
o 105525 13.27
o 105505 13.27
o 105485 13.27
o 105465 13.27
o 105445 13.27
o 105425 13.27
o 105405 13.27
o 105385 13.27
o 105365 13.27
o 105345 13.27
o 105325 13.27
o 105305 13.27
o 105285 13.27
o 105265 13.27
o 105245 13.27
o 105225 13.27
o 104785 13.27
o 104765 13.27
o 104726 13.27
o 104725 13.27
o 104705 13.27
o 104487 13.28
o 104467 13.3
o 104348 13.31
o 104331 13.34
o 104329 13.35
o 104309 13.35
o 104289 13.35
o 104286 13.36
o 104266 13.37
o 104246 13.37
o 104226 13.37
o 104206 13.37
o 104189 13.39
o 104186 13.4
o 104166 13.41
o 104146 13.41
o 104126 13.41
o 104106 13.43
o 104086 13.43
o 104066 13.44
o 104046 13.45
o 104028 13.48
o 104009 13.48
o 103989 13.49
o 103969 13.49
o 103949 13.49
o 103929 13.53
o 103909 13.53
o 103889 13.53
o 103869 13.54
o 103849 13.54
o 103829 13.54
o 103809 13.54
o 103789 13.55
o 103771 13.57
o 103768 13.59
o 103767 13.62
o 103747 13.65
o 103727 13.66
o 103709 13.69
o 103708 13.74
o 103706 13.75
o 103686 13.76
o 103666 13.77
o 103646 13.78
o 103626 13.81
o 103606 13.81
o 103590 13.84
o 103570 13.85
o 103569 13.85
o 103549 13.86
o 103529 13.87
o 103509 13.88
o 103490 13.89
o 103488 13.91
o 103348 13.92
o 103347 13.98
o 102534 15.51
o 102514 15.51
o 99574 15.51
o 99554 15.51
o 99534 15.51
o 99514 15.51
o 99494 15.51
o 99474 15.51
o 99454 15.51
o 99434 15.51
o 99414 15.51
o 99394 15.51
o 99374 15.51
o 99354 15.51
o 99334 15.51
o 99314 15.51
o 99294 15.51
o 99274 15.51
o 99254 15.51
o 99234 15.51
o 99214 15.51
o 99194 15.51
o 99174 15.51
o 99154 15.51
o 99134 15.51
o 99114 15.51
o 99094 15.51
o 99074 15.51
o 99054 15.51
o 99034 15.51
o 99014 15.51
o 98994 15.51
o 98974 15.51
o 98954 15.51
o 98934 15.51
o 98914 15.51
o 98894 15.51
o 98874 15.51
o 98834 15.51
o 98814 15.51
o 98794 15.51
o 98774 15.52
o 98754 15.52
o 98734 15.52
o 98714 15.52
o 98694 15.52
o 98674 15.52
o 98654 15.52
o 98634 15.52
o 98614 15.52
o 98594 15.52
o 98574 15.52
o 98554 15.52
o 98534 15.52
o 98514 15.52
o 98494 15.52
o 98474 15.52
o 98454 15.52
o 98434 15.52
o 98414 15.52
o 98375 15.52
o 98356 15.52
o 98336 15.52
o 98316 15.52
o 98296 15.52
o 98255 15.52
o 98236 15.52
o 98235 15.52
o 98215 15.53
o 98196 15.54
o 98178 15.56
o 98177 15.56
o 98157 15.56
o 98137 15.57
o 98117 15.57
o 98097 15.57
o 98077 15.58
o 98057 15.59
o 98037 15.6
o 98017 15.6
o 97997 15.61
o 97977 15.61
o 97957 15.61
o 97937 15.62
o 97935 15.62
o 97915 15.63
o 97895 15.64
o 97893 15.67
o 97873 15.69
o 97857 15.72
o 97837 15.72
o 97817 15.73
o 97815 15.75
o 97800 20.35
o 97780 20.35
o 97765 20.51
o 97745 20.51
o 97743 20.51
o 97742 20.53
o 97741 20.55
o 97723 20.58
o 97703 20.59
o 97685 20.65
o 97681 20.67
o 97679 20.69
o 97659 20.69
o 97639 20.71
o 97619 20.73
o 97599 20.74
o 97579 20.75
o 97559 20.84
o 97539 20.86
o 97519 20.91
o 97518 21.03
o 97498 21.03
o 97478 21.3
o 97458 21.3
o 97438 21.3
o 97421 21.36
o 97401 21.38
o 97382 21.46
o 97362 21.48
o 97359 21.52
o 97341 21.58
o 97323 21.72
o 97322 21.74
o 97321 21.74
o 97301 21.76
o 97281 21.89
o 97261 21.91
o 97243 22.01
o 97239 22.08
o 97238 22.15
o 97218 22.18
o 97201 22.34
o 97197 22.34
o 97182 22.6
o 97180 22.61
o 97178 22.74
o 97161 22.84
o 97141 22.87
o 97138 22.94
o 97118 22.94
o 97099 22.98
o 97032 32.29
o 97031 32.29
o 97030 32.29
o 97029 32.29
o 97028 32.29
o 97027 32.29
o 96969 32.32
o 96966 32.33
o 96949 32.86
o 96946 42.02
o 96928 42.21
o 96656 51.48
o 96637 51.51
o 96599 51.52
o 96597 51.54
o 96577 51.57
o 96559 51.58
o 96558 51.59
o 96557 51.59
o 96538 51.6
o 96537 51.62
o 96517 51.62
o 96516 51.64
o 96511 69.33
o 96454 69.39
o 96452 269.72
o 96432 269.82
MaxSATQueriesinInterpretableClassifiers-credit_train_8_CNF_5_20
o 98850 3.51
o 98833 3.52
o 97062 3.54
o 97061 3.54
o 97052 24.15
o 97050 24.21
o 96991 24.3
o 96971 24.33
o 96952 24.33
o 96936 24.35
o 96933 24.36
o 96913 24.39
o 96893 24.54
o 96886 43.44
o 96867 43.44
o 96847 43.48
o 96706 43.53
o 96705 43.57
o 96704 43.7
o 96684 43.73
o 96674 105.11
o 96654 105.12
o 96652 105.4
o 96651 105.42
o 96632 105.47
o 96613 105.51
o 96593 105.54
o 96573 105.6
o 96554 105.67
o 96553 105.72
o 96534 105.72
o 96514 105.73
o 96512 105.76
o 96509 108.28
o 96490 108.35
o 96488 108.38
o 96452 130.62
o 96433 130.76
o 96413 130.76
o 96393 215.09
o 96378 290.95
o 96377 290.95
o 96376 290.95
o 96356 291.01
MaxSATQueriesinInterpretableClassifiers-credit_train_8_CNF_5_20
o 99206 4.13
o 97289 4.15
o 97270 4.16
o 97269 4.17
o 97268 4.17
o 97256 15.68
o 97216 15.73
o 97215 15.86
o 97196 15.98
o 97177 16.01
o 97152 17.62
o 96872 17.63
o 96870 17.64
o 96829 17.66
o 96825 17.69
o 96823 17.89
o 96811 17.97
o 96810 17.98
o 96809 17.98
o 96808 17.98
o 96807 17.98
o 96806 17.98
o 96804 17.99
o 96790 18.8
o 96782 18.84
o 96770 19
o 96766 19.02
o 96764 19.05
o 96762 19.09
o 96745 19.15
o 96725 19.17
o 96706 19.37
o 96695 19.44
o 96694 19.44
o 96689 142.09
o 96651 142.16
o 96632 142.2
o 96631 142.34
o 96630 142.34
o 96629 142.58
o 96611 142.75
o 96610 142.75
o 96590 142.79
o 96589 142.83
o 96550 143.04
o 96531 143.05
o 96511 143.29
o 96105 197.34
o 96086 197.34
o 96085 197.34
o 96065 197.34
o 96045 197.34
o 96026 197.35
o 96007 197.37
o 96006 197.43
o 95986 197.43
MaxSATQueriesinInterpretableClassifiers-credit_train_8_CNF_5_20
o 98908 3.86
o 97552 3.88
o 97551 16.7
o 97531 16.7
o 97511 16.7
o 97491 16.7
o 97411 16.7
o 97391 16.7
o 97371 16.7
o 97351 16.7
o 97151 16.7
o 97131 16.7
o 97111 16.7
o 97091 16.7
o 97071 16.7
o 97031 16.7
o 97011 16.7
o 96991 16.7
o 96990 16.71
o 96970 16.8
o 96969 16.81
o 96949 16.81
o 96929 16.82
o 96909 16.82
o 96908 16.84
o 96893 17.03
o 96891 17.07
o 96770 17.52
o 96750 17.54
o 96749 17.59
o 96732 17.66
o 96731 17.66
o 96711 17.7
o 96709 17.73
o 96691 17.82
o 96672 17.94
o 96657 17.97
o 96638 18
o 96636 18.02
o 96633 18.04
o 96631 18.04
o 96611 18.07
o 96610 18.09
o 96609 18.31
o 96592 108.76
o 96573 108.76
o 96559 130.46
o 96539 130.46
o 96519 130.48
o 96500 130.52
o 96492 251.64
o 96472 251.76
o 96452 251.77
o 96432 251.84
o 96412 251.95
MaxSATQueriesinInterpretableClassifiers-credit_train_8_CNF_5_20
o 99028 4.56
o 99008 4.57
o 98988 4.57
o 96854 4.7
o 96853 51.14
o 96833 51.14
o 96813 51.14
o 96812 51.16
o 96792 51.16
o 96772 51.2
o 96752 51.2
o 96732 51.24
o 96713 51.3
o 96693 51.35
o 96673 51.4
o 96653 51.4
o 96633 51.41
o 96613 51.44
o 96593 51.46
o 96592 51.49
o 96572 51.51
o 96552 51.54
o 96532 51.54
o 96493 51.55
o 96473 51.55
o 96453 51.59
o 96433 51.61
o 96432 99.93
o 96431 99.93
o 96411 99.98
MaxSATQueriesinInterpretableClassifiers-credit_train_8_CNF_5_20
o 98748 4.36
o 97508 4.38
o 96924 4.49
o 96905 4.49
o 96904 4.49
o 96903 4.49
o 96884 4.5
o 96840 4.55
o 96839 4.55
o 96794 4.57
o 96792 4.58
o 96772 4.58
o 96753 4.58
o 96733 94.76
o 96713 94.79
o 96693 94.82
o 96673 94.83
o 96672 94.93
o 96652 94.97
o 96635 95.09
o 96634 95.17
o 96614 95.22
o 96612 95.33
o 96593 95.35
o 96577 95.43
o 96557 95.48
o 96538 95.51
o 96535 95.7
o 96534 95.7
o 96516 95.87
o 96496 95.88
o 96476 95.9
o 96456 95.99
o 96454 96.12
o 96435 96.14
o 96415 96.14
o 96395 96.22
o 96375 96.25
o 96356 96.63
o 96354 96.82
o 96335 97.06
o 96315 97.09
o 96295 97.3
o 96276 98.64
o 96265 129.4
o 96245 129.4
o 96225 129.55
o 96205 129.65
o 96185 129.8
o 96165 129.84
o 96147 129.91
o 96127 129.97
o 96126 130.03
o 96125 130.04
MaxSATQueriesinInterpretableClassifiers-credit_train_8_CNF_5_20
o 125583 7.42
o 125563 7.42
o 125543 7.43
o 125523 7.43
o 125503 7.43
o 125483 7.43
o 125463 7.44
o 125443 7.44
o 125423 7.44
o 125403 7.44
o 97910 7.56
o 97501 44.92
o 97479 44.94
o 97459 44.95
o 97455 44.96
o 97435 44.97
o 97433 44.99
o 97414 45.04
o 97395 45.05
o 97394 45.05
o 97393 45.05
o 97373 45.05
o 97354 45.06
o 97353 45.06
o 97333 45.08
o 97313 45.08
o 96951 45.21
o 96933 45.28
o 96913 45.31
o 96911 45.32
o 96871 45.37
o 96851 45.39
o 96831 46.17
o 96811 46.29
o 96793 57.51
o 96792 57.57
o 96749 62.13
o 96729 62.14
o 96728 62.24
o 96709 62.36
o 96707 62.8
o 96688 62.83
o 96687 62.99
o 96668 63.01
o 96649 63.12
o 96632 81.16
o 96612 81.18
o 96594 81.21
o 96428 111.93
o 96427 113
MaxSATQueriesinInterpretableClassifiers-credit_train_8_CNF_5_20
o 98582 5.01
o 98562 5.02
o 97202 5.04
o 96651 22.84
o 96631 22.84
o 96571 22.84
o 96551 22.84
o 96531 22.84
o 96491 22.85
o 96471 22.86
o 96470 23
o 96356 41.24
o 96355 41.25
o 96335 41.25
o 96333 41.59
o 96317 42.08
o 96316 42.39
o 96297 42.45
o 96277 42.53
o 96257 42.53
MaxSATQueriesinInterpretableClassifiers-credit_train_8_CNF_5_20
o 99062 3.6
o 99044 14.81
o 99024 14.81
o 99004 14.81
o 98984 14.81
o 98964 14.81
o 98944 14.81
o 98924 14.81
o 98904 14.81
o 98884 14.81
o 98864 14.81
o 98844 14.81
o 98824 14.81
o 98804 14.82
o 98784 14.82
o 98764 14.82
o 98744 14.82
o 98724 14.82
o 98704 14.82
o 98684 14.82
o 98664 14.82
o 98644 14.82
o 98624 14.82
o 98604 14.82
o 98584 14.82
o 98564 14.82
o 98544 14.82
o 98524 14.82
o 98504 14.82
o 98484 14.82
o 98464 14.82
o 98444 14.82
o 98424 14.82
o 98404 14.82
o 98384 14.82
o 98364 14.82
o 98344 14.82
o 98324 14.82
o 98304 14.84
o 98284 14.84
o 98267 14.89
o 98249 14.89
o 98246 14.9
o 98226 14.9
o 98225 14.93
o 98224 14.93
o 98223 14.95
o 98203 14.98
o 98163 14.98
o 98162 15.24
o 98142 15.24
o 98122 15.24
o 98102 15.25
o 97293 29.19
o 97272 29.2
o 97252 29.22
o 97232 29.22
o 97212 29.23
o 97192 29.24
o 97176 29.27
o 97175 29.28
o 97174 29.28
o 97154 29.3
o 97152 29.31
o 97132 29.32
o 97112 29.34
o 97092 29.35
o 97073 29.36
o 97053 29.36
o 97037 40.32
o 97018 40.32
o 97003 40.45
o 96981 40.49
o 96980 40.54
o 96960 40.54
o 96942 40.58
o 96932 64.64
o 96912 64.65
o 96853 64.7
o 96852 64.77
o 96832 64.78
o 96813 64.81
o 96812 64.9
o 96792 64.94
o 96773 64.99
o 96753 64.99
o 96733 65.03
o 96717 89.72
o 96698 89.74
o 96696 89.78
o 96676 89.8
o 96675 89.83
o 96657 89.87
o 96637 89.92
o 96594 162.69
o 96593 163.04
o 96573 163.05
o 96553 163.08
