mpe-random-net-50-5_network-8.net
o 89922 0
o 89846 0.01
o 89593 0.01
o 82729 0.01
o 79074 0.01
o 78665 0.01
o 76628 0.01
o 76221 0.02
o 75696 0.02
o 73921 0.02
o 73632 0.03
o 73592 0.03
o 72382 0.03
o 71107 0.07
o 68241 0.17
o 68114 0.68
o 67982 1.4
o 66122 5.44
o 65915 12.51
o 65271 16.73
o 64226 23.79
o 63956 34.07
o 56994 45.81
o 56387 45.81
o 54783 45.81
o 53982 45.81
o 53529 45.81
o 52897 56.34
o 52104 67.37
o 51584 105.32
o 50695 105.32
o 50275 105.32
o 49599 211.9
o 49037 211.9
mpe-random-net-50-5_network-8.net
o 94735 0
o 93606 0
o 87324 0
o 85724 0
o 84197 0
o 83470 0
o 82736 0
o 79980 0
o 79794 0.01
o 79285 0.01
o 79188 0.01
o 77975 0.01
o 76939 0.02
o 75941 0.02
o 75237 0.02
o 74204 0.03
o 74094 0.03
o 72632 0.08
o 69103 0.5
o 68160 0.77
o 68019 2.14
o 66312 2.39
o 54418 14.06
o 53898 14.06
o 51343 14.06
o 51174 62.91
o 50802 62.91
mpe-random-net-50-5_network-8.net
o 84643 0
o 83047 0.01
o 81426 0.01
o 80348 0.01
o 79691 0.01
o 75133 0.01
o 74793 0.02
o 72623 0.06
o 71573 0.12
o 68203 0.12
o 67803 0.64
o 66757 0.95
o 66465 7.5
o 66058 9.8
o 66013 10.57
o 65858 16.26
o 55143 28.36
o 53998 28.36
o 53940 28.36
o 53556 28.36
o 52944 28.36
o 52669 28.36
o 52415 28.36
o 51490 51.6
o 51185 74.93
o 50957 74.93
o 50608 121.16
o 50000 121.16
o 49833 121.16
o 49818 121.16
o 49316 121.16
o 48181 198.2
mpe-random-net-50-5_network-8.net
o 85046 0
o 83025 0.01
o 81932 0.01
o 81458 0.01
o 80638 0.01
o 75383 0.01
o 75347 0.06
o 74057 0.06
o 73967 0.06
o 71137 0.06
o 70295 0.15
o 70017 0.7
o 69313 1
o 69177 1.35
o 68831 1.6
o 68058 1.8
o 67850 5.61
o 67506 10.1
o 66231 17.31
o 66116 23.16
o 55609 34.68
o 54248 34.68
o 53905 34.68
o 53443 34.68
o 53164 34.68
o 52842 45.69
o 52775 45.69
o 52564 45.69
o 52300 45.69
o 51846 67.93
o 51339 78.87
o 50802 78.87
o 50307 101.01
o 50234 112.04
mpe-random-net-50-5_network-8.net
o 81865 0.01
o 76775 0.01
o 76688 0.01
o 75651 0.03
o 72866 0.03
o 72269 0.07
o 70991 0.1
o 68755 1.11
o 68708 1.67
o 68545 3.81
o 66896 4.21
o 66851 11.01
o 65931 20.37
o 57368 31.58
o 56831 31.58
o 56734 31.58
o 55668 31.58
o 55560 31.58
o 55559 31.58
o 54465 31.58
o 54221 32.57
o 53867 32.57
o 53614 32.57
o 53017 43.78
o 52995 43.78
o 52509 43.78
o 52427 43.78
o 52096 43.78
o 52054 43.78
o 52034 43.78
o 51862 43.78
o 51717 43.78
o 51660 43.78
o 51213 43.78
o 51094 43.78
o 49913 95.2
mpe-random-net-50-5_network-8.net
o 81191 0
o 80797 0
o 79911 0
o 79371 0
o 79135 0
o 76743 0
o 76377 0.01
o 75884 0.04
o 74488 0.04
o 74297 0.06
o 74130 0.06
o 72659 0.18
o 71639 0.29
o 71259 0.38
o 70720 0.59
o 70089 0.99
o 69919 1.2
o 69719 1.57
o 64824 1.76
o 57969 13.41
o 57481 13.41
o 57289 13.41
o 57196 13.41
o 56972 13.41
o 55144 13.41
o 53080 13.41
o 53037 13.41
o 52493 25.05
o 51595 25.05
o 51196 25.05
o 50263 232.72
o 50250 232.72
o 50115 232.72
mpe-random-net-50-5_network-8.net
o 83406 0
o 82562 0.01
o 80313 0.01
o 78932 0.01
o 76630 0.01
o 76579 0.03
o 76123 0.03
o 75917 0.03
o 75732 0.04
o 72042 0.04
o 71967 0.34
o 70492 0.45
o 70309 0.45
o 68642 1.6
o 66532 1.6
o 65902 2.18
o 56434 13.46
o 56427 13.46
o 55835 13.46
o 55627 13.46
o 54454 13.46
o 53722 13.46
o 52813 13.46
o 52354 24.36
o 52238 46.21
o 52097 46.21
o 51860 46.21
o 50299 79.1
o 49880 79.1
mpe-random-net-50-5_network-8.net
o 83246 0
o 81875 0.01
o 80030 0.01
o 78800 0.01
o 77601 0.01
o 73515 0.01
o 71659 0.15
o 69915 0.32
o 69619 0.63
o 69242 1.15
o 68711 1.53
o 68181 1.53
o 67646 7.5
o 66989 10.38
o 66064 13.47
o 65794 21.23
o 64796 25.27
o 52901 37.04
o 52138 37.04
o 51332 48.46
o 51053 71.4
o 50286 98.83
o 50119 98.83
o 48851 98.83
o 48490 98.83
o 48393 98.83
mpe-random-net-50-5_network-8.net
o 84288 0
o 83819 0
o 83251 0.01
o 82057 0.01
o 81870 0.01
o 81512 0.01
o 81098 0.01
o 80618 0.01
o 79311 0.01
o 79121 0.01
o 77433 0.01
o 76951 0.01
o 76936 0.03
o 76549 0.04
o 76528 0.04
o 76249 0.1
o 73500 0.12
o 73276 0.21
o 72455 0.41
o 70880 0.41
o 69120 0.41
o 67722 0.5
o 67298 0.5
o 67178 2.04
o 66772 8.72
o 66405 9.05
o 66034 18.46
o 64602 25.25
o 64315 25.25
o 53548 36.95
o 53236 36.95
o 52813 36.95
o 52199 36.95
o 51696 48.46
o 51085 60.34
o 51017 82.61
o 50819 82.61
o 50638 157.79
o 49909 223.27
o 49703 223.27
mpe-random-net-50-5_network-8.net
o 93172 0
o 93017 0
o 79110 0
o 76515 0.01
o 74403 0.05
o 74208 0.06
o 73301 0.06
o 72869 0.06
o 71887 0.07
o 69676 0.07
o 68943 1.39
o 67194 1.39
o 66827 5.38
o 66702 7.01
o 64400 11.38
o 53392 23.19
o 52551 23.19
o 52218 34.08
o 52027 44.85
o 51900 44.85
o 50395 66.57
o 49874 66.57
o 49873 249.36
o 49612 260.13
