ParametricRBACMaintenance_mse20-role_domino_multiple_0.6_8
o 469259 2.4
o 469154 2.43
o 441608 2.54
o 394045 2.73
o 392869 2.77
o 355257 4.4
o 355236 4.4
o 355215 4.4
o 355194 4.4
o 355173 4.4
o 355152 4.4
o 354753 4.4
o 341438 4.4
o 341152 4.41
o 341131 4.41
o 341110 4.41
o 340052 4.41
o 340031 4.41
o 340010 4.41
o 339989 4.41
o 339968 4.41
o 339947 4.41
o 339926 4.41
o 339905 4.41
o 333187 4.41
o 326721 4.42
o 326700 4.42
o 326663 4.42
o 317705 4.48
o 317684 4.48
o 305591 5.25
o 299884 5.26
o 299863 5.26
o 299808 5.26
o 299766 5.26
o 293311 5.26
o 291985 5.27
o 291935 5.27
o 291922 5.27
o 285522 5.27
o 284794 5.58
o 278252 5.58
o 274455 5.64
o 274434 5.64
o 266779 5.65
o 266758 5.65
o 266737 5.65
o 266708 5.65
o 257737 6.03
o 253230 6.06
o 247039 9.88
o 240849 9.9
o 234795 9.91
o 228871 19.41
o 228850 19.41
o 226841 24.07
o 223054 33.18
o 223033 33.18
o 223004 33.2
o 222983 33.2
o 216898 33.2
o 163488 95.73
o 162595 98.76
o 161527 98.8
o 161373 102.9
o 161287 104.1
o 161251 105.49
o 161238 105.5
ParametricRBACMaintenance_mse20-role_domino_multiple_0.6_8
o 364678 2.85
o 362525 3.59
o 362517 3.59
o 356013 3.6
o 350069 3.61
o 350056 3.61
o 350035 3.61
o 338025 3.63
o 331491 3.63
o 331470 3.63
o 318499 3.63
o 271656 3.87
o 268714 3.96
o 268693 3.96
o 265990 5.13
o 265969 5.13
o 265948 5.13
o 265927 5.13
o 260351 5.14
o 260330 5.14
o 260309 5.14
o 253906 5.15
o 252180 10.08
o 226136 10.15
o 226115 10.15
o 226094 10.15
o 225947 10.15
o 223321 24.19
o 223300 24.19
o 223279 24.19
o 221591 24.2
o 221570 24.2
o 221368 24.2
o 221150 37.05
o 167964 77.17
o 162846 77.18
o 161615 77.24
o 161602 77.24
o 161477 89.02
o 161469 92.09
o 161427 92.09
o 161413 173.41
o 161308 173.42
o 161294 178.59
o 161239 263.32
o 161218 263.32
ParametricRBACMaintenance_mse20-role_domino_multiple_0.6_8
o 395062 3.64
o 395041 3.64
o 395020 3.64
o 394999 3.64
o 394978 3.64
o 394957 3.64
o 394936 3.64
o 317040 3.98
o 317032 3.98
o 303987 3.99
o 303966 3.99
o 303945 3.99
o 277917 4.15
o 271535 4.16
o 264943 4.16
o 258551 4.16
o 252946 4.17
o 252925 4.17
o 252904 4.17
o 248310 5.15
o 242107 5.16
o 242086 5.16
o 242065 5.16
o 240442 5.74
o 240040 16.73
o 239934 18.61
o 239821 18.61
o 233224 18.61
o 233203 18.61
o 232581 27.18
o 232560 27.18
o 232539 27.18
o 232518 27.18
o 232497 27.18
o 227199 36.79
o 225923 38.29
o 220586 38.3
o 215979 40.59
o 215958 40.59
o 215937 40.59
o 210340 40.6
o 209382 40.6
o 170822 82.33
o 170184 82.42
o 170171 82.42
o 169459 83.82
o 168185 84.23
o 162653 84.7
o 162464 84.7
o 162259 84.74
o 162045 84.76
o 161756 85.29
o 161521 86.69
o 161500 86.69
o 161476 95.13
o 161330 145.8
o 161309 145.8
o 161278 214.73
o 161274 249.7
o 161193 289.48
ParametricRBACMaintenance_mse20-role_domino_multiple_0.6_8
o 376044 1.69
o 369439 1.78
o 355326 1.83
o 282617 3.57
o 276109 3.6
o 270031 3.95
o 260751 3.99
o 255445 7.22
o 255424 7.22
o 249163 7.22
o 243997 7.27
o 243976 7.27
o 242342 9.93
o 235309 9.93
o 235288 9.93
o 229187 9.93
o 221171 24.62
o 221153 24.67
o 221132 24.67
o 212522 31.21
o 212501 31.21
o 206295 31.22
o 178360 77.01
o 176998 77.07
o 174506 77.1
o 169902 77.66
o 168788 79.54
o 168458 79.56
o 162044 79.56
o 161855 79.57
o 161696 79.67
o 161688 82.62
o 161536 84.21
o 161350 84.53
o 161280 84.62
o 161229 145.83
ParametricRBACMaintenance_mse20-role_domino_multiple_0.6_8
o 411327 1.54
o 374349 1.62
o 366799 1.66
o 366232 1.67
o 366211 1.68
o 336496 3.11
o 325807 3.14
o 325799 3.14
o 325778 3.14
o 325757 3.14
o 325749 3.14
o 325728 3.14
o 325589 3.14
o 325568 3.14
o 325547 3.14
o 324103 3.17
o 324095 3.17
o 324074 3.17
o 317456 3.17
o 317435 3.17
o 317414 3.17
o 317393 3.17
o 317372 3.17
o 317351 3.17
o 317343 3.17
o 317322 3.17
o 310780 3.17
o 310759 3.17
o 310738 3.17
o 310717 3.17
o 310696 3.17
o 310675 3.17
o 309814 3.19
o 296696 3.19
o 296688 3.19
o 279676 3.61
o 273164 3.63
o 259794 3.83
o 259773 3.83
o 259752 3.83
o 259731 3.83
o 259723 3.83
o 259715 3.83
o 253930 3.87
o 241109 9.68
o 241088 9.68
o 234617 9.68
o 234155 9.68
o 234126 9.68
o 233012 12.07
o 232899 12.07
o 232878 12.07
o 228158 12.1
o 228137 12.1
o 220862 16.5
o 220841 16.5
o 214677 16.51
o 214656 16.51
o 214635 16.51
o 209269 16.51
o 176455 54.15
o 169880 54.2
o 164905 54.23
o 163661 54.26
o 162653 55.98
o 161800 55.99
o 161679 56
o 161280 60.04
o 161259 60.04
ParametricRBACMaintenance_mse20-role_domino_multiple_0.6_8
o 379938 1.21
o 379623 1.22
o 379602 1.22
o 379581 1.22
o 379560 1.22
o 379539 1.22
o 379518 1.22
o 379497 1.22
o 379476 1.22
o 379455 1.22
o 379434 1.22
o 379413 1.22
o 379392 1.22
o 379371 1.22
o 316142 2.39
o 289529 2.86
o 289508 2.86
o 283000 2.86
o 282674 2.89
o 271794 2.98
o 267965 3.5
o 261415 3.5
o 261394 3.5
o 261373 3.5
o 260539 3.51
o 260518 3.51
o 259505 3.77
o 255268 3.98
o 255187 3.98
o 249304 3.98
o 249283 3.98
o 247998 4.25
o 241540 4.25
o 236016 4.27
o 235995 4.27
o 235932 4.27
o 235911 4.27
o 231108 4.93
o 224884 4.94
o 211627 4.94
o 211606 4.94
o 211585 4.94
o 208347 5.14
o 208326 5.14
o 208208 5.14
o 208124 5.14
o 207796 5.14
o 207775 5.14
o 207754 5.14
o 170119 46.38
o 170056 46.38
o 169993 46.39
o 169885 47.13
o 168873 47.54
o 167886 47.61
o 161855 49.83
o 161519 49.83
o 161477 49.83
o 161419 89.43
o 161398 89.43
o 161356 89.43
o 161343 89.44
o 161334 130.6
o 161184 281.01
ParametricRBACMaintenance_mse20-role_domino_multiple_0.6_8
o 437042 1.81
o 431432 1.82
o 424783 1.83
o 409355 1.86
o 409334 1.86
o 409313 1.87
o 409292 1.87
o 409271 1.87
o 409250 1.87
o 409229 1.87
o 398581 1.91
o 386003 1.95
o 383399 1.96
o 378653 1.96
o 378611 1.96
o 378590 1.96
o 376521 1.97
o 375303 1.97
o 374547 1.99
o 374526 1.99
o 374505 1.99
o 374484 1.99
o 374463 1.99
o 374442 1.99
o 374337 1.99
o 369717 2
o 369696 2
o 369675 2
o 369654 2
o 369633 2
o 369612 2
o 369591 2
o 369570 2
o 369549 2
o 369528 2
o 364246 2.01
o 364225 2.01
o 364204 2.01
o 364183 2.01
o 364162 2.01
o 364141 2.01
o 364120 2.01
o 364099 2.01
o 364078 2.01
o 364057 2.01
o 364036 2.01
o 364015 2.01
o 363994 2.01
o 363973 2.01
o 362201 2.11
o 362180 2.11
o 359691 2.14
o 358998 2.14
o 358964 2.17
o 358943 2.17
o 358922 2.17
o 358901 2.17
o 358880 2.17
o 358859 2.17
o 358838 2.17
o 358817 2.17
o 358796 2.17
o 358775 2.17
o 358754 2.17
o 358733 2.17
o 358712 2.17
o 358691 2.17
o 358670 2.17
o 358649 2.17
o 358628 2.17
o 358607 2.17
o 358586 2.17
o 358565 2.17
o 358544 2.17
o 358523 2.17
o 358502 2.17
o 358481 2.17
o 358460 2.17
o 358439 2.17
o 358418 2.17
o 358397 2.17
o 358376 2.17
o 358355 2.17
o 358334 2.17
o 358313 2.17
o 358292 2.17
o 358271 2.17
o 358250 2.17
o 358229 2.17
o 358208 2.17
o 358187 2.17
o 358166 2.17
o 358145 2.17
o 358124 2.17
o 358103 2.17
o 358082 2.17
o 358061 2.17
o 358040 2.17
o 358019 2.17
o 357998 2.17
o 357977 2.17
o 357956 2.17
o 357935 2.17
o 357914 2.17
o 357893 2.17
o 357872 2.17
o 357851 2.17
o 357830 2.17
o 357809 2.17
o 357788 2.17
o 357767 2.17
o 357746 2.17
o 357725 2.17
o 357704 2.17
o 357683 2.17
o 357662 2.17
o 357641 2.17
o 357620 2.17
o 357599 2.17
o 357578 2.17
o 357557 2.17
o 357536 2.17
o 357515 2.17
o 357494 2.17
o 357473 2.17
o 357452 2.17
o 356760 4.38
o 356739 4.38
o 349861 4.39
o 349840 4.39
o 349819 4.39
o 343193 4.39
o 343172 4.39
o 343151 4.39
o 343130 4.39
o 341511 4.4
o 341503 4.4
o 341482 4.4
o 341343 4.4
o 341322 4.4
o 334717 4.4
o 334696 4.4
o 334675 4.4
o 334654 4.4
o 334633 4.4
o 334423 4.41
o 334386 4.41
o 334365 4.41
o 334344 4.41
o 334323 4.41
o 334302 4.41
o 330593 4.54
o 330580 4.54
o 325152 4.73
o 318726 4.75
o 318707 4.98
o 293992 5.01
o 287353 5.01
o 287332 5.01
o 280982 5.01
o 280961 5.01
o 280599 5.01
o 280578 5.01
o 271162 5.58
o 264620 5.58
o 259340 5.63
o 259292 6.93
o 253890 7.58
o 252987 7.59
o 246566 7.59
o 246451 14.26
o 245026 14.59
o 243577 14.61
o 243231 17.78
o 241984 19.39
o 237790 22.63
o 231408 22.63
o 230618 22.64
o 230403 22.64
o 224869 22.64
o 224205 22.65
o 224184 22.65
o 224163 22.65
o 224100 22.65
o 224079 22.65
o 224058 22.65
o 224037 22.65
o 218775 25.36
o 212133 25.37
o 212112 25.37
o 191334 67.25
o 190780 67.27
o 184217 67.27
o 170781 67.36
o 168670 67.92
o 168275 68.78
o 163834 68.83
o 163230 68.88
o 161760 68.88
o 161203 68.9
ParametricRBACMaintenance_mse20-role_domino_multiple_0.6_8
o 365684 1.56
o 361439 3.93
o 360347 3.94
o 360326 3.94
o 360305 3.94
o 359007 3.96
o 352431 3.97
o 352182 3.97
o 352161 3.98
o 352140 3.98
o 345768 3.98
o 345747 3.98
o 345734 3.98
o 345721 3.98
o 339087 3.98
o 339079 3.98
o 339024 3.98
o 339003 3.98
o 338982 3.98
o 338974 3.98
o 338953 3.98
o 338932 3.98
o 338924 3.98
o 338903 3.98
o 338882 3.98
o 338874 3.98
o 338866 3.98
o 338858 3.98
o 331744 4
o 331723 4
o 331715 4
o 331712 4
o 331662 4.01
o 331641 4.01
o 325070 4.01
o 325057 4.01
o 325049 4.01
o 324508 4.45
o 318362 5.04
o 285218 5.48
o 284000 5.49
o 283979 5.49
o 278540 5.52
o 272040 5.52
o 271851 5.52
o 265288 5.52
o 262897 6.12
o 262876 6.12
o 260131 6.63
o 253534 6.63
o 253513 6.63
o 246950 6.63
o 241356 6.66
o 236434 11.39
o 235365 36.98
o 234904 39.08
o 234883 39.08
o 229052 60.84
o 229044 60.84
o 229023 60.84
o 228639 60.9
o 228618 60.9
o 224170 66.04
o 222440 66.05
o 222419 66.05
o 169640 115.72
o 169627 115.73
o 164022 117.61
o 163253 117.62
o 163232 117.62
o 163203 117.62
o 163182 117.62
o 163137 117.64
o 162512 120.94
o 162470 120.94
o 162212 130
o 161985 133.8
o 161726 134.91
o 161477 136.16
o 161188 137.61
o 161167 137.61
ParametricRBACMaintenance_mse20-role_domino_multiple_0.6_8
o 384736 1.29
o 384715 1.29
o 384694 1.29
o 384673 1.29
o 384652 1.29
o 384631 1.29
o 384610 1.29
o 384589 1.29
o 384568 1.29
o 384547 1.29
o 384526 1.29
o 377451 1.54
o 376070 1.57
o 370652 1.58
o 369423 1.6
o 364236 1.61
o 364194 1.61
o 336452 3.17
o 329640 3.17
o 329543 3.18
o 329094 3.18
o 329073 3.18
o 329052 3.18
o 329031 3.18
o 309901 3.62
o 304103 3.65
o 298775 3.81
o 298759 3.81
o 292265 3.82
o 291732 4.08
o 284984 4.08
o 284963 4.08
o 283848 4.1
o 277552 4.1
o 271551 4.49
o 271530 4.49
o 271488 4.49
o 264925 4.49
o 264912 4.49
o 259866 5.44
o 259845 5.44
o 253282 5.44
o 253261 5.44
o 253240 5.44
o 253219 5.44
o 252094 6.97
o 252086 6.97
o 245594 6.97
o 239414 6.97
o 239406 6.97
o 239343 6.97
o 239322 6.97
o 234192 7.63
o 228007 7.63
o 227944 17.11
o 221339 17.11
o 221318 17.11
o 220982 17.11
o 215091 17.12
o 214478 23.51
o 208301 23.52
o 175099 64.22
o 175078 64.22
o 162939 64.77
o 162519 64.78
o 162219 72.49
o 161728 72.75
o 161666 75.7
o 161478 77.02
o 161396 77.41
o 161357 120.3
o 161160 120.38
o 161139 120.38
ParametricRBACMaintenance_mse20-role_domino_multiple_0.6_8
o 359252 1.28
o 359063 1.29
o 359042 1.29
o 359021 1.29
o 359000 1.29
o 358979 1.29
o 334117 3.01
o 334096 3.01
o 333358 3.01
o 333337 3.01
o 333316 3.01
o 333295 3.01
o 333274 3.01
o 333253 3.01
o 333232 3.01
o 333211 3.01
o 333190 3.01
o 333169 3.01
o 333148 3.01
o 333127 3.01
o 333106 3.01
o 325600 3.04
o 325579 3.04
o 325558 3.04
o 325537 3.04
o 325387 3.05
o 325366 3.05
o 325345 3.05
o 325324 3.05
o 325303 3.05
o 325282 3.05
o 325072 3.05
o 323583 3.07
o 323562 3.08
o 323541 3.08
o 317193 3.1
o 310527 3.11
o 303967 3.11
o 303825 3.11
o 303804 3.11
o 303783 3.11
o 303762 3.11
o 299851 3.49
o 299830 3.49
o 299809 3.49
o 287483 3.79
o 273206 4.54
o 246583 4.55
o 240143 4.55
o 233693 4.55
o 233622 4.57
o 228130 4.58
o 181163 50.1
o 174720 50.11
o 174615 50.12
o 168900 50.22
o 168190 50.74
o 161843 50.75
o 161822 50.75
o 161801 50.75
o 161749 50.77
o 161675 52.23
o 161552 52.36
o 161326 52.39
o 161313 52.84
