spot5-1403.wcsp.dir
o 527273 0
o 496254 0
o 495257 0
o 495246 0.01
o 494248 0.01
o 494247 0.01
o 492247 0.01
o 491248 0.02
o 491245 0.03
o 489246 0.03
o 488248 0.03
o 488244 0.03
o 487244 0.03
o 486253 0.03
o 486252 0.03
o 486251 0.03
o 485246 0.03
o 485244 0.03
o 483246 0.03
o 482256 0.04
o 482254 0.05
o 481254 0.05
o 481253 0.27
o 481251 0.27
o 481248 0.31
o 480267 2.86
o 474255 7.67
o 474254 7.67
o 473254 7.67
o 473253 7.67
o 473252 7.67
o 472253 7.67
o 472252 7.67
o 470254 7.68
o 469262 8.92
o 469261 8.92
o 469260 8.92
o 469259 8.92
o 469258 8.92
o 469255 23.82
o 469254 23.82
o 469252 23.82
o 468252 23.82
o 467259 28.57
o 467258 28.57
o 467256 28.57
o 465258 28.57
o 465256 28.57
o 464263 38.06
o 464261 38.06
o 463261 38.06
o 461261 38.06
o 461258 152.35
spot5-1403.wcsp.dir
o 518272 0
o 500250 0.01
o 497244 0.01
o 497243 0.01
o 490246 0.01
o 489246 0.01
o 487246 0.01
o 486245 0.01
o 485245 0.02
o 483245 0.02
o 481257 0.09
o 480258 0.09
o 480257 0.09
o 479265 0.09
o 477265 0.09
o 477264 0.09
o 477263 0.09
o 472262 4.82
o 472261 4.82
o 472260 4.82
o 472258 4.82
o 472257 4.82
o 472256 4.82
o 472255 4.82
o 472254 4.82
o 471260 4.83
o 470263 4.84
o 470258 4.84
o 466261 9.47
o 466257 9.47
o 465258 99.58
o 465257 99.58
o 463261 146.8
o 463259 146.8
o 463258 146.8
o 463256 146.8
spot5-1403.wcsp.dir
o 527271 0.01
o 498246 0.01
o 497246 0.01
o 496249 0.01
o 494246 0.01
o 492247 0.01
o 492246 0.01
o 491247 0.01
o 491246 0.01
o 489246 0.01
o 488255 0.06
o 488253 0.06
o 488252 0.06
o 488248 0.08
o 487252 0.08
o 485256 0.08
o 485254 0.08
o 485247 0.2
o 485246 0.2
o 483246 0.2
o 483245 0.2
o 483244 0.2
o 482248 4.06
o 480248 4.06
o 479248 4.06
o 478248 4.06
o 469259 9.34
o 469258 9.34
o 469257 9.34
o 469256 9.34
o 468257 10.3
o 468254 35.38
o 468253 35.38
o 467256 50.65
o 466261 66
o 466258 66
o 465263 73.61
o 465260 89.46
o 464265 89.46
o 464260 185.39
o 462261 185.39
o 462260 185.39
o 462259 185.39
o 461260 185.39
o 461258 185.39
o 461257 185.39
spot5-1403.wcsp.dir
o 514276 0
o 500251 0
o 500250 0
o 499243 0.01
o 498245 0.01
o 497245 0.01
o 495245 0.01
o 495244 0.01
o 495243 0.01
o 494246 0.01
o 494245 0.01
o 494242 0.01
o 492249 0.01
o 492247 0.01
o 492245 0.01
o 490245 0.01
o 489245 0.01
o 489244 0.01
o 487246 0.01
o 486246 0.01
o 485254 0.09
o 483254 0.09
o 483249 1.04
o 482254 1.47
o 481254 1.47
o 481247 3.2
o 480258 5.25
o 475261 10.03
o 473261 10.03
o 473259 10.03
o 473258 10.03
o 473257 10.03
o 472258 10.03
o 471266 10.04
o 471261 10.04
o 471259 10.04
o 471258 10.04
o 471257 10.04
o 471256 10.04
o 471254 10.04
o 464265 14.78
o 464260 14.78
o 464255 14.78
o 463264 14.81
o 463263 14.82
o 463259 43.86
o 463257 43.86
spot5-1403.wcsp.dir
o 520272 0.01
o 504247 0.01
o 502247 0.01
o 502246 0.01
o 501247 0.02
o 500247 0.02
o 499252 0.02
o 498249 0.02
o 498245 0.02
o 496248 0.02
o 496247 0.02
o 495247 0.02
o 494249 0.03
o 492249 0.03
o 490249 0.03
o 489252 0.03
o 489251 0.03
o 488258 0.31
o 487260 0.31
o 487258 0.31
o 486257 0.31
o 486256 0.31
o 486255 0.31
o 486252 0.32
o 484252 0.32
o 483259 0.73
o 483255 1.7
o 481255 1.7
o 480255 2.55
o 468260 7.33
o 468258 7.34
o 468257 7.34
o 468255 7.34
o 468254 7.34
o 466266 12.04
o 466264 12.04
o 466259 38.97
o 464259 38.97
o 464258 38.97
o 464257 280.6
o 464256 280.6
o 464254 280.6
spot5-1403.wcsp.dir
o 515272 0
o 501253 0
o 501246 0.01
o 499246 0.01
o 499245 0.01
o 499244 0.01
o 498249 0.01
o 498248 0.01
o 496248 0.01
o 496247 0.01
o 496246 0.01
o 495248 0.01
o 493248 0.01
o 492249 0.01
o 492246 0.01
o 491246 0.01
o 490239 0.02
o 489245 0.02
o 489243 0.02
o 489242 0.02
o 488258 0.04
o 488256 0.04
o 488253 0.08
o 488251 0.08
o 488250 0.08
o 486256 0.1
o 486255 0.1
o 485254 0.1
o 484252 0.1
o 483255 0.1
o 483254 0.1
o 483253 0.1
o 483248 0.26
o 482248 1.44
o 482246 2.39
o 481249 3.39
o 467267 8.58
o 467256 8.59
o 467255 8.59
o 466262 27.71
o 466251 27.71
o 465268 46.86
o 465267 46.86
o 465259 46.86
o 465258 46.86
o 464261 51.6
o 464259 51.6
o 464258 51.6
o 464256 51.6
o 464255 119.02
o 463257 119.02
o 463255 119.02
spot5-1403.wcsp.dir
o 513276 0
o 495252 0
o 494252 0.01
o 492254 0.01
o 492250 0.02
o 490252 0.02
o 489256 0.02
o 488243 0.02
o 487252 0.02
o 487248 0.04
o 485248 0.04
o 484243 0.04
o 484242 0.04
o 483260 2.72
o 483257 4.04
o 483256 4.04
o 481262 4.08
o 470260 8.93
o 468262 8.93
o 468261 8.93
o 468257 8.93
o 468256 8.93
o 467255 13.69
o 466263 13.7
o 466262 13.7
o 466261 13.7
o 466260 13.7
o 466258 13.7
o 465258 13.7
o 465257 65.37
o 463263 103.76
o 463262 103.76
o 463261 103.76
o 463257 103.76
spot5-1403.wcsp.dir
o 518267 0.01
o 500255 0.01
o 499255 0.01
o 490248 0.01
o 490247 0.01
o 490245 0.01
o 488246 0.01
o 488245 0.01
o 488244 0.01
o 486253 0.15
o 486252 0.15
o 486248 0.15
o 484248 0.15
o 482261 2.52
o 482259 2.52
o 479259 2.52
o 477263 2.52
o 477259 2.52
o 477256 2.52
o 476255 2.52
o 475255 2.52
o 471260 7.35
o 471255 7.35
o 471253 7.35
o 471251 7.35
o 470254 7.35
o 470252 7.35
o 469266 7.45
o 467268 7.45
o 467266 7.45
o 466269 7.45
o 466261 16.97
o 466260 16.97
o 466259 16.97
o 466254 16.97
o 466253 26.81
o 465268 44
o 465266 44
o 465264 44
o 465253 60.89
o 464258 60.89
o 464257 60.89
o 464256 60.89
o 463258 204.01
spot5-1403.wcsp.dir
o 529277 0
o 503253 0.01
o 501253 0.01
o 500253 0.01
o 499254 0.01
o 497254 0.01
o 497252 0.01
o 494252 0.01
o 494245 0.01
o 493245 0.01
o 491247 0.01
o 491246 0.01
o 489246 0.01
o 487251 0.31
o 487250 0.32
o 485260 0.32
o 481249 0.44
o 479249 0.44
o 470266 5.14
o 470259 5.14
o 470256 5.14
o 468260 5.15
o 468258 5.15
o 468256 37.66
o 468254 37.66
o 467255 37.66
o 466264 47.05
o 466263 47.05
o 466259 47.05
o 466258 47.05
o 466256 47.05
o 465257 47.05
o 465256 70.48
o 465254 70.48
o 463260 194.16
o 463259 194.16
spot5-1403.wcsp.dir
o 500273 0.01
o 496248 0.01
o 494246 0.01
o 494245 0.01
o 493243 0.02
o 493240 0.02
o 492243 0.02
o 491245 0.02
o 491243 0.02
o 489243 0.02
o 488243 0.02
o 487247 0.02
o 485249 0.02
o 484249 0.02
o 483249 0.02
o 483248 0.02
o 483246 0.02
o 482246 0.02
o 481255 1.05
o 481250 1.06
o 479251 1.06
o 477251 1.06
o 471258 5.83
o 471254 5.84
o 471253 5.84
o 469260 5.85
o 469258 6.76
o 468258 6.76
o 468257 6.76
o 468256 11.63
o 468254 11.63
o 468253 11.63
o 468251 11.63
o 466265 12.75
o 466263 12.75
o 466261 12.75
o 465258 23.2
o 465256 57.03
o 465255 57.03
o 463262 57.03
o 463258 278.81
