staff-scheduling-instance7
o 5555 0.1
o 5552 0.1
o 5456 0.1
o 5355 0.1
o 5353 0.1
o 5249 0.1
o 5153 0.1
o 5151 0.1
o 5051 0.1
o 5034 0.13
o 5028 0.13
o 4930 0.13
o 4830 0.13
o 4729 0.13
o 4725 0.13
o 4639 0.13
o 4638 0.13
o 4537 0.13
o 4449 0.13
o 4347 0.13
o 4247 0.13
o 4147 0.13
o 4046 0.13
o 4039 0.13
o 4038 0.13
o 4037 0.13
o 3936 0.13
o 3843 0.14
o 3839 0.14
o 3740 0.14
o 3739 0.14
o 3731 0.23
o 3632 0.23
o 3556 0.24
o 3540 0.29
o 3468 0.5
o 3467 0.5
o 3368 0.5
o 3269 0.5
o 3168 0.5
o 3071 0.51
o 2970 0.52
o 2961 0.55
o 2863 0.55
o 2862 0.55
o 2861 0.55
o 2765 0.55
o 2763 0.55
o 2663 0.55
o 2652 0.88
o 2557 1.58
o 2468 2.2
o 2466 2.2
o 2462 2.2
o 2369 2.22
o 2368 2.22
o 2365 2.22
o 2361 2.22
o 2260 2.22
o 2259 2.22
o 2258 2.23
o 2158 2.23
o 2086 2.54
o 2064 3.2
o 1964 3.2
o 1963 3.2
o 1863 3.2
o 1854 63.26
o 1760 84.61
o 1679 198.04
staff-scheduling-instance7
o 7183 0.12
o 7080 0.12
o 5679 0.14
o 5676 0.14
o 5577 0.14
o 5378 0.14
o 5377 0.14
o 5376 0.14
o 5375 0.14
o 5374 0.14
o 5371 0.14
o 5169 0.14
o 5075 0.14
o 5073 0.15
o 4867 0.15
o 4863 0.15
o 4762 0.15
o 4565 0.16
o 4461 0.16
o 4358 0.16
o 4257 0.16
o 4246 0.26
o 4245 0.26
o 4144 0.26
o 4049 0.29
o 3950 0.29
o 3852 0.29
o 3757 0.29
o 3756 0.29
o 3751 0.29
o 3748 0.29
o 3744 0.29
o 3644 0.29
o 3642 0.29
o 3641 0.29
o 3540 0.29
o 3488 0.41
o 3391 0.42
o 3292 0.42
o 3193 0.42
o 3190 0.42
o 3182 0.42
o 3090 0.42
o 3089 0.42
o 2987 0.42
o 2888 0.46
o 2887 0.46
o 2787 0.46
o 2754 0.73
o 2752 0.73
o 2750 0.73
o 2748 0.73
o 2746 0.73
o 2745 0.73
o 2646 0.73
o 2444 0.73
o 2367 0.91
o 2282 1.55
o 2281 1.55
o 2192 1.62
o 2190 3.64
o 2165 4.22
o 2074 7.53
o 2071 7.53
o 1977 7.53
o 1975 7.53
o 1877 7.53
o 1876 7.53
o 1838 19.89
o 1834 19.89
o 1733 19.89
staff-scheduling-instance7
o 6581 0.12
o 6480 0.13
o 6478 0.13
o 6377 0.13
o 6276 0.13
o 6076 0.13
o 6064 0.13
o 6063 0.13
o 6062 0.13
o 5854 0.13
o 5850 0.13
o 5650 0.13
o 5549 0.13
o 5450 0.13
o 5250 0.13
o 5249 0.13
o 5151 0.13
o 5052 0.13
o 4953 0.13
o 4952 0.13
o 4649 0.14
o 4548 0.14
o 4451 0.14
o 4368 0.22
o 4366 0.22
o 4256 0.22
o 4153 0.22
o 4053 0.22
o 4052 0.22
o 3852 0.22
o 3848 0.23
o 3749 0.23
o 3748 0.23
o 3650 0.23
o 3550 0.23
o 3549 0.23
o 3467 0.24
o 3366 0.24
o 3363 0.24
o 3265 0.24
o 3227 0.41
o 3159 0.42
o 3144 0.54
o 3043 0.54
o 2944 0.54
o 2846 0.55
o 2844 0.55
o 2841 0.55
o 2745 0.55
o 2645 0.55
o 2551 0.55
o 2451 0.55
o 2370 2.7
o 2269 2.7
o 2262 3.25
o 2177 14.8
o 2174 14.8
o 2141 22.54
o 2059 25.41
o 1959 25.42
o 1958 25.42
o 1891 56.71
o 1888 56.71
o 1885 56.71
o 1884 56.71
o 1783 56.71
o 1683 56.71
staff-scheduling-instance7
o 6957 0.08
o 6857 0.08
o 6756 0.08
o 6655 0.08
o 6346 0.09
o 6142 0.09
o 5939 0.09
o 5935 0.09
o 5764 0.11
o 5763 0.11
o 5760 0.11
o 5659 0.11
o 5561 0.11
o 5560 0.11
o 5558 0.11
o 5555 0.11
o 5554 0.11
o 5552 0.12
o 5452 0.12
o 5451 0.12
o 5449 0.12
o 5447 0.12
o 5445 0.12
o 5442 0.12
o 5346 0.12
o 5251 0.12
o 5240 0.12
o 5140 0.12
o 4735 0.13
o 4631 0.13
o 4546 0.14
o 4545 0.14
o 4542 0.14
o 4441 0.14
o 4340 0.14
o 4239 0.14
o 4140 0.14
o 4139 0.14
o 4037 0.14
o 3939 0.14
o 3842 0.14
o 3758 0.21
o 3660 0.21
o 3659 0.21
o 3558 0.21
o 3557 0.21
o 3554 0.21
o 3548 0.21
o 3547 0.21
o 3446 0.21
o 3445 0.21
o 3444 0.21
o 3250 0.21
o 3249 0.21
o 3149 0.21
o 3051 0.21
o 2951 0.21
o 2851 0.21
o 2753 0.21
o 2752 0.21
o 2750 0.21
o 2747 0.21
o 2648 0.21
o 2552 0.22
o 2465 0.64
o 2463 0.64
o 2382 0.94
o 2379 0.94
o 2293 1.02
o 2292 1.02
o 2285 1.28
o 2186 1.28
o 2185 1.28
o 2183 1.29
o 2084 1.29
o 2083 1.29
o 2078 1.5
o 2075 1.51
o 2074 1.51
o 2059 3.94
o 2058 3.94
o 2051 5.51
o 2044 5.71
o 1987 11.88
o 1978 17.99
o 1896 31.35
o 1886 54.89
o 1787 54.89
o 1756 181.74
o 1755 181.74
o 1680 269.72
o 1679 292.44
o 1663 293.66
staff-scheduling-instance7
o 6158 0.11
o 6156 0.11
o 6057 0.11
o 5955 0.11
o 5852 0.11
o 5751 0.11
o 5650 0.11
o 5649 0.11
o 5553 0.11
o 5452 0.11
o 5349 0.11
o 5252 0.11
o 5052 0.11
o 4952 0.11
o 4851 0.12
o 4850 0.12
o 4749 0.12
o 4744 0.12
o 4647 0.12
o 4445 0.12
o 4344 0.12
o 4254 0.13
o 4177 0.15
o 4171 0.15
o 4070 0.16
o 4068 0.16
o 4064 0.16
o 3975 0.16
o 3872 0.16
o 3774 0.16
o 3673 0.17
o 3573 0.17
o 3463 0.19
o 3359 0.19
o 3358 0.19
o 3270 0.27
o 3265 0.28
o 3264 0.28
o 3261 0.28
o 3064 0.28
o 2963 0.28
o 2962 0.28
o 2953 0.28
o 2883 0.31
o 2882 0.31
o 2873 0.38
o 2867 0.43
o 2866 0.43
o 2765 0.43
o 2665 0.43
o 2584 0.6
o 2583 0.6
o 2580 0.6
o 2577 0.6
o 2479 0.6
o 2378 0.6
o 2377 0.61
o 2376 0.61
o 2276 0.61
o 2273 0.61
o 2270 0.61
o 2268 0.61
o 2171 0.61
o 2071 0.61
o 1972 0.62
o 1872 0.62
o 1871 0.62
o 1857 14.07
o 1781 79.73
o 1778 79.73
o 1757 240.57
o 1660 240.57
o 1564 240.58
staff-scheduling-instance7
o 6684 0.1
o 6682 0.1
o 6680 0.1
o 6677 0.11
o 6458 0.11
o 6352 0.11
o 6253 0.11
o 6250 0.11
o 6146 0.11
o 6144 0.11
o 6050 0.11
o 5970 0.11
o 5869 0.11
o 5868 0.11
o 5768 0.11
o 5765 0.12
o 5670 0.12
o 5570 0.12
o 5567 0.12
o 5362 0.12
o 5357 0.12
o 5256 0.12
o 5169 0.14
o 5079 0.14
o 4975 0.14
o 4873 0.14
o 4872 0.14
o 4866 0.14
o 4767 0.14
o 4666 0.14
o 4564 0.14
o 4467 0.15
o 4370 0.15
o 4279 0.15
o 4277 0.15
o 4179 0.15
o 4178 0.15
o 4159 0.15
o 4156 0.15
o 4153 0.15
o 4152 0.15
o 4052 0.15
o 4051 0.15
o 3951 0.15
o 3866 0.16
o 3860 0.16
o 3760 0.16
o 3758 0.16
o 3658 0.16
o 3557 0.16
o 3462 0.16
o 3359 0.16
o 3357 0.16
o 3354 0.16
o 3351 0.16
o 3349 0.16
o 3258 0.17
o 3252 0.17
o 3151 0.17
o 3051 0.17
o 2954 0.17
o 2952 0.17
o 2951 0.17
o 2852 0.17
o 2754 0.17
o 2750 0.17
o 2749 0.17
o 2746 0.17
o 2743 0.17
o 2741 0.17
o 2641 0.33
o 2640 0.33
o 2544 0.33
o 2444 0.33
o 2441 0.34
o 2341 0.34
o 2340 0.34
o 2257 1.02
o 2250 1.35
o 2152 1.35
o 2150 1.35
o 2050 1.35
o 1978 6.83
o 1877 6.83
o 1865 15.85
o 1768 15.85
o 1764 58.68
o 1758 170.98
o 1696 246.52
staff-scheduling-instance7
o 5866 0.13
o 5458 0.14
o 5255 0.14
o 5152 0.14
o 5051 0.14
o 5046 0.14
o 4948 0.14
o 4946 0.14
o 4856 0.15
o 4845 0.16
o 4744 0.16
o 4643 0.16
o 4444 0.17
o 4342 0.17
o 4330 0.17
o 4229 0.17
o 4129 0.17
o 4033 0.17
o 4032 0.17
o 3950 0.21
o 3849 0.21
o 3745 0.21
o 3647 0.21
o 3546 0.21
o 3449 0.25
o 3346 0.25
o 3249 0.25
o 3145 0.25
o 3049 0.26
o 3045 0.26
o 2943 0.26
o 2843 0.26
o 2841 1.06
o 2742 1.06
o 2647 1.06
o 2561 1.44
o 2558 2.59
o 2470 2.91
o 2467 2.91
o 2461 3.01
o 2360 3.01
o 2358 3.99
o 2260 3.99
o 2259 3.99
o 2258 3.99
o 2158 3.99
o 2156 5.46
o 2075 5.54
o 2073 5.54
o 2072 5.54
o 2063 6.67
o 1997 7.45
o 1977 10.06
o 1961 12.18
o 1960 12.18
o 1955 12.19
o 1889 17.83
o 1857 23.87
o 1756 23.87
o 1658 267.12
o 1657 267.12
staff-scheduling-instance7
o 5246 0.13
o 5039 0.17
o 5038 0.17
o 4943 0.18
o 4845 0.18
o 4749 0.18
o 4648 0.18
o 4547 0.18
o 4446 0.18
o 4345 0.18
o 4343 0.18
o 4340 0.18
o 4246 0.18
o 4243 0.22
o 4240 0.22
o 4239 0.22
o 4144 0.22
o 4056 0.22
o 4053 0.22
o 4050 0.22
o 4047 0.22
o 3947 0.22
o 3946 0.22
o 3943 0.23
o 3842 0.23
o 3739 0.23
o 3734 0.23
o 3633 0.23
o 3533 0.23
o 3436 0.23
o 3335 0.23
o 3261 0.3
o 3165 0.34
o 3162 0.34
o 3064 0.34
o 3055 0.41
o 2955 0.41
o 2948 0.43
o 2853 0.81
o 2843 0.81
o 2742 0.81
o 2660 1.93
o 2567 1.93
o 2480 1.97
o 2477 1.97
o 2382 2
o 2282 2
o 2185 2
o 2184 2
o 2181 2
o 2079 2
o 1979 2
o 1965 8.82
o 1963 8.82
o 1868 11.97
o 1860 11.97
o 1859 11.97
o 1797 79.74
o 1796 79.74
o 1700 79.74
staff-scheduling-instance7
o 6467 0.12
o 6465 0.12
o 6163 0.12
o 6160 0.12
o 6159 0.12
o 6156 0.12
o 5571 0.14
o 5368 0.14
o 5347 0.14
o 5344 0.14
o 5341 0.14
o 5034 0.14
o 4934 0.14
o 4816 0.15
o 4636 0.16
o 4536 0.16
o 4533 0.16
o 4434 0.16
o 4433 0.16
o 4335 0.16
o 4136 0.16
o 4135 0.16
o 4132 0.16
o 4131 0.16
o 4130 0.16
o 4128 0.16
o 4127 0.16
o 4031 0.17
o 3930 0.17
o 3859 0.24
o 3838 0.25
o 3737 0.25
o 3538 0.25
o 3451 0.29
o 3450 0.29
o 3449 0.29
o 3447 0.29
o 3443 0.29
o 3346 0.29
o 3246 0.29
o 3145 0.29
o 3139 0.3
o 3038 0.3
o 2939 0.3
o 2838 0.3
o 2836 0.3
o 2754 0.31
o 2660 0.42
o 2659 0.42
o 2559 0.42
o 2459 0.57
o 2446 0.58
o 2445 0.58
o 2361 0.6
o 2360 0.6
o 2359 0.6
o 2258 0.6
o 2255 0.6
o 2170 0.61
o 2070 0.61
o 2066 4.42
o 2062 6.08
o 2059 9.54
o 2044 12.04
o 2041 12.04
o 1956 12.05
o 1954 12.05
o 1953 12.05
o 1854 12.05
o 1758 12.06
o 1685 73.73
o 1679 269.62
staff-scheduling-instance7
o 6265 0.16
o 6233 0.17
o 6133 0.17
o 6033 0.17
o 5934 0.17
o 5933 0.17
o 5740 0.17
o 5540 0.17
o 5537 0.17
o 5439 0.17
o 5435 0.17
o 5433 0.17
o 5332 0.17
o 5329 0.17
o 5328 0.17
o 5227 0.17
o 5127 0.17
o 5123 0.18
o 5023 0.18
o 5020 0.18
o 5017 0.18
o 5015 0.18
o 4915 0.18
o 4817 0.18
o 4816 0.18
o 4814 0.18
o 4730 0.19
o 4728 0.19
o 4627 0.19
o 4529 0.19
o 4439 0.19
o 4438 0.19
o 4436 0.19
o 4242 0.19
o 4239 0.19
o 4138 0.19
o 4037 0.19
o 3944 0.22
o 3844 0.22
o 3743 0.22
o 3643 0.22
o 3550 0.23
o 3547 0.23
o 3446 0.23
o 3345 0.23
o 3343 0.23
o 3341 0.23
o 3340 0.23
o 3242 0.23
o 3239 0.23
o 3238 0.23
o 3167 0.36
o 3066 0.36
o 3064 0.36
o 2963 0.36
o 2862 0.36
o 2797 0.59
o 2791 0.6
o 2790 0.6
o 2788 0.6
o 2785 0.6
o 2762 0.69
o 2667 0.69
o 2563 0.69
o 2562 0.69
o 2462 0.69
o 2362 0.69
o 2361 0.69
o 2261 0.69
o 2260 6.49
o 2256 6.49
o 2155 6.49
o 2153 6.49
o 2152 6.49
o 2149 6.49
o 2046 6.49
o 1973 8.24
o 1959 15.17
o 1858 15.17
o 1763 18.21
o 1760 135.7
o 1757 159.85
o 1659 159.85
o 1559 159.85
