staff-scheduling-instance10
o 13832 3.53
o 13728 3.53
o 13616 4.11
o 12436 4.46
o 12435 4.46
o 12432 4.46
o 12235 4.57
o 12133 4.57
o 12030 4.57
o 11715 4.58
o 11714 4.58
o 11712 4.63
o 11710 4.63
o 11610 4.64
o 11509 4.64
o 11417 4.65
o 11316 4.65
o 11215 4.65
o 11115 4.65
o 11014 4.66
o 10917 4.66
o 10816 4.66
o 10721 4.71
o 10673 10.85
o 10088 30.1
o 10085 30.1
o 9876 56.37
o 9875 56.37
o 9861 56.38
o 9860 56.39
o 9858 56.42
o 9855 56.42
o 9754 56.43
o 9654 56.43
o 9554 56.43
o 9551 56.43
o 9548 56.48
staff-scheduling-instance10
o 14302 3.33
o 13266 3.62
o 12860 3.63
o 12230 4.49
o 12228 4.49
o 12184 5
o 12083 5
o 12026 5.57
o 11922 5.58
o 11921 5.58
o 11832 5.68
o 11824 5.69
o 11723 5.69
o 11227 6.49
o 11196 7.19
o 11119 7.6
o 11016 7.6
o 11015 7.61
o 10994 7.79
o 10893 7.8
o 10792 7.8
o 10697 7.81
o 10696 7.81
o 10316 21.15
o 10297 31.03
o 10205 31.03
o 10204 31.03
o 10103 31.03
o 10004 31.04
o 9983 213.32
staff-scheduling-instance10
o 12146 3.34
o 11747 4.57
o 11525 7.15
o 11522 7.15
o 11521 7.15
o 11317 7.16
o 11315 7.16
o 11312 7.16
o 11309 7.16
o 11308 9.96
o 11307 9.96
o 11306 9.96
o 11205 9.96
o 11110 9.97
o 10819 9.99
o 10818 10
o 10815 10
o 10812 10
o 10806 10.01
o 10704 10.01
o 10702 10.01
o 10700 10.01
o 10697 10.02
o 10696 10.02
o 10694 10.02
o 10215 10.68
o 10114 10.68
o 10013 10.69
o 10000 11.13
o 9998 11.13
o 9996 11.13
o 9993 11.13
o 9991 11.13
o 9987 11.19
o 9895 146.89
o 9594 146.89
o 9490 146.89
o 9489 146.9
staff-scheduling-instance10
o 13829 2.63
o 13728 2.63
o 13434 2.64
o 13430 2.64
o 13428 2.64
o 13247 3.16
o 13246 3.17
o 13243 3.17
o 13241 3.17
o 13239 3.17
o 13135 3.18
o 13036 3.19
o 12731 3.2
o 12328 3.23
o 12326 3.23
o 12225 3.23
o 12221 3.27
o 12021 3.66
o 12018 3.67
o 11615 7.32
o 11613 7.32
o 11609 7.33
o 11508 7.33
o 11507 9.52
o 11207 11.37
o 11206 11.37
o 11105 11.37
o 11103 11.38
o 11002 11.38
o 10927 19.09
o 10826 19.09
o 10725 19.09
o 10624 19.09
o 10503 21.4
o 10502 21.41
o 10500 21.41
o 10399 21.41
o 10398 21.41
o 10396 21.41
o 10378 125.66
o 10279 125.66
o 10278 125.66
o 10179 125.66
staff-scheduling-instance10
o 12132 4.25
o 12128 4.25
o 12101 5.95
o 12028 7.18
o 11933 7.31
o 11733 7.31
o 11732 7.31
o 11640 7.32
o 11638 7.32
o 11635 7.32
o 11433 7.32
o 11432 7.32
o 11429 7.32
o 11328 7.32
o 11226 7.33
o 11225 7.34
o 11124 7.34
o 11113 7.6
o 11017 7.61
o 11016 7.61
o 10667 13.01
o 10664 13.01
o 10591 20.99
o 10484 21
o 10316 21.38
o 10194 25.5
o 10084 70.82
o 10083 70.83
o 10082 70.83
staff-scheduling-instance10
o 14320 2.34
o 14319 2.34
o 14218 2.35
o 14117 2.35
o 14116 2.35
o 14012 2.35
o 14009 2.35
o 13812 2.35
o 13805 2.42
o 13804 2.43
o 13602 2.43
o 13399 2.44
o 13395 2.44
o 13294 2.44
o 13293 2.44
o 13194 2.44
o 13193 2.45
o 12789 2.46
o 12583 2.47
o 12484 2.48
o 12235 3.91
o 12131 3.91
o 12123 3.92
o 12034 3.93
o 11919 3.94
o 11198 4.05
o 10907 4.08
o 10806 4.08
o 10613 4.48
o 9607 5.67
o 9604 5.67
staff-scheduling-instance10
o 13408 2.53
o 13304 2.53
o 13206 2.53
o 13109 2.53
o 13108 2.53
o 12709 2.55
o 12608 2.55
o 12504 2.55
o 12403 2.55
o 12302 2.55
o 12201 2.55
o 12198 2.55
o 12195 2.55
o 12097 2.55
o 12096 2.55
o 12093 2.56
o 12090 2.56
o 12087 2.56
o 11986 2.56
o 11788 2.58
o 11688 2.58
o 11602 2.68
o 11025 6.54
o 10923 6.54
o 10905 7.66
o 10809 7.8
o 10708 20.8
o 10607 20.8
o 10605 20.8
o 10406 20.8
o 10405 20.8
o 10305 20.8
o 10197 60.45
o 10195 60.45
o 10193 60.45
o 10106 253.91
o 10103 253.91
staff-scheduling-instance10
o 13413 2.42
o 13412 2.42
o 12525 2.62
o 11805 2.88
o 11803 2.88
o 11800 2.88
o 11798 2.88
o 11697 2.88
o 11608 5.57
o 11598 5.58
o 11594 5.65
o 11592 5.65
o 11494 5.65
o 11393 5.65
o 11292 5.66
o 11290 5.66
o 11289 5.66
o 11015 7.21
o 10943 7.92
o 10917 8.23
o 10915 8.26
o 10908 11.56
o 10906 11.57
o 10890 11.6
o 10889 11.6
o 10789 12.1
o 10703 37.33
o 10702 37.34
o 10601 37.34
o 10594 37.34
o 10587 37.35
o 10487 37.35
o 10478 107.04
o 10377 107.05
o 10376 107.05
o 10346 129.21
o 10344 129.22
o 10243 129.22
o 10145 129.22
o 10047 129.23
staff-scheduling-instance10
o 14858 2.56
o 13033 2.88
o 13030 2.88
o 13029 2.88
o 12927 2.88
o 12923 2.88
o 12830 3.24
o 12523 3.74
o 12521 3.74
o 12516 3.74
o 12126 4.08
o 11517 4.23
o 11416 4.23
o 11415 4.23
o 11413 4.24
o 11410 4.24
o 11406 4.24
o 11305 4.24
o 11300 4.24
o 11294 4.24
o 11291 4.24
o 11289 4.24
o 11254 6.26
o 11248 6.26
o 11147 6.26
o 11142 6.26
o 11125 8.64
o 11122 9.22
o 11118 9.22
o 11017 9.22
o 11015 9.22
o 10803 14.92
o 10701 14.92
o 10699 14.92
o 10500 14.93
o 10399 14.93
o 10306 23.85
o 10305 23.86
o 10304 23.86
o 10303 23.86
o 9970 24.22
staff-scheduling-instance10
o 13677 3
o 13087 3.12
o 13086 3.12
o 12985 3.12
o 12791 3.13
o 12330 4.23
o 12229 4.23
o 12127 4.23
o 12023 4.23
o 11922 4.23
o 11811 4.26
o 11710 4.28
o 11487 8.07
o 11386 8.07
o 11287 10.47
o 11186 10.47
o 11184 10.47
o 11180 10.47
o 11178 10.47
o 11078 10.48
o 10682 10.58
o 10681 10.62
o 10594 12.84
o 10492 12.84
o 10391 12.85
o 10384 17.26
