causal-discovery-causal_Water_10_1000
o 45193159 2.47
causal-discovery-causal_Water_10_1000
o 45193159 39.1
causal-discovery-causal_Water_10_1000
o 45193159 2.5
causal-discovery-causal_Water_10_1000
o 45193159 3.24
causal-discovery-causal_Water_10_1000
o 45193159 71.66
causal-discovery-causal_Water_10_1000
o 45193159 265.24
causal-discovery-causal_Water_10_1000
o 45193159 120.18
causal-discovery-causal_Water_10_1000
o 45193159 164.92
causal-discovery-causal_Water_10_1000
o 45193159 37.63
causal-discovery-causal_Water_10_1000
o 45193159 2.65
