generalized-ising-IS23_5.0.5.0.0.5_softer_periodic
o 124826199686282 0.02
o 124816378166054 0.03
o 124591556509845 0.03
o 124475693095770 0.03
o 124364158642821 0.03
o 124184026751222 0.03
o 123967456796291 0.03
o 123801878047499 0.03
o 123684769941004 0.03
o 123542595999400 0.03
o 123419651879390 0.03
o 123270360059107 0.03
o 123163799252240 0.03
o 123030630831788 0.03
o 122837483698576 0.03
o 122706484041729 0.03
o 122586586586193 0.03
o 122538992592634 0.04
o 122395576423345 0.04
o 122292383766340 0.04
o 122129214410906 0.04
o 121925150881138 0.04
o 121872996322619 0.04
o 121735522305042 0.04
o 121580419542337 0.04
o 121502635410149 0.04
o 121366208230782 0.04
o 121252775451404 0.04
o 121137630629871 0.04
o 121123792018923 0.04
o 121059022929940 0.04
o 120938683472949 0.04
o 120891880074482 0.04
o 120831795045966 0.04
o 120827799262515 0.04
o 120689869778939 0.04
o 120666150044442 0.04
o 120580072558471 0.04
o 120516764934850 0.04
o 120397949668407 0.04
o 120312402446270 0.04
o 120227806881576 0.04
o 120114955811392 0.04
o 120067984237197 0.04
o 120036320213531 0.04
o 119980775995886 0.04
o 119980476725791 0.04
o 119931664017421 0.04
o 119846184369881 0.04
o 119747066853729 0.04
o 119739115094040 0.04
o 119593920043329 0.04
o 119561581683404 0.04
o 119510482983886 0.04
o 119500278647295 0.04
o 119490423228335 0.04
o 119446320164139 0.04
o 119417139426938 0.04
o 119410993578269 0.04
o 119399228173212 0.04
o 119392484595800 0.04
o 119369082391587 0.04
o 119368274492046 0.04
o 119249679285756 0.04
o 119219135117045 0.04
o 119215008037891 0.04
o 119191034584960 0.04
generalized-ising-IS23_5.0.5.0.0.5_softer_periodic
o 122811779629941 0.03
o 122714004448567 0.04
o 122560336938781 0.04
o 122425544516111 0.04
o 122176096192742 0.04
o 122108009401558 0.04
o 122046256760073 0.04
o 121893792440948 0.04
o 121707153124782 0.04
o 121601586756211 0.04
o 121592270686432 0.04
o 121591152306363 0.04
o 121393326001444 0.04
o 121375277886160 0.04
o 121305818381560 0.04
o 121141729886650 0.04
o 120985085050243 0.04
o 120889913421621 0.04
o 120706204064976 0.04
o 120575905726095 0.04
o 120498731722637 0.04
o 120306573688188 0.04
o 120185020348273 0.04
o 120041817649483 0.04
o 120041709499912 0.04
o 119967280098398 0.04
o 119871871659876 0.04
o 119788335567518 0.04
o 119691123384705 0.04
o 119681644355133 0.04
o 119543751900742 0.04
o 119483968753643 0.04
o 119447825115856 0.04
o 119421594005210 0.04
o 119389012238531 0.04
o 119379303023920 0.05
o 119362896791417 0.05
o 119313637543837 0.05
o 119309742858730 0.05
o 119299684667957 0.05
o 119299008380270 0.05
o 119297897481708 296.66
o 119289153296057 296.66
o 119214962586879 296.66
o 119164598733055 296.66
o 119141399075752 296.66
o 119102742344547 296.66
o 119071344303737 296.67
o 119045007469488 296.67
generalized-ising-IS23_5.0.5.0.0.5_softer_periodic
o 125474526003939 0.03
o 125329457304374 0.03
o 125136341512819 0.03
o 124993968279826 0.03
o 124781582098411 0.03
o 124542406308082 0.03
o 124367589859590 0.03
o 124196246479596 0.03
o 124094823473749 0.03
o 123956055469932 0.03
o 123765275703658 0.03
o 123690241289312 0.03
o 123509741156707 0.03
o 123287884444471 0.03
o 123244072681451 0.03
o 123063517161244 0.03
o 122893516648739 0.03
o 122780675439165 0.03
o 122695203014667 0.03
o 122575188734673 0.03
o 122518136346234 0.03
o 122295515093928 0.03
o 122232385336989 0.03
o 122052092441927 0.03
o 122012282865545 0.03
o 121860454299085 0.03
o 121688176880467 0.03
o 121599732791274 0.03
o 121577905548789 0.03
o 121567443855531 0.03
o 121442421102150 0.03
o 121409775357679 0.03
o 121282886585044 0.03
o 121183806409520 0.03
o 121123101328078 0.03
o 121048072220616 0.03
o 121012019730161 0.03
o 120911971792151 0.03
o 120813203531979 0.03
o 120707799596490 0.03
o 120518151382730 0.03
o 120372673299801 0.03
o 120244609536755 0.03
o 120120483737334 0.03
o 120067029924081 0.03
o 120041985411466 0.03
o 120011864678484 0.03
o 119955051634600 0.03
o 119945539756129 0.03
o 119914869067313 0.03
o 119863895579483 0.03
o 119811542939236 0.03
o 119780981115152 0.03
o 119733223745317 0.03
o 119632720739960 0.03
o 119567155841062 0.03
o 119533402640280 0.03
o 119484397786047 0.03
o 119419003423296 0.04
o 119409623170259 0.04
o 119390270522037 0.04
o 119358208503288 0.04
o 119344145550574 0.04
o 119319104229407 0.04
o 119286629864586 0.04
o 119252248288449 0.04
o 119242118569818 0.04
o 119215685498600 0.04
o 119179401060401 0.04
o 119145804492200 0.04
o 119089014029182 0.04
generalized-ising-IS23_5.0.5.0.0.5_softer_periodic
o 124291223924613 0.02
o 124218471725279 0.03
o 124031348751637 0.03
o 124009013468999 0.03
o 123818182715345 0.03
o 123682807195554 0.03
o 123479315052118 0.03
o 123356058750449 0.03
o 123134014118530 0.03
o 122946997955128 0.03
o 122857384426444 0.03
o 122814388903072 0.03
o 122725747306706 0.03
o 122570035204207 0.03
o 122488166493518 0.03
o 122350393847204 0.03
o 122132605979587 0.03
o 122058357323060 0.04
o 121885978825667 0.04
o 121705547336824 0.04
o 121534777238191 0.04
o 121379231303755 0.04
o 121334861550584 0.04
o 121272954808882 0.04
o 121176298973903 0.04
o 121022195045820 0.04
o 120926923465721 0.04
o 120788195182246 0.04
o 120738426657308 0.04
o 120693609379562 0.04
o 120651102060686 0.04
o 120485500383190 0.04
o 120432236397639 0.04
o 120275766885865 0.04
o 120180521045159 0.04
o 120107982247559 0.04
o 120083946071347 0.04
o 120047814632735 0.04
o 120024836879720 0.04
o 119886942610721 0.04
o 119816055519694 0.04
o 119782086515813 0.04
o 119758558433452 0.04
o 119686690926706 0.04
o 119673372113999 0.04
o 119665557343200 0.04
o 119654373142125 0.04
o 119610210126731 0.04
o 119497472196470 0.04
o 119496130315804 0.04
o 119444552399436 0.04
o 119416151160655 0.04
o 119410993578269 0.04
o 119387721758690 0.04
o 119372821579635 0.04
o 119336257341788 0.04
o 119298422896839 0.04
o 119278870868502 0.04
o 119245169397196 0.04
o 119233312267760 0.04
o 119214725461757 0.04
o 119188723337024 0.04
o 119180754588508 0.04
o 119171912676056 0.04
o 119135262961786 283.93
o 119121606622722 283.93
generalized-ising-IS23_5.0.5.0.0.5_softer_periodic
o 122961857500695 0.02
o 122878336619494 0.03
o 122731050702460 0.03
o 122585453196885 0.03
o 122446575933065 0.03
o 122270838509509 0.03
o 122188049611424 0.03
o 122119725290512 0.03
o 122072948012820 0.03
o 122020437941727 0.03
o 121900897804953 0.03
o 121765219498964 0.03
o 121704294330224 0.03
o 121673322535953 0.03
o 121620982336101 0.03
o 121515951898066 0.03
o 121426272134550 0.03
o 121244860684447 0.03
o 121162520664805 0.03
o 121104679783970 0.03
o 121023938038391 0.03
o 120900850416432 0.03
o 120776660454984 0.03
o 120615813008151 0.03
o 120438539180404 0.03
o 120369652268080 0.03
o 120343097889252 0.03
o 120185989900818 0.03
o 120059408957533 0.03
o 119965384391851 0.03
o 119845723981550 0.03
o 119710099375060 0.03
o 119607311891601 0.03
o 119535458790169 0.03
o 119489038807179 0.03
o 119421490216801 0.03
o 119372085484169 0.03
o 119360321230554 0.03
o 119308502017127 0.03
o 119297541212278 0.03
o 119273775160666 0.03
o 119235006273318 0.03
o 119229876960416 0.03
o 119183518184882 0.03
generalized-ising-IS23_5.0.5.0.0.5_softer_periodic
o 124120065679712 0.04
o 124089224146194 0.05
o 123988825727245 0.05
o 123828612878930 0.05
o 123640143298488 0.05
o 123487652461517 0.05
o 123423249655978 0.05
o 123283060866607 0.05
o 123105525667574 0.06
o 122937503554664 0.06
o 122852669838886 0.06
o 122738140851813 0.06
o 122682214841472 0.06
o 122579003084380 0.06
o 122531973187535 0.06
o 122471454405207 0.06
o 122338539300263 0.06
o 122258148157580 0.07
o 122094323107862 0.07
o 122069755259581 0.07
o 121972732079792 0.07
o 121885840051554 0.07
o 121750606803366 0.07
o 121578724968551 0.07
o 121465436777484 0.07
o 121269940008140 0.07
o 121132723267102 0.07
o 120991718021760 0.07
o 120926703599981 0.07
o 120776879818412 0.07
o 120527557542835 0.07
o 120496996184638 0.07
o 120421720130095 0.07
o 120387830787098 0.07
o 120308001498165 0.07
o 120142447202244 0.07
o 120017647398618 0.07
o 120006255071809 0.07
o 119940872064131 0.07
o 119796979782302 0.07
o 119778078040754 0.07
o 119748225947911 0.07
o 119729345291335 0.07
o 119676361310025 0.07
o 119598034498965 0.07
o 119583266489444 0.07
o 119577696918465 0.07
o 119557748616608 0.07
o 119488220960880 0.07
o 119470263609542 0.07
o 119454542104766 0.07
o 119432207753238 0.07
o 119423610748956 0.07
o 119410993578269 0.07
o 119395216776851 0.07
o 119375996836496 0.07
o 119337848212311 0.07
o 119327435314662 0.07
o 119315546210276 0.07
o 119308485813823 0.07
o 119285673266755 0.07
o 119234911776200 0.07
o 119194874253269 0.07
o 119188515478819 0.07
o 119169811179211 0.07
o 119082250923397 0.07
o 119038577088347 0.07
o 119018865709546 0.07
o 118994951665508 0.07
generalized-ising-IS23_5.0.5.0.0.5_softer_periodic
o 122464765081048 0.02
o 122332114582220 0.03
o 122210142851004 0.03
o 122080205522445 0.03
o 121886594837874 0.03
o 121738278228077 0.03
o 121607564272083 0.03
o 121520814227332 0.03
o 121488956581025 0.03
o 121455670963612 0.03
o 121346263620777 0.03
o 121244014669902 0.03
o 121172449939173 0.03
o 121020749831393 0.03
o 120927835218753 0.03
o 120920412477062 0.03
o 120819944540068 0.03
o 120746550885430 0.03
o 120623448924391 0.03
o 120451804447592 0.03
o 120299707450377 0.03
o 120236716506179 0.03
o 120107154489365 0.03
o 120026890633414 0.03
o 119971201574190 0.03
o 119948153493855 0.03
o 119901779287885 0.03
o 119837366105633 0.03
o 119748917413490 0.03
o 119668301501338 0.03
o 119643033849381 0.03
o 119560212466260 0.03
o 119474543638365 0.03
o 119451604288717 0.03
o 119444272796473 0.03
o 119439871196327 0.03
o 119376661142554 0.03
o 119319938487696 0.03
o 119296842182093 0.04
o 119292481698447 190.06
o 119270682439176 190.06
o 119265508452908 190.06
o 119248157243387 190.06
o 119238852209375 190.06
o 119219563954870 190.06
o 119205591833034 190.06
o 119176213503534 190.06
o 119133196811089 190.06
o 119083304457712 190.06
generalized-ising-IS23_5.0.5.0.0.5_softer_periodic
o 124306937750490 0.03
o 124170682780223 0.03
o 123985197878534 0.03
o 123906533025564 0.03
o 123818919850425 0.03
o 123621540913540 0.03
o 123521982359954 0.03
o 123391364877540 0.03
o 123203950120743 0.03
o 123140393888420 0.04
o 122906633915689 0.04
o 122789706062800 0.04
o 122704089561138 0.04
o 122624553518675 0.04
o 122611058590603 0.04
o 122460375182289 0.04
o 122318152222637 0.04
o 122167772613310 0.04
o 122058898197417 0.04
o 122012875918589 0.04
o 121801609364958 0.04
o 121782924162039 0.04
o 121637762582899 0.04
o 121410694098488 0.04
o 121371444042418 0.04
o 121208795861396 0.04
o 121122285716792 0.04
o 121063612535616 0.04
o 120935617028886 0.04
o 120705733501209 0.04
o 120695648236128 0.04
o 120483842734048 0.04
o 120462113441505 0.04
o 120360980209682 0.04
o 120321838138295 0.04
o 120264962237345 0.04
o 120245652729396 0.04
o 120240891929463 0.04
o 120167192476064 0.04
o 120144142050973 0.04
o 120139118605804 0.04
o 120006057967453 0.04
o 119996584503232 0.04
o 119985730761640 0.04
o 119970240293042 0.04
o 119812283952686 0.04
o 119777954082876 0.04
o 119698210970447 0.04
o 119605297283486 0.04
o 119590369324239 0.04
o 119586497754384 0.04
o 119496324234677 0.04
o 119447338179235 0.04
o 119412832264793 0.04
o 119399213290131 0.04
o 119395216776851 0.04
o 119372809958378 0.04
o 119245672167657 0.04
o 119226058376130 0.04
o 119217125560713 0.04
o 119207518877785 195.54
o 119146495583542 195.54
o 119122774582553 195.54
generalized-ising-IS23_5.0.5.0.0.5_softer_periodic
o 122389802822120 0.02
o 122363902658170 0.03
o 122128815242295 0.03
o 121922463516256 0.03
o 121900646450556 0.03
o 121726901299072 0.03
o 121614489915459 0.03
o 121525341225630 0.03
o 121451938692854 0.03
o 121381373452785 0.03
o 121297348496931 0.03
o 121218054260179 0.03
o 121077583985648 0.03
o 121070155551862 0.03
o 120945903227263 0.03
o 120841209682541 0.03
o 120775126347647 0.03
o 120731956724449 0.03
o 120663300400637 0.03
o 120579617253710 0.03
o 120481575665101 0.03
o 120414573491047 0.03
o 120227179318911 0.03
o 120132452800536 0.03
o 120031469993829 0.03
o 119907907872392 0.03
o 119887889515892 0.03
o 119834159242000 0.03
o 119677419643199 0.03
o 119656500443969 0.03
o 119651085258527 0.03
o 119558324796004 0.03
o 119557817197557 0.03
o 119526114508115 0.03
o 119514761086866 0.03
o 119514027928970 0.03
o 119488878874871 0.03
o 119451310583344 0.03
o 119435557156375 0.03
o 119412073517729 0.03
o 119401409219957 0.03
o 119348805192814 0.03
o 119246773516215 0.03
o 119233104878691 0.03
o 119220443841958 0.03
o 119190470964690 0.03
generalized-ising-IS23_5.0.5.0.0.5_softer_periodic
o 124101230611237 0.02
o 124093664738391 0.03
o 123933237236990 0.03
o 123794271972950 0.03
o 123660214026276 0.03
o 123499103726839 0.03
o 123311109524397 0.03
o 123151372890074 0.03
o 123007444228359 0.03
o 122855811508181 0.03
o 122755867594107 0.03
o 122589288149646 0.03
o 122383962896029 0.03
o 122280858552290 0.03
o 122057116703431 0.03
o 121895728061991 0.03
o 121772898645065 0.03
o 121666683303773 0.03
o 121606828771783 0.03
o 121441981285097 0.03
o 121268083597001 0.03
o 121097101068467 0.03
o 121019782984092 0.03
o 120901392737088 0.03
o 120752097930809 0.03
o 120628645276556 0.03
o 120522911072259 0.03
o 120375666655032 0.03
o 120367893064613 0.03
o 120367878818965 0.03
o 120279616941837 0.03
o 120249103741451 0.03
o 120181345328055 0.03
o 120118740439810 0.03
o 120065083728384 0.03
o 120024460087767 0.03
o 119963996172374 0.03
o 119915041930969 0.03
o 119902098280225 0.03
o 119892573649581 0.03
o 119841665327528 0.03
o 119689184885034 0.03
o 119633878360985 0.03
o 119593205498127 0.03
o 119572768632169 0.03
o 119527141198219 0.03
o 119511656276062 0.03
o 119503609942874 0.03
o 119449764199461 0.03
o 119444492594488 0.03
o 119441498628232 0.03
o 119420599674288 0.03
o 119410993578269 0.03
o 119401387482250 0.03
o 119395216776851 0.03
o 119393793282430 0.03
o 119383533760468 0.04
o 119340933014121 0.04
o 119269969521925 0.04
o 119267923910910 0.04
o 119264592879985 0.04
o 119250795658771 0.04
o 119226574482551 0.04
