MinimumWeightDominatingSetProblem-bn-human-BNU_1_0025865_session_1-bg
o 119428383 231.16
MinimumWeightDominatingSetProblem-bn-human-BNU_1_0025865_session_1-bg
o 119432044 189.62
MinimumWeightDominatingSetProblem-bn-human-BNU_1_0025865_session_1-bg
o 119422727 265.59
MinimumWeightDominatingSetProblem-bn-human-BNU_1_0025865_session_1-bg
o 119422704 237.09
MinimumWeightDominatingSetProblem-bn-human-BNU_1_0025865_session_1-bg
o 119426010 229.8
MinimumWeightDominatingSetProblem-bn-human-BNU_1_0025865_session_1-bg
o 119422383 222.19
MinimumWeightDominatingSetProblem-bn-human-BNU_1_0025865_session_1-bg
o 119430132 207
MinimumWeightDominatingSetProblem-bn-human-BNU_1_0025865_session_1-bg
o 119431178 310.96
MinimumWeightDominatingSetProblem-bn-human-BNU_1_0025865_session_1-bg
o 119423325 253.38
MinimumWeightDominatingSetProblem-bn-human-BNU_1_0025865_session_1-bg
o 119427632 339.04
