railway-transport-f2030
o 5425 30.83
o 5424 30.83
o 5386 30.83
o 5378 30.89
o 5349 30.89
o 5347 30.89
o 5128 32.33
o 5111 32.34
o 5062 32.34
o 5046 32.34
o 5033 247.71
o 5025 248.54
o 5023 248.54
o 5010 248.55
o 4961 248.55
o 4942 248.55
railway-transport-f2030
railway-transport-f2030
o 5223 29.6
o 5211 29.85
o 5194 29.85
railway-transport-f2030
o 5532 179.43
o 5529 179.43
o 5527 179.43
o 5504 179.43
o 5496 179.43
o 5493 179.43
o 5491 179.43
o 5451 179.43
o 5450 179.43
o 5446 179.43
o 5445 179.44
o 5443 179.44
o 5374 179.47
o 5370 179.47
o 5198 179.59
o 5194 179.59
o 5193 179.6
o 5192 179.6
o 5188 179.6
o 5139 179.6
o 5138 179.6
o 5128 179.71
o 5127 179.71
o 5123 179.74
o 5034 180.18
o 5013 180.19
o 4969 180.21
o 4914 180.46
o 4913 180.46
o 4901 180.46
o 4900 180.46
o 4854 180.46
o 4840 180.46
o 4839 180.46
o 4835 180.46
o 4825 180.54
railway-transport-f2030
o 6181 196.61
o 5713 196.69
o 5709 196.69
o 5706 196.69
o 5702 196.69
o 5700 196.69
o 5698 196.69
o 5603 196.69
o 5573 196.69
o 5572 196.69
o 5571 196.82
o 5567 196.82
o 5565 196.82
o 5564 196.82
o 5426 216.95
o 4898 217.11
o 4897 217.11
o 4865 217.18
o 4841 217.19
o 4840 217.2
o 4837 217.2
o 4740 240.49
o 4739 240.5
o 4738 240.5
o 4737 240.5
o 4736 240.5
railway-transport-f2030
o 5331 22.09
o 5222 22.51
o 5221 22.51
o 5072 254.81
o 5070 254.81
o 5069 254.81
o 5067 254.81
o 5063 254.81
o 5062 254.81
o 5045 254.82
o 4923 254.85
o 4804 255.32
o 4751 256.13
o 4750 256.14
railway-transport-f2030
o 5176 27.3
o 5169 27.3
o 5168 100.22
o 5167 100.22
o 5163 100.22
o 5162 100.22
o 5161 100.23
o 5153 100.23
o 5152 100.23
o 5128 100.26
o 5119 100.26
o 5118 100.26
o 4812 100.32
o 4809 100.32
o 4792 100.33
railway-transport-f2030
o 4932 64.15
o 4910 64.17
o 4906 64.18
o 4874 64.26
o 4844 64.62
o 4843 64.62
o 4842 64.63
o 4839 64.63
o 4725 64.68
o 4724 64.68
o 4723 64.68
railway-transport-f2030
railway-transport-f2030
o 5390 13.78
o 5389 13.79
o 5385 13.79
o 5371 13.79
o 5370 13.79
o 5366 13.79
o 5365 13.79
o 5364 13.79
o 5160 14.96
o 5159 14.96
o 5158 14.96
o 5138 14.96
o 5137 14.96
o 5093 14.96
o 5092 14.96
o 5087 14.96
o 5083 14.96
o 5082 14.96
o 4806 15.01
o 4768 15.01
o 4766 15.02
o 4758 15.02
