relational-inference-pa-3
o 16262 52.69
o 16053 52.71
o 15253 52.73
o 15043 52.75
o 15006 52.76
o 14936 55.41
o 14475 55.44
o 14299 55.47
o 14145 55.49
o 13945 55.5
o 13745 55.52
o 13707 55.54
o 13679 55.56
o 13649 55.59
o 13494 55.61
o 13294 55.63
o 13118 55.64
o 12918 55.66
o 12518 55.68
o 12497 55.7
o 12361 55.72
o 12295 55.74
o 12121 55.76
o 11720 57.3
o 11703 57.32
o 11304 57.33
o 11128 57.35
o 10919 57.37
o 10811 58.95
o 10611 58.98
o 10574 59.02
o 10506 59.03
o 10306 59.05
o 10106 59.07
o 10007 59.08
o 9602 59.1
o 9574 59.12
o 8160 59.17
o 8069 59.22
o 7869 59.24
o 7669 59.26
o 7580 59.28
o 7448 59.3
o 7367 59.32
o 7287 59.34
o 7284 59.35
o 7175 59.37
o 7054 59.4
o 6854 59.41
o 6752 59.43
o 6689 59.45
o 6489 59.47
o 6289 59.49
o 6089 59.5
o 5948 60.55
o 5916 60.57
o 5901 60.58
o 5842 60.64
o 5822 60.65
o 5802 60.67
o 5782 60.69
o 5762 60.7
o 5737 60.72
o 5653 60.74
o 5508 60.76
o 5308 60.78
o 5191 60.8
o 5061 60.82
o 4758 60.84
o 4747 60.87
o 4717 60.88
o 4695 60.9
o 4542 65.01
o 4342 65.03
o 4256 65.05
o 4175 65.07
o 4114 65.1
o 4097 65.12
o 4080 65.14
o 3944 65.16
o 3832 65.41
o 3794 65.43
o 3757 65.45
o 3725 65.47
o 3652 65.49
o 3460 65.5
o 3289 65.52
o 3266 65.57
o 3226 65.91
o 3138 66.05
o 2938 66.07
o 2875 91.46
o 2870 91.72
o 2670 91.74
o 2551 91.76
o 2471 91.79
o 2342 93.39
o 2319 94
o 2230 94.02
o 2182 94.04
o 2167 94.06
o 1984 94.07
o 1927 94.1
o 1876 94.11
o 1676 94.13
o 1668 94.37
o 1532 94.39
o 1511 94.86
o 1478 114.44
o 1461 173.64
o 1407 173.68
o 1312 173.92
o 1270 185.59
o 1261 218.1
o 1248 266.12
o 1200 290.73
relational-inference-pa-3
o 88186 37.08
o 56857 38.25
o 56657 38.26
o 56257 38.28
o 55858 38.29
o 55452 38.3
o 55070 38.34
o 53124 38.35
o 52850 38.36
o 50178 38.37
o 45807 38.4
o 42440 38.42
o 42387 38.43
o 38874 38.45
o 33019 38.49
o 32699 38.5
o 32499 38.51
o 31817 38.52
o 31417 38.53
o 31198 38.55
o 31166 38.56
o 30429 38.57
o 30400 38.58
o 27682 38.59
o 27473 38.61
o 27264 38.62
o 26864 38.63
o 26464 38.64
o 26387 38.68
o 26187 38.69
o 24452 38.71
o 23665 38.79
o 23265 38.81
o 23137 38.82
o 23109 38.83
o 22655 38.85
o 22433 38.88
o 22033 38.89
o 20832 38.92
o 20632 38.93
o 20232 38.94
o 20051 38.95
o 19851 38.97
o 19651 38.98
o 19251 38.99
o 19122 39
o 18951 39.02
o 18551 39.03
o 18151 39.04
o 17751 39.05
o 16861 39.29
o 16461 39.3
o 15971 39.32
o 14898 39.33
o 14892 39.36
o 14833 39.69
o 14633 39.7
o 14230 39.72
o 14149 40.25
o 14133 40.3
o 13997 40.31
o 13928 40.32
o 13829 40.33
o 13629 40.34
o 13595 40.35
o 13484 40.38
o 13449 40.39
o 13347 40.4
o 13228 40.41
o 13200 40.42
o 12646 40.49
o 12526 40.51
o 12434 40.52
o 12351 40.53
o 12215 40.54
o 12015 40.56
o 11951 40.57
o 11683 40.58
o 11586 40.59
o 11554 40.6
o 11526 40.62
o 11427 40.63
o 11227 40.64
o 11027 40.65
o 10827 40.66
o 10791 40.67
o 10672 40.69
o 10536 40.7
o 10417 40.71
o 10298 40.72
o 10201 40.73
o 10169 40.74
o 10068 40.75
o 9868 40.76
o 9526 41.02
o 9109 41.18
o 9037 41.2
o 9005 41.21
o 8973 41.22
o 8850 41.71
o 8646 41.9
o 8503 41.91
o 8303 41.93
o 8184 41.94
o 7994 41.95
o 7794 41.96
o 7655 41.97
o 7601 41.98
o 7528 42
o 7438 42.01
o 7375 42.02
o 7221 42.03
o 7013 42.04
o 6813 42.05
o 6759 42.07
o 6714 42.92
o 6433 42.93
o 6297 42.95
o 6161 42.96
o 6129 42.97
o 6097 42.98
o 6033 42.99
o 5879 43.01
o 5855 43.02
o 5797 43.03
o 5736 47.11
o 5704 47.12
o 5695 47.13
o 5649 47.14
o 5643 47.16
o 5637 47.17
o 5365 47.18
o 5165 47.19
o 4626 47.25
o 4559 47.28
o 4556 47.32
o 4356 47.34
o 4284 47.35
o 4121 47.67
o 4085 47.68
o 3999 47.71
o 3983 47.72
o 3963 47.74
o 3867 47.75
o 3751 47.76
o 3731 47.77
o 3707 47.79
o 3675 47.8
o 3551 47.82
o 3501 51.32
o 3419 51.68
o 3401 51.69
o 3384 51.7
o 3230 51.71
o 3087 51.73
o 2940 51.97
o 2740 51.98
o 2700 52.64
o 2689 59.2
o 2631 59.48
o 2585 59.49
o 2542 59.5
o 2342 59.52
o 2325 59.53
o 2237 59.54
o 2215 59.73
o 2136 59.74
o 1982 59.75
o 1883 59.77
o 1852 59.79
o 1741 59.81
o 1726 60.58
o 1708 79.06
o 1666 95.18
o 1632 110.02
o 1506 110.03
o 1476 110.06
o 1389 110.07
o 1298 124.53
o 1288 125.63
o 1223 127.6
o 1221 138.88
o 1213 202.95
relational-inference-pa-3
o 5657 55.39
o 5303 55.43
o 4692 55.46
o 4450 55.49
o 3086 55.52
o 2984 55.55
o 2959 55.58
o 2934 55.61
o 2881 55.65
o 2870 79.78
o 2756 79.81
o 2686 80.9
o 2635 80.94
o 2499 80.97
o 2482 81
o 2436 81.03
o 2322 81.07
o 2276 81.1
o 2122 81.13
o 2089 128.86
o 2061 128.91
o 2010 128.95
o 1950 129.12
o 1941 129.6
o 1787 129.63
o 1754 129.67
o 1735 142.18
o 1718 142.22
o 1669 142.25
o 1663 142.28
o 1629 142.32
o 1566 145.02
o 1508 145.32
o 1478 161.81
o 1379 161.85
o 1347 161.88
o 1213 180.4
relational-inference-pa-3
o 56346 101.26
o 56296 101.3
o 56180 101.31
o 56171 101.33
o 56055 101.34
o 55865 101.36
o 55517 101.37
o 55253 101.38
o 55063 101.4
o 54948 102.81
o 52276 102.83
o 52076 102.84
o 51876 102.85
o 51476 102.86
o 51076 102.87
o 46672 102.91
o 46472 102.93
o 43134 102.97
o 37605 102.98
o 37415 103.01
o 37015 103.03
o 36615 103.04
o 36244 103.07
o 36044 103.08
o 35644 103.09
o 35244 103.1
o 34844 103.11
o 32799 103.27
o 32591 103.28
o 32191 103.29
o 32174 103.3
o 31989 103.31
o 31935 103.33
o 31535 103.34
o 29331 103.4
o 28679 103.41
o 28419 103.42
o 28191 103.44
o 28017 103.46
o 27644 103.47
o 25622 103.48
o 25422 103.49
o 25222 103.5
o 24822 103.52
o 24422 103.53
o 24022 103.54
o 23622 103.55
o 23222 103.56
o 22349 103.94
o 22089 104.03
o 21689 104.04
o 21510 104.05
o 21474 104.07
o 21074 104.08
o 20674 104.09
o 20631 104.1
o 20231 104.12
o 19440 104.23
o 19431 104.24
o 19257 104.26
o 19047 104.28
o 16643 104.39
o 16428 104.42
o 15579 104.43
o 15555 104.44
o 15522 104.46
o 15336 105.11
o 15273 105.13
o 15154 105.14
o 15035 105.15
o 15032 105.16
o 14896 105.18
o 14696 105.19
o 14603 105.2
o 14404 105.21
o 14336 105.24
o 14173 105.39
o 13773 105.4
o 13450 105.43
o 13205 105.44
o 13140 105.45
o 12991 105.48
o 12946 105.49
o 12827 105.5
o 12825 105.52
o 12635 105.53
o 12536 105.54
o 12523 105.55
o 12467 105.57
o 12422 105.58
o 12276 105.59
o 12157 105.61
o 12021 105.62
o 11902 105.63
o 11870 105.65
o 11842 105.66
o 11723 105.67
o 11652 105.68
o 11452 105.7
o 11252 105.71
o 11146 105.72
o 10946 105.73
o 10452 108.08
o 10433 108.09
o 10326 108.11
o 10126 108.12
o 10089 108.13
o 10057 108.15
o 9991 108.16
o 9966 108.17
o 9963 108.19
o 9844 108.2
o 9787 108.21
o 9729 108.22
o 9717 108.24
o 9517 108.25
o 9317 108.26
o 9117 108.27
o 8917 108.29
o 8636 108.3
o 8635 108.32
o 8611 108.33
o 8427 108.34
o 8316 108.37
o 8120 108.38
o 7891 111.08
o 7767 111.12
o 7141 111.13
o 7077 111.23
o 7052 111.25
o 7027 111.46
o 7022 111.78
o 6830 111.79
o 6676 111.8
o 6654 111.81
o 6645 111.82
o 6542 111.84
o 5976 113.63
o 5965 113.64
o 5903 113.65
o 5745 113.67
o 5686 113.69
o 5651 113.7
o 5603 113.71
o 5466 113.72
o 5434 113.73
o 5369 113.75
o 5236 113.77
o 5173 113.78
o 5112 113.79
o 5033 113.8
o 5012 113.82
o 4948 114.13
o 4794 114.14
o 4688 114.16
o 4687 114.18
o 4682 114.19
o 4482 114.2
o 4425 114.21
o 4378 114.28
o 4266 114.29
o 4139 114.31
o 4020 114.32
o 3914 114.33
o 3908 114.36
o 3891 114.37
o 3710 114.39
o 3567 114.4
o 3528 114.74
o 3481 114.76
o 3405 114.82
o 3247 114.83
o 3040 118.07
o 2917 118.09
o 2717 118.1
o 2517 118.11
o 2399 121.6
o 2389 121.63
o 2255 121.64
o 2238 124.47
o 2192 124.79
o 1992 124.8
o 1827 124.82
o 1809 141.55
o 1655 141.57
o 1524 142.02
o 1466 142.95
o 1434 142.99
o 1312 143
o 1280 143.55
o 1253 144.13
o 1171 144.22
relational-inference-pa-3
o 6587 52.04
o 6547 61.85
o 6523 61.88
o 6339 61.91
o 6222 61.93
o 6059 61.97
o 5975 62
o 5854 62.02
o 5654 62.05
o 5618 62.07
o 5248 62.1
o 5239 62.13
o 5237 62.49
o 5038 62.52
o 4838 62.54
o 4800 64.28
o 4722 64.31
o 4522 64.34
o 4372 64.36
o 4218 64.39
o 4018 64.41
o 4010 64.44
o 3917 64.46
o 3885 64.49
o 3854 64.53
o 3825 67.28
o 3792 67.3
o 3592 67.33
o 3564 67.36
o 3546 67.38
o 3346 67.41
o 3192 67.43
o 3064 67.46
o 2993 67.48
o 2975 67.75
o 2785 67.78
o 2704 67.81
o 2631 67.83
o 2573 69.3
o 2525 69.78
o 2479 69.8
o 2312 69.82
o 2216 69.85
o 2173 69.87
o 2068 69.89
o 1888 69.93
o 1825 71.02
o 1727 71.48
o 1719 89.58
o 1718 89.62
o 1700 89.66
o 1654 89.7
o 1646 89.73
o 1620 89.8
o 1588 89.89
o 1434 89.92
o 1407 91.15
o 1253 91.18
o 1213 125.8
o 1091 240.48
relational-inference-pa-3
o 59876 37.88
o 59739 37.91
o 43517 38.8
o 43317 38.81
o 42190 38.82
o 42014 38.84
o 41806 38.85
o 41606 38.86
o 41406 38.87
o 41006 38.88
o 40606 38.89
o 40206 38.9
o 39149 38.92
o 39124 38.93
o 38879 38.94
o 38679 38.95
o 38647 38.96
o 38615 38.97
o 38583 38.98
o 38383 38.99
o 38183 39
o 37983 39.01
o 37783 39.02
o 37182 39.08
o 36459 39.1
o 35736 39.11
o 33736 39.12
o 33536 39.13
o 33118 39.14
o 31760 39.15
o 31560 39.16
o 31530 39.17
o 31330 39.18
o 31130 39.2
o 30608 39.21
o 30408 39.22
o 30208 39.23
o 30008 39.24
o 29608 39.25
o 29208 39.26
o 29089 39.27
o 28889 39.29
o 28489 39.3
o 28428 39.31
o 27968 39.32
o 27568 39.34
o 27368 39.35
o 26968 39.36
o 26750 39.37
o 26630 39.41
o 26495 39.44
o 26095 39.45
o 25695 39.46
o 24724 39.54
o 24324 39.55
o 23782 39.57
o 23594 39.58
o 23394 39.59
o 23032 39.6
o 22868 39.61
o 22497 39.62
o 22319 39.63
o 21837 39.64
o 21807 39.65
o 21626 39.67
o 21435 39.68
o 21290 39.79
o 21090 39.8
o 20832 39.81
o 20432 39.82
o 18965 39.86
o 18765 39.87
o 18513 39.91
o 18381 39.93
o 17577 39.95
o 17514 40.1
o 16909 40.11
o 16905 40.12
o 16769 40.14
o 16667 40.15
o 16650 40.16
o 16602 40.17
o 16530 40.23
o 16198 40.32
o 15780 40.42
o 15112 40.43
o 14958 40.44
o 13704 40.45
o 13641 40.56
o 13540 41.34
o 12982 41.4
o 12671 41.41
o 12482 41.68
o 12441 41.69
o 12377 41.7
o 12349 41.71
o 12230 41.72
o 12197 41.74
o 12114 41.75
o 12106 41.76
o 12093 41.77
o 11858 41.78
o 10915 41.79
o 9645 41.81
o 9492 41.89
o 9460 41.9
o 9444 41.94
o 9366 41.95
o 9347 41.96
o 9272 41.97
o 9072 41.98
o 9040 41.99
o 9000 42.01
o 8966 42.02
o 8766 42.03
o 8566 42.04
o 8460 42.06
o 8425 42.07
o 8225 42.08
o 8071 42.09
o 7871 42.1
o 7858 42.14
o 7793 42.15
o 7750 42.16
o 7736 42.17
o 7727 42.18
o 7573 42.19
o 7488 42.2
o 7370 42.22
o 7342 42.23
o 7339 42.24
o 7314 42.28
o 7114 42.29
o 6960 42.3
o 6928 42.32
o 6918 42.33
o 6886 42.34
o 6822 42.35
o 6625 42.52
o 6512 43.13
o 6488 43.14
o 6455 43.15
o 6295 43.17
o 6260 43.18
o 6099 43.19
o 6096 43.2
o 5938 43.22
o 5873 43.23
o 5313 43.24
o 5155 43.36
o 4991 48.68
o 4797 48.69
o 4707 48.7
o 4672 55.01
o 4644 55.02
o 4444 55.04
o 4184 55.05
o 4153 57.18
o 3886 57.19
o 3838 57.2
o 3761 57.22
o 3742 57.23
o 3709 57.24
o 3682 57.25
o 3603 57.26
o 3583 57.28
o 3534 57.31
o 3405 57.32
o 3235 57.47
o 3129 57.52
o 3126 57.79
o 3108 57.8
o 2989 57.81
o 2985 57.83
o 2866 57.84
o 2712 57.85
o 2694 57.86
o 2558 57.87
o 2455 58.66
o 2442 58.79
o 2288 58.8
o 2088 58.82
o 2007 59.29
o 1994 60.23
o 1944 60.24
o 1926 60.25
o 1899 60.27
o 1842 60.29
o 1688 60.3
o 1621 60.56
o 1590 61.05
o 1586 87.15
o 1450 87.16
o 1447 89.11
o 1415 89.12
o 1370 89.16
o 1298 89.17
o 1288 89.22
o 1248 89.23
o 1221 92.82
o 1213 141.85
o 1211 266.07
relational-inference-pa-3
o 58539 45.37
o 57551 45.39
o 56420 45.4
o 49712 47.4
o 49472 47.41
o 49038 47.43
o 48838 47.44
o 45228 47.46
o 44980 47.47
o 44334 47.48
o 44311 47.52
o 40346 47.53
o 39943 47.59
o 39421 47.61
o 37723 47.62
o 35658 47.63
o 35515 47.65
o 35372 47.66
o 34972 47.67
o 34491 47.69
o 34320 47.72
o 34295 47.73
o 34259 47.74
o 34105 47.75
o 33388 47.77
o 33046 47.78
o 32626 47.79
o 32426 47.8
o 32026 47.81
o 31793 47.82
o 31774 47.83
o 31738 47.84
o 30109 47.86
o 29909 47.87
o 29709 47.88
o 29525 47.89
o 29273 47.9
o 29073 47.92
o 28673 47.93
o 28473 47.94
o 28465 47.96
o 27668 47.97
o 27468 47.98
o 27068 47.99
o 26668 48.01
o 26468 48.02
o 26270 48.03
o 26070 48.04
o 25582 48.05
o 25298 48.06
o 24586 48.07
o 24513 48.1
o 24302 48.12
o 24258 48.14
o 24233 48.15
o 24033 48.16
o 23833 48.17
o 23433 48.18
o 23233 48.2
o 22981 48.21
o 22459 48.22
o 22453 48.23
o 22053 48.24
o 21853 48.25
o 21579 48.27
o 21379 48.28
o 21241 48.3
o 20927 48.31
o 20527 48.32
o 20327 48.33
o 19943 48.34
o 19543 48.35
o 19499 48.37
o 19099 48.38
o 18893 48.39
o 18593 48.4
o 18161 48.42
o 17761 48.43
o 17361 48.44
o 16181 48.45
o 15781 48.46
o 15771 48.79
o 15631 48.81
o 15431 48.82
o 15354 48.83
o 15314 48.84
o 15311 48.85
o 15283 48.87
o 15255 48.88
o 15227 48.89
o 15176 49.65
o 14998 49.69
o 14905 49.7
o 14851 49.71
o 14770 49.73
o 14651 49.74
o 14467 49.75
o 14267 49.76
o 14067 49.77
o 13867 49.78
o 13667 49.79
o 13467 49.81
o 13448 49.82
o 13287 49.92
o 12973 49.93
o 12953 49.95
o 12921 49.96
o 12884 49.97
o 12703 49.98
o 12674 49.99
o 12654 50.01
o 12454 50.02
o 11957 50.03
o 11869 50.04
o 11837 50.05
o 11701 50.06
o 11519 50.08
o 11299 50.09
o 11099 50.1
o 11084 50.11
o 10971 50.12
o 10965 50.13
o 10829 50.15
o 10786 50.16
o 10749 50.17
o 10745 50.18
o 10626 50.19
o 10582 50.2
o 10382 50.21
o 10182 50.23
o 10144 50.24
o 10121 50.26
o 10104 50.27
o 10089 50.28
o 9970 50.3
o 9873 50.31
o 9705 50.32
o 9670 51.74
o 9056 51.75
o 9023 51.76
o 8936 51.77
o 8903 51.78
o 8788 51.79
o 8692 51.8
o 8662 51.82
o 8479 51.83
o 8477 51.84
o 8150 51.85
o 8110 51.87
o 7974 51.88
o 7855 51.89
o 7736 51.9
o 7646 51.91
o 7446 51.94
o 7395 51.96
o 7367 51.97
o 7356 51.98
o 7339 51.99
o 7242 52
o 7214 52.01
o 7182 52.02
o 7074 52.04
o 7042 52.05
o 6923 52.06
o 6915 52.08
o 6906 52.09
o 6737 52.11
o 6537 52.12
o 6383 52.13
o 6205 52.14
o 5981 53.54
o 5862 53.55
o 5852 53.83
o 5848 53.84
o 5775 53.85
o 5771 53.86
o 5720 53.87
o 5520 53.89
o 5392 53.9
o 5367 53.91
o 5342 53.92
o 5253 53.94
o 5252 53.95
o 5202 54.19
o 5164 54.21
o 5129 54.22
o 4970 54.23
o 4916 54.24
o 4716 54.25
o 4662 54.37
o 4494 54.38
o 4438 54.68
o 4339 54.69
o 4139 54.71
o 4134 54.73
o 3994 54.75
o 3967 54.76
o 3862 54.77
o 3801 54.78
o 3679 54.8
o 3646 54.81
o 3560 54.82
o 3499 55.06
o 3486 55.07
o 3470 55.09
o 3351 55.1
o 3346 57.3
o 3341 57.31
o 3141 57.32
o 2987 57.34
o 2893 57.35
o 2713 57.37
o 2663 57.38
o 2614 57.39
o 2400 57.41
o 2246 57.42
o 2130 57.48
o 2033 57.49
o 1865 57.96
o 1794 58
o 1753 66.65
o 1629 68.7
o 1472 68.72
o 1318 68.73
o 1224 68.75
o 1164 116.83
relational-inference-pa-3
o 49681 52.49
o 49569 52.53
o 41298 53.98
o 40898 54
o 40786 54.02
o 40408 54.04
o 38872 54.06
o 38472 54.07
o 38282 54.09
o 38139 54.11
o 37659 54.13
o 37516 54.15
o 37316 54.17
o 37116 54.19
o 35409 54.27
o 35061 54.29
o 34661 54.31
o 33701 54.33
o 33241 54.35
o 31752 54.37
o 31598 54.39
o 31322 54.41
o 31242 54.42
o 31039 54.44
o 29006 54.47
o 28823 54.49
o 28750 54.55
o 28390 54.57
o 28190 54.59
o 28154 54.61
o 27754 54.63
o 27535 54.64
o 27494 54.66
o 26471 54.68
o 25908 54.7
o 25508 54.72
o 25108 54.74
o 25089 54.75
o 24606 54.77
o 24206 54.79
o 24035 54.81
o 23043 54.83
o 22874 54.84
o 22408 54.88
o 22248 54.9
o 22226 54.92
o 21866 54.94
o 21692 54.95
o 21492 54.97
o 21433 54.99
o 21396 55.01
o 21359 55.03
o 21322 55.05
o 21285 55.07
o 21248 55.09
o 21211 55.1
o 21077 55.12
o 20706 55.14
o 20306 55.16
o 17331 55.19
o 17023 55.21
o 16913 55.23
o 16749 55.24
o 16529 55.26
o 16298 56.01
o 15914 56.04
o 15514 56.08
o 15478 56.11
o 15454 56.13
o 15220 56.15
o 15032 56.17
o 14656 56.5
o 14601 56.52
o 14528 56.54
o 14381 56.57
o 14308 56.59
o 14235 56.61
o 14128 56.63
o 14025 57.64
o 12907 57.66
o 12699 57.68
o 12499 57.7
o 11991 57.73
o 11954 57.75
o 11922 57.77
o 11890 57.79
o 11879 57.8
o 11679 57.82
o 11479 57.84
o 11304 57.85
o 11283 57.87
o 10967 57.89
o 10477 57.91
o 10413 57.93
o 10213 57.94
o 10111 57.96
o 9944 57.98
o 9797 58
o 9724 58.01
o 9631 58.03
o 8969 58.05
o 8903 58.07
o 8866 58.08
o 8837 58.59
o 8618 59.46
o 8598 59.48
o 8580 59.5
o 8426 59.52
o 8020 59.54
o 7966 59.84
o 7834 60.5
o 7761 60.52
o 7654 60.54
o 7563 60.56
o 7560 60.58
o 7377 60.6
o 7177 60.62
o 6977 60.64
o 6841 60.66
o 6721 60.67
o 6521 60.69
o 6367 60.71
o 6335 60.73
o 6151 60.76
o 5973 60.78
o 5858 60.8
o 5722 60.82
o 5680 60.84
o 5661 60.86
o 5542 60.88
o 5391 60.9
o 5250 60.92
o 5121 60.94
o 5101 60.96
o 5076 60.97
o 5003 66.14
o 4803 66.16
o 4789 66.2
o 4726 66.22
o 4577 66.24
o 4533 66.26
o 4359 66.28
o 4259 66.3
o 4059 66.32
o 3905 66.34
o 3860 66.37
o 3825 66.69
o 3762 66.71
o 3662 71.41
o 3528 71.45
o 3487 71.47
o 3383 71.49
o 3361 71.51
o 3334 71.54
o 3296 71.57
o 3191 71.59
o 3148 71.61
o 2994 71.64
o 2895 71.68
o 2871 71.71
o 2758 73.48
o 2647 73.51
o 2534 73.55
o 2531 73.57
o 2377 73.65
o 2262 73.68
o 2259 73.86
o 2138 73.88
o 2130 73.93
o 2128 74.1
o 2014 74.12
o 1984 74.14
o 1784 74.16
o 1685 95.76
o 1657 95.78
o 1645 96.08
o 1623 96.1
o 1615 96.15
o 1601 96.17
o 1551 96.19
o 1447 96.22
o 1442 96.62
o 1397 97.21
o 1306 110.82
o 1251 131.46
o 1196 156.69
relational-inference-pa-3
o 65531 41.78
o 63710 41.8
o 63586 41.81
o 63359 41.83
o 63235 41.84
o 62429 43.05
o 62229 43.06
o 62045 43.07
o 61661 43.08
o 61070 43.1
o 52245 43.11
o 51845 43.12
o 51813 43.14
o 51781 43.15
o 51749 43.16
o 51717 43.17
o 51517 43.18
o 51489 43.19
o 51371 43.21
o 51171 43.22
o 50971 43.23
o 50852 43.24
o 50652 43.25
o 50509 43.27
o 50309 43.28
o 50109 43.29
o 49909 43.31
o 45215 43.32
o 44815 43.33
o 44615 43.35
o 44215 43.36
o 44015 43.37
o 43815 43.38
o 43615 43.4
o 43415 43.41
o 43015 43.42
o 42815 43.43
o 42415 43.45
o 42215 43.46
o 42015 43.47
o 41815 43.48
o 41615 43.49
o 41415 43.51
o 41215 43.52
o 41187 43.53
o 40987 43.55
o 40970 43.56
o 40770 43.57
o 40570 43.58
o 40370 43.6
o 39479 43.61
o 39279 43.62
o 38879 43.63
o 38812 43.65
o 38412 43.66
o 38212 43.67
o 38176 43.69
o 37776 43.7
o 37194 43.75
o 36810 43.77
o 36238 43.78
o 36038 43.79
o 35638 43.81
o 35238 43.82
o 34838 43.83
o 34438 43.85
o 31742 43.86
o 31325 43.88
o 30925 43.89
o 30525 43.9
o 29917 43.91
o 29647 43.93
o 29340 43.94
o 29063 43.95
o 28692 43.97
o 28292 43.98
o 27892 43.99
o 27550 44.01
o 27150 44.02
o 27118 44.03
o 26590 44.06
o 26242 44.08
o 26099 44.09
o 25699 44.1
o 25556 44.11
o 25413 44.13
o 25270 44.14
o 25127 44.15
o 24985 44.17
o 24585 44.18
o 24385 44.19
o 23849 44.21
o 23799 44.22
o 23599 44.23
o 23399 44.25
o 23222 44.26
o 22822 44.27
o 22645 44.28
o 22445 44.3
o 22063 44.31
o 21749 44.32
o 21625 44.34
o 21325 44.35
o 20925 44.36
o 20860 44.38
o 20614 44.39
o 20362 44.59
o 19962 44.6
o 19562 44.61
o 19263 44.62
o 18869 44.64
o 18714 44.65
o 18369 44.66
o 18169 44.67
o 17793 44.69
o 17597 44.7
o 17436 44.71
o 16997 44.73
o 16391 44.74
o 15869 44.75
o 15559 44.81
o 15159 44.82
o 14826 44.84
o 14563 44.85
o 14393 44.87
o 14349 44.88
o 14149 44.89
o 13949 44.9
o 13567 44.92
o 13358 44.95
o 13341 44.97
o 13114 44.99
o 13089 45
o 13079 45.01
o 12960 45.03
o 12824 45.04
o 12688 45.05
o 12552 45.06
o 12535 45.08
o 12500 45.09
o 12364 45.1
o 12297 45.16
o 12225 45.19
o 11320 45.2
o 11120 45.21
o 10932 45.22
o 10815 47.14
o 10767 47.16
o 10131 47.17
o 10053 47.19
o 9856 47.2
o 9656 47.21
o 9637 47.23
o 9518 47.24
o 9441 47.25
o 9302 47.27
o 9102 47.28
o 9018 47.29
o 8818 47.31
o 8709 47.32
o 8692 47.33
o 8656 47.35
o 8624 47.36
o 8533 47.37
o 8479 47.39
o 8468 47.4
o 7864 47.43
o 7678 47.44
o 7573 49.12
o 7536 49.14
o 7508 49.15
o 7507 49.16
o 7504 49.18
o 7416 49.19
o 7341 49.2
o 7292 49.22
o 7289 49.23
o 7261 49.24
o 7142 49.26
o 7006 49.27
o 6887 49.28
o 6875 49.3
o 6752 49.31
o 6672 49.34
o 6472 49.36
o 6440 49.6
o 6290 51.31
o 6090 51.32
o 5992 51.35
o 5919 51.8
o 5863 51.94
o 5769 51.96
o 5753 51.97
o 5692 52.05
o 5645 57.12
o 5590 57.13
o 5576 57.15
o 5482 57.16
o 5476 57.17
o 5432 57.19
o 5232 57.2
o 5113 57.21
o 5110 57.22
o 5078 57.24
o 4883 57.25
o 4791 57.26
o 4591 57.27
o 4455 57.3
o 4391 57.31
o 4312 57.32
o 4269 57.34
o 4133 57.35
o 3841 57.37
o 3791 57.69
o 3591 57.7
o 3397 59.15
o 3364 59.17
o 3210 59.18
o 3191 59.19
o 3093 59.2
o 3082 59.22
o 3044 59.23
o 3005 59.24
o 2988 59.26
o 2946 59.27
o 2827 59.28
o 2822 59.31
o 2783 59.55
o 2664 59.56
o 2583 59.57
o 2567 59.7
o 2367 59.71
o 2173 61.1
o 2053 61.29
o 2006 61.3
o 1960 61.32
o 1905 61.44
o 1833 61.46
o 1787 61.47
o 1778 71.23
o 1760 74.49
o 1690 74.51
o 1658 74.52
o 1618 75.95
o 1600 75.96
o 1551 76.27
o 1509 76.99
o 1492 77
o 1470 77.18
o 1446 77.19
o 1429 77.2
o 1330 77.22
o 1290 77.23
o 1285 77.3
o 1248 214.26
o 1213 250.09
relational-inference-pa-3
o 12837 50.08
o 12827 53.1
o 12691 53.12
o 12555 53.14
o 12428 53.16
o 12425 53.17
o 12296 53.19
o 12253 53.21
o 12153 53.23
o 12132 53.25
o 12069 53.27
o 12034 53.29
o 12017 53.3
o 11988 53.32
o 11952 53.34
o 11919 53.36
o 11887 53.38
o 11679 53.39
o 11592 53.41
o 11573 53.43
o 11454 53.45
o 11435 53.47
o 11310 53.48
o 11191 53.5
o 11111 53.52
o 11012 53.54
o 10969 53.56
o 10923 53.57
o 10334 54.99
o 10191 55.01
o 10067 55.02
o 10006 55.06
o 9806 55.07
o 9770 55.09
o 9639 55.11
o 9439 55.12
o 9239 55.14
o 9039 55.16
o 8886 55.18
o 8821 55.2
o 8731 55.22
o 8712 55.23
o 8681 55.25
o 8577 55.27
o 8545 55.29
o 8479 55.31
o 8433 55.33
o 8279 55.35
o 8079 55.37
o 8050 56.74
o 7850 56.76
o 7714 56.77
o 7530 56.79
o 7330 56.81
o 7280 56.97
o 7205 57.02
o 7153 57.04
o 6999 57.06
o 6859 57.09
o 6804 57.11
o 6691 57.13
o 6491 57.15
o 6428 57.17
o 6292 57.19
o 6212 57.21
o 6208 57.23
o 6073 57.25
o 5873 57.27
o 5754 57.29
o 5554 57.31
o 5525 57.37
o 5459 60.06
o 5435 60.48
o 5313 60.5
o 5166 60.52
o 4966 60.54
o 4909 60.55
o 4709 60.57
o 4509 60.59
o 4435 60.61
o 4430 60.67
o 4276 60.69
o 4122 60.71
o 3922 60.73
o 3918 65.35
o 3883 65.37
o 3880 65.39
o 3680 65.41
o 3642 65.51
o 3506 65.53
o 3474 65.55
o 3274 65.56
o 3264 66.37
o 3258 66.39
o 3187 66.41
o 3158 66.43
o 3125 66.45
o 3085 66.83
o 3013 67.21
o 2900 67.22
o 2880 67.24
o 2745 67.28
o 2623 67.3
o 2423 67.32
o 2346 67.34
o 2217 67.36
o 2192 83.86
o 2131 85.22
o 2045 85.96
o 1991 96.72
o 1959 96.75
o 1942 96.77
o 1820 96.8
o 1818 96.83
o 1802 104.46
o 1797 105.54
o 1796 105.9
o 1699 105.93
o 1696 126.15
o 1656 126.25
o 1621 126.28
o 1566 126.3
o 1447 126.58
o 1401 126.6
o 1288 126.65
o 1248 129.67
o 1221 185.47
