relational-inference-pa-2
o 3349 51.03
o 3243 58.32
o 3135 58.35
o 3016 58.36
o 2912 58.53
o 2872 58.55
o 2870 58.56
o 2778 58.57
o 2693 58.74
o 2499 58.75
o 2256 59.16
o 2153 59.17
o 1953 59.18
o 1767 59.2
o 1658 59.47
o 1504 59.73
o 1447 59.74
o 1399 60.39
o 1334 60.4
o 1263 60.43
o 1172 60.69
o 1109 60.87
o 1001 61.89
o 993 64.57
o 969 64.86
o 949 68.31
o 830 68.91
o 777 90.76
o 726 91.02
relational-inference-pa-2
o 235218 52.06
o 233330 52.09
o 165894 52.13
o 165710 52.14
o 165465 52.16
o 165221 52.17
o 149383 52.67
o 148983 52.69
o 147410 52.7
o 147213 52.72
o 145581 52.73
o 143817 52.75
o 142853 52.76
o 142080 52.78
o 141499 52.79
o 141173 52.81
o 140800 52.82
o 130966 52.96
o 129734 52.97
o 128305 52.99
o 127987 53.23
o 125043 53.25
o 124843 53.26
o 124608 53.28
o 124411 53.29
o 122378 53.31
o 121778 53.32
o 107088 54.08
o 67778 54.37
o 67541 54.38
o 67141 54.4
o 65562 54.41
o 65162 54.43
o 64962 54.44
o 64762 54.46
o 61125 54.48
o 60925 54.49
o 60525 54.51
o 60497 54.52
o 59617 54.54
o 59589 54.56
o 59189 54.57
o 59089 54.58
o 57675 54.6
o 57275 54.61
o 38483 54.69
o 38283 54.71
o 37883 54.72
o 37483 54.74
o 37437 54.75
o 37037 54.77
o 34437 54.79
o 34053 54.81
o 33653 54.82
o 33541 54.84
o 32264 54.86
o 32061 54.87
o 31661 54.89
o 31461 54.9
o 31286 54.91
o 25086 54.94
o 25055 54.95
o 24692 54.97
o 24549 55.01
o 24349 55.02
o 23982 55.04
o 23852 55.05
o 23755 55.08
o 23355 55.09
o 23336 55.11
o 17317 55.14
o 16917 55.16
o 16713 55.18
o 16313 55.19
o 16135 55.21
o 15804 55.22
o 15368 55.24
o 15161 55.26
o 15123 55.27
o 15004 55.29
o 14858 55.3
o 14658 55.32
o 14458 55.33
o 14258 55.35
o 14058 55.36
o 13794 55.37
o 13680 55.4
o 13280 55.41
o 13024 55.44
o 12992 55.45
o 12861 55.47
o 12461 55.48
o 12297 55.5
o 12133 55.51
o 11681 55.53
o 11607 55.54
o 11334 55.56
o 11316 55.57
o 10962 55.59
o 10779 55.6
o 10579 55.62
o 10379 55.63
o 10179 55.65
o 9979 55.66
o 9825 55.68
o 9690 55.69
o 9290 55.7
o 9131 55.73
o 9099 55.75
o 8980 55.76
o 8880 55.77
o 8782 55.79
o 8720 55.8
o 8601 55.82
o 8430 55.83
o 8260 55.94
o 8235 55.95
o 8211 55.96
o 8027 55.98
o 7827 55.99
o 7641 56
o 7441 56.02
o 7322 56.03
o 7290 56.05
o 7273 56.06
o 7154 56.08
o 6590 56.09
o 6540 57.84
o 6340 57.86
o 6266 57.87
o 6066 57.89
o 5866 57.9
o 5780 57.92
o 5628 57.93
o 5550 57.94
o 5451 58.06
o 5251 58.08
o 5250 58.09
o 5070 58.11
o 4994 58.13
o 4794 58.14
o 4772 58.16
o 4755 58.17
o 4636 58.19
o 4470 58.2
o 4270 58.22
o 4243 58.23
o 4165 58.25
o 4139 58.26
o 4054 58.28
o 3854 58.29
o 3700 58.31
o 3585 58.32
o 3385 58.34
o 3220 58.69
o 3062 59.17
o 2862 59.19
o 2708 59.2
o 2613 59.22
o 2482 59.33
o 2422 59.99
o 2419 60
o 2380 60.02
o 2226 60.03
o 2093 60.05
o 1939 60.07
o 1833 60.13
o 1682 60.6
o 1508 60.88
o 1312 60.91
o 1211 65.78
o 1208 66.34
o 1173 66.36
o 1127 66.37
o 1109 66.39
o 1019 66.4
o 984 67.7
o 865 69.66
o 830 150.83
o 809 162.33
o 774 162.34
o 726 162.57
o 603 181.25
relational-inference-pa-2
o 422837 50.82
o 422800 50.85
o 421501 50.87
o 420402 50.88
o 394630 50.89
o 384951 50.9
o 384683 50.92
o 383593 50.93
o 115657 53.15
o 115457 53.16
o 115057 53.18
o 114722 53.19
o 104453 53.22
o 104353 53.24
o 104313 53.25
o 104309 53.26
o 104244 53.28
o 104060 53.29
o 104036 53.3
o 103917 53.32
o 103517 53.33
o 103333 53.34
o 103133 53.36
o 102715 53.37
o 102515 53.39
o 102483 53.4
o 85907 53.46
o 85171 53.47
o 77347 53.56
o 76947 53.57
o 65505 53.6
o 59171 53.64
o 58771 53.65
o 58371 53.66
o 57971 53.68
o 54915 53.71
o 53915 53.73
o 53875 53.74
o 53801 53.75
o 53601 53.77
o 53249 53.78
o 51222 53.8
o 51022 53.81
o 50370 53.82
o 50172 53.86
o 49588 53.87
o 46788 53.89
o 46514 53.9
o 46393 53.99
o 46361 54.01
o 46153 54.02
o 45970 54.04
o 45570 54.06
o 45170 54.07
o 44970 54.09
o 44938 54.11
o 44738 54.13
o 44538 54.14
o 44102 54.15
o 40846 54.17
o 40446 54.18
o 40382 54.2
o 40182 54.22
o 39973 54.23
o 39708 54.25
o 38638 54.26
o 38125 54.28
o 37925 54.29
o 37525 54.3
o 37125 54.32
o 37093 54.33
o 36893 54.35
o 36563 54.36
o 36376 54.38
o 28457 54.4
o 28070 54.42
o 27895 54.43
o 27720 54.44
o 27311 54.46
o 26911 54.47
o 26711 54.49
o 25405 54.5
o 25189 54.52
o 24015 54.53
o 23615 54.55
o 23215 54.56
o 23101 54.59
o 22701 54.6
o 22695 54.62
o 22495 54.63
o 22167 54.65
o 21898 54.73
o 21646 54.74
o 21394 54.76
o 21142 54.77
o 20890 54.79
o 20490 54.8
o 20274 54.82
o 19874 54.83
o 19558 54.85
o 18055 54.87
o 17901 54.88
o 17656 54.89
o 17485 54.91
o 17085 54.92
o 17007 54.94
o 16994 54.95
o 16939 54.97
o 16920 54.98
o 16858 55
o 16841 55.01
o 16710 55.03
o 16535 55.04
o 16335 55.05
o 16163 55.07
o 15963 55.08
o 15962 55.1
o 15762 55.12
o 15588 55.13
o 15553 55.15
o 15265 55.19
o 14865 55.21
o 14842 55.25
o 14442 55.27
o 14280 55.29
o 14188 55.3
o 13788 55.32
o 13388 55.33
o 12598 55.35
o 12593 55.37
o 12046 55.39
o 11994 55.41
o 11794 55.42
o 11677 55.44
o 11506 55.45
o 11306 55.46
o 11106 55.48
o 10906 55.49
o 10798 55.52
o 10598 55.53
o 10398 55.54
o 10198 55.56
o 9998 55.57
o 9798 55.59
o 9577 55.62
o 9552 55.69
o 9373 55.73
o 9209 55.75
o 9009 55.76
o 8968 55.78
o 8804 55.79
o 8641 55.8
o 8359 55.82
o 8342 55.83
o 8261 55.85
o 8061 55.86
o 7933 55.87
o 7733 55.89
o 7632 55.9
o 7600 55.91
o 7568 55.93
o 7508 55.94
o 7414 55.96
o 7382 55.97
o 7263 55.98
o 7235 56
o 7071 56.11
o 6903 56.12
o 6716 56.14
o 6362 56.16
o 6243 56.17
o 6211 56.78
o 6095 56.8
o 5895 56.81
o 5746 56.83
o 5574 56.84
o 5455 56.85
o 5301 56.95
o 5167 56.97
o 5048 56.98
o 4580 57.02
o 4362 57.03
o 4217 57.05
o 4017 57.07
o 4013 57.35
o 3876 57.42
o 3740 57.43
o 3629 57.45
o 3510 57.46
o 3386 57.76
o 3312 57.78
o 3204 57.8
o 2979 57.81
o 2853 57.87
o 2788 57.89
o 2652 57.9
o 2635 57.92
o 2345 57.94
o 2197 58.03
o 2031 59.83
o 1831 59.85
o 1786 59.86
o 1618 60.14
o 1550 61.54
o 1469 61.56
o 1423 61.58
o 1366 61.89
o 1353 61.93
o 1336 61.95
o 1228 62.1
o 1211 62.12
o 1158 62.67
o 1123 62.68
o 1004 62.69
o 984 66.8
o 865 69.53
o 830 83.04
o 726 96.02
o 638 144.88
relational-inference-pa-2
o 170809 48.45
o 165091 48.48
o 134653 49.02
o 133080 49.04
o 131707 49.05
o 128875 49.07
o 128311 49.09
o 127138 49.11
o 94334 49.27
o 93334 49.29
o 92574 49.31
o 92403 49.32
o 90323 49.34
o 89904 49.36
o 88179 49.37
o 87944 49.39
o 87260 49.4
o 86848 49.42
o 67662 50.7
o 67163 50.72
o 66985 50.73
o 66711 50.74
o 66679 50.76
o 60703 50.78
o 59515 50.79
o 59075 50.81
o 58875 50.82
o 58475 50.83
o 58075 50.85
o 57928 50.86
o 57728 50.88
o 57328 50.89
o 57288 50.9
o 57088 50.92
o 56688 50.93
o 56669 50.95
o 47352 50.98
o 47217 50.99
o 46817 51
o 46417 51.02
o 37785 51.04
o 37437 51.06
o 37237 51.07
o 36922 51.09
o 36409 51.1
o 35896 51.12
o 35696 51.13
o 35522 51.14
o 35296 51.16
o 34428 51.18
o 34028 51.19
o 33376 51.21
o 33176 51.22
o 32048 51.25
o 31648 51.26
o 31448 51.27
o 31048 51.29
o 30648 51.3
o 30248 51.32
o 28913 51.33
o 28713 51.35
o 26963 51.36
o 26615 51.38
o 26215 51.39
o 26015 51.41
o 24975 51.44
o 24775 51.45
o 24747 51.47
o 24347 51.48
o 23905 51.5
o 23730 51.57
o 23402 51.59
o 23002 51.6
o 21342 51.63
o 20408 51.64
o 20024 51.66
o 19624 51.67
o 19474 51.68
o 17684 51.71
o 17390 51.73
o 16990 51.74
o 16963 51.77
o 16563 51.78
o 16527 51.8
o 16354 51.81
o 16146 51.83
o 15970 51.84
o 14169 51.86
o 14025 51.88
o 14016 51.89
o 13722 51.91
o 13457 51.93
o 11901 51.94
o 11866 51.96
o 11643 51.97
o 11621 51.99
o 11565 52.06
o 11551 52.07
o 11388 52.09
o 11269 52.1
o 11133 52.12
o 10980 52.14
o 10929 52.16
o 10921 52.18
o 10845 52.19
o 10726 52.2
o 10543 52.22
o 10343 52.23
o 10143 52.25
o 10135 52.27
o 10132 52.28
o 9932 52.29
o 9877 52.31
o 9672 52.32
o 9420 52.34
o 9020 52.35
o 8672 52.37
o 8420 53.45
o 8014 53.47
o 7960 53.49
o 7929 53.51
o 7729 53.52
o 7702 53.54
o 7549 53.55
o 7349 53.57
o 7344 53.69
o 7200 53.71
o 7081 53.72
o 7011 53.73
o 6892 53.75
o 6041 53.76
o 5764 53.78
o 5744 53.79
o 5724 53.8
o 5704 53.82
o 5684 53.83
o 5664 53.84
o 5510 53.86
o 5391 53.87
o 5372 53.88
o 5241 53.9
o 5140 54.61
o 5082 55.85
o 4137 56.07
o 4102 56.08
o 4038 56.09
o 3955 56.12
o 3827 56.13
o 3627 56.14
o 3427 56.16
o 3227 56.17
o 3108 56.19
o 2954 56.2
o 2818 56.22
o 2790 56.23
o 2590 56.25
o 2573 56.26
o 2454 56.27
o 2317 56.6
o 2300 56.62
o 2260 56.63
o 2214 56.64
o 2135 56.94
o 1935 56.95
o 1851 56.97
o 1697 56.98
o 1680 57
o 1651 57.01
o 1629 58.42
o 1512 58.54
o 1358 58.56
o 1158 58.57
o 1004 58.59
o 865 67.66
o 830 71.45
o 726 94.42
relational-inference-pa-2
o 179822 52.19
o 82284 52.91
o 81780 52.93
o 81743 52.94
o 81638 52.96
o 81251 54.51
o 81223 54.53
o 81023 54.54
o 80958 54.56
o 80758 54.57
o 79203 54.59
o 78803 54.61
o 78594 54.62
o 78450 54.64
o 78050 54.65
o 77650 54.66
o 77618 54.68
o 77586 54.69
o 77499 54.71
o 77099 54.72
o 76899 54.74
o 76499 54.75
o 76099 54.77
o 75699 54.78
o 75662 54.8
o 75262 54.81
o 75150 54.83
o 74550 54.84
o 69727 54.86
o 69151 54.87
o 68951 54.89
o 68751 54.9
o 68551 54.92
o 68351 54.93
o 68151 54.95
o 67951 54.96
o 67751 54.98
o 67351 54.99
o 67151 55.01
o 66951 55.02
o 66751 55.04
o 66575 55.05
o 66375 55.07
o 66199 55.08
o 66023 55.1
o 65847 55.11
o 65671 55.12
o 60329 55.14
o 59929 55.17
o 59729 55.2
o 59529 55.22
o 59129 55.24
o 34548 55.27
o 34148 55.29
o 33748 55.3
o 33348 55.32
o 32948 55.34
o 23760 55.4
o 23726 55.51
o 23326 55.53
o 22926 55.54
o 22424 55.61
o 22270 55.63
o 22046 55.65
o 21670 55.67
o 21270 55.68
o 20870 55.69
o 20795 55.72
o 20423 55.74
o 18732 55.76
o 18001 55.77
o 17995 55.79
o 17470 55.8
o 17287 55.81
o 16887 55.83
o 16712 55.85
o 15950 55.87
o 15824 55.88
o 15624 55.9
o 15224 55.91
o 15048 55.92
o 15000 55.94
o 14985 55.95
o 14984 55.97
o 14952 55.99
o 14909 56
o 14509 56.02
o 14442 56.03
o 14042 56.05
o 14039 56.06
o 13639 56.08
o 13239 56.09
o 13070 56.11
o 12916 56.12
o 12907 56.14
o 12898 56.15
o 12779 56.17
o 12770 56.19
o 12674 56.2
o 12600 56.22
o 12519 56.23
o 12365 56.25
o 12337 56.27
o 12137 56.28
o 11937 56.3
o 11737 56.31
o 11537 56.32
o 11383 56.34
o 11081 56.35
o 10945 56.37
o 10545 56.39
o 10345 56.4
o 9546 56.42
o 9146 56.43
o 8946 56.45
o 8923 56.49
o 8723 56.51
o 8523 56.52
o 8323 56.54
o 8157 57.05
o 7949 57.06
o 7612 57.07
o 7580 57.09
o 7562 57.1
o 7468 57.11
o 7418 57.95
o 7218 57.96
o 7215 57.98
o 7039 57.99
o 6845 58.01
o 6750 58.02
o 6491 58.03
o 6361 58.08
o 6254 58.1
o 6054 58.11
o 5853 58.12
o 5743 58.14
o 5343 58.15
o 5325 58.17
o 5137 58.18
o 5125 58.2
o 5042 58.21
o 4842 58.22
o 4810 58.24
o 4765 58.25
o 4593 58.27
o 4559 58.28
o 4520 58.3
o 4320 58.31
o 4120 58.33
o 4113 58.34
o 3977 58.36
o 3860 58.37
o 3855 58.39
o 3655 58.41
o 3517 58.84
o 3363 58.85
o 3327 58.86
o 3155 58.88
o 3001 58.89
o 2903 59.05
o 2784 59.07
o 2689 59.08
o 2617 59.1
o 2417 59.11
o 2402 59.13
o 2391 59.15
o 2355 59.16
o 2175 59.18
o 2021 59.19
o 1954 59.21
o 1866 63.45
o 1666 63.46
o 1512 63.47
o 1466 63.54
o 1312 63.56
o 1158 63.57
o 1004 63.59
o 907 66.46
o 900 70.17
o 865 90.56
relational-inference-pa-2
o 151133 41.74
o 139515 41.76
o 135595 41.77
o 131141 41.78
o 81378 43
o 81178 43.01
o 80778 43.02
o 80126 43.04
o 67483 43.18
o 67237 43.19
o 66837 43.2
o 66818 43.21
o 66790 43.22
o 66390 43.23
o 66158 43.25
o 65758 43.26
o 65739 43.27
o 65339 43.28
o 65139 43.29
o 32624 43.32
o 31370 43.34
o 27678 43.35
o 27478 43.36
o 27335 43.38
o 26935 43.39
o 26352 43.4
o 26152 43.41
o 25952 43.42
o 25764 43.43
o 25364 43.44
o 25025 43.45
o 24625 43.47
o 22585 43.48
o 22385 43.49
o 21985 43.5
o 21490 43.51
o 21290 43.52
o 21262 43.54
o 20862 43.55
o 20837 43.56
o 20437 43.57
o 20370 43.58
o 20170 43.59
o 19770 43.6
o 19658 43.62
o 18825 43.63
o 18682 43.64
o 18282 43.65
o 17546 43.66
o 17346 43.67
o 16946 43.68
o 16546 43.7
o 16146 43.71
o 13979 43.73
o 13398 43.74
o 12998 43.75
o 12936 43.79
o 12931 43.81
o 12853 43.82
o 12453 43.83
o 12413 43.84
o 12043 43.86
o 12009 43.87
o 11861 43.89
o 11661 43.9
o 11309 43.91
o 10909 43.92
o 10755 43.94
o 10555 43.95
o 10355 43.96
o 10155 43.97
o 9955 43.99
o 9924 44
o 9524 44.01
o 9508 44.02
o 9108 44.03
o 9004 44.05
o 8604 44.06
o 8204 44.07
o 7986 44.08
o 7844 44.09
o 7647 44.11
o 7483 44.12
o 7443 44.13
o 7043 44.14
o 6853 45.1
o 6748 45.12
o 6635 45.2
o 6502 46.73
o 6484 46.74
o 6470 46.76
o 6351 46.77
o 6316 46.79
o 6203 46.8
o 6128 46.82
o 5617 46.83
o 5573 46.85
o 5519 46.86
o 5510 46.87
o 5373 46.89
o 5254 46.9
o 5135 46.91
o 5031 46.93
o 4998 46.98
o 4988 46.99
o 4837 47.01
o 4718 47.02
o 4518 47.03
o 4364 47.04
o 4347 47.06
o 4346 48.76
o 4288 48.77
o 4259 50.02
o 4187 50.04
o 4127 50.05
o 4101 50.06
o 3961 50.07
o 3907 50.08
o 3681 50.1
o 3325 50.11
o 3219 50.12
o 3184 50.13
o 3183 50.14
o 3045 50.16
o 2975 50.4
o 2856 50.41
o 2846 50.42
o 2832 50.43
o 2696 50.44
o 2692 50.96
o 2562 50.97
o 2470 51.11
o 2327 51.14
o 2126 51.18
o 1957 52.1
o 1895 52.11
o 1871 52.13
o 1671 52.14
o 1517 52.15
o 1504 52.16
o 1210 52.18
o 1193 52.19
o 1039 52.2
o 969 52.76
o 938 52.8
o 830 54.19
o 761 60.56
o 655 77.33
relational-inference-pa-2
o 249322 48.78
o 76282 50.87
o 75882 50.88
o 75673 50.9
o 75473 50.91
o 73393 50.94
o 72793 50.95
o 72393 50.96
o 72193 50.98
o 71993 50.99
o 71793 51.01
o 71458 51.02
o 64026 51.09
o 59484 51.11
o 59084 51.12
o 58952 51.14
o 58254 51.15
o 56549 51.2
o 56329 51.21
o 56055 51.22
o 56043 51.26
o 56000 51.27
o 55902 51.28
o 55682 51.29
o 55482 51.31
o 55295 51.32
o 45305 51.35
o 45270 51.37
o 44870 51.38
o 44494 51.4
o 44294 51.41
o 44094 51.42
o 43894 51.44
o 43694 51.45
o 43494 51.46
o 43294 51.48
o 43094 51.49
o 42894 51.5
o 42694 51.52
o 42485 51.53
o 42085 51.54
o 41919 51.56
o 41277 51.57
o 40877 51.58
o 40501 51.6
o 40375 51.64
o 39975 51.65
o 39775 51.66
o 39575 51.68
o 33498 51.69
o 33298 51.7
o 33262 51.72
o 33075 51.73
o 31887 51.75
o 31487 51.76
o 31087 51.77
o 31017 51.79
o 30617 51.8
o 29451 51.82
o 29051 51.83
o 28892 51.84
o 28692 51.86
o 28292 51.87
o 28092 51.89
o 27692 51.9
o 27292 51.91
o 26741 51.93
o 26541 51.95
o 26105 51.96
o 25705 51.97
o 25305 51.99
o 25131 52
o 24931 52.01
o 24531 52.03
o 24301 52.04
o 23901 52.06
o 23500 52.07
o 23266 52.08
o 22188 52.1
o 21788 52.11
o 21388 52.13
o 20988 52.14
o 20588 52.15
o 20188 52.17
o 20179 52.18
o 20003 52.2
o 19951 52.21
o 19950 52.23
o 19917 52.24
o 19884 52.26
o 19851 52.27
o 19818 52.29
o 19785 52.3
o 19752 52.31
o 19719 52.33
o 19686 52.34
o 19653 52.35
o 19585 52.37
o 19185 52.39
o 18784 52.4
o 18716 52.42
o 18541 52.43
o 18389 52.44
o 18189 52.46
o 17989 52.47
o 17786 52.48
o 17587 52.5
o 17187 52.52
o 16787 52.53
o 16750 52.54
o 15325 52.56
o 14383 52.57
o 13286 52.59
o 13230 52.6
o 12909 52.61
o 12702 52.63
o 12525 52.64
o 12438 52.66
o 12238 52.67
o 11949 52.71
o 11841 52.72
o 11786 52.73
o 11586 52.75
o 11492 52.76
o 11292 52.78
o 11092 52.79
o 10892 52.81
o 10692 52.82
o 10473 52.84
o 10425 52.86
o 10073 52.87
o 9906 52.89
o 9878 52.9
o 9827 52.92
o 9796 52.93
o 9596 52.95
o 9196 52.97
o 9076 52.98
o 8987 53.01
o 8603 53.02
o 8235 53.04
o 8107 53.06
o 8079 53.07
o 8051 53.09
o 6978 53.1
o 6778 53.12
o 6508 53.14
o 6363 53.16
o 6163 53.17
o 6017 53.32
o 5987 53.36
o 5970 53.37
o 5924 53.38
o 5798 54.17
o 5626 54.18
o 5565 54.2
o 5527 54.21
o 5327 54.22
o 5225 55.88
o 5025 55.89
o 4825 55.9
o 4778 56.75
o 4596 56.83
o 4593 56.84
o 4556 56.86
o 4553 56.87
o 4462 56.88
o 4343 56.9
o 4293 56.91
o 4164 56.92
o 3932 56.94
o 3874 56.95
o 3755 56.96
o 3737 56.98
o 3636 57.73
o 3627 57.75
o 3473 57.76
o 2954 57.89
o 2952 57.91
o 2860 58.1
o 2835 58.11
o 2738 58.13
o 2721 58.14
o 2720 58.16
o 2520 58.17
o 2466 58.19
o 2372 58.26
o 2313 58.28
o 2291 58.3
o 2091 58.32
o 1955 58.33
o 1874 58.35
o 1873 58.36
o 1852 58.38
o 1841 58.39
o 1797 58.41
o 1779 58.42
o 1733 58.44
o 1652 58.45
o 1516 58.46
o 1399 58.63
o 1388 59.52
o 1377 59.53
o 1269 59.55
o 1190 59.63
o 1008 59.64
o 900 59.89
o 865 61.09
o 726 61.11
o 655 64.1
relational-inference-pa-2
o 190137 47.46
o 190067 47.49
o 189479 47.5
o 85241 49.21
o 85082 49.22
o 84506 49.24
o 84330 49.25
o 84256 49.26
o 78308 49.38
o 78243 49.39
o 78015 49.41
o 77990 49.42
o 77925 49.43
o 77900 49.45
o 77691 49.46
o 77626 49.47
o 77601 49.49
o 77536 49.5
o 77336 49.51
o 77300 49.53
o 77235 49.54
o 77210 49.55
o 77001 49.57
o 76792 49.58
o 76727 49.59
o 76719 49.61
o 76700 49.62
o 67313 49.78
o 67070 49.79
o 62008 49.84
o 61608 49.85
o 61436 49.87
o 58872 49.88
o 58853 49.9
o 48460 49.92
o 48324 49.95
o 48299 49.96
o 47899 49.98
o 47499 49.99
o 46287 50.01
o 45887 50.02
o 39921 50.06
o 39218 50.07
o 39009 50.09
o 38809 50.1
o 38021 50.11
o 37989 50.13
o 37571 50.14
o 33848 50.17
o 33667 50.18
o 33267 50.2
o 32867 50.21
o 32467 50.22
o 32248 50.24
o 32002 50.25
o 31898 50.29
o 31498 50.3
o 31448 50.32
o 31118 50.33
o 30918 50.35
o 30718 50.36
o 30318 50.37
o 30109 50.39
o 29606 50.42
o 29587 50.43
o 28676 50.45
o 28671 50.47
o 28052 50.48
o 28028 50.5
o 24443 50.52
o 23938 50.53
o 23584 50.54
o 23430 50.56
o 22536 50.57
o 21555 50.58
o 21399 50.6
o 20999 50.61
o 20867 50.63
o 20858 50.64
o 20621 50.65
o 20555 50.7
o 20155 50.72
o 20075 50.73
o 19892 50.75
o 19773 50.76
o 19442 50.77
o 19266 50.79
o 19066 50.8
o 18930 50.81
o 18730 50.83
o 18719 50.84
o 18702 50.85
o 18583 50.87
o 18447 50.88
o 18247 50.89
o 18047 50.91
o 18030 50.92
o 17859 50.93
o 17831 50.94
o 17631 50.96
o 17537 50.97
o 17509 50.98
o 17355 50.99
o 17219 51.01
o 17187 51.02
o 15904 51.03
o 15893 51.04
o 15774 51.05
o 15603 51.07
o 15403 51.08
o 15358 51.09
o 15097 51.11
o 14897 51.12
o 14697 51.13
o 14497 51.15
o 14097 51.16
o 13897 51.17
o 13528 51.19
o 13422 51.2
o 13405 51.21
o 13344 51.34
o 12272 51.35
o 11911 51.36
o 11821 51.39
o 11796 51.4
o 11767 51.41
o 11693 51.43
o 11493 51.44
o 11293 51.45
o 11093 51.46
o 11091 51.48
o 11080 51.49
o 10961 51.5
o 10944 51.51
o 10744 51.53
o 10408 51.83
o 10008 51.84
o 9845 51.85
o 9798 51.86
o 8930 51.88
o 8751 51.89
o 8574 51.9
o 8556 51.97
o 8181 51.99
o 8061 52
o 7954 52.01
o 7951 52.03
o 7923 52.04
o 7895 52.05
o 7867 52.07
o 7848 52.08
o 7729 52.09
o 7621 52.1
o 7522 52.42
o 7454 52.43
o 7348 52.45
o 7148 52.46
o 6980 52.48
o 6948 52.49
o 6929 52.5
o 6927 52.51
o 6727 52.53
o 6683 52.54
o 6666 52.56
o 6530 52.57
o 6358 52.58
o 6228 52.6
o 6191 52.61
o 6184 52.63
o 6174 52.65
o 5974 52.67
o 5574 52.68
o 5566 52.7
o 5449 52.71
o 5355 52.72
o 5320 52.74
o 5184 52.75
o 5131 53.3
o 5099 53.31
o 5076 53.32
o 4884 53.34
o 4879 53.35
o 4761 53.36
o 4687 53.38
o 4656 53.39
o 4502 53.4
o 4383 53.42
o 4355 53.43
o 4183 53.44
o 3971 54.13
o 3905 54.15
o 3696 54.17
o 3664 54.18
o 3501 54.19
o 3469 54.21
o 3460 54.22
o 3106 54.23
o 3099 54.45
o 3053 54.47
o 2888 54.49
o 2853 54.51
o 2670 54.52
o 2629 54.79
o 2537 54.81
o 2480 54.82
o 2280 54.84
o 2131 54.85
o 2012 54.86
o 1899 54.89
o 1821 54.97
o 1740 54.98
o 1726 55
o 1572 55.01
o 1536 55.02
o 1418 55.04
o 1304 55.18
o 1254 55.3
o 1054 55.31
o 1034 57.29
o 880 57.3
o 761 57.32
o 726 82.65
o 655 119.32
relational-inference-pa-2
o 236132 52.03
o 236110 52.06
o 130733 52.09
o 130487 52.1
o 130242 52.11
o 129824 52.13
o 128841 52.14
o 128807 52.15
o 128399 52.17
o 128165 52.18
o 127920 52.2
o 127675 52.21
o 127430 52.22
o 127185 52.24
o 126792 52.25
o 126558 52.26
o 125457 52.28
o 125183 52.29
o 124790 52.31
o 124523 52.32
o 119795 52.34
o 119550 52.35
o 119276 52.37
o 119002 52.39
o 118584 52.4
o 118339 52.42
o 117922 52.43
o 117688 52.44
o 117504 52.46
o 117207 52.47
o 116834 52.49
o 116650 52.5
o 116497 52.51
o 116487 52.53
o 116303 52.54
o 116119 52.56
o 115935 52.57
o 115542 52.58
o 115358 52.6
o 114985 52.63
o 114612 52.65
o 114602 52.66
o 114592 52.67
o 114363 52.69
o 113990 52.7
o 113806 52.72
o 113800 52.73
o 113616 52.74
o 113551 52.76
o 113367 52.77
o 113183 52.79
o 112999 52.8
o 112815 52.81
o 112648 52.83
o 112638 52.84
o 112628 52.85
o 112477 52.87
o 112293 52.88
o 112109 52.9
o 111925 52.91
o 111741 52.93
o 111722 52.94
o 92118 53.32
o 87918 53.33
o 86286 53.35
o 86099 53.36
o 85499 53.37
o 85099 53.39
o 76486 53.41
o 75486 53.43
o 73947 53.44
o 73804 53.45
o 73661 53.47
o 73319 53.48
o 73176 53.49
o 73033 53.51
o 60531 54.89
o 54552 54.92
o 54352 54.93
o 49298 54.95
o 49122 54.96
o 48794 54.97
o 48450 54.98
o 48250 55
o 48214 55.01
o 44913 55.02
o 44513 55.04
o 44504 55.05
o 44104 55.06
o 44067 55.08
o 44014 55.09
o 43615 55.1
o 43215 55.12
o 43015 55.13
o 39021 55.16
o 38845 55.17
o 38445 55.18
o 38245 55.2
o 37940 55.21
o 37332 55.23
o 36932 55.24
o 36532 55.26
o 36061 55.27
o 35687 55.28
o 35091 55.31
o 34948 55.33
o 34753 55.34
o 33736 55.38
o 33560 55.39
o 33360 55.41
o 32860 55.42
o 32460 55.44
o 32452 55.45
o 32276 55.46
o 32076 55.48
o 29996 55.49
o 29596 55.51
o 29396 55.52
o 28996 55.53
o 28796 55.55
o 28472 55.56
o 27814 55.58
o 27626 55.59
o 27226 55.6
o 26826 55.62
o 26617 55.63
o 21756 55.65
o 21385 55.67
o 20985 55.68
o 20845 55.7
o 20445 55.71
o 19607 55.72
o 19207 55.74
o 19127 55.75
o 19108 55.77
o 18908 55.78
o 18508 55.8
o 16389 56.13
o 16213 56.14
o 16070 56.15
o 15927 56.17
o 15784 56.18
o 15348 56.2
o 15212 56.22
o 15012 56.24
o 14812 56.25
o 14612 56.26
o 14412 56.28
o 14212 56.29
o 13614 56.3
o 13214 56.32
o 12874 56.34
o 12720 56.36
o 12243 56.39
o 11817 56.41
o 11616 56.42
o 11561 56.45
o 11442 56.46
o 11242 56.48
o 11216 56.51
o 11188 56.52
o 11156 56.53
o 11012 56.55
o 10980 56.56
o 10325 56.58
o 9893 56.59
o 9882 56.73
o 9727 56.75
o 9527 56.76
o 9514 56.78
o 9314 56.79
o 9142 56.81
o 8991 56.82
o 8951 56.84
o 8861 56.85
o 8789 56.87
o 8715 56.88
o 8666 56.9
o 8512 56.91
o 8312 56.92
o 8112 56.94
o 7912 56.95
o 7712 56.97
o 7512 56.98
o 7473 57
o 7448 57.01
o 7423 57.03
o 7422 57.04
o 7268 57.05
o 7265 57.07
o 7101 57.08
o 7067 57.1
o 6873 57.11
o 6856 57.13
o 6818 57.36
o 6618 57.37
o 6464 57.39
o 6264 57.4
o 6248 57.42
o 6094 57.44
o 6073 57.45
o 5937 57.47
o 5904 57.48
o 5841 59.44
o 5719 59.62
o 5565 59.64
o 5533 59.65
o 5397 59.67
o 5300 59.68
o 5268 59.69
o 5191 59.84
o 4991 59.85
o 4988 59.87
o 4942 59.88
o 4850 59.9
o 4784 59.91
o 4584 59.92
o 4555 59.99
o 4476 60.02
o 4338 60.24
o 4323 60.26
o 4299 60.27
o 4274 60.28
o 4083 60.35
o 3883 60.36
o 3851 60.38
o 3812 60.39
o 3574 60.45
o 3458 60.47
o 3325 60.48
o 3261 60.5
o 3257 60.51
o 3245 60.57
o 3045 60.59
o 2945 60.6
o 2841 60.61
o 2835 60.63
o 2793 60.64
o 2733 60.66
o 2628 60.71
o 2611 60.73
o 2489 60.85
o 2485 61.28
o 2362 61.3
o 2316 61.31
o 2298 61.33
o 2098 61.34
o 1944 61.51
o 1898 61.53
o 1856 61.58
o 1845 61.59
o 1832 61.61
o 1724 61.62
o 1577 61.64
o 1388 61.65
o 1362 61.71
o 1359 61.75
o 1347 69.05
o 1330 69.07
o 1226 69.08
o 1210 69.1
o 1074 69.14
o 1058 69.16
o 1010 70.76
o 1004 71.6
o 995 72.74
o 969 72.81
o 966 73.64
o 949 74.76
o 830 77.34
o 726 92.1
relational-inference-pa-2
o 147093 55.22
o 139655 55.24
o 138927 55.26
o 81789 56.2
o 80406 56.22
o 80287 56.23
o 79891 56.25
o 79561 56.26
o 72625 57.25
o 72416 57.26
o 72216 57.28
o 71970 57.29
o 71628 57.31
o 71428 57.32
o 71228 57.34
o 70828 57.35
o 57637 57.4
o 49222 57.5
o 48622 57.51
o 48422 57.53
o 48222 57.55
o 48022 57.56
o 47822 57.58
o 45369 57.6
o 45135 57.62
o 44375 57.63
o 44191 57.65
o 43991 57.66
o 43407 57.68
o 43207 57.69
o 43023 57.71
o 42623 57.73
o 42423 57.74
o 41919 57.76
o 41719 57.78
o 41519 57.79
o 41407 57.81
o 34344 57.83
o 34163 57.85
o 33763 57.87
o 33398 57.88
o 33198 57.9
o 27692 57.93
o 27492 57.94
o 27332 57.96
o 26932 57.98
o 26590 57.99
o 26548 58.01
o 26348 58.03
o 26213 58.04
o 25813 58.08
o 25745 58.09
o 25545 58.11
o 25145 58.12
o 23800 58.14
o 23458 58.15
o 21876 58.17
o 21813 58.21
o 21413 58.22
o 21013 58.24
o 20413 58.26
o 20180 58.27
o 20064 58.29
o 19859 58.35
o 18835 58.37
o 18746 58.4
o 18521 58.42
o 18402 58.44
o 18226 58.45
o 18187 58.47
o 17787 58.49
o 17083 58.5
o 16739 58.52
o 16683 58.53
o 16483 58.55
o 16283 58.56
o 16083 58.58
o 15770 58.59
o 15274 58.61
o 14761 58.63
o 14361 58.65
o 14052 58.68
o 13652 58.7
o 13342 58.72
o 13142 58.73
o 12942 58.75
o 12742 58.76
o 12542 58.78
o 12463 58.8
o 12425 58.81
o 12368 58.83
o 12225 58.85
o 11825 58.86
o 11519 58.88
o 11119 58.89
o 10713 59.07
o 10688 59.09
o 10414 59.1
o 10067 59.12
o 9977 59.14
o 9777 59.15
o 9330 59.17
o 9257 59.18
o 8967 59.2
o 8767 59.21
o 8415 59.23
o 8356 59.24
o 8156 59.26
o 7956 59.27
o 7932 59.29
o 7819 59.31
o 7589 59.32
o 7454 59.34
o 7054 59.35
o 6854 59.36
o 6654 59.38
o 6490 59.4
o 6476 62.11
o 6349 62.13
o 6318 62.14
o 6249 62.16
o 6128 62.18
o 5928 62.19
o 5896 62.21
o 5833 62.22
o 5662 62.24
o 5452 62.25
o 5252 62.27
o 5158 62.29
o 4934 62.3
o 4541 62.32
o 4438 62.34
o 4395 62.37
o 4340 62.38
o 4204 62.4
o 4155 62.42
o 4001 62.43
o 3801 62.45
o 3647 62.46
o 3581 62.49
o 3427 62.51
o 3402 62.53
o 3347 62.66
o 3193 62.68
o 3090 62.69
o 3009 62.71
o 2944 62.81
o 2808 62.82
o 2768 62.86
o 2602 63.07
o 2577 64.54
o 2556 64.56
o 2437 64.57
o 2416 64.58
o 2262 64.6
o 2248 64.61
o 2199 64.63
o 2001 64.64
o 1881 64.67
o 1681 64.68
o 1562 64.7
o 1362 64.71
o 1337 66.57
o 1336 66.59
o 1323 66.6
o 1217 66.62
o 1200 67.99
o 1178 68.08
o 1158 68.81
o 1140 68.94
o 1112 69.17
o 1004 69.39
o 1001 69.94
o 973 70.12
o 865 70.64
o 845 80.4
o 726 80.42
