spot5-5.wcsp.log
o 296 0.01
o 295 0.01
o 294 0.01
o 293 0.01
o 283 0.01
o 282 0.01
o 277 0.01
o 274 0.05
o 273 0.05
o 272 0.06
o 271 0.06
o 270 11.43
o 269 11.43
o 268 25.37
o 267 68.55
o 265 124.22
spot5-5.wcsp.log
o 298 0.01
o 297 0.01
o 296 0.01
o 282 0.01
o 281 0.01
o 280 0.01
o 279 0.01
o 278 0.04
o 277 0.04
o 275 0.04
o 274 0.04
o 273 0.08
o 272 0.08
o 271 0.08
o 269 56.23
o 268 56.23
o 266 56.23
spot5-5.wcsp.log
o 299 0
o 298 0
o 297 0
o 296 0
o 295 0
o 280 0
o 279 0
o 278 0
o 275 0.03
o 274 0.05
o 273 0.07
o 272 0.09
o 271 0.19
o 270 67.48
o 269 72.42
o 268 144.31
o 267 144.31
o 266 144.31
spot5-5.wcsp.log
o 295 0
o 294 0
o 293 0
o 292 0
o 291 0
o 290 0
o 285 0.01
o 284 0.01
o 282 0.01
o 280 0.01
o 279 0.03
o 277 0.03
o 276 0.03
o 272 0.04
o 271 0.04
o 270 60.61
o 269 70.66
o 267 107.93
o 266 159.22
spot5-5.wcsp.log
o 297 0
o 296 0
o 295 0
o 294 0
o 293 0
o 292 0
o 291 0
o 283 0.01
o 282 0.01
o 280 0.02
o 279 0.02
o 278 0.02
o 277 0.02
o 274 0.09
o 273 0.09
o 272 0.15
o 271 0.16
o 270 12.09
o 269 36.58
o 268 151.18
spot5-5.wcsp.log
o 295 0.01
o 294 0.01
o 293 0.01
o 292 0.01
o 283 0.01
o 282 0.01
o 281 0.01
o 280 0.01
o 279 0.01
o 277 0.04
o 276 0.05
o 275 0.05
o 274 0.06
o 273 0.06
o 272 0.06
o 271 0.1
o 269 6.35
o 268 6.35
o 267 26.07
o 266 249.96
spot5-5.wcsp.log
o 294 0
o 293 0
o 292 0
o 291 0
o 278 0.01
o 276 0.02
o 275 0.04
o 274 0.05
o 273 0.08
o 272 0.17
o 271 0.33
o 269 12.65
o 268 18.15
o 267 58.46
spot5-5.wcsp.log
o 296 0
o 295 0
o 294 0
o 293 0
o 292 0
o 278 0.01
o 277 0.01
o 276 0.05
o 275 0.05
o 274 0.05
o 272 0.06
o 271 0.21
o 270 39.34
o 269 89.95
o 268 211.6
spot5-5.wcsp.log
o 299 0.01
o 298 0.01
o 297 0.01
o 296 0.01
o 295 0.01
o 294 0.01
o 285 0.01
o 283 0.01
o 282 0.01
o 280 0.01
o 279 0.02
o 278 0.02
o 277 0.02
o 275 0.02
o 274 0.02
o 273 0.03
o 272 0.03
o 271 0.21
o 270 10.26
o 267 11.44
o 266 35.01
spot5-5.wcsp.log
o 300 0.01
o 299 0.01
o 298 0.01
o 297 0.01
o 296 0.01
o 295 0.01
o 294 0.01
o 285 0.01
o 284 0.01
o 283 0.02
o 282 0.02
o 281 0.02
o 280 0.02
o 279 0.02
o 278 0.02
o 276 0.03
o 274 0.03
o 273 0.06
o 272 0.09
o 271 0.31
o 267 17.74
o 265 230.8
