staff-scheduling-instance11
o 8844 2.78
o 8745 2.78
o 8642 2.78
o 8327 16.81
o 8216 21.8
o 8115 21.8
o 7844 21.9
o 7805 68.39
o 7804 68.4
o 7713 257.44
staff-scheduling-instance11
o 8337 6.75
o 8236 6.75
o 7294 16.19
staff-scheduling-instance11
o 8535 6.16
o 7629 7.69
o 7233 123.05
o 7231 153.98
staff-scheduling-instance11
o 9439 5.02
o 9342 6.55
o 7714 8.77
o 7339 77.52
o 7333 235.65
staff-scheduling-instance11
o 8831 3.83
o 8302 20.93
o 8203 20.93
o 7304 34.71
o 7206 34.71
staff-scheduling-instance11
o 8832 13.47
o 8731 13.47
o 7616 13.92
o 7515 13.92
o 7420 95.18
o 7419 95.18
staff-scheduling-instance11
o 9530 5.76
o 8223 6.66
o 7921 19.87
o 7820 19.87
o 7614 121.25
o 7504 159.77
o 7503 159.77
staff-scheduling-instance11
o 7639 13.91
o 7538 13.91
o 7537 13.91
staff-scheduling-instance11
o 8545 12.05
o 8455 30.68
o 8452 30.68
o 8450 30.68
o 8449 30.68
o 8445 30.68
o 8344 30.68
o 7623 43.44
o 7522 43.45
o 7513 105.81
staff-scheduling-instance11
o 8012 6.76
o 7911 6.76
o 7811 6.76
o 7809 6.76
o 7708 6.76
o 7608 6.76
o 7428 52.98
o 7327 52.98
o 7009 181.78
o 6908 181.78
o 6807 181.78
o 6706 181.78
