timetabling-comp09
o 552 3.76
o 548 3.76
o 543 3.76
o 538 3.76
o 533 3.76
o 528 3.76
o 517 10.7
o 514 10.71
o 510 10.71
o 505 10.71
o 502 10.71
o 497 14.32
o 483 16.25
o 462 17.3
o 458 22.15
o 454 22.16
o 449 22.16
o 444 22.16
o 439 22.16
o 434 22.16
o 429 22.16
o 424 22.16
o 418 22.16
o 413 22.16
o 408 22.16
o 403 22.16
o 398 22.16
o 393 22.16
o 388 22.16
o 385 22.16
o 384 22.16
o 379 22.16
o 374 22.16
o 369 22.16
timetabling-comp09
o 684 1.76
o 679 1.76
o 650 1.84
o 649 1.87
o 644 1.87
o 633 2.05
o 628 2.05
o 595 3.97
o 591 3.97
o 590 4.56
o 584 4.56
o 579 4.56
o 574 4.56
o 569 4.82
o 568 4.91
o 563 4.91
o 558 4.91
o 553 4.91
o 549 4.96
o 544 4.96
o 539 4.96
o 534 4.96
o 511 6.66
o 506 6.66
o 504 6.66
o 499 6.66
o 497 11.37
o 492 11.37
o 487 11.37
o 484 11.37
o 479 11.37
o 474 11.37
o 469 11.37
o 464 11.37
o 459 11.37
o 454 11.37
o 426 17.72
o 421 17.72
o 416 52.93
o 411 56.98
o 406 56.98
o 401 56.98
o 398 56.98
o 393 56.98
o 388 56.98
o 384 56.98
o 379 56.98
o 374 56.98
timetabling-comp09
o 611 1.87
o 606 1.87
o 604 1.87
o 589 1.87
o 561 2.57
o 556 2.57
o 551 2.57
o 546 2.57
o 544 2.57
o 539 2.57
o 535 2.57
o 530 2.57
o 512 3.17
o 507 3.17
o 502 3.17
o 497 3.17
o 492 3.17
o 487 3.17
o 481 3.17
o 476 3.17
o 471 3.17
o 470 8.29
o 465 8.29
o 460 8.29
o 455 8.29
o 450 8.29
o 447 15.36
o 442 15.36
o 437 15.36
o 432 15.36
o 430 18.95
o 426 18.96
o 421 18.96
o 416 18.96
o 411 18.96
o 407 18.96
o 397 18.96
o 392 18.96
o 387 18.96
o 382 18.96
o 380 18.96
o 375 18.96
o 370 278.84
o 365 278.84
o 361 278.85
o 356 278.85
o 354 278.85
timetabling-comp09
o 601 1.65
o 600 2.65
o 598 2.65
o 593 2.65
o 590 3.33
o 585 3.33
o 580 3.33
o 575 3.33
o 569 3.33
o 565 3.39
o 560 3.39
o 555 3.39
o 550 3.39
o 549 3.59
o 544 3.59
o 539 3.59
o 462 4.35
o 460 7.1
o 442 17.18
o 437 17.18
o 433 17.18
o 429 27.08
o 424 27.08
o 419 27.08
o 414 27.08
o 409 27.08
o 404 27.08
o 395 27.09
o 393 108.76
o 388 108.76
o 383 108.76
o 379 108.76
o 378 108.76
o 374 213.04
o 371 230.28
timetabling-comp09
o 677 1.23
o 674 1.23
o 669 1.23
o 664 1.23
o 627 2.22
o 622 2.22
o 617 2.22
o 537 2.53
o 532 2.53
o 527 2.53
o 522 2.53
o 517 2.53
o 512 2.53
o 508 3.06
o 503 3.06
o 498 3.06
o 493 3.06
o 489 3.06
o 484 3.06
o 479 3.06
o 474 3.06
o 465 9.16
o 460 9.16
o 455 9.16
o 452 14.06
o 450 14.65
o 445 14.65
o 396 37.79
o 391 37.79
o 390 47.89
o 385 47.89
o 380 47.89
o 375 47.89
o 370 47.89
o 365 47.89
o 360 47.89
o 355 47.89
o 350 47.89
o 348 47.89
timetabling-comp09
o 643 1.02
o 638 1.02
o 631 1.02
o 626 1.03
o 613 1.03
o 600 1.03
o 595 1.04
o 592 1.04
o 587 1.04
o 582 1.04
o 543 3.16
o 505 3.4
o 500 3.4
o 496 3.4
o 491 3.4
o 489 4.51
o 484 4.51
o 479 4.51
o 475 5.08
o 470 5.08
o 439 7.32
o 437 7.32
o 436 7.32
o 434 7.32
o 429 7.32
o 424 7.32
o 419 7.32
o 417 7.32
o 412 7.32
o 402 7.32
o 397 7.32
o 392 7.32
o 390 63.37
o 388 109.94
o 383 109.94
o 380 109.94
o 370 109.94
o 365 109.94
o 360 109.94
o 355 109.94
o 351 109.94
o 346 109.94
o 341 109.94
timetabling-comp09
o 622 2.37
o 616 2.37
o 611 2.37
o 606 2.38
o 553 3.61
o 548 3.61
o 543 3.61
o 541 3.62
o 536 3.62
o 534 3.62
o 529 3.62
o 524 3.62
o 519 3.68
o 509 3.68
o 504 3.68
o 499 3.68
o 494 3.68
o 489 3.68
o 484 3.68
o 475 3.68
o 470 3.68
o 465 3.68
o 455 3.68
o 452 3.68
o 451 11.36
o 446 11.36
o 441 11.36
o 405 11.59
o 403 11.59
o 398 11.59
o 393 11.59
o 390 11.59
o 385 11.6
o 380 11.6
o 375 11.6
o 370 11.6
o 368 11.6
o 367 11.6
o 362 11.6
timetabling-comp09
o 716 1.48
o 715 1.49
o 710 1.49
o 705 1.49
o 641 1.72
o 535 1.93
o 530 1.93
o 525 1.93
o 520 1.93
o 516 3.69
o 511 3.69
o 508 6.2
o 503 6.2
o 498 6.2
o 491 21.17
o 486 21.17
o 485 21.17
o 482 21.17
o 477 21.17
o 472 21.17
o 467 27.39
o 462 27.39
o 457 27.39
o 455 27.39
o 450 27.39
o 445 27.39
o 440 27.39
o 435 27.39
o 430 27.39
o 425 27.39
o 420 27.39
o 415 27.39
o 410 27.39
o 405 27.39
o 400 27.39
o 395 27.39
o 390 27.39
o 388 27.39
o 383 27.39
o 378 27.39
o 375 27.4
o 370 27.4
o 367 27.4
o 362 27.4
o 360 27.4
o 356 71.07
o 351 71.07
o 346 71.07
timetabling-comp09
o 608 1.45
o 605 2.18
o 600 2.18
o 595 2.18
o 585 2.18
o 580 2.18
o 575 2.18
o 570 2.18
o 528 3.12
o 523 3.12
o 513 3.19
o 510 8.65
o 509 8.65
o 508 10.26
o 503 10.26
o 499 10.41
o 494 10.41
o 489 10.41
o 486 10.41
o 481 10.41
o 476 10.41
o 471 10.41
o 466 10.41
o 463 12.91
o 462 19.47
o 457 19.47
o 452 28.17
o 447 28.17
o 445 39.05
o 440 39.06
o 438 39.06
o 433 39.06
o 428 39.06
o 423 39.06
o 418 39.06
o 415 55.04
o 411 64.69
o 406 64.69
o 401 64.69
o 396 64.69
o 391 64.69
timetabling-comp09
o 653 1.08
o 567 1.21
o 562 1.21
o 557 1.21
o 552 1.21
o 547 1.21
o 542 1.22
o 541 3.46
o 536 3.46
o 531 3.46
o 528 4.12
o 523 4.12
o 518 4.96
o 513 4.97
o 508 4.97
o 498 4.97
o 488 4.97
o 477 9.35
o 472 11.69
o 471 28.29
o 466 28.29
o 454 32.56
o 450 33.09
o 445 33.09
o 440 33.09
o 435 33.09
o 433 33.09
o 430 33.09
o 425 33.09
o 420 67.57
o 415 67.57
o 408 67.57
o 403 67.57
o 402 98.6
o 398 98.6
o 397 98.6
o 392 98.6
o 387 98.6
o 382 98.6
