gen-hyper-tw-GenHyperTW_dubois28
o 14 1.02
o 12 1.02
o 11 1.02
o 9 1.02
o 8 1.02
o 7 1.03
o 6 16.02
o 5 104.26
gen-hyper-tw-GenHyperTW_dubois28
o 21 1.26
o 19 1.27
o 18 1.27
o 17 1.27
o 16 1.27
o 14 1.27
o 13 1.27
o 11 1.28
o 10 1.29
o 9 1.31
o 8 1.48
o 7 27.64
o 6 40.89
gen-hyper-tw-GenHyperTW_dubois28
o 18 1.01
o 16 1.02
o 15 1.02
o 14 1.02
o 13 1.02
o 12 1.03
o 11 1.03
o 7 11.56
o 6 90.06
gen-hyper-tw-GenHyperTW_dubois28
o 14 1.19
o 12 1.19
o 11 1.19
o 9 1.19
o 8 1.23
o 7 30.58
o 6 55.02
gen-hyper-tw-GenHyperTW_dubois28
o 30 1.62
o 25 1.64
o 24 1.64
o 22 1.64
o 19 1.65
o 17 1.65
o 15 1.66
o 13 1.68
o 11 1.69
o 7 16.2
o 6 101.38
gen-hyper-tw-GenHyperTW_dubois28
o 20 1.08
o 18 1.09
o 17 1.09
o 16 1.09
o 15 1.09
o 14 1.09
o 12 1.1
o 11 1.1
o 9 1.11
o 6 17.8
gen-hyper-tw-GenHyperTW_dubois28
o 21 1.38
o 20 1.38
o 18 1.38
o 17 1.38
o 16 1.39
o 15 1.39
o 13 1.4
o 11 1.4
o 10 1.44
o 9 2.28
o 7 12.24
o 6 18.85
gen-hyper-tw-GenHyperTW_dubois28
o 20 1.09
o 16 1.09
o 15 1.09
o 14 1.09
o 13 1.1
o 12 1.1
o 11 1.1
o 10 1.1
o 7 7.72
o 6 150.26
gen-hyper-tw-GenHyperTW_dubois28
o 14 1.17
o 13 1.17
o 12 1.17
o 11 1.17
o 10 1.18
o 9 1.18
o 8 1.18
o 7 1.19
o 6 57.94
gen-hyper-tw-GenHyperTW_dubois28
o 23 1.34
o 20 1.35
o 18 1.35
o 17 1.35
o 16 1.35
o 15 1.36
o 13 1.36
o 9 1.7
o 6 9.12
