inconsistency-measurement-im-hit-A-2-grd_1948_5_1.tgf.pl
o 377 0.07
o 374 0.07
o 371 0.25
o 356 129.34
inconsistency-measurement-im-hit-A-2-grd_1948_5_1.tgf.pl
o 373 0.07
o 370 0.78
o 369 2.37
o 358 258.18
inconsistency-measurement-im-hit-A-2-grd_1948_5_1.tgf.pl
o 374 0.06
o 373 0.18
o 372 0.6
o 371 0.6
o 368 9.59
o 360 24.22
o 358 46.22
o 357 132.45
inconsistency-measurement-im-hit-A-2-grd_1948_5_1.tgf.pl
o 372 0.06
o 371 10.79
o 370 22.39
o 369 76.64
o 362 147.54
o 357 206.16
inconsistency-measurement-im-hit-A-2-grd_1948_5_1.tgf.pl
o 373 0.1
o 371 4.12
o 359 19.69
inconsistency-measurement-im-hit-A-2-grd_1948_5_1.tgf.pl
o 373 0.06
o 371 0.08
o 369 11.46
o 359 43.71
inconsistency-measurement-im-hit-A-2-grd_1948_5_1.tgf.pl
o 374 0.07
o 372 0.16
o 371 9.11
o 370 13.8
o 360 34.97
o 359 69
inconsistency-measurement-im-hit-A-2-grd_1948_5_1.tgf.pl
o 371 0.06
o 370 1.18
o 369 111.55
o 357 165.1
inconsistency-measurement-im-hit-A-2-grd_1948_5_1.tgf.pl
o 372 0.07
o 368 1.22
o 356 28.57
inconsistency-measurement-im-hit-A-2-grd_1948_5_1.tgf.pl
o 374 0.06
o 372 0.13
o 371 2.3
o 366 31.89
o 357 37.19
o 356 88.02
