inconsistency-measurement-im-hit-A-1-grd_1790_4_8.tgf.pl
o 365 0.04
o 353 0.04
o 350 0.04
o 348 0.07
o 347 4.43
o 346 6.05
o 345 9.31
o 344 17.17
o 330 72.92
o 328 167.28
o 327 293.5
inconsistency-measurement-im-hit-A-1-grd_1790_4_8.tgf.pl
o 368 0.04
o 347 0.04
o 346 0.88
o 343 14.17
o 325 149.3
o 322 197.98
inconsistency-measurement-im-hit-A-1-grd_1790_4_8.tgf.pl
o 365 0.04
o 353 0.04
o 351 0.09
o 346 0.17
o 345 3.65
o 343 4.44
o 326 136.16
inconsistency-measurement-im-hit-A-1-grd_1790_4_8.tgf.pl
o 369 0.04
o 355 0.04
o 354 0.07
o 347 0.29
o 341 1.64
o 332 183.31
o 327 243.58
inconsistency-measurement-im-hit-A-1-grd_1790_4_8.tgf.pl
o 369 0.06
o 357 0.07
o 356 0.07
o 353 0.1
o 350 0.21
o 349 4.48
o 348 4.51
o 347 4.73
o 346 7.9
o 345 7.96
o 329 107.68
o 326 128.19
o 323 233.92
inconsistency-measurement-im-hit-A-1-grd_1790_4_8.tgf.pl
o 364 0.04
o 354 0.05
o 350 0.11
o 348 0.22
o 345 1.34
o 321 72.7
inconsistency-measurement-im-hit-A-1-grd_1790_4_8.tgf.pl
o 371 0.04
o 354 0.04
o 352 0.44
o 351 0.79
o 349 0.92
o 348 2.24
o 347 4.51
o 345 4.87
o 343 8.17
o 325 176.16
inconsistency-measurement-im-hit-A-1-grd_1790_4_8.tgf.pl
o 365 0.05
o 350 0.05
o 348 0.14
o 347 0.53
o 344 1.63
o 340 12.96
inconsistency-measurement-im-hit-A-1-grd_1790_4_8.tgf.pl
o 367 0.04
o 360 0.04
o 352 0.04
o 347 0.5
o 345 4.07
o 344 7.73
o 327 28.82
o 325 127.94
inconsistency-measurement-im-hit-A-1-grd_1790_4_8.tgf.pl
o 368 0.04
o 356 0.04
o 347 0.05
o 345 5.09
o 343 12.2
