inconsistency-measurement-im-forgetting-A-2-WS_300_16_70_30.tgf.pl
o 67 0
o 61 5.41
o 57 13.91
o 55 17.21
o 53 167.95
o 52 282.72
inconsistency-measurement-im-forgetting-A-2-WS_300_16_70_30.tgf.pl
o 67 0
o 59 6.46
o 57 32.32
o 53 39.54
inconsistency-measurement-im-forgetting-A-2-WS_300_16_70_30.tgf.pl
o 67 0
o 65 3.74
o 58 5.01
o 57 37.22
o 54 45.67
o 52 195.42
inconsistency-measurement-im-forgetting-A-2-WS_300_16_70_30.tgf.pl
o 67 0
o 59 4.28
o 52 7.85
o 46 286.8
inconsistency-measurement-im-forgetting-A-2-WS_300_16_70_30.tgf.pl
o 67 0
o 66 0
o 65 0
o 64 8.87
o 62 16.59
o 58 17.14
o 56 37.14
o 54 47.05
o 51 291.52
inconsistency-measurement-im-forgetting-A-2-WS_300_16_70_30.tgf.pl
o 67 0
o 64 0
o 63 14.09
o 57 27.72
o 55 96.96
o 54 125.17
o 48 153.74
inconsistency-measurement-im-forgetting-A-2-WS_300_16_70_30.tgf.pl
o 67 0
o 66 5
o 62 8.44
o 55 11.15
o 54 111.99
inconsistency-measurement-im-forgetting-A-2-WS_300_16_70_30.tgf.pl
o 67 0
o 65 3.89
o 63 5.64
o 62 7.82
o 59 13.81
o 57 47.29
o 49 86.22
inconsistency-measurement-im-forgetting-A-2-WS_300_16_70_30.tgf.pl
o 67 0
o 61 5.03
o 59 8.2
o 57 14.35
o 56 107.23
o 55 127.5
o 53 298.57
inconsistency-measurement-im-forgetting-A-2-WS_300_16_70_30.tgf.pl
o 67 0
o 65 0
o 64 0
o 63 4.84
o 60 5.91
o 56 8.53
o 54 41.54
o 51 60.32
o 50 62.92
o 45 236.2
