judgment-aggregation-ja-maxham-preflib-00049-00000253
o 58 0.04
o 57 0.05
o 56 0.06
o 51 0.2
o 50 44.45
judgment-aggregation-ja-maxham-preflib-00049-00000253
o 63 0.04
o 57 0.68
o 52 4.75
o 51 21.96
judgment-aggregation-ja-maxham-preflib-00049-00000253
o 59 0.04
o 53 0.57
o 52 0.84
o 51 71.81
o 50 291.57
judgment-aggregation-ja-maxham-preflib-00049-00000253
o 69 0.05
o 57 0.39
o 51 1.6
judgment-aggregation-ja-maxham-preflib-00049-00000253
o 64 0.05
o 58 0.17
o 56 0.23
o 54 9.74
o 53 64.68
judgment-aggregation-ja-maxham-preflib-00049-00000253
o 68 0.04
o 66 0.05
o 58 0.13
o 57 0.14
o 56 27.37
o 55 37.52
o 54 77.73
o 52 127.45
judgment-aggregation-ja-maxham-preflib-00049-00000253
o 62 0.04
o 54 0.1
o 51 0.41
judgment-aggregation-ja-maxham-preflib-00049-00000253
o 63 0.04
o 55 0.49
o 51 36.75
judgment-aggregation-ja-maxham-preflib-00049-00000253
o 59 0.05
o 53 0.11
o 51 0.22
o 49 0.7
judgment-aggregation-ja-maxham-preflib-00049-00000253
o 68 0.04
o 57 0.29
o 56 0.37
o 55 0.44
o 52 1.87
o 50 3.82
o 48 21.04
