min-fill-MinFill_R0_mulsol.i.2
o 1650 4.91
o 355 46.3
o 288 72.78
min-fill-MinFill_R0_mulsol.i.2
o 1705 3.97
o 265 43.56
min-fill-MinFill_R0_mulsol.i.2
o 2712 22.22
o 442 61.5
o 334 86.7
o 310 228.57
min-fill-MinFill_R0_mulsol.i.2
o 990 4.69
o 608 15.56
o 281 48.96
min-fill-MinFill_R0_mulsol.i.2
o 2481 5.7
o 303 46.45
o 282 131.82
o 279 213.57
min-fill-MinFill_R0_mulsol.i.2
o 1445 4.04
o 504 42.32
o 319 63.98
o 261 91.07
min-fill-MinFill_R0_mulsol.i.2
o 2084 3.87
o 351 39.77
o 337 286.06
min-fill-MinFill_R0_mulsol.i.2
o 1664 4.33
o 391 47.91
o 325 75.33
o 322 215.86
min-fill-MinFill_R0_mulsol.i.2
o 1499 4.84
o 456 44.28
o 384 162.92
min-fill-MinFill_R0_mulsol.i.2
o 1653 4.92
o 697 49.72
o 319 70.74
o 288 169.05
