scheduling-cnf_12
o 234 1.19
o 212 4.03
o 166 23.3
o 146 32.98
o 140 148.18
o 124 181.84
scheduling-cnf_12
o 219 1.02
o 172 16.97
o 167 25.88
o 164 74.24
o 159 124.47
o 139 148.74
o 129 189.4
scheduling-cnf_12
o 255 0.98
o 174 17.85
o 135 26.3
scheduling-cnf_12
o 270 1.04
o 175 17.74
o 147 26.29
o 139 69.77
scheduling-cnf_12
o 218 0.9
o 177 17.84
o 168 25.94
o 124 50.08
scheduling-cnf_12
o 225 1.06
o 190 18.15
o 152 25.96
o 129 119.11
scheduling-cnf_12
o 245 0.89
o 173 17.84
o 151 34.34
o 125 191.03
scheduling-cnf_12
o 236 0.97
o 193 17.57
o 152 25.67
o 148 170.38
scheduling-cnf_12
o 239 1.23
o 182 13.64
o 159 21.55
o 135 29.27
scheduling-cnf_12
o 304 1.04
o 183 18.03
o 163 26.02
o 153 50.3
o 135 66.84
