SeanSafarpour-rsdecoder1_blackbox_KESblock-problem.dimacs_30.filtered
o 76 0.74
o 75 0.74
o 74 0.75
o 73 0.75
o 72 0.75
o 71 0.75
o 70 0.75
o 69 0.75
o 68 0.75
o 67 0.75
o 66 0.75
o 65 0.75
o 64 0.75
o 63 0.75
o 62 0.75
o 61 17.67
o 60 17.67
o 59 17.67
o 58 17.67
o 57 17.68
o 56 134.79
o 55 134.79
o 54 134.79
o 53 134.79
o 52 134.79
o 51 134.79
o 50 162.9
o 49 162.9
o 48 162.91
o 47 162.91
o 46 162.91
o 45 162.91
SeanSafarpour-rsdecoder1_blackbox_KESblock-problem.dimacs_30.filtered
o 118 0.73
o 117 0.73
o 116 0.73
o 115 0.73
o 114 0.73
o 113 0.73
o 112 0.73
o 111 0.73
o 110 0.73
o 109 0.73
o 108 0.73
o 107 0.73
o 106 0.73
o 105 0.73
o 104 0.73
o 103 0.73
o 102 0.73
o 101 0.73
o 100 0.73
o 99 0.73
o 98 0.73
o 97 0.73
o 96 0.73
o 95 0.73
o 94 0.74
o 93 0.74
o 92 0.74
o 91 0.74
o 90 0.74
o 89 0.74
o 88 0.74
o 87 0.74
o 86 0.74
o 85 0.74
o 84 0.74
o 83 0.74
o 82 15.61
o 81 15.61
o 80 15.61
o 79 15.61
o 78 15.61
o 77 15.61
o 76 15.61
o 75 15.61
o 74 15.61
o 73 15.61
o 72 15.61
o 71 15.61
o 70 15.61
o 69 15.61
o 68 15.61
o 67 15.61
o 66 15.61
o 65 15.61
o 64 15.61
o 63 15.61
o 62 15.62
o 61 44.65
o 60 44.65
o 59 44.65
o 58 44.65
o 57 44.65
o 33 103.07
o 32 103.07
o 31 103.07
o 30 103.07
o 29 103.07
o 28 103.07
o 27 103.07
o 26 103.07
SeanSafarpour-rsdecoder1_blackbox_KESblock-problem.dimacs_30.filtered
o 92 0.74
o 91 0.74
o 90 0.75
o 89 0.75
o 88 0.75
o 87 0.75
o 86 0.75
o 85 0.75
o 84 0.75
o 83 0.75
o 82 0.75
o 81 0.75
o 80 0.75
o 79 0.75
o 78 0.75
o 77 0.75
o 76 0.75
o 75 0.75
o 74 16.69
o 73 16.7
o 72 16.7
o 71 16.7
o 70 16.7
o 69 16.7
o 68 16.7
o 67 16.7
o 66 16.7
o 65 16.7
o 64 16.7
o 63 16.7
o 62 16.7
o 61 16.7
o 60 16.7
o 59 16.7
o 58 16.7
o 57 16.7
o 56 187.27
SeanSafarpour-rsdecoder1_blackbox_KESblock-problem.dimacs_30.filtered
o 70 0.71
o 69 0.71
o 68 0.71
o 67 0.71
o 66 0.71
o 65 0.71
o 64 0.71
o 63 0.71
o 62 0.71
o 61 0.71
o 60 0.71
o 59 0.71
o 58 0.71
o 57 0.71
o 56 0.71
o 55 0.71
o 54 0.71
o 53 0.71
o 52 0.71
o 51 0.71
o 50 0.71
o 49 0.71
o 34 55.71
o 33 55.71
o 32 55.71
o 31 55.71
o 30 55.72
o 29 55.72
SeanSafarpour-rsdecoder1_blackbox_KESblock-problem.dimacs_30.filtered
o 88 0.85
o 86 0.85
o 85 0.85
o 84 0.85
o 83 0.85
o 82 0.85
o 81 0.85
o 80 0.85
o 79 0.85
o 78 0.85
o 77 0.85
o 76 0.85
o 75 0.85
o 74 0.85
o 73 0.85
o 72 0.85
o 71 0.85
o 70 0.85
o 69 0.85
o 68 0.85
o 67 0.85
o 66 0.85
o 52 17.39
o 51 17.39
o 50 17.39
o 49 17.39
o 48 17.39
o 47 17.39
o 46 17.39
o 45 17.39
o 44 17.39
o 43 17.39
SeanSafarpour-rsdecoder1_blackbox_KESblock-problem.dimacs_30.filtered
o 97 0.76
o 96 0.77
o 95 0.77
o 94 0.77
o 93 0.77
o 92 0.77
o 91 0.77
o 90 0.77
o 89 0.77
o 88 0.77
o 87 0.77
o 86 0.77
o 85 0.77
o 84 0.77
o 83 0.77
o 82 0.77
o 81 0.77
o 80 0.77
o 79 0.77
o 78 0.77
o 77 0.77
o 76 0.78
o 75 0.78
o 74 0.78
o 73 0.78
o 72 0.78
o 71 0.78
o 70 0.78
o 69 0.78
o 68 0.78
o 55 84.02
o 54 84.02
o 53 84.02
o 52 84.02
o 51 84.02
o 50 84.02
o 49 84.02
o 48 84.02
o 47 84.02
o 46 84.02
o 45 84.02
o 44 84.02
SeanSafarpour-rsdecoder1_blackbox_KESblock-problem.dimacs_30.filtered
o 90 0.73
o 89 0.73
o 88 0.73
o 87 0.73
o 86 0.73
o 85 0.73
o 84 0.73
o 83 0.73
o 82 0.73
o 81 0.73
o 80 0.73
o 79 0.73
o 78 0.73
o 77 0.73
o 76 0.73
o 75 0.73
o 74 0.73
o 73 0.73
o 72 0.73
o 71 0.73
o 70 0.73
o 69 0.73
o 68 0.73
o 67 0.73
o 66 0.73
o 65 34.72
o 64 69.14
o 63 69.14
o 62 69.14
o 61 69.14
o 60 153.57
o 59 153.58
o 57 153.58
o 56 153.58
o 55 268.8
o 54 268.8
o 53 268.8
o 52 268.8
o 51 268.8
o 50 268.8
o 49 268.8
SeanSafarpour-rsdecoder1_blackbox_KESblock-problem.dimacs_30.filtered
o 90 0.82
o 89 0.82
o 88 0.82
o 87 0.82
o 86 0.82
o 85 0.82
o 84 0.82
o 83 0.82
o 82 0.84
o 81 0.84
o 80 0.84
o 79 0.84
o 78 0.84
o 77 0.84
o 76 0.84
o 75 0.84
o 74 0.84
o 73 0.84
o 72 0.84
o 71 0.84
o 70 0.84
o 69 0.84
o 68 0.84
o 67 0.85
o 66 63.4
o 65 63.4
o 64 63.4
o 63 63.4
o 62 63.4
o 61 63.4
o 60 63.4
o 59 63.4
o 58 63.4
o 57 63.4
o 56 166.84
o 55 166.84
o 54 166.84
o 53 166.84
o 52 166.84
o 51 166.84
o 50 166.84
o 49 166.84
SeanSafarpour-rsdecoder1_blackbox_KESblock-problem.dimacs_30.filtered
o 86 0.67
o 85 0.67
o 84 0.67
o 83 0.67
o 82 0.67
o 81 0.67
o 80 0.67
o 79 0.67
o 78 0.67
o 77 0.67
o 76 0.67
o 75 0.67
o 74 0.67
o 73 0.67
o 72 0.67
o 71 0.67
o 60 29.63
o 59 29.63
o 58 29.63
o 57 29.63
o 56 29.63
o 55 29.63
o 54 29.63
o 53 29.63
o 52 29.63
o 51 29.63
o 50 29.63
o 49 29.63
o 48 29.63
o 47 29.63
o 46 29.63
o 45 29.63
o 44 29.63
o 43 29.63
o 42 29.63
o 41 115.13
o 40 115.13
o 39 115.13
o 29 279.54
o 28 279.54
o 27 279.54
o 26 279.54
o 25 279.54
o 24 279.54
o 23 279.54
o 22 279.54
o 21 279.55
SeanSafarpour-rsdecoder1_blackbox_KESblock-problem.dimacs_30.filtered
o 80 0.65
o 79 0.65
o 78 0.65
o 77 0.65
o 76 0.65
o 75 0.65
o 74 0.65
o 73 0.65
o 72 0.65
o 71 0.65
o 70 0.65
o 69 0.65
o 68 0.65
o 67 0.65
o 66 0.65
o 65 0.65
o 64 0.65
o 63 0.66
o 57 45.5
o 56 45.5
o 55 45.5
o 54 45.5
o 53 45.5
o 52 45.5
o 51 45.5
o 50 45.5
o 49 45.5
o 48 45.5
o 47 45.5
o 46 45.5
o 45 45.5
o 44 45.5
o 43 45.5
o 42 45.5
o 41 45.5
o 40 45.5
o 39 173.33
o 38 173.33
o 37 173.33
o 36 173.33
o 35 173.33
o 34 173.33
