aes-mul_8_11
o 1408 2.43
o 171 2.45
o 166 3.27
o 165 3.27
o 162 3.78
o 161 3.78
o 159 4.01
o 152 4.14
o 140 5.52
o 134 13.43
o 72 207.83
o 66 207.95
aes-mul_8_11
o 1408 9.44
o 163 9.45
o 161 9.97
o 159 10.1
o 158 10.48
o 156 11.69
o 148 12.63
o 147 12.63
o 146 20.36
o 145 20.36
o 144 20.36
o 143 20.36
o 142 20.36
o 141 25.32
o 140 25.32
o 139 25.32
o 138 25.32
o 137 25.32
o 68 194.78
o 64 195.48
aes-mul_8_11
o 1408 1.87
o 166 1.88
o 165 1.88
o 159 2.49
o 158 2.49
o 157 2.49
o 143 2.55
o 142 2.55
o 141 57.14
o 140 57.14
o 139 57.14
o 69 214.23
o 68 214.23
o 66 214.34
o 64 215.69
aes-mul_8_11
o 1408 1.65
o 166 1.66
o 165 1.66
o 152 1.73
o 146 3.7
o 145 3.7
o 133 4.12
o 132 4.12
o 131 26.41
o 68 219.29
o 64 219.4
aes-mul_8_11
o 1408 2.41
o 163 2.43
o 147 2.52
o 146 8.98
o 145 8.98
o 144 8.98
o 143 8.98
o 142 8.98
o 141 8.98
o 140 8.98
o 139 8.98
o 138 8.98
o 136 25.73
o 135 25.73
o 68 213.72
o 66 213.85
o 64 213.91
aes-mul_8_11
o 1408 1.96
o 169 1.97
o 168 2.14
o 167 2.14
o 152 2.19
o 151 2.19
o 150 2.19
o 147 12.82
o 146 12.82
o 145 12.82
o 144 12.82
o 143 12.82
o 142 12.82
o 139 16.2
o 138 16.2
o 137 16.2
o 136 16.2
o 68 198.51
o 66 198.64
o 65 199.06
o 64 199.06
aes-mul_8_11
o 1408 2.39
o 147 2.41
o 146 2.41
o 145 2.41
o 144 2.41
o 143 2.41
o 142 32.04
o 141 51.57
o 139 51.57
o 138 51.57
o 137 51.57
o 136 51.57
o 135 51.57
o 134 51.57
o 133 51.57
o 132 51.57
o 131 107.28
o 68 296.82
o 64 296.88
aes-mul_8_11
o 1408 1.93
o 170 1.94
o 169 1.94
o 168 1.94
o 167 1.94
o 157 5.29
o 156 5.6
o 155 5.6
o 145 5.79
o 144 22.41
o 143 22.41
o 142 22.41
o 141 37.93
o 140 37.93
o 139 70.32
o 138 70.32
o 137 70.32
o 136 70.32
o 135 226.82
o 134 274.23
o 133 274.23
o 132 274.23
o 131 274.23
o 130 274.23
o 129 274.23
aes-mul_8_11
o 1408 2.03
o 156 2.05
o 155 2.05
o 140 2.1
o 138 5.07
o 137 5.07
o 136 171.22
aes-mul_8_11
o 1408 1.85
o 160 1.86
o 158 2.62
o 148 4.11
o 147 9.02
o 145 10.98
o 139 12.15
o 121 23.41
o 120 23.41
o 119 23.41
o 118 23.41
o 117 23.41
o 66 193.43
