aes-sbox_8
o 810 156.88
o 559 156.93
o 558 156.93
o 557 156.93
o 555 156.98
o 554 156.98
o 553 156.98
o 552 157.51
o 551 157.51
o 546 157.67
o 545 157.67
aes-sbox_8
o 810 238.12
o 571 238.16
o 570 238.16
o 569 238.16
o 568 238.16
o 567 238.16
o 566 238.16
o 565 238.16
o 555 238.21
o 554 238.21
o 553 238.21
o 552 238.21
o 548 239.02
o 547 239.02
aes-sbox_8
o 810 163.13
o 562 163.19
o 561 163.19
o 560 163.19
o 559 163.19
o 558 163.19
o 551 163.65
o 550 163.65
o 549 163.65
o 548 163.65
o 547 163.65
o 546 163.65
aes-sbox_8
o 810 192.49
o 562 192.54
o 561 192.54
o 549 192.7
o 545 192.91
o 544 192.91
o 543 192.91
aes-sbox_8
o 810 216.96
o 559 217.03
o 558 217.03
o 557 217.03
o 556 217.03
o 555 217.03
o 554 217.03
o 553 217.03
o 552 217.71
o 551 219.71
o 548 244.29
o 547 244.29
aes-sbox_8
o 810 214.47
o 563 214.54
o 562 214.55
o 561 214.55
o 560 214.55
o 559 214.55
o 551 214.63
o 550 214.63
o 549 214.63
o 548 214.63
o 547 214.63
aes-sbox_8
o 810 125.15
o 568 125.19
o 567 125.19
o 549 125.24
o 548 125.24
o 547 125.48
o 546 125.48
o 545 125.48
o 544 125.48
aes-sbox_8
o 810 113.93
o 560 113.99
o 559 113.99
o 558 113.99
o 547 114.05
o 541 114.81
o 540 114.81
o 539 114.81
aes-sbox_8
o 810 255.76
o 562 255.82
o 561 255.82
o 560 255.82
o 558 256.14
o 557 256.14
o 556 256.14
o 555 257.04
o 554 257.18
o 553 257.18
o 552 259.41
o 551 296.42
o 550 296.42
aes-sbox_8
o 810 213.63
o 559 213.69
o 558 213.69
o 557 213.69
o 556 213.87
o 555 214.34
o 554 215.47
o 550 216.94
