inconsistency-measurement-im-hit-A-2-grd_1948_5_1.tgf.pl
o 377 0.07
o 373 0.07
o 371 4.27
o 359 15.93
o 357 110.78
o 355 132
inconsistency-measurement-im-hit-A-2-grd_1948_5_1.tgf.pl
o 373 0.08
o 368 5.59
o 355 16.5
inconsistency-measurement-im-hit-A-2-grd_1948_5_1.tgf.pl
o 374 0.08
o 373 0.11
o 372 5.62
o 352 11.59
inconsistency-measurement-im-hit-A-2-grd_1948_5_1.tgf.pl
o 372 0.08
o 371 5.36
o 359 92.74
o 356 119.33
inconsistency-measurement-im-hit-A-2-grd_1948_5_1.tgf.pl
o 373 0.07
o 357 5.48
o 355 299.88
inconsistency-measurement-im-hit-A-2-grd_1948_5_1.tgf.pl
o 373 0.11
o 372 0.27
o 358 21.39
o 357 81.49
o 356 91.83
o 354 189.78
inconsistency-measurement-im-hit-A-2-grd_1948_5_1.tgf.pl
o 374 0.09
o 371 0.19
o 356 25.31
inconsistency-measurement-im-hit-A-2-grd_1948_5_1.tgf.pl
o 371 0.07
o 370 0.09
o 369 49.96
o 352 163.52
inconsistency-measurement-im-hit-A-2-grd_1948_5_1.tgf.pl
o 372 0.07
o 371 4.16
o 369 9.62
o 362 35.98
o 354 56.77
o 353 169.47
inconsistency-measurement-im-hit-A-2-grd_1948_5_1.tgf.pl
o 374 0.08
o 369 6.07
o 357 32.23
o 356 104.17
o 355 285
