inconsistency-measurement-im-forgetting-A-2-WS_300_16_70_30.tgf.pl
o 67 0
o 59 6.58
o 58 22.81
o 57 59.61
o 54 128.6
o 52 171.29
inconsistency-measurement-im-forgetting-A-2-WS_300_16_70_30.tgf.pl
o 67 0
o 64 2.42
o 60 40.47
o 58 72.43
o 56 178.24
o 53 241.49
inconsistency-measurement-im-forgetting-A-2-WS_300_16_70_30.tgf.pl
o 67 0
o 66 0
o 62 4.36
o 59 6.2
o 55 27.84
o 52 51.91
o 49 76.65
inconsistency-measurement-im-forgetting-A-2-WS_300_16_70_30.tgf.pl
o 67 0
o 66 4.63
o 64 8.87
o 57 26.7
o 53 69.4
o 51 73.34
inconsistency-measurement-im-forgetting-A-2-WS_300_16_70_30.tgf.pl
o 67 0
o 61 12.91
o 55 50.82
o 52 52.2
inconsistency-measurement-im-forgetting-A-2-WS_300_16_70_30.tgf.pl
o 67 0
o 59 1.18
o 56 30.86
o 55 88.24
inconsistency-measurement-im-forgetting-A-2-WS_300_16_70_30.tgf.pl
o 67 0
o 64 1.9
o 61 3
o 57 17.07
o 55 148.87
o 54 221.58
o 52 269.01
inconsistency-measurement-im-forgetting-A-2-WS_300_16_70_30.tgf.pl
o 67 0
o 64 1.64
o 62 7.42
o 58 11.17
o 57 31.91
o 55 35.96
inconsistency-measurement-im-forgetting-A-2-WS_300_16_70_30.tgf.pl
o 67 0
o 62 4.84
o 58 24.03
o 48 45.48
inconsistency-measurement-im-forgetting-A-2-WS_300_16_70_30.tgf.pl
o 67 0
o 59 0.81
o 58 96.14
o 51 101.81
