judgment-aggregation-ja-maxham-preflib-00049-00000385
o 53 0.02
o 46 0.06
o 43 6.22
o 42 13.46
o 41 71.77
o 39 93.79
judgment-aggregation-ja-maxham-preflib-00049-00000385
o 55 0.01
o 48 0.15
o 42 0.16
o 41 7.23
o 40 76.21
o 38 83.36
judgment-aggregation-ja-maxham-preflib-00049-00000385
o 47 0.02
o 43 5.64
o 39 29.33
o 38 207.25
judgment-aggregation-ja-maxham-preflib-00049-00000385
o 59 0.02
o 57 0.02
o 43 6.37
o 42 13.7
o 40 21.45
o 38 58.61
judgment-aggregation-ja-maxham-preflib-00049-00000385
o 54 0.01
o 45 5.43
o 44 13.41
o 42 20.75
o 41 20.75
o 38 51.17
judgment-aggregation-ja-maxham-preflib-00049-00000385
o 50 0.03
o 46 0.15
o 45 0.15
o 41 5.81
o 39 26.03
judgment-aggregation-ja-maxham-preflib-00049-00000385
o 44 0.01
o 39 6.03
judgment-aggregation-ja-maxham-preflib-00049-00000385
o 56 0.02
o 51 0.03
o 43 0.1
o 41 8.35
o 39 74.55
o 38 203.98
judgment-aggregation-ja-maxham-preflib-00049-00000385
o 54 0.02
o 47 0.15
o 45 0.18
o 44 8.73
o 43 8.73
o 41 15.46
o 39 52.17
judgment-aggregation-ja-maxham-preflib-00049-00000385
o 55 0.63
o 54 0.72
o 53 1.08
o 48 11.74
o 45 18.04
o 40 36.52
o 38 51.02
