judgment-aggregation-ja-slater-preflib-00049-00000135
o 387 0.08
o 280 0.1
o 260 0.1
o 259 0.1
o 258 0.1
o 257 0.1
o 248 45.05
o 246 87.42
judgment-aggregation-ja-slater-preflib-00049-00000135
o 366 0.08
o 279 0.09
o 268 0.09
o 267 0.09
o 258 0.09
o 257 0.09
o 249 23.97
o 247 46.27
o 246 204.89
judgment-aggregation-ja-slater-preflib-00049-00000135
o 378 0.09
o 274 0.1
o 273 0.1
o 255 0.11
o 248 22.58
judgment-aggregation-ja-slater-preflib-00049-00000135
o 376 0.08
o 281 0.1
o 280 0.1
o 279 0.1
o 278 0.1
o 277 0.1
o 263 0.1
o 262 0.1
o 260 0.1
o 259 0.1
o 258 0.1
o 252 22.46
o 250 65.36
o 249 65.38
o 248 87.31
o 247 138.61
judgment-aggregation-ja-slater-preflib-00049-00000135
o 372 0.09
o 306 0.1
o 305 0.1
o 304 0.1
o 303 0.1
o 302 0.1
o 255 23.99
o 253 24
o 251 45.01
o 249 45.01
o 248 137.47
o 247 202.85
judgment-aggregation-ja-slater-preflib-00049-00000135
o 361 0.08
o 272 0.09
o 267 0.1
o 266 0.1
o 265 0.1
o 264 0.1
o 263 0.1
o 262 0.1
o 261 0.1
o 252 22.99
o 248 23.01
o 247 88.79
judgment-aggregation-ja-slater-preflib-00049-00000135
o 375 0.08
o 271 0.1
o 261 0.1
o 260 0.1
o 259 0.1
o 257 0.1
o 252 24.47
o 249 24.5
o 248 24.51
o 247 160.42
judgment-aggregation-ja-slater-preflib-00049-00000135
o 362 0.09
o 292 0.11
o 291 0.11
o 290 0.11
o 265 0.11
o 264 0.11
o 263 0.11
o 247 22.84
judgment-aggregation-ja-slater-preflib-00049-00000135
o 374 0.08
o 281 0.1
o 279 0.1
o 278 0.1
o 277 0.1
o 276 0.1
o 274 0.1
o 258 0.1
o 257 0.1
o 256 0.1
o 249 21.63
o 247 43.92
judgment-aggregation-ja-slater-preflib-00049-00000135
o 368 0.09
o 280 0.1
o 279 0.1
o 278 0.1
o 259 0.1
o 258 0.1
o 257 0.1
o 252 24.42
o 251 24.42
o 248 24.42
o 247 90.62
o 246 260.76
