judgment-aggregation-ja-slater-preflib-00049-00000405
o 388 0.07
o 295 0.1
o 294 0.1
o 293 0.1
o 292 0.1
o 291 0.1
o 287 22.78
o 286 22.79
o 282 65.75
o 279 129.56
judgment-aggregation-ja-slater-preflib-00049-00000405
o 403 0.07
o 296 0.08
o 295 0.08
o 294 0.08
o 293 0.09
o 285 22.23
o 281 22.27
o 280 64.55
o 278 64.59
judgment-aggregation-ja-slater-preflib-00049-00000405
o 402 0.07
o 297 0.09
o 296 0.09
o 295 0.09
o 294 0.09
o 293 0.09
o 292 0.09
o 291 0.09
o 285 43.99
o 284 65.11
o 282 65.12
o 279 86.34
o 278 146.91
judgment-aggregation-ja-slater-preflib-00049-00000405
o 443 0.08
o 290 0.09
o 289 0.09
o 288 0.09
o 287 0.09
o 280 21.81
o 279 21.81
o 278 61.56
judgment-aggregation-ja-slater-preflib-00049-00000405
o 419 0.12
o 296 0.17
o 286 23.93
o 285 23.93
o 282 23.97
o 281 45.31
o 279 87.42
o 278 169.29
judgment-aggregation-ja-slater-preflib-00049-00000405
o 391 0.08
o 299 0.11
o 298 0.11
o 296 0.12
o 295 0.12
o 294 0.12
o 280 26.14
o 279 47.95
o 278 120.82
judgment-aggregation-ja-slater-preflib-00049-00000405
o 425 0.09
o 295 0.12
o 294 0.12
o 293 0.13
o 292 0.13
o 291 0.13
o 290 0.13
o 286 22.07
o 285 22.08
o 282 22.09
o 280 41.67
o 278 126.63
judgment-aggregation-ja-slater-preflib-00049-00000405
o 379 0.08
o 295 0.11
o 294 0.11
o 293 0.12
o 292 0.12
o 291 0.12
o 283 22.33
o 282 93.79
o 279 114.69
judgment-aggregation-ja-slater-preflib-00049-00000405
o 398 0.08
o 297 0.1
o 296 0.1
o 278 24.42
judgment-aggregation-ja-slater-preflib-00049-00000405
o 405 0.4
o 298 0.62
o 297 0.63
o 296 0.64
o 285 25.53
o 282 25.54
o 280 72.59
o 279 92.26
o 278 133.87
