optimizing-BDDs-splice-1-un-wcnf_incomplete_improved_1_2019_4
o 1200 8.92
o 1147 9.91
o 947 95.04
o 723 134.5
o 593 279.07
optimizing-BDDs-splice-1-un-wcnf_incomplete_improved_1_2019_4
o 1425 1.9
o 853 1.9
o 575 151.2
optimizing-BDDs-splice-1-un-wcnf_incomplete_improved_1_2019_4
o 575 10.54
optimizing-BDDs-splice-1-un-wcnf_incomplete_improved_1_2019_4
o 1246 9.17
o 861 44.13
o 575 110.38
optimizing-BDDs-splice-1-un-wcnf_incomplete_improved_1_2019_4
o 1357 1.93
o 1118 1.93
o 946 94.75
o 575 147.84
optimizing-BDDs-splice-1-un-wcnf_incomplete_improved_1_2019_4
o 1471 9.55
o 1349 107.7
o 1314 167.67
o 867 210.44
o 575 298.21
optimizing-BDDs-splice-1-un-wcnf_incomplete_improved_1_2019_4
o 1451 1.75
o 1442 1.75
o 1325 86.86
o 721 128.76
o 574 178.95
optimizing-BDDs-splice-1-un-wcnf_incomplete_improved_1_2019_4
o 946 13.54
o 685 51.06
o 575 123.57
optimizing-BDDs-splice-1-un-wcnf_incomplete_improved_1_2019_4
o 575 12.16
optimizing-BDDs-splice-1-un-wcnf_incomplete_improved_1_2019_4
o 1455 13.15
o 1334 82.43
o 766 139.28
o 574 274.19
