optimizing-BDDs-vote-un-wcnf_incomplete_improved_1_2019_8
o 25 0.21
o 18 2.1
o 10 4.22
o 9 4.22
o 7 18.67
o 5 224.62
optimizing-BDDs-vote-un-wcnf_incomplete_improved_1_2019_8
o 94 0.25
o 90 0.25
o 20 2.47
o 13 4.41
o 12 5.87
o 8 16.65
optimizing-BDDs-vote-un-wcnf_incomplete_improved_1_2019_8
o 68 0.19
o 17 2.14
o 12 6.09
o 11 35.19
o 10 45.91
o 9 276.07
optimizing-BDDs-vote-un-wcnf_incomplete_improved_1_2019_8
o 34 0.22
o 22 2.03
o 8 3.51
optimizing-BDDs-vote-un-wcnf_incomplete_improved_1_2019_8
o 88 0.3
o 11 2.89
o 10 9.67
o 9 143.96
optimizing-BDDs-vote-un-wcnf_incomplete_improved_1_2019_8
o 54 0.24
o 12 3.21
o 8 11.26
optimizing-BDDs-vote-un-wcnf_incomplete_improved_1_2019_8
o 44 0.18
o 15 2.24
o 14 2.24
o 12 4.55
o 11 39.73
o 8 52.06
o 6 143.29
optimizing-BDDs-vote-un-wcnf_incomplete_improved_1_2019_8
o 36 0.29
o 16 2.12
o 14 12.41
o 10 15.91
o 7 20.15
o 6 54.81
o 5 54.81
optimizing-BDDs-vote-un-wcnf_incomplete_improved_1_2019_8
o 32 0.28
o 17 2.41
o 9 8.39
o 8 57.15
o 7 95.14
optimizing-BDDs-vote-un-wcnf_incomplete_improved_1_2019_8
o 29 0.25
o 13 2.52
o 12 4.95
o 10 17.3
o 9 32.98
o 7 67.06
