correlation-clustering-Rounded_CorrelationClustering_Vowel_BINARY_N800_D0.200
o 111418781 17.35
o 100601954 17.49
o 96165384 31.49
o 88233052 31.64
o 88196387 31.73
o 87587391 31.73
o 87566205 31.73
o 87534514 31.73
o 87462057 31.73
o 87433259 31.74
o 87432699 31.74
o 87431983 31.74
o 87388794 31.75
o 87385610 31.75
o 87364689 31.75
o 87329304 31.75
o 87175271 31.76
o 84990450 47.66
o 84741207 47.66
o 83276852 47.68
o 83113359 47.68
o 82906619 47.68
o 82876032 47.68
o 82829073 47.76
o 82808047 47.76
o 82800887 47.77
o 82778800 47.77
o 82756023 47.78
o 82701054 101.94
o 82509150 101.95
o 82463697 101.95
o 82443446 101.95
o 82424810 224.47
o 82366707 224.49
o 82342611 224.49
o 82301687 224.49
o 82271927 224.52
o 82249833 224.52
o 82238418 224.6
o 82197938 224.6
o 81976318 224.77
o 81939669 224.77
o 81878743 224.79
o 81860629 224.88
o 81836129 224.88
correlation-clustering-Rounded_CorrelationClustering_Vowel_BINARY_N800_D0.200
o 103428878 17.28
o 98998093 17.39
o 93335504 17.78
o 93290775 17.79
o 86958952 17.84
o 86786175 17.9
o 86765090 17.9
o 86694801 17.91
o 86672099 17.91
o 86513883 17.91
o 86510848 17.91
o 86455458 17.91
o 86433434 17.92
o 86431951 17.94
o 86411763 17.94
o 86378013 17.96
o 86347666 17.97
o 85772537 59.11
o 85705798 59.13
o 85028232 74.48
o 83766323 74.49
o 83722820 74.49
o 83660861 74.49
o 83626979 74.49
o 83579783 74.5
o 83550912 74.5
o 83508340 74.5
o 83477054 74.5
o 82673890 105.92
o 82177070 105.92
o 82151630 105.93
o 81896658 105.93
o 81850636 105.93
o 81829786 105.93
o 81767101 144.58
o 81480941 144.58
o 81457209 144.58
o 81428607 144.59
o 81171708 144.59
o 81149490 144.59
correlation-clustering-Rounded_CorrelationClustering_Vowel_BINARY_N800_D0.200
o 92259074 16.95
o 91152709 17.11
o 90910220 17.12
o 88646428 17.61
o 88567518 17.66
o 88515418 17.67
o 88493287 17.71
o 88492005 17.72
o 88468091 17.72
o 84906615 34.92
o 83283511 34.94
o 82797393 34.94
o 82712328 34.95
o 82690504 34.95
o 82232182 55.97
o 82229163 55.97
o 82208421 55.97
o 82171397 55.97
o 82125576 55.97
o 82105505 55.98
o 82105294 55.98
o 82082325 55.98
o 82070759 236.09
o 82047992 236.09
o 82023260 236.09
o 81994979 236.09
o 81992360 236.09
o 81947230 236.09
o 81918149 236.09
correlation-clustering-Rounded_CorrelationClustering_Vowel_BINARY_N800_D0.200
o 88666453 14.94
o 87219187 15.09
o 83110609 32.53
o 82259811 32.55
o 81895427 32.56
o 81882032 32.56
o 81880974 32.56
o 81834165 32.56
o 81808839 32.56
o 81770804 32.57
o 81701726 32.62
correlation-clustering-Rounded_CorrelationClustering_Vowel_BINARY_N800_D0.200
o 88121505 14.6
o 85476372 24.73
o 84605840 46.23
o 83623613 46.24
o 82588579 167.35
o 81985431 167.36
o 81925948 167.36
o 81902329 167.36
o 81833375 167.36
o 81793716 167.36
o 81768447 167.36
o 81571853 167.36
o 81536382 167.36
o 81512714 167.36
o 81483927 192.39
o 81446813 192.39
o 81292508 192.4
o 81235622 192.4
o 81207339 192.4
o 81155489 192.4
correlation-clustering-Rounded_CorrelationClustering_Vowel_BINARY_N800_D0.200
o 107144003 15.85
o 101758623 16.01
o 90130467 16.65
o 89243273 16.7
o 89232448 16.71
o 87017232 32.4
o 84909191 32.43
o 84742408 52.94
o 84698906 52.94
o 83720240 64.18
o 83698308 64.18
o 83657190 64.18
o 82532463 64.19
o 82473142 64.19
o 82434834 64.19
o 82407506 64.19
o 82384082 64.19
o 82358779 64.19
o 82147596 168.53
o 82040270 196.81
o 81782297 196.81
o 81777001 196.81
o 81756425 196.81
correlation-clustering-Rounded_CorrelationClustering_Vowel_BINARY_N800_D0.200
o 93892433 18.4
o 88968950 18.6
o 88879983 18.61
o 88174844 19.07
o 87935231 19.12
o 87666473 19.12
o 87658494 19.13
o 87443390 19.13
o 87352125 19.13
o 87198036 19.15
o 87165997 19.19
o 87165028 19.27
o 84503383 60.43
o 83708045 60.45
o 83161429 60.46
o 83140579 60.46
o 83117227 60.46
o 83076680 60.46
o 83055513 60.51
o 83021795 126.14
o 83001452 126.14
o 82978616 126.14
o 82955351 126.14
o 82934827 126.15
o 82795181 221.98
o 82717008 221.98
o 82290558 221.98
o 81856247 221.99
o 81830689 221.99
o 81810142 221.99
o 81790124 222
correlation-clustering-Rounded_CorrelationClustering_Vowel_BINARY_N800_D0.200
o 89920875 15.26
o 87468402 15.45
o 85886189 15.74
o 85196512 15.74
o 85094510 15.77
o 85006668 15.78
o 84939276 15.8
o 84903053 15.81
o 84899260 15.81
o 84615880 33.75
o 83005627 33.77
o 82676960 33.78
o 82613061 33.78
o 82566630 33.81
o 82408826 68.62
o 82406170 68.63
o 81972942 176.43
o 81947284 176.43
o 81755711 176.43
o 81735172 176.43
o 81709065 176.43
o 81708508 176.44
o 81688186 176.44
correlation-clustering-Rounded_CorrelationClustering_Vowel_BINARY_N800_D0.200
o 88429615 18.49
o 87251694 18.69
o 87078056 18.7
o 86110126 18.99
o 85809260 19.02
o 85790118 19.03
o 85676933 19.03
o 84405108 61.57
o 84383514 61.57
o 84356965 61.57
o 83259083 61.58
o 82543624 61.6
o 82510473 61.6
o 82488627 61.61
o 82437442 61.61
o 82407869 61.61
o 82403080 61.69
o 82379726 61.69
o 82316069 135.84
o 81974468 135.85
o 81904931 135.85
correlation-clustering-Rounded_CorrelationClustering_Vowel_BINARY_N800_D0.200
o 87939326 14.78
o 85574530 14.93
o 85552516 15.28
o 85431772 15.29
o 85074256 15.3
o 84887229 15.33
o 84844653 15.34
o 84763852 15.34
o 83680593 94.37
o 83674453 94.38
o 83356627 94.38
o 83323844 94.38
o 83301169 94.38
o 83221625 94.38
o 83220284 94.39
o 83164709 94.39
o 83137189 94.39
o 83133471 122.43
o 82763812 122.44
o 82744264 136.18
o 82674429 136.18
o 82668537 136.18
o 82482724 136.18
o 82458057 136.19
o 82425305 136.19
o 82398334 136.22
o 82365103 136.22
o 82325679 136.22
o 82296281 136.23
o 82284213 245.53
o 82244928 245.54
o 82122732 245.54
o 82094892 245.54
o 82071226 245.54
