decision-tree-tic-tac-toe-un-formula_0.8_2021_atleast_31_max-4_reduced_incomplete_adaboost_2
o 286 0.49
o 282 11.55
o 280 30.58
o 270 30.59
decision-tree-tic-tac-toe-un-formula_0.8_2021_atleast_31_max-4_reduced_incomplete_adaboost_2
o 412 0.62
o 396 0.73
o 344 0.8
o 286 1.24
o 282 8.72
o 279 12.79
o 272 131.58
o 270 224.06
decision-tree-tic-tac-toe-un-formula_0.8_2021_atleast_31_max-4_reduced_incomplete_adaboost_2
o 365 0.61
o 286 0.65
o 284 3.8
o 276 29.69
decision-tree-tic-tac-toe-un-formula_0.8_2021_atleast_31_max-4_reduced_incomplete_adaboost_2
o 328 0.47
o 286 0.58
o 285 30.04
o 282 94.23
o 271 118.33
decision-tree-tic-tac-toe-un-formula_0.8_2021_atleast_31_max-4_reduced_incomplete_adaboost_2
o 286 0.81
o 282 18.09
o 267 120.56
decision-tree-tic-tac-toe-un-formula_0.8_2021_atleast_31_max-4_reduced_incomplete_adaboost_2
o 286 0.54
o 282 1.92
o 276 55.52
o 266 192.16
decision-tree-tic-tac-toe-un-formula_0.8_2021_atleast_31_max-4_reduced_incomplete_adaboost_2
o 286 0.7
o 282 2.84
o 280 9.5
o 276 27.11
o 273 89.87
o 272 172.35
decision-tree-tic-tac-toe-un-formula_0.8_2021_atleast_31_max-4_reduced_incomplete_adaboost_2
o 286 1.94
o 285 6.67
o 282 66.05
o 254 160.23
decision-tree-tic-tac-toe-un-formula_0.8_2021_atleast_31_max-4_reduced_incomplete_adaboost_2
o 286 0.65
o 285 16.37
o 284 20.55
o 282 29.29
o 272 29.64
o 271 242.78
decision-tree-tic-tac-toe-un-formula_0.8_2021_atleast_31_max-4_reduced_incomplete_adaboost_2
o 286 0.55
o 282 6.5
o 279 62.72
o 276 91.45
o 272 159.85
