generalized-ising-IS6_5.0.5.0.0.5_softer_periodic
o 116426199686282 0.03
o 116375448792310 0.03
o 116252134462412 0.03
o 116176438967715 0.03
o 116167375943090 0.03
o 116166716796082 0.03
o 116105543501786 0.03
o 116087383762330 0.03
o 116054420965981 0.03
o 115966072163669 0.03
o 115949220003287 0.03
o 115909941954670 0.03
o 115870346641574 0.03
o 115812610700684 0.03
o 115794937971954 0.03
o 115720808106128 0.03
o 115704833723783 0.03
o 115663525804665 0.03
o 115658555618971 0.03
o 115632782749875 0.03
o 115550719872978 0.03
o 115481728731794 0.03
o 115379541506828 0.04
o 115322854371230 0.04
o 115267721917013 0.04
o 115206804657025 0.04
o 115171809147521 0.04
o 115147205834309 0.04
o 115081881169599 0.04
o 115014150749316 0.04
o 114957220792057 0.04
o 114935063114112 0.04
o 114873657723029 85.69
o 114778150026887 85.69
o 114747025136805 179.85
o 114689731504659 179.86
o 114639152121891 179.86
o 114635237191640 179.86
o 114594550086293 179.86
o 114553935358131 179.86
o 114510036115043 179.86
o 114453087173072 179.86
o 114447074650842 179.86
o 114427376694728 179.86
o 114418822697037 179.86
o 114389620376618 179.86
o 114364399684767 179.86
o 114337152802256 179.86
o 114324668638718 179.86
o 114322579875773 179.86
o 114298159894799 179.86
o 114297121479657 179.86
o 114285770187799 179.86
o 114236274347362 179.86
o 114232217591506 179.86
o 114229050548910 179.86
o 114227913471061 179.86
o 114207259838189 179.86
o 114204179976859 179.86
o 114185990362556 179.86
o 114150018337721 179.86
o 114141968634898 179.86
o 114123674797603 179.86
o 114118177644158 179.86
o 114109212746713 179.86
o 114096404450870 179.86
o 114083043983874 179.86
o 114065079499794 179.86
o 114000715087298 179.86
o 113985421519886 179.86
o 113980269475088 278.96
o 113978034894248 278.96
o 113974080544200 278.96
generalized-ising-IS6_5.0.5.0.0.5_softer_periodic
o 116211779629941 0.02
o 116130613745495 0.02
o 116065155506853 0.02
o 116048899353289 0.02
o 116019063667882 0.02
o 115932921344679 0.02
o 115896812126269 0.02
o 115852262339835 0.02
o 115834200632657 0.02
o 115808502856344 0.02
o 115729794743460 0.02
o 115683102428852 0.02
o 115682076759420 0.02
o 115636181028780 0.02
o 115539250654408 0.02
o 115533657136209 0.02
o 115491703404408 0.02
o 115369812514876 0.02
o 115311422301411 0.02
o 115284216618577 0.03
o 115241648712575 0.03
o 115238001348248 0.03
o 115159896073844 0.03
o 115143192146953 0.03
o 114990949890028 0.03
o 114893120050372 0.03
o 114840731439429 0.03
o 114811991911513 0.03
o 114781750331943 0.06
o 114725227100682 0.06
o 114720682305530 188.22
o 114684355475493 188.22
o 114568440573325 188.22
o 114532664431428 188.22
o 114495068646012 188.22
o 114474958000276 188.22
o 114452650731990 188.22
o 114418908992422 188.22
o 114391820851747 188.22
o 114358650492909 188.22
o 114314279172967 188.22
o 114309081068108 188.22
o 114268009168078 188.22
o 114263427651072 188.22
o 114230642495767 188.22
o 114205610958438 188.22
o 114177491918798 188.22
o 114139468649963 188.22
o 114132806161690 188.22
o 114096741776756 188.22
o 114077131875803 188.22
o 114071129966718 188.22
o 114053599447952 188.22
o 114043490939715 288.49
o 114021900105164 288.49
generalized-ising-IS6_5.0.5.0.0.5_softer_periodic
o 116714526003939 0.02
o 116529042745506 0.02
o 116446730947031 0.02
o 116368924647727 0.02
o 116337664997761 0.02
o 116250465578218 0.02
o 116189888612718 0.02
o 116152389691403 0.02
o 116059312359465 0.02
o 115991505981482 0.02
o 115982218711937 0.02
o 115970440687086 0.02
o 115910142110809 0.03
o 115822348323664 0.03
o 115718091448300 0.03
o 115686863730933 0.03
o 115594728739158 0.03
o 115582614483261 0.03
o 115579745801431 0.03
o 115553382732977 0.03
o 115503429456933 0.03
o 115491243904517 0.03
o 115477505517091 0.03
o 115441680325394 0.03
o 115376604210225 0.03
o 115362414368298 0.03
o 115351620952538 0.03
o 115254934553951 0.03
o 115171884654435 0.03
o 115101885162176 0.03
o 115027056944146 0.03
o 115025453954190 0.03
o 115022925539890 0.03
o 115008987432973 0.03
o 114983741078701 0.06
o 114924851443798 0.06
o 114899931191260 0.07
o 114882119730999 0.07
o 114855835529253 0.07
o 114847541428218 85.97
o 114837345037593 85.97
o 114837128367399 85.97
o 114829258185808 85.97
o 114779145988141 85.97
o 114750463339672 181.24
o 114687247747651 181.24
o 114636214682698 181.24
o 114594735800150 181.24
o 114544496301555 181.24
o 114533086407507 181.24
o 114531668167773 181.24
o 114513734253312 181.24
o 114493936723177 181.24
o 114483420694204 181.24
o 114477693479972 181.24
o 114460702821574 181.24
o 114454033638133 181.24
o 114447936881527 181.24
o 114426733106791 181.24
o 114408535099802 181.24
o 114378120854073 181.24
o 114367333045136 181.24
o 114367285152570 181.24
o 114352444588616 181.24
o 114331132542423 181.24
o 114311509710413 181.24
o 114268953795325 181.24
o 114251731596935 181.24
o 114241538556650 181.24
o 114168376144329 181.24
o 114119504621603 181.24
o 114109442381470 181.24
o 114071347866314 181.24
o 114066308094034 181.24
o 114013607784339 181.24
o 113995868625757 181.24
generalized-ising-IS6_5.0.5.0.0.5_softer_periodic
o 116251223924613 0.02
o 116237829290081 0.02
o 116165036001384 0.02
o 116130784144601 0.02
o 116005915604511 0.02
o 115984443260160 0.02
o 115921149375048 0.02
o 115897384426444 0.02
o 115787216418934 0.02
o 115656140987089 0.02
o 115632575577478 0.02
o 115564545999426 0.02
o 115558465310238 0.02
o 115548535715848 0.02
o 115526294493222 0.02
o 115480696592933 0.03
o 115453703772540 0.03
o 115434086522877 0.03
o 115418522041681 0.03
o 115370977910039 0.03
o 115301543348836 0.03
o 115169954993309 0.03
o 115065351244793 0.03
o 115059776242556 0.03
o 115057359964281 0.03
o 115050095697466 0.03
o 114998447569350 0.03
o 114954105009592 0.03
o 114922472934680 0.03
o 114893853608568 0.03
o 114880544519976 0.03
o 114859903235077 0.03
o 114819167518414 0.03
o 114741173137084 0.03
o 114738753511492 176.84
o 114734002025633 176.84
o 114710325052967 176.84
o 114690458363244 176.84
o 114664776445405 176.84
o 114650848641511 176.84
o 114619849840779 176.84
o 114601561459711 176.84
o 114588601973561 176.84
o 114544643077664 176.84
o 114535364403788 176.84
o 114497882646860 176.84
o 114443599315955 176.84
o 114405317135116 176.84
o 114366697807418 176.84
o 114358092326640 176.84
o 114326544214226 176.84
o 114313719883844 176.84
o 114266628099388 176.84
o 114210314935071 176.84
o 114177479458882 176.84
o 114165725469681 176.84
o 114148528244415 176.84
o 114117584694950 176.84
o 114107273521268 176.84
o 114069120052919 176.84
o 114021869985814 176.84
o 114001426209542 176.84
o 113998750057897 176.84
o 113967764811081 176.84
o 113966891786217 176.84
o 113944870586662 176.84
o 113938574170966 176.84
o 113926166243564 176.84
o 113891485382856 176.85
o 113880800718991 176.85
o 113864422090296 176.85
generalized-ising-IS6_5.0.5.0.0.5_softer_periodic
o 116121857500695 0.02
o 116047741080206 0.02
o 115975513486225 0.02
o 115878454138721 0.02
o 115874014116726 0.02
o 115778530208880 0.02
o 115766065715132 0.02
o 115759072643767 0.03
o 115691022590447 0.03
o 115652640065064 0.03
o 115615477937321 0.03
o 115588371921463 0.03
o 115527855016829 0.03
o 115411504575287 0.04
o 115373129095466 0.04
o 115270536575513 0.04
o 115163341192222 0.04
o 115117989325255 0.04
o 115031451000286 0.04
o 114975190999190 0.04
o 114951517572507 0.04
o 114943789913541 0.04
o 114889973560609 0.04
o 114839474966876 0.04
o 114811335648402 0.04
o 114768462746521 0.04
o 114761618069001 0.06
o 114722900106215 0.06
o 114636457485504 86.68
o 114625625660822 86.68
o 114548641891437 86.68
o 114516857379261 86.68
o 114502755981354 189.74
o 114473939275724 189.74
o 114438762244804 189.74
o 114391966434740 189.74
o 114334200537990 189.74
o 114293549912683 189.74
o 114277482542093 189.74
o 114239568839076 189.74
o 114215015267910 189.74
o 114175571417849 189.74
o 114159633369707 189.74
o 114146382729336 189.74
o 114121560814219 189.74
o 114107160969537 189.74
o 114079493808725 189.74
o 114059572449462 189.74
o 114034261464015 294.11
o 114033180575314 294.11
generalized-ising-IS6_5.0.5.0.0.5_softer_periodic
o 116200065679712 0.02
o 116156351686416 0.02
o 116081444660206 0.02
o 116011882969300 0.02
o 115978133535145 0.02
o 115950000498119 0.02
o 115943468319833 0.02
o 115893002575729 0.02
o 115806723080792 0.03
o 115779300415152 0.03
o 115777520197301 0.03
o 115737385221275 0.03
o 115688302192147 0.03
o 115662278684587 0.03
o 115626802095735 0.03
o 115562238476862 0.03
o 115496123879942 0.03
o 115442896144979 0.03
o 115403234661944 0.03
o 115384076923747 0.03
o 115332513663999 0.03
o 115306631255837 0.03
o 115263719012586 0.03
o 115197174647634 0.03
o 115192840811796 0.03
o 115172149726193 0.03
o 115150855882300 0.03
o 115105850087871 0.03
o 115067004684564 0.03
o 115048161392595 0.06
o 115021115023546 0.06
o 114989107812078 0.06
o 114969901695232 0.06
o 114905809323826 0.06
o 114887984019473 0.06
o 114800268049311 0.06
o 114767351290715 0.06
o 114736635813724 0.06
o 114732007452931 0.06
o 114662165530533 0.06
o 114657599593375 92.99
o 114596533532458 92.99
o 114576753134604 92.99
o 114531548971144 92.99
o 114471035360678 92.99
o 114465438810868 92.99
o 114459570530476 191.34
o 114429930316869 191.34
o 114376644176434 191.34
o 114327846522108 191.34
o 114310440909423 191.34
o 114291189390353 191.34
o 114222298161445 191.34
o 114219796460055 191.34
o 114209544516092 191.34
o 114197909382660 191.34
o 114166250240927 191.34
o 114155809119947 191.34
o 114138440874447 191.34
o 114117672040710 191.34
o 114078655858188 191.34
o 114071954262333 191.34
o 114026664452453 191.34
o 113999457601946 191.34
o 113990119596664 191.34
o 113975304156604 191.34
o 113963245076490 191.34
generalized-ising-IS6_5.0.5.0.0.5_softer_periodic
o 116224765081048 0.03
o 116115646743422 0.03
o 116079372465559 0.03
o 115957156800751 0.03
o 115841488620000 0.03
o 115782405877454 0.03
o 115733738692069 0.03
o 115715638723897 0.04
o 115664817057916 0.04
o 115651216783673 0.04
o 115644723684785 0.04
o 115600227612459 0.04
o 115586617075335 0.04
o 115522624722614 0.04
o 115437763265901 0.04
o 115354506305293 0.04
o 115295543484765 0.04
o 115272427384240 0.04
o 115242140930881 0.04
o 115237138544016 0.04
o 115198018108586 0.04
o 115179096440834 0.04
o 115167649375569 0.04
o 115157172030029 0.04
o 115090590428859 0.04
o 115075693669394 0.06
o 115063160402934 0.06
o 115055080934297 0.07
o 114968668012840 0.07
o 114953956177448 0.07
o 114946960070710 0.07
o 114935843103902 0.07
o 114840596639409 0.07
o 114820032835987 0.07
o 114814293832399 87.5
o 114710762684676 87.5
o 114685030651626 185.93
o 114660956179746 185.93
o 114621289678134 185.93
o 114603418431381 185.93
o 114571087222544 185.93
o 114532168148210 185.93
o 114493128565359 185.93
o 114441942275903 185.93
o 114413068429318 185.93
o 114412114966909 185.93
o 114328735498225 185.93
o 114318217210916 185.93
o 114284675834930 185.93
o 114259742751055 185.93
o 114214322948706 185.93
o 114206498421772 185.93
o 114189234108173 185.93
o 114142864682292 185.93
o 114133404804361 185.93
o 114118455269312 185.93
o 114105402734211 185.93
o 114094724984923 185.93
o 114072542030261 185.93
o 114047098523062 185.93
o 114026892369300 185.93
o 114005968758880 185.93
o 113991602238745 185.93
o 113942073326540 185.93
o 113917696033086 185.93
o 113894578013355 185.93
generalized-ising-IS6_5.0.5.0.0.5_softer_periodic
o 116386937750490 0.02
o 116306278135305 0.02
o 116222875219618 0.02
o 116197717354201 0.02
o 116153965166127 0.02
o 116122950408280 0.02
o 116071618430575 0.02
o 116023683772636 0.02
o 115892787160694 0.02
o 115859056996836 0.02
o 115815150050882 0.02
o 115812256902657 0.02
o 115802346424173 0.03
o 115756947083969 0.03
o 115663927122362 0.03
o 115610625661894 0.03
o 115586708522446 0.03
o 115546752947965 0.03
o 115466252292914 0.03
o 115436242914355 0.03
o 115422130203880 0.03
o 115387786752008 0.03
o 115387068671902 0.03
o 115365596569307 0.03
o 115327898018558 0.03
o 115291363108831 0.03
o 115242575336752 0.03
o 115218664856489 0.03
o 115159505364928 0.03
o 115084874547552 0.03
o 115065007383271 0.03
o 115050768977312 0.03
o 114995651973935 0.03
o 114951937633449 0.03
o 114845393529945 0.03
o 114764632828848 0.03
o 114729041341263 0.03
o 114715415198334 0.03
o 114688820313822 84.65
o 114621360197208 84.65
o 114526573301522 84.65
o 114450361336789 84.65
o 114401703431536 84.65
o 114377983789771 84.65
o 114324585671437 84.65
o 114310253929834 180.53
o 114290485854166 180.53
o 114286060479917 180.53
o 114282416638704 180.53
o 114279900800653 180.53
o 114261647530231 180.53
o 114239311501063 180.53
o 114238830377290 180.53
o 114238458590597 180.53
o 114232381309003 180.53
o 114202561065938 180.53
o 114176807094922 180.53
o 114141525927920 180.53
o 114122837356871 180.54
o 114100195758158 180.54
o 114069539994031 180.54
o 114032379868564 180.54
o 114013417898233 180.54
o 113986416984964 280.94
generalized-ising-IS6_5.0.5.0.0.5_softer_periodic
o 116029802822120 0.02
o 115987022377864 0.02
o 115859979164004 0.02
o 115850576575416 0.02
o 115834125119842 0.02
o 115811544438383 0.02
o 115724001530343 0.02
o 115630769913775 0.02
o 115553546459635 0.02
o 115542051595603 0.03
o 115477451381113 0.03
o 115454947800880 0.03
o 115382462088514 0.03
o 115361178769468 0.04
o 115222776454022 0.04
o 115190687055680 0.04
o 115134809323441 0.04
o 115034831826686 0.04
o 115027673202711 0.04
o 114998960279605 0.04
o 114972499213949 0.04
o 114958666053047 0.04
o 114881075624032 0.04
o 114863132521047 0.04
o 114812712616459 0.04
o 114743142158482 0.04
o 114735793851643 182.56
o 114698639306475 182.56
o 114663042884255 182.56
o 114628661277977 182.56
o 114602593357705 182.56
o 114561017179872 182.56
o 114529049787889 182.56
o 114522448021329 182.56
o 114486660866531 182.56
o 114454349756127 182.56
o 114438685552125 182.56
o 114417329830613 182.56
o 114398327829613 182.56
o 114391966222571 182.56
o 114343914676472 182.56
o 114309241219268 182.56
o 114298939285750 182.56
o 114288979991488 182.56
o 114269443945797 182.56
o 114265509454317 182.56
o 114243698375235 182.56
o 114243425489639 182.56
o 114230765264114 182.56
o 114171933550793 182.56
o 114171374806696 182.56
o 114156254853883 182.56
o 114105115589809 182.56
o 114097859288130 182.56
o 114065404620562 182.57
o 114058817563089 182.57
o 114034004166965 182.57
o 113990379435541 182.57
o 113932973606513 182.57
o 113900174075165 182.57
generalized-ising-IS6_5.0.5.0.0.5_softer_periodic
o 116541230611237 0.02
o 116469373197950 0.02
o 116316490864946 0.02
o 116285078397589 0.02
o 116261449307945 0.02
o 116245356251009 0.03
o 116177265006190 0.03
o 116073825001778 0.03
o 116009791305886 0.03
o 115875863064036 0.03
o 115821928893714 0.03
o 115767453109605 0.03
o 115698529852783 0.03
o 115678765627583 0.03
o 115619602449426 0.03
o 115600490774824 0.03
o 115476755159270 0.03
o 115329451674375 0.03
o 115181836245871 0.03
o 115050377742279 0.03
o 115021069366102 0.03
o 114988190632701 0.03
o 114967918641666 0.06
o 114953335332368 0.06
o 114931191731729 0.06
o 114929465032460 0.06
o 114919035091570 0.06
o 114913927137734 85.25
o 114889191689685 85.25
o 114763201896405 85.25
o 114681925020322 85.25
o 114642831138332 85.25
o 114630784049612 85.25
o 114602128222646 182.49
o 114598699105263 182.49
o 114566173749198 182.49
o 114539448759067 182.49
o 114515819114473 182.49
o 114506942161252 182.49
o 114493249265363 182.49
o 114489846779622 182.49
o 114487404217852 182.49
o 114450975391248 182.49
o 114446376116854 182.49
o 114407745217453 182.49
o 114371741138954 182.49
o 114345716872930 182.49
o 114319737983571 182.49
o 114312690306520 182.49
o 114298966043140 182.49
o 114292911643955 182.49
o 114282541332112 182.49
o 114253426839437 182.49
o 114252416079358 182.49
o 114244619178090 182.49
o 114177696020982 182.49
o 114160154284834 182.49
o 114138384504738 182.49
o 114113132584408 182.49
o 114099100472896 182.49
o 114094732337070 182.49
o 114086013892538 182.49
o 114064736290867 182.49
o 114064629719570 182.49
o 114037859338460 182.49
o 114012387337380 182.49
o 113970359644159 182.49
o 113948684022207 182.49
o 113927352581436 182.49
o 113897603938233 182.49
o 113830090616912 182.49
o 113803257458335 182.49
o 113797656078091 182.49
