hs-timetabling-BrazilInstance1.xml
o 182 2.58
o 179 10.73
o 174 12.2
o 170 13.42
o 169 13.42
o 167 37.85
o 139 40.45
hs-timetabling-BrazilInstance1.xml
o 184 1.67
o 168 7.59
o 156 8.24
o 155 99.96
o 148 107.33
o 144 122.18
o 131 139.32
o 130 139.32
hs-timetabling-BrazilInstance1.xml
o 191 0.98
o 164 2.85
o 162 8.47
o 155 125.52
o 154 125.52
o 143 134.62
hs-timetabling-BrazilInstance1.xml
o 182 0.13
o 178 0.77
o 177 0.77
o 159 14.36
o 158 42.02
o 147 42.04
o 145 61.09
o 138 91.7
o 135 201.68
hs-timetabling-BrazilInstance1.xml
o 199 1.23
o 162 1.54
o 151 1.55
o 150 1.55
o 148 62.23
hs-timetabling-BrazilInstance1.xml
o 190 0.31
o 189 0.31
o 185 7.8
o 184 7.8
o 177 24.34
o 166 25.82
o 129 28.98
hs-timetabling-BrazilInstance1.xml
o 198 4.45
o 196 4.45
o 167 10.16
o 165 14.25
o 149 29.4
o 148 29.4
o 143 36
hs-timetabling-BrazilInstance1.xml
o 175 0.95
o 146 7.64
o 143 7.64
o 138 221.14
o 135 221.14
hs-timetabling-BrazilInstance1.xml
o 194 1.5
o 191 3.85
o 173 4.76
o 155 4.87
o 154 57.37
o 153 57.37
o 152 57.38
o 144 66.01
o 140 130.33
o 137 150.93
o 134 150.93
hs-timetabling-BrazilInstance1.xml
o 182 0.13
o 181 0.13
o 180 0.13
o 176 0.13
o 171 1.28
o 165 1.49
o 164 59.55
o 161 82.26
o 159 82.26
o 157 88.97
o 147 92.15
o 146 251.14
