judgment-aggregation-ja-kemeny-preflib-00049-00000334
o 871 0.08
o 870 0.08
o 869 0.08
o 868 0.08
o 867 0.08
o 865 0.08
o 864 0.08
o 863 0.08
o 860 0.08
o 859 0.08
o 858 0.08
o 855 0.08
o 852 0.08
o 847 0.08
o 845 0.08
o 844 0.08
o 843 0.08
o 842 0.08
o 839 0.08
o 838 0.08
o 837 0.08
o 828 0.08
o 826 0.08
o 824 0.08
o 823 0.08
o 820 0.08
o 815 0.08
o 814 0.08
o 813 0.08
o 812 0.08
o 811 0.08
o 810 0.08
o 809 0.08
o 808 0.08
o 806 0.08
o 805 0.08
o 804 0.08
o 801 0.08
o 800 0.08
o 799 0.08
o 794 0.08
o 790 0.08
o 787 0.09
o 784 0.09
o 782 0.09
o 781 0.09
o 779 0.09
o 778 0.09
o 776 0.09
o 773 0.09
o 772 0.09
o 769 0.09
o 767 0.09
o 762 0.09
o 759 0.09
o 758 0.09
o 757 0.09
o 756 0.09
o 751 0.09
o 750 0.09
o 747 0.09
o 746 0.09
o 745 0.09
o 742 0.09
o 737 0.09
o 729 0.09
o 726 0.09
o 723 0.09
o 720 0.09
o 717 0.09
o 713 0.09
o 711 0.09
o 710 0.09
o 706 0.09
o 703 0.09
o 702 0.09
o 701 0.09
o 699 0.09
o 698 0.09
o 695 0.09
o 692 0.09
o 691 0.09
o 690 0.09
o 689 0.09
o 688 0.09
o 687 0.09
o 686 0.09
o 683 0.09
o 676 0.09
o 673 0.09
o 672 0.09
o 670 0.17
o 666 0.17
o 664 0.17
o 662 0.18
o 659 0.18
o 658 0.18
o 657 0.18
o 656 0.19
o 655 0.19
o 654 0.19
o 651 0.19
o 650 0.19
o 647 0.19
o 645 0.19
o 643 0.2
o 639 0.2
o 636 0.21
o 635 0.21
o 633 0.21
o 631 0.22
o 630 0.22
o 629 0.22
o 628 0.23
o 625 0.23
o 624 0.23
o 622 0.31
o 619 0.31
o 616 0.31
o 606 0.33
o 604 0.33
o 603 0.35
o 602 0.35
o 601 0.35
o 598 0.35
o 596 0.35
o 595 0.35
o 593 0.43
o 592 0.49
o 591 0.49
o 590 0.49
o 589 0.49
o 586 0.49
o 585 0.5
o 584 0.5
o 583 0.5
o 582 0.58
o 579 0.77
o 578 1.05
o 575 1.07
o 574 1.07
o 573 1.87
o 571 1.87
o 570 1.9
o 568 2.03
o 567 6.17
o 566 6.17
o 565 6.18
o 563 15.84
o 562 15.84
o 561 274.13
judgment-aggregation-ja-kemeny-preflib-00049-00000334
o 768 0.06
o 767 0.06
o 766 0.06
o 765 0.06
o 764 0.06
o 762 0.06
o 761 0.06
o 760 0.06
o 759 0.06
o 758 0.06
o 755 0.06
o 754 0.06
o 752 0.06
o 751 0.06
o 750 0.06
o 747 0.06
o 744 0.06
o 742 0.06
o 741 0.06
o 738 0.06
o 735 0.06
o 734 0.06
o 733 0.06
o 732 0.06
o 729 0.06
o 728 0.06
o 725 0.06
o 724 0.06
o 723 0.06
o 718 0.06
o 713 0.06
o 712 0.06
o 711 0.06
o 709 0.06
o 708 0.06
o 707 0.07
o 669 0.07
o 668 0.07
o 667 0.07
o 664 0.07
o 661 0.07
o 660 0.07
o 659 0.07
o 658 0.07
o 657 0.07
o 654 0.07
o 652 0.07
o 620 0.15
o 619 0.15
o 614 0.15
o 613 0.16
o 612 0.16
o 611 0.2
o 610 0.2
o 606 0.2
o 588 0.23
o 587 0.23
o 584 0.23
o 581 0.23
o 580 0.34
o 575 0.36
o 574 0.36
o 567 0.37
o 566 0.37
o 565 0.37
o 564 2.59
o 563 2.59
o 562 131.36
o 561 149.41
o 559 149.41
judgment-aggregation-ja-kemeny-preflib-00049-00000334
o 929 0.08
o 927 0.08
o 922 0.08
o 920 0.08
o 919 0.08
o 918 0.08
o 893 0.08
o 892 0.08
o 891 0.08
o 886 0.08
o 885 0.08
o 884 0.08
o 883 0.08
o 881 0.08
o 878 0.08
o 877 0.08
o 876 0.08
o 875 0.08
o 874 0.08
o 871 0.08
o 868 0.08
o 867 0.08
o 866 0.08
o 864 0.08
o 862 0.08
o 859 0.08
o 856 0.08
o 853 0.08
o 852 0.08
o 850 0.08
o 847 0.08
o 846 0.08
o 843 0.08
o 842 0.08
o 841 0.08
o 838 0.08
o 832 0.08
o 831 0.08
o 828 0.08
o 827 0.08
o 825 0.08
o 823 0.08
o 820 0.08
o 788 0.08
o 784 0.08
o 776 0.08
o 773 0.08
o 772 0.08
o 767 0.09
o 764 0.09
o 763 0.09
o 762 0.09
o 757 0.09
o 754 0.09
o 751 0.09
o 750 0.09
o 748 0.09
o 745 0.09
o 744 0.09
o 743 0.09
o 740 0.09
o 739 0.09
o 736 0.09
o 735 0.09
o 732 0.09
o 729 0.09
o 728 0.09
o 725 0.09
o 722 0.09
o 719 0.09
o 717 0.09
o 714 0.09
o 713 0.09
o 712 0.09
o 711 0.09
o 710 0.09
o 709 0.09
o 708 0.09
o 703 0.09
o 702 0.09
o 697 0.09
o 694 0.09
o 689 0.15
o 686 0.15
o 683 0.15
o 680 0.15
o 679 0.15
o 678 0.15
o 673 0.15
o 672 0.15
o 671 0.15
o 668 0.16
o 665 0.16
o 663 0.16
o 661 0.16
o 660 0.16
o 659 0.16
o 658 0.17
o 656 0.18
o 653 0.19
o 652 0.19
o 641 0.19
o 640 0.19
o 635 0.19
o 634 0.2
o 633 0.2
o 631 0.2
o 628 0.2
o 627 0.2
o 626 0.21
o 620 0.21
o 618 0.21
o 617 0.21
o 615 0.21
o 614 0.21
o 611 0.21
o 608 0.21
o 607 0.21
o 606 0.21
o 605 0.21
o 602 0.21
o 600 0.22
o 596 0.22
o 595 0.23
o 592 0.23
o 591 0.23
o 589 0.23
o 588 0.23
o 586 0.25
o 583 0.26
o 582 0.26
o 578 0.26
o 577 0.26
o 576 0.28
o 575 0.49
o 572 1.86
o 571 6.23
o 569 6.5
o 567 9.08
o 566 9.08
o 565 9.11
o 564 9.11
o 563 11.21
o 562 11.21
o 561 159.94
o 560 159.94
o 559 159.94
judgment-aggregation-ja-kemeny-preflib-00049-00000334
o 795 0.06
o 794 0.06
o 793 0.06
o 792 0.06
o 789 0.06
o 788 0.06
o 785 0.06
o 784 0.06
o 781 0.06
o 780 0.06
o 778 0.06
o 777 0.06
o 772 0.06
o 770 0.06
o 767 0.06
o 764 0.06
o 759 0.06
o 757 0.06
o 754 0.06
o 751 0.06
o 748 0.06
o 745 0.06
o 744 0.06
o 743 0.06
o 742 0.06
o 741 0.06
o 740 0.06
o 739 0.06
o 738 0.06
o 736 0.06
o 735 0.06
o 732 0.06
o 729 0.06
o 726 0.06
o 724 0.06
o 723 0.06
o 720 0.06
o 713 0.06
o 712 0.06
o 695 0.06
o 693 0.06
o 692 0.06
o 691 0.07
o 688 0.07
o 687 0.07
o 684 0.07
o 683 0.07
o 680 0.07
o 679 0.07
o 675 0.07
o 674 0.07
o 671 0.07
o 668 0.07
o 666 0.07
o 660 0.07
o 655 0.07
o 654 0.07
o 651 0.07
o 602 0.14
o 600 0.14
o 599 0.15
o 596 0.25
o 593 0.25
o 589 0.25
o 588 0.25
o 585 0.25
o 583 0.25
o 579 0.25
o 577 0.26
o 576 0.27
o 574 2.06
o 573 4.05
o 572 5.35
o 571 5.35
o 570 5.36
o 569 6.93
o 568 9.26
o 567 9.27
o 565 9.27
o 564 9.28
o 563 13.82
o 562 52.8
o 561 99.25
judgment-aggregation-ja-kemeny-preflib-00049-00000334
o 712 0.05
o 711 0.05
o 710 0.05
o 707 0.05
o 704 0.05
o 701 0.05
o 700 0.05
o 699 0.05
o 698 0.05
o 697 0.05
o 694 0.05
o 693 0.05
o 690 0.05
o 689 0.05
o 688 0.05
o 685 0.05
o 682 0.05
o 679 0.05
o 677 0.05
o 674 0.05
o 672 0.05
o 671 0.05
o 670 0.06
o 669 0.06
o 667 0.1
o 666 0.1
o 665 0.1
o 664 0.1
o 660 0.1
o 659 0.12
o 656 0.12
o 655 0.12
o 653 0.12
o 650 0.12
o 647 0.12
o 644 0.12
o 643 0.12
o 641 0.13
o 640 0.14
o 639 0.15
o 637 0.15
o 634 0.15
o 633 0.15
o 632 0.16
o 631 0.18
o 629 0.2
o 625 0.34
o 623 0.34
o 622 0.34
o 620 0.34
o 616 0.34
o 615 0.36
o 614 0.36
o 613 0.37
o 612 0.37
o 608 0.37
o 605 0.37
o 604 0.37
o 603 0.37
o 600 0.38
o 599 0.38
o 595 0.38
o 592 0.38
o 591 0.39
o 590 0.39
o 589 0.39
o 587 0.39
o 585 0.4
o 584 0.4
o 583 0.4
o 581 0.4
o 578 0.4
o 575 0.4
o 572 0.89
o 566 0.89
o 565 0.89
o 564 0.89
o 563 17.27
o 562 105.28
o 561 133.54
o 559 133.55
judgment-aggregation-ja-kemeny-preflib-00049-00000334
o 776 0.07
o 775 0.07
o 774 0.07
o 773 0.07
o 766 0.07
o 763 0.07
o 761 0.07
o 760 0.07
o 757 0.07
o 754 0.07
o 749 0.07
o 747 0.07
o 746 0.07
o 745 0.07
o 744 0.07
o 743 0.07
o 738 0.07
o 737 0.07
o 732 0.07
o 729 0.07
o 725 0.07
o 723 0.07
o 722 0.07
o 721 0.07
o 716 0.07
o 714 0.07
o 713 0.07
o 712 0.07
o 711 0.07
o 710 0.07
o 708 0.07
o 707 0.07
o 704 0.07
o 703 0.07
o 701 0.07
o 698 0.07
o 697 0.07
o 693 0.07
o 690 0.07
o 687 0.07
o 686 0.07
o 685 0.07
o 682 0.07
o 678 0.07
o 675 0.07
o 669 0.07
o 667 0.08
o 664 0.08
o 661 0.08
o 659 0.08
o 658 0.08
o 657 0.13
o 656 0.13
o 655 0.13
o 654 0.13
o 653 0.13
o 650 0.13
o 647 0.13
o 640 0.13
o 639 0.13
o 638 0.13
o 635 0.14
o 629 0.14
o 627 0.14
o 626 0.14
o 622 0.15
o 620 0.15
o 619 0.15
o 616 0.15
o 596 0.49
o 595 0.49
o 592 0.49
o 591 0.49
o 586 0.49
o 584 0.49
o 582 0.49
o 581 0.55
o 578 0.55
o 577 0.55
o 576 0.58
o 573 0.92
o 572 1.96
o 571 1.96
o 570 2.02
o 568 3.11
o 567 3.13
o 565 3.17
o 564 3.18
o 563 49.13
o 562 157.23
o 561 182.02
judgment-aggregation-ja-kemeny-preflib-00049-00000334
o 896 0.06
o 895 0.06
o 894 0.06
o 893 0.06
o 892 0.06
o 889 0.06
o 888 0.06
o 887 0.06
o 884 0.06
o 883 0.06
o 882 0.06
o 875 0.06
o 872 0.06
o 867 0.06
o 866 0.06
o 865 0.06
o 862 0.06
o 857 0.06
o 854 0.06
o 852 0.06
o 851 0.06
o 846 0.06
o 845 0.06
o 843 0.06
o 838 0.06
o 832 0.06
o 829 0.06
o 826 0.06
o 823 0.06
o 820 0.06
o 819 0.06
o 817 0.06
o 816 0.06
o 815 0.06
o 812 0.06
o 811 0.06
o 808 0.06
o 807 0.06
o 804 0.06
o 803 0.06
o 800 0.06
o 799 0.06
o 798 0.06
o 797 0.06
o 796 0.06
o 794 0.06
o 791 0.06
o 788 0.06
o 787 0.06
o 784 0.06
o 783 0.06
o 782 0.06
o 779 0.06
o 774 0.06
o 767 0.06
o 765 0.06
o 762 0.06
o 760 0.06
o 750 0.06
o 742 0.06
o 736 0.06
o 733 0.06
o 717 0.06
o 714 0.06
o 709 0.06
o 708 0.06
o 705 0.06
o 702 0.06
o 701 0.06
o 700 0.06
o 696 0.06
o 694 0.06
o 691 0.06
o 690 0.06
o 687 0.06
o 684 0.06
o 682 0.06
o 676 0.06
o 672 0.1
o 668 0.11
o 667 0.11
o 666 0.11
o 661 0.11
o 660 0.11
o 659 0.11
o 658 0.11
o 657 0.11
o 655 0.11
o 654 0.11
o 650 0.13
o 643 0.13
o 641 0.13
o 640 0.13
o 639 0.13
o 635 0.13
o 633 0.13
o 632 0.13
o 630 0.13
o 627 0.13
o 626 0.13
o 625 0.14
o 624 0.14
o 623 0.14
o 622 0.14
o 620 0.14
o 619 0.14
o 618 0.14
o 615 0.14
o 612 0.15
o 608 0.19
o 607 0.24
o 600 0.24
o 599 0.25
o 598 0.25
o 596 0.25
o 594 0.26
o 593 0.26
o 592 0.26
o 591 0.42
o 589 0.43
o 588 0.47
o 587 0.63
o 585 0.63
o 584 0.9
o 583 0.9
o 581 0.9
o 580 0.9
o 577 0.9
o 576 0.9
o 574 0.91
o 572 0.91
o 571 0.93
o 570 1.88
o 568 1.88
o 567 23.67
o 564 31.18
o 563 37.08
o 562 40.72
o 561 40.72
judgment-aggregation-ja-kemeny-preflib-00049-00000334
o 808 0.07
o 807 0.07
o 806 0.07
o 803 0.07
o 800 0.07
o 797 0.07
o 792 0.07
o 791 0.07
o 790 0.07
o 787 0.07
o 786 0.07
o 785 0.07
o 784 0.07
o 783 0.07
o 780 0.07
o 779 0.07
o 775 0.07
o 774 0.07
o 771 0.07
o 770 0.07
o 765 0.07
o 764 0.07
o 763 0.07
o 760 0.07
o 759 0.07
o 757 0.07
o 756 0.07
o 755 0.07
o 753 0.07
o 749 0.07
o 748 0.07
o 747 0.07
o 746 0.07
o 745 0.07
o 744 0.07
o 743 0.07
o 742 0.07
o 740 0.07
o 735 0.07
o 728 0.07
o 725 0.07
o 722 0.07
o 719 0.07
o 718 0.07
o 717 0.07
o 712 0.07
o 711 0.07
o 710 0.07
o 709 0.07
o 708 0.07
o 707 0.07
o 706 0.07
o 686 0.07
o 685 0.07
o 684 0.07
o 681 0.07
o 671 0.07
o 670 0.07
o 669 0.07
o 667 0.07
o 663 0.07
o 661 0.07
o 660 0.07
o 659 0.07
o 656 0.07
o 655 0.11
o 651 0.12
o 650 0.12
o 649 0.12
o 647 0.12
o 644 0.12
o 642 0.12
o 641 0.12
o 639 0.12
o 638 0.12
o 636 0.12
o 629 0.15
o 628 0.15
o 625 0.15
o 619 0.15
o 615 0.15
o 614 0.15
o 600 0.18
o 599 0.18
o 596 0.19
o 593 0.19
o 592 0.19
o 589 0.19
o 588 0.19
o 586 0.19
o 583 0.22
o 581 0.22
o 580 0.22
o 578 0.25
o 577 0.26
o 576 0.31
o 573 0.31
o 570 0.34
o 569 0.34
o 568 0.34
o 567 0.34
o 565 3.85
o 564 3.85
o 563 3.85
o 562 3.85
o 561 65.88
o 560 89.95
judgment-aggregation-ja-kemeny-preflib-00049-00000334
o 866 0.07
o 865 0.07
o 863 0.07
o 862 0.07
o 860 0.07
o 859 0.07
o 858 0.07
o 857 0.07
o 856 0.07
o 853 0.07
o 852 0.07
o 851 0.07
o 850 0.07
o 847 0.07
o 846 0.07
o 845 0.07
o 844 0.07
o 843 0.07
o 840 0.07
o 837 0.07
o 836 0.07
o 834 0.07
o 833 0.07
o 832 0.07
o 831 0.07
o 830 0.07
o 829 0.07
o 826 0.07
o 825 0.07
o 824 0.07
o 823 0.07
o 822 0.07
o 821 0.07
o 819 0.07
o 818 0.07
o 817 0.07
o 813 0.07
o 812 0.07
o 809 0.07
o 804 0.07
o 803 0.07
o 800 0.07
o 796 0.07
o 794 0.07
o 793 0.07
o 792 0.07
o 791 0.07
o 788 0.07
o 785 0.07
o 783 0.07
o 781 0.07
o 780 0.07
o 776 0.07
o 775 0.07
o 773 0.07
o 769 0.07
o 767 0.07
o 763 0.07
o 757 0.07
o 756 0.07
o 755 0.07
o 735 0.07
o 728 0.07
o 727 0.07
o 726 0.07
o 725 0.12
o 723 0.12
o 722 0.12
o 721 0.12
o 720 0.12
o 717 0.12
o 716 0.12
o 713 0.12
o 712 0.12
o 709 0.12
o 708 0.12
o 707 0.12
o 706 0.12
o 700 0.12
o 695 0.12
o 692 0.12
o 691 0.12
o 688 0.12
o 687 0.12
o 686 0.12
o 684 0.12
o 681 0.12
o 677 0.12
o 676 0.12
o 675 0.12
o 672 0.12
o 670 0.12
o 669 0.12
o 667 0.26
o 665 0.26
o 663 0.3
o 659 0.3
o 654 0.3
o 651 0.3
o 648 0.31
o 645 0.31
o 642 0.31
o 619 0.33
o 616 0.36
o 615 0.36
o 609 0.36
o 608 0.36
o 607 0.37
o 604 0.37
o 602 0.37
o 601 0.37
o 599 0.39
o 594 0.39
o 589 0.4
o 588 0.46
o 586 0.49
o 584 0.49
o 583 0.69
o 582 0.7
o 579 0.7
o 576 0.7
o 575 1.66
o 573 1.66
o 572 1.66
o 571 1.68
o 570 1.74
o 569 1.82
o 566 1.82
o 563 1.82
o 562 1.82
o 560 1.82
o 559 110.56
judgment-aggregation-ja-kemeny-preflib-00049-00000334
o 867 0.06
o 866 0.06
o 864 0.06
o 861 0.06
o 858 0.06
o 857 0.06
o 855 0.06
o 852 0.06
o 851 0.06
o 846 0.06
o 844 0.06
o 843 0.06
o 842 0.06
o 840 0.06
o 838 0.06
o 835 0.06
o 834 0.06
o 831 0.06
o 830 0.06
o 829 0.06
o 828 0.06
o 826 0.06
o 822 0.06
o 821 0.06
o 818 0.06
o 815 0.06
o 813 0.06
o 808 0.06
o 806 0.06
o 804 0.06
o 803 0.06
o 800 0.06
o 797 0.06
o 795 0.06
o 790 0.06
o 787 0.06
o 782 0.06
o 781 0.06
o 780 0.06
o 779 0.06
o 778 0.06
o 777 0.06
o 775 0.06
o 774 0.06
o 771 0.06
o 770 0.06
o 769 0.06
o 768 0.06
o 765 0.06
o 761 0.06
o 759 0.06
o 757 0.06
o 755 0.06
o 754 0.06
o 753 0.06
o 752 0.06
o 749 0.06
o 746 0.06
o 742 0.06
o 740 0.06
o 738 0.06
o 737 0.12
o 735 0.12
o 733 0.12
o 724 0.12
o 723 0.12
o 721 0.13
o 720 0.13
o 719 0.13
o 716 0.13
o 714 0.13
o 713 0.13
o 710 0.13
o 707 0.14
o 705 0.16
o 704 0.17
o 703 0.17
o 700 0.17
o 699 0.17
o 696 0.17
o 695 0.17
o 690 0.17
o 688 0.17
o 687 0.17
o 684 0.17
o 633 0.18
o 632 0.19
o 631 0.21
o 630 0.21
o 627 0.21
o 626 0.21
o 622 0.21
o 613 0.23
o 596 0.26
o 594 0.53
o 593 0.53
o 592 0.53
o 588 0.74
o 587 0.74
o 586 0.74
o 585 0.89
o 584 0.89
o 583 0.89
o 582 0.9
o 580 0.9
o 578 0.96
o 577 0.96
o 576 0.96
o 575 1.02
o 574 1.05
o 573 1.07
o 572 1.07
o 571 1.07
o 570 1.09
o 569 1.89
o 568 1.89
o 567 1.89
o 566 1.89
o 565 1.89
o 563 1.9
o 562 1.95
o 561 193.15
