MinimumWeightDominatingSetProblem-hugebubbles-00020
o 588544429 141.08
MinimumWeightDominatingSetProblem-hugebubbles-00020
o 588412173 115.58
MinimumWeightDominatingSetProblem-hugebubbles-00020
o 588404049 87.52
o 588404048 87.63
MinimumWeightDominatingSetProblem-hugebubbles-00020
o 588436153 94.86
MinimumWeightDominatingSetProblem-hugebubbles-00020
o 588492579 93.11
MinimumWeightDominatingSetProblem-hugebubbles-00020
o 588530850 88.97
MinimumWeightDominatingSetProblem-hugebubbles-00020
o 588573312 79.15
MinimumWeightDominatingSetProblem-hugebubbles-00020
o 588539482 96.58
MinimumWeightDominatingSetProblem-hugebubbles-00020
o 588611493 88.02
MinimumWeightDominatingSetProblem-hugebubbles-00020
o 588659513 106.93
o 588659512 107.12
