abstraction-refinement-polysite-xalan
o 1002620 32.090000
o 114981 63.270000
o 114980 63.290000
o 114979 63.310000
o 114978 63.320000
o 114977 63.320000
o 114976 63.330000
o 114975 63.340000
o 114974 63.340000
o 114973 63.350000
o 114972 63.350000
o 114971 63.370000
o 114970 63.370000
o 114969 63.380000
o 114968 63.380000
o 114967 63.390000
o 114966 63.390000
o 114965 63.400000
o 114964 63.400000
o 114963 63.400000
o 114962 63.410000
o 114961 63.410000
o 114960 63.430000
o 114959 63.430000
o 114958 63.430000
o 114957 63.440000
o 114956 63.440000
o 114955 63.450000
o 114954 63.450000
o 114953 63.470000
o 114952 63.480000
o 114951 63.480000
o 114950 63.490000
o 114949 63.490000
o 114948 63.500000
o 114947 63.510000
o 114946 63.510000
o 114945 63.520000
o 114944 63.530000
o 114943 63.530000
o 114942 63.540000
o 114941 63.540000
o 114940 63.550000
o 114939 63.560000
o 114938 63.560000
o 114937 63.570000
o 114936 63.580000
o 114935 63.580000
o 114934 63.590000
o 114933 63.590000
o 114932 63.600000
o 114931 63.600000
o 114930 63.620000
o 114929 63.630000
o 114928 63.630000
o 114927 63.650000
o 114926 63.660000
o 114925 63.670000
o 114924 63.680000
o 114923 63.690000
o 114922 63.700000
o 114921 63.710000
o 114920 63.720000
o 114919 63.720000
o 114918 63.730000
o 114917 63.750000
o 114916 63.750000
o 114915 63.750000
o 114914 63.760000
o 114913 63.770000
o 114912 63.780000
o 114911 63.780000
o 114910 63.790000
o 114909 63.810000
o 114908 63.810000
o 114907 63.810000
o 114906 63.820000
o 114905 63.820000
o 114904 63.830000
o 114903 63.830000
o 114902 63.840000
o 114901 63.840000
o 114900 63.860000
o 114899 63.870000
o 114898 63.870000
o 114897 63.880000
o 114896 63.890000
o 114895 63.890000
o 114894 63.900000
o 114893 63.900000
o 114892 63.910000
o 114891 63.910000
o 114890 63.920000
o 114889 63.930000
o 114888 63.940000
o 114887 63.970000
o 114886 63.970000
o 114885 63.980000
o 114884 63.980000
o 114883 63.990000
o 114882 64.000000
o 114881 64.010000
o 114880 64.010000
o 114879 64.020000
o 114878 64.030000
o 114877 64.060000
o 114876 64.060000
o 114875 64.070000
o 114874 64.070000
o 114873 64.080000
o 114872 64.090000
o 114871 64.090000
o 114870 64.100000
o 114869 64.110000
o 114868 64.120000
o 114867 64.120000
o 114866 64.130000
o 114865 64.130000
o 114864 64.140000
o 114863 64.140000
o 114862 64.150000
o 114861 64.150000
o 114860 64.160000
o 114859 64.170000
o 114858 64.170000
o 114857 64.180000
o 114856 64.180000
o 114855 64.190000
o 114854 64.200000
o 114853 64.200000
o 114852 64.210000
o 114851 64.210000
o 114850 64.220000
o 114849 64.250000
o 114848 64.250000
o 114847 64.260000
o 114846 64.270000
o 114845 64.280000
o 114844 64.280000
o 114843 64.290000
o 114842 64.310000
o 114841 64.310000
o 114840 64.340000
o 114839 64.340000
o 114838 64.350000
o 114837 64.350000
o 114836 64.360000
o 114835 64.370000
o 114834 64.380000
o 114833 64.390000
o 114832 64.390000
o 114831 64.410000
o 114830 64.410000
o 114829 64.430000
o 114828 64.440000
o 114827 64.450000
o 114826 64.450000
o 114825 64.460000
o 114824 64.460000
o 114823 64.470000
o 114822 64.470000
o 114821 64.480000
o 114820 64.490000
o 114819 64.500000
o 114818 64.500000
o 114817 64.520000
o 114816 64.520000
o 114815 64.530000
o 114814 64.540000
o 114813 64.550000
o 114812 64.570000
o 114811 64.580000
o 114810 64.590000
o 114809 64.590000
o 114808 64.600000
o 114807 64.640000
o 114806 64.650000
o 114805 64.660000
o 114804 64.670000
o 114803 64.680000
o 114802 64.700000
o 114801 64.700000
o 114800 64.710000
o 114799 64.720000
o 114798 64.730000
o 114797 64.730000
o 114796 64.740000
o 114795 64.750000
o 114794 64.790000
o 114793 64.800000
o 114792 64.810000
o 114791 64.810000
o 114790 64.820000
o 114789 64.820000
o 114788 64.830000
o 114787 64.830000
o 114786 64.840000
o 114785 64.850000
o 114784 64.850000
o 114783 64.860000
o 114782 64.880000
o 114781 64.890000
o 114780 64.890000
o 114779 64.900000
o 114778 64.920000
o 114777 64.920000
o 114776 64.940000
o 114775 64.960000
o 114774 64.960000
o 114773 64.970000
o 114772 64.970000
o 114771 64.980000
o 114770 64.990000
o 114769 64.990000
o 114768 65.010000
o 114767 65.010000
o 114766 65.020000
o 114765 65.040000
o 114764 65.050000
o 114763 65.070000
o 114762 65.080000
o 114761 65.090000
o 114760 65.100000
o 114759 65.110000
o 114758 65.110000
o 114757 65.130000
o 114756 65.140000
o 114755 65.150000
o 114754 65.150000
o 114753 65.200000
o 114752 65.210000
o 114751 65.220000
o 114750 65.240000
o 114749 65.250000
o 114748 65.250000
o 114747 65.260000
o 114746 65.260000
o 114745 65.280000
o 114744 65.310000
o 114743 65.320000
o 114742 65.330000
o 114741 65.450000
o 114740 65.520000
o 114739 65.540000
o 114738 65.550000
o 114737 65.560000
o 114736 67.080000
o 114735 67.090000
o 114734 67.200000
o 114733 67.220000
o 114732 67.230000
o 114731 67.240000
o 114730 67.240000
o 114729 67.260000
o 114728 67.320000
o 114727 67.330000
o 114726 67.350000
o 114725 67.350000
o 114724 67.440000
o 114723 67.450000
o 114722 67.450000
o 114721 67.460000
o 114720 67.640000
o 114719 67.660000
o 114718 67.670000
o 114717 67.750000
o 114716 68.280000
o 114715 68.290000
o 114714 68.310000
o 114713 68.320000
o 114712 68.340000
o 114711 68.620000
o 114710 68.640000
o 114709 68.660000
114709	68.660000
abstraction-refinement-polysite-xalan
o 851192 56.070000
o 119080 62.970000
o 119079 63.010000
o 119078 63.020000
o 119077 63.030000
o 114989 63.050000
o 114988 63.050000
o 114987 63.060000
o 114986 63.070000
o 114985 63.080000
o 114984 63.080000
o 114983 63.090000
o 114982 63.100000
o 114981 63.100000
o 114980 63.110000
o 114979 63.120000
o 114978 63.120000
o 114977 63.130000
o 114976 63.130000
o 114975 63.140000
o 114974 63.150000
o 114973 63.160000
o 114972 63.160000
o 114971 63.180000
o 114970 63.190000
o 114969 63.190000
o 114968 63.240000
o 114967 63.260000
o 114966 63.260000
o 114965 63.270000
o 114964 63.280000
o 114963 63.290000
o 114962 63.290000
o 114961 63.300000
o 114960 63.320000
o 114959 63.330000
o 114958 63.340000
o 114957 63.340000
o 114956 63.350000
o 114955 63.360000
o 114954 63.360000
o 114953 63.370000
o 114952 63.380000
o 114951 63.380000
o 114950 63.390000
o 114949 63.390000
o 114948 63.400000
o 114947 63.400000
o 114946 63.420000
o 114945 63.420000
o 114944 63.430000
o 114943 63.430000
o 114942 63.440000
o 114941 63.450000
o 114940 63.450000
o 114939 63.460000
o 114938 63.470000
o 114937 63.470000
o 114936 63.480000
o 114935 63.480000
o 114934 63.490000
o 114933 63.500000
o 114932 63.510000
o 114931 63.510000
o 114930 63.520000
o 114929 63.540000
o 114928 63.550000
o 114927 63.570000
o 114926 63.580000
o 114925 63.590000
o 114924 63.600000
o 114923 63.600000
o 114922 63.610000
o 114921 63.610000
o 114920 63.620000
o 114919 63.630000
o 114918 63.630000
o 114917 63.640000
o 114916 63.650000
o 114915 63.650000
o 114914 63.670000
o 114913 63.680000
o 114912 63.690000
o 114911 63.690000
o 114910 63.700000
o 114909 63.710000
o 114908 63.720000
o 114907 63.730000
o 114906 63.740000
o 114905 63.750000
o 114904 63.760000
o 114903 63.760000
o 114902 63.770000
o 114901 63.780000
o 114900 63.780000
o 114899 63.790000
o 114898 63.800000
o 114897 63.800000
o 114896 63.810000
o 114895 63.810000
o 114894 63.830000
o 114893 63.830000
o 114892 63.840000
o 114891 63.850000
o 114890 63.850000
o 114889 63.850000
o 114888 63.860000
o 114887 63.860000
o 114886 63.870000
o 114885 63.870000
o 114884 63.880000
o 114883 63.890000
o 114882 63.910000
o 114881 63.910000
o 114880 63.920000
o 114879 63.930000
o 114878 63.930000
o 114877 63.950000
o 114876 63.960000
o 114875 63.970000
o 114874 63.970000
o 114873 63.980000
o 114872 63.990000
o 114871 63.990000
o 114870 64.050000
o 114869 64.050000
o 114868 64.060000
o 114867 64.060000
o 114866 64.070000
o 114865 64.080000
o 114864 64.080000
o 114863 64.100000
o 114862 64.110000
o 114861 64.120000
o 114860 64.130000
o 114859 64.130000
o 114858 64.140000
o 114857 64.150000
o 114856 64.150000
o 114855 64.160000
o 114854 64.170000
o 114853 64.170000
o 114852 64.200000
o 114851 64.200000
o 114850 64.210000
o 114849 64.220000
o 114848 64.240000
o 114847 64.250000
o 114846 64.270000
o 114845 64.280000
o 114844 64.290000
o 114843 64.380000
o 114842 64.380000
o 114841 64.500000
o 114840 64.500000
o 114839 64.510000
o 114838 64.520000
o 114837 64.530000
o 114836 64.540000
o 114835 64.550000
o 114834 64.550000
o 114833 64.560000
o 114832 64.570000
o 114831 64.570000
o 114830 64.580000
o 114829 64.590000
o 114828 64.600000
o 114827 64.620000
o 114826 64.620000
o 114825 64.640000
o 114824 64.650000
o 114823 64.650000
o 114822 64.680000
o 114821 64.690000
o 114820 64.700000
o 114819 64.710000
o 114818 64.710000
o 114817 64.720000
o 114816 64.730000
o 114815 64.730000
o 114814 64.740000
o 114813 64.750000
o 114812 64.760000
o 114811 64.770000
o 114810 64.790000
o 114809 64.800000
o 114808 64.800000
o 114807 64.810000
o 114806 64.880000
o 114805 64.890000
o 114804 64.890000
o 114803 64.900000
o 114802 64.900000
o 114801 64.940000
o 114800 64.950000
o 114799 64.960000
o 114798 64.960000
o 114797 64.970000
o 114796 64.990000
o 114795 64.990000
o 114794 65.020000
o 114793 65.160000
o 114792 65.170000
o 114791 65.180000
o 114790 65.180000
o 114789 65.280000
o 114788 65.290000
o 114787 65.290000
o 114786 65.300000
o 114785 65.310000
o 114784 65.350000
o 114783 65.360000
o 114782 65.370000
o 114781 65.370000
o 114780 65.390000
o 114779 65.390000
o 114778 65.390000
o 114777 65.400000
o 114776 65.400000
o 114775 65.410000
o 114774 65.420000
o 114773 65.420000
o 114772 65.470000
o 114771 65.480000
o 114770 65.480000
o 114769 65.490000
o 114768 65.490000
o 114767 65.500000
o 114766 65.510000
o 114765 65.510000
o 114764 65.560000
o 114763 65.570000
o 114762 65.570000
o 114761 65.580000
o 114760 65.590000
o 114759 65.600000
o 114758 65.610000
o 114757 65.610000
o 114756 65.620000
o 114755 65.630000
o 114754 65.650000
o 114753 65.650000
o 114752 65.660000
o 114751 65.680000
o 114750 65.690000
o 114749 65.710000
o 114748 65.750000
o 114747 65.760000
o 114746 65.770000
o 114745 65.780000
o 114744 65.840000
o 114743 65.860000
o 114742 65.900000
o 114741 65.910000
o 114740 66.320000
o 114739 66.330000
o 114738 66.340000
o 114737 66.340000
o 114736 66.350000
o 114735 66.360000
o 114734 66.370000
o 114733 66.430000
o 114732 66.460000
o 114731 66.470000
o 114730 66.470000
o 114729 66.500000
o 114728 196.090000
o 114727 196.120000
o 114726 196.150000
o 114725 196.160000
o 114724 196.160000
o 114723 196.230000
o 114722 196.250000
o 114721 196.260000
o 114720 196.330000
o 114719 196.360000
o 114718 196.400000
o 114717 196.440000
o 114716 196.470000
o 114715 196.480000
o 114714 196.560000
o 114713 196.620000
o 114712 196.640000
o 114711 199.430000
o 114710 199.550000
114710	199.550000
abstraction-refinement-polysite-xalan
o 986202 37.280000
o 114982 41.930000
o 114981 42.030000
o 114980 42.030000
o 114979 42.040000
o 114978 42.050000
o 114977 42.060000
o 114976 42.060000
o 114975 42.070000
o 114974 42.070000
o 114973 42.080000
o 114972 42.090000
o 114971 42.090000
o 114970 42.090000
o 114969 42.100000
o 114968 42.110000
o 114967 42.110000
o 114966 42.120000
o 114965 42.130000
o 114964 42.130000
o 114963 42.140000
o 114962 42.150000
o 114961 42.150000
o 114960 42.160000
o 114959 42.170000
o 114958 42.170000
o 114957 42.180000
o 114956 42.190000
o 114955 42.200000
o 114954 42.210000
o 114953 42.220000
o 114952 42.230000
o 114951 42.240000
o 114950 42.250000
o 114949 42.260000
o 114948 42.270000
o 114947 42.290000
o 114946 42.300000
o 114945 42.310000
o 114944 42.320000
o 114943 42.330000
o 114942 42.330000
o 114941 42.340000
o 114940 42.350000
o 114939 42.360000
o 114938 42.370000
o 114937 42.380000
o 114936 42.380000
o 114935 42.390000
o 114934 42.400000
o 114933 42.400000
o 114932 42.410000
o 114931 42.410000
o 114930 42.420000
o 114929 42.430000
o 114928 42.430000
o 114927 42.440000
o 114926 42.450000
o 114925 42.460000
o 114924 42.470000
o 114923 42.480000
o 114922 42.480000
o 114921 42.490000
o 114920 42.500000
o 114919 42.510000
o 114918 42.520000
o 114917 42.530000
o 114916 42.540000
o 114915 42.560000
o 114914 42.570000
o 114913 42.570000
o 114912 42.580000
o 114911 42.590000
o 114910 42.600000
o 114909 42.610000
o 114908 42.620000
o 114907 42.630000
o 114906 42.640000
o 114905 42.650000
o 114904 42.660000
o 114903 42.670000
o 114902 42.680000
o 114901 42.700000
o 114900 42.700000
o 114899 42.720000
o 114898 42.780000
o 114897 42.790000
o 114896 42.800000
o 114895 42.800000
o 114894 42.810000
o 114893 42.820000
o 114892 42.830000
o 114891 42.830000
o 114890 42.850000
o 114889 42.860000
o 114888 42.870000
o 114887 42.870000
o 114886 42.880000
o 114885 42.890000
o 114884 42.900000
o 114883 42.910000
o 114882 42.920000
o 114881 42.920000
o 114880 42.930000
o 114879 42.950000
o 114878 42.960000
o 114877 42.970000
o 114876 42.970000
o 114875 42.980000
o 114874 42.990000
o 114873 42.990000
o 114872 43.000000
o 114871 43.010000
o 114870 43.020000
o 114869 43.020000
o 114868 43.030000
o 114867 43.040000
o 114866 43.050000
o 114865 43.050000
o 114864 43.060000
o 114863 43.060000
o 114862 43.070000
o 114861 43.080000
o 114860 43.080000
o 114859 43.090000
o 114858 43.110000
o 114857 43.120000
o 114856 43.130000
o 114855 43.130000
o 114854 43.140000
o 114853 43.150000
o 114852 43.150000
o 114851 43.160000
o 114850 43.170000
o 114849 43.200000
o 114848 43.210000
o 114847 43.220000
o 114846 43.230000
o 114845 43.230000
o 114844 43.240000
o 114843 43.250000
o 114842 43.250000
o 114841 43.270000
o 114840 43.280000
o 114839 43.290000
o 114838 43.310000
o 114837 43.320000
o 114836 43.330000
o 114835 43.340000
o 114834 43.350000
o 114833 43.350000
o 114832 43.360000
o 114831 43.370000
o 114830 43.370000
o 114829 43.380000
o 114828 43.390000
o 114827 43.400000
o 114826 43.400000
o 114825 43.410000
o 114824 43.420000
o 114823 43.420000
o 114822 43.430000
o 114821 43.440000
o 114820 43.450000
o 114819 43.460000
o 114818 43.460000
o 114817 43.470000
o 114816 43.490000
o 114815 43.490000
o 114814 43.500000
o 114813 43.510000
o 114812 43.520000
o 114811 43.520000
o 114810 43.530000
o 114809 43.540000
o 114808 43.550000
o 114807 43.560000
o 114806 43.570000
o 114805 43.570000
o 114804 43.590000
o 114803 43.600000
o 114802 43.610000
o 114801 43.620000
o 114800 43.630000
o 114799 43.640000
o 114798 43.670000
o 114797 43.680000
o 114796 43.690000
o 114795 43.700000
o 114794 43.710000
o 114793 43.730000
o 114792 43.740000
o 114791 43.750000
o 114790 43.760000
o 114789 43.770000
o 114788 43.780000
o 114787 43.790000
o 114786 43.800000
o 114785 43.820000
o 114784 43.820000
o 114783 43.830000
o 114782 43.840000
o 114781 43.850000
o 114780 43.850000
o 114779 43.860000
o 114778 43.870000
o 114777 43.890000
o 114776 43.890000
o 114775 43.900000
o 114774 43.910000
o 114773 43.910000
o 114772 43.920000
o 114771 43.930000
o 114770 43.960000
o 114769 43.970000
o 114768 43.970000
o 114767 43.980000
o 114766 44.000000
o 114765 44.000000
o 114764 44.020000
o 114763 44.030000
o 114762 44.030000
o 114761 44.040000
o 114760 44.050000
o 114759 44.060000
o 114758 44.070000
o 114757 44.080000
o 114756 44.090000
o 114755 44.100000
o 114754 44.120000
o 114753 44.130000
o 114752 44.140000
o 114751 44.180000
o 114750 44.190000
o 114749 44.310000
o 114748 44.310000
o 114747 44.330000
o 114746 44.340000
o 114745 44.340000
o 114744 44.370000
o 114743 44.370000
o 114742 44.380000
o 114741 44.390000
o 114740 44.400000
o 114739 44.410000
o 114738 44.470000
o 114737 44.530000
o 114736 44.540000
o 114735 44.550000
o 114734 44.570000
o 114733 44.580000
o 114732 44.590000
o 114731 44.610000
o 114730 44.610000
o 114729 44.710000
o 114728 44.720000
o 114727 44.760000
o 114726 44.810000
o 114725 45.410000
o 114724 45.650000
o 114723 45.760000
o 114722 45.780000
o 114721 45.830000
o 114720 45.840000
o 114719 45.880000
o 114718 45.940000
o 114717 45.960000
114717	45.960000
abstraction-refinement-polysite-xalan
o 1100742 36.910000
o 114929 44.280000
o 114928 44.320000
o 114927 44.320000
o 114926 44.330000
o 114925 44.330000
o 114924 44.340000
o 114923 44.350000
o 114922 44.350000
o 114921 44.380000
o 114920 44.390000
o 114919 44.400000
o 114918 44.400000
o 114917 44.410000
o 114916 44.420000
o 114915 44.420000
o 114914 44.430000
o 114913 44.430000
o 114912 44.460000
o 114911 44.470000
o 114910 44.480000
o 114909 44.480000
o 114908 44.490000
o 114907 44.500000
o 114906 44.510000
o 114905 44.520000
o 114904 44.520000
o 114903 44.540000
o 114902 44.540000
o 114901 44.550000
o 114900 44.550000
o 114899 44.560000
o 114898 44.570000
o 114897 44.590000
o 114896 44.590000
o 114895 44.600000
o 114894 44.610000
o 114893 44.610000
o 114892 44.620000
o 114891 44.620000
o 114890 44.630000
o 114889 44.630000
o 114888 44.640000
o 114887 44.650000
o 114886 44.660000
o 114885 44.670000
o 114884 44.670000
o 114883 44.690000
o 114882 44.690000
o 114881 44.690000
o 114880 44.700000
o 114879 44.700000
o 114878 44.710000
o 114877 44.720000
o 114876 44.730000
o 114875 44.730000
o 114874 44.740000
o 114873 44.740000
o 114872 44.750000
o 114871 44.760000
o 114870 44.760000
o 114869 44.760000
o 114868 44.770000
o 114867 44.770000
o 114866 44.790000
o 114865 44.790000
o 114864 44.790000
o 114863 44.800000
o 114862 44.810000
o 114861 44.820000
o 114860 44.820000
o 114859 44.850000
o 114858 44.900000
o 114857 44.910000
o 114856 44.920000
o 114855 44.930000
o 114854 44.940000
o 114853 44.940000
o 114852 44.950000
o 114851 44.960000
o 114850 44.970000
o 114849 45.030000
o 114848 45.030000
o 114847 45.040000
o 114846 45.040000
o 114845 45.050000
o 114844 45.050000
o 114843 45.060000
o 114842 45.080000
o 114841 45.090000
o 114840 45.090000
o 114839 45.100000
o 114838 45.100000
o 114837 45.110000
o 114836 45.110000
o 114835 45.120000
o 114834 45.120000
o 114833 45.140000
o 114832 45.140000
o 114831 45.140000
o 114830 45.150000
o 114829 45.160000
o 114828 45.160000
o 114827 45.170000
o 114826 45.170000
o 114825 45.190000
o 114824 45.200000
o 114823 45.200000
o 114822 45.210000
o 114821 45.220000
o 114820 45.240000
o 114819 45.260000
o 114818 45.280000
o 114817 45.290000
o 114816 45.290000
o 114815 45.300000
o 114814 45.340000
o 114813 45.360000
o 114812 45.380000
o 114811 45.380000
o 114810 45.390000
o 114809 45.400000
o 114808 45.400000
o 114807 45.410000
o 114806 45.460000
o 114805 45.460000
o 114804 45.470000
o 114803 45.480000
o 114802 45.480000
o 114801 45.500000
o 114800 45.510000
o 114799 45.510000
o 114798 45.510000
o 114797 45.530000
o 114796 45.540000
o 114795 45.540000
o 114794 45.560000
o 114793 45.560000
o 114792 45.710000
o 114791 45.720000
o 114790 45.730000
o 114789 45.740000
o 114788 45.750000
o 114787 45.750000
o 114786 45.760000
o 114785 45.760000
o 114784 45.780000
o 114783 45.790000
o 114782 45.800000
o 114781 45.800000
o 114780 45.820000
o 114779 45.830000
o 114778 45.830000
o 114777 45.890000
o 114776 45.890000
o 114775 45.900000
o 114774 45.900000
o 114773 45.910000
o 114772 45.920000
o 114771 45.980000
o 114770 45.980000
o 114769 45.990000
o 114768 45.990000
o 114767 46.050000
o 114766 46.060000
o 114765 46.060000
o 114764 46.150000
o 114763 46.160000
o 114762 46.170000
o 114761 46.220000
o 114760 46.220000
o 114759 46.230000
o 114758 47.350000
o 114757 47.370000
o 114756 47.370000
o 114755 47.390000
o 114754 47.440000
o 114753 47.450000
o 114752 47.470000
o 114751 47.480000
o 114750 47.480000
o 114749 47.580000
o 114748 47.610000
o 114747 47.670000
o 114746 47.820000
o 114745 47.830000
o 114744 47.840000
o 114743 47.870000
o 114742 47.880000
o 114741 47.880000
o 114740 47.970000
o 114739 48.040000
o 114738 48.050000
o 114737 48.580000
o 114736 48.600000
o 114735 48.640000
o 114734 48.660000
o 114733 48.670000
o 114732 85.510000
o 114731 85.610000
o 114730 85.620000
o 114729 85.620000
o 114728 187.320000
o 114727 187.350000
o 114726 187.410000
o 114725 188.160000
o 114724 188.220000
o 114723 190.270000
o 114722 190.310000
o 114721 190.410000
o 114720 190.420000
o 114719 191.280000
o 114718 191.430000
114718	191.430000
abstraction-refinement-polysite-xalan
o 965773 29.990000
o 115053 36.960000
o 115052 36.960000
o 115051 36.980000
o 115050 36.980000
o 115049 36.990000
o 115048 36.990000
o 115047 37.000000
o 115046 37.000000
o 115045 37.010000
o 115044 37.040000
o 115043 37.050000
o 115042 37.050000
o 115041 37.060000
o 115040 37.060000
o 115039 37.070000
o 115038 37.070000
o 115037 37.080000
o 115036 37.080000
o 115035 37.090000
o 115034 37.090000
o 115033 37.100000
o 115032 37.100000
o 115031 37.110000
o 115030 37.110000
o 115029 37.120000
o 115028 37.120000
o 115027 37.130000
o 115026 37.130000
o 115025 37.140000
o 115024 37.140000
o 115023 37.150000
o 115022 37.160000
o 115021 37.160000
o 115020 37.170000
o 115019 37.170000
o 115018 37.180000
o 115017 37.180000
o 115016 37.190000
o 115015 37.190000
o 115014 37.200000
o 115013 37.200000
o 115012 37.210000
o 115011 37.210000
o 115010 37.220000
o 115009 37.220000
o 115008 37.230000
o 115007 37.240000
o 115006 37.240000
o 115005 37.250000
o 115004 37.260000
o 115003 37.260000
o 115002 37.270000
o 115001 37.270000
o 115000 37.290000
o 114999 37.290000
o 114998 37.300000
o 114997 37.310000
o 114996 37.310000
o 114995 37.320000
o 114994 37.330000
o 114993 37.330000
o 114992 37.340000
o 114991 37.340000
o 114990 37.350000
o 114989 37.360000
o 114988 37.360000
o 114987 37.360000
o 114986 37.370000
o 114985 37.370000
o 114984 37.380000
o 114983 37.390000
o 114982 37.390000
o 114981 37.400000
o 114980 37.410000
o 114979 37.410000
o 114978 37.420000
o 114977 37.430000
o 114976 37.430000
o 114975 37.440000
o 114974 37.450000
o 114973 37.450000
o 114972 37.460000
o 114971 37.460000
o 114970 37.470000
o 114969 37.480000
o 114968 37.480000
o 114967 37.490000
o 114966 37.490000
o 114965 37.500000
o 114964 37.500000
o 114963 37.510000
o 114962 37.510000
o 114961 37.520000
o 114960 37.520000
o 114959 37.530000
o 114958 37.530000
o 114957 37.550000
o 114956 37.560000
o 114955 37.560000
o 114954 37.570000
o 114953 37.580000
o 114952 37.590000
o 114951 37.600000
o 114950 37.600000
o 114949 37.610000
o 114948 37.620000
o 114947 37.620000
o 114946 37.630000
o 114945 37.630000
o 114944 37.640000
o 114943 37.660000
o 114942 37.660000
o 114941 37.680000
o 114940 37.690000
o 114939 37.690000
o 114938 37.700000
o 114937 37.700000
o 114936 37.710000
o 114935 37.710000
o 114934 37.720000
o 114933 37.730000
o 114932 37.730000
o 114931 37.740000
o 114930 37.750000
o 114929 37.790000
o 114928 37.800000
o 114927 37.800000
o 114926 37.810000
o 114925 37.820000
o 114924 37.830000
o 114923 37.830000
o 114922 37.850000
o 114921 37.850000
o 114920 37.860000
o 114919 37.860000
o 114918 37.870000
o 114917 37.880000
o 114916 37.890000
o 114915 37.910000
o 114914 37.910000
o 114913 37.920000
o 114912 37.920000
o 114911 37.930000
o 114910 37.940000
o 114909 37.940000
o 114908 37.950000
o 114907 37.950000
o 114906 37.960000
o 114905 37.970000
o 114904 37.970000
o 114903 37.980000
o 114902 38.000000
o 114901 38.010000
o 114900 38.010000
o 114899 38.020000
o 114898 38.030000
o 114897 38.030000
o 114896 38.040000
o 114895 38.050000
o 114894 38.050000
o 114893 38.060000
o 114892 38.070000
o 114891 38.080000
o 114890 38.080000
o 114889 38.090000
o 114888 38.090000
o 114887 38.100000
o 114886 38.100000
o 114885 38.110000
o 114884 38.120000
o 114883 38.120000
o 114882 38.130000
o 114881 38.140000
o 114880 38.150000
o 114879 38.170000
o 114878 38.170000
o 114877 38.180000
o 114876 38.190000
o 114875 38.200000
o 114874 38.210000
o 114873 38.220000
o 114872 38.220000
o 114871 38.240000
o 114870 38.240000
o 114869 38.250000
o 114868 38.250000
o 114867 38.260000
o 114866 38.260000
o 114865 38.270000
o 114864 38.270000
o 114863 38.290000
o 114862 38.320000
o 114861 38.330000
o 114860 38.330000
o 114859 38.340000
o 114858 38.350000
o 114857 38.350000
o 114856 38.360000
o 114855 38.360000
o 114854 38.370000
o 114853 38.380000
o 114852 38.380000
o 114851 38.390000
o 114850 38.390000
o 114849 38.400000
o 114848 38.420000
o 114847 38.430000
o 114846 38.440000
o 114845 38.440000
o 114844 38.450000
o 114843 38.460000
o 114842 38.460000
o 114841 38.480000
o 114840 38.480000
o 114839 38.490000
o 114838 38.490000
o 114837 38.500000
o 114836 38.500000
o 114835 38.510000
o 114834 38.520000
o 114833 38.550000
o 114832 38.560000
o 114831 38.570000
o 114830 38.570000
o 114829 38.580000
o 114828 38.580000
o 114827 38.590000
o 114826 38.610000
o 114825 38.620000
o 114824 38.650000
o 114823 38.670000
o 114822 38.670000
o 114821 38.680000
o 114820 38.680000
o 114819 38.720000
o 114818 38.730000
o 114817 38.740000
o 114816 38.750000
o 114815 38.760000
o 114814 38.800000
o 114813 38.810000
o 114812 38.810000
o 114811 38.820000
o 114810 38.820000
o 114809 38.830000
o 114808 38.830000
o 114807 38.840000
o 114806 38.840000
o 114805 38.850000
o 114804 38.860000
o 114803 38.910000
o 114802 38.940000
o 114801 38.950000
o 114800 38.950000
o 114799 38.960000
o 114798 38.990000
o 114797 39.020000
o 114796 39.030000
o 114795 39.040000
o 114794 39.040000
o 114793 39.050000
o 114792 39.060000
o 114791 39.060000
o 114790 39.070000
o 114789 39.070000
o 114788 39.080000
o 114787 39.090000
o 114786 39.090000
o 114785 39.100000
o 114784 39.220000
o 114783 39.230000
o 114782 39.230000
o 114781 39.240000
o 114780 39.300000
o 114779 39.330000
o 114778 39.340000
o 114777 39.360000
o 114776 39.370000
o 114775 39.380000
o 114774 39.390000
o 114773 39.400000
o 114772 39.400000
o 114771 39.430000
o 114770 39.430000
o 114769 39.440000
o 114768 39.450000
o 114767 39.550000
o 114766 39.560000
o 114765 39.570000
o 114764 39.580000
o 114763 39.580000
o 114762 39.590000
o 114761 39.620000
o 114760 39.630000
o 114759 39.630000
o 114758 39.640000
o 114757 39.640000
o 114756 39.650000
o 114755 39.680000
o 114754 39.680000
o 114753 39.720000
o 114752 39.730000
o 114751 39.760000
o 114750 39.770000
o 114749 39.780000
o 114748 39.830000
o 114747 39.850000
o 114746 39.860000
o 114745 40.150000
o 114744 41.350000
o 114743 42.300000
o 114742 42.320000
o 114741 42.350000
o 114740 42.460000
o 114739 42.470000
o 114738 42.470000
o 114737 42.840000
o 114736 42.890000
o 114735 42.890000
o 114734 42.910000
o 114733 42.990000
o 114732 43.030000
o 114731 43.030000
o 114730 43.060000
o 114729 43.080000
o 114728 43.150000
o 114727 43.160000
o 114726 244.270000
o 114725 273.950000
o 114724 273.960000
o 114723 273.970000
o 114722 273.970000
o 114721 274.110000
o 114720 274.110000
o 114719 274.110000
114719	274.110000
abstraction-refinement-polysite-xalan
o 1530354 33.260000
o 115039 40.640000
o 115038 40.670000
o 115037 40.690000
o 115036 40.700000
o 115035 40.700000
o 115034 40.710000
o 115033 40.710000
o 115032 40.720000
o 115031 40.720000
o 115030 40.730000
o 115029 40.730000
o 115028 40.750000
o 115027 40.750000
o 115026 40.750000
o 115025 40.760000
o 115024 40.770000
o 115023 40.770000
o 115022 40.770000
o 115021 40.790000
o 115020 40.790000
o 115019 40.800000
o 115018 40.800000
o 115017 40.810000
o 115016 40.810000
o 115015 40.890000
o 115014 40.890000
o 115013 40.910000
o 115012 40.910000
o 115011 40.910000
o 115010 40.920000
o 115009 40.920000
o 115008 40.920000
o 115007 40.930000
o 115006 40.930000
o 115005 40.940000
o 115004 40.940000
o 115003 40.950000
o 115002 40.950000
o 115001 40.960000
o 115000 40.970000
o 114999 40.980000
o 114998 40.980000
o 114997 40.990000
o 114996 41.000000
o 114995 41.010000
o 114994 41.010000
o 114993 41.010000
o 114992 41.020000
o 114991 41.030000
o 114990 41.030000
o 114989 41.040000
o 114988 41.040000
o 114987 41.050000
o 114986 41.050000
o 114985 41.060000
o 114984 41.060000
o 114983 41.060000
o 114982 41.070000
o 114981 41.090000
o 114980 41.090000
o 114979 41.100000
o 114978 41.100000
o 114977 41.110000
o 114976 41.110000
o 114975 41.110000
o 114974 41.130000
o 114973 41.130000
o 114972 41.140000
o 114971 41.140000
o 114970 41.140000
o 114969 41.160000
o 114968 41.160000
o 114967 41.170000
o 114966 41.170000
o 114965 41.170000
o 114964 41.190000
o 114963 41.190000
o 114962 41.200000
o 114961 41.200000
o 114960 41.210000
o 114959 41.210000
o 114958 41.220000
o 114957 41.220000
o 114956 41.220000
o 114955 41.230000
o 114954 41.240000
o 114953 41.240000
o 114952 41.250000
o 114951 41.260000
o 114950 41.270000
o 114949 41.270000
o 114948 41.280000
o 114947 41.280000
o 114946 41.280000
o 114945 41.290000
o 114944 41.290000
o 114943 41.300000
o 114942 41.300000
o 114941 41.310000
o 114940 41.310000
o 114939 41.320000
o 114938 41.320000
o 114937 41.330000
o 114936 41.340000
o 114935 41.350000
o 114934 41.350000
o 114933 41.350000
o 114931 41.410000
o 114930 41.410000
o 114929 41.420000
o 114928 41.430000
o 114927 41.430000
o 114926 41.440000
o 114925 41.440000
o 114924 41.450000
o 114923 41.450000
o 114922 41.460000
o 114921 41.470000
o 114920 41.480000
o 114919 41.480000
o 114918 41.490000
o 114917 41.500000
o 114916 41.500000
o 114915 41.510000
o 114914 41.510000
o 114913 41.520000
o 114912 41.530000
o 114911 41.530000
o 114910 41.530000
o 114909 41.540000
o 114908 41.550000
o 114907 41.560000
o 114906 41.560000
o 114905 41.560000
o 114904 41.570000
o 114903 41.610000
o 114902 41.610000
o 114901 41.620000
o 114900 41.620000
o 114899 41.620000
o 114898 41.640000
o 114897 41.640000
o 114896 41.650000
o 114895 41.650000
o 114894 41.650000
o 114893 41.660000
o 114892 41.670000
o 114891 41.680000
o 114890 41.680000
o 114889 41.680000
o 114888 41.700000
o 114887 41.710000
o 114886 41.710000
o 114885 41.720000
o 114884 41.720000
o 114883 41.730000
o 114882 41.730000
o 114881 41.730000
o 114880 41.740000
o 114879 41.740000
o 114878 41.750000
o 114877 41.760000
o 114876 41.770000
o 114875 41.770000
o 114874 41.780000
o 114873 41.800000
o 114872 41.830000
o 114871 41.840000
o 114870 41.890000
o 114869 41.890000
o 114868 41.900000
o 114867 41.900000
o 114866 41.910000
o 114865 41.930000
o 114864 41.940000
o 114863 41.940000
o 114862 41.940000
o 114861 41.950000
o 114860 41.960000
o 114859 41.960000
o 114858 41.960000
o 114857 41.980000
o 114856 41.980000
o 114855 42.000000
o 114854 42.000000
o 114853 42.020000
o 114852 42.030000
o 114851 42.040000
o 114850 42.040000
o 114849 42.050000
o 114848 42.050000
o 114847 42.060000
o 114846 42.070000
o 114845 42.070000
o 114844 42.080000
o 114843 42.080000
o 114842 42.090000
o 114841 42.090000
o 114840 42.100000
o 114839 42.110000
o 114838 42.120000
o 114837 42.130000
o 114836 42.140000
o 114835 42.150000
o 114834 42.160000
o 114833 42.160000
o 114832 42.170000
o 114831 42.170000
o 114830 42.180000
o 114829 42.180000
o 114828 42.190000
o 114827 42.190000
o 114826 42.200000
o 114825 42.210000
o 114824 42.210000
o 114823 42.230000
o 114822 42.230000
o 114821 42.240000
o 114820 42.250000
o 114819 42.260000
o 114818 42.270000
o 114817 42.280000
o 114816 42.290000
o 114815 42.290000
o 114814 42.300000
o 114813 42.300000
o 114812 42.320000
o 114811 42.350000
o 114810 42.350000
o 114809 42.360000
o 114808 42.370000
o 114807 42.390000
o 114806 42.390000
o 114805 42.400000
o 114804 42.400000
o 114803 42.410000
o 114802 42.420000
o 114801 42.420000
o 114800 42.430000
o 114799 42.430000
o 114798 42.440000
o 114797 42.450000
o 114796 42.460000
o 114795 42.460000
o 114794 42.490000
o 114793 42.490000
o 114792 42.500000
o 114791 42.510000
o 114790 42.520000
o 114789 42.530000
o 114788 42.540000
o 114787 42.560000
o 114786 42.560000
o 114785 42.570000
o 114784 42.570000
o 114783 42.570000
o 114782 42.630000
o 114781 42.640000
o 114780 42.650000
o 114779 42.670000
o 114778 42.670000
o 114777 42.680000
o 114776 42.690000
o 114775 42.690000
o 114774 42.700000
o 114773 42.700000
o 114772 42.750000
o 114771 42.760000
o 114770 42.770000
o 114769 42.800000
o 114768 42.830000
o 114767 42.860000
o 114766 42.860000
o 114765 42.880000
o 114764 42.910000
o 114763 42.920000
o 114762 42.920000
o 114761 42.930000
o 114760 42.940000
o 114759 42.950000
o 114758 42.960000
o 114757 42.970000
o 114756 43.040000
o 114755 43.040000
o 114754 43.050000
o 114753 43.080000
o 114752 43.150000
o 114751 43.170000
o 114750 43.170000
o 114749 43.190000
o 114748 43.620000
o 114747 43.620000
o 114746 43.630000
o 114745 43.680000
o 114744 43.690000
o 114743 43.690000
o 114742 43.700000
o 114741 43.720000
o 114740 43.730000
o 114739 43.740000
o 114738 43.800000
o 114737 43.800000
o 114736 43.810000
o 114735 43.850000
o 114734 43.850000
o 114733 43.860000
o 114732 44.470000
o 114731 44.480000
o 114730 44.560000
o 114729 44.560000
o 114728 44.570000
o 114727 44.580000
o 114726 44.770000
o 114725 44.780000
o 114724 44.790000
o 114723 44.800000
o 114722 45.020000
o 114721 45.040000
o 114720 45.060000
o 114719 74.190000
o 114718 74.190000
o 114717 74.200000
o 114716 74.980000
o 114715 75.010000
o 114714 75.010000
o 114713 75.030000
o 114712 75.410000
o 114711 75.420000
o 114710 75.520000
o 114709 75.530000
114709	75.530000
abstraction-refinement-polysite-xalan
o 978045 36.730000
o 114950 44.330000
o 114949 44.340000
o 114948 44.350000
o 114947 44.390000
o 114946 44.390000
o 114945 44.400000
o 114944 44.410000
o 114943 44.410000
o 114942 44.420000
o 114941 44.420000
o 114940 44.430000
o 114939 44.440000
o 114938 44.440000
o 114937 44.450000
o 114936 44.450000
o 114935 44.460000
o 114934 44.460000
o 114933 44.470000
o 114932 44.480000
o 114931 44.490000
o 114930 44.500000
o 114929 44.510000
o 114928 44.510000
o 114927 44.520000
o 114926 44.530000
o 114925 44.530000
o 114924 44.540000
o 114923 44.550000
o 114922 44.550000
o 114921 44.570000
o 114920 44.580000
o 114919 44.580000
o 114918 44.590000
o 114917 44.600000
o 114916 44.600000
o 114915 44.610000
o 114914 44.610000
o 114913 44.620000
o 114912 44.620000
o 114911 44.630000
o 114910 44.640000
o 114909 44.640000
o 114908 44.650000
o 114907 44.650000
o 114906 44.660000
o 114905 44.660000
o 114904 44.670000
o 114903 44.670000
o 114902 44.680000
o 114901 44.690000
o 114900 44.690000
o 114899 44.700000
o 114898 44.700000
o 114897 44.710000
o 114896 44.710000
o 114895 44.720000
o 114894 44.720000
o 114893 44.730000
o 114892 44.730000
o 114891 44.740000
o 114890 44.750000
o 114889 44.750000
o 114888 44.760000
o 114887 44.760000
o 114886 44.770000
o 114885 44.770000
o 114884 44.780000
o 114883 44.780000
o 114882 44.790000
o 114881 44.800000
o 114880 44.800000
o 114879 44.810000
o 114878 44.810000
o 114877 44.820000
o 114876 44.830000
o 114875 44.830000
o 114874 44.840000
o 114873 44.850000
o 114872 44.870000
o 114871 44.880000
o 114870 44.910000
o 114869 44.920000
o 114868 44.920000
o 114867 44.930000
o 114866 44.940000
o 114865 44.950000
o 114864 44.980000
o 114863 45.000000
o 114862 45.010000
o 114861 45.020000
o 114860 45.020000
o 114859 45.030000
o 114858 45.030000
o 114857 45.040000
o 114856 45.050000
o 114855 45.050000
o 114854 45.060000
o 114853 45.070000
o 114852 45.080000
o 114851 45.080000
o 114850 45.090000
o 114849 45.100000
o 114848 45.110000
o 114847 45.110000
o 114846 45.120000
o 114845 45.130000
o 114844 45.130000
o 114843 45.140000
o 114842 45.160000
o 114841 45.160000
o 114840 45.170000
o 114839 45.170000
o 114838 45.180000
o 114837 45.190000
o 114836 45.190000
o 114835 45.200000
o 114834 45.200000
o 114833 45.210000
o 114832 45.210000
o 114831 45.220000
o 114830 45.220000
o 114829 45.230000
o 114828 45.230000
o 114827 45.240000
o 114826 45.240000
o 114825 45.260000
o 114824 45.290000
o 114823 45.290000
o 114822 45.300000
o 114821 45.310000
o 114820 45.310000
o 114819 45.320000
o 114818 45.330000
o 114817 45.340000
o 114816 45.340000
o 114815 45.350000
o 114814 45.370000
o 114813 45.370000
o 114812 45.380000
o 114811 45.390000
o 114810 45.390000
o 114809 45.400000
o 114808 45.410000
o 114807 45.420000
o 114806 45.420000
o 114805 45.430000
o 114804 45.440000
o 114803 45.440000
o 114802 45.450000
o 114801 45.470000
o 114800 45.480000
o 114799 45.480000
o 114798 45.490000
o 114797 45.500000
o 114796 45.510000
o 114795 45.510000
o 114794 45.540000
o 114793 45.550000
o 114792 45.560000
o 114791 45.560000
o 114790 45.570000
o 114789 45.570000
o 114788 45.580000
o 114787 45.590000
o 114786 45.620000
o 114785 45.630000
o 114784 45.640000
o 114783 45.650000
o 114782 45.650000
o 114781 45.660000
o 114780 45.660000
o 114779 45.680000
o 114778 45.690000
o 114777 45.690000
o 114776 45.700000
o 114775 45.710000
o 114774 45.720000
o 114773 45.810000
o 114772 45.810000
o 114771 45.820000
o 114770 45.820000
o 114769 45.830000
o 114768 45.840000
o 114767 45.840000
o 114766 45.870000
o 114765 45.880000
o 114764 45.880000
o 114763 45.930000
o 114762 45.940000
o 114761 45.950000
o 114760 45.960000
o 114759 45.960000
o 114758 46.110000
o 114757 46.140000
o 114756 46.150000
o 114755 46.150000
o 114754 46.160000
o 114753 46.170000
o 114752 46.180000
o 114751 46.220000
o 114750 46.230000
o 114749 46.240000
o 114748 46.250000
o 114747 46.360000
o 114746 46.390000
o 114745 46.480000
o 114744 46.490000
o 114743 46.500000
o 114742 46.510000
o 114741 46.510000
o 114740 46.550000
o 114739 46.570000
o 114738 46.580000
o 114737 46.610000
o 114736 46.620000
o 114735 46.650000
o 114734 46.680000
o 114733 46.680000
o 114732 46.680000
o 114731 46.720000
o 114730 46.730000
o 114729 46.740000
o 114728 46.760000
o 114727 46.790000
o 114726 46.790000
o 114725 47.050000
o 114724 47.070000
o 114723 47.090000
o 114722 47.160000
o 114721 47.280000
o 114720 47.290000
o 114719 47.320000
o 114718 47.320000
o 114717 47.330000
114717	47.330000
abstraction-refinement-polysite-xalan
o 1342107 37.000000
o 114981 43.400000
o 114980 43.410000
o 114979 43.420000
o 114978 43.420000
o 114977 43.430000
o 114976 43.430000
o 114975 43.440000
o 114974 43.450000
o 114973 43.450000
o 114972 43.460000
o 114971 43.460000
o 114970 43.470000
o 114969 43.480000
o 114968 43.480000
o 114967 43.490000
o 114966 43.490000
o 114965 43.500000
o 114964 43.510000
o 114963 43.510000
o 114962 43.520000
o 114961 43.530000
o 114960 43.530000
o 114959 43.540000
o 114958 43.540000
o 114957 43.550000
o 114956 43.570000
o 114955 43.570000
o 114954 43.580000
o 114953 43.590000
o 114952 43.590000
o 114951 43.600000
o 114950 43.600000
o 114949 43.610000
o 114948 43.620000
o 114947 43.630000
o 114946 43.630000
o 114945 43.640000
o 114944 43.640000
o 114943 43.650000
o 114942 43.660000
o 114941 43.660000
o 114940 43.670000
o 114939 43.670000
o 114938 43.680000
o 114937 43.690000
o 114936 43.690000
o 114935 43.700000
o 114934 43.710000
o 114933 43.710000
o 114932 43.720000
o 114931 43.730000
o 114930 43.730000
o 114929 43.740000
o 114928 43.740000
o 114927 43.750000
o 114926 43.750000
o 114925 43.760000
o 114924 43.770000
o 114923 43.770000
o 114922 43.780000
o 114921 43.790000
o 114920 43.800000
o 114919 43.800000
o 114918 43.810000
o 114917 43.830000
o 114916 43.830000
o 114915 43.850000
o 114914 43.850000
o 114913 43.860000
o 114912 43.870000
o 114911 43.880000
o 114910 43.890000
o 114909 43.910000
o 114908 43.920000
o 114907 43.930000
o 114906 43.960000
o 114905 43.970000
o 114904 43.990000
o 114903 44.000000
o 114902 44.000000
o 114901 44.010000
o 114900 44.020000
o 114899 44.020000
o 114898 44.030000
o 114897 44.110000
o 114896 44.110000
o 114895 44.120000
o 114894 44.130000
o 114893 44.130000
o 114892 44.140000
o 114891 44.140000
o 114890 44.150000
o 114889 44.160000
o 114888 44.180000
o 114887 44.190000
o 114886 44.190000
o 114885 44.200000
o 114884 44.210000
o 114883 44.210000
o 114882 44.220000
o 114881 44.230000
o 114880 44.230000
o 114879 44.240000
o 114878 44.250000
o 114877 44.250000
o 114876 44.260000
o 114875 44.270000
o 114874 44.280000
o 114873 44.280000
o 114872 44.290000
o 114871 44.290000
o 114870 44.300000
o 114869 44.300000
o 114868 44.310000
o 114867 44.320000
o 114866 44.320000
o 114865 44.330000
o 114864 44.330000
o 114863 44.340000
o 114862 44.350000
o 114861 44.360000
o 114860 44.370000
o 114859 44.370000
o 114858 44.380000
o 114857 44.400000
o 114856 44.410000
o 114855 44.430000
o 114854 44.440000
o 114853 44.440000
o 114852 44.450000
o 114851 44.460000
o 114850 44.460000
o 114849 44.470000
o 114848 44.480000
o 114847 44.480000
o 114846 44.490000
o 114845 44.490000
o 114844 44.500000
o 114843 44.510000
o 114842 44.520000
o 114841 44.520000
o 114840 44.540000
o 114839 44.550000
o 114838 44.550000
o 114837 44.560000
o 114836 44.570000
o 114835 44.580000
o 114834 44.580000
o 114833 44.610000
o 114832 44.620000
o 114831 44.620000
o 114830 44.630000
o 114829 44.630000
o 114828 44.650000
o 114827 44.660000
o 114826 44.660000
o 114825 44.670000
o 114824 44.680000
o 114823 44.700000
o 114822 44.700000
o 114821 44.710000
o 114820 44.730000
o 114819 44.740000
o 114818 44.750000
o 114817 44.760000
o 114816 44.790000
o 114815 44.790000
o 114814 44.800000
o 114813 44.810000
o 114812 44.820000
o 114811 44.850000
o 114810 44.860000
o 114809 44.860000
o 114808 44.870000
o 114807 44.870000
o 114806 44.880000
o 114805 44.890000
o 114804 44.900000
o 114803 44.900000
o 114802 44.910000
o 114801 44.920000
o 114800 44.920000
o 114799 44.930000
o 114798 44.940000
o 114797 44.940000
o 114796 44.950000
o 114795 44.970000
o 114794 45.030000
o 114793 45.040000
o 114792 45.050000
o 114791 45.050000
o 114790 45.070000
o 114789 45.080000
o 114788 45.090000
o 114787 45.090000
o 114786 45.100000
o 114785 45.140000
o 114784 45.150000
o 114783 45.160000
o 114782 45.170000
o 114781 45.190000
o 114780 45.200000
o 114779 45.220000
o 114778 45.250000
o 114777 45.260000
o 114776 45.270000
o 114775 45.280000
o 114774 45.290000
o 114773 45.300000
o 114772 45.310000
o 114771 45.320000
o 114770 45.330000
o 114769 45.350000
o 114768 45.400000
o 114767 45.590000
o 114766 45.600000
o 114765 45.600000
o 114764 45.620000
o 114763 45.620000
o 114762 45.650000
o 114761 45.660000
o 114760 45.670000
o 114759 45.690000
o 114758 45.700000
o 114757 45.710000
o 114756 45.720000
o 114755 45.750000
o 114754 45.770000
o 114753 45.790000
o 114752 45.800000
o 114751 45.810000
o 114750 45.830000
o 114749 45.840000
o 114748 45.850000
o 114747 45.860000
o 114746 45.870000
o 114745 45.880000
o 114744 45.890000
o 114743 45.940000
o 114742 45.950000
o 114741 45.960000
o 114740 45.970000
o 114739 46.000000
o 114738 46.010000
o 114737 46.050000
o 114736 46.050000
o 114735 46.060000
o 114734 46.070000
o 114733 46.100000
o 114732 46.110000
o 114731 46.210000
o 114730 46.220000
o 114729 46.230000
o 114728 46.240000
o 114727 46.260000
o 114726 46.260000
o 114725 46.320000
o 114724 46.350000
o 114723 46.350000
o 114722 46.480000
o 114721 46.490000
o 114720 47.040000
o 114719 47.070000
o 114718 47.080000
o 114717 47.100000
o 114716 47.150000
o 114715 47.170000
o 114714 47.170000
o 114713 199.050000
o 114712 199.100000
o 114711 199.170000
114711	199.170000
abstraction-refinement-polysite-xalan
o 519851 35.220000
o 114960 71.170000
o 114959 71.180000
o 114958 71.190000
o 114957 71.200000
o 114956 71.200000
o 114955 71.210000
o 114954 71.220000
o 114953 71.220000
o 114952 71.230000
o 114951 71.240000
o 114950 71.250000
o 114949 71.250000
o 114948 71.260000
o 114947 71.270000
o 114946 71.270000
o 114945 71.280000
o 114944 71.280000
o 114943 71.290000
o 114942 71.300000
o 114941 71.300000
o 114940 71.310000
o 114939 71.320000
o 114938 71.320000
o 114937 71.330000
o 114936 71.330000
o 114935 71.340000
o 114934 71.350000
o 114933 71.350000
o 114932 71.360000
o 114931 71.370000
o 114930 71.370000
o 114929 71.380000
o 114928 71.390000
o 114927 71.390000
o 114926 71.400000
o 114925 71.400000
o 114924 71.410000
o 114923 71.420000
o 114922 71.420000
o 114921 71.430000
o 114920 71.440000
o 114919 71.450000
o 114918 71.460000
o 114917 71.460000
o 114916 71.470000
o 114915 71.480000
o 114914 71.480000
o 114913 71.490000
o 114912 71.490000
o 114911 71.500000
o 114910 71.510000
o 114909 71.510000
o 114908 71.520000
o 114907 71.520000
o 114906 71.530000
o 114905 71.540000
o 114904 71.540000
o 114903 71.550000
o 114902 71.560000
o 114901 71.570000
o 114900 71.580000
o 114899 71.590000
o 114898 71.600000
o 114897 71.610000
o 114896 71.620000
o 114895 71.630000
o 114894 71.630000
o 114893 71.650000
o 114892 71.670000
o 114891 71.670000
o 114890 71.680000
o 114889 71.690000
o 114888 71.690000
o 114887 71.700000
o 114886 71.710000
o 114885 71.710000
o 114884 71.730000
o 114883 71.740000
o 114882 71.750000
o 114881 71.750000
o 114880 71.760000
o 114879 71.770000
o 114878 71.780000
o 114877 71.780000
o 114876 71.790000
o 114875 71.800000
o 114874 71.810000
o 114873 71.820000
o 114872 71.830000
o 114871 71.830000
o 114870 71.840000
o 114869 71.850000
o 114868 71.860000
o 114867 71.870000
o 114866 71.880000
o 114865 71.880000
o 114864 71.890000
o 114863 71.900000
o 114862 71.910000
o 114861 71.920000
o 114860 71.930000
o 114859 71.930000
o 114858 71.940000
o 114857 71.950000
o 114856 71.980000
o 114855 71.990000
o 114854 72.010000
o 114853 72.030000
o 114852 72.030000
o 114851 72.040000
o 114850 72.060000
o 114849 72.070000
o 114848 72.080000
o 114847 72.100000
o 114846 72.110000
o 114845 72.120000
o 114844 72.130000
o 114843 72.140000
o 114842 72.140000
o 114841 72.150000
o 114840 72.160000
o 114839 72.160000
o 114838 72.170000
o 114837 72.180000
o 114836 72.180000
o 114835 72.190000
o 114834 72.200000
o 114833 72.210000
o 114832 72.220000
o 114831 72.230000
o 114830 72.240000
o 114829 72.250000
o 114828 72.250000
o 114827 72.260000
o 114826 72.270000
o 114825 72.280000
o 114824 72.280000
o 114823 72.300000
o 114822 72.310000
o 114821 72.310000
o 114820 72.320000
o 114819 72.320000
o 114818 72.330000
o 114817 72.350000
o 114816 72.350000
o 114815 72.360000
o 114814 72.400000
o 114813 72.420000
o 114812 72.430000
o 114811 72.440000
o 114810 72.450000
o 114809 72.460000
o 114808 72.460000
o 114807 72.470000
o 114806 72.480000
o 114805 72.490000
o 114804 72.490000
o 114803 72.500000
o 114802 72.510000
o 114801 72.510000
o 114800 72.520000
o 114799 72.530000
o 114798 72.550000
o 114797 72.560000
o 114796 72.570000
o 114795 72.580000
o 114794 72.590000
o 114793 72.610000
o 114792 72.610000
o 114791 72.620000
o 114790 72.630000
o 114789 72.640000
o 114788 72.640000
o 114787 72.650000
o 114786 72.660000
o 114785 72.670000
o 114784 72.680000
o 114783 72.690000
o 114782 72.700000
o 114781 72.720000
o 114780 72.730000
o 114779 72.750000
o 114778 72.760000
o 114777 72.770000
o 114776 72.770000
o 114775 72.780000
o 114774 72.790000
o 114773 72.800000
o 114772 72.840000
o 114771 72.850000
o 114770 72.860000
o 114769 72.870000
o 114768 72.870000
o 114767 72.880000
o 114766 72.890000
o 114765 72.890000
o 114764 72.970000
o 114763 72.970000
o 114762 72.980000
o 114761 73.000000
o 114760 73.010000
o 114759 73.020000
o 114758 73.040000
o 114757 73.050000
o 114756 73.060000
o 114755 73.070000
o 114754 73.110000
o 114753 73.120000
o 114752 73.140000
o 114751 73.150000
o 114750 73.150000
o 114749 73.160000
o 114748 73.190000
o 114747 73.190000
o 114746 73.200000
o 114745 73.210000
o 114744 73.230000
o 114743 73.240000
o 114742 73.270000
o 114741 73.280000
o 114740 73.290000
o 114739 73.290000
o 114738 73.310000
o 114737 73.330000
o 114736 73.340000
o 114735 73.370000
o 114734 73.380000
o 114733 73.390000
o 114732 73.400000
o 114731 73.420000
o 114730 73.480000
o 114729 73.490000
o 114728 73.510000
o 114727 74.260000
o 114726 74.290000
o 114725 74.350000
o 114724 74.360000
o 114723 74.370000
o 114722 76.830000
o 114721 76.840000
o 114720 76.850000
o 114719 76.930000
o 114718 77.090000
o 114717 77.110000
o 114716 77.160000
o 114715 77.230000
o 114714 77.240000
o 114713 78.920000
o 114712 78.930000
o 114711 78.950000
o 114710 78.950000
o 114709 78.970000
o 114708 80.620000
o 114707 81.850000
o 114706 81.870000
o 114705 82.790000
114705	82.790000
abstraction-refinement-polysite-xalan
o 568929 30.190000
o 115017 78.660000
o 115016 78.680000
o 115015 78.690000
o 115014 78.700000
o 115013 78.700000
o 115012 78.710000
o 115011 78.710000
o 115010 78.720000
o 115009 78.720000
o 115008 78.730000
o 115007 78.730000
o 115006 78.740000
o 115005 78.740000
o 115004 78.750000
o 115003 78.750000
o 115002 78.760000
o 115001 78.760000
o 115000 78.770000
o 114999 78.770000
o 114998 78.780000
o 114997 78.780000
o 114996 78.790000
o 114995 78.790000
o 114994 78.800000
o 114993 78.800000
o 114992 78.810000
o 114991 78.810000
o 114990 78.820000
o 114989 78.820000
o 114988 78.830000
o 114987 78.830000
o 114986 78.840000
o 114985 78.840000
o 114984 78.850000
o 114983 78.850000
o 114982 78.860000
o 114981 78.860000
o 114980 78.870000
o 114979 78.870000
o 114978 78.880000
o 114977 78.890000
o 114976 78.900000
o 114975 78.900000
o 114974 78.910000
o 114973 78.910000
o 114972 78.920000
o 114971 78.920000
o 114970 78.930000
o 114969 78.930000
o 114968 78.940000
o 114967 78.940000
o 114966 78.950000
o 114965 78.960000
o 114964 78.970000
o 114963 78.970000
o 114962 78.980000
o 114961 78.980000
o 114960 78.990000
o 114959 78.990000
o 114958 79.000000
o 114957 79.000000
o 114956 79.010000
o 114955 79.020000
o 114954 79.030000
o 114953 79.030000
o 114952 79.040000
o 114951 79.050000
o 114950 79.050000
o 114949 79.090000
o 114948 79.090000
o 114947 79.100000
o 114946 79.110000
o 114945 79.120000
o 114944 79.130000
o 114943 79.130000
o 114942 79.140000
o 114941 79.140000
o 114940 79.150000
o 114939 79.160000
o 114938 79.160000
o 114937 79.170000
o 114936 79.180000
o 114935 79.180000
o 114934 79.190000
o 114933 79.190000
o 114932 79.200000
o 114931 79.210000
o 114930 79.210000
o 114929 79.220000
o 114928 79.220000
o 114927 79.230000
o 114926 79.240000
o 114925 79.250000
o 114924 79.250000
o 114923 79.260000
o 114922 79.260000
o 114921 79.270000
o 114920 79.280000
o 114919 79.280000
o 114918 79.290000
o 114917 79.300000
o 114916 79.310000
o 114915 79.310000
o 114914 79.320000
o 114913 79.320000
o 114912 79.330000
o 114911 79.330000
o 114910 79.340000
o 114909 79.350000
o 114908 79.360000
o 114907 79.370000
o 114906 79.380000
o 114905 79.380000
o 114904 79.390000
o 114903 79.400000
o 114902 79.410000
o 114901 79.450000
o 114900 79.460000
o 114899 79.470000
o 114898 79.480000
o 114897 79.480000
o 114896 79.490000
o 114895 79.500000
o 114894 79.510000
o 114893 79.530000
o 114892 79.530000
o 114891 79.540000
o 114890 79.540000
o 114889 79.550000
o 114888 79.560000
o 114887 79.570000
o 114886 79.570000
o 114885 79.580000
o 114884 79.590000
o 114883 79.600000
o 114882 79.630000
o 114881 79.630000
o 114880 79.640000
o 114879 79.650000
o 114878 79.650000
o 114877 79.660000
o 114876 79.690000
o 114875 79.690000
o 114874 79.700000
o 114873 79.700000
o 114872 79.720000
o 114871 79.730000
o 114870 79.730000
o 114869 79.740000
o 114868 79.750000
o 114867 79.760000
o 114866 79.770000
o 114865 79.770000
o 114864 79.780000
o 114863 79.790000
o 114862 79.790000
o 114861 79.830000
o 114860 79.850000
o 114859 79.850000
o 114858 79.860000
o 114857 79.870000
o 114856 79.870000
o 114855 79.880000
o 114854 79.890000
o 114853 79.900000
o 114852 79.900000
o 114851 79.910000
o 114850 79.910000
o 114849 79.920000
o 114848 79.920000
o 114847 79.930000
o 114846 79.940000
o 114845 79.940000
o 114844 79.970000
o 114843 79.990000
o 114842 79.990000
o 114841 80.010000
o 114840 80.010000
o 114839 80.020000
o 114838 80.030000
o 114837 80.040000
o 114836 80.040000
o 114835 80.050000
o 114834 80.090000
o 114833 80.100000
o 114832 80.110000
o 114831 80.120000
o 114830 80.120000
o 114829 80.130000
o 114828 80.140000
o 114827 80.150000
o 114826 80.150000
o 114825 80.160000
o 114824 80.170000
o 114823 80.180000
o 114822 80.210000
o 114821 80.230000
o 114820 80.250000
o 114819 80.280000
o 114818 80.280000
o 114817 80.290000
o 114816 80.300000
o 114815 80.300000
o 114814 80.310000
o 114813 80.320000
o 114812 80.320000
o 114811 80.410000
o 114810 80.430000
o 114809 80.450000
o 114808 80.450000
o 114807 80.470000
o 114806 80.480000
o 114805 80.490000
o 114804 80.500000
o 114803 82.400000
o 114802 82.410000
o 114801 82.410000
o 114800 82.430000
o 114799 82.440000
o 114798 82.440000
o 114797 82.470000
o 114796 82.480000
o 114795 82.490000
o 114794 82.500000
o 114793 82.510000
o 114792 82.520000
o 114791 82.540000
o 114790 82.550000
o 114789 82.550000
o 114788 82.560000
o 114787 82.590000
o 114786 82.600000
o 114785 82.610000
o 114784 82.720000
o 114783 82.730000
o 114782 82.730000
o 114781 83.030000
o 114780 83.050000
o 114779 83.050000
o 114778 83.080000
o 114777 83.090000
o 114776 83.100000
o 114775 83.140000
o 114774 83.160000
o 114773 83.160000
o 114772 83.170000
o 114771 83.180000
o 114770 83.190000
o 114769 83.190000
o 114768 83.210000
o 114767 83.220000
o 114766 83.230000
o 114765 83.240000
o 114764 83.240000
o 114763 83.250000
o 114762 83.270000
o 114761 83.270000
o 114760 83.300000
o 114759 83.360000
o 114758 83.370000
o 114757 83.400000
o 114756 83.430000
o 114755 83.430000
o 114754 83.440000
o 114753 83.450000
o 114752 83.460000
o 114751 83.490000
o 114750 83.520000
o 114749 83.530000
o 114748 83.690000
o 114747 83.700000
o 114746 83.710000
o 114745 83.710000
o 114744 83.740000
o 114743 83.770000
o 114742 83.790000
o 114741 83.790000
o 114740 84.390000
o 114739 84.490000
o 114738 84.500000
o 114737 84.510000
o 114736 84.510000
o 114735 84.540000
o 114734 84.810000
o 114733 84.840000
o 114732 84.840000
o 114731 85.010000
o 114730 85.070000
o 114729 85.080000
o 114728 85.090000
o 114727 85.250000
o 114726 119.640000
o 114725 119.650000
o 114724 119.670000
o 114723 119.710000
o 114722 119.710000
o 114721 119.720000
o 114720 119.730000
o 114719 119.780000
o 114718 119.820000
o 114717 119.830000
o 114716 119.830000
o 114715 119.840000
o 114714 119.850000
o 114713 119.860000
o 114712 119.880000
o 114711 225.260000
o 114710 225.260000
o 114709 225.280000
o 114708 225.320000
114708	225.320000
