decision-tree-tic-tac-toe-un-formula_0.8_2021_atleast_15_max-3_reduced_incomplete_adaboost_3
o 596 0.080000
o 443 0.300000
o 438 1.240000
o 415 4.060000
o 413 80.560000
413	80.560000
decision-tree-tic-tac-toe-un-formula_0.8_2021_atleast_15_max-3_reduced_incomplete_adaboost_3
o 939 0.090000
o 937 0.090000
o 934 0.090000
o 931 0.090000
o 928 0.090000
o 925 0.090000
o 922 0.090000
o 919 0.090000
o 916 0.090000
o 913 0.090000
o 910 0.090000
o 907 0.090000
o 904 0.090000
o 901 0.090000
o 898 0.090000
o 896 0.090000
o 893 0.090000
o 890 0.090000
o 887 0.090000
o 884 0.090000
o 881 0.090000
o 878 0.090000
o 876 0.090000
o 873 0.090000
o 870 0.090000
o 867 0.090000
o 864 0.090000
o 861 0.090000
o 858 0.090000
o 855 0.090000
o 852 0.090000
o 850 0.090000
o 848 0.090000
o 845 0.090000
o 843 0.090000
o 841 0.090000
o 838 0.090000
o 835 0.090000
o 833 0.090000
o 831 0.090000
o 828 0.090000
o 825 0.090000
o 823 0.090000
o 821 0.090000
o 818 0.090000
o 816 0.090000
o 814 0.090000
o 812 0.090000
o 809 0.090000
o 443 0.250000
o 436 6.140000
o 429 6.150000
o 418 21.430000
o 417 38.080000
o 403 158.800000
o 397 180.310000
397	180.310000
decision-tree-tic-tac-toe-un-formula_0.8_2021_atleast_15_max-3_reduced_incomplete_adaboost_3
o 950 0.110000
o 947 0.110000
o 944 0.110000
o 942 0.110000
o 939 0.110000
o 936 0.110000
o 933 0.110000
o 930 0.110000
o 927 0.110000
o 924 0.110000
o 921 0.110000
o 918 0.110000
o 915 0.110000
o 912 0.110000
o 910 0.110000
o 907 0.110000
o 904 0.110000
o 901 0.110000
o 898 0.110000
o 895 0.110000
o 892 0.110000
o 889 0.110000
o 609 0.390000
o 509 0.470000
o 462 0.570000
o 443 0.600000
o 429 1.530000
o 416 5.400000
o 413 9.280000
o 412 9.290000
o 404 24.320000
o 401 62.500000
o 384 154.930000
384	154.930000
decision-tree-tic-tac-toe-un-formula_0.8_2021_atleast_15_max-3_reduced_incomplete_adaboost_3
o 678 0.090000
o 675 0.090000
o 559 0.290000
o 462 0.300000
o 443 0.490000
o 442 11.960000
o 411 11.980000
o 384 103.080000
o 381 202.280000
381	202.280000
decision-tree-tic-tac-toe-un-formula_0.8_2021_atleast_15_max-3_reduced_incomplete_adaboost_3
o 778 0.080000
o 776 0.080000
o 774 0.080000
o 771 0.080000
o 503 0.270000
o 489 0.340000
o 462 0.930000
o 445 1.850000
o 437 3.070000
o 436 7.960000
o 419 10.540000
o 418 58.980000
o 407 157.960000
407	157.960000
decision-tree-tic-tac-toe-un-formula_0.8_2021_atleast_15_max-3_reduced_incomplete_adaboost_3
o 582 0.100000
o 580 0.110000
o 489 0.380000
o 462 0.390000
o 443 0.420000
o 425 1.300000
o 424 4.070000
o 419 11.200000
o 418 13.980000
o 406 19.430000
406	19.430000
decision-tree-tic-tac-toe-un-formula_0.8_2021_atleast_15_max-3_reduced_incomplete_adaboost_3
o 797 0.100000
o 794 0.110000
o 791 0.110000
o 788 0.110000
o 785 0.110000
o 783 0.110000
o 462 0.260000
o 446 1.240000
o 443 2.050000
o 406 12.250000
o 405 33.580000
405	33.580000
decision-tree-tic-tac-toe-un-formula_0.8_2021_atleast_15_max-3_reduced_incomplete_adaboost_3
o 685 0.090000
o 682 0.090000
o 679 0.090000
o 676 0.090000
o 489 0.270000
o 462 0.470000
o 443 2.350000
o 431 6.810000
o 418 9.550000
o 417 9.810000
o 404 10.400000
o 403 82.710000
o 398 85.040000
o 384 145.290000
o 383 253.900000
383	253.900000
decision-tree-tic-tac-toe-un-formula_0.8_2021_atleast_15_max-3_reduced_incomplete_adaboost_3
o 766 0.080000
o 763 0.090000
o 760 0.090000
o 757 0.090000
o 754 0.090000
o 751 0.090000
o 748 0.090000
o 745 0.090000
o 742 0.090000
o 739 0.090000
o 736 0.090000
o 462 0.220000
o 443 0.290000
o 438 3.840000
o 430 5.150000
o 426 28.340000
o 420 50.370000
o 418 70.140000
o 397 94.490000
397	94.490000
decision-tree-tic-tac-toe-un-formula_0.8_2021_atleast_15_max-3_reduced_incomplete_adaboost_3
o 580 0.110000
o 462 0.230000
o 443 0.840000
o 430 5.960000
o 410 17.460000
o 396 122.390000
396	122.390000
