hs-timetabling-BrazilInstance1.xml
o 290 1.140000
o 281 1.140000
o 272 1.140000
o 263 1.140000
o 254 1.140000
o 245 1.140000
o 236 1.140000
o 190 2.610000
o 184 2.620000
o 183 2.620000
o 180 2.800000
o 179 2.800000
o 169 5.770000
o 168 5.770000
o 164 5.860000
o 163 5.860000
o 146 7.130000
o 142 38.710000
o 121 60.980000
121	60.980000
hs-timetabling-BrazilInstance1.xml
o 274 1.870000
o 265 1.870000
o 256 1.870000
o 247 1.870000
o 238 1.870000
o 181 3.830000
o 177 3.910000
o 176 3.910000
o 163 12.290000
o 146 12.300000
o 136 26.530000
o 130 68.720000
o 123 164.140000
123	164.140000
hs-timetabling-BrazilInstance1.xml
o 288 0.090000
o 279 0.090000
o 270 0.090000
o 261 0.090000
o 252 0.090000
o 216 0.970000
o 201 0.980000
o 200 0.980000
o 178 1.630000
o 155 1.650000
o 150 4.610000
o 145 5.420000
o 137 39.740000
o 130 255.480000
130	255.480000
hs-timetabling-BrazilInstance1.xml
o 301 0.580000
o 292 0.580000
o 283 0.580000
o 274 0.580000
o 265 0.580000
o 256 0.580000
o 196 3.760000
o 177 14.090000
o 163 16.800000
o 156 16.990000
o 155 16.990000
o 152 17.000000
o 147 17.040000
o 145 38.510000
o 132 83.010000
132	83.010000
hs-timetabling-BrazilInstance1.xml
o 292 2.210000
o 283 2.210000
o 274 2.210000
o 265 2.210000
o 256 2.210000
o 247 2.210000
o 238 2.210000
o 229 2.210000
o 220 2.210000
o 199 4.520000
o 198 4.520000
o 192 4.680000
o 186 4.710000
o 177 4.720000
o 150 6.010000
o 145 25.570000
o 142 97.140000
o 139 132.540000
o 138 137.690000
o 137 137.690000
o 131 258.960000
131	258.960000
hs-timetabling-BrazilInstance1.xml
o 304 0.790000
o 295 0.790000
o 286 0.790000
o 277 0.790000
o 181 3.750000
o 180 4.150000
o 179 4.150000
o 153 4.180000
o 138 6.130000
o 134 109.150000
o 133 109.150000
o 121 109.160000
121	109.160000
hs-timetabling-BrazilInstance1.xml
o 281 0.830000
o 272 0.840000
o 263 0.840000
o 254 0.840000
o 245 0.840000
o 236 0.840000
o 227 0.840000
o 191 2.150000
o 186 2.620000
o 185 2.620000
o 155 3.530000
o 146 21.690000
o 145 21.690000
o 120 21.690000
120	21.690000
hs-timetabling-BrazilInstance1.xml
o 295 0.360000
o 286 0.360000
o 277 0.360000
o 268 0.360000
o 259 0.360000
o 250 0.360000
o 172 2.870000
o 166 2.870000
o 164 2.900000
o 163 2.900000
o 161 5.420000
o 146 18.220000
o 145 45.820000
o 139 45.840000
o 132 212.420000
o 122 261.640000
o 121 261.640000
121	261.640000
hs-timetabling-BrazilInstance1.xml
o 281 7.230000
o 272 7.230000
o 263 7.230000
o 254 7.230000
o 245 7.230000
o 236 7.230000
o 227 7.230000
o 218 7.230000
o 198 9.230000
o 176 11.900000
o 161 12.050000
o 156 21.100000
o 152 50.540000
o 138 52.740000
o 137 52.740000
o 134 134.450000
134	134.450000
hs-timetabling-BrazilInstance1.xml
o 317 3.380000
o 181 4.630000
o 178 5.640000
o 169 14.840000
o 155 14.910000
o 153 82.470000
o 144 82.470000
144	82.470000
