judgment-aggregation-ja-kemeny-preflib-00049-00000454
o 933 0.210000
o 930 0.230000
o 929 0.230000
o 928 0.230000
o 927 0.230000
o 926 0.230000
o 925 0.230000
o 924 0.230000
o 923 0.230000
o 921 0.230000
o 920 0.230000
o 919 0.230000
o 917 0.230000
o 914 0.230000
o 911 0.230000
o 908 0.230000
o 907 0.230000
o 906 0.230000
o 905 0.230000
o 904 0.230000
o 903 0.230000
o 901 0.240000
o 900 0.240000
o 899 0.240000
o 898 0.240000
o 890 0.240000
o 888 0.240000
o 887 0.240000
o 886 0.240000
o 885 0.240000
o 884 0.240000
o 882 0.240000
o 881 0.240000
o 878 0.240000
o 877 0.240000
o 876 0.240000
o 875 0.240000
o 874 0.240000
o 873 0.240000
o 872 0.240000
o 871 0.240000
o 870 0.240000
o 869 0.240000
o 868 0.240000
o 867 0.240000
o 866 0.240000
o 865 0.240000
o 864 0.240000
o 858 0.240000
o 857 0.240000
o 856 0.240000
o 855 0.240000
o 854 0.240000
o 853 0.240000
o 852 0.240000
o 851 0.240000
o 850 0.240000
o 849 0.240000
o 848 0.240000
o 846 0.240000
o 845 0.240000
o 842 0.240000
o 840 0.240000
o 838 0.240000
o 837 0.240000
o 834 0.240000
o 833 0.240000
o 832 0.240000
o 831 0.240000
o 830 0.240000
o 829 0.250000
o 828 0.250000
o 825 0.250000
o 824 0.250000
o 821 0.250000
o 820 0.250000
o 818 0.250000
o 817 0.250000
o 816 0.250000
o 815 0.250000
o 814 0.250000
o 813 0.250000
o 812 0.250000
o 811 0.250000
o 810 0.250000
o 807 0.250000
o 806 0.250000
o 802 0.250000
o 801 0.250000
o 798 0.250000
o 797 0.250000
o 796 0.250000
o 795 0.250000
o 793 0.260000
o 788 0.260000
o 784 0.260000
o 783 0.260000
o 782 0.260000
o 781 0.260000
o 780 0.260000
o 777 0.260000
o 776 0.260000
o 774 0.260000
o 773 0.260000
o 772 0.260000
o 769 0.260000
o 768 0.260000
o 767 0.260000
o 766 0.270000
o 765 0.270000
o 764 0.270000
o 761 0.270000
o 760 0.270000
o 759 0.270000
o 758 0.280000
o 757 0.280000
o 755 0.280000
o 752 0.280000
o 751 0.290000
o 750 0.290000
o 749 0.290000
o 748 0.290000
o 747 0.300000
o 745 0.300000
o 743 0.310000
o 742 0.320000
o 741 0.320000
o 740 0.320000
o 739 0.320000
o 738 0.320000
o 737 0.320000
o 734 0.320000
o 733 0.330000
o 732 0.330000
o 731 0.330000
o 730 0.330000
o 729 0.340000
o 728 0.340000
o 727 0.340000
o 726 0.340000
o 725 0.340000
o 724 0.350000
o 723 0.350000
o 720 0.350000
o 719 0.350000
o 718 0.370000
o 716 0.370000
o 715 0.370000
o 714 0.370000
o 711 0.370000
o 708 0.370000
o 705 0.370000
o 703 0.370000
o 702 0.370000
o 700 0.380000
o 699 0.380000
o 698 0.380000
o 695 0.380000
o 693 0.380000
o 692 0.380000
o 691 0.380000
o 690 0.410000
o 689 0.460000
o 688 0.480000
o 687 0.700000
o 686 0.710000
o 685 0.710000
o 684 0.930000
o 683 0.930000
o 682 0.930000
o 681 1.000000
o 680 1.010000
o 679 1.150000
o 678 1.160000
o 677 1.170000
o 676 1.510000
o 675 2.860000
o 674 6.180000
o 673 6.780000
o 672 20.590000
o 671 22.100000
o 669 34.140000
o 668 53.460000
o 667 86.960000
o 666 89.870000
o 665 90.190000
o 663 144.430000
o 662 144.430000
o 660 144.430000
o 659 144.490000
o 658 148.790000
o 657 149.410000
o 656 164.120000
o 655 164.310000
o 654 166.520000
o 653 183.540000
o 652 189.060000
o 651 189.060000
o 650 189.060000
o 649 189.060000
o 648 189.060000
o 647 299.860000
o 646 299.860000
646	299.860000
judgment-aggregation-ja-kemeny-preflib-00049-00000454
o 929 0.220000
o 925 0.230000
o 924 0.230000
o 921 0.230000
o 914 0.230000
o 913 0.230000
o 910 0.230000
o 907 0.230000
o 904 0.230000
o 903 0.230000
o 902 0.230000
o 901 0.230000
o 900 0.230000
o 899 0.230000
o 898 0.230000
o 897 0.230000
o 896 0.230000
o 895 0.230000
o 892 0.230000
o 891 0.230000
o 890 0.230000
o 886 0.230000
o 885 0.230000
o 884 0.230000
o 881 0.230000
o 880 0.230000
o 879 0.230000
o 878 0.230000
o 877 0.230000
o 876 0.230000
o 873 0.230000
o 870 0.230000
o 865 0.230000
o 862 0.230000
o 861 0.230000
o 859 0.230000
o 858 0.230000
o 855 0.230000
o 854 0.230000
o 853 0.230000
o 852 0.230000
o 851 0.230000
o 848 0.230000
o 845 0.230000
o 844 0.230000
o 843 0.230000
o 842 0.230000
o 839 0.230000
o 838 0.230000
o 837 0.230000
o 835 0.230000
o 834 0.230000
o 833 0.230000
o 829 0.230000
o 828 0.230000
o 827 0.230000
o 826 0.230000
o 823 0.230000
o 822 0.230000
o 820 0.230000
o 819 0.230000
o 818 0.230000
o 817 0.230000
o 816 0.230000
o 815 0.230000
o 814 0.230000
o 813 0.230000
o 812 0.230000
o 811 0.230000
o 808 0.230000
o 804 0.230000
o 803 0.230000
o 802 0.230000
o 801 0.230000
o 799 0.230000
o 796 0.230000
o 795 0.230000
o 794 0.230000
o 793 0.230000
o 792 0.230000
o 791 0.230000
o 789 0.230000
o 788 0.230000
o 787 0.240000
o 786 0.240000
o 785 0.240000
o 784 0.240000
o 783 0.240000
o 779 0.240000
o 776 0.240000
o 775 0.240000
o 774 0.240000
o 771 0.240000
o 770 0.240000
o 769 0.240000
o 768 0.240000
o 767 0.240000
o 766 0.240000
o 762 0.240000
o 761 0.240000
o 760 0.240000
o 759 0.240000
o 757 0.240000
o 756 0.240000
o 755 0.240000
o 754 0.240000
o 753 0.240000
o 752 0.240000
o 751 0.250000
o 750 0.250000
o 749 0.250000
o 748 0.250000
o 745 0.250000
o 744 0.250000
o 743 0.250000
o 742 0.250000
o 741 0.250000
o 740 0.250000
o 739 0.250000
o 738 0.250000
o 737 0.250000
o 736 0.250000
o 734 0.250000
o 733 0.250000
o 732 0.250000
o 731 0.250000
o 730 0.250000
o 727 0.250000
o 726 0.250000
o 725 0.250000
o 724 0.250000
o 723 0.250000
o 721 0.250000
o 720 0.260000
o 719 0.260000
o 718 0.260000
o 717 0.260000
o 716 0.260000
o 715 0.260000
o 712 0.260000
o 711 0.260000
o 710 0.260000
o 709 0.260000
o 707 0.260000
o 706 0.260000
o 705 0.260000
o 703 0.260000
o 702 0.260000
o 700 0.260000
o 699 0.260000
o 698 0.260000
o 697 0.260000
o 696 0.260000
o 695 0.260000
o 694 0.260000
o 693 0.270000
o 692 0.270000
o 691 0.270000
o 690 0.270000
o 689 0.270000
o 688 0.270000
o 687 0.270000
o 686 0.270000
o 685 0.280000
o 684 0.280000
o 683 0.290000
o 682 0.290000
o 681 0.300000
o 680 0.300000
o 679 0.300000
o 678 0.310000
o 677 0.970000
o 676 0.970000
o 675 0.980000
o 674 1.320000
o 673 1.470000
o 672 1.520000
o 671 1.520000
o 668 1.520000
o 667 1.520000
o 666 1.540000
o 665 1.930000
o 664 63.630000
o 663 63.630000
o 662 68.590000
o 661 68.590000
o 660 79.120000
o 659 200.530000
o 658 202.480000
o 655 202.480000
o 652 202.480000
o 650 202.580000
650	202.580000
judgment-aggregation-ja-kemeny-preflib-00049-00000454
o 986 0.180000
o 982 0.180000
o 979 0.180000
o 973 0.180000
o 972 0.180000
o 971 0.180000
o 970 0.180000
o 959 0.180000
o 958 0.180000
o 957 0.180000
o 956 0.180000
o 953 0.180000
o 952 0.180000
o 934 0.180000
o 931 0.180000
o 930 0.180000
o 927 0.180000
o 926 0.180000
o 925 0.180000
o 924 0.180000
o 923 0.180000
o 922 0.180000
o 917 0.200000
o 914 0.200000
o 911 0.200000
o 910 0.200000
o 909 0.200000
o 908 0.200000
o 907 0.200000
o 906 0.200000
o 903 0.200000
o 902 0.200000
o 900 0.200000
o 897 0.200000
o 894 0.200000
o 893 0.200000
o 890 0.200000
o 887 0.200000
o 886 0.200000
o 885 0.200000
o 884 0.200000
o 883 0.200000
o 882 0.200000
o 879 0.200000
o 878 0.200000
o 875 0.200000
o 872 0.200000
o 871 0.200000
o 870 0.200000
o 869 0.200000
o 868 0.200000
o 865 0.200000
o 864 0.200000
o 861 0.200000
o 858 0.200000
o 857 0.200000
o 855 0.200000
o 854 0.200000
o 853 0.200000
o 852 0.200000
o 851 0.200000
o 850 0.200000
o 849 0.200000
o 846 0.200000
o 843 0.200000
o 842 0.200000
o 841 0.200000
o 840 0.200000
o 839 0.200000
o 838 0.200000
o 837 0.200000
o 836 0.200000
o 834 0.200000
o 833 0.200000
o 832 0.200000
o 831 0.200000
o 830 0.200000
o 827 0.200000
o 825 0.200000
o 822 0.200000
o 821 0.200000
o 819 0.200000
o 818 0.200000
o 817 0.200000
o 816 0.200000
o 815 0.200000
o 814 0.200000
o 813 0.200000
o 812 0.200000
o 811 0.200000
o 810 0.200000
o 809 0.200000
o 808 0.200000
o 807 0.200000
o 806 0.200000
o 803 0.200000
o 802 0.200000
o 800 0.200000
o 799 0.200000
o 798 0.200000
o 797 0.200000
o 796 0.200000
o 794 0.200000
o 793 0.200000
o 792 0.200000
o 791 0.200000
o 789 0.210000
o 788 0.210000
o 787 0.210000
o 786 0.210000
o 785 0.210000
o 783 0.210000
o 782 0.210000
o 781 0.210000
o 776 0.220000
o 773 0.220000
o 772 0.220000
o 771 0.220000
o 766 0.220000
o 765 0.220000
o 764 0.220000
o 761 0.220000
o 760 0.220000
o 759 0.220000
o 758 0.220000
o 757 0.220000
o 756 0.220000
o 753 0.220000
o 752 0.220000
o 751 0.220000
o 750 0.220000
o 749 0.220000
o 748 0.220000
o 747 0.220000
o 746 0.230000
o 744 0.230000
o 743 0.230000
o 742 0.230000
o 741 0.230000
o 740 0.230000
o 738 0.230000
o 737 0.230000
o 736 0.230000
o 735 0.230000
o 734 0.230000
o 733 0.230000
o 732 0.230000
o 731 0.230000
o 730 0.230000
o 729 0.230000
o 728 0.230000
o 726 0.240000
o 725 0.240000
o 724 0.240000
o 723 0.240000
o 722 0.240000
o 720 0.240000
o 716 0.240000
o 713 0.240000
o 712 0.250000
o 711 0.250000
o 710 0.250000
o 709 0.250000
o 708 0.250000
o 707 0.250000
o 706 0.250000
o 705 0.250000
o 703 0.250000
o 702 0.250000
o 699 0.250000
o 698 0.250000
o 697 0.250000
o 696 0.250000
o 695 0.250000
o 694 0.260000
o 693 0.260000
o 690 0.260000
o 689 0.260000
o 688 0.260000
o 682 0.260000
o 681 0.260000
o 680 0.260000
o 679 0.260000
o 678 0.260000
o 677 0.260000
o 676 0.270000
o 675 0.270000
o 674 0.270000
o 673 0.270000
o 672 0.270000
o 671 0.270000
o 670 0.270000
o 669 0.270000
o 668 0.270000
o 667 0.270000
o 666 0.280000
o 665 0.280000
o 664 0.290000
o 663 0.330000
o 662 87.100000
o 661 89.600000
o 660 124.400000
o 659 148.440000
659	148.440000
judgment-aggregation-ja-kemeny-preflib-00049-00000454
o 939 0.190000
o 935 0.190000
o 928 0.190000
o 925 0.190000
o 921 0.190000
o 920 0.190000
o 919 0.190000
o 918 0.190000
o 917 0.190000
o 914 0.190000
o 911 0.190000
o 908 0.190000
o 905 0.190000
o 904 0.190000
o 903 0.190000
o 902 0.190000
o 897 0.190000
o 892 0.190000
o 891 0.190000
o 890 0.190000
o 888 0.200000
o 885 0.200000
o 884 0.200000
o 883 0.200000
o 882 0.200000
o 879 0.200000
o 878 0.200000
o 875 0.200000
o 872 0.200000
o 870 0.200000
o 868 0.200000
o 867 0.200000
o 866 0.200000
o 865 0.200000
o 862 0.200000
o 861 0.200000
o 860 0.200000
o 858 0.200000
o 857 0.200000
o 856 0.200000
o 854 0.200000
o 853 0.200000
o 852 0.200000
o 849 0.200000
o 846 0.200000
o 845 0.200000
o 842 0.200000
o 841 0.200000
o 840 0.200000
o 839 0.200000
o 838 0.200000
o 835 0.200000
o 834 0.200000
o 833 0.200000
o 832 0.200000
o 831 0.200000
o 828 0.200000
o 827 0.200000
o 825 0.200000
o 824 0.200000
o 822 0.200000
o 819 0.200000
o 816 0.200000
o 815 0.200000
o 812 0.200000
o 809 0.200000
o 806 0.200000
o 804 0.200000
o 803 0.200000
o 800 0.200000
o 798 0.200000
o 794 0.200000
o 793 0.200000
o 791 0.200000
o 790 0.200000
o 789 0.200000
o 786 0.200000
o 785 0.200000
o 784 0.200000
o 783 0.200000
o 782 0.200000
o 781 0.200000
o 780 0.200000
o 779 0.200000
o 778 0.200000
o 777 0.200000
o 774 0.200000
o 771 0.200000
o 770 0.200000
o 768 0.200000
o 767 0.200000
o 766 0.200000
o 765 0.200000
o 762 0.200000
o 761 0.200000
o 758 0.200000
o 757 0.200000
o 755 0.200000
o 754 0.200000
o 753 0.210000
o 752 0.210000
o 751 0.210000
o 749 0.210000
o 748 0.210000
o 747 0.210000
o 746 0.210000
o 745 0.210000
o 742 0.210000
o 741 0.210000
o 740 0.210000
o 739 0.210000
o 738 0.210000
o 737 0.210000
o 736 0.210000
o 735 0.210000
o 734 0.220000
o 731 0.230000
o 730 0.230000
o 728 0.230000
o 727 0.230000
o 726 0.230000
o 723 0.230000
o 722 0.230000
o 719 0.230000
o 718 0.240000
o 717 0.240000
o 716 0.240000
o 715 0.240000
o 713 0.250000
o 712 0.250000
o 711 0.250000
o 710 0.250000
o 708 0.250000
o 707 0.260000
o 706 0.260000
o 703 0.260000
o 702 0.260000
o 701 0.260000
o 700 0.260000
o 699 0.260000
o 698 0.260000
o 697 0.260000
o 696 0.260000
o 695 0.270000
o 694 0.270000
o 691 0.280000
o 690 0.280000
o 689 0.280000
o 687 0.280000
o 686 0.280000
o 683 0.290000
o 682 0.290000
o 681 0.290000
o 679 0.290000
o 678 0.290000
o 677 0.320000
o 676 0.320000
o 675 0.360000
o 674 0.400000
o 673 0.440000
o 672 0.450000
o 671 0.460000
o 670 0.470000
o 669 0.490000
o 668 0.500000
o 667 1.020000
o 666 1.310000
o 664 1.650000
o 663 1.650000
o 662 1.650000
o 659 1.650000
o 658 1.650000
o 657 1.650000
o 656 1.690000
o 655 1.690000
o 654 1.690000
o 652 1.690000
o 651 1.700000
o 650 1.700000
o 649 1.700000
o 648 5.290000
o 647 5.850000
o 646 61.620000
646	61.620000
judgment-aggregation-ja-kemeny-preflib-00049-00000454
o 1018 1.060000
o 1014 1.130000
o 1013 1.140000
o 1012 1.140000
o 1009 1.140000
o 1008 1.140000
o 998 1.140000
o 997 1.140000
o 996 1.140000
o 994 1.140000
o 993 1.140000
o 990 1.140000
o 989 1.140000
o 988 1.140000
o 987 1.140000
o 986 1.140000
o 983 1.140000
o 981 1.140000
o 980 1.140000
o 979 1.140000
o 978 1.140000
o 973 1.150000
o 972 1.150000
o 971 1.150000
o 967 1.150000
o 966 1.150000
o 965 1.150000
o 964 1.150000
o 962 1.160000
o 961 1.160000
o 958 1.160000
o 957 1.160000
o 954 1.160000
o 953 1.160000
o 952 1.160000
o 951 1.160000
o 948 1.160000
o 947 1.160000
o 946 1.160000
o 945 1.160000
o 944 1.160000
o 941 1.160000
o 940 1.160000
o 939 1.160000
o 935 1.160000
o 932 1.170000
o 931 1.170000
o 930 1.170000
o 926 1.170000
o 923 1.170000
o 922 1.170000
o 919 1.170000
o 918 1.170000
o 916 1.170000
o 913 1.170000
o 910 1.170000
o 909 1.170000
o 908 1.170000
o 907 1.170000
o 906 1.170000
o 905 1.170000
o 904 1.180000
o 901 1.180000
o 900 1.180000
o 899 1.190000
o 898 1.190000
o 897 1.190000
o 896 1.190000
o 895 1.190000
o 894 1.200000
o 893 1.200000
o 892 1.200000
o 889 1.200000
o 888 1.200000
o 886 1.200000
o 879 1.200000
o 878 1.200000
o 877 1.200000
o 876 1.200000
o 874 1.210000
o 872 1.210000
o 871 1.210000
o 870 1.210000
o 869 1.210000
o 868 1.210000
o 865 1.220000
o 864 1.220000
o 863 1.220000
o 862 1.220000
o 861 1.220000
o 860 1.220000
o 858 1.220000
o 857 1.220000
o 852 1.230000
o 851 1.230000
o 850 1.230000
o 847 1.230000
o 846 1.230000
o 845 1.230000
o 840 1.230000
o 839 1.230000
o 837 1.230000
o 836 1.240000
o 835 1.240000
o 832 1.240000
o 829 1.240000
o 828 1.240000
o 827 1.240000
o 824 1.240000
o 823 1.240000
o 817 1.240000
o 813 1.240000
o 812 1.250000
o 811 1.270000
o 810 1.270000
o 809 1.270000
o 808 1.270000
o 806 1.280000
o 803 1.280000
o 800 1.280000
o 799 1.280000
o 798 1.280000
o 797 1.280000
o 796 1.280000
o 795 1.290000
o 793 1.290000
o 792 1.300000
o 791 1.310000
o 788 1.310000
o 787 1.310000
o 786 1.310000
o 785 1.310000
o 784 1.310000
o 783 1.310000
o 782 1.320000
o 780 1.320000
o 779 1.320000
o 776 1.320000
o 775 1.320000
o 774 1.320000
o 773 1.330000
o 772 1.330000
o 770 1.370000
o 769 1.370000
o 768 1.370000
o 767 1.370000
o 766 1.370000
o 765 1.370000
o 764 1.370000
o 763 1.380000
o 761 1.380000
o 758 1.380000
o 757 1.390000
o 756 1.420000
o 755 1.420000
o 754 1.480000
o 753 1.480000
o 752 1.480000
o 751 1.480000
o 748 1.480000
o 747 1.490000
o 746 1.490000
o 745 1.490000
o 744 1.520000
o 743 1.540000
o 742 1.550000
o 740 1.550000
o 737 1.550000
o 736 1.560000
o 735 1.560000
o 734 1.560000
o 732 1.570000
o 731 1.610000
o 730 1.620000
o 728 1.650000
o 727 1.660000
o 726 1.660000
o 725 1.670000
o 724 1.680000
o 720 1.790000
o 717 1.790000
o 716 1.790000
o 713 1.790000
o 709 1.800000
o 707 1.800000
o 706 1.860000
o 705 1.860000
o 702 1.860000
o 701 1.860000
o 698 1.860000
o 696 1.860000
o 695 1.860000
o 694 1.930000
o 693 1.960000
o 692 2.350000
o 691 3.280000
o 690 3.770000
o 689 4.210000
o 687 5.530000
o 686 5.530000
o 685 5.540000
o 684 6.580000
o 683 137.970000
o 682 137.970000
o 681 138.000000
o 680 138.010000
o 679 138.010000
o 678 138.010000
o 677 138.030000
o 675 138.810000
o 674 138.810000
o 673 138.810000
o 672 138.820000
o 671 144.490000
o 670 144.490000
o 669 144.490000
o 668 144.490000
o 667 144.490000
o 666 144.490000
o 665 144.490000
o 664 144.490000
o 663 144.490000
o 660 144.490000
o 659 144.490000
o 658 144.490000
o 657 144.490000
o 656 144.490000
o 655 144.490000
o 654 144.490000
o 653 144.590000
o 652 144.690000
o 651 146.420000
o 650 166.150000
650	166.150000
judgment-aggregation-ja-kemeny-preflib-00049-00000454
o 842 0.190000
o 841 0.190000
o 840 0.190000
o 839 0.190000
o 838 0.190000
o 837 0.190000
o 835 0.200000
o 834 0.200000
o 833 0.200000
o 832 0.200000
o 830 0.200000
o 829 0.200000
o 828 0.200000
o 826 0.200000
o 825 0.200000
o 824 0.200000
o 821 0.200000
o 820 0.200000
o 817 0.200000
o 816 0.200000
o 814 0.200000
o 812 0.200000
o 811 0.200000
o 810 0.200000
o 807 0.200000
o 806 0.200000
o 805 0.200000
o 802 0.200000
o 801 0.200000
o 799 0.200000
o 798 0.200000
o 797 0.200000
o 794 0.200000
o 790 0.200000
o 789 0.200000
o 788 0.200000
o 787 0.200000
o 786 0.200000
o 785 0.200000
o 784 0.200000
o 782 0.200000
o 781 0.200000
o 779 0.200000
o 778 0.200000
o 777 0.200000
o 776 0.200000
o 773 0.200000
o 770 0.200000
o 769 0.200000
o 768 0.200000
o 767 0.200000
o 764 0.200000
o 763 0.200000
o 759 0.200000
o 758 0.200000
o 754 0.200000
o 753 0.200000
o 752 0.200000
o 751 0.200000
o 750 0.200000
o 748 0.200000
o 747 0.200000
o 746 0.200000
o 744 0.210000
o 743 0.210000
o 742 0.210000
o 741 0.210000
o 740 0.210000
o 739 0.210000
o 738 0.210000
o 737 0.210000
o 735 0.210000
o 732 0.210000
o 731 0.210000
o 730 0.210000
o 729 0.210000
o 728 0.210000
o 727 0.210000
o 726 0.210000
o 725 0.210000
o 724 0.210000
o 723 0.210000
o 722 0.210000
o 721 0.210000
o 720 0.210000
o 715 0.210000
o 714 0.210000
o 713 0.210000
o 712 0.220000
o 711 0.220000
o 710 0.220000
o 709 0.220000
o 708 0.220000
o 707 0.220000
o 706 0.220000
o 705 0.220000
o 704 0.220000
o 703 0.220000
o 702 0.230000
o 701 0.230000
o 699 0.230000
o 698 0.230000
o 697 0.230000
o 696 0.230000
o 695 0.230000
o 694 0.230000
o 693 0.230000
o 692 0.230000
o 691 0.240000
o 690 0.240000
o 689 0.240000
o 688 0.240000
o 687 0.250000
o 686 0.270000
o 685 0.270000
o 684 0.270000
o 683 0.270000
o 681 0.280000
o 680 0.280000
o 679 0.290000
o 677 0.290000
o 676 0.340000
o 675 0.350000
o 674 0.520000
o 672 0.520000
o 671 0.520000
o 670 1.170000
o 669 1.170000
o 668 1.170000
o 667 1.170000
o 666 1.170000
o 665 1.170000
o 664 1.240000
o 663 1.240000
o 662 1.240000
o 660 1.240000
o 659 1.270000
o 658 1.500000
o 657 2.010000
o 656 2.260000
o 655 2.960000
o 654 2.960000
o 653 8.400000
o 652 11.970000
o 651 11.970000
o 650 11.970000
o 649 30.890000
649	30.890000
judgment-aggregation-ja-kemeny-preflib-00049-00000454
o 1184 0.200000
o 1175 0.210000
o 1174 0.210000
o 1171 0.210000
o 1169 0.210000
o 1168 0.210000
o 1166 0.210000
o 1165 0.210000
o 1164 0.210000
o 1163 0.210000
o 1162 0.210000
o 1159 0.210000
o 1158 0.210000
o 1157 0.210000
o 1154 0.210000
o 1153 0.210000
o 1152 0.210000
o 1151 0.210000
o 1150 0.210000
o 1148 0.210000
o 1147 0.210000
o 1146 0.210000
o 1145 0.210000
o 1138 0.210000
o 1137 0.210000
o 1134 0.210000
o 1131 0.210000
o 1129 0.210000
o 1126 0.210000
o 1124 0.210000
o 1117 0.210000
o 1115 0.210000
o 1112 0.210000
o 1107 0.210000
o 1104 0.210000
o 1103 0.210000
o 1100 0.210000
o 1097 0.210000
o 1096 0.210000
o 1091 0.210000
o 1089 0.210000
o 1088 0.210000
o 1086 0.210000
o 1083 0.210000
o 1082 0.210000
o 1079 0.210000
o 1078 0.210000
o 1077 0.210000
o 1076 0.210000
o 1074 0.210000
o 1071 0.210000
o 1070 0.210000
o 1069 0.210000
o 1068 0.210000
o 1065 0.210000
o 1064 0.210000
o 1062 0.210000
o 1059 0.210000
o 1058 0.210000
o 1057 0.210000
o 1056 0.210000
o 1055 0.210000
o 1054 0.210000
o 1053 0.210000
o 1052 0.210000
o 1049 0.210000
o 1046 0.210000
o 1045 0.210000
o 1044 0.210000
o 1043 0.210000
o 1042 0.210000
o 1041 0.210000
o 1039 0.210000
o 1036 0.210000
o 1035 0.210000
o 1034 0.210000
o 1031 0.210000
o 1030 0.210000
o 1029 0.210000
o 1028 0.210000
o 1025 0.210000
o 1024 0.210000
o 1022 0.210000
o 1021 0.210000
o 1020 0.210000
o 1019 0.210000
o 1017 0.210000
o 1013 0.210000
o 1012 0.210000
o 1010 0.210000
o 1009 0.210000
o 1006 0.210000
o 1001 0.210000
o 1000 0.210000
o 999 0.210000
o 995 0.210000
o 992 0.210000
o 991 0.210000
o 988 0.210000
o 983 0.220000
o 982 0.220000
o 981 0.220000
o 975 0.220000
o 972 0.220000
o 969 0.220000
o 968 0.220000
o 967 0.220000
o 966 0.220000
o 964 0.220000
o 963 0.220000
o 960 0.220000
o 959 0.220000
o 958 0.220000
o 955 0.220000
o 954 0.220000
o 953 0.220000
o 952 0.220000
o 951 0.220000
o 950 0.220000
o 949 0.220000
o 947 0.220000
o 946 0.220000
o 943 0.220000
o 940 0.220000
o 937 0.220000
o 936 0.220000
o 935 0.220000
o 932 0.220000
o 931 0.220000
o 930 0.220000
o 929 0.220000
o 927 0.220000
o 926 0.220000
o 925 0.220000
o 924 0.220000
o 921 0.220000
o 920 0.220000
o 919 0.220000
o 918 0.220000
o 916 0.220000
o 915 0.220000
o 914 0.220000
o 913 0.220000
o 912 0.220000
o 911 0.220000
o 910 0.220000
o 908 0.220000
o 907 0.220000
o 906 0.220000
o 905 0.220000
o 903 0.220000
o 902 0.220000
o 901 0.220000
o 900 0.220000
o 899 0.220000
o 898 0.220000
o 897 0.220000
o 894 0.220000
o 888 0.220000
o 887 0.230000
o 885 0.230000
o 880 0.230000
o 879 0.230000
o 876 0.230000
o 875 0.230000
o 874 0.230000
o 873 0.230000
o 872 0.230000
o 871 0.230000
o 868 0.230000
o 864 0.230000
o 863 0.230000
o 860 0.230000
o 859 0.230000
o 858 0.230000
o 857 0.230000
o 856 0.230000
o 853 0.230000
o 850 0.230000
o 849 0.230000
o 846 0.230000
o 843 0.230000
o 842 0.230000
o 840 0.230000
o 839 0.230000
o 838 0.230000
o 837 0.230000
o 836 0.230000
o 834 0.230000
o 833 0.230000
o 830 0.230000
o 828 0.230000
o 825 0.230000
o 824 0.230000
o 823 0.230000
o 822 0.230000
o 821 0.240000
o 820 0.240000
o 819 0.240000
o 818 0.240000
o 817 0.250000
o 816 0.250000
o 815 0.250000
o 814 0.250000
o 813 0.250000
o 812 0.250000
o 811 0.250000
o 810 0.250000
o 809 0.250000
o 808 0.250000
o 805 0.250000
o 804 0.260000
o 803 0.260000
o 802 0.260000
o 799 0.260000
o 798 0.260000
o 797 0.260000
o 796 0.260000
o 795 0.260000
o 794 0.260000
o 793 0.260000
o 791 0.260000
o 790 0.260000
o 784 0.260000
o 783 0.260000
o 782 0.260000
o 781 0.260000
o 778 0.270000
o 777 0.270000
o 776 0.280000
o 775 0.280000
o 774 0.280000
o 773 0.290000
o 771 0.290000
o 770 0.290000
o 769 0.290000
o 765 0.290000
o 764 0.290000
o 763 0.290000
o 762 0.290000
o 761 0.290000
o 759 0.290000
o 756 0.290000
o 755 0.300000
o 752 0.300000
o 751 0.300000
o 750 0.300000
o 749 0.300000
o 748 0.300000
o 747 0.300000
o 746 0.300000
o 745 0.310000
o 741 0.320000
o 740 0.320000
o 739 0.320000
o 738 0.330000
o 737 0.330000
o 736 0.350000
o 735 0.350000
o 734 0.350000
o 733 0.350000
o 732 0.350000
o 731 0.350000
o 730 0.430000
o 727 0.430000
o 726 0.430000
o 721 0.430000
o 718 0.430000
o 717 0.430000
o 716 0.440000
o 715 0.470000
o 714 0.470000
o 712 0.540000
o 711 0.640000
o 709 0.780000
o 708 0.780000
o 705 0.800000
o 704 0.800000
o 703 0.810000
o 702 0.820000
o 699 0.820000
o 698 0.820000
o 697 0.840000
o 696 1.030000
o 693 1.030000
o 692 1.030000
o 689 1.040000
o 688 1.110000
o 687 1.640000
o 686 2.460000
o 683 2.460000
o 680 2.460000
o 679 2.510000
o 678 2.720000
o 677 3.990000
o 676 5.100000
o 675 5.100000
o 674 5.100000
o 673 5.540000
o 672 5.590000
o 671 5.640000
o 670 6.510000
o 669 6.650000
o 667 7.940000
o 666 13.830000
o 665 13.830000
o 664 15.460000
o 663 15.490000
o 662 27.290000
o 661 40.790000
o 660 157.140000
o 659 157.150000
o 658 157.160000
o 657 157.210000
o 656 157.210000
o 654 157.210000
o 653 157.250000
o 651 157.250000
o 650 157.250000
o 649 159.360000
o 648 220.780000
648	220.780000
judgment-aggregation-ja-kemeny-preflib-00049-00000454
o 1025 0.250000
o 1014 0.270000
o 1013 0.270000
o 1012 0.270000
o 1011 0.270000
o 1010 0.270000
o 1007 0.270000
o 1004 0.270000
o 1001 0.270000
o 1000 0.270000
o 997 0.270000
o 996 0.270000
o 995 0.270000
o 992 0.270000
o 989 0.270000
o 983 0.270000
o 980 0.270000
o 974 0.270000
o 973 0.270000
o 972 0.270000
o 971 0.270000
o 968 0.270000
o 967 0.270000
o 966 0.270000
o 963 0.270000
o 962 0.270000
o 959 0.270000
o 958 0.270000
o 957 0.270000
o 956 0.270000
o 955 0.270000
o 954 0.270000
o 951 0.270000
o 948 0.270000
o 947 0.270000
o 946 0.270000
o 943 0.280000
o 942 0.280000
o 936 0.280000
o 935 0.280000
o 934 0.280000
o 933 0.280000
o 931 0.280000
o 930 0.280000
o 929 0.280000
o 928 0.280000
o 925 0.280000
o 924 0.280000
o 923 0.280000
o 922 0.280000
o 920 0.280000
o 919 0.280000
o 918 0.280000
o 917 0.280000
o 915 0.280000
o 912 0.280000
o 907 0.280000
o 906 0.280000
o 903 0.280000
o 900 0.280000
o 899 0.280000
o 898 0.280000
o 897 0.280000
o 895 0.280000
o 894 0.280000
o 893 0.280000
o 891 0.280000
o 888 0.280000
o 886 0.280000
o 885 0.280000
o 884 0.280000
o 883 0.280000
o 882 0.280000
o 879 0.280000
o 878 0.280000
o 877 0.280000
o 874 0.280000
o 870 0.280000
o 869 0.280000
o 868 0.280000
o 867 0.280000
o 865 0.280000
o 863 0.280000
o 860 0.280000
o 859 0.280000
o 858 0.280000
o 857 0.280000
o 856 0.280000
o 855 0.280000
o 854 0.280000
o 853 0.280000
o 852 0.280000
o 850 0.280000
o 849 0.280000
o 848 0.280000
o 846 0.280000
o 845 0.280000
o 844 0.280000
o 843 0.280000
o 842 0.290000
o 839 0.290000
o 838 0.290000
o 837 0.290000
o 834 0.290000
o 833 0.290000
o 832 0.290000
o 831 0.290000
o 830 0.290000
o 829 0.290000
o 826 0.290000
o 823 0.290000
o 822 0.290000
o 820 0.290000
o 818 0.290000
o 817 0.290000
o 816 0.290000
o 814 0.300000
o 813 0.300000
o 812 0.300000
o 811 0.300000
o 810 0.300000
o 809 0.300000
o 808 0.300000
o 807 0.300000
o 806 0.300000
o 805 0.300000
o 804 0.300000
o 803 0.300000
o 802 0.310000
o 801 0.310000
o 800 0.310000
o 799 0.310000
o 796 0.310000
o 795 0.320000
o 794 0.320000
o 793 0.320000
o 792 0.320000
o 791 0.330000
o 790 0.340000
o 787 0.340000
o 786 0.340000
o 785 0.340000
o 784 0.350000
o 783 0.350000
o 782 0.350000
o 781 0.420000
o 778 0.420000
o 777 0.420000
o 776 0.430000
o 774 0.430000
o 773 0.440000
o 772 0.440000
o 771 0.440000
o 769 0.440000
o 768 0.520000
o 767 0.520000
o 766 0.520000
o 764 0.520000
o 763 0.530000
o 762 0.530000
o 761 0.580000
o 756 0.610000
o 755 0.690000
o 754 0.700000
o 753 0.710000
o 750 0.710000
o 749 0.710000
o 748 0.710000
o 746 0.720000
o 745 0.720000
o 744 0.730000
o 743 0.740000
o 742 0.760000
o 740 0.770000
o 739 0.930000
o 738 0.930000
o 736 0.930000
o 729 0.930000
o 728 0.930000
o 727 0.930000
o 726 0.930000
o 725 0.940000
o 724 0.940000
o 723 0.940000
o 722 0.970000
o 721 1.430000
o 720 3.340000
o 719 4.230000
o 718 4.230000
o 717 4.260000
o 716 6.210000
o 714 6.310000
o 713 6.330000
o 712 6.450000
o 711 6.470000
o 710 6.600000
o 708 6.840000
o 705 6.840000
o 704 6.840000
o 703 6.850000
o 702 6.860000
o 701 7.040000
o 700 8.850000
o 699 9.090000
o 698 21.820000
o 697 124.460000
o 696 124.460000
o 695 124.530000
o 692 124.530000
o 691 124.530000
o 689 124.600000
o 688 124.600000
o 686 124.600000
o 685 124.670000
o 684 124.690000
o 683 124.690000
o 682 124.690000
o 681 124.690000
o 679 124.690000
o 678 124.690000
o 677 124.740000
o 675 124.740000
o 674 124.770000
o 673 125.160000
o 672 126.790000
o 671 126.800000
o 670 126.810000
o 669 217.200000
o 668 217.420000
o 667 217.870000
667	217.870000
judgment-aggregation-ja-kemeny-preflib-00049-00000454
o 933 0.180000
o 932 0.190000
o 931 0.190000
o 930 0.190000
o 929 0.190000
o 928 0.190000
o 927 0.190000
o 926 0.190000
o 925 0.190000
o 924 0.190000
o 923 0.190000
o 922 0.190000
o 920 0.190000
o 919 0.190000
o 916 0.190000
o 915 0.190000
o 914 0.190000
o 913 0.190000
o 912 0.190000
o 911 0.190000
o 910 0.190000
o 909 0.190000
o 908 0.190000
o 907 0.190000
o 906 0.190000
o 905 0.190000
o 904 0.190000
o 903 0.190000
o 901 0.190000
o 900 0.190000
o 899 0.190000
o 898 0.190000
o 897 0.190000
o 896 0.190000
o 892 0.190000
o 888 0.190000
o 887 0.190000
o 886 0.190000
o 882 0.190000
o 881 0.190000
o 880 0.190000
o 879 0.190000
o 876 0.190000
o 875 0.190000
o 874 0.190000
o 872 0.190000
o 871 0.190000
o 870 0.190000
o 869 0.190000
o 868 0.190000
o 865 0.190000
o 864 0.190000
o 863 0.190000
o 862 0.190000
o 860 0.190000
o 858 0.190000
o 855 0.190000
o 852 0.190000
o 851 0.190000
o 850 0.190000
o 849 0.190000
o 848 0.190000
o 847 0.190000
o 846 0.190000
o 843 0.190000
o 842 0.190000
o 839 0.190000
o 838 0.190000
o 836 0.190000
o 835 0.190000
o 832 0.190000
o 829 0.190000
o 828 0.190000
o 824 0.190000
o 823 0.190000
o 821 0.190000
o 820 0.190000
o 817 0.190000
o 816 0.190000
o 814 0.190000
o 813 0.190000
o 809 0.200000
o 806 0.200000
o 805 0.200000
o 803 0.200000
o 802 0.200000
o 801 0.200000
o 800 0.200000
o 799 0.200000
o 798 0.200000
o 797 0.200000
o 796 0.200000
o 795 0.200000
o 794 0.200000
o 793 0.200000
o 792 0.200000
o 791 0.200000
o 790 0.200000
o 789 0.200000
o 788 0.200000
o 786 0.200000
o 785 0.200000
o 784 0.200000
o 783 0.200000
o 782 0.210000
o 781 0.210000
o 780 0.210000
o 779 0.210000
o 778 0.210000
o 777 0.210000
o 775 0.210000
o 774 0.210000
o 772 0.210000
o 771 0.210000
o 770 0.210000
o 769 0.210000
o 768 0.210000
o 765 0.210000
o 763 0.210000
o 757 0.210000
o 752 0.210000
o 749 0.210000
o 748 0.210000
o 747 0.210000
o 746 0.210000
o 745 0.210000
o 744 0.210000
o 742 0.210000
o 741 0.210000
o 740 0.210000
o 738 0.220000
o 737 0.220000
o 736 0.220000
o 734 0.220000
o 731 0.220000
o 724 0.220000
o 723 0.220000
o 722 0.220000
o 721 0.220000
o 718 0.220000
o 717 0.220000
o 716 0.220000
o 714 0.220000
o 713 0.220000
o 712 0.220000
o 711 0.230000
o 710 0.230000
o 708 0.230000
o 707 0.260000
o 706 0.260000
o 705 0.260000
o 703 0.270000
o 702 0.270000
o 701 0.270000
o 700 0.280000
o 699 0.280000
o 698 0.280000
o 696 0.280000
o 695 0.280000
o 694 0.280000
o 691 0.280000
o 690 0.280000
o 689 0.280000
o 688 0.340000
o 687 0.340000
o 686 0.340000
o 685 0.340000
o 684 0.370000
o 683 0.370000
o 682 0.370000
o 680 0.370000
o 679 0.370000
o 678 0.380000
o 677 0.380000
o 676 0.380000
o 675 0.410000
o 674 0.410000
o 673 9.320000
o 672 20.020000
o 671 22.280000
o 670 22.280000
o 669 22.280000
o 668 23.540000
o 667 23.890000
o 666 24.350000
o 665 25.360000
o 664 38.150000
o 663 151.160000
o 662 151.230000
o 661 151.280000
o 660 151.280000
o 659 151.280000
o 658 151.280000
o 657 151.280000
o 655 151.330000
o 654 151.520000
o 653 152.260000
o 652 157.230000
o 651 164.690000
o 650 164.740000
o 649 164.750000
o 648 164.750000
o 647 165.890000
o 646 188.980000
o 645 189.030000
o 644 216.610000
o 643 216.650000
643	216.650000
judgment-aggregation-ja-kemeny-preflib-00049-00000454
o 898 0.190000
o 894 0.200000
o 893 0.200000
o 890 0.200000
o 889 0.200000
o 888 0.200000
o 887 0.200000
o 886 0.200000
o 885 0.200000
o 884 0.200000
o 883 0.200000
o 882 0.200000
o 880 0.200000
o 878 0.200000
o 875 0.200000
o 873 0.200000
o 870 0.200000
o 869 0.200000
o 868 0.200000
o 863 0.200000
o 858 0.200000
o 857 0.200000
o 854 0.200000
o 853 0.200000
o 852 0.200000
o 851 0.200000
o 850 0.200000
o 849 0.200000
o 848 0.200000
o 847 0.200000
o 846 0.200000
o 845 0.200000
o 844 0.200000
o 843 0.200000
o 840 0.200000
o 839 0.200000
o 838 0.200000
o 837 0.200000
o 836 0.200000
o 835 0.200000
o 834 0.200000
o 831 0.200000
o 830 0.200000
o 829 0.200000
o 828 0.200000
o 827 0.200000
o 824 0.200000
o 823 0.200000
o 822 0.200000
o 821 0.200000
o 820 0.200000
o 818 0.200000
o 815 0.200000
o 814 0.200000
o 813 0.200000
o 812 0.200000
o 811 0.200000
o 808 0.200000
o 807 0.200000
o 806 0.200000
o 804 0.200000
o 801 0.200000
o 800 0.210000
o 799 0.210000
o 798 0.210000
o 796 0.210000
o 795 0.210000
o 794 0.210000
o 791 0.210000
o 790 0.210000
o 788 0.210000
o 787 0.210000
o 786 0.210000
o 784 0.210000
o 783 0.210000
o 782 0.210000
o 781 0.210000
o 780 0.210000
o 778 0.210000
o 777 0.210000
o 776 0.210000
o 775 0.210000
o 772 0.210000
o 771 0.210000
o 770 0.210000
o 769 0.210000
o 767 0.210000
o 766 0.210000
o 765 0.210000
o 764 0.210000
o 763 0.210000
o 762 0.210000
o 761 0.220000
o 760 0.220000
o 759 0.220000
o 758 0.220000
o 756 0.220000
o 754 0.220000
o 753 0.220000
o 751 0.230000
o 750 0.230000
o 749 0.230000
o 748 0.230000
o 746 0.230000
o 744 0.230000
o 743 0.230000
o 742 0.230000
o 739 0.230000
o 738 0.230000
o 737 0.230000
o 736 0.230000
o 735 0.230000
o 734 0.230000
o 733 0.240000
o 731 0.240000
o 729 0.240000
o 728 0.240000
o 727 0.260000
o 726 0.260000
o 725 0.260000
o 724 0.260000
o 723 0.260000
o 722 0.270000
o 721 0.270000
o 720 0.280000
o 719 0.290000
o 718 0.290000
o 716 0.290000
o 715 0.310000
o 714 0.310000
o 713 0.310000
o 712 0.310000
o 711 0.310000
o 710 0.310000
o 709 0.310000
o 708 0.330000
o 707 0.330000
o 706 0.330000
o 705 0.330000
o 704 0.330000
o 703 0.350000
o 702 0.370000
o 701 0.460000
o 698 0.460000
o 697 0.480000
o 696 0.500000
o 695 0.510000
o 694 0.580000
o 693 0.670000
o 692 0.670000
o 691 0.670000
o 690 0.670000
o 688 0.670000
o 687 0.680000
o 685 0.690000
o 684 0.690000
o 683 0.690000
o 682 0.690000
o 681 0.700000
o 680 0.710000
o 679 0.720000
o 678 0.730000
o 677 0.730000
o 676 0.730000
o 675 0.850000
o 674 0.850000
o 673 0.850000
o 671 0.850000
o 669 0.850000
o 668 0.880000
o 666 0.890000
o 665 0.890000
o 663 0.890000
o 662 0.920000
o 661 1.000000
o 660 1.180000
o 659 1.420000
o 658 1.420000
o 656 6.250000
o 655 18.720000
o 654 18.720000
o 652 19.550000
o 651 19.560000
o 650 19.560000
o 649 19.560000
o 647 19.560000
o 646 19.580000
o 645 19.680000
o 643 20.810000
643	20.810000
