MinimumWeightDominatingSetProblem-sc-rel9
o 17341720 44.540000
o 11263552 157.320000
o 11263510 157.330000
11263510	157.330000
MinimumWeightDominatingSetProblem-sc-rel9
o 17244654 75.410000
o 11263706 216.800000
o 11263673 216.820000
o 11263641 216.850000
o 11263620 216.860000
o 11263610 216.860000
o 11263547 216.940000
o 11263542 216.940000
o 11263425 216.950000
o 11263423 216.990000
11263423	216.990000
MinimumWeightDominatingSetProblem-sc-rel9
o 17313796 71.470000
o 11273428 206.800000
o 11273423 206.810000
o 11273422 206.860000
11273422	206.860000
MinimumWeightDominatingSetProblem-sc-rel9
o 17302550 70.810000
o 11271451 212.280000
o 11271448 212.290000
11271448	212.290000
MinimumWeightDominatingSetProblem-sc-rel9
o 17318695 76.580000
o 11266368 197.100000
o 11266363 197.110000
o 11266361 197.120000
11266361	197.120000
MinimumWeightDominatingSetProblem-sc-rel9
o 17297526 75.420000
o 11508498 222.270000
o 11508482 222.300000
o 11508448 222.310000
o 11508408 222.320000
o 11508397 222.320000
o 11508380 222.410000
o 11508378 222.410000
11508378	222.410000
MinimumWeightDominatingSetProblem-sc-rel9
o 17254276 56.660000
o 11281752 200.140000
o 11281748 200.150000
o 11281621 200.160000
11281621	200.160000
MinimumWeightDominatingSetProblem-sc-rel9
o 17327543 69.100000
o 11276329 189.310000
o 11276318 189.330000
11276318	189.330000
MinimumWeightDominatingSetProblem-sc-rel9
o 17305916 69.170000
o 11270200 207.770000
o 11270197 207.780000
o 11270195 207.810000
o 11270194 207.840000
11270194	207.840000
MinimumWeightDominatingSetProblem-sc-rel9
o 17307853 61.710000
o 11269853 187.460000
o 11269829 187.470000
o 11269821 187.480000
o 11269754 187.530000
11269754	187.530000
