gen-hyper-tw-GenHyperTW_s208
o 52 4.190000
o 18 18.560000
o 17 25.290000
o 16 33.140000
16	33.140000
gen-hyper-tw-GenHyperTW_s208
o 52 2.800000
o 19 14.460000
o 18 14.650000
o 17 21.310000
o 16 247.120000
16	247.120000
gen-hyper-tw-GenHyperTW_s208
o 57 3.430000
o 17 40.060000
o 16 40.720000
o 15 124.650000
o 14 124.670000
o 9 224.600000
9	224.600000
gen-hyper-tw-GenHyperTW_s208
o 50 2.920000
o 20 62.500000
o 8 182.180000
o 7 182.230000
7	182.230000
gen-hyper-tw-GenHyperTW_s208
o 48 2.690000
o 17 13.590000
o 13 175.360000
o 12 175.550000
12	175.550000
gen-hyper-tw-GenHyperTW_s208
o 56 3.160000
o 15 28.160000
o 14 110.020000
14	110.020000
gen-hyper-tw-GenHyperTW_s208
o 49 3.230000
o 21 15.280000
o 20 15.280000
o 19 25.130000
o 18 26.370000
o 17 75.100000
o 16 77.620000
o 15 113.400000
o 14 113.660000
14	113.660000
gen-hyper-tw-GenHyperTW_s208
o 50 2.750000
o 17 28.220000
o 16 28.780000
o 15 173.990000
o 14 176.200000
14	176.200000
gen-hyper-tw-GenHyperTW_s208
o 51 3.830000
o 15 45.620000
15	45.620000
gen-hyper-tw-GenHyperTW_s208
o 46 2.690000
o 17 13.930000
o 16 65.980000
o 15 130.880000
o 14 131.080000
o 13 133.080000
o 9 190.340000
9	190.340000
