gen-hyper-tw-GenHyperTW_aim-50-1_6-yes1-3
o 25 0.300000
o 12 3.000000
o 11 73.360000
11	73.360000
gen-hyper-tw-GenHyperTW_aim-50-1_6-yes1-3
o 25 0.320000
o 14 3.090000
o 13 3.170000
o 12 27.550000
o 11 54.440000
o 10 81.190000
10	81.190000
gen-hyper-tw-GenHyperTW_aim-50-1_6-yes1-3
o 33 0.380000
o 13 3.440000
o 11 39.360000
11	39.360000
gen-hyper-tw-GenHyperTW_aim-50-1_6-yes1-3
o 28 0.300000
o 12 1.790000
o 11 95.030000
11	95.030000
gen-hyper-tw-GenHyperTW_aim-50-1_6-yes1-3
o 28 0.330000
o 14 4.080000
o 13 12.400000
o 12 51.120000
o 11 51.130000
11	51.130000
gen-hyper-tw-GenHyperTW_aim-50-1_6-yes1-3
o 26 0.310000
o 13 2.850000
o 12 2.860000
o 11 10.580000
11	10.580000
gen-hyper-tw-GenHyperTW_aim-50-1_6-yes1-3
o 30 0.320000
o 13 2.070000
o 12 10.850000
o 11 18.900000
11	18.900000
gen-hyper-tw-GenHyperTW_aim-50-1_6-yes1-3
o 28 0.320000
o 15 2.880000
o 14 2.880000
o 13 2.920000
o 12 66.000000
o 11 113.260000
11	113.260000
gen-hyper-tw-GenHyperTW_aim-50-1_6-yes1-3
o 30 0.410000
o 14 3.020000
o 13 8.420000
o 12 40.890000
o 11 83.620000
11	83.620000
gen-hyper-tw-GenHyperTW_aim-50-1_6-yes1-3
o 28 0.390000
o 14 2.500000
o 13 2.510000
o 12 3.060000
o 11 144.650000
11	144.650000
