judgment-aggregation-ja-maxham-preflib-00049-00000295
o 70 0.060000
o 62 0.500000
o 60 0.520000
o 59 0.540000
o 58 18.960000
o 57 18.970000
o 56 68.080000
o 55 83.540000
55	83.540000
judgment-aggregation-ja-maxham-preflib-00049-00000295
o 69 0.050000
o 61 0.560000
o 60 1.050000
o 57 22.970000
o 56 23.040000
o 55 26.160000
o 54 233.310000
54	233.310000
judgment-aggregation-ja-maxham-preflib-00049-00000295
o 65 0.060000
o 61 0.550000
o 60 0.560000
o 59 7.060000
o 58 15.020000
o 57 15.040000
o 56 15.680000
o 55 278.000000
55	278.000000
judgment-aggregation-ja-maxham-preflib-00049-00000295
o 66 0.060000
o 64 0.440000
o 63 0.440000
o 62 0.460000
o 61 0.500000
o 59 8.280000
o 58 9.250000
o 57 9.260000
o 56 10.380000
o 55 11.740000
55	11.740000
judgment-aggregation-ja-maxham-preflib-00049-00000295
o 62 0.070000
o 61 2.980000
o 60 2.980000
o 59 2.980000
o 58 3.130000
o 57 18.610000
o 56 123.790000
o 55 242.300000
o 54 243.420000
54	243.420000
judgment-aggregation-ja-maxham-preflib-00049-00000295
o 61 0.070000
o 59 0.530000
o 58 0.540000
o 57 0.540000
o 56 123.660000
o 55 142.590000
55	142.590000
judgment-aggregation-ja-maxham-preflib-00049-00000295
o 66 0.070000
o 61 0.670000
o 56 8.740000
o 55 8.760000
o 54 8.880000
54	8.880000
judgment-aggregation-ja-maxham-preflib-00049-00000295
o 61 0.060000
o 60 0.500000
o 59 0.520000
o 58 15.670000
o 57 44.680000
o 56 44.800000
56	44.800000
judgment-aggregation-ja-maxham-preflib-00049-00000295
o 73 0.070000
o 63 0.590000
o 60 0.600000
o 59 8.470000
o 58 8.480000
o 57 8.500000
o 56 14.660000
o 55 22.530000
55	22.530000
judgment-aggregation-ja-maxham-preflib-00049-00000295
o 58 0.070000
o 57 8.470000
o 56 82.620000
o 55 83.480000
55	83.480000
