mbd-b14_C-mbd14-0277
o 112 0.010000
o 60 0.590000
o 59 0.590000
o 58 0.590000
o 57 0.590000
o 56 0.600000
o 55 0.650000
o 54 0.650000
o 53 0.650000
o 52 0.660000
o 51 0.670000
o 50 0.680000
o 49 0.710000
o 48 0.720000
o 47 0.720000
o 46 1.130000
o 45 1.130000
o 44 1.150000
o 43 1.150000
o 42 1.150000
o 41 1.230000
o 40 3.340000
o 39 6.290000
o 38 6.760000
o 37 7.040000
o 36 7.040000
o 35 7.160000
o 34 23.170000
o 33 111.130000
33	111.130000
mbd-b14_C-mbd14-0277
o 111 0.010000
o 110 0.010000
o 76 0.610000
o 75 0.610000
o 74 0.610000
o 72 0.610000
o 71 0.620000
o 70 0.620000
o 69 0.630000
o 65 0.630000
o 64 0.630000
o 63 0.640000
o 62 0.710000
o 59 0.750000
o 58 0.750000
o 57 0.750000
o 56 0.750000
o 55 0.770000
o 54 0.860000
o 53 1.160000
o 52 1.170000
o 51 1.210000
o 50 2.140000
o 49 2.180000
o 48 2.240000
o 47 3.090000
o 46 3.850000
o 45 4.690000
o 44 4.740000
o 43 4.910000
o 42 4.920000
o 41 9.280000
o 40 28.640000
o 39 36.510000
o 38 132.430000
o 37 132.570000
o 36 132.630000
o 35 132.660000
o 34 132.680000
34	132.680000
mbd-b14_C-mbd14-0277
o 109 0.010000
o 95 0.670000
o 92 0.670000
o 91 0.680000
o 90 0.680000
o 89 0.680000
o 87 0.690000
o 86 0.690000
o 85 0.710000
o 84 0.710000
o 83 0.710000
o 82 0.710000
o 81 0.710000
o 80 0.720000
o 79 0.730000
o 78 0.740000
o 77 0.740000
o 75 0.740000
o 74 0.750000
o 72 0.760000
o 71 0.760000
o 70 0.770000
o 69 0.770000
o 68 0.770000
o 67 0.770000
o 66 0.780000
o 65 0.780000
o 64 0.780000
o 63 0.780000
o 62 0.780000
o 61 0.830000
o 60 0.850000
o 59 0.880000
o 58 0.880000
o 56 0.900000
o 55 1.360000
o 54 1.430000
o 53 1.440000
o 52 1.460000
o 51 1.460000
o 50 1.660000
o 49 1.660000
o 48 1.820000
o 47 1.830000
o 46 1.890000
o 45 1.920000
o 44 1.920000
o 43 1.930000
o 42 2.830000
o 41 4.210000
o 40 4.470000
o 39 4.820000
o 38 4.830000
o 37 4.860000
o 36 94.570000
o 35 219.120000
35	219.120000
mbd-b14_C-mbd14-0277
o 112 0.010000
o 111 0.010000
o 59 0.460000
o 57 0.460000
o 56 0.460000
o 55 0.500000
o 54 0.500000
o 53 0.500000
o 52 0.500000
o 51 0.500000
o 50 0.500000
o 49 0.910000
o 48 0.940000
o 47 0.950000
o 46 0.960000
o 45 0.980000
o 44 0.980000
o 43 0.990000
o 42 0.990000
o 41 2.690000
o 40 2.690000
o 39 3.110000
o 38 3.130000
o 37 52.870000
37	52.870000
mbd-b14_C-mbd14-0277
o 110 0.010000
o 56 0.600000
o 55 0.610000
o 54 0.610000
o 53 0.620000
o 52 0.640000
o 48 0.930000
o 47 0.930000
o 46 0.930000
o 45 0.940000
o 44 0.950000
o 43 0.960000
o 42 2.040000
o 41 3.540000
o 40 3.570000
o 39 4.380000
o 38 25.380000
o 37 34.000000
o 36 34.120000
o 35 34.180000
o 34 34.250000
o 33 34.350000
o 32 34.360000
32	34.360000
mbd-b14_C-mbd14-0277
o 111 0.010000
o 64 0.580000
o 63 0.590000
o 61 0.600000
o 60 0.600000
o 58 0.600000
o 57 1.140000
o 56 1.140000
o 55 1.150000
o 54 1.150000
o 52 1.160000
o 51 1.170000
o 50 1.170000
o 49 1.310000
o 48 1.320000
o 47 1.360000
o 46 1.360000
o 45 1.360000
o 44 1.360000
o 43 2.410000
o 42 2.430000
o 41 7.670000
o 40 10.730000
o 39 10.790000
o 38 11.330000
o 37 88.990000
o 36 90.450000
o 35 188.740000
o 34 188.740000
o 33 188.860000
33	188.860000
mbd-b14_C-mbd14-0277
o 110 0.010000
o 69 0.540000
o 68 0.730000
o 67 0.730000
o 66 0.890000
o 65 0.890000
o 64 0.900000
o 63 0.900000
o 62 0.900000
o 61 0.910000
o 60 0.910000
o 59 0.910000
o 58 0.910000
o 57 0.920000
o 56 0.930000
o 55 0.960000
o 54 0.970000
o 53 0.980000
o 52 1.210000
o 51 1.220000
o 50 1.220000
o 49 1.220000
o 48 1.240000
o 47 1.240000
o 46 1.310000
o 45 1.360000
o 44 1.360000
o 43 1.360000
o 42 2.330000
o 41 2.330000
o 40 2.430000
o 39 2.470000
o 38 2.470000
o 37 2.500000
o 36 2.520000
o 35 3.140000
35	3.140000
mbd-b14_C-mbd14-0277
o 112 0.010000
o 64 0.660000
o 63 0.670000
o 62 0.670000
o 61 0.670000
o 60 0.740000
o 59 0.740000
o 58 0.740000
o 57 0.750000
o 56 0.800000
o 55 0.820000
o 54 1.020000
o 53 1.020000
o 52 1.020000
o 51 1.020000
o 50 1.160000
o 49 1.400000
o 48 1.430000
o 47 3.110000
o 46 3.200000
o 45 3.220000
o 44 3.250000
o 43 3.280000
o 42 3.720000
o 41 12.070000
o 40 12.090000
o 39 12.360000
o 38 13.070000
o 37 13.070000
o 36 13.090000
o 35 13.120000
o 34 13.270000
o 33 13.270000
33	13.270000
mbd-b14_C-mbd14-0277
o 110 0.010000
o 109 0.010000
o 77 0.580000
o 74 0.580000
o 73 0.580000
o 72 0.590000
o 71 0.590000
o 70 0.590000
o 68 0.590000
o 67 0.600000
o 66 0.600000
o 65 0.710000
o 64 0.710000
o 63 0.720000
o 62 0.790000
o 61 0.800000
o 60 0.810000
o 59 0.820000
o 58 0.820000
o 57 0.820000
o 56 0.820000
o 55 0.840000
o 54 0.850000
o 53 0.850000
o 52 0.860000
o 51 0.890000
o 50 1.060000
o 49 1.060000
o 48 1.080000
o 47 1.080000
o 46 1.830000
o 45 1.860000
o 44 2.020000
o 43 2.060000
o 42 2.060000
o 41 10.790000
o 40 11.850000
o 39 63.610000
o 38 63.610000
o 37 63.650000
o 36 63.650000
o 35 63.680000
o 34 63.690000
o 33 63.780000
33	63.780000
mbd-b14_C-mbd14-0277
o 109 0.010000
o 63 0.520000
o 62 0.530000
o 61 0.540000
o 60 0.550000
o 59 0.560000
o 58 0.560000
o 57 0.570000
o 56 0.570000
o 55 0.580000
o 54 0.580000
o 53 0.590000
o 52 0.590000
o 51 0.610000
o 50 0.640000
o 49 0.650000
o 48 0.660000
o 47 0.660000
o 46 0.670000
o 45 1.540000
o 44 1.810000
o 43 1.830000
o 42 2.510000
o 41 2.530000
o 40 6.070000
o 39 6.230000
o 38 25.230000
o 37 25.310000
o 36 167.740000
o 35 167.740000
35	167.740000
