optimizing-BDDs-tic-tac-toe-un-wcnf_incomplete_improved_1_2019_6
o 455 0.110000
o 450 12.810000
o 433 61.410000
o 381 95.520000
o 162 109.050000
162	109.050000
optimizing-BDDs-tic-tac-toe-un-wcnf_incomplete_improved_1_2019_6
o 284 0.120000
o 168 113.550000
168	113.550000
optimizing-BDDs-tic-tac-toe-un-wcnf_incomplete_improved_1_2019_6
o 374 0.160000
o 222 26.750000
o 167 103.420000
o 151 141.030000
o 148 240.750000
148	240.750000
optimizing-BDDs-tic-tac-toe-un-wcnf_incomplete_improved_1_2019_6
o 449 0.120000
o 216 26.340000
o 210 28.270000
210	28.270000
optimizing-BDDs-tic-tac-toe-un-wcnf_incomplete_improved_1_2019_6
o 367 0.150000
o 338 0.150000
o 156 54.010000
156	54.010000
optimizing-BDDs-tic-tac-toe-un-wcnf_incomplete_improved_1_2019_6
o 400 0.130000
o 385 27.910000
o 384 41.750000
o 159 53.500000
159	53.500000
optimizing-BDDs-tic-tac-toe-un-wcnf_incomplete_improved_1_2019_6
o 448 0.150000
o 191 13.520000
o 184 218.440000
184	218.440000
optimizing-BDDs-tic-tac-toe-un-wcnf_incomplete_improved_1_2019_6
o 449 0.160000
o 179 11.210000
o 175 112.310000
o 170 139.480000
o 148 264.560000
o 128 265.310000
128	265.310000
optimizing-BDDs-tic-tac-toe-un-wcnf_incomplete_improved_1_2019_6
o 495 0.120000
o 178 49.470000
o 177 93.030000
o 175 203.050000
175	203.050000
optimizing-BDDs-tic-tac-toe-un-wcnf_incomplete_improved_1_2019_6
o 515 0.120000
o 399 53.380000
o 350 53.380000
o 214 66.560000
o 197 67.860000
197	67.860000
