scheduling-cnf_small
o 82 0.050000
o 62 0.690000
o 61 7.300000
o 60 7.300000
o 59 19.910000
o 58 19.940000
o 57 22.190000
o 56 38.750000
o 54 38.820000
o 52 102.850000
o 48 102.880000
48	102.880000
scheduling-cnf_small
o 73 0.050000
o 64 0.970000
o 63 0.990000
o 62 7.810000
o 61 7.830000
o 60 7.870000
o 59 7.900000
o 58 7.900000
o 53 78.650000
o 51 170.220000
51	170.220000
scheduling-cnf_small
o 76 0.060000
o 73 1.380000
o 72 1.380000
o 71 1.410000
o 70 1.420000
o 69 4.160000
o 68 7.890000
o 64 13.860000
o 63 14.200000
o 62 15.680000
o 59 38.340000
o 58 38.340000
o 51 43.610000
51	43.610000
scheduling-cnf_small
o 82 0.060000
o 73 1.340000
o 72 2.190000
o 69 2.420000
o 68 2.570000
o 67 4.690000
o 62 5.730000
o 61 11.260000
o 60 11.260000
o 59 11.280000
o 58 92.030000
o 57 100.400000
o 56 100.400000
o 55 283.110000
55	283.110000
scheduling-cnf_small
o 83 0.060000
o 75 0.860000
o 68 0.950000
o 66 1.210000
o 64 7.200000
o 63 7.210000
o 62 8.200000
o 61 8.200000
o 60 12.660000
o 58 12.700000
o 53 199.030000
o 50 199.160000
50	199.160000
scheduling-cnf_small
o 81 0.070000
o 69 1.210000
o 68 1.210000
o 67 1.210000
o 66 1.210000
o 63 1.240000
o 62 1.360000
o 61 1.360000
o 59 29.050000
o 58 68.040000
o 57 68.040000
o 56 68.140000
o 54 68.260000
o 53 68.290000
o 51 147.010000
51	147.010000
scheduling-cnf_small
o 80 0.060000
o 78 1.280000
o 76 1.290000
o 75 2.210000
o 73 2.210000
o 72 2.300000
o 71 2.970000
o 70 3.520000
o 69 3.530000
o 67 4.610000
o 66 4.800000
o 65 8.060000
o 64 8.060000
o 63 33.060000
o 62 33.170000
o 61 33.230000
o 58 34.690000
o 57 62.880000
o 55 62.990000
o 54 87.030000
o 53 176.860000
o 50 237.290000
o 49 237.310000
49	237.310000
scheduling-cnf_small
o 57 0.040000
o 56 57.870000
o 55 64.100000
o 54 64.570000
o 51 228.080000
51	228.080000
scheduling-cnf_small
o 83 0.050000
o 80 1.780000
o 73 1.800000
o 72 1.830000
o 71 1.840000
o 70 1.840000
o 69 1.980000
o 66 8.120000
o 62 8.270000
o 58 22.030000
o 57 22.090000
o 56 68.150000
o 55 68.170000
o 52 68.210000
o 50 68.260000
o 49 68.310000
49	68.310000
scheduling-cnf_small
o 72 0.080000
o 54 1.440000
o 53 1.440000
o 52 1.440000
o 51 189.670000
o 50 189.710000
50	189.710000
