SeanSafarpour-rsdecoder1_blackbox_KESblock-problem.dimacs_30.filtered
o 60 0.930000
o 59 0.980000
o 58 0.990000
o 57 0.990000
o 56 0.990000
o 55 0.990000
o 54 0.990000
o 53 0.990000
o 52 27.040000
o 51 27.040000
o 50 27.040000
o 49 27.040000
o 48 27.040000
o 36 104.500000
o 35 104.500000
o 34 104.500000
o 33 104.500000
o 32 104.500000
o 31 104.500000
31	104.500000
SeanSafarpour-rsdecoder1_blackbox_KESblock-problem.dimacs_30.filtered
o 49 0.830000
o 48 0.850000
o 47 0.850000
o 46 0.850000
o 45 0.850000
o 44 0.850000
o 43 0.850000
o 42 0.850000
o 41 0.850000
o 35 138.170000
o 34 138.170000
o 33 138.170000
33	138.170000
SeanSafarpour-rsdecoder1_blackbox_KESblock-problem.dimacs_30.filtered
o 49 0.800000
o 48 0.830000
o 47 0.830000
o 43 91.020000
o 42 91.020000
o 41 91.020000
o 40 91.020000
o 39 91.020000
o 38 91.020000
o 37 91.020000
o 36 91.020000
o 35 116.000000
35	116.000000
SeanSafarpour-rsdecoder1_blackbox_KESblock-problem.dimacs_30.filtered
o 42 0.880000
o 41 0.920000
o 40 0.920000
o 39 268.300000
o 38 268.300000
o 36 268.300000
36	268.300000
SeanSafarpour-rsdecoder1_blackbox_KESblock-problem.dimacs_30.filtered
o 49 0.950000
o 48 0.990000
o 47 0.990000
o 46 0.990000
o 45 0.990000
o 44 0.990000
o 43 1.000000
o 42 59.490000
o 41 59.490000
o 40 59.490000
o 39 59.490000
o 38 59.490000
o 37 59.490000
o 36 59.490000
o 35 174.580000
o 34 174.580000
34	174.580000
SeanSafarpour-rsdecoder1_blackbox_KESblock-problem.dimacs_30.filtered
o 52 1.010000
o 51 1.050000
o 50 1.050000
o 49 1.050000
o 48 1.050000
o 47 1.050000
o 46 1.050000
o 45 1.050000
o 44 1.050000
o 43 1.050000
o 41 27.430000
o 40 27.430000
o 39 27.430000
o 38 27.430000
o 37 27.440000
37	27.440000
SeanSafarpour-rsdecoder1_blackbox_KESblock-problem.dimacs_30.filtered
o 42 0.760000
o 41 0.780000
o 40 0.780000
o 39 0.780000
o 38 0.780000
o 37 277.250000
37	277.250000
SeanSafarpour-rsdecoder1_blackbox_KESblock-problem.dimacs_30.filtered
o 67 0.750000
o 66 0.770000
o 65 0.770000
o 64 0.770000
o 63 0.770000
o 62 0.770000
o 61 0.780000
o 60 0.780000
o 59 0.780000
o 58 0.780000
o 57 0.780000
o 56 0.780000
o 55 0.780000
o 54 20.290000
o 53 20.290000
o 52 20.290000
o 51 20.300000
o 50 20.300000
o 49 20.300000
o 48 20.300000
o 47 20.300000
o 46 20.300000
o 45 20.300000
o 44 20.300000
o 38 40.870000
o 37 40.870000
o 36 40.870000
o 35 40.870000
o 34 40.870000
o 33 40.870000
o 32 84.030000
o 31 84.030000
o 30 84.030000
o 28 188.130000
o 27 188.130000
o 26 188.130000
o 25 188.130000
o 24 188.140000
o 23 188.140000
23	188.140000
SeanSafarpour-rsdecoder1_blackbox_KESblock-problem.dimacs_30.filtered
o 76 0.760000
o 75 0.780000
o 74 0.780000
o 73 0.780000
o 72 0.780000
o 71 0.780000
o 70 0.780000
o 69 0.780000
o 68 0.780000
o 67 0.780000
o 66 0.780000
o 56 20.050000
o 55 20.050000
o 54 20.050000
o 53 20.050000
o 52 20.060000
o 51 20.060000
o 50 20.060000
o 49 60.950000
o 48 60.950000
o 47 81.720000
o 46 81.720000
o 45 81.720000
o 44 81.720000
o 43 81.720000
o 42 81.720000
o 41 81.720000
o 40 81.720000
o 34 102.890000
o 33 102.890000
o 32 102.890000
o 31 102.890000
o 30 102.890000
o 29 102.890000
o 28 102.890000
o 27 102.890000
27	102.890000
SeanSafarpour-rsdecoder1_blackbox_KESblock-problem.dimacs_30.filtered
o 75 0.750000
o 74 0.770000
o 73 0.770000
o 72 0.770000
o 71 0.770000
o 70 0.770000
o 69 0.770000
o 68 0.770000
o 41 21.340000
o 40 21.340000
o 39 21.340000
o 38 185.340000
o 37 185.340000
o 36 185.340000
o 35 185.340000
o 34 185.340000
o 33 223.150000
o 32 223.150000
o 31 223.150000
o 30 223.150000
o 29 223.150000
29	223.150000
