correlation-clustering-Rounded_CorrelationClustering_Ionosphere_BINARY_N260_D0.200
o 7557192 0.45
o 7449815 0.55
correlation-clustering-Rounded_CorrelationClustering_Ionosphere_BINARY_N260_D0.200
o 7865466 0.47
o 7780943 14.86
o 7478945 18.9
o 7371661 26.28
correlation-clustering-Rounded_CorrelationClustering_Ionosphere_BINARY_N260_D0.200
o 7842822 0.44
o 7412049 0.62
correlation-clustering-Rounded_CorrelationClustering_Ionosphere_BINARY_N260_D0.200
o 7202556 0.86
correlation-clustering-Rounded_CorrelationClustering_Ionosphere_BINARY_N260_D0.200
o 8928822 0.38
o 7921109 0.43
o 7256236 0.75
correlation-clustering-Rounded_CorrelationClustering_Ionosphere_BINARY_N260_D0.200
o 7720713 0.54
o 7705043 0.54
o 7595275 16.22
o 7407429 27.02
correlation-clustering-Rounded_CorrelationClustering_Ionosphere_BINARY_N260_D0.200
o 7250310 0.47
correlation-clustering-Rounded_CorrelationClustering_Ionosphere_BINARY_N260_D0.200
o 7468162 0.53
correlation-clustering-Rounded_CorrelationClustering_Ionosphere_BINARY_N260_D0.200
o 7343906 0.48
correlation-clustering-Rounded_CorrelationClustering_Ionosphere_BINARY_N260_D0.200
o 7697113 0.45
o 7228476 0.95
