generalized-ising-IS9_5.0.5.0.0.5_softer_periodic
o 112226199686282 0.02
o 112199072545338 0.02
o 112068010626872 0.02
o 112024810412626 0.02
o 112009365196839 0.02
o 112007304668505 0.02
o 111988667971378 0.02
o 111960650318669 0.02
o 111947524692946 0.02
o 111939497818363 0.02
o 111866375409331 0.02
o 111797968239837 0.02
o 111674766915567 0.02
o 111597403561735 0.02
o 111588664934225 0.02
o 111547832731938 0.02
o 111535675415807 0.03
o 111500614030120 0.03
o 111483761759339 0.03
o 111440005587681 0.03
o 111413149075561 0.03
o 111407779986601 0.03
o 111365943479548 0.03
o 111364920534191 0.04
o 111363104920554 0.04
o 111308793561170 0.04
o 111288590512742 0.04
o 111256070631412 0.04
o 111254986435667 0.06
o 111245370408708 0.06
o 111217623997147 0.07
o 111197117503259 0.07
o 111172832505344 0.07
o 111137216753076 0.07
o 111122588009877 0.07
o 111120457858115 0.07
o 111098743708907 90.97
o 111096961043901 90.97
o 111080725417290 90.97
o 111075998390190 90.97
o 111045158815535 90.97
o 111031937209483 90.97
o 111012964008863 90.97
o 110977704464435 90.97
o 110926525860732 90.97
o 110892798657043 90.97
o 110865688331603 90.97
o 110837705036295 90.97
o 110813364492077 90.97
o 110808655272643 196.78
o 110754521201188 196.78
o 110726687277370 196.78
o 110685918194825 196.78
o 110669235204512 196.78
o 110647954564921 196.78
o 110619644062171 196.78
o 110560160541787 196.78
o 110544959377562 196.78
o 110529414935173 196.78
o 110504432529393 196.78
o 110488462683010 196.78
o 110453529827264 196.78
o 110412522377185 196.78
o 110379332944626 196.78
o 110349201376198 196.78
o 110334411948716 196.78
o 110322337456323 196.78
o 110319626863777 196.78
o 110313254037412 196.78
o 110311483351198 196.78
o 110248990394216 196.78
o 110235838733837 196.78
o 110232937006523 196.78
generalized-ising-IS9_5.0.5.0.0.5_softer_periodic
o 112911779629941 0.02
o 112770613745495 0.02
o 112645155506853 0.02
o 112568899353289 0.02
o 112479063667882 0.02
o 112332921344679 0.02
o 112256869772939 0.02
o 112236551994580 0.02
o 112091367514883 0.02
o 112019442821668 0.02
o 111985487699170 0.02
o 111972263281538 0.02
o 111968687106388 0.02
o 111905699268293 0.02
o 111858554847088 0.02
o 111782881624762 0.02
o 111708178825623 0.02
o 111666044159001 0.02
o 111617476762871 0.02
o 111583379184706 0.03
o 111561767233995 0.03
o 111531401607460 0.03
o 111524952562175 0.03
o 111491327779891 0.03
o 111471916339728 0.03
o 111450612023728 0.04
o 111395560774479 0.04
o 111384153937856 0.04
o 111339649819895 0.04
o 111309985506195 0.04
o 111254310921803 0.04
o 111242479910025 0.04
o 111213270517509 87.72
o 111189080206457 87.72
o 111131833279895 87.72
o 111118077750881 87.72
o 111066398408901 87.72
o 111065332661097 87.72
o 110953949874365 87.72
o 110942188407861 87.72
o 110925853142049 186.61
o 110904146873940 186.61
o 110865772247574 186.61
o 110853859527558 186.61
o 110825140859768 186.61
o 110779582953337 186.61
o 110759920157939 186.61
o 110748246174920 186.61
o 110732762680456 186.61
o 110716623063140 186.61
o 110700392777203 186.61
o 110679515290958 186.61
o 110670624522145 186.61
o 110656098510539 186.61
o 110652199092076 186.61
o 110646730013851 186.61
o 110643581302554 186.61
o 110634160927263 186.61
o 110608904252281 186.61
o 110590583042973 186.61
o 110569834280104 186.61
o 110543571108884 186.61
o 110513911113026 186.61
o 110500375703063 186.61
o 110477753285746 186.61
o 110456743696701 186.61
o 110437588185433 186.61
o 110426534712329 186.61
o 110413241771024 186.61
o 110403622515403 186.61
o 110391334292036 186.61
o 110370564739731 186.61
o 110316577758624 186.61
o 110259713048709 186.61
o 110233861050328 186.61
o 110233103374657 186.61
o 110188586912105 186.62
o 110188541824261 293.38
o 110152601454541 293.38
o 110152070750582 293.38
generalized-ising-IS9_5.0.5.0.0.5_softer_periodic
o 112334526003939 0.02
o 112231479839384 0.02
o 112216235213675 0.02
o 112118193760209 0.02
o 112078819025824 0.02
o 112046163819024 0.02
o 112038352752067 0.02
o 112035478590053 0.02
o 111990052148867 0.02
o 111762977690662 0.02
o 111680620328973 0.02
o 111650126687946 0.02
o 111618193750885 0.02
o 111556840134595 0.02
o 111501693666386 0.02
o 111460527263039 0.02
o 111400167465227 0.02
o 111371380167402 0.02
o 111368831138253 0.03
o 111325721367753 0.03
o 111301974591745 0.03
o 111288162347547 0.03
o 111284347174198 0.03
o 111251532922521 0.05
o 111244043830356 0.05
o 111235062347630 0.05
o 111217012729773 0.05
o 111209804346490 0.07
o 111209096189707 0.08
o 111142811802513 0.08
o 111110279305535 87.47
o 111102814441828 87.47
o 111091922008753 87.47
o 111088847851672 87.47
o 111078973835470 87.47
o 111067118209666 87.47
o 111028620105038 87.47
o 111019124334232 87.47
o 111014886431189 87.47
o 110987512696145 87.47
o 110975673321474 187.39
o 110929280028141 187.39
o 110921263007703 187.39
o 110893866602618 187.39
o 110864912359450 187.39
o 110830788515790 187.39
o 110791295559578 187.39
o 110723601507992 187.39
o 110695692255734 187.39
o 110663322542490 187.39
o 110628010720894 187.39
o 110592586822485 187.39
o 110562723760479 187.39
o 110532592025970 187.39
o 110495338197504 187.39
o 110470994800113 187.39
o 110437109456211 187.39
o 110431854065909 187.39
o 110403862925788 187.39
o 110384774709689 187.39
o 110362153839679 187.39
o 110343970031146 187.39
o 110306904681843 187.39
o 110287604755994 187.39
o 110279857296542 187.39
generalized-ising-IS9_5.0.5.0.0.5_softer_periodic
o 112231223924613 0.03
o 112207991503443 0.03
o 112129942291079 0.03
o 112057968607682 0.03
o 112004471749936 0.03
o 111943604234555 0.03
o 111914099772464 0.03
o 111873345021176 0.03
o 111826587960500 0.03
o 111782047962791 0.03
o 111673430367873 0.03
o 111640095779235 0.03
o 111591729736940 0.03
o 111530124307060 0.03
o 111478040344899 0.03
o 111465994446522 0.03
o 111453967742463 0.03
o 111436766683694 0.03
o 111422675666751 0.06
o 111403886244146 0.06
o 111377214733540 0.06
o 111376027552442 0.06
o 111361258627145 0.06
o 111340801003559 0.06
o 111304608780215 0.06
o 111302480124226 0.07
o 111297161270041 0.07
o 111269236449055 0.07
o 111229431500698 0.07
o 111222091472519 0.07
o 111194247669655 0.07
o 111187590604092 0.08
o 111129154963515 0.08
o 111114539663856 0.08
o 111083199927233 0.08
o 111079209308478 0.08
o 111049973559611 85.63
o 110995248283515 85.63
o 110924260084754 85.63
o 110853426096293 85.63
o 110789237141469 85.63
o 110752541662251 85.63
o 110716068362915 85.63
o 110681063129478 85.63
o 110649276520237 85.63
o 110642517334835 182.7
o 110624997579976 182.7
o 110622603729615 182.7
o 110603587265201 182.7
o 110576855068833 182.7
o 110555568590209 182.7
o 110552927264838 182.7
o 110548739281152 182.7
o 110530047633773 182.7
o 110509560671758 182.7
o 110477085735657 182.7
o 110458578729160 182.7
o 110429649908629 182.7
o 110412626018529 182.7
o 110354128521417 182.71
o 110328038101743 182.71
o 110308511972920 182.71
o 110270543355065 182.71
o 110233939173005 182.71
o 110197113014914 285.77
o 110162362650142 285.77
o 110156588001160 285.77
generalized-ising-IS9_5.0.5.0.0.5_softer_periodic
o 112701857500695 0.02
o 112567741080206 0.02
o 112435513486225 0.02
o 112278454138721 0.02
o 112214014116726 0.02
o 112193144955577 0.02
o 112078026857323 0.02
o 111985402215445 0.02
o 111950343380759 0.02
o 111901302192633 0.02
o 111876563265018 0.02
o 111842513651504 0.02
o 111835614980188 0.02
o 111815456178221 0.02
o 111726679301517 0.02
o 111701769318924 0.02
o 111676006197941 0.02
o 111673630650180 0.02
o 111640098199615 0.03
o 111615062886138 0.03
o 111562258250784 0.03
o 111561279151033 0.03
o 111483071572538 0.03
o 111446152720715 0.03
o 111420667490112 0.03
o 111406788657632 0.03
o 111390208000213 0.03
o 111356762958635 0.03
o 111313693860384 0.03
o 111203471391849 0.05
o 111202147425305 0.05
o 111202119450953 0.05
o 111180999092458 0.05
o 111178197639883 0.07
o 111168896532819 101.61
o 111160917347544 101.61
o 111109672050456 101.61
o 111073175324834 101.61
o 111050783086282 101.61
o 111047187525870 101.61
o 111044704283800 101.61
o 111009733662852 101.61
o 110976432715563 101.61
o 110976088110072 101.61
o 110956313285347 101.61
o 110934770194429 101.61
o 110885772070524 101.61
o 110859438992759 101.61
o 110837867555499 101.61
o 110836371288416 101.61
o 110835440296290 101.61
o 110783610042844 101.61
o 110773918370596 215.38
o 110761899923178 215.38
o 110728935890339 215.38
o 110691810449566 215.38
o 110657267055797 215.38
o 110600354293334 215.38
o 110553531950451 215.38
o 110530472401379 215.38
o 110503185331781 215.38
o 110466245647028 215.38
o 110442203208846 215.38
o 110409152377738 215.38
o 110388377465560 215.38
o 110341449443948 215.38
o 110332273300130 215.38
o 110286543808602 215.38
o 110264450954479 215.38
o 110241351422307 215.38
o 110230932751367 215.38
generalized-ising-IS9_5.0.5.0.0.5_softer_periodic
o 112240065679712 0.03
o 112136351686416 0.03
o 112062563042713 0.03
o 112006363974047 0.03
o 111951834205566 0.03
o 111903833469164 0.03
o 111861171103015 0.03
o 111813198855090 0.03
o 111767342636473 0.03
o 111748236314567 0.03
o 111734491067739 0.03
o 111733329611012 0.03
o 111727701842230 0.04
o 111697612789458 0.04
o 111661189744371 0.04
o 111660312864517 0.04
o 111591660533033 0.04
o 111574168330852 0.04
o 111549534092086 0.04
o 111492249041751 0.04
o 111488729782208 0.04
o 111451559225914 0.04
o 111419891140941 0.04
o 111374594305699 0.04
o 111355468126156 0.04
o 111353032498559 0.05
o 111341674200184 0.05
o 111300753547371 0.05
o 111287697903585 0.05
o 111256492917831 0.05
o 111220598504201 0.05
o 111213952537884 0.05
o 111189958832372 0.05
o 111181695377146 0.06
o 111174565615065 0.07
o 111145354125630 89.53
o 111111734948866 89.53
o 111095916304054 89.53
o 111056300680990 89.53
o 110997446832574 89.53
o 110951709742191 89.53
o 110947018111546 89.53
o 110913122539055 89.53
o 110902104330543 89.53
o 110883076962853 191.91
o 110836398080141 191.91
o 110801280574788 191.91
o 110799769182101 191.91
o 110770001481345 191.91
o 110718631606053 191.91
o 110673145187397 191.91
o 110625686983283 191.91
o 110592736017016 191.91
o 110556209105247 191.91
o 110521917194145 191.91
o 110515087586478 191.91
o 110486062632462 191.91
o 110441191871726 191.91
o 110418595204140 191.91
o 110391502671908 191.91
o 110384066653613 191.91
o 110369262581039 191.91
o 110362367271754 295.97
generalized-ising-IS9_5.0.5.0.0.5_softer_periodic
o 113104765081048 0.02
o 112935646743422 0.02
o 112839372465559 0.02
o 112657156800751 0.02
o 112612476637859 0.02
o 112421488620000 0.02
o 112267289470832 0.02
o 112171361708889 0.02
o 112138352091503 0.02
o 112064488766047 0.02
o 112008287087581 0.02
o 111936109539775 0.02
o 111900416239146 0.02
o 111838094060477 0.02
o 111752484656558 0.02
o 111694539146949 0.02
o 111662958406957 0.02
o 111603844580523 0.02
o 111544933072471 0.02
o 111487899967122 0.02
o 111446297132798 0.02
o 111432469898961 0.03
o 111398902104309 0.03
o 111359156885274 0.03
o 111333317216786 0.04
o 111322045057805 0.04
o 111320351107168 0.04
o 111316452920428 0.05
o 111313861247293 0.05
o 111297755408779 0.05
o 111282474562573 0.05
o 111276466915517 0.05
o 111245203321458 0.05
o 111223787463694 0.05
o 111202473696666 0.05
o 111150319835190 0.05
o 111113720667725 0.05
o 111090916472761 93.05
o 111084551408644 93.05
o 111077854956516 93.05
o 111019290117538 93.05
o 110965749770159 93.05
o 110960425894333 93.05
o 110937230133783 93.05
o 110932799623380 93.05
o 110930585183754 93.05
o 110873809506331 93.06
o 110870044324103 93.06
o 110800302493760 93.06
o 110755100857574 93.06
o 110740402450510 199.4
o 110724455631234 199.4
o 110686279421478 199.4
o 110645624661513 199.4
o 110623357335512 199.4
o 110589444720308 199.4
o 110564918398177 199.4
o 110545574465116 199.4
o 110484709841919 199.4
o 110465375583723 199.4
o 110450994815324 199.4
o 110442919461442 199.4
o 110433794641740 199.4
o 110425077643714 199.4
o 110382634682262 199.4
o 110370262575749 199.4
o 110352157262892 199.4
o 110341202443817 199.4
o 110321916741784 199.4
o 110297326502327 199.4
generalized-ising-IS9_5.0.5.0.0.5_softer_periodic
o 112426937750490 0.02
o 112424464459945 0.02
o 112319231920506 0.02
o 112187837651755 0.02
o 112043795957345 0.02
o 112015228371193 0.02
o 111978506643053 0.02
o 111974186192922 0.02
o 111888060449026 0.02
o 111856865644786 0.02
o 111803405233540 0.02
o 111758713052887 0.02
o 111649088139262 0.02
o 111581682600322 0.02
o 111573022047203 0.02
o 111510814837311 0.03
o 111500724488531 0.03
o 111468403245075 0.03
o 111456966135385 0.05
o 111453057714141 0.05
o 111421863276413 0.05
o 111419296982522 0.05
o 111347353588298 0.05
o 111313072523217 0.05
o 111276924633933 0.05
o 111268211275960 0.05
o 111233790650435 0.05
o 111220869325408 0.05
o 111220403513088 0.06
o 111200276537276 0.06
o 111198792705719 0.06
o 111182692628506 0.06
o 111164927430159 0.06
o 111164703968227 0.08
o 111095366868170 87.23
o 111080209500258 87.23
o 111047810678425 87.23
o 111009677239626 87.23
o 111001384360481 87.23
o 110948140639299 87.23
o 110918777988049 87.23
o 110878492751357 87.23
o 110876323399477 87.23
o 110860785239845 188.06
o 110831202241799 188.06
o 110799957093525 188.06
o 110768842812268 188.06
o 110744535078378 188.06
o 110733995941201 188.06
o 110699762059869 188.06
o 110658500274301 188.06
o 110616422693978 188.06
o 110581851852298 188.06
o 110553421712703 188.06
o 110532574819316 188.06
o 110489125434950 188.06
o 110460458157729 188.06
o 110445523917072 188.06
o 110441236147297 188.06
o 110433367181497 188.06
o 110415371700382 188.06
o 110412510853309 188.06
o 110398402240666 188.06
o 110389371545893 188.06
o 110388853010094 188.06
o 110300925091443 188.06
o 110291038198158 188.06
o 110258629841096 188.06
o 110170591472871 188.06
o 110071479199737 188.06
generalized-ising-IS9_5.0.5.0.0.5_softer_periodic
o 112849802822120 0.02
o 112747022377864 0.02
o 112559979164004 0.02
o 112490576575416 0.02
o 112414125119842 0.02
o 112264120830142 0.02
o 112184001530343 0.02
o 112030769913775 0.02
o 111922031586329 0.02
o 111843113808098 0.02
o 111796818098979 0.02
o 111775399463497 0.02
o 111771846341622 0.02
o 111752568224396 0.02
o 111692581469206 0.02
o 111671703475614 0.02
o 111643292620591 0.02
o 111551167078033 0.03
o 111474967111402 0.03
o 111435076673446 0.03
o 111402185003627 0.03
o 111368815233636 0.04
o 111326107934990 0.04
o 111323952586387 0.04
o 111278053264993 0.04
o 111204631824322 0.04
o 111196101954072 0.04
o 111194860177840 0.04
o 111163272321561 0.04
o 111143199107708 0.07
o 111123994578610 0.07
o 111086389999688 0.07
o 111050310033795 88.87
o 110996695696308 88.87
o 110945236849137 88.87
o 110894909358122 88.87
o 110865806652628 88.87
o 110846585522001 88.87
o 110807178705248 88.87
o 110757558399554 88.87
o 110737406136278 88.87
o 110684509196293 88.87
o 110674520699222 88.87
o 110670713938710 88.87
o 110599480820221 88.87
o 110508415518736 88.87
o 110473514296023 88.87
o 110438859846618 188.74
o 110437604257712 188.74
o 110416451134648 188.74
o 110405731867409 188.74
o 110404803813453 188.74
o 110304483025298 188.74
o 110287828924515 188.74
o 110214276775349 188.74
o 110170372890972 188.74
o 110109483146001 188.74
o 110071479199729 290.5
generalized-ising-IS9_5.0.5.0.0.5_softer_periodic
o 112761230611237 0.03
o 112721611569713 0.03
o 112569373197950 0.03
o 112356490864946 0.03
o 112302722043550 0.03
o 112205078397589 0.03
o 112186630949604 0.03
o 112140159025973 0.03
o 112106056899923 0.03
o 112079744997311 0.03
o 112043947214039 0.03
o 111963346591641 0.03
o 111883541158850 0.03
o 111834662735720 0.03
o 111827661588316 0.03
o 111792415768028 0.03
o 111693716386741 0.03
o 111646711683266 0.03
o 111619030695215 0.03
o 111602646963930 0.04
o 111517001209436 0.04
o 111471981050858 0.04
o 111467592777008 0.04
o 111447573289715 0.05
o 111389557771300 0.05
o 111347690208179 0.05
o 111275571653561 0.06
o 111230954636164 0.06
o 111202370888446 0.06
o 111196794722882 0.06
o 111177369043213 0.06
o 111169504990254 0.08
o 111155572258155 0.08
o 111130682869401 88.19
o 111121632072269 88.19
o 111059846839356 88.19
o 111052922278838 88.19
o 111046878893528 88.19
o 111031571909285 88.19
o 111001740277088 88.19
o 110969966650345 88.19
o 110940955405248 88.19
o 110908239480569 88.2
o 110903341209801 88.2
o 110894321731870 189.23
o 110871732989115 189.23
o 110837273161255 189.23
o 110814187897878 189.23
o 110783839700848 189.23
o 110741062369115 189.23
o 110736226507672 189.23
o 110662107177628 189.23
o 110658147765222 189.23
o 110621044010524 189.23
o 110573337616804 189.23
o 110515717783437 189.23
o 110485947790450 189.23
o 110460998982743 189.23
o 110441112378018 189.23
o 110434631386652 189.23
o 110403660785764 189.23
o 110360801358464 189.23
o 110328775946344 189.23
o 110299809918184 189.23
o 110235511632410 189.23
o 110109483145998 189.23
o 110086542721594 189.23
