generalized-ising-IS5_5.0.5.0.0.5_softer_periodic
o 117826199686282 0.02
o 117807472868429 0.02
o 117775588484637 0.02
o 117659878527317 0.02
o 117577779808756 0.02
o 117576664399438 0.02
o 117509293410491 0.02
o 117451648584063 0.02
o 117396643958514 0.02
o 117330400131887 0.02
o 117296241583754 0.02
o 117274739626516 0.02
o 117140035622117 0.02
o 117101547564150 0.02
o 117086586586193 0.02
o 117031430792349 0.02
o 117013595955883 0.02
o 117010902395789 0.02
o 116988936340016 0.02
o 116942399959954 0.03
o 116873155907664 0.03
o 116846301703134 0.03
o 116778536281074 0.03
o 116745055165470 0.03
o 116701513386768 0.03
o 116677700037307 0.03
o 116642791929082 0.03
o 116575278325115 0.03
o 116561735305333 0.03
o 116533238992513 0.03
o 116450479972130 0.03
o 116356164059317 0.03
o 116316041372722 0.03
o 116278031105384 0.03
o 116186235394377 0.03
o 116160108530859 0.03
o 116129346737331 0.03
o 116088593494797 0.03
o 116079776740444 0.03
o 116037207799613 0.03
o 116034399525743 0.08
o 116005011074342 94.71
o 115984205964237 211.54
o 115930036605238 211.54
o 115863969481872 211.54
o 115811565178543 211.54
o 115764684778576 211.54
o 115715928002140 211.54
o 115659886228178 211.54
o 115598918656253 211.54
o 115551492339657 211.54
o 115494075215257 211.54
o 115492339675866 211.54
o 115455046045954 211.54
o 115424524032677 211.54
o 115393265795731 211.54
o 115354784402259 211.54
o 115347269140566 211.54
o 115324152610453 211.54
o 115306090639648 211.54
o 115278801483828 211.54
o 115263545245761 211.54
o 115234521069966 211.54
o 115192804036911 211.54
generalized-ising-IS5_5.0.5.0.0.5_softer_periodic
o 117311779629941 0.02
o 117250613745495 0.02
o 117205155506853 0.02
o 117199063667882 0.02
o 117132921344679 0.02
o 117131367514883 0.02
o 117130951165838 0.03
o 117060735151722 0.03
o 117040534677662 0.03
o 116942840825633 0.03
o 116912890737032 0.03
o 116848907243217 0.03
o 116731720269258 0.03
o 116639454442422 0.03
o 116550408943539 0.03
o 116481207232017 0.03
o 116400781584342 0.04
o 116350560486803 0.04
o 116279626279734 0.04
o 116266611912050 0.04
o 116204692886969 0.04
o 116164911235105 0.04
o 116053194380145 0.04
o 115994038524191 0.04
o 115975915483180 0.04
o 115960199169319 0.04
o 115864374350661 0.04
o 115839137027098 0.04
o 115754214489117 0.04
o 115710983855922 195.1
o 115677370867995 195.1
o 115662610798413 195.1
o 115620778559462 195.1
o 115618807829435 195.1
o 115592245364198 195.1
o 115554177078573 195.1
o 115519706665711 195.1
o 115507833622438 195.1
o 115488535621914 195.1
o 115483930705234 195.1
o 115476990395146 195.1
o 115472485785620 195.1
o 115469154173167 195.1
o 115435051572147 195.1
o 115423713814224 195.1
o 115402662296945 195.1
o 115393668584709 195.1
o 115389257967412 195.1
o 115386071522502 195.1
o 115374535715341 195.1
o 115345032105613 195.1
o 115318605090350 195.1
o 115303189956060 195.1
o 115294176793497 195.11
o 115272386896204 195.11
o 115258026270883 195.11
o 115254318321961 299.62
o 115211250313641 299.62
o 115143668737784 299.62
o 115103297926657 299.62
generalized-ising-IS5_5.0.5.0.0.5_softer_periodic
o 118174526003939 0.02
o 118086754588678 0.02
o 117920589797279 0.02
o 117768555818057 0.02
o 117683490506556 0.02
o 117596460869617 0.02
o 117505584025936 0.02
o 117363650322105 0.02
o 117342147123675 0.02
o 117241871645710 0.02
o 117176525340013 0.02
o 117123760775772 0.02
o 117050038482149 0.02
o 116981659559309 0.02
o 116943486906015 0.02
o 116927705327257 0.03
o 116890819681343 0.03
o 116835478590053 0.03
o 116722977690662 0.03
o 116720620328973 0.03
o 116668578725574 0.03
o 116581101635376 0.03
o 116518298392230 0.03
o 116493241080487 0.03
o 116451941200654 0.03
o 116445436767750 0.03
o 116355562555854 0.03
o 116328111950771 0.03
o 116215476362396 0.03
o 116169445025619 0.03
o 116109153803487 0.03
o 116083319744234 0.03
o 116076841901066 0.03
o 116068495628376 0.03
o 116015718347122 0.03
o 115989237477150 0.03
o 115910290240957 0.05
o 115888447844159 0.05
o 115845275095863 0.05
o 115824012310276 193.61
o 115779721783263 193.61
o 115775824048196 193.62
o 115744056380844 193.62
o 115727168007828 193.62
o 115692978853210 193.62
o 115664108262476 193.62
o 115640051440993 193.62
o 115608467492918 193.62
o 115593825423775 193.62
o 115558438889093 193.62
o 115555337979800 193.62
o 115551493687119 193.62
o 115537078051677 193.62
o 115509678934964 193.62
o 115491677206675 193.62
o 115465648360938 193.62
o 115409290329251 193.62
o 115387955657095 193.62
o 115364526705001 193.62
o 115336630376620 193.62
o 115323152560416 193.62
o 115298616391568 193.62
o 115294711641596 193.62
o 115264483990575 193.62
o 115264102349487 193.62
o 115249807426338 193.62
o 115244902814404 193.62
o 115233306157938 193.62
o 115214642501421 193.62
o 115205619325415 193.62
o 115202307892928 193.62
o 115177533927373 193.62
o 115175365340455 193.62
o 115140782247450 193.62
o 115129599721575 193.62
o 115118210496365 193.62
generalized-ising-IS5_5.0.5.0.0.5_softer_periodic
o 117591223924613 0.03
o 117518037449817 0.03
o 117513715557115 0.03
o 117448098414604 0.03
o 117384758053054 0.03
o 117273075866792 0.03
o 117242916576806 0.03
o 117141088555481 0.03
o 117107245912451 0.03
o 117066273883640 0.03
o 117057384426444 0.03
o 116969673344611 0.03
o 116895935434373 0.03
o 116873430367873 0.03
o 116870861228437 0.04
o 116785711486171 0.04
o 116761407023624 0.04
o 116704612751977 0.04
o 116692356619325 0.04
o 116670871624915 0.04
o 116552071374340 0.04
o 116530282423784 0.04
o 116499389246995 0.04
o 116467543908208 0.04
o 116398598805075 0.04
o 116324222529454 0.04
o 116299171050938 0.04
o 116266380711242 0.04
o 116204221812092 0.04
o 116155746063443 0.04
o 116138976332495 0.04
o 116057700889993 0.04
o 115973191182692 0.04
o 115950261697231 0.04
o 115870133613927 0.04
o 115847480015948 198.31
o 115808458784845 198.31
o 115767666094041 198.31
o 115723441423266 198.31
o 115716215480327 198.31
o 115662019306870 198.31
o 115656265988386 198.31
o 115615397286734 198.31
o 115593098052243 198.31
o 115570989113731 198.31
o 115536135569329 198.31
o 115523750967309 198.31
o 115522895758018 198.31
o 115516838366740 198.31
o 115505834426033 198.31
o 115473403239496 198.31
o 115453782419080 198.31
o 115453225967399 198.31
o 115447832036341 198.31
o 115426039231544 198.31
o 115410461214848 198.31
o 115382587615595 198.31
o 115375352438191 198.31
o 115359676573691 198.31
o 115342373062369 198.31
o 115327272571419 198.31
o 115323161003008 198.31
o 115304820210079 198.31
o 115270422705321 198.31
o 115235019865751 198.31
o 115229464180484 198.32
o 115171988990562 198.32
o 115161121281305 198.32
o 115139944084466 198.32
o 115133424406805 198.32
o 115123360495410 198.32
o 115121056091965 198.32
generalized-ising-IS5_5.0.5.0.0.5_softer_periodic
o 117261857500695 0.02
o 117207741080206 0.02
o 117155513486225 0.02
o 117078454138721 0.02
o 117057169310389 0.03
o 116988397738873 0.03
o 116922213156754 0.03
o 116731062131730 0.03
o 116729989808354 0.03
o 116690837901604 0.03
o 116632045551008 0.04
o 116498111873055 0.04
o 116411803842176 0.04
o 116342347145571 0.04
o 116236581513859 0.04
o 116214762386986 0.04
o 116125318506484 0.04
o 116078021463394 0.04
o 116023335075215 0.04
o 115912044991383 0.04
o 115816559597514 0.04
o 115724474844807 0.04
o 115699016746307 89
o 115652765750861 192.23
o 115624378539051 192.23
o 115600861835913 192.23
o 115567235247399 192.23
o 115541258994767 192.23
o 115490566402115 192.23
o 115480694308593 192.23
o 115453881671824 192.23
o 115421515968285 192.23
o 115401886358818 192.23
o 115384021692255 192.23
o 115379977377696 192.23
o 115346526224371 192.23
o 115342648264935 192.23
o 115315016054758 192.23
o 115277230188778 192.23
o 115272186326231 192.23
o 115226310391443 192.23
o 115215974847007 192.23
o 115198975194950 192.23
o 115192848739890 192.23
o 115149546171402 192.23
o 115138887427502 192.23
o 115125589572344 192.23
o 115103265914396 192.23
generalized-ising-IS5_5.0.5.0.0.5_softer_periodic
o 117520065679712 0.02
o 117496351686416 0.02
o 117487639840289 0.02
o 117417802142022 0.02
o 117343700175659 0.02
o 117317576436139 0.02
o 117315522290075 0.02
o 117314222543396 0.02
o 117268556007663 0.03
o 117208972970885 0.03
o 117142242512165 0.03
o 117074265170192 0.03
o 116982360848490 0.03
o 116893452435844 0.03
o 116846324929309 0.03
o 116843863156627 0.03
o 116800221909228 0.03
o 116761901885088 0.03
o 116736234811600 0.03
o 116699355933052 0.03
o 116663698491277 0.03
o 116636694907115 0.03
o 116572710955344 0.03
o 116527792364627 0.03
o 116488841926871 0.03
o 116436205249296 0.03
o 116340243480871 0.03
o 116263624975950 0.03
o 116206591714356 0.03
o 116180414087137 0.03
o 116121748303877 0.03
o 116062562499949 0.03
o 116047028731884 0.03
o 116025252454147 0.03
o 115932468868683 0.03
o 115870541495282 0.05
o 115866664767387 0.05
o 115810658804974 0.05
o 115800310834408 195.49
o 115763830593840 195.49
o 115729421652302 195.49
o 115668108379952 195.49
o 115650075647131 195.49
o 115621353764928 195.49
o 115588751700795 195.49
o 115542097105027 195.49
o 115517681602469 195.49
o 115493054838805 195.49
o 115459262794250 195.49
o 115440310126479 195.49
o 115418566865383 195.49
o 115375450620667 195.49
o 115373519576431 195.49
o 115354367400575 195.49
o 115322782073048 195.49
o 115318524763689 195.49
o 115315117029414 195.49
o 115276345124555 195.49
o 115263261451688 195.49
o 115248337801611 195.49
o 115234915470195 195.49
o 115210688669682 195.49
o 115189460244937 298.52
o 115150299293636 298.52
o 115125005824141 298.52
o 115095196982658 298.52
o 115067001238616 298.52
o 115035710133049 298.52
o 115024983630441 298.52
o 115010234798093 298.52
o 114947452799699 298.52
o 114921001736200 298.52
o 114906743038275 298.52
o 114902252111391 298.52
generalized-ising-IS5_5.0.5.0.0.5_softer_periodic
o 117264765081048 0.02
o 117175646743422 0.02
o 117159372465559 0.02
o 117057156800751 0.02
o 116981488620000 0.02
o 116907289470832 0.02
o 116891361708889 0.02
o 116858477118102 0.03
o 116817488746650 0.03
o 116779985777160 0.03
o 116769165259132 0.03
o 116708584557724 0.03
o 116676076027376 0.03
o 116585506415700 0.03
o 116542123401662 0.03
o 116480248384020 0.03
o 116443379587402 0.03
o 116361424115450 0.03
o 116285494229026 0.03
o 116235742043134 0.03
o 116118852664310 0.03
o 116087934449584 0.03
o 116012000623479 0.03
o 115991990672315 0.03
o 115917358418558 0.03
o 115866794134635 0.03
o 115784372361789 0.04
o 115746478598601 0.04
o 115739410830462 0.04
o 115711691935967 195.92
o 115668740879841 195.92
o 115630135413771 195.92
o 115605789932164 195.92
o 115559548334145 195.92
o 115515526466621 195.92
o 115514676571660 195.92
o 115501092046106 195.92
o 115472252928285 195.92
o 115455069656639 195.92
o 115443912027970 195.92
o 115413427203412 195.92
o 115408596766050 195.92
o 115390280633186 195.92
o 115360393228960 195.92
o 115359006009369 195.92
o 115330136676526 195.92
o 115319381504794 195.92
o 115306699547127 195.92
o 115284911557523 195.92
o 115260559173747 195.92
o 115178014409231 195.92
o 115174789475832 195.92
o 115139634767010 195.92
o 115123309740241 195.92
generalized-ising-IS5_5.0.5.0.0.5_softer_periodic
o 117706937750490 0.03
o 117643795957345 0.03
o 117638373323391 0.03
o 117515404865384 0.03
o 117450792188835 0.03
o 117442659964117 0.03
o 117311353594818 0.03
o 117283447799743 0.03
o 117194946169749 0.03
o 117129125899180 0.03
o 117082858632604 0.03
o 117050141241913 0.04
o 116939186261657 0.04
o 116872993946761 0.04
o 116828465357904 0.04
o 116780128344691 0.04
o 116764308928888 0.04
o 116758192673605 0.04
o 116751166437821 0.04
o 116749964079087 0.04
o 116631765158196 0.04
o 116560794740066 0.04
o 116499247712346 0.04
o 116418190012565 0.04
o 116258606091395 0.04
o 116236564869860 0.04
o 116136143954686 0.04
o 116053525817902 0.04
o 116028971067874 0.04
o 116007556875001 0.04
o 115943457675987 0.04
o 115916992359160 0.08
o 115911229801207 0.08
o 115833675812065 0.08
o 115771146984988 0.08
o 115762064010566 90.56
o 115760845690145 90.56
o 115705478408185 90.56
o 115622474533286 90.56
o 115605901692529 192.46
o 115579064476276 192.46
o 115526134273339 192.46
o 115519275994094 192.46
o 115493507010660 192.46
o 115434967137139 192.46
o 115402128523552 192.46
o 115365917115066 192.46
o 115349238203091 192.46
o 115328609065878 192.46
o 115308578142092 192.46
o 115289950164952 192.46
o 115245261834229 192.46
o 115222426970525 192.46
o 115176351128381 192.46
o 115150021667761 192.46
generalized-ising-IS5_5.0.5.0.0.5_softer_periodic
o 117089802822120 0.03
o 117067022377864 0.03
o 116959979164004 0.03
o 116904120830142 0.03
o 116904001530343 0.03
o 116830769913775 0.03
o 116802031586329 0.03
o 116788834415439 0.05
o 116756538387276 0.05
o 116708960939475 0.05
o 116613932938427 0.05
o 116530351777654 0.05
o 116506311503279 0.05
o 116434124501450 0.05
o 116342745972275 0.05
o 116313606733186 0.05
o 116213526269045 0.05
o 116102960538377 0.05
o 116068500790863 0.05
o 116051581141548 0.05
o 116025832444060 0.05
o 115959139794709 0.05
o 115953907120631 0.05
o 115937941206691 0.1
o 115925666177797 0.1
o 115834152091557 0.1
o 115804171648790 0.1
o 115779489282189 0.1
o 115774389575611 0.1
o 115688244244527 0.1
o 115677462933494 197.54
o 115672272455567 197.54
o 115622896547890 197.54
o 115621169394937 197.54
o 115586754158293 197.54
o 115545742632369 197.54
o 115530987206062 197.54
o 115499059246403 197.54
o 115465765670002 197.54
o 115449300312197 197.54
o 115413335958216 197.54
o 115399838439574 197.54
o 115367309932371 197.54
o 115302319466938 197.54
o 115291179044836 197.54
o 115244913763135 197.54
o 115217629409777 197.54
o 115217018215319 197.54
generalized-ising-IS5_5.0.5.0.0.5_softer_periodic
o 117801230611237 0.03
o 117769373197950 0.03
o 117636490864946 0.03
o 117567230712362 0.04
o 117505449425914 0.04
o 117494530101010 0.04
o 117350567585056 0.04
o 117219331751030 0.04
o 117086711683266 0.04
o 116979030695215 0.04
o 116974252308428 0.04
o 116960943083655 0.04
o 116939947667517 0.04
o 116846880124261 0.04
o 116838969117989 0.04
o 116722965820594 0.04
o 116629852905417 0.04
o 116613364238120 0.04
o 116612087532271 0.04
o 116557766496102 0.04
o 116473241793095 0.04
o 116456940433414 0.04
o 116349763844591 0.04
o 116272866877691 0.04
o 116250983760682 0.04
o 116232019137428 0.04
o 116207271684214 0.04
o 116194553781085 0.04
o 116081847837065 0.04
o 116003801283843 0.04
o 115941118827341 0.04
o 115936372509813 0.04
o 115916689389383 0.04
o 115861961433393 217
o 115836924906986 217
o 115798355753703 217
o 115729595100588 217
o 115676839542192 217
o 115652248938947 217
o 115625583270250 217
o 115624173762294 217
o 115601153657815 217.01
o 115583263567774 217.01
o 115569157370506 217.01
o 115534753626389 217.01
o 115484323211411 217.01
o 115415252857314 217.01
o 115395924468654 217.01
o 115373409841806 217.01
o 115366170089337 217.01
o 115352754464834 217.01
o 115344895575778 217.01
o 115332104020094 217.01
o 115313823487925 217.01
o 115268434191963 217.01
o 115245389242059 217.01
o 115239774029681 217.01
