MinimumWeightDominatingSetProblem-rgg_n_2_24_s0
o 54514898 188.15
MinimumWeightDominatingSetProblem-rgg_n_2_24_s0
o 54589006 144.15
MinimumWeightDominatingSetProblem-rgg_n_2_24_s0
o 54557733 133
MinimumWeightDominatingSetProblem-rgg_n_2_24_s0
o 54588233 139.92
MinimumWeightDominatingSetProblem-rgg_n_2_24_s0
o 54541316 142.36
MinimumWeightDominatingSetProblem-rgg_n_2_24_s0
o 54582769 133.72
MinimumWeightDominatingSetProblem-rgg_n_2_24_s0
o 54533241 156.93
MinimumWeightDominatingSetProblem-rgg_n_2_24_s0
o 54572820 137.34
MinimumWeightDominatingSetProblem-rgg_n_2_24_s0
o 54549632 167.15
MinimumWeightDominatingSetProblem-rgg_n_2_24_s0
o 54551564 131.63
