ramsey-ram_k3_n19.ra1
o 82352 0
o 80820 0
o 74890 0
o 66886 0
o 64788 0
o 62086 0
o 61945 0
o 61910 0
o 61888 0
o 60495 0
o 57665 0
o 56003 0
o 54834 0
o 54014 0
o 53616 0
o 53303 0
o 53295 0
o 51623 0
o 50755 0
o 49103 0
o 48847 0
o 47939 0
o 47706 0
o 46611 0
o 45723 0.01
o 44871 0.01
o 44029 0.01
o 43833 0.01
o 42979 0.01
o 41875 0.09
o 41766 0.13
o 40832 0.13
o 40430 0.13
o 39508 0.13
o 39461 0.13
o 37957 0.13
o 37886 0.14
o 37262 0.14
o 37129 0.14
o 37027 0.14
o 36965 0.14
o 36923 0.14
o 35565 0.14
o 35364 0.14
o 35202 0.15
o 35155 0.15
o 34360 0.15
o 34034 0.15
o 33260 0.15
o 33055 0.15
o 32817 0.15
o 32629 0.15
o 32588 0.15
o 32251 0.15
o 32208 0.15
o 31833 0.15
o 31440 0.72
o 31266 1.04
o 31189 1.55
o 30810 1.55
o 29924 1.55
o 29491 1.55
o 29420 14.9
o 29144 14.9
o 28907 14.9
o 28423 14.9
o 27737 14.9
o 27221 14.9
o 27160 14.9
o 26943 14.9
o 26671 14.9
o 26532 14.9
o 26455 14.9
o 26335 14.9
o 26191 14.9
o 26170 14.9
o 25971 14.9
o 25802 14.9
o 25779 14.91
o 25709 14.91
o 25674 14.91
o 25601 14.91
o 25322 14.91
o 25016 14.91
o 24893 14.91
o 24747 14.91
o 24530 14.91
o 24461 14.91
o 24284 14.91
o 24251 14.91
o 24222 14.91
o 24158 14.91
o 24073 14.91
o 24003 14.91
o 23999 28.22
o 23998 28.22
o 23682 28.22
o 23437 28.22
o 23399 147.24
o 23246 228.56
o 23115 228.56
o 23016 228.56
o 22709 228.56
o 22619 228.56
o 22585 228.56
ramsey-ram_k3_n19.ra1
o 91018 0
o 88061 0
o 83701 0
o 79847 0
o 75115 0
o 71608 0
o 69399 0
o 64702 0
o 62508 0
o 61690 0
o 59881 0
o 58906 0
o 58292 0
o 58261 0
o 57395 0
o 56622 0
o 56091 0
o 53333 0
o 50122 0
o 48245 0
o 47492 0
o 47257 0.01
o 46579 0.01
o 46464 0.02
o 46250 0.02
o 46032 0.03
o 45723 0.03
o 45504 0.03
o 45129 0.03
o 44567 0.04
o 44488 0.04
o 43782 0.04
o 41452 0.06
o 40392 0.06
o 39721 0.06
o 38109 0.06
o 37964 0.14
o 37790 0.16
o 37734 0.16
o 37415 0.16
o 37382 0.16
o 37354 0.16
o 37310 0.16
o 36907 0.16
o 36848 0.16
o 36712 0.17
o 36593 0.17
o 36218 0.2
o 36038 0.21
o 35886 0.21
o 35245 0.21
o 34896 0.21
o 34808 0.21
o 34682 0.21
o 34389 0.21
o 34362 0.26
o 33768 0.26
o 33530 0.26
o 32759 0.26
o 32356 0.26
o 32243 0.6
o 32124 0.6
o 31987 0.6
o 31553 0.68
o 31154 0.68
o 30948 0.8
o 30918 0.83
o 30681 0.83
o 30019 0.83
o 29600 0.83
o 29460 1.18
o 29418 14.51
o 29324 14.51
o 29192 14.51
o 29109 14.51
o 29025 14.51
o 28893 14.51
o 28546 14.51
o 28455 14.51
o 28297 14.51
o 28275 14.51
o 28131 14.51
o 27884 14.51
o 27461 14.51
o 27457 14.51
o 27444 14.52
o 27026 14.52
o 27020 14.52
o 26782 14.52
o 26504 14.52
o 26271 14.52
o 26264 14.52
o 26222 14.52
o 25834 14.52
o 25792 14.52
o 25686 14.52
o 25438 14.52
o 25402 27.81
o 25287 27.81
o 25112 27.81
o 25013 27.81
o 24637 27.81
o 24412 27.81
o 23974 27.81
o 23910 54.62
o 23458 81.49
o 22953 81.49
o 22829 81.49
o 22804 81.49
o 22751 108.38
o 22748 108.38
o 22577 108.38
o 22507 108.38
o 22121 285.09
o 21990 285.09
ramsey-ram_k3_n19.ra1
o 75255 0
o 71305 0
o 69069 0
o 65814 0
o 63194 0
o 61992 0
o 61520 0
o 59950 0
o 59483 0
o 57973 0
o 55504 0
o 54076 0
o 51914 0
o 49586 0
o 47249 0
o 46824 0.01
o 45415 0.01
o 44627 0.01
o 44443 0.02
o 44166 0.02
o 43879 0.02
o 43354 0.04
o 42885 0.04
o 42610 0.05
o 42085 0.05
o 41493 0.06
o 41159 0.06
o 40572 0.06
o 39855 0.06
o 39182 0.11
o 36898 0.11
o 36619 0.15
o 36479 0.15
o 36095 0.23
o 35429 0.23
o 35248 0.23
o 35071 0.23
o 35060 0.23
o 34920 0.27
o 34872 0.27
o 34588 0.33
o 34420 0.34
o 34316 0.34
o 33903 0.34
o 33669 0.34
o 33307 0.34
o 33266 0.34
o 32947 0.34
o 32687 0.55
o 32337 0.73
o 31097 0.73
o 31011 0.73
o 30750 0.73
o 30333 1.19
o 30115 6.48
o 29110 12.62
o 29079 12.62
o 28875 12.62
o 28851 12.62
o 28594 12.62
o 28502 12.62
o 28451 26.45
o 28031 26.45
o 26943 26.45
o 26313 26.45
o 26129 26.46
o 25924 26.46
o 24734 26.46
o 24395 26.46
o 24094 26.46
o 23958 26.46
o 23779 26.46
o 23711 26.46
o 23562 66.93
o 23506 80.52
o 23319 94.17
o 23310 94.17
o 23276 94.17
o 23024 94.17
ramsey-ram_k3_n19.ra1
o 83760 0
o 83202 0
o 75846 0
o 71735 0
o 66734 0
o 63430 0
o 62372 0
o 62219 0
o 60181 0
o 56880 0
o 56714 0
o 56640 0
o 56285 0
o 54730 0
o 54635 0
o 53595 0
o 53579 0
o 53440 0
o 53257 0
o 52745 0
o 52484 0
o 50819 0
o 50429 0
o 49562 0
o 48579 0
o 47801 0
o 47677 0.01
o 46348 0.01
o 45222 0.01
o 44043 0.02
o 43580 0.06
o 43374 0.06
o 42407 0.07
o 41335 0.1
o 41128 0.11
o 40703 0.12
o 40406 0.13
o 40298 0.13
o 39765 0.13
o 39239 0.14
o 38496 0.14
o 38434 0.14
o 38158 0.14
o 37888 0.14
o 37800 0.15
o 37127 0.15
o 37027 0.15
o 36807 0.15
o 36015 0.18
o 35617 0.18
o 34561 0.22
o 34170 0.22
o 33844 0.22
o 33360 0.22
o 33258 0.22
o 33255 0.22
o 32913 0.34
o 32159 0.37
o 32051 0.46
o 31929 0.65
o 31904 1.23
o 31848 1.42
o 31730 1.89
o 31682 5.37
o 31631 8.88
o 31300 8.94
o 31190 14.81
o 30381 14.81
o 30029 14.81
o 29306 14.81
o 29097 28.53
o 29032 28.53
o 28763 28.53
o 28555 28.53
o 28482 28.53
o 28453 28.53
o 27967 28.53
o 27429 28.53
o 27419 28.53
o 27261 28.53
o 27172 28.53
o 26937 28.53
o 26789 28.53
o 26764 28.53
o 26708 28.53
o 25938 28.53
o 25746 28.53
o 25585 28.53
o 25014 28.53
o 24895 28.53
o 24865 28.53
o 24661 28.53
o 24505 28.54
o 24424 28.54
o 24228 28.54
o 24096 28.54
o 23824 41.79
o 23822 41.79
o 23806 41.79
o 23544 55.18
o 23504 68.65
o 23395 122.71
o 23262 217.15
o 23191 217.15
o 23048 284.71
o 22859 284.71
o 22392 284.71
ramsey-ram_k3_n19.ra1
o 82621 0
o 77094 0
o 73638 0
o 69712 0
o 67520 0
o 65003 0
o 63576 0
o 62364 0
o 62187 0
o 61768 0
o 60344 0
o 60222 0
o 60013 0
o 59947 0
o 59116 0
o 58092 0
o 57973 0
o 57259 0
o 55820 0
o 55627 0
o 54141 0
o 53517 0
o 52002 0
o 51351 0
o 47312 0
o 46932 0
o 44097 0
o 43319 0
o 42972 0
o 42075 0
o 40550 0
o 40447 0.06
o 40163 0.12
o 40135 0.13
o 40104 0.13
o 40052 0.13
o 39991 0.13
o 38581 0.13
o 37405 0.13
o 36380 0.13
o 35462 0.13
o 35451 0.13
o 34926 0.18
o 34802 0.19
o 34583 0.19
o 34582 0.19
o 33438 0.19
o 33148 0.22
o 32819 0.22
o 32153 0.22
o 31749 0.22
o 31230 0.82
o 30926 0.82
o 30806 1.31
o 30621 1.31
o 30199 1.31
o 30166 14.7
o 30131 14.7
o 29373 14.7
o 29311 14.7
o 29243 14.7
o 29202 14.7
o 29200 14.7
o 29030 14.7
o 28969 14.7
o 28330 14.7
o 28306 14.7
o 28128 14.7
o 28085 14.7
o 27858 14.7
o 27727 14.7
o 27249 14.7
o 26539 14.7
o 26505 14.7
o 26471 14.7
o 26439 14.7
o 25999 14.7
o 25679 14.7
o 25469 14.7
o 25085 28.02
o 24648 28.02
o 24608 28.02
o 24454 28.02
o 24248 28.02
o 24188 28.02
o 24121 28.02
o 24012 28.02
o 23714 28.02
o 23622 28.02
o 23603 28.02
o 23508 28.02
o 23467 28.02
o 23437 28.02
o 23222 28.02
o 23067 28.02
o 22750 28.02
ramsey-ram_k3_n19.ra1
o 76655 0
o 72746 0
o 72021 0
o 68589 0
o 66319 0
o 64767 0
o 63348 0
o 62351 0
o 61265 0
o 60656 0
o 58948 0
o 58892 0
o 58719 0
o 57246 0
o 56092 0
o 55390 0
o 54387 0
o 52941 0
o 51772 0
o 51224 0
o 48142 0
o 47825 0
o 47791 0.01
o 47719 0.01
o 46503 0.01
o 42847 0.01
o 41915 0.01
o 41621 0.04
o 41609 0.04
o 41533 0.11
o 41370 0.11
o 40705 0.11
o 40343 0.11
o 37972 0.12
o 37436 0.12
o 37290 0.12
o 35462 0.13
o 35198 0.23
o 34440 0.23
o 34187 0.23
o 34145 0.23
o 33554 0.24
o 33503 0.24
o 33465 0.24
o 32831 0.24
o 32551 0.6
o 32195 0.6
o 32038 0.6
o 31914 0.6
o 31706 0.6
o 30973 0.6
o 29991 0.6
o 29824 14.01
o 29776 14.01
o 29643 14.01
o 29443 14.01
o 29304 14.01
o 28492 14.01
o 28482 14.01
o 28319 14.01
o 28109 14.01
o 28105 14.01
o 28058 14.01
o 27934 14.01
o 27810 14.01
o 27805 14.01
o 27718 14.01
o 27563 14.01
o 27542 14.01
o 27538 14.01
o 27392 14.01
o 26958 14.01
o 26680 14.01
o 26546 14.01
o 26341 14.01
o 26211 14.01
o 25822 14.01
o 25685 14.01
o 25490 14.01
o 25272 14.01
o 24799 14.01
o 24648 14.01
o 24541 14.01
o 24094 14.01
o 24089 14.01
o 23937 14.01
o 23931 40.78
o 23609 81.32
o 23480 81.32
o 23425 81.32
o 22964 81.32
o 22931 243.63
o 22345 243.63
ramsey-ram_k3_n19.ra1
o 81084 0
o 73361 0
o 70116 0
o 67301 0
o 63370 0
o 60583 0
o 59545 0
o 59178 0
o 58196 0
o 58072 0
o 57923 0
o 54671 0
o 51675 0
o 49191 0
o 48085 0
o 47918 0
o 47689 0
o 47621 0
o 44698 0.01
o 43431 0.03
o 43074 0.03
o 41966 0.03
o 41628 0.03
o 40858 0.03
o 40170 0.07
o 39924 0.13
o 39215 0.13
o 39024 0.14
o 38882 0.14
o 38708 0.15
o 38068 0.15
o 38039 0.15
o 37586 0.15
o 37431 0.15
o 37364 0.15
o 37147 0.15
o 36982 0.15
o 36655 0.15
o 36445 0.16
o 36443 0.16
o 36098 0.16
o 35829 0.18
o 35441 0.18
o 35333 0.19
o 35144 0.24
o 35003 0.24
o 34653 0.24
o 34644 0.24
o 34558 0.24
o 34357 0.24
o 34290 0.24
o 34183 0.24
o 34181 0.24
o 34083 0.25
o 33485 0.25
o 33271 0.25
o 32964 0.25
o 32704 0.25
o 31152 0.25
o 31123 0.25
o 30172 0.26
o 29970 0.26
o 29406 0.26
o 29334 13.63
o 29139 13.63
o 29017 13.63
o 28966 13.63
o 28257 13.63
o 28185 13.63
o 28139 13.63
o 27655 13.64
o 27567 13.64
o 27443 13.64
o 27402 13.64
o 27358 13.64
o 27261 13.64
o 27042 13.64
o 26956 13.64
o 26915 13.64
o 26768 13.64
o 26591 13.64
o 26393 13.64
o 26321 13.64
o 26290 13.64
o 26248 13.64
o 26176 13.64
o 25969 13.64
o 25966 13.64
o 25886 13.64
o 25657 13.64
o 25468 13.64
o 25294 13.64
o 24894 13.64
o 24671 13.64
o 24555 13.64
o 24499 13.64
o 24416 13.64
o 24225 26.96
o 24194 67.4
o 24108 67.41
o 23882 67.41
o 23877 67.41
o 23837 134.91
o 23833 161.96
o 23744 161.96
o 23544 161.96
o 23094 161.96
o 23046 161.96
o 22966 161.96
o 22957 161.96
o 22722 161.96
o 22461 161.96
o 22342 161.96
ramsey-ram_k3_n19.ra1
o 73413 0
o 71827 0
o 70010 0
o 68067 0
o 64943 0
o 62527 0
o 60251 0
o 59429 0
o 59328 0
o 57898 0
o 56687 0
o 56429 0
o 55199 0
o 53368 0
o 52763 0
o 51981 0
o 51316 0
o 50257 0
o 49614 0
o 48500 0
o 48023 0
o 47765 0
o 46188 0
o 45798 0.02
o 45460 0.02
o 44994 0.02
o 44497 0.03
o 44060 0.03
o 42858 0.03
o 42248 0.05
o 40883 0.05
o 40142 0.13
o 39799 0.13
o 39392 0.13
o 38625 0.13
o 37554 0.13
o 37238 0.13
o 36648 0.13
o 35656 0.14
o 35576 0.14
o 35003 0.14
o 34660 0.14
o 34056 0.14
o 33740 0.28
o 33429 0.28
o 33206 0.28
o 33140 0.28
o 32882 0.28
o 32543 0.3
o 32067 0.3
o 31897 0.31
o 31775 0.31
o 31528 0.31
o 31162 0.31
o 31130 0.31
o 30802 3.5
o 30090 3.96
o 29968 12.96
o 29684 12.96
o 29675 12.96
o 29390 12.96
o 28919 12.96
o 28748 26.63
o 28716 26.63
o 28633 26.63
o 28420 26.63
o 28086 26.63
o 27994 26.63
o 27620 26.63
o 27273 26.63
o 27245 26.63
o 27106 26.63
o 26850 26.63
o 26608 26.63
o 26314 26.63
o 25756 26.63
o 25450 26.63
o 25431 35.43
o 25360 48.69
o 25350 48.69
o 25251 48.69
o 23816 48.69
o 23784 48.69
o 23421 48.69
o 23269 48.69
o 23252 48.69
o 23221 99.87
o 22618 99.87
o 22550 99.87
o 22449 99.87
o 22364 99.87
o 22361 153.64
o 22044 153.64
ramsey-ram_k3_n19.ra1
o 81871 0
o 79613 0
o 72088 0
o 70153 0
o 67145 0
o 66367 0
o 65061 0
o 63285 0
o 62920 0
o 61794 0
o 60895 0
o 59821 0
o 59041 0
o 58549 0
o 57168 0
o 55221 0
o 53440 0
o 52716 0
o 52335 0
o 51517 0
o 49349 0
o 49105 0
o 48797 0
o 48707 0.01
o 48397 0.01
o 48040 0.01
o 47848 0.02
o 46168 0.02
o 45686 0.02
o 44809 0.02
o 44776 0.02
o 44125 0.02
o 42749 0.02
o 41204 0.05
o 39300 0.05
o 39285 0.05
o 39240 0.13
o 38571 0.13
o 37745 0.13
o 37489 0.15
o 37454 0.15
o 36986 0.15
o 36965 0.15
o 36827 0.15
o 36179 0.15
o 36171 0.15
o 35545 0.15
o 35380 0.15
o 34895 0.15
o 34878 0.15
o 34673 0.15
o 34254 0.15
o 34146 0.15
o 34141 0.15
o 33450 0.15
o 33357 0.15
o 33343 0.15
o 32921 0.15
o 32675 0.15
o 31888 0.15
o 31566 0.15
o 31027 0.15
o 30874 0.15
o 30343 0.18
o 30110 0.18
o 29254 2.99
o 29183 16.7
o 29173 16.7
o 28672 16.7
o 28018 16.7
o 27529 16.7
o 27359 16.7
o 27211 16.7
o 27114 16.7
o 27016 16.7
o 26991 16.7
o 26939 16.7
o 26415 16.7
o 26408 16.7
o 26130 16.7
o 25768 16.7
o 25692 16.7
o 25631 16.7
o 25294 16.7
o 25236 16.7
o 25069 16.7
o 24716 16.7
o 24705 16.7
o 24638 16.7
o 24489 30.56
o 24433 30.56
o 23996 30.56
o 23716 74.31
o 23715 74.31
o 23575 103.03
o 23327 103.03
o 23070 103.03
o 22594 103.03
ramsey-ram_k3_n19.ra1
o 82578 0
o 80561 0
o 75664 0
o 72609 0
o 71428 0
o 69156 0
o 67757 0
o 65423 0
o 63734 0
o 61351 0
o 60254 0
o 57903 0
o 57171 0
o 56825 0
o 55859 0
o 54525 0
o 54374 0
o 54008 0
o 51495 0
o 50756 0
o 50603 0
o 50001 0
o 49296 0
o 48347 0.01
o 48125 0.01
o 46749 0.01
o 45411 0.01
o 45217 0.02
o 44005 0.02
o 43395 0.02
o 42254 0.02
o 41961 0.02
o 41491 0.07
o 40003 0.07
o 39982 0.07
o 39717 0.07
o 39433 0.07
o 38745 0.07
o 37823 0.14
o 37365 0.14
o 36696 0.15
o 36272 0.15
o 36158 0.15
o 35961 0.16
o 35097 0.16
o 34578 0.16
o 34049 0.16
o 33896 0.17
o 33534 0.17
o 33520 0.17
o 32697 0.17
o 32582 0.53
o 32408 0.53
o 32403 0.53
o 32017 0.53
o 31038 0.55
o 30917 14.27
o 30755 14.27
o 30458 14.27
o 30434 14.27
o 30332 14.27
o 30260 14.27
o 29809 14.27
o 29614 14.27
o 29483 14.27
o 29143 14.27
o 29048 14.27
o 28898 14.27
o 28714 14.27
o 28226 14.27
o 28014 14.27
o 27847 14.27
o 27577 14.27
o 27507 14.27
o 27502 14.27
o 27481 14.27
o 26296 14.27
o 25830 14.27
o 25617 14.27
o 25325 14.27
o 25082 14.27
o 24938 14.27
o 24890 14.27
o 24888 14.27
o 24723 14.27
o 24480 14.27
o 24176 14.27
o 24163 14.27
o 24025 14.27
o 23918 82.9
o 23637 82.9
o 23481 82.9
o 22991 82.9
o 22826 82.9
o 22717 82.9
