spot5-5.wcsp.log
o 300 0.01
o 299 0.01
o 298 0.01
o 297 0.01
o 296 0.01
o 283 0.01
o 282 0.01
o 279 0.14
o 278 0.14
o 273 0.56
o 272 0.74
o 271 2.06
o 270 128.17
spot5-5.wcsp.log
o 298 0.01
o 297 0.01
o 296 0.01
o 284 0.01
o 278 0.04
o 274 0.23
o 272 0.93
o 271 0.93
o 270 215.65
spot5-5.wcsp.log
o 298 0
o 284 0.03
o 283 0.03
o 280 0.14
o 279 0.15
o 274 0.29
o 273 0.29
o 272 0.75
o 271 6.15
spot5-5.wcsp.log
o 298 0
o 297 0
o 296 0
o 295 0
o 294 0
o 293 0
o 292 0
o 283 0.01
o 282 0.01
o 280 0.01
o 278 0.25
o 274 0.67
o 273 0.68
o 271 1.35
o 270 36.55
spot5-5.wcsp.log
o 290 0
o 285 0.03
o 283 0.03
o 275 0.35
o 272 0.49
o 271 2.21
o 269 180.94
o 268 294.61
spot5-5.wcsp.log
o 294 0
o 293 0
o 292 0
o 291 0
o 290 0
o 284 0.01
o 281 0.04
o 278 0.05
o 276 0.15
o 275 0.15
o 274 0.16
o 273 1.09
o 272 1.84
o 271 3.13
spot5-5.wcsp.log
o 293 0.01
o 292 0.01
o 291 0.01
o 290 0.01
o 283 0.02
o 282 0.02
o 276 0.04
o 266 0.04
spot5-5.wcsp.log
o 293 0
o 291 0
o 290 0
o 285 0.03
o 272 0.07
o 271 2.04
o 267 277.32
spot5-5.wcsp.log
o 297 0
o 296 0
o 295 0
o 284 0.01
o 282 0.01
o 277 0.04
o 274 0.15
o 273 0.15
o 272 0.53
o 271 5.01
spot5-5.wcsp.log
o 299 0.01
o 298 0.01
o 297 0.01
o 296 0.01
o 285 0.02
o 284 0.02
o 279 0.06
o 276 0.13
o 273 0.24
o 271 0.31
