staff-scheduling-instance3
o 3018 71.62
o 2215 170.36
o 2114 170.36
staff-scheduling-instance3
o 2214 187.08
staff-scheduling-instance3
o 2626 113.2
staff-scheduling-instance3
o 3636 44.94
o 2513 166.7
staff-scheduling-instance3
o 2816 265.81
o 2815 265.81
staff-scheduling-instance3
o 2719 18.27
staff-scheduling-instance3
o 2916 1.45
o 2835 35.79
o 2724 79.12
o 2723 228.7
staff-scheduling-instance3
o 3348 27.46
o 3223 225.63
o 3139 227.06
o 2712 259.47
o 2612 259.47
o 2513 265.15
staff-scheduling-instance3
o 2925 145.48
o 2828 171.19
o 2627 196.06
o 2414 247.25
staff-scheduling-instance3
o 3123 9.79
o 2728 121.19
o 2524 185.43
