staff-scheduling-instance4
o 3344 4.86
o 3148 28.18
o 3136 175.94
o 3036 175.94
o 2935 175.94
staff-scheduling-instance4
o 2934 15.29
o 2828 47.4
staff-scheduling-instance4
o 3040 6.58
o 2645 42.63
o 2542 42.63
staff-scheduling-instance4
o 3637 39.48
o 3030 42.01
o 3023 139.49
staff-scheduling-instance4
o 3648 12.16
o 3040 32.31
o 2925 32.65
staff-scheduling-instance4
o 3129 19.13
o 3128 125.85
o 3034 140.86
staff-scheduling-instance4
o 3338 0.66
o 3238 0.66
o 3237 11.54
o 3036 27.01
o 3024 97.05
o 2921 234.83
o 2728 234.83
staff-scheduling-instance4
o 3746 8.33
o 3645 8.33
o 3242 95.87
o 3230 277.97
o 2745 297.06
staff-scheduling-instance4
o 3534 19.44
o 3136 25.86
o 3029 46.76
o 2938 177.01
staff-scheduling-instance4
o 3541 44.17
o 3324 47.85
o 3239 157.07
o 3028 237.57
o 2749 253.67
