aes-sbox_8
o 810 233.680000
o 636 233.950000
o 581 233.970000
o 580 233.970000
o 576 233.970000
o 535 234.010000
o 517 234.030000
o 516 234.030000
o 515 234.030000
o 503 234.050000
o 502 234.050000
o 492 234.110000
o 475 234.160000
o 471 234.160000
o 470 234.180000
o 469 234.310000
o 468 234.310000
o 462 234.330000
462	234.330000
aes-sbox_8
o 810 269.660000
o 641 269.840000
o 588 269.860000
o 587 269.860000
o 578 269.870000
o 577 269.870000
o 545 269.890000
o 524 269.930000
o 515 269.960000
o 506 269.970000
o 498 269.980000
o 497 270.050000
o 496 270.050000
o 495 270.060000
o 494 270.060000
o 490 270.070000
o 487 270.080000
o 479 270.110000
o 478 270.210000
o 473 270.230000
o 468 270.240000
o 467 270.250000
o 466 270.250000
o 462 270.250000
o 461 270.260000
o 460 270.330000
460	270.330000
aes-sbox_8
o 810 300.210000
810	300.210000
aes-sbox_8
o 810 284.550000
o 637 284.900000
o 636 284.900000
o 595 284.910000
o 594 284.910000
o 588 284.920000
o 565 284.930000
o 527 284.970000
o 492 285.030000
o 487 285.040000
o 486 285.090000
o 480 285.150000
o 477 285.170000
o 475 285.460000
o 474 285.670000
o 473 285.670000
o 471 285.740000
o 470 285.750000
o 467 285.900000
o 466 286.330000
o 465 286.330000
o 464 286.770000
464	286.770000
aes-sbox_8
o 810 173.560000
o 634 173.890000
o 573 173.930000
o 563 173.940000
o 562 173.940000
o 538 173.970000
o 537 173.970000
o 532 173.980000
o 530 173.990000
o 524 174.010000
o 523 174.010000
o 517 174.010000
o 506 174.030000
o 498 174.050000
o 494 174.070000
o 493 174.070000
o 489 174.070000
o 482 174.100000
o 481 174.180000
o 480 174.180000
o 476 174.180000
o 467 174.520000
o 466 174.520000
466	174.520000
aes-sbox_8
o 810 139.560000
o 641 139.770000
o 588 139.800000
o 562 139.810000
o 558 139.820000
o 549 139.830000
o 547 139.830000
o 535 139.840000
o 534 139.870000
o 533 139.870000
o 531 139.880000
o 518 139.880000
o 517 139.880000
o 513 139.890000
o 511 139.890000
o 505 139.900000
o 504 139.900000
o 499 139.920000
o 493 139.920000
o 492 139.940000
o 485 139.970000
o 483 139.990000
o 481 140.010000
o 475 140.080000
o 473 140.170000
o 470 140.180000
o 462 140.200000
462	140.200000
aes-sbox_8
o 810 125.740000
o 555 126.000000
o 539 126.020000
o 538 126.020000
o 532 126.040000
o 531 126.040000
o 530 126.040000
o 524 126.050000
o 518 126.060000
o 501 126.080000
o 500 126.120000
o 490 126.120000
o 489 126.150000
o 482 126.150000
o 477 126.180000
o 474 126.430000
o 473 126.480000
o 472 126.540000
o 468 126.540000
468	126.540000
aes-sbox_8
o 810 189.780000
o 641 190.050000
o 640 190.050000
o 639 190.050000
o 638 190.050000
o 575 190.080000
o 533 190.110000
o 530 190.110000
o 526 190.120000
o 525 190.120000
o 515 190.140000
o 514 190.140000
o 513 190.140000
o 503 190.170000
o 502 190.200000
o 501 190.200000
o 495 190.200000
o 489 190.230000
o 488 190.230000
o 484 190.330000
o 473 190.360000
o 472 190.380000
o 470 190.380000
o 469 190.730000
o 467 190.730000
o 465 191.150000
465	191.150000
aes-sbox_8
o 810 269.940000
o 563 270.750000
o 562 270.760000
o 537 270.790000
o 529 270.800000
o 502 270.930000
o 495 270.960000
o 494 270.960000
o 493 270.960000
o 489 270.980000
o 484 271.010000
o 477 271.110000
o 469 271.240000
o 468 271.280000
468	271.280000
aes-sbox_8
o 810 256.900000
o 623 257.180000
o 621 257.180000
o 575 257.200000
o 574 257.200000
o 573 257.200000
o 572 257.200000
o 544 257.230000
o 534 257.250000
o 533 257.250000
o 532 257.250000
o 531 257.250000
o 525 257.260000
o 518 257.290000
o 517 257.290000
o 516 257.290000
o 515 257.350000
o 510 257.360000
o 509 257.360000
o 508 257.360000
o 507 257.360000
o 494 257.370000
o 493 257.370000
o 491 257.490000
o 485 257.490000
o 484 257.490000
o 478 257.570000
o 476 257.750000
o 475 257.750000
o 474 257.750000
o 472 257.760000
o 470 257.760000
o 469 257.770000
o 463 258.210000
o 462 258.230000
462	258.230000
