aes-mul_8_13
o 1184 2.080000
o 914 2.110000
o 913 2.110000
o 912 2.110000
o 911 2.110000
o 910 2.110000
o 909 2.110000
o 908 2.110000
o 907 2.110000
o 906 2.110000
o 905 2.110000
o 904 2.110000
o 903 2.110000
o 128 2.120000
o 122 2.120000
o 121 2.120000
o 120 2.120000
o 119 2.120000
o 118 2.120000
o 108 2.130000
o 106 2.130000
o 105 2.130000
o 102 2.130000
o 99 2.130000
o 96 2.130000
o 95 2.130000
o 94 2.130000
o 93 2.130000
o 92 2.130000
o 91 2.130000
o 90 2.130000
o 89 2.130000
o 88 2.130000
o 87 2.130000
o 85 7.800000
o 84 7.810000
o 83 7.860000
o 82 7.870000
o 81 7.870000
o 80 7.950000
o 79 7.950000
o 78 7.960000
o 77 7.960000
o 76 7.960000
o 75 7.960000
o 74 7.960000
o 73 7.960000
o 72 7.960000
o 71 7.970000
o 70 8.020000
o 68 8.250000
o 67 8.250000
o 66 8.250000
o 65 8.260000
o 64 8.270000
o 63 8.290000
o 62 8.290000
o 61 42.910000
o 60 42.910000
60	42.910000
aes-mul_8_13
o 1184 4.820000
o 172 4.880000
o 134 4.890000
o 117 4.890000
o 111 4.890000
o 108 4.890000
o 107 4.890000
o 106 4.890000
o 105 4.890000
o 104 4.890000
o 103 4.890000
o 102 4.890000
o 101 4.890000
o 100 4.890000
o 99 4.890000
o 98 4.890000
o 92 4.890000
o 91 4.890000
o 90 4.890000
o 89 4.900000
o 88 4.900000
o 85 17.780000
o 84 17.810000
o 83 17.810000
o 82 17.820000
o 81 17.820000
o 80 17.830000
o 79 17.830000
o 78 18.020000
o 77 18.020000
o 76 18.060000
o 74 18.060000
o 73 18.110000
o 72 18.120000
o 71 18.120000
o 70 18.120000
o 69 18.120000
o 68 18.120000
68	18.120000
aes-mul_8_13
o 1184 2.590000
o 179 2.620000
o 178 2.620000
o 177 2.620000
o 176 2.620000
o 175 2.620000
o 144 2.620000
o 143 2.620000
o 142 2.620000
o 141 2.620000
o 140 2.620000
o 133 2.620000
o 128 2.620000
o 127 2.620000
o 116 2.630000
o 115 2.630000
o 113 2.630000
o 112 2.630000
o 111 2.630000
o 110 2.630000
o 109 2.630000
o 107 2.630000
o 106 2.630000
o 105 2.630000
o 93 2.630000
o 92 2.630000
o 91 2.630000
o 90 2.630000
o 89 2.630000
o 88 2.630000
o 87 2.630000
o 86 2.630000
o 85 2.630000
o 84 2.630000
o 83 2.630000
o 82 2.630000
o 81 2.630000
o 80 2.630000
o 79 2.630000
o 78 2.630000
o 77 8.420000
o 76 8.420000
o 75 8.420000
o 74 8.420000
o 73 8.710000
o 72 8.720000
o 71 8.720000
o 70 8.730000
o 69 8.760000
o 68 8.810000
o 67 8.950000
o 66 8.950000
o 65 8.950000
o 64 8.950000
o 63 10.910000
o 62 10.910000
o 61 12.100000
o 60 12.100000
60	12.100000
aes-mul_8_13
o 1184 4.230000
o 200 4.290000
o 192 4.290000
o 191 4.290000
o 190 4.290000
o 184 4.290000
o 183 4.290000
o 182 4.290000
o 181 4.290000
o 180 4.290000
o 179 4.290000
o 176 4.290000
o 174 4.290000
o 172 4.290000
o 171 4.290000
o 170 4.290000
o 169 4.290000
o 164 4.290000
o 163 4.290000
o 162 4.290000
o 150 4.290000
o 124 4.290000
o 121 4.290000
o 120 4.290000
o 112 4.290000
o 109 4.290000
o 108 4.290000
o 107 4.290000
o 106 4.290000
o 105 4.290000
o 104 4.290000
o 103 4.290000
o 101 4.300000
o 97 4.300000
o 87 4.300000
o 84 4.300000
o 82 4.300000
o 81 4.300000
o 76 4.300000
o 75 4.300000
o 74 4.300000
o 73 21.210000
o 72 21.210000
o 71 21.210000
o 70 21.210000
o 69 21.210000
o 68 21.220000
o 67 21.220000
o 66 21.390000
o 65 21.410000
o 64 21.500000
64	21.500000
aes-mul_8_13
o 1184 1.650000
o 158 1.670000
o 157 1.670000
o 156 1.670000
o 155 1.670000
o 154 1.670000
o 153 1.670000
o 152 1.670000
o 151 1.670000
o 150 1.670000
o 149 1.670000
o 148 1.670000
o 147 1.670000
o 146 1.670000
o 145 1.670000
o 144 1.670000
o 143 1.670000
o 142 1.670000
o 141 1.670000
o 140 1.670000
o 139 1.670000
o 138 1.670000
o 137 1.670000
o 136 1.670000
o 135 1.670000
o 134 1.670000
o 133 1.670000
o 132 1.670000
o 131 1.670000
o 130 1.670000
o 129 1.670000
o 128 1.670000
o 127 1.670000
o 126 1.670000
o 124 1.670000
o 123 1.670000
o 122 1.670000
o 121 1.670000
o 120 1.670000
o 100 1.670000
o 99 1.670000
o 97 1.670000
o 96 1.670000
o 95 1.670000
o 94 1.670000
o 93 1.670000
o 92 1.670000
o 91 1.670000
o 90 1.670000
o 89 1.670000
o 88 1.670000
o 87 1.670000
o 86 1.680000
o 85 1.680000
o 84 1.680000
o 83 1.680000
o 82 1.680000
o 81 1.680000
o 80 1.680000
o 79 1.680000
o 78 5.910000
o 77 5.910000
o 76 5.910000
o 75 5.920000
o 74 5.920000
o 73 5.950000
o 72 5.980000
o 71 5.980000
o 70 5.980000
o 69 5.980000
o 68 5.980000
o 67 5.980000
o 66 6.000000
o 65 6.010000
o 64 6.010000
o 63 6.010000
o 62 6.050000
o 61 12.610000
o 60 12.610000
60	12.610000
aes-mul_8_13
o 1184 2.570000
o 236 2.610000
o 235 2.610000
o 234 2.610000
o 233 2.610000
o 232 2.610000
o 150 2.610000
o 141 2.610000
o 120 2.610000
o 119 2.610000
o 118 2.610000
o 117 2.610000
o 114 2.610000
o 110 2.610000
o 109 2.610000
o 108 2.610000
o 107 2.610000
o 106 2.610000
o 105 2.610000
o 104 2.610000
o 88 2.610000
o 87 2.610000
o 86 2.610000
o 85 2.610000
o 84 2.610000
o 83 2.610000
o 82 2.610000
o 81 2.610000
o 80 2.620000
o 78 2.620000
o 76 2.620000
o 75 9.020000
o 74 9.020000
o 73 9.070000
o 72 9.070000
o 71 9.070000
o 70 9.090000
o 69 9.090000
o 68 9.100000
o 67 9.100000
o 66 9.100000
o 65 9.230000
o 64 9.230000
o 63 25.870000
o 62 25.870000
o 61 25.870000
61	25.870000
aes-mul_8_13
o 1184 2.330000
o 156 2.370000
o 155 2.370000
o 154 2.370000
o 153 2.370000
o 152 2.370000
o 151 2.370000
o 150 2.370000
o 149 2.370000
o 129 2.370000
o 125 2.370000
o 107 2.370000
o 106 2.370000
o 104 2.370000
o 100 2.370000
o 99 2.370000
o 98 2.370000
o 96 2.370000
o 95 2.370000
o 94 2.370000
o 93 2.370000
o 92 2.370000
o 91 2.370000
o 90 2.370000
o 89 2.370000
o 88 2.370000
o 83 2.370000
o 80 2.370000
o 79 2.370000
o 78 2.370000
o 77 2.370000
o 76 2.370000
o 75 2.370000
o 74 2.370000
o 73 7.950000
o 72 7.950000
o 71 7.950000
o 70 7.950000
o 69 7.950000
o 68 7.980000
o 67 8.020000
o 66 8.020000
o 65 8.050000
o 64 8.050000
o 63 8.050000
o 62 8.050000
o 61 10.360000
o 60 10.360000
60	10.360000
aes-mul_8_13
o 1184 2.060000
o 1099 2.080000
o 1098 2.080000
o 1097 2.080000
o 1096 2.080000
o 1095 2.080000
o 1094 2.080000
o 1093 2.080000
o 1092 2.080000
o 1091 2.080000
o 1090 2.080000
o 1089 2.080000
o 1088 2.080000
o 1087 2.080000
o 1086 2.080000
o 1085 2.080000
o 1084 2.080000
o 1083 2.080000
o 1082 2.080000
o 1081 2.080000
o 1080 2.080000
o 1079 2.080000
o 1078 2.080000
o 236 2.090000
o 235 2.090000
o 234 2.090000
o 233 2.090000
o 232 2.090000
o 141 2.090000
o 123 2.090000
o 113 2.100000
o 110 2.100000
o 109 2.100000
o 106 2.100000
o 105 2.100000
o 104 2.100000
o 99 2.100000
o 98 2.100000
o 96 2.100000
o 95 2.100000
o 94 2.100000
o 93 2.100000
o 92 2.100000
o 91 2.100000
o 90 2.100000
o 89 2.100000
o 88 2.100000
o 87 2.100000
o 86 2.100000
o 85 2.100000
o 84 2.100000
o 83 9.340000
o 82 9.350000
o 81 9.350000
o 80 9.350000
o 79 9.350000
o 78 9.350000
o 77 9.370000
o 76 9.370000
o 75 9.370000
o 74 9.370000
o 73 9.370000
o 72 9.380000
o 71 9.380000
o 70 9.410000
o 69 9.410000
o 68 9.410000
o 67 9.460000
o 66 9.470000
o 65 233.720000
o 64 233.730000
o 63 233.730000
o 62 233.730000
o 61 241.380000
o 60 241.380000
60	241.380000
aes-mul_8_13
o 1184 6.030000
o 169 6.120000
o 168 6.120000
o 131 6.120000
o 130 6.130000
o 129 6.130000
o 125 6.130000
o 123 6.130000
o 120 6.130000
o 119 6.130000
o 109 6.130000
o 108 6.130000
o 107 6.130000
o 106 6.130000
o 105 6.130000
o 104 6.130000
o 103 6.130000
o 102 6.130000
o 101 6.130000
o 100 6.130000
o 95 6.130000
o 94 6.130000
o 93 6.140000
o 92 6.140000
o 91 6.140000
o 89 6.140000
o 88 6.140000
o 87 6.140000
o 86 6.140000
o 85 6.140000
o 84 6.140000
o 83 6.140000
o 82 6.140000
o 81 6.140000
o 80 19.340000
o 79 19.340000
o 78 19.340000
o 77 19.340000
o 76 19.340000
o 75 19.340000
o 74 19.340000
o 73 19.350000
o 72 19.350000
o 71 19.350000
o 70 19.350000
o 69 19.350000
o 68 19.350000
o 67 19.350000
o 66 19.350000
o 65 19.350000
o 64 19.350000
o 63 19.410000
o 62 19.410000
o 61 19.410000
o 60 19.520000
60	19.520000
aes-mul_8_13
o 1184 3.550000
o 183 3.600000
o 182 3.600000
o 181 3.600000
o 151 3.610000
o 149 3.610000
o 148 3.610000
o 146 3.610000
o 135 3.610000
o 132 3.610000
o 131 3.610000
o 130 3.610000
o 129 3.610000
o 128 3.610000
o 127 3.610000
o 126 3.610000
o 125 3.610000
o 124 3.610000
o 123 3.610000
o 122 3.610000
o 121 3.610000
o 117 3.610000
o 115 3.610000
o 114 3.610000
o 111 3.610000
o 109 3.610000
o 108 3.610000
o 103 3.610000
o 101 3.610000
o 99 3.610000
o 98 3.610000
o 97 3.620000
o 96 3.620000
o 95 3.620000
o 94 3.620000
o 93 3.620000
o 92 3.620000
o 91 3.620000
o 90 3.620000
o 89 3.620000
o 88 3.620000
o 87 3.620000
o 86 14.760000
o 85 14.760000
o 84 14.760000
o 83 14.780000
o 80 14.780000
o 79 14.780000
o 78 14.780000
o 77 14.790000
o 76 14.800000
o 75 14.800000
o 74 14.800000
o 73 14.800000
o 72 14.800000
o 71 14.810000
o 70 14.810000
o 69 14.810000
o 68 14.810000
o 67 14.810000
o 66 14.810000
o 65 14.810000
o 64 14.810000
o 63 14.810000
o 62 14.810000
o 61 23.760000
o 60 23.760000
60	23.760000
