decision-tree-lymph-un-formula_0.8_2021_atleast_31_max-4_reduced_incomplete_tree
o 57 0.260000
o 56 0.280000
o 55 0.280000
o 54 0.280000
o 53 0.280000
o 52 0.280000
o 32 22.630000
o 27 31.240000
27	31.240000
decision-tree-lymph-un-formula_0.8_2021_atleast_31_max-4_reduced_incomplete_tree
o 55 0.270000
o 54 0.280000
o 53 0.280000
o 52 0.280000
o 51 0.280000
o 50 0.280000
o 49 0.280000
o 48 0.280000
o 47 0.280000
o 46 0.280000
o 45 0.280000
o 44 0.280000
o 43 0.280000
o 42 0.280000
o 41 0.280000
o 40 0.280000
o 39 0.280000
o 32 12.000000
o 28 13.280000
o 27 15.760000
27	15.760000
decision-tree-lymph-un-formula_0.8_2021_atleast_31_max-4_reduced_incomplete_tree
o 117 0.380000
o 116 0.390000
o 115 0.390000
o 114 0.390000
o 113 0.390000
o 112 0.390000
o 111 0.390000
o 110 0.390000
o 109 0.390000
o 108 0.390000
o 107 0.390000
o 106 0.390000
o 105 0.390000
o 104 0.390000
o 103 0.390000
o 102 0.390000
o 101 0.390000
o 100 0.390000
o 99 0.390000
o 98 0.390000
o 97 0.390000
o 96 0.390000
o 95 0.390000
o 94 0.390000
o 93 0.390000
o 92 0.390000
o 91 0.390000
o 90 0.390000
o 89 0.390000
o 88 0.390000
o 87 0.390000
o 86 0.390000
o 85 0.390000
o 84 0.390000
o 83 0.390000
o 82 0.390000
o 81 0.390000
o 80 0.390000
o 79 0.390000
o 78 0.390000
o 77 0.390000
o 76 0.390000
o 75 0.390000
o 74 0.390000
o 73 0.390000
o 72 0.390000
o 71 0.390000
o 70 0.390000
o 69 0.390000
o 68 0.390000
o 67 0.390000
o 66 0.390000
o 65 0.390000
o 32 11.440000
o 27 64.070000
27	64.070000
decision-tree-lymph-un-formula_0.8_2021_atleast_31_max-4_reduced_incomplete_tree
o 48 1.690000
o 47 1.760000
o 46 1.760000
o 45 1.760000
o 44 1.760000
o 43 1.760000
o 42 1.760000
o 41 1.760000
o 40 1.760000
o 39 1.760000
o 38 1.760000
o 32 15.490000
o 27 24.810000
27	24.810000
decision-tree-lymph-un-formula_0.8_2021_atleast_31_max-4_reduced_incomplete_tree
o 71 5.170000
o 70 5.250000
o 69 5.250000
o 68 5.250000
o 67 5.250000
o 66 5.250000
o 65 5.250000
o 64 5.250000
o 63 5.250000
o 62 5.250000
o 61 5.250000
o 60 5.250000
o 59 5.250000
o 58 5.250000
o 57 5.250000
o 56 5.250000
o 55 5.250000
o 54 5.250000
o 53 5.250000
o 52 5.250000
o 51 5.250000
o 50 5.250000
o 49 5.250000
o 48 5.250000
o 47 5.250000
o 46 5.250000
o 45 5.250000
o 44 5.250000
o 43 5.250000
o 32 37.430000
o 27 50.480000
27	50.480000
decision-tree-lymph-un-formula_0.8_2021_atleast_31_max-4_reduced_incomplete_tree
o 76 0.280000
o 75 0.290000
o 74 0.290000
o 73 0.290000
o 72 0.290000
o 71 0.290000
o 70 0.290000
o 69 0.290000
o 68 0.290000
o 67 0.290000
o 66 0.290000
o 65 0.290000
o 64 0.290000
o 63 0.290000
o 62 0.290000
o 61 0.290000
o 60 0.290000
o 59 0.290000
o 58 0.290000
o 57 0.290000
o 56 0.290000
o 55 0.290000
o 54 0.290000
o 53 0.290000
o 52 0.290000
o 32 71.870000
o 27 83.250000
27	83.250000
decision-tree-lymph-un-formula_0.8_2021_atleast_31_max-4_reduced_incomplete_tree
o 45 0.280000
o 44 0.290000
o 43 0.290000
o 42 0.290000
o 41 0.290000
o 40 0.290000
o 39 0.290000
o 28 22.970000
o 27 24.430000
27	24.430000
decision-tree-lymph-un-formula_0.8_2021_atleast_31_max-4_reduced_incomplete_tree
o 88 0.290000
o 87 0.300000
o 86 0.300000
o 85 0.300000
o 84 0.300000
o 83 0.300000
o 82 0.300000
o 81 0.300000
o 80 0.300000
o 79 0.300000
o 78 0.300000
o 77 0.300000
o 76 0.300000
o 75 0.300000
o 74 0.300000
o 73 0.300000
o 72 0.300000
o 71 0.300000
o 70 0.300000
o 69 0.300000
o 68 0.300000
o 67 0.300000
o 66 0.300000
o 65 0.300000
o 64 0.300000
o 63 0.300000
o 62 0.300000
o 61 0.300000
o 60 0.300000
o 59 0.300000
o 58 0.300000
o 57 0.300000
o 56 0.300000
o 55 0.300000
o 54 0.300000
o 53 0.300000
o 52 0.300000
o 51 0.300000
o 50 0.300000
o 49 0.300000
o 48 0.300000
o 47 0.300000
o 46 0.300000
o 45 0.300000
o 44 0.300000
o 43 0.300000
o 42 0.300000
o 41 0.300000
o 40 0.300000
o 39 0.300000
o 27 60.590000
27	60.590000
decision-tree-lymph-un-formula_0.8_2021_atleast_31_max-4_reduced_incomplete_tree
o 70 0.660000
o 69 0.690000
o 68 0.690000
o 67 0.690000
o 66 0.690000
o 65 0.690000
o 64 0.690000
o 63 0.690000
o 62 0.690000
o 61 0.690000
o 60 0.690000
o 59 0.690000
o 58 0.690000
o 57 0.690000
o 56 0.690000
o 55 0.690000
o 54 0.690000
o 32 12.450000
o 28 20.810000
o 27 22.650000
27	22.650000
decision-tree-lymph-un-formula_0.8_2021_atleast_31_max-4_reduced_incomplete_tree
o 61 0.400000
o 60 0.410000
o 59 0.410000
o 58 0.410000
o 57 0.410000
o 56 0.410000
o 55 0.410000
o 54 0.410000
o 53 0.410000
o 52 0.410000
o 51 0.410000
o 50 0.410000
o 49 0.410000
o 48 0.410000
o 47 0.410000
o 46 0.410000
o 45 0.410000
o 44 0.410000
o 43 0.410000
o 42 0.410000
o 41 0.410000
o 40 0.410000
o 39 0.410000
o 38 0.410000
o 37 0.410000
o 36 0.410000
o 35 0.410000
o 34 0.410000
o 32 24.630000
o 27 30.390000
o 22 34.690000
22	34.690000
