decision-tree-kr-vs-kp-un-formula_0.8_2021_atleast_63_max-5_reduced_incomplete_tree
o 1425 6.240000
o 1424 6.340000
o 1423 6.340000
o 1422 6.340000
o 1421 6.340000
o 1420 6.340000
o 1419 6.340000
o 1418 6.340000
o 1417 6.340000
o 1416 6.340000
o 1415 6.340000
o 1414 6.340000
o 1413 6.340000
o 1412 6.340000
o 1411 6.340000
o 1410 6.340000
o 1409 6.340000
o 1408 6.340000
o 1407 6.340000
o 1406 6.340000
o 1405 6.340000
o 1404 6.340000
o 1403 6.340000
o 1402 6.340000
o 1401 6.340000
o 1400 6.340000
o 1399 6.340000
o 1398 6.340000
o 1397 6.340000
o 1396 6.340000
o 1395 6.340000
o 1394 6.340000
o 1393 6.340000
o 1392 6.340000
o 1391 6.340000
o 1390 6.340000
o 1389 6.340000
o 1388 6.340000
o 1387 6.340000
o 1386 6.340000
o 1385 6.340000
o 1384 6.340000
o 1383 6.340000
o 1382 6.340000
o 1381 6.340000
o 1380 6.340000
o 1379 6.340000
o 1378 6.340000
o 1377 6.340000
o 1376 6.340000
o 1375 6.340000
o 1374 6.340000
o 1373 6.340000
o 1372 6.340000
o 1371 6.340000
o 1370 6.340000
o 1369 6.340000
o 1368 6.340000
o 1367 6.340000
o 1366 6.340000
o 1365 6.340000
o 1364 6.340000
o 1363 6.340000
o 1362 6.340000
o 1361 6.340000
o 1360 6.340000
o 1359 6.340000
o 1358 6.340000
o 1357 6.340000
o 1356 6.340000
o 1355 6.340000
o 1354 6.340000
o 1353 6.340000
o 1352 6.340000
o 1351 6.340000
o 1350 6.340000
o 1349 6.340000
o 1348 6.340000
o 1347 6.340000
o 1346 6.340000
o 1345 6.340000
o 1344 6.340000
o 1343 6.340000
o 1342 6.340000
o 1341 6.340000
o 1340 6.340000
o 1339 6.340000
o 1338 6.340000
o 1337 6.340000
o 1336 6.340000
o 1335 6.340000
o 1334 6.340000
o 1333 6.340000
o 1332 6.340000
o 1331 6.340000
o 1330 6.340000
o 1329 6.340000
o 1328 6.350000
o 1327 6.350000
o 1326 6.350000
o 1325 6.350000
o 1324 6.350000
o 1323 6.350000
o 1322 6.350000
o 1321 6.350000
o 1320 6.350000
o 1319 6.350000
o 1318 6.350000
o 1317 6.350000
o 1316 6.350000
o 1315 6.350000
o 1314 6.350000
o 1313 6.350000
o 1312 6.350000
o 1311 6.350000
o 1310 6.350000
o 1309 6.350000
o 1308 6.350000
o 1307 6.350000
o 1306 6.350000
o 1305 6.350000
o 1304 6.350000
o 1303 6.350000
o 1302 6.350000
o 1301 6.350000
o 1300 6.350000
o 1299 6.350000
o 1298 6.350000
o 1297 6.350000
o 1296 6.350000
o 1295 6.350000
o 1294 6.350000
o 1293 6.350000
o 1292 6.350000
o 1291 6.350000
o 1290 6.350000
o 1289 6.350000
o 1288 6.350000
o 1287 6.350000
o 1286 6.350000
o 1285 6.350000
o 1284 6.350000
o 1283 6.350000
o 1282 6.350000
o 1281 6.350000
o 1280 6.350000
o 1279 6.350000
o 1278 6.350000
o 1277 6.350000
o 1276 6.350000
o 1275 6.350000
o 1274 6.350000
o 1273 6.350000
o 1272 6.350000
o 1271 6.350000
o 1270 6.350000
o 1269 6.350000
o 1268 6.350000
o 1267 6.350000
o 1266 6.350000
o 1265 6.350000
o 1264 6.350000
o 1263 6.350000
o 1262 6.350000
o 1261 6.350000
o 1260 6.350000
o 1259 6.350000
o 1258 6.350000
o 1257 6.350000
o 1256 6.350000
o 1255 6.350000
o 1254 6.350000
o 1253 6.350000
o 1252 6.350000
o 1251 6.350000
o 1250 6.350000
o 1249 6.350000
o 1248 6.350000
o 1247 6.350000
o 1246 6.350000
o 1245 6.350000
1245	6.350000
decision-tree-kr-vs-kp-un-formula_0.8_2021_atleast_63_max-5_reduced_incomplete_tree
o 1682 7.240000
o 1681 7.350000
o 1680 7.350000
o 1679 7.350000
o 1678 7.350000
o 1677 7.350000
o 1676 7.350000
o 1675 7.350000
o 1674 7.350000
o 1673 7.350000
o 1672 7.350000
o 1671 7.350000
o 1670 7.350000
o 1669 7.350000
o 1668 7.350000
o 1667 7.350000
o 1666 7.350000
o 1665 7.350000
o 1664 7.350000
o 1663 7.350000
o 1662 7.350000
o 1661 7.350000
o 1660 7.350000
o 1659 7.350000
o 1658 7.350000
o 1657 7.350000
o 1656 7.350000
o 1655 7.350000
o 1654 7.350000
o 1653 7.350000
o 1652 7.350000
o 1651 7.350000
o 1650 7.350000
o 1649 7.350000
o 1648 7.350000
o 1647 7.350000
o 1646 7.350000
o 1645 7.350000
o 1644 7.350000
o 1643 7.350000
o 1642 7.350000
o 1641 7.350000
o 1640 7.350000
o 1639 7.350000
o 1638 7.350000
o 1637 7.350000
o 1636 7.350000
o 1635 7.350000
o 1634 7.350000
o 1633 7.350000
o 1632 7.350000
o 1631 7.350000
o 1630 7.350000
o 1629 7.350000
o 1628 7.360000
o 1627 7.360000
o 1626 7.360000
o 1625 7.360000
o 1624 7.360000
o 1623 7.360000
o 1622 7.360000
o 1621 7.360000
o 1620 7.360000
o 1619 7.360000
o 1618 7.360000
o 1617 7.360000
o 1616 7.360000
o 1615 7.360000
o 1614 7.360000
o 1613 7.360000
o 1612 7.360000
o 1611 7.360000
o 1610 7.360000
o 1609 7.360000
o 1608 7.360000
o 1607 7.360000
o 1606 7.360000
o 1605 7.360000
o 1604 7.360000
o 1603 7.360000
o 1602 7.360000
o 1601 7.360000
o 1600 7.360000
o 1599 7.360000
o 1598 7.360000
o 1597 7.360000
o 1596 7.360000
o 1595 7.360000
o 1594 7.360000
o 1593 7.360000
o 1592 7.360000
o 1591 7.360000
o 1590 7.360000
o 1589 7.360000
o 1588 7.360000
o 1587 7.360000
o 1586 7.360000
o 1585 7.360000
o 1584 7.360000
o 1583 7.360000
o 1582 7.360000
o 1581 7.360000
o 1580 7.360000
o 1579 7.360000
o 1578 7.360000
o 1577 7.360000
o 1576 7.360000
o 1575 7.360000
o 1574 7.360000
o 1573 7.360000
o 1572 7.360000
o 1571 7.360000
o 1570 7.360000
o 1569 7.360000
o 1568 7.360000
o 1567 7.360000
o 1566 7.360000
o 1565 7.360000
o 1564 7.360000
o 1563 7.360000
o 1562 7.360000
o 1561 7.360000
o 1560 7.360000
o 1559 7.360000
o 1558 7.360000
o 1557 7.360000
o 1556 7.360000
o 1555 7.360000
o 1554 7.360000
o 1553 7.360000
o 1552 7.360000
o 1551 7.360000
o 1550 7.360000
o 1549 7.360000
o 1548 7.360000
o 1547 7.360000
o 1546 7.360000
o 1545 7.360000
o 1544 7.360000
o 1543 7.360000
o 1542 7.360000
o 1541 7.360000
o 1540 7.360000
o 1539 7.360000
o 1538 7.360000
o 1537 7.360000
o 1536 7.360000
o 1535 7.360000
o 1534 7.360000
o 1533 7.360000
o 1532 7.360000
o 1531 7.360000
o 1530 7.360000
o 1529 7.360000
o 1528 7.360000
o 1527 7.360000
o 1526 7.360000
o 1525 7.360000
o 1524 7.360000
o 1523 7.360000
o 1522 7.360000
o 1521 7.360000
o 1520 7.360000
o 1519 7.360000
o 1518 7.360000
o 1517 7.360000
o 1516 7.360000
o 1515 7.360000
o 1514 7.360000
o 1513 7.360000
o 1512 7.360000
o 1511 7.370000
o 1510 7.370000
o 1509 7.370000
o 1508 7.370000
o 1507 7.370000
o 1506 7.370000
o 1505 7.370000
o 1504 7.370000
o 1503 7.370000
o 1502 7.370000
o 1501 7.370000
o 1500 7.370000
o 1499 7.370000
o 1498 7.370000
o 1497 7.370000
o 1496 7.370000
o 1495 7.370000
o 1494 7.370000
o 1493 7.370000
o 1492 7.370000
o 1491 7.370000
o 1490 7.370000
o 1489 7.370000
o 1488 7.370000
o 1487 7.370000
o 1486 7.370000
o 1485 7.370000
o 1484 7.370000
o 1483 7.370000
o 1482 7.370000
o 1481 7.370000
o 1480 7.370000
o 1479 7.370000
o 1478 7.370000
o 1477 7.370000
o 1476 7.370000
o 1475 7.370000
o 1474 7.370000
o 1473 7.370000
o 1472 7.370000
o 1471 7.370000
o 1470 7.370000
o 1469 7.370000
o 1468 7.370000
o 1467 7.370000
o 1466 7.370000
o 1465 7.370000
o 1464 7.370000
o 1463 7.370000
o 1462 7.370000
o 1461 7.370000
o 1460 7.370000
o 1459 7.370000
o 1458 7.370000
o 1457 7.370000
o 1456 7.370000
o 1455 7.370000
o 1454 7.370000
o 1453 7.370000
o 1452 7.370000
o 1451 7.370000
o 1450 7.370000
o 1449 7.370000
o 1448 7.370000
o 1447 7.370000
o 1446 7.370000
o 1445 7.370000
o 1444 7.370000
o 1443 7.370000
o 1442 7.370000
o 1441 7.370000
o 1440 7.370000
o 1439 7.370000
o 1438 7.370000
o 1437 7.370000
o 1436 7.370000
o 1435 7.370000
o 1434 7.370000
o 1433 7.370000
o 1432 7.370000
o 1431 7.370000
o 1430 7.370000
o 1429 7.370000
o 1428 7.370000
o 1427 7.370000
o 1426 7.370000
o 1425 7.370000
o 1424 7.370000
o 1423 7.370000
o 1422 7.370000
o 1421 7.370000
o 1420 7.370000
o 1419 7.370000
o 1418 7.370000
o 1417 7.370000
o 1416 7.370000
o 1415 7.370000
o 1414 7.370000
o 1413 7.370000
o 1412 7.370000
o 1411 7.370000
o 1410 7.370000
o 1409 7.370000
o 1408 7.370000
o 1407 7.370000
o 1406 7.370000
o 1405 7.370000
o 1404 7.370000
o 1403 7.370000
o 1402 7.370000
o 1401 7.370000
o 1400 7.370000
o 1399 7.370000
o 1398 7.370000
o 1397 7.370000
o 1396 7.370000
o 1395 7.370000
o 1394 7.370000
o 1393 7.370000
o 1392 7.370000
o 1391 7.370000
o 1390 7.370000
o 1389 7.370000
o 1388 7.370000
o 1387 7.380000
o 1386 7.380000
o 1385 7.380000
o 1384 7.380000
o 1383 7.380000
o 1382 7.380000
o 1381 7.380000
o 1380 7.380000
o 1379 7.380000
o 1378 7.380000
o 1377 7.380000
o 1376 7.380000
o 1375 7.380000
o 1374 7.380000
o 1373 7.380000
o 1372 7.380000
o 1371 7.380000
o 1370 7.380000
o 1369 7.380000
o 1368 7.380000
o 1367 7.380000
o 1366 7.380000
o 1365 7.380000
o 1364 7.380000
o 1363 7.380000
o 1362 7.380000
o 1361 7.380000
o 1360 7.380000
o 1359 7.380000
o 1358 7.380000
o 1357 7.380000
o 1356 7.380000
o 1355 7.380000
o 1354 7.380000
o 1353 7.380000
o 1352 7.380000
o 1351 7.380000
o 1350 7.380000
o 1349 7.380000
o 1348 7.380000
o 1347 7.380000
o 1346 7.380000
o 1345 7.380000
o 1344 7.380000
o 1343 7.380000
o 1342 7.380000
o 1341 7.380000
o 1340 7.380000
o 1339 7.380000
o 1338 7.380000
o 1337 7.380000
o 1336 7.380000
o 1335 7.380000
o 1334 7.380000
o 1333 7.380000
o 1332 7.380000
o 1331 7.380000
o 1330 7.380000
o 1329 7.380000
o 1328 7.380000
o 1327 7.380000
o 1326 7.380000
o 1325 7.380000
o 1324 7.380000
o 1323 7.380000
o 1322 7.380000
o 1321 7.380000
o 1320 7.380000
o 1319 7.380000
o 1318 7.380000
o 1317 7.380000
o 1316 7.380000
o 1315 7.380000
o 1314 7.380000
o 1313 7.380000
o 1312 7.380000
o 1311 7.380000
o 1310 7.380000
o 1309 7.380000
o 1308 7.380000
o 1307 7.380000
o 1306 7.380000
o 1305 7.380000
o 1304 7.380000
o 1303 7.380000
o 1302 7.380000
o 1301 7.380000
o 1300 7.380000
o 1299 7.380000
o 1298 7.380000
o 1297 7.380000
o 1296 7.380000
o 1295 7.380000
o 1294 7.380000
o 1293 7.380000
o 1292 7.380000
o 1291 7.380000
o 1290 7.380000
o 1289 7.380000
o 1288 7.380000
o 1287 7.380000
o 1286 7.380000
o 1285 7.380000
o 1284 7.380000
o 1283 7.380000
o 1282 7.380000
o 1281 7.380000
o 1280 7.380000
o 1279 7.380000
o 1278 7.380000
o 1277 7.380000
o 1276 7.380000
o 1275 7.380000
o 1274 7.380000
o 1273 7.380000
o 1272 7.380000
o 1271 7.390000
o 1270 7.390000
o 1269 7.390000
o 1268 7.390000
o 1267 7.390000
o 1266 7.390000
o 1265 7.390000
o 1264 7.390000
o 1263 7.390000
o 1262 7.390000
o 1261 7.390000
o 1260 7.390000
o 1259 7.390000
o 1258 7.390000
o 1257 7.390000
o 1256 7.390000
o 1255 7.390000
o 1254 7.390000
o 1253 7.390000
o 1252 7.390000
o 1251 7.390000
o 1250 7.390000
o 1249 7.390000
o 1248 7.390000
o 1247 7.390000
1247	7.390000
decision-tree-kr-vs-kp-un-formula_0.8_2021_atleast_63_max-5_reduced_incomplete_tree
o 1922 14.650000
o 1921 14.890000
o 1920 14.900000
o 1919 14.900000
o 1918 14.900000
o 1917 14.900000
o 1916 14.900000
o 1915 14.900000
o 1914 14.900000
o 1913 14.900000
o 1912 14.900000
o 1911 14.900000
o 1910 14.900000
o 1909 14.900000
o 1908 14.900000
o 1907 14.900000
o 1906 14.900000
o 1905 14.900000
o 1904 14.900000
o 1903 14.900000
o 1902 14.900000
o 1901 14.900000
o 1900 14.900000
o 1899 14.900000
o 1898 14.900000
o 1897 14.900000
o 1896 14.900000
o 1895 14.900000
o 1894 14.900000
o 1893 14.900000
o 1892 14.900000
o 1891 14.900000
o 1890 14.900000
o 1889 14.900000
o 1888 14.900000
o 1887 14.900000
o 1886 14.900000
o 1885 14.900000
o 1884 14.900000
o 1883 14.900000
o 1882 14.900000
o 1881 14.900000
o 1880 14.900000
o 1879 14.900000
o 1878 14.900000
o 1877 14.900000
o 1876 14.900000
o 1875 14.900000
o 1874 14.900000
o 1873 14.900000
o 1872 14.900000
o 1871 14.900000
o 1870 14.900000
o 1869 14.900000
o 1868 14.900000
o 1867 14.900000
o 1866 14.900000
o 1865 14.900000
o 1864 14.900000
o 1863 14.900000
o 1862 14.900000
o 1861 14.900000
o 1860 14.900000
o 1859 14.900000
o 1858 14.900000
o 1857 14.900000
o 1856 14.900000
o 1855 14.900000
o 1854 14.900000
o 1853 14.900000
o 1852 14.900000
o 1851 14.900000
o 1850 14.900000
o 1849 14.900000
o 1848 14.900000
o 1847 14.900000
o 1846 14.900000
o 1845 14.900000
o 1844 14.900000
o 1843 14.900000
o 1842 14.900000
o 1841 14.900000
o 1840 14.900000
o 1839 14.900000
o 1838 14.900000
o 1837 14.900000
o 1836 14.900000
o 1835 14.900000
o 1834 14.910000
o 1833 14.910000
o 1832 14.910000
o 1831 14.910000
o 1830 14.910000
o 1829 14.910000
o 1828 14.910000
o 1827 14.910000
o 1826 14.910000
o 1825 14.910000
o 1824 14.910000
o 1823 14.910000
o 1822 14.910000
o 1821 14.910000
o 1820 14.910000
o 1819 14.910000
o 1818 14.910000
o 1817 14.910000
o 1816 14.910000
o 1815 14.910000
o 1814 14.910000
o 1813 14.910000
o 1812 14.910000
o 1811 14.910000
o 1810 14.910000
o 1809 14.910000
o 1808 14.910000
o 1807 14.910000
o 1806 14.910000
o 1805 14.910000
o 1804 14.910000
o 1803 14.910000
o 1802 14.910000
o 1801 14.910000
o 1800 14.910000
o 1799 14.910000
o 1798 14.910000
o 1797 14.910000
o 1796 14.910000
o 1795 14.910000
o 1794 14.910000
o 1793 14.910000
o 1792 14.910000
o 1791 14.910000
o 1790 14.910000
o 1789 14.910000
o 1788 14.910000
o 1787 14.910000
o 1786 14.910000
o 1785 14.910000
o 1784 14.910000
o 1783 14.910000
o 1782 14.910000
o 1781 14.910000
o 1780 14.910000
o 1779 14.910000
o 1778 14.910000
o 1777 14.910000
o 1776 14.910000
o 1775 14.910000
o 1774 14.910000
o 1773 14.910000
o 1772 14.910000
o 1771 14.910000
o 1770 14.910000
o 1769 14.910000
o 1768 14.910000
o 1767 14.910000
o 1766 14.910000
o 1765 14.910000
o 1764 14.910000
o 1763 14.910000
o 1762 14.910000
o 1761 14.910000
o 1760 14.910000
o 1759 14.910000
o 1758 14.910000
o 1757 14.910000
o 1756 14.910000
o 1755 14.910000
o 1754 14.910000
o 1753 14.910000
o 1752 14.910000
o 1751 14.910000
o 1750 14.910000
o 1749 14.910000
o 1748 14.910000
o 1747 14.910000
o 1746 14.910000
o 1745 14.910000
o 1744 14.910000
o 1743 14.910000
o 1742 14.910000
o 1741 14.910000
o 1740 14.910000
o 1739 14.920000
o 1738 14.920000
o 1737 14.920000
o 1736 14.920000
o 1735 14.920000
o 1734 14.920000
o 1733 14.920000
o 1732 14.920000
o 1731 14.920000
o 1730 14.920000
o 1729 14.920000
o 1728 14.920000
o 1727 14.920000
o 1726 14.920000
o 1725 14.920000
o 1724 14.920000
o 1723 14.920000
o 1722 14.920000
o 1721 14.920000
o 1720 14.920000
o 1719 14.920000
o 1718 14.920000
o 1717 14.920000
o 1716 14.920000
o 1715 14.920000
o 1714 14.920000
o 1713 14.920000
o 1712 14.920000
o 1711 14.920000
o 1710 14.920000
o 1709 14.920000
o 1708 14.920000
o 1707 14.920000
o 1706 14.920000
o 1705 14.920000
o 1704 14.920000
o 1703 14.920000
o 1702 14.920000
o 1701 14.920000
o 1700 14.920000
o 1699 14.920000
o 1698 14.920000
o 1697 14.920000
o 1696 14.920000
o 1695 14.920000
o 1694 14.920000
o 1693 14.920000
o 1692 14.920000
o 1691 14.920000
o 1690 14.920000
o 1689 14.920000
o 1688 14.920000
o 1687 14.920000
o 1686 14.920000
o 1685 14.920000
o 1684 14.920000
o 1683 14.920000
o 1682 14.920000
o 1681 14.920000
o 1680 14.920000
o 1679 14.920000
o 1678 14.920000
o 1677 14.920000
o 1676 14.920000
o 1675 14.920000
o 1674 14.920000
o 1673 14.920000
o 1672 14.920000
o 1671 14.920000
o 1670 14.920000
o 1669 14.920000
o 1668 14.920000
o 1667 14.920000
o 1666 14.920000
o 1665 14.920000
o 1664 14.920000
o 1663 14.920000
o 1662 14.920000
o 1661 14.920000
o 1660 14.920000
o 1659 14.920000
o 1658 14.920000
o 1657 14.920000
o 1656 14.920000
o 1655 14.920000
o 1654 14.920000
o 1653 14.920000
o 1652 14.920000
o 1651 14.920000
o 1650 14.920000
o 1649 14.920000
o 1648 14.920000
o 1647 14.930000
o 1646 14.930000
o 1645 14.930000
o 1644 14.930000
o 1643 14.930000
o 1642 14.930000
o 1641 14.930000
o 1640 14.930000
o 1639 14.930000
o 1638 14.930000
o 1637 14.930000
o 1636 14.930000
o 1635 14.930000
o 1634 14.930000
o 1633 14.930000
o 1632 14.930000
o 1631 14.930000
o 1630 14.930000
o 1629 14.930000
o 1628 14.930000
o 1627 14.930000
o 1626 14.930000
o 1625 14.930000
o 1624 14.930000
o 1623 14.930000
o 1622 14.930000
o 1621 14.930000
o 1620 14.930000
o 1619 14.930000
o 1618 14.930000
o 1617 14.930000
o 1616 14.930000
o 1615 14.930000
o 1614 14.930000
o 1613 14.930000
o 1612 14.930000
o 1611 14.930000
o 1610 14.930000
o 1609 14.930000
o 1608 14.930000
o 1607 14.930000
o 1606 14.930000
o 1605 14.930000
o 1604 14.930000
o 1603 14.930000
o 1602 14.930000
o 1601 14.930000
o 1600 14.930000
o 1599 14.930000
o 1598 14.930000
o 1597 14.930000
o 1596 14.930000
o 1595 14.930000
o 1594 14.930000
o 1593 14.930000
o 1592 14.930000
o 1591 14.930000
o 1590 14.930000
o 1589 14.930000
o 1588 14.930000
o 1587 14.930000
o 1586 14.930000
o 1585 14.930000
o 1584 14.930000
o 1583 14.930000
o 1582 14.930000
o 1581 14.930000
o 1580 14.930000
o 1579 14.930000
o 1578 14.930000
o 1577 14.930000
o 1576 14.930000
o 1575 14.930000
o 1574 14.930000
o 1573 14.930000
o 1572 14.930000
o 1571 14.930000
o 1570 14.930000
o 1569 14.930000
o 1568 14.930000
o 1567 14.930000
o 1566 14.930000
o 1565 14.930000
o 1564 14.930000
o 1563 14.930000
o 1562 14.930000
o 1561 14.930000
o 1560 14.930000
o 1559 14.930000
o 1558 14.930000
o 1557 14.930000
o 1556 14.930000
o 1555 14.930000
o 1554 14.930000
o 1553 14.940000
o 1552 14.940000
o 1551 14.940000
o 1550 14.940000
o 1549 14.940000
o 1548 14.940000
o 1547 14.940000
o 1546 14.940000
o 1545 14.940000
o 1544 14.940000
o 1543 14.940000
o 1542 14.940000
o 1541 14.940000
o 1540 14.940000
o 1539 14.940000
o 1538 14.940000
o 1537 14.940000
o 1536 14.940000
o 1535 14.940000
o 1534 14.940000
o 1533 14.940000
o 1532 14.940000
o 1531 14.940000
o 1530 14.940000
o 1529 14.940000
o 1528 14.940000
o 1527 14.940000
o 1526 14.940000
o 1525 14.940000
o 1524 14.940000
o 1523 14.940000
o 1522 14.940000
o 1521 14.940000
o 1520 14.940000
o 1519 14.940000
o 1518 14.940000
o 1517 14.940000
o 1516 14.940000
o 1515 14.940000
o 1514 14.940000
o 1513 14.940000
o 1512 14.940000
o 1511 14.940000
o 1510 14.940000
o 1509 14.940000
o 1508 14.940000
o 1507 14.940000
o 1506 14.940000
o 1505 14.940000
o 1504 14.940000
o 1503 14.940000
o 1502 14.940000
o 1501 14.940000
o 1500 14.940000
o 1499 14.940000
o 1498 14.940000
o 1497 14.940000
o 1496 14.940000
o 1495 14.940000
o 1494 14.940000
o 1493 14.940000
o 1492 14.940000
o 1491 14.940000
o 1490 14.940000
o 1489 14.940000
o 1488 14.940000
o 1487 14.940000
o 1486 14.940000
o 1485 14.940000
o 1484 14.940000
o 1483 14.940000
o 1482 14.940000
o 1481 14.940000
o 1480 14.940000
o 1479 14.940000
o 1478 14.940000
o 1477 14.940000
o 1476 14.940000
o 1475 14.940000
o 1474 14.940000
o 1473 14.940000
o 1472 14.940000
o 1471 14.940000
o 1470 14.940000
o 1469 14.940000
o 1468 14.940000
o 1467 14.940000
o 1466 14.940000
o 1465 14.940000
o 1464 14.940000
o 1463 14.940000
o 1462 14.940000
o 1461 14.940000
o 1460 14.940000
o 1459 14.940000
o 1458 14.940000
o 1457 14.940000
o 1456 14.950000
o 1455 14.950000
o 1454 14.950000
o 1453 14.950000
o 1452 14.950000
o 1451 14.950000
o 1450 14.950000
o 1449 14.950000
o 1448 14.950000
o 1447 14.950000
o 1446 14.950000
o 1445 14.950000
o 1444 14.950000
o 1443 14.950000
o 1442 14.950000
o 1441 14.950000
o 1440 14.950000
o 1439 14.950000
o 1438 14.950000
o 1437 14.950000
o 1436 14.950000
o 1435 14.950000
o 1434 14.950000
o 1433 14.950000
o 1432 14.950000
o 1431 14.950000
o 1430 14.950000
o 1429 14.950000
o 1428 14.950000
o 1427 14.950000
o 1426 14.950000
o 1425 14.950000
o 1424 14.950000
o 1423 14.950000
o 1422 14.950000
o 1421 14.950000
o 1420 14.950000
o 1419 14.950000
o 1418 14.950000
o 1417 14.950000
o 1416 14.950000
o 1415 14.950000
o 1414 14.950000
o 1413 14.950000
o 1412 14.950000
o 1411 14.950000
o 1410 14.950000
o 1409 14.950000
o 1408 14.950000
o 1407 14.950000
o 1406 14.950000
o 1405 14.950000
o 1404 14.950000
o 1403 14.950000
o 1402 14.950000
o 1401 14.950000
o 1400 14.950000
o 1399 14.950000
o 1398 14.950000
o 1397 14.950000
o 1396 14.950000
o 1395 14.950000
o 1394 14.950000
o 1393 14.950000
o 1392 14.950000
o 1391 14.950000
o 1390 14.950000
o 1389 14.950000
o 1388 14.950000
o 1387 14.950000
o 1386 14.950000
o 1385 14.950000
o 1384 14.950000
o 1383 14.950000
o 1382 14.950000
o 1381 14.950000
o 1380 14.950000
o 1379 14.950000
o 1378 14.950000
o 1377 14.950000
o 1376 14.950000
o 1375 14.950000
o 1374 14.950000
o 1373 14.950000
o 1372 14.950000
o 1371 14.950000
o 1370 14.950000
o 1369 14.950000
o 1368 14.950000
o 1367 14.950000
o 1366 14.950000
o 1365 14.950000
o 1364 14.950000
o 1363 14.950000
o 1362 14.950000
o 1361 14.950000
o 1360 14.960000
o 1359 14.960000
o 1358 14.960000
o 1357 14.960000
o 1356 14.960000
o 1355 14.960000
o 1354 14.960000
o 1353 14.960000
o 1352 14.960000
o 1351 14.960000
o 1350 14.960000
o 1349 14.960000
o 1348 14.960000
o 1347 14.960000
o 1346 14.960000
o 1345 14.960000
o 1344 14.960000
o 1343 14.960000
o 1342 14.960000
o 1341 14.960000
o 1340 14.960000
o 1339 14.960000
o 1338 14.960000
o 1337 14.960000
o 1336 14.960000
o 1335 14.960000
o 1334 14.960000
o 1333 14.960000
o 1332 14.960000
o 1331 14.960000
o 1330 14.960000
o 1329 14.960000
o 1328 14.960000
o 1327 14.960000
o 1326 14.960000
o 1325 14.960000
o 1324 14.960000
o 1323 14.960000
o 1322 14.960000
o 1321 14.960000
o 1320 14.960000
o 1319 14.960000
o 1318 14.960000
o 1317 14.960000
o 1316 14.960000
o 1315 14.960000
o 1314 14.960000
o 1313 14.960000
o 1312 14.960000
o 1311 14.960000
o 1310 14.960000
o 1309 14.960000
o 1308 14.960000
o 1307 14.960000
o 1306 14.960000
o 1305 14.960000
o 1304 14.960000
o 1303 14.960000
o 1302 14.960000
o 1301 14.960000
o 1300 14.960000
o 1299 14.960000
o 1298 14.960000
o 1297 14.960000
o 1296 14.960000
o 1295 14.960000
o 1294 14.960000
o 1293 14.960000
o 1292 14.960000
o 1291 14.960000
o 1290 14.960000
o 1289 14.960000
o 1288 14.960000
o 1287 14.960000
o 1286 14.960000
o 1285 14.960000
o 1284 14.960000
o 1283 14.960000
o 1282 14.960000
o 1281 14.960000
o 1280 14.960000
o 1279 14.960000
o 1278 14.960000
o 1277 14.960000
o 1276 14.960000
o 1275 14.960000
o 1274 14.960000
o 1273 14.960000
o 1272 14.960000
o 1271 14.960000
o 1270 14.960000
o 1269 14.960000
o 1268 14.960000
o 1267 14.960000
o 1266 14.960000
o 1265 14.960000
o 1264 14.960000
o 1263 14.970000
o 1262 14.970000
o 1261 14.970000
o 1260 14.970000
o 1259 14.970000
o 1258 14.970000
o 1257 14.970000
o 1256 14.970000
o 1255 14.970000
o 1254 14.970000
o 1253 14.970000
o 1252 14.970000
o 1251 14.970000
o 1250 14.970000
o 1249 14.970000
o 1248 14.970000
o 1247 14.970000
o 1246 14.970000
o 1245 14.970000
o 1244 14.970000
o 1243 14.970000
o 1242 14.970000
o 1241 14.970000
o 1240 14.970000
o 1239 14.970000
o 1238 14.970000
o 1237 14.970000
o 1236 14.970000
o 1235 14.970000
o 1234 14.970000
o 1233 14.970000
o 1232 14.970000
o 1231 14.970000
o 1230 14.970000
o 1229 14.970000
o 1228 14.970000
o 1227 14.970000
o 1226 14.970000
o 1225 14.970000
o 1224 14.970000
o 1223 14.970000
o 1222 14.970000
o 1221 14.970000
o 1220 14.970000
o 1219 14.970000
o 1218 14.970000
o 1217 14.970000
o 1216 14.970000
o 1215 14.970000
o 1214 14.970000
o 1213 14.970000
o 1212 14.970000
o 1211 14.970000
o 1210 14.970000
o 1209 14.970000
o 1208 14.970000
o 1207 14.970000
o 1206 14.970000
o 1205 14.970000
o 1204 14.970000
o 1203 14.970000
o 1202 14.970000
o 1201 14.970000
o 1200 14.970000
o 1199 14.970000
o 1198 14.970000
o 1197 14.970000
o 1196 14.970000
o 1195 14.970000
o 1194 14.970000
o 1193 14.970000
o 1192 14.970000
o 1191 14.970000
o 1190 14.970000
o 1189 14.970000
o 1188 14.970000
o 1187 14.970000
o 1186 14.970000
o 1185 14.970000
o 1184 14.970000
o 1183 14.970000
o 1182 14.970000
o 1181 14.970000
o 1180 14.970000
o 1179 14.970000
o 1178 14.970000
o 1177 14.970000
o 1176 14.970000
o 1175 14.970000
o 1174 14.970000
o 1173 14.970000
o 1172 14.970000
o 1171 14.970000
o 1170 14.970000
o 1169 14.970000
o 1168 14.970000
o 1167 14.970000
o 1166 14.980000
o 1165 14.980000
o 1164 14.980000
o 1163 14.980000
o 1162 14.980000
o 1161 14.980000
o 1160 14.980000
o 1159 14.980000
o 1158 14.980000
o 1157 14.980000
o 1156 14.980000
o 1155 14.980000
o 1154 14.980000
o 1153 14.980000
o 1152 14.980000
o 1151 14.980000
o 1150 14.980000
o 1149 14.980000
o 1148 14.980000
o 1147 14.980000
o 1146 14.980000
o 1145 14.980000
o 1144 14.980000
o 1143 14.980000
o 1142 14.980000
o 1141 14.980000
o 1140 14.980000
o 1139 14.980000
o 1138 14.980000
o 1137 14.980000
o 1136 14.980000
o 1135 14.980000
o 1134 14.980000
o 1133 14.980000
o 1132 14.980000
o 1131 14.980000
o 1130 14.980000
o 1129 14.980000
o 1128 14.980000
o 1127 14.980000
o 1126 14.980000
o 1125 14.980000
o 1124 14.980000
o 1123 14.980000
o 1122 14.980000
o 1121 14.980000
o 1120 14.980000
o 1119 14.980000
o 1118 14.980000
o 1117 14.980000
o 1116 14.980000
o 1115 14.980000
o 1114 14.980000
o 1113 14.980000
o 1112 14.980000
o 1111 14.980000
o 1110 14.980000
o 1109 14.980000
o 1108 14.980000
o 1107 14.980000
o 1106 14.980000
o 1105 14.980000
o 1104 14.980000
o 1103 14.980000
o 1102 14.980000
1102	14.980000
decision-tree-kr-vs-kp-un-formula_0.8_2021_atleast_63_max-5_reduced_incomplete_tree
o 1515 9.690000
o 1514 9.880000
o 1513 9.880000
o 1512 9.880000
o 1511 9.880000
o 1510 9.880000
o 1509 9.880000
o 1508 9.880000
o 1507 9.880000
o 1506 9.880000
o 1505 9.880000
o 1504 9.880000
o 1503 9.880000
o 1502 9.880000
o 1501 9.880000
o 1500 9.880000
o 1499 9.880000
o 1498 9.880000
o 1497 9.880000
o 1496 9.880000
o 1495 9.880000
o 1494 9.880000
o 1493 9.880000
o 1492 9.880000
o 1491 9.880000
o 1490 9.880000
o 1489 9.880000
o 1488 9.880000
o 1487 9.880000
o 1486 9.880000
o 1485 9.880000
o 1484 9.880000
o 1483 9.880000
o 1482 9.880000
o 1481 9.880000
o 1480 9.880000
o 1479 9.880000
o 1478 9.880000
o 1477 9.880000
o 1476 9.880000
o 1475 9.880000
o 1474 9.880000
o 1473 9.880000
o 1472 9.880000
o 1471 9.880000
o 1470 9.880000
o 1469 9.880000
o 1468 9.880000
o 1467 9.880000
o 1466 9.890000
o 1465 9.890000
o 1464 9.890000
o 1463 9.890000
o 1462 9.890000
o 1461 9.890000
o 1460 9.890000
o 1459 9.890000
o 1458 9.890000
o 1457 9.890000
o 1456 9.890000
o 1455 9.890000
o 1454 9.890000
o 1453 9.890000
o 1452 9.890000
o 1451 9.890000
o 1450 9.890000
o 1449 9.890000
o 1448 9.890000
o 1447 9.890000
o 1446 9.890000
o 1445 9.890000
o 1444 9.890000
o 1443 9.890000
o 1442 9.890000
o 1441 9.890000
o 1440 9.890000
o 1439 9.890000
o 1438 9.890000
o 1437 9.890000
o 1436 9.890000
o 1435 9.890000
o 1434 9.890000
o 1433 9.890000
o 1432 9.890000
o 1431 9.890000
o 1430 9.890000
o 1429 9.890000
o 1428 9.890000
o 1427 9.890000
o 1426 9.890000
o 1425 9.890000
o 1424 9.890000
o 1423 9.890000
o 1422 9.890000
o 1421 9.890000
o 1420 9.890000
o 1419 9.890000
o 1418 9.890000
o 1417 9.890000
o 1416 9.890000
o 1415 9.890000
o 1414 9.890000
o 1413 9.890000
o 1412 9.890000
o 1411 9.890000
o 1410 9.890000
o 1409 9.890000
o 1408 9.890000
o 1407 9.890000
o 1406 9.890000
o 1405 9.890000
o 1404 9.890000
o 1403 9.890000
o 1402 9.890000
o 1401 9.890000
o 1400 9.890000
o 1399 9.890000
o 1398 9.890000
o 1397 9.890000
o 1396 9.890000
o 1395 9.890000
o 1394 9.890000
o 1393 9.890000
o 1392 9.890000
o 1391 9.890000
o 1390 9.890000
o 1389 9.890000
o 1388 9.890000
o 1387 9.890000
o 1386 9.890000
o 1385 9.890000
o 1384 9.890000
o 1383 9.890000
o 1382 9.890000
o 1381 9.890000
o 1380 9.890000
o 1379 9.890000
o 1378 9.890000
o 1377 9.890000
o 1376 9.890000
o 1375 9.890000
o 1374 9.890000
o 1373 9.890000
o 1372 9.890000
o 1371 9.890000
o 1370 9.890000
o 1369 9.890000
o 1368 9.890000
o 1367 9.890000
o 1366 9.900000
o 1365 9.900000
o 1364 9.900000
o 1363 9.900000
o 1362 9.900000
o 1361 9.900000
o 1360 9.900000
o 1359 9.900000
o 1358 9.900000
o 1357 9.900000
o 1356 9.900000
o 1355 9.900000
o 1354 9.900000
o 1353 9.900000
o 1352 9.900000
o 1351 9.900000
o 1350 9.900000
o 1349 9.900000
o 1348 9.900000
o 1347 9.900000
o 1346 9.900000
o 1345 9.900000
o 1344 9.900000
o 1343 9.900000
o 1342 9.900000
o 1341 9.900000
o 1340 9.900000
o 1339 9.900000
o 1338 9.900000
o 1337 9.900000
o 1336 9.900000
o 1335 9.900000
o 1334 9.900000
o 1333 9.900000
o 1332 9.900000
o 1331 9.900000
o 1330 9.900000
o 1329 9.900000
o 1328 9.900000
o 1327 9.900000
o 1326 9.900000
o 1325 9.900000
o 1324 9.900000
o 1323 9.900000
o 1322 9.900000
o 1321 9.900000
o 1320 9.900000
o 1319 9.900000
o 1318 9.900000
o 1317 9.900000
o 1316 9.900000
o 1315 9.900000
o 1314 9.900000
o 1313 9.900000
o 1312 9.900000
o 1311 9.900000
o 1310 9.900000
o 1309 9.900000
o 1308 9.900000
o 1307 9.900000
o 1306 9.900000
o 1305 9.900000
o 1304 9.900000
o 1303 9.900000
o 1302 9.900000
o 1301 9.900000
o 1300 9.900000
o 1299 9.900000
o 1298 9.900000
o 1297 9.900000
o 1296 9.900000
o 1295 9.900000
o 1294 9.900000
o 1293 9.900000
o 1292 9.900000
o 1291 9.900000
o 1290 9.900000
o 1289 9.900000
o 1288 9.900000
o 1287 9.900000
o 1286 9.900000
o 1285 9.900000
o 1284 9.900000
o 1283 9.900000
o 1282 9.900000
o 1281 9.900000
o 1280 9.900000
o 1279 9.900000
o 1278 9.900000
o 1277 9.900000
o 1276 9.900000
o 1275 9.900000
o 1274 9.900000
o 1273 9.900000
o 1272 9.900000
o 1271 9.900000
o 1270 9.900000
o 1269 9.900000
o 1268 9.900000
o 1267 9.900000
o 1266 9.900000
o 1265 9.900000
o 1264 9.900000
o 1263 9.900000
o 1262 9.900000
o 1261 9.910000
o 1260 9.910000
o 1259 9.910000
o 1258 9.910000
o 1257 9.910000
o 1256 9.910000
o 1255 9.910000
o 1254 9.910000
o 1253 9.910000
o 1252 9.910000
o 1251 9.910000
o 1250 9.910000
o 1249 9.910000
o 1248 9.910000
o 1247 9.910000
o 1246 9.910000
o 1245 9.910000
1245	9.910000
decision-tree-kr-vs-kp-un-formula_0.8_2021_atleast_63_max-5_reduced_incomplete_tree
o 1710 5.200000
o 1709 5.300000
o 1708 5.300000
o 1707 5.300000
o 1706 5.300000
o 1705 5.300000
o 1704 5.300000
o 1703 5.300000
o 1702 5.300000
o 1701 5.300000
o 1700 5.300000
o 1699 5.300000
o 1698 5.300000
o 1697 5.300000
o 1696 5.300000
o 1695 5.300000
o 1694 5.300000
o 1693 5.300000
o 1692 5.300000
o 1691 5.300000
o 1690 5.300000
o 1689 5.300000
o 1688 5.300000
o 1687 5.300000
o 1686 5.300000
o 1685 5.300000
o 1684 5.300000
o 1683 5.300000
o 1682 5.300000
o 1681 5.300000
o 1680 5.300000
o 1679 5.300000
o 1678 5.300000
o 1677 5.300000
o 1676 5.300000
o 1675 5.300000
o 1674 5.300000
o 1673 5.300000
o 1672 5.300000
o 1671 5.300000
o 1670 5.300000
o 1669 5.300000
o 1668 5.300000
o 1667 5.300000
o 1666 5.300000
o 1665 5.300000
o 1664 5.300000
o 1663 5.300000
o 1662 5.300000
o 1661 5.300000
o 1660 5.300000
o 1659 5.300000
o 1658 5.300000
o 1657 5.300000
o 1656 5.300000
o 1655 5.300000
o 1654 5.300000
o 1653 5.300000
o 1652 5.300000
o 1651 5.300000
o 1650 5.300000
o 1649 5.300000
o 1648 5.300000
o 1647 5.300000
o 1646 5.300000
o 1645 5.300000
o 1644 5.300000
o 1643 5.300000
o 1642 5.300000
o 1641 5.310000
o 1640 5.310000
o 1639 5.310000
o 1638 5.310000
o 1637 5.310000
o 1636 5.310000
o 1635 5.310000
o 1634 5.310000
o 1633 5.310000
o 1632 5.310000
o 1631 5.310000
o 1630 5.310000
o 1629 5.310000
o 1628 5.310000
o 1627 5.310000
o 1626 5.310000
o 1625 5.310000
o 1624 5.310000
o 1623 5.310000
o 1622 5.310000
o 1621 5.310000
o 1620 5.310000
o 1619 5.310000
o 1618 5.310000
o 1617 5.310000
o 1616 5.310000
o 1615 5.310000
o 1614 5.310000
o 1613 5.310000
o 1612 5.310000
o 1611 5.310000
o 1610 5.310000
o 1609 5.310000
o 1608 5.310000
o 1607 5.310000
o 1606 5.310000
o 1605 5.310000
o 1604 5.310000
o 1603 5.310000
o 1602 5.310000
o 1601 5.310000
o 1600 5.310000
o 1599 5.310000
o 1598 5.310000
o 1597 5.310000
o 1596 5.310000
o 1595 5.310000
o 1594 5.310000
o 1593 5.310000
o 1592 5.310000
o 1591 5.310000
o 1590 5.310000
o 1589 5.310000
o 1588 5.310000
o 1587 5.310000
o 1586 5.310000
o 1585 5.310000
o 1584 5.310000
o 1583 5.310000
o 1582 5.310000
o 1581 5.310000
o 1580 5.310000
o 1579 5.310000
o 1578 5.310000
o 1577 5.310000
o 1576 5.310000
o 1575 5.310000
o 1574 5.310000
o 1573 5.310000
o 1572 5.310000
o 1571 5.310000
o 1570 5.310000
o 1569 5.310000
o 1568 5.310000
o 1567 5.310000
o 1566 5.310000
o 1565 5.310000
o 1564 5.310000
o 1563 5.310000
o 1562 5.310000
o 1561 5.310000
o 1560 5.310000
o 1559 5.310000
o 1558 5.310000
o 1557 5.310000
o 1556 5.310000
o 1555 5.310000
o 1554 5.310000
o 1553 5.310000
o 1552 5.310000
o 1551 5.310000
o 1550 5.310000
o 1549 5.310000
o 1548 5.310000
o 1547 5.310000
o 1546 5.310000
o 1545 5.310000
o 1544 5.310000
o 1543 5.310000
o 1542 5.310000
o 1541 5.310000
o 1540 5.310000
o 1539 5.310000
o 1538 5.310000
o 1537 5.310000
o 1536 5.310000
o 1535 5.310000
o 1534 5.310000
o 1533 5.310000
o 1532 5.310000
o 1531 5.310000
o 1530 5.310000
o 1529 5.310000
o 1528 5.310000
o 1527 5.310000
o 1526 5.310000
o 1525 5.310000
o 1524 5.310000
o 1523 5.310000
o 1522 5.310000
o 1521 5.310000
o 1520 5.310000
o 1519 5.310000
o 1518 5.320000
o 1517 5.320000
o 1516 5.320000
o 1515 5.320000
o 1514 5.320000
o 1513 5.320000
o 1512 5.320000
o 1511 5.320000
o 1510 5.320000
o 1509 5.320000
o 1508 5.320000
o 1507 5.320000
o 1506 5.320000
o 1505 5.320000
o 1504 5.320000
o 1503 5.320000
o 1502 5.320000
o 1501 5.320000
o 1500 5.320000
o 1499 5.320000
o 1498 5.320000
o 1497 5.320000
o 1496 5.320000
o 1495 5.320000
o 1494 5.320000
o 1493 5.320000
o 1492 5.320000
o 1491 5.320000
o 1490 5.320000
o 1489 5.320000
o 1488 5.320000
o 1487 5.320000
o 1486 5.320000
o 1485 5.320000
o 1484 5.320000
o 1483 5.320000
o 1482 5.320000
o 1481 5.320000
o 1480 5.320000
o 1479 5.320000
o 1478 5.320000
o 1477 5.320000
o 1476 5.320000
o 1475 5.320000
o 1474 5.320000
o 1473 5.320000
o 1472 5.320000
o 1471 5.320000
o 1470 5.320000
o 1469 5.320000
o 1468 5.320000
o 1467 5.320000
o 1466 5.320000
o 1465 5.320000
o 1464 5.320000
o 1463 5.320000
o 1462 5.320000
o 1461 5.320000
o 1460 5.320000
o 1459 5.320000
o 1458 5.320000
o 1457 5.320000
o 1456 5.320000
o 1455 5.320000
o 1454 5.320000
o 1453 5.320000
o 1452 5.320000
o 1451 5.320000
o 1450 5.320000
o 1449 5.320000
o 1448 5.320000
o 1447 5.320000
o 1446 5.320000
o 1445 5.320000
o 1444 5.320000
o 1443 5.320000
o 1442 5.320000
o 1441 5.320000
o 1440 5.320000
o 1439 5.320000
o 1438 5.320000
o 1437 5.320000
o 1436 5.320000
o 1435 5.320000
o 1434 5.320000
o 1433 5.320000
o 1432 5.320000
o 1431 5.320000
o 1430 5.320000
o 1429 5.320000
o 1428 5.320000
o 1427 5.320000
o 1426 5.320000
o 1425 5.320000
o 1424 5.320000
o 1423 5.320000
o 1422 5.320000
o 1421 5.320000
o 1420 5.320000
o 1419 5.320000
o 1418 5.320000
o 1417 5.320000
o 1416 5.320000
o 1415 5.320000
o 1414 5.320000
o 1413 5.320000
o 1412 5.320000
o 1411 5.320000
o 1410 5.320000
o 1409 5.320000
o 1408 5.320000
o 1407 5.320000
o 1406 5.320000
o 1405 5.320000
o 1404 5.320000
o 1403 5.320000
o 1402 5.320000
o 1401 5.320000
o 1400 5.320000
o 1399 5.320000
o 1398 5.320000
o 1397 5.320000
o 1396 5.320000
o 1395 5.320000
o 1394 5.320000
o 1393 5.330000
o 1392 5.330000
o 1391 5.330000
o 1390 5.330000
o 1389 5.330000
o 1388 5.330000
o 1387 5.330000
o 1386 5.330000
o 1385 5.330000
o 1384 5.330000
o 1383 5.330000
o 1382 5.330000
o 1381 5.330000
o 1380 5.330000
o 1379 5.330000
o 1378 5.330000
o 1377 5.330000
o 1376 5.330000
o 1375 5.330000
o 1374 5.330000
o 1373 5.330000
o 1372 5.330000
o 1371 5.330000
o 1370 5.330000
o 1369 5.330000
o 1368 5.330000
o 1367 5.330000
o 1366 5.330000
o 1365 5.330000
o 1364 5.330000
o 1363 5.330000
o 1362 5.330000
o 1361 5.330000
o 1360 5.330000
o 1359 5.330000
o 1358 5.330000
o 1357 5.330000
o 1356 5.330000
o 1355 5.330000
o 1354 5.330000
o 1353 5.330000
o 1352 5.330000
o 1351 5.330000
o 1350 5.330000
o 1349 5.330000
o 1348 5.330000
o 1347 5.330000
o 1346 5.330000
o 1345 5.330000
o 1344 5.330000
o 1343 5.330000
o 1342 5.330000
o 1341 5.330000
o 1340 5.330000
o 1339 5.330000
o 1338 5.330000
o 1337 5.330000
o 1336 5.330000
o 1335 5.330000
o 1334 5.330000
o 1333 5.330000
o 1332 5.330000
o 1331 5.330000
o 1330 5.330000
o 1329 5.330000
o 1328 5.330000
o 1327 5.330000
o 1326 5.330000
o 1325 5.330000
o 1324 5.330000
o 1323 5.330000
o 1322 5.330000
o 1321 5.330000
o 1320 5.330000
o 1319 5.330000
o 1318 5.330000
o 1317 5.330000
o 1316 5.330000
o 1315 5.330000
o 1314 5.330000
o 1313 5.330000
o 1312 5.330000
o 1311 5.330000
o 1310 5.330000
o 1309 5.330000
o 1308 5.330000
o 1307 5.330000
o 1306 5.330000
o 1305 5.330000
o 1304 5.330000
o 1303 5.330000
o 1302 5.330000
o 1301 5.330000
o 1300 5.330000
o 1299 5.330000
o 1298 5.330000
o 1297 5.330000
o 1296 5.330000
o 1295 5.330000
o 1294 5.330000
o 1293 5.330000
o 1292 5.330000
o 1291 5.330000
o 1290 5.330000
o 1289 5.330000
o 1288 5.330000
o 1287 5.330000
o 1286 5.330000
o 1285 5.330000
o 1284 5.330000
o 1283 5.330000
o 1282 5.330000
o 1281 5.330000
o 1280 5.330000
o 1279 5.330000
o 1278 5.330000
o 1277 5.330000
o 1276 5.330000
o 1275 5.330000
o 1274 5.330000
o 1273 5.330000
o 1272 5.330000
o 1271 5.330000
o 1270 5.330000
o 1269 5.330000
o 1268 5.330000
o 1267 5.330000
o 1266 5.330000
o 1265 5.330000
o 1264 5.340000
o 1263 5.340000
o 1262 5.340000
o 1261 5.340000
o 1260 5.340000
o 1259 5.340000
o 1258 5.340000
o 1257 5.340000
o 1256 5.340000
o 1255 5.340000
o 1254 5.340000
o 1253 5.340000
o 1252 5.340000
o 1251 5.340000
o 1250 5.340000
o 1249 5.340000
o 1248 5.340000
o 1247 5.340000
1247	5.340000
decision-tree-kr-vs-kp-un-formula_0.8_2021_atleast_63_max-5_reduced_incomplete_tree
o 1588 7.880000
o 1587 8.030000
o 1586 8.030000
o 1585 8.030000
o 1584 8.030000
o 1583 8.030000
o 1582 8.030000
o 1581 8.030000
o 1580 8.030000
o 1579 8.030000
o 1578 8.030000
o 1577 8.030000
o 1576 8.030000
o 1575 8.030000
o 1574 8.030000
o 1573 8.030000
o 1572 8.030000
o 1571 8.030000
o 1570 8.030000
o 1569 8.030000
o 1568 8.030000
o 1567 8.030000
o 1566 8.030000
o 1565 8.030000
o 1564 8.030000
o 1563 8.030000
o 1562 8.030000
o 1561 8.030000
o 1560 8.030000
o 1559 8.030000
o 1558 8.030000
o 1557 8.030000
o 1556 8.030000
o 1555 8.030000
o 1554 8.030000
o 1553 8.030000
o 1552 8.030000
o 1551 8.030000
o 1550 8.030000
o 1549 8.030000
o 1548 8.030000
o 1547 8.030000
o 1546 8.030000
o 1545 8.030000
o 1544 8.030000
o 1543 8.030000
o 1542 8.030000
o 1541 8.040000
o 1540 8.040000
o 1539 8.040000
o 1538 8.040000
o 1537 8.040000
o 1536 8.040000
o 1535 8.040000
o 1534 8.040000
o 1533 8.040000
o 1532 8.040000
o 1531 8.040000
o 1530 8.040000
o 1529 8.040000
o 1528 8.040000
o 1527 8.040000
o 1526 8.040000
o 1525 8.040000
o 1524 8.040000
o 1523 8.040000
o 1522 8.040000
o 1521 8.040000
o 1520 8.040000
o 1519 8.040000
o 1518 8.040000
o 1517 8.040000
o 1516 8.040000
o 1515 8.040000
o 1514 8.040000
o 1513 8.040000
o 1512 8.040000
o 1511 8.040000
o 1510 8.040000
o 1509 8.040000
o 1508 8.040000
o 1507 8.040000
o 1506 8.040000
o 1505 8.040000
o 1504 8.040000
o 1503 8.040000
o 1502 8.040000
o 1501 8.040000
o 1500 8.040000
o 1499 8.040000
o 1498 8.040000
o 1497 8.040000
o 1496 8.040000
o 1495 8.040000
o 1494 8.040000
o 1493 8.040000
o 1492 8.040000
o 1491 8.040000
o 1490 8.040000
o 1489 8.040000
o 1488 8.040000
o 1487 8.040000
o 1486 8.040000
o 1485 8.040000
o 1484 8.040000
o 1483 8.040000
o 1482 8.040000
o 1481 8.040000
o 1480 8.040000
o 1479 8.040000
o 1478 8.040000
o 1477 8.040000
o 1476 8.040000
o 1475 8.040000
o 1474 8.040000
o 1473 8.040000
o 1472 8.040000
o 1471 8.040000
o 1470 8.040000
o 1469 8.040000
o 1468 8.040000
o 1467 8.040000
o 1466 8.040000
o 1465 8.040000
o 1464 8.040000
o 1463 8.040000
o 1462 8.040000
o 1461 8.040000
o 1460 8.040000
o 1459 8.040000
o 1458 8.040000
o 1457 8.040000
o 1456 8.040000
o 1455 8.040000
o 1454 8.040000
o 1453 8.040000
o 1452 8.040000
o 1451 8.050000
o 1450 8.050000
o 1449 8.050000
o 1448 8.050000
o 1447 8.050000
o 1446 8.050000
o 1445 8.050000
o 1444 8.050000
o 1443 8.050000
o 1442 8.050000
o 1441 8.050000
o 1440 8.050000
o 1439 8.050000
o 1438 8.050000
o 1437 8.050000
o 1436 8.050000
o 1435 8.050000
o 1434 8.050000
o 1433 8.050000
o 1432 8.050000
o 1431 8.050000
o 1430 8.050000
o 1429 8.050000
o 1428 8.050000
o 1427 8.050000
o 1426 8.050000
o 1425 8.050000
o 1424 8.050000
o 1423 8.050000
o 1422 8.050000
o 1421 8.050000
o 1420 8.050000
o 1419 8.050000
o 1418 8.050000
o 1417 8.050000
o 1416 8.050000
o 1415 8.050000
o 1414 8.050000
o 1413 8.050000
o 1412 8.050000
o 1411 8.050000
o 1410 8.050000
o 1409 8.050000
o 1408 8.050000
o 1407 8.050000
o 1406 8.050000
o 1405 8.050000
o 1404 8.050000
o 1403 8.050000
o 1402 8.050000
o 1401 8.050000
o 1400 8.050000
o 1399 8.050000
o 1398 8.050000
o 1397 8.050000
o 1396 8.050000
o 1395 8.050000
o 1394 8.050000
o 1393 8.050000
o 1392 8.050000
o 1391 8.050000
o 1390 8.050000
o 1389 8.050000
o 1388 8.050000
o 1387 8.050000
o 1386 8.050000
o 1385 8.050000
o 1384 8.050000
o 1383 8.050000
o 1382 8.050000
o 1381 8.050000
o 1380 8.050000
o 1379 8.050000
o 1378 8.050000
o 1377 8.050000
o 1376 8.050000
o 1375 8.050000
o 1374 8.050000
o 1373 8.050000
o 1372 8.050000
o 1371 8.050000
o 1370 8.050000
o 1369 8.050000
o 1368 8.050000
o 1367 8.050000
o 1366 8.050000
o 1365 8.050000
o 1364 8.050000
o 1363 8.050000
o 1362 8.050000
o 1361 8.050000
o 1360 8.050000
o 1359 8.050000
o 1358 8.060000
o 1357 8.060000
o 1356 8.060000
o 1355 8.060000
o 1354 8.060000
o 1353 8.060000
o 1352 8.060000
o 1351 8.060000
o 1350 8.060000
o 1349 8.060000
o 1348 8.060000
o 1347 8.060000
o 1346 8.060000
o 1345 8.060000
o 1344 8.060000
o 1343 8.060000
o 1342 8.060000
o 1341 8.060000
o 1340 8.060000
o 1339 8.060000
o 1338 8.060000
o 1337 8.060000
o 1336 8.060000
o 1335 8.060000
o 1334 8.060000
o 1333 8.060000
o 1332 8.060000
o 1331 8.060000
o 1330 8.060000
o 1329 8.060000
o 1328 8.060000
o 1327 8.060000
o 1326 8.060000
o 1325 8.060000
o 1324 8.060000
o 1323 8.060000
o 1322 8.060000
o 1321 8.060000
o 1320 8.060000
o 1319 8.060000
o 1318 8.060000
o 1317 8.060000
o 1316 8.060000
o 1315 8.060000
o 1314 8.060000
o 1313 8.060000
o 1312 8.060000
o 1311 8.060000
o 1310 8.060000
o 1309 8.060000
o 1308 8.060000
o 1307 8.060000
o 1306 8.060000
o 1305 8.060000
o 1304 8.060000
o 1303 8.060000
o 1302 8.060000
o 1301 8.060000
o 1300 8.060000
o 1299 8.060000
o 1298 8.060000
o 1297 8.060000
o 1296 8.060000
o 1295 8.060000
o 1294 8.060000
o 1293 8.060000
o 1292 8.060000
o 1291 8.060000
o 1290 8.060000
o 1289 8.060000
o 1288 8.060000
o 1287 8.060000
o 1286 8.060000
o 1285 8.060000
o 1284 8.060000
o 1283 8.060000
o 1282 8.060000
o 1281 8.060000
o 1280 8.060000
o 1279 8.060000
o 1278 8.060000
o 1277 8.060000
o 1276 8.060000
o 1275 8.060000
o 1274 8.060000
o 1273 8.060000
o 1272 8.060000
o 1271 8.060000
o 1270 8.060000
o 1269 8.060000
o 1268 8.060000
o 1267 8.060000
o 1266 8.070000
o 1265 8.070000
o 1264 8.070000
o 1263 8.070000
o 1262 8.070000
o 1261 8.070000
o 1260 8.070000
o 1259 8.070000
o 1258 8.070000
o 1257 8.070000
o 1256 8.070000
o 1255 8.070000
o 1254 8.070000
o 1253 8.070000
o 1252 8.070000
o 1251 8.070000
o 1250 8.070000
o 1249 8.070000
o 1248 8.070000
o 1247 8.070000
o 1246 8.070000
o 1245 8.070000
1245	8.070000
decision-tree-kr-vs-kp-un-formula_0.8_2021_atleast_63_max-5_reduced_incomplete_tree
o 1577 7.810000
o 1576 8.040000
o 1575 8.040000
o 1574 8.040000
o 1573 8.040000
o 1572 8.040000
o 1571 8.040000
o 1570 8.040000
o 1569 8.040000
o 1568 8.040000
o 1567 8.040000
o 1566 8.040000
o 1565 8.040000
o 1564 8.040000
o 1563 8.040000
o 1562 8.040000
o 1561 8.040000
o 1560 8.040000
o 1559 8.040000
o 1558 8.040000
o 1557 8.040000
o 1556 8.040000
o 1555 8.040000
o 1554 8.040000
o 1553 8.040000
o 1552 8.040000
o 1551 8.040000
o 1550 8.040000
o 1549 8.040000
o 1548 8.040000
o 1547 8.040000
o 1546 8.040000
o 1545 8.040000
o 1544 8.040000
o 1543 8.040000
o 1542 8.040000
o 1541 8.040000
o 1540 8.040000
o 1539 8.040000
o 1538 8.040000
o 1537 8.040000
o 1536 8.040000
o 1535 8.040000
o 1534 8.040000
o 1533 8.040000
o 1532 8.040000
o 1531 8.040000
o 1530 8.040000
o 1529 8.040000
o 1528 8.040000
o 1527 8.040000
o 1526 8.040000
o 1525 8.040000
o 1524 8.040000
o 1523 8.040000
o 1522 8.040000
o 1521 8.040000
o 1520 8.040000
o 1519 8.040000
o 1518 8.040000
o 1517 8.040000
o 1516 8.040000
o 1515 8.040000
o 1514 8.040000
o 1513 8.040000
o 1512 8.040000
o 1511 8.040000
o 1510 8.040000
o 1509 8.040000
o 1508 8.050000
o 1507 8.050000
o 1506 8.050000
o 1505 8.050000
o 1504 8.050000
o 1503 8.050000
o 1502 8.050000
o 1501 8.050000
o 1500 8.050000
o 1499 8.050000
o 1498 8.050000
o 1497 8.050000
o 1496 8.050000
o 1495 8.050000
o 1494 8.050000
o 1493 8.050000
o 1492 8.050000
o 1491 8.050000
o 1490 8.050000
o 1489 8.050000
o 1488 8.050000
o 1487 8.050000
o 1486 8.050000
o 1485 8.050000
o 1484 8.050000
o 1483 8.050000
o 1482 8.050000
o 1481 8.050000
o 1480 8.050000
o 1479 8.050000
o 1478 8.050000
o 1477 8.050000
o 1476 8.050000
o 1475 8.050000
o 1474 8.050000
o 1473 8.050000
o 1472 8.050000
o 1471 8.050000
o 1470 8.050000
o 1469 8.050000
o 1468 8.050000
o 1467 8.050000
o 1466 8.050000
o 1465 8.050000
o 1464 8.050000
o 1463 8.050000
o 1462 8.050000
o 1461 8.050000
o 1460 8.050000
o 1459 8.050000
o 1458 8.050000
o 1457 8.050000
o 1456 8.050000
o 1455 8.050000
o 1454 8.050000
o 1453 8.050000
o 1452 8.050000
o 1451 8.050000
o 1450 8.050000
o 1449 8.050000
o 1448 8.050000
o 1447 8.050000
o 1446 8.050000
o 1445 8.050000
o 1444 8.050000
o 1443 8.050000
o 1442 8.050000
o 1441 8.050000
o 1440 8.050000
o 1439 8.050000
o 1438 8.050000
o 1437 8.050000
o 1436 8.050000
o 1435 8.050000
o 1434 8.050000
o 1433 8.050000
o 1432 8.050000
o 1431 8.050000
o 1430 8.050000
o 1429 8.050000
o 1428 8.050000
o 1427 8.050000
o 1426 8.050000
o 1425 8.050000
o 1424 8.060000
o 1423 8.060000
o 1422 8.060000
o 1421 8.060000
o 1420 8.060000
o 1419 8.060000
o 1418 8.060000
o 1417 8.060000
o 1416 8.060000
o 1415 8.060000
o 1414 8.060000
o 1413 8.060000
o 1412 8.060000
o 1411 8.060000
o 1410 8.060000
o 1409 8.060000
o 1408 8.060000
o 1407 8.060000
o 1406 8.060000
o 1405 8.060000
o 1404 8.060000
o 1403 8.060000
o 1402 8.060000
o 1401 8.060000
o 1400 8.060000
o 1399 8.060000
o 1398 8.060000
o 1397 8.060000
o 1396 8.060000
o 1395 8.060000
o 1394 8.060000
o 1393 8.060000
o 1392 8.060000
o 1391 8.060000
o 1390 8.060000
o 1389 8.060000
o 1388 8.060000
o 1387 8.060000
o 1386 8.060000
o 1385 8.060000
o 1384 8.060000
o 1383 8.060000
o 1382 8.060000
o 1381 8.060000
o 1380 8.060000
o 1379 8.060000
o 1378 8.060000
o 1377 8.060000
o 1376 8.060000
o 1375 8.060000
o 1374 8.060000
o 1373 8.060000
o 1372 8.060000
o 1371 8.060000
o 1370 8.060000
o 1369 8.060000
o 1368 8.060000
o 1367 8.060000
o 1366 8.060000
o 1365 8.060000
o 1364 8.060000
o 1363 8.060000
o 1362 8.060000
o 1361 8.060000
o 1360 8.060000
o 1359 8.060000
o 1358 8.060000
o 1357 8.060000
o 1356 8.060000
o 1355 8.060000
o 1354 8.060000
o 1353 8.060000
o 1352 8.060000
o 1351 8.060000
o 1350 8.060000
o 1349 8.060000
o 1348 8.060000
o 1347 8.060000
o 1346 8.060000
o 1345 8.060000
o 1344 8.060000
o 1343 8.060000
o 1342 8.060000
o 1341 8.060000
o 1340 8.060000
o 1339 8.060000
o 1338 8.060000
o 1337 8.060000
o 1336 8.070000
o 1335 8.070000
o 1334 8.070000
o 1333 8.070000
o 1332 8.070000
o 1331 8.070000
o 1330 8.070000
o 1329 8.070000
o 1328 8.070000
o 1327 8.070000
o 1326 8.070000
o 1325 8.070000
o 1324 8.070000
o 1323 8.070000
o 1322 8.070000
o 1321 8.070000
o 1320 8.070000
o 1319 8.070000
o 1318 8.070000
o 1317 8.070000
o 1316 8.070000
o 1315 8.070000
o 1314 8.070000
o 1313 8.070000
o 1312 8.070000
o 1311 8.070000
o 1310 8.070000
o 1309 8.070000
o 1308 8.070000
o 1307 8.070000
o 1306 8.070000
o 1305 8.070000
o 1304 8.070000
o 1303 8.070000
o 1302 8.070000
o 1301 8.070000
o 1300 8.070000
o 1299 8.070000
o 1298 8.070000
o 1297 8.070000
o 1296 8.070000
o 1295 8.070000
o 1294 8.070000
o 1293 8.070000
o 1292 8.070000
o 1291 8.070000
o 1290 8.070000
o 1289 8.070000
o 1288 8.070000
o 1287 8.070000
o 1286 8.070000
o 1285 8.070000
o 1284 8.070000
o 1283 8.070000
o 1282 8.070000
o 1281 8.070000
o 1280 8.070000
o 1279 8.070000
o 1278 8.070000
o 1277 8.070000
o 1276 8.070000
o 1275 8.070000
o 1274 8.070000
o 1273 8.070000
o 1272 8.070000
o 1271 8.070000
o 1270 8.070000
o 1269 8.070000
o 1268 8.070000
o 1267 8.070000
o 1266 8.070000
o 1265 8.070000
o 1264 8.070000
o 1263 8.070000
o 1262 8.070000
o 1261 8.070000
o 1260 8.070000
o 1259 8.070000
o 1258 8.070000
o 1257 8.070000
o 1256 8.070000
o 1255 8.070000
o 1254 8.070000
o 1253 8.070000
o 1252 8.070000
o 1251 8.070000
o 1250 8.070000
o 1249 8.070000
o 1248 8.070000
o 1247 8.080000
o 1246 8.080000
o 1245 8.080000
o 1244 8.080000
o 1243 8.080000
o 1242 8.080000
o 1241 8.080000
o 1240 8.080000
o 1239 8.080000
o 1238 8.080000
o 1237 8.080000
o 1236 8.080000
o 1235 8.080000
o 1234 8.080000
o 1233 8.080000
o 1232 8.080000
o 1231 8.080000
o 1230 8.080000
o 1229 8.080000
o 1228 8.080000
o 1227 8.080000
o 1226 8.080000
o 1225 8.080000
o 1224 8.080000
o 1223 8.080000
o 1222 8.080000
o 1221 8.080000
o 1220 8.080000
o 1219 8.080000
o 1218 8.080000
o 1217 8.080000
o 1216 8.080000
o 1215 8.080000
o 1214 8.080000
o 1213 8.080000
o 1212 8.080000
o 1211 8.080000
o 1210 8.080000
o 1209 8.080000
o 1208 8.080000
o 1207 8.080000
o 1206 8.080000
o 1205 8.080000
o 1204 8.080000
o 1203 8.080000
o 1202 8.080000
o 1201 8.080000
o 1200 8.080000
o 1199 8.080000
o 1198 8.080000
o 1197 8.080000
o 1196 8.080000
o 1195 8.080000
o 1194 8.080000
o 1193 8.080000
o 1192 8.080000
o 1191 8.080000
o 1190 8.080000
o 1189 8.080000
o 1188 8.080000
o 1187 8.080000
o 1186 8.080000
o 1185 8.080000
o 1184 8.080000
o 1183 8.080000
o 1182 8.080000
o 1181 8.080000
o 1180 8.080000
o 1179 8.080000
o 1178 8.080000
o 1177 8.080000
o 1176 8.080000
o 1175 8.080000
o 1174 8.080000
o 1173 8.080000
o 1172 8.080000
o 1171 8.080000
o 1170 8.080000
o 1169 8.080000
o 1168 8.080000
o 1167 8.080000
o 1166 8.080000
o 1165 8.080000
o 1164 8.080000
o 1163 8.080000
o 1162 8.080000
o 1161 8.080000
o 1160 8.080000
o 1159 8.080000
o 1158 8.080000
o 1157 8.080000
o 1156 8.080000
o 1155 8.080000
o 1154 8.090000
o 1153 8.090000
o 1152 8.090000
o 1151 8.090000
o 1150 8.090000
o 1149 8.090000
o 1148 8.090000
o 1147 8.090000
o 1146 8.090000
o 1145 8.090000
o 1144 8.090000
o 1143 8.090000
o 1142 8.090000
o 1141 8.090000
o 1140 8.090000
o 1139 8.090000
o 1138 8.090000
o 1137 8.090000
o 1136 8.090000
o 1135 8.090000
o 1134 8.090000
o 1133 8.090000
o 1132 8.090000
o 1131 8.090000
o 1130 8.090000
o 1129 8.090000
o 1128 8.090000
o 1127 8.090000
o 1126 8.090000
o 1125 8.090000
o 1124 8.090000
o 1123 8.090000
o 1122 8.090000
o 1121 8.090000
o 1120 8.090000
o 1119 8.090000
o 1118 8.090000
o 1117 8.090000
o 1116 8.090000
o 1115 8.090000
o 1114 8.090000
o 1113 8.090000
o 1112 8.090000
o 1111 8.090000
o 1110 8.090000
o 1109 8.090000
o 1108 8.090000
o 1107 8.090000
o 1106 8.090000
o 1105 8.090000
o 1104 8.090000
o 1103 8.090000
o 1102 8.090000
1102	8.090000
decision-tree-kr-vs-kp-un-formula_0.8_2021_atleast_63_max-5_reduced_incomplete_tree
o 1704 6.350000
o 1703 6.450000
o 1702 6.450000
o 1701 6.450000
o 1700 6.450000
o 1699 6.450000
o 1698 6.450000
o 1697 6.450000
o 1696 6.450000
o 1695 6.450000
o 1694 6.450000
o 1693 6.450000
o 1692 6.450000
o 1691 6.450000
o 1690 6.450000
o 1689 6.450000
o 1688 6.450000
o 1687 6.450000
o 1686 6.450000
o 1685 6.450000
o 1684 6.450000
o 1683 6.450000
o 1682 6.450000
o 1681 6.450000
o 1680 6.450000
o 1679 6.450000
o 1678 6.450000
o 1677 6.450000
o 1676 6.450000
o 1675 6.450000
o 1674 6.450000
o 1673 6.450000
o 1672 6.450000
o 1671 6.460000
o 1670 6.460000
o 1669 6.460000
o 1668 6.460000
o 1667 6.460000
o 1666 6.460000
o 1665 6.460000
o 1664 6.460000
o 1663 6.460000
o 1662 6.460000
o 1661 6.460000
o 1660 6.460000
o 1659 6.460000
o 1658 6.460000
o 1657 6.460000
o 1656 6.460000
o 1655 6.460000
o 1654 6.460000
o 1653 6.460000
o 1652 6.460000
o 1651 6.460000
o 1650 6.460000
o 1649 6.460000
o 1648 6.460000
o 1647 6.460000
o 1646 6.460000
o 1645 6.460000
o 1644 6.460000
o 1643 6.460000
o 1642 6.460000
o 1641 6.460000
o 1640 6.460000
o 1639 6.460000
o 1638 6.460000
o 1637 6.460000
o 1636 6.460000
o 1635 6.460000
o 1634 6.460000
o 1633 6.460000
o 1632 6.460000
o 1631 6.460000
o 1630 6.460000
o 1629 6.460000
o 1628 6.460000
o 1627 6.460000
o 1626 6.460000
o 1625 6.460000
o 1624 6.460000
o 1623 6.460000
o 1622 6.460000
o 1621 6.460000
o 1620 6.460000
o 1619 6.460000
o 1618 6.460000
o 1617 6.460000
o 1616 6.460000
o 1615 6.460000
o 1614 6.460000
o 1613 6.460000
o 1612 6.460000
o 1611 6.460000
o 1610 6.460000
o 1609 6.460000
o 1608 6.460000
o 1607 6.460000
o 1606 6.460000
o 1605 6.460000
o 1604 6.460000
o 1603 6.460000
o 1602 6.460000
o 1601 6.460000
o 1600 6.460000
o 1599 6.460000
o 1598 6.460000
o 1597 6.460000
o 1596 6.460000
o 1595 6.460000
o 1594 6.460000
o 1593 6.460000
o 1592 6.460000
o 1591 6.460000
o 1590 6.460000
o 1589 6.460000
o 1588 6.460000
o 1587 6.460000
o 1586 6.460000
o 1585 6.460000
o 1584 6.460000
o 1583 6.460000
o 1582 6.460000
o 1581 6.470000
o 1580 6.470000
o 1579 6.470000
o 1578 6.470000
o 1577 6.470000
o 1576 6.470000
o 1575 6.470000
o 1574 6.470000
o 1573 6.470000
o 1572 6.470000
o 1571 6.470000
o 1570 6.470000
o 1569 6.470000
o 1568 6.470000
o 1567 6.470000
o 1566 6.470000
o 1565 6.470000
o 1564 6.470000
o 1563 6.470000
o 1562 6.470000
o 1561 6.470000
o 1560 6.470000
o 1559 6.470000
o 1558 6.470000
o 1557 6.470000
o 1556 6.470000
o 1555 6.470000
o 1554 6.470000
o 1553 6.470000
o 1552 6.470000
o 1551 6.470000
o 1550 6.470000
o 1549 6.470000
o 1548 6.470000
o 1547 6.470000
o 1546 6.470000
o 1545 6.470000
o 1544 6.470000
o 1543 6.470000
o 1542 6.470000
o 1541 6.470000
o 1540 6.470000
o 1539 6.470000
o 1538 6.470000
o 1537 6.470000
o 1536 6.470000
o 1535 6.470000
o 1534 6.470000
o 1533 6.470000
o 1532 6.470000
o 1531 6.470000
o 1530 6.470000
o 1529 6.470000
o 1528 6.470000
o 1527 6.470000
o 1526 6.470000
o 1525 6.470000
o 1524 6.470000
o 1523 6.470000
o 1522 6.470000
o 1521 6.470000
o 1520 6.470000
o 1519 6.470000
o 1518 6.470000
o 1517 6.470000
o 1516 6.470000
o 1515 6.470000
o 1514 6.470000
o 1513 6.470000
o 1512 6.470000
o 1511 6.470000
o 1510 6.470000
o 1509 6.470000
o 1508 6.470000
o 1507 6.470000
o 1506 6.470000
o 1505 6.470000
o 1504 6.470000
o 1503 6.470000
o 1502 6.470000
o 1501 6.470000
o 1500 6.470000
o 1499 6.470000
o 1498 6.470000
o 1497 6.470000
o 1496 6.470000
o 1495 6.470000
o 1494 6.470000
o 1493 6.470000
o 1492 6.480000
o 1491 6.480000
o 1490 6.480000
o 1489 6.480000
o 1488 6.480000
o 1487 6.480000
o 1486 6.480000
o 1485 6.480000
o 1484 6.480000
o 1483 6.480000
o 1482 6.480000
o 1481 6.480000
o 1480 6.480000
o 1479 6.480000
o 1478 6.480000
o 1477 6.480000
o 1476 6.480000
o 1475 6.480000
o 1474 6.480000
o 1473 6.480000
o 1472 6.480000
o 1471 6.480000
o 1470 6.480000
o 1469 6.480000
o 1468 6.480000
o 1467 6.480000
o 1466 6.480000
o 1465 6.480000
o 1464 6.480000
o 1463 6.480000
o 1462 6.480000
o 1461 6.480000
o 1460 6.480000
o 1459 6.480000
o 1458 6.480000
o 1457 6.480000
o 1456 6.480000
o 1455 6.480000
o 1454 6.480000
o 1453 6.480000
o 1452 6.480000
o 1451 6.480000
o 1450 6.480000
o 1449 6.480000
o 1448 6.480000
o 1447 6.480000
o 1446 6.480000
o 1445 6.480000
o 1444 6.480000
o 1443 6.480000
o 1442 6.480000
o 1441 6.480000
o 1440 6.480000
o 1439 6.480000
o 1438 6.480000
o 1437 6.480000
o 1436 6.480000
o 1435 6.480000
o 1434 6.480000
o 1433 6.480000
o 1432 6.480000
o 1431 6.480000
o 1430 6.480000
o 1429 6.480000
o 1428 6.480000
o 1427 6.480000
o 1426 6.480000
o 1425 6.480000
o 1424 6.480000
o 1423 6.480000
o 1422 6.480000
o 1421 6.480000
o 1420 6.480000
o 1419 6.480000
o 1418 6.480000
o 1417 6.480000
o 1416 6.480000
o 1415 6.480000
o 1414 6.480000
o 1413 6.480000
o 1412 6.480000
o 1411 6.480000
o 1410 6.480000
o 1409 6.480000
o 1408 6.480000
o 1407 6.480000
o 1406 6.480000
o 1405 6.480000
o 1404 6.480000
o 1403 6.490000
o 1402 6.490000
o 1401 6.490000
o 1400 6.490000
o 1399 6.490000
o 1398 6.490000
o 1397 6.490000
o 1396 6.490000
o 1395 6.490000
o 1394 6.490000
o 1393 6.490000
o 1392 6.490000
o 1391 6.490000
o 1390 6.490000
o 1389 6.490000
o 1388 6.490000
o 1387 6.490000
o 1386 6.490000
o 1385 6.490000
o 1384 6.490000
o 1383 6.490000
o 1382 6.490000
o 1381 6.490000
o 1380 6.490000
o 1379 6.490000
o 1378 6.490000
o 1377 6.490000
o 1376 6.490000
o 1375 6.490000
o 1374 6.490000
o 1373 6.490000
o 1372 6.490000
o 1371 6.490000
o 1370 6.490000
o 1369 6.490000
o 1368 6.490000
o 1367 6.490000
o 1366 6.490000
o 1365 6.490000
o 1364 6.490000
o 1363 6.490000
o 1362 6.490000
o 1361 6.490000
o 1360 6.490000
o 1359 6.490000
o 1358 6.490000
o 1357 6.490000
o 1356 6.490000
o 1355 6.490000
o 1354 6.490000
o 1353 6.490000
o 1352 6.490000
o 1351 6.490000
o 1350 6.490000
o 1349 6.490000
o 1348 6.490000
o 1347 6.490000
o 1346 6.490000
o 1345 6.490000
o 1344 6.490000
o 1343 6.490000
o 1342 6.490000
o 1341 6.490000
o 1340 6.490000
o 1339 6.490000
o 1338 6.490000
o 1337 6.490000
o 1336 6.490000
o 1335 6.490000
o 1334 6.490000
o 1333 6.490000
o 1332 6.490000
o 1331 6.490000
o 1330 6.490000
o 1329 6.490000
o 1328 6.490000
o 1327 6.490000
o 1326 6.490000
o 1325 6.490000
o 1324 6.490000
o 1323 6.490000
o 1322 6.490000
o 1321 6.490000
o 1320 6.490000
o 1319 6.490000
o 1318 6.490000
o 1317 6.490000
o 1316 6.490000
o 1315 6.490000
o 1314 6.490000
o 1313 6.500000
o 1312 6.500000
o 1311 6.500000
o 1310 6.500000
o 1309 6.500000
o 1308 6.500000
o 1307 6.500000
o 1306 6.500000
o 1305 6.500000
o 1304 6.500000
o 1303 6.500000
o 1302 6.500000
o 1301 6.500000
o 1300 6.500000
o 1299 6.500000
o 1298 6.500000
o 1297 6.500000
o 1296 6.500000
o 1295 6.500000
o 1294 6.500000
o 1293 6.500000
o 1292 6.500000
o 1291 6.500000
o 1290 6.500000
o 1289 6.500000
o 1288 6.500000
o 1287 6.500000
o 1286 6.500000
o 1285 6.500000
o 1284 6.500000
o 1283 6.500000
o 1282 6.500000
o 1281 6.500000
o 1280 6.500000
o 1279 6.500000
o 1278 6.500000
o 1277 6.500000
o 1276 6.500000
o 1275 6.500000
o 1274 6.500000
o 1273 6.500000
o 1272 6.500000
o 1271 6.500000
o 1270 6.500000
o 1269 6.500000
o 1268 6.500000
o 1267 6.500000
o 1266 6.500000
o 1265 6.500000
o 1264 6.500000
o 1263 6.500000
o 1262 6.500000
o 1261 6.500000
o 1260 6.500000
o 1259 6.500000
o 1258 6.500000
o 1257 6.500000
o 1256 6.500000
o 1255 6.500000
o 1254 6.500000
o 1253 6.500000
o 1252 6.500000
o 1251 6.500000
o 1250 6.500000
o 1249 6.500000
o 1248 6.500000
o 1247 6.500000
o 1246 6.500000
o 1245 6.500000
1245	6.500000
decision-tree-kr-vs-kp-un-formula_0.8_2021_atleast_63_max-5_reduced_incomplete_tree
o 1840 6.790000
o 1839 6.920000
o 1838 6.920000
o 1837 6.920000
o 1836 6.920000
o 1835 6.920000
o 1834 6.920000
o 1833 6.920000
o 1832 6.920000
o 1831 6.920000
o 1830 6.920000
o 1829 6.920000
o 1828 6.920000
o 1827 6.920000
o 1826 6.920000
o 1825 6.920000
o 1824 6.920000
o 1823 6.920000
o 1822 6.920000
o 1821 6.920000
o 1820 6.920000
o 1819 6.920000
o 1818 6.920000
o 1817 6.920000
o 1816 6.920000
o 1815 6.920000
o 1814 6.920000
o 1813 6.920000
o 1812 6.920000
o 1811 6.920000
o 1810 6.920000
o 1809 6.920000
o 1808 6.920000
o 1807 6.920000
o 1806 6.920000
o 1805 6.920000
o 1804 6.920000
o 1803 6.920000
o 1802 6.920000
o 1801 6.920000
o 1800 6.920000
o 1799 6.920000
o 1798 6.920000
o 1797 6.920000
o 1796 6.920000
o 1795 6.920000
o 1794 6.920000
o 1793 6.920000
o 1792 6.920000
o 1791 6.920000
o 1790 6.920000
o 1789 6.920000
o 1788 6.930000
o 1787 6.930000
o 1786 6.930000
o 1785 6.930000
o 1784 6.930000
o 1783 6.930000
o 1782 6.930000
o 1781 6.930000
o 1780 6.930000
o 1779 6.930000
o 1778 6.930000
o 1777 6.930000
o 1776 6.930000
o 1775 6.930000
o 1774 6.930000
o 1773 6.930000
o 1772 6.930000
o 1771 6.930000
o 1770 6.930000
o 1769 6.930000
o 1768 6.930000
o 1767 6.930000
o 1766 6.930000
o 1765 6.930000
o 1764 6.930000
o 1763 6.930000
o 1762 6.930000
o 1761 6.930000
o 1760 6.930000
o 1759 6.930000
o 1758 6.930000
o 1757 6.930000
o 1756 6.930000
o 1755 6.930000
o 1754 6.930000
o 1753 6.930000
o 1752 6.930000
o 1751 6.930000
o 1750 6.930000
o 1749 6.930000
o 1748 6.930000
o 1747 6.930000
o 1746 6.930000
o 1745 6.930000
o 1744 6.930000
o 1743 6.930000
o 1742 6.930000
o 1741 6.930000
o 1740 6.930000
o 1739 6.930000
o 1738 6.930000
o 1737 6.930000
o 1736 6.930000
o 1735 6.930000
o 1734 6.930000
o 1733 6.930000
o 1732 6.930000
o 1731 6.930000
o 1730 6.930000
o 1729 6.930000
o 1728 6.930000
o 1727 6.930000
o 1726 6.930000
o 1725 6.930000
o 1724 6.930000
o 1723 6.930000
o 1722 6.930000
o 1721 6.930000
o 1720 6.930000
o 1719 6.930000
o 1718 6.930000
o 1717 6.930000
o 1716 6.930000
o 1715 6.930000
o 1714 6.930000
o 1713 6.930000
o 1712 6.930000
o 1711 6.930000
o 1710 6.930000
o 1709 6.930000
o 1708 6.930000
o 1707 6.930000
o 1706 6.930000
o 1705 6.930000
o 1704 6.930000
o 1703 6.930000
o 1702 6.930000
o 1701 6.930000
o 1700 6.930000
o 1699 6.930000
o 1698 6.930000
o 1697 6.930000
o 1696 6.930000
o 1695 6.930000
o 1694 6.940000
o 1693 6.940000
o 1692 6.940000
o 1691 6.940000
o 1690 6.940000
o 1689 6.940000
o 1688 6.940000
o 1687 6.940000
o 1686 6.940000
o 1685 6.940000
o 1684 6.940000
o 1683 6.940000
o 1682 6.940000
o 1681 6.940000
o 1680 6.940000
o 1679 6.940000
o 1678 6.940000
o 1677 6.940000
o 1676 6.940000
o 1675 6.940000
o 1674 6.940000
o 1673 6.940000
o 1672 6.940000
o 1671 6.940000
o 1670 6.940000
o 1669 6.940000
o 1668 6.940000
o 1667 6.940000
o 1666 6.940000
o 1665 6.940000
o 1664 6.940000
o 1663 6.940000
o 1662 6.940000
o 1661 6.940000
o 1660 6.940000
o 1659 6.940000
o 1658 6.940000
o 1657 6.940000
o 1656 6.940000
o 1655 6.940000
o 1654 6.940000
o 1653 6.940000
o 1652 6.940000
o 1651 6.940000
o 1650 6.940000
o 1649 6.940000
o 1648 6.940000
o 1647 6.940000
o 1646 6.940000
o 1645 6.940000
o 1644 6.940000
o 1643 6.940000
o 1642 6.940000
o 1641 6.940000
o 1640 6.940000
o 1639 6.940000
o 1638 6.940000
o 1637 6.940000
o 1636 6.940000
o 1635 6.940000
o 1634 6.940000
o 1633 6.940000
o 1632 6.940000
o 1631 6.940000
o 1630 6.940000
o 1629 6.940000
o 1628 6.940000
o 1627 6.940000
o 1626 6.940000
o 1625 6.940000
o 1624 6.940000
o 1623 6.940000
o 1622 6.940000
o 1621 6.940000
o 1620 6.940000
o 1619 6.940000
o 1618 6.940000
o 1617 6.940000
o 1616 6.940000
o 1615 6.940000
o 1614 6.940000
o 1613 6.940000
o 1612 6.940000
o 1611 6.940000
o 1610 6.940000
o 1609 6.940000
o 1608 6.940000
o 1607 6.940000
o 1606 6.940000
o 1605 6.940000
o 1604 6.940000
o 1603 6.940000
o 1602 6.940000
o 1601 6.940000
o 1600 6.940000
o 1599 6.950000
o 1598 6.950000
o 1597 6.950000
o 1596 6.950000
o 1595 6.950000
o 1594 6.950000
o 1593 6.950000
o 1592 6.950000
o 1591 6.950000
o 1590 6.950000
o 1589 6.950000
o 1588 6.950000
o 1587 6.950000
o 1586 6.950000
o 1585 6.950000
o 1584 6.950000
o 1583 6.950000
o 1582 6.950000
o 1581 6.950000
o 1580 6.950000
o 1579 6.950000
o 1578 6.950000
o 1577 6.950000
o 1576 6.950000
o 1575 6.950000
o 1574 6.950000
o 1573 6.950000
o 1572 6.950000
o 1571 6.950000
o 1570 6.950000
o 1569 6.950000
o 1568 6.950000
o 1567 6.950000
o 1566 6.950000
o 1565 6.950000
o 1564 6.950000
o 1563 6.950000
o 1562 6.950000
o 1561 6.950000
o 1560 6.950000
o 1559 6.950000
o 1558 6.950000
o 1557 6.950000
o 1556 6.950000
o 1555 6.950000
o 1554 6.950000
o 1553 6.950000
o 1552 6.950000
o 1551 6.950000
o 1550 6.950000
o 1549 6.950000
o 1548 6.950000
o 1547 6.950000
o 1546 6.950000
o 1545 6.950000
o 1544 6.950000
o 1543 6.950000
o 1542 6.950000
o 1541 6.950000
o 1540 6.950000
o 1539 6.950000
o 1538 6.950000
o 1537 6.950000
o 1536 6.950000
o 1535 6.950000
o 1534 6.950000
o 1533 6.950000
o 1532 6.950000
o 1531 6.950000
o 1530 6.950000
o 1529 6.950000
o 1528 6.950000
o 1527 6.950000
o 1526 6.950000
o 1525 6.950000
o 1524 6.950000
o 1523 6.950000
o 1522 6.950000
o 1521 6.950000
o 1520 6.950000
o 1519 6.950000
o 1518 6.950000
o 1517 6.950000
o 1516 6.950000
o 1515 6.950000
o 1514 6.950000
o 1513 6.950000
o 1512 6.950000
o 1511 6.950000
o 1510 6.950000
o 1509 6.950000
o 1508 6.950000
o 1507 6.950000
o 1506 6.950000
o 1505 6.950000
o 1504 6.950000
o 1503 6.960000
o 1502 6.960000
o 1501 6.960000
o 1500 6.960000
o 1499 6.960000
o 1498 6.960000
o 1497 6.960000
o 1496 6.960000
o 1495 6.960000
o 1494 6.960000
o 1493 6.960000
o 1492 6.960000
o 1491 6.960000
o 1490 6.960000
o 1489 6.960000
o 1488 6.960000
o 1487 6.960000
o 1486 6.960000
o 1485 6.960000
o 1484 6.960000
o 1483 6.960000
o 1482 6.960000
o 1481 6.960000
o 1480 6.960000
o 1479 6.960000
o 1478 6.960000
o 1477 6.960000
o 1476 6.960000
o 1475 6.960000
o 1474 6.960000
o 1473 6.960000
o 1472 6.960000
o 1471 6.960000
o 1470 6.960000
o 1469 6.960000
o 1468 6.960000
o 1467 6.960000
o 1466 6.960000
o 1465 6.960000
o 1464 6.960000
o 1463 6.960000
o 1462 6.960000
o 1461 6.960000
o 1460 6.960000
o 1459 6.960000
o 1458 6.960000
o 1457 6.960000
o 1456 6.960000
o 1455 6.960000
o 1454 6.960000
o 1453 6.960000
o 1452 6.960000
o 1451 6.960000
o 1450 6.960000
o 1449 6.960000
o 1448 6.960000
o 1447 6.960000
o 1446 6.960000
o 1445 6.960000
o 1444 6.960000
o 1443 6.960000
o 1442 6.960000
o 1441 6.960000
o 1440 6.960000
o 1439 6.960000
o 1438 6.960000
o 1437 6.960000
o 1436 6.960000
o 1435 6.960000
o 1434 6.960000
o 1433 6.960000
o 1432 6.960000
o 1431 6.960000
o 1430 6.960000
o 1429 6.960000
o 1428 6.960000
o 1427 6.960000
o 1426 6.960000
o 1425 6.960000
o 1424 6.960000
o 1423 6.960000
o 1422 6.960000
o 1421 6.960000
o 1420 6.960000
o 1419 6.960000
o 1418 6.960000
o 1417 6.960000
o 1416 6.960000
o 1415 6.960000
o 1414 6.960000
o 1413 6.960000
o 1412 6.960000
o 1411 6.960000
o 1410 6.960000
o 1409 6.960000
o 1408 6.960000
o 1407 6.970000
o 1406 6.970000
o 1405 6.970000
o 1404 6.970000
o 1403 6.970000
o 1402 6.970000
o 1401 6.970000
o 1400 6.970000
o 1399 6.970000
o 1398 6.970000
o 1397 6.970000
o 1396 6.970000
o 1395 6.970000
o 1394 6.970000
o 1393 6.970000
o 1392 6.970000
o 1391 6.970000
o 1390 6.970000
o 1389 6.970000
o 1388 6.970000
o 1387 6.970000
o 1386 6.970000
o 1385 6.970000
o 1384 6.970000
o 1383 6.970000
o 1382 6.970000
o 1381 6.970000
o 1380 6.970000
o 1379 6.970000
o 1378 6.970000
o 1377 6.970000
o 1376 6.970000
o 1375 6.970000
o 1374 6.970000
o 1373 6.970000
o 1372 6.970000
o 1371 6.970000
o 1370 6.970000
o 1369 6.970000
o 1368 6.970000
o 1367 6.970000
o 1366 6.970000
o 1365 6.970000
o 1364 6.970000
o 1363 6.970000
o 1362 6.970000
o 1361 6.970000
o 1360 6.970000
o 1359 6.970000
o 1358 6.970000
o 1357 6.970000
o 1356 6.970000
o 1355 6.970000
o 1354 6.970000
o 1353 6.970000
o 1352 6.970000
o 1351 6.970000
o 1350 6.970000
o 1349 6.970000
o 1348 6.970000
o 1347 6.970000
o 1346 6.970000
o 1345 6.970000
o 1344 6.970000
o 1343 6.970000
o 1342 6.970000
o 1341 6.970000
o 1340 6.970000
o 1339 6.970000
o 1338 6.970000
o 1337 6.970000
o 1336 6.970000
o 1335 6.970000
o 1334 6.970000
o 1333 6.970000
o 1332 6.970000
o 1331 6.970000
o 1330 6.970000
o 1329 6.970000
o 1328 6.970000
o 1327 6.970000
o 1326 6.970000
o 1325 6.970000
o 1324 6.970000
o 1323 6.970000
o 1322 6.970000
o 1321 6.970000
o 1320 6.970000
o 1319 6.970000
o 1318 6.970000
o 1317 6.970000
o 1316 6.970000
o 1315 6.970000
o 1314 6.970000
o 1313 6.970000
o 1312 6.970000
o 1311 6.980000
o 1310 6.980000
o 1309 6.980000
o 1308 6.980000
o 1307 6.980000
o 1306 6.980000
o 1305 6.980000
o 1304 6.980000
o 1303 6.980000
o 1302 6.980000
o 1301 6.980000
o 1300 6.980000
o 1299 6.980000
o 1298 6.980000
o 1297 6.980000
o 1296 6.980000
o 1295 6.980000
o 1294 6.980000
o 1293 6.980000
o 1292 6.980000
o 1291 6.980000
o 1290 6.980000
o 1289 6.980000
o 1288 6.980000
o 1287 6.980000
o 1286 6.980000
o 1285 6.980000
o 1284 6.980000
o 1283 6.980000
o 1282 6.980000
o 1281 6.980000
o 1280 6.980000
o 1279 6.980000
o 1278 6.980000
o 1277 6.980000
o 1276 6.980000
o 1275 6.980000
o 1274 6.980000
o 1273 6.980000
o 1272 6.980000
o 1271 6.980000
o 1270 6.980000
o 1269 6.980000
o 1268 6.980000
o 1267 6.980000
o 1266 6.980000
o 1265 6.980000
o 1264 6.980000
o 1263 6.980000
o 1262 6.980000
o 1261 6.980000
o 1260 6.980000
o 1259 6.980000
o 1258 6.980000
o 1257 6.980000
o 1256 6.980000
o 1255 6.980000
o 1254 6.980000
o 1253 6.980000
o 1252 6.980000
o 1251 6.980000
o 1250 6.980000
o 1249 6.980000
o 1248 6.980000
o 1247 6.980000
o 1246 6.980000
o 1245 6.980000
o 1244 6.980000
o 1243 6.980000
o 1242 6.980000
o 1241 6.980000
o 1240 6.980000
o 1239 6.980000
o 1238 6.980000
o 1237 6.980000
o 1236 6.980000
o 1235 6.980000
o 1234 6.980000
o 1233 6.980000
o 1232 6.980000
o 1231 6.980000
o 1230 6.980000
o 1229 6.980000
o 1228 6.980000
o 1227 6.980000
o 1226 6.980000
o 1225 6.980000
o 1224 6.980000
o 1223 6.980000
o 1222 6.980000
o 1221 6.980000
o 1220 6.980000
o 1219 6.980000
o 1218 6.980000
o 1217 6.980000
o 1216 6.980000
o 1215 6.990000
o 1214 6.990000
o 1213 6.990000
o 1212 6.990000
o 1211 6.990000
o 1210 6.990000
o 1209 6.990000
o 1208 6.990000
o 1207 6.990000
o 1206 6.990000
o 1205 6.990000
o 1204 6.990000
o 1203 6.990000
o 1202 6.990000
o 1201 6.990000
o 1200 6.990000
o 1199 6.990000
o 1198 6.990000
o 1197 6.990000
o 1196 6.990000
o 1195 6.990000
o 1194 6.990000
o 1193 6.990000
o 1192 6.990000
o 1191 6.990000
o 1190 6.990000
o 1189 6.990000
o 1188 6.990000
o 1187 6.990000
o 1186 6.990000
o 1185 6.990000
o 1184 6.990000
o 1183 6.990000
o 1182 6.990000
o 1181 6.990000
o 1180 6.990000
o 1179 6.990000
o 1178 6.990000
o 1177 6.990000
o 1176 6.990000
o 1175 6.990000
o 1174 6.990000
o 1173 6.990000
o 1172 6.990000
o 1171 6.990000
o 1170 6.990000
o 1169 6.990000
o 1168 6.990000
o 1167 6.990000
o 1166 6.990000
o 1165 6.990000
o 1164 6.990000
o 1163 6.990000
o 1162 6.990000
o 1161 6.990000
o 1160 6.990000
o 1159 6.990000
o 1158 6.990000
o 1157 6.990000
o 1156 6.990000
o 1155 6.990000
o 1154 6.990000
o 1153 6.990000
o 1152 6.990000
o 1151 6.990000
o 1150 6.990000
o 1149 6.990000
o 1148 6.990000
o 1147 6.990000
o 1146 6.990000
o 1145 6.990000
o 1144 6.990000
o 1143 6.990000
o 1142 6.990000
o 1141 6.990000
o 1140 6.990000
1140	6.990000
decision-tree-kr-vs-kp-un-formula_0.8_2021_atleast_63_max-5_reduced_incomplete_tree
o 2054 9.490000
o 2053 9.620000
o 2052 9.620000
o 2051 9.620000
o 2050 9.620000
o 2049 9.620000
o 2048 9.620000
o 2047 9.620000
o 2046 9.620000
o 2045 9.620000
o 2044 9.620000
o 2043 9.620000
o 2042 9.620000
o 2041 9.620000
o 2040 9.620000
o 2039 9.620000
o 2038 9.620000
o 2037 9.620000
o 2036 9.620000
o 2035 9.620000
o 2034 9.620000
o 2033 9.620000
o 2032 9.620000
o 2031 9.620000
o 2030 9.620000
o 2029 9.620000
o 2028 9.620000
o 2027 9.620000
o 2026 9.620000
o 2025 9.620000
o 2024 9.620000
o 2023 9.620000
o 2022 9.620000
o 2021 9.620000
o 2020 9.620000
o 2019 9.620000
o 2018 9.620000
o 2017 9.620000
o 2016 9.620000
o 2015 9.620000
o 2014 9.620000
o 2013 9.620000
o 2012 9.620000
o 2011 9.620000
o 2010 9.620000
o 2009 9.620000
o 2008 9.620000
o 2007 9.620000
o 2006 9.620000
o 2005 9.620000
o 2004 9.620000
o 2003 9.620000
o 2002 9.620000
o 2001 9.620000
o 2000 9.620000
o 1999 9.620000
o 1998 9.620000
o 1997 9.620000
o 1996 9.620000
o 1995 9.620000
o 1994 9.620000
o 1993 9.620000
o 1992 9.620000
o 1991 9.620000
o 1990 9.620000
o 1989 9.620000
o 1988 9.620000
o 1987 9.620000
o 1986 9.620000
o 1985 9.620000
o 1984 9.620000
o 1983 9.620000
o 1982 9.620000
o 1981 9.620000
o 1980 9.620000
o 1979 9.620000
o 1978 9.620000
o 1977 9.620000
o 1976 9.620000
o 1975 9.620000
o 1974 9.620000
o 1973 9.620000
o 1972 9.620000
o 1971 9.620000
o 1970 9.620000
o 1969 9.620000
o 1968 9.620000
o 1967 9.620000
o 1966 9.620000
o 1965 9.620000
o 1964 9.620000
o 1963 9.620000
o 1962 9.620000
o 1961 9.620000
o 1960 9.620000
o 1959 9.620000
o 1958 9.620000
o 1957 9.620000
o 1956 9.620000
o 1955 9.620000
o 1954 9.620000
o 1953 9.620000
o 1952 9.620000
o 1951 9.620000
o 1950 9.620000
o 1949 9.630000
o 1948 9.630000
o 1947 9.630000
o 1946 9.630000
o 1945 9.630000
o 1944 9.630000
o 1943 9.630000
o 1942 9.630000
o 1941 9.630000
o 1940 9.630000
o 1939 9.630000
o 1938 9.630000
o 1937 9.630000
o 1936 9.630000
o 1935 9.630000
o 1934 9.630000
o 1933 9.630000
o 1932 9.630000
o 1931 9.630000
o 1930 9.630000
o 1929 9.630000
o 1928 9.630000
o 1927 9.630000
o 1926 9.630000
o 1925 9.630000
o 1924 9.630000
o 1923 9.630000
o 1922 9.630000
o 1921 9.630000
o 1920 9.630000
o 1919 9.630000
o 1918 9.630000
o 1917 9.630000
o 1916 9.630000
o 1915 9.630000
o 1914 9.630000
o 1913 9.630000
o 1912 9.630000
o 1911 9.630000
o 1910 9.630000
o 1909 9.630000
o 1908 9.630000
o 1907 9.630000
o 1906 9.630000
o 1905 9.630000
o 1904 9.630000
o 1903 9.630000
o 1902 9.630000
o 1901 9.630000
o 1900 9.630000
o 1899 9.630000
o 1898 9.630000
o 1897 9.630000
o 1896 9.630000
o 1895 9.630000
o 1894 9.630000
o 1893 9.630000
o 1892 9.630000
o 1891 9.630000
o 1890 9.630000
o 1889 9.630000
o 1888 9.630000
o 1887 9.630000
o 1886 9.630000
o 1885 9.630000
o 1884 9.630000
o 1883 9.630000
o 1882 9.630000
o 1881 9.630000
o 1880 9.630000
o 1879 9.630000
o 1878 9.630000
o 1877 9.630000
o 1876 9.630000
o 1875 9.630000
o 1874 9.630000
o 1873 9.630000
o 1872 9.630000
o 1871 9.630000
o 1870 9.630000
o 1869 9.630000
o 1868 9.630000
o 1867 9.630000
o 1866 9.630000
o 1865 9.630000
o 1864 9.630000
o 1863 9.630000
o 1862 9.630000
o 1861 9.630000
o 1860 9.630000
o 1859 9.630000
o 1858 9.630000
o 1857 9.630000
o 1856 9.630000
o 1855 9.630000
o 1854 9.630000
o 1853 9.630000
o 1852 9.630000
o 1851 9.630000
o 1850 9.630000
o 1849 9.630000
o 1848 9.630000
o 1847 9.630000
o 1846 9.630000
o 1845 9.630000
o 1844 9.630000
o 1843 9.630000
o 1842 9.630000
o 1841 9.630000
o 1840 9.630000
o 1839 9.630000
o 1838 9.630000
o 1837 9.630000
o 1836 9.630000
o 1835 9.630000
o 1834 9.630000
o 1833 9.630000
o 1832 9.630000
o 1831 9.630000
o 1830 9.630000
o 1829 9.630000
o 1828 9.630000
o 1827 9.630000
o 1826 9.630000
o 1825 9.630000
o 1824 9.630000
o 1823 9.630000
o 1822 9.630000
o 1821 9.630000
o 1820 9.630000
o 1819 9.630000
o 1818 9.630000
o 1817 9.630000
o 1816 9.630000
o 1815 9.630000
o 1814 9.630000
o 1813 9.630000
o 1812 9.630000
o 1811 9.630000
o 1810 9.630000
o 1809 9.630000
o 1808 9.630000
o 1807 9.630000
o 1806 9.630000
o 1805 9.630000
o 1804 9.630000
o 1803 9.630000
o 1802 9.630000
o 1801 9.630000
o 1800 9.630000
o 1799 9.630000
o 1798 9.630000
o 1797 9.630000
o 1796 9.630000
o 1795 9.630000
o 1794 9.630000
o 1793 9.630000
o 1792 9.630000
o 1791 9.630000
o 1790 9.630000
o 1789 9.630000
o 1788 9.630000
o 1787 9.630000
o 1786 9.630000
o 1785 9.630000
o 1784 9.630000
o 1783 9.640000
o 1782 9.640000
o 1781 9.640000
o 1780 9.640000
o 1779 9.640000
o 1778 9.640000
o 1777 9.640000
o 1776 9.640000
o 1775 9.640000
o 1774 9.640000
o 1773 9.640000
o 1772 9.640000
o 1771 9.640000
o 1770 9.640000
o 1769 9.640000
o 1768 9.640000
o 1767 9.640000
o 1766 9.640000
o 1765 9.640000
o 1764 9.640000
o 1763 9.640000
o 1762 9.640000
o 1761 9.640000
o 1760 9.640000
o 1759 9.640000
o 1758 9.640000
o 1757 9.640000
o 1756 9.640000
o 1755 9.640000
o 1754 9.640000
o 1753 9.640000
o 1752 9.640000
o 1751 9.640000
o 1750 9.640000
o 1749 9.640000
o 1748 9.640000
o 1747 9.640000
o 1746 9.640000
o 1745 9.640000
o 1744 9.640000
o 1743 9.640000
o 1742 9.640000
o 1741 9.640000
o 1740 9.640000
o 1739 9.640000
o 1738 9.640000
o 1737 9.640000
o 1736 9.640000
o 1735 9.640000
o 1734 9.640000
o 1733 9.640000
o 1732 9.640000
o 1731 9.640000
o 1730 9.640000
o 1729 9.640000
o 1728 9.640000
o 1727 9.640000
o 1726 9.640000
o 1725 9.640000
o 1724 9.640000
o 1723 9.640000
o 1722 9.640000
o 1721 9.640000
o 1720 9.640000
o 1719 9.640000
o 1718 9.640000
o 1717 9.640000
o 1716 9.640000
o 1715 9.640000
o 1714 9.640000
o 1713 9.640000
o 1712 9.640000
o 1711 9.640000
o 1710 9.640000
o 1709 9.640000
o 1708 9.640000
o 1707 9.640000
o 1706 9.640000
o 1705 9.640000
o 1704 9.640000
o 1703 9.640000
o 1702 9.640000
o 1701 9.640000
o 1700 9.640000
o 1699 9.640000
o 1698 9.640000
o 1697 9.640000
o 1696 9.640000
o 1695 9.640000
o 1694 9.640000
o 1693 9.640000
o 1692 9.640000
o 1691 9.640000
o 1690 9.640000
o 1689 9.640000
o 1688 9.640000
o 1687 9.640000
o 1686 9.640000
o 1685 9.640000
o 1684 9.640000
o 1683 9.640000
o 1682 9.640000
o 1681 9.640000
o 1680 9.640000
o 1679 9.640000
o 1678 9.640000
o 1677 9.640000
o 1676 9.640000
o 1675 9.640000
o 1674 9.640000
o 1673 9.640000
o 1672 9.640000
o 1671 9.640000
o 1670 9.640000
o 1669 9.640000
o 1668 9.650000
o 1667 9.650000
o 1666 9.650000
o 1665 9.650000
o 1664 9.650000
o 1663 9.650000
o 1662 9.650000
o 1661 9.650000
o 1660 9.650000
o 1659 9.650000
o 1658 9.650000
o 1657 9.650000
o 1656 9.650000
o 1655 9.650000
o 1654 9.650000
o 1653 9.650000
o 1652 9.650000
o 1651 9.650000
o 1650 9.650000
o 1649 9.650000
o 1648 9.650000
o 1647 9.650000
o 1646 9.650000
o 1645 9.650000
o 1644 9.650000
o 1643 9.650000
o 1642 9.650000
o 1641 9.650000
o 1640 9.650000
o 1639 9.650000
o 1638 9.650000
o 1637 9.650000
o 1636 9.650000
o 1635 9.650000
o 1634 9.650000
o 1633 9.650000
o 1632 9.650000
o 1631 9.650000
o 1630 9.650000
o 1629 9.650000
o 1628 9.650000
o 1627 9.650000
o 1626 9.650000
o 1625 9.650000
o 1624 9.650000
o 1623 9.650000
o 1622 9.650000
o 1621 9.650000
o 1620 9.650000
o 1619 9.650000
o 1618 9.650000
o 1617 9.650000
o 1616 9.650000
o 1615 9.650000
o 1614 9.650000
o 1613 9.650000
o 1612 9.650000
o 1611 9.650000
o 1610 9.650000
o 1609 9.650000
o 1608 9.650000
o 1607 9.650000
o 1606 9.650000
o 1605 9.650000
o 1604 9.650000
o 1603 9.650000
o 1602 9.650000
o 1601 9.650000
o 1600 9.650000
o 1599 9.650000
o 1598 9.650000
o 1597 9.650000
o 1596 9.650000
o 1595 9.650000
o 1594 9.650000
o 1593 9.650000
o 1592 9.650000
o 1591 9.650000
o 1590 9.650000
o 1589 9.650000
o 1588 9.650000
o 1587 9.650000
o 1586 9.650000
o 1585 9.650000
o 1584 9.650000
o 1583 9.650000
o 1582 9.650000
o 1581 9.650000
o 1580 9.650000
o 1579 9.650000
o 1578 9.650000
o 1577 9.650000
o 1576 9.650000
o 1575 9.650000
o 1574 9.650000
o 1573 9.650000
o 1572 9.650000
o 1571 9.650000
o 1570 9.650000
o 1569 9.650000
o 1568 9.650000
o 1567 9.650000
o 1566 9.650000
o 1565 9.650000
o 1564 9.650000
o 1563 9.650000
o 1562 9.650000
o 1561 9.650000
o 1560 9.650000
o 1559 9.650000
o 1558 9.650000
o 1557 9.650000
o 1556 9.650000
o 1555 9.650000
o 1554 9.650000
o 1553 9.650000
o 1552 9.650000
o 1551 9.660000
o 1550 9.660000
o 1549 9.660000
o 1548 9.660000
o 1547 9.660000
o 1546 9.660000
o 1545 9.660000
o 1544 9.660000
o 1543 9.660000
o 1542 9.660000
o 1541 9.660000
o 1540 9.660000
o 1539 9.660000
o 1538 9.660000
o 1537 9.660000
o 1536 9.660000
o 1535 9.660000
o 1534 9.660000
o 1533 9.660000
o 1532 9.660000
o 1531 9.660000
o 1530 9.660000
o 1529 9.660000
o 1528 9.660000
o 1527 9.660000
o 1526 9.660000
o 1525 9.660000
o 1524 9.660000
o 1523 9.660000
o 1522 9.660000
o 1521 9.660000
o 1520 9.660000
o 1519 9.660000
o 1518 9.660000
o 1517 9.660000
o 1516 9.660000
o 1515 9.660000
o 1514 9.660000
o 1513 9.660000
o 1512 9.660000
o 1511 9.660000
o 1510 9.660000
o 1509 9.660000
o 1508 9.660000
o 1507 9.660000
o 1506 9.660000
o 1505 9.660000
o 1504 9.660000
o 1503 9.660000
o 1502 9.660000
o 1501 9.660000
o 1500 9.660000
o 1499 9.660000
o 1498 9.660000
o 1497 9.660000
o 1496 9.660000
o 1495 9.660000
o 1494 9.660000
o 1493 9.660000
o 1492 9.660000
o 1491 9.660000
o 1490 9.660000
o 1489 9.660000
o 1488 9.660000
o 1487 9.660000
o 1486 9.660000
o 1485 9.660000
o 1484 9.660000
o 1483 9.660000
o 1482 9.660000
o 1481 9.660000
o 1480 9.660000
o 1479 9.660000
o 1478 9.660000
o 1477 9.660000
o 1476 9.660000
o 1475 9.660000
o 1474 9.660000
o 1473 9.660000
o 1472 9.660000
o 1471 9.660000
o 1470 9.660000
o 1469 9.660000
o 1468 9.660000
o 1467 9.660000
o 1466 9.660000
o 1465 9.660000
o 1464 9.660000
o 1463 9.660000
o 1462 9.660000
o 1461 9.660000
o 1460 9.660000
o 1459 9.660000
o 1458 9.660000
o 1457 9.660000
o 1456 9.660000
o 1455 9.660000
o 1454 9.660000
o 1453 9.660000
o 1452 9.660000
o 1451 9.660000
o 1450 9.660000
o 1449 9.660000
o 1448 9.660000
o 1447 9.660000
o 1446 9.660000
o 1445 9.660000
o 1444 9.660000
o 1443 9.660000
o 1442 9.660000
o 1441 9.660000
o 1440 9.660000
o 1439 9.670000
o 1438 9.670000
o 1437 9.670000
o 1436 9.670000
o 1435 9.670000
o 1434 9.670000
o 1433 9.670000
o 1432 9.670000
o 1431 9.670000
o 1430 9.670000
o 1429 9.670000
o 1428 9.670000
o 1427 9.670000
o 1426 9.670000
o 1425 9.670000
o 1424 9.670000
o 1423 9.670000
o 1422 9.670000
o 1421 9.670000
o 1420 9.670000
o 1419 9.670000
o 1418 9.670000
o 1417 9.670000
o 1416 9.670000
o 1415 9.670000
o 1414 9.670000
o 1413 9.670000
o 1412 9.670000
o 1411 9.670000
o 1410 9.670000
o 1409 9.670000
o 1408 9.670000
o 1407 9.670000
o 1406 9.670000
o 1405 9.670000
o 1404 9.670000
o 1403 9.670000
o 1402 9.670000
o 1401 9.670000
o 1400 9.670000
o 1399 9.670000
o 1398 9.670000
o 1397 9.670000
o 1396 9.670000
o 1395 9.670000
o 1394 9.670000
o 1393 9.670000
o 1392 9.670000
o 1391 9.670000
o 1390 9.670000
o 1389 9.670000
o 1388 9.670000
o 1387 9.670000
o 1386 9.670000
o 1385 9.670000
o 1384 9.670000
o 1383 9.670000
o 1382 9.670000
o 1381 9.670000
o 1380 9.670000
o 1379 9.670000
o 1378 9.670000
o 1377 9.670000
o 1376 9.670000
o 1375 9.670000
o 1374 9.670000
o 1373 9.670000
o 1372 9.670000
o 1371 9.670000
o 1370 9.670000
o 1369 9.670000
o 1368 9.670000
o 1367 9.670000
o 1366 9.670000
o 1365 9.670000
o 1364 9.670000
o 1363 9.670000
o 1362 9.670000
o 1361 9.670000
o 1360 9.670000
o 1359 9.670000
o 1358 9.670000
o 1357 9.670000
o 1356 9.670000
o 1355 9.670000
o 1354 9.670000
o 1353 9.670000
o 1352 9.670000
o 1351 9.670000
o 1350 9.670000
o 1349 9.670000
o 1348 9.670000
o 1347 9.670000
o 1346 9.670000
o 1345 9.670000
o 1344 9.670000
o 1343 9.670000
o 1342 9.670000
o 1341 9.670000
o 1340 9.670000
o 1339 9.670000
o 1338 9.670000
o 1337 9.670000
o 1336 9.670000
o 1335 9.670000
o 1334 9.670000
o 1333 9.670000
o 1332 9.670000
o 1331 9.670000
o 1330 9.670000
o 1329 9.670000
o 1328 9.670000
o 1327 9.670000
o 1326 9.680000
o 1325 9.680000
o 1324 9.680000
o 1323 9.680000
o 1322 9.680000
o 1321 9.680000
o 1320 9.680000
o 1319 9.680000
o 1318 9.680000
o 1317 9.680000
o 1316 9.680000
o 1315 9.680000
o 1314 9.680000
o 1313 9.680000
o 1312 9.680000
o 1311 9.680000
1311	9.680000
