judgment-aggregation-ja-maxham-preflib-00049-00000517
o 74 0.150000
o 72 1.260000
o 69 1.280000
o 68 1.300000
o 67 2.170000
o 66 2.590000
o 64 14.110000
o 63 14.120000
o 62 14.120000
o 61 34.450000
o 60 38.570000
o 59 213.750000
59	213.750000
judgment-aggregation-ja-maxham-preflib-00049-00000517
o 65 0.150000
o 59 11.700000
59	11.700000
judgment-aggregation-ja-maxham-preflib-00049-00000517
o 73 0.120000
o 71 1.000000
o 70 1.010000
o 67 1.050000
o 66 1.070000
o 65 1.070000
o 64 1.080000
o 63 7.610000
o 62 17.250000
o 61 23.530000
o 60 63.920000
o 59 63.940000
59	63.940000
judgment-aggregation-ja-maxham-preflib-00049-00000517
o 67 0.130000
o 66 0.920000
o 65 0.920000
o 64 0.930000
o 63 1.020000
o 62 1.030000
o 61 6.770000
o 60 98.760000
o 59 164.240000
59	164.240000
judgment-aggregation-ja-maxham-preflib-00049-00000517
o 71 0.140000
o 66 0.870000
o 63 0.920000
o 62 0.920000
o 61 0.930000
o 60 11.220000
o 59 161.740000
59	161.750000
judgment-aggregation-ja-maxham-preflib-00049-00000517
o 65 0.140000
o 64 0.920000
o 63 0.940000
o 62 0.940000
o 61 0.980000
o 60 22.750000
o 59 66.970000
o 58 210.740000
58	210.740000
judgment-aggregation-ja-maxham-preflib-00049-00000517
o 73 0.170000
o 67 1.000000
o 65 1.090000
o 64 1.090000
o 63 1.120000
o 62 1.430000
o 61 38.590000
o 60 52.870000
o 59 52.970000
59	52.970000
judgment-aggregation-ja-maxham-preflib-00049-00000517
o 77 0.190000
o 65 1.750000
o 64 1.750000
o 63 1.820000
o 62 32.700000
o 61 34.520000
o 60 44.160000
o 59 72.720000
o 58 212.980000
58	212.980000
judgment-aggregation-ja-maxham-preflib-00049-00000517
o 70 0.120000
o 68 0.530000
o 67 0.940000
o 66 0.950000
o 65 0.960000
o 64 0.960000
o 63 1.020000
o 62 7.260000
o 61 30.610000
o 60 32.960000
o 59 158.970000
59	158.970000
judgment-aggregation-ja-maxham-preflib-00049-00000517
o 75 0.120000
o 70 0.650000
o 65 0.800000
o 64 0.850000
o 63 3.670000
o 62 4.110000
o 61 13.420000
o 60 44.280000
o 59 64.680000
59	64.680000
