MaxSATQueriesinInterpretableClassifiers-twitter_train_9_CNF_1_1
o 12116 3.180000
o 2076 45.070000
o 2075 45.120000
o 2074 45.120000
o 2073 45.130000
o 2072 45.130000
o 2071 45.150000
o 2070 45.160000
o 2069 45.160000
o 2068 45.210000
o 2067 45.210000
o 2066 45.210000
o 2065 45.210000
o 2064 45.220000
o 2063 45.220000
o 2062 45.220000
o 2061 45.260000
o 2060 45.260000
o 2059 45.260000
o 2058 45.260000
o 2057 45.260000
o 2056 45.280000
o 2055 45.280000
o 2054 45.280000
o 2053 45.280000
o 2052 45.280000
o 2051 45.290000
o 2050 45.290000
o 2049 45.290000
o 2048 45.290000
o 2047 45.290000
o 2046 45.290000
o 2045 45.290000
o 2044 45.290000
o 2043 45.290000
o 2042 45.300000
o 2041 45.300000
o 2040 45.300000
o 2039 45.300000
o 2038 45.310000
o 2037 45.330000
o 2036 45.330000
o 2035 45.330000
o 2034 45.340000
o 2033 45.350000
o 2032 45.360000
o 2031 45.360000
o 2030 45.360000
o 2029 45.360000
o 2028 45.360000
o 2027 45.360000
o 2026 45.360000
o 2025 45.360000
o 2024 45.360000
o 2023 45.380000
o 2022 45.380000
o 2021 45.390000
o 2020 45.400000
o 2019 45.410000
o 2018 45.410000
o 2017 45.410000
o 2016 45.410000
o 2015 45.440000
o 2014 45.440000
o 2013 45.440000
o 2012 45.440000
o 2011 45.440000
o 2010 45.440000
o 2009 45.440000
o 2008 45.440000
o 2007 45.450000
o 2006 45.450000
o 2005 45.450000
o 2004 45.450000
o 2003 45.450000
o 2002 45.450000
o 2001 45.450000
o 2000 45.450000
o 1999 45.450000
o 1998 45.460000
o 1997 45.460000
o 1996 45.460000
o 1995 45.460000
o 1994 45.460000
o 1993 45.460000
o 1992 45.470000
o 1991 45.480000
o 1990 45.480000
o 1989 45.480000
o 1988 45.500000
o 1987 45.500000
o 1986 45.500000
o 1985 45.500000
o 1984 45.500000
o 1983 45.500000
o 1982 45.500000
o 1981 45.500000
o 1980 45.520000
o 1979 45.520000
o 1978 45.550000
o 1977 45.550000
o 1976 45.550000
o 1975 45.550000
o 1974 45.550000
o 1973 45.560000
o 1972 45.560000
o 1971 45.560000
o 1970 45.590000
o 1969 45.600000
o 1968 45.640000
o 1967 45.740000
o 1966 45.920000
o 1965 45.920000
o 1964 46.160000
o 1958 46.690000
o 1957 46.890000
o 1956 47.190000
1956	47.190000
MaxSATQueriesinInterpretableClassifiers-twitter_train_9_CNF_1_1
o 12116 3.910000
o 2000 52.300000
o 1999 52.310000
o 1998 52.320000
o 1997 52.320000
o 1996 52.320000
o 1995 52.350000
o 1994 52.360000
o 1993 52.440000
o 1992 52.530000
o 1991 52.530000
o 1990 52.580000
o 1989 52.580000
o 1988 52.590000
o 1987 52.600000
o 1986 52.610000
o 1984 52.620000
o 1983 52.620000
o 1982 52.620000
o 1981 52.650000
o 1980 52.650000
o 1979 52.650000
o 1978 52.660000
o 1977 52.700000
o 1976 52.700000
o 1975 52.710000
o 1974 52.720000
o 1973 52.720000
o 1972 52.720000
o 1971 52.720000
o 1970 52.720000
o 1969 52.730000
o 1968 52.730000
o 1967 52.730000
o 1966 52.730000
o 1965 52.750000
o 1964 52.750000
o 1963 52.750000
o 1962 52.770000
o 1961 52.800000
o 1960 52.870000
o 1959 53.000000
o 1958 53.040000
o 1957 53.050000
o 1956 53.090000
o 1955 53.210000
o 1954 53.270000
o 1953 55.650000
o 1952 55.830000
o 1951 55.880000
o 1950 56.030000
o 1949 56.050000
o 1948 56.050000
o 1947 56.160000
o 1946 56.810000
o 1945 57.490000
o 1887 287.990000
o 1886 288.010000
o 1885 288.010000
o 1884 288.010000
o 1883 288.010000
o 1882 288.020000
o 1881 288.040000
o 1880 288.130000
o 1879 288.180000
o 1878 288.180000
o 1877 288.180000
1877	288.180000
MaxSATQueriesinInterpretableClassifiers-twitter_train_9_CNF_1_1
o 12116 1.710000
o 1970 22.560000
o 1969 22.570000
o 1968 22.570000
o 1967 22.570000
o 1966 22.570000
o 1965 22.570000
o 1964 22.580000
o 1963 22.580000
o 1962 22.580000
o 1961 22.580000
o 1960 22.580000
o 1959 22.580000
o 1958 22.590000
o 1957 22.590000
o 1956 22.590000
o 1955 22.590000
o 1954 22.590000
o 1947 22.600000
o 1946 22.600000
o 1945 22.600000
o 1942 22.610000
o 1941 22.610000
o 1940 22.610000
o 1939 22.610000
o 1938 22.610000
o 1937 22.610000
o 1936 22.610000
o 1935 22.610000
o 1934 22.620000
o 1933 22.620000
o 1932 22.620000
o 1931 22.620000
o 1930 22.620000
o 1929 22.620000
o 1928 22.690000
o 1927 22.690000
o 1926 22.700000
o 1925 22.700000
o 1924 22.700000
o 1923 22.700000
o 1922 22.700000
o 1921 22.700000
o 1920 22.700000
o 1919 22.700000
o 1918 22.700000
o 1917 22.700000
o 1916 22.710000
o 1915 22.710000
o 1914 22.710000
o 1913 22.710000
o 1912 22.710000
o 1911 22.710000
o 1910 22.710000
o 1909 22.720000
o 1908 22.720000
o 1907 22.720000
o 1906 22.720000
o 1905 22.720000
o 1904 22.720000
o 1903 22.720000
o 1902 22.720000
o 1901 22.720000
o 1900 22.720000
o 1899 22.730000
o 1898 22.730000
o 1897 22.740000
o 1896 22.740000
o 1895 22.750000
o 1894 22.750000
o 1893 22.750000
o 1892 22.750000
o 1891 22.760000
o 1890 22.820000
o 1889 22.820000
o 1888 22.860000
o 1887 22.890000
o 1886 22.900000
o 1885 22.940000
o 1884 23.090000
o 1883 23.100000
1883	23.100000
MaxSATQueriesinInterpretableClassifiers-twitter_train_9_CNF_1_1
o 12116 2.120000
o 1975 28.050000
o 1974 28.050000
o 1973 28.050000
o 1972 28.050000
o 1971 28.060000
o 1970 28.060000
o 1969 28.060000
o 1968 28.060000
o 1967 28.060000
o 1966 28.060000
o 1965 28.070000
o 1964 28.070000
o 1963 28.070000
o 1962 28.070000
o 1961 28.080000
o 1960 28.080000
o 1959 28.080000
o 1958 28.080000
o 1957 28.080000
o 1956 28.080000
o 1955 28.080000
o 1954 28.090000
o 1953 28.090000
o 1952 28.090000
o 1951 28.090000
o 1950 28.090000
o 1949 28.100000
o 1948 28.100000
o 1947 28.100000
o 1946 28.100000
o 1945 28.100000
o 1944 28.110000
o 1943 28.110000
o 1942 28.110000
o 1941 28.110000
o 1940 28.110000
o 1939 28.110000
o 1938 28.110000
o 1937 28.120000
o 1936 28.120000
o 1935 28.140000
o 1934 28.140000
o 1933 28.150000
o 1932 28.150000
o 1931 28.150000
o 1930 28.150000
o 1929 28.160000
o 1928 28.160000
o 1927 28.170000
o 1926 28.170000
o 1925 28.170000
o 1924 28.170000
o 1923 28.170000
o 1922 28.170000
o 1921 28.180000
o 1920 28.180000
o 1919 28.180000
o 1918 28.180000
o 1917 28.190000
o 1916 28.190000
o 1915 28.190000
o 1914 28.200000
o 1913 28.210000
o 1912 28.220000
o 1911 28.220000
o 1910 28.220000
o 1909 28.220000
o 1908 28.220000
o 1907 28.220000
o 1906 28.220000
o 1905 28.220000
o 1904 28.220000
o 1903 28.220000
o 1902 28.220000
o 1901 28.220000
o 1900 28.220000
o 1899 28.220000
o 1898 28.220000
o 1897 28.220000
o 1896 28.220000
o 1895 28.220000
o 1894 28.230000
o 1893 28.230000
o 1892 28.230000
o 1891 28.240000
o 1890 28.240000
o 1889 28.240000
o 1888 28.240000
o 1887 28.240000
o 1886 28.240000
o 1885 28.240000
o 1884 28.240000
o 1883 28.240000
o 1882 28.240000
o 1881 28.240000
o 1880 28.250000
o 1879 28.260000
o 1878 28.270000
o 1877 28.270000
o 1876 28.270000
o 1875 28.270000
o 1874 28.270000
o 1873 28.270000
o 1872 28.270000
o 1871 28.270000
o 1870 28.270000
o 1869 28.270000
o 1868 28.310000
o 1867 29.060000
1867	29.060000
MaxSATQueriesinInterpretableClassifiers-twitter_train_9_CNF_1_1
o 12116 2.380000
o 2057 36.470000
o 2056 36.670000
o 2055 36.670000
o 2054 36.680000
o 2053 36.690000
o 2052 36.690000
o 2051 36.700000
o 2050 36.700000
o 2049 36.720000
o 2048 36.720000
o 2047 36.720000
o 2046 36.740000
o 2045 36.740000
o 2044 36.750000
o 2043 36.750000
o 2042 36.750000
o 2041 36.750000
o 2040 36.750000
o 2039 36.750000
o 2038 36.780000
o 2037 36.810000
o 2036 36.810000
o 2035 36.820000
o 2034 37.010000
o 2033 37.010000
o 2032 37.010000
o 2031 37.020000
o 2030 37.020000
o 2029 37.050000
o 2028 37.120000
o 2027 37.650000
2027	37.650000
MaxSATQueriesinInterpretableClassifiers-twitter_train_9_CNF_1_1
o 12116 4.120000
o 1953 49.410000
o 1951 49.420000
o 1950 49.420000
o 1949 49.430000
o 1948 49.440000
o 1947 49.440000
o 1946 49.440000
o 1945 49.440000
o 1944 49.440000
o 1943 49.440000
o 1942 49.440000
o 1941 49.480000
o 1940 49.480000
o 1939 49.480000
o 1938 49.490000
o 1937 49.490000
o 1936 49.490000
o 1935 49.500000
o 1934 49.500000
o 1933 49.500000
o 1932 49.530000
o 1931 49.530000
o 1930 49.620000
o 1929 49.620000
o 1928 49.620000
o 1927 49.640000
o 1926 49.640000
o 1925 49.640000
o 1924 49.750000
o 1923 49.760000
o 1922 49.760000
o 1921 49.760000
o 1920 49.760000
o 1919 49.760000
o 1918 49.770000
o 1917 49.770000
o 1916 49.790000
o 1915 49.790000
o 1914 49.860000
o 1913 49.890000
o 1912 49.890000
o 1911 49.890000
o 1910 49.890000
o 1909 49.900000
o 1908 49.900000
o 1907 49.900000
o 1906 49.900000
o 1905 49.910000
o 1904 49.910000
o 1903 49.910000
o 1902 49.930000
o 1901 50.060000
o 1900 50.100000
o 1899 50.140000
o 1898 50.140000
o 1897 50.140000
1897	50.140000
MaxSATQueriesinInterpretableClassifiers-twitter_train_9_CNF_1_1
o 12116 3.220000
o 1945 44.220000
o 1944 44.370000
o 1943 44.370000
o 1942 44.390000
o 1941 44.390000
o 1940 44.420000
o 1939 44.650000
o 1938 44.650000
o 1937 44.650000
o 1936 44.650000
o 1935 44.660000
o 1934 44.670000
o 1933 44.670000
o 1932 44.670000
o 1931 44.670000
o 1930 44.670000
o 1929 44.670000
o 1928 44.670000
o 1927 44.690000
o 1926 44.690000
o 1925 44.690000
o 1924 44.690000
o 1923 44.690000
o 1922 44.700000
o 1921 44.740000
o 1920 44.740000
o 1919 44.760000
o 1918 44.760000
o 1917 44.770000
o 1916 44.770000
o 1915 44.790000
o 1914 44.790000
1914	44.790000
MaxSATQueriesinInterpretableClassifiers-twitter_train_9_CNF_1_1
o 12116 2.530000
o 2016 37.740000
o 2015 42.610000
2015	42.610000
MaxSATQueriesinInterpretableClassifiers-twitter_train_9_CNF_1_1
o 12116 3.920000
o 1988 42.940000
o 1987 43.010000
o 1986 43.010000
o 1985 43.040000
o 1984 43.040000
o 1983 43.040000
o 1982 43.050000
o 1981 43.050000
o 1980 43.060000
o 1979 43.060000
o 1978 43.070000
o 1977 43.090000
o 1976 43.090000
o 1975 43.100000
o 1974 43.100000
o 1973 43.450000
o 1972 43.450000
o 1971 43.450000
o 1970 43.470000
o 1969 43.470000
o 1968 43.470000
o 1967 43.470000
o 1966 43.470000
o 1965 43.470000
o 1964 43.470000
o 1963 43.470000
o 1962 43.470000
o 1961 43.470000
o 1960 43.470000
o 1959 43.470000
o 1958 43.470000
o 1957 43.480000
o 1956 43.480000
o 1955 43.480000
o 1954 43.480000
o 1953 43.480000
o 1952 43.480000
o 1951 43.480000
o 1950 43.480000
o 1949 43.480000
o 1948 43.480000
o 1947 43.480000
o 1946 43.480000
o 1945 43.480000
o 1944 43.510000
o 1943 43.510000
o 1942 43.510000
o 1941 43.530000
o 1940 43.530000
o 1939 43.530000
o 1938 43.530000
o 1937 43.530000
o 1936 43.530000
o 1935 43.530000
o 1934 43.530000
o 1933 43.530000
o 1932 43.530000
o 1931 43.530000
o 1930 43.540000
o 1929 43.540000
o 1928 43.550000
o 1927 43.550000
o 1926 43.560000
o 1925 43.560000
o 1924 43.560000
o 1923 43.560000
o 1922 43.570000
o 1921 43.570000
o 1920 43.580000
o 1919 43.590000
o 1918 43.590000
o 1917 43.590000
o 1916 43.590000
o 1915 43.590000
o 1914 43.780000
o 1913 43.800000
o 1912 43.800000
o 1911 43.810000
o 1910 43.820000
o 1909 43.890000
1909	43.890000
MaxSATQueriesinInterpretableClassifiers-twitter_train_9_CNF_1_1
o 12116 4.290000
o 2175 54.440000
o 2174 54.600000
o 2173 54.610000
o 2172 54.610000
o 2171 54.630000
o 2170 54.640000
o 2169 54.640000
o 2168 54.650000
o 2167 54.650000
o 2166 54.730000
o 2165 54.760000
o 2164 54.790000
o 2163 54.790000
o 2162 54.800000
o 2161 54.850000
o 2160 54.850000
o 2159 54.940000
o 2158 54.940000
o 2157 54.940000
o 2156 54.980000
o 2155 54.980000
o 2154 54.990000
o 2153 54.990000
o 2152 54.990000
o 2151 55.020000
o 2150 55.040000
o 2149 55.050000
o 2148 55.050000
o 2147 55.100000
o 2146 110.560000
o 2145 113.600000
o 2144 125.060000
o 1896 276.800000
o 1895 276.820000
o 1894 276.820000
o 1893 276.900000
o 1892 276.900000
o 1891 277.000000
o 1890 277.010000
o 1889 277.010000
o 1888 277.040000
o 1887 277.040000
o 1886 277.040000
o 1885 277.040000
o 1884 277.050000
o 1883 277.050000
o 1882 277.050000
o 1881 277.050000
o 1880 277.100000
o 1879 277.190000
1879	277.190000
