inconsistency-measurement-im-forgetting-T-2-grd_4383_1_10.tgf.pl
o 1443 0.29
o 1027 0.54
o 958 0.62
o 942 0.69
o 911 22.74
o 899 49.05
o 888 76.06
o 887 76.14
inconsistency-measurement-im-forgetting-T-2-grd_4383_1_10.tgf.pl
o 1443 0.3
o 1021 0.54
o 1020 0.55
o 1019 0.55
o 1004 0.67
o 985 0.67
o 948 0.74
o 891 30.88
o 890 30.88
o 852 30.93
inconsistency-measurement-im-forgetting-T-2-grd_4383_1_10.tgf.pl
o 1443 0.27
o 1178 0.46
o 1176 0.46
o 1027 0.6
o 970 0.65
o 925 0.75
o 893 0.85
o 887 30.42
o 876 30.48
o 875 30.51
inconsistency-measurement-im-forgetting-T-2-grd_4383_1_10.tgf.pl
o 1443 0.32
o 1173 0.55
o 1170 0.55
o 1169 0.55
o 998 0.72
o 997 0.72
o 996 0.72
o 961 0.8
o 960 0.8
o 959 0.8
o 958 0.8
o 957 0.8
o 956 0.8
o 955 0.8
o 953 0.8
o 952 0.8
o 951 0.8
o 950 0.8
o 949 0.8
o 918 0.9
o 904 28.34
o 889 28.35
o 877 28.69
inconsistency-measurement-im-forgetting-T-2-grd_4383_1_10.tgf.pl
o 1443 0.33
o 1141 0.57
o 1140 0.57
o 1136 0.57
o 1135 0.57
o 1134 0.57
o 1133 0.57
o 967 0.84
o 945 0.84
o 934 0.9
o 933 0.9
o 914 1.07
o 880 31.27
o 864 31.28
inconsistency-measurement-im-forgetting-T-2-grd_4383_1_10.tgf.pl
o 1443 0.31
o 1171 0.52
o 1022 0.68
o 1021 0.68
o 943 0.79
o 942 0.79
o 941 0.79
o 940 0.79
o 928 0.86
o 919 0.92
o 911 0.99
o 902 28.95
o 892 28.99
inconsistency-measurement-im-forgetting-T-2-grd_4383_1_10.tgf.pl
o 1443 0.29
o 1208 0.49
o 1200 0.49
o 1199 0.49
o 1198 0.49
o 1197 0.49
o 1196 0.49
o 1195 0.49
o 1194 0.49
o 1193 0.49
o 1192 0.49
o 1191 0.49
o 1190 0.49
o 1189 0.49
o 1188 0.49
o 1187 0.49
o 1186 0.49
o 1185 0.49
o 1184 0.49
o 1014 0.62
o 1013 0.62
o 964 0.73
o 941 0.84
o 931 1.08
o 928 12.85
o 927 12.85
o 875 41.83
inconsistency-measurement-im-forgetting-T-2-grd_4383_1_10.tgf.pl
o 1443 0.32
o 1213 0.54
o 1212 0.54
o 1211 0.54
o 1210 0.54
o 1209 0.54
o 1208 0.55
o 1207 0.55
o 1206 0.55
o 1205 0.55
o 1204 0.55
o 1203 0.55
o 1202 0.55
o 1201 0.55
o 1200 0.55
o 1199 0.55
o 1198 0.55
o 1197 0.55
o 1196 0.55
o 1195 0.55
o 1194 0.55
o 1193 0.55
o 1192 0.55
o 1191 0.55
o 1189 0.55
o 1188 0.55
o 1187 0.55
o 1186 0.55
o 1032 0.7
o 968 0.76
o 937 0.89
o 920 0.98
o 914 30.27
o 913 30.27
o 912 30.27
o 911 30.27
o 860 30.34
o 854 30.36
inconsistency-measurement-im-forgetting-T-2-grd_4383_1_10.tgf.pl
o 1443 0.28
o 1145 0.49
o 1143 0.49
o 1015 0.64
o 1014 0.64
o 1013 0.64
o 1012 0.64
o 1011 0.64
o 921 0.83
o 900 0.95
o 893 29.09
o 877 29.18
inconsistency-measurement-im-forgetting-T-2-grd_4383_1_10.tgf.pl
o 1443 0.31
o 1168 0.56
o 1011 0.62
o 1010 0.62
o 1009 0.62
o 1008 0.62
o 1007 0.62
o 1006 0.62
o 1005 0.62
o 1004 0.62
o 1003 0.63
o 1002 0.63
o 1001 0.63
o 1000 0.63
o 999 0.63
o 998 0.63
o 997 0.63
o 996 0.63
o 995 0.63
o 994 0.63
o 993 0.63
o 992 0.63
o 942 0.76
o 935 0.98
o 930 31.43
o 929 31.43
o 890 31.51
o 870 31.53
o 869 31.53
o 868 31.53
