inconsistency-measurement-im-contension-A-2-grd_3908_2_1.tgf.pl
o 788 0.32
o 730 0.61
o 726 0.78
o 718 52
o 717 207.6
inconsistency-measurement-im-contension-A-2-grd_3908_2_1.tgf.pl
o 783 0.32
o 764 0.33
o 749 0.34
o 728 0.38
o 721 0.54
inconsistency-measurement-im-contension-A-2-grd_3908_2_1.tgf.pl
o 785 0.33
o 759 0.35
o 758 0.35
o 746 0.54
o 735 0.69
o 734 0.69
o 723 0.87
o 722 151.62
o 721 151.62
inconsistency-measurement-im-contension-A-2-grd_3908_2_1.tgf.pl
o 787 0.33
o 762 0.34
o 761 0.34
o 753 0.38
o 751 0.38
o 749 0.38
o 747 0.38
o 746 0.39
o 739 0.4
o 738 24.9
o 737 43.48
o 736 43.48
o 735 43.48
o 734 89.11
o 732 137.22
o 731 137.54
o 726 233.08
o 720 280.27
inconsistency-measurement-im-contension-A-2-grd_3908_2_1.tgf.pl
o 780 0.35
o 755 0.36
o 742 0.38
o 735 0.63
o 729 52.3
o 728 52.3
o 726 52.3
o 725 52.3
o 724 206.44
o 720 207.11
o 719 207.11
inconsistency-measurement-im-contension-A-2-grd_3908_2_1.tgf.pl
o 790 0.33
o 755 0.34
o 728 0.48
o 727 0.48
o 726 0.48
o 720 0.63
o 719 0.63
o 716 209.02
inconsistency-measurement-im-contension-A-2-grd_3908_2_1.tgf.pl
o 789 0.33
o 763 0.34
o 762 0.35
o 737 0.64
o 736 33.24
o 735 33.24
o 734 35.43
o 733 35.43
o 729 86.17
o 727 86.17
o 721 86.6
o 719 86.6
o 718 86.6
o 717 86.61
inconsistency-measurement-im-contension-A-2-grd_3908_2_1.tgf.pl
o 788 0.34
o 770 0.36
o 769 0.36
o 754 0.55
o 726 0.87
o 725 0.87
o 719 50.62
o 710 98.06
inconsistency-measurement-im-contension-A-2-grd_3908_2_1.tgf.pl
o 780 0.32
o 748 0.33
o 747 0.33
o 728 0.42
o 718 0.62
o 717 0.77
o 716 0.92
inconsistency-measurement-im-contension-A-2-grd_3908_2_1.tgf.pl
o 782 0.36
o 743 0.42
o 741 0.42
o 728 0.56
o 719 0.69
