judgment-aggregation-ja-maxham-preflib-00049-00000492
o 74 0.06
o 69 0.07
o 66 0.1
o 65 0.12
o 63 0.13
o 55 0.33
o 51 0.39
o 50 1.76
o 49 2.01
o 48 10.92
judgment-aggregation-ja-maxham-preflib-00049-00000492
o 73 0.05
o 60 0.08
o 59 0.13
o 57 0.21
o 54 0.68
o 53 0.77
o 51 0.79
o 50 2
o 49 2.58
o 48 10.05
o 47 72.59
judgment-aggregation-ja-maxham-preflib-00049-00000492
o 74 0.06
o 73 0.07
o 71 0.08
o 69 0.08
o 63 0.11
o 55 0.23
o 54 0.72
o 52 0.82
o 50 5.02
o 49 7.16
o 48 12.94
o 47 262.11
judgment-aggregation-ja-maxham-preflib-00049-00000492
o 66 0.06
o 60 0.12
o 59 0.17
o 57 0.23
o 51 0.5
o 50 3.58
o 49 4.55
o 48 4.58
judgment-aggregation-ja-maxham-preflib-00049-00000492
o 71 0.06
o 70 0.06
o 64 0.09
o 61 0.11
o 60 0.18
o 59 0.22
o 58 0.3
o 57 0.4
o 54 0.47
o 52 0.63
o 50 0.63
o 49 0.93
o 48 57.13
judgment-aggregation-ja-maxham-preflib-00049-00000492
o 73 0.06
o 70 0.07
o 68 0.07
o 59 0.16
o 56 0.27
o 55 0.29
o 54 0.53
o 53 0.78
o 52 0.78
o 51 2.03
o 50 2.4
o 49 4.03
o 48 9.07
judgment-aggregation-ja-maxham-preflib-00049-00000492
o 71 0.06
o 69 0.08
o 61 0.09
o 59 0.17
o 56 0.19
o 53 0.52
o 50 0.88
o 49 5.88
o 48 8.52
o 47 223.3
judgment-aggregation-ja-maxham-preflib-00049-00000492
o 71 0.06
o 70 0.07
o 67 0.07
o 66 0.08
o 56 0.18
o 55 0.46
o 53 0.53
o 50 0.89
o 49 1.19
o 48 1.94
judgment-aggregation-ja-maxham-preflib-00049-00000492
o 70 0.06
o 68 0.08
o 62 0.13
o 58 0.29
o 57 0.32
o 55 0.63
o 53 0.78
o 51 1.08
o 50 1.83
o 49 2.41
o 48 8.15
judgment-aggregation-ja-maxham-preflib-00049-00000492
o 71 0.06
o 65 0.12
o 58 0.17
o 57 0.45
o 54 0.64
o 53 0.69
o 52 0.69
o 51 0.92
o 50 1.71
o 49 1.9
o 48 4.53
