MaxSATQueriesinInterpretableClassifiers-twitter_train_2_CNF_4_1
o 5620 19.56
o 5619 19.56
o 5618 19.56
o 5617 19.56
o 5616 19.56
o 5615 19.56
o 5614 19.56
o 5613 19.56
o 5612 19.56
o 5611 19.56
o 5610 19.56
o 5609 19.56
o 5608 19.56
o 5607 19.56
o 4483 25.3
o 4482 25.3
o 4481 25.31
o 4480 25.31
o 4479 25.31
o 4478 25.31
o 4475 25.31
o 4259 57.92
o 4258 57.92
o 4257 57.92
o 4256 57.92
o 4255 57.92
o 2822 148.77
o 2821 148.77
o 2820 148.77
o 2819 148.77
o 2562 296.39
o 2561 296.39
o 2560 296.39
o 2559 296.39
o 2558 296.39
o 2540 296.39
o 2539 296.39
o 2538 296.39
o 2537 296.39
o 2536 296.39
o 2535 296.39
o 2534 296.39
o 2533 296.39
o 2532 296.39
o 2531 296.39
o 2530 296.39
o 2529 296.39
o 2528 296.39
o 2527 296.39
o 2526 296.39
o 2525 296.39
o 2524 296.39
o 2522 296.39
o 2521 296.39
o 2520 296.39
o 2519 296.39
o 2518 296.39
o 2517 296.39
o 2516 296.39
o 2515 296.39
o 2514 296.39
o 2513 296.39
o 2512 296.39
o 2510 296.39
o 2509 296.39
MaxSATQueriesinInterpretableClassifiers-twitter_train_2_CNF_4_1
o 4798 17.44
o 4797 17.44
o 4796 17.44
o 4795 17.44
o 4794 17.44
o 4793 17.44
o 4792 17.44
o 4791 17.44
o 4790 17.44
o 4789 17.44
o 4788 17.44
o 4787 17.44
o 4786 17.44
o 4785 17.44
o 4784 17.44
o 4783 17.45
o 4782 17.45
o 4781 17.45
o 4780 17.45
o 4779 17.45
o 3702 186.35
o 3701 186.35
o 3700 186.35
o 3699 186.35
o 3698 186.35
o 3697 186.35
o 3696 186.35
o 3695 186.35
o 3694 186.35
o 3525 213.92
o 3524 213.92
o 3523 213.92
o 3421 213.92
o 3420 213.92
o 3419 213.92
MaxSATQueriesinInterpretableClassifiers-twitter_train_2_CNF_4_1
o 3022 8.81
o 2727 141.76
o 2726 141.76
o 2725 141.76
o 2724 141.76
o 2723 141.76
o 2713 141.76
o 2712 141.77
o 2711 141.77
o 2710 141.77
o 2709 141.77
o 2708 141.77
o 2707 141.77
o 2706 141.77
o 2705 141.77
o 2704 141.77
o 2703 141.77
o 2702 141.77
o 2699 141.77
o 2698 141.77
o 2697 141.77
o 2696 141.77
o 2695 141.77
o 2694 141.77
o 2693 141.77
o 2692 141.77
o 2691 141.77
o 2690 141.77
o 2674 141.77
o 2673 141.77
o 2672 141.77
o 2671 141.77
o 2670 141.77
o 2669 141.77
o 2668 141.77
o 2667 141.77
o 2666 141.77
o 2665 141.77
o 2639 141.77
o 2638 141.77
o 2637 141.77
o 2636 141.77
o 2635 141.77
o 2634 141.77
o 2633 141.77
o 2632 141.77
o 2631 141.77
o 2630 141.77
o 2629 227.46
o 2628 227.46
o 2627 227.46
o 2626 227.46
o 2625 227.46
o 2624 227.46
o 2623 227.46
o 2622 227.46
o 2621 227.46
o 2620 227.46
o 2619 227.46
o 2618 227.46
o 2617 227.46
o 2597 227.46
o 2596 227.46
o 2593 227.46
o 2592 227.46
o 2591 227.46
o 2590 227.46
o 2589 227.46
o 2588 227.46
o 2587 227.46
o 2586 227.47
o 2585 227.47
o 2584 227.47
o 2583 227.47
o 2582 227.47
o 2581 227.47
o 2580 227.47
o 2579 227.47
o 2540 227.47
o 2539 227.47
o 2538 227.47
o 2537 227.47
o 2536 227.47
o 2535 227.47
o 2534 227.47
o 2533 227.47
o 2532 227.47
o 2531 227.47
o 2530 227.47
o 2525 227.47
o 2524 227.47
o 2509 227.47
o 2508 227.47
o 2507 227.47
o 2506 227.47
o 2505 227.47
o 2504 227.47
o 2503 227.47
MaxSATQueriesinInterpretableClassifiers-twitter_train_2_CNF_4_1
o 3140 11.71
o 3139 11.71
o 3138 11.71
o 3137 11.71
o 3136 11.71
o 3135 11.71
o 3134 11.72
o 3133 11.72
o 3132 11.72
o 3131 11.72
o 2890 191.26
o 2889 191.26
o 2888 191.26
o 2887 191.26
o 2886 191.26
o 2885 191.26
o 2884 191.26
o 2883 191.26
o 2882 191.26
o 2881 191.26
o 2880 191.26
o 2879 191.26
o 2878 191.26
o 2877 191.26
o 2876 191.26
o 2875 191.26
o 2874 191.26
o 2873 191.26
o 2600 191.26
o 2599 191.26
o 2598 191.26
o 2597 191.26
o 2596 191.26
o 2595 191.26
o 2594 191.26
o 2593 191.26
o 2592 191.26
o 2591 191.26
o 2590 191.26
o 2589 191.26
o 2588 191.26
o 2587 191.26
o 2586 191.26
o 2585 191.26
o 2584 191.26
o 2583 191.26
o 2582 191.26
o 2581 191.26
o 2580 191.26
o 2579 191.26
o 2578 191.26
o 2577 191.26
o 2576 191.26
o 2575 191.26
o 2574 191.26
o 2573 191.26
o 2572 191.26
o 2571 191.26
o 2570 191.26
o 2569 191.26
o 2567 191.26
o 2566 191.26
o 2565 191.27
o 2564 191.27
o 2563 191.27
o 2561 191.27
o 2559 191.27
o 2558 191.27
o 2557 191.27
o 2556 191.27
o 2555 191.27
o 2554 191.27
o 2553 191.27
o 2552 191.27
o 2551 191.27
o 2550 191.27
o 2549 191.27
o 2548 191.27
o 2547 191.27
o 2546 191.27
o 2545 191.27
o 2544 191.27
o 2543 191.27
o 2542 191.27
o 2541 191.27
o 2540 191.27
o 2539 191.27
o 2538 191.27
o 2537 191.27
o 2536 191.27
o 2535 191.27
o 2534 191.27
o 2533 191.27
o 2532 191.27
o 2531 191.27
o 2530 191.27
o 2529 191.27
o 2527 191.27
o 2231 191.27
o 2230 191.27
o 2229 191.27
o 2228 191.27
o 2227 191.27
o 2226 191.27
o 2225 191.27
o 2224 191.27
o 2223 191.27
o 2222 191.27
o 2221 191.28
o 2220 191.28
o 2219 191.28
o 2218 191.28
o 2217 191.28
o 2216 191.28
o 2215 191.28
o 2214 191.28
o 2213 191.28
o 2212 191.28
o 2211 191.28
o 2210 191.28
o 2209 191.28
o 2208 191.28
o 2207 191.28
o 2206 191.28
o 2205 191.28
o 2204 191.28
o 2203 191.28
o 2202 191.28
o 2201 191.28
o 2200 191.28
o 2199 191.28
o 2198 191.28
o 2197 191.28
o 2196 191.28
o 2195 191.28
o 2194 191.28
MaxSATQueriesinInterpretableClassifiers-twitter_train_2_CNF_4_1
o 5476 12.54
o 5475 12.54
o 5474 12.54
o 5473 12.54
o 5472 12.54
o 5471 12.54
o 4906 23.25
o 4905 23.25
MaxSATQueriesinInterpretableClassifiers-twitter_train_2_CNF_4_1
o 6958 18.71
o 6957 18.71
o 6956 18.71
o 6955 18.71
o 6954 18.71
o 6953 18.71
o 6952 18.71
o 6951 18.71
o 6950 18.71
o 6949 18.71
o 6948 18.71
o 6947 18.71
o 6946 18.71
o 5049 25.69
o 5048 25.69
o 1835 178.59
o 1832 178.59
o 1831 178.59
o 1829 178.59
o 1826 178.59
o 1825 178.59
MaxSATQueriesinInterpretableClassifiers-twitter_train_2_CNF_4_1
o 3038 10.89
o 3037 10.89
o 3036 10.89
o 3035 10.89
o 3034 10.89
o 3033 10.89
o 3032 10.89
o 3031 10.89
o 3030 10.89
o 3029 10.89
o 3028 10.89
o 3027 10.89
o 3026 10.89
o 3025 10.89
MaxSATQueriesinInterpretableClassifiers-twitter_train_2_CNF_4_1
o 5283 12.86
o 5282 12.86
o 5281 12.86
o 5280 12.86
o 5279 12.86
o 5278 12.86
o 5277 12.86
o 5276 12.86
o 5275 12.86
o 5274 12.86
o 5273 12.86
o 5272 12.86
o 5271 12.86
o 5270 12.86
o 5269 12.86
o 5268 12.86
o 5267 12.86
o 5266 12.86
o 5265 12.86
o 5264 12.86
o 5263 12.86
o 5262 12.86
o 5261 12.86
o 5260 12.86
o 5259 12.86
o 5258 12.86
o 4397 261.81
o 4396 261.81
o 4395 261.81
o 4394 261.81
o 4393 261.81
o 4392 261.81
o 4391 261.81
o 4390 261.81
o 4389 261.81
o 4388 261.81
o 4354 261.81
o 4353 261.81
o 4352 261.81
o 4351 261.81
o 4350 261.81
o 4349 261.81
o 4348 261.81
o 4347 261.81
o 4346 261.81
o 4345 261.81
o 4344 261.81
o 4343 261.81
o 4342 261.81
o 4341 261.81
o 4339 261.81
o 4338 261.81
o 4337 261.81
o 4336 261.81
o 4335 261.81
o 4334 261.81
o 4333 261.81
o 4332 261.81
o 4331 261.81
o 4330 261.81
o 4329 261.81
o 4328 261.81
o 4268 261.81
o 4267 261.81
o 4266 261.81
o 4265 261.81
o 4264 261.81
o 4263 261.81
o 4262 261.81
o 4261 261.81
MaxSATQueriesinInterpretableClassifiers-twitter_train_2_CNF_4_1
o 4808 16.43
o 4807 16.43
o 4806 16.43
o 4805 16.43
o 4804 16.43
o 4803 16.43
o 4802 16.43
o 4801 16.43
o 4800 16.43
o 4799 16.43
o 4798 16.43
o 4797 16.43
o 4796 16.43
o 4795 16.43
o 4794 16.43
o 4793 16.43
o 4792 16.43
o 4791 16.43
o 4790 16.43
o 4789 16.43
o 4788 16.43
o 4787 16.43
o 4786 16.43
o 4231 131.93
o 4230 131.93
o 4229 131.93
o 4228 131.93
o 4227 131.93
o 4226 131.94
o 4225 131.94
o 4224 131.94
o 4223 131.94
o 4222 131.94
o 4221 131.94
o 4220 131.94
o 4219 131.94
o 4218 131.94
o 4217 131.94
o 4216 131.94
o 4215 131.94
o 4214 131.94
o 4160 131.94
o 4159 131.94
o 4158 131.94
o 4157 131.94
o 4156 131.94
o 2548 244.52
o 2547 244.52
o 2546 244.52
o 2545 244.52
o 2544 244.52
o 2543 244.52
o 2489 244.52
o 2488 244.52
o 2487 244.52
o 2486 244.52
o 2485 244.52
o 2484 244.52
o 2483 244.52
o 2482 244.52
o 2481 244.52
o 2480 244.52
o 2479 244.52
o 2478 244.52
o 2477 244.53
o 2476 244.53
o 2475 244.53
o 2474 244.53
o 2473 244.53
o 2472 244.53
o 2471 244.53
o 2470 244.53
o 2469 244.53
o 2468 244.53
o 2467 244.53
o 2466 244.53
o 2462 244.53
o 2461 244.53
o 2460 244.53
o 2459 244.53
o 2458 244.53
o 2457 244.53
o 2456 244.53
o 2455 244.53
o 2454 244.53
o 2453 244.53
o 2386 244.53
o 2385 244.53
o 2384 244.53
o 2383 244.53
o 2382 244.53
o 2381 244.53
o 2380 244.53
o 2379 244.53
o 2378 244.53
o 2377 244.53
o 2376 244.53
o 2375 244.53
o 2374 244.53
o 2373 244.53
o 2196 244.53
o 2195 244.53
o 2194 244.53
o 2193 244.53
o 2192 244.53
o 2191 244.53
o 2190 244.53
o 2189 244.53
o 2188 244.53
o 1897 244.54
o 1896 244.54
o 1895 244.54
o 1894 244.54
o 1893 244.54
o 1892 244.54
o 1891 244.54
o 1890 244.54
o 1889 244.54
o 1847 244.54
o 1846 244.54
o 1845 244.54
o 1844 244.54
o 1843 244.54
o 1842 244.54
o 1841 244.54
o 1840 244.54
o 1839 244.54
o 1838 244.54
o 1837 244.54
MaxSATQueriesinInterpretableClassifiers-twitter_train_2_CNF_4_1
o 6969 12.41
o 6968 12.41
o 6967 12.42
o 6966 12.42
o 6965 12.42
o 6964 12.42
o 6963 12.42
o 6962 12.42
o 6961 12.42
o 6960 12.42
o 6959 12.42
o 6958 12.42
o 6957 12.42
o 6956 12.42
o 6955 12.42
o 5634 234.09
o 5633 234.09
o 5632 234.09
o 5631 234.09
o 5630 234.09
o 5629 234.09
o 5220 236.89
o 5219 236.89
o 5218 236.89
o 5217 236.89
o 5216 236.89
o 5215 236.9
