setcover-sts-data.729
o 665 0.03
o 650 0.03
o 648 2.43
o 639 14.65
setcover-sts-data.729
o 665 0.04
o 650 0.04
o 648 6.42
o 647 6.42
o 646 31.01
o 644 79.35
o 639 139.43
setcover-sts-data.729
o 665 0.04
o 664 0.04
o 663 0.04
o 662 0.04
o 661 0.04
o 658 0.11
o 648 4.88
o 647 11.3
o 646 53.41
o 645 131.24
o 639 176.56
setcover-sts-data.729
o 665 0.04
o 664 0.04
o 663 0.04
o 662 0.04
o 661 0.04
o 652 0.04
o 647 13.36
o 646 28.18
o 639 70.24
setcover-sts-data.729
o 665 0.03
o 663 0.09
o 659 0.1
o 658 0.1
o 657 0.11
o 647 10.61
o 646 13.29
o 645 13.29
o 639 86.58
setcover-sts-data.729
o 665 0.04
o 654 0.04
o 646 6.17
o 644 94.16
o 618 213.99
o 617 213.99
setcover-sts-data.729
o 665 0.04
o 658 0.15
o 657 0.17
o 656 0.17
o 652 0.23
o 649 5.55
o 648 5.55
o 647 5.55
o 646 12.55
o 645 12.55
o 642 92.13
o 641 92.13
o 639 235.74
setcover-sts-data.729
o 665 0.05
o 664 0.05
o 663 0.05
o 662 0.05
o 661 0.05
o 652 0.05
o 648 1.11
o 647 3.31
o 645 21.8
o 644 93.17
o 639 288.09
setcover-sts-data.729
o 665 0.04
o 655 0.04
o 654 0.04
o 649 0.58
o 648 0.58
o 639 17.34
setcover-sts-data.729
o 665 0.03
o 660 0.1
o 659 0.1
o 658 0.1
o 657 0.1
o 656 0.12
o 648 4.29
o 647 4.29
o 639 19.65
