aes-mul_8_11
o 1408 2.29
o 147 2.3
o 146 2.3
o 74 81.67
o 68 81.74
o 67 185.65
o 66 185.65
aes-mul_8_11
o 1408 1.74
o 143 1.76
o 142 1.76
o 72 95.76
o 68 95.83
o 67 95.83
o 66 95.83
o 64 96.06
aes-mul_8_11
o 1408 1.72
o 146 1.74
o 72 101.76
o 69 101.97
o 68 101.97
aes-mul_8_11
o 1408 1.77
o 140 1.78
o 139 1.78
o 72 100.31
o 64 100.37
aes-mul_8_11
o 1408 1.73
o 136 1.74
o 128 1.79
o 73 93.34
o 72 93.34
o 68 93.47
o 67 93.65
o 66 93.65
aes-mul_8_11
o 1408 1.7
o 149 1.72
o 68 91.03
o 65 91.12
o 64 91.12
aes-mul_8_11
o 1408 1.9
o 145 1.92
o 68 93.16
o 66 93.25
o 65 93.3
o 64 93.3
aes-mul_8_11
o 1408 1.72
o 135 1.73
o 72 100.5
o 68 100.6
o 67 100.86
o 66 100.86
aes-mul_8_11
o 1408 1.82
o 130 1.83
o 68 91.38
o 67 91.47
o 66 91.47
o 65 205.76
o 64 205.76
aes-mul_8_11
o 1408 1.67
o 147 1.69
o 68 89.8
o 67 201.72
o 66 201.72
