gen-hyper-tw-GenHyperTW_flat30-99
o 49 2.97
o 48 2.97
o 47 2.98
o 46 2.98
o 45 2.98
o 44 2.98
o 43 2.98
o 41 3
o 40 3.01
o 39 3.76
o 38 3.81
o 37 3.84
o 36 5.09
o 35 5.64
o 34 8.44
o 27 27.3
o 23 46.44
gen-hyper-tw-GenHyperTW_flat30-99
o 48 3.22
o 46 3.53
o 44 3.54
o 43 3.54
o 42 3.55
o 41 3.56
o 40 3.57
o 39 3.6
o 38 3.71
o 37 3.71
o 36 3.88
o 35 3.99
o 26 24.08
o 25 63.78
o 24 177.21
gen-hyper-tw-GenHyperTW_flat30-99
o 56 3.74
o 54 3.76
o 53 3.76
o 52 3.76
o 51 3.76
o 50 3.77
o 49 3.77
o 48 3.78
o 47 3.78
o 46 3.8
o 45 3.81
o 44 3.82
o 43 3.83
o 42 3.85
o 41 3.87
o 40 3.89
o 39 3.9
o 38 4.25
o 37 4.5
o 36 4.91
o 35 15.56
o 34 16.64
o 25 36.07
o 24 121.13
o 21 140.12
gen-hyper-tw-GenHyperTW_flat30-99
o 47 3.3
o 44 3.32
o 43 3.32
o 42 3.33
o 41 3.33
o 39 3.37
o 38 3.39
o 37 3.4
o 35 3.49
o 34 3.51
o 33 3.54
o 32 4.32
o 26 23.29
o 25 62.62
o 24 162.07
gen-hyper-tw-GenHyperTW_flat30-99
o 53 3.77
o 51 3.8
o 50 3.8
o 49 3.81
o 48 3.82
o 47 3.83
o 46 3.83
o 45 3.84
o 44 3.85
o 42 3.87
o 41 3.89
o 40 3.96
o 39 3.97
o 38 4.2
o 37 4.24
o 36 4.92
o 35 5.56
o 34 5.72
o 33 12.07
o 32 15.18
o 24 34.8
gen-hyper-tw-GenHyperTW_flat30-99
o 54 3.35
o 46 3.37
o 45 3.37
o 44 3.38
o 43 3.39
o 42 3.4
o 41 3.46
o 40 3.46
o 39 3.48
o 38 3.5
o 37 3.51
o 36 3.54
o 35 6.25
o 34 6.64
o 24 26.24
o 22 174.3
gen-hyper-tw-GenHyperTW_flat30-99
o 49 3.2
o 45 3.22
o 44 3.22
o 43 3.23
o 42 3.23
o 41 3.24
o 40 3.24
o 38 3.26
o 37 3.28
o 36 3.4
o 35 3.41
o 34 3.42
o 33 3.84
o 32 4.4
o 31 4.4
o 28 24.17
o 25 43.55
o 24 105.78
o 23 297.08
gen-hyper-tw-GenHyperTW_flat30-99
o 55 3.46
o 54 3.46
o 53 3.48
o 52 3.48
o 51 3.48
o 50 3.48
o 49 3.49
o 47 3.51
o 46 3.52
o 45 3.53
o 44 3.54
o 43 3.55
o 42 3.71
o 41 3.75
o 40 3.84
o 39 3.85
o 38 3.89
o 37 3.96
o 36 5.33
o 35 15.13
o 34 17.23
o 27 35.31
o 25 53.79
o 23 241.18
gen-hyper-tw-GenHyperTW_flat30-99
o 57 3.76
o 56 3.77
o 55 3.77
o 54 3.77
o 53 3.77
o 52 3.78
o 51 3.79
o 50 3.79
o 49 3.8
o 48 4.54
o 47 4.55
o 45 4.57
o 43 4.67
o 42 5.41
o 41 5.52
o 40 5.53
o 39 5.54
o 36 5.57
o 35 5.58
o 34 5.78
o 33 8.1
o 32 11.41
o 26 29.72
o 25 107.9
o 24 234.67
gen-hyper-tw-GenHyperTW_flat30-99
o 54 3.48
o 53 3.48
o 51 3.5
o 50 3.64
o 49 3.64
o 48 3.65
o 46 3.66
o 45 3.66
o 44 3.68
o 42 3.7
o 41 3.7
o 38 4.02
o 37 4.03
o 36 4.14
o 35 4.17
o 34 4.39
o 33 6.22
o 32 7.66
o 28 26.96
o 23 46.17
