inconsistency-measurement-im-sum-C-1-grd_1222_5_4.tgf.pl
o 274 0.09
o 258 0.09
o 257 0.09
o 256 0.09
o 255 0.09
o 254 5.83
o 253 5.83
o 252 5.83
o 251 5.83
o 250 7.95
o 249 7.95
o 248 7.95
o 247 7.95
o 245 7.95
o 243 7.95
o 242 7.95
o 241 7.95
o 240 100.19
o 239 100.21
o 238 100.21
o 237 100.21
o 234 142.83
o 233 142.83
inconsistency-measurement-im-sum-C-1-grd_1222_5_4.tgf.pl
o 274 0.09
o 254 0.1
o 253 0.1
o 252 0.1
o 245 0.1
o 244 0.1
o 242 150.07
o 241 150.07
o 239 150.07
o 238 150.07
inconsistency-measurement-im-sum-C-1-grd_1222_5_4.tgf.pl
o 274 0.09
o 269 0.1
o 268 0.1
o 257 0.11
o 251 0.11
o 250 13.07
o 249 13.07
o 247 13.22
o 246 13.22
o 245 16.8
o 243 16.8
o 242 16.8
o 238 62.17
o 237 62.17
o 236 62.18
inconsistency-measurement-im-sum-C-1-grd_1222_5_4.tgf.pl
o 274 0.09
o 254 0.1
o 253 0.1
o 249 0.11
o 246 0.11
o 245 41.49
o 243 48.37
o 240 48.37
o 239 48.37
o 237 93.73
o 236 93.74
o 234 93.74
o 233 93.74
inconsistency-measurement-im-sum-C-1-grd_1222_5_4.tgf.pl
o 274 0.07
o 258 0.08
o 247 0.08
o 246 0.08
o 245 35.4
o 244 35.4
o 243 35.4
o 242 187.54
o 241 187.54
o 240 187.54
o 239 187.54
o 237 187.54
o 236 187.54
o 235 187.54
o 234 209.65
inconsistency-measurement-im-sum-C-1-grd_1222_5_4.tgf.pl
o 274 0.09
o 261 0.1
o 251 0.11
o 249 0.11
o 248 9.52
o 247 142.51
o 246 142.51
o 243 235.31
o 242 235.32
o 241 235.32
o 239 235.32
o 238 235.32
o 232 235.36
o 231 235.36
o 230 235.37
inconsistency-measurement-im-sum-C-1-grd_1222_5_4.tgf.pl
o 274 0.1
o 254 0.11
o 251 0.11
o 248 0.11
o 246 7.28
o 245 7.28
o 244 7.28
o 243 7.28
o 242 7.28
o 241 7.28
o 240 33.79
o 239 33.79
o 238 240.09
inconsistency-measurement-im-sum-C-1-grd_1222_5_4.tgf.pl
o 274 0.08
o 257 0.09
o 255 0.1
o 254 5.15
o 253 14.56
o 252 20.12
o 251 20.12
o 249 20.12
o 247 20.12
o 246 20.12
o 245 20.12
o 242 76.96
o 241 93.95
o 239 194.18
o 236 194.2
o 235 194.21
inconsistency-measurement-im-sum-C-1-grd_1222_5_4.tgf.pl
o 274 0.08
o 260 0.09
o 246 0.1
o 245 14.28
o 244 14.29
o 243 14.29
o 242 127.32
o 241 127.32
o 240 127.32
o 239 127.32
o 238 127.32
o 237 190.19
o 236 190.19
o 234 190.19
o 233 190.19
o 232 190.19
o 230 190.19
inconsistency-measurement-im-sum-C-1-grd_1222_5_4.tgf.pl
o 274 0.08
o 249 0.09
o 248 11.71
o 247 11.71
o 246 35.25
o 245 35.25
o 244 35.25
o 242 47.91
o 240 265.12
o 239 265.12
o 237 265.12
