judgment-aggregation-ja-maxham-preflib-00049-00000260
o 73 0.09
o 72 0.09
o 71 0.1
o 64 0.11
o 61 0.11
o 57 0.15
o 56 0.57
o 54 1.69
o 53 1.73
o 52 2.44
judgment-aggregation-ja-maxham-preflib-00049-00000260
o 74 0.08
o 73 0.08
o 72 0.09
o 71 0.09
o 70 0.09
o 67 0.1
o 57 0.13
o 56 0.31
o 55 4.09
o 54 8.37
o 53 14.07
o 52 38.19
judgment-aggregation-ja-maxham-preflib-00049-00000260
o 79 0.09
o 78 0.09
o 77 0.09
o 75 0.1
o 64 0.11
o 59 0.14
o 58 0.14
o 55 0.21
o 54 0.21
o 53 6.37
o 52 151.4
judgment-aggregation-ja-maxham-preflib-00049-00000260
o 84 0.09
o 83 0.09
o 71 0.09
o 70 0.09
o 67 0.09
o 66 0.1
o 65 0.1
o 64 0.1
o 54 0.12
o 53 20.46
o 52 26
judgment-aggregation-ja-maxham-preflib-00049-00000260
o 78 0.09
o 75 0.09
o 74 0.1
o 63 0.11
o 62 0.11
o 56 0.13
o 55 0.13
o 54 7.16
o 53 7.91
o 52 67.23
judgment-aggregation-ja-maxham-preflib-00049-00000260
o 86 0.09
o 85 0.09
o 83 0.1
o 81 0.1
o 69 0.1
o 61 0.11
o 60 0.11
o 58 0.11
o 57 0.19
o 56 0.19
o 55 0.25
o 54 3.35
o 52 6.41
judgment-aggregation-ja-maxham-preflib-00049-00000260
o 78 0.09
o 77 0.09
o 69 0.1
o 66 0.11
o 64 0.11
o 56 0.12
o 55 0.12
o 54 0.12
o 53 14.12
o 52 65.18
judgment-aggregation-ja-maxham-preflib-00049-00000260
o 74 0.09
o 73 0.09
o 70 0.1
o 69 0.1
o 63 0.1
o 59 0.1
o 58 0.12
o 57 0.74
o 55 1
o 54 6.78
o 53 9.96
o 51 21.12
judgment-aggregation-ja-maxham-preflib-00049-00000260
o 72 0.08
o 71 0.08
o 69 0.09
o 64 0.1
o 58 0.11
o 57 0.11
o 55 0.13
o 54 3.08
o 53 10.49
o 52 12.29
judgment-aggregation-ja-maxham-preflib-00049-00000260
o 77 0.09
o 76 0.09
o 74 0.09
o 70 0.1
o 68 0.1
o 66 0.11
o 65 0.11
o 64 0.11
o 62 0.11
o 55 0.15
o 54 1.48
o 53 1.48
o 52 1.53
o 51 123.64
