judgment-aggregation-ja-maxham-preflib-00049-00000517
o 68 0.09
o 65 0.09
o 61 0.1
o 60 0.1
o 59 173.43
judgment-aggregation-ja-maxham-preflib-00049-00000517
o 70 0.1
o 67 0.11
o 66 0.11
o 65 1.37
o 64 2.24
o 62 4.4
o 61 30.73
o 60 127.85
judgment-aggregation-ja-maxham-preflib-00049-00000517
o 77 0.1
o 76 0.1
o 75 0.1
o 74 0.1
o 67 0.11
o 65 0.12
o 64 0.25
o 62 3.06
o 61 25.94
o 59 80.53
judgment-aggregation-ja-maxham-preflib-00049-00000517
o 67 0.1
o 65 0.1
o 63 0.12
o 62 3.05
o 60 20.93
judgment-aggregation-ja-maxham-preflib-00049-00000517
o 70 0.11
o 67 0.11
o 63 0.13
o 62 0.13
o 61 4.79
o 60 63.71
o 59 112.74
judgment-aggregation-ja-maxham-preflib-00049-00000517
o 74 0.09
o 67 0.1
o 66 0.1
o 65 0.1
o 64 0.1
o 62 0.12
o 61 13.47
o 60 110.88
judgment-aggregation-ja-maxham-preflib-00049-00000517
o 73 0.1
o 68 0.1
o 67 0.1
o 66 0.1
o 64 0.12
o 63 0.12
o 62 3.62
o 61 12.88
o 60 98.1
o 59 148.9
judgment-aggregation-ja-maxham-preflib-00049-00000517
o 71 0.09
o 70 0.09
o 69 0.09
o 68 0.09
o 63 0.1
o 62 0.11
o 60 15.23
o 59 174.32
judgment-aggregation-ja-maxham-preflib-00049-00000517
o 65 0.11
o 64 0.11
o 63 0.11
o 62 1.91
o 61 5.41
o 60 5.41
o 59 104.6
judgment-aggregation-ja-maxham-preflib-00049-00000517
o 72 0.1
o 70 0.1
o 69 0.12
o 67 0.14
o 66 0.14
o 65 0.28
o 64 1.48
o 63 2.9
o 62 3.85
o 61 9.78
o 60 38.91
