judgment-aggregation-ja-maxham-preflib-00049-00000444
o 74 0.04
o 73 0.04
o 72 0.04
o 71 0.04
o 69 0.04
o 68 0.04
o 65 0.04
o 61 0.11
o 60 0.23
o 58 0.43
o 56 6.25
o 55 64.08
judgment-aggregation-ja-maxham-preflib-00049-00000444
o 74 0.04
o 67 0.04
o 66 0.05
o 64 0.05
o 59 0.09
o 58 0.61
o 57 0.91
o 56 3.72
o 55 9.42
o 54 39.3
judgment-aggregation-ja-maxham-preflib-00049-00000444
o 72 0.03
o 70 0.03
o 63 0.04
o 62 0.04
o 59 0.07
o 58 0.07
o 57 0.58
o 56 5.1
o 55 6.55
o 54 179.89
judgment-aggregation-ja-maxham-preflib-00049-00000444
o 73 0.03
o 67 0.03
o 66 0.03
o 63 0.07
o 61 0.07
o 60 0.29
o 58 0.38
o 56 1.03
o 55 61.89
judgment-aggregation-ja-maxham-preflib-00049-00000444
o 76 0.03
o 75 0.03
o 72 0.03
o 71 0.03
o 70 0.03
o 63 0.05
o 62 0.05
o 58 0.11
o 57 0.11
o 56 8.54
o 55 26.62
judgment-aggregation-ja-maxham-preflib-00049-00000444
o 75 0.03
o 72 0.04
o 71 0.04
o 70 0.04
o 68 0.04
o 57 0.04
o 56 0.04
o 55 15.14
judgment-aggregation-ja-maxham-preflib-00049-00000444
o 84 0.03
o 79 0.03
o 78 0.03
o 76 0.03
o 75 0.03
o 73 0.03
o 72 0.03
o 70 0.03
o 67 0.03
o 65 0.03
o 64 0.07
o 63 0.07
o 61 0.07
o 60 0.07
o 58 0.44
o 56 1.14
o 55 3.84
o 54 82.91
judgment-aggregation-ja-maxham-preflib-00049-00000444
o 75 0.04
o 72 0.04
o 69 0.04
o 66 0.04
o 61 0.05
o 60 0.05
o 59 0.24
o 58 0.27
o 57 0.87
o 56 0.87
o 55 12.76
o 54 70.7
judgment-aggregation-ja-maxham-preflib-00049-00000444
o 69 0.03
o 67 0.04
o 66 0.04
o 65 0.04
o 62 0.04
o 60 0.07
o 57 0.09
o 56 0.09
o 55 2.5
o 54 163.93
judgment-aggregation-ja-maxham-preflib-00049-00000444
o 76 0.04
o 73 0.04
o 68 0.04
o 67 0.04
o 66 0.04
o 64 0.08
o 59 0.09
o 55 0.62
