mbd-b14_C-mbd14-0277
o 109 0.01
o 99 0.01
o 98 0.48
o 96 0.48
o 87 0.48
o 82 0.48
o 79 4.02
o 78 4.03
o 75 4.03
o 68 11.33
o 62 11.33
o 61 11.33
o 59 11.34
o 58 11.34
o 57 124.15
o 50 124.16
o 49 229.54
o 47 229.54
o 45 229.54
mbd-b14_C-mbd14-0277
o 111 0.01
o 102 0.01
o 100 0.01
o 74 0.01
o 66 4.36
o 63 4.38
o 62 4.38
o 58 4.38
o 52 74.7
o 51 137.75
mbd-b14_C-mbd14-0277
o 110 0.01
o 103 0.01
o 101 0.02
o 100 0.02
o 93 0.02
o 90 0.75
o 86 0.75
o 80 0.75
o 78 0.75
o 76 0.75
o 73 4.93
o 72 8.84
o 67 8.86
o 64 17.32
o 57 41.59
o 53 41.59
o 50 41.6
o 49 41.6
o 48 41.6
o 45 216
o 44 216
mbd-b14_C-mbd14-0277
o 110 0.01
o 107 0.01
o 99 0.01
o 96 0.01
o 95 0.01
o 88 0.01
o 61 3.88
o 60 3.88
o 57 45.9
o 49 103.84
o 47 103.84
mbd-b14_C-mbd14-0277
o 110 0.01
o 98 0.01
o 97 0.01
o 95 0.01
o 93 1.05
o 88 1.05
o 86 1.05
o 76 1.05
o 72 1.05
o 69 5.7
o 68 5.7
o 56 5.7
o 54 5.7
o 53 5.7
o 52 5.7
o 51 5.7
o 50 5.7
o 49 5.7
o 48 5.7
o 47 5.7
o 44 125.2
o 43 125.2
mbd-b14_C-mbd14-0277
o 110 0.01
o 109 0.01
o 108 0.19
o 102 0.19
o 97 0.29
o 92 0.29
o 90 0.29
o 89 3.97
o 88 3.97
o 87 3.97
o 85 3.97
o 84 3.97
o 83 3.97
o 77 3.97
o 72 3.97
o 71 3.97
o 66 3.97
o 65 3.97
o 63 3.97
o 62 3.97
o 57 11.79
o 55 11.79
o 54 11.79
o 50 23.21
o 47 59.33
mbd-b14_C-mbd14-0277
o 110 0.01
o 107 0.01
o 102 0.01
o 100 0.44
o 96 0.44
o 94 0.44
o 92 0.44
o 91 2.42
o 88 2.42
o 86 4.3
o 81 4.3
o 71 8.28
o 67 8.29
o 66 8.29
o 63 12.17
o 62 12.19
o 61 40.77
o 58 56.39
o 55 67.78
o 54 94.21
o 53 123.75
o 49 123.75
o 48 123.75
o 47 189.21
mbd-b14_C-mbd14-0277
o 109 0.01
o 107 0.02
o 103 0.06
o 102 0.06
o 100 0.06
o 94 0.06
o 92 2.62
o 91 2.62
o 88 3.51
o 87 3.51
o 80 3.51
o 77 4.22
o 70 7.96
o 68 7.96
o 65 7.97
o 63 7.97
o 62 7.97
o 61 7.97
o 60 11.65
o 56 15.28
o 48 15.29
o 47 15.29
o 46 91.87
mbd-b14_C-mbd14-0277
o 110 0.01
o 107 0.01
o 106 0.1
o 101 0.1
o 97 0.63
o 92 0.63
o 56 4.36
o 50 4.36
o 49 4.36
mbd-b14_C-mbd14-0277
o 111 0.01
o 101 0.01
o 97 0.01
o 96 0.64
o 94 1.07
o 93 1.07
o 89 4.29
o 76 8.39
o 66 8.39
o 57 8.41
o 52 93.05
o 51 282.53
