optimizing-BDDs-vote-un-wcnf_incomplete_improved_1_2019_8
o 53 0.21
o 30 0.31
o 19 0.32
o 14 0.33
o 13 0.34
o 12 0.81
o 11 0.81
o 10 1.07
o 9 1.08
o 7 1.09
o 6 1.09
o 4 1.3
optimizing-BDDs-vote-un-wcnf_incomplete_improved_1_2019_8
o 63 0.2
o 22 0.27
o 20 0.32
o 19 0.41
o 17 0.42
o 16 0.6
o 14 0.72
o 13 0.75
o 12 0.96
o 11 0.98
o 10 0.98
o 9 2.03
o 8 2.03
o 7 2.1
o 6 2.6
o 5 14.25
o 4 118.7
optimizing-BDDs-vote-un-wcnf_incomplete_improved_1_2019_8
o 69 0.2
o 25 0.44
o 15 0.44
o 14 0.5
o 13 0.86
o 12 1.04
o 11 1.04
o 10 1.05
o 9 1.05
o 8 1.22
o 7 1.37
o 6 1.4
o 5 15.83
o 4 160.42
optimizing-BDDs-vote-un-wcnf_incomplete_improved_1_2019_8
o 55 0.22
o 31 0.69
o 28 0.76
o 17 0.8
o 16 0.89
o 15 0.92
o 12 0.99
o 10 1.04
o 9 1.09
o 8 1.13
o 4 1.32
optimizing-BDDs-vote-un-wcnf_incomplete_improved_1_2019_8
o 67 0.25
o 24 0.3
o 18 0.32
o 17 0.36
o 16 0.36
o 14 0.6
o 13 0.63
o 12 0.65
o 11 0.7
o 10 1.01
o 9 1.56
o 7 3.33
o 5 3.34
o 4 23.41
o 2 212.02
optimizing-BDDs-vote-un-wcnf_incomplete_improved_1_2019_8
o 30 0.25
o 20 0.33
o 18 0.35
o 17 0.36
o 16 0.36
o 15 0.4
o 14 0.64
o 13 0.92
o 12 0.92
o 11 0.94
o 8 0.99
o 7 0.99
o 6 3.73
o 5 4.79
o 4 41.14
optimizing-BDDs-vote-un-wcnf_incomplete_improved_1_2019_8
o 31 0.18
o 26 0.42
o 18 0.55
o 15 0.62
o 13 0.75
o 12 0.75
o 11 0.75
o 10 1.19
o 9 1.25
o 7 1.25
o 6 1.25
o 5 5.99
o 4 52.95
o 3 196.58
optimizing-BDDs-vote-un-wcnf_incomplete_improved_1_2019_8
o 30 0.28
o 19 0.47
o 16 0.5
o 15 0.64
o 14 0.73
o 13 0.79
o 12 1.52
o 10 1.66
o 9 1.75
o 8 2.78
o 7 2.78
o 6 4.33
o 5 4.33
o 4 127.44
o 3 127.44
optimizing-BDDs-vote-un-wcnf_incomplete_improved_1_2019_8
o 23 0.21
o 18 0.45
o 17 0.45
o 16 0.85
o 15 0.95
o 14 1.17
o 11 1.2
o 10 2.22
o 8 2.45
o 7 6.85
o 6 21.53
o 4 25.62
optimizing-BDDs-vote-un-wcnf_incomplete_improved_1_2019_8
o 22 0.2
o 16 0.49
o 14 1.66
o 13 1.68
o 12 1.68
o 10 1.71
o 9 1.71
o 8 3.63
o 7 3.96
o 5 3.96
o 4 196.7
