treewidth-computation-TWComp_queen7_7_N49
o 40 0.29
o 39 0.29
o 38 0.73
o 37 141.96
treewidth-computation-TWComp_queen7_7_N49
o 41 0.22
o 40 0.23
o 38 0.31
o 37 0.32
o 36 100.97
treewidth-computation-TWComp_queen7_7_N49
o 42 0.24
o 41 0.28
o 38 0.52
o 36 47.56
treewidth-computation-TWComp_queen7_7_N49
o 40 0.25
o 39 0.26
o 36 7.01
treewidth-computation-TWComp_queen7_7_N49
o 43 0.22
o 42 0.22
o 39 0.29
o 38 10.76
o 37 37.48
o 36 129.35
treewidth-computation-TWComp_queen7_7_N49
o 41 0.23
o 40 0.24
o 39 0.26
o 38 0.3
o 37 23.97
o 36 241.2
treewidth-computation-TWComp_queen7_7_N49
o 41 0.2
o 40 0.28
o 39 0.38
o 38 0.53
o 37 123.45
treewidth-computation-TWComp_queen7_7_N49
o 42 0.21
o 41 0.21
o 40 0.33
o 37 2.3
treewidth-computation-TWComp_queen7_7_N49
o 43 0.22
o 42 0.22
o 41 0.22
o 40 0.24
o 39 0.94
o 38 40.12
treewidth-computation-TWComp_queen7_7_N49
o 42 0.2
o 41 0.21
o 39 0.26
o 38 5.64
o 37 5.67
o 36 127.36
