aes-mul_8_9
o 1152 1.510000
o 797 1.540000
o 796 1.550000
o 795 1.550000
o 794 1.550000
o 793 1.550000
o 792 1.550000
o 791 1.550000
o 790 1.550000
o 789 1.550000
o 788 1.550000
o 787 1.550000
o 786 1.550000
o 785 1.550000
o 784 1.550000
o 783 1.550000
o 782 1.550000
o 781 1.550000
o 780 1.550000
o 779 1.550000
o 778 1.550000
o 777 1.550000
o 776 1.550000
o 775 1.550000
o 774 1.550000
o 773 1.550000
o 772 1.550000
o 771 1.550000
o 770 1.550000
o 769 1.550000
o 768 1.550000
o 767 1.550000
o 766 1.550000
o 765 1.550000
o 764 1.550000
o 763 1.550000
o 762 1.550000
o 761 1.550000
o 760 1.550000
o 759 1.550000
o 758 1.550000
o 757 1.550000
o 756 1.550000
o 755 1.550000
o 754 1.550000
o 753 1.550000
o 752 1.550000
o 749 1.550000
o 748 1.550000
o 747 1.550000
o 746 1.550000
o 745 1.550000
o 744 1.550000
o 743 1.550000
o 742 1.550000
o 741 1.550000
o 740 1.550000
o 739 1.550000
o 738 1.550000
o 737 1.550000
o 736 1.550000
o 735 1.550000
o 734 1.550000
o 733 1.550000
o 732 1.550000
o 731 1.550000
o 730 1.550000
o 729 1.550000
o 728 1.550000
o 727 1.550000
o 726 1.550000
o 725 1.550000
o 724 1.550000
o 723 1.550000
o 722 1.550000
o 721 1.550000
o 720 1.550000
o 719 1.550000
o 718 1.550000
o 717 1.550000
o 716 1.550000
o 715 1.550000
o 714 1.550000
o 713 1.550000
o 712 1.550000
o 711 1.550000
o 710 1.550000
o 709 1.550000
o 708 1.550000
o 707 1.550000
o 706 1.550000
o 705 1.550000
o 704 1.550000
o 703 1.550000
o 702 1.550000
o 701 1.550000
o 700 1.550000
o 699 1.550000
o 698 1.550000
o 697 1.550000
o 696 1.550000
o 695 1.550000
o 694 1.550000
o 693 1.550000
o 692 1.550000
o 691 1.550000
o 690 1.550000
o 689 1.550000
o 688 1.550000
o 687 1.550000
o 170 1.560000
o 169 1.560000
o 168 1.560000
o 130 1.560000
o 129 1.560000
o 126 1.560000
o 125 1.560000
o 124 1.560000
o 123 1.560000
o 122 1.560000
o 104 1.560000
o 103 1.560000
o 102 1.560000
o 101 1.560000
o 100 1.560000
o 99 1.560000
o 98 1.560000
o 97 1.560000
o 96 1.560000
o 95 1.560000
o 94 1.560000
o 93 1.560000
o 92 1.560000
o 91 1.560000
o 90 1.560000
o 89 1.560000
o 88 1.560000
o 87 1.560000
o 86 1.560000
o 85 1.560000
o 84 1.560000
o 83 1.560000
o 82 1.560000
o 81 1.560000
o 80 1.560000
o 79 1.560000
o 78 1.560000
o 77 1.560000
o 76 1.560000
o 75 1.560000
o 74 1.560000
o 73 1.560000
o 72 1.560000
o 71 1.560000
o 70 1.560000
o 69 1.560000
o 68 1.560000
o 67 1.560000
o 66 1.560000
o 65 1.560000
o 64 1.560000
o 63 1.560000
o 62 1.570000
o 61 1.570000
o 60 1.570000
o 59 3.690000
o 58 3.690000
o 57 3.690000
o 56 3.690000
o 55 3.690000
o 54 3.710000
o 53 3.710000
o 52 3.710000
o 51 3.720000
o 50 3.720000
o 49 3.720000
o 48 3.720000
o 47 3.720000
o 46 3.720000
o 45 3.720000
o 44 3.720000
o 43 3.720000
o 42 3.720000
42	3.720000
aes-mul_8_9
o 1152 1.000000
o 704 1.020000
o 703 1.020000
o 702 1.020000
o 701 1.020000
o 700 1.020000
o 699 1.020000
o 698 1.020000
o 697 1.020000
o 696 1.020000
o 695 1.020000
o 694 1.020000
o 693 1.020000
o 692 1.020000
o 691 1.020000
o 560 1.020000
o 559 1.020000
o 558 1.020000
o 557 1.020000
o 556 1.020000
o 555 1.020000
o 554 1.020000
o 553 1.020000
o 552 1.020000
o 551 1.020000
o 550 1.020000
o 549 1.020000
o 548 1.020000
o 547 1.020000
o 546 1.020000
o 545 1.020000
o 544 1.020000
o 543 1.020000
o 542 1.020000
o 541 1.020000
o 540 1.020000
o 539 1.020000
o 538 1.020000
o 267 1.020000
o 98 1.020000
o 97 1.020000
o 96 1.020000
o 93 1.020000
o 92 1.020000
o 91 1.020000
o 85 1.020000
o 84 1.020000
o 83 1.020000
o 82 1.020000
o 81 1.020000
o 80 1.020000
o 79 1.020000
o 78 1.020000
o 77 1.020000
o 76 1.020000
o 75 1.020000
o 74 1.020000
o 73 1.020000
o 72 1.020000
o 71 1.020000
o 70 1.020000
o 69 1.020000
o 68 1.020000
o 67 1.020000
o 66 1.020000
o 65 1.020000
o 64 1.020000
o 63 1.030000
o 62 1.030000
o 61 1.030000
o 60 1.030000
o 59 1.030000
o 57 3.910000
o 56 3.910000
o 55 3.910000
o 54 3.910000
o 53 3.910000
o 52 3.910000
o 51 3.910000
o 50 3.910000
o 49 3.910000
o 48 3.910000
o 47 3.910000
o 46 3.910000
o 45 3.950000
o 44 3.960000
o 43 3.970000
o 42 3.970000
42	3.970000
aes-mul_8_9
o 1152 0.920000
o 575 0.930000
o 574 0.930000
o 573 0.930000
o 572 0.930000
o 571 0.930000
o 570 0.930000
o 569 0.930000
o 568 0.930000
o 567 0.930000
o 566 0.930000
o 565 0.930000
o 564 0.930000
o 563 0.930000
o 562 0.930000
o 561 0.930000
o 560 0.930000
o 559 0.930000
o 558 0.930000
o 557 0.930000
o 556 0.930000
o 555 0.930000
o 554 0.930000
o 553 0.930000
o 552 0.930000
o 551 0.930000
o 487 0.930000
o 486 0.930000
o 387 0.940000
o 386 0.940000
o 385 0.940000
o 384 0.940000
o 383 0.940000
o 382 0.940000
o 381 0.940000
o 380 0.940000
o 379 0.940000
o 378 0.940000
o 94 0.940000
o 93 0.940000
o 92 0.940000
o 91 0.940000
o 90 0.940000
o 89 0.940000
o 88 0.940000
o 87 0.940000
o 86 0.940000
o 85 0.940000
o 84 0.940000
o 83 0.940000
o 82 0.940000
o 81 0.940000
o 80 0.940000
o 79 0.940000
o 78 0.940000
o 77 0.940000
o 76 0.940000
o 75 0.940000
o 74 0.940000
o 73 0.940000
o 72 0.940000
o 71 0.940000
o 70 0.940000
o 69 0.940000
o 68 0.940000
o 67 0.940000
o 66 0.940000
o 65 0.940000
o 62 3.030000
o 61 3.030000
o 58 3.030000
o 57 3.030000
o 56 3.040000
o 55 3.040000
o 54 3.040000
o 52 3.040000
o 50 3.040000
o 49 3.040000
o 48 3.040000
o 47 3.040000
o 46 3.040000
o 45 3.040000
o 44 3.040000
o 43 3.040000
o 42 3.040000
42	3.040000
aes-mul_8_9
o 1152 1.240000
o 789 1.250000
o 788 1.250000
o 787 1.250000
o 786 1.250000
o 785 1.250000
o 784 1.250000
o 783 1.250000
o 782 1.250000
o 781 1.250000
o 780 1.250000
o 779 1.250000
o 778 1.250000
o 777 1.250000
o 776 1.250000
o 775 1.250000
o 774 1.250000
o 773 1.250000
o 772 1.250000
o 771 1.250000
o 770 1.250000
o 769 1.250000
o 768 1.250000
o 767 1.250000
o 766 1.250000
o 765 1.250000
o 764 1.250000
o 763 1.250000
o 762 1.250000
o 761 1.250000
o 760 1.250000
o 644 1.250000
o 643 1.250000
o 642 1.250000
o 641 1.250000
o 640 1.250000
o 639 1.250000
o 635 1.250000
o 634 1.250000
o 633 1.250000
o 632 1.250000
o 631 1.250000
o 630 1.250000
o 629 1.250000
o 628 1.250000
o 627 1.250000
o 626 1.250000
o 625 1.250000
o 624 1.250000
o 623 1.250000
o 622 1.250000
o 621 1.250000
o 620 1.250000
o 619 1.250000
o 618 1.250000
o 617 1.250000
o 616 1.250000
o 615 1.250000
o 614 1.250000
o 613 1.250000
o 612 1.250000
o 611 1.250000
o 610 1.250000
o 609 1.250000
o 608 1.250000
o 607 1.250000
o 606 1.250000
o 605 1.250000
o 604 1.250000
o 603 1.250000
o 602 1.250000
o 601 1.250000
o 600 1.250000
o 599 1.250000
o 598 1.250000
o 597 1.250000
o 596 1.250000
o 595 1.250000
o 594 1.250000
o 593 1.250000
o 592 1.250000
o 395 1.260000
o 144 1.260000
o 125 1.260000
o 124 1.260000
o 123 1.260000
o 122 1.260000
o 120 1.260000
o 119 1.260000
o 118 1.260000
o 117 1.260000
o 113 1.260000
o 112 1.260000
o 111 1.260000
o 110 1.260000
o 109 1.260000
o 106 1.260000
o 105 1.260000
o 104 1.260000
o 97 1.260000
o 96 1.260000
o 95 1.260000
o 94 1.260000
o 93 1.260000
o 92 1.260000
o 91 1.260000
o 88 1.260000
o 87 1.260000
o 86 1.260000
o 85 1.260000
o 84 1.260000
o 83 1.260000
o 82 1.260000
o 81 1.260000
o 80 1.260000
o 79 1.260000
o 78 1.260000
o 73 1.260000
o 72 1.260000
o 71 1.260000
o 70 1.260000
o 69 1.260000
o 68 1.260000
o 67 1.260000
o 66 1.260000
o 65 1.270000
o 64 1.270000
o 63 1.270000
o 62 3.620000
o 61 3.620000
o 60 3.620000
o 59 3.630000
o 58 3.630000
o 57 3.640000
o 56 3.640000
o 55 3.640000
o 54 3.640000
o 53 3.640000
o 52 3.650000
o 51 3.650000
o 50 3.650000
o 49 3.660000
o 48 3.660000
o 47 3.660000
o 46 3.660000
o 45 3.660000
o 44 3.670000
o 43 3.670000
o 42 3.670000
42	3.670000
aes-mul_8_9
o 1152 1.420000
o 635 1.440000
o 634 1.440000
o 633 1.440000
o 632 1.440000
o 631 1.440000
o 630 1.440000
o 629 1.440000
o 628 1.440000
o 627 1.440000
o 626 1.440000
o 625 1.440000
o 624 1.440000
o 623 1.440000
o 622 1.440000
o 621 1.440000
o 620 1.440000
o 619 1.440000
o 618 1.440000
o 617 1.440000
o 616 1.440000
o 615 1.440000
o 614 1.440000
o 613 1.440000
o 587 1.440000
o 586 1.440000
o 585 1.440000
o 584 1.440000
o 568 1.440000
o 567 1.440000
o 566 1.440000
o 565 1.440000
o 564 1.440000
o 563 1.440000
o 562 1.440000
o 561 1.440000
o 560 1.440000
o 559 1.440000
o 558 1.440000
o 557 1.440000
o 510 1.440000
o 509 1.440000
o 505 1.440000
o 504 1.440000
o 503 1.440000
o 502 1.440000
o 501 1.440000
o 500 1.440000
o 499 1.440000
o 498 1.440000
o 497 1.440000
o 496 1.440000
o 495 1.440000
o 494 1.440000
o 493 1.440000
o 492 1.440000
o 491 1.440000
o 361 1.440000
o 360 1.440000
o 359 1.440000
o 358 1.440000
o 357 1.440000
o 356 1.440000
o 355 1.440000
o 354 1.440000
o 353 1.440000
o 167 1.450000
o 150 1.450000
o 149 1.450000
o 148 1.450000
o 147 1.450000
o 146 1.450000
o 145 1.450000
o 144 1.450000
o 143 1.450000
o 142 1.450000
o 141 1.450000
o 140 1.450000
o 139 1.450000
o 138 1.450000
o 137 1.450000
o 136 1.450000
o 135 1.450000
o 134 1.450000
o 133 1.450000
o 132 1.450000
o 131 1.450000
o 130 1.450000
o 129 1.450000
o 128 1.450000
o 127 1.450000
o 126 1.450000
o 125 1.450000
o 124 1.450000
o 123 1.450000
o 122 1.450000
o 92 1.450000
o 91 1.450000
o 90 1.450000
o 89 1.450000
o 88 1.450000
o 87 1.450000
o 86 1.450000
o 83 1.450000
o 82 1.450000
o 81 1.450000
o 80 1.450000
o 79 1.450000
o 78 1.450000
o 77 1.450000
o 71 1.450000
o 70 1.450000
o 69 1.450000
o 68 1.450000
o 66 1.450000
o 65 1.450000
o 64 1.450000
o 63 1.450000
o 62 1.450000
o 61 1.450000
o 60 1.450000
o 59 1.450000
o 58 1.450000
o 57 1.450000
o 56 1.460000
o 55 1.460000
o 54 1.460000
o 53 5.010000
o 52 5.010000
o 51 5.040000
o 50 5.040000
o 49 5.040000
o 48 5.060000
o 47 5.060000
o 46 5.060000
o 45 5.060000
o 44 5.080000
o 43 5.090000
o 42 5.100000
42	5.100000
aes-mul_8_9
o 1152 3.830000
o 657 3.910000
o 656 3.910000
o 655 3.910000
o 115 3.920000
o 111 3.930000
o 106 3.930000
o 105 3.930000
o 104 3.930000
o 103 3.930000
o 89 3.930000
o 88 3.930000
o 87 3.930000
o 86 3.930000
o 85 3.930000
o 84 3.930000
o 83 3.930000
o 82 3.930000
o 81 3.930000
o 80 3.930000
o 79 3.930000
o 78 3.930000
o 77 3.930000
o 73 3.930000
o 72 3.930000
o 71 3.930000
o 70 3.930000
o 69 3.930000
o 68 3.930000
o 67 3.930000
o 66 3.930000
o 65 3.930000
o 64 3.930000
o 63 3.930000
o 62 3.930000
o 61 3.930000
o 60 3.930000
o 58 3.930000
o 57 3.930000
o 56 3.930000
o 55 3.930000
o 54 3.930000
o 53 9.820000
o 52 9.880000
o 51 9.880000
o 50 9.880000
o 49 9.880000
o 48 9.880000
o 47 9.880000
o 46 9.890000
o 45 9.890000
o 44 9.890000
o 43 9.890000
o 42 9.890000
42	9.890000
aes-mul_8_9
o 1152 1.350000
o 803 1.360000
o 802 1.360000
o 617 1.370000
o 616 1.370000
o 615 1.370000
o 614 1.370000
o 613 1.370000
o 612 1.370000
o 611 1.370000
o 610 1.370000
o 609 1.370000
o 127 1.370000
o 125 1.370000
o 122 1.370000
o 103 1.370000
o 102 1.370000
o 101 1.370000
o 100 1.370000
o 90 1.380000
o 89 1.380000
o 88 1.380000
o 78 1.380000
o 77 1.380000
o 76 1.380000
o 75 1.380000
o 74 1.380000
o 73 1.380000
o 72 1.380000
o 71 1.380000
o 70 1.380000
o 69 1.380000
o 68 1.380000
o 67 1.380000
o 66 1.380000
o 65 1.380000
o 64 1.380000
o 63 1.380000
o 62 1.380000
o 61 1.380000
o 60 1.380000
o 59 1.380000
o 58 1.380000
o 57 1.380000
o 56 4.040000
o 55 4.060000
o 54 4.060000
o 53 4.060000
o 46 4.070000
o 45 4.080000
o 44 4.080000
o 43 4.100000
o 42 4.100000
42	4.100000
aes-mul_8_9
o 1152 0.910000
o 656 0.920000
o 653 0.920000
o 652 0.920000
o 651 0.920000
o 650 0.920000
o 649 0.920000
o 648 0.920000
o 647 0.920000
o 646 0.920000
o 645 0.920000
o 644 0.920000
o 643 0.920000
o 642 0.920000
o 641 0.920000
o 640 0.920000
o 639 0.920000
o 638 0.920000
o 636 0.920000
o 635 0.920000
o 634 0.920000
o 633 0.920000
o 632 0.920000
o 631 0.920000
o 630 0.920000
o 629 0.920000
o 628 0.920000
o 627 0.920000
o 626 0.920000
o 625 0.920000
o 624 0.920000
o 623 0.920000
o 622 0.920000
o 621 0.920000
o 620 0.920000
o 619 0.920000
o 618 0.920000
o 617 0.920000
o 616 0.920000
o 615 0.920000
o 614 0.920000
o 613 0.920000
o 612 0.920000
o 611 0.920000
o 610 0.920000
o 609 0.920000
o 608 0.920000
o 607 0.920000
o 606 0.920000
o 605 0.920000
o 604 0.920000
o 603 0.920000
o 602 0.920000
o 601 0.920000
o 600 0.920000
o 599 0.920000
o 598 0.920000
o 597 0.920000
o 596 0.920000
o 595 0.920000
o 594 0.920000
o 593 0.920000
o 592 0.920000
o 591 0.920000
o 590 0.920000
o 589 0.920000
o 588 0.920000
o 587 0.920000
o 586 0.920000
o 585 0.920000
o 584 0.920000
o 583 0.920000
o 582 0.920000
o 581 0.920000
o 580 0.920000
o 579 0.920000
o 578 0.920000
o 577 0.920000
o 576 0.920000
o 575 0.920000
o 574 0.920000
o 573 0.920000
o 555 0.920000
o 554 0.920000
o 553 0.920000
o 552 0.920000
o 524 0.920000
o 523 0.920000
o 522 0.920000
o 521 0.920000
o 520 0.920000
o 519 0.920000
o 518 0.920000
o 517 0.920000
o 516 0.920000
o 515 0.920000
o 514 0.920000
o 513 0.920000
o 214 0.920000
o 213 0.920000
o 212 0.920000
o 211 0.920000
o 137 0.920000
o 136 0.920000
o 135 0.920000
o 134 0.920000
o 133 0.920000
o 132 0.920000
o 131 0.920000
o 130 0.920000
o 129 0.920000
o 128 0.920000
o 127 0.920000
o 126 0.920000
o 125 0.920000
o 124 0.920000
o 123 0.920000
o 122 0.920000
o 121 0.920000
o 120 0.920000
o 119 0.920000
o 118 0.920000
o 117 0.920000
o 116 0.920000
o 115 0.920000
o 114 0.920000
o 113 0.920000
o 112 0.920000
o 111 0.920000
o 110 0.920000
o 109 0.920000
o 107 0.920000
o 106 0.920000
o 102 0.920000
o 101 0.920000
o 80 0.920000
o 76 0.920000
o 75 0.920000
o 73 0.920000
o 72 0.920000
o 71 0.920000
o 70 0.920000
o 69 0.920000
o 68 0.920000
o 67 2.840000
o 66 2.840000
o 65 2.840000
o 64 2.840000
o 63 2.840000
o 62 2.840000
o 61 2.840000
o 60 2.840000
o 59 2.840000
o 58 2.840000
o 57 2.840000
o 56 2.840000
o 55 2.840000
o 54 2.840000
o 53 2.840000
o 52 2.840000
o 51 2.840000
o 50 2.840000
o 49 2.840000
o 48 2.840000
o 47 2.840000
o 46 2.850000
o 45 2.850000
o 44 2.850000
o 43 2.850000
o 42 2.860000
42	2.860000
aes-mul_8_9
o 1152 10.430000
o 548 10.440000
o 547 10.440000
o 188 10.440000
o 187 10.440000
o 111 10.450000
o 110 10.450000
o 109 10.450000
o 108 10.450000
o 97 10.450000
o 96 10.450000
o 95 10.450000
o 94 10.450000
o 92 10.450000
o 91 10.450000
o 84 10.450000
o 83 10.450000
o 82 10.450000
o 81 10.450000
o 80 10.450000
o 79 10.450000
o 78 10.450000
o 77 10.450000
o 76 10.450000
o 75 10.450000
o 74 10.450000
o 73 10.450000
o 72 10.450000
o 71 10.450000
o 70 10.450000
o 69 10.450000
o 68 10.450000
o 67 10.450000
o 66 10.450000
o 65 10.450000
o 64 10.450000
o 63 10.450000
o 62 10.450000
o 61 10.450000
o 60 10.450000
o 59 10.450000
o 58 12.800000
o 57 12.810000
o 56 12.810000
o 55 12.810000
o 54 12.810000
o 53 12.810000
o 52 12.810000
o 50 12.810000
o 49 12.810000
o 48 12.810000
o 47 12.830000
o 46 12.830000
o 45 12.830000
o 44 12.830000
o 43 12.830000
o 42 12.830000
42	12.830000
aes-mul_8_9
o 1152 1.020000
o 1013 1.030000
o 1012 1.030000
o 1011 1.030000
o 1010 1.030000
o 1009 1.030000
o 1008 1.030000
o 1007 1.030000
o 1006 1.030000
o 1005 1.030000
o 1004 1.030000
o 1003 1.030000
o 1002 1.030000
o 1001 1.030000
o 1000 1.030000
o 999 1.030000
o 998 1.030000
o 997 1.030000
o 996 1.030000
o 995 1.030000
o 994 1.030000
o 993 1.030000
o 992 1.030000
o 991 1.030000
o 990 1.030000
o 989 1.030000
o 988 1.030000
o 987 1.030000
o 986 1.030000
o 985 1.030000
o 984 1.030000
o 983 1.030000
o 982 1.030000
o 981 1.030000
o 980 1.030000
o 979 1.030000
o 978 1.030000
o 977 1.030000
o 976 1.030000
o 975 1.030000
o 974 1.030000
o 973 1.030000
o 972 1.030000
o 971 1.030000
o 970 1.030000
o 969 1.030000
o 968 1.030000
o 967 1.030000
o 966 1.030000
o 965 1.030000
o 964 1.030000
o 963 1.030000
o 962 1.030000
o 961 1.030000
o 960 1.030000
o 959 1.030000
o 958 1.030000
o 957 1.030000
o 956 1.030000
o 955 1.030000
o 954 1.030000
o 953 1.030000
o 952 1.030000
o 951 1.030000
o 950 1.030000
o 949 1.030000
o 948 1.030000
o 947 1.030000
o 946 1.030000
o 945 1.030000
o 944 1.030000
o 943 1.030000
o 942 1.030000
o 941 1.030000
o 940 1.030000
o 939 1.030000
o 938 1.030000
o 937 1.030000
o 936 1.030000
o 935 1.030000
o 934 1.030000
o 933 1.030000
o 932 1.030000
o 931 1.030000
o 930 1.030000
o 929 1.030000
o 928 1.030000
o 927 1.030000
o 926 1.030000
o 925 1.030000
o 924 1.030000
o 923 1.030000
o 922 1.030000
o 921 1.030000
o 920 1.030000
o 919 1.030000
o 918 1.030000
o 917 1.030000
o 916 1.030000
o 915 1.030000
o 914 1.030000
o 913 1.030000
o 912 1.030000
o 911 1.030000
o 910 1.030000
o 909 1.030000
o 908 1.030000
o 907 1.030000
o 906 1.030000
o 905 1.030000
o 904 1.030000
o 903 1.030000
o 902 1.030000
o 901 1.030000
o 900 1.030000
o 899 1.030000
o 898 1.030000
o 897 1.030000
o 896 1.030000
o 895 1.030000
o 894 1.030000
o 893 1.030000
o 892 1.030000
o 891 1.030000
o 890 1.030000
o 889 1.030000
o 888 1.030000
o 887 1.030000
o 886 1.030000
o 885 1.030000
o 884 1.030000
o 883 1.030000
o 882 1.030000
o 881 1.030000
o 880 1.030000
o 879 1.030000
o 878 1.030000
o 877 1.030000
o 876 1.030000
o 875 1.030000
o 874 1.030000
o 873 1.030000
o 872 1.030000
o 871 1.030000
o 870 1.030000
o 869 1.030000
o 868 1.030000
o 867 1.030000
o 851 1.030000
o 850 1.030000
o 849 1.030000
o 791 1.030000
o 790 1.030000
o 789 1.030000
o 788 1.030000
o 787 1.030000
o 786 1.030000
o 785 1.030000
o 784 1.030000
o 783 1.030000
o 782 1.030000
o 588 1.030000
o 587 1.030000
o 586 1.030000
o 585 1.030000
o 584 1.030000
o 583 1.030000
o 581 1.030000
o 580 1.030000
o 579 1.030000
o 98 1.040000
o 84 1.040000
o 83 1.040000
o 82 1.040000
o 79 1.040000
o 77 1.040000
o 76 1.040000
o 75 1.040000
o 74 1.040000
o 73 1.040000
o 72 1.040000
o 71 1.040000
o 70 1.040000
o 69 1.040000
o 68 1.040000
o 67 1.040000
o 66 1.040000
o 65 1.040000
o 64 1.040000
o 62 1.040000
o 61 1.040000
o 60 1.040000
o 59 1.040000
o 58 1.040000
o 57 1.040000
o 56 1.040000
o 55 1.040000
o 54 1.040000
o 53 1.040000
o 52 1.040000
o 51 1.040000
o 50 1.040000
o 49 1.040000
o 48 3.640000
o 47 3.640000
o 46 3.650000
o 45 3.650000
o 44 3.650000
o 43 3.660000
o 42 3.720000
42	3.720000
