gen-hyper-tw-GenHyperTW_flat30-99
o 69 3.570000
69	3.570000
gen-hyper-tw-GenHyperTW_flat30-99
o 68 3.930000
68	3.930000
gen-hyper-tw-GenHyperTW_flat30-99
o 56 2.590000
o 25 75.040000
o 22 147.110000
22	147.110000
gen-hyper-tw-GenHyperTW_flat30-99
o 55 2.840000
o 24 148.310000
o 21 286.000000
21	286.000000
gen-hyper-tw-GenHyperTW_flat30-99
o 57 3.670000
57	3.670000
gen-hyper-tw-GenHyperTW_flat30-99
o 58 2.800000
o 22 16.230000
o 21 16.400000
o 20 101.140000
20	101.140000
gen-hyper-tw-GenHyperTW_flat30-99
o 62 3.080000
62	3.080000
gen-hyper-tw-GenHyperTW_flat30-99
o 69 3.960000
o 20 162.750000
20	162.750000
gen-hyper-tw-GenHyperTW_flat30-99
o 57 3.690000
o 22 104.120000
22	104.120000
gen-hyper-tw-GenHyperTW_flat30-99
o 56 2.730000
o 24 190.530000
24	190.530000
