gen-hyper-tw-GenHyperTW_s208
o 52 5.260000
o 18 20.180000
o 17 26.460000
o 16 33.990000
16	33.990000
gen-hyper-tw-GenHyperTW_s208
o 52 3.050000
o 19 18.120000
o 18 18.300000
o 17 24.590000
o 16 240.520000
16	240.520000
gen-hyper-tw-GenHyperTW_s208
o 57 7.970000
o 17 59.400000
o 16 60.060000
o 15 146.280000
o 14 146.300000
o 9 243.530000
9	243.530000
gen-hyper-tw-GenHyperTW_s208
o 50 3.940000
o 20 69.070000
o 8 212.990000
o 7 213.050000
7	213.050000
gen-hyper-tw-GenHyperTW_s208
o 48 2.950000
o 17 16.670000
o 13 183.820000
o 12 184.000000
12	184.000000
gen-hyper-tw-GenHyperTW_s208
o 56 3.630000
o 15 32.190000
o 14 119.790000
14	119.790000
gen-hyper-tw-GenHyperTW_s208
o 49 3.300000
o 21 13.780000
o 20 13.780000
o 19 23.100000
o 18 24.310000
o 17 69.610000
o 16 72.110000
o 15 104.290000
o 14 104.530000
14	104.530000
gen-hyper-tw-GenHyperTW_s208
o 50 4.080000
o 17 38.530000
o 16 39.160000
o 15 205.930000
o 14 208.140000
14	208.140000
gen-hyper-tw-GenHyperTW_s208
o 51 3.670000
o 15 50.630000
15	50.630000
gen-hyper-tw-GenHyperTW_s208
o 46 2.980000
o 17 17.500000
o 16 79.300000
o 15 152.000000
o 14 152.190000
o 13 154.200000
o 9 216.350000
9	216.350000
