gen-hyper-tw-GenHyperTW_b01
o 21 0.220000
o 9 1.440000
o 8 2.940000
o 7 9.620000
7	9.620000
gen-hyper-tw-GenHyperTW_b01
o 18 0.230000
o 8 1.680000
o 7 43.420000
o 6 50.080000
6	50.080000
gen-hyper-tw-GenHyperTW_b01
o 17 0.180000
o 9 0.840000
o 8 0.890000
o 7 8.190000
o 6 15.680000
6	15.680000
gen-hyper-tw-GenHyperTW_b01
o 20 0.300000
o 8 1.630000
o 7 1.640000
o 6 125.210000
6	125.220000
gen-hyper-tw-GenHyperTW_b01
o 22 0.290000
o 9 1.370000
o 8 1.740000
o 7 11.660000
o 6 182.640000
6	182.640000
gen-hyper-tw-GenHyperTW_b01
o 20 0.180000
o 9 1.350000
o 8 1.350000
o 7 4.200000
o 6 24.790000
6	24.790000
gen-hyper-tw-GenHyperTW_b01
o 17 0.230000
o 8 1.140000
o 7 29.040000
o 6 29.510000
6	29.510000
gen-hyper-tw-GenHyperTW_b01
o 16 0.170000
o 9 1.200000
o 8 8.840000
o 7 53.230000
o 6 283.560000
6	283.560000
gen-hyper-tw-GenHyperTW_b01
o 19 0.240000
o 8 1.270000
o 7 1.280000
o 6 34.390000
6	34.390000
gen-hyper-tw-GenHyperTW_b01
o 20 0.240000
o 9 1.190000
o 8 2.140000
o 7 21.620000
o 6 56.460000
o 5 193.440000
5	193.440000
