judgment-aggregation-ja-maxham-preflib-00049-00000444
o 78 0.050000
o 66 0.530000
o 57 0.640000
o 56 6.720000
o 55 57.570000
o 54 64.110000
54	64.110000
judgment-aggregation-ja-maxham-preflib-00049-00000444
o 75 0.040000
o 64 0.420000
o 60 0.450000
o 59 0.450000
o 58 0.480000
o 57 0.620000
o 56 0.650000
o 55 3.930000
o 54 53.960000
54	53.960000
judgment-aggregation-ja-maxham-preflib-00049-00000444
o 74 0.050000
o 70 0.400000
o 59 0.460000
o 58 0.510000
o 57 0.660000
o 56 0.780000
o 55 30.710000
o 54 79.350000
54	79.350000
judgment-aggregation-ja-maxham-preflib-00049-00000444
o 84 0.940000
o 61 6.060000
o 58 6.300000
o 57 6.390000
o 56 44.480000
o 55 44.500000
o 54 62.820000
54	62.820000
judgment-aggregation-ja-maxham-preflib-00049-00000444
o 80 0.040000
o 60 0.380000
o 57 0.410000
o 56 0.860000
o 55 0.910000
o 54 1.100000
54	1.100000
judgment-aggregation-ja-maxham-preflib-00049-00000444
o 75 1.250000
o 62 4.780000
o 60 4.820000
o 59 4.820000
o 58 4.830000
o 57 4.850000
o 56 14.240000
o 55 14.320000
o 54 30.580000
54	30.580000
judgment-aggregation-ja-maxham-preflib-00049-00000444
o 74 0.150000
o 62 1.300000
o 61 1.340000
o 60 1.420000
o 59 6.530000
o 58 8.990000
o 57 16.350000
o 56 30.880000
o 55 31.170000
55	31.170000
judgment-aggregation-ja-maxham-preflib-00049-00000444
o 82 0.120000
o 70 2.150000
o 59 2.380000
o 58 2.390000
o 57 2.400000
o 56 23.210000
o 55 40.850000
o 54 136.280000
54	136.280000
judgment-aggregation-ja-maxham-preflib-00049-00000444
o 74 0.050000
o 66 0.330000
o 57 0.390000
o 56 0.400000
o 55 13.700000
o 54 170.980000
54	170.980000
judgment-aggregation-ja-maxham-preflib-00049-00000444
o 75 0.050000
o 65 0.470000
o 57 0.530000
o 56 9.640000
o 55 11.240000
55	11.240000
