judgment-aggregation-ja-maxham-preflib-00049-00000260
o 77 0.130000
o 63 0.630000
o 57 0.680000
o 56 0.690000
o 55 0.720000
o 54 0.800000
o 53 2.060000
o 52 98.790000
o 51 195.620000
51	195.620000
judgment-aggregation-ja-maxham-preflib-00049-00000260
o 76 0.170000
o 65 0.630000
o 64 0.640000
o 57 0.660000
o 56 0.670000
o 55 0.680000
o 54 0.700000
o 53 0.730000
o 52 0.830000
o 51 26.580000
51	26.580000
judgment-aggregation-ja-maxham-preflib-00049-00000260
o 78 0.120000
o 56 0.560000
o 55 0.560000
o 54 0.570000
o 53 0.630000
o 52 8.970000
52	8.970000
judgment-aggregation-ja-maxham-preflib-00049-00000260
o 82 0.180000
o 53 0.690000
o 52 3.240000
o 51 80.680000
51	80.680000
judgment-aggregation-ja-maxham-preflib-00049-00000260
o 74 0.110000
o 62 0.680000
o 60 0.690000
o 58 0.700000
o 56 0.710000
o 55 0.720000
o 54 0.730000
o 53 9.270000
o 52 9.280000
o 51 83.710000
51	83.710000
judgment-aggregation-ja-maxham-preflib-00049-00000260
o 74 0.480000
o 62 2.720000
o 60 4.070000
o 59 4.100000
o 55 4.150000
o 54 4.400000
o 53 37.140000
o 52 45.550000
o 51 256.750000
51	256.750000
judgment-aggregation-ja-maxham-preflib-00049-00000260
o 80 0.130000
o 57 0.670000
o 55 0.670000
o 54 0.680000
o 53 1.050000
o 52 96.880000
o 51 213.810000
51	213.810000
judgment-aggregation-ja-maxham-preflib-00049-00000260
o 71 0.120000
o 56 0.530000
o 55 0.530000
o 54 0.580000
o 53 9.400000
o 52 9.440000
o 51 171.690000
51	171.690000
judgment-aggregation-ja-maxham-preflib-00049-00000260
o 75 10.500000
o 74 10.820000
o 56 10.960000
o 55 10.960000
o 54 10.980000
o 53 19.780000
o 52 54.260000
52	54.260000
judgment-aggregation-ja-maxham-preflib-00049-00000260
o 79 0.130000
o 64 0.570000
o 55 0.630000
o 54 0.630000
o 53 0.840000
o 52 3.940000
o 51 176.250000
51	176.250000
