optic-gen_mult_4_5_991
o 319 0.030000
o 157 0.190000
o 156 0.190000
o 150 0.220000
o 149 0.220000
o 148 0.230000
o 144 0.240000
o 140 0.240000
o 139 0.260000
o 138 0.260000
o 136 0.260000
o 135 0.260000
o 134 0.260000
o 132 0.350000
o 131 0.370000
o 130 0.370000
o 129 0.370000
o 128 0.370000
o 127 0.390000
o 126 0.390000
o 125 0.400000
o 124 0.410000
o 123 0.420000
o 122 0.430000
o 121 0.430000
o 120 0.460000
o 119 0.540000
o 118 0.620000
o 117 71.270000
117	71.270000
optic-gen_mult_4_5_991
o 319 0.030000
o 163 0.200000
o 159 0.200000
o 157 0.220000
o 151 0.220000
o 150 0.250000
o 148 0.260000
o 147 0.260000
o 146 0.260000
o 145 0.260000
o 143 0.260000
o 142 0.260000
o 141 0.280000
o 140 0.280000
o 139 0.280000
o 138 0.290000
o 137 0.290000
o 136 0.290000
o 135 0.310000
o 134 0.310000
o 131 0.310000
o 130 0.310000
o 129 0.320000
o 128 0.320000
o 127 0.360000
o 126 0.370000
o 125 0.370000
o 124 0.370000
o 123 0.400000
o 122 0.400000
o 121 0.400000
o 120 0.490000
o 119 0.580000
o 118 22.550000
o 117 297.300000
117	297.300000
optic-gen_mult_4_5_991
o 319 0.030000
o 151 0.040000
o 150 0.040000
o 148 0.260000
o 147 0.280000
o 146 0.280000
o 145 0.280000
o 144 0.290000
o 143 0.290000
o 142 0.290000
o 141 0.290000
o 140 0.310000
o 138 0.320000
o 137 0.350000
o 136 0.350000
o 135 0.370000
o 134 0.370000
o 133 0.370000
o 132 0.370000
o 131 0.370000
o 130 0.400000
o 129 0.400000
o 128 0.420000
o 127 0.440000
o 126 0.440000
o 125 0.450000
o 124 0.460000
o 123 0.460000
o 122 0.510000
o 121 0.560000
o 120 0.560000
o 119 0.590000
o 118 0.840000
o 117 32.760000
o 116 110.580000
116	110.580000
optic-gen_mult_4_5_991
o 319 0.030000
o 171 0.040000
o 164 0.230000
o 163 0.230000
o 157 0.230000
o 156 0.240000
o 150 0.260000
o 147 0.260000
o 146 0.260000
o 144 0.260000
o 142 0.280000
o 141 0.280000
o 140 0.280000
o 139 0.280000
o 138 0.300000
o 137 0.320000
o 136 0.330000
o 135 0.330000
o 134 0.330000
o 133 0.330000
o 132 0.340000
o 131 0.340000
o 130 0.370000
o 129 0.390000
o 128 0.390000
o 127 0.390000
o 126 0.390000
o 125 0.420000
o 124 0.420000
o 123 0.420000
o 122 0.440000
o 121 0.480000
o 120 0.500000
o 119 0.520000
o 118 0.660000
o 117 9.210000
117	9.210000
optic-gen_mult_4_5_991
o 319 0.030000
o 149 0.030000
o 148 0.030000
o 147 0.220000
o 146 0.260000
o 144 0.260000
o 143 0.260000
o 142 0.260000
o 141 0.270000
o 139 0.270000
o 137 0.270000
o 135 0.270000
o 134 0.290000
o 132 0.320000
o 131 0.320000
o 130 0.330000
o 129 0.330000
o 128 0.410000
o 127 0.420000
o 126 0.420000
o 125 0.430000
o 124 0.460000
o 123 0.470000
o 122 0.470000
o 121 0.490000
o 120 0.490000
o 119 0.500000
o 118 1.180000
o 117 11.220000
117	11.220000
optic-gen_mult_4_5_991
o 319 0.040000
o 152 0.230000
o 151 0.240000
o 150 0.250000
o 149 0.260000
o 147 0.260000
o 145 0.260000
o 143 0.270000
o 141 0.270000
o 140 0.270000
o 137 0.290000
o 136 0.290000
o 135 0.290000
o 134 0.320000
o 133 0.330000
o 132 0.330000
o 131 0.340000
o 130 0.340000
o 129 0.340000
o 128 0.360000
o 127 0.370000
o 126 0.370000
o 125 0.380000
o 124 0.380000
o 123 0.400000
o 122 0.440000
o 121 0.460000
o 120 0.460000
o 119 0.660000
o 118 1.490000
o 117 74.040000
o 116 264.670000
116	264.670000
optic-gen_mult_4_5_991
o 319 0.040000
o 143 0.040000
o 142 0.290000
o 141 0.300000
o 140 0.300000
o 139 0.300000
o 137 0.300000
o 135 0.320000
o 134 0.340000
o 133 0.350000
o 132 0.350000
o 131 0.350000
o 130 0.350000
o 129 0.350000
o 128 0.380000
o 127 0.380000
o 126 0.380000
o 125 0.380000
o 124 0.410000
o 123 0.420000
o 122 0.420000
o 121 0.460000
o 120 0.470000
o 119 0.490000
o 118 0.630000
o 117 89.100000
117	89.100000
optic-gen_mult_4_5_991
o 319 0.030000
o 150 0.030000
o 148 0.270000
o 146 0.270000
o 145 0.270000
o 142 0.270000
o 141 0.300000
o 140 0.300000
o 139 0.300000
o 138 0.320000
o 137 0.320000
o 136 0.320000
o 135 0.320000
o 133 0.350000
o 132 0.350000
o 131 0.350000
o 130 0.360000
o 128 0.360000
o 127 0.430000
o 126 0.480000
o 125 0.480000
o 124 0.490000
o 123 0.500000
o 122 0.540000
o 121 0.550000
o 120 0.870000
o 119 0.910000
o 118 27.220000
o 117 86.830000
117	86.830000
optic-gen_mult_4_5_991
o 319 0.040000
o 153 0.040000
o 148 0.040000
o 146 0.300000
o 144 0.330000
o 142 0.340000
o 141 0.350000
o 140 0.350000
o 139 0.350000
o 138 0.350000
o 137 0.360000
o 136 0.360000
o 135 0.360000
o 134 0.360000
o 133 0.360000
o 132 0.430000
o 131 0.440000
o 130 0.450000
o 129 0.450000
o 128 0.480000
o 127 0.490000
o 126 0.510000
o 125 0.510000
o 124 0.520000
o 123 0.520000
o 122 0.540000
o 121 0.550000
o 120 0.560000
o 119 0.570000
o 118 7.610000
o 117 128.850000
117	128.850000
optic-gen_mult_4_5_991
o 319 0.030000
o 159 0.250000
o 154 0.260000
o 149 0.270000
o 147 0.280000
o 146 0.280000
o 145 0.290000
o 143 0.290000
o 142 0.290000
o 141 0.310000
o 140 0.330000
o 139 0.340000
o 138 0.340000
o 137 0.340000
o 136 0.340000
o 135 0.350000
o 134 0.350000
o 133 0.350000
o 132 0.370000
o 131 0.370000
o 130 0.370000
o 129 0.370000
o 128 0.380000
o 127 0.410000
o 126 0.450000
o 125 0.470000
o 124 0.480000
o 123 0.480000
o 122 0.520000
o 121 0.520000
o 120 0.530000
o 119 0.540000
o 118 0.610000
o 117 34.440000
117	34.440000
