optimizing-BDDs-anneal-un-wcnf_incomplete_improved_1_2019_5
o 575 0.260000
o 266 0.270000
o 140 4.400000
o 127 108.200000
127	108.200000
optimizing-BDDs-anneal-un-wcnf_incomplete_improved_1_2019_5
o 232 0.310000
o 175 0.310000
o 172 0.310000
o 147 17.420000
147	17.420000
optimizing-BDDs-anneal-un-wcnf_incomplete_improved_1_2019_5
o 234 0.330000
o 155 21.790000
o 148 171.840000
o 142 217.890000
142	217.890000
optimizing-BDDs-anneal-un-wcnf_incomplete_improved_1_2019_5
o 586 0.310000
o 164 35.060000
o 138 134.160000
o 137 134.160000
137	134.160000
optimizing-BDDs-anneal-un-wcnf_incomplete_improved_1_2019_5
o 284 0.310000
o 151 11.760000
o 140 142.070000
140	142.070000
optimizing-BDDs-anneal-un-wcnf_incomplete_improved_1_2019_5
o 188 0.290000
o 140 13.830000
140	13.840000
optimizing-BDDs-anneal-un-wcnf_incomplete_improved_1_2019_5
o 513 0.300000
o 153 0.310000
o 143 0.310000
143	0.310000
optimizing-BDDs-anneal-un-wcnf_incomplete_improved_1_2019_5
o 336 0.280000
o 146 15.510000
o 140 133.870000
o 139 133.880000
139	133.880000
optimizing-BDDs-anneal-un-wcnf_incomplete_improved_1_2019_5
o 459 0.300000
o 190 91.590000
o 139 151.310000
139	151.310000
optimizing-BDDs-anneal-un-wcnf_incomplete_improved_1_2019_5
o 354 0.360000
o 140 31.960000
o 138 114.310000
138	114.310000
