gen-hyper-tw-GenHyperTW_dubois28
o 11 1.24
o 10 1.24
gen-hyper-tw-GenHyperTW_dubois28
o 19 1.73
o 18 24.58
o 17 24.58
o 14 40.84
o 13 40.84
o 12 40.85
o 11 40.91
gen-hyper-tw-GenHyperTW_dubois28
o 29 2.19
o 28 2.2
o 27 2.2
o 21 18.57
o 20 18.57
o 19 18.57
o 18 18.57
o 17 18.57
o 15 81.48
o 14 81.48
o 13 81.49
o 12 216.48
gen-hyper-tw-GenHyperTW_dubois28
o 13 1.49
o 12 1.49
o 11 1.49
o 10 1.79
gen-hyper-tw-GenHyperTW_dubois28
o 20 1.6
o 19 1.6
o 18 1.6
o 17 16.72
o 16 61.38
o 15 61.39
o 14 99.29
o 13 99.29
gen-hyper-tw-GenHyperTW_dubois28
o 17 1.57
o 16 1.57
o 15 96.69
o 14 126.83
o 13 165.51
o 12 165.85
gen-hyper-tw-GenHyperTW_dubois28
o 20 1.47
o 19 16.71
o 18 16.71
o 17 16.71
o 16 31.96
o 15 31.97
o 14 31.97
o 13 31.97
o 12 243.99
gen-hyper-tw-GenHyperTW_dubois28
o 19 2.32
o 18 2.32
o 17 2.32
o 14 34.61
o 13 34.69
o 12 50.1
gen-hyper-tw-GenHyperTW_dubois28
o 13 1.57
gen-hyper-tw-GenHyperTW_dubois28
o 20 1.62
o 19 1.62
o 18 1.62
o 17 2.08
o 14 16.37
o 13 16.38
o 12 16.63
