inconsistency-measurement-im-forgetting-C-1-grd_5178_1_1.tgf.pl
o 2061 0.84
o 1638 1.57
o 1613 1.58
o 1612 1.58
o 1611 1.58
o 1610 1.58
o 1609 1.59
o 1608 1.59
o 1606 1.59
o 1605 1.59
o 1604 1.59
o 1603 1.59
o 1601 1.59
o 1352 1.81
o 1351 1.81
o 1350 1.81
o 1349 1.81
o 1347 1.81
o 1346 1.81
o 1345 1.81
o 1344 1.82
o 1343 1.82
o 1342 1.82
o 1340 1.82
o 1339 1.82
o 1338 1.82
o 1337 1.82
o 1336 1.82
o 1335 1.82
o 1334 1.82
o 1319 1.85
o 1318 1.85
o 1317 1.86
o 1315 1.86
o 1314 1.86
o 1313 1.86
o 1312 1.86
o 1311 1.86
o 1310 1.86
o 1309 1.87
o 1308 1.87
o 1239 3.39
o 1238 3.39
o 1237 3.39
o 1233 3.4
o 1231 3.4
o 1201 3.43
o 1200 3.43
o 1199 3.44
o 1197 3.44
o 1196 3.44
o 1195 3.44
o 1164 9.07
o 1163 9.07
o 1162 9.07
o 1151 9.08
o 1149 9.08
o 1148 9.08
o 1147 9.08
o 1146 9.08
o 1132 15.98
o 1131 15.99
o 1130 15.99
o 1129 45.33
o 1124 45.33
o 1123 45.33
o 1122 45.33
o 1121 45.33
o 1120 45.33
o 1119 45.33
o 1108 70.35
o 1107 70.35
o 1106 70.35
o 1105 70.35
o 1104 70.36
o 1103 70.36
inconsistency-measurement-im-forgetting-C-1-grd_5178_1_1.tgf.pl
o 2061 0.42
o 1616 0.96
o 1615 0.96
o 1614 0.97
o 1613 0.97
o 1611 0.97
o 1610 0.97
o 1609 0.97
o 1607 0.97
o 1605 0.97
o 1604 0.98
o 1603 0.98
o 1353 1.13
o 1352 1.13
o 1351 1.13
o 1350 1.13
o 1349 1.13
o 1348 1.14
o 1347 1.14
o 1346 1.14
o 1345 1.14
o 1344 1.14
o 1343 1.14
o 1342 1.14
o 1341 1.14
o 1340 1.14
o 1333 1.16
o 1332 1.16
o 1331 1.16
o 1330 1.16
o 1329 1.16
o 1328 1.16
o 1327 1.16
o 1326 1.16
o 1325 1.16
o 1324 1.16
o 1323 1.16
o 1322 1.17
o 1306 2.01
o 1305 2.01
o 1254 2.24
o 1253 2.25
o 1171 2.27
o 1170 2.27
o 1168 2.31
o 1160 2.31
o 1159 2.31
o 1155 2.31
o 1154 2.31
o 1150 2.31
o 1149 2.31
o 1147 2.31
o 1146 2.31
o 1145 2.31
o 1144 2.31
o 1142 2.31
o 1141 2.31
o 1140 2.32
o 1139 2.32
o 1138 2.32
o 1137 8.69
o 1136 8.69
o 1135 12.07
o 1134 12.07
o 1133 34.13
o 1131 34.32
o 1130 34.32
o 1128 34.32
o 1123 51.8
o 1121 51.8
o 1120 51.8
o 1119 51.8
o 1118 51.81
o 1116 51.81
o 1115 68.44
o 1114 68.44
o 1113 68.44
o 1112 68.44
o 1111 68.44
o 1109 98.05
o 1108 98.05
o 1106 98.05
o 1105 98.05
inconsistency-measurement-im-forgetting-C-1-grd_5178_1_1.tgf.pl
o 2061 0.57
o 1568 1.15
o 1567 1.15
o 1565 1.15
o 1564 1.16
o 1563 1.16
o 1562 1.16
o 1561 1.16
o 1560 1.16
o 1559 1.16
o 1558 1.16
o 1557 1.16
o 1556 1.17
o 1554 1.17
o 1553 1.17
o 1333 1.36
o 1332 1.36
o 1331 1.36
o 1330 1.36
o 1329 1.37
o 1328 1.37
o 1326 1.37
o 1224 1.9
o 1223 1.93
o 1222 1.93
o 1221 1.93
o 1203 1.98
o 1201 1.99
o 1190 2.03
o 1184 3.59
o 1181 3.59
o 1180 3.59
o 1179 3.59
o 1167 3.6
o 1166 3.6
o 1165 3.6
o 1164 3.6
o 1163 3.6
o 1162 3.6
o 1161 3.6
o 1160 8.47
o 1159 12.03
o 1158 12.03
o 1157 12.03
o 1155 19.94
o 1154 19.95
o 1153 22.03
o 1149 25.28
o 1148 25.28
o 1147 25.28
o 1137 28.95
o 1136 28.96
o 1135 28.96
o 1134 28.96
o 1127 48.76
o 1126 48.77
o 1123 48.77
o 1122 64.6
o 1121 64.6
o 1120 64.6
o 1119 64.6
o 1118 89.77
o 1117 89.77
o 1116 89.77
o 1115 89.77
o 1113 89.77
o 1111 255.76
o 1109 255.76
inconsistency-measurement-im-forgetting-C-1-grd_5178_1_1.tgf.pl
o 2061 0.53
o 1590 1.1
o 1584 1.11
o 1583 1.11
o 1582 1.11
o 1581 1.11
o 1578 1.11
o 1577 1.11
o 1576 1.11
o 1575 1.11
o 1574 1.11
o 1573 1.12
o 1572 1.12
o 1349 1.27
o 1347 1.27
o 1346 1.27
o 1345 1.27
o 1344 1.28
o 1343 1.28
o 1342 1.28
o 1341 1.28
o 1340 1.28
o 1339 1.28
o 1335 1.3
o 1334 1.3
o 1333 1.3
o 1332 1.31
o 1331 1.31
o 1310 1.71
o 1178 1.94
o 1177 1.94
o 1176 1.94
o 1175 1.94
o 1167 1.97
o 1165 3.1
o 1164 3.1
o 1162 5.6
o 1161 5.6
o 1160 5.6
o 1159 5.6
o 1158 20.38
o 1157 20.38
o 1156 20.39
o 1155 20.39
o 1154 20.39
o 1153 20.39
o 1152 20.39
o 1151 20.39
o 1150 20.39
o 1149 20.39
o 1148 20.39
o 1147 20.39
o 1145 30.5
o 1143 30.5
o 1142 30.5
o 1141 30.5
o 1140 31.57
o 1139 31.58
o 1138 33.24
o 1137 33.24
o 1136 33.24
o 1134 33.24
o 1132 43.24
o 1131 46.99
o 1130 51.31
o 1125 51.58
o 1122 51.58
o 1120 51.58
o 1119 51.58
o 1115 51.58
o 1114 51.58
o 1112 182.93
o 1111 182.93
o 1110 182.93
o 1109 182.93
o 1108 182.93
o 1104 210.23
o 1103 210.23
o 1102 210.23
inconsistency-measurement-im-forgetting-C-1-grd_5178_1_1.tgf.pl
o 2061 0.58
o 1594 1.16
o 1593 1.16
o 1592 1.16
o 1591 1.16
o 1588 1.16
o 1587 1.16
o 1251 1.7
o 1250 1.7
o 1194 2.02
o 1193 2.02
o 1182 2.07
o 1180 2.08
o 1179 2.71
o 1178 2.72
o 1177 2.72
o 1176 2.72
o 1175 2.72
o 1174 2.72
o 1173 2.72
o 1172 2.72
o 1171 2.72
o 1170 2.72
o 1169 2.72
o 1168 2.72
o 1166 2.73
o 1164 5.34
o 1163 5.37
o 1162 5.37
o 1161 13.99
o 1160 13.99
o 1157 18.25
o 1156 18.25
o 1151 18.5
o 1150 18.5
o 1149 18.5
o 1148 18.5
o 1147 18.51
o 1141 19.73
o 1140 19.73
o 1137 19.73
o 1136 19.73
o 1130 27.12
o 1129 30.15
o 1128 30.15
o 1127 30.15
o 1126 30.15
o 1125 30.15
o 1124 30.15
o 1123 30.16
o 1122 30.16
o 1121 30.16
o 1120 30.16
o 1119 30.16
o 1118 47.79
o 1117 47.8
o 1116 61.11
o 1105 161.22
o 1104 161.22
o 1103 161.23
o 1102 161.23
inconsistency-measurement-im-forgetting-C-1-grd_5178_1_1.tgf.pl
o 2061 0.51
o 1580 1.05
o 1579 1.05
o 1578 1.05
o 1577 1.05
o 1576 1.05
o 1575 1.05
o 1574 1.05
o 1573 1.05
o 1572 1.05
o 1571 1.05
o 1570 1.05
o 1569 1.06
o 1568 1.06
o 1567 1.06
o 1564 1.06
o 1562 1.06
o 1561 1.06
o 1232 1.42
o 1229 1.42
o 1228 1.42
o 1227 1.42
o 1226 1.42
o 1225 1.42
o 1224 1.42
o 1223 1.42
o 1222 1.43
o 1221 1.43
o 1204 1.54
o 1203 1.54
o 1202 1.54
o 1180 1.91
o 1179 6.29
o 1178 6.29
o 1177 6.29
o 1176 6.29
o 1175 6.29
o 1172 7.38
o 1171 7.38
o 1170 7.38
o 1169 7.38
o 1168 7.38
o 1167 7.87
o 1166 7.87
o 1165 7.87
o 1164 7.87
o 1163 7.88
o 1162 7.88
o 1161 17.03
o 1160 17.03
o 1159 17.03
o 1158 17.03
o 1156 17.03
o 1155 17.04
o 1154 17.04
o 1153 17.04
o 1148 17.04
o 1147 17.04
o 1144 17.04
o 1143 17.04
o 1142 17.04
o 1141 17.04
o 1140 17.04
o 1139 29.25
o 1138 29.25
o 1137 29.26
o 1136 29.26
o 1135 29.26
o 1134 49.81
o 1132 55.4
o 1130 55.4
o 1128 55.4
o 1127 55.41
o 1126 56.6
o 1125 77.57
o 1124 77.57
o 1123 77.57
o 1122 77.57
o 1120 79.1
o 1119 79.1
o 1118 79.11
o 1117 79.11
o 1116 79.11
o 1115 247.8
o 1113 247.8
o 1112 247.8
o 1109 247.8
inconsistency-measurement-im-forgetting-C-1-grd_5178_1_1.tgf.pl
o 2061 0.46
o 1627 1.01
o 1626 1.01
o 1621 1.01
o 1620 1.01
o 1619 1.01
o 1616 1.01
o 1614 1.01
o 1613 1.01
o 1612 1.01
o 1611 1.01
o 1610 1.01
o 1609 1.01
o 1608 1.02
o 1607 1.02
o 1606 1.02
o 1605 1.02
o 1604 1.02
o 1603 1.02
o 1602 1.02
o 1378 1.18
o 1377 1.19
o 1375 1.19
o 1374 1.19
o 1373 1.19
o 1372 1.19
o 1371 1.19
o 1370 1.19
o 1369 1.19
o 1368 1.19
o 1316 1.21
o 1315 1.21
o 1314 1.21
o 1313 1.21
o 1219 2.13
o 1218 2.13
o 1186 2.2
o 1185 2.2
o 1184 2.2
o 1183 2.2
o 1182 2.47
o 1181 2.47
o 1180 2.47
o 1179 2.48
o 1178 2.48
o 1177 2.48
o 1176 2.48
o 1175 2.48
o 1174 2.48
o 1173 2.48
o 1172 2.48
o 1171 2.48
o 1166 2.48
o 1149 2.49
o 1146 2.49
o 1144 21.14
o 1143 21.14
o 1142 21.14
o 1140 21.14
o 1139 21.14
o 1138 21.14
o 1137 21.14
o 1136 21.14
o 1135 21.14
o 1128 21.14
o 1126 31.76
o 1125 31.76
o 1121 31.76
o 1120 31.76
o 1116 31.76
o 1115 31.76
o 1114 31.76
o 1110 39.56
o 1109 39.56
o 1108 39.56
o 1107 39.56
o 1104 39.56
o 1103 39.56
o 1102 39.56
o 1101 39.56
o 1100 196.58
o 1099 196.58
o 1098 196.58
o 1097 196.59
inconsistency-measurement-im-forgetting-C-1-grd_5178_1_1.tgf.pl
o 2061 0.58
o 1574 1.11
o 1573 1.11
o 1569 1.11
o 1567 1.12
o 1566 1.12
o 1564 1.12
o 1326 1.32
o 1325 1.32
o 1324 1.32
o 1323 1.32
o 1322 1.32
o 1321 1.32
o 1320 1.32
o 1319 1.32
o 1318 1.32
o 1254 1.81
o 1253 1.81
o 1252 1.81
o 1251 1.81
o 1250 1.81
o 1249 1.81
o 1248 1.81
o 1247 1.81
o 1246 1.82
o 1245 1.82
o 1244 1.82
o 1243 1.82
o 1242 1.82
o 1241 1.82
o 1240 1.82
o 1239 1.82
o 1238 1.82
o 1237 1.82
o 1236 1.82
o 1235 1.82
o 1234 1.82
o 1233 1.82
o 1232 1.82
o 1231 1.82
o 1230 1.82
o 1229 1.82
o 1181 2.12
o 1158 2.12
o 1157 2.86
o 1155 2.86
o 1154 11.4
o 1153 11.4
o 1147 12.84
o 1143 14.24
o 1139 14.24
o 1138 14.24
o 1137 14.24
o 1136 25.27
o 1134 40.88
o 1133 46.94
o 1132 46.94
o 1131 46.94
o 1127 53.23
o 1126 53.23
o 1125 57.96
o 1124 57.96
o 1123 57.96
o 1122 72.02
o 1121 72.02
o 1118 75.93
o 1114 88.24
o 1108 88.24
o 1106 88.24
o 1103 88.24
o 1101 88.24
inconsistency-measurement-im-forgetting-C-1-grd_5178_1_1.tgf.pl
o 2061 0.48
o 1573 0.95
o 1572 0.95
o 1571 0.95
o 1569 0.95
o 1568 0.95
o 1567 0.95
o 1566 0.96
o 1565 0.96
o 1563 0.96
o 1562 0.96
o 1561 0.96
o 1558 0.96
o 1557 0.96
o 1556 0.96
o 1342 1.12
o 1341 1.12
o 1340 1.12
o 1339 1.13
o 1338 1.13
o 1337 1.13
o 1336 1.13
o 1335 1.13
o 1334 1.13
o 1333 1.13
o 1332 1.13
o 1331 1.13
o 1330 1.13
o 1329 1.13
o 1328 1.13
o 1327 1.13
o 1326 1.13
o 1325 1.13
o 1324 1.13
o 1307 1.15
o 1305 1.15
o 1304 1.16
o 1303 1.16
o 1302 1.16
o 1301 1.16
o 1300 1.16
o 1299 1.16
o 1297 1.17
o 1296 1.17
o 1257 1.71
o 1256 1.71
o 1255 1.71
o 1253 1.71
o 1252 1.71
o 1231 1.76
o 1193 1.76
o 1192 1.76
o 1191 1.76
o 1182 1.77
o 1181 1.77
o 1180 4.74
o 1179 4.74
o 1170 9.16
o 1168 9.17
o 1158 9.18
o 1157 9.18
o 1156 9.18
o 1155 17.78
o 1153 17.79
o 1152 17.79
o 1151 17.79
o 1149 17.79
o 1148 17.79
o 1147 17.79
o 1146 17.79
o 1145 17.79
o 1144 17.79
o 1143 17.79
o 1142 17.79
o 1141 17.79
o 1140 17.79
o 1138 17.79
o 1137 31.35
o 1133 31.35
o 1132 31.35
o 1131 31.35
o 1130 31.35
o 1129 31.36
o 1128 31.36
o 1127 31.36
o 1126 38.9
o 1125 38.9
o 1124 38.9
o 1123 42.21
o 1122 42.21
o 1121 42.21
o 1117 42.21
o 1115 42.21
o 1114 74.27
o 1113 74.27
o 1112 74.27
o 1111 74.27
o 1110 74.27
o 1109 74.27
o 1108 74.27
o 1107 74.27
o 1104 74.27
o 1103 74.27
inconsistency-measurement-im-forgetting-C-1-grd_5178_1_1.tgf.pl
o 2061 0.45
o 1595 1
o 1586 1
o 1585 1
o 1584 1
o 1583 1
o 1582 1
o 1581 1
o 1579 1
o 1578 1.01
o 1577 1.01
o 1576 1.01
o 1573 1.01
o 1571 1.01
o 1570 1.01
o 1569 1.01
o 1568 1.01
o 1567 1.01
o 1566 1.01
o 1564 1.01
o 1563 1.01
o 1562 1.01
o 1561 1.01
o 1560 1.01
o 1558 1.01
o 1557 1.01
o 1348 1.2
o 1347 1.2
o 1346 1.2
o 1345 1.2
o 1344 1.2
o 1343 1.21
o 1342 1.21
o 1169 1.91
o 1168 1.91
o 1167 1.92
o 1166 1.92
o 1165 2.18
o 1164 2.19
o 1163 2.19
o 1162 2.19
o 1161 2.19
o 1160 2.19
o 1159 3.62
o 1158 17.28
o 1157 17.28
o 1155 17.28
o 1154 17.28
o 1153 20.11
o 1152 20.11
o 1151 20.12
o 1150 20.12
o 1149 20.12
o 1148 20.12
o 1147 29.01
o 1142 29.01
o 1141 29.01
o 1138 29.01
o 1137 29.01
o 1136 29.01
o 1134 32.79
o 1132 46.87
o 1131 46.87
o 1128 55.02
o 1127 55.02
o 1126 55.02
o 1125 57.66
o 1124 57.66
o 1121 57.66
o 1120 57.66
o 1119 126.67
o 1116 126.67
o 1115 126.67
o 1113 126.67
o 1112 126.67
o 1111 213.23
o 1110 213.23
o 1104 232
o 1102 232.01
o 1101 232.01
o 1100 232.01
o 1099 232.01
