inconsistency-measurement-im-forgetting-B-2-stb_625_161.tgf.pl
o 145 0
o 134 0
o 133 0
o 132 0
o 131 0
o 130 0.23
o 128 0.23
o 127 0.23
o 126 0.23
o 125 0.24
o 124 0.24
o 123 111.55
o 118 120.37
o 116 198.4
o 115 206.49
inconsistency-measurement-im-forgetting-B-2-stb_625_161.tgf.pl
o 145 0
o 143 0
o 142 0
o 134 0
o 132 0
o 131 0
o 130 0
o 129 2.43
o 128 8.82
o 127 8.82
o 126 8.82
o 125 18.28
o 124 37.91
o 115 71.9
o 114 71.9
inconsistency-measurement-im-forgetting-B-2-stb_625_161.tgf.pl
o 145 0.01
o 132 0.01
o 130 0.01
o 129 0.01
o 128 5.77
o 127 5.77
o 126 5.77
o 124 5.77
o 121 9.97
o 117 68.75
o 116 68.75
o 115 68.75
inconsistency-measurement-im-forgetting-B-2-stb_625_161.tgf.pl
o 145 0
o 134 0
o 133 0
o 132 2.93
o 131 2.93
o 130 3.43
o 129 6.41
o 128 10.12
o 127 11.79
o 126 11.79
o 124 11.79
o 123 11.79
o 122 45.61
o 121 45.61
o 119 100.14
o 118 100.14
inconsistency-measurement-im-forgetting-B-2-stb_625_161.tgf.pl
o 145 0
o 134 0
o 131 1.27
o 130 1.27
o 129 1.27
o 128 1.27
o 127 1.27
o 126 19.01
o 123 20.58
o 122 30.64
o 119 102.96
o 118 102.96
o 117 258.51
inconsistency-measurement-im-forgetting-B-2-stb_625_161.tgf.pl
o 145 0
o 126 0
o 125 9.32
o 123 13.98
o 122 35.45
o 121 139.83
o 120 184.15
inconsistency-measurement-im-forgetting-B-2-stb_625_161.tgf.pl
o 145 0
o 131 0.01
o 130 0.77
o 129 1.27
o 123 1.42
o 122 1.42
o 121 1.42
inconsistency-measurement-im-forgetting-B-2-stb_625_161.tgf.pl
o 145 0
o 131 0
o 130 0
o 129 1.12
o 128 2.19
o 127 2.19
o 126 11.87
o 125 32.53
o 124 48.97
o 123 74.91
o 122 101.1
o 121 101.1
o 120 239.93
inconsistency-measurement-im-forgetting-B-2-stb_625_161.tgf.pl
o 145 0
o 129 0
o 128 0
o 127 8.68
o 126 12.48
o 125 20.59
o 124 25.03
o 123 28.31
o 117 83.04
inconsistency-measurement-im-forgetting-B-2-stb_625_161.tgf.pl
o 145 0
o 136 0
o 135 0
o 134 0.59
o 133 0.59
o 126 0.74
o 125 0.74
o 118 9.72
