judgment-aggregation-ja-maxham-preflib-00049-00000071
o 67 0.1
o 66 0.1
o 65 0.11
o 64 0.12
o 63 0.14
o 62 0.22
o 61 0.22
o 60 0.27
o 59 6.8
o 58 18.15
o 57 88.93
judgment-aggregation-ja-maxham-preflib-00049-00000071
o 66 0.1
o 65 0.1
o 64 1.31
o 63 1.34
o 62 1.81
o 61 1.93
o 60 2.58
o 59 5.45
o 58 47.35
o 57 124.15
judgment-aggregation-ja-maxham-preflib-00049-00000071
o 72 0.1
o 71 0.11
o 70 0.11
o 69 0.12
o 68 0.12
o 67 0.13
o 66 0.13
o 65 0.14
o 64 0.25
o 63 0.38
o 62 1.24
o 61 5.53
o 60 14.54
o 59 20.33
o 58 30.9
o 57 35.44
o 56 39.21
judgment-aggregation-ja-maxham-preflib-00049-00000071
o 71 0.11
o 69 0.11
o 68 0.11
o 67 0.12
o 66 0.12
o 64 0.12
o 63 0.13
o 62 0.13
o 61 0.14
o 60 28.08
o 59 28.56
o 58 30.03
o 57 96.13
o 56 230.79
o 55 234.19
judgment-aggregation-ja-maxham-preflib-00049-00000071
o 65 0.1
o 64 0.1
o 63 0.11
o 62 0.11
o 61 0.12
o 60 0.31
o 59 0.7
o 58 5.18
o 57 87.01
o 56 116.99
judgment-aggregation-ja-maxham-preflib-00049-00000071
o 67 0.1
o 66 0.1
o 65 0.1
o 64 0.1
o 63 0.1
o 62 0.11
o 61 0.11
o 60 0.11
o 59 0.12
o 58 0.15
o 57 0.39
o 56 222.62
judgment-aggregation-ja-maxham-preflib-00049-00000071
o 67 0.1
o 66 0.1
o 65 0.11
o 64 0.12
o 63 0.13
o 62 0.26
o 61 0.83
o 60 16
o 59 38.82
o 58 140.44
o 57 161.67
judgment-aggregation-ja-maxham-preflib-00049-00000071
o 69 0.1
o 68 0.1
o 67 0.1
o 66 0.17
o 65 0.17
o 64 0.17
o 63 0.19
o 62 0.24
o 61 0.57
o 60 1.11
o 59 19.38
o 58 104.67
o 57 107.05
o 56 115.99
judgment-aggregation-ja-maxham-preflib-00049-00000071
o 70 0.1
o 69 0.1
o 67 0.1
o 66 0.15
o 65 0.36
o 64 0.68
o 63 0.82
o 62 1.16
o 61 10.7
o 60 16.21
o 59 17.65
o 58 19.03
o 57 154.34
o 56 186.77
judgment-aggregation-ja-maxham-preflib-00049-00000071
o 68 0.11
o 67 0.11
o 66 0.12
o 65 0.14
o 64 0.2
o 63 0.56
o 62 1.4
o 61 1.74
o 60 3.2
o 59 29.45
o 58 60.11
o 57 103.84
o 56 288.61
