MaxSATQueriesinInterpretableClassifiers-twitter_train_2_CNF_4_1
o 2292 10.85
o 2291 10.85
o 2290 10.85
o 2289 10.85
o 2288 10.86
o 2287 10.86
o 2286 10.86
o 2285 10.86
o 2284 10.86
o 2283 10.86
o 2282 10.86
o 2281 10.86
o 2280 10.86
o 2279 10.86
o 2278 10.86
o 2277 10.86
o 2276 10.86
o 2275 10.86
o 2274 10.86
o 2273 10.86
o 2272 10.86
o 2271 10.86
o 2270 10.86
o 2269 10.86
o 2268 10.86
o 2267 10.86
o 2266 10.86
o 2265 10.87
o 2264 10.87
o 2263 10.87
o 2262 10.87
o 2260 10.87
o 2259 10.87
o 2258 10.87
o 2257 10.87
o 2256 10.87
o 2255 10.87
o 1759 18.58
o 1756 81.05
o 1755 81.05
o 1754 81.05
o 1753 81.05
o 1752 81.05
o 1751 81.05
o 1750 81.05
o 1749 81.05
o 1748 81.05
o 1746 81.05
o 1745 81.05
o 1744 81.05
o 1743 81.05
o 1742 81.05
o 1741 81.05
o 1740 81.05
o 1739 81.05
o 1738 81.05
o 1737 81.06
o 1736 81.06
o 1734 81.06
o 1732 81.06
o 1731 81.06
MaxSATQueriesinInterpretableClassifiers-twitter_train_2_CNF_4_1
o 2335 11.47
o 2334 11.47
o 2333 11.47
o 2332 11.47
o 2331 11.47
o 2330 11.47
o 2329 11.47
o 2328 11.47
o 2327 11.47
o 2326 11.47
o 2325 11.47
o 2324 11.47
o 2323 11.47
o 2322 11.47
o 2321 11.48
o 2320 11.48
o 2319 11.48
o 2318 11.48
o 2317 11.48
o 2316 11.48
o 2315 11.48
o 2314 11.48
o 2313 11.48
o 2312 11.48
o 2311 11.48
o 2310 11.48
o 2309 11.48
o 2308 11.48
o 1791 11.52
o 1790 61.05
o 1789 61.05
o 1788 61.05
o 1787 61.05
o 1786 61.05
o 1785 61.05
o 1784 61.05
o 1783 61.05
o 1782 61.05
o 1742 61.05
o 1738 61.06
o 1737 61.07
o 1736 61.07
o 1734 61.07
o 1733 61.07
o 1732 61.07
o 1731 61.07
o 1730 61.08
o 1729 61.08
o 1728 61.08
MaxSATQueriesinInterpretableClassifiers-twitter_train_2_CNF_4_1
o 2426 11
o 2425 11
o 2424 11
o 2423 11
o 2422 11
o 2421 11
o 2420 11
o 2419 11
o 2418 11
o 2417 11
o 2416 11
o 2415 11
o 2414 11
o 2413 11
o 2412 11
o 2411 11
o 2410 11
o 2409 11
o 2408 11
o 2407 11
o 2406 11
o 2405 11
o 2404 11.01
o 2403 11.01
o 2402 11.01
o 1833 11.04
o 1831 11.05
o 1818 11.12
o 1785 26.33
o 1784 26.33
o 1783 26.35
o 1782 26.35
o 1781 26.35
o 1780 26.35
o 1779 26.35
o 1778 26.36
o 1777 26.36
o 1776 26.36
o 1775 26.36
o 1774 26.37
o 1772 26.37
o 1771 26.37
o 1770 26.37
o 1769 26.37
o 1763 113.28
o 1762 113.28
o 1761 113.28
o 1760 113.28
o 1759 113.29
o 1758 113.29
o 1757 113.29
o 1756 113.29
o 1755 113.29
o 1754 113.29
o 1753 113.29
o 1752 113.29
o 1751 113.29
o 1750 113.29
o 1746 210.32
o 1745 210.32
o 1744 210.32
o 1743 210.32
o 1742 210.32
o 1741 210.32
o 1740 210.32
o 1739 210.32
o 1738 210.32
o 1737 210.32
o 1736 210.33
o 1735 210.33
o 1734 210.33
o 1733 210.33
o 1732 210.33
o 1731 210.33
o 1730 210.33
MaxSATQueriesinInterpretableClassifiers-twitter_train_2_CNF_4_1
o 2353 10.62
o 2352 10.62
o 2351 10.62
o 2350 10.62
o 2349 10.62
o 2348 10.62
o 2347 10.62
o 2346 10.62
o 2345 10.62
o 2344 10.62
o 2343 10.62
o 2342 10.62
o 2341 10.62
o 2340 10.62
o 2339 10.62
o 2338 10.62
o 2337 10.62
o 2336 10.62
o 2335 10.62
o 2334 10.62
o 2333 10.63
o 2332 10.63
o 2331 10.63
o 2330 10.63
o 2329 10.63
o 2328 10.63
o 1896 13.61
o 1895 13.61
o 1894 13.61
o 1893 13.61
o 1825 21.19
o 1824 21.19
o 1823 21.19
o 1822 21.19
o 1821 21.19
o 1820 21.19
o 1819 21.19
o 1818 21.19
o 1817 21.19
o 1814 21.2
o 1793 21.2
o 1792 21.2
o 1791 83.24
o 1790 83.24
o 1780 83.24
o 1778 83.24
o 1777 83.24
o 1776 83.24
o 1775 83.24
o 1774 258.49
o 1772 258.49
o 1771 258.49
o 1770 258.49
o 1769 258.49
o 1768 258.49
o 1767 258.49
o 1766 258.49
o 1765 258.49
o 1764 258.49
o 1763 258.49
o 1762 258.49
o 1761 258.49
o 1760 258.5
o 1758 258.5
o 1757 258.5
o 1756 258.5
o 1755 258.5
o 1753 258.5
o 1752 258.5
o 1751 258.5
o 1750 258.5
o 1749 258.5
o 1744 258.5
o 1743 258.5
o 1742 258.5
o 1741 258.5
o 1740 258.5
o 1737 258.5
o 1736 258.5
o 1735 258.5
o 1733 258.5
o 1732 258.5
o 1731 258.5
o 1730 258.5
o 1729 258.5
o 1728 258.5
o 1727 258.5
o 1726 258.5
o 1725 258.5
o 1723 258.5
o 1722 258.5
o 1720 258.5
o 1719 258.5
o 1718 258.5
o 1717 258.5
o 1716 258.5
o 1715 258.5
o 1711 258.5
o 1710 258.51
o 1709 258.51
MaxSATQueriesinInterpretableClassifiers-twitter_train_2_CNF_4_1
o 2211 10.83
o 2210 10.83
o 2209 10.83
o 2208 10.83
o 2207 10.83
o 2205 10.83
o 2204 10.83
o 2203 10.83
o 2202 10.83
o 2201 10.83
o 2200 10.83
o 2199 10.84
o 2198 10.84
o 2197 10.84
o 2196 10.84
o 2195 10.84
o 2194 10.84
o 2193 10.84
o 2192 10.85
o 2191 10.85
o 2190 10.85
o 2189 10.85
o 1790 10.88
o 1789 10.88
o 1787 10.88
o 1786 10.89
o 1785 10.89
o 1784 10.89
o 1783 10.89
o 1772 28.4
o 1769 74.92
o 1768 74.92
MaxSATQueriesinInterpretableClassifiers-twitter_train_2_CNF_4_1
o 2346 10.58
o 2345 10.58
o 2344 10.59
o 2343 10.59
o 2342 10.59
o 2341 10.59
o 2340 10.59
o 2339 10.59
o 2338 10.59
o 2337 10.59
o 2336 10.59
o 2335 10.59
o 2334 10.59
o 2333 10.59
o 1771 16.24
MaxSATQueriesinInterpretableClassifiers-twitter_train_2_CNF_4_1
o 2234 12.26
o 2233 12.26
o 2231 12.27
o 2230 12.27
o 2229 12.27
o 2228 12.27
o 1817 31.12
o 1816 31.12
o 1815 31.12
o 1811 31.13
o 1810 31.13
o 1809 31.13
o 1802 73.52
o 1801 73.54
o 1799 229.61
o 1798 229.61
o 1797 229.61
o 1796 229.61
o 1793 229.61
o 1792 229.61
o 1791 229.61
o 1790 229.61
o 1789 229.61
o 1788 229.61
o 1784 229.61
o 1783 229.61
o 1782 229.61
o 1781 229.61
o 1780 229.62
o 1779 229.62
o 1778 229.62
o 1777 229.62
o 1776 295.41
o 1775 295.41
o 1774 295.42
o 1756 295.42
o 1754 295.42
MaxSATQueriesinInterpretableClassifiers-twitter_train_2_CNF_4_1
o 2253 11.33
o 2252 11.33
o 2251 11.33
o 2250 11.33
o 2249 11.34
o 2248 11.34
o 2247 11.34
o 2246 11.34
o 2245 11.34
o 2244 11.34
o 2243 11.34
o 2242 11.34
o 2241 11.34
o 2240 11.34
o 2239 11.34
o 2238 11.34
o 2237 11.34
o 2236 11.34
o 2235 11.34
o 2234 11.35
o 2233 11.35
o 2232 11.35
o 2231 11.35
o 2230 11.35
o 2229 11.35
o 2228 11.35
o 2227 11.35
o 1853 11.37
o 1852 11.37
o 1851 34.92
o 1850 34.92
o 1849 34.92
o 1848 34.92
o 1847 34.92
o 1846 34.92
o 1845 34.92
o 1844 34.92
o 1843 34.92
o 1842 34.92
o 1841 34.92
o 1840 34.92
o 1839 34.92
o 1838 34.92
o 1837 34.92
o 1836 34.92
o 1835 34.92
o 1834 34.92
o 1833 34.92
o 1832 34.92
o 1831 34.92
o 1830 34.92
o 1829 34.92
o 1828 34.92
o 1827 34.92
o 1826 34.92
o 1825 34.92
o 1815 34.92
o 1792 34.92
o 1775 34.93
MaxSATQueriesinInterpretableClassifiers-twitter_train_2_CNF_4_1
o 2292 11.32
o 2291 11.32
o 2290 11.33
o 2289 11.33
o 2288 11.33
o 2287 11.33
o 2286 11.33
o 2285 11.33
o 2284 11.33
o 2283 11.33
o 2282 11.33
o 2281 11.33
o 2280 11.33
o 2279 11.33
o 2278 11.33
o 2277 11.33
o 2276 11.33
o 2275 11.33
o 2274 11.33
o 2273 11.33
o 2272 11.34
o 2271 11.34
o 2270 11.34
o 2269 11.34
o 2268 11.34
o 2267 11.34
o 1843 11.4
o 1842 11.4
o 1841 11.4
o 1840 11.41
o 1837 11.41
o 1836 11.41
o 1835 11.41
o 1834 11.41
o 1833 11.41
o 1832 11.41
o 1831 11.41
o 1788 180.93
o 1787 180.93
o 1786 180.94
o 1785 180.94
o 1784 180.94
o 1783 180.94
o 1782 180.94
o 1781 180.94
o 1780 180.94
o 1779 180.94
o 1777 180.94
o 1776 180.94
o 1775 180.94
o 1774 180.94
o 1773 180.94
o 1764 180.94
o 1763 180.94
o 1762 180.94
o 1761 180.94
o 1760 180.94
o 1757 180.94
o 1756 180.94
o 1753 180.94
o 1749 180.94
o 1740 180.94
o 1739 180.94
o 1738 180.95
o 1737 180.95
o 1736 180.96
o 1735 180.96
o 1734 180.96
MaxSATQueriesinInterpretableClassifiers-twitter_train_2_CNF_4_1
o 2392 11.28
o 2391 11.28
o 2390 11.28
o 2389 11.28
o 2388 11.28
o 2387 11.28
o 2386 11.28
o 2385 11.28
o 2384 11.29
o 2383 11.29
o 2382 11.29
o 2381 11.29
o 2378 11.29
o 2377 11.29
o 2376 11.29
o 2375 11.29
o 2374 11.29
o 2373 11.29
o 2372 11.29
o 2371 11.29
o 2370 11.29
o 2369 11.29
o 2368 11.29
o 2367 11.29
o 2366 11.29
o 2365 11.29
o 2364 11.29
o 2363 11.29
o 2362 11.29
o 2361 11.29
o 2360 11.29
o 2359 11.29
o 1867 11.32
o 1866 11.32
o 1865 19.03
o 1864 19.04
o 1863 19.04
o 1862 19.04
o 1861 19.04
o 1818 19.05
o 1817 19.05
o 1816 19.05
o 1814 19.05
o 1811 23.75
