optimizing-BDDs-kr-vs-kp-un-wcnf_incomplete_improved_1_2019_4
o 1068 9.14
o 902 24.34
o 891 24.34
o 884 25.15
o 621 25.15
o 619 25.18
o 616 26.13
o 614 26.14
o 613 26.33
o 612 33.13
o 208 33.62
o 189 33.62
optimizing-BDDs-kr-vs-kp-un-wcnf_incomplete_improved_1_2019_4
o 1422 0.49
o 850 76.28
o 817 77.42
o 715 77.44
o 624 77.47
o 613 77.47
o 612 81.9
o 608 82.43
o 306 95.12
o 189 109.53
optimizing-BDDs-kr-vs-kp-un-wcnf_incomplete_improved_1_2019_4
o 621 25.89
o 620 25.89
o 592 27.51
o 585 27.67
o 205 27.74
o 189 27.74
optimizing-BDDs-kr-vs-kp-un-wcnf_incomplete_improved_1_2019_4
o 904 16.72
o 883 18.28
o 838 19.82
o 635 19.84
o 629 19.84
o 621 19.86
o 615 19.91
o 614 19.91
o 608 22.59
o 592 53.84
o 578 53.84
o 306 74.29
o 189 157.21
optimizing-BDDs-kr-vs-kp-un-wcnf_incomplete_improved_1_2019_4
o 784 14.01
o 711 30.32
o 686 30.32
o 682 30.33
o 654 30.83
o 614 33.84
o 306 40.75
o 301 48.02
o 263 53.69
o 189 73.93
optimizing-BDDs-kr-vs-kp-un-wcnf_incomplete_improved_1_2019_4
o 826 15.77
o 767 15.77
o 722 15.84
o 720 15.84
o 707 20.66
o 687 20.66
o 629 20.67
o 620 20.67
o 619 20.67
o 588 21.18
o 306 25.55
o 301 46.94
o 189 53.97
optimizing-BDDs-kr-vs-kp-un-wcnf_incomplete_improved_1_2019_4
o 1041 17.57
o 891 20.7
o 578 22.15
o 514 31.64
o 306 31.64
o 291 53.79
o 205 91.59
o 189 91.59
optimizing-BDDs-kr-vs-kp-un-wcnf_incomplete_improved_1_2019_4
o 578 23.52
o 364 36.6
o 346 36.6
o 319 36.6
o 306 36.61
o 189 63.96
optimizing-BDDs-kr-vs-kp-un-wcnf_incomplete_improved_1_2019_4
o 969 12.73
o 904 19.4
o 734 19.94
o 699 19.94
o 614 19.96
o 189 20.43
optimizing-BDDs-kr-vs-kp-un-wcnf_incomplete_improved_1_2019_4
o 677 17.08
o 310 29.46
o 306 29.46
o 189 48.31
