optimizing-BDDs-vote-un-wcnf_incomplete_improved_1_2019_7
o 65 0.11
o 19 0.48
o 18 0.58
o 17 0.7
o 16 0.77
o 15 0.78
o 14 1.02
o 13 1.23
o 11 1.31
o 10 1.31
o 9 1.31
o 8 1.42
o 6 9.4
optimizing-BDDs-vote-un-wcnf_incomplete_improved_1_2019_7
o 84 0.67
o 83 0.67
o 82 0.67
o 81 0.67
o 78 0.67
o 77 0.67
o 76 0.67
o 59 0.67
o 56 0.67
o 50 0.67
o 49 0.67
o 22 0.71
o 21 0.71
o 16 0.71
o 15 0.73
o 13 0.76
o 11 0.76
o 10 0.76
o 9 5.51
o 8 58.7
o 6 67.02
o 5 209.9
optimizing-BDDs-vote-un-wcnf_incomplete_improved_1_2019_7
o 27 0.74
o 20 0.74
o 17 0.76
o 16 0.8
o 15 1.83
o 14 2.56
o 11 3.08
o 10 3.08
o 9 3.08
o 8 7.29
o 7 32.55
o 6 194.74
optimizing-BDDs-vote-un-wcnf_incomplete_improved_1_2019_7
o 26 0.68
o 25 0.68
o 24 0.71
o 20 0.76
o 19 0.76
o 16 0.79
o 15 0.79
o 13 1.22
o 11 1.71
o 10 1.71
o 9 1.71
o 8 1.72
o 7 73.37
o 6 110.26
optimizing-BDDs-vote-un-wcnf_incomplete_improved_1_2019_7
o 20 0.58
o 19 0.6
o 18 0.6
o 17 0.87
o 16 1.28
o 15 1.33
o 14 1.43
o 13 1.67
o 12 3.32
o 11 3.32
o 10 3.33
o 8 7.76
o 7 52.97
o 6 88.49
optimizing-BDDs-vote-un-wcnf_incomplete_improved_1_2019_7
o 23 0.98
o 22 0.99
o 21 0.99
o 19 0.99
o 18 0.99
o 16 1.09
o 15 1.09
o 14 1.44
o 13 2.3
o 11 2.32
o 10 6.43
o 8 14.83
o 7 25.04
o 6 149.67
optimizing-BDDs-vote-un-wcnf_incomplete_improved_1_2019_7
o 22 1.51
o 18 1.51
o 16 1.6
o 15 1.69
o 14 1.73
o 13 1.73
o 12 3.92
o 11 4.14
o 10 5.56
o 8 13.96
o 7 66.81
o 4 234.07
optimizing-BDDs-vote-un-wcnf_incomplete_improved_1_2019_7
o 19 0.54
o 18 0.77
o 17 0.77
o 15 0.77
o 14 0.77
o 13 0.81
o 12 4.61
o 11 4.66
o 10 4.66
o 9 5.1
o 8 12.51
o 7 85.81
o 6 85.81
optimizing-BDDs-vote-un-wcnf_incomplete_improved_1_2019_7
o 22 0.39
o 21 0.39
o 20 0.58
o 19 0.6
o 17 1.7
o 16 1.83
o 15 1.89
o 14 1.94
o 13 1.94
o 12 2.44
o 11 5.38
o 10 5.75
o 9 9.05
o 8 13.37
o 7 107.17
optimizing-BDDs-vote-un-wcnf_incomplete_improved_1_2019_7
o 22 0.59
o 20 0.59
o 19 0.59
o 18 0.77
o 17 0.77
o 14 1.1
o 12 1.26
o 11 1.26
o 10 1.27
o 9 3.82
o 7 9.75
o 6 9.75
