optimizing-BDDs-australian-credit-un-wcnf_incomplete_improved_1_2019_5
o 100 3.69
o 87 3.69
o 82 13.21
o 81 258.16
optimizing-BDDs-australian-credit-un-wcnf_incomplete_improved_1_2019_5
o 89 3.51
o 86 4.02
o 85 39.63
o 84 51.58
o 83 156.77
optimizing-BDDs-australian-credit-un-wcnf_incomplete_improved_1_2019_5
o 230 0.22
o 89 6.32
o 87 8.27
o 86 24.15
o 85 42.18
optimizing-BDDs-australian-credit-un-wcnf_incomplete_improved_1_2019_5
o 108 6.49
o 102 6.49
o 88 6.85
o 87 9.27
o 86 55.59
o 84 90.07
optimizing-BDDs-australian-credit-un-wcnf_incomplete_improved_1_2019_5
o 197 3.99
o 106 5.5
o 87 6.13
o 84 29.1
o 79 105.58
optimizing-BDDs-australian-credit-un-wcnf_incomplete_improved_1_2019_5
o 89 6.85
o 88 12.82
o 87 14.76
o 84 15.34
o 83 235.84
o 82 281.32
optimizing-BDDs-australian-credit-un-wcnf_incomplete_improved_1_2019_5
o 353 0.19
o 89 5.31
o 87 6.29
o 84 25.71
o 82 37.19
o 80 37.19
optimizing-BDDs-australian-credit-un-wcnf_incomplete_improved_1_2019_5
o 91 2.47
o 89 2.92
o 88 3.61
o 87 9.75
o 86 15.63
o 85 80.38
o 83 81.76
o 82 82.69
optimizing-BDDs-australian-credit-un-wcnf_incomplete_improved_1_2019_5
o 328 0.19
o 88 3.82
o 87 4.05
o 86 24.04
o 85 50.8
o 84 80.88
o 83 129.35
optimizing-BDDs-australian-credit-un-wcnf_incomplete_improved_1_2019_5
o 105 6.36
o 88 6.37
o 87 6.37
o 82 6.77
