optic-gen_cvc-add7to3_9999
o 249 0.01
o 248 0.01
o 218 0.02
o 215 0.02
o 214 0.02
o 213 0.02
o 211 0.02
o 210 0.04
o 209 0.05
o 208 0.05
o 207 0.05
o 205 0.06
o 203 0.06
o 202 0.07
o 199 1.58
optic-gen_cvc-add7to3_9999
o 249 0.02
o 220 0.02
o 219 0.02
o 216 0.02
o 215 0.02
o 214 0.02
o 213 0.02
o 212 0.02
o 211 0.04
o 210 0.05
o 208 0.06
o 207 0.06
o 206 0.07
o 205 0.07
o 204 0.07
o 203 0.07
o 202 0.12
o 201 0.32
o 200 4.07
o 199 19.9
optic-gen_cvc-add7to3_9999
o 249 0.01
o 213 0.01
o 212 0.01
o 210 0.01
o 209 0.02
o 208 0.05
o 205 0.06
o 204 0.07
o 203 0.09
o 202 0.34
o 201 0.42
o 200 9.84
o 199 74.21
optic-gen_cvc-add7to3_9999
o 249 0.01
o 221 0.01
o 220 0.01
o 217 0.01
o 216 0.01
o 213 0.01
o 212 0.01
o 211 0.03
o 208 0.04
o 207 0.04
o 205 0.05
o 204 0.06
o 203 0.08
o 202 0.16
o 201 0.62
o 200 6.46
o 199 23.31
optic-gen_cvc-add7to3_9999
o 249 0.02
o 248 0.02
o 218 0.02
o 217 0.02
o 214 0.02
o 213 0.02
o 212 0.02
o 211 0.02
o 210 0.04
o 209 0.06
o 208 0.06
o 206 0.06
o 205 0.06
o 203 0.08
o 201 0.23
o 200 4.79
o 199 9.51
optic-gen_cvc-add7to3_9999
o 249 0.01
o 248 0.01
o 247 0.01
o 246 0.01
o 221 0.01
o 220 0.01
o 219 0.01
o 218 0.01
o 217 0.01
o 216 0.01
o 215 0.01
o 213 0.01
o 211 0.01
o 210 0.04
o 208 0.04
o 207 0.04
o 204 0.07
o 203 0.07
o 202 0.08
o 201 0.72
o 200 1.06
o 199 100.78
optic-gen_cvc-add7to3_9999
o 249 0.01
o 225 0.01
o 224 0.01
o 223 0.01
o 222 0.01
o 221 0.01
o 219 0.01
o 218 0.01
o 217 0.01
o 215 0.01
o 214 0.01
o 213 0.01
o 212 0.03
o 211 0.03
o 210 0.03
o 209 0.04
o 208 0.05
o 206 0.06
o 205 0.06
o 204 0.07
o 203 0.09
o 202 0.09
o 201 1.61
o 200 10.74
o 199 76.97
optic-gen_cvc-add7to3_9999
o 249 0.01
o 218 0.01
o 217 0.02
o 215 0.02
o 214 0.02
o 213 0.04
o 212 0.04
o 211 0.05
o 210 0.05
o 209 0.05
o 207 0.06
o 206 0.06
o 205 0.08
o 204 0.09
o 202 0.13
o 201 0.13
o 200 8.85
o 199 209.03
optic-gen_cvc-add7to3_9999
o 249 0.02
o 248 0.02
o 222 0.02
o 221 0.02
o 220 0.02
o 218 0.02
o 217 0.02
o 216 0.02
o 215 0.02
o 214 0.02
o 213 0.03
o 212 0.04
o 211 0.04
o 208 0.04
o 206 0.06
o 204 0.07
o 203 0.08
o 202 0.1
o 201 0.94
o 200 2.84
o 199 16.39
o 198 98.36
optic-gen_cvc-add7to3_9999
o 249 0.01
o 217 0.01
o 216 0.01
o 215 0.01
o 214 0.02
o 213 0.03
o 212 0.04
o 211 0.04
o 210 0.04
o 207 0.04
o 206 0.04
o 205 0.06
o 203 0.09
o 202 0.14
o 201 0.72
o 200 0.92
o 199 76.55
