causal-discovery-causal_Link_9_100
o 2125991 0.64
causal-discovery-causal_Link_9_100
o 3242187 1.12
causal-discovery-causal_Link_9_100
o 3242187 0.71
causal-discovery-causal_Link_9_100
o 3242187 0.74
o 2125991 219.86
o 1539490 227.66
causal-discovery-causal_Link_9_100
o 3242187 0.74
causal-discovery-causal_Link_9_100
o 2125991 0.63
causal-discovery-causal_Link_9_100
o 3242187 0.65
o 2125991 87.19
causal-discovery-causal_Link_9_100
o 3242187 0.64
o 2125991 39.12
causal-discovery-causal_Link_9_100
o 3242187 0.6
o 2125991 131.07
causal-discovery-causal_Link_9_100
o 3242187 0.66
o 2125991 183.97
