judgment-aggregation-ja-kemeny-preflib-00049-00000334
o 776 0.06
o 773 0.1
o 770 0.1
o 717 0.15
o 705 0.15
o 600 0.16
o 599 0.16
o 550 19.49
o 548 38.12
o 547 38.12
o 542 78.42
judgment-aggregation-ja-kemeny-preflib-00049-00000334
o 896 0.06
o 791 0.06
o 790 0.06
o 701 0.06
o 700 0.06
o 682 0.06
o 606 0.11
o 605 0.11
o 599 0.11
o 595 0.11
o 593 0.11
o 556 23.01
o 550 42.59
o 549 42.59
o 543 42.64
judgment-aggregation-ja-kemeny-preflib-00049-00000334
o 808 0.06
o 806 0.07
o 805 0.07
o 804 0.07
o 803 0.07
o 800 0.07
o 793 0.08
o 792 0.08
o 789 0.08
o 727 0.13
o 712 0.13
o 710 0.14
o 638 0.16
o 637 0.16
o 558 19.61
o 556 19.63
o 551 19.63
o 544 19.75
o 543 103.63
judgment-aggregation-ja-kemeny-preflib-00049-00000334
o 866 0.08
o 812 0.09
o 793 0.09
o 790 0.09
o 789 0.09
o 788 0.09
o 785 0.09
o 784 0.09
o 720 0.1
o 719 0.1
o 715 0.1
o 691 0.1
o 679 0.11
o 678 0.11
o 675 0.11
o 674 0.11
o 671 0.11
o 663 0.11
o 658 0.12
o 657 0.12
o 654 0.12
o 653 0.12
o 553 24.34
o 550 46.28
o 545 46.34
o 544 189.19
judgment-aggregation-ja-kemeny-preflib-00049-00000334
o 867 0.09
o 863 0.11
o 853 0.11
o 850 0.11
o 837 0.11
o 834 0.11
o 785 0.11
o 784 0.12
o 783 0.12
o 782 0.12
o 765 0.12
o 760 0.12
o 759 0.12
o 756 0.12
o 755 0.12
o 752 0.12
o 751 0.12
o 750 0.12
o 741 0.12
o 740 0.12
o 620 0.18
o 619 0.18
o 554 22.19
o 552 22.19
o 550 22.19
o 548 43.69
o 547 43.69
o 546 43.73
o 545 136.03
o 544 215.98
o 542 277.59
judgment-aggregation-ja-kemeny-preflib-00049-00000334
o 841 0.06
o 752 0.07
o 736 0.08
o 733 0.08
o 732 0.08
o 731 0.08
o 730 0.08
o 727 0.08
o 716 0.09
o 650 0.21
o 649 0.21
o 647 0.21
o 639 0.21
o 633 0.21
o 632 0.21
o 623 0.22
o 607 0.22
o 543 22.86
o 542 175.62
judgment-aggregation-ja-kemeny-preflib-00049-00000334
o 838 0.07
o 837 0.07
o 834 0.07
o 831 0.07
o 815 0.11
o 813 0.11
o 812 0.11
o 800 0.11
o 799 0.11
o 794 0.11
o 775 0.12
o 774 0.12
o 768 0.12
o 701 0.13
o 631 0.18
o 630 0.18
o 617 0.19
o 616 0.19
o 615 0.19
o 561 21.14
o 558 21.14
o 548 21.16
o 547 21.16
o 546 39.81
o 545 120.64
o 544 197.51
judgment-aggregation-ja-kemeny-preflib-00049-00000334
o 867 0.06
o 797 0.07
o 796 0.07
o 793 0.07
o 792 0.07
o 777 0.07
o 776 0.07
o 773 0.07
o 772 0.07
o 767 0.07
o 764 0.07
o 759 0.07
o 756 0.07
o 755 0.07
o 754 0.07
o 681 0.08
o 678 0.08
o 677 0.08
o 655 0.08
o 653 0.08
o 652 0.08
o 649 0.08
o 646 0.08
o 640 0.14
o 639 0.14
o 636 0.14
o 635 0.14
o 632 0.14
o 557 20.53
o 556 20.53
o 555 20.53
o 549 20.55
o 548 60.98
o 545 60.98
o 543 144.01
o 542 245.59
judgment-aggregation-ja-kemeny-preflib-00049-00000334
o 785 0.05
o 749 0.06
o 629 0.08
o 626 0.08
o 623 0.08
o 621 0.08
o 620 0.08
o 619 0.08
o 618 0.08
o 552 21.22
o 551 21.22
o 549 21.24
o 547 21.26
o 544 78.29
judgment-aggregation-ja-kemeny-preflib-00049-00000334
o 876 0.06
o 721 0.06
o 720 0.06
o 682 0.09
o 625 0.14
o 624 0.14
o 623 0.14
o 622 0.14
o 621 0.14
o 547 22.3
o 546 22.31
o 545 160.46
o 544 220.07
