MinimumWeightDominatingSetProblem-inf-road-usa
o 759752222 149.07
MinimumWeightDominatingSetProblem-inf-road-usa
o 759796997 154.03
MinimumWeightDominatingSetProblem-inf-road-usa
o 759759407 143.91
o 759708035 375.17
MinimumWeightDominatingSetProblem-inf-road-usa
o 759709957 115.29
MinimumWeightDominatingSetProblem-inf-road-usa
o 759599193 111.99
o 759567890 263.08
MinimumWeightDominatingSetProblem-inf-road-usa
o 759769236 94.96
o 650865248 289.33
o 650865123 289.35
o 650865015 289.36
o 650864126 289.37
o 650864000 289.39
o 650863877 289.4
o 650863786 289.41
o 650863768 289.43
o 650863760 289.44
o 650863759 289.46
MinimumWeightDominatingSetProblem-inf-road-usa
o 759661184 86.1
MinimumWeightDominatingSetProblem-inf-road-usa
o 759662093 127.67
o 759486687 351.79
MinimumWeightDominatingSetProblem-inf-road-usa
o 759740178 135.07
MinimumWeightDominatingSetProblem-inf-road-usa
o 759782476 102.49
o 759690844 291.48
