aes-mul_8_11
o 1408 1.56
o 1407 1.56
o 1406 1.56
o 1405 1.56
o 1404 1.56
o 1403 1.56
o 1402 1.56
o 1401 1.56
o 1400 1.56
o 1399 1.56
o 1398 1.56
o 1397 1.56
o 1396 1.56
o 1395 1.56
o 1394 1.56
o 1393 1.56
o 1392 1.56
o 1391 1.56
o 1390 1.56
o 1389 1.56
o 1388 1.56
o 1387 1.56
o 1386 1.56
o 1385 1.56
o 1384 1.56
o 1383 1.56
o 1382 1.56
o 1381 1.56
o 1380 1.56
o 1379 1.56
o 1378 1.56
o 1377 1.56
o 1376 1.56
o 1375 1.56
o 1374 1.56
o 1373 1.56
o 1372 1.56
o 1371 1.56
o 1370 1.56
o 1369 1.56
o 1368 1.56
o 1367 1.56
o 1366 1.56
o 1365 1.56
o 1364 1.56
o 1363 1.56
o 1362 1.56
o 1361 1.56
o 1360 1.56
o 1359 1.56
o 1358 1.56
o 1357 1.56
o 1356 1.56
o 1355 1.56
o 1354 1.56
o 1353 1.56
o 1352 1.56
o 1351 1.56
o 1350 1.56
o 1349 1.56
o 1348 1.56
o 1347 1.56
o 1346 1.56
o 1345 1.56
o 1210 1.56
o 1209 1.56
o 1208 1.56
o 1207 1.56
o 1206 1.56
o 1205 1.56
o 1204 1.56
o 1203 1.56
o 1202 1.56
o 1201 1.56
o 1200 1.56
o 1199 1.56
o 1172 1.56
o 1171 1.56
o 1170 1.56
o 1169 1.56
o 1168 1.56
o 1167 1.56
o 1166 1.56
o 1165 1.56
o 1164 1.56
o 1163 1.56
o 1162 1.56
o 1161 1.56
o 1160 1.56
o 1157 1.56
o 1156 1.56
o 1155 1.56
o 1154 1.56
o 1153 1.56
o 1152 1.56
o 1151 1.56
o 1150 1.56
o 1149 1.56
o 1148 1.56
o 1147 1.56
o 1146 1.56
o 1145 1.56
o 1144 1.56
o 1143 1.56
o 1142 1.56
o 1141 1.56
o 1140 1.56
o 1139 1.56
o 1138 1.56
o 1137 1.56
o 1136 1.56
o 1135 1.56
o 1134 1.56
o 1093 1.56
o 1092 1.56
o 1091 1.56
o 1090 1.56
o 1076 1.56
o 1075 1.56
o 1074 1.56
o 1073 1.56
o 1072 1.56
o 1071 1.56
o 1066 1.56
o 1065 1.56
o 1064 1.56
o 1063 1.56
o 1062 1.56
o 1061 1.56
o 1060 1.56
o 1059 1.56
o 1058 1.56
o 1057 1.56
o 1056 1.56
o 1055 1.56
o 1054 1.56
o 1053 1.56
o 1052 1.56
o 1051 1.56
o 1050 1.56
o 1049 1.56
o 1048 1.56
o 1047 1.56
o 1013 1.56
o 1012 1.56
o 1011 1.56
o 1010 1.56
o 1009 1.56
o 1008 1.56
o 1007 1.56
o 1006 1.56
o 1005 1.56
o 997 1.56
o 996 1.56
o 995 1.56
o 994 1.56
o 993 1.56
o 992 1.56
o 991 1.56
o 990 1.56
o 989 1.56
o 950 1.56
o 949 1.56
o 948 1.56
o 947 1.56
o 946 1.56
o 931 1.56
o 930 1.56
o 929 1.56
o 928 1.56
o 927 1.56
o 926 1.56
o 925 1.56
o 924 1.56
o 923 1.56
o 922 1.56
o 865 1.56
o 864 1.56
o 863 1.56
o 862 1.56
o 861 1.56
o 860 1.56
o 836 1.57
o 835 1.57
o 834 1.57
o 833 1.57
o 832 1.57
o 831 1.57
o 830 1.57
o 829 1.57
o 828 1.57
o 827 1.57
o 826 1.57
o 825 1.57
o 824 1.57
o 823 1.57
o 822 1.57
o 821 1.57
o 820 1.57
o 818 1.57
o 817 1.57
o 816 1.57
o 814 1.57
o 813 1.57
o 797 1.57
o 796 1.57
o 795 1.57
o 794 1.57
o 793 1.57
o 791 1.57
o 790 1.57
o 789 1.57
o 788 1.57
o 787 1.57
o 786 1.57
o 785 1.57
o 784 1.57
o 783 1.57
o 782 1.57
o 781 1.57
o 780 1.57
o 779 1.57
o 778 1.57
o 766 1.57
o 765 1.57
o 764 1.57
o 763 1.57
o 762 1.57
o 761 1.57
o 760 1.57
o 759 1.57
o 758 1.57
o 757 1.57
o 756 1.57
o 755 1.57
o 754 1.57
o 748 1.57
o 747 1.57
o 746 1.57
o 745 1.57
o 744 1.57
o 743 1.57
o 742 1.57
o 741 1.57
o 740 1.57
o 739 1.57
o 738 1.57
o 737 1.57
o 736 1.57
o 735 1.57
o 733 1.57
o 732 1.57
o 731 1.57
o 730 1.57
o 722 1.57
o 721 1.57
o 720 1.57
o 719 1.57
o 718 1.57
o 717 1.57
o 716 1.57
o 712 1.57
o 711 1.57
o 710 1.57
o 709 1.57
o 708 1.57
o 707 1.57
o 706 1.57
o 694 1.57
o 693 1.57
o 692 1.57
o 691 1.57
o 690 1.57
o 689 1.57
o 688 1.57
o 687 1.57
o 686 1.57
o 685 1.57
o 684 1.57
o 683 1.57
o 659 1.57
o 658 1.57
o 657 1.57
o 656 1.57
o 655 1.57
o 654 1.57
o 653 1.57
o 652 1.57
o 651 1.57
o 650 1.57
o 649 1.57
o 648 1.57
o 647 1.57
o 646 1.57
o 645 1.57
o 644 1.57
o 643 1.57
o 642 1.57
o 641 1.57
o 639 1.57
o 635 1.57
o 634 1.57
o 633 1.57
o 632 1.57
o 619 1.57
o 618 1.57
o 617 1.57
o 616 1.57
o 615 1.57
o 614 1.57
o 613 1.57
o 612 1.57
o 611 1.57
o 610 1.57
o 607 1.57
o 606 1.57
o 605 1.57
o 604 1.57
o 603 1.57
o 602 1.57
o 601 1.57
o 600 1.57
o 599 1.57
o 598 1.57
o 597 1.57
o 596 1.57
o 595 1.57
o 594 1.57
o 593 1.57
o 572 1.57
o 571 1.57
o 570 1.57
o 569 1.57
o 568 1.57
o 566 1.57
o 565 1.57
o 559 1.57
o 558 1.57
o 557 1.57
o 556 1.57
o 555 1.57
o 554 1.57
o 553 1.57
o 552 1.57
o 551 1.57
o 550 1.57
o 549 1.57
o 548 1.57
o 547 1.57
o 546 1.57
o 545 1.57
o 543 1.57
o 542 1.57
o 541 1.57
o 540 1.57
o 539 1.57
o 538 1.57
o 537 1.57
o 536 1.57
o 535 1.57
o 534 1.57
o 532 1.57
o 531 1.57
o 530 1.57
o 528 1.57
o 527 1.57
o 520 1.57
o 519 1.57
o 518 1.57
o 517 1.57
o 516 1.57
o 515 1.57
o 514 1.57
o 513 1.57
o 512 1.57
o 511 1.57
o 510 1.57
o 509 1.57
o 508 1.57
o 507 1.57
o 505 1.57
o 504 1.57
o 503 1.57
o 502 1.57
o 499 1.57
o 498 1.57
o 497 1.57
o 496 1.57
o 495 1.57
o 494 1.57
o 493 1.57
o 490 1.57
o 489 1.57
o 488 1.57
o 487 1.57
o 486 1.57
o 485 1.57
o 484 1.57
o 483 1.57
o 482 1.57
o 481 1.57
o 480 1.57
o 479 1.57
o 478 1.57
o 477 1.57
o 476 1.57
o 475 1.57
o 474 1.57
o 473 1.57
o 472 1.57
o 471 1.57
o 470 1.57
o 469 1.57
o 468 1.57
o 465 1.57
o 464 1.57
o 463 1.57
o 461 1.57
o 460 1.57
o 459 1.57
o 458 1.57
o 457 1.57
o 456 1.57
o 455 1.57
o 454 1.57
o 453 1.57
o 452 1.57
o 451 1.57
o 450 1.57
o 449 1.57
o 448 1.57
o 447 1.57
o 446 1.57
o 445 1.57
o 444 1.57
o 443 1.57
o 442 1.57
o 441 1.57
o 440 1.57
o 439 1.57
o 438 1.57
o 437 1.57
o 436 1.57
o 426 1.57
o 425 1.57
o 424 1.57
o 423 1.57
o 422 1.57
o 421 1.57
o 420 1.57
o 419 1.57
o 418 1.57
o 417 1.57
o 416 1.57
o 415 1.57
o 412 1.57
o 411 1.57
o 410 1.57
o 409 1.57
o 408 1.57
o 407 1.57
o 406 1.57
o 405 1.57
o 404 1.57
o 403 1.57
o 402 1.57
o 401 1.57
o 400 1.57
o 399 1.57
o 398 1.57
o 397 1.57
o 396 1.57
o 395 1.57
o 394 1.57
o 393 1.57
o 392 1.57
o 391 1.57
o 390 1.57
o 389 1.57
o 388 1.57
o 387 1.57
o 386 1.57
o 385 1.57
o 384 1.57
o 383 1.57
o 382 1.57
o 381 1.57
o 380 1.57
o 379 1.57
o 378 1.57
o 377 1.57
o 376 1.57
o 375 1.57
o 374 1.57
o 373 1.57
o 372 1.57
o 371 1.57
o 370 1.57
o 369 1.57
o 368 1.57
o 367 1.57
o 366 1.57
o 365 1.57
o 364 1.57
o 363 1.57
o 362 1.57
o 361 1.57
o 358 1.57
o 357 1.57
o 356 1.57
o 355 1.57
o 354 1.57
o 353 1.57
o 352 1.57
o 351 1.57
o 350 1.57
o 348 1.57
o 347 1.57
o 346 1.57
o 345 1.57
o 344 1.57
o 343 1.57
o 342 1.57
o 341 1.57
o 340 1.57
o 339 1.57
o 338 1.57
o 337 1.57
o 336 1.57
o 335 1.57
o 334 1.57
o 333 1.57
o 332 1.57
o 331 1.57
o 330 1.57
o 329 1.57
o 328 1.57
o 327 1.57
o 326 1.57
o 325 1.57
o 324 1.57
o 323 1.57
o 322 1.57
o 321 1.57
o 320 1.57
o 319 1.57
o 318 1.57
o 317 1.57
o 316 1.57
o 315 1.57
o 314 1.57
o 313 1.57
o 312 1.57
o 311 1.57
o 310 1.57
o 309 1.57
o 308 1.57
o 307 1.57
o 306 1.57
o 305 1.57
o 304 1.57
o 303 1.57
o 302 1.57
o 301 1.57
o 300 1.57
o 299 1.57
o 298 1.57
o 297 1.57
o 296 1.57
o 295 1.57
o 294 1.57
o 293 1.57
o 292 1.57
o 291 1.57
o 290 1.57
o 289 1.57
o 288 1.57
o 287 1.57
o 286 1.57
o 285 1.57
o 284 1.57
o 283 1.57
o 282 1.57
o 281 1.57
o 280 1.57
o 279 1.57
o 278 1.57
o 277 1.57
o 276 1.57
o 275 1.57
o 274 1.57
o 273 1.57
o 272 1.57
o 271 1.57
o 270 1.57
o 269 1.57
o 268 1.57
o 267 1.57
o 266 1.57
o 265 1.57
o 264 1.57
o 263 1.58
o 262 1.58
o 261 1.58
o 260 1.58
o 259 1.58
o 258 1.58
o 257 1.58
o 256 1.58
o 255 1.58
o 254 1.58
o 253 1.58
o 252 1.58
o 251 1.58
o 250 1.58
o 249 1.58
o 248 1.58
o 247 1.58
o 246 1.58
o 245 1.58
o 244 1.58
o 243 1.58
o 242 1.58
o 241 1.58
o 240 1.58
o 239 1.58
o 238 1.58
o 237 1.58
o 236 1.58
o 235 1.58
o 234 1.58
o 233 1.58
o 232 1.58
o 231 1.58
o 230 1.58
o 229 1.58
o 228 1.58
o 227 1.58
o 226 1.58
o 225 1.58
o 224 1.58
o 223 1.58
o 222 1.58
o 221 1.58
o 220 1.58
o 219 1.58
o 218 1.58
o 217 1.58
o 216 1.58
o 215 1.58
o 214 1.58
o 213 1.58
o 212 1.58
o 211 1.58
o 210 1.58
o 209 1.58
o 208 1.58
o 207 1.58
o 206 1.58
o 205 1.58
o 204 1.58
o 203 1.58
o 202 1.58
o 201 1.58
o 200 1.58
o 199 1.58
o 198 1.58
o 197 1.58
o 196 1.58
o 195 1.58
o 194 1.58
o 193 1.58
o 192 1.58
o 191 1.58
o 190 1.58
o 189 1.58
o 188 1.58
o 187 1.58
o 186 1.58
o 185 1.58
o 184 1.58
o 183 1.58
o 182 1.58
o 181 1.58
o 180 1.58
o 179 1.58
o 177 1.58
o 176 1.58
o 175 1.58
o 174 1.58
o 173 1.58
o 172 1.58
o 171 1.58
o 170 1.58
o 169 1.58
o 168 1.58
o 167 1.58
o 166 1.58
o 165 1.58
o 164 1.58
o 163 1.58
o 162 1.58
o 161 1.58
o 160 1.58
o 159 1.58
o 158 1.58
o 157 1.58
o 156 1.58
o 155 1.58
o 154 1.58
o 153 1.58
o 152 1.58
o 151 1.58
o 150 1.58
o 149 1.58
o 148 1.58
o 147 1.58
o 146 1.58
o 145 1.58
o 144 1.58
o 143 1.58
o 142 1.58
o 141 1.58
o 140 1.58
o 139 1.58
o 138 1.58
o 137 1.58
o 136 1.58
o 135 1.58
o 134 1.58
o 133 1.58
o 132 1.58
o 131 1.58
o 130 1.58
o 129 1.58
o 128 1.58
o 127 1.58
o 126 1.58
o 125 1.58
o 124 4.31
o 123 4.31
o 122 4.31
o 121 6.55
o 120 6.55
o 119 6.55
o 118 6.55
o 117 6.55
o 116 6.55
o 114 6.55
o 113 6.55
o 112 9.19
o 111 9.19
o 110 16.25
o 109 16.25
o 108 16.25
o 107 42.84
o 106 42.84
o 105 42.84
o 104 42.84
o 103 42.84
o 102 42.84
o 101 42.84
o 100 42.84
aes-mul_8_11
o 1408 1.95
o 1407 1.95
o 1406 1.95
o 1405 1.95
o 1404 1.95
o 1403 1.95
o 1402 1.95
o 1401 1.95
o 1400 1.95
o 1399 1.95
o 1398 1.95
o 1397 1.95
o 1396 1.95
o 1395 1.95
o 1394 1.95
o 1393 1.95
o 1392 1.95
o 1391 1.95
o 1390 1.95
o 1389 1.95
o 1388 1.95
o 1387 1.95
o 1386 1.95
o 1385 1.95
o 1384 1.95
o 1383 1.95
o 1382 1.95
o 1381 1.95
o 1380 1.95
o 1379 1.95
o 1378 1.95
o 1377 1.95
o 1349 1.95
o 1348 1.95
o 1153 1.95
o 1152 1.95
o 1151 1.95
o 1150 1.95
o 1149 1.95
o 1148 1.95
o 1147 1.95
o 1146 1.95
o 1145 1.95
o 1144 1.95
o 1143 1.95
o 1142 1.95
o 1141 1.95
o 1140 1.95
o 1139 1.95
o 1138 1.95
o 1137 1.95
o 1136 1.95
o 1127 1.95
o 1126 1.95
o 1125 1.95
o 1124 1.95
o 1123 1.95
o 1122 1.95
o 1121 1.95
o 1120 1.95
o 1119 1.95
o 1118 1.95
o 1117 1.95
o 1116 1.95
o 1115 1.95
o 1114 1.95
o 1113 1.95
o 1112 1.95
o 1099 1.95
o 1098 1.95
o 1097 1.95
o 1096 1.95
o 1095 1.95
o 1094 1.95
o 1093 1.95
o 1088 1.95
o 1087 1.95
o 1086 1.95
o 1085 1.95
o 1084 1.95
o 1083 1.95
o 1082 1.95
o 1081 1.95
o 1080 1.95
o 1079 1.95
o 1078 1.95
o 1077 1.95
o 1076 1.95
o 1075 1.95
o 1074 1.95
o 1073 1.95
o 1072 1.95
o 1071 1.95
o 1070 1.95
o 1069 1.95
o 1068 1.95
o 1067 1.95
o 1062 1.95
o 1061 1.95
o 1060 1.95
o 1059 1.95
o 1058 1.95
o 1057 1.95
o 1056 1.95
o 1055 1.95
o 1054 1.95
o 1053 1.95
o 1052 1.95
o 1051 1.95
o 1050 1.95
o 1049 1.95
o 1048 1.95
o 1047 1.95
o 1046 1.95
o 1045 1.95
o 1044 1.95
o 1043 1.95
o 1042 1.95
o 1041 1.95
o 1040 1.95
o 1039 1.95
o 1038 1.95
o 1037 1.95
o 1016 1.95
o 1014 1.95
o 1013 1.95
o 1012 1.95
o 1011 1.95
o 1010 1.95
o 1009 1.95
o 1008 1.95
o 1007 1.95
o 1006 1.95
o 1005 1.95
o 1004 1.95
o 1003 1.95
o 1002 1.95
o 1001 1.95
o 982 1.95
o 981 1.95
o 980 1.95
o 979 1.95
o 978 1.95
o 977 1.95
o 976 1.95
o 975 1.95
o 974 1.95
o 973 1.95
o 972 1.95
o 970 1.95
o 969 1.95
o 968 1.95
o 967 1.95
o 966 1.95
o 965 1.95
o 964 1.95
o 963 1.95
o 962 1.95
o 961 1.95
o 951 1.95
o 950 1.95
o 949 1.95
o 860 1.95
o 859 1.95
o 858 1.95
o 852 1.95
o 851 1.95
o 850 1.95
o 849 1.95
o 848 1.95
o 847 1.95
o 846 1.95
o 845 1.95
o 844 1.95
o 843 1.95
o 837 1.95
o 831 1.95
o 830 1.95
o 829 1.95
o 828 1.95
o 827 1.95
o 826 1.95
o 825 1.95
o 824 1.95
o 823 1.95
o 822 1.95
o 821 1.95
o 820 1.95
o 819 1.95
o 818 1.95
o 817 1.95
o 816 1.95
o 815 1.95
o 814 1.95
o 813 1.95
o 812 1.95
o 811 1.95
o 810 1.95
o 808 1.95
o 807 1.95
o 787 1.95
o 773 1.95
o 772 1.95
o 771 1.95
o 770 1.95
o 769 1.95
o 768 1.95
o 767 1.95
o 766 1.95
o 765 1.95
o 764 1.95
o 763 1.95
o 762 1.95
o 761 1.95
o 760 1.95
o 759 1.95
o 758 1.95
o 757 1.95
o 756 1.95
o 755 1.95
o 754 1.95
o 753 1.95
o 752 1.95
o 751 1.95
o 750 1.95
o 749 1.95
o 748 1.95
o 747 1.95
o 746 1.95
o 745 1.95
o 732 1.95
o 731 1.95
o 730 1.95
o 729 1.95
o 728 1.95
o 726 1.95
o 725 1.95
o 724 1.95
o 723 1.95
o 720 1.95
o 719 1.95
o 718 1.95
o 717 1.95
o 716 1.95
o 715 1.95
o 714 1.95
o 713 1.95
o 712 1.95
o 711 1.95
o 710 1.95
o 709 1.95
o 706 1.95
o 705 1.95
o 704 1.95
o 703 1.95
o 702 1.95
o 701 1.95
o 700 1.95
o 697 1.95
o 687 1.95
o 686 1.95
o 685 1.95
o 684 1.95
o 683 1.95
o 682 1.95
o 681 1.95
o 680 1.95
o 679 1.95
o 678 1.95
o 676 1.95
o 675 1.95
o 674 1.95
o 673 1.95
o 668 1.95
o 657 1.96
o 642 1.96
o 641 1.96
o 640 1.96
o 638 1.96
o 637 1.96
o 636 1.96
o 635 1.96
o 634 1.96
o 633 1.96
o 632 1.96
o 631 1.96
o 630 1.96
o 629 1.96
o 616 1.96
o 615 1.96
o 614 1.96
o 613 1.96
o 612 1.96
o 611 1.96
o 610 1.96
o 609 1.96
o 608 1.96
o 607 1.96
o 606 1.96
o 605 1.96
o 604 1.96
o 603 1.96
o 602 1.96
o 601 1.96
o 600 1.96
o 599 1.96
o 598 1.96
o 597 1.96
o 596 1.96
o 595 1.96
o 594 1.96
o 593 1.96
o 592 1.96
o 591 1.96
o 590 1.96
o 589 1.96
o 588 1.96
o 587 1.96
o 586 1.96
o 585 1.96
o 584 1.96
o 580 1.96
o 579 1.96
o 578 1.96
o 577 1.96
o 576 1.96
o 575 1.96
o 574 1.96
o 573 1.96
o 572 1.96
o 571 1.96
o 570 1.96
o 569 1.96
o 568 1.96
o 567 1.96
o 566 1.96
o 565 1.96
o 564 1.96
o 563 1.96
o 562 1.96
o 561 1.96
o 560 1.96
o 559 1.96
o 558 1.96
o 557 1.96
o 556 1.96
o 555 1.96
o 549 1.96
o 548 1.96
o 547 1.96
o 546 1.96
o 545 1.96
o 544 1.96
o 543 1.96
o 542 1.96
o 541 1.96
o 540 1.96
o 539 1.96
o 538 1.96
o 532 1.96
o 531 1.96
o 530 1.96
o 529 1.96
o 528 1.96
o 527 1.96
o 526 1.96
o 525 1.96
o 524 1.96
o 523 1.96
o 522 1.96
o 521 1.96
o 520 1.96
o 519 1.96
o 518 1.96
o 517 1.96
o 516 1.96
o 515 1.96
o 514 1.96
o 513 1.96
o 512 1.96
o 511 1.96
o 510 1.96
o 503 1.96
o 502 1.96
o 501 1.96
o 500 1.96
o 499 1.96
o 498 1.96
o 497 1.96
o 496 1.96
o 495 1.96
o 494 1.96
o 493 1.96
o 492 1.96
o 491 1.96
o 490 1.96
o 489 1.96
o 488 1.96
o 481 1.96
o 480 1.96
o 479 1.96
o 478 1.96
o 477 1.96
o 476 1.96
o 475 1.96
o 474 1.96
o 473 1.96
o 472 1.96
o 471 1.96
o 470 1.96
o 469 1.96
o 459 1.96
o 458 1.96
o 457 1.96
o 456 1.96
o 455 1.96
o 454 1.96
o 453 1.96
o 452 1.96
o 451 1.96
o 450 1.96
o 449 1.96
o 448 1.96
o 447 1.96
o 446 1.96
o 445 1.96
o 444 1.96
o 443 1.96
o 442 1.96
o 441 1.96
o 439 1.96
o 438 1.96
o 437 1.96
o 436 1.96
o 435 1.96
o 434 1.96
o 433 1.96
o 432 1.96
o 431 1.96
o 430 1.96
o 429 1.96
o 428 1.96
o 427 1.96
o 426 1.96
o 425 1.96
o 424 1.96
o 423 1.96
o 422 1.96
o 421 1.96
o 420 1.96
o 419 1.96
o 418 1.96
o 417 1.96
o 416 1.96
o 415 1.96
o 414 1.96
o 413 1.96
o 412 1.96
o 411 1.96
o 410 1.96
o 409 1.96
o 408 1.96
o 407 1.96
o 406 1.96
o 405 1.96
o 404 1.96
o 403 1.96
o 402 1.96
o 401 1.96
o 400 1.96
o 399 1.96
o 398 1.96
o 397 1.96
o 396 1.96
o 395 1.96
o 394 1.96
o 393 1.96
o 392 1.96
o 391 1.96
o 390 1.96
o 389 1.96
o 388 1.96
o 387 1.96
o 386 1.96
o 385 1.96
o 384 1.96
o 383 1.96
o 382 1.96
o 380 1.96
o 379 1.96
o 378 1.96
o 377 1.96
o 376 1.96
o 375 1.96
o 374 1.96
o 373 1.96
o 372 1.96
o 371 1.96
o 370 1.96
o 369 1.96
o 368 1.96
o 367 1.96
o 366 1.96
o 365 1.96
o 364 1.96
o 363 1.96
o 362 1.96
o 361 1.96
o 360 1.96
o 359 1.96
o 358 1.96
o 357 1.96
o 356 1.96
o 355 1.96
o 353 1.96
o 352 1.96
o 351 1.96
o 350 1.96
o 349 1.96
o 348 1.96
o 347 1.96
o 346 1.96
o 345 1.96
o 344 1.96
o 343 1.96
o 342 1.96
o 341 1.96
o 340 1.96
o 339 1.96
o 338 1.96
o 337 1.96
o 336 1.96
o 335 1.96
o 334 1.96
o 333 1.96
o 332 1.96
o 331 1.96
o 330 1.96
o 329 1.96
o 328 1.96
o 327 1.96
o 326 1.96
o 325 1.96
o 324 1.96
o 323 1.96
o 322 1.96
o 321 1.96
o 320 1.96
o 319 1.96
o 318 1.96
o 317 1.96
o 316 1.96
o 315 1.96
o 314 1.96
o 313 1.96
o 312 1.96
o 311 1.96
o 310 1.96
o 309 1.96
o 308 1.96
o 307 1.96
o 306 1.96
o 305 1.96
o 304 1.96
o 303 1.96
o 302 1.96
o 301 1.96
o 300 1.96
o 299 1.96
o 298 1.96
o 297 1.96
o 296 1.96
o 295 1.96
o 294 1.96
o 293 1.96
o 292 1.96
o 291 1.96
o 290 1.96
o 289 1.96
o 288 1.96
o 287 1.96
o 286 1.96
o 285 1.96
o 284 1.96
o 283 1.96
o 282 1.96
o 281 1.96
o 280 1.96
o 279 1.96
o 278 1.96
o 277 1.96
o 276 1.96
o 275 1.96
o 274 1.96
o 273 1.96
o 272 1.96
o 271 1.96
o 270 1.96
o 269 1.96
o 268 1.96
o 267 1.96
o 266 1.96
o 265 1.96
o 264 1.96
o 263 1.96
o 262 1.96
o 261 1.96
o 260 1.96
o 259 1.96
o 258 1.96
o 257 1.96
o 256 1.96
o 255 1.96
o 254 1.96
o 251 1.96
o 250 1.96
o 249 1.96
o 248 1.96
o 247 1.97
o 246 1.97
o 245 1.97
o 244 1.97
o 243 1.97
o 242 1.97
o 241 1.97
o 240 1.97
o 239 1.97
o 238 1.97
o 237 1.97
o 236 1.97
o 235 1.97
o 234 1.97
o 233 1.97
o 232 1.97
o 231 1.97
o 230 1.97
o 229 1.97
o 228 1.97
o 227 1.97
o 226 1.97
o 225 1.97
o 224 1.97
o 223 1.97
o 222 1.97
o 221 1.97
o 220 1.97
o 219 1.97
o 218 1.97
o 217 1.97
o 216 1.97
o 215 1.97
o 214 1.97
o 213 1.97
o 212 1.97
o 211 1.97
o 210 1.97
o 209 1.97
o 208 1.97
o 207 1.97
o 206 1.97
o 205 1.97
o 204 1.97
o 203 1.97
o 202 1.97
o 201 1.97
o 200 1.97
o 199 1.97
o 198 1.97
o 197 1.97
o 196 1.97
o 195 1.97
o 194 1.97
o 193 1.97
o 192 1.97
o 191 1.97
o 190 1.97
o 189 1.97
o 188 1.97
o 187 1.97
o 186 1.97
o 185 1.97
o 184 1.97
o 183 1.97
o 182 1.97
o 181 1.97
o 180 1.97
o 179 1.97
o 178 1.97
o 177 1.97
o 176 1.97
o 175 1.97
o 174 1.97
o 173 1.97
o 172 1.97
o 171 1.97
o 170 1.97
o 169 1.97
o 168 1.97
o 167 1.97
o 166 1.97
o 165 1.97
o 164 1.97
o 163 1.97
o 162 1.97
o 161 1.97
o 160 1.97
o 159 1.97
o 158 1.97
o 157 1.97
o 156 1.97
o 155 1.97
o 154 1.97
o 153 1.97
o 152 1.97
o 151 1.97
o 150 1.97
o 149 1.97
o 148 1.97
o 147 1.97
o 146 1.97
o 145 1.97
o 144 1.97
o 143 1.97
o 142 1.97
o 141 1.97
o 140 1.97
o 139 1.98
o 138 1.98
o 137 1.98
o 136 1.98
o 135 1.98
o 134 1.98
o 133 1.98
o 132 1.98
o 131 1.98
o 130 1.98
o 129 1.98
o 128 1.98
o 127 1.98
o 119 4.88
o 118 4.88
o 117 4.88
o 116 4.88
o 115 4.88
o 114 4.88
o 113 4.88
o 112 4.88
o 111 4.88
o 110 4.88
o 109 4.88
o 108 4.88
o 107 4.88
o 106 4.88
o 105 4.88
o 104 4.88
o 103 47.75
o 102 47.75
o 101 47.75
o 100 183.38
aes-mul_8_11
o 1408 1.56
o 1407 1.56
o 1406 1.56
o 1405 1.56
o 1404 1.56
o 1403 1.56
o 1402 1.56
o 1401 1.56
o 1400 1.56
o 1399 1.56
o 1398 1.56
o 1397 1.56
o 1396 1.56
o 1395 1.56
o 1394 1.56
o 1393 1.56
o 1392 1.56
o 1391 1.56
o 1390 1.56
o 1389 1.56
o 1157 1.56
o 1156 1.56
o 1155 1.56
o 1154 1.56
o 1038 1.57
o 1037 1.57
o 1036 1.57
o 1035 1.57
o 1034 1.57
o 1033 1.57
o 1032 1.57
o 1031 1.57
o 1008 1.57
o 1007 1.57
o 1006 1.57
o 970 1.57
o 969 1.57
o 968 1.57
o 967 1.57
o 966 1.57
o 965 1.57
o 964 1.57
o 963 1.57
o 962 1.57
o 961 1.57
o 960 1.57
o 924 1.57
o 923 1.57
o 920 1.57
o 902 1.57
o 901 1.57
o 900 1.57
o 888 1.57
o 887 1.57
o 886 1.57
o 885 1.57
o 882 1.57
o 881 1.57
o 880 1.57
o 879 1.57
o 833 1.57
o 832 1.57
o 831 1.57
o 830 1.57
o 829 1.57
o 828 1.57
o 827 1.57
o 826 1.57
o 825 1.57
o 824 1.57
o 823 1.57
o 822 1.57
o 821 1.57
o 820 1.57
o 819 1.57
o 818 1.57
o 816 1.57
o 815 1.57
o 814 1.57
o 813 1.57
o 812 1.57
o 811 1.57
o 809 1.57
o 806 1.57
o 805 1.57
o 757 1.57
o 756 1.57
o 755 1.57
o 754 1.57
o 751 1.57
o 750 1.57
o 749 1.57
o 748 1.57
o 747 1.57
o 746 1.57
o 745 1.57
o 744 1.57
o 743 1.57
o 742 1.57
o 741 1.57
o 740 1.57
o 739 1.57
o 738 1.57
o 737 1.57
o 736 1.57
o 735 1.57
o 734 1.57
o 733 1.57
o 732 1.57
o 731 1.57
o 730 1.57
o 727 1.57
o 726 1.57
o 725 1.57
o 724 1.57
o 723 1.57
o 722 1.57
o 721 1.57
o 720 1.57
o 704 1.57
o 703 1.57
o 685 1.57
o 684 1.57
o 660 1.57
o 659 1.57
o 658 1.57
o 657 1.57
o 656 1.57
o 655 1.57
o 654 1.57
o 645 1.57
o 644 1.57
o 643 1.57
o 642 1.57
o 607 1.57
o 606 1.57
o 605 1.57
o 604 1.57
o 603 1.57
o 602 1.57
o 601 1.57
o 600 1.57
o 599 1.57
o 598 1.57
o 597 1.57
o 596 1.57
o 595 1.57
o 594 1.57
o 593 1.57
o 592 1.57
o 591 1.57
o 590 1.57
o 589 1.57
o 588 1.57
o 587 1.57
o 580 1.57
o 579 1.57
o 578 1.57
o 577 1.57
o 574 1.57
o 543 1.57
o 533 1.57
o 532 1.57
o 526 1.57
o 525 1.57
o 524 1.57
o 523 1.57
o 522 1.57
o 521 1.57
o 520 1.57
o 519 1.57
o 518 1.57
o 517 1.57
o 508 1.57
o 501 1.57
o 500 1.57
o 499 1.57
o 498 1.57
o 497 1.57
o 495 1.57
o 494 1.57
o 493 1.57
o 492 1.57
o 491 1.57
o 490 1.57
o 489 1.57
o 488 1.57
o 487 1.57
o 486 1.57
o 485 1.57
o 484 1.57
o 483 1.57
o 482 1.57
o 481 1.57
o 479 1.57
o 478 1.57
o 477 1.57
o 476 1.57
o 461 1.57
o 460 1.57
o 459 1.57
o 458 1.57
o 457 1.57
o 456 1.57
o 455 1.57
o 454 1.57
o 453 1.57
o 452 1.57
o 451 1.57
o 449 1.57
o 448 1.57
o 447 1.57
o 446 1.57
o 445 1.57
o 444 1.57
o 443 1.57
o 442 1.57
o 435 1.57
o 434 1.57
o 433 1.57
o 432 1.57
o 431 1.57
o 430 1.57
o 429 1.57
o 428 1.57
o 427 1.57
o 426 1.57
o 422 1.57
o 421 1.57
o 420 1.57
o 419 1.57
o 418 1.57
o 417 1.57
o 416 1.57
o 415 1.57
o 414 1.57
o 413 1.57
o 412 1.57
o 411 1.57
o 410 1.57
o 409 1.57
o 403 1.57
o 402 1.57
o 401 1.57
o 400 1.57
o 399 1.58
o 398 1.58
o 397 1.58
o 396 1.58
o 395 1.58
o 392 1.58
o 391 1.58
o 390 1.58
o 389 1.58
o 388 1.58
o 387 1.58
o 385 1.58
o 384 1.58
o 383 1.58
o 382 1.58
o 381 1.58
o 380 1.58
o 379 1.58
o 378 1.58
o 377 1.58
o 376 1.58
o 375 1.58
o 374 1.58
o 373 1.58
o 372 1.58
o 371 1.58
o 370 1.58
o 369 1.58
o 368 1.58
o 367 1.58
o 366 1.58
o 365 1.58
o 364 1.58
o 363 1.58
o 362 1.58
o 361 1.58
o 360 1.58
o 359 1.58
o 358 1.58
o 357 1.58
o 356 1.58
o 355 1.58
o 354 1.58
o 353 1.58
o 348 1.58
o 347 1.58
o 345 1.58
o 344 1.58
o 329 1.58
o 328 1.58
o 327 1.58
o 326 1.58
o 325 1.58
o 324 1.58
o 323 1.58
o 322 1.58
o 321 1.58
o 320 1.58
o 319 1.58
o 318 1.58
o 317 1.58
o 316 1.58
o 315 1.58
o 314 1.58
o 313 1.58
o 312 1.58
o 311 1.58
o 310 1.58
o 309 1.58
o 308 1.58
o 307 1.58
o 306 1.58
o 305 1.58
o 304 1.58
o 303 1.58
o 302 1.58
o 301 1.58
o 300 1.58
o 299 1.58
o 298 1.58
o 297 1.58
o 296 1.58
o 295 1.58
o 294 1.58
o 293 1.58
o 292 1.58
o 291 1.58
o 290 1.58
o 289 1.58
o 288 1.58
o 287 1.58
o 286 1.58
o 285 1.58
o 284 1.58
o 283 1.58
o 282 1.58
o 281 1.58
o 280 1.58
o 279 1.58
o 278 1.58
o 277 1.58
o 276 1.58
o 275 1.58
o 274 1.58
o 273 1.58
o 272 1.58
o 271 1.58
o 270 1.58
o 269 1.58
o 268 1.58
o 267 1.58
o 266 1.58
o 265 1.58
o 264 1.58
o 263 1.58
o 262 1.58
o 261 1.58
o 260 1.58
o 259 1.58
o 258 1.58
o 257 1.58
o 256 1.58
o 255 1.58
o 254 1.58
o 253 1.58
o 252 1.58
o 251 1.58
o 250 1.58
o 249 1.58
o 248 1.58
o 247 1.58
o 246 1.58
o 245 1.58
o 244 1.58
o 243 1.58
o 242 1.58
o 241 1.58
o 240 1.58
o 239 1.58
o 238 1.58
o 237 1.58
o 236 1.58
o 235 1.58
o 234 1.58
o 233 1.58
o 232 1.58
o 231 1.58
o 230 1.58
o 229 1.58
o 228 1.58
o 227 1.58
o 226 1.58
o 225 1.58
o 224 1.58
o 223 1.58
o 222 1.58
o 221 1.58
o 220 1.58
o 219 1.58
o 218 1.58
o 217 1.58
o 216 1.58
o 215 1.58
o 214 1.58
o 213 1.58
o 212 1.58
o 211 1.58
o 210 1.58
o 209 1.58
o 208 1.58
o 207 1.58
o 206 1.58
o 205 1.58
o 204 1.58
o 203 1.58
o 202 1.58
o 201 1.59
o 200 1.59
o 199 1.59
o 198 1.59
o 197 1.59
o 196 1.59
o 195 1.59
o 194 1.59
o 193 1.59
o 192 1.59
o 191 1.59
o 190 1.59
o 189 1.59
o 188 1.59
o 187 1.59
o 186 1.59
o 185 1.59
o 184 1.59
o 183 1.59
o 182 1.59
o 181 1.59
o 180 1.59
o 179 1.59
o 178 1.59
o 177 1.59
o 176 1.59
o 175 1.59
o 174 1.59
o 173 1.59
o 172 1.59
o 171 1.59
o 170 1.59
o 169 1.59
o 168 1.59
o 167 1.59
o 166 1.59
o 165 1.59
o 164 1.59
o 163 1.59
o 162 1.59
o 161 1.59
o 160 1.59
o 159 1.59
o 158 1.59
o 157 1.59
o 156 1.59
o 153 1.59
o 152 1.59
o 151 1.59
o 150 1.59
o 149 1.59
o 148 1.59
o 147 1.59
o 146 1.59
o 145 1.59
o 144 1.59
o 143 1.59
o 142 1.59
o 141 1.59
o 140 1.59
o 139 1.59
o 138 1.59
o 137 1.59
o 136 1.59
o 135 1.59
o 134 1.59
o 133 1.59
o 132 1.59
o 131 1.59
o 130 1.59
o 129 1.59
o 128 1.59
o 127 1.59
o 126 1.59
o 125 1.59
o 124 1.59
o 123 1.6
o 122 1.6
o 120 3.79
o 119 7.99
o 118 7.99
o 117 7.99
o 116 7.99
o 115 7.99
o 114 7.99
o 113 7.99
o 112 8.97
o 111 11.94
o 110 11.94
o 109 11.94
o 108 11.94
o 107 11.94
o 106 34.72
o 102 34.72
o 99 164.16
o 98 164.16
o 97 164.16
o 96 164.16
aes-mul_8_11
o 1408 1.58
o 1407 1.58
o 1406 1.58
o 1405 1.58
o 1404 1.58
o 1403 1.58
o 1402 1.58
o 1401 1.58
o 1400 1.58
o 1399 1.58
o 1398 1.58
o 1397 1.58
o 1396 1.58
o 1395 1.58
o 1394 1.58
o 1393 1.58
o 1392 1.58
o 1391 1.58
o 1390 1.58
o 1389 1.58
o 1388 1.58
o 1387 1.58
o 1386 1.58
o 1385 1.58
o 1384 1.58
o 1383 1.58
o 1382 1.58
o 1381 1.58
o 1380 1.58
o 1379 1.58
o 1378 1.58
o 1377 1.58
o 1376 1.58
o 1375 1.58
o 1374 1.58
o 1373 1.58
o 1372 1.58
o 1371 1.58
o 1370 1.58
o 1369 1.58
o 1368 1.58
o 1367 1.58
o 1366 1.58
o 1365 1.58
o 1364 1.58
o 1363 1.58
o 1362 1.58
o 1361 1.58
o 1360 1.58
o 1359 1.58
o 1358 1.58
o 1357 1.58
o 1356 1.58
o 1355 1.58
o 1354 1.58
o 1353 1.58
o 1246 1.58
o 1245 1.58
o 1148 1.58
o 1147 1.58
o 1146 1.58
o 1145 1.58
o 1144 1.58
o 1143 1.58
o 1124 1.58
o 1123 1.58
o 1122 1.58
o 1121 1.58
o 1120 1.58
o 1119 1.58
o 1118 1.58
o 1117 1.58
o 1116 1.58
o 1115 1.58
o 1114 1.58
o 1113 1.58
o 1112 1.58
o 1111 1.58
o 1110 1.58
o 1109 1.58
o 1108 1.58
o 1107 1.58
o 1106 1.58
o 1105 1.58
o 1104 1.58
o 1103 1.58
o 1102 1.58
o 1101 1.58
o 1100 1.58
o 1099 1.58
o 1098 1.58
o 1097 1.58
o 1096 1.58
o 1095 1.58
o 1094 1.58
o 1093 1.58
o 1085 1.58
o 1084 1.58
o 1083 1.58
o 1082 1.58
o 1081 1.58
o 1080 1.58
o 1079 1.58
o 1078 1.58
o 1077 1.58
o 1076 1.58
o 1075 1.58
o 1074 1.58
o 1073 1.58
o 1072 1.58
o 1065 1.58
o 1064 1.58
o 1063 1.58
o 1062 1.58
o 1017 1.58
o 1016 1.58
o 1015 1.58
o 1014 1.58
o 1013 1.58
o 1012 1.58
o 1011 1.58
o 1010 1.58
o 1008 1.58
o 1007 1.58
o 1006 1.58
o 1005 1.58
o 1004 1.58
o 1003 1.58
o 1002 1.58
o 1001 1.58
o 1000 1.58
o 999 1.58
o 998 1.58
o 997 1.58
o 996 1.58
o 995 1.58
o 994 1.58
o 993 1.58
o 992 1.58
o 991 1.58
o 990 1.58
o 989 1.58
o 988 1.58
o 987 1.58
o 986 1.58
o 985 1.58
o 984 1.58
o 983 1.58
o 982 1.58
o 981 1.58
o 980 1.58
o 979 1.58
o 978 1.58
o 977 1.58
o 976 1.58
o 975 1.58
o 927 1.58
o 918 1.58
o 917 1.58
o 916 1.58
o 915 1.58
o 914 1.58
o 913 1.58
o 912 1.58
o 911 1.58
o 776 1.58
o 775 1.58
o 774 1.58
o 773 1.58
o 772 1.58
o 770 1.58
o 769 1.58
o 768 1.58
o 747 1.58
o 746 1.58
o 745 1.58
o 744 1.58
o 743 1.58
o 742 1.58
o 741 1.58
o 740 1.58
o 739 1.58
o 738 1.58
o 699 1.58
o 698 1.58
o 697 1.58
o 696 1.58
o 678 1.58
o 663 1.58
o 662 1.58
o 661 1.58
o 660 1.58
o 659 1.58
o 658 1.58
o 657 1.58
o 656 1.58
o 655 1.58
o 654 1.58
o 653 1.58
o 652 1.58
o 651 1.58
o 650 1.58
o 649 1.58
o 648 1.58
o 647 1.58
o 646 1.58
o 645 1.58
o 644 1.58
o 643 1.58
o 642 1.58
o 636 1.58
o 635 1.58
o 634 1.58
o 633 1.58
o 632 1.58
o 621 1.58
o 620 1.58
o 619 1.58
o 618 1.58
o 617 1.58
o 616 1.58
o 615 1.58
o 614 1.58
o 613 1.58
o 612 1.58
o 611 1.58
o 608 1.58
o 607 1.58
o 606 1.58
o 605 1.58
o 604 1.58
o 603 1.58
o 602 1.58
o 601 1.58
o 600 1.58
o 599 1.58
o 598 1.58
o 597 1.58
o 596 1.58
o 595 1.58
o 594 1.58
o 593 1.58
o 592 1.58
o 591 1.58
o 590 1.58
o 589 1.58
o 583 1.58
o 582 1.58
o 581 1.58
o 580 1.58
o 579 1.58
o 574 1.58
o 573 1.58
o 572 1.58
o 571 1.58
o 570 1.58
o 569 1.58
o 568 1.58
o 567 1.58
o 555 1.58
o 554 1.58
o 553 1.58
o 549 1.58
o 548 1.58
o 542 1.58
o 541 1.58
o 540 1.58
o 539 1.58
o 538 1.58
o 537 1.58
o 535 1.58
o 534 1.58
o 533 1.58
o 532 1.58
o 531 1.58
o 530 1.58
o 529 1.58
o 528 1.58
o 527 1.58
o 526 1.58
o 525 1.58
o 524 1.58
o 523 1.58
o 522 1.58
o 521 1.58
o 520 1.58
o 519 1.58
o 518 1.58
o 517 1.58
o 516 1.58
o 515 1.58
o 514 1.58
o 513 1.58
o 512 1.58
o 511 1.59
o 510 1.59
o 509 1.59
o 508 1.59
o 507 1.59
o 506 1.59
o 505 1.59
o 504 1.59
o 501 1.59
o 500 1.59
o 499 1.59
o 482 1.59
o 464 1.59
o 463 1.59
o 462 1.59
o 461 1.59
o 460 1.59
o 459 1.59
o 458 1.59
o 457 1.59
o 456 1.59
o 455 1.59
o 454 1.59
o 453 1.59
o 452 1.59
o 451 1.59
o 450 1.59
o 437 1.59
o 436 1.59
o 435 1.59
o 434 1.59
o 433 1.59
o 432 1.59
o 431 1.59
o 430 1.59
o 429 1.59
o 428 1.59
o 427 1.59
o 426 1.59
o 425 1.59
o 423 1.59
o 422 1.59
o 421 1.59
o 420 1.59
o 415 1.59
o 414 1.59
o 413 1.59
o 412 1.59
o 411 1.59
o 410 1.59
o 409 1.59
o 408 1.59
o 403 1.59
o 402 1.59
o 401 1.59
o 400 1.59
o 399 1.59
o 398 1.59
o 397 1.59
o 396 1.59
o 395 1.59
o 394 1.59
o 393 1.59
o 392 1.59
o 391 1.59
o 390 1.59
o 387 1.59
o 386 1.59
o 385 1.59
o 384 1.59
o 383 1.59
o 382 1.59
o 381 1.59
o 380 1.59
o 379 1.59
o 378 1.59
o 377 1.59
o 376 1.59
o 372 1.59
o 369 1.59
o 368 1.59
o 367 1.59
o 366 1.59
o 365 1.59
o 364 1.59
o 363 1.59
o 362 1.59
o 361 1.59
o 360 1.59
o 359 1.59
o 358 1.59
o 357 1.59
o 356 1.59
o 355 1.59
o 354 1.59
o 353 1.59
o 352 1.59
o 351 1.59
o 346 1.59
o 345 1.59
o 344 1.59
o 343 1.59
o 342 1.59
o 341 1.59
o 340 1.59
o 339 1.59
o 338 1.59
o 337 1.59
o 336 1.59
o 335 1.59
o 334 1.59
o 333 1.59
o 332 1.59
o 331 1.59
o 330 1.59
o 329 1.59
o 328 1.59
o 327 1.59
o 326 1.59
o 325 1.59
o 324 1.59
o 323 1.59
o 322 1.59
o 321 1.59
o 320 1.59
o 319 1.59
o 317 1.59
o 316 1.59
o 315 1.59
o 314 1.59
o 313 1.59
o 312 1.59
o 311 1.59
o 310 1.59
o 309 1.59
o 308 1.59
o 306 1.59
o 305 1.59
o 304 1.59
o 303 1.59
o 302 1.59
o 297 1.59
o 296 1.59
o 295 1.59
o 294 1.59
o 293 1.59
o 292 1.59
o 291 1.59
o 290 1.59
o 289 1.59
o 288 1.59
o 287 1.59
o 286 1.59
o 285 1.59
o 284 1.59
o 283 1.59
o 282 1.59
o 281 1.59
o 280 1.59
o 279 1.59
o 278 1.59
o 277 1.59
o 276 1.59
o 275 1.59
o 274 1.59
o 273 1.59
o 272 1.59
o 271 1.59
o 270 1.59
o 269 1.59
o 268 1.59
o 267 1.59
o 266 1.59
o 265 1.59
o 264 1.59
o 263 1.59
o 262 1.59
o 261 1.59
o 260 1.59
o 259 1.59
o 258 1.59
o 257 1.59
o 256 1.59
o 255 1.59
o 254 1.59
o 253 1.59
o 252 1.59
o 251 1.59
o 250 1.59
o 249 1.59
o 248 1.59
o 247 1.59
o 246 1.59
o 245 1.59
o 244 1.59
o 243 1.59
o 242 1.59
o 241 1.59
o 240 1.59
o 239 1.59
o 238 1.59
o 237 1.59
o 236 1.59
o 235 1.59
o 234 1.59
o 233 1.59
o 232 1.59
o 231 1.59
o 230 1.59
o 229 1.59
o 228 1.59
o 227 1.59
o 226 1.59
o 225 1.59
o 224 1.59
o 223 1.59
o 222 1.59
o 221 1.59
o 220 1.59
o 219 1.59
o 217 1.59
o 216 1.59
o 215 1.59
o 214 1.59
o 213 1.59
o 212 1.59
o 211 1.59
o 210 1.59
o 209 1.59
o 208 1.59
o 207 1.59
o 206 1.59
o 205 1.59
o 204 1.59
o 203 1.59
o 202 1.59
o 201 1.59
o 200 1.59
o 199 1.59
o 197 1.59
o 196 1.59
o 195 1.59
o 194 1.59
o 193 1.59
o 192 1.59
o 191 1.59
o 190 1.59
o 189 1.59
o 188 1.59
o 187 1.59
o 186 1.59
o 185 1.59
o 184 1.59
o 183 1.59
o 182 1.59
o 181 1.59
o 180 1.59
o 179 1.59
o 178 1.59
o 177 1.59
o 176 1.59
o 175 1.59
o 174 1.59
o 173 1.59
o 172 1.59
o 171 1.59
o 170 1.59
o 169 1.59
o 168 1.59
o 167 1.59
o 166 1.59
o 165 1.59
o 164 1.59
o 161 1.59
o 160 1.59
o 159 1.59
o 157 1.59
o 156 1.59
o 155 1.59
o 154 1.59
o 153 1.59
o 152 1.59
o 151 1.59
o 150 1.59
o 149 1.59
o 148 1.59
o 147 1.6
o 146 1.6
o 145 1.6
o 144 1.6
o 143 1.6
o 142 1.6
o 141 1.6
o 140 1.6
o 139 1.6
o 138 1.6
o 137 1.61
o 136 1.61
o 135 3.1
o 132 3.1
o 130 3.1
o 129 3.12
o 128 3.12
o 127 3.12
o 126 3.12
o 125 3.12
o 124 3.12
o 121 3.12
o 120 3.12
o 119 3.12
o 118 3.12
o 117 3.12
o 116 3.12
o 115 3.12
o 114 6.42
o 113 6.42
o 112 6.42
o 111 6.42
o 110 25.05
o 109 25.05
o 108 45.97
o 107 45.97
o 106 45.97
o 104 45.97
o 102 174.76
o 101 174.76
o 100 174.76
o 99 174.76
o 98 174.76
o 97 174.76
o 96 174.76
o 95 174.76
o 94 174.76
o 92 174.76
o 91 174.76
aes-mul_8_11
o 1408 1.51
o 1407 1.51
o 1406 1.51
o 1405 1.51
o 1404 1.51
o 1403 1.51
o 1402 1.51
o 1401 1.51
o 1400 1.51
o 1399 1.51
o 1398 1.51
o 1397 1.51
o 1396 1.51
o 1395 1.51
o 1394 1.51
o 1393 1.51
o 1392 1.51
o 1391 1.51
o 1390 1.51
o 1389 1.51
o 1388 1.51
o 1387 1.51
o 1386 1.51
o 1385 1.51
o 1384 1.51
o 1383 1.51
o 1382 1.51
o 1381 1.51
o 1380 1.51
o 1379 1.51
o 1378 1.51
o 1377 1.51
o 1376 1.51
o 1375 1.51
o 1374 1.51
o 1368 1.51
o 1367 1.51
o 1366 1.51
o 1365 1.51
o 1364 1.51
o 1363 1.51
o 1362 1.51
o 1361 1.51
o 1360 1.51
o 1359 1.51
o 1358 1.51
o 1357 1.51
o 1356 1.51
o 1355 1.51
o 1262 1.51
o 1261 1.51
o 1260 1.51
o 1259 1.51
o 1258 1.51
o 1257 1.51
o 1256 1.51
o 1255 1.51
o 1254 1.51
o 1253 1.51
o 1252 1.51
o 1251 1.51
o 1250 1.51
o 1249 1.51
o 1248 1.51
o 1247 1.51
o 1246 1.51
o 1245 1.51
o 1244 1.51
o 1243 1.51
o 1242 1.51
o 1241 1.51
o 1240 1.51
o 1239 1.51
o 1238 1.51
o 1237 1.51
o 1236 1.51
o 1235 1.51
o 1234 1.51
o 1233 1.51
o 1232 1.51
o 1231 1.51
o 1230 1.51
o 1229 1.51
o 1228 1.51
o 1227 1.51
o 1226 1.51
o 1225 1.51
o 1224 1.51
o 1223 1.51
o 1222 1.51
o 1221 1.51
o 1220 1.51
o 1219 1.51
o 1218 1.51
o 1217 1.51
o 1216 1.51
o 1215 1.51
o 1214 1.51
o 1213 1.51
o 1212 1.51
o 1211 1.51
o 1210 1.51
o 1209 1.51
o 1208 1.51
o 1207 1.51
o 1206 1.51
o 1205 1.51
o 1204 1.51
o 1203 1.51
o 1202 1.51
o 1201 1.51
o 1200 1.51
o 1199 1.51
o 1198 1.51
o 1197 1.51
o 1196 1.51
o 1195 1.51
o 1194 1.51
o 1193 1.51
o 1192 1.51
o 1191 1.51
o 1190 1.51
o 1171 1.51
o 1170 1.51
o 1169 1.51
o 1168 1.51
o 1167 1.51
o 1166 1.51
o 1165 1.51
o 1164 1.51
o 1163 1.51
o 1162 1.51
o 1161 1.51
o 1160 1.51
o 1159 1.51
o 1158 1.51
o 1157 1.51
o 1156 1.51
o 1155 1.51
o 1154 1.51
o 1153 1.51
o 1152 1.51
o 1151 1.51
o 1150 1.51
o 1114 1.51
o 1113 1.51
o 1112 1.51
o 1111 1.51
o 1110 1.51
o 1109 1.51
o 1108 1.51
o 1107 1.51
o 1106 1.51
o 1105 1.51
o 1104 1.51
o 1103 1.51
o 1102 1.51
o 1101 1.51
o 1063 1.51
o 1062 1.51
o 1061 1.51
o 1060 1.51
o 1059 1.51
o 1058 1.51
o 1057 1.51
o 1056 1.51
o 1055 1.51
o 1054 1.51
o 1053 1.51
o 1052 1.51
o 1051 1.51
o 1050 1.51
o 1049 1.51
o 1048 1.51
o 1040 1.51
o 1039 1.51
o 1038 1.51
o 1037 1.51
o 1036 1.51
o 1035 1.51
o 1034 1.51
o 1033 1.51
o 1032 1.51
o 1031 1.51
o 1030 1.51
o 1029 1.51
o 1028 1.51
o 1027 1.51
o 1026 1.51
o 1025 1.51
o 1024 1.51
o 1023 1.51
o 1022 1.51
o 1021 1.51
o 1020 1.51
o 1019 1.51
o 1018 1.51
o 1017 1.51
o 1016 1.51
o 1015 1.51
o 1014 1.51
o 1013 1.51
o 1012 1.51
o 1011 1.51
o 1010 1.51
o 1009 1.51
o 1003 1.51
o 1002 1.51
o 1001 1.51
o 1000 1.51
o 999 1.51
o 998 1.51
o 997 1.51
o 994 1.51
o 993 1.51
o 992 1.51
o 991 1.51
o 990 1.51
o 989 1.51
o 988 1.51
o 987 1.51
o 986 1.51
o 985 1.51
o 984 1.51
o 983 1.51
o 982 1.51
o 981 1.51
o 980 1.51
o 979 1.51
o 978 1.51
o 977 1.51
o 976 1.51
o 975 1.51
o 974 1.51
o 973 1.51
o 972 1.51
o 971 1.51
o 970 1.51
o 969 1.51
o 953 1.51
o 952 1.51
o 951 1.51
o 950 1.51
o 949 1.51
o 948 1.51
o 947 1.51
o 946 1.51
o 945 1.51
o 944 1.51
o 943 1.51
o 942 1.51
o 941 1.51
o 940 1.51
o 939 1.51
o 938 1.51
o 937 1.51
o 936 1.51
o 935 1.51
o 934 1.51
o 933 1.51
o 932 1.51
o 931 1.51
o 930 1.51
o 929 1.51
o 928 1.51
o 927 1.51
o 926 1.51
o 925 1.51
o 924 1.51
o 923 1.51
o 922 1.51
o 921 1.51
o 920 1.51
o 919 1.51
o 918 1.51
o 917 1.51
o 916 1.51
o 915 1.51
o 914 1.51
o 913 1.51
o 912 1.51
o 911 1.51
o 910 1.51
o 909 1.51
o 908 1.51
o 907 1.51
o 903 1.51
o 902 1.51
o 901 1.51
o 900 1.51
o 887 1.51
o 886 1.51
o 885 1.51
o 884 1.51
o 883 1.51
o 882 1.51
o 881 1.51
o 880 1.51
o 879 1.51
o 878 1.51
o 877 1.51
o 876 1.51
o 875 1.51
o 874 1.51
o 873 1.51
o 872 1.51
o 871 1.51
o 870 1.51
o 836 1.51
o 833 1.51
o 832 1.51
o 831 1.51
o 830 1.51
o 827 1.51
o 826 1.51
o 825 1.51
o 797 1.51
o 796 1.51
o 795 1.51
o 794 1.51
o 793 1.51
o 792 1.51
o 791 1.51
o 745 1.51
o 744 1.51
o 743 1.51
o 742 1.51
o 741 1.51
o 740 1.51
o 739 1.51
o 729 1.51
o 728 1.51
o 718 1.51
o 717 1.51
o 716 1.51
o 715 1.51
o 714 1.51
o 680 1.51
o 679 1.51
o 678 1.51
o 677 1.51
o 676 1.51
o 675 1.51
o 674 1.51
o 673 1.51
o 672 1.51
o 671 1.51
o 670 1.51
o 669 1.51
o 668 1.51
o 666 1.51
o 665 1.51
o 643 1.52
o 642 1.52
o 641 1.52
o 640 1.52
o 639 1.52
o 637 1.52
o 636 1.52
o 635 1.52
o 634 1.52
o 633 1.52
o 632 1.52
o 631 1.52
o 630 1.52
o 629 1.52
o 628 1.52
o 627 1.52
o 626 1.52
o 625 1.52
o 624 1.52
o 623 1.52
o 622 1.52
o 621 1.52
o 620 1.52
o 619 1.52
o 618 1.52
o 617 1.52
o 616 1.52
o 615 1.52
o 614 1.52
o 613 1.52
o 612 1.52
o 611 1.52
o 610 1.52
o 609 1.52
o 608 1.52
o 607 1.52
o 606 1.52
o 605 1.52
o 604 1.52
o 603 1.52
o 602 1.52
o 601 1.52
o 600 1.52
o 575 1.52
o 574 1.52
o 562 1.52
o 561 1.52
o 560 1.52
o 559 1.52
o 558 1.52
o 557 1.52
o 556 1.52
o 555 1.52
o 554 1.52
o 553 1.52
o 552 1.52
o 551 1.52
o 550 1.52
o 546 1.52
o 545 1.52
o 542 1.52
o 541 1.52
o 539 1.52
o 538 1.52
o 537 1.52
o 536 1.52
o 535 1.52
o 534 1.52
o 533 1.52
o 532 1.52
o 531 1.52
o 530 1.52
o 529 1.52
o 528 1.52
o 527 1.52
o 526 1.52
o 525 1.52
o 524 1.52
o 523 1.52
o 522 1.52
o 521 1.52
o 520 1.52
o 519 1.52
o 517 1.52
o 516 1.52
o 514 1.52
o 513 1.52
o 512 1.52
o 511 1.52
o 505 1.52
o 504 1.52
o 503 1.52
o 502 1.52
o 501 1.52
o 500 1.52
o 499 1.52
o 498 1.52
o 497 1.52
o 495 1.52
o 494 1.52
o 489 1.52
o 488 1.52
o 487 1.52
o 486 1.52
o 485 1.52
o 484 1.52
o 483 1.52
o 482 1.52
o 475 1.52
o 474 1.52
o 473 1.52
o 472 1.52
o 471 1.52
o 470 1.52
o 469 1.52
o 468 1.52
o 465 1.52
o 464 1.52
o 463 1.52
o 462 1.52
o 461 1.52
o 460 1.52
o 459 1.52
o 458 1.52
o 457 1.52
o 453 1.52
o 452 1.52
o 451 1.52
o 450 1.52
o 449 1.52
o 448 1.52
o 447 1.52
o 446 1.52
o 445 1.52
o 444 1.52
o 443 1.52
o 442 1.52
o 441 1.52
o 440 1.52
o 439 1.52
o 438 1.52
o 437 1.52
o 436 1.52
o 435 1.52
o 434 1.52
o 433 1.52
o 432 1.52
o 431 1.52
o 430 1.52
o 429 1.52
o 428 1.52
o 427 1.52
o 426 1.52
o 425 1.52
o 424 1.52
o 423 1.52
o 421 1.52
o 420 1.52
o 419 1.52
o 418 1.52
o 408 1.52
o 407 1.52
o 406 1.52
o 405 1.52
o 404 1.52
o 403 1.52
o 402 1.52
o 401 1.52
o 400 1.52
o 399 1.52
o 398 1.52
o 397 1.52
o 396 1.52
o 395 1.52
o 393 1.52
o 392 1.52
o 391 1.52
o 390 1.52
o 389 1.52
o 388 1.52
o 387 1.52
o 385 1.52
o 384 1.52
o 383 1.52
o 382 1.52
o 381 1.52
o 380 1.52
o 379 1.52
o 378 1.52
o 377 1.52
o 376 1.52
o 375 1.52
o 374 1.52
o 373 1.52
o 372 1.52
o 371 1.52
o 370 1.52
o 369 1.52
o 365 1.52
o 364 1.52
o 363 1.52
o 362 1.52
o 361 1.52
o 360 1.52
o 359 1.52
o 358 1.52
o 357 1.52
o 356 1.52
o 355 1.52
o 354 1.52
o 353 1.52
o 352 1.52
o 351 1.52
o 350 1.52
o 349 1.52
o 348 1.52
o 347 1.52
o 346 1.52
o 345 1.52
o 344 1.52
o 343 1.52
o 342 1.52
o 341 1.52
o 340 1.52
o 339 1.52
o 336 1.52
o 335 1.52
o 334 1.52
o 333 1.52
o 332 1.52
o 331 1.52
o 330 1.52
o 329 1.52
o 328 1.52
o 327 1.52
o 326 1.52
o 325 1.52
o 324 1.52
o 323 1.52
o 322 1.52
o 321 1.52
o 320 1.52
o 319 1.52
o 318 1.52
o 317 1.52
o 316 1.52
o 315 1.52
o 314 1.52
o 313 1.52
o 312 1.52
o 311 1.52
o 310 1.52
o 309 1.52
o 308 1.52
o 307 1.52
o 306 1.52
o 305 1.52
o 304 1.52
o 303 1.52
o 302 1.52
o 301 1.52
o 300 1.52
o 299 1.52
o 298 1.52
o 297 1.52
o 296 1.52
o 295 1.52
o 294 1.52
o 293 1.52
o 292 1.52
o 291 1.52
o 290 1.52
o 289 1.52
o 288 1.52
o 287 1.52
o 286 1.52
o 285 1.52
o 284 1.52
o 283 1.52
o 282 1.52
o 281 1.52
o 280 1.52
o 279 1.52
o 278 1.52
o 277 1.52
o 276 1.52
o 275 1.52
o 274 1.52
o 273 1.52
o 272 1.52
o 271 1.52
o 270 1.52
o 269 1.52
o 268 1.52
o 267 1.52
o 266 1.52
o 265 1.52
o 264 1.52
o 263 1.52
o 262 1.52
o 261 1.52
o 260 1.52
o 259 1.52
o 258 1.52
o 257 1.52
o 256 1.52
o 255 1.52
o 254 1.52
o 253 1.52
o 252 1.52
o 251 1.52
o 250 1.52
o 249 1.52
o 248 1.52
o 247 1.52
o 246 1.52
o 245 1.52
o 244 1.52
o 243 1.52
o 242 1.52
o 241 1.52
o 240 1.52
o 239 1.52
o 238 1.52
o 237 1.52
o 236 1.52
o 235 1.52
o 234 1.52
o 233 1.52
o 232 1.52
o 231 1.52
o 230 1.52
o 229 1.52
o 228 1.52
o 227 1.52
o 226 1.52
o 225 1.52
o 224 1.52
o 223 1.52
o 222 1.52
o 221 1.52
o 220 1.52
o 217 1.52
o 216 1.52
o 215 1.52
o 214 1.52
o 213 1.52
o 212 1.52
o 211 1.52
o 210 1.52
o 209 1.52
o 208 1.52
o 207 1.52
o 206 1.52
o 205 1.52
o 204 1.52
o 203 1.52
o 202 1.52
o 201 1.52
o 200 1.52
o 199 1.52
o 198 1.52
o 197 1.52
o 196 1.52
o 195 1.52
o 194 1.52
o 193 1.53
o 192 1.53
o 191 1.53
o 190 1.53
o 189 1.53
o 188 1.53
o 187 1.53
o 186 1.53
o 185 1.53
o 184 1.53
o 183 1.53
o 182 1.53
o 181 1.53
o 180 1.53
o 179 1.53
o 178 1.53
o 177 1.53
o 176 1.53
o 175 1.53
o 174 1.53
o 173 1.53
o 172 1.53
o 171 1.53
o 170 1.53
o 169 1.53
o 168 1.53
o 167 1.53
o 166 1.53
o 165 1.53
o 164 1.53
o 163 1.53
o 162 1.53
o 161 1.53
o 160 1.53
o 159 1.53
o 158 1.53
o 157 1.53
o 156 1.53
o 155 1.53
o 154 1.53
o 153 1.53
o 152 1.53
o 151 1.53
o 150 1.53
o 149 1.53
o 148 1.53
o 147 1.53
o 146 1.53
o 145 1.53
o 144 1.53
o 143 1.53
o 142 1.53
o 141 1.53
o 140 1.53
o 139 1.53
o 138 1.53
o 137 1.53
o 136 1.53
o 135 1.53
o 134 1.53
o 133 1.53
o 132 1.53
o 131 1.53
o 130 1.53
o 129 1.53
o 128 1.53
o 127 1.53
o 126 1.53
o 125 1.53
o 124 1.53
o 123 1.53
o 121 1.53
o 120 1.53
o 119 1.53
o 118 1.53
o 117 1.53
o 116 1.53
o 113 5.19
o 111 5.19
o 110 14.8
o 109 23.73
o 108 23.73
o 107 23.73
o 106 50.45
o 105 166.88
o 104 170.65
o 103 179.39
o 102 179.39
o 101 216.41
o 100 216.41
o 99 216.41
o 98 216.41
o 97 216.41
o 96 258.79
o 95 258.79
aes-mul_8_11
o 1408 1.45
o 1407 1.45
o 1406 1.45
o 1405 1.45
o 1404 1.45
o 1403 1.45
o 1402 1.45
o 1401 1.45
o 1400 1.45
o 1399 1.45
o 1398 1.45
o 1397 1.45
o 1396 1.45
o 1395 1.45
o 1394 1.45
o 1393 1.45
o 1392 1.45
o 1391 1.45
o 1390 1.45
o 1389 1.45
o 1388 1.45
o 1387 1.45
o 1386 1.45
o 1385 1.45
o 1384 1.45
o 1383 1.45
o 1382 1.45
o 1381 1.45
o 1380 1.45
o 1379 1.45
o 1378 1.45
o 1377 1.45
o 1374 1.45
o 1373 1.45
o 1372 1.45
o 1315 1.45
o 1314 1.45
o 1313 1.45
o 1312 1.45
o 1311 1.45
o 1310 1.45
o 1309 1.45
o 1308 1.45
o 1307 1.45
o 1306 1.45
o 1305 1.45
o 1304 1.45
o 1303 1.45
o 1302 1.45
o 1301 1.45
o 1300 1.45
o 1299 1.45
o 1298 1.45
o 1297 1.45
o 1296 1.45
o 1295 1.45
o 1294 1.45
o 1293 1.45
o 1292 1.45
o 1291 1.45
o 1290 1.45
o 1289 1.45
o 1288 1.45
o 1287 1.45
o 1286 1.45
o 1285 1.45
o 1284 1.45
o 1283 1.45
o 1282 1.45
o 1281 1.45
o 1280 1.45
o 1279 1.45
o 1278 1.45
o 1277 1.45
o 1276 1.45
o 1275 1.45
o 1274 1.45
o 1273 1.45
o 1272 1.45
o 1271 1.45
o 1270 1.45
o 1269 1.45
o 1268 1.45
o 1267 1.45
o 1266 1.45
o 1265 1.45
o 1264 1.45
o 1263 1.45
o 1262 1.45
o 1261 1.45
o 1260 1.45
o 1259 1.45
o 1258 1.45
o 1257 1.45
o 1256 1.45
o 1255 1.45
o 1254 1.45
o 1253 1.45
o 1252 1.45
o 1251 1.45
o 1250 1.45
o 1249 1.45
o 1248 1.45
o 1247 1.45
o 1246 1.45
o 1245 1.45
o 1244 1.45
o 1243 1.45
o 1242 1.45
o 1241 1.45
o 1240 1.45
o 1239 1.45
o 1238 1.45
o 1237 1.45
o 1236 1.45
o 1235 1.45
o 1234 1.45
o 1233 1.45
o 1232 1.45
o 1231 1.45
o 1230 1.45
o 1229 1.45
o 1228 1.45
o 1227 1.45
o 1226 1.45
o 1225 1.45
o 1224 1.45
o 1223 1.45
o 1222 1.45
o 1221 1.45
o 1220 1.45
o 1219 1.45
o 1218 1.45
o 1217 1.45
o 1216 1.45
o 1215 1.45
o 1214 1.45
o 1213 1.45
o 1208 1.45
o 1207 1.45
o 1206 1.45
o 1205 1.45
o 1204 1.45
o 1203 1.45
o 1202 1.45
o 1201 1.45
o 1200 1.45
o 1199 1.45
o 1198 1.45
o 1197 1.45
o 1196 1.45
o 1195 1.45
o 1194 1.45
o 1193 1.45
o 1192 1.45
o 1191 1.45
o 1190 1.45
o 1187 1.45
o 1186 1.45
o 1185 1.45
o 1184 1.45
o 1183 1.45
o 1182 1.45
o 1181 1.45
o 1180 1.45
o 1179 1.45
o 1178 1.45
o 1177 1.45
o 1078 1.45
o 1077 1.45
o 1076 1.45
o 1075 1.45
o 1074 1.45
o 1073 1.45
o 1072 1.45
o 1071 1.45
o 1070 1.45
o 1066 1.45
o 1062 1.45
o 1061 1.45
o 1060 1.45
o 1059 1.45
o 1058 1.45
o 1057 1.45
o 1056 1.45
o 1055 1.45
o 1054 1.45
o 1053 1.45
o 1052 1.45
o 1051 1.45
o 1050 1.45
o 1049 1.45
o 1048 1.45
o 1047 1.45
o 1046 1.45
o 1045 1.45
o 1044 1.45
o 1043 1.45
o 1042 1.45
o 1041 1.45
o 1040 1.45
o 1039 1.45
o 1038 1.45
o 1037 1.45
o 1004 1.45
o 1003 1.45
o 1002 1.45
o 1001 1.45
o 1000 1.45
o 998 1.45
o 997 1.45
o 996 1.45
o 995 1.45
o 994 1.45
o 993 1.45
o 992 1.45
o 991 1.45
o 990 1.45
o 989 1.45
o 968 1.45
o 947 1.45
o 946 1.45
o 945 1.45
o 944 1.45
o 943 1.45
o 942 1.45
o 938 1.45
o 937 1.45
o 936 1.45
o 935 1.45
o 934 1.45
o 933 1.45
o 932 1.45
o 931 1.45
o 930 1.45
o 929 1.45
o 928 1.45
o 859 1.45
o 858 1.45
o 857 1.45
o 856 1.45
o 855 1.45
o 854 1.45
o 853 1.45
o 852 1.45
o 851 1.45
o 850 1.45
o 849 1.45
o 840 1.45
o 839 1.45
o 838 1.45
o 837 1.45
o 836 1.45
o 835 1.45
o 789 1.45
o 788 1.45
o 787 1.45
o 786 1.45
o 785 1.45
o 784 1.45
o 783 1.45
o 781 1.45
o 737 1.45
o 736 1.45
o 735 1.45
o 734 1.45
o 729 1.45
o 728 1.45
o 727 1.45
o 726 1.45
o 725 1.45
o 724 1.45
o 723 1.45
o 722 1.45
o 721 1.45
o 720 1.45
o 719 1.45
o 718 1.45
o 717 1.45
o 716 1.45
o 715 1.45
o 714 1.45
o 713 1.45
o 712 1.45
o 711 1.45
o 710 1.45
o 709 1.45
o 708 1.45
o 707 1.45
o 706 1.45
o 705 1.45
o 704 1.45
o 703 1.45
o 702 1.45
o 701 1.45
o 700 1.45
o 699 1.45
o 698 1.45
o 697 1.45
o 696 1.45
o 695 1.45
o 694 1.45
o 663 1.46
o 662 1.46
o 626 1.46
o 625 1.46
o 624 1.46
o 623 1.46
o 621 1.46
o 620 1.46
o 619 1.46
o 618 1.46
o 617 1.46
o 616 1.46
o 613 1.46
o 612 1.46
o 611 1.46
o 610 1.46
o 609 1.46
o 608 1.46
o 607 1.46
o 606 1.46
o 605 1.46
o 604 1.46
o 603 1.46
o 602 1.46
o 601 1.46
o 595 1.46
o 594 1.46
o 593 1.46
o 592 1.46
o 591 1.46
o 590 1.46
o 589 1.46
o 588 1.46
o 587 1.46
o 586 1.46
o 585 1.46
o 584 1.46
o 559 1.46
o 558 1.46
o 557 1.46
o 556 1.46
o 555 1.46
o 554 1.46
o 553 1.46
o 552 1.46
o 551 1.46
o 550 1.46
o 549 1.46
o 544 1.46
o 543 1.46
o 542 1.46
o 541 1.46
o 540 1.46
o 539 1.46
o 538 1.46
o 536 1.46
o 535 1.46
o 534 1.46
o 514 1.46
o 513 1.46
o 512 1.46
o 511 1.46
o 510 1.46
o 509 1.46
o 508 1.46
o 507 1.46
o 506 1.46
o 505 1.46
o 491 1.46
o 490 1.46
o 489 1.46
o 488 1.46
o 487 1.46
o 486 1.46
o 480 1.46
o 479 1.46
o 478 1.46
o 477 1.46
o 476 1.46
o 475 1.46
o 474 1.46
o 473 1.46
o 472 1.46
o 471 1.46
o 470 1.46
o 462 1.46
o 461 1.46
o 460 1.46
o 459 1.46
o 458 1.46
o 457 1.46
o 456 1.46
o 455 1.46
o 454 1.46
o 451 1.46
o 450 1.46
o 449 1.46
o 448 1.46
o 447 1.46
o 446 1.46
o 445 1.46
o 444 1.46
o 443 1.46
o 442 1.46
o 441 1.46
o 440 1.46
o 439 1.46
o 438 1.46
o 437 1.46
o 436 1.46
o 431 1.46
o 430 1.46
o 429 1.46
o 428 1.46
o 427 1.46
o 426 1.46
o 425 1.46
o 424 1.46
o 423 1.46
o 413 1.46
o 410 1.46
o 409 1.46
o 408 1.46
o 407 1.46
o 406 1.46
o 405 1.46
o 404 1.46
o 403 1.46
o 402 1.46
o 401 1.46
o 400 1.46
o 399 1.46
o 398 1.46
o 397 1.46
o 396 1.46
o 395 1.46
o 394 1.46
o 393 1.46
o 392 1.46
o 391 1.46
o 390 1.46
o 389 1.46
o 388 1.46
o 387 1.46
o 386 1.46
o 385 1.46
o 384 1.46
o 383 1.46
o 382 1.46
o 381 1.46
o 380 1.46
o 379 1.46
o 378 1.46
o 377 1.46
o 376 1.46
o 375 1.46
o 374 1.46
o 373 1.46
o 372 1.46
o 371 1.46
o 370 1.46
o 369 1.46
o 368 1.46
o 367 1.46
o 365 1.46
o 364 1.46
o 363 1.46
o 362 1.46
o 361 1.46
o 360 1.46
o 358 1.46
o 357 1.46
o 356 1.46
o 355 1.46
o 354 1.46
o 353 1.46
o 352 1.46
o 351 1.46
o 350 1.46
o 349 1.46
o 348 1.46
o 347 1.46
o 346 1.46
o 345 1.46
o 344 1.46
o 343 1.46
o 342 1.46
o 341 1.46
o 340 1.46
o 339 1.46
o 338 1.46
o 337 1.46
o 336 1.46
o 335 1.46
o 334 1.46
o 333 1.46
o 332 1.46
o 331 1.46
o 330 1.46
o 329 1.46
o 328 1.46
o 327 1.46
o 326 1.46
o 325 1.46
o 324 1.46
o 323 1.46
o 322 1.46
o 320 1.46
o 319 1.46
o 318 1.46
o 317 1.46
o 316 1.46
o 315 1.46
o 314 1.46
o 313 1.46
o 312 1.46
o 311 1.46
o 310 1.46
o 309 1.46
o 308 1.46
o 307 1.46
o 306 1.46
o 305 1.46
o 304 1.46
o 303 1.46
o 302 1.46
o 301 1.46
o 300 1.46
o 299 1.46
o 298 1.46
o 297 1.46
o 296 1.46
o 295 1.46
o 294 1.46
o 293 1.46
o 292 1.46
o 291 1.46
o 290 1.46
o 289 1.46
o 288 1.46
o 287 1.46
o 286 1.46
o 285 1.46
o 284 1.46
o 283 1.46
o 282 1.46
o 281 1.46
o 280 1.46
o 279 1.46
o 278 1.46
o 277 1.46
o 276 1.46
o 275 1.46
o 274 1.46
o 273 1.46
o 272 1.46
o 271 1.46
o 270 1.46
o 269 1.46
o 268 1.46
o 267 1.46
o 266 1.46
o 265 1.46
o 264 1.46
o 263 1.46
o 262 1.46
o 261 1.46
o 260 1.46
o 259 1.46
o 258 1.46
o 257 1.46
o 256 1.46
o 255 1.46
o 254 1.46
o 253 1.46
o 252 1.46
o 251 1.46
o 250 1.46
o 249 1.46
o 248 1.46
o 247 1.46
o 246 1.46
o 245 1.46
o 244 1.46
o 243 1.46
o 242 1.46
o 241 1.46
o 240 1.46
o 239 1.46
o 238 1.46
o 237 1.46
o 236 1.46
o 235 1.46
o 234 1.46
o 233 1.46
o 232 1.46
o 231 1.46
o 230 1.46
o 229 1.46
o 228 1.46
o 227 1.46
o 226 1.46
o 225 1.46
o 224 1.46
o 223 1.46
o 222 1.46
o 221 1.46
o 220 1.46
o 219 1.46
o 218 1.46
o 217 1.46
o 216 1.46
o 215 1.46
o 214 1.46
o 213 1.46
o 212 1.46
o 211 1.46
o 210 1.46
o 209 1.46
o 208 1.46
o 207 1.46
o 206 1.46
o 205 1.46
o 204 1.46
o 203 1.46
o 202 1.46
o 201 1.46
o 200 1.46
o 199 1.46
o 198 1.46
o 197 1.46
o 196 1.46
o 195 1.46
o 194 1.46
o 193 1.46
o 192 1.46
o 191 1.46
o 190 1.46
o 189 1.46
o 188 1.46
o 187 1.46
o 186 1.46
o 185 1.46
o 184 1.46
o 183 1.46
o 182 1.47
o 181 1.47
o 180 1.47
o 179 1.47
o 178 1.47
o 177 1.47
o 176 1.47
o 175 1.47
o 174 1.47
o 173 1.47
o 172 1.47
o 171 1.47
o 170 1.47
o 169 1.47
o 168 1.47
o 167 1.47
o 166 1.47
o 165 1.47
o 164 1.47
o 163 1.47
o 162 1.47
o 161 1.47
o 160 1.47
o 159 1.47
o 158 1.47
o 157 1.47
o 156 1.47
o 155 1.47
o 154 1.47
o 153 1.47
o 152 1.47
o 151 1.47
o 150 1.47
o 149 1.47
o 148 1.47
o 147 1.47
o 146 1.47
o 145 1.47
o 141 1.47
o 140 1.47
o 139 1.47
o 138 1.47
o 137 1.47
o 136 1.47
o 135 1.47
o 134 1.47
o 133 2.8
o 126 4.12
o 125 4.12
o 124 4.12
o 123 4.12
o 122 4.12
o 121 4.12
o 120 4.12
o 119 4.25
o 118 4.25
o 117 4.42
o 116 5.55
o 114 5.55
o 113 5.55
o 112 5.55
o 111 5.55
o 110 5.55
o 109 15.81
o 108 15.81
o 107 15.81
o 106 15.81
o 105 15.81
o 104 15.81
o 103 15.81
o 102 87.11
o 101 87.11
o 100 87.11
o 96 217.6
o 95 217.6
o 94 217.6
o 93 217.6
aes-mul_8_11
o 1408 1.52
o 1407 1.52
o 1406 1.52
o 1405 1.52
o 1404 1.52
o 1403 1.52
o 1402 1.52
o 1401 1.52
o 1400 1.52
o 1399 1.52
o 1398 1.52
o 1397 1.52
o 1396 1.52
o 1395 1.52
o 1394 1.52
o 1393 1.52
o 1392 1.52
o 1391 1.52
o 1390 1.52
o 1389 1.52
o 1388 1.52
o 1387 1.52
o 1386 1.52
o 1385 1.52
o 1384 1.52
o 1383 1.52
o 1382 1.52
o 1381 1.52
o 1380 1.52
o 1379 1.52
o 1378 1.52
o 1377 1.52
o 1291 1.52
o 1290 1.52
o 1262 1.52
o 1261 1.52
o 1260 1.52
o 1092 1.52
o 1091 1.52
o 1090 1.52
o 1089 1.52
o 1088 1.52
o 1087 1.52
o 1086 1.52
o 1085 1.52
o 1084 1.52
o 1083 1.52
o 1082 1.52
o 1081 1.52
o 1080 1.52
o 1079 1.52
o 1078 1.52
o 1077 1.52
o 1076 1.52
o 1075 1.52
o 1074 1.52
o 1073 1.52
o 1072 1.52
o 1071 1.52
o 1070 1.52
o 1069 1.52
o 1068 1.52
o 1067 1.52
o 1066 1.52
o 1065 1.52
o 1064 1.52
o 1063 1.52
o 1062 1.52
o 1061 1.52
o 981 1.52
o 980 1.52
o 922 1.52
o 921 1.52
o 920 1.52
o 919 1.52
o 918 1.52
o 917 1.52
o 914 1.52
o 913 1.52
o 912 1.52
o 911 1.52
o 910 1.52
o 909 1.52
o 908 1.52
o 907 1.52
o 906 1.52
o 893 1.52
o 866 1.52
o 865 1.52
o 864 1.52
o 863 1.52
o 862 1.52
o 861 1.52
o 860 1.52
o 857 1.52
o 856 1.52
o 855 1.52
o 854 1.52
o 853 1.52
o 852 1.52
o 851 1.52
o 827 1.52
o 822 1.52
o 821 1.52
o 820 1.52
o 819 1.52
o 818 1.52
o 817 1.52
o 775 1.52
o 774 1.52
o 773 1.52
o 772 1.52
o 771 1.52
o 770 1.52
o 769 1.52
o 758 1.52
o 757 1.52
o 756 1.52
o 755 1.52
o 754 1.52
o 753 1.52
o 752 1.52
o 751 1.52
o 750 1.52
o 749 1.52
o 748 1.52
o 747 1.52
o 746 1.52
o 745 1.52
o 744 1.52
o 740 1.52
o 739 1.52
o 738 1.52
o 737 1.52
o 736 1.52
o 735 1.52
o 734 1.52
o 733 1.52
o 732 1.52
o 731 1.52
o 730 1.52
o 729 1.52
o 728 1.52
o 727 1.52
o 726 1.52
o 724 1.52
o 654 1.52
o 653 1.52
o 652 1.52
o 651 1.52
o 650 1.52
o 649 1.52
o 647 1.52
o 646 1.52
o 645 1.52
o 644 1.52
o 643 1.52
o 639 1.52
o 638 1.52
o 637 1.52
o 636 1.52
o 635 1.52
o 634 1.52
o 633 1.52
o 632 1.52
o 631 1.52
o 630 1.52
o 629 1.52
o 628 1.52
o 627 1.52
o 626 1.52
o 625 1.52
o 624 1.53
o 623 1.53
o 622 1.53
o 621 1.53
o 620 1.53
o 619 1.53
o 618 1.53
o 617 1.53
o 616 1.53
o 609 1.53
o 608 1.53
o 607 1.53
o 606 1.53
o 605 1.53
o 604 1.53
o 603 1.53
o 602 1.53
o 601 1.53
o 600 1.53
o 598 1.53
o 597 1.53
o 596 1.53
o 595 1.53
o 594 1.53
o 593 1.53
o 592 1.53
o 591 1.53
o 590 1.53
o 588 1.53
o 582 1.53
o 581 1.53
o 580 1.53
o 579 1.53
o 578 1.53
o 577 1.53
o 560 1.53
o 559 1.53
o 558 1.53
o 557 1.53
o 556 1.53
o 555 1.53
o 554 1.53
o 548 1.53
o 547 1.53
o 546 1.53
o 545 1.53
o 539 1.53
o 538 1.53
o 537 1.53
o 536 1.53
o 535 1.53
o 534 1.53
o 533 1.53
o 532 1.53
o 531 1.53
o 530 1.53
o 529 1.53
o 528 1.53
o 527 1.53
o 526 1.53
o 525 1.53
o 524 1.53
o 523 1.53
o 522 1.53
o 521 1.53
o 515 1.53
o 514 1.53
o 513 1.53
o 512 1.53
o 511 1.53
o 510 1.53
o 509 1.53
o 508 1.53
o 507 1.53
o 504 1.53
o 503 1.53
o 502 1.53
o 501 1.53
o 500 1.53
o 499 1.53
o 498 1.53
o 497 1.53
o 496 1.53
o 495 1.53
o 494 1.53
o 493 1.53
o 492 1.53
o 491 1.53
o 490 1.53
o 489 1.53
o 488 1.53
o 487 1.53
o 486 1.53
o 485 1.53
o 484 1.53
o 483 1.53
o 482 1.53
o 481 1.53
o 480 1.53
o 479 1.53
o 478 1.53
o 477 1.53
o 476 1.53
o 475 1.53
o 474 1.53
o 473 1.53
o 472 1.53
o 471 1.53
o 468 1.53
o 467 1.53
o 466 1.53
o 465 1.53
o 464 1.53
o 463 1.53
o 456 1.53
o 455 1.53
o 451 1.53
o 450 1.53
o 449 1.53
o 448 1.53
o 447 1.53
o 446 1.53
o 445 1.53
o 444 1.53
o 443 1.53
o 442 1.53
o 441 1.53
o 440 1.53
o 439 1.53
o 432 1.53
o 431 1.53
o 430 1.53
o 429 1.53
o 428 1.53
o 427 1.53
o 426 1.53
o 425 1.53
o 424 1.53
o 423 1.53
o 422 1.53
o 421 1.53
o 420 1.53
o 419 1.53
o 418 1.53
o 417 1.53
o 416 1.53
o 415 1.53
o 414 1.53
o 413 1.53
o 412 1.53
o 411 1.53
o 410 1.53
o 409 1.53
o 408 1.53
o 407 1.53
o 406 1.53
o 405 1.53
o 404 1.53
o 402 1.53
o 401 1.53
o 400 1.53
o 399 1.53
o 398 1.53
o 397 1.53
o 396 1.53
o 390 1.53
o 387 1.53
o 386 1.53
o 385 1.53
o 384 1.53
o 383 1.53
o 382 1.53
o 381 1.53
o 380 1.53
o 379 1.53
o 378 1.53
o 377 1.53
o 376 1.53
o 375 1.53
o 374 1.53
o 373 1.53
o 370 1.53
o 369 1.53
o 366 1.53
o 365 1.53
o 364 1.53
o 363 1.53
o 362 1.53
o 361 1.53
o 360 1.53
o 359 1.53
o 358 1.53
o 357 1.53
o 356 1.53
o 355 1.53
o 354 1.53
o 353 1.53
o 352 1.53
o 351 1.53
o 350 1.53
o 349 1.53
o 348 1.53
o 347 1.53
o 346 1.53
o 345 1.53
o 344 1.53
o 343 1.53
o 342 1.53
o 341 1.53
o 340 1.53
o 339 1.53
o 338 1.53
o 337 1.53
o 336 1.53
o 335 1.53
o 334 1.53
o 333 1.53
o 332 1.53
o 331 1.53
o 330 1.53
o 329 1.53
o 328 1.53
o 327 1.53
o 326 1.53
o 325 1.53
o 324 1.53
o 323 1.53
o 322 1.53
o 321 1.53
o 320 1.53
o 319 1.53
o 318 1.53
o 317 1.53
o 316 1.53
o 315 1.53
o 314 1.53
o 313 1.53
o 312 1.53
o 311 1.53
o 310 1.53
o 309 1.53
o 308 1.53
o 307 1.53
o 306 1.53
o 305 1.53
o 304 1.53
o 303 1.53
o 302 1.53
o 301 1.53
o 300 1.53
o 299 1.53
o 298 1.53
o 297 1.53
o 296 1.53
o 295 1.53
o 294 1.53
o 293 1.53
o 292 1.53
o 291 1.53
o 290 1.53
o 289 1.53
o 288 1.53
o 287 1.53
o 286 1.53
o 285 1.53
o 284 1.53
o 283 1.53
o 282 1.53
o 281 1.53
o 280 1.53
o 279 1.53
o 278 1.53
o 277 1.53
o 276 1.53
o 275 1.53
o 274 1.53
o 273 1.53
o 272 1.53
o 271 1.53
o 270 1.53
o 269 1.53
o 268 1.53
o 267 1.53
o 266 1.53
o 265 1.53
o 264 1.53
o 263 1.53
o 262 1.53
o 261 1.53
o 260 1.53
o 259 1.53
o 258 1.53
o 257 1.53
o 256 1.53
o 255 1.53
o 254 1.53
o 248 1.53
o 247 1.53
o 246 1.53
o 238 1.53
o 237 1.53
o 236 1.53
o 235 1.53
o 234 1.53
o 233 1.53
o 232 1.53
o 231 1.53
o 230 1.53
o 229 1.53
o 228 1.53
o 227 1.53
o 226 1.53
o 225 1.53
o 224 1.53
o 223 1.53
o 222 1.53
o 210 1.53
o 209 1.53
o 208 1.53
o 207 1.53
o 206 1.53
o 205 1.54
o 204 1.54
o 203 1.54
o 202 1.54
o 201 1.54
o 200 1.54
o 199 1.54
o 198 1.54
o 197 1.54
o 196 1.54
o 195 1.54
o 194 1.54
o 193 1.54
o 192 1.54
o 191 1.54
o 190 1.54
o 189 1.54
o 188 1.54
o 187 1.54
o 186 1.54
o 185 1.54
o 184 1.54
o 183 1.54
o 182 1.54
o 181 1.54
o 180 1.54
o 179 1.54
o 178 1.54
o 177 1.54
o 176 1.54
o 175 1.54
o 174 1.54
o 173 1.54
o 172 1.54
o 171 1.54
o 170 1.54
o 169 1.54
o 168 1.54
o 167 1.54
o 166 1.54
o 165 1.54
o 164 1.54
o 163 1.54
o 162 1.54
o 161 1.54
o 160 1.54
o 159 1.54
o 158 1.54
o 157 1.54
o 156 1.54
o 155 1.54
o 154 1.54
o 153 1.54
o 152 1.54
o 151 1.54
o 150 1.54
o 149 1.54
o 148 1.54
o 147 1.54
o 146 1.54
o 145 1.54
o 144 1.54
o 143 1.54
o 142 1.54
o 141 1.54
o 140 1.54
o 139 1.54
o 138 1.54
o 137 1.54
o 136 1.54
o 135 1.54
o 134 1.54
o 133 1.54
o 132 1.54
o 131 1.54
o 130 1.54
o 129 1.54
o 128 1.54
o 127 1.54
o 126 1.54
o 125 1.54
o 124 1.54
o 123 1.54
o 122 1.54
o 121 1.54
o 120 3.01
o 119 6.72
o 114 11.74
o 113 12.37
o 112 12.37
o 111 19.01
o 110 19.01
o 109 19.01
o 108 19.01
o 107 19.01
o 106 19.01
o 105 60.59
o 104 60.59
o 103 60.59
o 102 60.59
o 101 191.04
o 100 191.04
aes-mul_8_11
o 1408 1.63
o 1407 1.63
o 1406 1.63
o 1405 1.63
o 1404 1.63
o 1403 1.63
o 1402 1.63
o 1401 1.63
o 1400 1.63
o 1399 1.63
o 1398 1.63
o 1397 1.63
o 1396 1.63
o 1395 1.63
o 1394 1.63
o 1393 1.63
o 1141 1.64
o 1140 1.64
o 1139 1.64
o 1138 1.64
o 1137 1.64
o 1088 1.64
o 1087 1.64
o 1086 1.64
o 1085 1.64
o 1079 1.64
o 1078 1.64
o 1077 1.64
o 1076 1.64
o 1075 1.64
o 1074 1.64
o 1073 1.64
o 1072 1.64
o 1071 1.64
o 1070 1.64
o 1069 1.64
o 1068 1.64
o 1067 1.64
o 1062 1.64
o 1061 1.64
o 1060 1.64
o 1059 1.64
o 1058 1.64
o 1057 1.64
o 1056 1.64
o 1055 1.64
o 1054 1.64
o 1053 1.64
o 1052 1.64
o 1051 1.64
o 1050 1.64
o 1049 1.64
o 1048 1.64
o 1019 1.64
o 1018 1.64
o 1017 1.64
o 1016 1.64
o 1015 1.64
o 1014 1.64
o 1013 1.64
o 1012 1.64
o 1011 1.64
o 1010 1.64
o 1009 1.64
o 1008 1.64
o 1007 1.64
o 1006 1.64
o 1005 1.64
o 1004 1.64
o 1003 1.64
o 1002 1.64
o 1001 1.64
o 1000 1.64
o 999 1.64
o 998 1.64
o 997 1.64
o 996 1.64
o 995 1.64
o 992 1.64
o 991 1.64
o 990 1.64
o 989 1.64
o 988 1.64
o 987 1.64
o 986 1.64
o 985 1.64
o 984 1.64
o 983 1.64
o 982 1.64
o 976 1.64
o 975 1.64
o 974 1.64
o 973 1.64
o 972 1.64
o 971 1.64
o 970 1.64
o 969 1.64
o 968 1.64
o 967 1.64
o 966 1.64
o 958 1.64
o 957 1.64
o 956 1.64
o 955 1.64
o 954 1.64
o 953 1.64
o 952 1.64
o 951 1.64
o 950 1.64
o 949 1.64
o 948 1.64
o 947 1.64
o 946 1.64
o 945 1.64
o 944 1.64
o 943 1.64
o 942 1.64
o 941 1.64
o 940 1.64
o 939 1.64
o 938 1.64
o 937 1.64
o 936 1.64
o 935 1.64
o 934 1.64
o 929 1.64
o 928 1.64
o 927 1.64
o 926 1.64
o 925 1.64
o 924 1.64
o 917 1.64
o 916 1.64
o 915 1.64
o 914 1.64
o 913 1.64
o 912 1.64
o 910 1.64
o 909 1.64
o 908 1.64
o 906 1.64
o 905 1.64
o 904 1.64
o 903 1.64
o 902 1.64
o 901 1.64
o 900 1.64
o 897 1.64
o 896 1.64
o 895 1.64
o 894 1.64
o 893 1.64
o 890 1.64
o 889 1.64
o 888 1.64
o 887 1.64
o 886 1.64
o 885 1.64
o 884 1.64
o 883 1.64
o 882 1.64
o 823 1.64
o 822 1.64
o 821 1.64
o 820 1.64
o 819 1.64
o 818 1.64
o 796 1.64
o 795 1.64
o 794 1.64
o 793 1.64
o 792 1.64
o 791 1.64
o 790 1.64
o 789 1.64
o 744 1.64
o 743 1.64
o 742 1.64
o 741 1.64
o 740 1.64
o 739 1.64
o 738 1.64
o 737 1.64
o 724 1.64
o 723 1.64
o 722 1.64
o 721 1.64
o 720 1.64
o 709 1.64
o 708 1.64
o 707 1.64
o 706 1.64
o 705 1.64
o 698 1.64
o 697 1.64
o 696 1.64
o 695 1.64
o 694 1.64
o 693 1.64
o 692 1.64
o 691 1.64
o 690 1.64
o 689 1.64
o 688 1.64
o 687 1.64
o 686 1.64
o 685 1.64
o 684 1.64
o 683 1.64
o 682 1.64
o 681 1.64
o 680 1.64
o 679 1.64
o 678 1.64
o 677 1.64
o 676 1.64
o 675 1.64
o 664 1.64
o 663 1.64
o 662 1.64
o 661 1.64
o 660 1.64
o 630 1.64
o 629 1.64
o 628 1.64
o 627 1.64
o 626 1.64
o 625 1.64
o 624 1.64
o 623 1.64
o 622 1.64
o 621 1.64
o 620 1.64
o 619 1.64
o 618 1.64
o 617 1.64
o 616 1.64
o 615 1.64
o 614 1.64
o 613 1.64
o 610 1.64
o 609 1.64
o 597 1.64
o 596 1.64
o 595 1.64
o 594 1.64
o 593 1.64
o 592 1.64
o 591 1.64
o 589 1.64
o 588 1.64
o 587 1.64
o 586 1.64
o 585 1.64
o 584 1.64
o 583 1.64
o 582 1.64
o 581 1.64
o 580 1.64
o 579 1.64
o 578 1.64
o 577 1.64
o 576 1.64
o 575 1.64
o 574 1.64
o 573 1.64
o 572 1.64
o 571 1.64
o 570 1.64
o 569 1.64
o 568 1.64
o 567 1.64
o 566 1.64
o 565 1.64
o 564 1.64
o 561 1.64
o 560 1.64
o 559 1.64
o 558 1.64
o 557 1.64
o 556 1.64
o 555 1.64
o 554 1.64
o 553 1.64
o 552 1.64
o 546 1.64
o 545 1.64
o 539 1.64
o 538 1.64
o 537 1.64
o 536 1.64
o 535 1.64
o 534 1.64
o 528 1.64
o 527 1.64
o 526 1.64
o 525 1.64
o 524 1.64
o 523 1.64
o 522 1.64
o 521 1.64
o 520 1.64
o 519 1.64
o 518 1.64
o 517 1.64
o 515 1.64
o 514 1.64
o 513 1.64
o 512 1.64
o 511 1.64
o 510 1.64
o 501 1.64
o 500 1.64
o 499 1.64
o 498 1.64
o 497 1.64
o 496 1.64
o 495 1.64
o 494 1.64
o 478 1.64
o 477 1.64
o 476 1.64
o 475 1.64
o 474 1.64
o 473 1.64
o 472 1.64
o 471 1.64
o 470 1.64
o 469 1.64
o 468 1.64
o 467 1.64
o 466 1.64
o 465 1.64
o 464 1.64
o 451 1.64
o 450 1.64
o 449 1.64
o 448 1.64
o 436 1.64
o 435 1.64
o 434 1.64
o 433 1.64
o 432 1.64
o 431 1.64
o 430 1.64
o 429 1.64
o 428 1.64
o 418 1.64
o 417 1.64
o 416 1.64
o 414 1.64
o 413 1.64
o 412 1.64
o 411 1.64
o 410 1.64
o 409 1.64
o 408 1.64
o 407 1.64
o 406 1.64
o 405 1.64
o 404 1.64
o 403 1.64
o 402 1.64
o 401 1.64
o 400 1.64
o 399 1.64
o 391 1.64
o 390 1.64
o 389 1.64
o 388 1.64
o 387 1.64
o 386 1.64
o 383 1.64
o 382 1.64
o 381 1.64
o 380 1.64
o 379 1.64
o 378 1.64
o 377 1.64
o 376 1.64
o 375 1.64
o 374 1.64
o 373 1.65
o 372 1.65
o 371 1.65
o 370 1.65
o 369 1.65
o 367 1.65
o 366 1.65
o 365 1.65
o 364 1.65
o 363 1.65
o 362 1.65
o 361 1.65
o 360 1.65
o 359 1.65
o 358 1.65
o 357 1.65
o 356 1.65
o 355 1.65
o 354 1.65
o 353 1.65
o 352 1.65
o 351 1.65
o 350 1.65
o 349 1.65
o 348 1.65
o 347 1.65
o 346 1.65
o 345 1.65
o 344 1.65
o 343 1.65
o 342 1.65
o 341 1.65
o 340 1.65
o 339 1.65
o 334 1.65
o 333 1.65
o 332 1.65
o 331 1.65
o 330 1.65
o 329 1.65
o 327 1.65
o 326 1.65
o 325 1.65
o 324 1.65
o 323 1.65
o 322 1.65
o 321 1.65
o 320 1.65
o 319 1.65
o 318 1.65
o 317 1.65
o 316 1.65
o 315 1.65
o 314 1.65
o 313 1.65
o 312 1.65
o 311 1.65
o 310 1.65
o 309 1.65
o 308 1.65
o 307 1.65
o 306 1.65
o 305 1.65
o 304 1.65
o 303 1.65
o 302 1.65
o 301 1.65
o 300 1.65
o 299 1.65
o 298 1.65
o 297 1.65
o 296 1.65
o 295 1.65
o 294 1.65
o 293 1.65
o 292 1.65
o 291 1.65
o 290 1.65
o 289 1.65
o 288 1.65
o 287 1.65
o 286 1.65
o 285 1.65
o 284 1.65
o 283 1.65
o 282 1.65
o 281 1.65
o 280 1.65
o 279 1.65
o 278 1.65
o 277 1.65
o 276 1.65
o 275 1.65
o 274 1.65
o 273 1.65
o 272 1.65
o 271 1.65
o 270 1.65
o 269 1.65
o 268 1.65
o 267 1.65
o 266 1.65
o 265 1.65
o 264 1.65
o 263 1.65
o 262 1.65
o 261 1.65
o 260 1.65
o 259 1.65
o 258 1.65
o 257 1.65
o 256 1.65
o 255 1.65
o 254 1.65
o 253 1.65
o 252 1.65
o 251 1.65
o 250 1.65
o 241 1.65
o 240 1.65
o 239 1.65
o 238 1.65
o 237 1.65
o 236 1.65
o 235 1.65
o 234 1.65
o 233 1.65
o 232 1.65
o 231 1.65
o 230 1.65
o 229 1.65
o 228 1.65
o 227 1.65
o 226 1.65
o 225 1.65
o 224 1.65
o 223 1.65
o 222 1.65
o 221 1.65
o 220 1.65
o 219 1.65
o 218 1.65
o 217 1.65
o 216 1.65
o 215 1.65
o 214 1.65
o 213 1.65
o 212 1.65
o 211 1.65
o 210 1.65
o 209 1.65
o 208 1.65
o 207 1.65
o 206 1.65
o 205 1.65
o 204 1.65
o 203 1.65
o 202 1.65
o 201 1.65
o 200 1.65
o 199 1.65
o 198 1.65
o 197 1.65
o 196 1.65
o 195 1.65
o 194 1.65
o 193 1.65
o 192 1.65
o 191 1.65
o 190 1.65
o 189 1.65
o 188 1.65
o 187 1.65
o 186 1.65
o 185 1.65
o 184 1.65
o 183 1.65
o 182 1.65
o 181 1.65
o 180 1.65
o 179 1.65
o 178 1.65
o 177 1.65
o 176 1.65
o 175 1.65
o 174 1.65
o 173 1.65
o 172 1.65
o 171 1.65
o 170 1.65
o 169 1.65
o 168 1.65
o 167 1.65
o 166 1.65
o 165 1.65
o 164 1.65
o 163 1.65
o 162 1.65
o 161 1.65
o 160 1.65
o 159 1.65
o 158 1.65
o 157 1.65
o 156 1.65
o 155 1.65
o 154 1.65
o 153 1.65
o 152 1.65
o 151 1.66
o 150 1.66
o 149 1.66
o 148 1.66
o 147 1.66
o 146 1.66
o 145 1.66
o 144 1.66
o 143 1.66
o 142 1.66
o 141 1.66
o 140 1.66
o 139 1.66
o 138 1.66
o 137 1.66
o 136 1.66
o 135 1.66
o 134 1.66
o 133 1.66
o 132 1.66
o 131 1.66
o 130 1.66
o 129 1.66
o 128 1.66
o 127 1.66
o 126 1.66
o 125 1.66
o 124 1.66
o 123 4.18
o 122 4.18
o 121 4.18
o 120 4.18
o 119 4.18
o 118 4.18
o 117 4.86
o 116 4.86
o 115 4.86
o 114 4.86
o 113 4.86
o 112 8.17
o 111 8.17
o 110 8.17
o 109 9.6
o 108 16.3
o 107 16.3
o 106 50.36
o 105 50.36
o 104 50.37
o 103 50.37
o 102 195.98
o 101 195.98
o 100 195.98
o 95 195.99
o 94 195.99
o 93 195.99
o 92 195.99
o 89 195.99
o 88 195.99
o 87 195.99
o 86 195.99
o 85 195.99
o 84 195.99
aes-mul_8_11
o 1408 1.67
o 1407 1.67
o 1406 1.67
o 1405 1.67
o 1404 1.67
o 1403 1.67
o 1402 1.67
o 1401 1.67
o 1354 1.67
o 1353 1.67
o 1352 1.67
o 1351 1.67
o 1350 1.67
o 1349 1.67
o 1348 1.67
o 1347 1.67
o 1346 1.67
o 1345 1.67
o 1344 1.67
o 1343 1.67
o 1342 1.67
o 1341 1.67
o 1340 1.67
o 1339 1.67
o 1338 1.67
o 1337 1.67
o 1336 1.67
o 1335 1.67
o 1334 1.67
o 1333 1.67
o 1332 1.67
o 1331 1.67
o 1330 1.67
o 1329 1.67
o 1304 1.67
o 1303 1.67
o 1302 1.67
o 1301 1.67
o 1300 1.67
o 1299 1.67
o 1298 1.67
o 1297 1.67
o 1296 1.67
o 1295 1.67
o 1294 1.67
o 1293 1.67
o 1292 1.67
o 1223 1.67
o 1222 1.67
o 1221 1.67
o 1220 1.67
o 1219 1.67
o 1218 1.67
o 1217 1.67
o 1216 1.67
o 1215 1.67
o 1214 1.67
o 1213 1.67
o 1212 1.67
o 1211 1.67
o 1210 1.67
o 1209 1.67
o 1208 1.67
o 1207 1.67
o 1190 1.67
o 1189 1.67
o 1188 1.67
o 1187 1.67
o 1186 1.67
o 1185 1.67
o 1184 1.67
o 1183 1.67
o 1182 1.67
o 1181 1.67
o 1180 1.67
o 1179 1.67
o 1178 1.67
o 1177 1.67
o 1176 1.67
o 1175 1.67
o 1174 1.67
o 1173 1.67
o 1172 1.67
o 1168 1.67
o 1167 1.67
o 1166 1.67
o 1154 1.67
o 1153 1.67
o 1152 1.67
o 1151 1.67
o 1150 1.67
o 1041 1.67
o 1040 1.67
o 1039 1.67
o 1038 1.67
o 937 1.67
o 936 1.67
o 935 1.67
o 934 1.67
o 933 1.67
o 927 1.67
o 926 1.67
o 925 1.67
o 924 1.67
o 923 1.67
o 922 1.67
o 921 1.67
o 883 1.67
o 882 1.67
o 881 1.67
o 880 1.67
o 879 1.67
o 878 1.67
o 877 1.67
o 876 1.67
o 875 1.67
o 874 1.67
o 873 1.67
o 872 1.67
o 871 1.67
o 870 1.67
o 869 1.67
o 868 1.67
o 867 1.67
o 866 1.67
o 865 1.67
o 864 1.67
o 863 1.67
o 852 1.67
o 851 1.67
o 850 1.67
o 849 1.67
o 848 1.67
o 847 1.67
o 846 1.67
o 845 1.67
o 844 1.67
o 843 1.67
o 842 1.67
o 841 1.67
o 840 1.67
o 839 1.67
o 838 1.67
o 837 1.67
o 836 1.67
o 835 1.67
o 834 1.67
o 833 1.67
o 832 1.67
o 831 1.67
o 830 1.67
o 829 1.67
o 828 1.67
o 827 1.67
o 826 1.67
o 825 1.67
o 824 1.67
o 823 1.67
o 817 1.67
o 814 1.67
o 813 1.67
o 812 1.67
o 811 1.67
o 810 1.67
o 809 1.67
o 808 1.67
o 807 1.67
o 806 1.67
o 805 1.67
o 804 1.67
o 803 1.67
o 802 1.67
o 801 1.67
o 800 1.67
o 799 1.67
o 798 1.67
o 795 1.67
o 794 1.67
o 793 1.67
o 792 1.67
o 791 1.67
o 790 1.67
o 789 1.67
o 788 1.67
o 787 1.67
o 786 1.67
o 785 1.67
o 784 1.67
o 783 1.67
o 782 1.67
o 781 1.67
o 780 1.67
o 779 1.67
o 778 1.67
o 777 1.67
o 776 1.67
o 775 1.67
o 774 1.67
o 773 1.67
o 772 1.67
o 771 1.67
o 770 1.67
o 746 1.67
o 745 1.67
o 744 1.67
o 743 1.67
o 742 1.67
o 741 1.67
o 740 1.67
o 739 1.67
o 738 1.67
o 737 1.67
o 736 1.67
o 735 1.67
o 734 1.67
o 713 1.67
o 712 1.67
o 711 1.67
o 710 1.67
o 709 1.67
o 708 1.67
o 707 1.67
o 706 1.67
o 705 1.67
o 704 1.67
o 703 1.67
o 702 1.67
o 701 1.67
o 700 1.67
o 699 1.67
o 698 1.67
o 697 1.67
o 696 1.67
o 695 1.67
o 694 1.67
o 693 1.67
o 692 1.67
o 691 1.67
o 690 1.67
o 689 1.67
o 688 1.67
o 687 1.67
o 686 1.67
o 685 1.67
o 684 1.67
o 683 1.67
o 682 1.67
o 669 1.67
o 668 1.67
o 667 1.67
o 666 1.67
o 665 1.67
o 664 1.67
o 663 1.67
o 662 1.67
o 661 1.67
o 660 1.67
o 659 1.67
o 658 1.67
o 656 1.67
o 655 1.67
o 654 1.67
o 653 1.67
o 652 1.67
o 651 1.67
o 650 1.67
o 649 1.67
o 648 1.67
o 647 1.67
o 646 1.67
o 645 1.67
o 644 1.67
o 624 1.67
o 623 1.67
o 622 1.67
o 621 1.67
o 617 1.67
o 616 1.67
o 615 1.67
o 614 1.67
o 613 1.67
o 612 1.67
o 611 1.67
o 610 1.67
o 609 1.67
o 608 1.67
o 607 1.67
o 606 1.67
o 605 1.67
o 604 1.67
o 593 1.67
o 589 1.67
o 588 1.67
o 587 1.67
o 586 1.67
o 585 1.67
o 584 1.67
o 583 1.67
o 582 1.67
o 580 1.67
o 579 1.68
o 578 1.68
o 577 1.68
o 576 1.68
o 575 1.68
o 574 1.68
o 573 1.68
o 572 1.68
o 566 1.68
o 564 1.68
o 563 1.68
o 547 1.68
o 546 1.68
o 545 1.68
o 544 1.68
o 543 1.68
o 542 1.68
o 541 1.68
o 540 1.68
o 539 1.68
o 538 1.68
o 537 1.68
o 536 1.68
o 523 1.68
o 522 1.68
o 521 1.68
o 520 1.68
o 515 1.68
o 514 1.68
o 513 1.68
o 512 1.68
o 511 1.68
o 510 1.68
o 508 1.68
o 507 1.68
o 502 1.68
o 496 1.68
o 495 1.68
o 494 1.68
o 493 1.68
o 492 1.68
o 491 1.68
o 490 1.68
o 479 1.68
o 478 1.68
o 468 1.68
o 467 1.68
o 466 1.68
o 465 1.68
o 464 1.68
o 463 1.68
o 462 1.68
o 461 1.68
o 460 1.68
o 459 1.68
o 458 1.68
o 457 1.68
o 456 1.68
o 455 1.68
o 453 1.68
o 452 1.68
o 451 1.68
o 450 1.68
o 449 1.68
o 448 1.68
o 447 1.68
o 446 1.68
o 445 1.68
o 444 1.68
o 443 1.68
o 442 1.68
o 441 1.68
o 440 1.68
o 439 1.68
o 438 1.68
o 437 1.68
o 436 1.68
o 435 1.68
o 434 1.68
o 433 1.68
o 432 1.68
o 431 1.68
o 430 1.68
o 429 1.68
o 428 1.68
o 427 1.68
o 424 1.68
o 423 1.68
o 422 1.68
o 421 1.68
o 420 1.68
o 419 1.68
o 418 1.68
o 417 1.68
o 416 1.68
o 415 1.68
o 414 1.68
o 413 1.68
o 412 1.68
o 411 1.68
o 410 1.68
o 409 1.68
o 408 1.68
o 407 1.68
o 406 1.68
o 405 1.68
o 404 1.68
o 403 1.68
o 402 1.68
o 401 1.68
o 400 1.68
o 399 1.68
o 398 1.68
o 397 1.68
o 396 1.68
o 395 1.68
o 394 1.68
o 393 1.68
o 392 1.68
o 391 1.68
o 389 1.68
o 388 1.68
o 381 1.68
o 380 1.68
o 376 1.68
o 375 1.68
o 374 1.68
o 369 1.68
o 368 1.68
o 367 1.68
o 366 1.68
o 365 1.68
o 363 1.68
o 362 1.68
o 361 1.68
o 360 1.68
o 359 1.68
o 358 1.68
o 357 1.68
o 355 1.68
o 354 1.68
o 353 1.68
o 352 1.68
o 351 1.68
o 350 1.68
o 349 1.68
o 348 1.68
o 347 1.68
o 346 1.68
o 345 1.68
o 344 1.68
o 343 1.68
o 342 1.68
o 341 1.68
o 340 1.68
o 339 1.68
o 338 1.68
o 336 1.68
o 335 1.68
o 334 1.68
o 333 1.68
o 332 1.68
o 331 1.68
o 330 1.68
o 329 1.68
o 328 1.68
o 327 1.68
o 326 1.68
o 325 1.68
o 324 1.68
o 323 1.68
o 322 1.68
o 321 1.68
o 320 1.68
o 319 1.68
o 318 1.68
o 317 1.68
o 316 1.68
o 315 1.68
o 314 1.68
o 313 1.68
o 312 1.68
o 311 1.68
o 310 1.68
o 309 1.68
o 308 1.68
o 307 1.68
o 306 1.68
o 305 1.68
o 304 1.68
o 303 1.68
o 302 1.68
o 301 1.68
o 300 1.68
o 299 1.68
o 298 1.68
o 297 1.68
o 296 1.68
o 295 1.68
o 294 1.68
o 293 1.68
o 292 1.68
o 291 1.68
o 290 1.68
o 289 1.68
o 288 1.68
o 287 1.68
o 286 1.68
o 285 1.68
o 284 1.68
o 283 1.68
o 282 1.68
o 281 1.68
o 280 1.68
o 279 1.68
o 278 1.68
o 277 1.68
o 276 1.68
o 275 1.68
o 274 1.68
o 273 1.68
o 272 1.68
o 271 1.68
o 270 1.68
o 269 1.68
o 268 1.68
o 267 1.68
o 266 1.68
o 265 1.68
o 264 1.68
o 263 1.68
o 262 1.68
o 261 1.68
o 260 1.68
o 259 1.68
o 258 1.68
o 257 1.68
o 256 1.68
o 255 1.68
o 254 1.68
o 253 1.68
o 252 1.68
o 251 1.68
o 250 1.68
o 249 1.68
o 248 1.68
o 247 1.68
o 246 1.68
o 245 1.68
o 244 1.68
o 243 1.68
o 242 1.68
o 241 1.68
o 240 1.68
o 239 1.68
o 238 1.68
o 237 1.68
o 236 1.68
o 235 1.68
o 233 1.68
o 232 1.68
o 231 1.68
o 230 1.68
o 229 1.68
o 228 1.68
o 227 1.68
o 226 1.68
o 225 1.68
o 224 1.68
o 223 1.68
o 222 1.68
o 221 1.68
o 220 1.68
o 219 1.68
o 218 1.68
o 217 1.68
o 216 1.68
o 215 1.68
o 214 1.68
o 212 1.68
o 211 1.68
o 210 1.68
o 209 1.68
o 208 1.68
o 207 1.69
o 206 1.69
o 205 1.69
o 204 1.69
o 203 1.69
o 202 1.69
o 201 1.69
o 200 1.69
o 199 1.69
o 198 1.69
o 197 1.69
o 196 1.69
o 195 1.69
o 194 1.69
o 193 1.69
o 192 1.69
o 191 1.69
o 190 1.69
o 189 1.69
o 187 1.69
o 186 1.69
o 185 1.69
o 184 1.69
o 183 1.69
o 182 1.69
o 181 1.69
o 180 1.69
o 179 1.69
o 178 1.69
o 177 1.69
o 176 1.69
o 175 1.69
o 174 1.69
o 173 1.69
o 172 1.69
o 171 1.69
o 170 1.69
o 169 1.69
o 168 1.69
o 167 1.69
o 166 1.69
o 165 1.69
o 164 1.69
o 163 1.69
o 162 1.69
o 161 1.69
o 160 1.69
o 159 1.69
o 158 1.69
o 157 1.69
o 156 1.69
o 155 1.69
o 154 1.69
o 153 1.69
o 152 1.69
o 151 1.69
o 150 1.69
o 149 1.69
o 148 1.69
o 147 1.69
o 146 1.69
o 145 1.69
o 144 1.69
o 143 1.69
o 142 1.69
o 141 1.69
o 140 1.69
o 139 1.69
o 138 1.69
o 137 1.69
o 136 1.69
o 135 1.69
o 134 1.69
o 133 1.69
o 132 1.69
o 131 1.69
o 130 1.69
o 129 1.69
o 127 1.69
o 126 1.69
o 125 1.69
o 124 1.69
o 123 4.35
o 122 4.8
o 121 4.8
o 120 5.56
o 119 5.56
o 117 8.05
o 116 8.69
o 115 10.84
o 114 10.84
o 113 10.84
o 112 10.84
o 107 19.01
o 106 19.01
o 105 79.94
o 104 88.3
o 103 88.3
o 102 88.3
o 101 88.3
o 100 88.3
o 99 223.81
o 97 223.81
aes-mul_8_11
o 1408 1.62
o 1407 1.62
o 1406 1.62
o 1405 1.62
o 1378 1.62
o 1377 1.62
o 1376 1.62
o 1375 1.62
o 1374 1.62
o 1373 1.62
o 1372 1.62
o 1371 1.62
o 1370 1.62
o 1369 1.62
o 1368 1.62
o 1367 1.62
o 1366 1.62
o 1365 1.62
o 1364 1.62
o 1363 1.62
o 1362 1.62
o 1361 1.62
o 1360 1.62
o 1359 1.62
o 1358 1.62
o 1357 1.62
o 1356 1.62
o 1355 1.62
o 1354 1.62
o 1353 1.62
o 1352 1.62
o 1351 1.62
o 1350 1.62
o 1349 1.62
o 1348 1.62
o 1347 1.62
o 1346 1.62
o 1345 1.62
o 1344 1.62
o 1343 1.62
o 1342 1.62
o 1341 1.62
o 1340 1.62
o 1339 1.62
o 1338 1.62
o 1337 1.62
o 1336 1.62
o 1335 1.62
o 1334 1.62
o 1333 1.62
o 1332 1.62
o 1331 1.62
o 1330 1.62
o 1329 1.62
o 1328 1.62
o 1327 1.62
o 1326 1.62
o 1325 1.62
o 1324 1.62
o 1323 1.62
o 1322 1.62
o 1321 1.62
o 1320 1.62
o 1319 1.62
o 1318 1.62
o 1317 1.62
o 1316 1.62
o 1315 1.62
o 1314 1.62
o 1313 1.62
o 1312 1.62
o 1311 1.62
o 1310 1.62
o 1309 1.62
o 1308 1.62
o 1307 1.62
o 1306 1.62
o 1305 1.62
o 1277 1.62
o 1276 1.62
o 1275 1.62
o 1274 1.62
o 1273 1.62
o 1272 1.62
o 1271 1.62
o 1270 1.62
o 1269 1.62
o 1235 1.62
o 1234 1.62
o 1233 1.62
o 1232 1.62
o 1231 1.62
o 1230 1.62
o 1229 1.62
o 1228 1.62
o 1227 1.62
o 1226 1.62
o 1225 1.62
o 1224 1.62
o 1223 1.62
o 1222 1.62
o 1221 1.62
o 1199 1.62
o 1198 1.62
o 1197 1.62
o 1196 1.62
o 1195 1.62
o 1194 1.62
o 1193 1.62
o 1192 1.62
o 1191 1.62
o 1190 1.62
o 1189 1.62
o 1188 1.62
o 1187 1.62
o 1186 1.62
o 1185 1.62
o 1184 1.62
o 1183 1.62
o 1182 1.62
o 1181 1.62
o 1170 1.62
o 1169 1.62
o 1168 1.62
o 1167 1.62
o 1166 1.62
o 1165 1.62
o 1164 1.62
o 1163 1.62
o 1162 1.62
o 1161 1.62
o 1144 1.62
o 1143 1.62
o 1142 1.62
o 1141 1.62
o 1140 1.62
o 1139 1.62
o 1138 1.62
o 1098 1.62
o 1097 1.62
o 1096 1.62
o 1095 1.62
o 1094 1.62
o 1089 1.62
o 1088 1.62
o 1087 1.62
o 1086 1.62
o 1063 1.62
o 1062 1.62
o 1061 1.62
o 1060 1.62
o 1059 1.62
o 1058 1.62
o 1057 1.62
o 1056 1.62
o 1055 1.62
o 1039 1.62
o 1038 1.62
o 1037 1.62
o 1036 1.62
o 1035 1.62
o 1034 1.62
o 1033 1.62
o 1032 1.62
o 1031 1.62
o 995 1.62
o 994 1.62
o 993 1.62
o 966 1.62
o 965 1.62
o 964 1.62
o 963 1.62
o 962 1.62
o 961 1.62
o 960 1.62
o 957 1.62
o 956 1.62
o 955 1.62
o 939 1.62
o 930 1.62
o 929 1.62
o 919 1.62
o 909 1.62
o 908 1.62
o 907 1.62
o 906 1.62
o 905 1.62
o 904 1.62
o 903 1.62
o 902 1.62
o 901 1.62
o 892 1.62
o 891 1.62
o 890 1.62
o 889 1.62
o 883 1.62
o 882 1.62
o 881 1.62
o 880 1.62
o 879 1.62
o 878 1.62
o 877 1.62
o 876 1.62
o 875 1.62
o 856 1.62
o 855 1.62
o 854 1.62
o 853 1.62
o 852 1.62
o 851 1.62
o 850 1.62
o 849 1.62
o 848 1.62
o 847 1.62
o 844 1.62
o 843 1.62
o 841 1.62
o 813 1.62
o 812 1.62
o 811 1.62
o 810 1.62
o 809 1.62
o 808 1.62
o 807 1.62
o 806 1.62
o 805 1.62
o 804 1.62
o 803 1.62
o 802 1.62
o 799 1.62
o 798 1.62
o 797 1.62
o 796 1.62
o 795 1.62
o 794 1.62
o 793 1.62
o 792 1.62
o 791 1.62
o 790 1.62
o 789 1.62
o 788 1.62
o 783 1.62
o 782 1.62
o 781 1.62
o 780 1.62
o 779 1.62
o 778 1.62
o 777 1.62
o 776 1.62
o 775 1.62
o 774 1.62
o 773 1.62
o 772 1.62
o 771 1.62
o 770 1.62
o 769 1.62
o 768 1.62
o 767 1.62
o 766 1.62
o 765 1.62
o 764 1.62
o 763 1.62
o 762 1.62
o 761 1.62
o 760 1.62
o 759 1.62
o 758 1.62
o 757 1.62
o 756 1.62
o 755 1.62
o 747 1.62
o 746 1.62
o 745 1.62
o 744 1.62
o 743 1.62
o 715 1.62
o 714 1.62
o 713 1.62
o 712 1.63
o 711 1.63
o 710 1.63
o 709 1.63
o 708 1.63
o 707 1.63
o 706 1.63
o 703 1.63
o 702 1.63
o 701 1.63
o 700 1.63
o 699 1.63
o 698 1.63
o 697 1.63
o 696 1.63
o 695 1.63
o 694 1.63
o 693 1.63
o 692 1.63
o 690 1.63
o 689 1.63
o 688 1.63
o 687 1.63
o 686 1.63
o 685 1.63
o 684 1.63
o 683 1.63
o 682 1.63
o 681 1.63
o 680 1.63
o 679 1.63
o 678 1.63
o 677 1.63
o 676 1.63
o 675 1.63
o 674 1.63
o 673 1.63
o 672 1.63
o 671 1.63
o 666 1.63
o 665 1.63
o 664 1.63
o 663 1.63
o 662 1.63
o 661 1.63
o 660 1.63
o 659 1.63
o 658 1.63
o 657 1.63
o 656 1.63
o 655 1.63
o 654 1.63
o 653 1.63
o 652 1.63
o 651 1.63
o 650 1.63
o 646 1.63
o 645 1.63
o 644 1.63
o 643 1.63
o 642 1.63
o 641 1.63
o 640 1.63
o 639 1.63
o 638 1.63
o 637 1.63
o 636 1.63
o 635 1.63
o 634 1.63
o 633 1.63
o 632 1.63
o 631 1.63
o 630 1.63
o 628 1.63
o 627 1.63
o 626 1.63
o 625 1.63
o 624 1.63
o 623 1.63
o 622 1.63
o 621 1.63
o 620 1.63
o 618 1.63
o 617 1.63
o 615 1.63
o 614 1.63
o 613 1.63
o 612 1.63
o 611 1.63
o 610 1.63
o 592 1.63
o 591 1.63
o 590 1.63
o 589 1.63
o 588 1.63
o 587 1.63
o 586 1.63
o 585 1.63
o 583 1.63
o 582 1.63
o 581 1.63
o 580 1.63
o 579 1.63
o 578 1.63
o 577 1.63
o 576 1.63
o 568 1.63
o 567 1.63
o 566 1.63
o 565 1.63
o 564 1.63
o 563 1.63
o 562 1.63
o 561 1.63
o 560 1.63
o 559 1.63
o 558 1.63
o 557 1.63
o 556 1.63
o 555 1.63
o 554 1.63
o 553 1.63
o 552 1.63
o 551 1.63
o 550 1.63
o 549 1.63
o 548 1.63
o 547 1.63
o 546 1.63
o 545 1.63
o 544 1.63
o 543 1.63
o 542 1.63
o 541 1.63
o 540 1.63
o 539 1.63
o 538 1.63
o 537 1.63
o 536 1.63
o 535 1.63
o 534 1.63
o 533 1.63
o 532 1.63
o 531 1.63
o 530 1.63
o 529 1.63
o 528 1.63
o 527 1.63
o 526 1.63
o 525 1.63
o 524 1.63
o 523 1.63
o 522 1.63
o 521 1.63
o 520 1.63
o 518 1.63
o 517 1.63
o 516 1.63
o 515 1.63
o 514 1.63
o 513 1.63
o 512 1.63
o 511 1.63
o 510 1.63
o 509 1.63
o 508 1.63
o 504 1.63
o 503 1.63
o 502 1.63
o 501 1.63
o 500 1.63
o 499 1.63
o 498 1.63
o 497 1.63
o 492 1.63
o 491 1.63
o 490 1.63
o 489 1.63
o 488 1.63
o 487 1.63
o 486 1.63
o 485 1.63
o 484 1.63
o 483 1.63
o 482 1.63
o 481 1.63
o 480 1.63
o 479 1.63
o 478 1.63
o 477 1.63
o 471 1.63
o 470 1.63
o 469 1.63
o 468 1.63
o 467 1.63
o 466 1.63
o 465 1.63
o 464 1.63
o 463 1.63
o 462 1.63
o 461 1.63
o 460 1.63
o 459 1.63
o 458 1.63
o 457 1.63
o 456 1.63
o 455 1.63
o 454 1.63
o 453 1.63
o 452 1.63
o 451 1.63
o 450 1.63
o 449 1.63
o 448 1.63
o 447 1.63
o 446 1.63
o 445 1.63
o 444 1.63
o 443 1.63
o 442 1.63
o 441 1.63
o 440 1.63
o 439 1.63
o 438 1.63
o 437 1.63
o 436 1.63
o 435 1.63
o 434 1.63
o 433 1.63
o 432 1.63
o 431 1.63
o 430 1.63
o 429 1.63
o 428 1.63
o 427 1.63
o 426 1.63
o 425 1.63
o 424 1.63
o 423 1.63
o 422 1.63
o 421 1.63
o 420 1.63
o 419 1.63
o 418 1.63
o 417 1.63
o 416 1.63
o 415 1.63
o 414 1.63
o 413 1.63
o 412 1.63
o 411 1.63
o 407 1.63
o 406 1.63
o 405 1.63
o 404 1.63
o 403 1.63
o 402 1.63
o 401 1.63
o 400 1.63
o 399 1.63
o 396 1.63
o 395 1.63
o 394 1.63
o 393 1.63
o 392 1.63
o 391 1.63
o 390 1.63
o 389 1.63
o 388 1.63
o 387 1.63
o 386 1.63
o 384 1.63
o 383 1.63
o 382 1.63
o 381 1.63
o 380 1.63
o 379 1.63
o 378 1.63
o 377 1.63
o 376 1.63
o 375 1.63
o 374 1.63
o 373 1.63
o 372 1.63
o 371 1.63
o 370 1.63
o 369 1.63
o 368 1.63
o 367 1.63
o 366 1.63
o 365 1.63
o 364 1.63
o 363 1.63
o 362 1.63
o 361 1.63
o 360 1.63
o 359 1.63
o 358 1.63
o 357 1.63
o 356 1.63
o 355 1.63
o 354 1.63
o 353 1.63
o 352 1.63
o 351 1.63
o 350 1.63
o 349 1.63
o 348 1.63
o 347 1.63
o 346 1.63
o 345 1.63
o 344 1.63
o 343 1.63
o 342 1.63
o 341 1.63
o 340 1.63
o 339 1.63
o 338 1.63
o 337 1.63
o 336 1.63
o 335 1.63
o 334 1.63
o 333 1.63
o 332 1.63
o 331 1.63
o 330 1.63
o 329 1.63
o 328 1.63
o 327 1.63
o 326 1.63
o 325 1.63
o 324 1.63
o 323 1.63
o 322 1.63
o 321 1.63
o 320 1.63
o 319 1.63
o 318 1.63
o 317 1.63
o 316 1.63
o 315 1.63
o 314 1.63
o 313 1.63
o 312 1.63
o 311 1.63
o 310 1.63
o 309 1.63
o 308 1.63
o 307 1.63
o 306 1.63
o 305 1.63
o 304 1.63
o 303 1.63
o 302 1.63
o 301 1.63
o 300 1.63
o 299 1.63
o 298 1.63
o 297 1.63
o 296 1.63
o 295 1.63
o 294 1.63
o 293 1.63
o 292 1.63
o 291 1.63
o 290 1.63
o 289 1.63
o 288 1.63
o 287 1.63
o 286 1.63
o 285 1.63
o 284 1.63
o 283 1.63
o 282 1.63
o 281 1.63
o 280 1.63
o 279 1.63
o 278 1.63
o 277 1.63
o 276 1.63
o 275 1.63
o 274 1.63
o 273 1.63
o 272 1.63
o 271 1.63
o 270 1.63
o 269 1.63
o 268 1.63
o 267 1.63
o 266 1.63
o 265 1.63
o 264 1.63
o 263 1.63
o 262 1.63
o 261 1.63
o 260 1.63
o 259 1.63
o 258 1.63
o 257 1.63
o 256 1.63
o 255 1.63
o 254 1.63
o 253 1.63
o 252 1.63
o 251 1.63
o 250 1.63
o 249 1.63
o 248 1.63
o 247 1.63
o 246 1.63
o 245 1.63
o 244 1.63
o 243 1.63
o 242 1.63
o 241 1.63
o 240 1.63
o 239 1.63
o 238 1.63
o 237 1.63
o 236 1.63
o 235 1.63
o 234 1.63
o 233 1.63
o 232 1.63
o 231 1.63
o 230 1.63
o 229 1.64
o 228 1.64
o 227 1.64
o 226 1.64
o 225 1.64
o 224 1.64
o 223 1.64
o 222 1.64
o 221 1.64
o 220 1.64
o 219 1.64
o 218 1.64
o 217 1.64
o 216 1.64
o 215 1.64
o 214 1.64
o 213 1.64
o 212 1.64
o 211 1.64
o 210 1.64
o 209 1.64
o 208 1.64
o 207 1.64
o 206 1.64
o 205 1.64
o 204 1.64
o 203 1.64
o 202 1.64
o 201 1.64
o 200 1.64
o 199 1.64
o 198 1.64
o 197 1.64
o 196 1.64
o 195 1.64
o 194 1.64
o 193 1.64
o 192 1.64
o 191 1.64
o 190 1.64
o 189 1.64
o 188 1.64
o 187 1.64
o 186 1.64
o 185 1.64
o 184 1.64
o 183 1.64
o 182 1.64
o 181 1.64
o 180 1.64
o 179 1.64
o 178 1.64
o 177 1.64
o 176 1.64
o 175 1.64
o 174 1.64
o 173 1.64
o 172 1.64
o 171 1.64
o 170 1.64
o 169 1.64
o 168 1.64
o 167 1.64
o 166 1.64
o 165 1.64
o 164 1.64
o 163 1.64
o 162 1.64
o 161 1.64
o 160 1.64
o 159 1.64
o 158 1.64
o 157 1.64
o 156 1.64
o 155 1.64
o 154 1.64
o 153 1.64
o 152 1.64
o 151 1.64
o 150 1.64
o 149 1.64
o 148 1.64
o 147 1.64
o 146 1.64
o 145 1.64
o 144 1.64
o 143 1.64
o 142 1.64
o 141 1.64
o 140 1.64
o 139 1.64
o 138 1.64
o 137 1.64
o 136 1.64
o 135 1.64
o 134 1.64
o 133 1.64
o 132 1.64
o 131 1.64
o 130 1.64
o 129 1.64
o 128 1.64
o 127 1.64
o 126 1.64
o 125 1.64
o 124 1.64
o 123 1.64
o 122 1.64
o 121 1.64
o 120 1.64
o 119 1.64
o 118 11.22
o 116 13.89
o 115 13.89
o 114 13.89
o 111 13.89
o 110 13.89
o 109 13.89
o 108 40.97
o 107 40.97
o 106 40.97
o 105 40.97
o 104 40.97
o 103 40.97
o 102 40.97
o 101 184.67
o 96 184.67
o 95 184.67
o 94 184.67
o 93 184.67
o 92 184.67
o 89 184.67
