bcp-SU3__simp-genos.haps.9
o 139 0.04
o 138 0.04
o 137 0.04
o 136 0.04
o 135 0.04
o 134 0.04
o 133 0.04
o 132 0.04
o 131 0.04
o 130 0.04
o 129 0.04
o 128 0.04
o 127 0.04
o 126 0.04
o 125 0.04
o 124 0.04
o 123 0.05
o 122 0.05
o 121 0.05
o 120 0.05
o 119 0.05
o 118 0.05
o 117 0.05
o 116 0.05
o 115 0.05
o 114 0.06
o 113 0.13
o 112 0.14
o 111 1.14
o 110 1.14
o 109 1.14
o 108 15.21
o 107 15.21
bcp-SU3__simp-genos.haps.9
o 135 0.05
o 134 0.05
o 133 0.05
o 132 0.05
o 131 0.05
o 130 0.05
o 129 0.05
o 128 0.05
o 127 0.06
o 126 0.06
o 125 0.06
o 124 0.06
o 123 0.07
o 122 0.07
o 121 0.07
o 120 0.07
o 119 0.07
o 118 0.07
o 117 0.07
o 116 0.09
o 115 0.1
o 114 0.12
o 113 0.42
o 112 0.43
o 111 0.53
o 110 0.53
o 109 0.53
o 108 63.15
o 107 92.34
bcp-SU3__simp-genos.haps.9
o 145 0.04
o 143 0.04
o 142 0.04
o 141 0.04
o 140 0.04
o 139 0.04
o 138 0.04
o 137 0.04
o 136 0.04
o 135 0.04
o 134 0.04
o 133 0.04
o 132 0.04
o 131 0.04
o 130 0.04
o 129 0.04
o 128 0.04
o 127 0.04
o 126 0.05
o 125 0.05
o 124 0.05
o 123 0.05
o 122 0.05
o 121 0.06
o 120 0.06
o 119 0.06
o 118 0.06
o 117 0.06
o 116 0.07
o 115 0.07
o 114 0.07
o 113 0.1
o 112 0.1
o 111 0.39
o 110 0.41
o 109 8.79
o 108 21.21
o 107 21.21
bcp-SU3__simp-genos.haps.9
o 143 0.05
o 142 0.05
o 141 0.05
o 140 0.05
o 139 0.05
o 138 0.05
o 137 0.05
o 136 0.05
o 135 0.05
o 134 0.05
o 133 0.05
o 132 0.05
o 131 0.05
o 130 0.05
o 129 0.05
o 128 0.05
o 127 0.05
o 126 0.05
o 125 0.05
o 124 0.05
o 123 0.05
o 122 0.06
o 121 0.06
o 120 0.06
o 119 0.06
o 118 0.06
o 117 0.06
o 116 0.06
o 115 0.06
o 114 0.06
o 113 0.09
o 112 0.09
o 111 0.65
o 110 0.68
o 109 1.39
o 108 45.77
o 107 45.77
bcp-SU3__simp-genos.haps.9
o 141 0.05
o 140 0.05
o 139 0.05
o 138 0.05
o 137 0.05
o 136 0.05
o 135 0.05
o 134 0.05
o 133 0.05
o 132 0.05
o 131 0.05
o 130 0.05
o 129 0.06
o 128 0.06
o 127 0.06
o 126 0.06
o 125 0.06
o 124 0.06
o 123 0.06
o 122 0.07
o 121 0.07
o 120 0.07
o 119 0.07
o 118 0.07
o 117 0.07
o 116 0.09
o 115 0.09
o 114 0.12
o 113 0.26
o 112 0.56
o 111 0.59
o 110 0.77
o 109 4.93
o 108 15.04
o 107 69.34
bcp-SU3__simp-genos.haps.9
o 141 0.04
o 140 0.04
o 139 0.04
o 138 0.04
o 137 0.04
o 136 0.04
o 135 0.04
o 134 0.04
o 133 0.04
o 132 0.05
o 131 0.05
o 130 0.05
o 129 0.05
o 128 0.05
o 127 0.05
o 126 0.05
o 125 0.06
o 124 0.06
o 123 0.06
o 122 0.06
o 121 0.06
o 120 0.07
o 119 0.07
o 118 0.08
o 117 0.08
o 116 0.09
o 115 0.17
o 114 0.28
o 113 0.28
o 112 0.29
o 111 0.29
o 110 0.29
o 109 0.29
o 108 19.45
o 107 68.04
bcp-SU3__simp-genos.haps.9
o 136 0.05
o 132 0.05
o 131 0.05
o 130 0.05
o 129 0.05
o 128 0.05
o 127 0.05
o 126 0.05
o 125 0.05
o 124 0.05
o 123 0.05
o 122 0.07
o 121 0.07
o 120 0.07
o 119 0.07
o 118 0.07
o 117 0.07
o 116 0.08
o 115 0.08
o 114 0.08
o 113 0.46
o 112 0.46
o 111 0.96
o 110 1.5
o 109 3.02
o 108 11.97
o 107 161.68
bcp-SU3__simp-genos.haps.9
o 141 0.04
o 140 0.04
o 139 0.04
o 138 0.04
o 137 0.04
o 136 0.04
o 135 0.04
o 134 0.04
o 133 0.04
o 132 0.04
o 131 0.04
o 130 0.04
o 129 0.04
o 128 0.04
o 127 0.05
o 126 0.05
o 125 0.05
o 124 0.05
o 123 0.05
o 122 0.05
o 121 0.05
o 120 0.05
o 119 0.05
o 118 0.06
o 117 0.06
o 116 0.09
o 115 0.1
o 114 0.1
o 113 0.1
o 112 0.15
o 111 0.66
o 110 0.67
o 109 3.88
o 108 3.88
bcp-SU3__simp-genos.haps.9
o 133 0.04
o 132 0.04
o 131 0.04
o 130 0.04
o 129 0.04
o 128 0.04
o 127 0.04
o 126 0.04
o 125 0.04
o 124 0.04
o 123 0.05
o 122 0.05
o 121 0.05
o 120 0.05
o 119 0.05
o 118 0.05
o 117 0.07
o 116 0.07
o 115 0.13
o 114 0.13
o 113 0.18
o 112 0.18
o 111 0.18
o 110 0.2
o 109 0.2
o 108 9.07
o 107 96.92
bcp-SU3__simp-genos.haps.9
o 133 0.05
o 132 0.05
o 131 0.05
o 130 0.05
o 129 0.05
o 128 0.05
o 127 0.05
o 126 0.05
o 125 0.06
o 124 0.06
o 123 0.06
o 122 0.06
o 121 0.06
o 120 0.06
o 119 0.06
o 118 0.06
o 117 0.06
o 116 0.06
o 115 0.1
o 114 0.1
o 113 0.1
o 112 0.13
o 111 0.63
o 110 1.18
o 109 1.18
o 108 6.87
o 107 136.46
