extension-enforcement-extension-enforcement_non-strict_stb_200_0.05_1_10_1
o 23 0.1
o 21 0.29
o 20 0.29
o 19 0.68
o 18 0.68
o 17 2.27
o 16 2.27
o 15 73.37
o 14 73.38
o 13 252.5
o 12 252.5
extension-enforcement-extension-enforcement_non-strict_stb_200_0.05_1_10_1
o 23 0.13
o 20 0.13
o 19 0.13
o 18 0.13
o 17 0.13
o 16 9.58
o 15 30.99
o 14 108.07
extension-enforcement-extension-enforcement_non-strict_stb_200_0.05_1_10_1
o 27 0.12
o 26 0.17
o 25 0.27
o 24 0.3
o 23 0.31
o 22 0.31
o 21 0.31
o 20 0.31
o 19 0.37
o 18 1.39
o 17 5.92
o 16 5.92
o 15 5.92
o 14 9
o 13 9
extension-enforcement-extension-enforcement_non-strict_stb_200_0.05_1_10_1
o 28 0.12
o 27 0.21
o 26 0.21
o 25 0.21
o 24 0.21
o 23 0.21
o 22 0.21
o 21 0.21
o 20 0.5
o 18 0.55
o 17 0.55
o 16 0.55
o 15 23.8
o 14 38.84
o 13 38.85
extension-enforcement-extension-enforcement_non-strict_stb_200_0.05_1_10_1
o 30 0.11
o 29 0.11
o 28 0.11
o 27 0.11
o 26 0.11
o 25 0.11
o 24 0.11
o 23 0.11
o 22 0.76
o 21 1.09
o 20 1.68
o 19 2.61
o 18 2.61
o 17 2.61
o 16 2.66
o 15 12.34
o 14 12.34
o 13 240.88
o 12 240.88
extension-enforcement-extension-enforcement_non-strict_stb_200_0.05_1_10_1
o 22 0.11
o 21 0.24
o 20 0.24
o 19 0.24
o 18 0.25
o 17 0.25
o 16 8.74
o 15 8.74
o 14 123.01
extension-enforcement-extension-enforcement_non-strict_stb_200_0.05_1_10_1
o 23 0.12
o 22 0.17
o 21 1.33
o 20 1.77
o 19 1.77
o 18 1.89
o 17 1.89
o 16 1.89
o 15 1.89
o 14 64.59
o 13 65.93
extension-enforcement-extension-enforcement_non-strict_stb_200_0.05_1_10_1
o 22 0.11
o 21 0.12
o 20 0.12
o 19 0.59
o 18 0.59
o 17 1.4
o 16 8.85
o 15 8.85
o 14 8.85
o 13 8.85
o 12 186.87
extension-enforcement-extension-enforcement_non-strict_stb_200_0.05_1_10_1
o 26 0.12
o 24 0.12
o 23 0.12
o 22 0.12
o 21 0.22
o 20 0.63
o 19 0.72
o 18 3.45
o 17 5.34
o 16 10.83
o 15 21.13
o 14 21.13
o 13 73.89
extension-enforcement-extension-enforcement_non-strict_stb_200_0.05_1_10_1
o 22 0.1
o 21 0.18
o 20 0.18
o 19 0.68
o 18 1.98
o 17 1.98
o 16 1.98
o 15 11.4
o 14 139.41
o 13 142.65
