gen-hyper-tw-GenHyperTW_pret60_25
o 28 0.56
o 27 0.56
o 26 0.56
o 25 0.56
o 21 12.22
o 20 12.22
o 19 12.23
o 18 12.24
o 17 12.26
o 16 289.57
gen-hyper-tw-GenHyperTW_pret60_25
o 26 0.64
o 25 14.18
o 24 20.21
o 23 20.21
o 22 20.24
o 20 25.55
o 19 25.56
o 18 71.57
o 17 90.52
o 16 122.91
o 15 122.91
o 14 122.91
gen-hyper-tw-GenHyperTW_pret60_25
o 21 0.57
o 20 0.62
o 19 1.02
o 18 24.98
o 17 40.59
o 16 63.07
o 15 204.16
gen-hyper-tw-GenHyperTW_pret60_25
o 29 0.66
o 28 0.67
o 27 0.67
o 26 12.49
o 25 12.49
o 24 12.49
o 18 18.04
o 17 18.49
gen-hyper-tw-GenHyperTW_pret60_25
o 21 0.51
o 20 0.51
o 19 0.51
o 18 0.52
o 17 71.9
o 16 174.46
o 15 174.47
o 14 174.47
gen-hyper-tw-GenHyperTW_pret60_25
o 23 0.49
o 22 0.49
o 21 0.49
o 20 0.49
o 19 0.5
o 18 1.24
o 17 145.21
o 16 145.22
gen-hyper-tw-GenHyperTW_pret60_25
o 28 0.65
o 27 0.65
o 26 0.65
o 22 18.13
o 21 18.13
o 20 19.84
o 19 30.52
o 18 30.52
o 17 30.53
o 16 30.9
gen-hyper-tw-GenHyperTW_pret60_25
o 25 0.53
o 24 0.53
o 23 0.53
o 22 0.55
o 21 22.33
o 20 59.76
o 19 59.76
o 15 75.91
o 14 75.91
o 13 76.14
gen-hyper-tw-GenHyperTW_pret60_25
o 22 0.49
o 21 0.49
o 20 0.64
o 19 16.15
o 18 32.21
o 17 33.05
o 16 35.17
o 15 91.91
gen-hyper-tw-GenHyperTW_pret60_25
o 19 0.51
o 18 0.51
o 17 0.53
o 16 0.53
o 15 10.11
