gen-hyper-tw-GenHyperTW_s208
o 46 3.27
o 45 3.27
o 44 3.27
o 37 28.1
o 36 28.1
o 35 28.1
gen-hyper-tw-GenHyperTW_s208
o 55 3.72
o 54 3.72
o 40 28.53
o 39 28.53
o 38 28.58
o 37 53.53
o 36 177.68
o 35 184.97
gen-hyper-tw-GenHyperTW_s208
o 55 3.68
o 54 5.82
o 42 30.75
o 41 30.75
o 40 30.75
o 39 30.75
o 38 30.76
o 37 30.78
o 36 98.83
o 35 98.83
o 34 98.83
o 33 98.98
o 32 124.38
gen-hyper-tw-GenHyperTW_s208
o 43 3.44
o 42 3.45
o 41 5.99
o 40 8.89
o 37 53.12
o 36 53.12
o 35 53.12
o 34 53.12
o 33 53.12
o 32 53.12
o 31 53.24
o 30 54.74
gen-hyper-tw-GenHyperTW_s208
o 52 4.8
o 51 4.81
o 50 7.11
o 44 33.45
o 43 33.45
o 42 33.45
o 37 122.66
o 36 122.67
o 35 179.27
o 34 179.45
gen-hyper-tw-GenHyperTW_s208
o 45 3.4
o 44 3.4
o 43 3.4
o 42 3.51
o 41 4.96
o 38 28.04
o 37 28.04
o 36 28.04
o 35 28.04
o 34 31.97
o 33 56.35
gen-hyper-tw-GenHyperTW_s208
o 57 3.32
o 56 3.32
o 55 3.32
o 44 28.37
o 43 28.37
o 42 29.04
o 38 203.07
o 37 203.07
o 36 203.07
o 35 203.07
gen-hyper-tw-GenHyperTW_s208
o 34 3.12
o 33 3.12
o 32 3.12
o 31 3.13
o 30 3.13
gen-hyper-tw-GenHyperTW_s208
o 54 3.62
o 53 3.62
o 52 3.63
o 44 28.64
o 43 28.64
o 42 28.79
o 41 198.28
o 40 198.28
o 38 250.9
o 37 252.26
o 34 290.67
o 33 290.72
o 32 291.6
gen-hyper-tw-GenHyperTW_s208
o 55 3.63
o 54 3.63
o 53 3.67
o 52 9.75
o 51 37.65
o 43 85.83
o 42 85.83
o 41 85.83
o 40 85.86
o 39 180.9
o 38 180.9
o 37 180.97
