inconsistency-measurement-im-sum-B-3-stb_339_393.tgf.pl
o 87 0.01
o 86 10.84
o 85 10.84
o 83 22.73
o 82 40.03
o 81 52.81
inconsistency-measurement-im-sum-B-3-stb_339_393.tgf.pl
o 91 0.01
o 85 0.01
o 83 0.01
o 82 37.91
inconsistency-measurement-im-sum-B-3-stb_339_393.tgf.pl
o 91 0
o 88 0
o 87 2.96
o 85 7.1
o 84 7.1
o 82 26.93
o 81 26.93
inconsistency-measurement-im-sum-B-3-stb_339_393.tgf.pl
o 86 0.01
o 85 0.01
o 84 5.35
o 83 5.35
o 82 174.17
inconsistency-measurement-im-sum-B-3-stb_339_393.tgf.pl
o 88 0.01
o 87 0.01
o 85 3.23
o 84 10.3
o 83 29.71
o 80 44.5
inconsistency-measurement-im-sum-B-3-stb_339_393.tgf.pl
o 86 0.01
o 85 14.99
o 84 19.86
o 83 58.97
o 81 58.97
o 80 58.97
o 79 58.97
o 78 58.97
inconsistency-measurement-im-sum-B-3-stb_339_393.tgf.pl
o 88 0.01
o 86 1.59
o 85 1.6
o 84 1.6
o 83 116.12
o 82 116.12
o 81 128.36
o 80 128.36
o 79 128.36
inconsistency-measurement-im-sum-B-3-stb_339_393.tgf.pl
o 91 0.01
o 87 0.01
o 86 3.66
o 85 5.77
o 84 5.77
o 83 14.37
o 82 51.02
inconsistency-measurement-im-sum-B-3-stb_339_393.tgf.pl
o 87 0.01
o 86 3.15
o 85 3.15
o 84 3.15
o 83 31
inconsistency-measurement-im-sum-B-3-stb_339_393.tgf.pl
o 84 0.01
o 83 65.11
o 82 65.11
