judgment-aggregation-ja-slater-preflib-00051-00000008
o 650 0.73
o 649 0.73
o 648 0.73
o 647 0.73
o 646 0.73
o 645 0.73
o 644 0.73
o 643 0.73
o 642 0.73
o 641 0.73
o 640 0.73
o 639 0.73
o 638 0.73
o 637 0.73
o 636 0.73
o 635 0.73
o 634 0.73
o 633 0.73
o 632 0.73
o 631 0.73
o 630 0.73
o 629 0.73
o 628 0.73
o 627 0.73
o 626 0.73
o 625 0.73
o 624 0.73
o 623 0.73
o 622 0.73
o 621 0.73
o 620 0.73
o 619 0.73
o 618 0.73
o 617 0.73
o 616 0.73
o 615 0.73
o 614 0.73
o 613 0.73
o 612 0.73
o 611 0.73
o 610 0.73
o 609 0.73
o 608 0.73
o 607 0.73
o 606 0.73
o 605 0.73
o 590 0.73
o 589 0.73
o 588 0.73
o 587 0.73
o 586 0.73
o 585 0.73
o 584 0.73
o 583 0.73
o 582 0.73
o 581 0.73
o 580 0.73
o 579 0.73
o 578 0.73
o 577 0.73
o 576 0.73
o 575 0.73
o 574 0.73
o 573 0.73
o 572 0.73
o 571 0.73
o 570 0.73
o 569 0.73
o 568 0.73
o 567 0.73
o 566 0.73
o 565 0.73
o 564 0.73
o 563 0.73
o 562 0.73
o 561 0.73
o 560 0.73
o 559 0.73
o 558 0.73
o 557 0.73
o 556 0.73
o 555 0.73
o 554 0.73
o 553 0.73
o 552 0.73
o 551 0.73
o 550 0.73
o 549 0.73
o 548 0.73
o 547 0.73
o 546 0.73
o 545 0.73
o 544 0.73
o 543 0.73
o 542 0.73
o 541 0.73
o 540 0.73
o 539 0.73
o 538 0.73
o 537 0.73
o 536 0.73
o 535 0.73
o 534 0.73
o 533 0.73
o 532 0.73
o 531 0.73
o 530 0.73
o 529 0.73
o 528 0.73
o 527 0.73
o 526 0.73
o 525 0.73
o 524 0.73
o 523 0.73
o 522 0.73
o 521 0.73
o 520 0.73
o 519 0.73
o 518 0.73
o 517 0.73
o 516 0.74
o 515 0.74
o 514 0.74
o 513 0.74
o 512 0.74
o 511 0.74
o 510 0.74
o 509 0.74
o 508 0.74
o 507 0.74
o 506 0.74
o 505 0.74
o 504 0.74
o 503 0.74
o 502 0.74
o 501 0.74
o 500 0.74
o 499 0.74
o 498 0.74
o 497 0.74
o 496 0.74
o 495 0.74
o 494 0.74
o 493 0.74
o 492 0.74
o 491 0.74
o 490 0.74
o 489 0.74
o 488 0.74
o 487 0.74
o 486 0.74
o 485 0.74
o 484 0.74
o 483 0.74
o 482 0.74
o 481 0.74
o 480 0.74
o 479 0.74
o 478 0.74
o 477 0.74
o 476 0.74
o 475 0.74
o 474 0.74
o 473 0.74
o 472 0.74
o 471 0.74
o 470 0.74
o 469 0.74
o 468 0.74
o 467 0.74
o 447 0.74
o 446 0.74
o 432 0.74
o 431 0.74
o 430 0.74
o 429 0.74
o 428 0.74
o 427 0.74
o 426 0.74
o 425 0.74
o 423 0.74
o 422 0.74
o 421 0.74
o 420 0.74
o 419 0.74
o 418 0.74
o 417 0.74
o 415 0.74
o 413 0.74
o 412 0.74
o 411 0.74
o 410 0.74
o 409 0.74
o 408 0.74
o 407 0.74
o 405 0.74
o 404 0.74
o 403 0.74
o 402 0.74
o 401 0.75
o 400 0.75
o 399 0.75
o 398 0.75
o 397 0.82
o 396 0.83
o 395 0.83
o 394 0.83
o 393 0.83
o 392 0.83
o 391 0.83
o 390 0.83
o 389 0.83
o 388 0.91
o 387 0.91
o 386 0.91
o 385 0.91
o 384 0.91
o 383 0.91
o 382 0.91
o 381 0.91
o 380 0.91
o 379 0.91
o 378 0.91
o 377 0.91
o 376 0.91
o 375 0.91
o 374 0.92
o 373 0.92
o 372 0.92
o 371 0.92
o 370 0.93
o 369 0.93
o 368 0.93
o 367 0.94
o 366 0.94
o 365 0.94
o 364 0.94
o 363 0.98
o 362 0.98
o 360 0.98
o 359 1.01
o 356 1.15
o 353 1.15
o 352 1.31
o 351 1.44
o 350 1.44
o 349 1.45
o 348 1.59
o 347 1.65
o 346 1.67
o 345 1.74
o 344 1.74
o 343 2.95
o 342 4.65
o 341 22.39
judgment-aggregation-ja-slater-preflib-00051-00000008
o 680 0.73
o 679 0.73
o 678 0.73
o 677 0.73
o 676 0.73
o 675 0.73
o 674 0.73
o 673 0.73
o 672 0.73
o 671 0.73
o 670 0.73
o 669 0.73
o 668 0.73
o 667 0.73
o 666 0.73
o 665 0.73
o 664 0.73
o 663 0.73
o 662 0.73
o 661 0.73
o 660 0.73
o 659 0.73
o 658 0.73
o 656 0.73
o 655 0.73
o 654 0.73
o 653 0.73
o 652 0.73
o 651 0.73
o 650 0.73
o 649 0.73
o 648 0.73
o 647 0.73
o 646 0.73
o 645 0.73
o 644 0.73
o 643 0.73
o 642 0.73
o 641 0.73
o 640 0.73
o 639 0.73
o 638 0.73
o 637 0.73
o 636 0.73
o 635 0.73
o 634 0.73
o 633 0.73
o 632 0.73
o 631 0.73
o 630 0.73
o 629 0.73
o 628 0.73
o 627 0.73
o 626 0.73
o 625 0.73
o 624 0.73
o 623 0.73
o 622 0.73
o 621 0.73
o 620 0.73
o 619 0.73
o 618 0.73
o 617 0.73
o 616 0.73
o 615 0.73
o 614 0.73
o 613 0.73
o 612 0.73
o 611 0.73
o 610 0.73
o 609 0.73
o 608 0.73
o 607 0.73
o 606 0.73
o 605 0.73
o 604 0.73
o 603 0.73
o 602 0.73
o 601 0.73
o 600 0.73
o 599 0.73
o 598 0.73
o 597 0.73
o 596 0.73
o 591 0.73
o 590 0.73
o 589 0.73
o 588 0.73
o 587 0.73
o 586 0.73
o 585 0.73
o 584 0.73
o 583 0.73
o 582 0.73
o 581 0.73
o 580 0.73
o 579 0.73
o 578 0.73
o 577 0.73
o 576 0.73
o 575 0.73
o 574 0.73
o 573 0.73
o 572 0.73
o 571 0.73
o 570 0.73
o 569 0.73
o 568 0.73
o 567 0.73
o 566 0.73
o 565 0.73
o 564 0.73
o 563 0.73
o 562 0.73
o 561 0.73
o 560 0.73
o 559 0.73
o 558 0.73
o 557 0.73
o 556 0.73
o 555 0.73
o 554 0.73
o 553 0.73
o 552 0.73
o 551 0.73
o 550 0.73
o 549 0.73
o 548 0.73
o 547 0.73
o 546 0.73
o 545 0.73
o 544 0.73
o 543 0.73
o 542 0.73
o 541 0.73
o 540 0.73
o 539 0.73
o 538 0.73
o 537 0.73
o 536 0.73
o 535 0.73
o 534 0.73
o 533 0.73
o 532 0.73
o 531 0.73
o 530 0.73
o 529 0.73
o 528 0.74
o 527 0.74
o 526 0.74
o 525 0.74
o 524 0.74
o 523 0.74
o 522 0.74
o 521 0.74
o 520 0.74
o 519 0.74
o 518 0.74
o 517 0.74
o 516 0.74
o 515 0.74
o 514 0.74
o 513 0.74
o 512 0.74
o 511 0.74
o 510 0.74
o 509 0.74
o 508 0.74
o 507 0.74
o 506 0.74
o 505 0.74
o 504 0.74
o 503 0.74
o 502 0.74
o 501 0.74
o 500 0.74
o 499 0.74
o 498 0.74
o 497 0.74
o 496 0.74
o 495 0.74
o 494 0.74
o 493 0.74
o 492 0.74
o 491 0.74
o 490 0.74
o 489 0.74
o 488 0.74
o 487 0.74
o 486 0.74
o 485 0.74
o 484 0.74
o 483 0.74
o 482 0.74
o 481 0.74
o 480 0.74
o 479 0.74
o 478 0.74
o 477 0.74
o 476 0.74
o 475 0.74
o 474 0.74
o 473 0.74
o 472 0.74
o 471 0.74
o 470 0.74
o 469 0.74
o 468 0.74
o 467 0.74
o 466 0.74
o 465 0.74
o 464 0.74
o 463 0.74
o 462 0.74
o 461 0.74
o 460 0.74
o 459 0.74
o 458 0.74
o 457 0.74
o 456 0.74
o 455 0.74
o 454 0.74
o 438 0.74
o 437 0.74
o 436 0.74
o 435 0.74
o 434 0.74
o 433 0.74
o 432 0.74
o 431 0.74
o 430 0.74
o 429 0.74
o 428 0.74
o 427 0.74
o 425 0.74
o 424 0.74
o 423 0.74
o 422 0.74
o 421 0.74
o 420 0.74
o 412 0.74
o 411 0.74
o 410 0.74
o 409 0.74
o 408 0.74
o 407 0.74
o 406 0.74
o 405 0.74
o 401 0.74
o 400 0.75
o 399 0.75
o 398 0.75
o 397 0.75
o 396 0.75
o 395 0.75
o 394 0.75
o 393 0.75
o 392 0.75
o 391 0.75
o 390 0.75
o 389 0.75
o 388 0.75
o 387 0.75
o 383 0.85
o 382 0.85
o 381 0.85
o 379 0.85
o 378 0.85
o 377 0.85
o 376 0.86
o 374 0.86
o 373 0.97
o 372 0.98
o 371 0.98
o 370 0.99
o 369 0.99
o 368 0.99
o 367 0.99
o 366 1.03
o 365 1.03
o 364 1.04
o 363 1.04
o 362 1.08
o 361 1.09
o 360 1.1
o 359 1.1
o 357 1.17
o 356 1.24
o 355 1.24
o 354 1.33
o 353 1.33
o 352 1.33
o 351 1.35
o 350 1.61
o 349 2.04
o 348 2.04
o 347 2.05
o 346 2.08
o 345 2.25
o 344 2.46
o 343 5.33
o 342 7.72
o 341 20.51
judgment-aggregation-ja-slater-preflib-00051-00000008
o 592 0.7
o 591 0.7
o 590 0.7
o 589 0.7
o 588 0.7
o 587 0.7
o 586 0.7
o 585 0.7
o 584 0.7
o 583 0.7
o 582 0.7
o 581 0.7
o 580 0.7
o 579 0.7
o 578 0.7
o 577 0.7
o 576 0.7
o 575 0.7
o 574 0.7
o 573 0.7
o 572 0.7
o 571 0.7
o 570 0.7
o 569 0.7
o 568 0.7
o 567 0.7
o 566 0.7
o 565 0.7
o 564 0.7
o 563 0.7
o 562 0.7
o 561 0.7
o 560 0.7
o 559 0.7
o 558 0.7
o 557 0.7
o 556 0.7
o 555 0.7
o 554 0.7
o 553 0.7
o 552 0.7
o 551 0.7
o 550 0.7
o 549 0.7
o 548 0.7
o 547 0.7
o 546 0.7
o 545 0.7
o 544 0.7
o 543 0.7
o 542 0.7
o 541 0.7
o 540 0.7
o 539 0.7
o 538 0.7
o 537 0.7
o 536 0.7
o 535 0.7
o 534 0.7
o 533 0.7
o 532 0.7
o 531 0.7
o 530 0.7
o 529 0.7
o 528 0.7
o 527 0.7
o 526 0.7
o 525 0.7
o 524 0.7
o 523 0.7
o 522 0.7
o 521 0.7
o 520 0.7
o 519 0.7
o 518 0.7
o 517 0.7
o 516 0.7
o 515 0.7
o 514 0.7
o 513 0.7
o 512 0.7
o 511 0.7
o 510 0.7
o 509 0.7
o 508 0.7
o 507 0.7
o 506 0.7
o 505 0.7
o 504 0.7
o 503 0.7
o 502 0.7
o 501 0.7
o 500 0.7
o 499 0.7
o 498 0.7
o 497 0.7
o 496 0.7
o 495 0.7
o 494 0.7
o 493 0.7
o 492 0.7
o 491 0.7
o 490 0.7
o 489 0.7
o 488 0.7
o 487 0.7
o 486 0.7
o 485 0.7
o 484 0.7
o 483 0.7
o 482 0.7
o 481 0.7
o 480 0.7
o 479 0.71
o 478 0.71
o 477 0.71
o 476 0.71
o 475 0.71
o 474 0.71
o 473 0.71
o 472 0.71
o 471 0.71
o 470 0.71
o 469 0.71
o 468 0.71
o 467 0.71
o 466 0.71
o 465 0.71
o 464 0.71
o 463 0.71
o 462 0.71
o 461 0.71
o 460 0.71
o 459 0.71
o 458 0.71
o 457 0.71
o 456 0.71
o 455 0.71
o 454 0.71
o 453 0.71
o 452 0.71
o 451 0.71
o 450 0.71
o 448 0.71
o 447 0.71
o 446 0.71
o 445 0.71
o 443 0.71
o 442 0.71
o 441 0.71
o 440 0.71
o 437 0.71
o 436 0.71
o 435 0.71
o 434 0.71
o 433 0.71
o 432 0.71
o 431 0.71
o 430 0.71
o 429 0.71
o 428 0.71
o 427 0.71
o 426 0.71
o 425 0.71
o 424 0.71
o 423 0.71
o 420 0.71
o 419 0.71
o 418 0.71
o 417 0.71
o 416 0.71
o 415 0.71
o 414 0.71
o 407 0.71
o 406 0.71
o 405 0.71
o 404 0.71
o 403 0.71
o 402 0.71
o 401 0.71
o 400 0.71
o 397 0.71
o 396 0.71
o 395 0.71
o 393 0.71
o 392 0.71
o 391 0.71
o 390 0.71
o 389 0.71
o 388 0.71
o 387 0.71
o 386 0.71
o 385 0.71
o 384 0.71
o 383 0.71
o 382 0.71
o 381 0.71
o 380 0.71
o 378 0.71
o 377 0.71
o 376 0.71
o 375 0.86
o 374 0.86
o 373 0.86
o 372 0.87
o 371 0.88
o 370 0.89
o 369 0.89
o 368 0.89
o 363 0.92
o 362 0.93
o 361 1.1
o 360 1.11
o 359 1.11
o 358 1.11
o 357 1.14
o 356 1.26
o 355 1.26
o 354 1.26
o 353 1.39
o 352 1.83
o 351 1.83
o 350 1.83
o 349 1.83
o 348 1.83
o 347 1.89
o 346 1.9
o 345 2.18
o 344 3.16
o 343 3.16
o 342 5.41
o 341 38.01
judgment-aggregation-ja-slater-preflib-00051-00000008
o 549 0.71
o 548 0.71
o 547 0.71
o 546 0.71
o 545 0.71
o 544 0.71
o 543 0.71
o 542 0.71
o 541 0.71
o 540 0.71
o 539 0.71
o 538 0.71
o 537 0.71
o 536 0.71
o 535 0.71
o 534 0.71
o 533 0.71
o 532 0.71
o 531 0.71
o 530 0.71
o 528 0.71
o 527 0.71
o 526 0.71
o 525 0.71
o 524 0.71
o 523 0.71
o 522 0.71
o 521 0.71
o 520 0.71
o 519 0.71
o 518 0.71
o 517 0.71
o 516 0.71
o 515 0.71
o 514 0.71
o 513 0.71
o 512 0.71
o 511 0.71
o 510 0.71
o 509 0.71
o 508 0.71
o 507 0.71
o 506 0.71
o 505 0.71
o 504 0.71
o 503 0.71
o 502 0.71
o 501 0.71
o 500 0.71
o 499 0.71
o 498 0.71
o 497 0.71
o 496 0.71
o 495 0.71
o 494 0.71
o 493 0.71
o 492 0.71
o 491 0.71
o 490 0.71
o 489 0.71
o 488 0.71
o 487 0.71
o 486 0.71
o 485 0.71
o 484 0.71
o 483 0.71
o 482 0.71
o 481 0.71
o 480 0.71
o 479 0.71
o 478 0.71
o 477 0.71
o 476 0.71
o 475 0.71
o 474 0.71
o 473 0.71
o 472 0.71
o 471 0.71
o 470 0.71
o 469 0.71
o 468 0.71
o 467 0.71
o 466 0.71
o 465 0.71
o 464 0.71
o 463 0.71
o 462 0.71
o 461 0.71
o 460 0.71
o 459 0.71
o 458 0.71
o 457 0.71
o 456 0.71
o 455 0.71
o 454 0.71
o 453 0.71
o 452 0.71
o 451 0.71
o 450 0.71
o 449 0.71
o 448 0.71
o 446 0.71
o 445 0.71
o 444 0.71
o 443 0.71
o 442 0.71
o 441 0.71
o 440 0.71
o 439 0.71
o 438 0.71
o 437 0.71
o 436 0.71
o 435 0.71
o 433 0.71
o 432 0.71
o 431 0.71
o 430 0.71
o 429 0.71
o 422 0.71
o 420 0.71
o 419 0.71
o 418 0.71
o 417 0.71
o 416 0.71
o 415 0.71
o 414 0.71
o 413 0.71
o 412 0.71
o 411 0.71
o 410 0.71
o 409 0.71
o 408 0.71
o 407 0.71
o 406 0.71
o 405 0.71
o 404 0.71
o 396 0.72
o 395 0.72
o 394 0.72
o 392 0.72
o 391 0.72
o 390 0.72
o 389 0.72
o 388 0.72
o 383 0.72
o 378 0.72
o 377 0.86
o 376 0.86
o 375 0.86
o 374 0.86
o 373 0.87
o 372 0.87
o 371 0.87
o 370 0.87
o 369 0.88
o 368 0.88
o 367 0.88
o 366 0.97
o 365 0.97
o 364 0.98
o 363 0.98
o 362 0.98
o 361 1.01
o 360 1.02
o 359 1.04
o 358 1.04
o 357 1.11
o 356 1.19
o 355 1.24
o 353 1.24
o 352 1.61
o 351 1.61
o 350 1.61
o 349 1.61
o 348 1.61
o 347 1.69
o 346 1.69
o 345 2.29
o 344 4.18
o 343 4.78
o 342 5.55
o 341 20.53
judgment-aggregation-ja-slater-preflib-00051-00000008
o 661 0.72
o 660 0.72
o 659 0.72
o 658 0.72
o 657 0.72
o 656 0.72
o 655 0.72
o 654 0.72
o 653 0.72
o 652 0.72
o 651 0.72
o 650 0.72
o 649 0.72
o 648 0.72
o 647 0.72
o 646 0.72
o 645 0.72
o 644 0.72
o 643 0.72
o 642 0.72
o 641 0.72
o 640 0.72
o 639 0.72
o 638 0.72
o 637 0.72
o 636 0.72
o 635 0.72
o 634 0.72
o 633 0.72
o 632 0.72
o 631 0.72
o 630 0.72
o 629 0.72
o 628 0.72
o 627 0.72
o 626 0.72
o 625 0.72
o 624 0.72
o 623 0.72
o 622 0.72
o 621 0.72
o 620 0.72
o 619 0.72
o 618 0.72
o 617 0.72
o 616 0.72
o 615 0.72
o 614 0.72
o 613 0.72
o 612 0.72
o 611 0.72
o 610 0.72
o 609 0.72
o 608 0.72
o 607 0.72
o 606 0.72
o 605 0.72
o 604 0.72
o 603 0.72
o 602 0.72
o 601 0.72
o 600 0.72
o 599 0.72
o 598 0.72
o 597 0.72
o 596 0.72
o 595 0.72
o 594 0.72
o 593 0.72
o 592 0.72
o 591 0.72
o 590 0.72
o 589 0.72
o 588 0.72
o 587 0.72
o 586 0.72
o 585 0.72
o 584 0.72
o 583 0.72
o 582 0.72
o 581 0.72
o 580 0.72
o 579 0.72
o 578 0.72
o 577 0.72
o 576 0.72
o 575 0.72
o 574 0.72
o 573 0.72
o 571 0.72
o 570 0.72
o 569 0.72
o 568 0.72
o 567 0.72
o 566 0.72
o 565 0.72
o 564 0.72
o 563 0.72
o 562 0.72
o 561 0.72
o 560 0.72
o 559 0.72
o 558 0.72
o 557 0.72
o 556 0.72
o 555 0.72
o 554 0.72
o 553 0.72
o 552 0.72
o 551 0.72
o 550 0.72
o 549 0.72
o 548 0.72
o 547 0.72
o 546 0.72
o 545 0.72
o 544 0.72
o 543 0.72
o 542 0.72
o 541 0.72
o 540 0.72
o 539 0.72
o 538 0.72
o 537 0.72
o 536 0.72
o 535 0.72
o 534 0.72
o 533 0.72
o 532 0.72
o 531 0.72
o 530 0.72
o 529 0.72
o 528 0.72
o 527 0.72
o 526 0.72
o 525 0.72
o 524 0.72
o 523 0.72
o 522 0.72
o 521 0.72
o 520 0.72
o 519 0.72
o 518 0.73
o 517 0.73
o 516 0.73
o 515 0.73
o 514 0.73
o 513 0.73
o 512 0.73
o 511 0.73
o 510 0.73
o 509 0.73
o 508 0.73
o 507 0.73
o 506 0.73
o 505 0.73
o 504 0.73
o 503 0.73
o 502 0.73
o 501 0.73
o 500 0.73
o 499 0.73
o 498 0.73
o 497 0.73
o 496 0.73
o 495 0.73
o 494 0.73
o 493 0.73
o 492 0.73
o 491 0.73
o 490 0.73
o 489 0.73
o 488 0.73
o 487 0.73
o 486 0.73
o 485 0.73
o 484 0.73
o 483 0.73
o 482 0.73
o 481 0.73
o 480 0.73
o 479 0.73
o 478 0.73
o 477 0.73
o 476 0.73
o 475 0.73
o 474 0.73
o 473 0.73
o 472 0.73
o 471 0.73
o 470 0.73
o 469 0.73
o 468 0.73
o 467 0.73
o 466 0.73
o 465 0.73
o 464 0.73
o 463 0.73
o 462 0.73
o 461 0.73
o 460 0.73
o 459 0.73
o 458 0.73
o 457 0.73
o 456 0.73
o 455 0.73
o 454 0.73
o 453 0.73
o 452 0.73
o 451 0.74
o 450 0.74
o 449 0.74
o 448 0.74
o 447 0.74
o 446 0.74
o 445 0.74
o 444 0.74
o 443 0.74
o 442 0.74
o 441 0.74
o 440 0.74
o 439 0.74
o 438 0.74
o 437 0.74
o 436 0.74
o 435 0.74
o 434 0.74
o 433 0.74
o 432 0.74
o 431 0.74
o 430 0.74
o 429 0.74
o 428 0.74
o 427 0.74
o 426 0.74
o 425 0.74
o 424 0.74
o 423 0.74
o 422 0.74
o 421 0.74
o 420 0.74
o 418 0.74
o 399 0.74
o 398 0.85
o 397 0.85
o 396 0.85
o 395 0.85
o 394 0.85
o 393 0.85
o 392 0.85
o 391 0.85
o 390 0.85
o 389 0.85
o 388 0.85
o 387 0.85
o 386 0.85
o 385 0.85
o 384 0.85
o 383 0.86
o 382 0.86
o 381 0.86
o 380 0.86
o 379 0.86
o 378 0.86
o 377 0.86
o 376 0.88
o 375 0.88
o 374 0.88
o 373 0.88
o 372 0.88
o 371 0.88
o 370 0.89
o 369 0.89
o 368 0.9
o 367 0.9
o 366 1.06
o 365 1.06
o 364 1.08
o 363 1.09
o 362 1.12
o 361 1.12
o 360 1.12
o 359 1.12
o 358 1.19
o 357 1.2
o 356 1.22
o 355 1.36
o 353 1.71
o 352 1.71
o 351 1.92
o 350 1.92
o 349 1.94
o 348 1.94
o 347 2.05
o 346 2.05
o 345 2.15
o 344 2.15
o 343 3.6
o 342 6.82
o 341 68.7
judgment-aggregation-ja-slater-preflib-00051-00000008
o 557 0.71
o 556 0.71
o 555 0.71
o 554 0.71
o 553 0.71
o 552 0.71
o 551 0.71
o 550 0.71
o 549 0.71
o 548 0.71
o 547 0.71
o 546 0.71
o 545 0.71
o 544 0.71
o 543 0.71
o 542 0.71
o 541 0.71
o 540 0.71
o 539 0.71
o 538 0.71
o 537 0.71
o 536 0.71
o 535 0.71
o 534 0.71
o 533 0.71
o 532 0.71
o 531 0.71
o 530 0.71
o 529 0.71
o 528 0.71
o 527 0.71
o 526 0.71
o 525 0.71
o 524 0.71
o 523 0.71
o 522 0.71
o 521 0.71
o 520 0.71
o 519 0.71
o 518 0.71
o 517 0.71
o 516 0.71
o 515 0.71
o 514 0.71
o 513 0.71
o 512 0.71
o 511 0.71
o 510 0.71
o 509 0.71
o 508 0.71
o 507 0.71
o 506 0.71
o 505 0.71
o 504 0.71
o 503 0.71
o 495 0.71
o 494 0.71
o 493 0.71
o 492 0.71
o 491 0.71
o 490 0.71
o 489 0.71
o 488 0.71
o 487 0.71
o 486 0.71
o 485 0.71
o 484 0.71
o 483 0.71
o 482 0.71
o 481 0.71
o 480 0.71
o 479 0.71
o 478 0.71
o 477 0.71
o 476 0.71
o 475 0.71
o 474 0.71
o 473 0.71
o 472 0.71
o 471 0.71
o 470 0.71
o 469 0.71
o 468 0.71
o 467 0.72
o 466 0.72
o 465 0.72
o 464 0.72
o 463 0.72
o 462 0.72
o 461 0.72
o 460 0.72
o 459 0.72
o 458 0.72
o 457 0.72
o 456 0.72
o 455 0.72
o 454 0.72
o 453 0.72
o 452 0.72
o 451 0.72
o 450 0.72
o 449 0.72
o 448 0.72
o 447 0.72
o 446 0.72
o 445 0.72
o 444 0.72
o 443 0.72
o 442 0.72
o 441 0.72
o 440 0.72
o 439 0.72
o 438 0.72
o 437 0.72
o 436 0.72
o 435 0.72
o 432 0.72
o 431 0.72
o 430 0.72
o 429 0.72
o 428 0.72
o 427 0.72
o 426 0.72
o 425 0.72
o 424 0.72
o 423 0.72
o 422 0.72
o 421 0.72
o 420 0.72
o 417 0.72
o 416 0.72
o 415 0.72
o 414 0.72
o 413 0.72
o 411 0.72
o 410 0.72
o 409 0.72
o 408 0.72
o 407 0.72
o 405 0.72
o 403 0.72
o 401 0.8
o 400 0.8
o 399 0.8
o 398 0.8
o 394 0.8
o 393 0.8
o 392 0.83
o 391 0.84
o 390 0.84
o 389 0.84
o 388 0.84
o 384 0.84
o 383 0.84
o 382 0.85
o 381 0.85
o 380 0.85
o 379 0.85
o 378 0.85
o 375 0.86
o 374 0.86
o 373 0.87
o 372 0.87
o 371 0.87
o 370 0.87
o 369 0.89
o 368 0.89
o 367 0.9
o 366 0.93
o 365 0.93
o 364 0.93
o 363 0.97
o 361 0.97
o 360 0.97
o 359 1.05
o 358 1.1
o 357 1.1
o 356 1.1
o 355 1.13
o 354 1.13
o 353 1.36
o 352 1.37
o 351 1.37
o 350 1.37
o 349 1.64
o 348 1.88
o 347 1.9
o 346 2.18
o 345 2.18
o 344 2.61
o 343 2.97
o 342 11.7
o 341 17.32
judgment-aggregation-ja-slater-preflib-00051-00000008
o 618 0.75
o 617 0.75
o 616 0.75
o 615 0.75
o 614 0.75
o 613 0.75
o 612 0.75
o 611 0.75
o 610 0.75
o 609 0.75
o 608 0.75
o 607 0.75
o 606 0.75
o 605 0.75
o 604 0.75
o 603 0.75
o 602 0.75
o 601 0.75
o 600 0.75
o 599 0.75
o 598 0.75
o 597 0.75
o 596 0.75
o 595 0.75
o 594 0.75
o 593 0.75
o 592 0.75
o 591 0.75
o 590 0.75
o 589 0.75
o 588 0.75
o 587 0.75
o 586 0.75
o 585 0.75
o 584 0.75
o 583 0.75
o 582 0.75
o 581 0.75
o 580 0.75
o 579 0.75
o 578 0.75
o 577 0.75
o 576 0.75
o 575 0.75
o 574 0.75
o 573 0.75
o 572 0.75
o 571 0.75
o 570 0.75
o 569 0.75
o 568 0.75
o 567 0.75
o 566 0.75
o 565 0.75
o 564 0.75
o 563 0.75
o 562 0.75
o 561 0.75
o 560 0.75
o 559 0.75
o 558 0.75
o 557 0.75
o 556 0.75
o 555 0.75
o 554 0.75
o 553 0.75
o 552 0.75
o 551 0.75
o 550 0.75
o 549 0.75
o 548 0.75
o 547 0.75
o 546 0.75
o 545 0.75
o 544 0.75
o 543 0.75
o 535 0.75
o 534 0.75
o 533 0.75
o 532 0.75
o 531 0.75
o 530 0.75
o 529 0.75
o 528 0.75
o 527 0.75
o 526 0.75
o 525 0.75
o 524 0.75
o 523 0.75
o 522 0.75
o 521 0.75
o 520 0.75
o 519 0.75
o 518 0.75
o 517 0.75
o 516 0.75
o 515 0.75
o 514 0.75
o 513 0.75
o 512 0.75
o 511 0.75
o 510 0.75
o 509 0.75
o 508 0.75
o 507 0.75
o 506 0.75
o 505 0.75
o 504 0.75
o 503 0.76
o 502 0.76
o 501 0.76
o 500 0.76
o 499 0.76
o 498 0.76
o 497 0.76
o 496 0.76
o 495 0.76
o 494 0.76
o 493 0.76
o 492 0.76
o 491 0.76
o 490 0.76
o 489 0.76
o 488 0.76
o 487 0.76
o 486 0.76
o 485 0.76
o 484 0.76
o 483 0.76
o 482 0.76
o 481 0.76
o 480 0.76
o 479 0.76
o 478 0.76
o 477 0.76
o 476 0.76
o 475 0.76
o 474 0.76
o 473 0.76
o 472 0.76
o 471 0.76
o 470 0.76
o 469 0.76
o 468 0.76
o 467 0.76
o 466 0.76
o 465 0.76
o 464 0.76
o 463 0.76
o 462 0.76
o 461 0.76
o 460 0.76
o 459 0.76
o 458 0.76
o 457 0.76
o 456 0.76
o 455 0.76
o 454 0.76
o 453 0.76
o 452 0.76
o 451 0.76
o 450 0.76
o 449 0.76
o 448 0.76
o 447 0.76
o 446 0.76
o 445 0.76
o 444 0.76
o 443 0.76
o 437 0.76
o 436 0.76
o 433 0.76
o 432 0.76
o 431 0.76
o 430 0.76
o 429 0.76
o 428 0.76
o 426 0.76
o 425 0.76
o 424 0.76
o 422 0.76
o 421 0.76
o 420 0.76
o 419 0.76
o 418 0.76
o 416 0.76
o 415 0.76
o 414 0.76
o 413 0.76
o 412 0.76
o 411 0.76
o 410 0.76
o 409 0.76
o 408 0.76
o 407 0.76
o 406 0.76
o 405 0.76
o 404 0.76
o 403 0.76
o 402 0.76
o 400 0.76
o 399 0.76
o 398 0.76
o 397 0.76
o 396 0.76
o 395 0.76
o 393 0.76
o 392 0.76
o 391 0.76
o 390 0.76
o 389 0.76
o 388 0.77
o 387 0.77
o 386 0.77
o 385 0.77
o 384 0.77
o 383 0.77
o 382 0.77
o 381 0.77
o 380 0.9
o 379 0.91
o 378 0.91
o 377 0.91
o 376 0.91
o 375 0.91
o 373 0.91
o 372 0.91
o 370 0.91
o 369 0.92
o 368 0.92
o 367 0.92
o 366 0.92
o 365 0.92
o 364 0.97
o 363 1.18
o 362 1.18
o 361 1.18
o 358 1.2
o 357 1.22
o 351 1.24
o 350 1.24
o 349 1.25
o 348 1.26
o 347 1.28
o 346 1.32
o 345 1.8
o 344 2.62
o 343 4.43
o 342 11.46
o 341 24.21
judgment-aggregation-ja-slater-preflib-00051-00000008
o 598 0.76
o 597 0.76
o 596 0.76
o 595 0.78
o 594 0.78
o 593 0.78
o 592 0.78
o 591 0.78
o 590 0.78
o 589 0.78
o 588 0.78
o 587 0.78
o 586 0.78
o 585 0.78
o 584 0.78
o 583 0.78
o 582 0.78
o 581 0.78
o 580 0.78
o 579 0.78
o 578 0.78
o 577 0.78
o 576 0.78
o 575 0.78
o 574 0.78
o 573 0.78
o 572 0.78
o 571 0.78
o 570 0.78
o 569 0.78
o 568 0.78
o 567 0.78
o 566 0.78
o 565 0.78
o 564 0.78
o 563 0.78
o 562 0.78
o 561 0.78
o 560 0.78
o 559 0.78
o 558 0.78
o 557 0.78
o 556 0.78
o 555 0.78
o 554 0.78
o 553 0.78
o 552 0.78
o 551 0.78
o 550 0.78
o 549 0.78
o 548 0.78
o 547 0.78
o 546 0.78
o 545 0.78
o 544 0.78
o 543 0.78
o 540 0.78
o 539 0.78
o 538 0.78
o 537 0.78
o 536 0.78
o 535 0.78
o 534 0.78
o 533 0.78
o 532 0.78
o 531 0.78
o 530 0.78
o 529 0.78
o 528 0.78
o 527 0.78
o 526 0.78
o 525 0.78
o 524 0.78
o 523 0.78
o 522 0.78
o 521 0.78
o 520 0.78
o 519 0.78
o 518 0.78
o 517 0.78
o 516 0.78
o 515 0.78
o 514 0.78
o 513 0.78
o 512 0.78
o 511 0.78
o 510 0.78
o 509 0.78
o 508 0.78
o 507 0.78
o 506 0.78
o 505 0.78
o 504 0.78
o 503 0.78
o 502 0.78
o 501 0.78
o 500 0.78
o 499 0.78
o 498 0.78
o 497 0.78
o 496 0.78
o 495 0.78
o 494 0.78
o 493 0.78
o 492 0.78
o 491 0.78
o 490 0.78
o 489 0.78
o 488 0.78
o 487 0.78
o 486 0.78
o 485 0.78
o 484 0.78
o 483 0.78
o 482 0.78
o 481 0.78
o 480 0.78
o 479 0.78
o 478 0.78
o 477 0.78
o 476 0.78
o 475 0.78
o 474 0.78
o 473 0.78
o 472 0.78
o 471 0.78
o 470 0.78
o 469 0.78
o 468 0.78
o 467 0.78
o 466 0.78
o 465 0.78
o 464 0.78
o 463 0.78
o 462 0.78
o 461 0.78
o 460 0.78
o 459 0.78
o 458 0.78
o 457 0.78
o 456 0.78
o 455 0.78
o 454 0.78
o 453 0.78
o 452 0.78
o 451 0.78
o 450 0.78
o 449 0.78
o 448 0.78
o 447 0.78
o 446 0.79
o 445 0.79
o 444 0.79
o 443 0.79
o 442 0.79
o 441 0.79
o 440 0.79
o 439 0.79
o 438 0.79
o 437 0.79
o 436 0.79
o 435 0.79
o 434 0.79
o 433 0.79
o 432 0.79
o 431 0.79
o 430 0.79
o 429 0.79
o 428 0.79
o 427 0.79
o 426 0.79
o 425 0.79
o 424 0.79
o 423 0.79
o 422 0.79
o 421 0.79
o 420 0.79
o 419 0.79
o 418 0.79
o 417 0.79
o 416 0.79
o 415 0.79
o 414 0.79
o 413 0.79
o 412 0.79
o 411 0.79
o 410 0.79
o 409 0.79
o 408 0.79
o 407 0.79
o 406 0.79
o 405 0.79
o 404 0.79
o 403 0.79
o 402 0.79
o 401 0.79
o 400 0.79
o 399 0.79
o 398 0.79
o 397 0.79
o 395 0.79
o 394 0.79
o 393 0.79
o 392 0.79
o 391 0.92
o 390 0.92
o 389 0.92
o 388 0.92
o 385 0.97
o 384 0.97
o 383 0.97
o 382 0.97
o 381 0.98
o 378 0.98
o 377 0.98
o 376 0.98
o 375 0.98
o 374 0.99
o 373 1
o 372 1
o 371 1
o 370 1.14
o 369 1.14
o 368 1.14
o 367 1.14
o 366 1.22
o 365 1.27
o 364 1.27
o 363 1.27
o 362 1.51
o 361 1.52
o 349 1.57
o 348 1.57
o 347 1.57
o 346 2.13
o 344 2.2
o 343 2.2
o 342 3.78
o 341 28.34
judgment-aggregation-ja-slater-preflib-00051-00000008
o 569 0.73
o 568 0.73
o 567 0.73
o 566 0.73
o 565 0.73
o 564 0.73
o 563 0.73
o 562 0.73
o 561 0.73
o 560 0.73
o 559 0.73
o 558 0.73
o 557 0.73
o 556 0.73
o 555 0.73
o 554 0.73
o 553 0.73
o 552 0.73
o 551 0.73
o 550 0.73
o 549 0.73
o 548 0.73
o 547 0.73
o 546 0.73
o 545 0.73
o 544 0.73
o 543 0.73
o 542 0.73
o 541 0.73
o 540 0.73
o 539 0.73
o 538 0.73
o 537 0.73
o 536 0.73
o 535 0.73
o 534 0.73
o 533 0.73
o 532 0.73
o 531 0.73
o 530 0.73
o 529 0.73
o 528 0.73
o 527 0.73
o 526 0.73
o 525 0.73
o 524 0.73
o 523 0.73
o 522 0.73
o 521 0.73
o 520 0.73
o 519 0.73
o 518 0.73
o 517 0.73
o 516 0.73
o 515 0.73
o 514 0.73
o 513 0.73
o 512 0.73
o 511 0.73
o 510 0.73
o 509 0.73
o 508 0.73
o 507 0.73
o 506 0.73
o 505 0.73
o 504 0.73
o 503 0.73
o 502 0.73
o 501 0.73
o 500 0.73
o 499 0.73
o 498 0.73
o 497 0.73
o 496 0.73
o 495 0.73
o 494 0.73
o 493 0.73
o 492 0.73
o 491 0.73
o 490 0.73
o 489 0.73
o 488 0.73
o 487 0.73
o 486 0.73
o 484 0.73
o 483 0.73
o 482 0.73
o 481 0.73
o 480 0.73
o 479 0.73
o 478 0.73
o 477 0.73
o 476 0.73
o 475 0.73
o 474 0.73
o 473 0.73
o 472 0.73
o 471 0.73
o 470 0.73
o 469 0.73
o 468 0.73
o 467 0.73
o 466 0.73
o 465 0.73
o 464 0.73
o 463 0.73
o 462 0.73
o 461 0.73
o 460 0.73
o 459 0.73
o 458 0.73
o 457 0.73
o 456 0.73
o 455 0.73
o 454 0.73
o 453 0.73
o 452 0.73
o 451 0.73
o 450 0.73
o 449 0.73
o 448 0.73
o 447 0.73
o 446 0.73
o 445 0.73
o 444 0.73
o 443 0.73
o 442 0.73
o 441 0.73
o 439 0.73
o 438 0.73
o 437 0.73
o 436 0.73
o 434 0.73
o 433 0.73
o 432 0.73
o 431 0.73
o 430 0.73
o 429 0.73
o 428 0.73
o 427 0.73
o 425 0.73
o 424 0.73
o 423 0.73
o 422 0.73
o 412 0.74
o 411 0.74
o 410 0.74
o 409 0.74
o 408 0.74
o 407 0.74
o 406 0.74
o 405 0.74
o 404 0.74
o 403 0.74
o 402 0.74
o 401 0.74
o 400 0.74
o 399 0.74
o 398 0.74
o 397 0.74
o 396 0.74
o 395 0.74
o 394 0.74
o 390 0.74
o 389 0.74
o 388 0.74
o 386 0.74
o 385 0.74
o 384 0.74
o 383 0.74
o 382 0.74
o 381 0.85
o 368 0.85
o 366 0.85
o 365 0.85
o 364 0.88
o 363 0.96
o 362 0.96
o 361 0.96
o 360 0.96
o 359 1
o 358 1
o 357 1
o 355 1
o 348 1.02
o 347 1.37
o 346 1.37
o 345 1.37
o 344 1.47
o 343 6.25
o 342 6.35
o 341 46.02
judgment-aggregation-ja-slater-preflib-00051-00000008
o 588 0.76
o 587 0.76
o 586 0.76
o 585 0.76
o 584 0.76
o 583 0.76
o 582 0.76
o 581 0.76
o 580 0.76
o 579 0.76
o 578 0.76
o 577 0.76
o 576 0.76
o 575 0.76
o 574 0.76
o 573 0.76
o 572 0.76
o 571 0.76
o 570 0.76
o 569 0.76
o 568 0.76
o 567 0.76
o 566 0.76
o 565 0.76
o 564 0.76
o 563 0.76
o 562 0.76
o 561 0.76
o 560 0.76
o 559 0.76
o 558 0.76
o 557 0.76
o 556 0.76
o 555 0.76
o 554 0.76
o 553 0.76
o 552 0.76
o 551 0.76
o 550 0.76
o 549 0.76
o 548 0.76
o 547 0.76
o 546 0.76
o 545 0.76
o 544 0.76
o 543 0.76
o 542 0.76
o 541 0.76
o 540 0.76
o 539 0.76
o 538 0.76
o 537 0.76
o 536 0.76
o 535 0.76
o 534 0.76
o 533 0.76
o 532 0.76
o 531 0.76
o 530 0.76
o 529 0.76
o 528 0.76
o 527 0.76
o 526 0.76
o 525 0.76
o 524 0.76
o 523 0.76
o 522 0.76
o 521 0.76
o 520 0.76
o 519 0.76
o 518 0.76
o 517 0.76
o 516 0.76
o 515 0.76
o 514 0.76
o 513 0.76
o 512 0.76
o 511 0.76
o 510 0.76
o 509 0.76
o 508 0.76
o 507 0.76
o 506 0.76
o 505 0.76
o 504 0.76
o 503 0.76
o 502 0.76
o 501 0.76
o 500 0.76
o 499 0.76
o 498 0.76
o 497 0.76
o 496 0.76
o 495 0.76
o 494 0.76
o 493 0.76
o 492 0.76
o 491 0.76
o 490 0.76
o 489 0.76
o 488 0.76
o 487 0.76
o 486 0.76
o 485 0.76
o 484 0.76
o 483 0.76
o 482 0.76
o 481 0.76
o 480 0.76
o 479 0.76
o 478 0.76
o 432 0.76
o 431 0.76
o 430 0.76
o 428 0.76
o 427 0.76
o 426 0.76
o 425 0.76
o 424 0.76
o 423 0.76
o 422 0.76
o 421 0.76
o 420 0.76
o 419 0.77
o 418 0.77
o 417 0.77
o 416 0.77
o 415 0.77
o 414 0.77
o 413 0.77
o 412 0.77
o 411 0.77
o 410 0.77
o 409 0.77
o 408 0.77
o 407 0.77
o 406 0.77
o 405 0.77
o 404 0.77
o 403 0.77
o 402 0.77
o 401 0.77
o 400 0.77
o 397 0.77
o 396 0.77
o 395 0.77
o 394 0.77
o 393 0.77
o 392 0.77
o 390 0.77
o 389 0.77
o 388 0.77
o 387 0.77
o 386 0.77
o 382 0.77
o 381 0.77
o 380 0.77
o 369 0.92
o 368 0.92
o 367 0.92
o 366 0.92
o 364 0.92
o 363 0.92
o 362 1
o 361 1.02
o 360 1.03
o 359 1.03
o 358 1.04
o 357 1.04
o 356 1.09
o 355 1.09
o 354 1.11
o 353 1.14
o 352 1.16
o 351 1.17
o 350 1.18
o 349 1.18
o 348 1.25
o 347 1.26
o 346 1.26
o 345 1.27
o 344 3.18
o 343 4.75
o 342 9.45
o 341 12.66
