judgment-aggregation-ja-maxham-preflib-00049-00000316
o 64 0.04
o 63 0.04
o 62 0.04
o 61 0.04
o 60 0.04
o 59 0.04
o 58 0.69
o 57 9.59
o 56 43.11
o 55 43.13
o 54 44.22
judgment-aggregation-ja-maxham-preflib-00049-00000316
o 62 0.04
o 61 0.04
o 60 0.05
o 59 0.29
o 58 6.04
o 57 6.17
o 56 6.33
o 55 48.68
judgment-aggregation-ja-maxham-preflib-00049-00000316
o 69 0.04
o 68 0.04
o 67 0.04
o 66 0.06
o 65 0.06
o 64 0.09
o 63 5.98
o 62 7.07
o 61 10.03
o 60 10.03
o 59 10.03
o 58 10.06
o 57 10.74
o 56 11.37
o 55 24.43
o 54 116.48
judgment-aggregation-ja-maxham-preflib-00049-00000316
o 59 0.04
o 58 0.04
o 57 0.14
o 56 22.95
o 55 169.95
judgment-aggregation-ja-maxham-preflib-00049-00000316
o 61 0.04
o 60 0.04
o 59 0.11
o 58 0.34
o 57 1.05
o 56 35.46
o 55 35.52
o 54 298.88
judgment-aggregation-ja-maxham-preflib-00049-00000316
o 63 0.04
o 62 0.05
o 61 0.05
o 60 0.06
o 59 0.07
o 58 0.11
o 57 1.84
o 56 7.65
o 55 7.65
o 54 10.09
o 53 178.55
judgment-aggregation-ja-maxham-preflib-00049-00000316
o 57 0.04
o 56 0.04
o 55 0.06
o 54 30.26
judgment-aggregation-ja-maxham-preflib-00049-00000316
o 66 0.05
o 65 0.05
o 64 0.05
o 63 0.05
o 62 0.07
o 61 0.07
o 60 0.07
o 59 0.08
o 58 0.1
o 57 0.11
o 56 6.17
o 55 40.19
o 54 62.02
judgment-aggregation-ja-maxham-preflib-00049-00000316
o 63 0.04
o 62 0.05
o 61 0.05
o 60 0.06
o 59 0.08
o 58 0.1
o 57 2.01
o 56 12.22
o 55 79.46
o 54 105.63
judgment-aggregation-ja-maxham-preflib-00049-00000316
o 61 0.04
o 60 0.04
o 59 0.04
o 58 0.98
o 57 4.91
o 56 32.6
o 55 62.75
o 54 153.63
