judgment-aggregation-ja-maxham-preflib-00049-00000293
o 56 0.07
o 55 0.07
o 54 0.28
o 53 8.41
o 52 8.41
o 51 8.41
o 50 8.41
o 49 8.47
o 48 88.83
o 47 173.05
judgment-aggregation-ja-maxham-preflib-00049-00000293
o 54 0.09
o 53 0.09
o 52 0.09
o 51 0.09
o 50 0.85
o 49 46.41
o 48 46.46
judgment-aggregation-ja-maxham-preflib-00049-00000293
o 59 0.09
o 58 0.09
o 57 0.09
o 56 0.09
o 55 0.09
o 54 0.1
o 53 0.1
o 52 8.66
o 51 8.66
o 50 8.66
o 49 27.22
o 48 71.36
judgment-aggregation-ja-maxham-preflib-00049-00000293
o 59 0.08
o 58 0.09
o 57 0.09
o 56 0.5
o 55 0.6
o 54 4.51
o 52 13.22
o 51 13.22
o 50 13.24
o 49 13.27
o 48 78.79
o 47 168.83
judgment-aggregation-ja-maxham-preflib-00049-00000293
o 55 0.08
o 54 0.08
o 53 0.08
o 52 0.1
o 51 3.22
o 50 23.32
o 49 31.76
o 48 32.05
o 47 35.64
judgment-aggregation-ja-maxham-preflib-00049-00000293
o 56 0.07
o 55 0.07
o 54 0.08
o 53 0.48
o 52 20.88
o 51 38.5
o 50 47
o 49 47
o 48 47
judgment-aggregation-ja-maxham-preflib-00049-00000293
o 60 0.09
o 59 1.03
o 54 9.24
o 53 9.25
o 52 9.25
o 51 9.29
o 50 21.21
o 49 63.91
o 48 64.29
judgment-aggregation-ja-maxham-preflib-00049-00000293
o 50 0.08
o 49 0.08
o 48 0.12
o 47 245.65
judgment-aggregation-ja-maxham-preflib-00049-00000293
o 63 0.09
o 62 0.09
o 61 0.09
o 60 0.09
o 59 0.09
o 58 0.1
o 57 0.11
o 56 0.12
o 55 8.33
o 54 12.45
o 53 12.6
o 52 20.47
o 51 24.66
o 50 24.69
o 49 28.83
o 48 41.7
o 47 102.11
judgment-aggregation-ja-maxham-preflib-00049-00000293
o 56 0.08
o 55 0.08
o 54 0.08
o 53 0.08
o 52 0.12
o 51 0.12
o 50 9.52
o 49 12.89
o 48 260.27
o 47 263.69
