MaxSATQueriesinInterpretableClassifiers-wdbc_train_9_CNF_5_1
o 36 0.02
o 35 0.02
o 34 0.02
o 33 0.02
o 32 0.02
o 31 0.02
o 30 0.02
o 29 0.03
o 28 0.03
o 27 0.03
o 26 0.03
o 25 0.07
o 24 0.08
o 23 0.25
o 22 0.3
MaxSATQueriesinInterpretableClassifiers-wdbc_train_9_CNF_5_1
o 43 0.02
o 42 0.02
o 41 0.02
o 40 0.02
o 39 0.02
o 38 0.02
o 37 0.02
o 36 0.02
o 35 0.02
o 34 0.02
o 33 0.02
o 32 0.02
o 31 0.03
o 30 0.03
o 29 0.03
o 28 0.03
o 27 0.03
o 26 0.03
o 25 0.03
o 24 0.03
o 23 0.03
o 22 0.04
o 21 71.05
MaxSATQueriesinInterpretableClassifiers-wdbc_train_9_CNF_5_1
o 41 0.02
o 40 0.02
o 39 0.02
o 38 0.02
o 37 0.02
o 36 0.02
o 35 0.02
o 34 0.02
o 33 0.02
o 32 0.02
o 31 0.04
o 30 0.04
o 29 0.06
o 28 0.06
o 27 0.07
o 26 0.07
o 25 0.09
o 24 0.09
o 23 0.09
o 22 0.52
o 21 209.63
MaxSATQueriesinInterpretableClassifiers-wdbc_train_9_CNF_5_1
o 33 0.01
o 32 0.01
o 31 0.01
o 30 0.01
o 29 0.01
o 28 0.01
o 27 0.01
o 26 0.01
o 25 0.03
o 24 0.03
o 23 0.1
o 22 0.43
o 21 82.32
MaxSATQueriesinInterpretableClassifiers-wdbc_train_9_CNF_5_1
o 32 0.02
o 31 0.03
o 30 0.03
o 29 0.03
o 28 0.03
o 27 0.03
o 26 0.04
o 25 0.04
o 24 0.1
o 23 0.19
o 22 0.26
o 21 73.17
MaxSATQueriesinInterpretableClassifiers-wdbc_train_9_CNF_5_1
o 36 0.02
o 35 0.02
o 34 0.02
o 33 0.02
o 32 0.02
o 31 0.02
o 30 0.03
o 29 0.03
o 28 0.03
o 27 0.03
o 26 0.03
o 25 0.07
o 24 0.14
o 23 0.15
o 22 0.28
o 21 5.75
MaxSATQueriesinInterpretableClassifiers-wdbc_train_9_CNF_5_1
o 45 0.01
o 42 0.01
o 41 0.01
o 40 0.01
o 39 0.02
o 38 0.02
o 37 0.02
o 36 0.02
o 35 0.02
o 34 0.02
o 33 0.02
o 32 0.02
o 30 0.02
o 29 0.02
o 28 0.02
o 27 0.04
o 26 0.05
o 25 0.05
o 24 0.07
o 23 0.13
o 22 0.13
o 21 118.44
MaxSATQueriesinInterpretableClassifiers-wdbc_train_9_CNF_5_1
o 36 0.01
o 35 0.01
o 34 0.01
o 33 0.01
o 32 0.01
o 31 0.01
o 30 0.02
o 29 0.02
o 28 0.02
o 27 0.02
o 26 0.02
o 25 0.02
o 24 0.02
o 23 0.1
o 22 0.11
o 21 177.08
MaxSATQueriesinInterpretableClassifiers-wdbc_train_9_CNF_5_1
o 35 0.01
o 34 0.02
o 33 0.02
o 32 0.02
o 31 0.02
o 30 0.02
o 29 0.02
o 28 0.02
o 27 0.02
o 26 0.02
o 25 0.02
o 24 0.02
o 23 0.02
o 22 0.02
o 21 34.44
MaxSATQueriesinInterpretableClassifiers-wdbc_train_9_CNF_5_1
o 41 0.02
o 40 0.02
o 39 0.02
o 38 0.02
o 37 0.02
o 36 0.02
o 35 0.02
o 34 0.02
o 33 0.03
o 32 0.03
o 31 0.03
o 30 0.03
o 29 0.03
o 28 0.03
o 27 0.03
o 26 0.06
o 25 0.06
o 24 0.06
o 23 0.06
o 22 0.17
o 21 124.25
