min-fill-MinFill_R0_myciel5
o 328 0.12
o 309 0.13
o 306 0.13
o 296 0.15
o 291 0.18
o 290 0.18
o 289 0.18
o 284 0.19
o 270 0.19
o 261 0.32
o 252 0.48
o 232 0.53
o 220 3.69
o 219 3.69
o 217 3.71
o 211 12.21
o 208 12.23
o 204 12.24
o 202 128.98
o 200 151.48
o 199 224.66
min-fill-MinFill_R0_myciel5
o 307 0.17
o 298 0.26
o 279 0.26
o 265 0.27
o 259 0.29
o 256 0.29
o 253 0.3
o 244 0.34
o 243 0.35
o 237 1.02
o 236 1.02
o 232 1.03
o 224 1.05
o 221 2.7
o 218 3.1
o 212 3.1
o 202 3.11
o 201 77.15
o 197 114.22
min-fill-MinFill_R0_myciel5
o 361 0.11
o 359 0.12
o 337 0.12
o 310 0.17
o 293 0.18
o 290 0.26
o 284 0.27
o 283 0.27
o 273 0.96
o 272 0.96
o 268 1.05
o 260 1.05
o 254 1.05
o 239 1.06
o 238 1.06
o 237 1.06
o 233 1.12
o 231 4.7
o 224 4.76
o 222 4.76
o 220 4.77
o 215 7.95
o 213 7.97
o 211 10.66
o 208 10.68
o 207 81.81
o 206 81.81
o 205 81.82
o 204 81.84
o 201 81.84
o 200 81.84
min-fill-MinFill_R0_myciel5
o 409 0.12
o 302 0.16
o 296 0.16
o 282 0.17
o 278 0.17
o 277 0.18
o 274 0.2
o 273 0.22
o 272 0.22
o 271 0.22
o 270 0.22
o 260 0.22
o 244 0.24
o 239 0.25
o 238 0.26
o 237 0.27
o 234 0.31
o 233 0.32
o 232 0.32
o 231 0.32
o 230 0.32
o 225 0.33
o 224 14.18
o 220 15.11
o 214 15.12
o 206 17.54
o 205 28.79
o 204 39.89
o 203 39.9
o 202 39.9
o 201 39.9
o 198 39.9
o 196 39.9
min-fill-MinFill_R0_myciel5
o 302 0.1
o 285 0.1
o 274 0.19
o 270 0.19
o 254 0.19
o 242 0.2
o 234 0.2
o 233 0.2
o 230 2.88
o 228 3.59
o 227 4.01
o 226 4.04
o 223 4.04
o 222 4.09
o 213 6.58
o 210 42.6
o 209 58.03
o 208 58.05
o 202 64.65
o 200 64.66
o 199 232.52
min-fill-MinFill_R0_myciel5
o 270 0.15
o 269 0.15
o 267 0.35
o 259 0.36
o 254 0.37
o 230 0.38
o 228 1.19
o 227 1.2
o 225 1.2
o 214 1.21
o 213 1.21
o 208 18.14
o 205 36.87
o 203 44.62
o 201 97.5
o 200 97.51
min-fill-MinFill_R0_myciel5
o 354 0.13
o 352 0.15
o 257 0.2
o 245 0.79
o 239 1.64
o 233 3.09
o 226 3.11
o 218 6.58
o 217 6.58
o 216 9.33
o 210 9.36
o 208 9.37
o 205 40.15
o 204 40.15
o 203 132.44
o 202 171.79
o 201 171.79
o 200 171.79
o 199 171.79
o 198 171.79
o 197 171.79
min-fill-MinFill_R0_myciel5
o 327 0.16
o 300 0.23
o 269 0.23
o 263 0.63
o 242 0.66
o 234 0.67
o 232 0.68
o 222 0.68
o 217 6.52
o 210 21.77
o 207 40.76
o 205 40.83
o 204 40.83
o 200 40.84
min-fill-MinFill_R0_myciel5
o 373 0.13
o 338 0.14
o 337 0.14
o 336 0.14
o 335 0.14
o 334 0.14
o 322 0.14
o 298 0.41
o 297 0.48
o 277 0.49
o 276 0.49
o 273 0.51
o 259 0.52
o 252 0.53
o 248 0.8
o 247 0.8
o 246 0.8
o 243 0.81
o 234 1.5
o 228 1.53
o 217 2.58
o 211 5.41
o 208 5.42
o 205 7.63
o 202 46.62
o 198 58.18
min-fill-MinFill_R0_myciel5
o 360 0.12
o 356 0.17
o 351 0.17
o 349 0.18
o 345 0.23
o 326 0.24
o 320 0.24
o 310 0.25
o 309 0.25
o 308 0.25
o 280 0.26
o 278 0.52
o 267 0.53
o 260 0.53
o 242 0.54
o 238 0.55
o 236 0.55
o 234 1.69
o 216 1.71
o 215 1.86
o 212 3.78
o 211 3.78
o 209 3.78
o 208 3.79
o 207 42.56
o 205 84.09
o 204 84.09
o 201 95.73
o 200 108.13
o 198 129.19
o 197 234.34
