optimizing-BDDs-soybean-un-wcnf_incomplete_improved_1_2019_6
o 93 0.32
o 92 0.32
o 84 0.36
o 82 0.36
o 81 0.37
o 76 0.37
o 75 0.37
o 74 0.37
o 73 0.37
o 64 0.55
o 59 0.55
o 58 2.71
o 55 2.76
o 54 3.28
o 51 3.3
o 42 265.82
optimizing-BDDs-soybean-un-wcnf_incomplete_improved_1_2019_6
o 89 0.38
o 80 0.38
o 78 17.53
o 57 24.43
o 56 24.43
o 55 26.59
o 51 99
optimizing-BDDs-soybean-un-wcnf_incomplete_improved_1_2019_6
o 89 0.4
o 87 0.66
o 76 0.66
o 71 3.26
o 70 4.4
o 67 12.73
o 66 12.73
o 65 12.74
o 55 31.38
o 51 84.31
o 44 210.87
optimizing-BDDs-soybean-un-wcnf_incomplete_improved_1_2019_6
o 92 0.33
o 90 0.38
o 83 0.43
o 76 0.43
o 61 1.37
o 60 1.37
o 55 8.77
o 50 124.01
o 49 241.6
optimizing-BDDs-soybean-un-wcnf_incomplete_improved_1_2019_6
o 168 0.51
o 56 0.55
o 55 26.03
o 54 149.24
o 50 155.13
optimizing-BDDs-soybean-un-wcnf_incomplete_improved_1_2019_6
o 461 0.3
o 107 0.34
o 92 0.34
o 78 0.46
o 60 0.46
o 55 0.56
o 50 0.64
o 45 89.21
o 42 89.22
optimizing-BDDs-soybean-un-wcnf_incomplete_improved_1_2019_6
o 90 0.44
o 86 8.5
o 82 8.5
o 81 8.5
o 80 8.5
o 79 13.25
o 76 25.42
o 69 30.68
o 67 30.68
o 66 30.68
o 62 35.13
o 58 35.13
o 55 35.44
o 49 59.87
o 46 59.9
o 42 209.71
optimizing-BDDs-soybean-un-wcnf_incomplete_improved_1_2019_6
o 98 0.38
o 92 0.39
o 83 0.39
o 81 6.23
o 79 7.22
o 77 15.4
o 74 19.34
o 64 19.34
o 63 19.55
o 60 20.8
o 57 21.19
o 56 43.54
o 55 43.57
o 50 85.33
optimizing-BDDs-soybean-un-wcnf_incomplete_improved_1_2019_6
o 257 0.11
o 105 0.35
o 72 0.35
o 71 2.7
o 67 3.09
o 62 3.09
o 57 3.09
o 55 16.05
o 54 162.37
o 43 196.96
optimizing-BDDs-soybean-un-wcnf_incomplete_improved_1_2019_6
o 146 0.3
o 98 0.44
o 92 0.44
o 91 0.53
o 86 0.53
o 80 0.53
o 57 0.68
o 56 0.72
o 55 0.98
o 54 32.5
o 45 261.88
