optimizing-BDDs-vote-un-wcnf_incomplete_improved_1_2019_7
o 65 0.11
o 49 0.33
o 43 0.33
o 37 0.33
o 36 0.33
o 35 0.33
o 33 0.33
o 21 0.34
o 20 0.34
o 18 0.34
o 16 0.34
o 15 0.34
o 14 0.34
o 13 0.34
o 12 0.34
o 11 0.34
o 9 24.03
o 8 189.56
o 7 223.02
optimizing-BDDs-vote-un-wcnf_incomplete_improved_1_2019_7
o 20 0.29
o 19 0.29
o 18 0.37
o 17 0.41
o 16 0.46
o 15 0.48
o 9 1.15
o 8 1.15
o 7 76.86
optimizing-BDDs-vote-un-wcnf_incomplete_improved_1_2019_7
o 29 0.32
o 26 0.32
o 18 0.32
o 17 0.32
o 16 0.33
o 13 0.38
o 12 0.38
o 10 0.51
o 9 0.51
o 8 0.51
optimizing-BDDs-vote-un-wcnf_incomplete_improved_1_2019_7
o 33 0.37
o 22 0.39
o 17 0.54
o 16 0.54
o 15 0.54
o 14 0.54
o 13 2.24
o 12 3.53
o 11 5.06
o 10 5.06
o 9 38.26
o 8 38.26
o 7 202.24
optimizing-BDDs-vote-un-wcnf_incomplete_improved_1_2019_7
o 35 0.31
o 20 0.31
o 19 0.38
o 17 0.38
o 16 0.38
o 13 0.6
o 12 0.6
o 10 0.6
o 9 7.77
o 8 154.87
optimizing-BDDs-vote-un-wcnf_incomplete_improved_1_2019_7
o 61 0.35
o 57 0.35
o 50 0.35
o 48 0.35
o 47 0.35
o 44 0.35
o 41 0.36
o 40 0.36
o 31 0.36
o 27 0.36
o 26 0.36
o 23 0.39
o 22 0.39
o 17 0.51
o 16 0.6
o 15 0.74
o 14 0.97
o 13 0.97
o 12 0.97
o 10 2.45
o 9 2.45
o 8 61.92
o 7 252.17
optimizing-BDDs-vote-un-wcnf_incomplete_improved_1_2019_7
o 28 0.42
o 27 0.42
o 19 0.42
o 18 0.44
o 16 0.45
o 15 4.63
o 13 8.12
o 12 8.12
o 11 8.12
o 10 9.28
o 8 9.28
o 7 175.97
optimizing-BDDs-vote-un-wcnf_incomplete_improved_1_2019_7
o 31 0.33
o 30 0.33
o 23 0.33
o 20 0.33
o 18 0.33
o 17 0.33
o 16 0.33
o 15 0.67
o 14 0.99
o 13 0.99
o 12 1.67
o 8 1.67
optimizing-BDDs-vote-un-wcnf_incomplete_improved_1_2019_7
o 35 0.42
o 34 0.42
o 32 0.43
o 31 0.44
o 29 0.44
o 28 0.44
o 23 0.44
o 18 0.44
o 17 0.44
o 15 0.44
o 11 0.44
o 10 0.44
o 9 0.44
o 8 142.85
optimizing-BDDs-vote-un-wcnf_incomplete_improved_1_2019_7
o 21 0.41
o 20 0.41
o 19 0.46
o 18 0.46
o 17 0.46
o 16 0.47
o 14 0.47
o 13 0.47
o 12 3.84
o 10 5.58
o 9 13.42
o 8 34.74
o 7 80.89
