SeanSafarpour-rsdecoder1_blackbox_KESblock-problem.dimacs_30.filtered
o 76 0.75
o 75 108.39
o 74 108.39
o 73 108.39
o 72 108.39
o 71 108.39
o 70 108.39
o 69 108.39
o 68 108.39
o 67 108.39
o 66 170.9
o 65 170.9
o 64 170.9
o 63 170.9
o 62 170.9
o 61 170.9
o 60 170.9
o 59 170.9
o 58 170.9
o 57 170.9
o 56 170.9
o 55 253.55
o 54 253.55
o 53 293.94
o 52 293.94
SeanSafarpour-rsdecoder1_blackbox_KESblock-problem.dimacs_30.filtered
o 118 0.78
o 101 69.54
o 100 69.54
o 99 69.54
o 98 69.54
o 97 69.54
o 96 69.54
o 95 69.54
o 94 69.54
o 93 69.54
o 92 69.54
o 91 69.54
o 27 89.4
o 26 89.4
o 25 89.4
SeanSafarpour-rsdecoder1_blackbox_KESblock-problem.dimacs_30.filtered
o 92 0.73
o 91 0.73
o 90 0.73
o 89 0.73
o 64 85.76
o 63 85.76
o 62 85.76
o 61 85.76
o 60 85.76
o 59 85.76
o 58 85.76
o 57 85.76
o 56 85.76
o 55 85.76
o 54 85.76
o 44 206.88
o 43 206.88
o 42 206.88
o 41 206.88
o 40 206.88
o 39 206.88
o 38 206.88
SeanSafarpour-rsdecoder1_blackbox_KESblock-problem.dimacs_30.filtered
o 70 0.74
o 67 168.19
o 66 168.19
o 65 168.19
o 64 168.19
o 63 168.19
o 62 168.19
o 61 168.19
o 60 168.19
o 59 168.19
SeanSafarpour-rsdecoder1_blackbox_KESblock-problem.dimacs_30.filtered
o 88 0.82
o 47 54.23
o 45 54.23
o 44 54.23
o 43 54.23
o 42 54.23
o 41 54.23
o 40 54.23
o 39 54.23
o 38 54.23
o 37 54.23
o 36 54.23
SeanSafarpour-rsdecoder1_blackbox_KESblock-problem.dimacs_30.filtered
o 97 0.73
o 96 75.43
o 95 75.43
o 94 75.43
o 93 75.43
o 92 75.43
o 67 129.22
o 66 129.22
o 65 129.22
o 64 129.22
o 63 129.22
o 62 129.22
o 61 129.22
o 59 129.22
SeanSafarpour-rsdecoder1_blackbox_KESblock-problem.dimacs_30.filtered
o 90 0.73
o 67 94.87
o 66 94.87
o 65 94.87
o 64 94.87
o 63 94.87
o 62 94.87
o 61 94.88
o 60 94.88
o 59 94.88
o 58 94.88
o 57 94.88
o 48 214.31
o 47 214.31
o 46 214.31
o 45 214.31
o 44 214.31
o 43 214.31
o 42 214.31
o 41 214.31
o 40 214.31
o 39 214.31
SeanSafarpour-rsdecoder1_blackbox_KESblock-problem.dimacs_30.filtered
o 90 0.82
o 89 0.82
o 88 0.82
o 87 0.82
o 86 0.82
o 77 83.44
o 76 83.45
o 75 83.45
o 74 83.45
o 73 83.45
o 72 83.45
o 71 83.45
o 70 83.45
o 69 83.45
o 68 83.45
o 67 83.45
o 66 120.23
o 65 120.23
o 64 120.23
o 63 213.64
o 62 213.64
o 61 213.64
o 60 213.64
o 54 269.39
o 53 269.39
o 52 269.39
o 51 269.39
o 50 269.39
o 49 269.39
o 48 269.39
o 47 269.39
o 46 269.39
o 45 269.39
o 44 269.39
SeanSafarpour-rsdecoder1_blackbox_KESblock-problem.dimacs_30.filtered
o 86 0.79
o 84 113.97
o 83 113.97
o 82 113.97
o 81 113.97
o 80 113.97
o 79 113.97
o 78 113.97
o 77 113.97
o 76 113.97
o 75 113.97
o 74 113.97
o 73 113.97
o 72 113.97
o 59 190.63
o 58 190.63
o 57 190.63
o 56 190.63
o 55 190.63
o 54 190.63
o 53 190.63
o 52 190.63
o 51 190.63
SeanSafarpour-rsdecoder1_blackbox_KESblock-problem.dimacs_30.filtered
o 80 0.82
o 68 99.11
o 67 99.11
o 66 99.11
o 65 99.11
o 64 99.11
o 63 99.11
o 62 99.11
o 61 99.11
o 60 99.11
o 39 145.99
o 38 145.99
o 37 145.99
o 36 145.99
o 35 145.99
o 34 145.99
o 33 145.99
