gen-hyper-tw-GenHyperTW_b01
o 19 0.23
o 18 0.23
o 17 1.45
o 16 9.51
o 15 18.07
o 14 18.09
o 13 53.29
o 12 53.29
o 11 97.62
o 10 97.74
gen-hyper-tw-GenHyperTW_b01
o 17 0.24
o 16 0.24
o 15 0.24
o 14 0.24
o 13 0.29
o 12 18.18
o 11 67.77
o 10 246.83
gen-hyper-tw-GenHyperTW_b01
o 16 0.36
o 15 0.36
o 14 0.36
o 13 1.73
o 12 35.69
o 11 188.28
o 10 189.03
gen-hyper-tw-GenHyperTW_b01
o 18 0.29
o 17 0.29
o 16 0.29
o 15 0.29
o 14 5.13
o 13 39.92
o 12 43.24
o 11 91.78
o 10 262.52
gen-hyper-tw-GenHyperTW_b01
o 19 0.34
o 17 0.34
o 16 0.34
o 15 0.35
o 14 8.95
o 13 8.95
o 12 9.14
o 11 15.36
o 10 72.93
gen-hyper-tw-GenHyperTW_b01
o 15 0.22
o 14 0.22
o 13 0.22
o 12 3.85
o 11 31.91
o 10 151.81
gen-hyper-tw-GenHyperTW_b01
o 20 0.36
o 19 0.36
o 18 0.36
o 17 4.74
o 16 5.13
o 15 9.6
o 14 19.95
o 13 39.17
o 12 47.97
o 11 106.13
o 10 131.39
o 9 132.02
gen-hyper-tw-GenHyperTW_b01
o 17 0.29
o 16 0.29
o 15 4.91
o 13 26.54
o 12 26.54
o 11 27.34
o 10 236.94
o 9 237.74
gen-hyper-tw-GenHyperTW_b01
o 16 0.28
o 15 14.1
o 14 23.14
o 13 42.08
o 12 77.45
o 11 89.62
o 10 259.4
gen-hyper-tw-GenHyperTW_b01
o 19 0.3
o 18 0.3
o 17 5.5
o 16 10.11
o 15 10.25
o 14 10.76
o 13 19.55
o 12 21.25
o 11 119.43
