gen-hyper-tw-GenHyperTW_dubois28
o 12 1.67
o 11 1.67
o 10 1.67
o 9 1.67
gen-hyper-tw-GenHyperTW_dubois28
o 22 1.6
o 21 1.61
o 20 1.61
o 19 1.61
o 18 3.9
o 17 6.08
o 16 7
o 15 68.8
o 14 69.09
o 13 229.6
gen-hyper-tw-GenHyperTW_dubois28
o 15 1.46
o 14 1.46
o 13 1.46
o 12 5.89
o 11 11.65
gen-hyper-tw-GenHyperTW_dubois28
o 14 1.79
o 13 1.79
o 12 1.85
o 11 4.22
o 10 9.56
gen-hyper-tw-GenHyperTW_dubois28
o 26 1.85
o 25 1.85
o 24 1.85
o 23 1.87
o 22 1.9
o 21 3.8
o 20 15.82
o 19 15.82
o 18 15.82
o 17 15.82
o 16 15.82
o 15 69.24
o 14 92.58
o 13 109.12
o 12 257.04
o 11 257.79
gen-hyper-tw-GenHyperTW_dubois28
o 22 2.39
o 21 2.39
o 20 2.4
o 19 4.11
o 18 6.55
o 17 18.42
o 16 18.42
o 15 18.43
o 14 19.14
o 12 25.27
o 11 25.27
o 10 28.16
gen-hyper-tw-GenHyperTW_dubois28
o 18 2.27
o 17 2.29
o 16 2.3
o 15 3.87
o 14 8.02
o 13 20.62
o 12 20.68
o 11 197.19
o 10 198.9
gen-hyper-tw-GenHyperTW_dubois28
o 20 1.65
o 19 1.66
o 18 1.72
o 17 5.45
o 16 11.28
o 15 39.18
o 14 39.18
o 13 43.04
o 12 74.54
gen-hyper-tw-GenHyperTW_dubois28
o 24 1.58
o 23 1.58
o 22 1.6
o 21 5.66
o 18 29.62
o 17 32.16
o 16 34.02
o 14 61.58
o 13 61.58
o 12 61.58
o 11 228.37
o 10 228.78
gen-hyper-tw-GenHyperTW_dubois28
o 19 2.16
o 18 2.17
o 17 2.17
o 16 2.17
o 15 2.17
o 14 2.17
o 13 2.61
o 12 12.18
o 11 27.8
o 10 247.44
