inconsistency-measurement-im-contension-C-1-grd_3018_3_7.tgf.pl
o 609 0.36
o 591 0.37
o 590 0.37
o 589 0.37
o 588 0.38
o 587 0.38
o 586 0.42
o 585 0.43
o 584 0.43
o 583 0.43
o 575 0.61
o 574 0.64
o 573 1.37
o 572 1.37
o 571 1.38
o 570 1.38
o 569 1.39
o 568 1.48
o 567 1.49
o 566 1.49
o 565 1.59
o 564 1.59
o 563 4.39
o 562 5.08
o 561 5.08
o 560 5.08
o 559 5.08
o 558 5.08
o 557 5.09
o 556 102.16
o 555 123.28
inconsistency-measurement-im-contension-C-1-grd_3018_3_7.tgf.pl
o 600 0.7
o 583 0.72
o 582 0.74
o 581 0.74
o 580 0.84
o 579 0.87
o 578 0.87
o 577 0.87
o 576 1.48
o 575 1.48
o 574 1.57
o 573 1.58
o 572 1.58
o 571 1.59
o 570 1.6
o 569 1.6
o 568 1.6
o 567 1.61
o 566 1.63
o 565 1.63
o 564 1.63
o 563 1.63
o 562 2.41
o 561 2.41
o 560 2.42
o 559 2.42
o 558 9.37
o 557 26.81
o 556 26.81
o 555 26.81
o 554 26.81
o 553 26.82
o 552 26.82
o 551 26.82
o 550 26.83
inconsistency-measurement-im-contension-C-1-grd_3018_3_7.tgf.pl
o 596 0.33
o 576 0.34
o 573 0.35
o 572 0.36
o 571 0.39
o 570 0.39
o 569 0.39
o 568 0.39
o 567 0.39
o 566 0.39
o 565 0.4
o 564 0.4
o 563 0.4
o 562 2.61
o 561 8.97
o 560 8.97
o 555 24.29
o 554 129.66
inconsistency-measurement-im-contension-C-1-grd_3018_3_7.tgf.pl
o 608 0.4
o 594 0.41
o 593 0.41
o 592 0.42
o 591 0.42
o 590 0.42
o 589 0.42
o 588 0.45
o 587 0.46
o 586 0.46
o 585 0.46
o 584 0.48
o 583 0.48
o 578 0.64
o 577 0.64
o 574 0.98
o 573 0.98
o 572 0.98
o 568 0.98
o 567 2.66
o 566 2.66
o 565 2.66
o 564 2.66
o 563 2.87
o 562 2.87
o 561 2.9
o 560 5.89
o 559 15.55
o 558 15.55
o 557 15.55
o 556 69.19
o 555 69.21
inconsistency-measurement-im-contension-C-1-grd_3018_3_7.tgf.pl
o 608 0.44
o 587 0.47
o 586 0.48
o 585 0.5
o 584 0.5
o 583 0.55
o 582 0.55
o 581 0.57
o 580 0.78
o 579 0.79
o 577 0.79
o 576 0.79
o 575 0.8
o 574 0.82
o 573 0.82
o 572 0.82
o 571 0.82
o 570 0.84
o 569 0.84
o 568 1.36
o 567 1.62
o 566 1.62
o 565 1.63
o 564 2.46
o 563 2.47
o 562 9.13
o 561 9.13
o 560 12.47
o 559 37.34
o 558 44.47
o 557 60.56
o 556 60.56
o 555 60.57
o 554 60.57
o 553 60.58
o 552 185.85
o 551 185.86
o 550 185.86
inconsistency-measurement-im-contension-C-1-grd_3018_3_7.tgf.pl
o 614 0.36
o 585 0.37
o 582 0.41
o 581 0.42
o 580 0.42
o 579 0.42
o 578 0.42
o 577 0.42
o 576 0.44
o 575 0.44
o 574 0.75
o 573 0.78
o 571 0.86
o 570 0.88
o 569 0.88
o 568 0.88
o 567 0.88
o 566 0.88
o 565 0.88
o 564 0.88
o 563 0.88
o 562 1
o 561 1
o 560 6.38
o 559 6.38
o 558 17.98
o 557 39.49
o 554 75.65
o 553 75.66
o 552 82.79
o 551 82.79
inconsistency-measurement-im-contension-C-1-grd_3018_3_7.tgf.pl
o 611 0.79
o 588 0.82
o 586 0.82
o 585 0.82
o 584 0.84
o 582 0.84
o 579 0.9
o 578 0.91
o 577 0.92
o 576 0.93
o 575 0.93
o 574 2.87
o 573 2.88
o 572 2.89
o 571 2.9
o 570 2.91
o 569 2.91
o 568 2.91
o 567 2.93
o 566 5.84
o 565 5.84
o 564 6.65
o 563 7.2
o 562 15.15
o 561 15.16
o 560 15.16
o 559 21.86
o 558 21.86
o 557 21.86
o 556 21.86
o 555 21.86
o 554 21.86
o 553 130.53
o 552 130.53
o 551 130.53
o 550 130.53
inconsistency-measurement-im-contension-C-1-grd_3018_3_7.tgf.pl
o 603 0.75
o 584 0.77
o 583 0.81
o 581 0.87
o 580 0.87
o 576 1.21
o 575 1.23
o 574 1.23
o 573 1.23
o 572 1.49
o 571 1.49
o 570 1.88
o 569 2.98
o 568 2.98
o 567 2.99
o 566 5.62
o 565 8.2
o 564 8.32
o 563 8.32
o 562 8.33
o 561 12.97
o 560 18.9
o 559 18.91
o 558 18.91
o 557 18.91
o 550 141.12
inconsistency-measurement-im-contension-C-1-grd_3018_3_7.tgf.pl
o 604 0.63
o 594 0.66
o 587 0.73
o 586 0.73
o 585 0.73
o 584 0.74
o 583 0.74
o 582 0.74
o 581 0.74
o 580 0.74
o 579 0.76
o 578 1.09
o 577 1.09
o 576 1.09
o 575 1.09
o 574 1.09
o 573 1.1
o 572 1.38
o 571 1.39
o 567 1.52
o 566 2.31
o 565 2.31
o 564 2.31
o 563 9.07
o 562 9.07
o 561 9.07
o 560 9.07
o 559 9.07
o 558 33.29
o 557 33.29
o 556 130.77
o 555 130.77
inconsistency-measurement-im-contension-C-1-grd_3018_3_7.tgf.pl
o 610 0.61
o 586 0.63
o 585 0.64
o 583 0.72
o 580 0.74
o 578 1.09
o 577 1.09
o 576 1.09
o 575 1.09
o 574 1.1
o 573 1.1
o 572 1.1
o 571 2.61
o 570 2.61
o 569 2.61
o 568 2.71
o 564 4.95
o 563 4.95
o 562 4.95
o 561 4.95
o 560 12.29
o 558 12.51
o 557 50.85
o 556 84.67
o 555 84.67
o 554 101.46
