inconsistency-measurement-im-hit-A-2-grd_1948_5_1.tgf.pl
o 377 0.13
o 376 0.14
o 375 0.16
o 374 0.16
o 373 0.16
o 372 0.16
o 370 0.17
o 369 0.17
o 368 0.17
o 367 0.19
o 366 0.19
o 365 0.19
o 364 0.19
o 363 0.19
o 362 0.19
o 361 0.19
o 360 0.42
o 359 2.59
o 358 39.07
o 357 182.74
o 356 206.67
inconsistency-measurement-im-hit-A-2-grd_1948_5_1.tgf.pl
o 373 0.13
o 372 0.18
o 371 0.18
o 370 0.24
o 369 0.24
o 368 0.24
o 367 0.24
o 366 0.33
o 365 0.43
o 364 0.43
o 363 0.43
o 362 0.43
o 361 4.21
o 360 10.65
o 359 26.23
o 358 32.7
o 357 180.37
o 356 288.45
inconsistency-measurement-im-hit-A-2-grd_1948_5_1.tgf.pl
o 374 0.18
o 373 0.19
o 372 0.19
o 371 0.27
o 370 0.27
o 369 0.27
o 368 0.3
o 367 0.3
o 366 0.3
o 365 0.64
o 364 0.66
o 363 0.96
o 362 0.96
o 361 1.96
o 360 1.96
o 359 1.96
o 358 33.99
o 357 94.87
o 356 188.23
inconsistency-measurement-im-hit-A-2-grd_1948_5_1.tgf.pl
o 372 0.14
o 371 0.16
o 370 0.17
o 369 0.2
o 368 0.21
o 367 0.21
o 366 0.21
o 365 0.21
o 364 0.21
o 363 0.21
o 361 0.36
o 360 7.88
o 359 22.92
o 358 84.81
o 357 103.93
inconsistency-measurement-im-hit-A-2-grd_1948_5_1.tgf.pl
o 373 0.19
o 372 0.36
o 371 0.36
o 370 0.37
o 369 0.43
o 368 0.43
o 367 0.43
o 366 0.92
o 365 0.93
o 364 1.05
o 363 1.31
o 362 1.32
o 361 1.33
o 360 4.73
o 359 12.61
o 358 12.62
o 357 79.17
inconsistency-measurement-im-hit-A-2-grd_1948_5_1.tgf.pl
o 373 0.12
o 372 0.17
o 371 0.25
o 370 0.28
o 369 0.29
o 368 0.29
o 367 0.29
o 366 0.29
o 365 0.51
o 364 0.51
o 363 0.52
o 362 0.96
o 361 0.96
o 360 0.96
o 359 2.05
o 358 7.47
o 357 39.59
o 356 77.8
inconsistency-measurement-im-hit-A-2-grd_1948_5_1.tgf.pl
o 374 0.13
o 373 0.15
o 372 0.15
o 371 0.15
o 370 0.15
o 369 0.15
o 368 0.15
o 367 0.15
o 366 0.15
o 364 0.28
o 363 0.28
o 362 0.39
o 361 0.39
o 360 7.93
o 359 8.36
o 358 8.36
o 357 47.48
inconsistency-measurement-im-hit-A-2-grd_1948_5_1.tgf.pl
o 371 0.14
o 370 0.2
o 369 0.21
o 368 0.21
o 367 0.21
o 365 0.21
o 364 0.25
o 363 0.25
o 362 0.36
o 361 0.85
o 360 11.55
o 358 12.27
o 357 108.43
o 356 238.63
inconsistency-measurement-im-hit-A-2-grd_1948_5_1.tgf.pl
o 372 0.21
o 371 0.3
o 370 0.39
o 369 0.39
o 368 0.4
o 367 0.4
o 365 0.4
o 364 0.4
o 363 0.9
o 362 0.9
o 361 5.65
o 360 17.45
o 359 17.46
o 358 27.88
o 357 54.52
inconsistency-measurement-im-hit-A-2-grd_1948_5_1.tgf.pl
o 374 0.1
o 373 0.13
o 371 0.14
o 370 0.16
o 369 0.16
o 368 0.16
o 367 0.16
o 366 0.36
o 365 0.44
o 364 0.49
o 362 0.49
o 361 0.49
o 360 0.57
o 359 1.56
o 358 2.75
o 357 2.75
