judgment-aggregation-ja-maxham-preflib-00049-00000492
o 73 0.1
o 72 0.11
o 71 0.11
o 70 0.11
o 69 0.11
o 68 0.11
o 67 0.11
o 66 0.12
o 65 0.12
o 64 0.28
o 63 0.3
o 62 0.3
o 61 0.31
o 60 1.05
o 59 1.05
o 58 2.3
o 57 2.59
o 56 4.31
o 55 5.6
o 54 8.09
o 53 15.03
o 52 15.72
o 51 18.2
o 50 18.6
o 49 39.36
judgment-aggregation-ja-maxham-preflib-00049-00000492
o 67 0.11
o 66 0.11
o 65 0.11
o 64 0.11
o 63 0.11
o 62 0.12
o 61 0.12
o 60 0.12
o 59 0.12
o 58 0.12
o 57 0.15
o 56 0.31
o 55 3.08
o 54 4.95
o 53 6.73
o 52 7.53
o 51 9.27
o 50 13.6
o 49 47.66
judgment-aggregation-ja-maxham-preflib-00049-00000492
o 71 0.15
o 70 0.15
o 69 0.15
o 68 0.15
o 67 0.16
o 66 0.16
o 65 0.25
o 64 0.28
o 63 0.61
o 62 0.63
o 61 0.67
o 60 0.73
o 59 0.74
o 58 1.09
o 57 1.16
o 56 1.49
o 55 1.99
o 54 2.31
o 53 3
o 52 6.34
o 51 7.13
o 50 9.85
o 49 12.99
judgment-aggregation-ja-maxham-preflib-00049-00000492
o 68 0.1
o 67 0.1
o 66 0.1
o 65 0.1
o 64 0.1
o 63 0.1
o 62 0.11
o 61 0.63
o 60 0.79
o 59 0.81
o 58 1.06
o 57 1.17
o 56 1.71
o 55 3.29
o 54 11.26
o 53 13.26
o 52 16.32
o 51 58.89
o 50 105.59
o 49 125.96
judgment-aggregation-ja-maxham-preflib-00049-00000492
o 69 0.17
o 68 0.17
o 67 0.17
o 66 0.17
o 65 0.19
o 64 0.26
o 63 0.27
o 62 0.77
o 61 1.41
o 60 1.74
o 59 2.58
o 58 4.29
o 57 7.01
o 56 8.26
o 55 8.33
o 54 8.35
o 53 8.83
o 52 8.92
o 51 9.96
o 50 10.46
o 49 49.15
o 48 81.72
judgment-aggregation-ja-maxham-preflib-00049-00000492
o 68 0.16
o 67 0.17
o 66 0.17
o 65 0.17
o 64 0.17
o 63 0.17
o 62 0.18
o 61 0.18
o 60 0.2
o 59 0.23
o 58 0.29
o 57 2.35
o 56 8.78
o 55 12.8
o 54 14.28
o 53 17.26
o 52 17.27
o 51 21.27
o 50 50.87
o 49 52.06
judgment-aggregation-ja-maxham-preflib-00049-00000492
o 70 0.14
o 69 0.14
o 68 0.15
o 67 0.15
o 66 0.15
o 65 0.16
o 64 0.16
o 63 0.16
o 62 0.48
o 61 0.77
o 60 0.99
o 59 0.99
o 58 1.28
o 57 1.81
o 56 2.38
o 55 3.22
o 54 3.64
o 53 4.55
o 52 7.7
o 51 9.48
o 50 14.26
o 49 17.34
judgment-aggregation-ja-maxham-preflib-00049-00000492
o 75 0.09
o 74 0.09
o 73 0.09
o 72 0.1
o 71 0.1
o 70 0.1
o 69 0.1
o 68 0.1
o 67 0.12
o 66 0.12
o 65 0.12
o 64 0.13
o 63 0.13
o 62 0.17
o 61 0.33
o 60 0.33
o 59 0.41
o 58 1.41
o 57 1.42
o 56 1.5
o 55 3.42
o 54 4.47
o 53 5.72
o 52 6.87
o 51 7.13
o 50 15.59
o 49 27.28
judgment-aggregation-ja-maxham-preflib-00049-00000492
o 74 0.1
o 73 0.1
o 72 0.1
o 71 0.11
o 70 0.11
o 69 0.11
o 68 0.11
o 67 0.11
o 66 0.11
o 65 0.11
o 64 0.12
o 63 0.12
o 62 0.12
o 61 0.15
o 60 0.16
o 59 0.16
o 58 0.24
o 57 0.55
o 56 1.05
o 55 1.42
o 54 1.43
o 53 1.49
o 52 3.69
o 51 5.17
o 50 50.53
o 49 50.95
judgment-aggregation-ja-maxham-preflib-00049-00000492
o 70 0.14
o 69 0.14
o 68 0.15
o 67 0.15
o 66 0.15
o 65 0.15
o 64 0.15
o 63 0.21
o 62 0.22
o 61 0.44
o 60 1.15
o 59 2.08
o 58 2.67
o 57 3.58
o 56 5.59
o 55 6.26
o 54 6.78
o 53 7.46
o 52 13.08
o 51 40.36
o 50 40.57
o 49 42.84
