judgment-aggregation-ja-maxham-preflib-00049-00000444
o 80 0.06
o 79 0.06
o 78 0.06
o 77 0.06
o 76 0.06
o 75 0.06
o 74 0.06
o 73 0.07
o 72 0.07
o 71 0.07
o 70 0.08
o 69 0.08
o 68 0.09
o 67 0.15
o 66 0.18
o 65 0.19
o 64 0.2
o 63 0.23
o 62 0.25
o 61 0.28
o 60 0.39
o 59 1.18
o 58 1.72
o 57 2.16
o 56 4.65
o 55 8.16
o 54 11.37
o 53 27.8
judgment-aggregation-ja-maxham-preflib-00049-00000444
o 78 0.09
o 75 0.09
o 74 0.1
o 73 0.1
o 72 0.13
o 71 0.19
o 70 0.21
o 69 0.22
o 68 0.24
o 67 0.26
o 66 0.29
o 65 0.32
o 64 0.35
o 63 0.5
o 62 0.68
o 61 0.74
o 60 0.99
o 59 1.28
o 58 1.92
o 57 2.49
o 56 2.97
o 55 3.71
o 54 4.24
o 53 5.34
o 52 128.96
judgment-aggregation-ja-maxham-preflib-00049-00000444
o 75 0.06
o 74 0.06
o 73 0.06
o 72 0.06
o 71 0.06
o 70 0.07
o 69 0.07
o 68 0.09
o 67 0.12
o 66 0.2
o 65 0.31
o 64 0.37
o 63 0.48
o 62 0.49
o 61 0.61
o 60 0.63
o 59 0.71
o 58 0.85
o 57 1.24
o 56 1.6
o 55 2.7
o 54 17.64
o 53 20.56
judgment-aggregation-ja-maxham-preflib-00049-00000444
o 75 0.05
o 73 0.05
o 72 0.05
o 71 0.05
o 70 0.05
o 69 0.06
o 68 0.06
o 67 0.06
o 66 0.07
o 65 0.13
o 64 0.15
o 63 0.17
o 62 0.18
o 61 0.23
o 60 0.32
o 59 0.36
o 58 0.42
o 57 0.45
o 56 0.86
o 55 1.02
o 54 1.68
o 53 54.12
judgment-aggregation-ja-maxham-preflib-00049-00000444
o 66 0.04
o 65 0.04
o 64 0.04
o 63 0.04
o 62 0.15
o 61 0.16
o 60 0.19
o 59 0.37
o 58 0.42
o 57 0.57
o 56 1
o 55 1.29
o 54 1.7
o 53 4.41
judgment-aggregation-ja-maxham-preflib-00049-00000444
o 83 0.04
o 82 0.04
o 80 0.04
o 79 0.04
o 78 0.04
o 77 0.04
o 76 0.05
o 75 0.05
o 74 0.05
o 73 0.05
o 72 0.05
o 71 0.06
o 70 0.08
o 69 0.08
o 68 0.1
o 67 0.12
o 66 0.18
o 65 0.18
o 64 0.29
o 63 0.33
o 62 0.35
o 61 0.45
o 60 0.66
o 59 0.94
o 58 1.42
o 57 2.2
o 56 2.32
o 55 8.2
o 54 8.91
o 53 91.2
judgment-aggregation-ja-maxham-preflib-00049-00000444
o 78 0.06
o 77 0.06
o 75 0.06
o 74 0.06
o 73 0.06
o 72 0.06
o 71 0.06
o 70 0.06
o 69 0.07
o 68 0.07
o 67 0.07
o 66 0.07
o 65 0.09
o 64 0.1
o 63 0.11
o 62 0.11
o 61 0.15
o 60 0.18
o 59 0.25
o 58 0.41
o 57 0.62
o 56 1.25
o 55 2.09
o 54 2.93
o 53 4.61
o 52 10.97
judgment-aggregation-ja-maxham-preflib-00049-00000444
o 80 0.04
o 79 0.04
o 78 0.04
o 77 0.04
o 76 0.04
o 75 0.04
o 74 0.04
o 73 0.04
o 72 0.04
o 71 0.04
o 70 0.04
o 69 0.04
o 68 0.04
o 67 0.05
o 66 0.05
o 65 0.12
o 64 0.33
o 63 0.44
o 62 0.51
o 61 0.53
o 60 0.6
o 59 0.72
o 58 0.82
o 57 1.16
o 56 2.28
o 55 3.26
o 54 23.39
o 53 107.31
judgment-aggregation-ja-maxham-preflib-00049-00000444
o 89 0.04
o 88 0.04
o 87 0.05
o 86 0.05
o 85 0.05
o 84 0.05
o 83 0.05
o 82 0.05
o 81 0.05
o 80 0.05
o 79 0.05
o 78 0.05
o 77 0.07
o 76 0.08
o 75 0.08
o 74 0.09
o 73 0.11
o 72 0.17
o 71 0.17
o 70 0.17
o 69 0.2
o 68 0.26
o 67 0.28
o 66 0.38
o 65 0.48
o 64 0.53
o 63 0.53
o 62 0.56
o 61 0.74
o 60 0.89
o 59 1.02
o 58 1.77
o 57 2.67
o 56 3.03
o 55 7
o 54 8.59
o 53 88.59
judgment-aggregation-ja-maxham-preflib-00049-00000444
o 71 0.09
o 70 0.09
o 69 0.11
o 68 0.11
o 67 0.14
o 66 0.16
o 65 0.23
o 64 0.34
o 63 0.39
o 62 0.43
o 61 0.5
o 60 0.75
o 59 0.77
o 58 0.91
o 57 0.91
o 56 1.02
o 55 1.83
o 54 2
o 53 7.47
