optimizing-BDDs-hypothyroid-un-wcnf_incomplete_improved_1_2019_7
o 68 22.5
o 67 22.53
o 65 32.08
o 64 32.08
o 60 81.92
optimizing-BDDs-hypothyroid-un-wcnf_incomplete_improved_1_2019_7
o 99 31.12
o 70 164
o 62 276.53
optimizing-BDDs-hypothyroid-un-wcnf_incomplete_improved_1_2019_7
o 130 81.25
o 123 81.25
o 83 90.3
o 75 91.42
o 70 148.75
o 69 148.75
o 67 149.23
o 63 256.51
o 62 256.51
optimizing-BDDs-hypothyroid-un-wcnf_incomplete_improved_1_2019_7
o 70 56.83
o 69 123.34
o 63 123.34
optimizing-BDDs-hypothyroid-un-wcnf_incomplete_improved_1_2019_7
o 246 38.33
o 109 38.33
o 70 44
o 69 66.52
o 62 67.79
o 56 80.01
optimizing-BDDs-hypothyroid-un-wcnf_incomplete_improved_1_2019_7
o 118 31.78
o 109 31.85
o 108 31.91
o 73 32
o 68 32
o 62 32
optimizing-BDDs-hypothyroid-un-wcnf_incomplete_improved_1_2019_7
o 132 22.53
o 128 22.54
o 122 22.55
o 118 22.55
o 117 22.62
o 116 28.54
o 108 42.93
o 79 75.34
o 76 75.35
o 72 75.35
o 70 75.35
o 62 96.12
o 61 96.12
o 60 98.44
optimizing-BDDs-hypothyroid-un-wcnf_incomplete_improved_1_2019_7
o 114 53.82
o 109 66.62
o 70 78.17
o 68 85.37
o 66 99.97
o 64 99.97
o 61 154.4
o 60 154.4
o 57 282.21
o 56 282.21
optimizing-BDDs-hypothyroid-un-wcnf_incomplete_improved_1_2019_7
o 62 25.76
optimizing-BDDs-hypothyroid-un-wcnf_incomplete_improved_1_2019_7
o 138 14.38
o 118 14.38
o 114 33.95
o 113 37.59
o 109 37.6
o 108 40.38
o 106 48.57
o 60 48.65
