xai-mindset2-cleve
o 293 22.91
o 292 22.91
o 291 22.91
o 290 22.92
o 288 22.92
o 287 22.92
o 282 22.94
o 281 22.94
o 278 35.37
o 274 133.45
o 270 162.07
o 269 162.07
o 268 162.08
o 263 214.04
o 262 214.04
o 254 278.26
xai-mindset2-cleve
o 258 16.11
xai-mindset2-cleve
o 273 35.62
o 272 35.62
o 259 52.55
o 258 52.58
o 257 52.58
xai-mindset2-cleve
o 292 79.16
o 291 141.03
o 289 141.04
o 288 141.04
o 284 141.06
o 283 141.06
o 282 141.06
o 280 141.06
o 279 141.06
o 278 141.06
o 275 141.09
o 272 193.47
o 271 220.35
o 270 220.35
o 269 220.36
o 268 220.37
o 266 220.37
o 265 220.42
o 264 220.45
o 263 220.47
o 259 220.85
o 256 220.85
o 255 220.85
o 254 220.85
o 253 220.88
o 252 220.88
xai-mindset2-cleve
o 291 94.44
o 283 112.52
o 278 117.68
xai-mindset2-cleve
o 281 99.41
o 280 99.42
o 273 154.45
o 272 154.45
o 269 154.45
o 268 154.45
o 266 154.45
o 265 258.51
o 264 258.52
o 263 258.52
o 262 258.52
o 261 258.57
o 258 258.57
o 257 258.57
o 256 258.57
o 255 258.57
o 254 258.58
o 253 258.72
o 251 258.72
xai-mindset2-cleve
o 289 168.9
o 288 168.9
o 287 168.9
o 286 168.9
o 284 168.9
o 283 168.9
o 276 168.94
o 275 168.94
o 270 168.96
o 269 168.96
o 268 168.97
o 265 168.97
o 264 168.98
o 263 169
o 262 169.01
o 260 264.17
o 259 264.17
o 258 264.17
o 250 264.2
xai-mindset2-cleve
o 243 85.98
xai-mindset2-cleve
o 296 22.09
o 287 32.43
o 286 55.1
o 273 58.21
o 262 58.23
xai-mindset2-cleve
o 277 32.65
o 276 32.65
o 274 32.65
o 266 67.39
o 265 67.39
o 264 67.39
o 255 67.4
o 254 67.41
o 253 67.41
o 252 67.42
o 251 67.44
o 250 67.46
