causal-discovery-causal_Water_10_1000
o 45193159 1.69
causal-discovery-causal_Water_10_1000
o 45193159 28.44
causal-discovery-causal_Water_10_1000
o 45193159 1.87
causal-discovery-causal_Water_10_1000
o 45193159 1.71
causal-discovery-causal_Water_10_1000
o 45193159 36.05
causal-discovery-causal_Water_10_1000
o 45193159 15.46
causal-discovery-causal_Water_10_1000
o 45193159 2.18
causal-discovery-causal_Water_10_1000
o 45193159 9.44
causal-discovery-causal_Water_10_1000
o 45193159 34.02
causal-discovery-causal_Water_10_1000
o 45193159 9.85
