correlation-clustering-Rounded_CorrelationClustering_Vowel_BINARY_N800_D0.200
o 123429247 2.7
o 122919760 2.71
o 90080094 2.81
o 89876975 2.81
o 89428642 19.8
o 89152240 19.8
o 87171579 111.03
o 86978943 167.29
o 86903841 167.29
correlation-clustering-Rounded_CorrelationClustering_Vowel_BINARY_N800_D0.200
o 129046041 2.95
o 128680406 2.96
o 86809176 3.05
o 86737873 252.38
o 85681072 297.52
correlation-clustering-Rounded_CorrelationClustering_Vowel_BINARY_N800_D0.200
o 123040627 3.6
o 119506329 3.62
o 91334351 3.7
o 89572852 26.34
o 89503601 66.8
o 89480992 66.8
o 87150396 87.49
o 86806142 255.36
o 86782685 255.36
correlation-clustering-Rounded_CorrelationClustering_Vowel_BINARY_N800_D0.200
o 113406259 2.97
o 113399693 2.99
o 88527982 3.13
o 88518671 3.14
o 85650012 69.25
correlation-clustering-Rounded_CorrelationClustering_Vowel_BINARY_N800_D0.200
o 102915479 2.67
o 101326538 2.69
o 89839128 2.76
o 86678457 31.56
o 86674137 224.45
o 85392434 259.63
o 85370483 259.63
correlation-clustering-Rounded_CorrelationClustering_Vowel_BINARY_N800_D0.200
o 102306654 3.04
o 101078644 3.05
o 91760514 3.12
o 90652231 4.35
o 89343020 57.93
o 89321208 57.94
o 88653183 112.5
o 88011262 219.92
o 86307159 237.52
correlation-clustering-Rounded_CorrelationClustering_Vowel_BINARY_N800_D0.200
o 99630105 3.18
o 98244398 3.19
o 91900210 3.31
o 90376366 64.78
o 90277744 64.79
o 89238457 64.85
o 87462426 111.62
o 87430870 111.63
o 87278122 160.4
o 87258839 212.63
o 87104965 241.57
correlation-clustering-Rounded_CorrelationClustering_Vowel_BINARY_N800_D0.200
o 123713365 2.63
o 122281385 2.64
o 86455090 2.72
o 86441087 100.12
correlation-clustering-Rounded_CorrelationClustering_Vowel_BINARY_N800_D0.200
o 131485603 2.93
o 131193305 2.94
o 103145601 3
o 85914352 3.16
correlation-clustering-Rounded_CorrelationClustering_Vowel_BINARY_N800_D0.200
o 132054426 2.4
o 131236193 2.41
o 98666679 2.46
o 94639311 2.51
o 94384981 2.55
o 92625976 4.73
o 88059651 21.06
o 86806397 37.54
o 86201790 154.49
