decision-tree-heart-cleveland-un-formula_0.8_2021_atleast_15_max-3_reduced_incomplete_adaboost_4
o 149 0.39
o 138 0.55
o 129 61.97
o 127 63.07
decision-tree-heart-cleveland-un-formula_0.8_2021_atleast_15_max-3_reduced_incomplete_adaboost_4
o 162 0.45
o 145 0.56
o 138 0.75
o 127 10.8
decision-tree-heart-cleveland-un-formula_0.8_2021_atleast_15_max-3_reduced_incomplete_adaboost_4
o 149 0.21
o 145 0.25
o 138 0.54
o 130 35.02
o 129 145.03
decision-tree-heart-cleveland-un-formula_0.8_2021_atleast_15_max-3_reduced_incomplete_adaboost_4
o 138 0.21
o 133 90.7
o 129 168.28
o 127 170.6
decision-tree-heart-cleveland-un-formula_0.8_2021_atleast_15_max-3_reduced_incomplete_adaboost_4
o 145 0.24
o 138 0.61
o 137 34.84
o 135 34.87
o 129 94.59
o 127 149.36
decision-tree-heart-cleveland-un-formula_0.8_2021_atleast_15_max-3_reduced_incomplete_adaboost_4
o 145 0.21
o 138 0.47
o 134 9.78
o 129 9.9
o 127 67.57
decision-tree-heart-cleveland-un-formula_0.8_2021_atleast_15_max-3_reduced_incomplete_adaboost_4
o 166 0.38
o 145 0.42
o 138 0.5
o 127 9.47
decision-tree-heart-cleveland-un-formula_0.8_2021_atleast_15_max-3_reduced_incomplete_adaboost_4
o 138 0.24
o 129 69.63
o 127 245.2
decision-tree-heart-cleveland-un-formula_0.8_2021_atleast_15_max-3_reduced_incomplete_adaboost_4
o 138 0.21
o 134 10.99
o 130 122.68
o 127 157.43
decision-tree-heart-cleveland-un-formula_0.8_2021_atleast_15_max-3_reduced_incomplete_adaboost_4
o 138 0.18
o 132 180.41
o 127 281.67
