MaxSATQueriesinInterpretableClassifiers-credit_train_8_CNF_5_20
o 283021 1.57
o 283020 1.57
o 140423 1.98
o 140343 1.98
o 110989 2
o 110525 2.03
o 108223 2.05
o 106772 4.72
o 106632 4.73
o 104353 4.74
o 104333 4.74
o 104313 4.74
o 104293 4.74
o 104273 4.74
o 104253 4.74
o 104233 4.74
o 104213 4.74
o 101050 4.76
o 100892 4.76
o 100186 4.78
o 100185 4.78
o 100184 4.78
o 100183 4.78
o 100163 4.78
o 99980 4.79
o 98982 12.1
o 98481 12.15
o 97926 14.96
o 96903 51.67
o 96782 51.73
o 96708 153.78
MaxSATQueriesinInterpretableClassifiers-credit_train_8_CNF_5_20
o 173119 1.06
o 107890 1.85
o 97584 4.16
o 97151 4.17
o 97131 4.18
o 96614 43.05
o 96491 144.47
o 96376 205.89
MaxSATQueriesinInterpretableClassifiers-credit_train_8_CNF_5_20
o 285411 1.62
o 279821 1.66
o 112908 1.82
o 105509 1.82
o 104995 3.91
o 102270 3.92
o 100330 5.78
o 100210 5.79
o 100190 5.79
o 99890 5.79
o 99735 5.8
o 99192 5.81
o 99145 19.35
o 99064 19.36
o 98207 36.09
o 97913 36.1
o 97520 36.14
o 96834 76.36
o 96686 129.71
MaxSATQueriesinInterpretableClassifiers-credit_train_8_CNF_5_20
o 289997 1.63
o 289976 1.63
o 102048 2.92
o 97964 2.97
o 97952 10.42
o 96910 51.97
o 96909 51.99
o 96907 52.15
o 96906 52.18
o 96905 52.19
o 96569 104.14
o 96488 260.98
MaxSATQueriesinInterpretableClassifiers-credit_train_8_CNF_5_20
o 286754 1.96
o 117665 3.63
o 98722 3.7
o 98197 5.05
o 98163 5.06
o 96426 61.2
MaxSATQueriesinInterpretableClassifiers-credit_train_8_CNF_5_20
o 240412 2.08
o 240392 2.08
o 240292 2.09
o 122346 2.48
o 100901 2.54
o 100821 2.55
o 100801 2.55
o 100781 2.55
o 100741 2.55
o 100721 2.55
o 100701 2.55
o 100681 2.55
o 100661 2.55
o 100641 2.55
o 100621 2.55
o 100601 2.55
o 100581 2.55
o 100541 2.55
o 100521 2.55
o 100501 2.55
o 100461 2.55
o 100441 2.55
o 100421 2.55
o 100401 2.55
o 100381 2.55
o 100361 2.55
o 100341 2.55
o 100321 2.55
o 100301 2.55
o 97990 2.56
o 97609 9.01
o 97329 9.01
o 97328 9.01
o 97308 9.01
o 96929 79.37
o 96780 80.18
MaxSATQueriesinInterpretableClassifiers-credit_train_8_CNF_5_20
o 255315 2.22
o 112600 5.74
o 107920 5.75
o 99896 5.75
o 99549 29.49
o 99264 29.49
o 99024 29.51
o 98947 29.52
o 98769 29.52
o 98471 29.53
o 97995 29.55
o 97975 29.55
o 97819 29.56
o 97735 35.92
o 97535 35.94
o 97435 35.95
o 97415 35.99
o 97360 36.03
o 97126 40.67
o 96766 80.56
o 96732 246.79
o 96711 246.79
MaxSATQueriesinInterpretableClassifiers-credit_train_8_CNF_5_20
o 264478 1.51
o 264458 1.51
o 108558 1.74
o 108242 1.75
o 104742 3.42
o 97939 3.47
o 97897 3.5
o 97877 3.5
o 97783 25.58
o 97702 25.58
o 97645 25.58
o 96932 36.97
o 96831 36.97
o 96791 76.93
o 96763 77.04
o 96683 128.4
o 96486 188.69
MaxSATQueriesinInterpretableClassifiers-credit_train_8_CNF_5_20
o 261557 1.5
o 140326 2.91
o 126946 2.93
o 102576 2.93
o 98042 7.73
o 97849 7.74
o 97689 21.9
o 97629 21.9
o 96872 57.75
o 96871 57.79
o 96851 57.8
o 96833 57.98
o 96447 119.25
o 96426 119.29
o 96289 119.34
MaxSATQueriesinInterpretableClassifiers-credit_train_8_CNF_5_20
o 281519 1.47
o 119375 1.76
o 117498 1.82
o 117037 1.83
o 112547 3.07
o 107606 3.08
o 106937 3.08
o 97875 3.09
o 97841 3.1
o 97745 12.89
o 96754 49.64
o 96569 99.76
o 96528 99.76
o 96527 99.81
