ParametricRBACMaintenance_mse20-role_domino_multiple_0.5_1
o 308637 1.11
o 300919 1.22
o 300906 1.22
o 298936 1.24
o 298921 1.24
o 282113 1.27
o 273080 1.42
o 265935 4.22
o 265920 4.22
o 265089 11.64
o 256615 11.69
o 252839 15.75
o 242682 15.77
o 232967 17.34
o 232965 17.34
o 217103 17.34
o 211853 17.34
o 211786 17.34
o 206603 17.34
o 206588 17.34
ParametricRBACMaintenance_mse20-role_domino_multiple_0.5_1
o 421818 1.19
o 362758 1.22
o 341543 1.25
o 328935 1.31
o 282620 1.35
o 259429 3.31
o 205171 5.6
o 205145 5.6
o 199921 5.6
o 177314 31.36
o 177221 31.36
ParametricRBACMaintenance_mse20-role_domino_multiple_0.5_1
o 394171 1.45
o 346898 1.5
o 346353 1.52
o 333946 1.57
o 325890 1.6
o 282002 1.66
o 254423 2.84
o 249199 2.84
o 246295 5.02
o 246282 5.02
o 216214 10.34
o 216188 10.34
o 216186 10.34
o 216171 10.34
o 210960 10.34
o 210945 10.34
o 188133 10.39
ParametricRBACMaintenance_mse20-role_domino_multiple_0.5_1
o 368557 1.33
o 331305 1.43
o 310336 1.53
o 282521 1.55
o 243207 3.11
o 243181 3.11
o 242555 3.15
o 237318 3.15
o 234796 13.74
o 227336 13.78
o 227323 13.78
o 222082 13.78
o 214765 27.15
o 210826 27.17
o 210813 27.17
o 203404 27.23
o 203378 27.23
o 203352 27.23
o 203339 27.23
o 203298 27.23
o 198188 27.23
o 198172 27.24
o 198159 27.24
o 198146 27.24
o 198133 27.24
o 194182 31.2
o 194169 31.2
o 194156 31.2
o 194091 31.2
ParametricRBACMaintenance_mse20-role_domino_multiple_0.5_1
o 398131 1.32
o 347961 1.37
o 317983 1.47
o 295268 1.48
o 284066 1.62
o 267638 1.75
o 267625 1.75
o 266629 3.63
o 255187 11.71
o 255176 11.71
o 244912 11.73
o 232508 11.75
o 232495 11.75
o 231726 49.83
o 221049 122.89
o 221031 122.89
o 216484 122.9
o 193483 232.27
o 193476 232.28
o 187552 232.57
o 187537 232.57
ParametricRBACMaintenance_mse20-role_domino_multiple_0.5_1
o 429333 1.28
o 362328 1.32
o 362313 1.32
o 348053 1.36
o 342816 1.36
o 335122 1.41
o 329218 1.47
o 329205 1.47
o 329192 1.47
o 329179 1.47
o 320150 1.49
o 283166 1.53
o 281372 1.57
o 276107 1.57
o 273837 3.09
o 273824 3.09
o 254627 3.12
o 249366 3.12
o 249340 3.13
o 244121 3.13
o 238867 3.13
o 234265 10.78
o 226529 22.07
o 226516 22.07
o 221503 22.1
o 221437 22.1
o 216185 22.1
o 204804 23.21
o 204791 23.21
o 201921 213.83
o 195443 217.55
o 195068 217.6
ParametricRBACMaintenance_mse20-role_domino_multiple_0.5_1
o 418620 1.4
o 357458 1.46
o 334148 1.48
o 325987 1.53
o 318468 1.56
o 282824 1.65
o 257719 2.64
o 215560 5.97
o 177685 6.13
o 177674 6.13
ParametricRBACMaintenance_mse20-role_domino_multiple_0.5_1
o 333023 1.09
o 333010 1.09
o 332997 1.09
o 327619 1.16
o 318312 1.19
o 313073 1.19
o 313060 1.19
o 313047 1.19
o 313034 1.19
o 298993 1.25
o 274455 1.26
o 259360 1.28
o 259345 1.28
o 259332 1.28
o 252753 3.36
o 224998 14.9
o 220096 14.94
o 214868 14.94
o 213409 33.54
o 208108 33.54
o 208056 33.54
o 207915 33.54
o 176747 110.21
o 171502 110.21
ParametricRBACMaintenance_mse20-role_domino_multiple_0.5_1
o 302739 1.77
o 302726 1.78
o 285348 2.25
o 282537 4.84
o 282522 4.84
o 276262 5.61
o 276186 5.61
o 270930 5.61
o 258394 6.39
o 231427 6.43
o 231412 6.43
o 223463 17.47
o 216152 213.38
o 211769 213.56
o 197622 296.88
o 197600 296.88
ParametricRBACMaintenance_mse20-role_domino_multiple_0.5_1
o 298107 1.4
o 298094 1.4
o 298081 1.4
o 296601 1.85
o 284161 2.08
o 284052 2.51
o 263267 2.55
o 262171 2.72
o 236371 3.57
o 209774 40.85
o 206101 41.09
o 203111 48.86
o 201983 49.66
o 192252 136.86
o 192239 136.86
o 166265 136.99
o 166239 136.99
o 166237 136.99
