railway-transport-f2030
o 7838 5.35
o 7496 5.37
o 7495 5.37
o 6569 5.38
o 6531 5.38
o 6158 5.39
o 6134 5.4
o 6028 5.45
o 6027 5.45
o 5844 5.46
o 5809 5.49
o 5786 5.49
o 5785 5.5
o 5784 5.5
o 5783 5.5
o 5782 5.5
o 5774 5.53
o 5773 5.53
o 5772 5.53
o 5685 5.54
o 5665 5.54
o 5607 6.2
o 5452 77.61
o 5354 144.99
o 5352 144.99
o 5259 161.63
o 5181 161.64
o 5127 161.68
o 5025 163.52
o 5010 163.53
o 4950 163.54
o 4813 163.54
railway-transport-f2030
o 6792 26.51
o 6791 26.51
o 6790 26.51
o 6789 26.51
o 6629 26.51
o 5958 26.52
o 5951 26.53
o 5787 26.54
o 5752 26.55
o 5588 26.56
o 5574 26.57
o 5458 26.65
o 5366 26.66
o 5348 26.67
o 5309 26.75
o 5303 26.88
o 5292 26.88
o 5187 26.93
o 5179 26.99
o 5160 27.01
o 5147 27.01
o 5052 30.26
o 5044 30.27
o 5030 30.39
o 5012 30.4
railway-transport-f2030
o 6924 84.13
o 6682 84.14
o 5616 84.21
o 5350 84.22
o 5232 84.22
o 5202 84.23
o 5183 84.26
o 5140 84.39
o 5139 84.39
o 5138 84.39
o 5133 108.47
o 5113 108.47
o 5093 108.47
o 5013 108.47
o 5012 108.47
o 5011 108.47
o 4899 108.47
o 4898 108.47
o 4895 274
railway-transport-f2030
o 7736 19.07
o 7442 19.07
o 7422 19.07
o 6302 19.08
o 6256 19.09
o 6148 19.1
o 6030 19.1
o 5897 19.11
o 5788 19.11
o 5686 19.12
o 5649 19.21
o 5613 19.21
o 5604 19.61
o 5463 19.62
o 5425 19.63
o 5352 19.63
o 5325 19.65
o 5270 19.66
o 5252 19.71
o 5250 19.74
o 5248 19.74
o 5212 22.05
o 5200 22.13
o 5195 131.99
o 5190 131.99
o 5163 131.99
o 5159 131.99
o 5154 132.15
o 5083 132.15
o 5031 132.15
o 5030 132.16
o 4990 132.16
o 4944 133.46
o 4934 133.46
o 4877 264.26
o 4841 264.27
o 4820 264.27
railway-transport-f2030
o 7254 10.87
o 7234 10.87
o 7054 10.88
o 7053 10.88
o 7052 10.88
o 6345 10.9
o 6223 10.91
o 5825 10.92
o 5781 11.04
o 5622 11.05
o 5617 11.05
o 5602 11.1
o 5528 11.12
o 5452 11.13
o 5371 11.13
o 5356 11.14
o 5335 253.89
railway-transport-f2030
o 7644 166.03
o 7422 166.04
o 6786 166.06
o 6577 166.06
o 6204 166.09
o 6116 166.1
o 5977 166.12
o 5895 166.16
o 5851 166.32
o 5598 168.4
o 5569 168.4
o 5491 185.2
o 5341 185.2
o 5285 185.21
o 5226 197.64
o 5223 197.65
o 5177 197.65
o 5146 197.72
o 5140 197.73
o 5127 197.74
o 5110 197.74
o 5080 197.78
o 5019 197.78
o 4975 197.78
o 4960 197.79
railway-transport-f2030
o 7486 8.92
o 7485 8.92
o 7484 8.92
o 7314 8.92
o 7311 8.92
o 7308 8.92
o 6262 8.93
o 6260 8.93
o 6198 8.96
o 6132 8.96
o 6093 8.97
o 5930 9.25
o 5907 9.4
o 5889 9.4
o 5876 9.75
o 5825 78.91
o 5800 78.92
o 5687 78.92
o 5641 78.92
o 5477 78.93
o 5476 78.93
o 5458 78.94
o 5397 78.94
o 5396 78.95
o 5276 78.95
o 5274 78.96
o 5168 80.24
o 5167 80.24
o 5166 80.24
o 5165 80.24
o 5094 80.24
o 5060 80.24
o 5049 80.28
o 4987 80.28
o 4963 80.62
o 4918 80.62
o 4917 80.63
o 4901 80.65
o 4841 80.65
o 4824 80.65
railway-transport-f2030
o 8558 14.59
o 8557 14.59
o 8556 14.59
o 8323 14.6
o 8322 14.6
o 8321 14.6
o 8320 14.6
o 8319 14.6
o 6962 14.62
o 6702 14.63
o 6593 14.71
o 6454 14.81
o 6365 14.82
o 6363 14.87
o 6260 14.88
o 6246 14.96
o 6231 14.97
o 6187 14.97
o 6148 14.97
o 6096 14.98
o 6015 15.42
o 5937 15.43
o 5927 15.43
o 5887 15.82
o 5859 15.82
o 5849 15.83
o 5752 15.84
o 5734 15.85
o 5677 16.13
o 5673 18.77
o 5650 18.77
o 5649 18.87
o 5555 18.91
o 5429 18.91
o 5399 19.02
o 5335 19.02
o 5298 36.52
o 5230 36.54
o 5223 173.18
o 5216 173.18
o 5209 173.18
railway-transport-f2030
o 7171 12.91
o 6526 12.92
o 5968 12.95
o 5937 12.95
o 5760 13.16
o 5643 13.37
o 5547 13.69
o 5429 53.48
o 5427 53.54
o 5394 53.62
o 5366 54.32
o 5363 244.61
o 5337 244.64
o 5331 244.65
o 5329 244.65
railway-transport-f2030
o 7719 7.92
o 6878 7.93
o 6057 7.97
o 5912 8.01
o 5895 8.02
o 5849 8.29
o 5565 126.25
o 5479 126.26
o 5450 126.3
o 5435 126.3
o 5426 127.26
o 5403 127.27
o 5232 127.28
o 5133 127.29
o 4967 127.31
o 4940 127.36
o 4857 127.44
