staff-scheduling-instance10
o 16723 1.47
o 14854 4.94
o 14383 6.55
o 14197 6.56
o 13995 22.89
o 13175 28.52
o 13170 28.52
o 13085 30.11
o 12677 30.12
staff-scheduling-instance10
o 16445 1.49
o 15427 1.49
o 13053 4.1
o 12648 4.11
staff-scheduling-instance10
o 15934 1.52
o 15153 1.53
o 14798 4.25
o 14577 20.54
o 14277 20.55
o 14047 39.53
o 13852 39.55
o 13482 70.14
o 13381 70.15
o 12648 72.43
o 12571 210.98
o 12445 229.74
staff-scheduling-instance10
o 16606 1.63
o 16395 1.66
o 14241 2.07
o 13939 2.08
o 13686 3.45
o 13279 3.45
o 13260 3.5
o 13182 297.62
o 13175 297.63
staff-scheduling-instance10
o 16827 1.47
o 16418 3.81
o 16407 3.81
o 15485 3.92
o 15008 4.74
o 14502 4.76
o 14491 11.27
o 14289 11.27
o 14164 11.38
o 13964 11.39
o 13860 11.4
o 13633 14.7
o 13532 14.7
o 12743 16.79
o 12370 43.89
staff-scheduling-instance10
o 15625 1.54
o 15326 1.54
o 14987 3.68
o 14352 3.93
o 13651 3.95
o 12754 28.95
o 12647 28.95
staff-scheduling-instance10
o 15440 1.62
o 13983 3.49
o 13663 33.49
o 13570 33.54
o 13358 77.08
o 13291 118.09
o 13191 118.09
o 12869 140.78
o 12629 247.33
staff-scheduling-instance10
o 15306 1.57
o 14400 1.58
o 13769 19.27
o 13572 26.67
o 13278 56.47
o 13168 154.77
o 13049 223.82
o 12464 257.48
staff-scheduling-instance10
o 17445 1.78
o 16378 2.62
o 12940 2.94
o 12934 188.05
o 12520 188.07
o 12322 188.08
staff-scheduling-instance10
o 16313 1.64
o 14182 2.14
o 13981 2.15
o 13709 52.3
o 13707 52.3
o 13170 85.62
o 13156 86.39
o 12989 88.63
o 12885 88.63
o 12680 88.69
o 12567 88.69
o 12527 97.36
o 12437 97.37
o 11938 97.38
