bre-res-str.formula_0.8_2021_atleast_127_max-6_reduced_incomplete_tree
o 196 7.170000
o 195 7.350000
o 194 7.350000
o 193 7.350000
o 192 7.350000
o 191 7.350000
o 190 7.350000
o 189 7.350000
o 188 7.360000
o 187 7.360000
o 186 7.360000
o 185 7.360000
o 184 7.360000
o 183 7.360000
o 182 7.360000
o 181 7.360000
181	7.360000
bre-res-str.formula_0.8_2021_atleast_127_max-6_reduced_incomplete_tree
o 193 6.690000
o 192 6.840000
o 191 6.840000
o 190 6.840000
o 189 6.840000
o 188 6.840000
o 187 6.840000
o 186 6.840000
186	6.840000
bre-res-str.formula_0.8_2021_atleast_127_max-6_reduced_incomplete_tree
o 179 7.210000
o 178 7.390000
o 177 7.390000
o 176 7.390000
o 175 7.400000
175	7.400000
bre-res-str.formula_0.8_2021_atleast_127_max-6_reduced_incomplete_tree
o 202 7.200000
o 201 7.370000
o 200 7.370000
o 199 7.370000
o 198 7.370000
o 197 7.370000
o 196 7.370000
o 195 7.370000
o 194 7.370000
o 193 7.370000
o 192 7.370000
o 191 7.370000
o 190 7.370000
o 189 7.370000
o 188 7.370000
o 187 7.370000
o 186 7.370000
o 185 7.370000
o 184 7.370000
o 183 7.370000
o 182 7.380000
o 181 7.380000
o 180 7.380000
o 179 7.380000
o 178 7.380000
o 177 7.380000
o 176 7.380000
o 175 7.380000
o 174 7.380000
o 173 7.380000
o 172 7.380000
o 171 7.380000
171	7.380000
bre-res-str.formula_0.8_2021_atleast_127_max-6_reduced_incomplete_tree
o 160 7.310000
o 159 7.470000
o 158 7.470000
o 157 7.470000
o 156 7.470000
o 155 7.470000
o 154 7.470000
o 153 7.480000
o 152 7.480000
o 151 7.480000
o 150 7.480000
o 149 7.480000
o 148 7.480000
o 147 7.480000
o 146 7.480000
o 145 7.480000
o 144 7.480000
144	7.480000
bre-res-str.formula_0.8_2021_atleast_127_max-6_reduced_incomplete_tree
o 199 6.800000
o 198 7.070000
o 197 7.070000
o 196 7.070000
o 195 7.070000
o 194 7.070000
o 193 7.070000
o 192 7.070000
o 191 7.070000
o 190 7.070000
o 189 7.070000
o 188 7.080000
o 187 7.080000
o 186 7.080000
o 185 7.080000
o 184 7.080000
184	7.080000
bre-res-str.formula_0.8_2021_atleast_127_max-6_reduced_incomplete_tree
o 209 7.140000
o 208 7.310000
o 207 7.310000
o 206 7.310000
o 205 7.310000
o 204 7.310000
o 203 7.310000
o 202 7.310000
o 201 7.310000
o 200 7.310000
o 199 7.310000
o 198 7.320000
o 197 7.320000
o 196 7.320000
o 195 7.320000
o 194 7.320000
o 193 7.320000
o 192 7.320000
o 191 7.320000
o 190 7.320000
o 189 7.320000
o 188 7.320000
o 187 7.320000
o 186 7.320000
o 185 7.320000
o 184 7.320000
o 183 7.320000
o 182 7.320000
o 181 7.320000
o 180 7.320000
o 179 7.330000
o 178 7.330000
o 177 7.330000
o 176 7.330000
o 175 7.330000
o 174 7.330000
o 173 7.330000
o 172 7.330000
o 171 7.330000
o 170 7.330000
o 169 7.330000
o 168 7.330000
o 167 7.330000
o 166 7.330000
o 165 7.330000
o 164 7.330000
o 163 7.330000
o 162 7.330000
o 161 7.330000
o 160 7.340000
o 159 7.340000
o 158 7.340000
o 157 7.340000
o 156 7.340000
o 155 7.340000
o 154 7.340000
o 153 7.340000
o 152 7.340000
o 151 7.340000
o 150 7.340000
o 149 7.340000
o 148 7.340000
o 147 7.340000
o 146 7.340000
o 145 7.340000
o 144 7.340000
o 143 7.340000
o 142 7.340000
o 141 7.350000
o 140 7.350000
o 139 7.350000
o 138 7.350000
o 137 7.350000
o 136 7.350000
o 135 7.350000
o 134 7.350000
o 133 7.350000
o 132 7.350000
o 131 7.350000
o 130 7.350000
o 129 7.350000
o 128 7.350000
o 127 7.350000
o 126 7.350000
o 125 7.350000
o 124 7.350000
o 123 7.350000
o 122 7.360000
o 121 7.360000
o 120 7.360000
o 119 7.360000
o 118 7.360000
o 117 7.360000
o 116 7.360000
o 115 7.360000
o 114 7.360000
o 113 7.360000
o 112 7.360000
o 111 7.360000
o 110 7.360000
o 109 7.360000
o 108 7.360000
o 107 7.360000
o 106 7.360000
o 105 7.360000
o 104 7.360000
o 103 7.370000
o 102 7.370000
o 101 7.370000
o 100 7.370000
o 99 7.370000
o 98 7.370000
o 97 7.370000
o 96 7.370000
o 95 7.370000
o 94 7.370000
o 93 7.370000
o 92 7.370000
o 91 7.370000
o 90 7.370000
o 89 7.370000
o 88 7.370000
o 87 7.370000
o 86 7.370000
o 85 7.370000
o 84 7.380000
o 83 7.380000
o 82 7.380000
o 81 7.380000
o 80 7.380000
o 79 7.380000
o 78 7.380000
78	7.380000
bre-res-str.formula_0.8_2021_atleast_127_max-6_reduced_incomplete_tree
o 196 7.320000
o 195 7.520000
o 194 7.520000
o 193 7.520000
o 192 7.520000
o 191 7.520000
o 190 7.520000
o 189 7.520000
o 188 7.530000
o 187 7.530000
o 186 7.530000
186	7.530000
bre-res-str.formula_0.8_2021_atleast_127_max-6_reduced_incomplete_tree
o 197 7.120000
o 196 7.270000
o 195 7.270000
o 194 7.270000
o 193 7.270000
o 192 7.270000
o 191 7.270000
o 190 7.270000
190	7.270000
bre-res-str.formula_0.8_2021_atleast_127_max-6_reduced_incomplete_tree
o 169 7.220000
o 168 7.380000
o 167 7.380000
o 166 7.380000
o 165 7.380000
o 164 7.380000
o 163 7.390000
o 162 7.390000
o 161 7.390000
o 160 7.390000
o 159 7.390000
o 158 7.390000
o 157 7.390000
o 156 7.390000
o 155 7.390000
o 154 7.390000
o 153 7.390000
o 152 7.390000
o 151 7.390000
o 150 7.390000
o 149 7.390000
149	7.390000
