car.formula_0.8_2021_atleast_15_max-3_reduced_incomplete_tree
o 466 0.160000
o 465 0.170000
o 464 0.170000
o 463 0.170000
o 462 0.170000
o 461 0.170000
o 460 0.170000
o 459 0.170000
o 458 0.170000
o 457 0.170000
o 456 0.170000
o 455 0.170000
o 454 0.170000
o 453 0.170000
o 452 0.170000
o 451 0.170000
o 450 0.170000
o 449 0.170000
o 448 0.170000
o 447 0.170000
o 446 0.170000
o 445 0.170000
o 444 0.170000
o 443 0.170000
o 442 0.170000
o 441 0.170000
o 440 0.170000
o 439 0.170000
o 438 0.170000
o 437 0.170000
o 436 0.170000
o 435 0.170000
o 434 0.170000
o 433 0.170000
o 432 0.170000
o 431 0.170000
o 430 0.170000
o 429 0.170000
o 428 0.170000
o 427 0.170000
o 426 0.170000
o 425 0.170000
o 424 0.170000
o 423 0.170000
o 422 0.170000
o 421 0.170000
o 420 0.170000
o 419 0.170000
o 418 0.170000
o 417 0.170000
o 416 0.170000
o 415 0.170000
o 414 0.170000
o 413 0.170000
o 412 0.170000
o 411 0.170000
o 410 0.170000
o 409 0.170000
o 408 0.170000
o 407 0.170000
o 406 0.170000
o 405 0.170000
o 404 0.170000
o 403 0.170000
o 402 0.170000
o 401 0.170000
o 400 0.170000
o 399 0.170000
o 398 0.170000
o 397 0.170000
o 396 0.170000
o 395 0.170000
o 394 0.170000
o 393 0.170000
o 392 0.170000
392	0.170000
car.formula_0.8_2021_atleast_15_max-3_reduced_incomplete_tree
o 929 0.210000
o 928 0.220000
o 927 0.220000
o 926 0.220000
o 925 0.220000
o 924 0.220000
o 923 0.220000
o 922 0.220000
o 921 0.220000
o 920 0.220000
o 919 0.220000
o 918 0.220000
o 917 0.220000
o 916 0.220000
o 915 0.220000
o 914 0.220000
o 913 0.220000
o 912 0.220000
o 911 0.220000
o 910 0.220000
o 909 0.220000
o 908 0.220000
o 907 0.220000
o 906 0.220000
o 905 0.220000
o 904 0.220000
o 903 0.220000
o 902 0.220000
o 901 0.220000
o 900 0.220000
o 899 0.220000
o 898 0.220000
o 897 0.220000
o 896 0.220000
o 895 0.220000
o 894 0.220000
o 893 0.220000
o 892 0.220000
o 891 0.220000
o 890 0.220000
o 889 0.220000
o 888 0.220000
o 887 0.220000
o 886 0.220000
o 885 0.220000
o 884 0.220000
o 883 0.220000
o 882 0.220000
o 881 0.220000
o 880 0.220000
o 879 0.220000
o 878 0.220000
o 877 0.220000
o 876 0.220000
o 875 0.220000
o 874 0.220000
o 873 0.220000
o 872 0.220000
o 871 0.220000
o 870 0.220000
o 869 0.220000
o 868 0.220000
o 867 0.220000
o 866 0.220000
o 865 0.220000
o 864 0.220000
o 863 0.220000
o 862 0.220000
o 861 0.220000
o 860 0.220000
o 859 0.220000
o 858 0.220000
o 857 0.220000
o 856 0.220000
o 855 0.220000
o 854 0.220000
o 853 0.220000
o 852 0.220000
o 851 0.220000
o 850 0.220000
o 849 0.220000
o 848 0.220000
o 847 0.220000
o 846 0.220000
o 845 0.220000
o 844 0.220000
o 843 0.220000
o 842 0.220000
o 841 0.220000
o 840 0.220000
o 839 0.220000
o 838 0.220000
o 837 0.220000
o 836 0.220000
o 835 0.220000
o 834 0.220000
o 833 0.220000
o 832 0.220000
o 831 0.220000
o 830 0.220000
o 829 0.220000
o 828 0.220000
o 827 0.220000
o 826 0.220000
o 825 0.220000
o 824 0.220000
o 823 0.220000
o 822 0.220000
o 821 0.220000
o 820 0.220000
o 819 0.220000
o 818 0.220000
o 817 0.220000
o 816 0.220000
o 815 0.220000
o 814 0.220000
o 813 0.220000
o 812 0.220000
o 811 0.220000
o 810 0.220000
o 809 0.220000
o 808 0.220000
o 807 0.220000
o 806 0.220000
o 805 0.220000
o 804 0.220000
o 803 0.220000
o 802 0.220000
o 801 0.220000
o 800 0.220000
o 799 0.220000
o 798 0.220000
o 797 0.220000
o 796 0.220000
o 795 0.220000
o 794 0.220000
o 793 0.220000
o 792 0.220000
o 791 0.220000
o 790 0.220000
o 789 0.220000
o 788 0.220000
o 787 0.220000
o 786 0.220000
o 785 0.220000
o 784 0.220000
o 783 0.220000
o 782 0.220000
o 781 0.220000
o 780 0.220000
o 779 0.220000
o 778 0.220000
o 777 0.220000
o 776 0.220000
o 775 0.220000
o 774 0.220000
o 773 0.220000
o 772 0.220000
o 771 0.220000
o 770 0.220000
o 769 0.220000
o 768 0.220000
o 767 0.220000
o 766 0.220000
o 765 0.220000
o 764 0.220000
o 763 0.220000
o 762 0.220000
o 761 0.220000
o 760 0.220000
o 759 0.220000
o 758 0.220000
o 757 0.220000
o 756 0.220000
o 755 0.220000
o 754 0.220000
o 753 0.220000
o 752 0.220000
o 751 0.220000
o 750 0.220000
o 749 0.220000
o 748 0.220000
o 747 0.220000
o 746 0.220000
o 745 0.220000
o 744 0.220000
o 743 0.220000
o 742 0.220000
o 741 0.220000
o 740 0.220000
o 739 0.220000
o 738 0.220000
o 737 0.220000
o 736 0.220000
o 735 0.220000
o 734 0.220000
o 733 0.220000
o 732 0.220000
o 731 0.220000
o 730 0.220000
o 729 0.220000
o 728 0.220000
o 727 0.220000
o 726 0.220000
o 725 0.220000
o 724 0.220000
o 723 0.220000
o 722 0.220000
o 721 0.220000
o 720 0.220000
o 719 0.220000
o 718 0.220000
o 717 0.220000
o 716 0.220000
o 715 0.220000
o 714 0.220000
o 713 0.220000
o 712 0.220000
o 711 0.220000
o 710 0.220000
o 709 0.220000
o 708 0.220000
o 707 0.220000
o 706 0.220000
o 705 0.220000
o 704 0.220000
o 703 0.220000
o 702 0.220000
o 701 0.220000
o 700 0.220000
o 699 0.220000
o 698 0.220000
o 697 0.220000
o 696 0.220000
o 695 0.220000
o 694 0.220000
o 693 0.220000
o 692 0.220000
o 691 0.220000
o 690 0.220000
o 689 0.220000
o 688 0.220000
o 687 0.220000
o 686 0.220000
o 685 0.220000
o 684 0.220000
o 683 0.220000
o 682 0.220000
o 681 0.220000
o 680 0.220000
o 679 0.220000
o 678 0.220000
o 677 0.220000
o 676 0.220000
o 675 0.220000
o 674 0.220000
o 673 0.220000
o 672 0.220000
o 671 0.220000
o 670 0.220000
o 669 0.220000
o 668 0.220000
o 667 0.220000
o 666 0.220000
o 665 0.220000
o 664 0.220000
o 663 0.220000
o 662 0.220000
o 661 0.220000
o 660 0.220000
o 659 0.220000
o 658 0.220000
o 657 0.220000
o 656 0.220000
o 655 0.220000
o 654 0.220000
o 653 0.220000
o 652 0.220000
o 651 0.220000
o 650 0.220000
o 649 0.220000
o 648 0.220000
o 647 0.220000
o 646 0.220000
o 645 0.220000
o 644 0.220000
o 643 0.220000
o 642 0.220000
o 641 0.220000
o 640 0.220000
o 639 0.220000
o 638 0.220000
o 637 0.220000
o 636 0.220000
o 635 0.220000
o 634 0.220000
o 633 0.220000
o 632 0.220000
o 631 0.220000
o 630 0.220000
o 629 0.220000
o 628 0.220000
o 627 0.220000
o 626 0.220000
o 625 0.220000
o 624 0.220000
o 623 0.220000
o 622 0.220000
o 621 0.220000
o 620 0.220000
o 619 0.220000
o 618 0.220000
o 617 0.220000
o 616 0.220000
o 615 0.220000
o 614 0.220000
o 613 0.220000
o 612 0.220000
o 611 0.220000
o 610 0.220000
o 609 0.220000
o 608 0.220000
o 607 0.220000
o 606 0.220000
o 605 0.220000
o 604 0.220000
o 603 0.220000
o 602 0.220000
o 601 0.220000
o 600 0.220000
o 599 0.220000
o 598 0.220000
o 597 0.220000
o 596 0.220000
o 595 0.220000
o 594 0.220000
o 593 0.220000
o 592 0.220000
o 591 0.220000
o 590 0.220000
o 589 0.220000
o 588 0.220000
o 587 0.220000
o 586 0.220000
o 585 0.220000
o 584 0.220000
o 583 0.220000
o 582 0.220000
o 581 0.220000
o 580 0.220000
o 579 0.220000
o 578 0.220000
o 577 0.220000
o 576 0.220000
o 575 0.220000
o 574 0.220000
o 573 0.220000
o 572 0.220000
o 571 0.220000
o 570 0.220000
o 569 0.220000
o 568 0.220000
o 567 0.220000
o 566 0.220000
o 565 0.220000
o 564 0.220000
o 563 0.220000
o 562 0.220000
o 561 0.220000
o 560 0.220000
o 559 0.220000
o 558 0.220000
o 557 0.220000
o 556 0.220000
o 555 0.220000
o 554 0.220000
o 553 0.220000
o 552 0.220000
o 551 0.220000
o 550 0.220000
o 549 0.220000
o 548 0.220000
o 547 0.220000
o 546 0.220000
o 545 0.220000
o 544 0.220000
o 543 0.220000
o 542 0.220000
o 541 0.220000
o 540 0.220000
o 539 0.220000
o 538 0.220000
o 537 0.220000
o 536 0.220000
o 535 0.220000
o 534 0.220000
o 533 0.220000
o 532 0.220000
o 531 0.220000
o 530 0.220000
o 529 0.220000
o 528 0.220000
o 527 0.220000
o 526 0.220000
o 525 0.220000
o 524 0.220000
o 523 0.220000
o 522 0.220000
o 521 0.220000
o 520 0.220000
o 519 0.220000
o 518 0.220000
o 517 0.220000
o 516 0.220000
o 515 0.220000
o 514 0.220000
o 513 0.220000
o 512 0.220000
o 511 0.220000
o 510 0.220000
o 509 0.220000
o 508 0.220000
o 507 0.220000
o 506 0.220000
o 505 0.220000
o 504 0.220000
o 503 0.220000
o 502 0.220000
o 501 0.220000
501	0.220000
car.formula_0.8_2021_atleast_15_max-3_reduced_incomplete_tree
o 723 0.150000
o 722 0.150000
o 721 0.150000
o 720 0.150000
o 719 0.150000
o 718 0.150000
o 717 0.150000
o 716 0.150000
o 715 0.150000
o 714 0.150000
o 713 0.150000
o 712 0.150000
o 711 0.150000
o 710 0.150000
o 709 0.150000
o 708 0.150000
o 707 0.150000
o 706 0.150000
o 705 0.150000
o 704 0.150000
o 703 0.150000
o 702 0.150000
o 701 0.150000
o 700 0.150000
o 699 0.150000
o 698 0.150000
o 697 0.150000
o 696 0.150000
o 695 0.150000
o 694 0.150000
o 693 0.150000
o 692 0.150000
o 691 0.150000
o 690 0.150000
o 689 0.150000
o 688 0.150000
o 687 0.150000
o 686 0.150000
o 685 0.150000
o 684 0.150000
o 683 0.150000
o 682 0.150000
o 681 0.150000
o 680 0.150000
o 679 0.150000
o 678 0.150000
o 677 0.150000
o 676 0.150000
o 675 0.150000
o 674 0.150000
o 673 0.150000
o 672 0.150000
o 671 0.150000
o 670 0.150000
o 669 0.150000
o 668 0.150000
o 667 0.150000
o 666 0.150000
o 665 0.150000
o 664 0.150000
o 663 0.150000
o 662 0.150000
o 661 0.150000
o 660 0.150000
o 659 0.150000
o 658 0.150000
o 657 0.150000
o 656 0.150000
o 655 0.150000
o 654 0.150000
o 653 0.150000
o 652 0.150000
o 651 0.150000
o 650 0.150000
o 649 0.150000
o 648 0.150000
o 647 0.150000
o 646 0.150000
o 645 0.150000
o 644 0.150000
o 643 0.150000
o 642 0.150000
o 641 0.150000
o 640 0.150000
o 639 0.150000
o 638 0.150000
o 637 0.150000
o 636 0.150000
o 635 0.150000
o 634 0.150000
o 633 0.150000
o 632 0.150000
o 631 0.150000
o 630 0.150000
o 629 0.150000
o 628 0.150000
o 627 0.150000
o 626 0.150000
o 625 0.150000
o 624 0.150000
o 623 0.150000
o 622 0.150000
o 621 0.150000
o 620 0.150000
o 619 0.150000
o 618 0.150000
o 617 0.150000
o 616 0.150000
o 615 0.150000
o 614 0.150000
o 613 0.150000
o 612 0.150000
o 611 0.150000
o 610 0.150000
o 609 0.150000
o 608 0.150000
o 607 0.150000
o 606 0.150000
o 605 0.150000
o 604 0.150000
o 603 0.150000
o 602 0.150000
o 601 0.150000
o 600 0.150000
o 599 0.150000
o 598 0.150000
o 597 0.150000
o 596 0.150000
o 595 0.150000
o 594 0.150000
o 593 0.150000
o 592 0.150000
o 591 0.150000
o 590 0.150000
o 589 0.150000
o 588 0.150000
o 587 0.150000
o 586 0.150000
o 585 0.150000
o 584 0.150000
o 583 0.150000
o 582 0.150000
o 581 0.150000
o 580 0.150000
o 579 0.150000
o 578 0.150000
o 577 0.150000
o 576 0.150000
o 575 0.150000
o 574 0.150000
o 573 0.150000
o 572 0.150000
o 571 0.150000
o 570 0.150000
o 569 0.150000
o 568 0.150000
o 567 0.150000
o 566 0.150000
o 565 0.150000
o 564 0.150000
o 563 0.150000
o 562 0.150000
o 561 0.150000
o 560 0.150000
o 559 0.150000
o 558 0.150000
o 557 0.150000
o 556 0.150000
o 555 0.150000
o 554 0.150000
o 553 0.150000
o 552 0.150000
o 551 0.150000
o 550 0.150000
o 549 0.150000
o 548 0.160000
o 547 0.160000
o 546 0.160000
o 545 0.160000
o 544 0.160000
o 543 0.160000
o 542 0.160000
o 541 0.160000
o 540 0.160000
o 539 0.160000
o 538 0.160000
o 537 0.160000
o 536 0.160000
o 535 0.160000
o 534 0.160000
o 533 0.160000
o 532 0.160000
o 531 0.160000
o 530 0.160000
o 529 0.160000
o 528 0.160000
o 527 0.160000
o 526 0.160000
o 525 0.160000
o 524 0.160000
o 523 0.160000
o 522 0.160000
o 521 0.160000
o 520 0.160000
o 519 0.160000
o 518 0.160000
o 517 0.160000
o 516 0.160000
o 515 0.160000
o 514 0.160000
o 513 0.160000
o 512 0.160000
o 511 0.160000
o 510 0.160000
o 509 0.160000
o 508 0.160000
o 507 0.160000
o 506 0.160000
o 505 0.160000
o 504 0.160000
o 503 0.160000
o 502 0.160000
o 501 0.160000
o 500 0.160000
o 499 0.160000
o 498 0.160000
o 497 0.160000
o 496 0.160000
o 495 0.160000
o 494 0.160000
o 493 0.160000
o 492 0.160000
o 491 0.160000
o 490 0.160000
o 489 0.160000
o 488 0.160000
o 487 0.160000
o 486 0.160000
o 485 0.160000
o 484 0.160000
o 483 0.160000
o 482 0.160000
o 481 0.160000
o 480 0.160000
o 479 0.160000
o 478 0.160000
o 477 0.160000
o 476 0.160000
o 475 0.160000
o 474 0.160000
o 473 0.160000
o 472 0.160000
o 471 0.160000
o 470 0.160000
o 469 0.160000
o 468 0.160000
o 467 0.160000
o 466 0.160000
o 465 0.160000
o 464 0.160000
o 463 0.160000
o 462 0.160000
o 461 0.160000
o 460 0.160000
o 459 0.160000
o 458 0.160000
o 457 0.160000
o 456 0.160000
o 455 0.160000
o 454 0.160000
o 453 0.160000
o 452 0.160000
o 451 0.160000
o 450 0.160000
o 449 0.160000
o 448 0.160000
o 447 0.160000
o 446 0.160000
o 445 0.160000
o 444 0.160000
o 443 0.160000
o 442 0.160000
o 441 0.160000
o 440 0.160000
o 439 0.160000
o 438 0.160000
o 437 0.160000
o 436 0.160000
o 435 0.160000
o 434 0.160000
o 433 0.160000
o 432 0.160000
o 431 0.160000
o 430 0.160000
o 429 0.160000
o 428 0.160000
o 427 0.160000
o 426 0.160000
o 425 0.160000
o 424 0.160000
o 423 0.160000
o 422 0.160000
o 421 0.160000
o 420 0.160000
o 419 0.160000
o 418 0.160000
o 417 0.160000
o 416 0.160000
o 415 0.160000
o 414 0.160000
o 413 0.160000
o 412 0.160000
o 411 0.160000
o 410 0.160000
o 409 0.160000
o 408 0.160000
o 407 0.160000
o 406 0.160000
o 405 0.160000
o 404 0.160000
o 403 0.160000
o 402 0.160000
o 401 0.160000
o 400 0.160000
o 399 0.160000
o 398 0.160000
o 397 0.160000
o 396 0.160000
o 395 0.160000
o 394 0.160000
o 393 0.160000
o 392 0.160000
392	0.160000
car.formula_0.8_2021_atleast_15_max-3_reduced_incomplete_tree
o 661 0.160000
o 660 0.160000
o 659 0.160000
o 658 0.160000
o 657 0.160000
o 656 0.160000
o 655 0.160000
o 654 0.160000
o 653 0.160000
o 652 0.160000
o 651 0.160000
o 650 0.160000
o 649 0.160000
o 648 0.160000
o 647 0.160000
o 646 0.160000
o 645 0.160000
o 644 0.160000
o 643 0.160000
o 642 0.160000
o 641 0.160000
o 640 0.160000
o 639 0.160000
o 638 0.160000
o 637 0.160000
o 636 0.160000
o 635 0.160000
o 634 0.160000
o 633 0.160000
o 632 0.160000
o 631 0.160000
o 630 0.160000
o 629 0.160000
o 628 0.160000
o 627 0.160000
o 626 0.160000
o 625 0.160000
o 624 0.160000
o 623 0.160000
o 622 0.160000
o 621 0.160000
o 620 0.160000
o 619 0.160000
o 618 0.160000
o 617 0.160000
o 616 0.160000
o 615 0.160000
o 614 0.160000
o 613 0.160000
o 612 0.160000
o 611 0.160000
o 610 0.160000
o 609 0.160000
o 608 0.160000
o 607 0.160000
o 606 0.160000
o 605 0.160000
o 604 0.160000
o 603 0.160000
o 602 0.170000
o 601 0.170000
o 600 0.170000
o 599 0.170000
o 598 0.170000
o 597 0.170000
o 596 0.170000
o 595 0.170000
o 594 0.170000
o 593 0.170000
o 592 0.170000
o 591 0.170000
o 590 0.170000
o 589 0.170000
o 588 0.170000
o 587 0.170000
o 586 0.170000
o 585 0.170000
o 584 0.170000
o 583 0.170000
o 582 0.170000
o 581 0.170000
o 580 0.170000
o 579 0.170000
o 578 0.170000
o 577 0.170000
o 576 0.170000
o 575 0.170000
o 574 0.170000
o 573 0.170000
o 572 0.170000
o 571 0.170000
o 570 0.170000
o 569 0.170000
o 568 0.170000
o 567 0.170000
o 566 0.170000
o 565 0.170000
o 564 0.170000
o 563 0.170000
o 562 0.170000
o 561 0.170000
o 560 0.170000
o 559 0.170000
o 558 0.170000
o 557 0.170000
o 556 0.170000
o 555 0.170000
o 554 0.170000
o 553 0.170000
o 552 0.170000
o 551 0.170000
o 550 0.170000
o 549 0.170000
o 548 0.170000
o 547 0.170000
o 546 0.170000
o 545 0.170000
o 544 0.170000
o 543 0.170000
o 542 0.170000
o 541 0.170000
o 540 0.170000
o 539 0.170000
o 538 0.170000
o 537 0.170000
o 536 0.170000
o 535 0.170000
o 534 0.170000
o 533 0.170000
o 532 0.170000
o 531 0.170000
o 530 0.170000
o 529 0.170000
o 528 0.170000
o 527 0.170000
o 526 0.170000
o 525 0.170000
o 524 0.170000
o 523 0.170000
o 522 0.170000
o 521 0.170000
o 520 0.170000
o 519 0.170000
o 518 0.170000
o 517 0.170000
o 516 0.170000
o 515 0.170000
o 514 0.170000
o 513 0.170000
o 512 0.170000
o 511 0.170000
o 510 0.170000
o 509 0.170000
o 508 0.170000
o 507 0.170000
o 506 0.170000
o 505 0.170000
o 504 0.170000
o 503 0.170000
o 502 0.170000
o 501 0.170000
o 500 0.170000
o 499 0.170000
o 498 0.170000
o 497 0.170000
o 496 0.170000
o 495 0.170000
o 494 0.170000
o 493 0.170000
o 492 0.170000
o 491 0.170000
o 490 0.170000
o 489 0.170000
o 488 0.170000
o 487 0.170000
o 486 0.170000
o 485 0.170000
o 484 0.170000
o 483 0.170000
o 482 0.170000
o 481 0.170000
o 480 0.170000
o 479 0.170000
o 478 0.170000
o 477 0.170000
o 476 0.170000
o 475 0.170000
o 474 0.170000
o 473 0.170000
o 472 0.170000
o 471 0.170000
o 470 0.170000
o 469 0.170000
o 468 0.170000
o 467 0.170000
o 466 0.170000
o 465 0.170000
o 464 0.170000
o 463 0.170000
o 462 0.170000
o 461 0.170000
o 460 0.170000
o 459 0.170000
o 458 0.170000
o 457 0.170000
o 456 0.170000
o 455 0.170000
o 454 0.170000
o 453 0.170000
o 452 0.170000
452	0.170000
car.formula_0.8_2021_atleast_15_max-3_reduced_incomplete_tree
o 1299 0.190000
o 1298 0.190000
o 1297 0.190000
o 1296 0.190000
o 1295 0.190000
o 1294 0.190000
o 1293 0.190000
o 1292 0.190000
o 1291 0.190000
o 1290 0.190000
o 1289 0.190000
o 1288 0.190000
o 1287 0.190000
o 1286 0.190000
o 1285 0.190000
o 1284 0.190000
o 1283 0.190000
o 1282 0.190000
o 1281 0.190000
o 1280 0.190000
o 1279 0.190000
o 1278 0.190000
o 1277 0.190000
o 1276 0.190000
o 1275 0.190000
o 1274 0.190000
o 1273 0.190000
o 1272 0.190000
o 1271 0.190000
o 1270 0.190000
o 1269 0.190000
o 1268 0.190000
o 1267 0.190000
o 1266 0.190000
o 1265 0.190000
o 1264 0.190000
o 1263 0.190000
o 1262 0.190000
o 1261 0.190000
o 1260 0.190000
o 1259 0.190000
o 1258 0.190000
o 1257 0.190000
o 1256 0.190000
o 1255 0.190000
o 1254 0.190000
o 1253 0.190000
o 1252 0.190000
o 1251 0.190000
o 1250 0.190000
o 1249 0.190000
o 1248 0.190000
o 1247 0.190000
o 1246 0.190000
o 1245 0.190000
o 1244 0.190000
o 1243 0.190000
o 1242 0.190000
o 1241 0.190000
o 1240 0.190000
o 1239 0.190000
o 1238 0.190000
o 1237 0.190000
o 1236 0.190000
o 1235 0.190000
o 1234 0.190000
o 1233 0.190000
o 1232 0.190000
o 1231 0.190000
o 1230 0.190000
o 1229 0.190000
o 1228 0.190000
o 1227 0.190000
o 1226 0.190000
o 1225 0.190000
o 1224 0.190000
o 1223 0.190000
o 1222 0.190000
o 1221 0.190000
o 1220 0.190000
o 1219 0.190000
o 1218 0.190000
o 1217 0.190000
o 1216 0.190000
o 1215 0.190000
o 1214 0.190000
o 1213 0.190000
o 1212 0.190000
o 1211 0.190000
o 1210 0.190000
o 1209 0.190000
o 1208 0.190000
o 1207 0.190000
o 1206 0.190000
o 1205 0.190000
o 1204 0.190000
o 1203 0.190000
o 1202 0.190000
o 1201 0.190000
o 1200 0.190000
o 1199 0.190000
o 1198 0.190000
o 1197 0.190000
o 1196 0.190000
o 1195 0.190000
o 1194 0.190000
o 1193 0.190000
o 1192 0.190000
o 1191 0.190000
o 1190 0.190000
o 1189 0.190000
o 1188 0.190000
o 1187 0.190000
o 1186 0.190000
o 1185 0.190000
o 1184 0.190000
o 1183 0.190000
o 1182 0.190000
o 1181 0.190000
o 1180 0.190000
o 1179 0.190000
o 1178 0.190000
o 1177 0.190000
o 1176 0.190000
o 1175 0.190000
o 1174 0.190000
o 1173 0.190000
o 1172 0.190000
o 1171 0.190000
o 1170 0.190000
o 1169 0.190000
o 1168 0.190000
o 1167 0.190000
o 1166 0.190000
o 1165 0.190000
o 1164 0.190000
o 1163 0.190000
o 1162 0.190000
o 1161 0.190000
o 1160 0.190000
o 1159 0.190000
o 1158 0.190000
o 1157 0.190000
o 1156 0.190000
o 1155 0.190000
o 1154 0.190000
o 1153 0.190000
o 1152 0.190000
o 1151 0.190000
o 1150 0.190000
o 1149 0.190000
o 1148 0.190000
o 1147 0.190000
o 1146 0.190000
o 1145 0.190000
o 1144 0.190000
o 1143 0.190000
o 1142 0.190000
o 1141 0.190000
o 1140 0.190000
o 1139 0.190000
o 1138 0.190000
o 1137 0.190000
o 1136 0.190000
o 1135 0.190000
o 1134 0.190000
o 1133 0.190000
o 1132 0.190000
o 1131 0.190000
o 1130 0.190000
o 1129 0.190000
o 1128 0.190000
o 1127 0.190000
o 1126 0.190000
o 1125 0.190000
o 1124 0.190000
o 1123 0.190000
o 1122 0.190000
o 1121 0.190000
o 1120 0.190000
o 1119 0.190000
o 1118 0.190000
o 1117 0.190000
o 1116 0.190000
o 1115 0.190000
o 1114 0.190000
o 1113 0.190000
o 1112 0.190000
o 1111 0.190000
o 1110 0.190000
o 1109 0.190000
o 1108 0.190000
o 1107 0.190000
o 1106 0.190000
o 1105 0.190000
o 1104 0.190000
o 1103 0.190000
o 1102 0.190000
o 1101 0.190000
o 1100 0.190000
o 1099 0.190000
o 1098 0.190000
o 1097 0.190000
o 1096 0.190000
o 1095 0.190000
o 1094 0.190000
o 1093 0.190000
o 1092 0.190000
o 1091 0.190000
o 1090 0.190000
o 1089 0.190000
o 1088 0.190000
o 1087 0.190000
o 1086 0.190000
o 1085 0.190000
o 1084 0.190000
o 1083 0.190000
o 1082 0.190000
o 1081 0.190000
o 1080 0.190000
o 1079 0.190000
o 1078 0.190000
o 1077 0.190000
o 1076 0.190000
o 1075 0.190000
o 1074 0.190000
o 1073 0.190000
o 1072 0.190000
o 1071 0.190000
o 1070 0.190000
o 1069 0.190000
o 1068 0.190000
o 1067 0.190000
o 1066 0.190000
o 1065 0.190000
o 1064 0.190000
o 1063 0.190000
o 1062 0.190000
o 1061 0.190000
o 1060 0.190000
o 1059 0.190000
o 1058 0.190000
o 1057 0.190000
o 1056 0.190000
o 1055 0.190000
o 1054 0.190000
o 1053 0.190000
o 1052 0.190000
o 1051 0.190000
o 1050 0.190000
o 1049 0.190000
o 1048 0.190000
o 1047 0.190000
o 1046 0.190000
o 1045 0.190000
o 1044 0.190000
o 1043 0.190000
o 1042 0.190000
o 1041 0.190000
o 1040 0.190000
o 1039 0.190000
o 1038 0.190000
o 1037 0.190000
o 1036 0.190000
o 1035 0.190000
o 1034 0.190000
o 1033 0.190000
o 1032 0.190000
o 1031 0.190000
o 1030 0.190000
o 1029 0.190000
o 1028 0.200000
o 1027 0.200000
o 1026 0.200000
o 1025 0.200000
o 1024 0.200000
o 1023 0.200000
o 1022 0.200000
o 1021 0.200000
o 1020 0.200000
o 1019 0.200000
o 1018 0.200000
o 1017 0.200000
o 1016 0.200000
o 1015 0.200000
o 1014 0.200000
o 1013 0.200000
o 1012 0.200000
o 1011 0.200000
o 1010 0.200000
o 1009 0.200000
o 1008 0.200000
o 1007 0.200000
o 1006 0.200000
o 1005 0.200000
o 1004 0.200000
o 1003 0.200000
o 1002 0.200000
o 1001 0.200000
o 1000 0.200000
o 999 0.200000
o 998 0.200000
o 997 0.200000
o 996 0.200000
o 995 0.200000
o 994 0.200000
o 993 0.200000
o 992 0.200000
o 991 0.200000
o 990 0.200000
o 989 0.200000
o 988 0.200000
o 987 0.200000
o 986 0.200000
o 985 0.200000
o 984 0.200000
o 983 0.200000
o 982 0.200000
o 981 0.200000
o 980 0.200000
o 979 0.200000
o 978 0.200000
o 977 0.200000
o 976 0.200000
o 975 0.200000
o 974 0.200000
o 973 0.200000
o 972 0.200000
o 971 0.200000
o 970 0.200000
o 969 0.200000
o 968 0.200000
o 967 0.200000
o 966 0.200000
o 965 0.200000
o 964 0.200000
o 963 0.200000
o 962 0.200000
o 961 0.200000
o 960 0.200000
o 959 0.200000
o 958 0.200000
o 957 0.200000
o 956 0.200000
o 955 0.200000
o 954 0.200000
o 953 0.200000
o 952 0.200000
o 951 0.200000
o 950 0.200000
o 949 0.200000
o 948 0.200000
o 947 0.200000
o 946 0.200000
o 945 0.200000
o 944 0.200000
o 943 0.200000
o 942 0.200000
o 941 0.200000
o 940 0.200000
o 939 0.200000
o 938 0.200000
o 937 0.200000
o 936 0.200000
o 935 0.200000
o 934 0.200000
o 933 0.200000
o 932 0.200000
o 931 0.200000
o 930 0.200000
o 929 0.200000
o 928 0.200000
o 927 0.200000
o 926 0.200000
o 925 0.200000
o 924 0.200000
o 923 0.200000
o 922 0.200000
o 921 0.200000
o 920 0.200000
o 919 0.200000
o 918 0.200000
o 917 0.200000
o 916 0.200000
o 915 0.200000
o 914 0.200000
o 913 0.200000
o 912 0.200000
o 911 0.200000
o 910 0.200000
o 909 0.200000
o 908 0.200000
o 907 0.200000
o 906 0.200000
o 905 0.200000
o 904 0.200000
o 903 0.200000
o 902 0.200000
o 901 0.200000
o 900 0.200000
o 899 0.200000
o 898 0.200000
o 897 0.200000
o 896 0.200000
o 895 0.200000
o 894 0.200000
o 893 0.200000
o 892 0.200000
o 891 0.200000
o 890 0.200000
o 889 0.200000
o 888 0.200000
o 887 0.200000
o 886 0.200000
o 885 0.200000
o 884 0.200000
o 883 0.200000
o 882 0.200000
o 881 0.200000
o 880 0.200000
o 879 0.200000
o 878 0.200000
o 877 0.200000
o 876 0.200000
o 875 0.200000
o 874 0.200000
o 873 0.200000
o 872 0.200000
o 871 0.200000
o 870 0.200000
o 869 0.200000
o 868 0.200000
o 867 0.200000
o 866 0.200000
o 865 0.200000
o 864 0.200000
o 863 0.200000
o 862 0.200000
o 861 0.200000
o 860 0.200000
o 859 0.200000
o 858 0.200000
o 857 0.200000
o 856 0.200000
o 855 0.200000
o 854 0.200000
o 853 0.200000
o 852 0.200000
o 851 0.200000
o 850 0.200000
o 849 0.200000
o 848 0.200000
o 847 0.200000
o 846 0.200000
o 845 0.200000
o 844 0.200000
o 843 0.200000
o 842 0.200000
o 841 0.200000
o 840 0.200000
o 839 0.200000
o 838 0.200000
o 837 0.200000
o 836 0.200000
o 835 0.200000
o 834 0.200000
o 833 0.200000
o 832 0.200000
o 831 0.200000
o 830 0.200000
o 829 0.200000
o 828 0.200000
o 827 0.200000
o 826 0.200000
o 825 0.200000
o 824 0.200000
o 823 0.200000
o 822 0.200000
o 821 0.200000
o 820 0.200000
o 819 0.200000
o 818 0.200000
o 817 0.200000
o 816 0.200000
o 815 0.200000
o 814 0.200000
o 813 0.200000
o 812 0.200000
o 811 0.200000
o 810 0.200000
o 809 0.200000
o 808 0.200000
o 807 0.200000
o 806 0.200000
o 805 0.200000
o 804 0.200000
804	0.200000
car.formula_0.8_2021_atleast_15_max-3_reduced_incomplete_tree
o 646 0.180000
o 645 0.190000
o 644 0.190000
o 643 0.190000
o 642 0.190000
o 641 0.190000
o 640 0.190000
o 639 0.190000
o 638 0.190000
o 637 0.190000
o 636 0.190000
o 635 0.190000
o 634 0.190000
o 633 0.190000
o 632 0.190000
o 631 0.190000
o 630 0.190000
o 629 0.190000
o 628 0.190000
o 627 0.190000
o 626 0.190000
o 625 0.190000
o 624 0.190000
o 623 0.190000
o 622 0.190000
o 621 0.190000
o 620 0.190000
o 619 0.190000
o 618 0.190000
o 617 0.190000
o 616 0.190000
o 615 0.190000
o 614 0.190000
o 613 0.190000
o 612 0.190000
o 611 0.190000
o 610 0.190000
o 609 0.190000
o 608 0.190000
o 607 0.190000
o 606 0.190000
o 605 0.190000
o 604 0.190000
o 603 0.190000
o 602 0.190000
o 601 0.190000
o 600 0.190000
o 599 0.190000
o 598 0.190000
o 597 0.190000
o 596 0.190000
o 595 0.190000
o 594 0.190000
o 593 0.190000
o 592 0.190000
o 591 0.190000
o 590 0.190000
o 589 0.190000
o 588 0.190000
o 587 0.190000
o 586 0.190000
o 585 0.190000
o 584 0.190000
o 583 0.190000
o 582 0.190000
o 581 0.190000
o 580 0.190000
o 579 0.190000
o 578 0.190000
o 577 0.190000
o 576 0.190000
o 575 0.190000
o 574 0.190000
o 573 0.190000
o 572 0.190000
o 571 0.190000
o 570 0.190000
o 569 0.190000
o 568 0.190000
o 567 0.190000
o 566 0.190000
o 565 0.190000
o 564 0.190000
o 563 0.190000
o 562 0.190000
o 561 0.190000
o 560 0.190000
o 559 0.190000
o 558 0.190000
o 557 0.190000
o 556 0.190000
o 555 0.190000
o 554 0.190000
o 553 0.190000
o 552 0.190000
o 551 0.190000
o 550 0.190000
o 549 0.190000
o 548 0.190000
o 547 0.190000
o 546 0.190000
o 545 0.190000
o 544 0.190000
o 543 0.190000
o 542 0.190000
o 541 0.190000
o 540 0.190000
o 539 0.190000
o 538 0.190000
o 537 0.190000
o 536 0.190000
o 535 0.190000
o 534 0.190000
o 533 0.190000
o 532 0.190000
o 531 0.190000
o 530 0.190000
o 529 0.190000
o 528 0.190000
o 527 0.190000
o 526 0.190000
o 525 0.190000
o 524 0.190000
o 523 0.190000
o 522 0.190000
o 521 0.190000
o 520 0.190000
o 519 0.190000
o 518 0.190000
o 517 0.190000
o 516 0.190000
o 515 0.190000
o 514 0.190000
o 513 0.190000
o 512 0.190000
o 511 0.190000
o 510 0.190000
o 509 0.190000
o 508 0.190000
o 507 0.190000
o 506 0.190000
o 505 0.190000
o 504 0.190000
o 503 0.190000
o 502 0.190000
o 501 0.190000
o 500 0.190000
o 499 0.190000
o 498 0.190000
o 497 0.190000
o 496 0.190000
o 495 0.190000
o 494 0.190000
o 493 0.190000
o 492 0.190000
o 491 0.190000
o 490 0.190000
o 489 0.190000
o 488 0.190000
o 487 0.190000
o 486 0.190000
o 485 0.190000
o 484 0.190000
o 483 0.190000
o 482 0.190000
o 481 0.190000
o 480 0.190000
o 479 0.190000
o 478 0.190000
o 477 0.190000
o 476 0.190000
o 475 0.190000
o 474 0.190000
o 473 0.190000
o 472 0.190000
o 471 0.190000
o 470 0.190000
o 469 0.190000
o 468 0.190000
o 467 0.190000
o 466 0.190000
o 465 0.190000
o 464 0.190000
o 463 0.190000
o 462 0.190000
o 461 0.190000
o 460 0.190000
o 459 0.190000
o 458 0.190000
o 457 0.190000
o 456 0.190000
o 455 0.190000
o 454 0.190000
o 453 0.190000
o 452 0.190000
452	0.190000
car.formula_0.8_2021_atleast_15_max-3_reduced_incomplete_tree
o 653 0.160000
o 652 0.160000
o 651 0.160000
o 650 0.160000
o 649 0.160000
o 648 0.160000
o 647 0.160000
o 646 0.160000
o 645 0.160000
o 644 0.160000
o 643 0.160000
o 642 0.160000
o 641 0.160000
o 640 0.160000
o 639 0.160000
o 638 0.160000
o 637 0.160000
o 636 0.160000
o 635 0.160000
o 634 0.160000
o 633 0.160000
o 632 0.160000
o 631 0.160000
o 630 0.160000
o 629 0.160000
o 628 0.160000
o 627 0.160000
o 626 0.160000
o 625 0.160000
o 624 0.160000
o 623 0.160000
o 622 0.160000
o 621 0.160000
o 620 0.160000
o 619 0.160000
o 618 0.160000
o 617 0.160000
o 616 0.160000
o 615 0.160000
o 614 0.160000
o 613 0.160000
o 612 0.160000
o 611 0.160000
o 610 0.160000
o 609 0.160000
o 608 0.160000
o 607 0.160000
o 606 0.160000
o 605 0.160000
o 604 0.160000
o 603 0.160000
o 602 0.160000
o 601 0.160000
o 600 0.160000
o 599 0.160000
o 598 0.160000
o 597 0.160000
o 596 0.160000
o 595 0.160000
o 594 0.160000
o 593 0.160000
o 592 0.160000
o 591 0.160000
o 590 0.160000
o 589 0.160000
o 588 0.160000
o 587 0.160000
o 586 0.160000
o 585 0.160000
o 584 0.160000
o 583 0.160000
o 582 0.160000
o 581 0.160000
o 580 0.160000
o 579 0.160000
o 578 0.160000
o 577 0.160000
o 576 0.160000
o 575 0.160000
o 574 0.160000
o 573 0.160000
o 572 0.160000
o 571 0.160000
o 570 0.160000
o 569 0.160000
o 568 0.160000
o 567 0.160000
o 566 0.160000
o 565 0.160000
o 564 0.160000
o 563 0.160000
o 562 0.160000
o 561 0.160000
o 560 0.160000
o 559 0.160000
o 558 0.160000
o 557 0.160000
o 556 0.160000
o 555 0.160000
o 554 0.160000
o 553 0.160000
o 552 0.160000
o 551 0.160000
o 550 0.160000
o 549 0.160000
o 548 0.160000
o 547 0.160000
o 546 0.160000
o 545 0.160000
o 544 0.160000
o 543 0.160000
o 542 0.160000
o 541 0.160000
o 540 0.160000
o 539 0.160000
o 538 0.160000
o 537 0.160000
o 536 0.160000
o 535 0.160000
o 534 0.160000
o 533 0.160000
o 532 0.160000
o 531 0.160000
o 530 0.160000
o 529 0.160000
o 528 0.160000
o 527 0.160000
o 526 0.160000
o 525 0.160000
o 524 0.160000
o 523 0.160000
o 522 0.160000
o 521 0.160000
o 520 0.160000
o 519 0.160000
o 518 0.160000
o 517 0.160000
o 516 0.160000
o 515 0.160000
o 514 0.160000
o 513 0.160000
o 512 0.160000
o 511 0.160000
o 510 0.160000
o 509 0.160000
o 508 0.160000
o 507 0.160000
o 506 0.160000
o 505 0.160000
o 504 0.160000
o 503 0.160000
o 502 0.160000
o 501 0.160000
o 500 0.160000
o 499 0.160000
o 498 0.160000
o 497 0.160000
o 496 0.160000
o 495 0.160000
o 494 0.160000
o 493 0.160000
o 492 0.160000
o 491 0.160000
o 490 0.160000
o 489 0.160000
o 488 0.160000
o 487 0.160000
o 486 0.160000
o 485 0.160000
o 484 0.160000
o 483 0.160000
o 482 0.160000
o 481 0.160000
o 480 0.160000
o 479 0.160000
o 478 0.160000
o 477 0.160000
o 476 0.160000
o 475 0.160000
o 474 0.160000
o 473 0.160000
o 472 0.160000
o 471 0.160000
o 470 0.160000
o 469 0.160000
o 468 0.160000
o 467 0.160000
o 466 0.160000
o 465 0.160000
o 464 0.160000
o 463 0.160000
o 462 0.160000
o 461 0.160000
o 460 0.160000
o 459 0.160000
o 458 0.160000
o 457 0.160000
o 456 0.160000
o 455 0.160000
o 454 0.160000
o 453 0.160000
o 452 0.160000
o 451 0.160000
o 450 0.160000
o 449 0.160000
o 448 0.160000
o 447 0.160000
o 446 0.160000
o 445 0.160000
o 444 0.160000
o 443 0.160000
o 442 0.160000
o 441 0.160000
o 440 0.160000
o 439 0.160000
o 438 0.160000
o 437 0.160000
o 436 0.160000
o 435 0.160000
o 434 0.160000
o 433 0.160000
o 432 0.160000
o 431 0.160000
o 430 0.160000
o 429 0.160000
o 428 0.160000
o 427 0.160000
o 426 0.160000
o 425 0.160000
o 424 0.160000
o 423 0.160000
o 422 0.160000
o 421 0.160000
o 420 0.160000
o 419 0.160000
o 418 0.160000
o 417 0.160000
o 416 0.160000
o 415 0.160000
o 414 0.160000
o 413 0.160000
o 412 0.160000
o 411 0.160000
o 410 0.160000
o 409 0.160000
o 408 0.160000
o 407 0.160000
o 406 0.160000
o 405 0.160000
o 404 0.160000
o 403 0.160000
o 402 0.160000
o 401 0.160000
o 400 0.160000
o 399 0.160000
o 398 0.160000
o 397 0.160000
o 396 0.160000
o 395 0.160000
o 394 0.160000
o 393 0.160000
o 392 0.160000
392	0.160000
car.formula_0.8_2021_atleast_15_max-3_reduced_incomplete_tree
o 776 0.170000
o 775 0.170000
o 774 0.170000
o 773 0.170000
o 772 0.170000
o 771 0.170000
o 770 0.170000
o 769 0.170000
o 768 0.170000
o 767 0.170000
o 766 0.170000
o 765 0.170000
o 764 0.170000
o 763 0.170000
o 762 0.170000
o 761 0.170000
o 760 0.170000
o 759 0.170000
o 758 0.170000
o 757 0.170000
o 756 0.170000
o 755 0.170000
o 754 0.170000
o 753 0.170000
o 752 0.170000
o 751 0.170000
o 750 0.170000
o 749 0.170000
o 748 0.170000
o 747 0.170000
o 746 0.170000
o 745 0.170000
o 744 0.170000
o 743 0.170000
o 742 0.170000
o 741 0.170000
o 740 0.170000
o 739 0.170000
o 738 0.170000
o 737 0.170000
o 736 0.170000
o 735 0.170000
o 734 0.170000
o 733 0.170000
o 732 0.170000
o 731 0.170000
o 730 0.170000
o 729 0.170000
o 728 0.170000
o 727 0.170000
o 726 0.170000
o 725 0.170000
o 724 0.170000
o 723 0.170000
o 722 0.170000
o 721 0.170000
o 720 0.170000
o 719 0.170000
o 718 0.170000
o 717 0.170000
o 716 0.170000
o 715 0.170000
o 714 0.170000
o 713 0.170000
o 712 0.170000
o 711 0.170000
o 710 0.170000
o 709 0.170000
o 708 0.170000
o 707 0.170000
o 706 0.170000
o 705 0.170000
o 704 0.170000
o 703 0.170000
o 702 0.170000
o 701 0.170000
o 700 0.170000
o 699 0.170000
o 698 0.170000
o 697 0.170000
o 696 0.170000
o 695 0.170000
o 694 0.170000
o 693 0.170000
o 692 0.170000
o 691 0.170000
o 690 0.170000
o 689 0.170000
o 688 0.170000
o 687 0.170000
o 686 0.170000
o 685 0.170000
o 684 0.170000
o 683 0.170000
o 682 0.170000
o 681 0.170000
o 680 0.170000
o 679 0.170000
o 678 0.170000
o 677 0.170000
o 676 0.170000
o 675 0.170000
o 674 0.170000
o 673 0.170000
o 672 0.170000
o 671 0.170000
o 670 0.170000
o 669 0.170000
o 668 0.170000
o 667 0.170000
o 666 0.170000
o 665 0.170000
o 664 0.170000
o 663 0.170000
o 662 0.170000
o 661 0.170000
o 660 0.170000
o 659 0.170000
o 658 0.170000
o 657 0.170000
o 656 0.170000
o 655 0.170000
o 654 0.170000
o 653 0.170000
o 652 0.170000
o 651 0.170000
o 650 0.170000
o 649 0.170000
o 648 0.170000
o 647 0.170000
o 646 0.170000
o 645 0.170000
o 644 0.170000
o 643 0.170000
o 642 0.170000
o 641 0.170000
o 640 0.170000
o 639 0.170000
o 638 0.170000
o 637 0.170000
o 636 0.170000
o 635 0.170000
o 634 0.170000
o 633 0.170000
o 632 0.170000
o 631 0.170000
o 630 0.170000
o 629 0.170000
o 628 0.170000
o 627 0.170000
o 626 0.170000
o 625 0.170000
o 624 0.170000
o 623 0.170000
o 622 0.170000
o 621 0.170000
o 620 0.170000
o 619 0.170000
o 618 0.170000
o 617 0.170000
o 616 0.170000
o 615 0.170000
o 614 0.170000
o 613 0.170000
o 612 0.170000
o 611 0.170000
o 610 0.170000
o 609 0.170000
o 608 0.170000
o 607 0.170000
o 606 0.170000
o 605 0.170000
o 604 0.170000
o 603 0.170000
o 602 0.170000
o 601 0.170000
o 600 0.170000
o 599 0.170000
o 598 0.170000
o 597 0.170000
o 596 0.170000
o 595 0.170000
o 594 0.170000
o 593 0.170000
o 592 0.170000
o 591 0.170000
o 590 0.170000
o 589 0.170000
o 588 0.170000
o 587 0.170000
o 586 0.170000
o 585 0.170000
o 584 0.170000
o 583 0.170000
o 582 0.170000
o 581 0.170000
o 580 0.170000
o 579 0.170000
o 578 0.170000
o 577 0.170000
o 576 0.170000
o 575 0.170000
o 574 0.170000
o 573 0.170000
o 572 0.170000
o 571 0.170000
o 570 0.170000
o 569 0.170000
o 568 0.170000
o 567 0.170000
o 566 0.170000
o 565 0.170000
o 564 0.170000
o 563 0.170000
o 562 0.170000
o 561 0.170000
o 560 0.170000
o 559 0.170000
o 558 0.170000
o 557 0.170000
o 556 0.170000
o 555 0.170000
o 554 0.170000
o 553 0.170000
o 552 0.170000
o 551 0.170000
o 550 0.170000
o 549 0.170000
o 548 0.170000
o 547 0.170000
o 546 0.170000
o 545 0.170000
o 544 0.170000
o 543 0.170000
o 542 0.170000
o 541 0.170000
o 540 0.170000
o 539 0.170000
o 538 0.170000
o 537 0.170000
o 536 0.170000
o 535 0.170000
o 534 0.170000
o 533 0.170000
o 532 0.170000
o 531 0.170000
o 530 0.170000
o 529 0.170000
o 528 0.170000
o 527 0.170000
o 526 0.170000
o 525 0.170000
o 524 0.170000
o 523 0.170000
o 522 0.170000
o 521 0.170000
o 520 0.170000
o 519 0.170000
o 518 0.170000
o 517 0.170000
o 516 0.170000
o 515 0.170000
o 514 0.170000
o 513 0.170000
o 512 0.170000
o 511 0.170000
o 510 0.170000
o 509 0.170000
o 508 0.170000
o 507 0.170000
o 506 0.170000
o 505 0.170000
o 504 0.170000
o 503 0.170000
o 502 0.170000
o 501 0.170000
o 500 0.170000
o 499 0.170000
o 498 0.170000
o 497 0.170000
o 496 0.170000
o 495 0.170000
o 494 0.170000
o 493 0.170000
o 492 0.170000
o 491 0.170000
o 490 0.170000
o 489 0.170000
o 488 0.170000
o 487 0.170000
o 486 0.180000
o 485 0.180000
o 484 0.180000
o 483 0.180000
o 482 0.180000
o 481 0.180000
o 480 0.180000
o 479 0.180000
o 478 0.180000
o 477 0.180000
o 476 0.180000
o 475 0.180000
o 474 0.180000
o 473 0.180000
o 472 0.180000
o 471 0.180000
o 470 0.180000
o 469 0.180000
o 468 0.180000
o 467 0.180000
o 466 0.180000
o 465 0.180000
o 464 0.180000
o 463 0.180000
o 462 0.180000
o 461 0.180000
o 460 0.180000
o 459 0.180000
o 458 0.180000
o 457 0.180000
o 456 0.180000
o 455 0.180000
o 454 0.180000
o 453 0.180000
o 452 0.180000
o 451 0.180000
o 450 0.180000
o 449 0.180000
o 448 0.180000
o 447 0.180000
o 446 0.180000
o 445 0.180000
o 444 0.180000
o 443 0.180000
o 442 0.180000
o 441 0.180000
o 440 0.180000
o 439 0.180000
o 438 0.180000
o 437 0.180000
o 436 0.180000
o 435 0.180000
o 434 0.180000
o 433 0.180000
o 432 0.180000
o 431 0.180000
o 430 0.180000
o 429 0.180000
o 428 0.180000
o 427 0.180000
o 426 0.180000
o 425 0.180000
o 424 0.180000
o 423 0.180000
o 422 0.180000
o 421 0.180000
o 420 0.180000
o 419 0.180000
o 418 0.180000
o 417 0.180000
o 416 0.180000
o 415 0.180000
o 414 0.180000
o 413 0.180000
o 412 0.180000
o 411 0.180000
o 410 0.180000
o 409 0.180000
o 408 0.180000
o 407 0.180000
o 406 0.180000
o 405 0.180000
o 404 0.180000
o 403 0.180000
o 402 0.180000
o 401 0.180000
o 400 0.180000
o 399 0.180000
o 398 0.180000
o 397 0.180000
o 396 0.180000
o 395 0.180000
o 394 0.180000
o 393 0.180000
o 392 0.180000
392	0.180000
car.formula_0.8_2021_atleast_15_max-3_reduced_incomplete_tree
o 921 0.190000
o 920 0.190000
o 919 0.190000
o 918 0.190000
o 917 0.190000
o 916 0.190000
o 915 0.190000
o 914 0.190000
o 913 0.190000
o 912 0.190000
o 911 0.190000
o 910 0.190000
o 909 0.190000
o 908 0.190000
o 907 0.190000
o 906 0.190000
o 905 0.190000
o 904 0.190000
o 903 0.190000
o 902 0.190000
o 901 0.190000
o 900 0.190000
o 899 0.190000
o 898 0.190000
o 897 0.190000
o 896 0.190000
o 895 0.190000
o 894 0.190000
o 893 0.190000
o 892 0.190000
o 891 0.190000
o 890 0.190000
o 889 0.190000
o 888 0.190000
o 887 0.190000
o 886 0.190000
o 885 0.190000
o 884 0.190000
o 883 0.190000
o 882 0.190000
o 881 0.190000
o 880 0.190000
o 879 0.190000
o 878 0.190000
o 877 0.190000
o 876 0.190000
o 875 0.190000
o 874 0.190000
o 873 0.190000
o 872 0.190000
o 871 0.190000
o 870 0.190000
o 869 0.190000
o 868 0.190000
o 867 0.190000
o 866 0.190000
o 865 0.190000
o 864 0.190000
o 863 0.190000
o 862 0.190000
o 861 0.190000
o 860 0.190000
o 859 0.190000
o 858 0.190000
o 857 0.190000
o 856 0.190000
o 855 0.190000
o 854 0.190000
o 853 0.190000
o 852 0.190000
o 851 0.190000
o 850 0.190000
o 849 0.190000
o 848 0.190000
o 847 0.190000
o 846 0.190000
o 845 0.190000
o 844 0.190000
o 843 0.190000
o 842 0.190000
o 841 0.190000
o 840 0.190000
o 839 0.190000
o 838 0.190000
o 837 0.190000
o 836 0.190000
o 835 0.190000
o 834 0.190000
o 833 0.190000
o 832 0.190000
o 831 0.190000
o 830 0.190000
o 829 0.190000
o 828 0.190000
o 827 0.190000
o 826 0.190000
o 825 0.190000
o 824 0.190000
o 823 0.190000
o 822 0.190000
o 821 0.190000
o 820 0.190000
o 819 0.190000
o 818 0.190000
o 817 0.190000
o 816 0.190000
o 815 0.190000
o 814 0.190000
o 813 0.190000
o 812 0.190000
o 811 0.190000
o 810 0.190000
o 809 0.190000
o 808 0.190000
o 807 0.190000
o 806 0.190000
o 805 0.190000
o 804 0.190000
o 803 0.190000
o 802 0.190000
o 801 0.190000
o 800 0.190000
o 799 0.190000
o 798 0.190000
o 797 0.190000
o 796 0.190000
o 795 0.190000
o 794 0.190000
o 793 0.190000
o 792 0.190000
o 791 0.190000
o 790 0.190000
o 789 0.190000
o 788 0.190000
o 787 0.190000
o 786 0.190000
o 785 0.190000
o 784 0.190000
o 783 0.190000
o 782 0.190000
o 781 0.190000
o 780 0.190000
o 779 0.190000
o 778 0.190000
o 777 0.190000
o 776 0.190000
o 775 0.190000
o 774 0.190000
o 773 0.190000
o 772 0.190000
o 771 0.190000
o 770 0.190000
o 769 0.190000
o 768 0.190000
o 767 0.190000
o 766 0.190000
o 765 0.190000
o 764 0.190000
o 763 0.190000
o 762 0.190000
o 761 0.190000
o 760 0.190000
o 759 0.190000
o 758 0.190000
o 757 0.190000
o 756 0.190000
o 755 0.190000
o 754 0.190000
o 753 0.190000
o 752 0.190000
o 751 0.190000
o 750 0.190000
o 749 0.190000
o 748 0.190000
o 747 0.190000
o 746 0.190000
o 745 0.190000
o 744 0.190000
o 743 0.190000
o 742 0.190000
o 741 0.190000
o 740 0.190000
o 739 0.190000
o 738 0.190000
o 737 0.190000
o 736 0.190000
o 735 0.190000
o 734 0.190000
o 733 0.190000
o 732 0.190000
o 731 0.190000
o 730 0.190000
o 729 0.190000
o 728 0.190000
o 727 0.190000
o 726 0.190000
o 725 0.190000
o 724 0.190000
o 723 0.190000
o 722 0.190000
o 721 0.190000
o 720 0.190000
o 719 0.190000
o 718 0.190000
o 717 0.190000
o 716 0.190000
o 715 0.190000
o 714 0.190000
o 713 0.190000
o 712 0.190000
o 711 0.190000
o 710 0.190000
o 709 0.190000
o 708 0.190000
o 707 0.190000
o 706 0.190000
o 705 0.190000
o 704 0.190000
o 703 0.190000
o 702 0.190000
o 701 0.190000
o 700 0.190000
o 699 0.190000
o 698 0.190000
o 697 0.190000
o 696 0.190000
o 695 0.190000
o 694 0.190000
o 693 0.190000
o 692 0.190000
o 691 0.190000
o 690 0.190000
o 689 0.190000
o 688 0.190000
o 687 0.190000
o 686 0.190000
o 685 0.190000
o 684 0.190000
o 683 0.190000
o 682 0.190000
o 681 0.190000
o 680 0.190000
o 679 0.190000
o 678 0.190000
o 677 0.190000
o 676 0.190000
o 675 0.190000
o 674 0.190000
o 673 0.190000
o 672 0.190000
o 671 0.190000
o 670 0.190000
o 669 0.190000
o 668 0.190000
o 667 0.190000
o 666 0.190000
o 665 0.190000
o 664 0.190000
o 663 0.190000
o 662 0.190000
o 661 0.190000
o 660 0.190000
o 659 0.190000
o 658 0.190000
o 657 0.190000
o 656 0.190000
o 655 0.190000
o 654 0.190000
o 653 0.190000
o 652 0.190000
o 651 0.190000
o 650 0.190000
o 649 0.190000
o 648 0.190000
o 647 0.190000
o 646 0.190000
o 645 0.190000
o 644 0.190000
o 643 0.190000
o 642 0.190000
o 641 0.190000
o 640 0.190000
o 639 0.190000
o 638 0.190000
o 637 0.190000
o 636 0.190000
o 635 0.190000
o 634 0.190000
o 633 0.190000
o 632 0.190000
o 631 0.190000
o 630 0.190000
o 629 0.190000
o 628 0.190000
o 627 0.190000
o 626 0.190000
o 625 0.190000
o 624 0.190000
o 623 0.190000
o 622 0.190000
o 621 0.190000
o 620 0.190000
o 619 0.190000
o 618 0.190000
o 617 0.190000
o 616 0.190000
o 615 0.190000
o 614 0.190000
o 613 0.190000
o 612 0.190000
o 611 0.190000
o 610 0.190000
o 609 0.190000
o 608 0.190000
o 607 0.190000
o 606 0.190000
o 605 0.190000
o 604 0.190000
o 603 0.190000
o 602 0.190000
o 601 0.190000
o 600 0.190000
o 599 0.190000
o 598 0.190000
o 597 0.190000
o 596 0.190000
o 595 0.190000
o 594 0.190000
o 593 0.190000
o 592 0.190000
o 591 0.190000
o 590 0.190000
o 589 0.190000
o 588 0.190000
o 587 0.190000
o 586 0.190000
o 585 0.190000
o 584 0.190000
o 583 0.190000
o 582 0.190000
o 581 0.190000
o 580 0.190000
o 579 0.190000
o 578 0.190000
o 577 0.190000
o 576 0.190000
o 575 0.190000
o 574 0.190000
o 573 0.190000
o 572 0.190000
o 571 0.190000
o 570 0.190000
o 569 0.190000
o 568 0.190000
o 567 0.190000
o 566 0.190000
o 565 0.190000
o 564 0.190000
o 563 0.190000
o 562 0.190000
o 561 0.190000
o 560 0.190000
o 559 0.190000
o 558 0.190000
o 557 0.190000
o 556 0.190000
o 555 0.190000
o 554 0.190000
o 553 0.190000
o 552 0.190000
o 551 0.190000
o 550 0.190000
o 549 0.190000
o 548 0.190000
o 547 0.190000
o 546 0.190000
o 545 0.190000
o 544 0.190000
o 543 0.190000
o 542 0.190000
o 541 0.190000
o 540 0.190000
o 539 0.190000
o 538 0.190000
o 537 0.190000
o 536 0.190000
o 535 0.190000
o 534 0.190000
o 533 0.190000
o 532 0.190000
o 531 0.190000
o 530 0.190000
o 529 0.190000
o 528 0.190000
o 527 0.190000
o 526 0.190000
o 525 0.190000
o 524 0.190000
o 523 0.190000
o 522 0.190000
o 521 0.190000
o 520 0.190000
o 519 0.190000
o 518 0.190000
o 517 0.190000
o 516 0.190000
o 515 0.190000
o 514 0.190000
o 513 0.190000
o 512 0.190000
o 511 0.190000
o 510 0.190000
o 509 0.190000
o 508 0.190000
o 507 0.190000
o 506 0.190000
506	0.190000
car.formula_0.8_2021_atleast_15_max-3_reduced_incomplete_tree
o 624 0.190000
o 623 0.190000
o 622 0.190000
o 621 0.190000
o 620 0.190000
o 619 0.190000
o 618 0.190000
o 617 0.190000
o 616 0.190000
o 615 0.190000
o 614 0.190000
o 613 0.190000
o 612 0.190000
o 611 0.190000
o 610 0.190000
o 609 0.190000
o 608 0.190000
o 607 0.190000
o 606 0.190000
o 605 0.190000
o 604 0.190000
o 603 0.190000
o 602 0.190000
o 601 0.190000
o 600 0.190000
o 599 0.190000
o 598 0.190000
o 597 0.190000
o 596 0.190000
o 595 0.190000
o 594 0.190000
o 593 0.190000
o 592 0.190000
o 591 0.190000
o 590 0.190000
o 589 0.190000
o 588 0.190000
o 587 0.190000
o 586 0.190000
o 585 0.190000
o 584 0.190000
o 583 0.190000
o 582 0.190000
o 581 0.190000
o 580 0.190000
o 579 0.190000
o 578 0.190000
o 577 0.190000
o 576 0.190000
o 575 0.190000
o 574 0.190000
o 573 0.190000
o 572 0.190000
o 571 0.190000
o 570 0.190000
o 569 0.190000
o 568 0.190000
o 567 0.190000
o 566 0.190000
o 565 0.190000
o 564 0.190000
o 563 0.190000
o 562 0.190000
o 561 0.190000
o 560 0.190000
o 559 0.190000
o 558 0.190000
o 557 0.190000
o 556 0.190000
o 555 0.190000
o 554 0.190000
o 553 0.190000
o 552 0.190000
o 551 0.190000
o 550 0.190000
o 549 0.190000
o 548 0.190000
o 547 0.190000
o 546 0.190000
o 545 0.190000
o 544 0.190000
o 543 0.190000
o 542 0.190000
o 541 0.190000
o 540 0.190000
o 539 0.190000
o 538 0.190000
o 537 0.190000
o 536 0.190000
o 535 0.190000
o 534 0.190000
o 533 0.190000
o 532 0.190000
o 531 0.190000
o 530 0.190000
o 529 0.190000
o 528 0.190000
o 527 0.190000
o 526 0.190000
o 525 0.190000
o 524 0.190000
o 523 0.190000
o 522 0.190000
o 521 0.190000
o 520 0.190000
o 519 0.190000
o 518 0.190000
o 517 0.190000
o 516 0.190000
o 515 0.190000
o 514 0.190000
o 513 0.190000
o 512 0.190000
o 511 0.190000
o 510 0.190000
o 509 0.190000
o 508 0.190000
o 507 0.190000
o 506 0.190000
o 505 0.190000
o 504 0.190000
o 503 0.190000
o 502 0.190000
o 501 0.190000
501	0.190000
