data.405
o 357 0.010000
o 356 0.010000
o 355 0.010000
o 354 0.010000
o 353 0.010000
o 352 0.010000
o 351 0.010000
o 350 0.010000
o 349 0.010000
o 348 0.010000
o 347 0.010000
o 346 0.020000
o 345 0.040000
o 344 0.060000
o 343 0.170000
o 342 0.760000
o 341 0.810000
o 340 247.240000
o 339 247.470000
339	247.470000
data.405
o 357 0.010000
o 356 0.010000
o 355 0.010000
o 354 0.010000
o 353 0.010000
o 352 0.010000
o 351 0.010000
o 350 0.010000
o 349 0.010000
o 348 0.010000
o 347 0.020000
o 346 0.030000
o 345 0.050000
o 344 0.070000
o 343 0.080000
o 342 3.440000
o 341 45.570000
o 340 101.110000
340	101.110000
data.405
o 357 0.000000
o 356 0.000000
o 355 0.000000
o 354 0.000000
o 353 0.000000
o 352 0.000000
o 351 0.000000
o 350 0.000000
o 349 0.000000
o 348 0.000000
o 347 0.000000
o 346 0.000000
o 345 0.000000
o 344 0.020000
o 343 0.030000
o 342 11.900000
o 341 25.910000
341	25.910000
data.405
o 357 0.000000
o 356 0.000000
o 355 0.000000
o 354 0.000000
o 353 0.000000
o 352 0.000000
o 351 0.000000
o 350 0.000000
o 349 0.000000
o 348 0.000000
o 347 0.000000
o 346 0.030000
o 345 0.110000
o 344 0.120000
o 343 0.190000
o 342 1.700000
o 341 60.540000
341	60.540000
data.405
o 357 0.020000
o 356 0.020000
o 355 0.020000
o 354 0.020000
o 353 0.020000
o 352 0.020000
o 351 0.020000
o 350 0.020000
o 349 0.020000
o 348 0.020000
o 347 0.020000
o 346 0.020000
o 345 0.030000
o 344 0.040000
o 343 0.080000
o 342 0.920000
o 341 5.500000
o 340 69.950000
340	69.950000
data.405
o 357 0.010000
o 356 0.010000
o 355 0.010000
o 354 0.010000
o 353 0.010000
o 352 0.010000
o 351 0.010000
o 350 0.010000
o 349 0.010000
o 348 0.010000
o 347 0.010000
o 346 0.020000
o 345 0.060000
o 344 0.060000
o 343 0.060000
o 342 9.140000
o 341 36.080000
341	36.080000
data.405
o 357 0.010000
o 356 0.010000
o 355 0.010000
o 354 0.010000
o 353 0.010000
o 352 0.010000
o 351 0.010000
o 350 0.010000
o 349 0.010000
o 348 0.010000
o 347 0.020000
o 346 0.020000
o 345 0.050000
o 344 0.080000
o 343 0.080000
o 342 2.000000
o 341 52.210000
o 340 216.790000
340	216.790000
data.405
o 357 0.010000
o 356 0.010000
o 355 0.010000
o 354 0.010000
o 353 0.010000
o 352 0.010000
o 351 0.010000
o 350 0.010000
o 349 0.010000
o 348 0.010000
o 347 0.010000
o 346 0.010000
o 345 0.050000
o 344 0.060000
o 343 0.600000
o 342 2.100000
o 341 2.930000
341	2.930000
data.405
o 357 0.010000
o 356 0.010000
o 355 0.010000
o 354 0.010000
o 353 0.010000
o 352 0.010000
o 351 0.010000
o 350 0.010000
o 349 0.010000
o 348 0.010000
o 347 0.010000
o 346 0.010000
o 345 0.020000
o 344 0.030000
o 343 0.040000
o 342 26.300000
o 341 31.020000
o 340 187.330000
340	187.330000
data.405
o 357 0.010000
o 356 0.010000
o 355 0.010000
o 354 0.010000
o 353 0.010000
o 352 0.010000
o 351 0.010000
o 350 0.010000
o 349 0.010000
o 348 0.010000
o 347 0.010000
o 346 0.010000
o 345 0.010000
o 344 0.010000
o 343 0.030000
o 342 0.720000
o 341 28.320000
341	28.320000
