dim.MANN_a9.clq
o 458 0.000000
o 451 0.000000
o 448 0.000000
o 445 0.000000
o 443 0.000000
o 441 0.000000
o 438 0.000000
o 437 0.000000
o 435 0.000000
o 434 0.000000
o 431 0.000000
o 429 0.000000
o 428 0.000000
o 427 0.000000
o 425 0.000000
o 424 0.000000
o 423 0.000000
o 422 0.000000
422	0.000000
dim.MANN_a9.clq
o 448 0.000000
o 444 0.000000
o 441 0.000000
o 439 0.000000
o 436 0.000000
o 435 0.000000
o 434 0.000000
o 433 0.000000
o 432 0.000000
o 431 0.000000
o 430 0.000000
o 429 0.000000
o 428 0.000000
o 427 0.000000
o 426 0.000000
o 425 0.000000
o 424 0.000000
o 423 0.000000
o 422 0.000000
422	0.000000
dim.MANN_a9.clq
o 470 0.000000
o 460 0.000000
o 453 0.000000
o 448 0.000000
o 443 0.000000
o 440 0.000000
o 437 0.000000
o 436 0.000000
o 433 0.000000
o 432 0.000000
o 431 0.000000
o 430 0.000000
o 429 0.000000
o 428 0.000000
o 427 0.000000
o 425 0.000000
o 424 0.000000
o 423 0.000000
o 422 0.000000
422	0.000000
dim.MANN_a9.clq
o 455 0.000000
o 448 0.000000
o 441 0.000000
o 438 0.000000
o 435 0.000000
o 432 0.000000
o 431 0.000000
o 429 0.000000
o 428 0.000000
o 427 0.000000
o 426 0.000000
o 425 0.000000
o 424 0.000000
o 423 0.000000
o 422 0.000000
422	0.000000
dim.MANN_a9.clq
o 453 0.000000
o 446 0.000000
o 441 0.000000
o 438 0.000000
o 436 0.000000
o 433 0.000000
o 430 0.000000
o 429 0.000000
o 428 0.000000
o 427 0.000000
o 426 0.000000
o 424 0.000000
o 423 0.000000
o 422 0.000000
422	0.000000
dim.MANN_a9.clq
o 451 0.000000
o 447 0.000000
o 444 0.000000
o 441 0.000000
o 438 0.000000
o 435 0.000000
o 434 0.000000
o 431 0.000000
o 430 0.000000
o 429 0.000000
o 428 0.000000
o 426 0.000000
o 424 0.000000
o 422 0.000000
422	0.000000
dim.MANN_a9.clq
o 474 0.000000
o 463 0.000000
o 454 0.000000
o 447 0.000000
o 442 0.000000
o 440 0.000000
o 438 0.000000
o 435 0.000000
o 433 0.000000
o 432 0.000000
o 431 0.000000
o 430 0.000000
o 429 0.000000
o 427 0.000000
o 426 0.000000
o 424 0.000000
o 422 0.000000
422	0.000000
dim.MANN_a9.clq
o 451 0.000000
o 447 0.000000
o 444 0.000000
o 441 0.000000
o 440 0.000000
o 437 0.000000
o 434 0.000000
o 433 0.000000
o 432 0.000000
o 431 0.000000
o 430 0.000000
o 428 0.000000
o 427 0.000000
o 426 0.000000
o 425 0.000000
o 424 0.000000
o 423 0.000000
o 422 0.000000
422	0.000000
dim.MANN_a9.clq
o 477 0.000000
o 467 0.000000
o 458 0.000000
o 451 0.000000
o 446 0.000000
o 444 0.000000
o 440 0.000000
o 438 0.000000
o 435 0.000000
o 434 0.000000
o 431 0.000000
o 430 0.000000
o 429 0.000000
o 428 0.000000
o 427 0.000000
o 426 0.000000
o 425 0.000000
o 424 0.000000
o 423 0.000000
o 422 0.000000
422	0.000000
dim.MANN_a9.clq
o 463 0.000000
o 454 0.000000
o 447 0.000000
o 443 0.000000
o 441 0.000000
o 438 0.000000
o 437 0.000000
o 434 0.000000
o 433 0.000000
o 430 0.000000
o 429 0.000000
o 428 0.000000
o 427 0.000000
o 426 0.000000
o 425 0.000000
o 424 0.000000
o 422 0.000000
422	0.000000
