extension-enforcement_non-strict_stb_200_0.1_2_10_1
o 11 0.100000
o 9 0.690000
o 8 33.460000
8	33.460000
extension-enforcement_non-strict_stb_200_0.1_2_10_1
o 10 0.110000
o 9 20.770000
o 8 81.010000
8	81.010000
extension-enforcement_non-strict_stb_200_0.1_2_10_1
o 11 0.110000
o 10 0.360000
o 9 2.640000
o 8 29.480000
8	29.660000
extension-enforcement_non-strict_stb_200_0.1_2_10_1
o 11 0.140000
o 10 0.860000
o 9 1.540000
o 8 42.760000
8	42.760000
extension-enforcement_non-strict_stb_200_0.1_2_10_1
o 11 0.130000
o 10 1.340000
o 9 16.700000
o 8 17.580000
8	17.580000
extension-enforcement_non-strict_stb_200_0.1_2_10_1
o 11 0.110000
o 10 0.130000
o 9 1.100000
o 8 36.320000
8	36.320000
extension-enforcement_non-strict_stb_200_0.1_2_10_1
o 11 0.100000
o 8 0.730000
8	0.730000
extension-enforcement_non-strict_stb_200_0.1_2_10_1
o 11 0.100000
o 9 0.850000
o 8 5.850000
8	5.850000
extension-enforcement_non-strict_stb_200_0.1_2_10_1
o 11 7.680000
o 9 8.520000
o 8 8.530000
8	8.530000
extension-enforcement_non-strict_stb_200_0.1_2_10_1
o 10 0.120000
o 9 13.470000
o 8 30.180000
8	30.180000
