GenHyperTW_b01
o 21 1.230000
o 9 3.060000
o 8 4.510000
o 7 19.960000
7	19.960000
GenHyperTW_b01
o 18 0.700000
o 8 4.640000
o 7 50.320000
o 6 56.580000
6	56.580000
GenHyperTW_b01
o 17 0.150000
o 9 0.830000
o 8 0.870000
o 7 7.680000
o 6 14.860000
6	14.860000
GenHyperTW_b01
o 20 0.200000
o 8 1.220000
o 7 1.220000
o 6 121.200000
6	121.200000
GenHyperTW_b01
o 22 0.220000
o 9 1.050000
o 8 1.370000
o 7 10.570000
o 6 188.250000
6	188.250000
GenHyperTW_b01
o 20 0.190000
o 9 1.290000
o 8 1.300000
o 7 4.100000
o 6 24.480000
6	24.480000
GenHyperTW_b01
o 17 0.180000
o 8 0.930000
o 7 27.920000
o 6 28.380000
6	28.380000
GenHyperTW_b01
o 16 0.160000
o 9 1.070000
o 8 8.520000
o 7 51.240000
o 6 274.590000
6	274.590000
GenHyperTW_b01
o 19 0.160000
o 8 1.130000
o 7 1.140000
o 6 33.370000
6	33.370000
GenHyperTW_b01
o 20 0.220000
o 9 1.100000
o 8 2.060000
o 7 20.850000
o 6 54.450000
o 5 184.520000
5	184.520000
