GenHyperTW_flat30-50
o 65 3.770000
o 22 29.300000
22	29.300000
GenHyperTW_flat30-50
o 70 2.630000
o 19 62.070000
o 18 62.110000
18	62.110000
GenHyperTW_flat30-50
o 68 2.720000
o 21 27.790000
21	27.790000
GenHyperTW_flat30-50
o 64 2.860000
o 23 16.780000
23	16.780000
GenHyperTW_flat30-50
o 68 3.430000
o 23 208.930000
23	208.930000
GenHyperTW_flat30-50
o 63 2.790000
o 23 253.050000
23	253.050000
GenHyperTW_flat30-50
o 64 3.620000
o 21 13.830000
21	13.830000
GenHyperTW_flat30-50
o 58 2.850000
o 22 252.650000
o 21 252.780000
21	252.780000
GenHyperTW_flat30-50
o 59 2.470000
o 18 189.150000
18	189.150000
GenHyperTW_flat30-50
o 62 3.160000
o 21 97.240000
o 20 97.540000
20	97.540000
