lam.20-100-p100-72
o 93 0.780000
o 88 1.030000
o 87 1.040000
o 86 1.140000
o 85 1.140000
o 84 1.240000
o 83 1.240000
o 82 1.380000
o 81 1.390000
o 80 1.470000
o 79 2.290000
o 78 2.850000
o 77 3.860000
o 76 3.900000
o 75 4.070000
o 74 7.580000
o 73 7.750000
o 72 11.910000
o 71 22.380000
71	22.380000
lam.20-100-p100-72
o 91 0.650000
o 86 0.850000
o 85 0.950000
o 84 1.440000
o 83 1.900000
o 82 1.960000
o 81 2.120000
o 80 2.190000
o 79 2.510000
o 78 2.660000
o 77 3.280000
o 76 3.500000
o 75 3.670000
o 74 3.740000
o 73 3.930000
o 72 8.680000
o 71 40.210000
71	40.210000
lam.20-100-p100-72
o 94 0.650000
o 87 0.860000
o 86 1.150000
o 85 1.320000
o 84 1.360000
o 83 1.390000
o 82 1.870000
o 81 1.870000
o 80 1.920000
o 79 2.390000
o 78 2.490000
o 77 2.960000
o 76 4.160000
o 75 4.540000
o 74 5.290000
o 73 12.100000
o 72 12.690000
o 71 42.320000
71	42.320000
lam.20-100-p100-72
o 96 0.750000
o 88 1.080000
o 87 1.470000
o 86 1.560000
o 85 1.810000
o 84 1.910000
o 83 2.140000
o 82 2.190000
o 81 2.560000
o 80 2.580000
o 79 2.580000
o 78 2.760000
o 77 3.740000
o 76 3.790000
o 75 7.640000
o 74 9.620000
o 73 27.600000
o 72 38.170000
o 71 52.580000
71	52.580000
lam.20-100-p100-72
o 93 0.670000
o 86 0.820000
o 85 0.870000
o 84 1.020000
o 83 1.030000
o 82 1.210000
o 81 1.330000
o 80 1.380000
o 79 1.460000
o 78 1.720000
o 77 1.790000
o 76 1.850000
o 75 1.890000
o 74 2.460000
o 73 9.300000
o 72 51.160000
o 71 79.600000
71	79.600000
lam.20-100-p100-72
o 93 0.650000
o 90 1.030000
o 89 1.030000
o 88 1.150000
o 87 1.190000
o 86 1.420000
o 85 1.470000
o 84 1.520000
o 83 1.940000
o 82 2.100000
o 81 2.310000
o 80 2.800000
o 79 3.410000
o 78 3.670000
o 77 3.820000
o 76 8.090000
o 75 8.110000
o 74 8.140000
o 73 9.240000
o 72 47.720000
o 71 114.530000
71	114.530000
lam.20-100-p100-72
o 94 0.660000
o 88 0.940000
o 87 1.010000
o 86 1.080000
o 85 1.110000
o 84 1.150000
o 83 1.230000
o 82 1.700000
o 81 1.870000
o 80 1.870000
o 79 3.620000
o 78 3.720000
o 77 3.870000
o 76 4.210000
o 75 4.890000
o 74 7.280000
o 73 8.640000
o 72 9.860000
o 71 21.810000
71	21.810000
lam.20-100-p100-72
o 97 0.760000
o 90 1.330000
o 89 1.340000
o 88 1.430000
o 87 1.600000
o 86 1.940000
o 85 1.950000
o 84 1.960000
o 83 2.120000
o 82 2.340000
o 81 2.630000
o 80 2.680000
o 79 2.700000
o 78 2.780000
o 77 3.060000
o 76 4.130000
o 75 4.390000
o 74 4.390000
o 73 9.030000
o 72 38.900000
o 71 50.110000
71	50.110000
lam.20-100-p100-72
o 99 0.690000
o 91 1.050000
o 90 1.060000
o 89 1.150000
o 88 1.210000
o 87 1.360000
o 86 1.380000
o 85 1.430000
o 84 1.640000
o 83 1.690000
o 82 1.690000
o 81 1.830000
o 80 2.880000
o 79 3.130000
o 78 3.440000
o 77 6.400000
o 76 6.450000
o 75 8.220000
o 74 10.330000
o 73 10.470000
o 72 10.560000
o 71 12.390000
71	12.390000
lam.20-100-p100-72
o 94 0.650000
o 87 0.840000
o 86 0.870000
o 85 1.130000
o 84 1.510000
o 83 1.920000
o 82 2.090000
o 81 2.190000
o 80 2.220000
o 79 2.230000
o 78 2.610000
o 77 2.610000
o 76 4.170000
o 75 4.240000
o 74 4.800000
o 73 15.720000
o 72 51.240000
o 71 86.730000
71	86.730000
