mul_8_14
o 1216 1.550000
o 220 1.570000
o 211 1.570000
o 188 1.570000
o 187 1.570000
o 185 1.570000
o 184 1.570000
o 182 1.570000
o 181 1.570000
o 180 1.570000
o 129 1.570000
o 128 1.570000
o 127 1.570000
o 126 1.570000
o 125 1.570000
o 124 1.570000
o 123 1.570000
o 122 1.570000
o 121 1.570000
o 120 1.570000
o 109 1.570000
o 108 1.570000
o 107 1.570000
o 106 1.570000
o 105 1.570000
o 102 1.570000
o 101 1.570000
o 100 1.570000
o 98 1.570000
o 97 1.570000
o 94 1.570000
o 93 1.570000
o 92 1.570000
o 91 1.570000
o 90 1.570000
o 89 1.570000
o 88 1.570000
o 87 1.570000
o 85 1.570000
o 84 1.570000
o 83 1.570000
o 82 1.570000
o 81 1.570000
o 80 1.570000
o 79 1.570000
o 78 1.570000
o 77 1.570000
o 76 1.570000
o 75 1.570000
o 74 1.570000
o 73 5.170000
o 72 5.200000
o 71 5.210000
o 68 5.210000
o 67 5.210000
o 66 5.210000
o 65 5.210000
o 64 5.210000
o 63 5.210000
o 62 5.210000
o 61 5.220000
o 60 5.220000
o 59 239.470000
o 58 239.480000
o 57 239.480000
o 56 239.500000
56	239.500000
mul_8_14
o 1216 1.470000
o 272 1.500000
o 271 1.500000
o 183 1.500000
o 182 1.500000
o 155 1.500000
o 137 1.500000
o 136 1.500000
o 135 1.500000
o 109 1.500000
o 105 1.500000
o 104 1.500000
o 103 1.500000
o 101 1.500000
o 100 1.500000
o 98 1.500000
o 95 1.500000
o 91 1.500000
o 90 1.500000
o 89 1.500000
o 88 1.500000
o 86 1.510000
o 85 1.510000
o 84 1.510000
o 83 1.510000
o 82 1.510000
o 81 1.510000
o 80 1.510000
o 79 5.100000
o 78 5.100000
o 77 5.100000
o 76 5.100000
o 75 5.100000
o 74 5.100000
o 73 5.100000
o 72 5.100000
o 71 5.100000
o 70 5.100000
o 69 5.100000
o 68 5.100000
o 67 5.110000
o 66 5.110000
o 65 5.110000
o 64 5.110000
o 63 5.110000
o 62 5.110000
o 61 5.110000
o 60 5.130000
60	5.130000
mul_8_14
o 1216 1.610000
o 282 1.630000
o 281 1.630000
o 196 1.630000
o 195 1.630000
o 194 1.630000
o 191 1.630000
o 128 1.640000
o 127 1.640000
o 126 1.640000
o 116 1.640000
o 115 1.640000
o 114 1.640000
o 113 1.640000
o 107 1.640000
o 106 1.640000
o 104 1.640000
o 103 1.640000
o 95 1.640000
o 94 1.640000
o 93 1.640000
o 92 1.640000
o 91 1.640000
o 90 1.640000
o 89 1.640000
o 88 1.640000
o 85 1.640000
o 84 1.640000
o 83 1.640000
o 82 5.390000
o 81 5.390000
o 80 5.390000
o 79 5.390000
o 78 5.390000
o 77 5.390000
o 76 5.400000
o 75 5.400000
o 74 5.400000
o 73 5.400000
o 72 5.400000
o 71 5.400000
o 70 5.400000
o 69 5.400000
o 68 5.400000
o 67 5.400000
o 66 5.400000
o 65 5.420000
o 64 5.420000
o 63 5.430000
o 62 5.430000
o 61 5.430000
o 60 5.500000
o 59 222.780000
o 58 228.440000
58	228.440000
mul_8_14
o 1216 1.620000
o 237 1.640000
o 236 1.640000
o 235 1.640000
o 234 1.640000
o 233 1.640000
o 232 1.640000
o 231 1.640000
o 204 1.640000
o 203 1.640000
o 202 1.640000
o 201 1.640000
o 150 1.640000
o 131 1.640000
o 129 1.640000
o 117 1.640000
o 115 1.640000
o 111 1.640000
o 110 1.640000
o 105 1.640000
o 103 1.640000
o 95 1.640000
o 94 1.640000
o 93 1.640000
o 92 1.640000
o 91 1.640000
o 90 1.640000
o 89 1.640000
o 88 1.640000
o 87 1.640000
o 86 1.650000
o 85 1.650000
o 84 1.650000
o 83 1.650000
o 82 1.650000
o 80 1.650000
o 79 1.650000
o 77 5.370000
o 76 5.370000
o 75 5.370000
o 74 5.370000
o 73 5.370000
o 72 5.370000
o 71 5.370000
o 70 5.370000
o 69 5.370000
o 68 5.370000
o 67 5.370000
o 66 5.370000
o 65 5.370000
o 64 5.370000
o 63 5.370000
o 62 5.370000
o 61 5.370000
o 60 5.370000
o 59 5.370000
o 58 5.430000
o 57 103.230000
o 56 103.230000
56	103.230000
mul_8_14
o 1216 1.430000
o 295 1.450000
o 294 1.450000
o 293 1.450000
o 280 1.450000
o 279 1.450000
o 278 1.450000
o 276 1.450000
o 275 1.450000
o 207 1.450000
o 146 1.450000
o 145 1.450000
o 144 1.450000
o 131 1.460000
o 127 1.460000
o 126 1.460000
o 125 1.460000
o 124 1.460000
o 123 1.460000
o 116 1.460000
o 96 1.460000
o 95 1.460000
o 94 1.460000
o 92 1.460000
o 91 1.460000
o 90 1.460000
o 89 1.460000
o 88 1.460000
o 87 1.460000
o 86 1.460000
o 85 1.460000
o 84 1.460000
o 82 1.460000
o 81 1.460000
o 80 1.460000
o 79 1.460000
o 78 5.360000
o 77 5.360000
o 76 5.360000
o 75 5.360000
o 74 5.360000
o 73 5.360000
o 72 5.360000
o 71 5.360000
o 70 5.360000
o 69 5.360000
o 68 5.360000
o 67 5.360000
o 66 5.360000
o 65 5.360000
o 64 5.360000
o 63 5.360000
o 62 5.360000
o 61 5.360000
o 60 5.360000
o 59 5.370000
o 58 5.380000
o 57 17.000000
o 56 17.590000
56	17.590000
mul_8_14
o 1216 1.840000
o 237 1.870000
o 236 1.870000
o 235 1.870000
o 234 1.870000
o 233 1.870000
o 156 1.870000
o 129 1.870000
o 124 1.870000
o 121 1.870000
o 118 1.870000
o 109 1.870000
o 108 1.870000
o 107 1.870000
o 106 1.870000
o 105 1.870000
o 104 1.870000
o 103 1.870000
o 100 1.880000
o 99 1.880000
o 98 1.880000
o 97 1.880000
o 96 1.880000
o 95 1.880000
o 94 1.880000
o 93 1.880000
o 92 1.880000
o 91 1.880000
o 90 1.880000
o 89 1.880000
o 88 1.880000
o 87 1.880000
o 86 1.880000
o 85 1.880000
o 84 1.880000
o 80 6.020000
o 79 6.020000
o 78 6.020000
o 77 6.020000
o 76 6.020000
o 75 6.020000
o 74 6.020000
o 73 6.020000
o 72 6.020000
o 71 6.020000
o 70 6.020000
o 69 6.020000
o 68 6.020000
o 67 6.020000
o 66 6.020000
o 65 6.020000
o 64 6.020000
o 63 6.020000
o 62 6.060000
o 61 6.060000
o 60 6.080000
o 59 7.010000
o 58 7.010000
o 57 12.530000
o 56 57.910000
56	57.910000
mul_8_14
o 1216 1.720000
o 195 1.750000
o 192 1.750000
o 170 1.750000
o 169 1.750000
o 168 1.750000
o 164 1.750000
o 163 1.750000
o 162 1.750000
o 115 1.750000
o 114 1.750000
o 113 1.750000
o 110 1.750000
o 109 1.750000
o 108 1.750000
o 107 1.760000
o 102 1.760000
o 94 1.760000
o 93 1.760000
o 92 1.760000
o 91 1.760000
o 90 1.760000
o 89 1.760000
o 88 1.760000
o 87 1.760000
o 86 1.760000
o 85 1.760000
o 84 1.760000
o 83 1.760000
o 82 5.450000
o 81 5.450000
o 80 5.450000
o 79 5.450000
o 78 5.450000
o 77 5.450000
o 76 5.450000
o 73 5.460000
o 72 5.460000
o 71 5.460000
o 70 5.460000
o 69 5.460000
o 68 5.460000
o 67 5.460000
o 66 5.520000
o 65 5.520000
o 64 5.530000
o 63 5.530000
o 62 5.530000
o 61 5.540000
o 60 5.550000
o 59 5.550000
o 58 5.560000
o 57 5.560000
o 56 5.560000
56	5.560000
mul_8_14
o 1216 1.730000
o 167 1.750000
o 134 1.750000
o 133 1.750000
o 132 1.750000
o 131 1.750000
o 130 1.750000
o 118 1.760000
o 110 1.760000
o 109 1.760000
o 99 1.760000
o 95 1.760000
o 94 1.760000
o 93 1.760000
o 92 1.760000
o 91 1.760000
o 90 1.760000
o 89 1.760000
o 88 1.760000
o 86 1.760000
o 85 1.760000
o 84 1.760000
o 83 1.760000
o 82 1.760000
o 81 1.760000
o 80 1.760000
o 79 1.760000
o 74 5.530000
o 73 5.530000
o 72 5.530000
o 70 5.530000
o 69 5.530000
o 68 5.530000
o 67 5.530000
o 66 5.570000
o 65 5.570000
o 64 5.570000
o 63 5.570000
o 62 5.680000
o 61 5.680000
o 60 5.680000
o 59 6.800000
o 58 6.800000
o 57 12.400000
o 56 15.920000
56	15.920000
mul_8_14
o 1216 1.390000
o 206 1.420000
o 205 1.420000
o 204 1.420000
o 194 1.420000
o 193 1.420000
o 192 1.420000
o 191 1.420000
o 183 1.420000
o 182 1.420000
o 120 1.420000
o 119 1.420000
o 111 1.430000
o 110 1.430000
o 106 1.430000
o 104 1.430000
o 103 1.430000
o 97 1.430000
o 96 1.430000
o 95 1.430000
o 94 1.430000
o 93 1.430000
o 85 1.430000
o 84 1.430000
o 83 1.430000
o 82 1.430000
o 81 8.250000
o 80 8.250000
o 79 8.250000
o 78 8.260000
o 72 8.260000
o 71 8.260000
o 70 8.260000
o 69 8.260000
o 68 8.260000
o 67 8.260000
o 66 8.280000
o 65 8.280000
o 64 8.280000
o 63 8.280000
o 62 8.290000
o 61 8.290000
o 60 8.290000
o 59 8.290000
o 58 8.310000
58	8.310000
mul_8_14
o 1216 1.380000
o 179 1.400000
o 158 1.400000
o 156 1.400000
o 137 1.400000
o 124 1.400000
o 123 1.400000
o 118 1.400000
o 117 1.400000
o 116 1.400000
o 115 1.400000
o 114 1.400000
o 103 1.400000
o 99 1.400000
o 93 1.400000
o 92 1.400000
o 91 1.400000
o 87 1.400000
o 86 1.400000
o 85 1.400000
o 84 1.400000
o 83 1.400000
o 82 1.400000
o 81 4.580000
o 79 4.580000
o 78 4.580000
o 77 4.590000
o 76 4.590000
o 75 4.600000
o 74 4.600000
o 73 4.600000
o 72 4.600000
o 71 4.600000
o 70 4.600000
o 69 4.600000
o 68 4.610000
o 67 4.610000
o 65 4.610000
o 64 4.610000
o 63 4.610000
o 62 4.610000
o 61 4.610000
o 60 4.610000
o 59 4.610000
o 58 4.630000
o 57 11.860000
o 56 17.440000
56	17.440000
