unw.Subnetwork_7
o 6822 0.040000
o 6410 1.200000
o 6409 1.230000
o 6408 1.240000
o 6407 1.260000
o 6406 1.280000
o 6404 1.280000
o 6403 1.290000
o 6402 1.290000
o 6401 1.580000
o 6400 1.800000
o 6399 1.830000
o 6398 1.860000
o 6397 1.950000
o 6396 2.290000
o 6395 2.320000
o 6394 7.460000
o 6393 70.020000
6393	70.020000
unw.Subnetwork_7
o 6822 0.040000
o 6409 1.190000
o 6408 1.190000
o 6407 1.190000
o 6406 1.200000
o 6405 1.220000
o 6404 1.240000
o 6403 1.240000
o 6402 1.280000
o 6401 1.310000
o 6400 1.310000
o 6399 1.310000
o 6398 1.510000
o 6397 1.520000
o 6396 1.550000
o 6395 1.710000
o 6394 1.780000
o 6393 1.840000
6393	1.840000
unw.Subnetwork_7
o 6822 0.040000
o 6406 1.160000
o 6405 1.170000
o 6404 1.200000
o 6403 1.210000
o 6402 1.220000
o 6401 1.510000
o 6400 1.570000
o 6399 1.570000
o 6398 1.640000
o 6397 1.680000
o 6396 1.690000
o 6395 1.920000
o 6394 2.020000
o 6393 64.390000
6393	64.390000
unw.Subnetwork_7
o 6822 0.040000
o 6407 1.170000
o 6406 1.170000
o 6405 1.220000
o 6404 1.230000
o 6403 1.240000
o 6402 1.250000
o 6401 1.320000
o 6400 1.330000
o 6399 1.560000
o 6398 1.590000
o 6397 1.670000
o 6396 1.810000
o 6395 1.820000
o 6394 1.840000
o 6393 2.450000
6393	2.450000
unw.Subnetwork_7
o 6822 0.040000
o 6404 1.180000
o 6403 1.210000
o 6402 1.380000
o 6401 1.520000
o 6400 1.520000
o 6399 1.600000
o 6398 1.620000
o 6397 1.630000
o 6396 1.770000
o 6395 2.750000
o 6394 4.320000
o 6393 5.210000
6393	5.210000
unw.Subnetwork_7
o 6822 0.040000
o 6408 2.920000
o 6407 2.930000
o 6405 2.970000
o 6404 3.020000
o 6403 3.030000
o 6402 3.030000
o 6401 3.040000
o 6400 3.110000
o 6399 3.380000
o 6398 3.380000
o 6397 3.410000
o 6396 3.420000
o 6395 3.490000
o 6394 5.240000
o 6393 8.170000
6393	8.170000
unw.Subnetwork_7
o 6822 0.040000
o 6410 1.160000
o 6409 1.170000
o 6407 1.180000
o 6406 1.190000
o 6405 1.210000
o 6404 1.250000
o 6402 1.410000
o 6401 1.430000
o 6400 1.460000
o 6399 1.480000
o 6398 1.480000
o 6397 1.500000
o 6396 1.500000
o 6395 1.570000
o 6394 2.120000
o 6393 2.220000
6393	2.220000
unw.Subnetwork_7
o 6822 0.040000
o 6407 2.550000
o 6406 2.570000
o 6405 2.600000
o 6404 2.660000
o 6403 2.710000
o 6402 2.720000
o 6401 2.740000
o 6400 2.810000
o 6399 2.810000
o 6398 3.070000
o 6397 3.140000
o 6396 3.300000
o 6395 3.500000
o 6394 3.500000
o 6393 3.520000
6393	3.520000
unw.Subnetwork_7
o 6822 0.040000
o 6410 1.270000
o 6409 1.290000
o 6408 1.290000
o 6407 1.290000
o 6406 1.310000
o 6405 1.480000
o 6404 1.480000
o 6403 1.510000
o 6402 1.580000
o 6401 1.630000
o 6400 1.860000
o 6399 1.890000
o 6398 1.930000
o 6397 2.100000
o 6396 2.490000
o 6395 2.590000
o 6394 2.870000
o 6393 3.070000
6393	3.070000
unw.Subnetwork_7
o 6822 0.040000
o 6410 1.180000
o 6409 1.190000
o 6408 1.200000
o 6407 1.250000
o 6406 1.290000
o 6405 1.290000
o 6404 1.300000
o 6403 1.300000
o 6402 1.310000
o 6401 1.350000
o 6400 1.360000
o 6399 1.690000
o 6398 1.750000
o 6397 1.830000
o 6396 1.950000
o 6395 2.000000
o 6394 2.040000
o 6393 2.220000
6393	2.220000
