decision-tree-car-un-formula_0.8_2021_atleast_31_max-4_reduced_incomplete_tree
o 468 1.26
o 392 1.49
o 193 2.4
decision-tree-car-un-formula_0.8_2021_atleast_31_max-4_reduced_incomplete_tree
o 804 1.45
o 501 1.47
o 414 1.85
o 392 3.28
o 302 8.56
o 242 11.73
o 193 13.35
decision-tree-car-un-formula_0.8_2021_atleast_31_max-4_reduced_incomplete_tree
o 392 1.17
o 302 4.86
o 193 14.36
decision-tree-car-un-formula_0.8_2021_atleast_31_max-4_reduced_incomplete_tree
o 414 1.38
o 392 1.93
o 242 7.72
o 193 124.09
decision-tree-car-un-formula_0.8_2021_atleast_31_max-4_reduced_incomplete_tree
o 468 1.39
o 392 1.85
o 302 16.3
o 193 20.25
decision-tree-car-un-formula_0.8_2021_atleast_31_max-4_reduced_incomplete_tree
o 392 1.09
o 242 8.34
o 193 26.63
decision-tree-car-un-formula_0.8_2021_atleast_31_max-4_reduced_incomplete_tree
o 576 1.6
o 482 1.63
o 452 2.02
o 392 2.71
o 242 14.72
o 193 21.03
decision-tree-car-un-formula_0.8_2021_atleast_31_max-4_reduced_incomplete_tree
o 414 0.96
o 392 1.21
o 193 7.41
decision-tree-car-un-formula_0.8_2021_atleast_31_max-4_reduced_incomplete_tree
o 501 1.25
o 468 1.53
o 242 1.63
o 193 31.74
decision-tree-car-un-formula_0.8_2021_atleast_31_max-4_reduced_incomplete_tree
o 392 1.55
o 322 27.86
o 193 29.42
