gen-hyper-tw-GenHyperTW_dubois28
o 14 1.1
o 13 1.1
gen-hyper-tw-GenHyperTW_dubois28
o 26 1.81
o 24 1.81
o 23 1.81
o 22 1.82
o 21 14.86
o 15 22.92
o 14 22.92
o 13 22.92
gen-hyper-tw-GenHyperTW_dubois28
o 19 1.65
o 18 1.65
o 17 2.64
o 16 34.49
o 15 34.5
o 14 35.77
o 13 71.88
o 12 76.24
gen-hyper-tw-GenHyperTW_dubois28
o 15 1.34
o 14 1.34
o 13 1.34
o 12 1.56
gen-hyper-tw-GenHyperTW_dubois28
o 27 1.82
o 21 17.17
o 20 17.17
o 19 17.17
o 18 17.17
o 17 24.67
o 16 29.07
o 15 92.37
o 14 92.38
o 13 92.39
gen-hyper-tw-GenHyperTW_dubois28
o 20 1.57
o 19 1.57
o 18 1.57
o 17 1.57
o 16 13.72
o 15 31.15
o 14 85.4
o 13 122.71
gen-hyper-tw-GenHyperTW_dubois28
o 23 1.64
o 22 6.49
o 21 13.64
o 20 31.24
o 19 40.15
o 18 40.88
o 16 115.27
o 15 115.27
o 14 116.94
gen-hyper-tw-GenHyperTW_dubois28
o 19 1.19
o 18 1.2
o 17 1.2
o 16 31.52
o 15 96.51
o 14 192.51
o 13 192.51
o 12 192.53
gen-hyper-tw-GenHyperTW_dubois28
o 15 1.2
o 14 1.2
o 13 1.2
o 12 1.21
gen-hyper-tw-GenHyperTW_dubois28
o 15 1.73
o 14 1.73
o 13 2.06
