judgment-aggregation-ja-maxham-preflib-00049-00000253
o 67 0.05
o 66 0.06
o 65 0.08
o 64 0.11
o 63 0.13
o 62 0.13
o 61 0.13
o 60 0.16
o 59 0.24
o 58 7.14
o 57 7.14
o 56 7.15
o 55 7.21
o 54 7.99
o 53 22.63
o 52 22.67
o 51 44.55
o 50 83.86
judgment-aggregation-ja-maxham-preflib-00049-00000253
o 59 0.05
o 58 0.05
o 57 0.22
o 56 0.35
o 55 3.86
o 54 10.55
o 53 68.03
o 52 69.6
o 51 213.28
judgment-aggregation-ja-maxham-preflib-00049-00000253
o 65 0.05
o 64 0.05
o 63 0.05
o 62 0.05
o 61 0.05
o 60 0.05
o 59 0.07
o 58 0.13
o 57 0.34
o 56 8.49
o 55 26.46
o 54 43.89
o 53 70.56
o 52 85.57
o 51 120.91
o 50 208.35
judgment-aggregation-ja-maxham-preflib-00049-00000253
o 65 0.06
o 64 0.06
o 63 0.06
o 62 0.06
o 61 0.06
o 60 0.1
o 59 0.14
o 58 6.88
o 57 7.13
o 56 10.56
o 55 10.56
o 54 10.56
o 53 10.57
o 52 50.32
o 51 94.42
o 50 193.43
judgment-aggregation-ja-maxham-preflib-00049-00000253
o 63 0.06
o 62 0.07
o 61 0.07
o 60 0.07
o 59 0.07
o 58 0.35
o 57 1.44
o 56 6.64
o 55 10.04
o 54 20.6
o 53 20.6
o 52 21.08
o 51 183.98
o 50 183.99
judgment-aggregation-ja-maxham-preflib-00049-00000253
o 60 0.06
o 59 0.06
o 58 0.06
o 57 0.07
o 56 0.15
o 55 2.86
o 54 9.52
o 53 12.8
o 52 121.25
o 51 143.63
judgment-aggregation-ja-maxham-preflib-00049-00000253
o 62 0.04
o 61 0.05
o 60 0.05
o 59 0.06
o 58 0.07
o 57 0.51
o 56 0.52
o 55 3.93
o 54 7.13
o 53 9.41
o 52 9.41
o 51 10.29
judgment-aggregation-ja-maxham-preflib-00049-00000253
o 54 0.05
o 53 0.06
o 52 6.64
o 51 68.39
o 50 70.61
judgment-aggregation-ja-maxham-preflib-00049-00000253
o 58 0.05
o 57 0.05
o 56 3.3
o 55 4.95
o 54 8.77
o 53 40.16
o 52 59.13
o 51 133.08
o 50 136.04
judgment-aggregation-ja-maxham-preflib-00049-00000253
o 57 0.05
o 56 0.05
o 55 0.05
o 54 0.11
o 53 0.3
o 52 1.35
o 51 25.02
o 50 25.05
o 49 243.41
