judgment-aggregation-ja-maxham-preflib-00049-00000338
o 66 0.05
o 65 0.05
o 64 0.06
o 63 0.06
o 62 0.06
o 61 0.06
o 60 0.07
o 59 0.47
o 58 15.25
o 57 25.81
o 56 25.81
judgment-aggregation-ja-maxham-preflib-00049-00000338
o 69 0.06
o 68 0.06
o 67 0.06
o 66 0.07
o 65 0.47
o 64 2.37
o 63 9.75
o 62 9.75
o 61 16.47
o 60 26.58
o 59 28.1
o 58 59.52
o 57 61.84
o 56 72.77
judgment-aggregation-ja-maxham-preflib-00049-00000338
o 69 0.05
o 68 0.05
o 67 0.06
o 66 0.1
o 65 7.64
o 64 7.65
o 63 7.69
o 62 11.29
o 61 11.29
o 60 11.3
o 59 16.13
o 58 37.4
o 57 37.4
judgment-aggregation-ja-maxham-preflib-00049-00000338
o 66 0.06
o 65 0.06
o 64 0.06
o 63 0.06
o 62 0.06
o 61 0.06
o 60 0.07
o 59 0.09
o 58 0.7
o 57 1.26
o 56 6.61
o 55 67.42
judgment-aggregation-ja-maxham-preflib-00049-00000338
o 71 0.06
o 70 0.06
o 69 0.06
o 68 0.06
o 67 0.07
o 66 0.07
o 65 0.07
o 64 0.07
o 63 0.1
o 62 5.13
o 61 16.36
o 60 20.25
o 59 20.34
o 58 21.25
o 57 44.32
o 56 44.37
judgment-aggregation-ja-maxham-preflib-00049-00000338
o 68 0.06
o 67 0.06
o 66 0.06
o 65 0.06
o 64 0.07
o 63 0.09
o 62 0.12
o 61 4.87
o 60 16.21
o 59 16.22
o 58 24.23
o 57 34.06
o 56 127.21
judgment-aggregation-ja-maxham-preflib-00049-00000338
o 74 0.06
o 73 0.06
o 72 0.06
o 71 0.06
o 70 0.06
o 69 0.07
o 68 0.07
o 67 0.08
o 66 0.09
o 65 0.11
o 64 1.44
o 63 7.16
o 62 8.32
o 61 12.04
o 60 12.04
o 59 21.5
o 58 25.14
o 57 27.11
judgment-aggregation-ja-maxham-preflib-00049-00000338
o 75 0.06
o 74 0.06
o 73 0.07
o 72 0.07
o 71 0.08
o 70 0.08
o 69 0.08
o 68 0.08
o 67 0.08
o 66 0.09
o 65 0.09
o 64 0.29
o 63 7.71
o 62 7.71
o 61 7.73
o 60 7.83
o 59 8.53
o 58 49.29
o 57 97.58
o 56 140.37
judgment-aggregation-ja-maxham-preflib-00049-00000338
o 62 0.06
o 61 0.06
o 60 0.07
o 59 0.08
o 58 2.35
o 57 10.24
o 56 127.89
judgment-aggregation-ja-maxham-preflib-00049-00000338
o 69 0.05
o 68 0.06
o 67 0.06
o 66 0.06
o 65 0.13
o 64 0.76
o 63 2.1
o 62 2.47
o 61 10.5
o 60 14.09
o 59 14.09
o 58 14.11
o 57 14.78
o 56 151.74
