judgment-aggregation-ja-maxham-preflib-00049-00000293
o 64 0.07
o 63 0.08
o 62 0.08
o 61 0.08
o 60 0.08
o 59 0.09
o 58 0.09
o 57 0.1
o 56 0.15
o 55 0.27
o 54 5.31
o 53 9.28
o 52 14.12
o 51 16
o 50 18.92
o 49 27.92
o 48 33.52
o 47 34.45
o 46 37.38
judgment-aggregation-ja-maxham-preflib-00049-00000293
o 57 0.08
o 56 0.08
o 55 0.08
o 54 0.09
o 53 0.1
o 52 0.13
o 51 0.17
o 50 4.95
o 49 8.17
o 48 18.16
o 47 92.91
judgment-aggregation-ja-maxham-preflib-00049-00000293
o 67 0.07
o 66 0.08
o 65 0.08
o 64 0.09
o 63 0.09
o 62 0.1
o 61 0.11
o 60 0.12
o 59 0.13
o 58 0.51
o 57 0.82
o 56 1.31
o 55 1.32
o 54 2.09
o 53 2.25
o 52 2.3
o 51 2.47
o 50 5.54
o 49 13.21
o 48 32.37
judgment-aggregation-ja-maxham-preflib-00049-00000293
o 54 0.09
o 53 0.09
o 52 0.13
o 51 7.54
o 50 45.39
o 49 53.6
o 48 57.22
o 47 75.96
judgment-aggregation-ja-maxham-preflib-00049-00000293
o 59 0.08
o 58 0.08
o 57 0.08
o 56 0.08
o 55 0.09
o 54 0.12
o 53 0.56
o 52 0.66
o 51 0.71
o 50 2.64
o 49 25.28
o 48 56.57
o 47 240.25
judgment-aggregation-ja-maxham-preflib-00049-00000293
o 63 0.07
o 62 0.08
o 61 0.08
o 60 1.6
o 59 7.71
o 58 7.71
o 57 7.71
o 56 9.11
o 54 14.04
o 53 14.29
o 52 16.61
o 51 16.66
o 50 19.02
o 49 26.88
o 48 72.42
o 47 143.17
o 46 146.3
judgment-aggregation-ja-maxham-preflib-00049-00000293
o 49 0.08
o 48 0.08
o 47 0.08
o 46 4.99
judgment-aggregation-ja-maxham-preflib-00049-00000293
o 61 0.07
o 60 0.07
o 59 0.08
o 58 0.09
o 57 0.09
o 56 0.09
o 55 0.1
o 54 0.11
o 53 2.16
o 52 11.77
o 51 11.93
o 50 11.94
o 49 14.65
o 48 19.87
o 47 60.05
judgment-aggregation-ja-maxham-preflib-00049-00000293
o 65 0.08
o 64 0.09
o 63 0.09
o 62 0.1
o 61 0.1
o 60 0.12
o 59 0.14
o 58 0.15
o 57 0.46
o 56 0.97
o 55 1.08
o 54 10.96
o 53 10.97
o 52 10.97
o 51 10.97
o 50 10.98
o 49 12.23
o 48 15.08
o 47 53.14
judgment-aggregation-ja-maxham-preflib-00049-00000293
o 56 0.08
o 55 0.08
o 54 0.09
o 53 0.19
o 52 0.24
o 51 0.69
o 50 1.06
o 49 1.51
o 48 47.84
o 47 64.49
o 46 66.54
