MaxSATQueriesinInterpretableClassifiers-wdbc_train_9_CNF_5_1
o 36 0.02
o 35 0.02
o 34 0.02
o 33 0.06
o 32 0.07
o 31 0.07
o 30 0.07
o 29 0.07
o 28 0.07
o 27 0.25
o 26 0.25
o 25 0.47
o 24 0.69
o 23 0.69
o 22 0.86
MaxSATQueriesinInterpretableClassifiers-wdbc_train_9_CNF_5_1
o 37 0.01
o 36 0.01
o 35 0.02
o 34 0.02
o 33 0.02
o 32 0.03
o 31 0.03
o 30 0.03
o 29 0.03
o 28 0.03
o 27 0.04
o 26 0.04
o 25 0.05
o 24 0.05
o 23 0.77
o 22 0.77
MaxSATQueriesinInterpretableClassifiers-wdbc_train_9_CNF_5_1
o 36 0.02
o 35 0.02
o 34 0.02
o 33 0.02
o 32 0.02
o 31 0.02
o 30 0.08
o 29 0.08
o 28 0.08
o 27 0.08
o 26 0.13
o 25 0.13
o 24 0.79
o 23 0.79
o 22 6.64
o 21 229.98
MaxSATQueriesinInterpretableClassifiers-wdbc_train_9_CNF_5_1
o 35 0.02
o 34 0.02
o 33 0.02
o 32 0.02
o 31 0.02
o 30 0.02
o 29 0.02
o 28 0.04
o 27 0.16
o 26 0.16
o 24 0.16
o 23 1.4
o 22 1.4
MaxSATQueriesinInterpretableClassifiers-wdbc_train_9_CNF_5_1
o 35 0.02
o 34 0.03
o 33 0.03
o 32 0.05
o 31 0.05
o 30 0.05
o 29 0.05
o 28 0.08
o 27 0.08
o 26 0.08
o 25 0.08
o 24 0.08
o 23 0.27
o 22 3.64
MaxSATQueriesinInterpretableClassifiers-wdbc_train_9_CNF_5_1
o 37 0.02
o 36 0.04
o 35 0.04
o 34 0.04
o 33 0.05
o 32 0.05
o 31 0.05
o 30 0.05
o 29 0.05
o 28 0.05
o 27 0.05
o 26 0.28
o 25 0.28
o 24 0.28
o 23 0.72
o 22 5.35
MaxSATQueriesinInterpretableClassifiers-wdbc_train_9_CNF_5_1
o 41 0.02
o 40 0.02
o 38 0.02
o 37 0.02
o 36 0.02
o 35 0.02
o 34 0.02
o 33 0.02
o 32 0.02
o 31 0.03
o 30 0.03
o 29 0.13
o 27 0.21
o 26 0.21
o 25 0.49
o 24 0.49
o 23 0.57
o 22 6.09
MaxSATQueriesinInterpretableClassifiers-wdbc_train_9_CNF_5_1
o 35 0.01
o 34 0.01
o 33 0.01
o 32 0.01
o 31 0.01
o 30 0.01
o 29 0.01
o 28 0.01
o 27 0.01
o 26 0.01
o 25 0.05
o 24 0.24
o 23 0.24
o 22 0.24
MaxSATQueriesinInterpretableClassifiers-wdbc_train_9_CNF_5_1
o 40 0.02
o 37 0.02
o 36 0.02
o 35 0.02
o 34 0.02
o 33 0.02
o 32 0.02
o 31 0.02
o 30 0.02
o 29 0.02
o 28 0.07
o 27 0.08
o 26 0.08
o 25 0.47
o 24 0.49
o 23 0.49
o 22 2.27
MaxSATQueriesinInterpretableClassifiers-wdbc_train_9_CNF_5_1
o 41 0.02
o 40 0.02
o 38 0.02
o 37 0.02
o 36 0.02
o 35 0.02
o 34 0.02
o 33 0.02
o 32 0.02
o 31 0.02
o 30 0.02
o 29 0.02
o 28 0.02
o 27 0.05
o 26 0.2
o 25 0.2
o 24 0.21
o 23 0.21
o 22 8.85
