optic-gen_mult_4_5_991
o 319 0.03
o 318 0.03
o 317 0.03
o 315 0.03
o 314 0.03
o 312 0.03
o 311 0.03
o 310 0.03
o 309 0.03
o 229 0.03
o 225 0.03
o 222 0.03
o 221 0.03
o 220 0.03
o 193 0.03
o 169 0.03
o 168 0.03
o 167 0.03
o 166 0.03
o 165 0.03
o 164 0.03
o 163 0.03
o 162 0.03
o 161 0.04
o 160 0.04
o 159 0.04
o 158 0.04
o 157 0.04
o 156 0.04
o 155 0.04
o 154 0.04
o 153 0.04
o 152 0.12
o 151 0.12
o 150 0.12
o 149 0.12
o 148 0.13
o 147 0.13
o 146 0.15
o 145 0.24
o 144 0.24
o 143 1.61
o 142 1.61
o 141 2.35
o 140 37.1
o 139 238.23
o 138 238.23
o 137 238.23
optic-gen_mult_4_5_991
o 319 0.03
o 318 0.03
o 314 0.03
o 313 0.03
o 312 0.03
o 226 0.04
o 225 0.04
o 197 0.04
o 196 0.04
o 195 0.04
o 194 0.04
o 193 0.04
o 192 0.04
o 191 0.04
o 190 0.04
o 189 0.04
o 188 0.04
o 187 0.04
o 186 0.04
o 185 0.04
o 184 0.04
o 183 0.04
o 182 0.04
o 181 0.04
o 180 0.04
o 179 0.04
o 178 0.04
o 177 0.04
o 176 0.04
o 175 0.04
o 174 0.04
o 173 0.04
o 172 0.04
o 171 0.04
o 170 0.04
o 169 0.04
o 168 0.04
o 167 0.04
o 166 0.04
o 165 0.04
o 164 0.04
o 163 0.04
o 162 0.04
o 161 0.04
o 160 0.04
o 159 0.04
o 158 0.04
o 157 0.04
o 156 0.04
o 155 0.04
o 154 0.04
o 153 0.04
o 152 0.04
o 151 0.04
o 150 0.04
o 149 0.12
o 148 0.21
o 147 0.22
o 146 0.58
o 145 0.67
o 144 0.67
o 143 0.67
o 142 1.05
o 141 3.06
o 140 9.78
o 139 30.95
o 138 30.95
optic-gen_mult_4_5_991
o 319 0.03
o 318 0.03
o 317 0.03
o 316 0.03
o 315 0.03
o 291 0.03
o 290 0.03
o 289 0.03
o 286 0.03
o 282 0.03
o 281 0.03
o 280 0.03
o 229 0.04
o 228 0.04
o 227 0.04
o 226 0.04
o 225 0.04
o 224 0.04
o 223 0.04
o 222 0.04
o 221 0.04
o 220 0.04
o 219 0.04
o 218 0.04
o 217 0.04
o 216 0.04
o 215 0.04
o 214 0.04
o 213 0.04
o 212 0.04
o 211 0.04
o 210 0.04
o 209 0.04
o 208 0.04
o 207 0.04
o 206 0.04
o 205 0.04
o 204 0.04
o 203 0.04
o 202 0.04
o 201 0.04
o 200 0.04
o 199 0.04
o 198 0.04
o 197 0.04
o 196 0.04
o 195 0.04
o 194 0.04
o 193 0.04
o 192 0.04
o 191 0.04
o 190 0.04
o 189 0.04
o 188 0.04
o 187 0.04
o 186 0.04
o 185 0.04
o 184 0.04
o 183 0.04
o 182 0.04
o 181 0.04
o 180 0.04
o 179 0.04
o 165 0.04
o 164 0.04
o 163 0.04
o 162 0.04
o 161 0.04
o 160 0.04
o 159 0.04
o 158 0.04
o 157 0.04
o 156 0.04
o 155 0.04
o 154 0.04
o 153 0.04
o 152 0.04
o 151 0.04
o 150 0.04
o 149 0.18
o 148 0.18
o 147 0.18
o 146 0.21
o 145 0.21
o 144 0.29
o 143 1.78
o 142 2.51
o 141 4.19
o 140 9.63
o 139 34.8
o 138 180.73
optic-gen_mult_4_5_991
o 319 0.03
o 318 0.03
o 317 0.03
o 314 0.03
o 313 0.03
o 312 0.03
o 311 0.03
o 310 0.03
o 284 0.03
o 283 0.03
o 282 0.03
o 281 0.03
o 280 0.03
o 279 0.03
o 278 0.03
o 277 0.03
o 276 0.03
o 247 0.03
o 241 0.03
o 237 0.03
o 233 0.03
o 232 0.03
o 231 0.03
o 230 0.03
o 229 0.03
o 228 0.03
o 227 0.03
o 226 0.03
o 225 0.03
o 224 0.03
o 223 0.03
o 222 0.03
o 221 0.03
o 220 0.03
o 219 0.03
o 218 0.03
o 217 0.03
o 216 0.03
o 215 0.03
o 214 0.03
o 213 0.03
o 212 0.03
o 211 0.03
o 210 0.03
o 209 0.03
o 208 0.03
o 207 0.03
o 206 0.03
o 205 0.03
o 204 0.03
o 203 0.03
o 202 0.03
o 201 0.03
o 200 0.03
o 199 0.03
o 198 0.03
o 197 0.03
o 196 0.03
o 195 0.03
o 194 0.03
o 193 0.03
o 192 0.03
o 191 0.03
o 190 0.03
o 189 0.03
o 188 0.03
o 187 0.03
o 186 0.03
o 185 0.03
o 184 0.03
o 183 0.03
o 182 0.03
o 181 0.03
o 180 0.03
o 179 0.03
o 178 0.03
o 177 0.03
o 176 0.03
o 175 0.03
o 174 0.03
o 173 0.03
o 172 0.03
o 171 0.03
o 170 0.03
o 169 0.03
o 168 0.03
o 167 0.03
o 166 0.03
o 165 0.03
o 164 0.03
o 163 0.03
o 162 0.03
o 161 0.03
o 160 0.03
o 159 0.03
o 158 0.03
o 157 0.03
o 156 0.03
o 155 0.03
o 154 0.03
o 153 0.03
o 152 0.03
o 151 0.13
o 150 0.13
o 149 0.14
o 148 0.14
o 147 0.14
o 146 0.14
o 145 0.29
o 144 0.43
o 143 1.35
o 142 5.32
o 141 7.75
o 140 7.75
o 139 25.72
o 138 25.72
optic-gen_mult_4_5_991
o 319 0.03
o 318 0.03
o 317 0.03
o 306 0.03
o 305 0.03
o 304 0.03
o 230 0.03
o 197 0.03
o 196 0.03
o 195 0.03
o 194 0.03
o 193 0.03
o 192 0.03
o 191 0.03
o 190 0.03
o 189 0.03
o 188 0.03
o 187 0.03
o 186 0.03
o 185 0.03
o 184 0.03
o 183 0.03
o 182 0.03
o 181 0.03
o 180 0.03
o 179 0.03
o 178 0.03
o 177 0.03
o 176 0.03
o 175 0.03
o 174 0.03
o 173 0.03
o 172 0.03
o 171 0.03
o 170 0.03
o 168 0.03
o 167 0.03
o 166 0.03
o 164 0.03
o 163 0.03
o 162 0.03
o 161 0.03
o 160 0.03
o 159 0.03
o 158 0.03
o 157 0.03
o 156 0.03
o 155 0.03
o 154 0.03
o 153 0.03
o 152 0.03
o 151 0.03
o 150 0.03
o 149 0.1
o 148 0.11
o 147 0.12
o 146 0.12
o 145 0.17
o 144 0.34
o 143 0.47
o 142 1.22
o 141 3.52
o 140 3.52
o 138 28.24
optic-gen_mult_4_5_991
o 319 0.03
o 318 0.03
o 317 0.03
o 316 0.03
o 315 0.03
o 313 0.03
o 312 0.03
o 311 0.03
o 310 0.03
o 309 0.03
o 308 0.03
o 307 0.03
o 306 0.03
o 305 0.03
o 304 0.03
o 300 0.03
o 299 0.03
o 298 0.03
o 229 0.03
o 228 0.03
o 227 0.03
o 226 0.03
o 225 0.03
o 224 0.03
o 223 0.03
o 222 0.03
o 221 0.03
o 220 0.03
o 219 0.03
o 218 0.03
o 217 0.03
o 216 0.03
o 215 0.03
o 214 0.03
o 213 0.03
o 212 0.03
o 211 0.03
o 210 0.03
o 209 0.03
o 208 0.03
o 207 0.03
o 206 0.03
o 205 0.03
o 204 0.03
o 203 0.03
o 202 0.03
o 201 0.03
o 200 0.03
o 199 0.03
o 198 0.03
o 197 0.03
o 182 0.03
o 180 0.03
o 179 0.03
o 178 0.03
o 177 0.03
o 176 0.03
o 175 0.03
o 174 0.03
o 173 0.03
o 172 0.03
o 171 0.03
o 170 0.03
o 169 0.03
o 168 0.03
o 167 0.03
o 166 0.03
o 165 0.03
o 164 0.03
o 163 0.03
o 162 0.03
o 161 0.03
o 160 0.03
o 159 0.03
o 158 0.03
o 157 0.03
o 156 0.03
o 155 0.03
o 154 0.03
o 153 0.03
o 152 0.03
o 151 0.03
o 150 0.03
o 149 0.03
o 147 0.18
o 146 0.46
o 145 0.46
o 144 0.46
o 143 0.59
o 142 0.59
o 141 0.59
o 140 0.59
o 139 0.59
o 138 0.59
optic-gen_mult_4_5_991
o 319 0.03
o 318 0.03
o 316 0.03
o 315 0.03
o 312 0.03
o 305 0.03
o 243 0.03
o 242 0.03
o 241 0.03
o 229 0.03
o 228 0.03
o 206 0.03
o 205 0.04
o 204 0.04
o 203 0.04
o 202 0.04
o 201 0.04
o 200 0.04
o 199 0.04
o 198 0.04
o 197 0.04
o 196 0.04
o 195 0.04
o 194 0.04
o 193 0.04
o 192 0.04
o 191 0.04
o 190 0.04
o 189 0.04
o 188 0.04
o 187 0.04
o 186 0.04
o 185 0.04
o 184 0.04
o 183 0.04
o 182 0.04
o 181 0.04
o 180 0.04
o 179 0.04
o 178 0.04
o 177 0.04
o 176 0.04
o 175 0.04
o 174 0.04
o 173 0.04
o 172 0.04
o 171 0.04
o 170 0.04
o 164 0.04
o 163 0.04
o 162 0.04
o 161 0.04
o 160 0.04
o 159 0.04
o 158 0.04
o 157 0.04
o 156 0.04
o 155 0.04
o 154 0.04
o 153 0.04
o 152 0.04
o 151 0.04
o 150 0.04
o 149 0.13
o 148 0.13
o 147 0.13
o 146 0.13
o 145 0.13
o 144 0.22
o 143 0.22
o 142 0.46
o 141 3.24
o 140 23.75
o 139 57.37
optic-gen_mult_4_5_991
o 319 0.03
o 318 0.03
o 317 0.03
o 227 0.03
o 185 0.03
o 184 0.03
o 183 0.03
o 182 0.03
o 181 0.03
o 180 0.03
o 179 0.03
o 178 0.03
o 177 0.03
o 176 0.03
o 175 0.03
o 174 0.03
o 173 0.03
o 172 0.03
o 171 0.03
o 170 0.03
o 169 0.03
o 168 0.03
o 167 0.03
o 166 0.03
o 165 0.03
o 164 0.03
o 163 0.03
o 162 0.03
o 161 0.03
o 160 0.03
o 159 0.03
o 158 0.03
o 157 0.03
o 156 0.03
o 155 0.03
o 154 0.03
o 153 0.03
o 152 0.03
o 151 0.03
o 150 0.15
o 149 0.15
o 148 0.16
o 147 0.16
o 146 0.22
o 145 0.44
o 144 0.44
o 143 1.02
o 142 1.02
o 141 7.88
o 140 8.4
o 139 8.4
o 138 216.02
optic-gen_mult_4_5_991
o 319 0.03
o 318 0.03
o 317 0.03
o 316 0.03
o 241 0.03
o 240 0.03
o 239 0.03
o 238 0.03
o 232 0.03
o 231 0.03
o 202 0.03
o 201 0.03
o 200 0.03
o 199 0.04
o 198 0.04
o 197 0.04
o 196 0.04
o 195 0.04
o 194 0.04
o 193 0.04
o 192 0.04
o 191 0.04
o 190 0.04
o 189 0.04
o 188 0.04
o 187 0.04
o 186 0.04
o 185 0.04
o 184 0.04
o 183 0.04
o 182 0.04
o 181 0.04
o 170 0.04
o 169 0.04
o 168 0.04
o 167 0.04
o 166 0.04
o 165 0.04
o 164 0.04
o 163 0.04
o 162 0.04
o 161 0.04
o 160 0.04
o 159 0.04
o 158 0.04
o 155 0.04
o 154 0.04
o 153 0.11
o 152 0.11
o 151 0.11
o 150 0.11
o 149 0.11
o 148 0.11
o 147 0.23
o 146 0.46
o 145 0.46
o 144 0.62
o 143 1.42
o 142 1.76
o 141 1.76
o 140 3.43
o 139 6.12
o 138 6.12
optic-gen_mult_4_5_991
o 319 0.04
o 318 0.04
o 291 0.04
o 232 0.04
o 194 0.04
o 193 0.04
o 192 0.04
o 191 0.04
o 177 0.04
o 176 0.04
o 175 0.04
o 174 0.04
o 173 0.04
o 172 0.04
o 171 0.04
o 170 0.04
o 169 0.04
o 168 0.04
o 167 0.04
o 166 0.04
o 165 0.04
o 164 0.04
o 163 0.04
o 162 0.04
o 161 0.04
o 160 0.04
o 159 0.04
o 158 0.04
o 157 0.04
o 156 0.04
o 155 0.04
o 154 0.04
o 153 0.04
o 152 0.04
o 151 0.04
o 150 0.13
o 149 0.13
o 148 0.13
o 146 0.15
o 145 0.15
o 144 0.15
o 143 1.14
o 142 1.14
o 141 2.11
o 140 2.11
o 139 26.39
o 138 76.75
