optimizing-BDDs-vote-un-wcnf_incomplete_improved_1_2019_8
o 20 0.84
o 18 0.87
o 17 0.87
o 16 1.95
o 15 3.61
o 14 3.78
o 13 3.78
o 12 3.8
o 11 3.8
o 10 3.8
o 9 7.38
o 8 7.47
o 7 51.69
o 6 193.12
optimizing-BDDs-vote-un-wcnf_incomplete_improved_1_2019_8
o 28 0.94
o 25 1.15
o 21 1.17
o 20 1.17
o 16 1.17
o 15 2.72
o 14 2.72
o 13 3.58
o 12 3.6
o 10 3.82
o 9 11.82
o 8 11.82
o 7 11.82
o 6 11.82
optimizing-BDDs-vote-un-wcnf_incomplete_improved_1_2019_8
o 18 1.6
o 16 1.78
o 15 1.8
o 14 1.8
o 13 1.8
o 12 1.8
o 11 7.34
o 10 7.6
o 9 7.74
o 8 7.74
o 7 7.74
o 6 189.88
optimizing-BDDs-vote-un-wcnf_incomplete_improved_1_2019_8
o 23 1.49
o 19 1.49
o 18 1.49
o 17 1.49
o 16 4.45
o 15 4.49
o 14 4.49
o 11 4.49
o 10 14.18
o 9 14.34
o 8 14.34
o 7 14.34
o 6 14.37
optimizing-BDDs-vote-un-wcnf_incomplete_improved_1_2019_8
o 22 1.12
o 20 1.12
o 19 1.12
o 18 1.12
o 17 1.12
o 16 1.94
o 15 3.02
o 14 3.38
o 11 3.38
o 10 16.31
o 9 16.32
o 8 22.53
o 7 22.79
o 6 82.34
o 5 269.8
o 4 272.28
optimizing-BDDs-vote-un-wcnf_incomplete_improved_1_2019_8
o 19 0.73
o 18 0.74
o 15 1.2
o 14 1.39
o 11 1.39
o 10 1.78
o 9 1.81
o 8 1.81
o 7 8.24
o 6 182.14
optimizing-BDDs-vote-un-wcnf_incomplete_improved_1_2019_8
o 21 0.86
o 20 0.86
o 18 0.86
o 16 0.93
o 14 0.94
o 13 1.02
o 12 1.03
o 10 1.03
o 9 2.51
o 8 28.67
o 7 30.93
o 6 89.69
o 5 135.07
optimizing-BDDs-vote-un-wcnf_incomplete_improved_1_2019_8
o 18 0.78
o 15 0.78
o 13 0.78
o 12 0.78
o 11 0.81
o 10 3.3
o 9 10.03
o 8 11.75
o 7 11.75
o 6 76.59
optimizing-BDDs-vote-un-wcnf_incomplete_improved_1_2019_8
o 31 1.6
o 30 1.6
o 27 1.6
o 26 1.6
o 25 1.6
o 22 1.6
o 20 1.6
o 17 1.6
o 16 1.6
o 14 1.6
o 12 1.6
o 11 1.62
o 10 7
o 9 7
o 8 137.18
o 7 137.18
o 6 159.57
o 5 190.97
optimizing-BDDs-vote-un-wcnf_incomplete_improved_1_2019_8
o 14 0.71
o 12 0.71
o 11 2.48
o 10 2.77
o 9 2.77
o 8 2.77
o 7 6.45
o 6 161.66
o 5 161.66
