scheduling-cnf_small
o 91 0.05
o 88 0.07
o 87 0.07
o 83 0.07
o 82 0.07
o 81 0.07
o 76 0.07
o 75 0.07
o 74 0.07
o 68 0.07
o 67 0.07
o 66 0.14
o 64 0.4
o 63 0.4
o 62 0.4
o 59 0.7
o 58 0.78
o 57 0.78
o 56 0.78
o 55 0.79
o 54 2.22
o 53 4.56
o 49 6.07
o 48 19.38
o 47 19.38
o 46 19.38
o 45 22.52
o 44 22.53
o 43 59.36
o 41 59.36
scheduling-cnf_small
o 88 0.06
o 83 0.07
o 78 0.07
o 76 0.07
o 69 0.08
o 68 0.3
o 65 0.52
o 64 0.52
o 60 0.74
o 58 1.45
o 57 1.45
o 56 1.83
o 53 1.83
o 47 1.83
o 46 4.94
o 44 14.23
o 43 24.96
o 42 229.53
o 41 229.53
o 40 240.43
scheduling-cnf_small
o 98 0.05
o 97 0.05
o 93 0.05
o 91 0.05
o 90 0.05
o 83 0.08
o 82 0.08
o 80 0.1
o 78 0.1
o 76 0.17
o 71 0.18
o 70 0.18
o 67 0.21
o 65 0.21
o 60 0.21
o 56 1.02
o 55 2.02
o 54 2.02
o 51 5.25
o 50 10.49
o 47 10.49
o 46 10.5
o 44 37.99
o 43 143.51
o 42 188.87
scheduling-cnf_small
o 78 0.04
o 77 0.07
o 76 0.07
o 72 0.13
o 64 0.14
o 62 0.23
o 59 0.91
o 58 1.24
o 57 2.59
o 56 2.62
o 54 3.05
o 53 3.12
o 48 3.12
o 43 11.83
o 40 122.27
o 39 122.28
scheduling-cnf_small
o 74 0.1
o 73 0.1
o 72 0.14
o 69 0.15
o 68 0.15
o 67 0.15
o 66 0.15
o 60 0.15
o 58 0.15
o 56 0.34
o 53 1.15
o 52 1.15
o 50 1.15
o 49 11.75
o 48 29.94
o 45 32.72
o 44 32.72
o 43 36.35
o 41 36.35
scheduling-cnf_small
o 74 0.12
o 73 0.12
o 70 0.15
o 69 0.15
o 68 0.15
o 65 0.16
o 64 0.16
o 60 0.34
o 57 0.54
o 55 0.55
o 54 0.62
o 52 1.74
o 51 1.83
o 47 1.83
o 46 16.09
o 45 26.02
o 41 71.69
scheduling-cnf_small
o 101 0.05
o 87 0.07
o 86 0.07
o 85 0.07
o 79 0.08
o 71 0.08
o 70 0.13
o 64 0.13
o 63 0.13
o 61 0.13
o 60 0.13
o 57 0.18
o 56 0.18
o 51 0.32
o 50 3.25
o 49 3.26
o 46 9.95
o 44 22.44
o 40 115.09
o 39 115.09
o 38 116.69
scheduling-cnf_small
o 85 0.04
o 81 0.09
o 80 0.09
o 76 0.09
o 70 0.09
o 69 0.09
o 62 0.15
o 61 0.15
o 58 1.53
o 57 1.74
o 56 1.74
o 55 1.88
o 53 1.94
o 52 5.55
o 51 5.55
o 50 18.14
o 48 20.08
o 44 20.53
o 42 20.83
o 40 39.96
o 39 66.37
scheduling-cnf_small
o 78 0.1
o 73 0.15
o 65 0.17
o 64 0.17
o 62 0.64
o 61 0.67
o 56 0.67
o 53 2.61
o 52 2.61
o 50 7.57
o 49 18.9
o 48 18.9
o 47 18.9
o 45 28.19
o 44 28.19
o 39 52.89
o 35 235.15
scheduling-cnf_small
o 99 0.04
o 92 0.04
o 90 0.05
o 89 0.05
o 84 0.06
o 76 0.06
o 74 0.06
o 73 0.08
o 72 0.12
o 71 0.33
o 67 0.34
o 64 0.55
o 63 0.84
o 59 0.95
o 58 0.95
o 56 1.32
o 55 1.63
o 52 2.57
o 51 3.19
o 46 3.19
o 45 3.23
o 44 32.16
o 43 35.54
o 39 35.54
o 32 114.73
