bcp-SU3__simp-genos.haps.9
o 141 0.05
o 114 0.66
o 113 0.67
o 112 0.67
o 111 1.06
o 110 1.07
o 109 1.21
o 108 2.28
o 107 2.53
o 106 6.8
106	6.8
bcp-SU3__simp-genos.haps.9
o 135 0.05
o 116 0.6
o 115 0.6
o 114 0.61
o 113 0.91
o 112 1.16
o 111 1.31
o 110 1.36
o 109 1.53
o 108 1.54
o 107 2
o 106 3.65
106	3.65
bcp-SU3__simp-genos.haps.9
o 145 0.05
o 110 0.77
o 109 0.88
o 108 1.18
o 107 1.23
o 106 15.58
106	15.58
bcp-SU3__simp-genos.haps.9
o 144 0.05
o 116 0.9
o 115 0.97
o 114 0.97
o 113 0.98
o 112 1.05
o 111 1.15
o 110 1.18
o 109 1.49
o 108 1.95
o 107 3.83
o 106 3.93
106	3.93
bcp-SU3__simp-genos.haps.9
o 141 0.04
o 111 0.53
o 110 0.59
o 109 0.62
o 108 0.63
o 107 4.37
o 106 5.21
106	5.21
bcp-SU3__simp-genos.haps.9
o 142 0.07
o 116 1.26
o 115 1.28
o 114 1.4
o 113 1.42
o 112 1.44
o 111 1.44
o 110 1.65
o 109 1.67
o 108 2.16
o 107 2.76
o 106 30.77
106	30.77
bcp-SU3__simp-genos.haps.9
o 137 0.1
o 111 1.11
o 110 1.32
o 109 2.11
o 108 2.23
o 107 3.68
o 106 26.2
106	26.2
bcp-SU3__simp-genos.haps.9
o 142 0.06
o 116 1.01
o 115 1.07
o 114 1.09
o 113 1.09
o 112 1.3
o 111 1.33
o 110 1.34
o 109 1.48
o 108 1.88
o 107 4.11
o 106 16.39
106	16.39
bcp-SU3__simp-genos.haps.9
o 135 0.04
o 117 0.89
o 116 0.9
o 115 0.93
o 114 0.96
o 113 1
o 112 1.01
o 111 1.14
o 110 1.2
o 109 1.2
o 108 1.29
o 107 1.57
o 106 24.46
106	24.46
bcp-SU3__simp-genos.haps.9
o 132 0.04
o 117 0.54
o 116 0.54
o 115 0.56
o 114 0.6
o 113 0.73
o 112 0.81
o 111 0.82
o 110 0.99
o 109 1
o 108 1
o 107 1.02
o 106 6.44
106	6.44
