decision-tree-heart-cleveland-un-formula_0.8_2021_atleast_15_max-3_reduced_incomplete_tree
o 78 1.04
o 77 1.05
o 76 1.05
o 75 1.05
o 74 1.05
o 73 1.05
o 72 1.05
o 71 1.05
o 70 1.05
o 69 1.05
o 68 1.05
o 67 1.05
o 66 1.05
o 65 1.05
o 64 1.05
o 63 1.05
o 62 1.05
o 61 1.05
o 60 1.05
o 59 1.05
o 58 1.05
o 57 1.05
o 56 1.05
56	1.05
decision-tree-heart-cleveland-un-formula_0.8_2021_atleast_15_max-3_reduced_incomplete_tree
o 137 0.26
o 136 0.26
o 135 0.26
o 134 0.26
o 133 0.26
o 132 0.26
o 131 0.26
o 130 0.26
o 129 0.26
o 128 0.26
o 127 0.26
o 126 0.26
o 125 0.26
o 124 0.26
o 123 0.26
o 122 0.26
o 121 0.26
o 120 0.26
o 119 0.26
o 118 0.26
o 117 0.26
o 116 0.26
o 115 0.26
o 114 0.26
o 113 0.26
o 112 0.26
o 111 0.26
o 110 0.26
o 109 0.26
o 108 0.26
o 107 0.26
o 106 0.26
o 105 0.26
o 104 0.26
104	0.26
decision-tree-heart-cleveland-un-formula_0.8_2021_atleast_15_max-3_reduced_incomplete_tree
o 129 0.28
o 128 0.28
o 127 0.28
o 126 0.28
o 125 0.28
o 124 0.28
o 123 0.28
o 122 0.28
o 121 0.28
o 120 0.28
o 119 0.28
o 118 0.28
o 117 0.28
o 116 0.28
o 115 0.28
o 114 0.28
o 113 0.28
o 112 0.28
o 111 0.28
o 110 0.28
o 109 0.28
o 108 0.28
o 107 0.28
o 106 0.28
o 105 0.28
o 104 0.28
o 103 0.28
o 102 0.28
o 101 0.28
o 100 0.28
o 99 0.28
o 98 0.28
o 97 0.28
o 96 0.28
o 95 0.28
95	0.28
decision-tree-heart-cleveland-un-formula_0.8_2021_atleast_15_max-3_reduced_incomplete_tree
o 218 0.25
o 217 0.25
o 216 0.25
o 215 0.25
o 214 0.25
o 213 0.25
o 212 0.25
o 211 0.25
o 210 0.25
o 209 0.25
o 208 0.25
o 207 0.25
o 206 0.25
o 205 0.25
o 204 0.25
o 203 0.25
o 202 0.25
o 201 0.25
o 200 0.25
o 199 0.25
o 198 0.25
o 197 0.25
o 196 0.25
o 195 0.25
o 194 0.25
o 193 0.25
o 192 0.25
o 191 0.25
o 190 0.25
o 189 0.25
o 188 0.25
o 187 0.25
o 186 0.25
o 185 0.25
o 184 0.25
o 183 0.25
o 182 0.25
o 181 0.25
o 180 0.25
o 179 0.25
o 178 0.25
o 177 0.25
o 176 0.25
o 175 0.25
o 174 0.25
o 173 0.25
o 172 0.25
o 171 0.25
o 170 0.25
o 169 0.25
o 168 0.25
o 167 0.25
o 166 0.25
o 165 0.25
o 164 0.25
o 163 0.25
o 162 0.25
o 161 0.25
o 160 0.25
o 159 0.25
o 158 0.25
o 157 0.25
o 156 0.25
o 155 0.25
o 154 0.25
o 153 0.25
o 152 0.25
o 151 0.25
o 150 0.25
o 149 0.25
o 148 0.25
o 147 0.25
o 146 0.25
o 145 0.25
o 144 0.25
o 143 0.25
o 142 0.25
o 141 0.25
o 140 0.25
o 139 0.25
o 138 0.25
o 137 0.25
o 136 0.25
o 135 0.25
o 134 0.25
o 133 0.25
o 132 0.25
o 131 0.25
o 130 0.25
o 129 0.25
o 128 0.25
o 127 0.25
o 126 0.25
o 125 0.25
o 124 0.25
o 123 0.25
o 122 0.25
o 121 0.25
o 120 0.25
o 119 0.25
o 118 0.25
o 117 0.25
o 116 0.25
o 115 0.25
o 114 0.25
o 113 0.25
o 112 0.25
o 111 0.25
o 110 0.25
o 109 0.25
o 108 0.25
o 107 0.25
o 106 0.25
o 105 0.25
o 104 0.25
104	0.25
decision-tree-heart-cleveland-un-formula_0.8_2021_atleast_15_max-3_reduced_incomplete_tree
o 129 0.3
o 128 0.31
o 127 0.31
o 126 0.31
o 125 0.31
o 124 0.31
o 123 0.31
o 122 0.31
o 121 0.31
o 120 0.31
o 119 0.31
o 118 0.31
o 117 0.31
o 116 0.31
o 115 0.31
o 114 0.31
o 113 0.31
o 112 0.31
o 111 0.31
o 110 0.31
o 109 0.31
o 108 0.31
o 107 0.31
o 106 0.31
o 105 0.31
o 104 0.31
o 103 0.31
o 102 0.31
o 101 0.31
o 100 0.31
o 99 0.31
o 98 0.31
o 97 0.31
o 96 0.31
o 95 0.31
95	0.31
decision-tree-heart-cleveland-un-formula_0.8_2021_atleast_15_max-3_reduced_incomplete_tree
o 165 0.23
o 164 0.23
o 163 0.23
o 162 0.23
o 161 0.23
o 160 0.23
o 159 0.23
o 158 0.23
o 157 0.23
o 156 0.23
o 155 0.23
o 154 0.23
o 153 0.23
o 152 0.23
o 151 0.23
o 150 0.23
o 149 0.23
o 148 0.23
o 147 0.23
o 146 0.23
o 145 0.23
o 144 0.23
o 143 0.23
o 142 0.23
o 141 0.23
o 140 0.23
o 139 0.23
o 138 0.23
o 137 0.23
o 136 0.23
o 135 0.23
o 134 0.23
o 133 0.23
o 132 0.23
o 131 0.23
o 130 0.23
o 129 0.23
o 128 0.23
o 127 0.23
o 126 0.23
o 125 0.23
o 124 0.23
o 123 0.23
o 122 0.23
o 121 0.23
o 120 0.23
o 119 0.23
o 118 0.23
o 117 0.23
o 116 0.23
o 115 0.23
o 114 0.23
o 113 0.23
o 112 0.23
o 111 0.23
o 110 0.23
o 109 0.23
o 108 0.23
o 107 0.23
o 106 0.23
o 105 0.23
o 104 0.23
o 103 0.23
o 102 0.23
o 101 0.23
o 100 0.23
o 99 0.23
o 98 0.23
o 97 0.23
o 96 0.23
o 95 0.23
o 94 0.23
o 93 0.23
o 92 0.23
o 91 0.23
o 90 0.23
o 89 0.23
o 88 0.23
o 87 0.23
o 86 0.23
o 85 0.23
o 84 0.23
o 83 0.23
o 82 0.23
o 81 0.23
o 80 0.23
o 79 0.23
o 78 0.23
o 77 0.23
o 76 0.23
o 75 0.23
o 74 0.23
o 73 0.23
o 72 0.23
o 71 0.23
o 70 0.23
o 69 0.23
o 68 0.23
o 67 0.23
o 66 0.23
o 65 0.23
o 64 0.23
o 63 0.23
o 62 0.23
o 61 0.23
o 60 0.23
o 59 0.23
o 58 0.23
o 57 0.23
o 56 0.23
56	0.23
decision-tree-heart-cleveland-un-formula_0.8_2021_atleast_15_max-3_reduced_incomplete_tree
o 129 0.29
o 128 0.29
o 127 0.29
o 126 0.29
o 125 0.29
o 124 0.29
o 123 0.29
o 122 0.29
o 121 0.29
o 120 0.29
o 119 0.29
o 118 0.29
o 117 0.29
o 116 0.29
o 115 0.29
o 114 0.29
o 113 0.29
o 112 0.29
o 111 0.29
o 110 0.29
o 109 0.29
o 108 0.29
o 107 0.29
o 106 0.29
o 105 0.29
o 104 0.29
o 103 0.29
o 102 0.29
o 101 0.29
o 100 0.29
o 99 0.29
o 98 0.29
o 97 0.29
o 96 0.29
o 95 0.29
95	0.29
decision-tree-heart-cleveland-un-formula_0.8_2021_atleast_15_max-3_reduced_incomplete_tree
o 114 0.22
o 113 0.22
o 112 0.22
o 111 0.22
o 110 0.22
o 109 0.22
o 108 0.22
o 107 0.22
o 106 0.22
o 105 0.22
o 104 0.22
o 103 0.22
o 102 0.22
o 101 0.22
o 100 0.22
o 99 0.22
o 98 0.22
o 97 0.23
o 96 0.23
o 95 0.23
95	0.23
decision-tree-heart-cleveland-un-formula_0.8_2021_atleast_15_max-3_reduced_incomplete_tree
o 111 0.21
o 110 0.22
o 109 0.22
o 108 0.22
o 107 0.22
o 106 0.22
o 105 0.22
o 104 0.22
o 103 0.22
o 102 0.22
o 101 0.22
o 100 0.22
o 99 0.22
o 98 0.22
o 97 0.22
o 96 0.22
o 95 0.22
95	0.22
decision-tree-heart-cleveland-un-formula_0.8_2021_atleast_15_max-3_reduced_incomplete_tree
o 141 0.23
o 140 0.23
o 139 0.23
o 138 0.23
o 137 0.23
o 136 0.23
o 135 0.23
o 134 0.23
o 133 0.23
o 132 0.23
o 131 0.23
o 130 0.23
o 129 0.23
o 128 0.23
o 127 0.23
o 126 0.23
o 125 0.23
o 124 0.23
o 123 0.23
o 122 0.23
o 121 0.23
o 120 0.23
o 119 0.23
o 118 0.23
o 117 0.23
o 116 0.23
o 115 0.23
o 114 0.23
o 113 0.23
o 112 0.23
o 111 0.23
o 110 0.23
o 109 0.23
o 108 0.23
o 107 0.23
o 106 0.23
o 105 0.23
o 104 0.23
104	0.23
