decision-tree-tic-tac-toe-un-formula_0.8_2021_atleast_127_max-6_reduced_incomplete_tree
o 469 3.7
o 468 3.81
o 467 3.81
o 466 3.81
o 465 3.81
o 464 3.81
o 463 3.81
o 462 3.81
o 461 3.81
o 460 3.81
o 459 3.81
o 458 3.81
o 457 3.81
o 456 3.81
o 455 3.81
o 454 3.81
o 453 3.81
o 452 3.81
o 451 3.81
o 450 3.81
o 449 3.81
o 448 3.81
o 447 3.81
o 446 3.81
o 445 3.81
o 444 3.81
o 443 3.81
o 442 3.81
o 441 3.81
o 440 3.81
o 439 3.81
o 438 3.81
o 437 3.81
o 436 3.81
o 435 3.81
o 434 3.81
o 433 3.81
o 432 3.81
o 431 3.81
o 430 3.81
o 429 3.81
o 428 3.81
o 427 3.81
o 426 3.81
o 425 3.81
o 424 3.81
o 423 3.81
o 422 3.81
o 421 3.81
o 420 3.81
o 419 3.81
o 418 3.81
o 417 3.81
o 416 3.81
o 415 3.81
o 414 3.81
o 413 3.81
o 412 3.81
o 411 3.81
o 410 3.82
o 409 3.82
o 408 3.82
o 407 3.82
o 406 3.82
o 405 3.82
o 404 3.82
o 403 3.82
o 402 3.82
o 401 3.82
o 400 3.82
o 399 3.82
o 398 3.82
o 397 3.82
o 396 3.82
o 395 3.82
o 394 3.82
o 393 3.82
o 392 3.82
o 391 3.82
o 390 3.82
o 389 3.82
o 388 3.82
o 387 3.82
o 386 3.82
o 385 3.82
o 384 3.82
o 383 3.82
o 382 3.82
o 381 3.82
o 380 3.82
o 379 3.82
o 378 3.82
o 377 3.82
o 376 3.82
o 375 3.82
o 374 3.82
o 373 3.82
o 372 3.82
o 371 3.82
o 370 3.82
o 369 3.82
o 368 3.82
o 367 3.82
o 366 3.82
o 365 3.82
o 364 3.82
o 363 3.82
o 362 3.82
o 361 3.82
o 360 3.82
o 359 3.82
o 358 3.82
o 357 3.82
o 356 3.82
o 355 3.82
o 354 3.82
o 353 3.82
o 352 3.82
o 351 3.82
o 350 3.82
o 349 3.82
o 348 3.82
o 347 3.82
o 346 3.82
o 345 3.82
o 344 3.82
o 343 3.82
o 342 3.82
o 341 3.82
o 340 3.82
o 339 3.82
o 338 3.82
o 337 3.82
o 336 3.82
o 335 3.82
o 334 3.82
o 333 3.82
o 332 3.82
o 331 3.82
o 330 3.82
o 329 3.82
o 328 3.82
o 327 3.82
o 326 3.82
o 325 3.82
325	3.82
decision-tree-tic-tac-toe-un-formula_0.8_2021_atleast_127_max-6_reduced_incomplete_tree
o 425 4.93
o 424 5.07
o 423 5.07
o 422 5.07
o 421 5.07
o 420 5.07
o 419 5.07
o 418 5.07
o 417 5.07
o 416 5.07
o 415 5.07
o 414 5.07
o 413 5.07
o 412 5.07
o 411 5.07
o 410 5.07
o 409 5.07
o 408 5.07
o 407 5.07
o 406 5.07
o 405 5.07
o 404 5.07
o 403 5.07
o 402 5.07
o 401 5.07
o 400 5.07
o 399 5.07
o 398 5.07
o 397 5.07
o 396 5.07
o 395 5.07
o 394 5.07
o 393 5.07
o 392 5.07
o 391 5.07
o 390 5.07
o 389 5.07
o 388 5.07
o 387 5.07
o 386 5.08
o 385 5.08
o 384 5.08
o 383 5.08
o 382 5.08
o 381 5.08
o 380 5.08
o 379 5.08
o 378 5.08
o 377 5.08
o 376 5.08
o 375 5.08
o 374 5.08
o 373 5.08
o 372 5.08
o 371 5.08
o 370 5.08
o 369 5.08
o 368 5.08
o 367 5.08
o 366 5.08
o 365 5.08
o 364 5.08
o 363 5.08
o 362 5.08
o 361 5.08
o 360 5.08
o 359 5.08
o 358 5.08
o 357 5.08
o 356 5.08
o 355 5.08
o 354 5.08
o 353 5.08
o 352 5.08
o 351 5.08
o 350 5.08
o 349 5.08
o 348 5.08
o 347 5.08
o 346 5.08
o 345 5.08
o 344 5.08
o 343 5.08
o 342 5.08
o 341 5.08
o 340 5.08
o 339 5.08
o 338 5.08
o 337 5.08
o 336 5.08
o 335 5.08
o 334 5.08
o 333 5.08
o 332 5.08
o 331 5.08
o 330 5.08
o 329 5.08
o 328 5.08
o 327 5.08
o 326 5.08
o 325 5.08
o 324 5.08
o 323 5.08
o 322 5.08
o 321 5.08
o 320 5.08
o 319 5.08
o 318 5.08
o 317 5.08
o 316 5.08
o 315 5.08
o 314 5.08
o 313 5.08
o 312 5.08
o 311 5.08
o 310 5.08
o 309 5.08
o 308 5.08
o 307 5.08
o 306 5.08
o 305 5.08
o 304 5.08
o 303 5.08
o 302 5.08
o 301 5.08
o 300 5.08
o 299 5.08
o 298 5.09
o 297 5.09
o 296 5.09
o 295 5.09
o 294 5.09
o 293 5.09
o 292 5.09
o 291 5.09
o 290 5.09
o 289 5.09
o 288 5.09
o 287 5.09
o 286 5.09
o 285 5.09
o 284 5.09
o 283 5.09
o 282 5.09
o 281 5.09
o 280 5.09
o 279 5.09
o 278 5.09
278	5.09
decision-tree-tic-tac-toe-un-formula_0.8_2021_atleast_127_max-6_reduced_incomplete_tree
o 334 3.4
o 333 3.51
o 332 3.51
o 331 3.51
o 330 3.51
o 329 3.51
o 328 3.51
o 327 3.51
o 326 3.52
o 325 3.52
o 324 3.52
o 323 3.52
o 322 3.52
o 321 3.52
o 320 3.52
o 319 3.52
o 318 3.52
o 317 3.52
o 316 3.52
o 315 3.52
o 314 3.52
o 313 3.52
o 312 3.52
o 311 3.52
o 310 3.52
o 309 3.52
o 308 3.52
o 307 3.52
o 306 3.52
o 305 3.52
o 304 3.52
o 303 3.52
o 302 3.52
302	3.52
decision-tree-tic-tac-toe-un-formula_0.8_2021_atleast_127_max-6_reduced_incomplete_tree
o 317 4.37
o 316 4.56
o 315 4.56
o 314 4.56
o 313 4.56
o 312 4.56
o 311 4.56
o 310 4.56
o 309 4.56
o 308 4.56
o 307 4.56
o 306 4.56
o 305 4.56
o 304 4.56
o 303 4.56
o 302 4.56
o 301 4.56
o 300 4.56
o 299 4.56
o 298 4.57
298	4.57
decision-tree-tic-tac-toe-un-formula_0.8_2021_atleast_127_max-6_reduced_incomplete_tree
o 425 4.06
o 424 4.21
o 423 4.21
o 422 4.21
o 421 4.21
o 420 4.21
o 419 4.21
o 418 4.21
o 417 4.21
o 416 4.21
o 415 4.21
o 414 4.21
o 413 4.21
o 412 4.21
o 411 4.21
o 410 4.21
o 409 4.21
o 408 4.21
o 407 4.21
o 406 4.21
o 405 4.21
o 404 4.21
o 403 4.21
o 402 4.21
o 401 4.21
o 400 4.21
o 399 4.21
o 398 4.21
o 397 4.21
o 396 4.22
o 395 4.22
o 394 4.22
o 393 4.22
o 392 4.22
o 391 4.22
o 390 4.22
o 389 4.22
o 388 4.22
o 387 4.22
o 386 4.22
o 385 4.22
o 384 4.22
o 383 4.22
o 382 4.22
o 381 4.22
o 380 4.22
o 379 4.22
o 378 4.22
o 377 4.22
o 376 4.22
o 375 4.22
o 374 4.22
o 373 4.22
o 372 4.22
o 371 4.22
o 370 4.22
o 369 4.22
o 368 4.22
o 367 4.22
o 366 4.22
o 365 4.22
o 364 4.22
o 363 4.22
o 362 4.22
o 361 4.22
o 360 4.22
o 359 4.22
o 358 4.22
o 357 4.22
o 356 4.23
o 355 4.23
o 354 4.23
o 353 4.23
o 352 4.23
o 351 4.23
o 350 4.23
o 349 4.23
o 348 4.23
o 347 4.23
o 346 4.23
o 345 4.23
o 344 4.23
o 343 4.23
o 342 4.23
o 341 4.23
o 340 4.23
o 339 4.23
o 338 4.23
o 337 4.23
o 336 4.23
o 335 4.23
o 334 4.23
o 333 4.23
o 332 4.23
o 331 4.23
o 330 4.23
o 329 4.23
o 328 4.23
o 327 4.23
o 326 4.23
o 325 4.23
o 324 4.23
o 323 4.23
o 322 4.23
o 321 4.23
o 320 4.23
o 319 4.23
o 318 4.23
o 317 4.23
o 316 4.23
o 315 4.23
o 314 4.23
o 313 4.23
o 312 4.23
o 311 4.23
o 310 4.23
o 309 4.23
o 308 4.23
o 307 4.23
o 306 4.23
o 305 4.23
o 304 4.23
o 303 4.23
o 302 4.23
302	4.23
decision-tree-tic-tac-toe-un-formula_0.8_2021_atleast_127_max-6_reduced_incomplete_tree
o 624 4.13
o 623 4.27
o 622 4.27
o 621 4.27
o 620 4.27
o 619 4.27
o 618 4.27
o 617 4.27
o 616 4.27
o 615 4.27
o 614 4.27
o 613 4.27
o 612 4.27
o 611 4.27
o 610 4.27
o 609 4.27
o 608 4.27
o 607 4.27
o 606 4.27
o 605 4.27
o 604 4.27
o 603 4.27
o 602 4.27
o 601 4.27
o 600 4.27
o 599 4.27
o 598 4.27
o 597 4.27
o 596 4.27
o 595 4.27
o 594 4.27
o 593 4.27
o 592 4.27
o 591 4.27
o 590 4.27
o 589 4.27
o 588 4.27
o 587 4.27
o 586 4.27
o 585 4.27
o 584 4.27
o 583 4.27
o 582 4.27
o 581 4.27
o 580 4.27
o 579 4.27
o 578 4.27
o 577 4.27
o 576 4.27
o 575 4.27
o 574 4.27
o 573 4.27
o 572 4.27
o 571 4.27
o 570 4.27
o 569 4.27
o 568 4.27
o 567 4.28
o 566 4.28
o 565 4.28
o 564 4.28
o 563 4.28
o 562 4.28
o 561 4.28
o 560 4.28
o 559 4.28
o 558 4.28
o 557 4.28
o 556 4.28
o 555 4.28
o 554 4.28
o 553 4.28
o 552 4.28
o 551 4.28
o 550 4.28
o 549 4.28
o 548 4.28
o 547 4.28
o 546 4.28
o 545 4.28
o 544 4.28
o 543 4.28
o 542 4.28
o 541 4.28
o 540 4.28
o 539 4.28
o 538 4.28
o 537 4.28
o 536 4.28
o 535 4.28
o 534 4.28
o 533 4.28
o 532 4.28
o 531 4.28
o 530 4.28
o 529 4.28
o 528 4.28
o 527 4.28
o 526 4.28
o 525 4.28
o 524 4.28
o 523 4.28
o 522 4.28
o 521 4.28
o 520 4.28
o 519 4.28
o 518 4.28
o 517 4.28
o 516 4.28
o 515 4.28
o 514 4.28
o 513 4.28
o 512 4.28
o 511 4.28
o 510 4.28
o 509 4.28
o 508 4.28
o 507 4.28
o 506 4.28
o 505 4.28
o 504 4.29
o 503 4.29
o 502 4.29
o 501 4.29
o 500 4.29
o 499 4.29
o 498 4.29
o 497 4.29
o 496 4.29
o 495 4.29
o 494 4.29
o 493 4.29
o 492 4.29
o 491 4.29
o 490 4.29
o 489 4.29
o 488 4.29
o 487 4.29
o 486 4.29
o 485 4.29
o 484 4.29
o 483 4.29
o 482 4.29
o 481 4.29
o 480 4.29
o 479 4.29
o 478 4.29
o 477 4.29
o 476 4.29
o 475 4.29
o 474 4.29
o 473 4.29
o 472 4.29
o 471 4.29
o 470 4.29
o 469 4.29
o 468 4.29
o 467 4.29
o 466 4.29
o 465 4.29
o 464 4.29
o 463 4.29
o 462 4.29
o 461 4.29
o 460 4.29
o 459 4.29
o 458 4.29
o 457 4.29
o 456 4.29
o 455 4.29
o 454 4.29
o 453 4.29
o 452 4.29
o 451 4.29
o 450 4.29
o 449 4.29
o 448 4.29
o 447 4.29
o 446 4.29
o 445 4.29
o 444 4.29
o 443 4.29
o 442 4.29
o 441 4.3
o 440 4.3
o 439 4.3
o 438 4.3
o 437 4.3
o 436 4.3
o 435 4.3
o 434 4.3
o 433 4.3
o 432 4.3
o 431 4.3
o 430 4.3
o 429 4.3
o 428 4.3
o 427 4.3
o 426 4.3
o 425 4.3
o 424 4.3
o 423 4.3
o 422 4.3
o 421 4.3
o 420 4.3
o 419 4.3
o 418 4.3
o 417 4.3
o 416 4.3
o 415 4.3
o 414 4.3
o 413 4.3
o 412 4.3
o 411 4.3
o 410 4.3
o 409 4.3
o 408 4.3
o 407 4.3
o 406 4.3
o 405 4.3
o 404 4.3
o 403 4.3
o 402 4.3
o 401 4.3
o 400 4.3
o 399 4.3
o 398 4.3
o 397 4.3
o 396 4.3
o 395 4.3
o 394 4.3
o 393 4.3
o 392 4.3
o 391 4.3
o 390 4.3
o 389 4.3
o 388 4.3
o 387 4.3
o 386 4.3
o 385 4.3
o 384 4.3
o 383 4.3
o 382 4.3
o 381 4.3
o 380 4.3
o 379 4.31
o 378 4.31
o 377 4.31
o 376 4.31
o 375 4.31
o 374 4.31
o 373 4.31
o 372 4.31
o 371 4.31
o 370 4.31
o 369 4.31
o 368 4.31
o 367 4.31
o 366 4.31
o 365 4.31
o 364 4.31
o 363 4.31
o 362 4.31
o 361 4.31
o 360 4.31
o 359 4.31
o 358 4.31
o 357 4.31
o 356 4.31
o 355 4.31
o 354 4.31
o 353 4.31
o 352 4.31
o 351 4.31
o 350 4.31
o 349 4.31
o 348 4.31
o 347 4.31
o 346 4.31
o 345 4.31
o 344 4.31
o 343 4.31
o 342 4.31
o 341 4.31
o 340 4.31
o 339 4.31
o 338 4.31
o 337 4.31
o 336 4.31
o 335 4.31
o 334 4.31
o 333 4.31
o 332 4.31
o 331 4.31
o 330 4.31
o 329 4.31
o 328 4.31
o 327 4.31
o 326 4.31
o 325 4.31
o 324 4.31
o 323 4.31
o 322 4.31
o 321 4.31
o 320 4.31
o 319 4.32
o 318 4.32
o 317 4.32
o 316 4.32
o 315 4.32
o 314 4.32
o 313 4.32
o 312 4.32
o 311 4.32
o 310 4.32
o 309 4.32
o 308 4.32
o 307 4.32
o 306 4.32
o 305 4.32
o 304 4.32
o 303 4.32
o 302 4.32
o 301 4.32
o 300 4.32
o 299 4.32
o 298 4.32
o 297 4.32
o 296 4.32
o 295 4.32
o 294 4.32
o 293 4.32
o 292 4.32
o 291 4.32
o 290 4.32
o 289 4.32
o 288 4.32
o 287 4.32
o 286 4.32
o 285 4.32
o 284 4.32
o 283 4.32
o 282 4.32
o 281 4.32
o 280 4.32
o 279 4.32
o 278 4.32
278	4.32
decision-tree-tic-tac-toe-un-formula_0.8_2021_atleast_127_max-6_reduced_incomplete_tree
o 391 3.08
o 390 3.17
o 389 3.17
o 388 3.17
o 387 3.17
o 386 3.17
o 385 3.17
o 384 3.17
o 383 3.17
o 382 3.17
o 381 3.17
o 380 3.17
o 379 3.17
o 378 3.17
o 377 3.17
o 376 3.17
o 375 3.17
o 374 3.17
o 373 3.17
o 372 3.17
o 371 3.17
o 370 3.17
o 369 3.17
o 368 3.17
o 367 3.17
o 366 3.17
o 365 3.18
o 364 3.18
o 363 3.18
o 362 3.18
o 361 3.18
o 360 3.18
o 359 3.18
o 358 3.18
o 357 3.18
o 356 3.18
o 355 3.18
o 354 3.18
o 353 3.18
o 352 3.18
o 351 3.18
o 350 3.18
o 349 3.18
o 348 3.18
o 347 3.18
o 346 3.18
o 345 3.18
o 344 3.18
o 343 3.18
o 342 3.18
o 341 3.18
o 340 3.18
o 339 3.18
o 338 3.18
o 337 3.18
o 336 3.18
o 335 3.18
o 334 3.18
o 333 3.18
o 332 3.18
332	3.18
decision-tree-tic-tac-toe-un-formula_0.8_2021_atleast_127_max-6_reduced_incomplete_tree
o 416 3.42
o 415 3.54
o 414 3.54
o 413 3.54
o 412 3.54
o 411 3.54
o 410 3.54
o 409 3.54
o 408 3.54
o 407 3.54
o 406 3.54
o 405 3.54
o 404 3.54
o 403 3.54
o 402 3.54
o 401 3.54
o 400 3.54
o 399 3.54
o 398 3.54
o 397 3.54
o 396 3.54
o 395 3.54
o 394 3.54
o 393 3.54
o 392 3.54
o 391 3.54
o 390 3.54
o 389 3.54
o 388 3.54
o 387 3.54
o 386 3.54
o 385 3.54
o 384 3.54
o 383 3.54
o 382 3.54
o 381 3.54
o 380 3.54
o 379 3.54
o 378 3.54
o 377 3.54
o 376 3.54
o 375 3.54
o 374 3.54
o 373 3.54
o 372 3.54
o 371 3.54
o 370 3.54
o 369 3.54
o 368 3.54
o 367 3.54
o 366 3.54
o 365 3.54
365	3.54
decision-tree-tic-tac-toe-un-formula_0.8_2021_atleast_127_max-6_reduced_incomplete_tree
o 519 2.43
o 518 2.51
o 517 2.51
o 516 2.51
o 515 2.51
o 514 2.51
o 513 2.51
o 512 2.51
o 511 2.51
o 510 2.51
o 509 2.51
o 508 2.51
o 507 2.51
o 506 2.51
o 505 2.51
o 504 2.51
o 503 2.51
o 502 2.51
o 501 2.51
o 500 2.51
o 499 2.51
o 498 2.51
o 497 2.51
o 496 2.51
o 495 2.51
o 494 2.51
o 493 2.51
o 492 2.51
o 491 2.51
o 490 2.51
o 489 2.51
o 488 2.51
o 487 2.51
o 486 2.51
o 485 2.51
o 484 2.51
o 483 2.51
o 482 2.51
o 481 2.51
o 480 2.51
o 479 2.51
o 478 2.51
o 477 2.51
o 476 2.51
o 475 2.51
o 474 2.51
o 473 2.51
o 472 2.51
o 471 2.51
o 470 2.51
o 469 2.51
o 468 2.51
o 467 2.51
o 466 2.51
o 465 2.51
o 464 2.51
o 463 2.52
o 462 2.52
o 461 2.52
o 460 2.52
o 459 2.52
o 458 2.52
o 457 2.52
o 456 2.52
o 455 2.52
o 454 2.52
o 453 2.52
o 452 2.52
o 451 2.52
o 450 2.52
o 449 2.52
o 448 2.52
o 447 2.52
o 446 2.52
o 445 2.52
o 444 2.52
o 443 2.52
o 442 2.52
o 441 2.52
o 440 2.52
o 439 2.52
o 438 2.52
o 437 2.52
o 436 2.52
o 435 2.52
o 434 2.52
o 433 2.52
o 432 2.52
o 431 2.52
o 430 2.52
o 429 2.52
o 428 2.52
o 427 2.52
o 426 2.52
o 425 2.52
o 424 2.52
o 423 2.52
o 422 2.52
o 421 2.52
o 420 2.52
o 419 2.52
o 418 2.52
o 417 2.52
o 416 2.52
o 415 2.52
o 414 2.52
o 413 2.52
o 412 2.52
o 411 2.52
o 410 2.52
o 409 2.52
o 408 2.52
o 407 2.52
o 406 2.52
o 405 2.52
o 404 2.52
o 403 2.52
o 402 2.52
o 401 2.52
o 400 2.52
o 399 2.52
o 398 2.52
o 397 2.52
o 396 2.52
o 395 2.52
o 394 2.52
o 393 2.53
o 392 2.53
o 391 2.53
o 390 2.53
o 389 2.53
o 388 2.53
o 387 2.53
o 386 2.53
o 385 2.53
o 384 2.53
o 383 2.53
o 382 2.53
o 381 2.53
o 380 2.53
o 379 2.53
o 378 2.53
o 377 2.53
o 376 2.53
o 375 2.53
o 374 2.53
o 373 2.53
o 372 2.53
o 371 2.53
o 370 2.53
o 369 2.53
o 368 2.53
o 367 2.53
o 366 2.53
o 365 2.53
o 364 2.53
o 363 2.53
o 362 2.53
o 361 2.53
o 360 2.53
o 359 2.53
o 358 2.53
o 357 2.53
o 356 2.53
o 355 2.53
o 354 2.53
o 353 2.53
o 352 2.53
o 351 2.53
o 350 2.53
o 349 2.53
o 348 2.53
o 347 2.53
o 346 2.53
o 345 2.53
o 344 2.53
o 343 2.53
o 342 2.53
o 341 2.53
o 340 2.53
o 339 2.53
o 338 2.53
o 337 2.53
o 336 2.53
o 335 2.53
o 334 2.53
o 333 2.53
o 332 2.53
332	2.53
decision-tree-tic-tac-toe-un-formula_0.8_2021_atleast_127_max-6_reduced_incomplete_tree
o 464 2.91
o 463 2.97
o 462 2.97
o 461 2.97
o 460 2.97
o 459 2.97
o 458 2.97
o 457 2.97
o 456 2.97
o 455 2.97
o 454 2.97
o 453 2.97
o 452 2.97
o 451 2.97
o 450 2.97
o 449 2.97
o 448 2.97
o 447 2.97
o 446 2.97
o 445 2.97
o 444 2.97
o 443 2.97
o 442 2.97
o 441 2.97
o 440 2.98
o 439 2.98
o 438 2.98
o 437 2.98
o 436 2.98
o 435 2.98
o 434 2.98
o 433 2.98
o 432 2.98
o 431 2.98
o 430 2.98
o 429 2.98
o 428 2.98
o 427 2.98
o 426 2.98
o 425 2.98
o 424 2.98
o 423 2.98
o 422 2.98
o 421 2.98
o 420 2.98
o 419 2.98
o 418 2.98
o 417 2.98
o 416 2.98
o 415 2.98
o 414 2.98
o 413 2.98
o 412 2.98
o 411 2.98
o 410 2.98
o 409 2.98
o 408 2.98
o 407 2.98
o 406 2.98
o 405 2.98
o 404 2.98
o 403 2.98
o 402 2.98
o 401 2.98
o 400 2.98
o 399 2.98
o 398 2.98
o 397 2.98
o 396 2.98
o 395 2.98
o 394 2.98
o 393 2.98
o 392 2.98
o 391 2.98
o 390 2.98
o 389 2.98
o 388 2.98
o 387 2.98
o 386 2.98
o 385 2.98
o 384 2.98
o 383 2.98
o 382 2.98
o 381 2.98
o 380 2.98
o 379 2.98
o 378 2.98
o 377 2.98
o 376 2.98
o 375 2.98
o 374 2.98
o 373 2.98
o 372 2.98
o 371 2.98
o 370 2.98
o 369 2.98
o 368 2.98
o 367 2.98
o 366 2.98
o 365 2.98
o 364 2.98
o 363 2.98
o 362 2.98
o 361 2.98
o 360 2.98
o 359 2.98
o 358 2.98
o 357 2.98
o 356 2.98
o 355 2.98
o 354 2.98
o 353 2.98
o 352 2.98
o 351 2.99
o 350 2.99
o 349 2.99
o 348 2.99
o 347 2.99
o 346 2.99
o 345 2.99
o 344 2.99
o 343 2.99
o 342 2.99
o 341 2.99
o 340 2.99
o 339 2.99
o 338 2.99
o 337 2.99
o 336 2.99
o 335 2.99
o 334 2.99
o 333 2.99
o 332 2.99
o 331 2.99
o 330 2.99
o 329 2.99
o 328 2.99
o 327 2.99
o 326 2.99
o 325 2.99
o 324 2.99
o 323 2.99
o 322 2.99
o 321 2.99
o 320 2.99
o 319 2.99
o 318 2.99
o 317 2.99
o 316 2.99
o 315 2.99
o 314 2.99
o 313 2.99
313	2.99
