judgment-aggregation-ja-maxham-preflib-00049-00000260
o 74 0.22
o 55 1.37
o 53 1.38
o 52 18.21
52	18.21
judgment-aggregation-ja-maxham-preflib-00049-00000260
o 75 0.11
o 61 0.7
o 57 0.74
o 56 0.74
o 55 0.74
o 54 15.41
o 53 15.41
53	15.41
judgment-aggregation-ja-maxham-preflib-00049-00000260
o 81 0.17
o 56 1.37
o 55 1.4
o 54 1.51
o 53 1.58
o 52 1.63
52	1.63
judgment-aggregation-ja-maxham-preflib-00049-00000260
o 80 0.1
o 65 0.52
o 59 0.56
o 58 0.68
o 57 0.68
o 56 0.69
o 55 0.69
o 54 14.74
o 53 14.89
o 52 91.86
o 51 92.02
51	92.02
judgment-aggregation-ja-maxham-preflib-00049-00000260
o 76 0.11
o 59 0.55
o 58 0.55
o 57 0.56
o 56 0.56
o 55 0.6
o 54 0.68
o 53 14.74
o 52 31.06
52	31.06
judgment-aggregation-ja-maxham-preflib-00049-00000260
o 77 0.14
o 74 1.14
o 59 1.19
o 58 1.2
o 57 1.23
o 56 1.32
o 55 1.39
o 54 1.61
o 53 4.13
53	4.13
judgment-aggregation-ja-maxham-preflib-00049-00000260
o 82 0.1
o 55 0.61
o 54 0.74
o 53 109.68
o 52 151.26
o 51 151.95
51	151.95
judgment-aggregation-ja-maxham-preflib-00049-00000260
o 76 0.1
o 56 0.56
o 55 0.56
o 54 0.61
o 53 0.63
o 52 271.78
52	271.78
judgment-aggregation-ja-maxham-preflib-00049-00000260
o 78 0.13
o 62 0.65
o 58 0.76
o 57 0.87
o 53 16.18
o 52 140.46
52	140.46
judgment-aggregation-ja-maxham-preflib-00049-00000260
o 77 0.11
o 74 0.35
o 57 0.63
o 56 0.63
o 54 0.66
o 53 11.74
o 52 59.02
o 51 68.31
51	68.31
