judgment-aggregation-ja-maxham-preflib-00049-00000071
o 60 0.11
o 50 0.7
o 49 0.86
o 48 57.34
48	57.34
judgment-aggregation-ja-maxham-preflib-00049-00000071
o 63 0.09
o 53 0.52
o 52 0.55
o 50 0.56
o 49 67.88
o 48 135.96
o 47 147.17
47	147.17
judgment-aggregation-ja-maxham-preflib-00049-00000071
o 66 0.1
o 61 0.76
o 59 0.79
o 54 0.81
o 53 0.83
o 52 1.12
o 51 17.02
o 50 18.74
o 48 51.12
o 47 51.17
47	51.17
judgment-aggregation-ja-maxham-preflib-00049-00000071
o 64 0.15
o 53 1.02
o 52 1.05
o 51 1.05
o 50 13.15
o 49 31.74
o 48 183.84
48	183.84
judgment-aggregation-ja-maxham-preflib-00049-00000071
o 62 0.1
o 55 0.64
o 54 0.67
o 53 0.69
o 52 0.7
o 51 17.14
o 50 25.03
o 49 25.07
o 48 107.7
o 47 108.23
47	108.23
judgment-aggregation-ja-maxham-preflib-00049-00000071
o 64 0.11
o 52 0.7
o 50 0.8
o 49 68.39
o 48 165.37
48	165.37
judgment-aggregation-ja-maxham-preflib-00049-00000071
o 65 0.1
o 56 0.59
o 52 0.7
o 51 0.74
o 50 0.76
o 49 18
o 48 50.42
48	50.42
judgment-aggregation-ja-maxham-preflib-00049-00000071
o 64 0.1
o 62 0.44
o 59 0.58
o 58 0.58
o 57 0.61
o 56 0.7
o 54 18.55
o 53 18.59
o 52 18.64
o 51 26.29
o 50 26.31
o 49 62.05
49	62.05
judgment-aggregation-ja-maxham-preflib-00049-00000071
o 63 0.1
o 54 0.74
o 52 0.79
o 51 0.79
o 50 17.04
o 49 96.08
o 48 96.11
48	96.11
judgment-aggregation-ja-maxham-preflib-00049-00000071
o 62 0.09
o 58 0.57
o 55 0.68
o 54 0.7
o 53 1.21
o 52 19.04
o 51 19.05
o 50 34.89
o 49 50.66
o 48 144.82
o 47 160.54
47	160.54
