judgment-aggregation-ja-maxham-preflib-00049-00000540
o 70 0.09
o 55 0.72
o 53 0.76
o 52 0.77
o 51 111.5
51	111.5
judgment-aggregation-ja-maxham-preflib-00049-00000540
o 63 0.11
o 61 0.8
o 57 0.88
o 56 0.88
o 55 0.95
o 54 18.02
o 53 34.05
o 52 34.41
o 51 34.5
51	34.5
judgment-aggregation-ja-maxham-preflib-00049-00000540
o 68 0.35
o 59 2.45
o 58 2.58
o 56 2.61
o 55 2.61
o 54 2.73
o 53 8.04
o 52 21.22
52	21.22
judgment-aggregation-ja-maxham-preflib-00049-00000540
o 67 0.28
o 59 2.31
o 57 2.34
o 55 21.24
o 54 39.77
o 53 39.83
o 52 139.57
52	139.57
judgment-aggregation-ja-maxham-preflib-00049-00000540
o 68 0.12
o 59 1.14
o 58 1.27
o 57 1.49
o 54 17.48
o 53 17.49
o 52 17.59
52	17.59
judgment-aggregation-ja-maxham-preflib-00049-00000540
o 65 0.09
o 58 0.76
o 57 0.79
o 56 0.8
o 55 0.8
o 54 0.85
o 53 39.16
o 52 45.64
52	45.64
judgment-aggregation-ja-maxham-preflib-00049-00000540
o 71 0.14
o 55 1.12
o 52 1.18
52	1.18
judgment-aggregation-ja-maxham-preflib-00049-00000540
o 65 0.1
o 53 0.83
o 52 0.88
52	0.88
judgment-aggregation-ja-maxham-preflib-00049-00000540
o 64 0.13
o 56 1.03
o 53 1.06
o 52 1.77
52	1.77
judgment-aggregation-ja-maxham-preflib-00049-00000540
o 72 0.09
o 55 0.67
o 54 0.72
o 53 0.75
o 52 294.43
52	294.43
