judgment-aggregation-ja-slater-preflib-00049-00000468
o 358 0.11
o 357 0.12
o 356 0.12
o 355 0.12
o 354 0.12
o 353 0.12
o 352 0.12
o 350 0.12
o 349 0.12
o 348 0.12
o 347 0.12
o 346 0.12
o 345 0.12
o 344 0.12
o 343 0.12
o 342 0.12
o 341 0.12
o 340 0.12
o 339 0.12
o 337 0.12
o 336 0.12
o 335 0.12
o 334 0.12
o 333 0.12
o 330 0.12
o 328 0.12
o 327 0.12
o 326 0.12
o 325 0.12
o 324 0.12
o 323 0.12
o 322 0.12
o 321 0.12
o 320 0.12
o 319 0.12
o 318 0.12
o 317 0.12
o 316 0.12
o 315 0.12
o 314 0.12
o 313 0.13
o 312 0.13
o 311 0.13
o 310 0.13
o 309 0.13
o 305 0.13
o 303 0.13
o 302 0.13
o 275 1.3
o 274 1.3
o 273 70.17
o 272 132.27
o 271 132.4
o 270 132.42
o 269 223.89
269	223.89
judgment-aggregation-ja-slater-preflib-00049-00000468
o 369 0.08
o 368 0.08
o 367 0.08
o 366 0.08
o 365 0.08
o 364 0.08
o 363 0.08
o 362 0.08
o 361 0.08
o 360 0.08
o 359 0.08
o 358 0.08
o 357 0.08
o 356 0.08
o 355 0.08
o 354 0.08
o 353 0.08
o 352 0.09
o 351 0.09
o 350 0.09
o 349 0.09
o 348 0.09
o 347 0.09
o 346 0.09
o 345 0.09
o 344 0.09
o 343 0.09
o 342 0.09
o 341 0.09
o 340 0.09
o 339 0.09
o 338 0.09
o 337 0.09
o 336 0.09
o 335 0.09
o 334 0.09
o 333 0.09
o 332 0.09
o 331 0.09
o 330 0.09
o 329 0.09
o 328 0.09
o 327 0.09
o 326 0.09
o 325 0.09
o 324 0.09
o 323 0.09
o 322 0.09
o 321 0.09
o 320 0.09
o 319 0.09
o 318 0.09
o 317 0.09
o 316 0.09
o 315 0.09
o 314 0.09
o 313 0.09
o 312 0.09
o 311 0.09
o 291 0.09
o 290 0.49
o 275 0.53
o 273 0.53
o 272 0.53
o 270 0.54
o 269 2.12
269	2.12
judgment-aggregation-ja-slater-preflib-00049-00000468
o 354 0.42
o 353 0.46
o 352 0.46
o 351 0.46
o 350 0.46
o 349 0.46
o 348 0.46
o 347 0.47
o 346 0.47
o 345 0.47
o 344 0.47
o 343 0.47
o 342 0.47
o 341 0.47
o 339 0.47
o 338 0.47
o 337 0.47
o 336 0.47
o 335 0.47
o 334 0.47
o 333 0.47
o 332 0.47
o 331 0.47
o 330 0.47
o 329 0.47
o 328 0.48
o 327 0.48
o 326 0.48
o 325 0.48
o 323 0.48
o 322 0.48
o 321 0.48
o 320 0.48
o 319 0.48
o 318 0.49
o 317 0.49
o 316 0.49
o 315 0.49
o 314 0.49
o 313 0.49
o 312 0.49
o 311 0.49
o 310 0.49
o 281 3.66
o 279 3.68
o 278 10.69
o 277 10.69
o 276 12.68
o 275 13.85
o 274 13.85
o 273 77.56
o 272 88.44
o 271 90.54
o 270 95.26
o 269 97.32
269	97.32
judgment-aggregation-ja-slater-preflib-00049-00000468
o 359 0.15
o 358 0.16
o 357 0.16
o 356 0.16
o 355 0.17
o 354 0.17
o 353 0.17
o 352 0.17
o 351 0.17
o 350 0.17
o 349 0.17
o 348 0.17
o 347 0.17
o 346 0.17
o 345 0.17
o 344 0.17
o 343 0.17
o 342 0.17
o 341 0.17
o 340 0.17
o 339 0.17
o 338 0.17
o 337 0.17
o 336 0.17
o 335 0.17
o 334 0.17
o 333 0.17
o 331 0.17
o 330 0.17
o 329 0.17
o 328 0.17
o 326 0.17
o 324 0.17
o 323 0.17
o 322 0.17
o 321 0.17
o 320 0.17
o 311 0.18
o 287 1.15
o 284 1.15
o 282 1.15
o 277 1.16
o 276 1.17
o 275 1.17
o 272 1.18
o 271 1.2
o 270 1.27
o 269 1.55
269	1.55
judgment-aggregation-ja-slater-preflib-00049-00000468
o 359 0.07
o 358 0.08
o 357 0.08
o 356 0.08
o 355 0.08
o 354 0.08
o 353 0.08
o 352 0.08
o 351 0.08
o 350 0.08
o 349 0.08
o 348 0.08
o 347 0.08
o 346 0.08
o 345 0.08
o 344 0.08
o 343 0.08
o 342 0.08
o 341 0.08
o 340 0.08
o 339 0.08
o 338 0.08
o 337 0.08
o 336 0.08
o 335 0.08
o 334 0.08
o 333 0.08
o 332 0.08
o 282 0.34
o 274 0.34
o 271 0.35
o 270 240.89
o 269 241.66
269	241.66
judgment-aggregation-ja-slater-preflib-00049-00000468
o 353 0.14
o 352 0.15
o 351 0.15
o 350 0.15
o 349 0.15
o 347 0.15
o 346 0.15
o 345 0.15
o 344 0.15
o 343 0.15
o 342 0.15
o 341 0.15
o 340 0.15
o 339 0.15
o 338 0.15
o 337 0.15
o 336 0.15
o 335 0.15
o 334 0.16
o 333 0.16
o 332 0.16
o 331 0.16
o 330 0.16
o 329 0.16
o 328 0.16
o 327 0.16
o 326 0.16
o 325 0.16
o 324 0.16
o 323 0.16
o 322 0.16
o 321 0.16
o 320 0.16
o 319 0.16
o 318 0.16
o 317 0.16
o 316 0.16
o 315 0.16
o 314 0.16
o 313 0.16
o 311 0.16
o 287 1.09
o 278 1.11
o 277 1.11
o 275 1.15
o 274 29.89
o 273 29.89
o 272 269.87
o 271 285.27
271	285.27
judgment-aggregation-ja-slater-preflib-00049-00000468
o 360 0.11
o 359 0.12
o 358 0.12
o 357 0.12
o 356 0.12
o 355 0.12
o 354 0.12
o 353 0.12
o 352 0.12
o 351 0.12
o 350 0.12
o 349 0.12
o 348 0.12
o 347 0.12
o 346 0.12
o 345 0.12
o 344 0.12
o 343 0.12
o 342 0.12
o 341 0.12
o 340 0.12
o 339 0.12
o 338 0.12
o 337 0.12
o 336 0.12
o 335 0.12
o 334 0.12
o 333 0.12
o 332 0.12
o 331 0.12
o 329 0.12
o 328 0.12
o 326 0.12
o 325 0.12
o 324 0.12
o 323 0.12
o 322 0.12
o 321 0.12
o 320 0.12
o 318 0.12
o 317 0.13
o 316 0.13
o 315 0.13
o 279 0.7
o 278 0.76
o 276 0.77
o 275 14.22
o 274 120.08
o 273 120.51
o 272 121.87
o 271 121.88
o 270 126.68
o 269 131.23
269	131.23
judgment-aggregation-ja-slater-preflib-00049-00000468
o 370 0.16
o 369 0.17
o 368 0.17
o 367 0.17
o 366 0.17
o 365 0.17
o 364 0.17
o 363 0.17
o 362 0.18
o 361 0.18
o 360 0.18
o 359 0.18
o 358 0.18
o 357 0.18
o 356 0.18
o 355 0.18
o 354 0.18
o 353 0.18
o 352 0.18
o 351 0.18
o 350 0.18
o 349 0.18
o 348 0.19
o 347 0.19
o 341 0.19
o 340 0.19
o 338 0.19
o 337 0.19
o 334 0.19
o 333 0.2
o 329 0.2
o 328 0.2
o 273 1.28
o 272 1.38
o 271 58.69
o 270 58.7
o 269 104.11
269	104.11
judgment-aggregation-ja-slater-preflib-00049-00000468
o 355 0.1
o 354 0.1
o 353 0.1
o 352 0.1
o 351 0.1
o 350 0.1
o 349 0.1
o 348 0.1
o 347 0.1
o 346 0.1
o 345 0.1
o 343 0.1
o 342 0.1
o 341 0.1
o 340 0.1
o 339 0.1
o 338 0.1
o 337 0.1
o 336 0.11
o 335 0.11
o 334 0.11
o 333 0.11
o 332 0.11
o 331 0.11
o 330 0.11
o 329 0.11
o 328 0.11
o 324 0.11
o 323 0.11
o 322 0.11
o 321 0.11
o 319 0.11
o 318 0.11
o 317 0.11
o 315 0.11
o 314 0.11
o 311 0.11
o 308 0.11
o 307 0.11
o 306 0.11
o 305 0.11
o 303 0.11
o 302 0.11
o 275 0.88
o 274 0.89
o 273 0.94
o 272 29.96
o 271 30.38
o 270 33.75
o 269 186.93
269	186.93
judgment-aggregation-ja-slater-preflib-00049-00000468
o 352 0.08
o 351 0.08
o 350 0.08
o 349 0.08
o 348 0.08
o 347 0.08
o 346 0.08
o 345 0.08
o 344 0.08
o 343 0.08
o 342 0.08
o 341 0.08
o 340 0.08
o 339 0.08
o 338 0.08
o 337 0.08
o 336 0.08
o 335 0.08
o 334 0.08
o 333 0.08
o 332 0.08
o 330 0.08
o 329 0.08
o 328 0.08
o 327 0.08
o 326 0.08
o 325 0.08
o 324 0.08
o 323 0.08
o 322 0.08
o 321 0.08
o 320 0.08
o 319 0.08
o 318 0.08
o 317 0.08
o 316 0.08
o 315 0.08
o 281 0.43
o 280 0.44
o 279 0.46
o 278 0.47
o 276 0.48
o 275 0.5
o 274 38.73
o 273 39.92
o 272 40.19
o 271 41.59
o 270 98.46
o 269 98.83
269	98.83
