judgment-aggregation-ja-slater-preflib-00049-00000135
o 387 0.11
o 386 0.12
o 385 0.12
o 384 0.12
o 383 0.12
o 382 0.12
o 381 0.12
o 380 0.12
o 379 0.12
o 378 0.12
o 377 0.12
o 376 0.12
o 375 0.12
o 374 0.12
o 373 0.12
o 372 0.12
o 371 0.12
o 370 0.12
o 369 0.12
o 368 0.12
o 367 0.12
o 366 0.12
o 365 0.12
o 364 0.12
o 363 0.12
o 362 0.12
o 361 0.12
o 360 0.12
o 359 0.12
o 358 0.12
o 357 0.12
o 356 0.13
o 355 0.13
o 354 0.13
o 353 0.13
o 352 0.13
o 351 0.13
o 349 0.13
o 348 0.13
o 347 0.13
o 346 0.13
o 345 0.13
o 344 0.13
o 343 0.13
o 342 0.13
o 341 0.13
o 340 0.13
o 339 0.13
o 338 0.13
o 337 0.13
o 336 0.13
o 335 0.13
o 334 0.13
o 333 0.13
o 332 0.13
o 331 0.13
o 330 0.13
o 329 0.13
o 328 0.13
o 327 0.13
o 326 0.13
o 325 0.13
o 324 0.13
o 323 0.13
o 322 0.13
o 321 0.13
o 320 0.13
o 319 0.13
o 318 0.13
o 317 0.13
o 316 0.13
o 309 0.13
o 308 0.13
o 307 0.13
o 306 0.13
o 304 0.13
o 303 0.13
o 302 0.13
o 301 0.13
o 300 0.13
o 299 0.13
o 298 0.13
o 297 0.13
o 296 0.13
o 295 0.13
o 294 0.13
o 293 0.13
o 292 0.13
o 291 0.13
o 290 0.13
o 253 0.56
o 250 0.56
o 249 0.56
o 248 3.87
o 247 148.25
o 246 285.35
246	285.35
judgment-aggregation-ja-slater-preflib-00049-00000135
o 366 0.13
o 365 0.13
o 364 0.13
o 363 0.13
o 362 0.13
o 361 0.13
o 360 0.13
o 359 0.13
o 358 0.13
o 357 0.13
o 356 0.13
o 355 0.13
o 354 0.13
o 353 0.13
o 352 0.13
o 351 0.13
o 350 0.13
o 349 0.13
o 348 0.13
o 347 0.13
o 346 0.13
o 345 0.13
o 344 0.13
o 343 0.13
o 342 0.14
o 341 0.14
o 340 0.14
o 339 0.14
o 338 0.14
o 337 0.14
o 336 0.14
o 335 0.14
o 334 0.14
o 333 0.14
o 332 0.14
o 331 0.14
o 330 0.14
o 329 0.14
o 328 0.14
o 327 0.14
o 326 0.14
o 325 0.14
o 324 0.14
o 323 0.14
o 322 0.14
o 321 0.14
o 320 0.14
o 319 0.14
o 317 0.14
o 315 0.14
o 314 0.14
o 313 0.14
o 312 0.14
o 311 0.14
o 310 0.14
o 309 0.14
o 308 0.14
o 307 0.14
o 306 0.14
o 305 0.14
o 304 0.14
o 303 0.14
o 302 0.14
o 301 0.14
o 300 0.14
o 299 0.14
o 298 0.14
o 297 0.14
o 296 0.14
o 295 0.14
o 294 0.14
o 293 0.14
o 292 0.14
o 291 0.14
o 289 0.14
o 288 0.14
o 287 0.14
o 286 0.14
o 285 0.14
o 284 0.14
o 283 0.14
o 282 0.14
o 281 0.14
o 280 0.14
o 259 0.72
o 253 0.72
o 252 0.73
o 251 0.73
o 249 0.74
o 248 0.78
o 247 41.24
247	41.24
judgment-aggregation-ja-slater-preflib-00049-00000135
o 378 0.09
o 377 0.1
o 376 0.1
o 375 0.1
o 374 0.1
o 373 0.1
o 372 0.1
o 371 0.1
o 370 0.1
o 369 0.1
o 368 0.1
o 367 0.1
o 366 0.1
o 365 0.1
o 364 0.1
o 363 0.1
o 362 0.1
o 361 0.1
o 360 0.1
o 359 0.1
o 358 0.1
o 357 0.1
o 356 0.1
o 355 0.1
o 354 0.1
o 353 0.1
o 352 0.1
o 351 0.1
o 350 0.1
o 349 0.1
o 348 0.1
o 347 0.1
o 346 0.1
o 345 0.1
o 344 0.1
o 343 0.1
o 342 0.1
o 341 0.1
o 340 0.1
o 339 0.1
o 338 0.1
o 337 0.1
o 336 0.1
o 335 0.1
o 334 0.1
o 333 0.1
o 331 0.1
o 329 0.1
o 328 0.1
o 327 0.1
o 326 0.1
o 324 0.1
o 323 0.1
o 322 0.1
o 321 0.1
o 320 0.1
o 319 0.1
o 318 0.1
o 317 0.1
o 316 0.1
o 315 0.1
o 314 0.1
o 313 0.1
o 312 0.1
o 308 0.1
o 307 0.1
o 306 0.1
o 305 0.1
o 304 0.1
o 303 0.1
o 301 0.1
o 287 0.1
o 286 0.1
o 285 0.1
o 284 0.1
o 283 0.1
o 249 0.38
o 248 4.99
o 247 5.75
o 246 38.73
246	38.73
judgment-aggregation-ja-slater-preflib-00049-00000135
o 376 0.1
o 375 0.11
o 374 0.11
o 373 0.11
o 372 0.11
o 371 0.11
o 370 0.11
o 369 0.11
o 368 0.11
o 366 0.11
o 365 0.11
o 364 0.11
o 363 0.11
o 362 0.11
o 361 0.11
o 360 0.11
o 359 0.11
o 357 0.11
o 356 0.11
o 355 0.11
o 354 0.11
o 353 0.11
o 352 0.11
o 351 0.11
o 350 0.11
o 349 0.11
o 348 0.11
o 347 0.11
o 346 0.11
o 345 0.11
o 344 0.11
o 343 0.11
o 342 0.11
o 341 0.11
o 340 0.11
o 339 0.11
o 338 0.11
o 337 0.11
o 336 0.11
o 335 0.11
o 334 0.11
o 333 0.11
o 332 0.11
o 331 0.11
o 330 0.11
o 329 0.11
o 328 0.11
o 327 0.11
o 326 0.11
o 325 0.11
o 324 0.11
o 323 0.11
o 322 0.11
o 321 0.11
o 320 0.11
o 319 0.11
o 318 0.11
o 317 0.11
o 316 0.11
o 315 0.11
o 311 0.11
o 310 0.11
o 309 0.11
o 308 0.11
o 305 0.11
o 304 0.11
o 303 0.11
o 302 0.11
o 301 0.11
o 300 0.11
o 299 0.11
o 298 0.11
o 297 0.11
o 296 0.11
o 295 0.11
o 294 0.11
o 292 0.11
o 291 0.11
o 290 0.11
o 289 0.11
o 288 0.11
o 287 0.11
o 286 0.11
o 285 0.11
o 284 0.11
o 281 0.11
o 280 0.11
o 279 0.11
o 278 0.11
o 277 0.11
o 276 0.11
o 275 0.11
o 274 0.11
o 255 0.45
o 254 0.46
o 250 0.47
o 249 28.12
o 248 28.99
o 247 29.18
o 246 229.39
246	229.4
judgment-aggregation-ja-slater-preflib-00049-00000135
o 372 0.18
o 371 0.19
o 370 0.19
o 369 0.19
o 368 0.19
o 367 0.19
o 366 0.19
o 365 0.19
o 364 0.19
o 363 0.19
o 362 0.19
o 361 0.19
o 360 0.19
o 359 0.19
o 358 0.19
o 357 0.19
o 356 0.19
o 355 0.19
o 354 0.19
o 353 0.19
o 352 0.19
o 351 0.19
o 350 0.19
o 349 0.19
o 348 0.19
o 347 0.19
o 346 0.19
o 345 0.19
o 344 0.19
o 343 0.19
o 342 0.19
o 341 0.19
o 340 0.19
o 339 0.19
o 338 0.19
o 337 0.19
o 336 0.19
o 335 0.19
o 334 0.19
o 333 0.19
o 332 0.19
o 331 0.19
o 330 0.19
o 329 0.19
o 328 0.19
o 327 0.19
o 326 0.19
o 325 0.19
o 323 0.19
o 322 0.19
o 321 0.19
o 320 0.19
o 319 0.19
o 318 0.19
o 317 0.19
o 316 0.19
o 315 0.19
o 314 0.19
o 313 0.19
o 312 0.19
o 311 0.19
o 310 0.19
o 309 0.19
o 308 0.19
o 307 0.19
o 306 0.2
o 305 0.2
o 304 0.2
o 303 0.2
o 302 0.2
o 301 0.2
o 300 0.2
o 299 0.2
o 298 0.2
o 297 0.2
o 293 0.2
o 292 0.2
o 291 0.2
o 290 0.2
o 289 0.2
o 288 0.2
o 286 0.2
o 285 0.2
o 284 0.2
o 282 0.2
o 281 0.2
o 279 0.2
o 278 0.2
o 277 0.2
o 276 0.2
o 275 0.2
o 274 0.2
o 273 0.2
o 272 0.2
o 271 0.2
o 270 0.2
o 256 1.09
o 252 1.1
o 249 1.1
o 248 1.51
o 247 43.92
o 246 44.13
246	44.13
judgment-aggregation-ja-slater-preflib-00049-00000135
o 361 0.14
o 360 0.14
o 359 0.14
o 358 0.14
o 357 0.15
o 356 0.15
o 355 0.15
o 354 0.15
o 353 0.15
o 352 0.15
o 351 0.15
o 350 0.15
o 349 0.15
o 348 0.15
o 347 0.15
o 346 0.15
o 345 0.15
o 344 0.15
o 343 0.15
o 342 0.15
o 341 0.15
o 340 0.15
o 339 0.15
o 338 0.15
o 337 0.15
o 336 0.15
o 335 0.15
o 334 0.15
o 333 0.15
o 332 0.15
o 331 0.15
o 330 0.15
o 329 0.15
o 328 0.15
o 327 0.15
o 326 0.15
o 325 0.15
o 324 0.15
o 323 0.15
o 322 0.15
o 320 0.15
o 319 0.15
o 318 0.15
o 317 0.15
o 316 0.15
o 315 0.15
o 314 0.15
o 313 0.15
o 312 0.15
o 311 0.15
o 310 0.15
o 309 0.15
o 308 0.15
o 307 0.15
o 306 0.15
o 305 0.15
o 304 0.15
o 303 0.15
o 302 0.15
o 301 0.15
o 300 0.15
o 293 0.16
o 292 0.16
o 256 0.86
o 255 0.86
o 251 0.87
o 250 16.23
o 249 17.68
o 248 17.7
o 247 22.45
o 246 39.22
246	39.22
judgment-aggregation-ja-slater-preflib-00049-00000135
o 375 0.16
o 374 0.17
o 373 0.17
o 372 0.17
o 371 0.18
o 370 0.18
o 369 0.18
o 368 0.18
o 366 0.18
o 365 0.18
o 364 0.18
o 363 0.18
o 362 0.18
o 361 0.18
o 360 0.18
o 359 0.18
o 358 0.18
o 357 0.18
o 356 0.18
o 355 0.18
o 354 0.18
o 353 0.18
o 352 0.18
o 351 0.18
o 350 0.18
o 349 0.18
o 348 0.18
o 347 0.18
o 346 0.18
o 345 0.18
o 344 0.18
o 343 0.18
o 342 0.18
o 341 0.18
o 340 0.18
o 339 0.18
o 338 0.18
o 337 0.18
o 336 0.18
o 335 0.18
o 334 0.18
o 333 0.18
o 332 0.18
o 331 0.18
o 330 0.18
o 329 0.18
o 328 0.18
o 327 0.18
o 326 0.18
o 325 0.18
o 323 0.18
o 322 0.18
o 321 0.18
o 319 0.18
o 318 0.18
o 317 0.18
o 316 0.18
o 315 0.18
o 314 0.18
o 313 0.18
o 312 0.18
o 311 0.18
o 310 0.18
o 309 0.18
o 308 0.18
o 307 0.18
o 306 0.18
o 305 0.18
o 304 0.18
o 303 0.18
o 302 0.18
o 301 0.18
o 300 0.18
o 299 0.18
o 298 0.18
o 297 0.18
o 296 0.18
o 295 0.18
o 294 0.18
o 293 0.18
o 292 0.18
o 291 0.18
o 285 0.19
o 273 1.05
o 260 1.1
o 248 1.13
o 247 1.43
247	1.43
judgment-aggregation-ja-slater-preflib-00049-00000135
o 362 0.15
o 361 0.16
o 360 0.16
o 359 0.16
o 358 0.16
o 357 0.16
o 356 0.16
o 355 0.16
o 354 0.16
o 353 0.16
o 352 0.16
o 351 0.16
o 350 0.16
o 349 0.16
o 348 0.16
o 347 0.16
o 346 0.16
o 345 0.16
o 344 0.16
o 343 0.16
o 342 0.16
o 341 0.16
o 340 0.16
o 339 0.16
o 338 0.16
o 337 0.16
o 336 0.16
o 335 0.16
o 334 0.16
o 333 0.16
o 332 0.16
o 331 0.16
o 330 0.16
o 329 0.16
o 328 0.16
o 327 0.16
o 326 0.16
o 325 0.16
o 324 0.16
o 323 0.16
o 322 0.16
o 321 0.16
o 320 0.16
o 319 0.16
o 318 0.16
o 317 0.16
o 316 0.16
o 315 0.16
o 314 0.16
o 313 0.16
o 312 0.16
o 311 0.16
o 310 0.16
o 309 0.16
o 291 0.17
o 290 0.17
o 289 0.17
o 288 0.17
o 287 0.17
o 284 0.17
o 283 0.17
o 282 0.17
o 281 0.17
o 280 0.17
o 279 0.17
o 278 0.17
o 277 0.17
o 275 0.17
o 251 1.1
o 250 1.11
o 249 1.11
o 248 1.2
o 247 1.21
o 246 1.22
246	1.22
judgment-aggregation-ja-slater-preflib-00049-00000135
o 374 0.09
o 373 0.1
o 372 0.1
o 371 0.1
o 370 0.1
o 369 0.1
o 368 0.1
o 367 0.1
o 366 0.1
o 365 0.1
o 364 0.1
o 363 0.1
o 362 0.1
o 361 0.1
o 360 0.1
o 359 0.1
o 358 0.1
o 357 0.1
o 356 0.1
o 355 0.1
o 354 0.1
o 353 0.1
o 352 0.1
o 351 0.1
o 350 0.1
o 349 0.1
o 348 0.1
o 347 0.1
o 346 0.1
o 345 0.1
o 344 0.1
o 343 0.1
o 342 0.1
o 341 0.1
o 340 0.1
o 339 0.1
o 338 0.1
o 337 0.1
o 336 0.1
o 335 0.1
o 334 0.1
o 333 0.1
o 332 0.1
o 331 0.1
o 330 0.1
o 329 0.1
o 328 0.1
o 327 0.1
o 326 0.1
o 325 0.1
o 324 0.1
o 323 0.1
o 322 0.1
o 321 0.1
o 319 0.1
o 318 0.1
o 317 0.1
o 316 0.1
o 315 0.1
o 314 0.1
o 313 0.1
o 310 0.1
o 309 0.1
o 308 0.1
o 307 0.1
o 306 0.1
o 303 0.1
o 302 0.1
o 301 0.1
o 300 0.1
o 299 0.1
o 298 0.1
o 297 0.1
o 296 0.1
o 295 0.1
o 294 0.1
o 293 0.1
o 291 0.1
o 290 0.1
o 289 0.1
o 288 0.1
o 287 0.1
o 286 0.1
o 283 0.1
o 281 0.1
o 280 0.1
o 254 0.36
o 253 0.37
o 252 0.37
o 251 0.38
o 250 3.12
o 249 132.33
o 248 135.59
o 247 137.69
o 246 151.17
246	151.17
judgment-aggregation-ja-slater-preflib-00049-00000135
o 368 0.12
o 367 0.12
o 366 0.12
o 365 0.12
o 364 0.12
o 363 0.12
o 362 0.13
o 361 0.13
o 360 0.13
o 359 0.13
o 358 0.13
o 357 0.13
o 356 0.13
o 355 0.13
o 354 0.13
o 353 0.13
o 352 0.13
o 351 0.13
o 350 0.13
o 349 0.13
o 348 0.13
o 347 0.13
o 346 0.13
o 345 0.13
o 344 0.13
o 343 0.13
o 342 0.13
o 341 0.13
o 340 0.13
o 339 0.13
o 338 0.13
o 337 0.13
o 336 0.13
o 335 0.13
o 334 0.13
o 333 0.13
o 332 0.13
o 331 0.13
o 330 0.13
o 329 0.13
o 328 0.13
o 327 0.13
o 326 0.13
o 325 0.13
o 324 0.13
o 323 0.13
o 322 0.13
o 321 0.13
o 320 0.13
o 319 0.13
o 318 0.13
o 317 0.13
o 316 0.13
o 315 0.13
o 314 0.13
o 313 0.13
o 312 0.13
o 311 0.13
o 310 0.13
o 309 0.13
o 308 0.13
o 307 0.13
o 306 0.13
o 305 0.13
o 304 0.13
o 303 0.13
o 302 0.13
o 301 0.13
o 300 0.13
o 299 0.13
o 298 0.13
o 297 0.13
o 296 0.13
o 295 0.13
o 294 0.13
o 292 0.13
o 291 0.13
o 286 0.13
o 283 0.13
o 282 0.13
o 276 0.13
o 270 0.53
o 269 0.53
o 262 0.53
o 261 0.53
o 258 0.54
o 255 0.54
o 254 0.54
o 252 0.55
o 248 0.63
o 247 11.72
o 246 11.89
246	11.89
