min-fill-MinFill_R0_mulsol.i.1
o 1897 11.07
o 1896 11.22
o 1895 11.22
o 1894 11.22
o 1893 11.22
o 1892 11.22
o 1891 11.22
o 1890 11.22
o 1889 11.22
o 1888 11.22
o 1887 11.22
o 1886 11.22
o 1885 11.22
o 1884 11.22
o 1883 11.22
o 1882 11.22
o 1881 11.22
o 1880 11.22
o 1879 11.22
o 1878 11.22
o 1877 11.22
o 1876 11.22
o 1875 11.22
o 1874 11.22
o 1873 11.22
o 1872 11.22
o 1871 11.22
o 1870 11.22
o 1869 11.22
o 1868 11.22
o 1867 11.23
o 1866 11.23
o 1865 11.23
o 1864 11.23
o 1863 11.23
o 1862 11.23
o 1861 11.23
o 1860 11.23
o 1859 11.23
o 1858 11.23
o 1857 11.23
o 1856 11.23
o 1855 11.23
o 1854 11.23
o 1853 11.23
o 1852 11.23
o 1851 11.23
o 1850 11.23
o 1849 11.23
o 1848 11.23
o 1847 11.23
o 1846 11.23
o 1845 11.23
o 1844 11.23
o 1843 11.23
o 1842 11.23
o 1841 11.23
o 1840 11.23
o 1839 11.23
o 1838 11.23
o 1837 11.23
o 1836 11.23
o 1835 11.23
o 1834 11.23
o 1833 11.23
o 1832 11.23
o 1831 11.23
o 1830 11.23
o 1829 11.23
o 1828 11.23
o 1827 11.23
o 1826 11.23
o 1825 11.23
o 1824 11.23
o 1823 11.23
o 1822 11.23
o 1821 11.23
o 1820 11.23
o 1819 11.23
o 1818 11.23
o 1817 11.23
o 1816 11.23
o 1815 11.23
o 1814 11.23
o 1813 11.23
o 1812 11.23
o 1811 11.23
o 1810 11.23
o 1809 11.23
o 1808 11.23
o 1807 11.23
o 1806 11.23
o 1805 11.23
o 1804 11.23
o 1803 11.23
o 1802 11.23
o 1801 11.23
o 1800 11.23
o 1799 11.23
o 1798 11.23
o 1797 11.23
o 1796 11.23
o 1795 11.23
o 1794 11.23
o 1793 11.23
o 1792 11.23
o 1791 11.23
o 1790 11.23
o 1789 11.24
o 1788 11.24
o 1787 11.24
o 1786 11.24
o 1785 11.24
o 1784 11.24
o 1783 11.24
o 1782 11.24
o 1781 11.24
o 1780 11.24
o 1779 11.24
o 1778 11.24
o 1777 11.24
o 1776 11.24
o 1775 11.24
o 1774 11.24
o 1773 11.24
o 1772 11.24
o 1771 11.24
o 1770 11.24
o 1769 11.24
o 1768 11.24
o 1767 11.24
o 1766 11.24
o 1765 11.24
o 1764 11.24
o 1763 11.24
o 1762 11.24
o 1761 11.24
o 1760 11.24
o 1759 11.24
o 1758 11.24
o 1757 11.24
o 1756 11.24
o 1755 11.24
o 1754 11.24
o 1753 11.24
o 1752 11.24
o 1751 11.24
o 1750 11.24
o 1749 11.24
o 1748 11.24
o 1747 11.24
o 1746 11.24
o 1745 11.24
o 1744 11.24
o 1743 11.24
o 1742 11.24
o 1741 11.24
o 1740 11.24
o 1739 11.24
o 1738 11.24
o 1737 11.24
o 1736 11.24
o 1735 11.24
o 1734 11.24
o 243 49.09
o 240 49.64
o 237 49.77
o 234 50.57
o 233 50.93
o 230 51.33
o 223 54.87
o 222 55.99
o 221 58.35
o 220 58.39
220	58.39
min-fill-MinFill_R0_mulsol.i.1
o 3653 24.89
o 3652 25.16
o 3651 25.16
o 3650 25.16
o 3649 25.16
o 3648 25.16
o 3647 25.16
o 3646 25.16
o 3645 25.16
o 3644 25.16
o 3643 25.16
o 3642 25.16
o 3641 25.16
o 3640 25.16
o 3639 25.16
o 3638 25.16
o 3637 25.16
o 3636 25.16
o 3635 25.16
o 3634 25.16
o 3633 25.16
o 3632 25.16
o 3631 25.16
o 3630 25.16
o 3629 25.16
o 3628 25.16
o 3627 25.16
o 3626 25.16
o 3625 25.16
o 3624 25.17
o 3623 25.17
o 3622 25.17
o 3621 25.17
o 3620 25.17
o 3619 25.17
o 3618 25.17
o 3617 25.17
o 3616 25.17
o 3615 25.17
o 3614 25.17
o 3613 25.17
o 3612 25.17
o 3611 25.17
o 3610 25.17
o 3609 25.17
o 3608 25.17
o 3607 25.17
o 3606 25.17
o 3605 25.17
o 3604 25.17
o 3603 25.17
o 3602 25.17
o 3601 25.17
o 3600 25.17
o 3599 25.17
o 3598 25.17
o 3597 25.17
o 3596 25.17
o 3595 25.17
o 3594 25.17
o 3593 25.17
o 3592 25.17
o 3591 25.17
o 3590 25.17
o 3589 25.17
o 3588 25.17
o 3587 25.17
o 3586 25.17
o 3585 25.17
o 3584 25.17
o 3583 25.17
o 3582 25.17
o 3581 25.17
o 3580 25.17
o 3579 25.17
o 3578 25.17
o 3577 25.17
o 3576 25.17
o 3575 25.17
o 3574 25.17
o 3573 25.17
o 3572 25.17
o 3571 25.18
o 3570 25.18
o 3569 25.18
o 3568 25.18
o 3567 25.18
o 3566 25.18
o 3565 25.18
o 3564 25.18
o 3563 25.18
o 3562 25.18
o 3561 25.18
o 3560 25.18
o 3559 25.18
o 3558 25.18
o 3557 25.18
o 3556 25.18
o 3555 25.18
o 3554 25.18
o 3553 25.18
o 3552 25.18
o 3551 25.18
o 3550 25.18
o 3549 25.18
o 3548 25.18
o 3547 25.18
o 3546 25.18
o 3545 25.18
o 3544 25.18
o 3543 25.18
o 3542 25.18
o 3541 25.18
o 3540 25.18
o 3539 25.18
o 3538 25.18
o 3537 25.18
o 3536 25.18
o 3535 25.18
o 3534 25.18
o 3533 25.18
o 3532 25.18
o 3531 25.18
o 3530 25.18
o 3529 25.18
o 3528 25.18
o 3527 25.18
o 3526 25.18
o 3525 25.18
o 3524 25.18
o 3523 25.18
o 3522 25.18
o 3521 25.18
o 3520 25.18
o 3519 25.18
o 3518 25.18
o 3517 25.18
o 3516 25.19
o 3515 25.19
o 3514 25.19
o 3513 25.19
o 3512 25.19
o 3511 25.19
o 3510 25.19
o 3509 25.19
o 3508 25.19
o 3507 25.19
o 3506 25.19
o 3505 25.19
o 3504 25.19
o 3503 25.19
o 3502 25.19
o 3501 25.19
o 3500 25.19
o 3499 25.19
o 3498 25.19
o 3497 25.19
o 3496 25.19
o 3495 25.19
o 3494 25.19
o 3493 25.19
o 3492 25.19
o 3491 25.19
o 3490 25.19
o 3489 25.19
o 3488 25.19
o 3487 25.19
o 3486 25.19
o 3485 25.19
o 3484 25.19
o 3483 25.19
o 3482 25.19
o 3481 25.19
o 3480 25.19
o 3479 25.19
o 3478 25.19
o 3477 25.19
o 3476 25.19
o 3475 25.19
o 3474 25.19
o 3473 25.19
o 3472 25.19
o 3471 25.19
o 3470 25.19
o 3469 25.19
o 3468 25.19
o 3467 25.19
o 3466 25.19
o 3465 25.19
o 3464 25.19
o 3463 25.19
o 3462 25.19
o 3461 25.19
o 3460 25.19
o 3459 25.19
o 3458 25.19
o 3457 25.19
o 3456 25.19
o 3455 25.19
o 3454 25.2
o 3453 25.2
o 3452 25.2
o 3451 25.2
o 3450 25.2
o 3449 25.2
o 3448 25.2
o 3447 25.2
o 3446 25.2
o 3445 25.2
o 3444 25.2
o 3443 25.2
o 3442 25.2
o 3441 25.2
o 3440 25.2
o 3439 25.2
o 3438 25.2
o 3437 25.2
o 3436 25.2
o 3435 25.2
o 3434 25.2
o 3433 25.2
o 3432 25.2
o 3431 25.2
o 3430 25.2
o 3429 25.2
o 3428 25.2
o 3427 25.2
o 3426 25.2
o 3425 25.2
o 3424 25.2
o 3423 25.2
o 3422 25.2
o 3421 25.2
o 3420 25.2
o 3419 25.2
o 3418 25.2
o 3417 25.2
o 3416 25.2
o 3415 25.2
o 3414 25.2
o 3413 25.2
o 3412 25.2
o 3411 25.2
o 3410 25.2
o 3409 25.2
o 3408 25.2
o 3407 25.2
o 3406 25.2
o 3405 25.2
o 3404 25.2
o 3403 25.2
o 3402 25.2
o 3401 25.2
o 3400 25.2
o 3399 25.2
o 3398 25.2
o 3397 25.2
o 3396 25.2
o 3395 25.2
o 3394 25.2
o 3393 25.2
o 3392 25.21
o 3391 25.21
o 3390 25.21
o 3389 25.21
o 3388 25.21
o 3387 25.21
o 3386 25.21
o 3385 25.21
o 3384 25.21
o 3383 25.21
o 3382 25.21
o 3381 25.21
o 3380 25.21
o 3379 25.21
o 3378 25.21
o 3377 25.21
o 3376 25.21
o 3375 25.21
o 3374 25.21
o 3373 25.21
o 3372 25.21
o 3371 25.21
o 3370 25.21
o 3369 25.21
o 3368 25.21
o 3367 25.21
o 3366 25.21
o 3365 25.21
o 3364 25.21
o 3363 25.21
o 3362 25.21
o 3361 25.21
o 3360 25.21
o 3359 25.21
o 3358 25.21
o 3357 25.21
o 3356 25.21
o 3355 25.21
o 3354 25.21
o 3353 25.21
o 3352 25.21
o 3351 25.21
o 3350 25.21
o 3349 25.21
o 3348 25.21
o 3347 25.21
o 3346 25.21
o 3345 25.21
o 3344 25.21
o 3343 25.21
o 3342 25.21
o 3341 25.21
o 3340 25.21
o 3339 25.21
o 3338 25.21
o 3337 25.21
o 3336 25.21
o 3335 25.21
o 3334 25.21
o 3333 25.21
o 3332 25.21
o 3331 25.21
o 3330 25.21
o 3329 25.22
o 3328 25.22
o 3327 25.22
o 3326 25.22
o 3325 25.22
o 3324 25.22
o 3323 25.22
o 3322 25.22
o 3321 25.22
o 3320 25.22
o 3319 25.22
o 3318 25.22
o 3317 25.22
o 3316 25.22
o 3315 25.22
o 3314 25.22
o 3313 25.22
o 3312 25.22
o 3311 25.22
o 3310 25.22
o 3309 25.22
o 3308 25.22
o 3307 25.22
o 3306 25.22
o 3305 25.22
o 3304 25.22
o 3303 25.22
o 3302 25.22
o 3301 25.22
o 3300 25.22
o 3299 25.22
o 3298 25.22
o 3297 25.22
o 3296 25.22
o 3295 25.22
o 3294 25.22
o 3293 25.22
o 3292 25.22
o 3291 25.22
o 3290 25.22
o 3289 25.22
o 3288 25.22
o 3287 25.22
o 3286 25.22
o 3285 25.22
o 3284 25.22
o 3283 25.22
o 3282 25.22
o 3281 25.22
o 3280 25.22
o 3279 25.22
o 3278 25.22
o 3277 25.22
o 3276 25.22
o 3275 25.22
o 3274 25.22
o 3273 25.22
o 3272 25.22
o 3271 25.22
o 3270 25.23
o 3269 25.23
o 3268 25.23
o 3267 25.23
o 3266 25.23
o 3265 25.23
o 3264 25.23
o 3263 25.23
o 3262 25.23
o 3261 25.23
o 3260 25.23
o 3259 25.23
o 3258 25.23
o 3257 25.23
o 3256 25.23
o 3255 25.23
o 3254 25.23
o 3253 25.23
o 3252 25.23
o 3251 25.23
o 3250 25.23
o 3249 25.23
o 3248 25.23
o 3247 25.23
o 3246 25.23
o 3245 25.23
o 3244 25.23
o 3243 25.23
o 3242 25.23
o 3241 25.23
o 3240 25.23
o 3239 25.23
o 3238 25.23
o 3237 25.23
o 3236 25.23
o 3235 25.23
o 3234 25.23
o 3233 25.23
o 3232 25.23
o 3231 25.23
o 3230 25.23
o 3229 25.23
o 3228 25.23
o 3227 25.23
o 3226 25.23
o 3225 25.23
o 3224 25.23
o 3223 25.23
o 3222 25.23
o 3221 25.23
o 3220 25.23
o 3219 25.23
o 3218 25.23
o 3217 25.23
o 3216 25.23
o 3215 25.23
o 3214 25.23
o 3213 25.23
o 3212 25.24
o 3211 25.24
o 3210 25.24
o 3209 25.24
o 3208 25.24
o 3207 25.24
o 3206 25.24
o 3205 25.24
o 3204 25.24
o 3203 25.24
o 3202 25.24
o 3201 25.24
o 3200 25.24
o 3199 25.24
o 3198 25.24
o 3197 25.24
o 3196 25.24
o 3195 25.24
o 3194 25.24
o 3193 25.24
o 3192 25.24
o 3191 25.24
o 3190 25.24
o 3189 25.24
o 3188 25.24
o 3187 25.24
o 3186 25.24
o 3185 25.24
o 3184 25.24
o 3183 25.24
o 3182 25.24
o 3181 25.24
o 3180 25.24
o 3179 25.24
o 3178 25.24
o 3177 25.24
o 3176 25.24
o 3175 25.24
o 3174 25.24
o 3173 25.24
o 3172 25.24
o 3171 25.24
o 3170 25.24
o 3169 25.24
o 3168 25.24
o 3167 25.24
o 3166 25.24
o 3165 25.24
o 3164 25.24
o 3163 25.24
o 3162 25.24
o 3161 25.24
o 3160 25.24
o 3159 25.24
o 3158 25.24
o 3157 25.24
o 3156 25.24
o 3155 25.24
o 3154 25.24
o 3153 25.24
o 3152 25.24
o 3151 25.24
o 3150 25.25
o 3149 25.25
o 3148 25.25
o 3147 25.25
o 3146 25.25
o 3145 25.25
o 3144 25.25
o 3143 25.25
o 3142 25.25
o 3141 25.25
o 3140 25.25
o 3139 25.25
o 3138 25.25
o 3137 25.25
o 3136 25.25
o 3135 25.25
o 3134 25.25
o 3133 25.25
o 3132 25.25
o 3131 25.25
o 3130 25.25
o 3129 25.25
o 3128 25.25
o 3127 25.25
o 3126 25.25
o 3125 25.25
o 3124 25.25
o 3123 25.25
o 3122 25.25
o 3121 25.25
o 3120 25.25
o 3119 25.25
o 3118 25.25
o 3117 25.25
o 3116 25.25
o 3115 25.25
o 3114 25.25
o 3113 25.25
o 3112 25.25
o 3111 25.25
o 3110 25.25
o 3109 25.25
o 3108 25.25
o 3107 25.25
o 3106 25.25
o 3105 25.25
o 3104 25.25
o 3103 25.25
o 3102 25.25
o 3101 25.25
o 3100 25.25
o 3099 25.25
o 3098 25.25
o 3097 25.25
o 3096 25.25
o 3095 25.25
o 3094 25.25
o 3093 25.25
o 3092 25.25
o 3091 25.25
o 3090 25.25
o 3089 25.25
o 3088 25.25
o 3087 25.25
o 3086 25.25
o 3085 25.25
o 3084 25.25
o 3083 25.25
o 3082 25.25
o 3081 25.25
o 3080 25.26
o 3079 25.26
o 3078 25.26
o 3077 25.26
o 3076 25.26
o 3075 25.26
o 3074 25.26
o 3073 25.26
o 3072 25.26
o 3071 25.26
o 3070 25.26
o 3069 25.26
o 3068 25.26
o 3067 25.26
o 3066 25.26
o 3065 25.26
o 3064 25.26
o 3063 25.26
o 3062 25.26
o 3061 25.26
o 3060 25.26
o 3059 25.26
o 3058 25.26
o 3057 25.26
o 3056 25.26
o 3055 25.26
o 3054 25.26
o 3053 25.26
o 3052 25.26
o 3051 25.26
o 3050 25.26
o 3049 25.26
o 3048 25.26
o 3047 25.26
o 3046 25.26
o 3045 25.26
o 3044 25.26
o 3043 25.26
o 3042 25.26
o 3041 25.26
o 3040 25.26
o 3039 25.26
o 3038 25.26
o 3037 25.26
o 3036 25.26
o 3035 25.26
o 3034 25.26
o 3033 25.26
o 3032 25.26
o 3031 25.26
o 3030 25.26
o 3029 25.26
o 3028 25.26
o 3027 25.26
o 3026 25.26
o 3025 25.26
o 3024 25.26
o 3023 25.26
o 3022 25.26
o 3021 25.26
o 3020 25.26
o 3019 25.26
o 3018 25.26
o 3017 25.26
o 3016 25.26
o 3015 25.26
o 3014 25.26
o 3013 25.26
o 3012 25.27
o 3011 25.27
o 3010 25.27
o 3009 25.27
o 3008 25.27
o 3007 25.27
o 3006 25.27
o 3005 25.27
o 3004 25.27
o 3003 25.27
o 3002 25.27
o 3001 25.27
o 3000 25.27
o 2999 25.27
o 2998 25.27
o 2997 25.27
o 2996 25.27
o 2995 25.27
o 2994 25.27
o 2993 25.27
o 2992 25.27
o 2991 25.27
o 2990 25.27
o 2989 25.27
o 2988 25.27
o 2987 25.27
o 2986 25.27
o 2985 25.27
o 2984 25.27
o 2983 25.27
o 2982 25.27
o 2981 25.27
o 2980 25.27
o 2979 25.27
o 2978 25.27
o 2977 25.27
o 2976 25.27
o 2975 25.27
o 2974 25.27
o 2973 25.27
o 2972 25.27
o 2971 25.27
o 2970 25.27
o 2969 25.27
o 2968 25.27
o 2967 25.27
o 2966 25.27
o 2965 25.27
o 2964 25.27
o 2963 25.27
o 2962 25.27
o 2961 25.27
o 2960 25.27
o 2959 25.27
o 2958 25.27
o 2957 25.27
o 2956 25.27
o 2955 25.27
o 2954 25.27
o 2953 25.27
o 2952 25.27
o 2951 25.27
o 2950 25.28
o 2949 25.28
o 2948 25.28
o 2947 25.28
o 2946 25.28
o 2945 25.28
o 2944 25.28
o 2943 25.28
o 2942 25.28
o 2941 25.28
o 2940 25.28
o 2939 25.28
o 2938 25.28
o 2937 25.28
o 2936 25.28
o 2935 25.28
o 2934 25.28
o 2933 25.28
o 2932 25.28
o 2931 25.28
o 2930 25.28
o 2929 25.28
o 2928 25.28
o 2927 25.28
o 2926 25.28
o 2925 25.28
o 2924 25.28
o 2923 25.28
o 2922 25.28
o 2921 25.28
o 2920 25.28
o 2919 25.28
o 2918 25.28
o 2917 25.28
o 2916 25.28
o 2915 25.28
o 2914 25.28
o 2913 25.28
o 2912 25.28
o 2911 25.28
o 2910 25.28
o 2909 25.28
o 2908 25.28
o 2907 25.28
o 2906 25.28
o 2905 25.28
o 2904 25.28
o 2903 25.28
o 2902 25.28
o 2901 25.28
o 2900 25.28
o 2899 25.28
o 2898 25.28
o 2897 25.28
o 2896 25.28
o 2895 25.28
o 2894 25.28
o 2893 25.28
o 2892 25.28
o 2891 25.28
o 2890 25.28
o 2889 25.28
o 2888 25.28
o 2887 25.28
o 2886 25.29
o 2885 25.29
o 2884 25.29
o 2883 25.29
o 2882 25.29
o 2881 25.29
o 2880 25.29
o 2879 25.29
o 2878 25.29
o 2877 25.29
o 2876 25.29
o 2875 25.29
o 2874 25.29
o 2873 25.29
o 2872 25.29
o 2871 25.29
o 2870 25.29
o 2869 25.29
o 2868 25.29
o 2867 25.29
o 2866 25.29
o 2865 25.29
o 2864 25.29
o 2863 25.29
o 2862 25.29
o 2861 25.29
o 2860 25.29
o 2859 25.29
o 2858 25.29
o 2857 25.29
o 2856 25.29
o 2855 25.29
o 2854 25.29
o 2853 25.29
o 2852 25.29
o 2851 25.29
o 2850 25.29
o 2849 25.29
o 2848 25.29
o 2847 25.29
o 2846 25.29
o 2845 25.29
o 2844 25.29
o 2843 25.29
o 2842 25.29
o 2841 25.29
o 2840 25.29
o 2839 25.29
o 2838 25.29
o 2837 25.29
o 2836 25.29
o 2835 25.29
o 2834 25.29
o 2833 25.29
o 2832 25.29
o 2831 25.29
o 2830 25.29
o 2829 25.29
o 2828 25.29
o 2827 25.29
o 2826 25.29
o 2825 25.29
o 2824 25.29
o 2823 25.29
o 2822 25.29
o 2821 25.29
o 2820 25.29
o 2819 25.29
o 2818 25.3
o 2817 25.3
o 2816 25.3
o 2815 25.3
o 2814 25.3
o 2813 25.3
o 2812 25.3
o 2811 25.3
o 2810 25.3
o 2809 25.3
o 2808 25.3
o 2807 25.3
o 2806 25.3
o 2805 25.3
o 2804 25.3
o 2803 25.3
o 2802 25.3
o 2801 25.3
o 2800 25.3
o 2799 25.3
o 2798 25.3
o 2797 25.3
o 2796 25.3
o 2795 25.3
o 2794 25.3
o 2793 25.3
o 2792 25.3
o 2791 25.3
o 2790 25.3
o 2789 25.3
o 2788 25.3
o 2787 25.3
o 2786 25.3
o 2785 25.3
o 2784 25.3
o 2783 25.3
o 2782 25.3
o 2781 25.3
o 2780 25.3
o 2779 25.3
o 2778 25.3
o 2777 25.3
o 2776 25.3
o 2775 25.3
o 2774 25.3
o 2773 25.3
o 2772 25.3
o 2771 25.3
o 2770 25.3
o 2769 25.3
o 2768 25.3
o 2767 25.3
o 2766 25.3
o 2765 25.3
o 2764 25.3
o 2763 25.3
o 2762 25.3
o 2761 25.3
o 2760 25.3
o 2759 25.3
o 2758 25.3
o 2757 25.3
o 2756 25.3
o 2755 25.3
o 2754 25.3
o 2753 25.3
o 2752 25.3
o 2751 25.3
o 2750 25.3
o 2749 25.3
o 2748 25.3
o 2747 25.3
o 2746 25.3
o 2745 25.3
o 2744 25.3
o 2743 25.3
o 2742 25.3
o 2741 25.31
o 2740 25.31
o 2739 25.31
o 2738 25.31
o 2737 25.31
o 2736 25.31
o 2735 25.31
o 2734 25.31
o 2733 25.31
o 2732 25.31
o 2731 25.31
o 2730 25.31
o 2729 25.31
o 2728 25.31
o 2727 25.31
o 2726 25.31
o 2725 25.31
o 2724 25.31
o 2723 25.31
o 2722 25.31
o 2721 25.31
o 2720 25.31
o 2719 25.31
o 2718 25.31
o 2717 25.31
o 2716 25.31
o 2715 25.31
o 2714 25.31
o 2713 25.31
o 2712 25.31
o 2711 25.31
o 2710 25.31
o 2709 25.31
o 2708 25.31
o 2707 25.31
o 2706 25.31
o 2705 25.31
o 2704 25.31
o 2703 25.31
o 2702 25.31
o 2701 25.31
o 2700 25.31
o 2699 25.31
o 2698 25.31
o 2697 25.31
o 2696 25.31
o 2695 25.31
o 2694 25.31
o 2693 25.31
o 2692 25.31
o 2691 25.31
o 2690 25.31
o 2689 25.31
o 2688 25.31
o 2687 25.31
o 2686 25.31
o 2685 25.31
o 2684 25.31
o 2683 25.31
o 2682 25.31
o 2681 25.31
o 2680 25.31
o 2679 25.31
o 2678 25.31
o 2677 25.31
o 2676 25.31
o 2675 25.31
o 2674 25.31
o 2673 25.31
o 2672 25.31
o 2671 25.31
o 2670 25.31
o 2669 25.32
o 2668 25.32
o 2667 25.32
o 2666 25.32
o 2665 25.32
o 2664 25.32
o 2663 25.32
o 2662 25.32
o 2661 25.32
o 2660 25.32
o 2659 25.32
o 2658 25.32
o 2657 25.32
o 2656 25.32
o 2655 25.32
o 2654 25.32
o 2653 25.32
o 2652 25.32
o 2651 25.32
o 2650 25.32
o 2649 25.32
o 2648 25.32
o 2647 25.32
o 2646 25.32
o 2645 25.32
o 2644 25.32
o 2643 25.32
o 2642 25.32
o 2641 25.32
o 2640 25.32
o 2639 25.32
o 2638 25.32
o 2637 25.32
o 2636 25.32
o 2635 25.32
o 2634 25.32
o 2633 25.32
o 2632 25.32
o 2631 25.32
o 2630 25.32
o 2629 25.32
o 2628 25.32
o 2627 25.32
o 2626 25.32
o 2625 25.32
o 2624 25.32
o 2623 25.32
o 2622 25.32
o 2621 25.32
o 2620 25.32
o 2619 25.32
o 2618 25.32
o 2617 25.32
o 2616 25.32
o 2615 25.32
o 2614 25.32
o 2613 25.32
o 2612 25.32
o 2611 25.32
o 2610 25.32
o 2609 25.32
o 2608 25.32
o 2607 25.32
o 2606 25.32
o 2605 25.32
o 2604 25.32
o 2603 25.32
o 2602 25.32
o 2601 25.33
o 2600 25.33
o 2599 25.33
o 2598 25.33
o 2597 25.33
o 2596 25.33
o 2595 25.33
o 2594 25.33
o 2593 25.33
o 2592 25.33
o 2591 25.33
o 2590 25.33
o 2589 25.33
o 2588 25.33
o 2587 25.33
o 2586 25.33
o 2585 25.33
o 2584 25.33
o 2583 25.33
o 2582 25.33
o 2581 25.33
o 2580 25.33
o 2579 25.33
o 2578 25.33
o 2577 25.33
o 2576 25.33
o 2575 25.33
o 2574 25.33
o 2573 25.33
o 2572 25.33
o 2571 25.33
o 2570 25.33
o 2569 25.33
o 2568 25.33
o 2567 25.33
o 2566 25.33
o 2565 25.33
o 2564 25.33
o 2563 25.33
o 2562 25.33
o 2561 25.33
o 2560 25.33
o 2559 25.33
o 2558 25.33
o 2557 25.33
o 2556 25.33
o 2555 25.33
o 2554 25.33
o 2553 25.33
o 2552 25.33
o 2551 25.33
o 2550 25.33
o 2549 25.33
o 2548 25.33
o 2547 25.33
o 2546 25.33
o 2545 25.33
o 2544 25.33
o 2543 25.33
o 2542 25.33
o 2541 25.33
o 2540 25.33
o 2539 25.33
o 2538 25.33
o 2537 25.33
o 2536 25.33
o 2535 25.33
o 2534 25.33
o 2533 25.33
o 2532 25.33
o 2531 25.33
o 2530 25.34
o 2529 25.34
o 2528 25.34
o 2527 25.34
o 2526 25.34
o 2525 25.34
o 2524 25.34
o 2523 25.34
o 2522 25.34
o 257 93.9
o 255 123.47
o 245 124.63
o 242 125.36
242	125.36
min-fill-MinFill_R0_mulsol.i.1
o 1753 20.14
o 1752 20.29
o 1751 20.29
o 1750 20.29
o 1749 20.29
o 1748 20.29
o 1747 20.29
o 1746 20.29
o 1745 20.29
o 1744 20.29
o 1743 20.29
o 1742 20.29
o 1741 20.29
o 1740 20.29
o 1739 20.29
o 1738 20.29
o 1737 20.29
o 1736 20.29
o 1735 20.29
o 1734 20.29
o 1733 20.29
o 1732 20.29
o 1731 20.29
o 1730 20.29
o 1729 20.29
o 1728 20.29
o 1727 20.29
o 1726 20.29
o 1725 20.29
o 1724 20.29
o 1723 20.29
o 1722 20.29
o 1721 20.29
o 1720 20.29
o 1719 20.29
o 1718 20.29
o 1717 20.29
o 1716 20.29
o 1715 20.29
o 1714 20.29
o 1713 20.29
o 1712 20.29
o 1711 20.29
o 1710 20.29
o 1709 20.29
o 1708 20.29
o 1707 20.29
o 1706 20.29
o 1705 20.29
o 1704 20.3
o 1703 20.3
o 1702 20.3
o 1701 20.3
o 1700 20.3
o 1699 20.3
o 1698 20.3
o 1697 20.3
o 1696 20.3
o 1695 20.3
o 1694 20.3
o 1693 20.3
o 1692 20.3
o 1691 20.3
o 1690 20.3
o 1689 20.3
o 1688 20.3
o 1687 20.3
o 1686 20.3
o 1685 20.3
o 1684 20.3
o 1683 20.3
o 1682 20.3
o 1681 20.3
o 1680 20.3
o 1679 20.3
o 1678 20.3
o 1677 20.3
o 1676 20.3
o 1675 20.3
o 1674 20.3
o 1673 20.3
o 1672 20.3
o 1671 20.3
o 1670 20.3
o 1669 20.3
o 1668 20.3
o 1667 20.3
o 1666 20.3
o 1665 20.3
o 1664 20.3
o 1663 20.3
o 1662 20.3
o 1661 20.3
o 1660 20.3
o 1659 20.3
o 1658 20.3
o 1657 20.3
o 1656 20.3
o 1655 20.3
o 1654 20.3
o 1653 20.3
o 1652 20.3
o 1651 20.3
o 1650 20.3
o 1649 20.3
o 1648 20.3
o 1647 20.3
o 1646 20.3
o 1645 20.3
o 1644 20.3
o 1643 20.3
o 1642 20.3
o 1641 20.3
o 1640 20.3
o 1639 20.3
o 1638 20.3
o 1637 20.3
o 1636 20.3
o 1635 20.3
o 1634 20.3
o 1633 20.3
o 1632 20.3
o 1631 20.3
o 1630 20.3
o 1629 20.3
o 1628 20.3
o 1627 20.3
o 1626 20.3
o 1625 20.3
o 1624 20.3
o 1623 20.3
o 1622 20.3
o 1621 20.3
o 1620 20.3
o 1619 20.3
o 1618 20.3
o 326 84.83
o 325 86.39
o 324 226.01
o 317 236.35
o 316 248.78
o 310 254.39
o 309 254.82
o 308 260.87
o 306 260.91
o 291 264.42
o 290 264.51
290	264.51
min-fill-MinFill_R0_mulsol.i.1
o 3100 8.62
o 3099 8.69
o 3098 8.69
o 3097 8.69
o 3096 8.69
o 3095 8.69
o 3094 8.69
o 3093 8.69
o 3092 8.7
o 3091 8.7
o 3090 8.7
o 3089 8.7
o 3088 8.7
o 3087 8.7
o 3086 8.7
o 3085 8.7
o 3084 8.7
o 3083 8.7
o 3082 8.7
o 3081 8.7
o 3080 8.7
o 3079 8.7
o 3078 8.7
o 3077 8.7
o 3076 8.7
o 3075 8.71
o 3074 8.71
o 3073 8.71
o 3072 8.71
o 3071 8.71
o 3070 8.71
o 3069 8.71
o 3068 8.71
o 3067 8.71
o 3066 8.71
o 3065 8.71
o 3064 8.71
o 3063 8.71
o 3062 8.71
o 3061 8.71
o 3060 8.71
o 3059 8.71
o 3058 8.71
o 3057 8.71
o 3056 8.71
o 3055 8.71
o 3054 8.71
o 3053 8.71
o 3052 8.71
o 3051 8.71
o 3050 8.71
o 3049 8.71
o 3048 8.71
o 3047 8.71
o 3046 8.71
o 3045 8.71
o 3044 8.71
o 3043 8.71
o 3042 8.71
o 3041 8.71
o 3040 8.71
o 3039 8.71
o 3038 8.71
o 3037 8.71
o 3036 8.71
o 3035 8.71
o 3034 8.71
o 3033 8.71
o 3032 8.71
o 3031 8.71
o 3030 8.71
o 3029 8.71
o 3028 8.71
o 3027 8.71
o 3026 8.71
o 3025 8.71
o 3024 8.71
o 3023 8.71
o 3022 8.71
o 3021 8.71
o 3020 8.71
o 3019 8.71
o 3018 8.71
o 3017 8.71
o 3016 8.71
o 3015 8.71
o 3014 8.71
o 3013 8.71
o 3012 8.71
o 3011 8.71
o 3010 8.71
o 3009 8.71
o 3008 8.71
o 3007 8.71
o 3006 8.71
o 3005 8.71
o 3004 8.71
o 3003 8.71
o 3002 8.71
o 3001 8.71
o 3000 8.71
o 2999 8.71
o 2998 8.71
o 2997 8.71
o 2996 8.71
o 2995 8.71
o 2994 8.71
o 2993 8.71
o 2992 8.71
o 2991 8.71
o 2990 8.71
o 2989 8.71
o 2988 8.71
o 2987 8.71
o 2986 8.72
o 2985 8.72
o 2984 8.72
o 2983 8.72
o 2982 8.72
o 2981 8.72
o 2980 8.72
o 2979 8.72
o 2978 8.72
o 2977 8.72
o 2976 8.72
o 2975 8.72
o 2974 8.72
o 2973 8.72
o 2972 8.72
o 2971 8.72
o 2970 8.72
o 2969 8.72
o 2968 8.72
o 2967 8.72
o 2966 8.72
o 2965 8.72
o 2964 8.72
o 2963 8.72
o 2962 8.72
o 2961 8.72
o 2960 8.72
o 2959 8.72
o 2958 8.72
o 2957 8.72
o 2956 8.72
o 2955 8.72
o 2954 8.72
o 2953 8.72
o 2952 8.72
o 2951 8.72
o 2950 8.72
o 2949 8.72
o 2948 8.72
o 2947 8.72
o 2946 8.72
o 2945 8.72
o 2944 8.72
o 2943 8.72
o 2942 8.72
o 2941 8.72
o 2940 8.72
o 2939 8.72
o 2938 8.72
o 2937 8.72
o 2936 8.72
o 2935 8.72
o 2934 8.72
o 2933 8.72
o 2932 8.72
o 2931 8.72
o 2930 8.72
o 2929 8.72
o 2928 8.72
o 2927 8.72
o 2926 8.72
o 2925 8.72
o 2924 8.72
o 2923 8.72
o 2922 8.72
o 2921 8.72
o 2920 8.72
o 2919 8.72
o 2918 8.72
o 2917 8.72
o 2916 8.72
o 2915 8.72
o 2914 8.72
o 2913 8.72
o 2912 8.72
o 2911 8.72
o 2910 8.72
o 2909 8.72
o 2908 8.72
o 2907 8.72
o 2906 8.72
o 2905 8.72
o 2904 8.72
o 2903 8.72
o 2902 8.72
o 2901 8.72
o 2900 8.72
o 2899 8.72
o 2898 8.72
o 2897 8.72
o 2896 8.72
o 2895 8.72
o 2894 8.72
o 2893 8.72
o 2892 8.72
o 2891 8.72
o 2890 8.72
o 2889 8.72
o 2888 8.72
o 2887 8.72
o 2886 8.72
o 2885 8.72
o 2884 8.72
o 2883 8.72
o 2882 8.72
o 2881 8.72
o 2880 8.72
o 2879 8.72
o 2878 8.72
o 2877 8.72
o 2876 8.72
o 2875 8.72
o 2874 8.72
o 2873 8.72
o 2872 8.72
o 2871 8.72
o 2870 8.72
o 2869 8.72
o 2868 8.72
o 2867 8.72
o 2866 8.72
o 2865 8.72
o 2864 8.72
o 2863 8.72
o 2862 8.72
o 2861 8.72
o 2860 8.73
o 2859 8.73
o 2858 8.73
o 2857 8.73
o 2856 8.73
o 2855 8.73
o 2854 8.73
o 2853 8.73
o 2852 8.73
o 2851 8.73
o 2850 8.73
o 2849 8.73
o 2848 8.73
o 2847 8.73
o 2846 8.73
o 2845 8.73
o 2844 8.73
o 2843 8.73
o 2842 8.73
o 2841 8.73
o 2840 8.73
o 2839 8.73
o 2838 8.73
o 2837 8.73
o 2836 8.73
o 2835 8.73
o 2834 8.73
o 2833 8.73
o 2832 8.73
o 2831 8.73
o 2830 8.73
o 2829 8.73
o 2828 8.73
o 2827 8.73
o 2826 8.73
o 2825 8.73
o 2824 8.73
o 2823 8.73
o 2822 8.73
o 2821 8.73
o 2820 8.73
o 2819 8.73
o 2818 8.73
o 2817 8.73
o 2816 8.73
o 2815 8.73
o 2814 8.73
o 2813 8.73
o 2812 8.73
o 2811 8.73
o 2810 8.73
o 2809 8.73
o 2808 8.73
o 2807 8.73
o 2806 8.73
o 2805 8.73
o 2804 8.73
o 2803 8.73
o 2802 8.73
o 2801 8.73
o 2800 8.73
o 2799 8.73
o 2798 8.73
o 2797 8.73
o 2796 8.73
o 2795 8.73
o 2794 8.73
o 2793 8.73
o 2792 8.73
o 2791 8.73
o 2790 8.73
o 2789 8.73
o 2788 8.73
o 2787 8.73
o 2786 8.73
o 2785 8.73
o 2784 8.73
o 2783 8.73
o 2782 8.73
o 2781 8.73
o 2780 8.73
o 2779 8.73
o 2778 8.73
o 2777 8.73
o 2776 8.73
o 2775 8.73
o 2774 8.73
o 2773 8.73
o 2772 8.73
o 2771 8.73
o 2770 8.74
o 2769 8.74
o 2768 8.74
o 2767 8.74
o 2766 8.74
o 2765 8.74
o 2764 8.74
o 2763 8.74
o 2762 8.74
o 2761 8.74
o 2760 8.74
o 2759 8.74
o 2758 8.74
o 2757 8.74
o 2756 8.74
o 2755 8.74
o 2754 8.74
o 2753 8.74
o 2752 8.74
o 2751 8.74
o 2750 8.74
o 2749 8.74
o 2748 8.74
o 2747 8.74
o 2746 8.74
o 2745 8.74
o 2744 8.74
o 2743 8.74
o 2742 8.74
o 2741 8.74
o 2740 8.74
o 2739 8.74
o 2738 8.74
o 2737 8.74
o 2736 8.74
o 2735 8.74
o 2734 8.74
o 2733 8.74
o 2732 8.74
o 2731 8.74
o 2730 8.74
o 2729 8.74
o 2728 8.74
o 2727 8.74
o 2726 8.74
o 2725 8.74
o 2724 8.74
o 2723 8.74
o 2722 8.74
o 2721 8.74
o 2720 8.74
o 2719 8.74
o 2718 8.74
o 2717 8.74
o 2716 8.74
o 2715 8.74
o 2714 8.74
o 2713 8.74
o 2712 8.74
o 2711 8.74
o 2710 8.74
o 2709 8.74
o 2708 8.74
o 2707 8.74
o 2706 8.74
o 2705 8.74
o 2704 8.74
o 2703 8.74
o 2702 8.74
o 2701 8.74
o 2700 8.74
o 2699 8.74
o 2698 8.74
o 2697 8.74
o 2696 8.74
o 2695 8.74
o 2694 8.74
o 2693 8.74
o 2692 8.74
o 2691 8.74
o 2690 8.74
o 2689 8.74
o 2688 8.74
o 2687 8.74
o 2686 8.74
o 2685 8.74
o 2684 8.74
o 2683 8.74
o 2682 8.74
o 2681 8.75
o 2680 8.75
o 2679 8.75
o 2678 8.75
o 2677 8.75
o 2676 8.75
o 2675 8.75
o 2674 8.75
o 2673 8.75
o 2672 8.75
o 2671 8.75
o 2670 8.75
o 2669 8.75
o 2668 8.75
o 2667 8.75
o 2666 8.75
o 2665 8.75
o 2664 8.75
o 2663 8.75
o 2662 8.75
o 2661 8.75
o 2660 8.75
o 2659 8.75
o 2658 8.75
o 2657 8.75
o 2656 8.75
o 2655 8.75
o 2654 8.75
o 2653 8.75
o 2652 8.75
o 2651 8.75
o 2650 8.75
o 2649 8.75
o 2648 8.75
o 2647 8.75
o 2646 8.75
o 2645 8.75
o 2644 8.75
o 2643 8.75
o 2642 8.75
o 2641 8.75
o 2640 8.75
o 2639 8.75
o 2638 8.75
o 2637 8.75
o 2636 8.75
o 2635 8.75
o 2634 8.75
o 2633 8.75
o 2632 8.75
o 2631 8.75
o 2630 8.75
o 2629 8.75
o 2628 8.75
o 2627 8.75
o 2626 8.75
o 2625 8.75
o 2624 8.75
o 2623 8.75
o 2622 8.75
o 2621 8.75
o 2620 8.75
o 2619 8.75
o 2618 8.75
o 2617 8.75
o 2616 8.75
o 2615 8.75
o 2614 8.75
o 2613 8.75
o 2612 8.75
o 2611 8.75
o 2610 8.75
o 2609 8.75
o 2608 8.75
o 2607 8.75
o 2606 8.75
o 2605 8.75
o 2604 8.75
o 2603 8.75
o 2602 8.75
o 2601 8.75
o 2600 8.75
o 2599 8.75
o 2598 8.75
o 2597 8.75
o 2596 8.75
o 2595 8.75
o 2594 8.75
o 2593 8.75
o 2592 8.75
o 2591 8.76
o 2590 8.76
o 2589 8.76
o 2588 8.76
o 2587 8.76
o 2586 8.76
o 2585 8.76
o 2584 8.76
o 2583 8.76
o 2582 8.76
o 2581 8.76
o 2580 8.76
o 2579 8.76
o 2578 8.76
o 2577 8.76
o 2576 8.76
o 2575 8.76
o 2574 8.76
o 2573 8.76
o 2572 8.76
o 2571 8.76
o 2570 8.76
o 2569 8.76
o 2568 8.76
o 2567 8.76
o 2566 8.76
o 2565 8.76
o 2564 8.76
o 2563 8.76
o 2562 8.76
o 2561 8.76
o 2560 8.76
o 2559 8.76
o 2558 8.76
o 2557 8.76
o 2556 8.76
o 2555 8.76
o 2554 8.76
o 2553 8.76
o 2552 8.76
o 2551 8.76
o 2550 8.76
o 2549 8.76
o 2548 8.76
o 2547 8.76
o 2546 8.76
o 2545 8.76
o 2544 8.76
o 2543 8.76
o 2542 8.76
o 2541 8.76
o 2540 8.76
o 2539 8.76
o 2538 8.76
o 2537 8.76
o 286 41.78
o 284 42.23
o 283 50.76
o 279 124.79
o 278 148.53
o 277 148.57
o 245 268.17
245	268.17
min-fill-MinFill_R0_mulsol.i.1
o 2807 7.92
o 2806 7.98
o 2805 7.98
o 2804 7.98
o 2803 7.98
o 2802 7.98
o 2801 7.98
o 2800 7.98
o 2799 7.98
o 2798 7.98
o 2797 7.98
o 2796 7.98
o 2795 7.98
o 2794 7.98
o 2793 7.98
o 2792 7.98
o 2791 7.98
o 2790 7.98
o 2789 7.98
o 2788 7.98
o 2787 7.98
o 2786 7.98
o 2785 7.98
o 2784 7.98
o 2783 7.98
o 2782 7.98
o 2781 7.98
o 2780 7.98
o 2779 7.98
o 2778 7.98
o 2777 7.98
o 2776 7.98
o 2775 7.98
o 2774 7.98
o 2773 7.98
o 2772 7.98
o 2771 7.98
o 2770 7.98
o 2769 7.98
o 2768 7.98
o 2767 7.98
o 2766 7.98
o 2765 7.98
o 2764 7.98
o 2763 7.98
o 2762 7.98
o 2761 7.98
o 2760 7.98
o 2759 7.98
o 2758 7.98
o 2757 7.98
o 2756 7.98
o 2755 7.98
o 2754 7.98
o 2753 7.98
o 2752 7.98
o 2751 7.98
o 2750 7.98
o 2749 7.98
o 2748 7.98
o 2747 7.98
o 2746 7.98
o 2745 7.98
o 2744 7.98
o 2743 7.98
o 2742 7.98
o 2741 7.98
o 2740 7.98
o 2739 7.98
o 2738 7.98
o 2737 7.98
o 2736 7.98
o 2735 7.98
o 2734 7.98
o 2733 7.98
o 2732 7.98
o 2731 7.98
o 2730 7.98
o 2729 7.98
o 2728 7.98
o 2727 7.98
o 2726 7.98
o 2725 7.98
o 2724 7.98
o 2723 7.98
o 2722 7.98
o 2721 7.98
o 2720 7.98
o 2719 7.98
o 2718 7.99
o 2717 7.99
o 2716 7.99
o 2715 7.99
o 2714 7.99
o 2713 7.99
o 2712 7.99
o 2711 7.99
o 2710 7.99
o 2709 7.99
o 2708 7.99
o 2707 7.99
o 2706 7.99
o 2705 7.99
o 2704 7.99
o 2703 7.99
o 2702 7.99
o 2701 7.99
o 2700 7.99
o 2699 7.99
o 2698 7.99
o 2697 7.99
o 2696 7.99
o 2695 7.99
o 2694 7.99
o 2693 7.99
o 2692 7.99
o 2691 7.99
o 2690 7.99
o 2689 7.99
o 2688 7.99
o 2687 7.99
o 2686 7.99
o 2685 7.99
o 2684 7.99
o 2683 7.99
o 2682 7.99
o 2681 7.99
o 2680 7.99
o 2679 7.99
o 2678 7.99
o 2677 7.99
o 2676 7.99
o 2675 7.99
o 2674 7.99
o 2673 7.99
o 2672 7.99
o 2671 7.99
o 2670 7.99
o 2669 7.99
o 2668 7.99
o 2667 7.99
o 2666 7.99
o 2665 7.99
o 2664 7.99
o 2663 7.99
o 2662 7.99
o 2661 7.99
o 2660 7.99
o 2659 7.99
o 2658 7.99
o 2657 7.99
o 2656 7.99
o 2655 7.99
o 2654 7.99
o 2653 7.99
o 2652 7.99
o 2651 7.99
o 2650 7.99
o 2649 7.99
o 2648 7.99
o 2647 7.99
o 2646 7.99
o 2645 7.99
o 2644 7.99
o 2643 7.99
o 2642 7.99
o 2641 7.99
o 2640 7.99
o 2639 7.99
o 2638 7.99
o 2637 7.99
o 2636 7.99
o 2635 7.99
o 2634 7.99
o 2633 7.99
o 2632 7.99
o 2631 7.99
o 2630 7.99
o 2629 7.99
o 2628 7.99
o 2627 7.99
o 2626 7.99
o 2625 7.99
o 2624 7.99
o 2623 7.99
o 2622 7.99
o 2621 7.99
o 2620 7.99
o 2619 7.99
o 2618 7.99
o 2617 8
o 2616 8
o 2615 8
o 2614 8
o 2613 8
o 2612 8
o 2611 8
o 2610 8
o 2609 8
o 2608 8
o 2607 8
o 2606 8
o 2605 8
o 2604 8
o 2603 8
o 2602 8
o 2601 8
o 2600 8
o 2599 8
o 2598 8
o 2597 8
o 2596 8
o 2595 8
o 2594 8
o 2593 8
o 2592 8
o 2591 8
o 2590 8
o 2589 8
o 2588 8
o 2587 8
o 2586 8
o 2585 8
o 2584 8
o 2583 8
o 2582 8
o 2581 8
o 2580 8
o 2579 8
o 2578 8
o 2577 8
o 2576 8
o 2575 8
o 2574 8
o 2573 8
o 2572 8
o 2571 8
o 2570 8
o 2569 8
o 2568 8
o 2567 8
o 2566 8
o 2565 8
o 2564 8
o 2563 8
o 2562 8
o 2561 8
o 2560 8
o 2559 8
o 2558 8
o 2557 8
o 2556 8
o 2555 8
o 2554 8
o 2553 8
o 2552 8
o 2551 8
o 2550 8
o 2549 8
o 2548 8
o 2547 8
o 2546 8
o 2545 8
o 2544 8
o 2543 8
o 2542 8
o 2541 8
o 2540 8
o 2539 8
o 2538 8
o 2537 8
o 2536 8
o 2535 8
o 2534 8
o 2533 8
o 2532 8
o 2531 8
o 2530 8
o 2529 8
o 2528 8
o 2527 8
o 2526 8
o 2525 8
o 2524 8
o 2523 8
o 2522 8
o 2521 8
o 2520 8
o 2519 8
o 2518 8
o 2517 8
o 2516 8
o 2515 8
o 2514 8.01
o 2513 8.01
o 2512 8.01
o 2511 8.01
o 2510 8.01
o 2509 8.01
o 2508 8.01
o 2507 8.01
o 2506 8.01
o 2505 8.01
o 2504 8.01
o 2503 8.01
o 2502 8.01
o 2501 8.01
o 2500 8.01
o 2499 8.01
o 2498 8.01
o 2497 8.01
o 2496 8.01
o 2495 8.01
o 2494 8.01
o 2493 8.01
o 2492 8.01
o 2491 8.01
o 2490 8.01
o 2489 8.01
o 2488 8.01
o 2487 8.01
o 2486 8.01
o 2485 8.01
o 2484 8.01
o 2483 8.01
o 2482 8.01
o 2481 8.01
o 2480 8.01
o 2479 8.01
o 2478 8.01
o 2477 8.01
o 2476 8.01
o 2475 8.01
o 2474 8.01
o 2473 8.01
o 2472 8.01
o 2471 8.01
o 2470 8.01
o 2469 8.01
o 2468 8.01
o 2467 8.01
o 2466 8.01
o 2465 8.01
o 2464 8.01
o 2463 8.01
o 2462 8.01
o 2461 8.01
o 2460 8.01
o 2459 8.01
o 2458 8.01
o 2457 8.01
o 2456 8.01
o 2455 8.01
o 2454 8.01
o 2453 8.01
o 2452 8.01
o 2451 8.01
o 2450 8.01
o 2449 8.01
o 2448 8.01
o 2447 8.01
o 2446 8.01
o 2445 8.01
o 2444 8.01
o 2443 8.01
o 2442 8.01
o 2441 8.01
o 2440 8.01
o 2439 8.01
o 2438 8.01
o 2437 8.01
o 2436 8.01
o 2435 8.01
o 2434 8.01
o 2433 8.01
o 2432 8.01
o 2431 8.01
o 2430 8.01
o 2429 8.01
o 2428 8.01
o 2427 8.01
o 2426 8.01
o 2425 8.01
o 2424 8.01
o 2423 8.01
o 2422 8.01
o 2421 8.01
o 2420 8.01
o 2419 8.01
o 2418 8.01
o 2417 8.01
o 2416 8.01
o 2415 8.01
o 2414 8.01
o 2413 8.01
o 2412 8.01
o 2411 8.01
o 2410 8.01
o 2409 8.01
o 2408 8.02
o 2407 8.02
o 2406 8.02
o 2405 8.02
o 2404 8.02
o 2403 8.02
o 2402 8.02
o 2401 8.02
o 2400 8.02
o 2399 8.02
o 2398 8.02
o 2397 8.02
o 2396 8.02
o 2395 8.02
o 2394 8.02
o 2393 8.02
o 2392 8.02
o 2391 8.02
o 2390 8.02
o 2389 8.02
o 2388 8.02
o 2387 8.02
o 2386 8.02
o 2385 8.02
o 2384 8.02
o 2383 8.02
o 2382 8.02
o 2381 8.02
o 2380 8.02
o 2379 8.02
o 2378 8.02
o 2377 8.02
o 2376 8.02
o 2375 8.02
o 2374 8.02
o 2373 8.02
o 2372 8.02
o 2371 8.02
o 2370 8.02
o 2369 8.02
o 2368 8.02
o 2367 8.02
o 2366 8.02
o 2365 8.02
o 2364 8.02
o 2363 8.02
o 2362 8.02
o 2361 8.02
o 2360 8.02
o 2359 8.02
o 2358 8.02
o 2357 8.02
o 2356 8.02
o 2355 8.02
o 2354 8.02
o 2353 8.02
o 2352 8.02
o 2351 8.02
o 2350 8.02
o 2349 8.02
o 2348 8.02
o 2347 8.02
o 2346 8.02
o 2345 8.02
o 2344 8.02
o 2343 8.02
o 2342 8.02
o 2341 8.02
o 2340 8.02
o 2339 8.02
o 2338 8.02
o 2337 8.02
o 2336 8.02
o 2335 8.02
o 2334 8.02
o 2333 8.02
o 2332 8.02
o 2331 8.02
o 2330 8.02
o 2329 8.02
o 2328 8.02
o 2327 8.02
o 2326 8.02
o 2325 8.02
o 2324 8.02
o 2323 8.02
o 2322 8.02
o 2321 8.02
o 2320 8.02
o 2319 8.02
o 2318 8.02
o 2317 8.02
o 2316 8.02
o 2315 8.02
o 2314 8.02
o 2313 8.02
o 2312 8.02
o 2311 8.02
o 2310 8.02
o 2309 8.02
o 2308 8.02
o 2307 8.02
o 2306 8.02
o 2305 8.02
o 2304 8.02
o 2303 8.02
o 2302 8.02
o 2301 8.03
o 2300 8.03
o 2299 8.03
o 2298 8.03
o 2297 8.03
o 2296 8.03
o 2295 8.03
o 2294 8.03
o 2293 8.03
o 2292 8.03
o 2291 8.03
o 2290 8.03
o 2289 8.03
o 2288 8.03
o 2287 8.03
o 2286 8.03
o 2285 8.03
o 2284 8.03
o 2283 8.03
o 2282 8.03
o 2281 8.03
o 2280 8.03
o 2279 8.03
o 2278 8.03
o 2277 8.03
o 2276 8.03
o 2275 8.03
o 2274 8.03
o 2273 8.03
o 2272 8.03
o 2271 8.03
o 2270 8.03
o 2269 8.03
o 2268 8.03
o 2267 8.03
o 2266 8.03
o 2265 8.03
o 2264 8.03
o 2263 8.03
o 2262 8.03
o 2261 8.03
o 2260 8.03
o 2259 8.03
o 2258 8.03
o 2257 8.03
o 2256 8.03
o 2255 8.03
o 2254 8.03
o 2253 8.03
o 2252 8.03
o 2251 8.03
o 2250 8.03
o 2249 8.03
o 2248 8.03
o 2247 8.03
o 2246 8.03
o 2245 8.03
o 2244 8.03
o 2243 8.03
o 2242 8.03
o 2241 8.03
o 2240 8.03
o 2239 8.03
o 2238 8.03
o 2237 8.03
o 2236 8.03
o 2235 8.03
o 2234 8.03
o 2233 8.03
o 2232 8.03
o 2231 8.03
o 2230 8.03
o 2229 8.03
o 2228 8.03
o 2227 8.03
o 2226 8.03
o 2225 8.03
o 2224 8.03
o 241 27.58
o 239 27.64
o 233 195.94
o 232 195.96
o 230 196.38
o 225 197.69
o 224 197.74
o 214 204.93
214	204.93
min-fill-MinFill_R0_mulsol.i.1
o 2435 9.59
o 2434 9.66
o 2433 9.66
o 2432 9.66
o 2431 9.66
o 2430 9.66
o 2429 9.66
o 2428 9.66
o 2427 9.66
o 2426 9.66
o 2425 9.66
o 2424 9.66
o 2423 9.66
o 2422 9.66
o 2421 9.66
o 2420 9.66
o 2419 9.66
o 2418 9.66
o 2417 9.66
o 2416 9.66
o 2415 9.66
o 2414 9.66
o 2413 9.66
o 2412 9.66
o 2411 9.66
o 2410 9.66
o 2409 9.66
o 2408 9.66
o 2407 9.66
o 2406 9.66
o 2405 9.66
o 2404 9.66
o 2403 9.66
o 2402 9.66
o 2401 9.66
o 2400 9.66
o 2399 9.66
o 2398 9.66
o 2397 9.66
o 2396 9.66
o 2395 9.66
o 2394 9.66
o 2393 9.66
o 2392 9.66
o 2391 9.66
o 2390 9.66
o 2389 9.66
o 2388 9.66
o 2387 9.66
o 2386 9.66
o 2385 9.66
o 2384 9.66
o 2383 9.66
o 2382 9.66
o 2381 9.66
o 2380 9.66
o 2379 9.66
o 2378 9.66
o 2377 9.66
o 2376 9.66
o 2375 9.66
o 2374 9.66
o 2373 9.66
o 2372 9.66
o 2371 9.66
o 2370 9.66
o 2369 9.66
o 2368 9.66
o 2367 9.66
o 2366 9.67
o 2365 9.67
o 2364 9.67
o 2363 9.67
o 2362 9.67
o 2361 9.67
o 2360 9.67
o 2359 9.67
o 2358 9.67
o 2357 9.67
o 2356 9.67
o 2355 9.67
o 2354 9.67
o 2353 9.67
o 2352 9.67
o 2351 9.67
o 2350 9.67
o 2349 9.67
o 2348 9.67
o 2347 9.67
o 2346 9.67
o 2345 9.67
o 2344 9.67
o 2343 9.67
o 2342 9.67
o 2341 9.67
o 2340 9.67
o 2339 9.67
o 2338 9.67
o 2337 9.67
o 2336 9.67
o 2335 9.67
o 2334 9.67
o 2333 9.67
o 2332 9.67
o 2331 9.67
o 2330 9.67
o 2329 9.67
o 2328 9.67
o 2327 9.67
o 2326 9.67
o 2325 9.67
o 2324 9.67
o 2323 9.67
o 2322 9.67
o 2321 9.67
o 2320 9.67
o 2319 9.67
o 2318 9.67
o 2317 9.67
o 2316 9.67
o 2315 9.67
o 2314 9.67
o 2313 9.67
o 2312 9.67
o 2311 9.67
o 2310 9.67
o 2309 9.67
o 2308 9.67
o 2307 9.67
o 2306 9.67
o 2305 9.67
o 2304 9.67
o 2303 9.67
o 2302 9.67
o 2301 9.67
o 2300 9.67
o 2299 9.67
o 2298 9.67
o 2297 9.67
o 2296 9.67
o 2295 9.67
o 2294 9.67
o 2293 9.67
o 2292 9.67
o 2291 9.67
o 2290 9.67
o 2289 9.67
o 2288 9.67
o 2287 9.67
o 2286 9.67
o 2285 9.67
o 2284 9.67
o 2283 9.67
o 2282 9.67
o 2281 9.67
o 2280 9.67
o 2279 9.67
o 2278 9.67
o 2277 9.67
o 2276 9.67
o 2275 9.67
o 2274 9.67
o 2273 9.67
o 2272 9.67
o 2271 9.67
o 2270 9.67
o 2269 9.68
o 2268 9.68
o 2267 9.68
o 2266 9.68
o 2265 9.68
o 2264 9.68
o 2263 9.68
o 2262 9.68
o 2261 9.68
o 2260 9.68
o 2259 9.68
o 2258 9.68
o 2257 9.68
o 2256 9.68
o 2255 9.68
o 2254 9.68
o 2253 9.68
o 2252 9.68
o 2251 9.68
o 2250 9.68
o 2249 9.68
o 2248 9.68
o 2247 9.68
o 2246 9.68
o 2245 9.68
o 2244 9.68
o 2243 9.68
o 2242 9.68
o 2241 9.68
o 2240 9.68
o 2239 9.68
o 2238 9.68
o 2237 9.68
o 2236 9.68
o 2235 9.68
o 2234 9.68
o 2233 9.68
o 2232 9.68
o 2231 9.68
o 2230 9.68
o 2229 9.68
o 2228 9.68
o 2227 9.68
o 2226 9.68
o 2225 9.68
o 2224 9.68
o 2223 9.68
o 2222 9.68
o 2221 9.68
o 2220 9.68
o 2219 9.68
o 2218 9.68
o 2217 9.68
o 2216 9.68
o 2215 9.68
o 2214 9.68
o 2213 9.68
o 2212 9.68
o 2211 9.68
o 2210 9.68
o 2209 9.68
o 2208 9.68
o 2207 9.68
o 2206 9.68
o 2205 9.68
o 2204 9.68
o 2203 9.68
o 2202 9.68
o 2201 9.68
o 2200 9.68
o 2199 9.68
o 2198 9.68
o 2197 9.68
o 2196 9.68
o 2195 9.68
o 2194 9.68
o 2193 9.68
o 2192 9.68
o 2191 9.68
o 2190 9.68
o 2189 9.68
o 2188 9.68
o 2187 9.68
o 2186 9.68
o 2185 9.68
o 2184 9.68
o 2183 9.68
o 2182 9.68
o 2181 9.68
o 2180 9.68
o 2179 9.68
o 2178 9.68
o 2177 9.68
o 2176 9.68
o 2175 9.68
o 2174 9.68
o 2173 9.68
o 2172 9.68
o 2171 9.68
o 2170 9.68
o 2169 9.69
o 2168 9.69
o 2167 9.69
o 2166 9.69
o 2165 9.69
o 2164 9.69
o 2163 9.69
o 2162 9.69
o 2161 9.69
o 2160 9.69
o 2159 9.69
o 2158 9.69
o 2157 9.69
o 2156 9.69
o 2155 9.69
o 2154 9.69
o 2153 9.69
o 2152 9.69
o 2151 9.69
o 2150 9.69
o 2149 9.69
o 2148 9.69
o 2147 9.69
o 2146 9.69
o 2145 9.69
o 2144 9.69
o 2143 9.69
o 2142 9.69
o 2141 9.69
o 2140 9.69
o 2139 9.69
o 2138 9.69
o 2137 9.69
o 2136 9.69
o 2135 9.69
o 2134 9.69
o 2133 9.69
o 2132 9.69
o 2131 9.69
o 2130 9.69
o 2129 9.69
o 2128 9.69
o 2127 9.69
o 2126 9.69
o 2125 9.69
o 2124 9.69
o 2123 9.69
o 2122 9.69
o 2121 9.69
o 2120 9.69
o 2119 9.69
o 2118 9.69
o 2117 9.69
o 2116 9.69
o 2115 9.69
o 2114 9.69
o 2113 9.69
o 2112 9.69
o 2111 9.69
o 2110 9.69
o 2109 9.69
o 2108 9.69
o 2107 9.69
o 2106 9.69
o 2105 9.69
o 2104 9.69
o 2103 9.69
o 2102 9.69
o 2101 9.69
o 2100 9.69
o 2099 9.69
o 2098 9.69
o 2097 9.69
o 2096 9.69
o 2095 9.69
o 2094 9.69
o 2093 9.69
o 2092 9.69
o 2091 9.69
o 2090 9.69
o 2089 9.69
o 2088 9.69
o 2087 9.69
o 2086 9.69
o 2085 9.69
o 2084 9.69
o 2083 9.69
o 2082 9.69
o 2081 9.69
o 2080 9.69
o 2079 9.69
o 2078 9.69
o 2077 9.69
o 2076 9.69
o 2075 9.69
o 2074 9.69
o 2073 9.69
o 2072 9.69
o 2071 9.69
o 2070 9.69
o 2069 9.69
o 2068 9.69
o 2067 9.69
o 2066 9.69
o 2065 9.69
o 2064 9.69
o 2063 9.69
o 2062 9.69
o 2061 9.69
o 2060 9.69
o 2059 9.69
o 2058 9.69
o 2057 9.69
o 2056 9.69
o 2055 9.69
o 2054 9.69
o 2053 9.69
o 2052 9.69
o 2051 9.69
o 2050 9.69
o 2049 9.69
o 2048 9.69
o 2047 9.69
o 2046 9.69
o 2045 9.69
o 2044 9.69
o 2043 9.69
o 2042 9.69
o 2041 9.69
o 2040 9.69
o 2039 9.69
o 2038 9.69
o 2037 9.69
o 2036 9.69
o 2035 9.69
o 2034 9.69
o 2033 9.69
o 2032 9.69
o 2031 9.69
o 2030 9.69
o 2029 9.69
o 2028 9.7
o 2027 9.7
o 2026 9.7
o 2025 9.7
o 2024 9.7
o 2023 9.7
o 2022 9.7
o 2021 9.7
o 2020 9.7
o 2019 9.7
o 2018 9.7
o 2017 9.7
o 2016 9.7
o 2015 9.7
o 2014 9.7
o 2013 9.7
o 2012 9.7
o 2011 9.7
o 2010 9.7
o 2009 9.7
o 2008 9.7
o 2007 9.7
o 2006 9.7
o 2005 9.7
o 2004 9.7
o 2003 9.7
o 2002 9.7
o 2001 9.7
o 2000 9.7
o 1999 9.7
o 1998 9.7
o 1997 9.7
o 1996 9.7
o 1995 9.7
o 1994 9.7
o 1993 9.7
o 1992 9.7
o 1991 9.7
o 1990 9.7
o 1989 9.7
o 1988 9.7
o 1987 9.7
o 1986 9.7
o 1985 9.7
o 1984 9.7
o 1983 9.7
o 1982 9.7
o 1981 9.7
o 1980 9.7
o 1979 9.7
o 1978 9.7
o 1977 9.7
o 1976 9.7
o 1975 9.7
o 1974 9.7
o 1973 9.7
o 1972 9.7
o 1971 9.7
o 1970 9.7
o 1969 9.7
o 1968 9.7
o 1967 9.7
o 1966 9.7
o 1965 9.7
o 1964 9.7
o 1963 9.7
o 1962 9.7
o 1961 9.7
o 1960 9.7
o 1959 9.7
o 1958 9.7
o 1957 9.7
o 1956 9.7
o 1955 9.7
o 1954 9.7
o 1953 9.7
o 1952 9.7
o 1951 9.7
o 1950 9.7
o 1949 9.7
o 1948 9.7
o 1947 9.7
o 1946 9.7
o 1945 9.7
o 1944 9.7
o 1943 9.7
o 1942 9.7
o 1941 9.7
o 1940 9.7
o 1939 9.7
o 1938 9.7
o 1937 9.7
o 1936 9.7
o 1935 9.7
o 1934 9.7
o 1933 9.71
o 1932 9.71
o 1931 9.71
o 1930 9.71
o 1929 9.71
o 1928 9.71
o 1927 9.71
o 1926 9.71
o 1925 9.71
o 1924 9.71
o 1923 9.71
o 1922 9.71
o 1921 9.71
o 1920 9.71
o 1919 9.71
o 1918 9.71
o 1917 9.71
o 1916 9.71
o 1915 9.71
o 1914 9.71
o 1913 9.71
o 1912 9.71
o 1911 9.71
o 1910 9.71
o 1909 9.71
o 1908 9.71
o 1907 9.71
o 1906 9.71
o 1905 9.71
o 1904 9.71
o 1903 9.71
o 1902 9.71
o 1901 9.71
o 1900 9.71
o 1899 9.71
o 1898 9.71
o 1897 9.71
o 1896 9.71
o 1895 9.71
o 1894 9.71
o 1893 9.71
o 1892 9.71
o 1891 9.71
o 1890 9.71
o 1889 9.71
o 1888 9.71
o 1887 9.71
o 1886 9.71
o 1885 9.71
o 1884 9.71
o 1883 9.71
o 1882 9.71
o 1881 9.71
o 1880 9.71
o 1879 9.71
o 1878 9.71
o 1877 9.71
o 1876 9.71
o 1875 9.71
o 1874 9.71
o 1873 9.71
o 1872 9.71
o 1871 9.71
o 1870 9.71
o 1869 9.71
o 1868 9.71
o 1867 9.71
o 1866 9.71
o 1865 9.71
o 1864 9.71
o 1863 9.71
o 1862 9.71
o 1861 9.71
o 1860 9.71
o 1859 9.71
o 1858 9.71
o 1857 9.71
o 1856 9.71
o 1855 9.71
o 1854 9.71
o 1853 9.71
o 1852 9.71
o 1851 9.71
o 1850 9.71
o 1849 9.71
o 1848 9.71
o 1847 9.71
o 1846 9.71
o 1845 9.71
o 1844 9.71
o 1843 9.71
o 1842 9.72
o 1841 9.72
o 1840 9.72
o 1839 9.72
o 1838 9.72
o 1837 9.72
o 1836 9.72
o 1835 9.72
o 1834 9.72
o 1833 9.72
o 1832 9.72
o 1831 9.72
o 1830 9.72
o 1829 9.72
o 1828 9.72
o 1827 9.72
o 1826 9.72
o 1825 9.72
o 1824 9.72
o 1823 9.72
o 1822 9.72
o 1821 9.72
o 1820 9.72
o 1819 9.72
o 1818 9.72
o 1817 9.72
o 1816 9.72
o 1815 9.72
o 1814 9.72
o 1813 9.72
o 1812 9.72
o 1811 9.72
o 1810 9.72
o 1809 9.72
o 1808 9.72
o 1807 9.72
o 1806 9.72
o 1805 9.72
o 1804 9.72
o 1803 9.72
o 1802 9.72
o 1801 9.72
o 1800 9.72
o 1799 9.72
o 1798 9.72
o 1797 9.72
o 1796 9.72
o 1795 9.72
o 1794 9.72
o 1793 9.72
o 1792 9.72
o 1791 9.72
o 1790 9.72
o 1789 9.72
o 1788 9.72
o 1787 9.72
o 1786 9.72
o 1785 9.72
o 1784 9.72
o 1783 9.72
o 1782 9.72
o 1781 9.72
o 1780 9.72
o 1779 9.72
o 1778 9.72
o 1777 9.72
o 1776 9.72
o 1775 9.72
o 1774 9.72
o 1773 9.72
o 1772 9.72
o 1771 9.72
o 1770 9.72
o 1769 9.72
o 1768 9.72
o 1767 9.72
o 1766 9.72
o 1765 9.72
o 1764 9.72
o 1763 9.72
o 1762 9.72
o 1761 9.72
o 1760 9.72
o 1759 9.72
o 1758 9.72
o 1757 9.72
o 1756 9.72
o 1755 9.72
o 1754 9.72
o 1753 9.72
o 1752 9.73
o 1751 9.73
o 1750 9.73
o 1749 9.73
o 1748 9.73
o 1747 9.73
o 1746 9.73
o 1745 9.73
o 1744 9.73
o 1743 9.73
o 1742 9.73
o 1741 9.73
o 1740 9.73
o 1739 9.73
o 1738 9.73
o 215 34.99
o 214 35.02
o 212 35.16
o 211 78.63
211	78.63
min-fill-MinFill_R0_mulsol.i.1
o 4865 12.65
o 4864 12.74
o 4863 12.74
o 4862 12.74
o 4861 12.74
o 4860 12.74
o 4859 12.74
o 4858 12.74
o 4857 12.74
o 4856 12.74
o 4855 12.75
o 4854 12.75
o 4853 12.75
o 4852 12.75
o 4851 12.75
o 4850 12.75
o 4849 12.75
o 4848 12.75
o 4847 12.75
o 4846 12.75
o 4845 12.75
o 4844 12.75
o 4843 12.75
o 4842 12.75
o 4841 12.75
o 4840 12.75
o 4839 12.75
o 4838 12.75
o 4837 12.75
o 4836 12.75
o 4835 12.75
o 4834 12.75
o 4833 12.75
o 4832 12.75
o 4831 12.75
o 4830 12.75
o 4829 12.75
o 4828 12.75
o 4827 12.75
o 4826 12.75
o 4825 12.75
o 4824 12.75
o 4823 12.75
o 4822 12.75
o 4821 12.75
o 4820 12.75
o 4819 12.75
o 4818 12.75
o 4817 12.75
o 4816 12.75
o 4815 12.75
o 4814 12.75
o 4813 12.75
o 4812 12.75
o 4811 12.75
o 4810 12.75
o 4809 12.75
o 4808 12.75
o 4807 12.75
o 4806 12.75
o 4805 12.75
o 4804 12.75
o 4803 12.75
o 4802 12.75
o 4801 12.75
o 4800 12.75
o 4799 12.75
o 4798 12.75
o 4797 12.75
o 4796 12.75
o 4795 12.75
o 4794 12.75
o 4793 12.75
o 4792 12.75
o 4791 12.75
o 4790 12.75
o 4789 12.75
o 4788 12.75
o 4787 12.75
o 4786 12.75
o 4785 12.75
o 4784 12.75
o 4783 12.75
o 4782 12.75
o 4781 12.75
o 4780 12.75
o 4779 12.75
o 4778 12.75
o 4777 12.75
o 4776 12.75
o 4775 12.75
o 4774 12.75
o 4773 12.75
o 4772 12.75
o 4771 12.75
o 4770 12.75
o 4769 12.75
o 4768 12.75
o 4767 12.75
o 4766 12.75
o 4765 12.75
o 4764 12.75
o 4763 12.75
o 4762 12.75
o 4761 12.75
o 4760 12.75
o 4759 12.75
o 4758 12.75
o 4757 12.75
o 4756 12.75
o 4755 12.75
o 4754 12.76
o 4753 12.76
o 4752 12.76
o 4751 12.76
o 4750 12.76
o 4749 12.76
o 4748 12.76
o 4747 12.76
o 4746 12.76
o 4745 12.76
o 4744 12.76
o 4743 12.76
o 4742 12.76
o 4741 12.76
o 4740 12.76
o 4739 12.76
o 4738 12.76
o 4737 12.76
o 4736 12.76
o 4735 12.76
o 4734 12.76
o 4733 12.76
o 4732 12.76
o 4731 12.76
o 4730 12.76
o 4729 12.76
o 303 37.9
o 241 201.45
o 238 202.15
o 237 202.34
o 236 204.15
o 235 205.16
o 234 205.27
o 228 208.69
o 225 208.77
o 224 212.22
o 221 220.35
o 220 222.87
220	222.87
min-fill-MinFill_R0_mulsol.i.1
o 2849 24.62
o 2848 24.82
o 2847 24.83
o 2846 24.83
o 2845 24.83
o 2844 24.83
o 2843 24.83
o 2842 24.83
o 2841 24.83
o 2840 24.83
o 2839 24.83
o 2838 24.83
o 2837 24.83
o 2836 24.83
o 2835 24.83
o 2834 24.83
o 2833 24.83
o 2832 24.83
o 2831 24.83
o 2830 24.83
o 2829 24.83
o 2828 24.83
o 2827 24.83
o 2826 24.83
o 2825 24.83
o 2824 24.83
o 2823 24.83
o 2822 24.83
o 2821 24.83
o 2820 24.83
o 2819 24.83
o 2818 24.83
o 2817 24.83
o 2816 24.83
o 2815 24.83
o 2814 24.83
o 2813 24.83
o 2812 24.83
o 2811 24.83
o 2810 24.83
o 2809 24.83
o 2808 24.83
o 2807 24.83
o 2806 24.83
o 2805 24.83
o 2804 24.83
o 2803 24.83
o 2802 24.83
o 2801 24.83
o 2800 24.83
o 2799 24.83
o 2798 24.83
o 2797 24.83
o 2796 24.83
o 2795 24.83
o 2794 24.83
o 2793 24.83
o 2792 24.83
o 2791 24.83
o 2790 24.84
o 2789 24.84
o 2788 24.84
o 2787 24.84
o 2786 24.84
o 2785 24.84
o 2784 24.84
o 2783 24.84
o 2782 24.84
o 2781 24.84
o 2780 24.84
o 2779 24.84
o 2778 24.84
o 2777 24.84
o 2776 24.84
o 2775 24.84
o 2774 24.84
o 2773 24.84
o 2772 24.84
o 2771 24.84
o 2770 24.84
o 2769 24.84
o 2768 24.84
o 2767 24.84
o 2766 24.84
o 2765 24.84
o 2764 24.84
o 2763 24.84
o 2762 24.84
o 2761 24.84
o 2760 24.84
o 2759 24.84
o 2758 24.84
o 2757 24.84
o 2756 24.84
o 2755 24.84
o 2754 24.84
o 2753 24.84
o 2752 24.84
o 2751 24.84
o 2750 24.84
o 2749 24.84
o 2748 24.84
o 2747 24.84
o 2746 24.84
o 2745 24.84
o 2744 24.84
o 2743 24.84
o 2742 24.84
o 2741 24.84
o 2740 24.84
o 2739 24.84
o 2738 24.84
o 2737 24.84
o 2736 24.84
o 2735 24.84
o 2734 24.84
o 2733 24.84
o 2732 24.84
o 2731 24.84
o 2730 24.84
o 2729 24.84
o 2728 24.84
o 2727 24.84
o 2726 24.84
o 2725 24.84
o 2724 24.84
o 2723 24.84
o 2722 24.84
o 2721 24.84
o 2720 24.84
o 2719 24.84
o 2718 24.84
o 2717 24.84
o 2716 24.84
o 2715 24.84
o 2714 24.84
o 2713 24.84
o 2712 24.84
o 2711 24.84
o 2710 24.84
o 2709 24.85
o 2708 24.85
o 2707 24.85
o 2706 24.85
o 2705 24.85
o 2704 24.85
o 2703 24.85
o 2702 24.85
o 2701 24.85
o 2700 24.85
o 2699 24.85
o 2698 24.85
o 2697 24.85
o 2696 24.85
o 2695 24.85
o 2694 24.85
o 2693 24.85
o 2692 24.85
o 2691 24.85
o 2690 24.85
o 2689 24.85
o 2688 24.85
o 2687 24.85
o 2686 24.85
o 2685 24.85
o 2684 24.85
o 2683 24.85
o 2682 24.85
o 2681 24.85
o 2680 24.85
o 2679 24.85
o 2678 24.85
o 2677 24.85
o 2676 24.85
o 2675 24.85
o 2674 24.85
o 2673 24.85
o 2672 24.85
o 2671 24.85
o 2670 24.85
o 2669 24.85
o 2668 24.85
o 2667 24.85
o 2666 24.85
o 2665 24.85
o 2664 24.85
o 2663 24.85
o 2662 24.85
o 2661 24.85
o 2660 24.85
o 2659 24.85
o 2658 24.85
o 2657 24.85
o 2656 24.85
o 2655 24.85
o 2654 24.85
o 2653 24.85
o 2652 24.85
o 2651 24.85
o 2650 24.85
o 2649 24.85
o 2648 24.85
o 2647 24.85
o 2646 24.85
o 2645 24.85
o 2644 24.85
o 2643 24.85
o 2642 24.85
o 2641 24.85
o 2640 24.85
o 2639 24.85
o 2638 24.85
o 2637 24.85
o 2636 24.85
o 2635 24.85
o 2634 24.86
o 2633 24.86
o 2632 24.86
o 2631 24.86
o 2630 24.86
o 2629 24.86
o 2628 24.86
o 2627 24.86
o 2626 24.86
o 2625 24.86
o 2624 24.86
o 2623 24.86
o 2622 24.86
o 2621 24.86
o 2620 24.86
o 2619 24.86
o 2618 24.86
o 2617 24.86
o 2616 24.86
o 2615 24.86
o 2614 24.86
o 2613 24.86
o 2612 24.86
o 2611 24.86
o 2610 24.86
o 2609 24.86
o 2608 24.86
o 2607 24.86
o 2606 24.86
o 2605 24.86
o 2604 24.86
o 2603 24.86
o 2602 24.86
o 2601 24.86
o 2600 24.86
o 2599 24.86
o 2598 24.86
o 2597 24.86
o 2596 24.86
o 2595 24.86
o 2594 24.86
o 2593 24.86
o 2592 24.86
o 2591 24.86
o 2590 24.86
o 2589 24.86
o 2588 24.86
o 2587 24.86
o 2586 24.86
o 2585 24.86
o 2584 24.86
o 2583 24.86
o 2582 24.86
o 2581 24.86
o 2580 24.86
o 2579 24.86
o 2578 24.86
o 2577 24.86
o 2576 24.86
o 2575 24.86
o 2574 24.86
o 2573 24.86
o 2572 24.86
o 2571 24.86
o 2570 24.86
o 2569 24.86
o 2568 24.86
o 2567 24.86
o 2566 24.86
o 2565 24.86
o 2564 24.86
o 2563 24.86
o 2562 24.86
o 2561 24.86
o 2560 24.86
o 2559 24.86
o 2558 24.86
o 2557 24.86
o 2556 24.86
o 2555 24.86
o 2554 24.86
o 2553 24.86
o 2552 24.86
o 2551 24.86
o 2550 24.86
o 2549 24.86
o 2548 24.86
o 2547 24.86
o 2546 24.86
o 2545 24.87
o 2544 24.87
o 2543 24.87
o 2542 24.87
o 2541 24.87
o 2540 24.87
o 2539 24.87
o 2538 24.87
o 2537 24.87
o 2536 24.87
o 2535 24.87
o 2534 24.87
o 2533 24.87
o 2532 24.87
o 2531 24.87
o 2530 24.87
o 2529 24.87
o 2528 24.87
o 2527 24.87
o 2526 24.87
o 2525 24.87
o 2524 24.87
o 2523 24.87
o 2522 24.87
o 2521 24.87
o 2520 24.87
o 2519 24.87
o 2518 24.87
o 2517 24.87
o 2516 24.87
o 2515 24.87
o 2514 24.87
o 2513 24.87
o 2512 24.87
o 2511 24.87
o 2510 24.87
o 2509 24.87
o 2508 24.87
o 2507 24.87
o 2506 24.87
o 2505 24.87
o 2504 24.87
o 2503 24.87
o 2502 24.87
o 2501 24.87
o 2500 24.87
o 2499 24.87
o 2498 24.87
o 2497 24.87
o 2496 24.87
o 2495 24.87
o 2494 24.87
o 2493 24.87
o 2492 24.87
o 2491 24.87
o 2490 24.87
o 2489 24.87
o 2488 24.87
o 2487 24.87
o 2486 24.87
o 2485 24.87
o 2484 24.87
o 2483 24.87
o 2482 24.87
o 2481 24.87
o 2480 24.87
o 2479 24.87
o 2478 24.87
o 2477 24.87
o 2476 24.87
o 2475 24.87
o 2474 24.87
o 2473 24.87
o 2472 24.87
o 2471 24.87
o 2470 24.87
o 2469 24.87
o 2468 24.88
o 2467 24.88
o 2466 24.88
o 2465 24.88
o 2464 24.88
o 2463 24.88
o 2462 24.88
o 2461 24.88
o 2460 24.88
o 2459 24.88
o 2458 24.88
o 2457 24.88
o 2456 24.88
o 2455 24.88
o 2454 24.88
o 2453 24.88
o 2452 24.88
o 2451 24.88
o 2450 24.88
o 2449 24.88
o 2448 24.88
o 2447 24.88
o 2446 24.88
o 2445 24.88
o 2444 24.88
o 2443 24.88
o 2442 24.88
o 2441 24.88
o 2440 24.88
o 2439 24.88
o 2438 24.88
o 2437 24.88
o 2436 24.88
o 2435 24.88
o 2434 24.88
o 2433 24.88
o 2432 24.88
o 2431 24.88
o 2430 24.88
o 2429 24.88
o 2428 24.88
o 2427 24.88
o 2426 24.88
o 2425 24.88
o 2424 24.88
o 2423 24.88
o 2422 24.88
o 2421 24.88
o 2420 24.88
o 2419 24.88
o 2418 24.88
o 2417 24.88
o 2416 24.88
o 2415 24.88
o 2414 24.88
o 2413 24.88
o 2412 24.88
o 2411 24.88
o 2410 24.88
o 2409 24.88
o 2408 24.88
o 2407 24.88
o 2406 24.88
o 2405 24.88
o 2404 24.88
o 2403 24.88
o 2402 24.88
o 2401 24.88
o 2400 24.88
o 2399 24.88
o 2398 24.88
o 2397 24.88
o 2396 24.88
o 2395 24.88
o 2394 24.88
o 2393 24.88
o 2392 24.88
o 2391 24.88
o 2390 24.88
o 2389 24.88
o 2388 24.88
o 2387 24.88
o 2386 24.88
o 2385 24.88
o 2384 24.88
o 2383 24.88
o 2382 24.88
o 2381 24.88
o 2380 24.88
o 2379 24.88
o 2378 24.88
o 2377 24.89
o 2376 24.89
o 2375 24.89
o 2374 24.89
o 2373 24.89
o 2372 24.89
o 2371 24.89
o 2370 24.89
o 2369 24.89
o 2368 24.89
o 2367 24.89
o 2366 24.89
o 2365 24.89
o 2364 24.89
o 2363 24.89
o 2362 24.89
o 2361 24.89
o 2360 24.89
o 2359 24.89
o 2358 24.89
o 2357 24.89
o 2356 24.89
o 2355 24.89
o 2354 24.89
o 2353 24.89
o 2352 24.89
o 2351 24.89
o 2350 24.89
o 2349 24.89
o 2348 24.89
o 2347 24.89
o 2346 24.89
o 2345 24.89
o 2344 24.89
o 2343 24.89
o 2342 24.89
o 2341 24.89
o 2340 24.89
o 2339 24.89
o 2338 24.89
o 2337 24.89
o 2336 24.89
o 2335 24.89
o 2334 24.89
o 2333 24.89
o 2332 24.89
o 2331 24.89
o 2330 24.89
o 2329 24.89
o 2328 24.89
o 2327 24.89
o 2326 24.89
o 2325 24.89
o 2324 24.89
o 2323 24.89
o 2322 24.89
o 2321 24.89
o 2320 24.89
o 2319 24.89
o 2318 24.89
o 2317 24.89
o 2316 24.89
o 2315 24.89
o 2314 24.89
o 2313 24.89
o 2312 24.89
o 2311 24.89
o 2310 24.89
o 2309 24.89
o 2308 24.89
o 2307 24.89
o 2306 24.89
o 2305 24.89
o 2304 24.89
o 2303 24.89
o 2302 24.89
o 2301 24.89
o 2300 24.89
o 2299 24.89
o 2298 24.89
o 2297 24.89
o 2296 24.89
o 2295 24.89
o 2294 24.89
o 2293 24.89
o 2292 24.9
o 2291 24.9
o 2290 24.9
o 2289 24.9
o 2288 24.9
o 2287 24.9
o 2286 24.9
o 2285 24.9
o 2284 24.9
o 2283 24.9
o 2282 24.9
o 2281 24.9
o 2280 24.9
o 2279 24.9
o 2278 24.9
o 2277 24.9
o 2276 24.9
o 2275 24.9
o 2274 24.9
o 2273 24.9
o 2272 24.9
o 2271 24.9
o 2270 24.9
o 2269 24.9
o 2268 24.9
o 2267 24.9
o 2266 24.9
o 2265 24.9
o 2264 24.9
o 2263 24.9
o 2262 24.9
o 2261 24.9
o 2260 24.9
o 2259 24.9
o 2258 24.91
o 2257 24.91
o 2256 24.91
o 2255 24.91
o 2254 24.91
o 2253 24.91
o 2252 24.91
o 2251 24.91
o 2250 24.91
o 2249 24.91
o 2248 24.91
o 2247 24.91
o 2246 24.91
o 2245 24.91
o 2244 24.91
o 2243 24.91
o 2242 24.91
o 2241 24.91
o 2240 24.91
o 2239 24.91
o 2238 24.91
o 2237 24.91
o 2236 24.91
o 2235 24.91
o 2234 24.91
o 2233 24.91
o 2232 24.91
o 2231 24.91
o 2230 24.91
o 2229 24.91
o 2228 24.91
o 2227 24.91
o 2226 24.91
o 2225 24.91
o 2224 24.91
o 2223 24.91
o 2222 24.91
o 2221 24.91
o 2220 24.91
o 2219 24.91
o 2218 24.91
o 2217 24.91
o 2216 24.91
o 2215 24.91
o 2214 24.91
o 2213 24.91
o 2212 24.91
o 2211 24.91
o 2210 24.91
o 2209 24.91
o 2208 24.91
o 2207 24.91
o 2206 24.91
o 2205 24.91
o 2204 24.91
o 2203 24.91
o 2202 24.91
o 2201 24.91
o 2200 24.91
o 2199 24.91
o 2198 24.91
o 2197 24.91
o 2196 24.91
o 2195 24.91
o 2194 24.91
o 2193 24.91
o 2192 24.91
o 2191 24.91
o 2190 24.91
o 2189 24.91
o 2188 24.91
o 2187 24.91
o 2186 24.91
o 2185 24.91
o 2184 24.91
o 2183 24.91
o 2182 24.91
o 2181 24.91
o 2180 24.91
o 2179 24.91
o 2178 24.91
o 2177 24.91
o 2176 24.91
o 2175 24.91
o 2174 24.91
o 2173 24.91
o 2172 24.91
o 2171 24.91
o 2170 24.91
o 2169 24.91
o 2168 24.92
o 2167 24.92
o 2166 24.92
o 2165 24.92
o 2164 24.92
o 2163 24.92
o 2162 24.92
o 2161 24.92
o 2160 24.92
o 2159 24.92
o 2158 24.92
o 2157 24.92
o 2156 24.92
o 2155 24.92
o 2154 24.92
o 2153 24.92
o 2152 24.92
o 2151 24.92
o 2150 24.92
o 2149 24.92
o 2148 24.92
o 2147 24.92
o 2146 24.92
o 2145 24.92
o 2144 24.92
o 2143 24.92
o 2142 24.92
o 2141 24.92
o 2140 24.92
o 2139 24.92
o 2138 24.92
o 2137 24.92
o 2136 24.92
o 2135 24.92
o 2134 24.92
o 2133 24.92
o 2132 24.92
o 2131 24.92
o 2130 24.92
o 2129 24.92
o 2128 24.92
o 2127 24.92
o 2126 24.92
o 2125 24.92
o 2124 24.92
o 2123 24.92
o 2122 24.92
o 2121 24.92
o 2120 24.92
o 2119 24.92
o 2118 24.92
o 2117 24.92
o 2116 24.92
o 2115 24.92
o 2114 24.92
o 2113 24.92
o 2112 24.92
o 2111 24.92
o 2110 24.92
o 2109 24.92
o 2108 24.92
o 2107 24.92
o 2106 24.92
o 2105 24.92
o 2104 24.92
o 2103 24.92
o 2102 24.92
o 2101 24.92
o 2100 24.92
o 2099 24.92
o 2098 24.92
o 2097 24.92
o 2096 24.92
o 2095 24.92
o 2094 24.92
o 2093 24.92
o 2092 24.92
o 2091 24.92
o 2090 24.92
o 2089 24.92
o 2088 24.92
o 2087 24.92
o 2086 24.92
o 2085 24.92
o 2084 24.92
o 2083 24.92
o 2082 24.92
o 2081 24.92
o 2080 24.93
o 2079 24.93
o 2078 24.93
o 2077 24.93
o 2076 24.93
o 2075 24.93
o 2074 24.93
o 2073 24.93
o 2072 24.93
o 2071 24.93
o 2070 24.93
o 2069 24.93
o 2068 24.93
o 2067 24.93
o 2066 24.93
o 2065 24.93
o 2064 24.93
o 2063 24.93
o 2062 24.93
o 2061 24.93
o 2060 24.93
o 2059 24.93
o 2058 24.93
o 2057 24.93
o 2056 24.93
o 2055 24.93
o 2054 24.93
o 2053 24.93
o 2052 24.93
o 2051 24.93
o 2050 24.93
o 2049 24.93
o 2048 24.93
o 2047 24.93
o 2046 24.93
o 2045 24.93
o 2044 24.93
o 2043 24.93
o 2042 24.93
o 2041 24.93
o 2040 24.93
o 2039 24.93
o 2038 24.93
o 2037 24.93
o 2036 24.93
o 2035 24.93
o 2034 24.93
o 2033 24.93
o 2032 24.93
o 2031 24.93
o 2030 24.93
o 2029 24.93
o 2028 24.93
o 2027 24.93
o 2026 24.93
o 2025 24.93
o 2024 24.93
o 2023 24.93
o 2022 24.93
o 2021 24.93
o 2020 24.93
o 2019 24.93
o 2018 24.93
o 2017 24.93
o 2016 24.93
o 2015 24.93
o 2014 24.93
o 2013 24.93
o 2012 24.93
o 2011 24.93
o 2010 24.93
o 2009 24.93
o 2008 24.93
o 2007 24.93
o 2006 24.93
o 2005 24.93
o 2004 24.93
o 2003 24.93
o 2002 24.93
o 2001 24.93
o 2000 24.93
o 1999 24.93
o 1998 24.93
o 1997 24.93
o 1996 24.93
o 1995 24.93
o 1994 24.93
o 1993 24.93
o 1992 24.93
o 1991 24.93
o 1990 24.93
o 1989 24.93
o 1988 24.93
o 1987 24.93
o 1986 24.93
o 1985 24.93
o 1984 24.93
o 1983 24.93
o 1982 24.93
o 1981 24.93
o 1980 24.93
o 1979 24.93
o 1978 24.93
o 1977 24.93
o 1976 24.93
o 1975 24.93
o 1974 24.93
o 1973 24.93
o 1972 24.93
o 1971 24.93
o 1970 24.93
o 1969 24.93
o 1968 24.93
o 1967 24.93
o 1966 24.93
o 1965 24.93
o 1964 24.93
o 1963 24.93
o 1962 24.93
o 1961 24.93
o 1960 24.93
o 1959 24.93
o 1958 24.93
o 1957 24.93
o 1956 24.94
o 1955 24.94
o 1954 24.94
o 1953 24.94
o 1952 24.94
o 1951 24.94
o 1950 24.94
o 1949 24.94
o 1948 24.94
o 1947 24.94
o 1946 24.94
o 1945 24.94
o 1944 24.94
o 1943 24.94
o 1942 24.94
o 1941 24.94
o 1940 24.94
o 1939 24.94
o 1938 24.94
o 1937 24.94
o 1936 24.94
o 1935 24.94
o 1934 24.94
o 1933 24.94
o 1932 24.94
o 1931 24.94
o 1930 24.94
o 1929 24.94
o 1928 24.94
o 1927 24.94
o 1926 24.94
o 1925 24.94
o 1924 24.94
o 1923 24.94
o 1922 24.94
o 1921 24.94
o 1920 24.94
o 1919 24.94
o 1918 24.94
o 1917 24.94
o 1916 24.94
o 1915 24.94
o 1914 24.94
o 1913 24.94
o 1912 24.94
o 1911 24.94
o 1910 24.94
o 1909 24.94
o 1908 24.94
o 1907 24.94
o 1906 24.94
o 1905 24.94
o 1904 24.94
o 1903 24.94
o 1902 24.94
o 1901 24.94
o 1900 24.94
o 1899 24.94
o 1898 24.94
o 1897 24.94
o 1896 24.94
o 1895 24.94
o 1894 24.94
o 1893 24.94
o 1892 24.94
o 1891 24.94
o 1890 24.94
o 1889 24.94
o 1888 24.94
o 1887 24.94
o 1886 24.94
o 1885 24.94
o 1884 24.94
o 1883 24.94
o 1882 24.94
o 1881 24.94
o 1880 24.94
o 1879 24.94
o 1878 24.94
o 1877 24.94
o 1876 24.94
o 1875 24.94
o 1874 24.94
o 1873 24.94
o 1872 24.94
o 1871 24.94
o 1870 24.94
o 1869 24.94
o 1868 24.94
o 1867 24.94
o 1866 24.94
o 1865 24.95
o 1864 24.95
o 1863 24.95
o 1862 24.95
o 1861 24.95
o 1860 24.95
o 1859 24.95
o 1858 24.95
o 280 87.78
o 270 88.03
o 266 88.52
266	88.52
min-fill-MinFill_R0_mulsol.i.1
o 2708 19.4
o 2707 19.58
o 2706 19.58
o 2705 19.58
o 2704 19.58
o 2703 19.58
o 2702 19.58
o 2701 19.58
o 2700 19.58
o 2699 19.58
o 2698 19.59
o 2697 19.59
o 2696 19.59
o 2695 19.59
o 2694 19.59
o 2693 19.59
o 2692 19.59
o 2691 19.59
o 2690 19.59
o 2689 19.59
o 2688 19.59
o 2687 19.59
o 2686 19.59
o 2685 19.59
o 2684 19.59
o 2683 19.59
o 2682 19.59
o 2681 19.59
o 2680 19.59
o 2679 19.59
o 2678 19.59
o 2677 19.59
o 2676 19.59
o 2675 19.59
o 2674 19.59
o 2673 19.59
o 2672 19.59
o 2671 19.59
o 2670 19.59
o 2669 19.59
o 2668 19.59
o 2667 19.59
o 2666 19.59
o 2665 19.59
o 2664 19.59
o 2663 19.59
o 2662 19.59
o 2661 19.59
o 2660 19.59
o 2659 19.59
o 2658 19.59
o 2657 19.59
o 2656 19.59
o 2655 19.59
o 2654 19.59
o 2653 19.59
o 2652 19.59
o 2651 19.59
o 2650 19.59
o 2649 19.59
o 2648 19.59
o 2647 19.59
o 2646 19.59
o 2645 19.59
o 2644 19.59
o 2643 19.59
o 2642 19.59
o 2641 19.59
o 2640 19.6
o 2639 19.6
o 2638 19.6
o 2637 19.6
o 2636 19.6
o 2635 19.6
o 2634 19.6
o 2633 19.6
o 2632 19.6
o 2631 19.6
o 2630 19.6
o 2629 19.6
o 2628 19.6
o 2627 19.6
o 2626 19.6
o 2625 19.6
o 2624 19.6
o 2623 19.6
o 2622 19.6
o 2621 19.6
o 2620 19.6
o 2619 19.6
o 2618 19.6
o 2617 19.6
o 2616 19.6
o 2615 19.6
o 2614 19.6
o 2613 19.6
o 2612 19.6
o 2611 19.6
o 2610 19.6
o 2609 19.6
o 2608 19.6
o 2607 19.6
o 2606 19.6
o 2605 19.6
o 2604 19.6
o 2603 19.6
o 2602 19.6
o 2601 19.6
o 2600 19.6
o 2599 19.6
o 2598 19.6
o 2597 19.6
o 2596 19.6
o 2595 19.6
o 2594 19.6
o 2593 19.6
o 2592 19.6
o 2591 19.6
o 2590 19.6
o 2589 19.6
o 2588 19.6
o 2587 19.6
o 2586 19.6
o 2585 19.6
o 2584 19.6
o 2583 19.6
o 2582 19.6
o 2581 19.6
o 2580 19.6
o 2579 19.6
o 2578 19.6
o 2577 19.6
o 2576 19.61
o 2575 19.61
o 2574 19.61
o 2573 19.61
o 2572 19.61
o 2571 19.61
o 2570 19.61
o 2569 19.61
o 2568 19.61
o 2567 19.61
o 2566 19.61
o 2565 19.61
o 2564 19.61
o 2563 19.61
o 2562 19.61
o 2561 19.61
o 2560 19.61
o 2559 19.61
o 2558 19.61
o 2557 19.61
o 2556 19.61
o 2555 19.61
o 2554 19.61
o 2553 19.61
o 2552 19.61
o 2551 19.61
o 2550 19.61
o 2549 19.61
o 2548 19.61
o 2547 19.61
o 2546 19.61
o 2545 19.61
o 2544 19.61
o 2543 19.61
o 2542 19.61
o 2541 19.61
o 2540 19.61
o 2539 19.61
o 2538 19.61
o 2537 19.61
o 2536 19.61
o 2535 19.61
o 2534 19.61
o 2533 19.61
o 2532 19.61
o 2531 19.61
o 2530 19.61
o 2529 19.61
o 2528 19.61
o 2527 19.61
o 2526 19.61
o 2525 19.61
o 2524 19.61
o 2523 19.61
o 2522 19.61
o 2521 19.61
o 2520 19.61
o 2519 19.61
o 2518 19.61
o 2517 19.61
o 2516 19.61
o 2515 19.61
o 2514 19.61
o 2513 19.61
o 2512 19.61
o 2511 19.61
o 2510 19.61
o 2509 19.62
o 2508 19.62
o 2507 19.62
o 2506 19.62
o 2505 19.62
o 2504 19.62
o 2503 19.62
o 2502 19.62
o 2501 19.62
o 2500 19.62
o 2499 19.62
o 2498 19.62
o 2497 19.62
o 2496 19.62
o 2495 19.62
o 2494 19.62
o 2493 19.62
o 2492 19.62
o 2491 19.62
o 2490 19.62
o 2489 19.62
o 2488 19.62
o 2487 19.62
o 2486 19.62
o 2485 19.62
o 2484 19.62
o 2483 19.62
o 2482 19.62
o 2481 19.62
o 2480 19.62
o 2479 19.62
o 2478 19.62
o 2477 19.62
o 2476 19.62
o 2475 19.62
o 2474 19.62
o 2473 19.62
o 2472 19.62
o 2471 19.62
o 2470 19.62
o 2469 19.62
o 2468 19.62
o 2467 19.62
o 2466 19.62
o 2465 19.62
o 2464 19.62
o 2463 19.62
o 2462 19.62
o 2461 19.62
o 2460 19.62
o 2459 19.62
o 2458 19.62
o 2457 19.62
o 2456 19.62
o 2455 19.62
o 2454 19.62
o 2453 19.62
o 2452 19.62
o 2451 19.62
o 2450 19.62
o 2449 19.62
o 2448 19.62
o 2447 19.62
o 2446 19.62
o 2445 19.62
o 2444 19.62
o 2443 19.62
o 2442 19.62
o 2441 19.63
o 2440 19.63
o 2439 19.63
o 2438 19.63
o 2437 19.63
o 2436 19.63
o 2435 19.63
o 2434 19.63
o 2433 19.63
o 2432 19.63
o 2431 19.63
o 2430 19.63
o 2429 19.63
o 2428 19.63
o 2427 19.63
o 2426 19.63
o 2425 19.63
o 2424 19.63
o 2423 19.63
o 2422 19.63
o 2421 19.63
o 2420 19.63
o 2419 19.63
o 2418 19.63
o 2417 19.63
o 2416 19.63
o 2415 19.63
o 2414 19.63
o 2413 19.63
o 2412 19.63
o 2411 19.63
o 2410 19.63
o 2409 19.63
o 2408 19.63
o 2407 19.63
o 2406 19.63
o 2405 19.63
o 2404 19.63
o 2403 19.63
o 2402 19.63
o 2401 19.63
o 2400 19.63
o 2399 19.63
o 2398 19.63
o 2397 19.63
o 2396 19.63
o 2395 19.63
o 2394 19.63
o 2393 19.63
o 2392 19.63
o 2391 19.63
o 2390 19.63
o 2389 19.63
o 2388 19.63
o 2387 19.63
o 2386 19.63
o 2385 19.63
o 2384 19.63
o 2383 19.63
o 2382 19.63
o 2381 19.64
o 2380 19.64
o 2379 19.64
o 2378 19.64
o 2377 19.64
o 2376 19.64
o 2375 19.64
o 2374 19.64
o 2373 19.64
o 2372 19.64
o 2371 19.64
o 2370 19.64
o 2369 19.64
o 2368 19.64
o 2367 19.64
o 2366 19.64
o 2365 19.64
o 2364 19.64
o 2363 19.64
o 2362 19.64
o 2361 19.64
o 2360 19.64
o 2359 19.64
o 2358 19.64
o 2357 19.64
o 2356 19.64
o 2355 19.64
o 2354 19.64
o 2353 19.64
o 2352 19.64
o 2351 19.64
o 2350 19.64
o 2349 19.64
o 2348 19.64
o 2347 19.64
o 2346 19.64
o 2345 19.64
o 2344 19.64
o 2343 19.64
o 2342 19.64
o 2341 19.64
o 2340 19.64
o 2339 19.64
o 2338 19.64
o 2337 19.64
o 2336 19.64
o 2335 19.64
o 2334 19.64
o 2333 19.64
o 2332 19.64
o 2331 19.64
o 2330 19.64
o 2329 19.64
o 2328 19.64
o 2327 19.64
o 2326 19.64
o 2325 19.64
o 2324 19.64
o 2323 19.64
o 2322 19.64
o 2321 19.64
o 2320 19.64
o 2319 19.64
o 2318 19.64
o 2317 19.64
o 2316 19.64
o 2315 19.64
o 2314 19.64
o 2313 19.64
o 2312 19.64
o 2311 19.64
o 2310 19.65
o 2309 19.65
o 2308 19.65
o 2307 19.65
o 2306 19.65
o 2305 19.65
o 2304 19.65
o 2303 19.65
o 2302 19.65
o 2301 19.65
o 2300 19.65
o 2299 19.65
o 2298 19.65
o 2297 19.65
o 2296 19.65
o 2295 19.65
o 2294 19.65
o 2293 19.65
o 2292 19.65
o 2291 19.65
o 2290 19.65
o 2289 19.65
o 2288 19.65
o 2287 19.65
o 2286 19.65
o 2285 19.65
o 2284 19.65
o 2283 19.65
o 2282 19.65
o 2281 19.65
o 2280 19.65
o 2279 19.65
o 2278 19.65
o 2277 19.65
o 2276 19.65
o 2275 19.65
o 2274 19.65
o 2273 19.65
o 2272 19.65
o 2271 19.65
o 2270 19.65
o 2269 19.65
o 2268 19.65
o 2267 19.65
o 2266 19.65
o 2265 19.65
o 2264 19.65
o 2263 19.65
o 2262 19.65
o 2261 19.65
o 2260 19.65
o 2259 19.65
o 2258 19.65
o 2257 19.65
o 2256 19.65
o 2255 19.65
o 2254 19.65
o 2253 19.65
o 2252 19.65
o 2251 19.65
o 2250 19.65
o 2249 19.65
o 2248 19.65
o 2247 19.65
o 2246 19.65
o 2245 19.65
o 2244 19.65
o 2243 19.65
o 2242 19.66
o 2241 19.66
o 2240 19.66
o 2239 19.66
o 2238 19.66
o 2237 19.66
o 2236 19.66
o 2235 19.66
o 2234 19.66
o 2233 19.66
o 2232 19.66
o 2231 19.66
o 2230 19.66
o 2229 19.66
o 2228 19.66
o 2227 19.66
o 2226 19.66
o 2225 19.66
o 2224 19.66
o 2223 19.66
o 2222 19.66
o 2221 19.66
o 2220 19.66
o 2219 19.66
o 2218 19.66
o 2217 19.66
o 2216 19.66
o 2215 19.66
o 2214 19.66
o 2213 19.66
o 2212 19.66
o 2211 19.66
o 2210 19.66
o 2209 19.66
o 2208 19.66
o 2207 19.66
o 2206 19.66
o 2205 19.66
o 2204 19.66
o 2203 19.66
o 2202 19.66
o 2201 19.66
o 2200 19.66
o 2199 19.66
o 2198 19.66
o 2197 19.66
o 2196 19.66
o 2195 19.66
o 2194 19.66
o 2193 19.66
o 2192 19.66
o 2191 19.66
o 2190 19.66
o 2189 19.66
o 2188 19.66
o 2187 19.66
o 2186 19.66
o 2185 19.66
o 2184 19.66
o 2183 19.66
o 2182 19.66
o 2181 19.66
o 2180 19.66
o 2179 19.66
o 2178 19.66
o 2177 19.67
o 2176 19.67
o 2175 19.67
o 2174 19.67
o 2173 19.67
o 2172 19.67
o 2171 19.67
o 2170 19.67
o 2169 19.67
o 2168 19.67
o 2167 19.67
o 2166 19.67
o 2165 19.67
o 2164 19.67
o 2163 19.67
o 2162 19.67
o 2161 19.67
o 2160 19.67
o 2159 19.67
o 2158 19.67
o 307 101.55
o 266 119.02
o 262 119.13
o 261 119.27
o 258 120.56
258	120.56
min-fill-MinFill_R0_mulsol.i.1
o 2843 15.12
o 2842 15.26
o 2841 15.26
o 2840 15.26
o 2839 15.26
o 2838 15.26
o 2837 15.26
o 2836 15.26
o 2835 15.26
o 2834 15.26
o 2833 15.26
o 2832 15.26
o 2831 15.26
o 2830 15.26
o 2829 15.26
o 2828 15.26
o 2827 15.26
o 2826 15.26
o 2825 15.26
o 2824 15.26
o 2823 15.26
o 2822 15.26
o 2821 15.26
o 2820 15.26
o 2819 15.26
o 2818 15.26
o 2817 15.26
o 2816 15.26
o 2815 15.26
o 2814 15.26
o 2813 15.26
o 2812 15.26
o 2811 15.26
o 2810 15.26
o 2809 15.26
o 2808 15.26
o 2807 15.26
o 2806 15.26
o 2805 15.26
o 2804 15.26
o 2803 15.26
o 2802 15.26
o 2801 15.26
o 2800 15.26
o 2799 15.26
o 2798 15.26
o 2797 15.26
o 2796 15.26
o 2795 15.26
o 2794 15.26
o 2793 15.26
o 2792 15.27
o 2791 15.27
o 2790 15.27
o 2789 15.27
o 2788 15.27
o 2787 15.27
o 2786 15.27
o 2785 15.27
o 2784 15.27
o 2783 15.27
o 2782 15.27
o 2781 15.27
o 2780 15.27
o 2779 15.27
o 2778 15.27
o 2777 15.27
o 2776 15.27
o 2775 15.27
o 2774 15.27
o 2773 15.27
o 2772 15.27
o 2771 15.27
o 2770 15.27
o 2769 15.27
o 2768 15.27
o 2767 15.27
o 2766 15.27
o 2765 15.27
o 2764 15.27
o 2763 15.27
o 2762 15.27
o 2761 15.27
o 2760 15.27
o 2759 15.27
o 2758 15.27
o 2757 15.27
o 2756 15.27
o 2755 15.27
o 2754 15.27
o 2753 15.27
o 2752 15.27
o 2751 15.27
o 2750 15.27
o 2749 15.27
o 2748 15.27
o 2747 15.27
o 2746 15.27
o 2745 15.27
o 2744 15.27
o 2743 15.27
o 2742 15.27
o 2741 15.27
o 2740 15.27
o 2739 15.27
o 2738 15.27
o 2737 15.27
o 2736 15.27
o 2735 15.27
o 2734 15.27
o 2733 15.27
o 2732 15.27
o 2731 15.27
o 2730 15.27
o 2729 15.27
o 2728 15.27
o 2727 15.27
o 2726 15.27
o 2725 15.27
o 2724 15.27
o 2723 15.27
o 2722 15.27
o 2721 15.27
o 2720 15.27
o 2719 15.27
o 2718 15.27
o 2717 15.27
o 2716 15.27
o 2715 15.27
o 2714 15.27
o 2713 15.27
o 2712 15.28
o 2711 15.28
o 2710 15.28
o 2709 15.28
o 2708 15.28
o 2707 15.28
o 2706 15.28
o 2705 15.28
o 2704 15.28
o 2703 15.28
o 2702 15.28
o 2701 15.28
o 2700 15.28
o 2699 15.28
o 2698 15.28
o 2697 15.28
o 2696 15.28
o 2695 15.28
o 2694 15.28
o 2693 15.28
o 2692 15.28
o 2691 15.28
o 2690 15.28
o 2689 15.28
o 2688 15.28
o 2687 15.28
o 2686 15.28
o 2685 15.28
o 2684 15.28
o 2683 15.28
o 2682 15.28
o 2681 15.28
o 2680 15.28
o 2679 15.28
o 2678 15.28
o 2677 15.28
o 2676 15.28
o 2675 15.28
o 2674 15.28
o 2673 15.28
o 2672 15.28
o 2671 15.28
o 2670 15.28
o 2669 15.28
o 2668 15.28
o 2667 15.28
o 2666 15.28
o 2665 15.28
o 2664 15.28
o 2663 15.28
o 2662 15.28
o 2661 15.28
o 2660 15.28
o 2659 15.28
o 2658 15.28
o 2657 15.28
o 2656 15.28
o 2655 15.28
o 2654 15.28
o 2653 15.28
o 2652 15.28
o 2651 15.28
o 2650 15.28
o 2649 15.28
o 2648 15.28
o 2647 15.28
o 2646 15.28
o 2645 15.28
o 2644 15.28
o 2643 15.28
o 2642 15.29
o 2641 15.29
o 2640 15.29
o 2639 15.29
o 2638 15.29
o 2637 15.29
o 2636 15.29
o 2635 15.29
o 2634 15.29
o 2633 15.29
o 2632 15.29
o 2631 15.29
o 2630 15.29
o 2629 15.29
o 2628 15.29
o 2627 15.29
o 2626 15.29
o 2625 15.29
o 2624 15.29
o 2623 15.29
o 2622 15.29
o 2621 15.29
o 2620 15.29
o 2619 15.29
o 2618 15.29
o 2617 15.29
o 2616 15.29
o 2615 15.29
o 2614 15.29
o 2613 15.29
o 2612 15.29
o 2611 15.29
o 2610 15.29
o 2609 15.29
o 2608 15.29
o 2607 15.29
o 2606 15.29
o 2605 15.29
o 2604 15.29
o 2603 15.29
o 2602 15.29
o 2601 15.29
o 2600 15.29
o 2599 15.29
o 2598 15.29
o 2597 15.29
o 2596 15.29
o 2595 15.29
o 2594 15.29
o 2593 15.29
o 2592 15.29
o 2591 15.29
o 2590 15.29
o 2589 15.29
o 2588 15.29
o 2587 15.29
o 2586 15.29
o 2585 15.29
o 2584 15.29
o 2583 15.29
o 2582 15.29
o 2581 15.29
o 2580 15.29
o 2579 15.29
o 2578 15.29
o 2577 15.29
o 2576 15.29
o 2575 15.29
o 2574 15.29
o 2573 15.29
o 2572 15.29
o 2571 15.29
o 2570 15.3
o 2569 15.3
o 2568 15.3
o 2567 15.3
o 2566 15.3
o 2565 15.3
o 2564 15.3
o 2563 15.3
o 2562 15.3
o 2561 15.3
o 2560 15.3
o 2559 15.3
o 2558 15.3
o 2557 15.3
o 2556 15.3
o 2555 15.3
o 2554 15.3
o 2553 15.3
o 2552 15.3
o 2551 15.3
o 2550 15.3
o 2549 15.3
o 2548 15.3
o 2547 15.3
o 2546 15.3
o 2545 15.3
o 2544 15.3
o 2543 15.3
o 2542 15.3
o 2541 15.3
o 2540 15.3
o 2539 15.3
o 2538 15.3
o 2537 15.3
o 2536 15.3
o 2535 15.3
o 2534 15.3
o 2533 15.3
o 2532 15.3
o 2531 15.3
o 2530 15.3
o 2529 15.3
o 2528 15.3
o 2527 15.3
o 2526 15.3
o 2525 15.3
o 2524 15.3
o 2523 15.3
o 2522 15.3
o 2521 15.3
o 2520 15.3
o 2519 15.3
o 2518 15.3
o 2517 15.3
o 2516 15.3
o 2515 15.3
o 2514 15.3
o 2513 15.3
o 2512 15.3
o 2511 15.3
o 2510 15.3
o 2509 15.3
o 2508 15.3
o 2507 15.3
o 2506 15.3
o 2505 15.3
o 2504 15.3
o 2503 15.3
o 2502 15.3
o 2501 15.3
o 2500 15.3
o 2499 15.3
o 2498 15.3
o 2497 15.3
o 2496 15.3
o 2495 15.3
o 2494 15.3
o 2493 15.3
o 2492 15.3
o 2491 15.31
o 2490 15.31
o 2489 15.31
o 2488 15.31
o 2487 15.31
o 2486 15.31
o 2485 15.31
o 2484 15.31
o 2483 15.31
o 2482 15.31
o 2481 15.31
o 2480 15.31
o 2479 15.31
o 2478 15.31
o 2477 15.31
o 2476 15.31
o 2475 15.31
o 2474 15.31
o 2473 15.31
o 2472 15.31
o 2471 15.31
o 2470 15.31
o 2469 15.31
o 2468 15.31
o 2467 15.31
o 2466 15.31
o 2465 15.31
o 2464 15.31
o 2463 15.31
o 2462 15.31
o 2461 15.31
o 2460 15.31
o 2459 15.31
o 2458 15.31
o 2457 15.31
o 2456 15.31
o 2455 15.31
o 2454 15.31
o 2453 15.31
o 2452 15.31
o 2451 15.31
o 2450 15.31
o 2449 15.31
o 2448 15.31
o 2447 15.31
o 2446 15.31
o 2445 15.31
o 2444 15.31
o 2443 15.31
o 2442 15.31
o 2441 15.31
o 2440 15.31
o 2439 15.31
o 2438 15.31
o 2437 15.31
o 2436 15.31
o 2435 15.31
o 2434 15.31
o 2433 15.31
o 2432 15.31
o 2431 15.31
o 2430 15.31
o 2429 15.31
o 2428 15.31
o 2427 15.31
o 2426 15.31
o 2425 15.31
o 2424 15.31
o 2423 15.31
o 2422 15.31
o 2421 15.31
o 2420 15.31
o 2419 15.31
o 2418 15.31
o 2417 15.31
o 2416 15.31
o 2415 15.31
o 2414 15.31
o 2413 15.31
o 2412 15.31
o 2411 15.31
o 2410 15.31
o 2409 15.31
o 2408 15.31
o 2407 15.32
o 2406 15.32
o 2405 15.32
o 2404 15.32
o 2403 15.32
o 2402 15.32
o 2401 15.32
o 2400 15.32
o 2399 15.32
o 2398 15.32
o 2397 15.32
o 2396 15.32
o 2395 15.32
o 2394 15.32
o 2393 15.32
o 2392 15.32
o 2391 15.32
o 2390 15.32
o 2389 15.32
o 2388 15.32
o 2387 15.32
o 2386 15.32
o 2385 15.32
o 2384 15.32
o 2383 15.32
o 2382 15.32
o 2381 15.32
o 2380 15.32
o 2379 15.32
o 2378 15.32
o 2377 15.32
o 2376 15.32
o 2375 15.32
o 2374 15.32
o 2373 15.32
o 2372 15.32
o 2371 15.32
o 2370 15.32
o 2369 15.32
o 2368 15.32
o 2367 15.32
o 2366 15.32
o 2365 15.32
o 2364 15.32
o 2363 15.32
o 2362 15.32
o 2361 15.32
o 2360 15.32
o 2359 15.32
o 2358 15.32
o 2357 15.32
o 2356 15.32
o 2355 15.32
o 2354 15.32
o 2353 15.32
o 2352 15.32
o 2351 15.32
o 2350 15.32
o 2349 15.32
o 2348 15.32
o 2347 15.32
o 2346 15.32
o 2345 15.32
o 2344 15.32
o 2343 15.32
o 2342 15.32
o 2341 15.32
o 2340 15.32
o 2339 15.32
o 2338 15.32
o 2337 15.32
o 2336 15.32
o 2335 15.32
o 2334 15.32
o 2333 15.32
o 2332 15.32
o 2331 15.32
o 2330 15.33
o 2329 15.33
o 2328 15.33
o 2327 15.33
o 2326 15.33
o 2325 15.33
o 2324 15.33
o 2323 15.33
o 2322 15.33
o 2321 15.33
o 2320 15.33
o 2319 15.33
o 2318 15.33
o 2317 15.33
o 2316 15.33
o 2315 15.33
o 2314 15.33
o 2313 15.33
o 2312 15.33
o 2311 15.33
o 2310 15.33
o 2309 15.33
o 2308 15.33
o 2307 15.33
o 2306 15.33
o 2305 15.33
o 2304 15.33
o 2303 15.33
o 2302 15.33
o 2301 15.33
o 2300 15.33
o 2299 15.33
o 2298 15.33
o 2297 15.33
o 2296 15.33
o 2295 15.33
o 2294 15.33
o 2293 15.33
o 2292 15.33
o 2291 15.33
o 2290 15.33
o 2289 15.33
o 2288 15.33
o 2287 15.33
o 2286 15.33
o 2285 15.33
o 2284 15.33
o 2283 15.33
o 2282 15.33
o 2281 15.33
o 2280 15.33
o 2279 15.33
o 2278 15.33
o 2277 15.33
o 2276 15.33
o 2275 15.33
o 2274 15.33
o 2273 15.33
o 2272 15.33
o 2271 15.33
o 2270 15.33
o 2269 15.33
o 2268 15.33
o 2267 15.33
o 2266 15.33
o 2265 15.33
o 2264 15.33
o 2263 15.33
o 2262 15.33
o 2261 15.33
o 2260 15.33
o 2259 15.33
o 2258 15.33
o 2257 15.33
o 2256 15.33
o 2255 15.33
o 2254 15.33
o 2253 15.33
o 2252 15.33
o 2251 15.33
o 2250 15.33
o 2249 15.34
o 2248 15.34
o 2247 15.34
o 2246 15.34
o 2245 15.34
o 2244 15.34
o 2243 15.34
o 2242 15.34
o 2241 15.34
o 2240 15.34
o 2239 15.34
o 2238 15.34
o 2237 15.34
o 2236 15.34
o 2235 15.34
o 2234 15.34
o 2233 15.34
o 2232 15.34
o 2231 15.34
o 2230 15.34
o 2229 15.34
o 2228 15.34
o 2227 15.34
o 2226 15.34
o 2225 15.34
o 2224 15.34
o 2223 15.34
o 2222 15.34
o 2221 15.34
o 2220 15.34
o 2219 15.34
o 2218 15.34
o 2217 15.34
o 2216 15.34
o 2215 15.34
o 2214 15.34
o 2213 15.34
o 2212 15.34
o 2211 15.34
o 2210 15.34
o 2209 15.34
o 2208 15.34
o 2207 15.34
o 2206 15.34
o 2205 15.34
o 2204 15.34
o 2203 15.34
o 2202 15.34
o 2201 15.34
o 2200 15.34
o 2199 15.34
o 2198 15.34
o 2197 15.34
o 2196 15.34
o 2195 15.34
o 2194 15.34
o 2193 15.34
o 2192 15.34
o 2191 15.34
o 2190 15.34
o 2189 15.34
o 2188 15.34
o 2187 15.34
o 2186 15.34
o 2185 15.34
o 2184 15.34
o 2183 15.34
o 2182 15.34
o 2181 15.34
o 2180 15.34
o 2179 15.34
o 2178 15.34
o 2177 15.34
o 2176 15.34
o 2175 15.34
o 2174 15.34
o 2173 15.34
o 2172 15.34
o 2171 15.34
o 2170 15.34
o 2169 15.34
o 2168 15.34
o 2167 15.34
o 2166 15.34
o 2165 15.34
o 2164 15.34
o 2163 15.34
o 2162 15.34
o 2161 15.34
o 2160 15.34
o 2159 15.34
o 2158 15.35
o 2157 15.35
o 2156 15.35
o 2155 15.35
o 2154 15.35
o 2153 15.35
o 2152 15.35
o 2151 15.35
o 2150 15.35
o 2149 15.35
o 2148 15.35
o 2147 15.35
o 2146 15.35
o 2145 15.35
o 2144 15.35
o 2143 15.35
o 2142 15.35
o 2141 15.35
o 2140 15.35
o 2139 15.35
o 2138 15.35
o 2137 15.35
o 2136 15.35
o 2135 15.35
o 2134 15.35
o 2133 15.35
o 2132 15.35
o 2131 15.35
o 2130 15.35
o 2129 15.35
o 2128 15.35
o 2127 15.35
o 2126 15.35
o 2125 15.35
o 2124 15.35
o 2123 15.35
o 2122 15.35
o 2121 15.35
o 2120 15.35
o 2119 15.35
o 2118 15.35
o 2117 15.35
o 2116 15.35
o 2115 15.35
o 2114 15.35
o 2113 15.35
o 2112 15.35
o 2111 15.35
o 2110 15.35
o 2109 15.35
o 2108 15.35
o 2107 15.35
o 2106 15.35
o 2105 15.35
o 2104 15.35
o 2103 15.35
o 2102 15.35
o 2101 15.35
o 2100 15.35
o 2099 15.35
o 2098 15.35
o 2097 15.35
o 2096 15.35
o 2095 15.35
o 2094 15.35
o 2093 15.35
o 2092 15.35
o 2091 15.35
o 2090 15.35
o 2089 15.35
o 2088 15.35
o 2087 15.35
o 278 78.68
o 275 80.87
o 265 84.44
o 264 88.69
o 262 93.08
o 261 93.17
o 259 94.41
o 258 94.98
o 256 95.71
o 253 96.01
o 252 155.2
o 251 262.87
251	262.87
