optimizing-BDDs-lymph-un-wcnf_incomplete_improved_1_2019_7
o 52 0.05
o 40 0.05
o 20 4
o 18 6.99
o 14 15.85
o 11 67.42
o 10 71.39
o 9 81.59
o 8 94.58
8	94.58
optimizing-BDDs-lymph-un-wcnf_incomplete_improved_1_2019_7
o 78 0.11
o 19 6
o 16 8.71
o 15 8.71
o 13 31.22
o 12 34
o 11 111.23
o 10 192.84
10	192.84
optimizing-BDDs-lymph-un-wcnf_incomplete_improved_1_2019_7
o 68 0.1
o 19 8.63
o 15 21.83
o 12 89.19
o 11 134.83
11	134.83
optimizing-BDDs-lymph-un-wcnf_incomplete_improved_1_2019_7
o 96 1.41
o 29 1.46
o 24 78.18
o 17 224.84
17	224.84
optimizing-BDDs-lymph-un-wcnf_incomplete_improved_1_2019_7
o 76 1.61
o 50 1.68
o 48 1.69
o 22 29.47
o 19 29.47
o 15 92.84
o 9 194.17
o 8 203.33
8	203.33
optimizing-BDDs-lymph-un-wcnf_incomplete_improved_1_2019_7
o 57 0.06
o 24 0.07
o 16 2.5
o 12 6.13
o 11 13.26
o 10 14.25
o 9 79.36
o 6 288.79
6	288.79
optimizing-BDDs-lymph-un-wcnf_incomplete_improved_1_2019_7
o 59 0.05
o 43 0.05
o 11 0.45
o 10 55.27
o 9 55.27
o 8 127.14
8	127.14
optimizing-BDDs-lymph-un-wcnf_incomplete_improved_1_2019_7
o 79 0.13
o 40 0.13
o 34 4.05
o 31 4.05
o 14 8
o 8 69.07
o 5 133.47
5	133.47
optimizing-BDDs-lymph-un-wcnf_incomplete_improved_1_2019_7
o 34 0.11
o 28 0.12
o 21 8.08
o 17 10.87
o 15 32.51
o 14 32.83
o 11 101.51
o 10 106.74
o 9 154.76
o 8 258.77
8	258.77
optimizing-BDDs-lymph-un-wcnf_incomplete_improved_1_2019_7
o 51 0.06
o 36 0.07
o 35 0.07
o 11 2.21
o 10 2.21
o 9 45.97
9	45.97
