optimizing-BDDs-vote-un-wcnf_incomplete_improved_1_2019_8
o 282 1.54
o 53 1.59
o 6 12.38
o 5 30.48
5	30.48
optimizing-BDDs-vote-un-wcnf_incomplete_improved_1_2019_8
o 302 1.82
o 5 9.22
5	9.22
optimizing-BDDs-vote-un-wcnf_incomplete_improved_1_2019_8
o 223 0.84
o 74 0.87
o 72 0.87
o 19 32
o 15 32.01
o 10 32.74
o 8 176.07
o 6 176.98
o 4 182.54
4	182.54
optimizing-BDDs-vote-un-wcnf_incomplete_improved_1_2019_8
o 151 0.42
o 61 0.43
o 4 2.63
4	2.63
optimizing-BDDs-vote-un-wcnf_incomplete_improved_1_2019_8
o 198 0.38
o 64 0.38
o 7 9.48
o 5 9.63
o 4 9.73
o 3 95.22
3	95.22
optimizing-BDDs-vote-un-wcnf_incomplete_improved_1_2019_8
o 131 0.48
o 7 3.08
o 6 11.01
6	11.01
optimizing-BDDs-vote-un-wcnf_incomplete_improved_1_2019_8
o 108 0.29
o 59 0.3
o 8 12.15
o 7 12.81
o 6 19.92
o 5 113.17
5	113.17
optimizing-BDDs-vote-un-wcnf_incomplete_improved_1_2019_8
o 157 0.61
o 83 0.63
o 8 18.18
o 4 121.16
4	121.16
optimizing-BDDs-vote-un-wcnf_incomplete_improved_1_2019_8
o 238 0.5
o 6 1.57
o 5 1.61
5	1.61
optimizing-BDDs-vote-un-wcnf_incomplete_improved_1_2019_8
o 67 0.38
o 6 3.38
6	3.38
