optic-gen_mult_5_5_991
o 894 0.18
o 311 0.93
o 308 0.93
o 304 0.97
o 302 0.97
o 298 0.99
o 297 1.04
o 286 1.07
o 285 1.2
o 284 1.2
o 281 1.2
o 279 1.22
o 278 1.45
o 276 1.48
o 275 1.48
o 272 1.52
o 271 1.52
o 270 1.52
o 269 1.56
o 268 1.57
o 267 1.57
o 266 1.58
o 265 1.61
o 263 1.68
o 262 1.69
o 261 1.69
o 260 1.7
o 259 1.72
o 258 1.79
o 257 1.82
o 256 1.82
o 255 1.82
o 254 1.88
o 253 1.89
o 251 1.96
o 250 2.02
o 249 2.08
o 248 2.1
o 247 2.1
o 246 2.11
o 245 2.11
o 244 2.22
o 243 2.22
o 242 2.27
o 241 2.32
o 240 2.33
o 239 2.33
o 238 2.33
o 237 2.34
o 236 2.34
o 235 3.39
o 234 3.79
234	3.79
optic-gen_mult_5_5_991
o 894 0.25
o 282 0.26
o 281 0.26
o 275 0.27
o 274 2.58
o 273 2.59
o 272 2.69
o 271 2.69
o 270 2.69
o 269 2.73
o 268 2.73
o 266 2.76
o 265 2.76
o 264 2.76
o 263 2.76
o 262 2.76
o 261 2.76
o 257 2.77
o 256 2.77
o 255 3.1
o 253 3.1
o 252 3.19
o 251 3.33
o 250 3.45
o 249 3.47
o 248 3.48
o 247 3.48
o 244 3.54
o 243 3.64
o 242 3.74
o 241 3.82
o 240 3.83
o 239 3.83
o 238 3.83
o 237 3.9
o 236 3.94
o 235 3.98
o 234 4.1
o 233 5.84
o 232 5.84
232	5.84
optic-gen_mult_5_5_991
o 894 0.29
o 308 0.31
o 284 0.32
o 283 0.32
o 280 0.33
o 273 0.33
o 272 3.53
o 271 3.77
o 270 3.77
o 269 3.86
o 268 3.87
o 267 3.87
o 266 3.87
o 265 3.94
o 264 3.94
o 263 3.95
o 262 3.95
o 261 4.18
o 260 4.18
o 258 4.18
o 257 4.18
o 256 4.3
o 255 4.33
o 254 4.37
o 253 4.37
o 252 4.39
o 251 4.45
o 250 4.49
o 249 4.49
o 248 4.53
o 247 4.53
o 246 4.53
o 244 4.57
o 243 4.57
o 242 5.07
o 241 5.52
o 240 5.52
o 239 5.69
o 238 6.15
o 237 6.18
o 236 7.37
o 235 7.38
o 234 7.39
o 233 10.17
233	10.17
optic-gen_mult_5_5_991
o 894 0.18
o 298 0.19
o 297 0.19
o 294 1.31
o 293 1.33
o 290 1.44
o 289 1.44
o 288 1.44
o 287 1.45
o 282 1.48
o 279 1.48
o 276 1.48
o 274 1.58
o 273 1.58
o 271 1.58
o 270 1.74
o 269 1.74
o 267 1.75
o 266 1.75
o 265 1.75
o 264 1.83
o 263 1.83
o 262 1.83
o 260 1.89
o 257 1.94
o 254 2
o 253 2.02
o 252 2.02
o 251 2.16
o 250 2.16
o 249 2.17
o 248 2.25
o 247 2.25
o 246 2.25
o 245 2.32
o 244 2.32
o 243 2.32
o 242 2.37
o 241 2.47
o 240 2.5
o 239 2.74
o 238 2.75
o 237 2.82
o 236 2.98
o 235 3
o 234 3.88
234	3.88
optic-gen_mult_5_5_991
o 894 0.35
o 293 0.4
o 289 0.41
o 287 0.41
o 286 9.07
o 285 9.07
o 284 9.18
o 282 9.19
o 281 9.2
o 280 9.2
o 279 9.2
o 277 9.22
o 276 9.97
o 275 9.97
o 274 9.98
o 273 9.99
o 272 10.01
o 270 10.01
o 269 10.11
o 268 10.13
o 267 10.13
o 266 10.97
o 265 10.97
o 263 11.03
o 262 11.04
o 261 11.1
o 260 11.32
o 259 11.32
o 258 11.33
o 257 11.33
o 256 11.35
o 255 11.66
o 254 11.67
o 253 11.72
o 252 12.23
o 251 12.24
o 250 12.25
o 249 12.25
o 248 12.31
o 247 12.32
o 246 12.32
o 245 12.32
o 244 12.34
o 243 12.7
o 242 12.73
o 241 12.75
o 240 12.76
o 239 12.84
o 238 12.96
o 237 13.37
o 236 13.37
o 235 13.83
o 234 14.64
o 233 14.86
233	14.86
optic-gen_mult_5_5_991
o 894 5.22
o 302 5.25
o 301 10.88
o 285 10.9
o 283 11.35
o 281 11.91
o 280 11.91
o 271 12.01
o 270 12.69
o 269 12.69
o 268 12.79
o 267 12.89
o 266 12.9
o 265 12.9
o 264 12.9
o 262 12.93
o 261 13.14
o 260 13.15
o 259 13.18
o 258 13.19
o 257 13.2
o 255 13.2
o 254 13.21
o 253 13.21
o 252 13.4
o 251 13.4
o 250 13.56
o 249 13.56
o 248 13.63
o 247 13.68
o 245 13.68
o 244 13.68
o 243 15.28
o 242 15.29
o 241 15.34
o 240 15.34
o 239 15.41
o 238 15.78
o 237 15.93
o 236 16.73
o 235 20.5
o 234 36.97
o 233 37
233	37
optic-gen_mult_5_5_991
o 894 0.21
o 308 0.23
o 307 0.23
o 306 0.23
o 305 0.23
o 282 0.23
o 281 0.24
o 280 1.82
o 279 1.82
o 277 1.84
o 276 1.84
o 275 1.84
o 274 2.08
o 273 2.17
o 272 2.21
o 271 2.21
o 270 2.21
o 269 2.24
o 268 2.29
o 267 2.29
o 266 2.29
o 265 2.31
o 264 2.31
o 263 2.32
o 262 2.32
o 261 2.34
o 260 2.34
o 259 2.41
o 258 2.45
o 251 2.59
o 250 2.68
o 248 2.94
o 247 2.94
o 246 2.95
o 245 2.95
o 244 2.95
o 243 2.96
o 242 2.98
o 241 2.98
o 240 3
o 239 3.03
o 238 3.05
o 237 3.09
o 236 3.09
o 235 3.09
o 234 3.51
o 233 4.27
233	4.27
optic-gen_mult_5_5_991
o 894 0.2
o 311 0.21
o 281 0.22
o 278 1.67
o 277 1.67
o 276 1.67
o 275 1.71
o 273 1.71
o 272 1.71
o 271 1.71
o 270 1.71
o 269 1.94
o 268 1.95
o 267 1.95
o 266 1.95
o 265 1.96
o 264 1.96
o 262 1.96
o 261 1.97
o 258 1.97
o 257 2.05
o 256 2.06
o 255 2.07
o 254 2.07
o 253 2.07
o 252 2.13
o 250 2.26
o 249 2.26
o 248 2.26
o 247 2.26
o 246 2.27
o 245 2.54
o 244 2.56
o 243 2.56
o 242 2.57
o 241 2.57
o 240 2.57
o 239 2.63
o 238 2.63
o 237 2.79
o 236 2.93
o 235 3.31
o 234 4.02
o 233 4.03
o 232 4.24
232	4.24
optic-gen_mult_5_5_991
o 894 0.2
o 321 0.21
o 320 0.21
o 280 0.21
o 278 0.21
o 277 1.61
o 275 1.61
o 272 1.61
o 271 1.76
o 269 1.8
o 268 1.8
o 266 1.84
o 264 1.84
o 263 1.84
o 262 1.9
o 261 1.99
o 260 1.99
o 259 2
o 258 2
o 257 2.04
o 256 2.04
o 255 2.05
o 254 2.05
o 253 2.05
o 252 2.07
o 251 2.1
o 250 2.28
o 249 2.28
o 248 2.29
o 247 2.32
o 246 2.35
o 245 2.4
o 244 2.42
o 243 2.44
o 242 2.45
o 241 2.63
o 240 2.64
o 239 2.66
o 238 2.66
o 237 2.66
o 236 2.75
o 235 3.33
o 234 3.72
o 233 7.54
233	7.54
optic-gen_mult_5_5_991
o 894 0.32
o 276 0.34
o 275 0.34
o 274 4.21
o 273 4.21
o 271 4.41
o 268 4.42
o 267 4.42
o 266 4.45
o 265 4.45
o 263 4.59
o 262 4.59
o 259 4.68
o 258 4.88
o 257 4.88
o 256 5.03
o 255 5.03
o 254 5.04
o 253 5.05
o 252 5.07
o 251 5.12
o 250 5.14
o 249 5.23
o 248 5.74
o 247 6.21
o 246 6.21
o 245 6.22
o 244 6.24
o 243 6.34
o 242 6.36
o 241 6.36
o 240 6.37
o 239 6.54
o 238 6.77
o 237 6.78
o 236 6.78
o 235 6.8
o 234 6.81
o 233 6.86
233	6.86
