setcover-sts-data.135
o 111 0
o 110 0
o 109 0
o 108 0
o 107 0
o 106 0
o 105 0
o 104 0.01
o 103 207.77
103	207.78
setcover-sts-data.135
o 111 0
o 110 0
o 109 0
o 108 0
o 107 0
o 106 0
o 105 0
o 104 69.46
104	69.46
setcover-sts-data.135
o 111 0
o 110 0
o 109 0
o 108 0
o 107 0
o 106 0
o 105 0
o 104 0.01
o 103 6.54
103	6.54
setcover-sts-data.135
o 111 0
o 110 0
o 109 0
o 108 0
o 107 0
o 106 0
o 105 0
o 104 61.18
o 103 61.73
103	61.73
setcover-sts-data.135
o 111 0
o 110 0
o 109 0
o 108 0
o 107 0
o 106 0
o 105 0
o 104 0
o 103 1.23
103	1.23
setcover-sts-data.135
o 111 0
o 110 0
o 109 0
o 108 0
o 107 0
o 106 0
o 105 0
o 104 0.01
o 103 64.63
103	64.63
setcover-sts-data.135
o 111 0
o 110 0
o 109 0
o 108 0
o 107 0
o 106 0
o 105 0
o 104 0.01
o 103 62.56
103	62.56
setcover-sts-data.135
o 111 0
o 110 0
o 109 0
o 108 0
o 107 0
o 106 0
o 105 0
o 104 0.01
o 103 66.34
103	66.34
setcover-sts-data.135
o 111 0
o 110 0
o 109 0
o 108 0
o 107 0
o 106 0
o 105 0
o 104 0
o 103 61.12
103	61.12
setcover-sts-data.135
o 111 0
o 110 0
o 109 0
o 108 0
o 107 0
o 106 0
o 105 0
o 104 0.01
o 103 71.46
103	71.46
