decision-tree-hypothyroid-un-formula_0.8_2021_atleast_63_max-5_reduced_incomplete_tree
o 254 9.3
o 249 120.86
o 102 240.37
decision-tree-hypothyroid-un-formula_0.8_2021_atleast_63_max-5_reduced_incomplete_tree
o 414 11.2
o 102 96.34
decision-tree-hypothyroid-un-formula_0.8_2021_atleast_63_max-5_reduced_incomplete_tree
o 274 9.26
o 102 235.31
decision-tree-hypothyroid-un-formula_0.8_2021_atleast_63_max-5_reduced_incomplete_tree
o 102 11.95
o 96 136.38
decision-tree-hypothyroid-un-formula_0.8_2021_atleast_63_max-5_reduced_incomplete_tree
o 102 9.07
decision-tree-hypothyroid-un-formula_0.8_2021_atleast_63_max-5_reduced_incomplete_tree
o 307 12.59
o 102 230.54
decision-tree-hypothyroid-un-formula_0.8_2021_atleast_63_max-5_reduced_incomplete_tree
o 102 7.7
decision-tree-hypothyroid-un-formula_0.8_2021_atleast_63_max-5_reduced_incomplete_tree
o 102 7.59
decision-tree-hypothyroid-un-formula_0.8_2021_atleast_63_max-5_reduced_incomplete_tree
o 102 10.96
decision-tree-hypothyroid-un-formula_0.8_2021_atleast_63_max-5_reduced_incomplete_tree
o 249 39.2
o 102 129.44
