gen-hyper-tw-GenHyperTW_uf20-01
o 10 0.03
o 7 0.91
o 6 1.7
gen-hyper-tw-GenHyperTW_uf20-01
o 9 0.03
o 7 0.89
o 6 7.55
gen-hyper-tw-GenHyperTW_uf20-01
o 11 0.05
o 10 0.05
o 6 0.86
gen-hyper-tw-GenHyperTW_uf20-01
o 9 0.04
o 6 0.93
gen-hyper-tw-GenHyperTW_uf20-01
o 10 0.04
o 9 0.04
o 7 1.14
o 6 3.69
gen-hyper-tw-GenHyperTW_uf20-01
o 11 0.05
o 6 1.01
gen-hyper-tw-GenHyperTW_uf20-01
o 10 0.03
o 9 0.03
o 7 0.88
o 6 3.4
gen-hyper-tw-GenHyperTW_uf20-01
o 10 0.04
o 9 0.04
o 7 0.9
o 6 5.02
gen-hyper-tw-GenHyperTW_uf20-01
o 11 0.04
o 6 1.06
gen-hyper-tw-GenHyperTW_uf20-01
o 11 0.05
o 10 0.05
o 9 0.05
o 7 1.05
o 6 4.46
