gen-hyper-tw-GenHyperTW_dubois29
o 18 1.17
o 17 1.17
o 7 6.58
o 6 184.8
gen-hyper-tw-GenHyperTW_dubois29
o 21 1.2
o 20 1.2
o 8 8.67
o 6 60.21
gen-hyper-tw-GenHyperTW_dubois29
o 17 1.17
o 9 5.18
o 6 14.64
gen-hyper-tw-GenHyperTW_dubois29
o 22 1.11
o 21 1.11
o 10 6.41
o 9 17.3
o 8 21.2
o 7 69.48
o 6 77.14
gen-hyper-tw-GenHyperTW_dubois29
o 18 1.15
o 7 8.57
o 6 78.78
gen-hyper-tw-GenHyperTW_dubois29
o 22 1.25
o 10 6.7
o 6 41.04
gen-hyper-tw-GenHyperTW_dubois29
o 21 1.16
o 7 6.44
o 6 104.35
gen-hyper-tw-GenHyperTW_dubois29
o 21 1.12
o 8 4.52
o 6 22.79
gen-hyper-tw-GenHyperTW_dubois29
o 20 1.14
o 10 5.98
o 8 12.33
o 7 69.84
o 6 133.1
gen-hyper-tw-GenHyperTW_dubois29
o 15 1.24
o 7 5.19
o 6 49.91
