optimizing-BDDs-tic-tac-toe-un-wcnf_incomplete_improved_1_2019_6
o 299 0.16
o 272 4.26
o 267 10.17
o 249 21.54
o 238 31.19
o 236 41.89
o 231 195.86
o 225 282.59
optimizing-BDDs-tic-tac-toe-un-wcnf_incomplete_improved_1_2019_6
o 341 0.18
o 338 0.18
o 261 6.35
o 259 18.16
o 204 23.76
optimizing-BDDs-tic-tac-toe-un-wcnf_incomplete_improved_1_2019_6
o 247 0.15
o 187 65.78
optimizing-BDDs-tic-tac-toe-un-wcnf_incomplete_improved_1_2019_6
o 189 0.21
optimizing-BDDs-tic-tac-toe-un-wcnf_incomplete_improved_1_2019_6
o 277 0.13
o 268 15.77
o 255 20.55
o 224 49.11
o 207 130.43
optimizing-BDDs-tic-tac-toe-un-wcnf_incomplete_improved_1_2019_6
o 403 0.11
o 251 0.11
o 244 5.61
o 216 27.73
o 188 233.84
optimizing-BDDs-tic-tac-toe-un-wcnf_incomplete_improved_1_2019_6
o 274 0.17
o 262 10.41
o 258 14.8
o 221 56.34
optimizing-BDDs-tic-tac-toe-un-wcnf_incomplete_improved_1_2019_6
o 219 0.12
optimizing-BDDs-tic-tac-toe-un-wcnf_incomplete_improved_1_2019_6
o 330 0.13
o 267 5.54
o 245 48.37
o 213 60.67
optimizing-BDDs-tic-tac-toe-un-wcnf_incomplete_improved_1_2019_6
o 312 0.1
o 280 6.28
o 267 11.93
o 228 18.55
o 189 73.48
