optimizing-BDDs-lymph-un-wcnf_incomplete_improved_1_2019_7
o 30 0.04
o 28 0.92
o 26 2.88
o 21 5.11
o 13 20.11
o 11 58.33
optimizing-BDDs-lymph-un-wcnf_incomplete_improved_1_2019_7
o 45 0.04
o 33 1.09
o 28 2.51
o 24 3.48
o 23 10.19
o 20 12.18
o 19 15.51
o 16 186.35
o 15 186.35
o 14 186.36
optimizing-BDDs-lymph-un-wcnf_incomplete_improved_1_2019_7
o 39 0.04
o 31 1.43
o 27 2.41
o 20 3.49
o 17 10.18
o 16 77.01
o 15 266.14
optimizing-BDDs-lymph-un-wcnf_incomplete_improved_1_2019_7
o 24 0.04
o 17 2.19
o 15 254.61
optimizing-BDDs-lymph-un-wcnf_incomplete_improved_1_2019_7
o 40 0.04
o 21 1.15
o 16 15.28
o 15 94.48
o 14 94.48
o 12 116.74
optimizing-BDDs-lymph-un-wcnf_incomplete_improved_1_2019_7
o 23 0.04
o 21 4.73
o 20 16.4
o 19 16.4
o 17 34.96
o 15 85.42
o 14 85.42
optimizing-BDDs-lymph-un-wcnf_incomplete_improved_1_2019_7
o 59 0.04
o 43 0.04
o 14 1.06
o 12 272.59
optimizing-BDDs-lymph-un-wcnf_incomplete_improved_1_2019_7
o 31 0.04
o 24 1.25
o 19 16.83
o 14 18.98
optimizing-BDDs-lymph-un-wcnf_incomplete_improved_1_2019_7
o 28 0.04
o 24 1.09
o 21 13.89
o 19 22.59
o 16 25.9
o 15 135.5
o 14 142.38
optimizing-BDDs-lymph-un-wcnf_incomplete_improved_1_2019_7
o 36 0.04
o 28 0.99
o 19 1.93
o 17 74.88
o 14 127.04
