setcover-sts-data.243
o 211 0
o 205 0
o 203 0.18
setcover-sts-data.243
o 211 0
o 206 0
o 205 0.01
o 203 0.03
setcover-sts-data.243
o 211 0
o 206 0
o 205 0.01
o 204 0.02
o 203 0.37
setcover-sts-data.243
o 211 0
o 205 0
o 199 0.01
o 198 0.01
setcover-sts-data.243
o 211 0
o 205 0
o 204 0.02
o 203 0.21
setcover-sts-data.243
o 211 0
o 206 0
o 205 0.02
o 203 0.03
setcover-sts-data.243
o 211 0
o 206 0
o 204 0.01
o 203 0.04
setcover-sts-data.243
o 211 0
o 203 0
setcover-sts-data.243
o 211 0
o 206 0
o 205 0.01
o 203 0.01
setcover-sts-data.243
o 211 0
o 206 0
o 205 0
o 204 0.02
o 200 0.05
o 199 0.05
o 198 0.05
