aes-mul_8_13
o 1184 1.920000
o 914 1.940000
o 913 1.940000
o 912 1.940000
o 911 1.940000
o 910 1.940000
o 909 1.940000
o 908 1.940000
o 907 1.940000
o 906 1.940000
o 905 1.940000
o 904 1.940000
o 903 1.940000
o 128 1.950000
o 122 1.950000
o 121 1.950000
o 120 1.950000
o 119 1.950000
o 118 1.950000
o 108 1.950000
o 106 1.950000
o 105 1.950000
o 102 1.950000
o 99 1.950000
o 96 1.950000
o 95 1.950000
o 94 1.950000
o 93 1.950000
o 92 1.950000
o 91 1.950000
o 90 1.950000
o 89 1.950000
o 88 1.950000
o 87 1.950000
o 85 7.710000
o 84 7.720000
o 83 7.760000
o 82 7.760000
o 81 7.760000
o 80 7.840000
o 79 7.840000
o 78 7.850000
o 77 7.850000
o 76 7.850000
o 75 7.850000
o 74 7.850000
o 73 7.850000
o 72 7.850000
o 71 7.850000
o 70 7.890000
o 68 8.100000
o 67 8.100000
o 66 8.100000
o 65 8.100000
o 64 8.120000
o 63 8.140000
o 62 8.140000
o 61 38.660000
o 60 38.660000
60	38.660000
aes-mul_8_13
o 1184 1.810000
o 172 1.840000
o 134 1.840000
o 117 1.850000
o 111 1.850000
o 108 1.850000
o 107 1.850000
o 106 1.850000
o 105 1.850000
o 104 1.850000
o 103 1.850000
o 102 1.850000
o 101 1.850000
o 100 1.850000
o 99 1.850000
o 98 1.850000
o 92 1.850000
o 91 1.850000
o 90 1.850000
o 89 1.850000
o 88 1.850000
o 85 8.910000
o 84 8.930000
o 83 8.930000
o 82 8.930000
o 81 8.930000
o 80 8.940000
o 79 8.940000
o 78 9.030000
o 77 9.030000
o 76 9.050000
o 74 9.050000
o 73 9.070000
o 72 9.070000
o 71 9.080000
o 70 9.080000
o 69 9.080000
o 68 9.080000
o 67 205.960000
o 66 205.960000
o 65 205.960000
o 64 205.960000
o 63 205.960000
o 62 205.960000
o 61 212.490000
o 60 212.490000
60	212.490000
aes-mul_8_13
o 1184 2.120000
o 179 2.160000
o 178 2.160000
o 177 2.160000
o 176 2.160000
o 175 2.160000
o 144 2.160000
o 143 2.160000
o 142 2.160000
o 141 2.160000
o 140 2.160000
o 133 2.160000
o 128 2.160000
o 127 2.160000
o 116 2.160000
o 115 2.160000
o 113 2.160000
o 112 2.160000
o 111 2.160000
o 110 2.160000
o 109 2.160000
o 107 2.160000
o 106 2.160000
o 105 2.160000
o 93 2.170000
o 92 2.170000
o 91 2.170000
o 90 2.170000
o 89 2.170000
o 88 2.170000
o 87 2.170000
o 86 2.170000
o 85 2.170000
o 84 2.170000
o 83 2.170000
o 82 2.170000
o 81 2.170000
o 80 2.170000
o 79 2.170000
o 78 2.170000
o 77 8.070000
o 76 8.070000
o 75 8.070000
o 74 8.070000
o 73 8.270000
o 72 8.290000
o 71 8.290000
o 70 8.290000
o 69 8.320000
o 68 8.350000
o 67 8.420000
o 66 8.420000
o 65 8.420000
o 64 8.420000
o 63 9.810000
o 62 9.810000
o 61 10.700000
o 60 10.700000
60	10.700000
aes-mul_8_13
o 1184 2.110000
o 200 2.140000
o 192 2.140000
o 191 2.140000
o 190 2.140000
o 184 2.140000
o 183 2.140000
o 182 2.140000
o 181 2.140000
o 180 2.140000
o 179 2.140000
o 176 2.140000
o 174 2.140000
o 172 2.140000
o 171 2.140000
o 170 2.140000
o 169 2.140000
o 164 2.140000
o 163 2.140000
o 162 2.140000
o 150 2.140000
o 124 2.140000
o 121 2.140000
o 120 2.140000
o 112 2.140000
o 109 2.140000
o 108 2.140000
o 107 2.140000
o 106 2.140000
o 105 2.140000
o 104 2.140000
o 103 2.140000
o 101 2.140000
o 97 2.140000
o 87 2.140000
o 84 2.140000
o 82 2.140000
o 81 2.140000
o 76 2.150000
o 75 2.150000
o 74 2.150000
o 73 7.310000
o 72 7.310000
o 71 7.310000
o 70 7.310000
o 69 7.310000
o 68 7.310000
o 67 7.310000
o 66 7.370000
o 65 7.380000
o 64 7.400000
o 63 274.520000
o 62 274.570000
o 61 274.630000
o 60 274.630000
60	274.630000
aes-mul_8_13
o 1184 7.350000
o 158 7.420000
o 157 7.420000
o 156 7.420000
o 155 7.420000
o 154 7.420000
o 153 7.420000
o 152 7.420000
o 151 7.420000
o 150 7.420000
o 149 7.420000
o 148 7.420000
o 147 7.420000
o 146 7.420000
o 145 7.420000
o 144 7.420000
o 143 7.420000
o 142 7.420000
o 141 7.420000
o 140 7.420000
o 139 7.420000
o 138 7.420000
o 137 7.420000
o 136 7.420000
o 135 7.420000
o 134 7.420000
o 133 7.420000
o 132 7.420000
o 131 7.420000
o 130 7.420000
o 129 7.420000
o 128 7.420000
o 127 7.420000
o 126 7.420000
o 124 7.420000
o 123 7.420000
o 122 7.420000
o 121 7.420000
o 120 7.420000
o 100 7.420000
o 99 7.420000
o 97 7.420000
o 96 7.420000
o 95 7.420000
o 94 7.420000
o 93 7.420000
o 92 7.420000
o 91 7.420000
o 90 7.420000
o 89 7.420000
o 88 7.420000
o 87 7.420000
o 86 7.420000
o 85 7.420000
o 84 7.420000
o 83 7.420000
o 82 7.420000
o 81 7.430000
o 80 7.430000
o 79 7.430000
o 78 18.360000
o 77 18.360000
o 76 18.360000
o 75 18.370000
o 74 18.380000
o 73 18.410000
o 72 18.450000
o 71 18.450000
o 70 18.450000
o 69 18.450000
o 68 18.450000
o 67 18.450000
o 66 18.480000
o 65 18.500000
o 64 18.500000
o 63 18.500000
o 62 18.550000
o 61 33.740000
o 60 33.740000
60	33.740000
aes-mul_8_13
o 1184 2.320000
o 236 2.350000
o 235 2.350000
o 234 2.350000
o 233 2.350000
o 232 2.350000
o 150 2.350000
o 141 2.350000
o 120 2.360000
o 119 2.360000
o 118 2.360000
o 117 2.360000
o 114 2.360000
o 110 2.360000
o 109 2.360000
o 108 2.360000
o 107 2.360000
o 106 2.360000
o 105 2.360000
o 104 2.360000
o 88 2.360000
o 87 2.360000
o 86 2.360000
o 85 2.360000
o 84 2.360000
o 83 2.360000
o 82 2.360000
o 81 2.360000
o 80 2.370000
o 78 2.370000
o 76 2.380000
o 75 7.880000
o 74 7.880000
o 73 7.910000
o 72 7.910000
o 71 7.920000
o 70 7.930000
o 69 7.930000
o 68 7.940000
o 67 7.940000
o 66 7.940000
o 65 8.050000
o 64 8.050000
o 63 18.950000
o 62 18.950000
o 61 18.950000
61	18.950000
aes-mul_8_13
o 1184 1.940000
o 156 1.980000
o 155 1.980000
o 154 1.980000
o 153 1.980000
o 152 1.980000
o 151 1.980000
o 150 1.980000
o 149 1.980000
o 129 1.980000
o 125 1.980000
o 107 1.980000
o 106 1.980000
o 104 1.980000
o 100 1.980000
o 99 1.980000
o 98 1.980000
o 96 1.980000
o 95 1.980000
o 94 1.980000
o 93 1.980000
o 92 1.980000
o 91 1.980000
o 90 1.980000
o 89 1.980000
o 88 1.980000
o 83 1.980000
o 80 1.980000
o 79 1.980000
o 78 1.980000
o 77 1.980000
o 76 1.980000
o 75 1.980000
o 74 1.980000
o 73 7.800000
o 72 7.800000
o 71 7.800000
o 70 7.800000
o 69 7.800000
o 68 7.820000
o 67 7.850000
o 66 7.850000
o 65 7.870000
o 64 7.870000
o 63 7.870000
o 62 7.870000
o 61 9.800000
o 60 9.800000
60	9.800000
aes-mul_8_13
o 1184 2.660000
o 1099 2.690000
o 1098 2.690000
o 1097 2.690000
o 1096 2.690000
o 1095 2.690000
o 1094 2.690000
o 1093 2.690000
o 1092 2.690000
o 1091 2.690000
o 1090 2.690000
o 1089 2.690000
o 1088 2.690000
o 1087 2.690000
o 1086 2.690000
o 1085 2.690000
o 1084 2.690000
o 1083 2.690000
o 1082 2.690000
o 1081 2.690000
o 1080 2.690000
o 1079 2.690000
o 1078 2.690000
o 236 2.700000
o 235 2.700000
o 234 2.700000
o 233 2.700000
o 232 2.700000
o 141 2.710000
o 123 2.710000
o 113 2.710000
o 110 2.710000
o 109 2.710000
o 106 2.710000
o 105 2.710000
o 104 2.710000
o 99 2.710000
o 98 2.710000
o 96 2.710000
o 95 2.710000
o 94 2.710000
o 93 2.710000
o 92 2.710000
o 91 2.710000
o 90 2.710000
o 89 2.710000
o 88 2.710000
o 87 2.710000
o 86 2.710000
o 85 2.710000
o 84 2.710000
o 83 8.890000
o 82 8.890000
o 81 8.890000
o 80 8.890000
o 79 8.890000
o 78 8.890000
o 77 8.910000
o 76 8.910000
o 75 8.910000
o 74 8.910000
o 73 8.910000
o 72 8.910000
o 71 8.910000
o 70 8.940000
o 69 8.940000
o 68 8.940000
o 67 8.980000
o 66 9.000000
o 65 287.560000
o 64 287.580000
o 63 287.580000
o 62 287.580000
o 61 295.400000
o 60 295.400000
60	295.400000
aes-mul_8_13
o 1184 1.540000
o 169 1.560000
o 168 1.560000
o 131 1.570000
o 130 1.570000
o 129 1.570000
o 125 1.570000
o 123 1.570000
o 120 1.570000
o 119 1.570000
o 109 1.570000
o 108 1.570000
o 107 1.570000
o 106 1.570000
o 105 1.570000
o 104 1.570000
o 103 1.570000
o 102 1.570000
o 101 1.570000
o 100 1.570000
o 95 1.570000
o 94 1.570000
o 93 1.570000
o 92 1.570000
o 91 1.570000
o 89 1.570000
o 88 1.570000
o 87 1.570000
o 86 1.570000
o 85 1.570000
o 84 1.570000
o 83 1.570000
o 82 1.570000
o 81 1.570000
o 80 5.610000
o 79 5.610000
o 78 5.610000
o 77 5.610000
o 76 5.610000
o 75 5.610000
o 74 5.620000
o 73 5.620000
o 72 5.620000
o 71 5.620000
o 70 5.620000
o 69 5.620000
o 68 5.620000
o 67 5.620000
o 66 5.620000
o 65 5.620000
o 64 5.620000
o 63 5.640000
o 62 5.640000
o 61 5.640000
o 60 5.670000
60	5.670000
aes-mul_8_13
o 1184 1.570000
o 183 1.590000
o 182 1.590000
o 181 1.590000
o 151 1.590000
o 149 1.590000
o 148 1.590000
o 146 1.590000
o 135 1.590000
o 132 1.590000
o 131 1.590000
o 130 1.590000
o 129 1.590000
o 128 1.590000
o 127 1.590000
o 126 1.590000
o 125 1.590000
o 124 1.590000
o 123 1.590000
o 122 1.590000
o 121 1.590000
o 117 1.590000
o 115 1.590000
o 114 1.590000
o 111 1.590000
o 109 1.590000
o 108 1.590000
o 103 1.600000
o 101 1.600000
o 99 1.600000
o 98 1.600000
o 97 1.600000
o 96 1.600000
o 95 1.600000
o 94 1.600000
o 93 1.600000
o 92 1.600000
o 91 1.600000
o 90 1.600000
o 89 1.600000
o 88 1.600000
o 87 1.600000
o 86 6.160000
o 85 6.160000
o 84 6.160000
o 83 6.170000
o 80 6.170000
o 79 6.170000
o 78 6.170000
o 77 6.170000
o 76 6.180000
o 75 6.180000
o 74 6.180000
o 73 6.180000
o 72 6.180000
o 71 6.180000
o 70 6.180000
o 69 6.180000
o 68 6.180000
o 67 6.180000
o 66 6.180000
o 65 6.180000
o 64 6.180000
o 63 6.180000
o 62 6.180000
o 61 8.900000
o 60 8.900000
60	8.900000
