gen-hyper-tw-GenHyperTW_b01
o 21 0.170000
o 9 1.140000
o 8 2.580000
o 7 9.020000
7	9.020000
gen-hyper-tw-GenHyperTW_b01
o 18 0.180000
o 8 1.510000
o 7 40.720000
o 6 46.840000
6	46.840000
gen-hyper-tw-GenHyperTW_b01
o 17 0.180000
o 9 0.840000
o 8 0.880000
o 7 7.860000
o 6 15.090000
6	15.090000
gen-hyper-tw-GenHyperTW_b01
o 20 0.210000
o 8 1.240000
o 7 1.240000
o 6 117.500000
6	117.500000
gen-hyper-tw-GenHyperTW_b01
o 22 0.200000
o 9 1.020000
o 8 1.330000
o 7 10.420000
o 6 176.810000
6	176.810000
gen-hyper-tw-GenHyperTW_b01
o 20 0.220000
o 9 1.290000
o 8 1.290000
o 7 4.110000
o 6 25.060000
6	25.060000
gen-hyper-tw-GenHyperTW_b01
o 17 0.160000
o 8 0.890000
o 7 27.360000
o 6 27.800000
6	27.800000
gen-hyper-tw-GenHyperTW_b01
o 16 0.150000
o 9 1.130000
o 8 8.350000
o 7 50.970000
o 6 278.410000
6	278.410000
gen-hyper-tw-GenHyperTW_b01
o 19 0.160000
o 8 1.120000
o 7 1.130000
o 6 33.410000
6	33.410000
gen-hyper-tw-GenHyperTW_b01
o 20 0.210000
o 9 1.110000
o 8 2.050000
o 7 20.660000
o 6 54.360000
o 5 184.270000
5	184.270000
