inconsistency-measurement-im-contension-C-1-grd_3018_3_7.tgf.pl
o 609 0.330000
o 540 1.930000
o 539 1.940000
o 538 1.940000
o 537 1.980000
o 536 1.980000
o 535 2.450000
o 534 2.460000
o 533 2.520000
o 532 2.520000
o 531 2.530000
o 530 2.590000
o 529 2.680000
o 528 2.700000
o 527 2.740000
o 526 2.740000
o 525 2.770000
o 524 2.810000
o 523 2.810000
o 522 3.570000
o 521 4.500000
o 520 5.180000
o 519 5.200000
o 518 5.310000
o 517 5.340000
o 516 5.450000
o 515 6.250000
o 514 6.250000
o 513 6.850000
o 512 96.690000
o 511 101.330000
o 510 130.780000
o 509 130.790000
o 508 132.900000
508	132.900000
inconsistency-measurement-im-contension-C-1-grd_3018_3_7.tgf.pl
o 600 0.300000
o 532 1.780000
o 531 2.430000
o 530 3.190000
o 529 3.200000
o 528 3.200000
o 527 3.270000
o 526 3.510000
o 525 3.640000
o 524 3.650000
o 523 3.840000
o 522 3.850000
o 521 4.000000
o 520 4.530000
o 519 4.570000
o 518 5.170000
o 517 6.670000
o 516 7.900000
o 515 7.990000
o 514 8.000000
o 513 8.410000
o 512 8.920000
o 511 10.730000
o 510 10.920000
o 509 11.080000
o 508 11.380000
o 507 11.420000
o 506 13.240000
506	13.240000
inconsistency-measurement-im-contension-C-1-grd_3018_3_7.tgf.pl
o 596 0.330000
o 533 1.900000
o 532 1.910000
o 531 1.930000
o 530 1.970000
o 529 2.460000
o 528 3.300000
o 527 3.330000
o 526 3.350000
o 525 3.450000
o 524 3.470000
o 523 3.560000
o 522 3.940000
o 521 4.660000
o 520 5.210000
o 519 5.320000
o 518 5.430000
o 517 5.450000
o 516 5.610000
o 515 6.690000
o 514 14.430000
o 513 17.340000
o 512 39.290000
o 511 39.590000
o 510 46.890000
o 509 49.540000
o 508 191.500000
508	191.500000
inconsistency-measurement-im-contension-C-1-grd_3018_3_7.tgf.pl
o 608 0.310000
o 540 1.830000
o 539 1.830000
o 538 1.850000
o 537 1.880000
o 536 1.900000
o 535 2.260000
o 534 2.330000
o 533 2.340000
o 532 2.360000
o 531 2.400000
o 530 2.400000
o 529 2.450000
o 528 2.450000
o 527 2.480000
o 526 3.110000
o 525 3.240000
o 524 3.520000
o 523 3.880000
o 522 3.880000
o 521 4.080000
o 520 4.150000
o 519 5.490000
o 518 5.820000
o 517 5.850000
o 516 5.850000
o 515 10.830000
o 514 18.930000
o 513 19.720000
o 512 19.730000
o 511 23.350000
o 510 59.430000
o 509 62.160000
o 508 67.270000
o 507 67.740000
o 506 70.960000
o 505 136.790000
o 504 278.730000
o 503 280.440000
o 502 281.600000
o 501 282.150000
501	282.150000
inconsistency-measurement-im-contension-C-1-grd_3018_3_7.tgf.pl
o 608 0.310000
o 540 1.840000
o 539 1.840000
o 538 1.950000
o 537 1.960000
o 536 2.230000
o 535 2.350000
o 534 2.350000
o 533 2.510000
o 532 2.530000
o 531 2.540000
o 530 2.600000
o 529 2.740000
o 528 2.750000
o 527 2.780000
o 526 2.840000
o 525 2.860000
o 524 2.890000
o 523 2.940000
o 522 3.010000
o 521 3.280000
o 520 3.440000
o 519 3.580000
o 518 3.790000
o 517 4.330000
o 516 4.920000
o 515 5.170000
o 514 5.260000
o 513 5.870000
o 512 7.860000
o 511 58.080000
o 510 62.860000
o 509 265.970000
o 508 273.520000
o 507 276.770000
507	276.770000
inconsistency-measurement-im-contension-C-1-grd_3018_3_7.tgf.pl
o 614 0.350000
o 533 2.160000
o 532 2.200000
o 531 2.260000
o 530 2.260000
o 529 2.680000
o 528 2.930000
o 527 3.000000
o 526 3.070000
o 525 3.070000
o 524 3.080000
o 523 3.100000
o 522 3.840000
o 521 5.200000
o 520 5.270000
o 519 5.970000
o 518 6.150000
o 517 6.410000
o 516 6.520000
o 515 6.540000
o 514 6.630000
o 513 7.900000
o 512 19.050000
o 511 23.360000
o 510 24.290000
510	24.290000
inconsistency-measurement-im-contension-C-1-grd_3018_3_7.tgf.pl
o 611 0.320000
o 539 1.910000
o 538 1.920000
o 537 1.920000
o 536 1.920000
o 535 2.030000
o 534 2.130000
o 533 2.140000
o 532 2.150000
o 531 2.190000
o 530 2.600000
o 529 2.660000
o 528 2.700000
o 527 2.700000
o 526 2.730000
o 525 2.860000
o 524 2.920000
o 523 3.890000
o 522 4.310000
o 521 4.780000
o 520 4.780000
o 519 4.800000
o 518 4.960000
o 517 5.330000
o 516 6.040000
o 515 6.250000
o 514 6.360000
o 513 6.480000
o 512 7.600000
o 511 9.620000
o 510 90.430000
o 509 91.240000
509	91.240000
inconsistency-measurement-im-contension-C-1-grd_3018_3_7.tgf.pl
o 603 0.330000
o 531 1.940000
o 530 2.090000
o 529 2.090000
o 528 2.930000
o 527 2.970000
o 526 3.270000
o 525 3.510000
o 524 3.830000
o 523 3.880000
o 522 3.940000
o 521 4.010000
o 520 7.020000
o 519 7.030000
o 518 7.410000
o 517 7.790000
o 516 7.820000
o 515 9.690000
o 514 9.720000
o 513 17.260000
o 512 19.670000
o 511 20.090000
o 510 22.310000
o 509 29.340000
o 508 29.460000
508	29.460000
inconsistency-measurement-im-contension-C-1-grd_3018_3_7.tgf.pl
o 604 0.310000
o 538 1.820000
o 537 1.820000
o 536 1.870000
o 535 1.930000
o 534 1.930000
o 533 2.360000
o 532 2.370000
o 531 2.420000
o 530 2.620000
o 529 2.730000
o 528 2.740000
o 527 2.870000
o 526 2.870000
o 525 3.030000
o 524 3.050000
o 523 3.060000
o 522 3.100000
o 521 3.620000
o 520 4.260000
o 519 4.260000
o 518 4.290000
o 517 5.680000
o 516 6.480000
o 515 6.510000
o 514 6.900000
o 513 68.960000
o 512 69.640000
o 511 72.360000
o 510 81.400000
o 509 81.400000
o 508 84.130000
o 507 85.630000
o 506 89.490000
o 505 100.530000
o 504 104.840000
o 503 112.660000
503	112.660000
inconsistency-measurement-im-contension-C-1-grd_3018_3_7.tgf.pl
o 610 0.320000
o 541 1.950000
o 540 1.970000
o 539 1.970000
o 538 1.970000
o 537 1.980000
o 536 1.980000
o 535 1.980000
o 534 2.140000
o 533 2.270000
o 532 2.320000
o 531 2.390000
o 530 2.640000
o 529 2.730000
o 528 2.870000
o 527 2.960000
o 526 3.060000
o 525 3.080000
o 524 3.080000
o 523 3.580000
o 522 4.370000
o 521 4.540000
o 520 4.570000
o 519 4.740000
o 518 4.830000
o 517 4.850000
o 516 5.070000
o 515 5.100000
o 514 5.280000
o 513 6.330000
o 512 10.450000
o 511 36.620000
o 510 36.760000
o 509 38.410000
o 508 38.950000
o 507 45.920000
507	45.920000
