inconsistency-measurement-im-hit-A-1-grd_2065_1_8.tgf.pl
o 374 0.010000
o 320 0.310000
o 319 0.310000
o 318 0.380000
o 317 0.380000
o 316 0.450000
o 315 0.470000
o 314 0.600000
o 313 0.600000
o 312 0.620000
o 311 0.710000
o 310 0.760000
o 309 9.840000
o 308 40.830000
o 307 174.680000
o 306 174.830000
306	174.830000
inconsistency-measurement-im-hit-A-1-grd_2065_1_8.tgf.pl
o 376 0.020000
o 321 0.330000
o 320 0.380000
o 319 0.380000
o 318 0.390000
o 317 0.390000
o 316 0.400000
o 315 0.410000
o 314 0.420000
o 313 0.430000
o 312 0.460000
o 311 0.460000
o 310 0.490000
o 309 0.610000
o 308 1.400000
308	1.400000
inconsistency-measurement-im-hit-A-1-grd_2065_1_8.tgf.pl
o 383 0.010000
o 327 0.310000
o 326 0.320000
o 325 0.340000
o 324 0.340000
o 323 0.350000
o 322 0.360000
o 321 0.360000
o 320 0.370000
o 319 0.370000
o 318 0.370000
o 317 0.400000
o 316 0.400000
o 315 0.520000
o 314 0.690000
o 313 0.750000
o 312 4.220000
o 311 13.990000
o 310 17.940000
o 309 17.950000
o 308 64.870000
o 307 249.780000
307	249.780000
inconsistency-measurement-im-hit-A-1-grd_2065_1_8.tgf.pl
o 383 0.020000
o 318 0.310000
o 317 0.320000
o 316 0.370000
o 315 0.400000
o 314 0.440000
o 313 0.520000
o 312 1.770000
o 311 11.150000
o 310 11.830000
o 309 21.420000
o 308 21.490000
o 307 59.870000
o 306 102.300000
o 305 102.540000
o 304 102.540000
o 303 102.560000
303	102.560000
inconsistency-measurement-im-hit-A-1-grd_2065_1_8.tgf.pl
o 383 0.020000
o 321 0.310000
o 320 0.310000
o 319 0.320000
o 318 0.320000
o 317 0.340000
o 316 0.340000
o 315 0.350000
o 314 0.550000
o 313 9.720000
o 312 9.720000
o 311 9.770000
o 310 9.920000
o 309 10.070000
o 308 10.230000
o 307 77.160000
307	77.160000
inconsistency-measurement-im-hit-A-1-grd_2065_1_8.tgf.pl
o 378 0.010000
o 320 0.310000
o 319 0.310000
o 318 0.310000
o 317 0.310000
o 316 0.310000
o 315 0.310000
o 314 0.320000
o 313 0.320000
o 312 0.320000
o 311 0.480000
o 310 0.510000
o 309 18.980000
o 308 84.790000
o 307 115.200000
o 306 115.270000
o 305 292.720000
305	292.720000
inconsistency-measurement-im-hit-A-1-grd_2065_1_8.tgf.pl
o 381 0.010000
o 317 0.320000
o 316 0.490000
o 315 0.710000
o 314 0.920000
o 313 0.930000
o 312 0.930000
o 311 0.970000
o 310 1.030000
o 309 10.760000
o 308 10.770000
o 307 10.780000
o 306 43.560000
306	43.560000
inconsistency-measurement-im-hit-A-1-grd_2065_1_8.tgf.pl
o 385 0.010000
o 322 0.330000
o 321 0.330000
o 320 0.330000
o 319 0.340000
o 318 0.340000
o 317 0.360000
o 316 0.360000
o 315 0.420000
o 314 0.420000
o 313 0.450000
o 312 7.460000
o 311 7.520000
o 310 7.840000
o 309 8.280000
o 308 18.850000
o 307 49.110000
o 306 50.060000
306	50.060000
inconsistency-measurement-im-hit-A-1-grd_2065_1_8.tgf.pl
o 378 0.020000
o 317 0.330000
o 316 0.430000
o 315 0.520000
o 314 0.710000
o 313 0.720000
o 312 0.800000
o 311 0.870000
o 310 29.900000
o 309 29.920000
o 308 57.470000
o 307 57.480000
o 306 57.500000
o 305 58.040000
305	58.040000
inconsistency-measurement-im-hit-A-1-grd_2065_1_8.tgf.pl
o 379 0.020000
o 323 0.320000
o 322 0.340000
o 321 0.400000
o 320 0.400000
o 319 0.410000
o 318 0.420000
o 317 0.490000
o 316 0.520000
o 315 0.530000
o 314 0.530000
o 313 0.540000
o 312 1.010000
o 311 10.150000
o 310 10.150000
o 309 19.730000
o 308 20.140000
o 307 109.300000
o 306 109.320000
306	109.320000
inconsistency-measurement-im-hit-A-1-grd_2065_1_8.tgf.pl
o 374 0.010000
o 320 0.310000
o 319 0.310000
o 318 0.390000
o 317 0.390000
o 316 0.460000
o 315 0.480000
o 314 0.600000
o 313 0.610000
o 312 0.630000
o 311 0.720000
o 310 0.760000
o 309 9.750000
o 308 40.670000
o 307 173.470000
o 306 173.630000
306	173.630000
inconsistency-measurement-im-hit-A-1-grd_2065_1_8.tgf.pl
o 376 0.020000
o 321 0.350000
o 320 0.380000
o 319 0.390000
o 318 0.400000
o 317 0.400000
o 316 0.410000
o 315 0.420000
o 314 0.430000
o 313 0.440000
o 312 0.470000
o 311 0.480000
o 310 0.500000
o 309 0.620000
o 308 1.410000
308	1.410000
inconsistency-measurement-im-hit-A-1-grd_2065_1_8.tgf.pl
o 383 0.010000
o 327 0.300000
o 326 0.310000
o 325 0.330000
o 324 0.340000
o 323 0.350000
o 322 0.350000
o 321 0.360000
o 320 0.370000
o 319 0.370000
o 318 0.370000
o 317 0.400000
o 316 0.400000
o 315 0.530000
o 314 0.700000
o 313 0.770000
o 312 4.320000
o 311 14.280000
o 310 18.310000
o 309 18.320000
o 308 66.050000
o 307 253.340000
307	253.340000
inconsistency-measurement-im-hit-A-1-grd_2065_1_8.tgf.pl
o 383 0.020000
o 318 0.330000
o 317 0.330000
o 316 0.390000
o 315 0.410000
o 314 0.460000
o 313 0.540000
o 312 1.800000
o 311 10.960000
o 310 11.630000
o 309 21.060000
o 308 21.120000
o 307 58.850000
o 306 100.610000
o 305 100.840000
o 304 100.840000
o 303 100.870000
303	100.870000
inconsistency-measurement-im-hit-A-1-grd_2065_1_8.tgf.pl
o 383 0.010000
o 321 0.340000
o 320 0.340000
o 319 0.360000
o 318 0.360000
o 317 0.370000
o 316 0.370000
o 315 0.390000
o 314 0.590000
o 313 9.780000
o 312 9.790000
o 311 9.840000
o 310 9.990000
o 309 10.120000
o 308 10.280000
o 307 76.570000
307	76.570000
inconsistency-measurement-im-hit-A-1-grd_2065_1_8.tgf.pl
o 378 0.020000
o 320 0.330000
o 319 0.330000
o 318 0.330000
o 317 0.340000
o 316 0.350000
o 315 0.350000
o 314 0.350000
o 313 0.350000
o 312 0.350000
o 311 0.520000
o 310 0.540000
o 309 19.280000
o 308 86.270000
o 307 117.570000
o 306 117.650000
o 305 298.810000
305	298.810000
inconsistency-measurement-im-hit-A-1-grd_2065_1_8.tgf.pl
o 381 0.020000
o 317 0.310000
o 316 0.470000
o 315 0.690000
o 314 0.900000
o 313 0.900000
o 312 0.910000
o 311 0.950000
o 310 1.010000
o 309 10.990000
o 308 11.000000
o 307 11.010000
o 306 43.820000
306	43.820000
inconsistency-measurement-im-hit-A-1-grd_2065_1_8.tgf.pl
o 385 0.020000
o 322 0.300000
o 321 0.300000
o 320 0.310000
o 319 0.310000
o 318 0.320000
o 317 0.340000
o 316 0.340000
o 315 0.390000
o 314 0.400000
o 313 0.420000
o 312 7.500000
o 311 7.570000
o 310 7.900000
o 309 8.340000
o 308 18.900000
o 307 48.910000
o 306 49.850000
306	49.850000
inconsistency-measurement-im-hit-A-1-grd_2065_1_8.tgf.pl
o 378 0.010000
o 317 0.300000
o 316 0.410000
o 315 0.500000
o 314 0.690000
o 313 0.700000
o 312 0.780000
o 311 0.860000
o 310 29.860000
o 309 29.880000
o 308 57.160000
o 307 57.160000
o 306 57.180000
o 305 57.710000
305	57.710000
inconsistency-measurement-im-hit-A-1-grd_2065_1_8.tgf.pl
o 379 0.020000
o 323 0.330000
o 322 0.350000
o 321 0.410000
o 320 0.410000
o 319 0.420000
o 318 0.430000
o 317 0.500000
o 316 0.520000
o 315 0.530000
o 314 0.540000
o 313 0.550000
o 312 1.000000
o 311 10.160000
o 310 10.160000
o 309 19.600000
o 308 20.000000
o 307 107.640000
o 306 107.660000
306	107.660000
