inconsistency-measurement-im-hit-A-1-grd_1790_4_8.tgf.pl
o 365 0.050000
o 332 0.410000
o 331 0.430000
o 330 0.430000
o 329 0.440000
o 328 0.450000
o 326 0.450000
o 325 0.450000
o 324 0.470000
o 323 0.500000
o 322 0.560000
o 321 0.670000
o 320 0.860000
o 319 1.600000
o 318 139.000000
o 317 143.800000
o 316 159.250000
316	159.250000
inconsistency-measurement-im-hit-A-1-grd_1790_4_8.tgf.pl
o 368 0.050000
o 326 0.420000
o 325 0.420000
o 324 0.730000
o 323 1.220000
o 322 1.400000
o 321 1.760000
o 320 5.720000
o 319 6.470000
o 318 6.820000
o 317 10.810000
o 316 233.730000
o 315 233.880000
o 314 234.080000
314	234.080000
inconsistency-measurement-im-hit-A-1-grd_1790_4_8.tgf.pl
o 365 0.050000
o 333 0.480000
o 332 0.480000
o 331 0.480000
o 330 0.520000
o 329 0.530000
o 328 0.540000
o 327 0.540000
o 326 0.560000
o 325 0.560000
o 324 0.570000
o 323 0.580000
o 322 0.650000
o 321 0.710000
o 320 1.320000
o 319 1.580000
o 318 2.430000
o 317 20.670000
o 316 20.680000
o 315 20.700000
o 314 20.910000
o 313 21.260000
o 312 21.550000
312	21.550000
inconsistency-measurement-im-hit-A-1-grd_1790_4_8.tgf.pl
o 369 0.070000
o 329 0.550000
o 328 0.640000
o 327 0.640000
o 326 0.640000
o 325 1.660000
o 324 1.660000
o 323 1.670000
o 322 2.740000
o 321 43.820000
o 320 61.390000
o 319 63.600000
o 318 63.600000
o 317 64.850000
o 316 67.830000
o 315 68.820000
o 314 95.000000
314	95.000000
inconsistency-measurement-im-hit-A-1-grd_1790_4_8.tgf.pl
o 369 0.060000
o 329 0.520000
o 328 0.590000
o 327 0.590000
o 326 0.600000
o 325 0.610000
o 324 0.810000
o 323 0.830000
o 322 1.620000
o 321 1.640000
o 320 9.560000
o 319 27.620000
o 318 27.690000
o 317 27.770000
o 316 27.810000
o 315 28.640000
o 314 28.960000
314	28.960000
inconsistency-measurement-im-hit-A-1-grd_1790_4_8.tgf.pl
o 364 0.050000
o 334 0.470000
o 333 0.470000
o 332 0.470000
o 331 0.470000
o 330 0.480000
o 329 0.500000
o 328 0.510000
o 327 0.520000
o 326 0.550000
o 325 0.550000
o 324 0.570000
o 323 0.570000
o 322 0.600000
o 321 0.650000
o 320 38.720000
o 319 38.730000
o 318 38.990000
o 317 39.140000
o 316 39.420000
o 315 39.500000
o 314 39.500000
o 313 40.540000
313	40.540000
inconsistency-measurement-im-hit-A-1-grd_1790_4_8.tgf.pl
o 371 0.050000
o 326 0.450000
o 324 0.450000
o 323 2.000000
o 322 3.400000
o 321 11.760000
o 320 28.950000
o 319 46.840000
o 318 52.130000
o 317 59.700000
o 316 79.790000
o 315 80.470000
o 314 80.690000
314	80.690000
inconsistency-measurement-im-hit-A-1-grd_1790_4_8.tgf.pl
o 365 0.050000
o 325 0.450000
o 324 0.910000
o 323 0.950000
o 322 1.160000
o 321 5.660000
o 320 7.060000
o 319 52.870000
o 318 53.240000
o 317 72.850000
o 316 105.690000
o 315 256.850000
315	256.850000
inconsistency-measurement-im-hit-A-1-grd_1790_4_8.tgf.pl
o 367 0.050000
o 332 0.500000
o 331 0.510000
o 330 0.510000
o 329 0.560000
o 328 0.560000
o 327 0.570000
o 326 0.570000
o 325 0.580000
o 324 0.580000
o 323 0.610000
o 322 0.750000
o 321 1.410000
o 320 3.530000
o 319 57.720000
o 318 57.970000
o 317 61.470000
o 316 146.790000
o 315 146.850000
o 314 286.450000
314	286.450000
inconsistency-measurement-im-hit-A-1-grd_1790_4_8.tgf.pl
o 368 0.040000
o 328 0.410000
o 327 0.410000
o 326 0.420000
o 325 0.440000
o 324 0.460000
o 323 0.520000
o 322 0.520000
o 321 0.620000
o 320 0.700000
o 319 1.010000
o 318 1.250000
o 317 1.500000
o 316 69.360000
o 315 69.420000
o 314 72.270000
314	72.270000
