inconsistency-measurement-im-sum-A-2-grd_1948_5_1.tgf.pl
o 477 0.350000
o 428 2.730000
o 427 2.820000
o 425 2.830000
o 424 2.830000
o 423 2.840000
o 422 2.840000
o 421 2.840000
o 420 2.840000
o 419 2.910000
o 418 2.910000
o 417 2.920000
o 416 2.920000
o 415 2.920000
o 414 2.920000
o 413 2.920000
o 412 2.940000
o 411 2.950000
o 410 2.950000
o 409 2.950000
o 408 2.960000
o 407 2.970000
o 406 3.180000
o 405 3.210000
o 404 3.230000
o 403 3.240000
o 402 3.240000
o 401 3.240000
o 400 3.250000
o 399 3.440000
o 398 3.470000
o 397 3.480000
o 396 3.510000
o 395 14.740000
o 394 25.120000
o 393 25.150000
o 392 25.170000
o 391 25.170000
o 390 25.170000
o 389 25.190000
o 388 25.190000
o 387 25.190000
o 386 25.220000
o 385 66.480000
o 384 66.490000
384	66.490000
inconsistency-measurement-im-sum-A-2-grd_1948_5_1.tgf.pl
o 477 0.370000
o 427 2.960000
o 425 2.960000
o 421 2.980000
o 420 3.090000
o 419 3.130000
o 418 3.130000
o 417 3.140000
o 416 3.140000
o 415 3.140000
o 414 3.140000
o 413 3.140000
o 412 3.140000
o 411 3.160000
o 410 3.170000
o 409 3.190000
o 408 3.200000
o 407 3.200000
o 406 3.480000
o 405 3.670000
o 404 3.720000
o 403 3.730000
o 402 3.740000
o 401 3.740000
o 399 3.770000
o 398 3.790000
o 397 3.810000
o 396 3.820000
o 395 3.820000
o 394 3.830000
o 393 3.920000
o 392 3.930000
o 391 65.920000
o 390 66.020000
o 389 66.520000
o 388 174.800000
o 387 174.860000
o 386 174.870000
o 385 174.920000
o 384 174.940000
o 382 174.960000
382	174.960000
inconsistency-measurement-im-sum-A-2-grd_1948_5_1.tgf.pl
o 477 0.290000
o 413 2.540000
o 410 2.590000
o 409 2.590000
o 408 2.590000
o 407 2.700000
o 406 2.710000
o 405 2.720000
o 404 2.720000
o 402 2.720000
o 401 2.730000
o 400 2.810000
o 399 2.840000
o 398 2.840000
o 397 2.850000
o 396 2.850000
o 395 2.910000
o 394 3.110000
o 393 3.130000
o 392 3.140000
o 391 3.160000
o 390 3.170000
o 389 3.260000
o 388 3.260000
o 387 3.270000
o 386 134.310000
o 385 134.330000
o 384 134.330000
384	134.330000
inconsistency-measurement-im-sum-A-2-grd_1948_5_1.tgf.pl
o 477 0.280000
o 423 2.750000
o 420 2.830000
o 419 2.830000
o 418 2.840000
o 416 2.860000
o 413 2.860000
o 412 2.870000
o 411 2.870000
o 410 3.080000
o 409 3.080000
o 407 3.080000
o 406 3.080000
o 405 3.080000
o 403 3.080000
o 402 3.080000
o 401 3.090000
o 400 3.090000
o 399 3.110000
o 398 3.310000
o 397 13.950000
o 396 13.960000
o 395 13.960000
o 394 14.140000
o 393 14.140000
o 392 14.140000
o 391 14.140000
o 390 24.470000
o 389 24.530000
o 388 24.530000
o 387 24.540000
o 386 24.550000
o 385 24.700000
o 384 24.700000
o 383 24.710000
383	24.710000
inconsistency-measurement-im-sum-A-2-grd_1948_5_1.tgf.pl
o 477 1.570000
o 421 6.970000
o 418 7.050000
o 417 7.050000
o 416 7.060000
o 415 7.060000
o 413 7.070000
o 412 7.070000
o 411 7.200000
o 410 7.200000
o 409 7.200000
o 408 7.200000
o 407 7.200000
o 406 7.200000
o 405 7.430000
o 404 7.440000
o 403 7.440000
o 402 7.440000
o 401 7.470000
o 400 7.480000
o 399 7.500000
o 398 7.520000
o 397 7.520000
o 396 7.530000
o 394 7.580000
o 393 7.590000
o 392 7.590000
o 391 7.600000
o 390 7.600000
o 388 7.610000
o 387 7.610000
o 385 7.630000
o 383 7.650000
o 382 7.650000
o 381 7.690000
381	7.690000
inconsistency-measurement-im-sum-A-2-grd_1948_5_1.tgf.pl
o 477 0.310000
o 399 2.370000
o 398 2.560000
o 397 2.570000
o 396 2.570000
o 395 2.570000
o 394 2.580000
o 393 13.430000
o 392 13.630000
o 391 13.780000
o 390 13.780000
o 389 13.870000
o 388 13.880000
o 387 273.420000
o 385 273.420000
o 383 273.420000
o 382 273.640000
o 381 273.640000
o 380 273.640000
380	273.640000
inconsistency-measurement-im-sum-A-2-grd_1948_5_1.tgf.pl
o 477 0.290000
o 423 2.450000
o 420 2.470000
o 419 2.480000
o 418 2.480000
o 417 2.490000
o 416 2.490000
o 414 2.490000
o 413 2.550000
o 412 2.590000
o 410 2.620000
o 408 2.620000
o 407 2.630000
o 406 2.630000
o 405 2.640000
o 404 2.650000
o 403 2.910000
o 402 2.910000
o 401 2.910000
o 400 3.250000
o 399 3.250000
o 398 14.460000
o 396 14.470000
o 395 14.470000
o 393 14.470000
o 391 14.490000
o 390 14.490000
o 389 101.410000
o 388 101.470000
o 387 101.480000
o 386 101.490000
o 385 101.520000
385	101.520000
inconsistency-measurement-im-sum-A-2-grd_1948_5_1.tgf.pl
o 477 0.380000
o 420 3.190000
o 418 3.200000
o 417 3.270000
o 416 3.270000
o 415 3.430000
o 414 3.440000
o 413 3.460000
o 412 3.600000
o 411 3.600000
o 410 3.610000
o 409 3.610000
o 408 3.770000
o 407 3.780000
o 406 3.840000
o 405 3.840000
o 404 3.890000
o 403 3.920000
o 402 3.940000
o 401 4.100000
o 400 4.140000
o 398 4.140000
o 396 4.200000
o 395 4.210000
o 394 4.210000
o 393 4.220000
o 392 4.380000
o 391 4.420000
o 390 4.420000
o 389 17.830000
o 388 17.880000
o 387 43.190000
o 386 43.190000
o 385 43.210000
o 384 43.220000
o 383 43.230000
383	43.230000
inconsistency-measurement-im-sum-A-2-grd_1948_5_1.tgf.pl
o 477 0.280000
o 430 2.470000
o 426 2.480000
o 424 2.490000
o 421 2.500000
o 420 2.500000
o 418 2.510000
o 417 2.610000
o 416 2.610000
o 415 2.660000
o 414 2.660000
o 413 2.750000
o 412 2.790000
o 411 2.790000
o 410 2.790000
o 409 2.790000
o 408 2.810000
o 406 2.810000
o 405 2.810000
o 404 2.820000
o 403 2.850000
o 402 2.850000
o 401 2.860000
o 400 2.860000
o 399 3.030000
o 398 3.100000
o 397 3.170000
o 396 3.190000
o 395 3.210000
o 394 26.990000
o 393 27.000000
o 392 27.000000
o 391 27.040000
o 390 27.050000
o 389 186.520000
o 388 228.110000
o 387 228.170000
o 386 228.170000
o 385 228.170000
o 384 294.900000
384	294.900000
inconsistency-measurement-im-sum-A-2-grd_1948_5_1.tgf.pl
o 477 0.300000
o 430 2.610000
o 429 2.610000
o 427 2.620000
o 424 2.620000
o 421 2.630000
o 420 2.650000
o 419 2.750000
o 418 2.750000
o 417 2.750000
o 416 2.860000
o 415 2.870000
o 414 2.890000
o 413 2.890000
o 411 2.900000
o 410 2.900000
o 409 2.900000
o 408 2.910000
o 407 2.940000
o 406 2.950000
o 405 2.960000
o 404 2.970000
o 403 3.040000
o 402 3.280000
o 401 3.280000
o 400 3.280000
o 399 3.290000
o 398 3.300000
o 396 3.600000
o 395 3.630000
o 394 14.680000
o 393 36.230000
o 392 36.230000
o 391 36.230000
o 390 36.230000
o 389 36.230000
o 388 36.240000
o 387 36.280000
o 386 36.350000
o 385 36.380000
o 384 36.380000
o 383 36.380000
383	36.380000
