judgment-aggregation-ja-slater-preflib-00049-00000451
o 765 0.590000
o 764 0.610000
o 763 0.610000
o 761 0.610000
o 760 0.610000
o 759 0.610000
o 758 0.610000
o 757 0.610000
o 756 0.610000
o 755 0.610000
o 754 0.610000
o 753 0.610000
o 752 0.610000
o 751 0.610000
o 750 0.610000
o 748 0.610000
o 747 0.610000
o 746 0.610000
o 745 0.610000
o 744 0.610000
o 743 0.610000
o 742 0.610000
o 741 0.610000
o 740 0.610000
o 739 0.610000
o 738 0.610000
o 737 0.610000
o 736 0.610000
o 735 0.610000
o 734 0.610000
o 733 0.610000
o 732 0.610000
o 731 0.610000
o 730 0.610000
o 729 0.610000
o 728 0.610000
o 727 0.610000
o 726 0.610000
o 725 0.610000
o 724 0.610000
o 723 0.610000
o 722 0.610000
o 721 0.610000
o 720 0.610000
o 719 0.610000
o 718 0.610000
o 717 0.610000
o 716 0.610000
o 715 0.610000
o 714 0.610000
o 713 0.610000
o 707 0.610000
o 705 0.620000
o 704 0.620000
o 703 0.620000
o 702 0.620000
o 701 0.620000
o 700 0.620000
o 699 0.620000
o 694 0.620000
o 693 0.620000
o 692 0.620000
o 691 0.620000
o 690 0.620000
o 689 0.620000
o 688 0.620000
o 687 0.620000
o 686 0.620000
o 685 0.620000
o 684 0.620000
o 683 0.620000
o 682 0.620000
o 681 0.620000
o 680 0.620000
o 679 0.620000
o 678 0.620000
o 677 0.620000
o 676 0.620000
o 675 0.620000
o 674 0.620000
o 673 0.620000
o 672 0.620000
o 671 0.620000
o 670 0.620000
o 669 0.620000
o 668 0.620000
o 667 0.620000
o 637 0.620000
o 636 0.620000
o 635 0.620000
o 634 0.620000
o 633 0.620000
o 631 0.620000
o 630 0.620000
o 629 0.620000
o 628 0.620000
o 627 0.620000
o 626 0.620000
o 625 0.620000
o 624 0.620000
o 623 0.620000
o 622 0.620000
o 621 0.620000
o 620 0.620000
o 619 0.620000
o 614 0.620000
o 613 0.620000
o 612 0.630000
o 589 0.630000
o 588 0.630000
o 586 0.630000
o 585 0.630000
o 584 0.630000
o 583 0.630000
o 582 0.630000
o 579 0.630000
o 574 0.630000
o 515 2.060000
o 512 2.080000
o 511 2.080000
o 510 2.080000
o 509 2.080000
o 508 2.120000
508	2.120000
judgment-aggregation-ja-slater-preflib-00049-00000451
o 759 0.600000
o 758 0.620000
o 757 0.620000
o 756 0.620000
o 755 0.620000
o 754 0.620000
o 753 0.620000
o 752 0.620000
o 751 0.620000
o 750 0.620000
o 749 0.620000
o 748 0.620000
o 747 0.620000
o 746 0.620000
o 745 0.620000
o 744 0.620000
o 743 0.620000
o 742 0.620000
o 741 0.620000
o 740 0.620000
o 739 0.620000
o 738 0.620000
o 737 0.620000
o 736 0.620000
o 735 0.620000
o 734 0.620000
o 733 0.620000
o 732 0.620000
o 731 0.620000
o 730 0.620000
o 729 0.620000
o 728 0.620000
o 727 0.620000
o 726 0.620000
o 725 0.620000
o 724 0.620000
o 723 0.620000
o 722 0.630000
o 721 0.630000
o 720 0.630000
o 719 0.630000
o 718 0.630000
o 716 0.630000
o 715 0.630000
o 714 0.630000
o 713 0.630000
o 712 0.630000
o 711 0.630000
o 710 0.630000
o 709 0.630000
o 708 0.630000
o 707 0.630000
o 706 0.630000
o 705 0.630000
o 704 0.630000
o 702 0.630000
o 701 0.630000
o 700 0.630000
o 699 0.630000
o 698 0.630000
o 697 0.630000
o 696 0.630000
o 695 0.630000
o 694 0.630000
o 693 0.630000
o 692 0.630000
o 691 0.630000
o 690 0.630000
o 689 0.630000
o 688 0.630000
o 685 0.630000
o 684 0.630000
o 683 0.630000
o 682 0.630000
o 679 0.630000
o 672 0.630000
o 671 0.630000
o 670 0.630000
o 669 0.630000
o 668 0.630000
o 667 0.630000
o 666 0.630000
o 665 0.630000
o 656 0.630000
o 655 0.630000
o 654 0.630000
o 653 0.630000
o 652 0.630000
o 651 0.630000
o 650 0.630000
o 649 0.630000
o 648 0.630000
o 647 0.630000
o 646 0.630000
o 645 0.630000
o 644 0.630000
o 643 0.630000
o 642 0.630000
o 641 0.630000
o 639 0.630000
o 638 0.630000
o 637 0.640000
o 599 0.640000
o 598 0.640000
o 597 0.640000
o 510 2.270000
o 509 2.290000
o 508 2.330000
o 507 2.330000
o 506 57.430000
506	57.430000
judgment-aggregation-ja-slater-preflib-00049-00000451
o 712 0.550000
o 711 0.570000
o 710 0.570000
o 709 0.570000
o 708 0.570000
o 707 0.570000
o 706 0.570000
o 705 0.570000
o 704 0.570000
o 703 0.570000
o 702 0.570000
o 701 0.570000
o 700 0.570000
o 699 0.570000
o 698 0.570000
o 697 0.570000
o 696 0.570000
o 695 0.570000
o 694 0.570000
o 692 0.570000
o 691 0.570000
o 690 0.570000
o 689 0.570000
o 688 0.570000
o 687 0.570000
o 686 0.570000
o 685 0.570000
o 684 0.570000
o 683 0.570000
o 682 0.570000
o 681 0.570000
o 680 0.570000
o 679 0.570000
o 678 0.570000
o 677 0.570000
o 676 0.570000
o 675 0.570000
o 674 0.570000
o 673 0.570000
o 672 0.570000
o 668 0.570000
o 667 0.570000
o 666 0.570000
o 665 0.570000
o 664 0.570000
o 663 0.570000
o 662 0.570000
o 661 0.570000
o 660 0.570000
o 659 0.570000
o 658 0.570000
o 657 0.570000
o 656 0.570000
o 655 0.570000
o 654 0.570000
o 653 0.570000
o 652 0.570000
o 651 0.570000
o 650 0.570000
o 649 0.570000
o 648 0.570000
o 647 0.580000
o 646 0.580000
o 645 0.580000
o 644 0.580000
o 643 0.580000
o 642 0.580000
o 641 0.580000
o 640 0.580000
o 639 0.580000
o 638 0.580000
o 634 0.580000
o 633 0.580000
o 632 0.580000
o 631 0.580000
o 630 0.580000
o 629 0.580000
o 628 0.580000
o 627 0.580000
o 626 0.580000
o 625 0.580000
o 624 0.580000
o 623 0.580000
o 620 0.580000
o 617 0.580000
o 616 0.580000
o 615 0.580000
o 612 0.580000
o 611 0.580000
o 610 0.580000
o 609 0.580000
o 608 0.580000
o 607 0.580000
o 606 0.580000
o 605 0.580000
o 604 0.580000
o 603 0.580000
o 602 0.580000
o 601 0.580000
o 600 0.580000
o 599 0.580000
o 593 0.590000
o 592 0.590000
o 527 1.720000
o 517 1.750000
o 515 1.750000
o 512 1.760000
o 511 1.770000
o 510 2.030000
o 509 3.810000
o 508 6.260000
o 507 6.260000
o 506 54.000000
506	54.000000
judgment-aggregation-ja-slater-preflib-00049-00000451
o 742 0.610000
o 741 0.630000
o 740 0.630000
o 739 0.630000
o 738 0.630000
o 737 0.630000
o 736 0.630000
o 735 0.630000
o 734 0.630000
o 733 0.630000
o 732 0.630000
o 731 0.630000
o 730 0.630000
o 729 0.630000
o 728 0.630000
o 727 0.630000
o 726 0.630000
o 725 0.630000
o 724 0.630000
o 723 0.630000
o 722 0.630000
o 721 0.630000
o 720 0.630000
o 719 0.630000
o 718 0.630000
o 717 0.630000
o 716 0.630000
o 715 0.630000
o 714 0.630000
o 713 0.630000
o 712 0.630000
o 711 0.630000
o 710 0.630000
o 709 0.630000
o 708 0.630000
o 707 0.630000
o 706 0.630000
o 705 0.630000
o 704 0.630000
o 703 0.630000
o 702 0.630000
o 701 0.630000
o 700 0.630000
o 699 0.630000
o 698 0.630000
o 697 0.630000
o 696 0.630000
o 695 0.630000
o 679 0.630000
o 678 0.630000
o 677 0.630000
o 676 0.630000
o 675 0.630000
o 674 0.630000
o 673 0.630000
o 672 0.630000
o 671 0.630000
o 670 0.630000
o 668 0.630000
o 667 0.630000
o 666 0.630000
o 665 0.630000
o 664 0.630000
o 663 0.630000
o 662 0.630000
o 661 0.630000
o 659 0.640000
o 658 0.640000
o 657 0.640000
o 656 0.640000
o 655 0.640000
o 654 0.640000
o 653 0.640000
o 652 0.640000
o 651 0.640000
o 649 0.640000
o 648 0.640000
o 647 0.640000
o 646 0.640000
o 645 0.640000
o 644 0.640000
o 643 0.640000
o 642 0.640000
o 641 0.640000
o 640 0.640000
o 639 0.640000
o 638 0.640000
o 637 0.640000
o 636 0.640000
o 635 0.640000
o 634 0.640000
o 633 0.640000
o 632 0.640000
o 631 0.640000
o 630 0.640000
o 629 0.640000
o 628 0.640000
o 627 0.640000
o 626 0.640000
o 603 0.640000
o 602 0.640000
o 601 0.640000
o 598 0.640000
o 597 0.640000
o 596 0.640000
o 595 0.640000
o 594 0.640000
o 587 0.650000
o 586 0.650000
o 578 0.650000
o 517 2.120000
o 515 2.120000
o 514 2.120000
o 511 2.130000
o 510 183.830000
o 509 183.900000
o 508 183.910000
o 507 183.910000
507	183.910000
judgment-aggregation-ja-slater-preflib-00049-00000451
o 743 0.730000
o 742 0.770000
o 741 0.770000
o 740 0.770000
o 739 0.770000
o 738 0.770000
o 737 0.770000
o 736 0.770000
o 735 0.770000
o 734 0.770000
o 733 0.770000
o 732 0.770000
o 731 0.770000
o 730 0.770000
o 729 0.770000
o 728 0.770000
o 727 0.770000
o 726 0.770000
o 725 0.770000
o 724 0.770000
o 723 0.770000
o 722 0.770000
o 721 0.770000
o 720 0.770000
o 719 0.770000
o 718 0.770000
o 717 0.770000
o 716 0.770000
o 715 0.770000
o 714 0.770000
o 713 0.770000
o 712 0.770000
o 711 0.770000
o 710 0.770000
o 709 0.770000
o 708 0.770000
o 707 0.770000
o 706 0.770000
o 705 0.770000
o 704 0.770000
o 703 0.770000
o 702 0.770000
o 701 0.770000
o 700 0.770000
o 699 0.770000
o 698 0.770000
o 697 0.770000
o 696 0.770000
o 695 0.770000
o 694 0.770000
o 693 0.770000
o 692 0.770000
o 691 0.770000
o 690 0.770000
o 689 0.770000
o 688 0.770000
o 687 0.770000
o 686 0.770000
o 685 0.770000
o 684 0.770000
o 683 0.770000
o 682 0.770000
o 681 0.770000
o 680 0.770000
o 679 0.770000
o 678 0.770000
o 677 0.770000
o 676 0.770000
o 675 0.770000
o 674 0.770000
o 672 0.770000
o 671 0.770000
o 670 0.770000
o 669 0.770000
o 668 0.770000
o 667 0.770000
o 666 0.770000
o 665 0.770000
o 664 0.770000
o 663 0.770000
o 662 0.770000
o 661 0.770000
o 660 0.770000
o 659 0.770000
o 658 0.770000
o 657 0.780000
o 656 0.780000
o 655 0.780000
o 654 0.780000
o 653 0.780000
o 652 0.780000
o 651 0.780000
o 650 0.780000
o 649 0.780000
o 648 0.780000
o 647 0.780000
o 646 0.780000
o 644 0.780000
o 643 0.780000
o 635 0.780000
o 632 0.780000
o 631 0.780000
o 630 0.780000
o 629 0.780000
o 628 0.780000
o 627 0.780000
o 626 0.780000
o 625 0.780000
o 624 0.780000
o 623 0.780000
o 622 0.780000
o 621 0.780000
o 620 0.780000
o 619 0.780000
o 618 0.780000
o 617 0.780000
o 616 0.780000
o 606 0.780000
o 604 0.790000
o 603 0.790000
o 602 0.790000
o 601 0.790000
o 600 0.790000
o 599 0.790000
o 596 0.790000
o 594 0.790000
o 583 0.800000
o 510 3.010000
o 509 3.010000
o 508 3.030000
508	3.030000
judgment-aggregation-ja-slater-preflib-00049-00000451
o 741 0.630000
o 740 0.650000
o 739 0.650000
o 738 0.650000
o 737 0.650000
o 736 0.650000
o 735 0.650000
o 734 0.650000
o 733 0.650000
o 732 0.650000
o 731 0.650000
o 730 0.650000
o 729 0.650000
o 728 0.650000
o 727 0.650000
o 726 0.650000
o 725 0.650000
o 724 0.650000
o 723 0.650000
o 722 0.650000
o 721 0.650000
o 720 0.650000
o 719 0.650000
o 718 0.650000
o 717 0.650000
o 716 0.650000
o 715 0.650000
o 714 0.650000
o 713 0.650000
o 712 0.650000
o 711 0.650000
o 710 0.650000
o 709 0.650000
o 708 0.650000
o 706 0.650000
o 705 0.660000
o 704 0.660000
o 703 0.660000
o 702 0.660000
o 701 0.660000
o 700 0.660000
o 699 0.660000
o 698 0.660000
o 697 0.660000
o 696 0.660000
o 695 0.660000
o 694 0.660000
o 693 0.660000
o 692 0.660000
o 691 0.660000
o 690 0.660000
o 689 0.660000
o 688 0.660000
o 687 0.660000
o 686 0.660000
o 685 0.660000
o 684 0.660000
o 683 0.660000
o 682 0.660000
o 681 0.660000
o 680 0.660000
o 679 0.660000
o 678 0.660000
o 677 0.660000
o 676 0.660000
o 675 0.660000
o 674 0.660000
o 673 0.660000
o 672 0.660000
o 669 0.660000
o 668 0.660000
o 667 0.660000
o 666 0.660000
o 665 0.660000
o 664 0.660000
o 663 0.660000
o 662 0.660000
o 661 0.660000
o 660 0.660000
o 659 0.660000
o 658 0.660000
o 657 0.660000
o 656 0.660000
o 654 0.660000
o 652 0.660000
o 651 0.660000
o 650 0.660000
o 649 0.660000
o 648 0.660000
o 647 0.660000
o 646 0.660000
o 645 0.660000
o 644 0.660000
o 643 0.660000
o 642 0.660000
o 641 0.660000
o 640 0.660000
o 639 0.660000
o 638 0.660000
o 637 0.660000
o 636 0.660000
o 635 0.660000
o 634 0.660000
o 633 0.660000
o 632 0.660000
o 631 0.660000
o 630 0.660000
o 629 0.660000
o 628 0.660000
o 627 0.660000
o 624 0.660000
o 622 0.670000
o 621 0.670000
o 620 0.670000
o 619 0.670000
o 618 0.670000
o 617 0.670000
o 616 0.670000
o 615 0.670000
o 614 0.670000
o 613 0.670000
o 611 0.670000
o 610 0.670000
o 609 0.670000
o 608 0.670000
o 607 0.670000
o 605 0.670000
o 604 0.670000
o 603 0.670000
o 602 0.670000
o 601 0.670000
o 600 0.670000
o 599 0.670000
o 594 0.680000
o 593 0.680000
o 523 2.620000
o 522 2.620000
o 521 2.620000
o 516 2.620000
o 514 2.620000
o 510 2.630000
o 509 2.640000
o 508 280.420000
o 507 280.950000
507	280.950000
judgment-aggregation-ja-slater-preflib-00049-00000451
o 754 0.750000
o 753 0.780000
o 752 0.780000
o 751 0.780000
o 750 0.780000
o 749 0.780000
o 748 0.780000
o 747 0.780000
o 746 0.780000
o 745 0.780000
o 744 0.780000
o 743 0.780000
o 742 0.780000
o 741 0.780000
o 740 0.780000
o 739 0.780000
o 738 0.780000
o 737 0.780000
o 736 0.780000
o 735 0.780000
o 734 0.780000
o 733 0.780000
o 732 0.780000
o 731 0.780000
o 730 0.780000
o 729 0.780000
o 728 0.780000
o 727 0.780000
o 726 0.780000
o 725 0.780000
o 724 0.780000
o 723 0.780000
o 722 0.780000
o 721 0.780000
o 720 0.780000
o 719 0.780000
o 718 0.780000
o 717 0.780000
o 716 0.780000
o 715 0.780000
o 714 0.780000
o 713 0.780000
o 712 0.780000
o 711 0.780000
o 710 0.780000
o 709 0.780000
o 708 0.780000
o 707 0.780000
o 706 0.780000
o 705 0.780000
o 704 0.780000
o 703 0.780000
o 701 0.780000
o 700 0.780000
o 699 0.780000
o 698 0.780000
o 697 0.780000
o 696 0.780000
o 695 0.780000
o 694 0.780000
o 693 0.780000
o 692 0.780000
o 691 0.780000
o 690 0.780000
o 689 0.790000
o 688 0.790000
o 687 0.790000
o 686 0.790000
o 685 0.790000
o 684 0.790000
o 683 0.790000
o 682 0.790000
o 681 0.790000
o 680 0.790000
o 679 0.790000
o 678 0.790000
o 677 0.790000
o 676 0.790000
o 675 0.790000
o 674 0.790000
o 673 0.790000
o 672 0.790000
o 671 0.790000
o 669 0.790000
o 668 0.790000
o 667 0.790000
o 666 0.790000
o 665 0.790000
o 664 0.790000
o 663 0.790000
o 662 0.790000
o 661 0.790000
o 660 0.790000
o 659 0.790000
o 658 0.790000
o 657 0.790000
o 656 0.790000
o 655 0.790000
o 654 0.790000
o 650 0.790000
o 649 0.790000
o 648 0.790000
o 647 0.790000
o 646 0.790000
o 645 0.790000
o 644 0.790000
o 634 0.790000
o 633 0.800000
o 632 0.800000
o 631 0.800000
o 630 0.800000
o 629 0.800000
o 628 0.800000
o 627 0.800000
o 626 0.800000
o 625 0.800000
o 624 0.800000
o 623 0.800000
o 622 0.800000
o 621 0.800000
o 620 0.800000
o 619 0.800000
o 618 0.800000
o 617 0.800000
o 616 0.800000
o 526 3.360000
o 522 3.360000
o 521 3.610000
o 520 9.870000
o 519 10.820000
o 518 58.510000
o 508 245.000000
o 507 245.820000
o 506 250.520000
506	250.520000
judgment-aggregation-ja-slater-preflib-00049-00000451
o 720 0.810000
o 719 0.850000
o 718 0.860000
o 717 0.860000
o 716 0.860000
o 715 0.860000
o 714 0.860000
o 713 0.860000
o 712 0.860000
o 711 0.860000
o 710 0.860000
o 709 0.860000
o 708 0.860000
o 707 0.860000
o 706 0.860000
o 705 0.860000
o 704 0.860000
o 703 0.860000
o 702 0.860000
o 701 0.860000
o 700 0.860000
o 699 0.860000
o 698 0.860000
o 697 0.860000
o 696 0.860000
o 695 0.860000
o 694 0.860000
o 693 0.860000
o 692 0.860000
o 691 0.860000
o 690 0.860000
o 689 0.860000
o 688 0.860000
o 687 0.870000
o 686 0.870000
o 685 0.870000
o 684 0.870000
o 683 0.870000
o 682 0.870000
o 681 0.870000
o 680 0.870000
o 679 0.870000
o 678 0.870000
o 677 0.870000
o 676 0.870000
o 675 0.870000
o 674 0.870000
o 673 0.870000
o 672 0.870000
o 671 0.870000
o 670 0.870000
o 669 0.870000
o 668 0.870000
o 667 0.870000
o 666 0.870000
o 664 0.870000
o 663 0.870000
o 662 0.870000
o 661 0.870000
o 660 0.870000
o 659 0.870000
o 658 0.870000
o 657 0.870000
o 656 0.870000
o 655 0.870000
o 654 0.870000
o 653 0.870000
o 652 0.870000
o 651 0.870000
o 650 0.870000
o 649 0.870000
o 648 0.870000
o 647 0.870000
o 645 0.870000
o 644 0.870000
o 643 0.880000
o 642 0.880000
o 641 0.880000
o 640 0.880000
o 639 0.880000
o 638 0.880000
o 637 0.880000
o 636 0.880000
o 635 0.880000
o 634 0.880000
o 632 0.880000
o 631 0.880000
o 630 0.880000
o 629 0.880000
o 628 0.880000
o 627 0.880000
o 626 0.880000
o 625 0.880000
o 624 0.880000
o 623 0.880000
o 622 0.880000
o 621 0.880000
o 620 0.880000
o 619 0.880000
o 618 0.880000
o 617 0.880000
o 616 0.880000
o 615 0.880000
o 614 0.880000
o 613 0.880000
o 612 0.880000
o 611 0.880000
o 610 0.880000
o 609 0.880000
o 607 0.880000
o 605 0.880000
o 604 0.880000
o 603 0.880000
o 601 0.880000
o 600 0.880000
o 599 0.890000
o 597 0.900000
o 508 3.570000
o 507 3.600000
o 506 3.610000
o 505 3.720000
505	3.720000
judgment-aggregation-ja-slater-preflib-00049-00000451
o 729 0.590000
o 728 0.610000
o 726 0.610000
o 725 0.610000
o 724 0.610000
o 723 0.610000
o 722 0.610000
o 721 0.610000
o 720 0.610000
o 719 0.610000
o 718 0.610000
o 717 0.610000
o 716 0.610000
o 715 0.610000
o 713 0.610000
o 712 0.610000
o 711 0.610000
o 710 0.610000
o 709 0.610000
o 708 0.610000
o 707 0.610000
o 706 0.610000
o 705 0.610000
o 704 0.610000
o 703 0.610000
o 702 0.610000
o 701 0.610000
o 700 0.610000
o 699 0.610000
o 698 0.610000
o 697 0.610000
o 696 0.610000
o 695 0.610000
o 694 0.610000
o 693 0.610000
o 692 0.610000
o 691 0.610000
o 690 0.610000
o 689 0.610000
o 688 0.610000
o 687 0.610000
o 686 0.610000
o 685 0.610000
o 684 0.610000
o 683 0.610000
o 682 0.610000
o 681 0.610000
o 680 0.610000
o 679 0.610000
o 678 0.610000
o 677 0.610000
o 676 0.610000
o 675 0.610000
o 674 0.610000
o 673 0.610000
o 671 0.610000
o 670 0.610000
o 669 0.610000
o 668 0.610000
o 667 0.610000
o 666 0.610000
o 665 0.610000
o 664 0.610000
o 663 0.610000
o 662 0.610000
o 661 0.610000
o 660 0.610000
o 659 0.610000
o 658 0.610000
o 657 0.610000
o 656 0.610000
o 655 0.610000
o 654 0.610000
o 653 0.620000
o 652 0.620000
o 650 0.620000
o 649 0.620000
o 648 0.620000
o 647 0.620000
o 646 0.620000
o 645 0.620000
o 644 0.620000
o 643 0.620000
o 642 0.620000
o 640 0.620000
o 639 0.620000
o 638 0.620000
o 637 0.620000
o 636 0.620000
o 634 0.620000
o 633 0.620000
o 632 0.620000
o 631 0.620000
o 630 0.620000
o 629 0.620000
o 628 0.620000
o 627 0.620000
o 626 0.620000
o 625 0.620000
o 624 0.620000
o 623 0.620000
o 622 0.620000
o 621 0.620000
o 620 0.620000
o 619 0.620000
o 618 0.620000
o 617 0.620000
o 616 0.620000
o 615 0.620000
o 614 0.620000
o 610 0.620000
o 609 0.620000
o 608 0.620000
o 607 0.620000
o 606 0.620000
o 605 0.620000
o 604 0.620000
o 603 0.620000
o 601 0.620000
o 600 0.620000
o 599 0.620000
o 598 0.620000
o 597 0.620000
o 596 0.620000
o 595 0.620000
o 594 0.620000
o 592 0.620000
o 591 0.620000
o 590 0.620000
o 589 0.620000
o 588 0.620000
o 587 0.620000
o 586 0.620000
o 585 0.620000
o 584 0.620000
o 583 0.620000
o 582 0.620000
o 580 0.620000
o 579 0.620000
o 578 0.620000
o 577 0.620000
o 576 0.620000
o 575 0.620000
o 574 0.620000
o 573 0.620000
o 572 0.620000
o 571 0.620000
o 569 0.620000
o 568 0.620000
o 567 0.620000
o 566 0.620000
o 565 0.620000
o 564 0.620000
o 563 0.620000
o 509 2.030000
o 508 2.060000
o 507 183.860000
507	183.860000
judgment-aggregation-ja-slater-preflib-00049-00000451
o 733 0.560000
o 732 0.580000
o 731 0.580000
o 730 0.580000
o 729 0.580000
o 728 0.580000
o 727 0.580000
o 726 0.580000
o 725 0.580000
o 723 0.580000
o 722 0.580000
o 721 0.580000
o 720 0.580000
o 719 0.580000
o 718 0.580000
o 717 0.580000
o 716 0.580000
o 715 0.580000
o 714 0.580000
o 713 0.580000
o 712 0.580000
o 711 0.580000
o 710 0.580000
o 709 0.580000
o 708 0.580000
o 707 0.580000
o 706 0.580000
o 705 0.580000
o 704 0.580000
o 703 0.580000
o 702 0.580000
o 701 0.580000
o 700 0.580000
o 699 0.580000
o 698 0.580000
o 697 0.580000
o 696 0.580000
o 695 0.580000
o 694 0.580000
o 693 0.580000
o 692 0.580000
o 691 0.580000
o 690 0.580000
o 689 0.580000
o 688 0.580000
o 687 0.580000
o 684 0.580000
o 683 0.580000
o 682 0.580000
o 681 0.580000
o 680 0.580000
o 679 0.580000
o 678 0.580000
o 677 0.580000
o 676 0.580000
o 675 0.580000
o 674 0.580000
o 673 0.580000
o 672 0.580000
o 671 0.580000
o 670 0.580000
o 669 0.580000
o 668 0.580000
o 667 0.580000
o 666 0.580000
o 665 0.580000
o 664 0.580000
o 663 0.580000
o 662 0.580000
o 661 0.580000
o 660 0.580000
o 659 0.580000
o 658 0.580000
o 657 0.580000
o 656 0.580000
o 655 0.580000
o 654 0.580000
o 653 0.580000
o 652 0.580000
o 651 0.580000
o 650 0.580000
o 649 0.580000
o 636 0.580000
o 635 0.580000
o 634 0.580000
o 633 0.580000
o 632 0.580000
o 631 0.580000
o 630 0.580000
o 629 0.580000
o 628 0.580000
o 627 0.580000
o 626 0.580000
o 625 0.580000
o 624 0.580000
o 623 0.580000
o 622 0.580000
o 621 0.580000
o 620 0.580000
o 619 0.580000
o 618 0.580000
o 617 0.580000
o 616 0.580000
o 615 0.580000
o 613 0.580000
o 612 0.580000
o 611 0.580000
o 607 0.580000
o 606 0.580000
o 605 0.580000
o 602 0.590000
o 601 0.590000
o 600 0.590000
o 599 0.590000
o 598 0.590000
o 597 0.590000
o 596 0.590000
o 595 0.590000
o 594 0.590000
o 593 0.590000
o 592 0.590000
o 590 0.590000
o 589 0.590000
o 588 0.590000
o 587 0.590000
o 586 0.590000
o 585 0.590000
o 584 0.590000
o 583 0.590000
o 582 0.590000
o 580 0.590000
o 577 0.590000
o 576 0.590000
o 573 0.590000
o 570 0.590000
o 569 0.590000
o 521 1.900000
o 518 1.900000
o 517 1.910000
o 514 1.940000
o 513 1.950000
o 512 1.970000
o 511 3.830000
o 510 6.130000
o 509 8.630000
o 508 15.120000
o 507 89.980000
o 506 240.490000
506	240.490000
