optimizing-BDDs-hypothyroid-un-wcnf_incomplete_improved_1_2019_3
o 595 2.050000
o 62 45.710000
62	45.710000
optimizing-BDDs-hypothyroid-un-wcnf_incomplete_improved_1_2019_3
o 2666 1.600000
o 391 1.620000
o 277 1.620000
o 64 78.990000
o 62 209.820000
62	209.830000
optimizing-BDDs-hypothyroid-un-wcnf_incomplete_improved_1_2019_3
o 1293 1.550000
o 280 1.560000
o 277 1.560000
o 70 42.490000
o 63 42.760000
o 62 138.460000
62	138.460000
optimizing-BDDs-hypothyroid-un-wcnf_incomplete_improved_1_2019_3
o 2969 1.860000
o 277 1.880000
o 70 40.250000
o 62 46.740000
62	46.740000
optimizing-BDDs-hypothyroid-un-wcnf_incomplete_improved_1_2019_3
o 2622 1.590000
o 70 44.910000
o 62 284.960000
62	284.960000
optimizing-BDDs-hypothyroid-un-wcnf_incomplete_improved_1_2019_3
o 278 1.530000
o 117 39.510000
o 70 120.380000
70	120.380000
optimizing-BDDs-hypothyroid-un-wcnf_incomplete_improved_1_2019_3
o 277 1.940000
o 118 7.990000
o 70 45.500000
o 64 68.900000
o 62 144.460000
62	144.460000
optimizing-BDDs-hypothyroid-un-wcnf_incomplete_improved_1_2019_3
o 354 1.710000
o 277 38.100000
o 72 67.990000
o 70 68.000000
70	68.000000
optimizing-BDDs-hypothyroid-un-wcnf_incomplete_improved_1_2019_3
o 1135 1.650000
o 277 1.670000
o 118 39.440000
o 70 72.660000
o 62 213.840000
62	213.840000
optimizing-BDDs-hypothyroid-un-wcnf_incomplete_improved_1_2019_3
o 1388 2.010000
o 277 2.040000
o 108 4.730000
o 70 157.080000
o 64 158.820000
o 62 229.690000
62	229.690000
