optimizing-BDDs-splice-1-un-wcnf_incomplete_improved_1_2019_5
o 1635 10.660000
1635	10.660000
optimizing-BDDs-splice-1-un-wcnf_incomplete_improved_1_2019_5
o 1631 13.190000
1631	13.190000
optimizing-BDDs-splice-1-un-wcnf_incomplete_improved_1_2019_5
o 2106 9.410000
o 1298 233.490000
1298	233.490000
optimizing-BDDs-splice-1-un-wcnf_incomplete_improved_1_2019_5
o 1540 13.040000
1540	13.040000
optimizing-BDDs-splice-1-un-wcnf_incomplete_improved_1_2019_5
o 1659 13.760000
1659	13.760000
optimizing-BDDs-splice-1-un-wcnf_incomplete_improved_1_2019_5
o 1559 13.700000
1559	13.700000
optimizing-BDDs-splice-1-un-wcnf_incomplete_improved_1_2019_5
o 1536 9.470000
o 1127 122.990000
1127	122.990000
optimizing-BDDs-splice-1-un-wcnf_incomplete_improved_1_2019_5
o 1501 8.930000
o 1440 9.050000
1440	9.050000
optimizing-BDDs-splice-1-un-wcnf_incomplete_improved_1_2019_5
o 1577 2.720000
o 1473 68.250000
1473	68.250000
optimizing-BDDs-splice-1-un-wcnf_incomplete_improved_1_2019_5
o 1590 2.380000
1590	2.380000
