railway-transport-pesp_18Min
o 3532 2.220000
o 3531 2.280000
o 3529 2.280000
o 3527 2.280000
o 3525 2.280000
o 3523 2.280000
o 3521 2.280000
o 3519 2.280000
o 3517 2.280000
o 3515 2.280000
o 3513 2.280000
o 3511 2.280000
o 3510 2.280000
o 3508 2.280000
o 3507 2.280000
o 3505 2.280000
o 3503 2.280000
o 3501 2.280000
o 3499 2.280000
o 3497 2.280000
o 3495 2.280000
o 3493 2.280000
o 3408 2.280000
o 3406 2.280000
o 3404 2.280000
o 3394 2.280000
o 3392 2.280000
o 3390 2.280000
o 3389 2.280000
o 3387 2.280000
o 3385 2.280000
o 399 52.100000
o 397 52.100000
o 392 52.110000
o 391 52.120000
o 390 52.120000
o 387 52.120000
o 386 52.120000
o 385 52.130000
o 384 52.130000
o 383 52.130000
o 382 52.140000
o 381 52.600000
o 380 52.630000
o 379 52.640000
o 378 52.650000
o 376 52.650000
o 375 52.690000
o 374 52.700000
o 373 53.020000
o 371 53.720000
o 369 53.720000
o 368 53.730000
o 367 53.730000
o 366 53.740000
o 365 53.750000
o 364 53.920000
o 363 53.940000
o 362 55.110000
o 361 56.160000
o 360 60.030000
o 359 140.470000
359	140.470000
railway-transport-pesp_18Min
o 5496 2.620000
o 5494 2.690000
o 5492 2.690000
o 5490 2.690000
o 5488 2.690000
o 5486 2.690000
o 5485 2.690000
o 5483 2.690000
o 5481 2.690000
o 5479 2.690000
o 5477 2.690000
o 5475 2.690000
o 5473 2.690000
o 5471 2.690000
o 5469 2.690000
o 5467 2.690000
o 5465 2.690000
o 5463 2.690000
o 5461 2.690000
o 5459 2.690000
o 5457 2.690000
o 5455 2.690000
o 5453 2.690000
o 5451 2.690000
o 5449 2.690000
o 5447 2.690000
o 5445 2.690000
o 5443 2.690000
o 5441 2.690000
o 5439 2.690000
o 5437 2.690000
o 5435 2.690000
o 5006 2.690000
o 5005 2.690000
o 5003 2.690000
o 5001 2.690000
o 4999 2.690000
o 4998 2.690000
o 4996 2.690000
o 4995 2.690000
o 4994 2.690000
o 4992 2.690000
o 4991 2.690000
o 4990 2.690000
o 4988 2.690000
o 4986 2.690000
o 4984 2.690000
o 4983 2.690000
o 4981 2.690000
o 4979 2.690000
o 4977 2.690000
o 4975 2.690000
o 4974 2.690000
o 4972 2.690000
o 4971 2.690000
o 4970 2.690000
o 4968 2.690000
o 4967 2.690000
o 4966 2.690000
o 4964 2.690000
o 4962 2.690000
o 4961 2.690000
o 4960 2.690000
o 4959 2.690000
o 4957 2.690000
o 4956 2.690000
o 4954 2.690000
o 4953 2.690000
o 4951 2.690000
o 4950 2.690000
o 4949 2.690000
o 4948 2.690000
o 4947 2.690000
o 4946 2.690000
o 4945 2.690000
o 4944 2.690000
o 4943 2.690000
o 4942 2.690000
o 4941 2.690000
o 4940 2.690000
o 4939 2.690000
o 4938 2.690000
o 4937 2.690000
o 4936 2.700000
o 4935 2.700000
o 4934 2.700000
o 4933 2.700000
o 4932 2.700000
o 566 31.030000
o 565 31.040000
o 564 31.040000
o 561 31.040000
o 560 31.070000
o 559 31.070000
o 557 31.070000
o 556 31.070000
o 555 31.080000
o 554 31.090000
o 553 31.090000
o 552 31.090000
o 551 31.100000
o 550 31.110000
o 549 31.150000
o 548 31.160000
o 547 31.340000
o 546 31.350000
o 545 31.460000
o 543 31.580000
o 540 31.580000
o 539 31.600000
o 535 31.760000
o 533 31.770000
o 532 31.830000
o 531 31.890000
o 530 32.840000
o 528 32.850000
o 527 32.850000
o 526 32.930000
o 525 32.930000
o 524 32.970000
o 522 35.270000
o 521 37.850000
o 520 38.540000
o 519 38.580000
o 518 38.580000
o 516 39.130000
o 515 39.130000
o 514 42.210000
o 513 43.130000
o 512 45.850000
o 511 53.500000
o 508 66.870000
o 506 66.880000
o 504 66.880000
o 503 66.890000
o 502 66.890000
o 501 66.900000
o 500 67.090000
o 499 67.220000
o 498 67.240000
o 497 67.250000
o 496 67.780000
o 495 67.920000
o 494 67.920000
o 493 67.950000
o 492 67.980000
o 491 68.080000
o 490 68.140000
o 489 68.140000
o 488 68.200000
o 487 68.460000
o 486 68.470000
o 485 68.850000
o 484 69.470000
o 467 70.100000
o 466 70.100000
o 464 70.100000
o 463 70.100000
o 461 70.110000
o 460 70.270000
o 459 77.470000
o 458 85.770000
o 455 85.780000
o 452 85.780000
o 451 85.790000
o 448 85.790000
o 447 85.790000
o 444 85.800000
o 443 85.910000
o 442 85.920000
o 441 85.920000
o 440 85.920000
o 407 98.610000
o 405 98.630000
o 404 98.710000
o 403 98.730000
o 402 98.760000
o 401 98.770000
o 400 98.790000
o 399 98.920000
o 398 98.980000
o 397 98.980000
o 396 99.960000
o 395 100.900000
o 394 101.050000
o 392 102.360000
o 391 102.370000
o 389 103.180000
o 384 103.320000
o 383 103.790000
o 382 103.900000
o 381 108.950000
o 380 231.390000
380	231.390000
railway-transport-pesp_18Min
o 4854 2.780000
o 4852 2.850000
o 4850 2.850000
o 4848 2.850000
o 4846 2.850000
o 4844 2.850000
o 4842 2.850000
o 4840 2.850000
o 4838 2.850000
o 4836 2.850000
o 4834 2.850000
o 4832 2.850000
o 4830 2.850000
o 4828 2.850000
o 4826 2.850000
o 4824 2.850000
o 4822 2.850000
o 4820 2.850000
o 4818 2.850000
o 4816 2.850000
o 4814 2.850000
o 4813 2.850000
o 4811 2.850000
o 4809 2.850000
o 4807 2.850000
o 4754 2.850000
o 4752 2.850000
o 4750 2.850000
o 4748 2.850000
o 4746 2.850000
o 4744 2.850000
o 4742 2.850000
o 4740 2.850000
o 4738 2.850000
o 4736 2.850000
o 4734 2.850000
o 4732 2.850000
o 4730 2.850000
o 4729 2.850000
o 4727 2.850000
o 4725 2.850000
o 4723 2.850000
o 4721 2.850000
o 4719 2.850000
o 4717 2.850000
o 4715 2.850000
o 4713 2.850000
o 838 61.870000
o 837 61.870000
o 835 61.870000
o 820 61.870000
o 819 61.870000
o 817 61.870000
o 815 61.870000
o 814 61.870000
o 812 61.880000
o 810 61.900000
o 808 61.910000
o 806 61.920000
o 804 61.930000
o 803 61.930000
o 801 61.930000
o 800 61.930000
o 799 61.940000
o 798 61.960000
o 797 61.970000
o 796 61.980000
o 795 62.010000
o 786 62.140000
o 785 62.350000
o 784 62.480000
o 783 63.020000
o 782 63.300000
o 780 66.070000
o 779 66.080000
o 778 66.830000
o 777 68.580000
o 776 68.670000
o 773 75.290000
o 762 75.310000
o 761 75.310000
o 760 75.310000
o 759 75.310000
o 758 75.310000
o 756 75.310000
o 755 75.320000
o 754 75.350000
o 745 76.020000
o 744 76.030000
o 742 76.050000
o 741 78.950000
o 740 78.980000
o 739 82.920000
o 738 91.010000
o 737 93.600000
o 341 166.540000
o 338 166.560000
o 337 166.570000
o 335 166.570000
o 334 166.580000
o 333 166.590000
o 332 166.590000
o 331 166.590000
o 329 166.590000
329	166.590000
railway-transport-pesp_18Min
o 6143 2.570000
o 6141 2.640000
o 6139 2.640000
o 6137 2.640000
o 6135 2.640000
o 6133 2.640000
o 6131 2.640000
o 399 25.700000
o 398 25.700000
o 397 25.780000
o 396 25.780000
o 373 26.060000
o 371 26.070000
o 370 26.090000
o 369 26.090000
o 368 26.100000
o 367 26.380000
o 364 26.470000
o 363 26.490000
o 362 26.820000
o 361 27.260000
o 360 27.260000
o 359 27.270000
o 358 27.280000
o 357 27.430000
o 356 27.440000
o 355 27.930000
o 354 27.930000
o 353 27.930000
o 352 27.930000
o 351 28.030000
o 350 28.060000
o 349 36.540000
o 348 37.570000
o 346 67.840000
o 345 67.840000
o 344 67.850000
o 343 67.850000
o 342 67.860000
o 341 67.870000
o 340 69.110000
o 339 71.500000
o 338 71.620000
o 337 109.470000
o 336 109.580000
o 335 110.160000
o 334 110.680000
o 333 114.360000
o 329 116.140000
o 328 116.140000
o 327 116.140000
o 326 118.690000
326	118.690000
railway-transport-pesp_18Min
o 5514 2.480000
o 5512 2.530000
o 5510 2.530000
o 5508 2.530000
o 4865 2.530000
o 4864 2.530000
o 4862 2.530000
o 4861 2.530000
o 4860 2.530000
o 4858 2.530000
o 4857 2.530000
o 4856 2.530000
o 4855 2.530000
o 4854 2.530000
o 480 45.290000
o 479 45.310000
o 477 45.310000
o 476 45.320000
o 475 45.320000
o 474 45.360000
o 473 45.440000
o 472 48.330000
o 471 51.380000
o 470 51.870000
o 464 51.900000
o 457 52.820000
o 456 52.830000
o 455 52.850000
o 454 52.850000
o 450 54.300000
o 449 54.310000
o 448 54.360000
o 447 54.940000
o 446 54.940000
o 445 54.970000
o 444 55.060000
o 443 55.150000
o 441 56.060000
o 440 57.200000
o 439 58.580000
o 345 147.430000
o 344 147.450000
o 337 147.470000
o 336 147.480000
o 335 147.480000
o 334 147.480000
o 333 147.490000
o 321 147.520000
o 320 147.520000
o 317 147.520000
o 316 147.520000
o 315 147.520000
o 314 147.530000
o 313 147.530000
o 312 147.530000
o 310 147.540000
o 309 147.540000
o 308 147.540000
o 307 147.540000
o 305 147.590000
o 302 147.620000
o 301 147.620000
o 300 147.640000
o 299 147.650000
o 298 147.690000
o 297 147.710000
o 296 147.850000
o 295 147.850000
o 294 148.180000
o 293 148.530000
o 292 149.800000
o 291 151.970000
o 290 152.010000
o 289 152.430000
o 288 152.730000
o 287 153.610000
o 286 155.020000
o 285 155.580000
o 284 157.590000
o 283 157.590000
o 282 158.260000
o 281 159.720000
281	159.720000
railway-transport-pesp_18Min
o 5182 2.560000
o 5180 2.620000
o 5178 2.620000
o 5176 2.620000
o 5174 2.620000
o 5172 2.620000
o 5170 2.620000
o 5168 2.620000
o 5166 2.620000
o 5162 2.620000
o 5160 2.620000
o 5158 2.620000
o 5156 2.620000
o 5154 2.620000
o 5152 2.620000
o 5150 2.620000
o 5148 2.620000
o 5146 2.620000
o 5144 2.620000
o 5142 2.620000
o 5140 2.620000
o 5138 2.620000
o 5136 2.620000
o 5134 2.620000
o 5132 2.620000
o 5130 2.620000
o 5128 2.620000
o 5126 2.620000
o 5124 2.620000
o 5122 2.620000
o 5120 2.620000
o 5118 2.620000
o 5116 2.620000
o 5114 2.620000
o 5112 2.620000
o 5110 2.620000
o 5108 2.620000
o 5106 2.620000
o 5104 2.620000
o 5102 2.620000
o 5100 2.620000
o 5098 2.620000
o 5096 2.620000
o 5094 2.620000
o 5092 2.620000
o 5090 2.620000
o 5088 2.620000
o 5086 2.620000
o 5084 2.620000
o 5082 2.620000
o 5080 2.620000
o 5078 2.620000
o 5076 2.620000
o 5074 2.620000
o 5072 2.620000
o 5070 2.620000
o 5068 2.620000
o 5066 2.620000
o 5065 2.620000
o 5063 2.620000
o 5061 2.620000
o 5059 2.620000
o 5057 2.620000
o 5055 2.620000
o 5053 2.620000
o 5051 2.620000
o 5049 2.620000
o 5047 2.620000
o 5045 2.620000
o 5043 2.620000
o 5041 2.620000
o 5039 2.620000
o 5037 2.620000
o 5036 2.620000
o 5034 2.620000
o 5032 2.620000
o 5030 2.620000
o 5028 2.620000
o 5026 2.620000
o 5024 2.620000
o 5022 2.620000
o 5020 2.620000
o 5018 2.620000
o 5016 2.620000
o 5014 2.620000
o 5012 2.620000
o 5010 2.620000
o 5008 2.620000
o 5006 2.620000
o 5004 2.620000
o 5002 2.620000
o 5000 2.620000
o 4998 2.620000
o 4996 2.620000
o 319 39.470000
o 317 39.470000
o 316 39.470000
o 315 39.470000
o 314 39.490000
o 313 39.490000
o 312 39.490000
o 311 39.490000
o 310 39.500000
o 309 39.510000
o 308 39.510000
o 307 39.530000
o 306 39.540000
o 305 39.620000
o 304 39.630000
o 303 39.720000
o 302 39.720000
o 301 39.720000
o 300 39.730000
o 299 39.730000
o 298 40.290000
o 297 40.350000
o 296 41.520000
o 295 43.220000
o 294 43.400000
o 293 46.740000
o 292 46.940000
292	46.940000
railway-transport-pesp_18Min
o 7461 2.380000
o 7459 2.420000
o 7457 2.420000
o 7455 2.420000
o 7453 2.420000
o 7451 2.420000
o 7449 2.420000
o 7447 2.420000
o 7445 2.420000
o 7443 2.420000
o 7441 2.420000
o 7439 2.420000
o 7437 2.420000
o 7435 2.420000
o 7434 2.420000
o 7432 2.420000
o 419 30.690000
o 417 30.690000
o 415 30.690000
o 414 30.690000
o 413 30.690000
o 408 30.700000
o 407 30.700000
o 406 30.710000
o 405 30.740000
o 404 30.760000
o 403 30.960000
o 402 31.020000
o 401 31.490000
o 399 31.500000
o 398 31.560000
o 397 31.770000
o 396 31.810000
o 394 33.680000
o 393 33.680000
o 392 33.750000
o 391 34.520000
o 390 34.520000
o 389 34.520000
o 388 34.550000
o 387 34.580000
o 386 34.620000
o 385 34.630000
o 384 34.640000
o 383 35.130000
o 382 35.800000
o 381 35.960000
o 380 36.090000
o 379 36.580000
o 378 38.240000
o 371 40.110000
o 370 40.110000
o 369 40.110000
o 368 40.130000
o 367 40.690000
o 366 41.620000
o 365 41.730000
o 364 42.180000
o 363 42.370000
o 362 42.520000
o 361 44.140000
o 360 44.420000
o 359 72.550000
o 357 72.750000
o 356 73.050000
o 355 148.530000
o 354 148.560000
o 353 148.570000
o 352 148.660000
352	148.660000
railway-transport-pesp_18Min
o 4685 2.420000
o 4683 2.490000
o 4681 2.490000
o 4679 2.490000
o 4677 2.490000
o 4675 2.490000
o 4673 2.490000
o 4671 2.490000
o 4669 2.490000
o 4667 2.490000
o 4665 2.490000
o 4663 2.490000
o 4661 2.490000
o 4659 2.490000
o 4657 2.490000
o 4655 2.490000
o 4653 2.490000
o 4651 2.490000
o 4649 2.490000
o 4647 2.490000
o 4645 2.490000
o 4643 2.490000
o 4641 2.490000
o 4639 2.490000
o 4637 2.490000
o 4635 2.490000
o 4633 2.490000
o 4631 2.490000
o 4629 2.490000
o 4627 2.490000
o 4625 2.490000
o 4623 2.490000
o 4621 2.490000
o 4619 2.490000
o 4271 2.490000
o 4269 2.490000
o 4267 2.500000
o 4265 2.500000
o 4264 2.500000
o 4262 2.500000
o 4261 2.500000
o 4260 2.500000
o 4259 2.500000
o 4258 2.500000
o 4257 2.500000
o 4256 2.500000
o 380 33.950000
o 379 33.950000
o 378 33.960000
o 363 33.960000
o 361 33.960000
o 360 33.960000
o 359 33.970000
o 358 33.970000
o 357 33.970000
o 356 33.980000
o 355 34.000000
o 354 34.010000
o 353 34.010000
o 352 34.030000
o 351 34.040000
o 348 34.040000
o 344 34.080000
o 342 34.080000
o 337 34.080000
o 336 34.090000
o 335 34.100000
o 334 34.110000
o 332 34.130000
o 329 34.140000
o 328 64.290000
o 327 64.290000
o 326 64.350000
o 325 64.500000
o 324 64.850000
o 323 65.040000
o 322 65.050000
o 321 77.190000
o 320 194.170000
o 319 194.170000
o 318 194.170000
o 317 194.170000
o 316 194.170000
o 315 194.170000
o 314 194.170000
o 312 194.170000
o 311 194.450000
o 310 194.450000
310	194.450000
railway-transport-pesp_18Min
o 6959 2.530000
o 6957 2.590000
o 6955 2.590000
o 6953 2.590000
o 6952 2.590000
o 6950 2.590000
o 6372 2.600000
o 6370 2.600000
o 6368 2.600000
o 6366 2.600000
o 6365 2.600000
o 6364 2.600000
o 6362 2.600000
o 6360 2.600000
o 6359 2.600000
o 6357 2.600000
o 6355 2.600000
o 6353 2.600000
o 6351 2.600000
o 6349 2.600000
o 6348 2.600000
o 363 34.230000
o 362 34.230000
o 361 34.230000
o 360 34.240000
o 359 34.240000
o 358 34.250000
o 357 34.250000
o 356 34.250000
o 355 34.260000
o 353 34.280000
o 351 34.290000
o 350 34.290000
o 349 34.290000
o 347 34.290000
o 346 34.290000
o 345 34.290000
o 344 34.320000
o 342 34.360000
o 341 34.360000
o 340 34.360000
o 339 34.370000
o 338 34.370000
o 337 35.340000
o 336 35.350000
o 335 35.350000
o 334 35.570000
o 333 35.850000
o 332 36.550000
o 331 36.550000
o 330 36.960000
o 329 37.170000
o 328 37.700000
o 327 40.600000
327	40.600000
railway-transport-pesp_18Min
o 4295 2.380000
o 4293 2.440000
o 4291 2.440000
o 4289 2.440000
o 4287 2.440000
o 4285 2.440000
o 4283 2.440000
o 4282 2.440000
o 4280 2.440000
o 4278 2.440000
o 4276 2.440000
o 4274 2.440000
o 4272 2.440000
o 4270 2.440000
o 4268 2.440000
o 4266 2.440000
o 4264 2.440000
o 4262 2.440000
o 4261 2.440000
o 4260 2.440000
o 4258 2.440000
o 4256 2.440000
o 4254 2.440000
o 4252 2.440000
o 4250 2.440000
o 4248 2.440000
o 340 23.510000
o 338 23.510000
o 337 23.520000
o 336 23.520000
o 333 23.530000
o 332 23.530000
o 320 23.830000
o 318 23.840000
o 317 23.840000
o 316 23.860000
o 315 23.860000
o 314 23.860000
o 312 23.860000
o 311 23.870000
o 310 23.870000
o 309 23.890000
o 307 23.900000
o 306 23.910000
o 303 23.930000
o 302 23.960000
o 301 24.010000
o 300 24.060000
o 299 24.070000
o 298 24.380000
o 297 24.710000
o 296 25.210000
o 294 26.460000
o 293 26.990000
o 290 43.680000
o 289 43.720000
o 288 44.220000
288	44.220000
