scheduling-cnf_small
o 82 0.060000
o 62 0.690000
o 61 6.630000
o 60 6.640000
o 59 19.060000
o 58 19.090000
o 57 21.300000
o 56 38.240000
o 54 38.310000
o 52 103.000000
o 48 103.020000
48	103.020000
scheduling-cnf_small
o 73 0.050000
o 64 0.890000
o 63 0.910000
o 62 7.340000
o 61 7.360000
o 60 7.400000
o 59 7.430000
o 58 7.430000
o 53 76.520000
o 51 166.650000
51	166.650000
scheduling-cnf_small
o 76 0.060000
o 73 1.290000
o 72 1.290000
o 71 1.320000
o 70 1.320000
o 69 3.900000
o 68 7.530000
o 64 13.320000
o 63 13.630000
o 62 15.090000
o 59 36.730000
o 58 36.730000
o 51 41.740000
51	41.740000
scheduling-cnf_small
o 82 0.060000
o 73 1.330000
o 72 2.180000
o 69 2.430000
o 68 2.590000
o 67 4.800000
o 62 5.870000
o 61 11.450000
o 60 11.450000
o 59 11.470000
o 58 94.300000
o 57 102.570000
o 56 102.570000
o 55 289.430000
55	289.430000
scheduling-cnf_small
o 83 0.050000
o 75 0.790000
o 68 0.880000
o 66 1.110000
o 64 6.740000
o 63 6.750000
o 62 7.720000
o 61 7.720000
o 60 12.130000
o 58 12.170000
o 53 196.960000
o 50 197.090000
50	197.090000
scheduling-cnf_small
o 81 0.060000
o 69 1.230000
o 68 1.230000
o 67 1.230000
o 66 1.230000
o 63 1.260000
o 62 1.400000
o 61 1.400000
o 59 27.890000
o 58 65.380000
o 57 65.380000
o 56 65.480000
o 54 65.590000
o 53 65.620000
o 51 142.480000
51	142.480000
scheduling-cnf_small
o 80 0.060000
o 78 1.310000
o 76 1.310000
o 75 2.250000
o 73 2.260000
o 72 2.350000
o 71 2.980000
o 70 3.520000
o 69 3.530000
o 67 4.620000
o 66 4.820000
o 65 8.130000
o 64 8.130000
o 63 34.800000
o 62 34.910000
o 61 34.980000
o 58 36.590000
o 57 66.080000
o 55 66.190000
o 54 91.080000
o 53 185.260000
o 50 248.390000
o 49 248.400000
49	248.400000
scheduling-cnf_small
o 57 0.050000
o 56 56.550000
o 55 62.760000
o 54 63.220000
o 51 221.250000
51	221.250000
scheduling-cnf_small
o 83 0.060000
o 80 1.900000
o 73 1.920000
o 72 1.940000
o 71 1.950000
o 70 1.960000
o 69 2.100000
o 66 8.120000
o 62 8.270000
o 58 22.040000
o 57 22.090000
o 56 67.810000
o 55 67.820000
o 52 67.870000
o 50 67.920000
o 49 67.970000
49	67.970000
scheduling-cnf_small
o 72 0.070000
o 54 1.310000
o 53 1.310000
o 52 1.310000
o 51 187.550000
o 50 187.580000
50	187.580000
