decision-tree-car-un-formula_0.8_2021_atleast_31_max-4_reduced_incomplete_tree
o 506 0.4
o 392 16.28
decision-tree-car-un-formula_0.8_2021_atleast_31_max-4_reduced_incomplete_tree
o 544 0.41
o 392 21.43
decision-tree-car-un-formula_0.8_2021_atleast_31_max-4_reduced_incomplete_tree
o 544 0.5
o 392 21.93
decision-tree-car-un-formula_0.8_2021_atleast_31_max-4_reduced_incomplete_tree
o 392 0.46
decision-tree-car-un-formula_0.8_2021_atleast_31_max-4_reduced_incomplete_tree
o 482 0.44
o 392 15.91
decision-tree-car-un-formula_0.8_2021_atleast_31_max-4_reduced_incomplete_tree
o 452 0.46
o 392 58.81
decision-tree-car-un-formula_0.8_2021_atleast_31_max-4_reduced_incomplete_tree
o 365 0.5
decision-tree-car-un-formula_0.8_2021_atleast_31_max-4_reduced_incomplete_tree
o 501 0.52
o 492 19.72
o 452 39.86
o 392 58.27
decision-tree-car-un-formula_0.8_2021_atleast_31_max-4_reduced_incomplete_tree
o 990 0.51
o 452 17.92
o 392 40.21
decision-tree-car-un-formula_0.8_2021_atleast_31_max-4_reduced_incomplete_tree
o 392 0.41
