gen-hyper-tw-GenHyperTW_uf20-01
o 9 0.06
o 7 1.06
o 6 3.01
gen-hyper-tw-GenHyperTW_uf20-01
o 10 0.04
o 9 0.04
o 6 0.84
gen-hyper-tw-GenHyperTW_uf20-01
o 10 0.05
o 6 0.78
gen-hyper-tw-GenHyperTW_uf20-01
o 10 0.05
o 9 0.05
o 7 0.88
o 6 1.69
gen-hyper-tw-GenHyperTW_uf20-01
o 11 0.05
o 10 0.05
o 9 0.05
o 8 0.92
o 7 1.75
o 6 2.91
gen-hyper-tw-GenHyperTW_uf20-01
o 11 0.06
o 10 0.06
o 6 0.9
gen-hyper-tw-GenHyperTW_uf20-01
o 10 0.03
o 8 0.03
o 6 0.88
gen-hyper-tw-GenHyperTW_uf20-01
o 11 0.03
o 10 0.03
o 9 0.03
o 6 0.82
gen-hyper-tw-GenHyperTW_uf20-01
o 11 0.04
o 7 0.82
o 6 4.79
gen-hyper-tw-GenHyperTW_uf20-01
o 12 0.03
o 11 0.03
o 10 0.03
o 7 0.9
o 6 4.36
