gen-hyper-tw-GenHyperTW_flat30-99
o 47 2.14
o 22 13.15
o 21 25.63
gen-hyper-tw-GenHyperTW_flat30-99
o 49 2.26
o 19 11.2
gen-hyper-tw-GenHyperTW_flat30-99
o 52 2.36
o 25 15.64
o 21 24.67
gen-hyper-tw-GenHyperTW_flat30-99
o 54 2.53
o 21 13.77
o 20 272.13
gen-hyper-tw-GenHyperTW_flat30-99
o 52 2.39
o 24 13.33
o 23 24.37
o 20 36.79
o 19 146.99
gen-hyper-tw-GenHyperTW_flat30-99
o 53 2.66
o 24 16.2
o 23 137.53
o 19 146.63
gen-hyper-tw-GenHyperTW_flat30-99
o 50 2.14
o 24 17.46
o 21 30.46
gen-hyper-tw-GenHyperTW_flat30-99
o 51 2.43
o 24 14.5
o 19 38.98
gen-hyper-tw-GenHyperTW_flat30-99
o 59 2.48
o 24 18.21
o 23 32.18
o 22 69.08
o 21 128.16
gen-hyper-tw-GenHyperTW_flat30-99
o 50 2.73
o 23 16.38
o 21 46.65
o 20 266.92
