gen-hyper-tw-GenHyperTW_dubois28
o 21 1.32
o 20 1.32
o 9 8.85
o 7 21.48
o 6 30.57
gen-hyper-tw-GenHyperTW_dubois28
o 21 1.3
o 20 1.3
o 19 1.3
o 6 5.92
gen-hyper-tw-GenHyperTW_dubois28
o 19 1.69
o 18 1.7
o 7 5.87
o 6 224.73
gen-hyper-tw-GenHyperTW_dubois28
o 13 0.97
o 8 4.54
o 7 17.92
o 6 71.38
gen-hyper-tw-GenHyperTW_dubois28
o 23 1.12
o 21 1.12
o 11 4.62
o 7 9.63
o 6 70.11
gen-hyper-tw-GenHyperTW_dubois28
o 23 0.98
o 7 5.82
o 6 65.64
gen-hyper-tw-GenHyperTW_dubois28
o 22 1.02
o 21 1.02
o 20 1.02
o 19 1.03
o 18 1.03
o 8 4.96
o 6 51.38
gen-hyper-tw-GenHyperTW_dubois28
o 23 1.1
o 22 1.1
o 10 6.07
o 9 13.28
o 8 28.51
o 7 43.39
o 5 58.44
gen-hyper-tw-GenHyperTW_dubois28
o 25 1.16
o 23 1.16
o 22 1.16
o 21 1.16
o 9 6.06
o 8 24.11
o 7 43.29
o 6 47.19
gen-hyper-tw-GenHyperTW_dubois28
o 25 1.05
o 18 1.05
o 16 1.05
o 11 6.56
o 8 11.1
o 7 33.01
