optimizing-BDDs-splice-1-un-wcnf_incomplete_improved_1_2019_5
o 1451 11.2
o 1319 36.81
o 722 124.14
optimizing-BDDs-splice-1-un-wcnf_incomplete_improved_1_2019_5
o 1359 7.25
o 1230 58.32
optimizing-BDDs-splice-1-un-wcnf_incomplete_improved_1_2019_5
o 1450 8.33
o 1195 58.02
o 575 98.55
optimizing-BDDs-splice-1-un-wcnf_incomplete_improved_1_2019_5
o 875 9.74
o 760 92.55
o 559 231.16
optimizing-BDDs-splice-1-un-wcnf_incomplete_improved_1_2019_5
o 1335 2.29
o 720 2.29
o 574 220.08
optimizing-BDDs-splice-1-un-wcnf_incomplete_improved_1_2019_5
o 1309 9.58
o 880 66.95
o 565 247.25
optimizing-BDDs-splice-1-un-wcnf_incomplete_improved_1_2019_5
o 1397 13.32
o 944 67.61
optimizing-BDDs-splice-1-un-wcnf_incomplete_improved_1_2019_5
o 576 8.85
optimizing-BDDs-splice-1-un-wcnf_incomplete_improved_1_2019_5
o 1262 15.66
o 866 119.02
o 541 231.34
optimizing-BDDs-splice-1-un-wcnf_incomplete_improved_1_2019_5
o 718 11.53
o 575 11.53
o 523 99.13
