xai-mindset2-shuttleM
o 966 185.61
o 891 185.61
o 890 185.61
o 889 185.61
o 887 185.61
o 886 185.61
o 885 185.62
o 883 185.62
o 882 185.62
o 880 185.62
o 879 185.62
o 878 185.62
o 877 185.62
o 876 185.62
o 875 185.62
o 873 185.62
o 871 185.62
o 870 185.63
o 869 185.63
o 868 185.63
o 867 185.63
o 866 185.63
o 865 185.63
o 864 185.63
o 863 185.63
o 862 185.63
o 861 185.63
o 860 185.63
o 859 185.63
o 858 185.63
o 857 185.63
o 856 185.63
o 855 185.63
o 854 185.63
o 853 185.63
o 329 185.64
o 320 185.64
o 314 185.64
o 311 185.64
o 309 185.64
o 307 185.65
o 303 185.66
o 300 185.66
o 299 185.66
o 298 185.66
o 297 185.66
o 296 185.67
o 293 185.67
o 291 185.67
o 290 185.67
o 289 185.67
o 288 185.68
o 287 185.68
o 286 185.68
o 238 185.69
o 236 185.69
o 233 185.69
o 232 185.7
o 230 185.7
o 229 185.7
o 228 185.7
o 227 185.71
xai-mindset2-shuttleM
o 889 238.96
o 638 239.42
o 635 239.42
o 632 239.42
o 628 239.42
xai-mindset2-shuttleM
o 707 133.09
o 620 133.09
xai-mindset2-shuttleM
o 912 248.03
o 860 248.04
o 859 248.04
o 858 248.04
o 857 248.04
o 856 248.04
o 855 248.04
o 854 248.04
o 853 248.04
o 852 248.05
o 851 248.05
o 850 248.05
o 849 248.05
o 759 248.06
o 756 248.06
o 755 248.06
o 754 248.06
o 750 248.06
o 747 248.07
o 746 248.07
o 745 248.11
o 744 248.11
o 743 248.11
o 742 248.11
xai-mindset2-shuttleM
o 771 136.41
o 697 136.41
o 695 136.41
o 692 136.41
o 690 136.41
o 689 136.41
o 688 136.42
o 687 136.42
o 686 136.42
o 684 136.42
o 683 136.42
o 681 136.42
o 680 136.42
xai-mindset2-shuttleM
o 927 253.96
xai-mindset2-shuttleM
o 821 282.32
o 780 282.32
o 779 282.32
o 778 282.32
o 777 282.32
o 776 282.32
o 775 282.32
o 773 282.32
o 772 282.32
o 771 282.32
o 770 282.32
o 769 282.32
o 768 282.32
o 767 282.32
o 766 282.32
o 765 282.32
o 764 282.32
o 763 282.32
o 762 282.32
o 760 282.32
o 759 282.32
o 758 282.32
o 757 282.32
o 756 282.32
o 755 282.32
o 754 282.32
o 753 282.32
xai-mindset2-shuttleM
o 707 149.68
o 577 149.68
o 576 149.68
o 575 149.68
o 574 149.68
o 573 149.68
o 572 149.68
o 571 149.69
o 570 149.69
o 569 149.69
o 568 149.69
o 567 149.69
o 566 149.69
o 565 149.69
o 564 149.69
o 563 149.69
o 562 149.69
o 561 149.69
o 560 149.69
o 559 149.69
o 558 149.69
o 557 149.69
o 556 149.69
o 555 149.69
o 554 149.69
o 553 149.69
o 552 149.69
o 551 149.69
o 550 149.69
o 549 149.69
o 198 149.71
o 191 149.71
o 190 149.72
o 189 149.72
xai-mindset2-shuttleM
o 782 155.12
xai-mindset2-shuttleM
o 744 154.34
o 635 154.35
o 634 154.35
o 633 154.35
