abstraction-refinement-downcast-antlr
abstraction-refinement-downcast-antlr
o 85836 217.61
abstraction-refinement-downcast-antlr
o 88272 296.29
o 88204 296.57
o 88202 296.78
abstraction-refinement-downcast-antlr
o 83449 77.08
o 83446 125.03
o 83444 125.19
o 78693 192.02
o 78692 192.04
abstraction-refinement-downcast-antlr
o 85856 287.57
abstraction-refinement-downcast-antlr
o 81057 188.72
o 81056 188.83
abstraction-refinement-downcast-antlr
abstraction-refinement-downcast-antlr
o 81072 264.11
abstraction-refinement-downcast-antlr
o 76322 101.55
abstraction-refinement-downcast-antlr
