causal-discovery-causal_Link_9_100
o 3242187 0.71
causal-discovery-causal_Link_9_100
o 21517451 13.06
causal-discovery-causal_Link_9_100
o 21517451 19.57
causal-discovery-causal_Link_9_100
o 21517451 86.67
causal-discovery-causal_Link_9_100
o 2602597 3.39
o 1516100 4.44
causal-discovery-causal_Link_9_100
o 3242187 24.67
causal-discovery-causal_Link_9_100
o 21517451 36.46
causal-discovery-causal_Link_9_100
o 3242187 0.82
causal-discovery-causal_Link_9_100
o 3242187 0.68
o 1924377 2.33
causal-discovery-causal_Link_9_100
o 21517451 21.68
