generalized-ising-IS6_5.0.5.0.0.5_softer_periodic
o 116426199686282 0.03
o 116388010626872 0.03
o 116383513264193 0.03
o 116380744421624 0.04
o 116264359987418 0.04
o 116246414272141 0.04
o 116190442284879 0.04
o 116105714602281 0.04
o 116095946821881 0.04
o 116025313409099 0.04
o 115956445703766 0.04
o 115950211291711 0.04
o 115948296837236 0.04
o 115883211882667 0.04
o 115868089063859 0.04
o 115826478137395 0.04
o 115782555099200 0.04
o 115767125979473 0.04
o 115754659677369 0.04
o 115721349031066 0.04
o 115681388528812 0.04
o 115672322756199 0.05
o 115613985167130 0.05
o 115585703415132 0.05
o 115540714029377 0.05
o 115513418906356 0.05
o 115470520924631 0.05
o 115425648260194 0.05
o 115410673846975 0.05
o 115376788196958 0.06
o 115341052786178 0.06
o 115256757796927 0.06
o 115215725029759 0.06
o 115197722129401 0.06
o 115137680311167 0.06
o 115125998551445 0.06
o 115087070310908 0.06
o 115054941228072 0.06
o 115004740319167 0.06
o 114988141465899 137.55
o 114977159063253 137.55
o 114936615870948 137.55
o 114934012521573 137.55
o 114872002667616 137.55
o 114801402956561 137.55
o 114784608832042 251.27
o 114740794006247 251.27
o 114690642348800 251.27
o 114645458429924 251.27
o 114623818392458 251.27
o 114558015613341 251.27
o 114529039776765 251.27
o 114515988057411 251.27
o 114502294822565 251.27
o 114497734019274 251.27
o 114477234497894 251.27
o 114468712456927 251.27
o 114428315349603 251.27
o 114424095776960 251.27
o 114416536282850 251.27
o 114397327788848 251.27
o 114379687441561 251.27
o 114346613000923 251.27
o 114314633124469 251.27
o 114299245004128 251.27
o 114285055340922 251.27
o 114261406868403 251.27
o 114182388031016 251.27
o 114179462480623 251.27
o 114138783104061 251.27
o 114134984931760 251.27
o 114133265127920 251.27
o 114121144439347 251.27
o 114110090303803 251.27
o 114065961680102 251.28
o 114048040588477 251.28
o 114046778539304 251.28
o 114009158240379 251.28
generalized-ising-IS6_5.0.5.0.0.5_softer_periodic
o 116211779629941 0.02
o 116130613745495 0.02
o 115993038808088 0.02
o 115927458552328 0.02
o 115918947516790 0.02
o 115918786321720 0.02
o 115872596984094 0.03
o 115870938990584 0.03
o 115841838091075 0.03
o 115818499576365 0.03
o 115739260734685 0.03
o 115686542625772 0.03
o 115647571394503 0.03
o 115576515382945 0.03
o 115547738093600 0.03
o 115492866350254 0.03
o 115460048055506 0.03
o 115398047401816 0.03
o 115282168594447 0.03
o 115234057412213 0.03
o 115182624747893 0.03
o 115172442240665 0.03
o 115166742782617 0.03
o 115147402198557 0.03
o 115133103607212 0.03
o 115123836817558 88.35
o 115034643609448 88.35
o 114992776158116 88.35
o 114965826534779 88.35
o 114961463533521 88.35
o 114906684304847 88.35
o 114840690025933 88.35
o 114786154771981 88.35
o 114781540790154 88.35
o 114719756664845 88.35
o 114669266140836 88.35
o 114632240469384 88.35
o 114583256769915 192.38
o 114553990440986 192.38
o 114547195082237 192.38
o 114509218237938 192.38
o 114486362185539 192.38
o 114461724826758 192.38
o 114457424232637 192.38
o 114433685943216 192.38
o 114412095889111 192.38
o 114383253816779 192.38
o 114367808656539 192.38
o 114341379625701 192.38
o 114315761726404 192.38
o 114279610191272 192.38
o 114272600360749 192.38
o 114205812703479 192.38
o 114149730995082 192.38
o 114109231700537 192.38
o 114067756009158 192.38
o 114047331493218 192.38
o 114016524984012 192.38
o 113994549917022 192.38
o 113971429104189 192.38
o 113935789694551 192.38
o 113894771193440 192.38
o 113875298647759 192.38
o 113845330111694 192.38
o 113844998746838 192.38
o 113835328133473 192.38
generalized-ising-IS6_5.0.5.0.0.5_softer_periodic
o 116714526003939 0.02
o 116663841624265 0.03
o 116642756355354 0.03
o 116606032059648 0.03
o 116534127394417 0.03
o 116520891385870 0.03
o 116401167363784 0.03
o 116307831177021 0.03
o 116275254596473 0.03
o 116218027660141 0.03
o 116104791261397 0.03
o 116004862333172 0.03
o 115998616758236 0.03
o 115944243735148 0.03
o 115882435186255 0.03
o 115793408677008 0.03
o 115738491334581 0.03
o 115666752400721 0.03
o 115599004811370 0.03
o 115587560045405 0.03
o 115534901530744 0.03
o 115504366441510 0.03
o 115460063356549 0.03
o 115419998519753 0.04
o 115378503093964 0.04
o 115269406059380 0.04
o 115232797436004 0.04
o 115163164903927 0.04
o 115156770311558 0.04
o 115093617754984 0.04
o 115090691260477 0.04
o 115032805598347 0.04
o 114889122002531 0.04
o 114876641367686 0.04
o 114870285194819 0.04
o 114869148279873 0.04
o 114856000259744 89.73
o 114805528031707 89.73
o 114729733260967 89.73
o 114701142388169 190.16
o 114665008304758 190.16
o 114613201825635 190.16
o 114573247052928 190.16
o 114532614795040 190.16
o 114507263121213 190.16
o 114486604900784 190.16
o 114469540752549 190.16
o 114425774458023 190.16
o 114423883014636 190.16
o 114409156160940 190.16
o 114390413256300 190.16
o 114358391766305 190.16
o 114329371485262 190.16
o 114326404189322 190.16
o 114312887874853 190.16
o 114293533893013 190.16
o 114283198284731 190.16
o 114267445082964 190.16
o 114229722192645 190.16
o 114212412628414 190.16
o 114172538629619 190.16
o 114157522778340 190.16
o 114155581342378 190.16
o 114148662494106 190.16
o 114143545397370 295.58
o 114135158528184 295.59
o 114126329114897 295.59
o 114121323485257 295.59
o 114099083005462 295.59
o 114027932372142 295.59
o 114015929092334 295.59
o 113967519069420 295.59
o 113963422526536 295.59
generalized-ising-IS6_5.0.5.0.0.5_softer_periodic
o 116251223924613 0.03
o 116192975027051 0.03
o 116154663575771 0.03
o 116074481254613 0.03
o 116034815502339 0.03
o 116033826868333 0.03
o 115944854768611 0.03
o 115872179710783 0.03
o 115807897236943 0.03
o 115784161976537 0.03
o 115781271672363 0.03
o 115763664300149 0.03
o 115685132342722 0.03
o 115667672381586 0.03
o 115666464138153 0.03
o 115627436466037 0.04
o 115504215373799 0.04
o 115432463990538 0.04
o 115351609873866 0.04
o 115263539624374 0.04
o 115098822489375 0.04
o 115018470070302 0.04
o 114995632979562 0.04
o 114976523952142 0.04
o 114900779744715 0.04
o 114832293164280 0.04
o 114799694906322 0.04
o 114798323330745 102.09
o 114765483274456 102.09
o 114653526333460 102.09
o 114648731961074 216.74
o 114623629973186 216.74
o 114590665965851 216.74
o 114576989716459 216.74
o 114545679306842 216.74
o 114497196343679 216.74
o 114457828240919 216.74
o 114444398672673 216.74
o 114419441931511 216.74
o 114374789834745 216.74
o 114366215841480 216.74
o 114306522374462 216.74
o 114282334682603 216.74
o 114277077191687 216.75
o 114248122468953 216.75
o 114236472660830 216.75
o 114235977081848 216.75
o 114223046805240 216.75
o 114211355459919 216.75
o 114210077175954 216.75
o 114196938143892 216.75
o 114189861137501 216.75
o 114182994452356 216.75
o 114146963351953 216.75
o 114107720569142 216.75
o 114079354633055 216.75
o 114074876741679 216.75
o 114064350344124 216.75
o 114045320177579 216.75
o 114038358219039 216.75
o 114032830668424 216.75
o 114011415427064 216.75
o 114003181434328 216.75
o 113997027323556 216.75
o 113996013145602 216.75
generalized-ising-IS6_5.0.5.0.0.5_softer_periodic
o 116121857500695 0.03
o 116047741080206 0.03
o 115975513486225 0.03
o 115878454138721 0.03
o 115860782189971 0.03
o 115839565271080 0.03
o 115812798951854 0.03
o 115762077183919 0.03
o 115745253582435 0.03
o 115710563386923 0.03
o 115677203961626 0.03
o 115595869193139 0.03
o 115556580005742 0.03
o 115516072402488 0.03
o 115405174121860 0.04
o 115361925631764 0.04
o 115245916769040 0.04
o 115196882455955 0.04
o 115074106535799 0.04
o 115026638096753 0.04
o 114965621078862 0.04
o 114954773543081 0.04
o 114949297766599 0.04
o 114896465506989 91.18
o 114805607562596 91.18
o 114779912430735 91.19
o 114700216194390 91.19
o 114685136249179 203.31
o 114633409228568 203.31
o 114584548920658 203.31
o 114575610340860 203.31
o 114537338585067 203.31
o 114519375302165 203.31
o 114513233012759 203.31
o 114488673116154 203.31
o 114487937241943 203.31
o 114465762849398 203.31
o 114457390973249 203.31
o 114446906223773 203.31
o 114446774063439 203.31
o 114431795980987 203.31
o 114423457191717 203.31
o 114409450214861 203.31
o 114358569415266 203.31
o 114348027511556 203.31
o 114342840574716 203.31
o 114322847524031 203.31
o 114313620240647 203.31
o 114306115064161 203.31
o 114298994889722 203.31
o 114285978944447 203.31
o 114258071413813 203.31
o 114245991649225 203.31
o 114226275134162 203.31
o 114212466808943 203.31
o 114189099691989 203.31
o 114159360789648 203.31
o 114139490191022 203.31
o 114128894264126 203.31
o 114038237368463 203.31
generalized-ising-IS6_5.0.5.0.0.5_softer_periodic
o 116200065679712 0.03
o 116156351686416 0.03
o 116142563042713 0.03
o 116085823030232 0.03
o 116066296735017 0.03
o 116050411766194 0.03
o 116006308688059 0.03
o 115944940584007 0.03
o 115925617035400 0.03
o 115848636814948 0.04
o 115799538641061 0.04
o 115775159751073 0.04
o 115686857932160 0.04
o 115634846983217 0.04
o 115627267107159 0.04
o 115542785371588 0.04
o 115505237090438 0.04
o 115433941737853 0.04
o 115381253847765 0.05
o 115292749550800 0.05
o 115212920881941 0.05
o 115150112244801 0.05
o 114969301815800 0.05
o 114960575014462 0.05
o 114936022040807 0.05
o 114907539727433 0.05
o 114901717799114 0.05
o 114861287877681 0.05
o 114838335689323 0.05
o 114801324218097 0.05
o 114776445394879 0.05
o 114758719174003 0.05
o 114654767852446 117.13
o 114640851325719 117.13
o 114569444592675 117.13
o 114561884212634 117.13
o 114535642035031 117.13
o 114532661985655 239.57
o 114520820977849 239.57
o 114473971556756 239.57
o 114471291200159 239.57
o 114415932312712 239.57
o 114391327146757 239.57
o 114357595030934 239.57
o 114323753484840 239.57
o 114318689499924 239.57
o 114314590465754 239.57
o 114280250543722 239.57
o 114234682404054 239.57
o 114209512853719 239.57
o 114202090081995 239.57
o 114199228674677 239.57
o 114197847203185 239.57
o 114197479264321 239.57
generalized-ising-IS6_5.0.5.0.0.5_softer_periodic
o 116224765081048 0.02
o 116115646743422 0.02
o 116079372465559 0.02
o 116076415246992 0.02
o 115963036340272 0.02
o 115846584308247 0.02
o 115761381220058 0.02
o 115709980300982 0.02
o 115671859666403 0.02
o 115608393550976 0.03
o 115572352150522 0.03
o 115544396013102 0.03
o 115508659312360 0.03
o 115487938401826 0.03
o 115439904237086 0.03
o 115403214986935 0.03
o 115333952753439 0.03
o 115266373410132 0.03
o 115212064456949 0.03
o 115192366104597 0.03
o 115162576278262 0.03
o 115056554214913 0.03
o 115027223969965 0.03
o 115013587687943 0.03
o 114953320269924 0.03
o 114838542898718 0.03
o 114831453938241 110.29
o 114777158226840 110.29
o 114776358623466 110.29
o 114775035366916 110.29
o 114771724642116 110.29
o 114747176474462 110.29
o 114674872407933 110.29
o 114598551709976 110.29
o 114537156513319 110.29
o 114523930061872 230.12
o 114523677568903 230.12
o 114513936896632 230.12
o 114480466959654 230.12
o 114456727841178 230.12
o 114437423426405 230.12
o 114413110149714 230.12
o 114387010670287 230.12
o 114363788511987 230.12
o 114346561553347 230.12
o 114319154022906 230.12
o 114294244365452 230.12
o 114287605355367 230.12
o 114249966930290 230.12
o 114247816100447 230.12
o 114228901433039 230.12
o 114207217666035 230.12
o 114182568953482 230.12
o 114171110849880 230.12
o 114148735677162 230.12
o 114136493371201 230.12
o 114121362684966 230.12
o 114117755082870 230.12
o 114104973095668 230.12
o 114089686228768 230.12
o 114087046215162 230.12
o 114064040130371 230.13
o 114043350750160 230.13
o 114019171277522 230.13
o 113998856937576 230.13
o 113952751473750 230.13
o 113916321810994 230.13
generalized-ising-IS6_5.0.5.0.0.5_softer_periodic
o 116386937750490 0.02
o 116291182983758 0.02
o 116260819128207 0.02
o 116251282962125 0.02
o 116229365077301 0.02
o 116178999558449 0.02
o 116123950120743 0.02
o 116105711595548 0.02
o 115960404121257 0.02
o 115948944500687 0.02
o 115917264208483 0.02
o 115835474280786 0.02
o 115832558218749 0.02
o 115738284910660 0.02
o 115714694164887 0.03
o 115713440478570 0.03
o 115694792110491 0.03
o 115653347447312 0.03
o 115604105944512 0.03
o 115578157900223 0.03
o 115554446312959 0.03
o 115437383216995 0.03
o 115391180257042 0.03
o 115327931495264 0.03
o 115277061848160 0.03
o 115146379247787 0.03
o 115099553768625 0.03
o 115085427755385 0.03
o 115081377511204 0.03
o 115065903082760 0.03
o 115046975833168 0.03
o 114970287647674 0.03
o 114933229757254 0.03
o 114929746429381 84.25
o 114914577763199 84.25
o 114898757001905 84.25
o 114834234775920 84.25
o 114802616263620 84.26
o 114762729866499 84.26
o 114738023864512 84.26
o 114713688262406 84.26
o 114600249040461 84.26
o 114502857626763 84.26
o 114444334332803 84.26
o 114401470893828 84.26
o 114382725910675 182.83
o 114364701173476 182.83
o 114334024475882 182.83
o 114309828378872 182.83
o 114309570526340 182.83
o 114301806823594 182.83
o 114295464801273 182.83
o 114261116134816 182.83
o 114256230714937 182.83
o 114248035687966 182.83
o 114218437070858 182.83
o 114214974140596 182.83
o 114204495408981 182.83
o 114179302506542 182.83
o 114165461180374 182.83
o 114155698399308 182.83
o 114145091142507 182.83
o 114113298229505 182.83
o 114108516608579 182.84
o 114052721760455 182.84
o 114043400962963 182.84
o 114032278287902 182.84
o 114016833648607 182.84
o 113981372991394 182.84
o 113936474399615 284.43
o 113926184527197 284.44
o 113869034227996 284.44
o 113848692503868 284.44
o 113848094486950 284.44
o 113833576219929 284.44
o 113831254650753 284.44
generalized-ising-IS6_5.0.5.0.0.5_softer_periodic
o 116029802822120 0.02
o 115987022377864 0.02
o 115859979164004 0.02
o 115850576575416 0.02
o 115779617105258 0.02
o 115762155128101 0.02
o 115739782444916 0.02
o 115644617410541 0.02
o 115630598471193 0.02
o 115500290691590 0.03
o 115385606203755 0.03
o 115275298537168 0.03
o 115214749586446 0.03
o 115174305328319 0.03
o 115097307392954 0.03
o 115076167122586 0.03
o 114997713204245 0.03
o 114996827012681 0.03
o 114860839517897 0.03
o 114839211649997 0.03
o 114825332052298 0.03
o 114809900862436 192.58
o 114777357177368 192.58
o 114756198136279 192.58
o 114723928427634 192.58
o 114682388037683 192.58
o 114671352647459 192.58
o 114643078794615 192.58
o 114621957431187 192.58
o 114597288743496 192.58
o 114559640307883 192.58
o 114521302744275 192.58
o 114507369440083 192.58
o 114486287706045 192.58
o 114427456160093 192.58
o 114390432730472 192.58
o 114354675915241 192.58
o 114353884923584 192.58
o 114323787589506 192.58
o 114310416235326 192.58
o 114299652342667 192.58
o 114260692549703 192.58
o 114236396647392 192.58
o 114219300029806 192.58
o 114199677130677 192.58
o 114186724611406 192.58
o 114149272292724 192.58
o 114139261734799 192.58
o 114122388133901 192.58
o 114117459692423 192.58
o 114104386373036 192.58
o 114089771305420 192.58
o 114081331295043 192.58
o 114065739986697 192.58
o 114061640357127 192.58
o 114044721062055 192.58
o 114001557537760 192.58
o 113896620712234 192.58
o 113853347823905 192.58
o 113852101140250 192.58
generalized-ising-IS6_5.0.5.0.0.5_softer_periodic
o 116541230611237 0.02
o 116469373197950 0.02
o 116454421775842 0.02
o 116322722043550 0.02
o 116316344354662 0.02
o 116297938702768 0.02
o 116272078056116 0.02
o 116250225685334 0.03
o 116181162067565 0.03
o 116127176004138 0.03
o 116089776383877 0.03
o 116064698285503 0.03
o 116052417259930 0.03
o 116050079080033 0.03
o 116046640494330 0.03
o 116000487972706 0.03
o 115903507462482 0.03
o 115829088569718 0.03
o 115790677066121 0.03
o 115778696333096 0.03
o 115772023370179 0.03
o 115693467731698 0.03
o 115609001748756 0.03
o 115574656122761 0.03
o 115565723591855 0.03
o 115562958861659 0.03
o 115552133059984 0.03
o 115455957761086 0.03
o 115455698671121 0.03
o 115447390749059 0.03
o 115439202883626 0.03
o 115326840795596 0.04
o 115279893172783 0.04
o 115167734563451 0.04
o 115166627582906 0.04
o 115119822640810 0.04
o 115046101179485 0.04
o 115032393882691 0.04
o 114965577491192 0.04
o 114910478126638 0.04
o 114896124721871 0.04
o 114860635933626 0.04
o 114857279935391 0.04
o 114793934036563 0.04
o 114729400369658 0.04
o 114718316150378 184.01
o 114690723722423 184.01
o 114665106178469 184.01
o 114635197053511 184.01
o 114597558619409 184.01
o 114584957930025 184.01
o 114558290197850 184.01
o 114511872658067 184.01
o 114475145778902 184.01
o 114467664385989 184.01
o 114451915819264 184.01
o 114433314088231 184.01
o 114402166131976 184.01
o 114350553845372 184.01
o 114306775439044 184.01
o 114267282908762 184.01
o 114226219902364 184.01
o 114220184400655 184.01
o 114179042347605 184.01
o 114119717111409 184.01
o 114108801692803 184.01
o 114089232529313 184.01
o 114063326218029 184.01
o 114025257189011 184.01
o 114011253896502 184.01
o 113989426804021 184.01
o 113980901298121 184.01
o 113979935797142 184.01
o 113971748404225 184.01
o 113970601525685 290.39
o 113966875130744 290.39
o 113933013456355 290.39
o 113894515113772 290.39
o 113865793105235 290.39
o 113846743038262 290.39
o 113844105420844 290.39
o 113825185918334 290.39
