spot5-1401.wcsp.log
o 518109 0
o 516109 0
o 516107 0
o 514107 0
o 514105 0
o 513105 0
o 513104 0
o 505093 0.01
o 504093 0.01
o 503093 0.01
o 501093 0.01
o 500094 0.01
o 500093 0.01
o 499095 0.01
o 498094 0.01
o 495098 0.03
o 493098 0.03
o 492099 0.03
o 491103 0.08
o 491095 0.09
o 486100 0.1
o 486097 0.32
o 485100 0.41
o 483100 0.41
o 482100 0.41
o 481100 0.6
o 481099 1.97
o 480100 1.99
o 479100 2.34
o 477100 2.34
o 476100 2.34
o 475100 2.34
o 469107 19.51
o 467107 19.53
o 465108 19.54
o 465107 19.54
o 463107 19.54
o 462107 19.54
o 461108 21.71
spot5-1401.wcsp.log
o 523110 0
o 521110 0
o 519110 0
o 517110 0
o 515110 0
o 496099 0.01
o 494099 0.01
o 493102 0.03
o 491103 0.03
o 490098 0.04
o 488101 0.14
o 487101 0.18
o 487100 0.28
o 487099 0.28
o 485101 0.28
o 484103 0.31
o 483100 0.41
o 482100 0.41
o 480100 0.41
o 479100 5.4
o 478100 5.4
o 476101 5.4
o 474101 5.4
o 467107 22.45
o 465105 22.45
o 464109 22.93
o 464107 24.1
o 463109 24.89
o 462112 24.89
o 461112 24.89
o 460112 24.89
o 460111 24.89
spot5-1401.wcsp.log
o 516104 0.01
o 498097 0.01
o 496097 0.01
o 494097 0.01
o 494095 0.01
o 492097 0.01
o 490097 0.01
o 489097 0.01
o 484095 0.01
o 483100 0.01
o 481103 0.35
o 480100 2.48
o 478102 3.95
o 478100 11.98
o 477103 13.75
o 477100 17.17
o 475100 17.17
o 468109 35.53
o 468108 35.53
o 467108 35.53
o 465110 35.53
o 463110 35.98
o 463108 36.76
o 463101 36.99
o 461106 56.46
spot5-1401.wcsp.log
o 534102 0
o 532102 0
o 530102 0
o 530101 0
o 530099 0
o 503096 0.01
o 501096 0.01
o 500096 0.01
o 498096 0.01
o 496097 0.01
o 495097 0.01
o 491095 0.04
o 490095 0.08
o 488100 0.1
o 485099 0.13
o 482101 0.37
o 482095 1.64
o 480100 1.66
o 478100 1.66
o 470105 20.47
o 468110 20.51
o 466110 20.51
o 465108 20.53
o 464110 20.54
o 463110 20.54
o 462110 20.8
o 462109 20.8
o 462108 20.8
o 461109 108.28
spot5-1401.wcsp.log
o 528107 0
o 526107 0
o 524107 0
o 508093 0
o 505092 0
o 503093 0
o 502093 0
o 501093 0.01
o 497097 0.01
o 495098 0.01
o 493098 0.01
o 491098 0.01
o 489099 0.01
o 489098 0.02
o 485098 0.02
o 484100 0.05
o 483096 0.64
o 482108 1.4
o 482099 1.48
o 481106 4.96
o 481101 5.17
o 480102 12.86
o 480099 13.84
o 479099 17.58
o 478100 17.58
o 478097 33.78
o 469106 51.03
o 465108 51.03
o 464109 53.23
o 462109 69.7
o 461109 121.75
o 461108 245.9
o 461107 265.92
o 460107 265.92
spot5-1401.wcsp.log
o 538105 0.01
o 536105 0.01
o 534105 0.01
o 534103 0.01
o 534101 0.01
o 534100 0.01
o 532100 0.01
o 532099 0.01
o 530099 0.01
o 528099 0.01
o 526099 0.01
o 495097 0.01
o 494099 0.03
o 490101 0.03
o 488101 0.03
o 486101 0.03
o 486100 0.09
o 486099 0.09
o 481100 0.3
o 480097 6.08
o 479105 10.98
o 477105 10.98
o 477099 14.7
o 464109 34.77
o 463108 34.78
o 461109 59.49
spot5-1401.wcsp.log
o 522106 0
o 520106 0
o 518106 0
o 516106 0
o 515106 0
o 506094 0.01
o 505095 0.01
o 504095 0.01
o 504094 0.01
o 502094 0.01
o 501094 0.02
o 500096 0.02
o 498096 0.02
o 496097 0.02
o 494095 0.02
o 493100 0.02
o 492100 0.02
o 490102 0.02
o 489103 0.04
o 488097 0.11
o 487099 0.14
o 485099 0.14
o 483103 0.16
o 480103 1.81
o 479097 3.07
o 469109 22.82
o 468110 22.83
o 468109 22.83
o 466108 22.85
o 464110 22.85
o 464109 22.85
o 464106 25.68
o 462110 25.99
o 462109 27.5
o 462108 71.63
o 461108 140.37
spot5-1401.wcsp.log
o 520109 0.01
o 497098 0.01
o 496099 0.01
o 496098 0.01
o 495101 0.02
o 494101 0.02
o 492096 0.02
o 488099 0.05
o 487099 0.28
o 485102 0.69
o 484101 0.69
o 482102 0.75
o 479099 2.51
o 479098 2.51
o 479097 2.51
o 467109 24.27
o 465109 24.27
o 465108 24.59
o 464108 24.77
o 463108 25.58
o 461109 26.9
o 461108 48.63
spot5-1401.wcsp.log
o 520106 0
o 518106 0
o 516106 0
o 514106 0
o 512106 0
o 497094 0.01
o 495095 0.01
o 491097 0.01
o 490101 0.03
o 489101 0.03
o 489098 0.16
o 484101 0.25
o 482101 0.25
o 482098 1.49
o 482097 1.49
o 481101 5.02
o 480104 5.02
o 478104 5.02
o 478103 5.02
o 477102 17.3
o 476098 31.92
o 469109 51.5
o 467110 51.53
o 466111 51.53
o 463108 52.84
o 463107 73.51
o 462108 76.02
o 461108 145.81
o 460113 164.73
spot5-1401.wcsp.log
o 512109 0.01
o 512107 0.01
o 510107 0.01
o 509107 0.01
o 508107 0.01
o 507094 0.01
o 506094 0.01
o 505094 0.01
o 503094 0.01
o 502095 0.02
o 501096 0.02
o 501095 0.02
o 499095 0.02
o 498095 0.02
o 497095 0.02
o 494103 0.02
o 493103 0.02
o 493100 0.03
o 491100 0.06
o 490100 0.06
o 488099 0.06
o 486100 0.13
o 484100 0.13
o 482100 0.13
o 482099 0.4
o 481105 1.34
o 480105 1.85
o 480099 2.04
o 479099 2.04
o 477099 2.05
o 476099 2.05
o 468108 19.41
o 467107 19.5
o 466107 19.54
o 464109 19.7
o 463109 21.91
o 463107 41.02
o 462113 60.63
o 462111 61.51
o 461110 81.54
o 461109 98.52
o 460109 240.86
