staff-scheduling-instance8
o 12236 198.34
o 11955 220.04
o 11931 295.78
o 11022 295.83
staff-scheduling-instance8
o 12492 270.76
o 12392 270.76
o 10111 295.24
staff-scheduling-instance8
o 12547 181.53
staff-scheduling-instance8
staff-scheduling-instance8
o 11519 22.52
staff-scheduling-instance8
o 12413 47.61
o 11422 118.48
staff-scheduling-instance8
o 11750 248.44
o 11649 248.44
o 11648 248.44
staff-scheduling-instance8
staff-scheduling-instance8
o 12354 31.75
staff-scheduling-instance8
o 11862 3.24
o 11647 138.48
o 11646 138.48
