inconsistency-measurement-im-contension-C-1-grd_3018_3_7.tgf.pl
o 600 0.31
o 598 0.32
o 597 0.36
o 527 1.89
o 526 137.54
o 524 145.4
inconsistency-measurement-im-contension-C-1-grd_3018_3_7.tgf.pl
o 583 0.34
o 533 1.75
o 532 9.06
o 526 19.08
o 525 34.66
o 524 127.03
inconsistency-measurement-im-contension-C-1-grd_3018_3_7.tgf.pl
o 585 0.34
o 580 0.46
o 577 0.56
o 530 2.15
o 527 14.9
o 524 50.7
inconsistency-measurement-im-contension-C-1-grd_3018_3_7.tgf.pl
o 596 0.47
o 580 0.65
o 529 2.3
o 527 11.95
o 524 166.9
inconsistency-measurement-im-contension-C-1-grd_3018_3_7.tgf.pl
o 593 0.33
o 533 2.21
o 530 7.3
o 525 12.38
o 524 32.92
o 522 55.89
inconsistency-measurement-im-contension-C-1-grd_3018_3_7.tgf.pl
o 594 0.36
o 590 0.44
o 585 0.45
o 539 2.09
o 538 8.99
o 536 14.17
o 535 16.42
o 530 17.7
o 528 27.75
o 526 40.46
o 524 72.91
o 520 186.9
inconsistency-measurement-im-contension-C-1-grd_3018_3_7.tgf.pl
o 591 0.34
o 535 2.17
o 523 6.91
inconsistency-measurement-im-contension-C-1-grd_3018_3_7.tgf.pl
o 580 0.38
o 535 2.03
o 534 3.54
o 533 7.22
o 531 17.4
o 528 36.35
o 526 51.46
o 525 97.5
o 524 204.43
inconsistency-measurement-im-contension-C-1-grd_3018_3_7.tgf.pl
o 588 0.34
o 530 1.85
o 529 8.67
o 523 13.3
inconsistency-measurement-im-contension-C-1-grd_3018_3_7.tgf.pl
o 594 0.34
o 586 0.5
o 580 0.52
o 537 1.8
o 534 3.31
o 533 4.73
o 529 6.04
o 528 16.82
o 526 29.89
o 521 70.73
