inconsistency-measurement-im-hit-A-2-grd_1948_5_1.tgf.pl
o 377 0.07
o 376 0.08
o 374 0.2
o 373 0.2
o 372 5.02
o 369 10.66
o 356 37.75
inconsistency-measurement-im-hit-A-2-grd_1948_5_1.tgf.pl
o 373 0.07
o 369 5.48
o 354 11.71
inconsistency-measurement-im-hit-A-2-grd_1948_5_1.tgf.pl
o 374 0.12
o 372 0.16
o 371 6.45
o 360 26.44
o 359 91.89
o 357 136.56
o 356 147.4
inconsistency-measurement-im-hit-A-2-grd_1948_5_1.tgf.pl
o 372 0.09
o 358 4.9
o 356 29.96
inconsistency-measurement-im-hit-A-2-grd_1948_5_1.tgf.pl
o 373 0.08
o 372 0.1
o 351 23.2
inconsistency-measurement-im-hit-A-2-grd_1948_5_1.tgf.pl
o 373 0.08
o 370 5.61
o 360 144.11
o 355 159.19
inconsistency-measurement-im-hit-A-2-grd_1948_5_1.tgf.pl
o 374 0.09
o 372 0.11
o 370 25.53
o 358 48.13
o 355 53.15
o 352 292.46
inconsistency-measurement-im-hit-A-2-grd_1948_5_1.tgf.pl
o 371 0.09
o 369 20.82
o 359 38.49
o 356 63.32
o 355 158.24
inconsistency-measurement-im-hit-A-2-grd_1948_5_1.tgf.pl
o 372 0.07
o 358 11.2
o 354 115.18
inconsistency-measurement-im-hit-A-2-grd_1948_5_1.tgf.pl
o 374 0.07
o 369 0.09
o 356 5.92
o 355 127.51
