inconsistency-measurement-im-sum-B-3-stb_339_393.tgf.pl
o 91 0
o 89 0.54
o 88 4.89
o 80 12.87
o 79 162.13
o 76 205.47
inconsistency-measurement-im-sum-B-3-stb_339_393.tgf.pl
o 91 0
o 83 3.2
o 71 36.96
inconsistency-measurement-im-sum-B-3-stb_339_393.tgf.pl
o 91 0
o 87 3.64
o 86 7.61
o 84 9.09
o 82 13.05
o 77 68.73
inconsistency-measurement-im-sum-B-3-stb_339_393.tgf.pl
o 91 0.01
o 89 2.05
o 85 4.79
o 84 7.98
o 83 15.1
o 78 38.21
o 73 209.22
inconsistency-measurement-im-sum-B-3-stb_339_393.tgf.pl
o 91 0
o 90 0.55
o 80 5.23
o 77 29.47
o 76 37.26
inconsistency-measurement-im-sum-B-3-stb_339_393.tgf.pl
o 91 0
o 90 4.56
o 81 7.62
o 79 15.25
inconsistency-measurement-im-sum-B-3-stb_339_393.tgf.pl
o 91 0.01
o 90 1.86
o 84 5.01
o 83 36.76
o 82 112.97
o 81 169.68
inconsistency-measurement-im-sum-B-3-stb_339_393.tgf.pl
o 91 0.01
o 84 1.2
o 83 17.43
o 80 92.84
o 78 178.92
inconsistency-measurement-im-sum-B-3-stb_339_393.tgf.pl
o 91 0.01
o 88 2.62
o 85 13.91
o 83 15.56
o 77 38.39
inconsistency-measurement-im-sum-B-3-stb_339_393.tgf.pl
o 91 0.01
o 89 0.56
o 87 21.87
o 86 28.85
o 85 37.32
o 83 71.52
o 81 80.93
o 79 135.77
