judgment-aggregation-ja-maxham-preflib-00049-00000338
o 71 0.05
o 68 0.05
o 67 0.05
o 64 0.07
o 61 33.91
o 59 42.43
o 57 93.67
judgment-aggregation-ja-maxham-preflib-00049-00000338
o 65 0.04
o 60 7.1
o 59 66.09
o 56 162.32
judgment-aggregation-ja-maxham-preflib-00049-00000338
o 87 0.04
o 78 0.07
o 65 7.31
o 57 23.58
judgment-aggregation-ja-maxham-preflib-00049-00000338
o 67 0.05
o 59 1.9
o 58 34.71
o 57 228.44
judgment-aggregation-ja-maxham-preflib-00049-00000338
o 68 0.05
o 65 0.12
o 61 0.12
o 60 7.38
o 59 36.75
o 57 71.31
o 56 176.15
judgment-aggregation-ja-maxham-preflib-00049-00000338
o 62 0.05
o 61 0.05
o 59 16.35
o 55 34.91
judgment-aggregation-ja-maxham-preflib-00049-00000338
o 68 0.05
o 61 7.35
o 59 22.36
o 56 52.31
judgment-aggregation-ja-maxham-preflib-00049-00000338
o 69 0.05
o 67 0.09
o 63 0.26
o 62 8.03
o 58 25.94
o 57 227.76
judgment-aggregation-ja-maxham-preflib-00049-00000338
o 72 0.07
o 64 0.14
o 62 0.14
o 61 25.98
o 60 52.4
o 58 126.93
o 57 188.1
judgment-aggregation-ja-maxham-preflib-00049-00000338
o 68 0.05
o 62 0.06
o 57 17.51
