optimizing-BDDs-car-un-wcnf_incomplete_improved_1_2019_7
o 434 0.56
o 194 30.3
o 191 107.79
o 162 220.4
o 148 246.15
optimizing-BDDs-car-un-wcnf_incomplete_improved_1_2019_7
o 412 0.3
o 170 11.22
o 154 48.79
o 130 224.82
o 124 265.44
optimizing-BDDs-car-un-wcnf_incomplete_improved_1_2019_7
o 460 0.47
o 455 0.47
o 204 13.16
o 202 23.4
o 130 191.95
optimizing-BDDs-car-un-wcnf_incomplete_improved_1_2019_7
o 457 0.43
o 150 139.47
optimizing-BDDs-car-un-wcnf_incomplete_improved_1_2019_7
o 409 0.41
o 233 11.46
o 154 20.73
optimizing-BDDs-car-un-wcnf_incomplete_improved_1_2019_7
o 422 0.54
o 224 144.4
o 196 144.4
optimizing-BDDs-car-un-wcnf_incomplete_improved_1_2019_7
o 268 0.46
o 248 8.44
o 193 19.37
optimizing-BDDs-car-un-wcnf_incomplete_improved_1_2019_7
o 250 0.5
o 184 21.9
o 148 57.64
o 134 57.65
o 130 253.84
optimizing-BDDs-car-un-wcnf_incomplete_improved_1_2019_7
o 481 0.5
o 474 12.04
o 462 22.24
o 241 31.09
o 171 175.87
optimizing-BDDs-car-un-wcnf_incomplete_improved_1_2019_7
o 164 0.41
o 130 9.14
