optimizing-BDDs-vote-un-wcnf_incomplete_improved_1_2019_7
o 23 0.13
o 18 2.17
o 17 4.46
o 16 4.46
o 14 18.58
o 12 60.44
o 8 163.74
optimizing-BDDs-vote-un-wcnf_incomplete_improved_1_2019_7
o 26 0.16
o 24 0.16
o 15 2.56
o 13 21.97
o 9 27.27
o 8 91.48
optimizing-BDDs-vote-un-wcnf_incomplete_improved_1_2019_7
o 24 0.17
o 16 2.16
o 15 4.28
o 12 32.64
o 10 157.08
optimizing-BDDs-vote-un-wcnf_incomplete_improved_1_2019_7
o 72 0.19
o 17 2.55
o 13 10.23
o 12 17.54
o 11 50.38
o 9 109.5
optimizing-BDDs-vote-un-wcnf_incomplete_improved_1_2019_7
o 69 0.18
o 17 1.83
o 16 1.83
o 13 6.61
o 12 18.51
o 11 34.44
o 9 88.19
optimizing-BDDs-vote-un-wcnf_incomplete_improved_1_2019_7
o 68 0.11
o 14 1.95
o 11 11.11
o 9 26.6
o 8 26.6
optimizing-BDDs-vote-un-wcnf_incomplete_improved_1_2019_7
o 27 0.13
o 12 1.82
o 11 14.58
optimizing-BDDs-vote-un-wcnf_incomplete_improved_1_2019_7
o 57 0.24
o 17 2.24
o 16 6.78
o 14 12.11
o 12 17.51
o 9 38.85
optimizing-BDDs-vote-un-wcnf_incomplete_improved_1_2019_7
o 58 0.17
o 18 2.38
o 13 8.76
o 7 46.04
optimizing-BDDs-vote-un-wcnf_incomplete_improved_1_2019_7
o 22 0.17
o 17 2.48
o 16 4.26
o 15 9.4
o 14 18.19
o 13 69.64
o 9 89.92
o 8 224.51
