scheduling-cnf_10
o 221 0.85
o 192 16.55
o 156 24.87
o 143 69.56
scheduling-cnf_10
o 283 1.08
o 180 8.67
o 159 15.94
o 154 29.22
scheduling-cnf_10
o 312 1.48
o 217 8.17
o 176 15.39
o 148 22.04
scheduling-cnf_10
o 256 1.18
o 169 7.26
o 154 174.83
scheduling-cnf_10
o 282 0.91
o 174 6.94
o 172 28.04
o 158 105.76
o 142 129.98
scheduling-cnf_10
o 263 1.06
o 170 7.68
o 151 22.22
o 140 167.64
scheduling-cnf_10
o 241 0.88
o 170 16.99
o 169 32.78
o 166 41.47
o 152 49.01
o 135 275.18
scheduling-cnf_10
o 286 1.04
o 192 8.31
o 161 16.33
o 148 85.19
scheduling-cnf_10
o 296 1.01
o 227 8.8
o 193 17.04
o 184 32.59
o 153 61.19
scheduling-cnf_10
o 302 0.98
o 178 6.37
o 152 50.12
