scheduling-cnf_12
o 253 1.17
o 163 8.01
o 142 36.7
scheduling-cnf_12
o 234 0.97
o 167 6.49
o 129 20.56
scheduling-cnf_12
o 237 0.87
o 202 6.54
o 166 13.62
o 133 27.09
scheduling-cnf_12
o 273 0.9
o 153 5.73
o 128 79.81
scheduling-cnf_12
o 300 0.85
o 162 5.85
o 161 19.06
o 145 60.44
o 128 156.17
scheduling-cnf_12
o 274 1.34
o 141 6.68
o 136 159.59
scheduling-cnf_12
o 272 0.99
o 158 6.97
o 139 102.37
scheduling-cnf_12
o 270 1.1
o 200 8.57
o 199 16.3
o 139 31.01
scheduling-cnf_12
o 236 1.35
o 153 10.48
o 137 34.16
scheduling-cnf_12
o 313 0.97
o 160 6.41
o 143 66.13
o 130 176.32
