setcover-sts-data.405
o 357 0.01
o 347 0.02
o 345 0.05
o 344 0.09
o 342 3.79
setcover-sts-data.405
o 357 0.01
o 347 0.06
o 346 0.19
o 345 0.2
o 344 0.34
o 343 0.73
setcover-sts-data.405
o 357 0
o 345 0.02
o 344 0.08
o 343 0.18
setcover-sts-data.405
o 357 0.01
o 349 0.02
o 345 0.02
o 343 3.11
setcover-sts-data.405
o 357 0.01
o 347 0.02
o 344 0.11
o 343 3.72
setcover-sts-data.405
o 357 0
o 346 0.09
o 345 0.13
o 344 0.33
o 343 3.95
setcover-sts-data.405
o 357 0.01
o 345 0.04
o 344 0.04
o 341 3.8
setcover-sts-data.405
o 357 0.01
o 345 0.04
o 344 0.05
setcover-sts-data.405
o 357 0.01
o 345 0.06
o 344 1.93
o 343 11.62
setcover-sts-data.405
o 357 0.01
o 345 0.02
o 344 0.19
o 343 0.36
