causal-discovery-causal_carpo_8_1000
o 4937192 0.240000
4937192	0.240000
causal-discovery-causal_carpo_8_1000
o 3624318 0.240000
3624318	0.240000
causal-discovery-causal_carpo_8_1000
o 2244087 0.250000
2244087	0.250000
causal-discovery-causal_carpo_8_1000
o 4418752 0.280000
4418752	0.280000
causal-discovery-causal_carpo_8_1000
o 5731626 0.250000
5731626	0.250000
causal-discovery-causal_carpo_8_1000
o 947128 0.280000
947128	0.280000
causal-discovery-causal_carpo_8_1000
o 5731626 0.260000
5731626	0.260000
causal-discovery-causal_carpo_8_1000
o 4418752 0.260000
4418752	0.260000
causal-discovery-causal_carpo_8_1000
o 2244087 0.270000
2244087	0.270000
causal-discovery-causal_carpo_8_1000
o 4418752 0.260000
4418752	0.260000
