causal-discovery-causal_Link_10_1000
o 154915005 54.250000
154915005	54.250000
causal-discovery-causal_Link_10_1000
o 154915005 24.000000
154915005	24.000000
causal-discovery-causal_Link_10_1000
o 36308697 2.570000
36308697	2.570000
causal-discovery-causal_Link_10_1000
o 33562494 2.970000
33562494	2.970000
causal-discovery-causal_Link_10_1000
o 154915005 13.060000
154915005	13.060000
causal-discovery-causal_Link_10_1000
o 36308697 3.020000
36308697	3.020000
causal-discovery-causal_Link_10_1000
o 33562494 2.890000
33562494	2.890000
causal-discovery-causal_Link_10_1000
o 154915005 28.240000
154915005	28.240000
causal-discovery-causal_Link_10_1000
o 154915005 57.230000
154915005	57.230000
causal-discovery-causal_Link_10_1000
o 154915005 11.820000
154915005	11.820000
