ParametricRBACMaintenance_mse20-role_university_multiple_0.5_5
o 388658 3.840000
o 184428 76.790000
o 184390 77.880000
o 184388 77.880000
o 184358 77.910000
o 184342 78.350000
184342	78.350000
ParametricRBACMaintenance_mse20-role_university_multiple_0.5_5
o 383810 2.670000
o 189746 58.350000
o 189728 58.370000
o 188922 63.580000
o 188862 71.980000
o 188860 72.110000
o 188856 72.120000
o 188854 72.120000
o 188852 72.120000
o 188850 72.120000
o 188848 72.120000
o 188846 72.120000
o 188810 72.160000
o 183496 273.010000
o 183494 273.020000
o 183270 273.030000
o 183240 273.110000
o 183234 273.190000
o 182646 276.180000
182646	276.180000
ParametricRBACMaintenance_mse20-role_university_multiple_0.5_5
o 383722 2.730000
o 189090 54.730000
o 188870 56.950000
o 188862 56.950000
o 188860 56.950000
o 188848 58.090000
o 188838 58.100000
o 188820 58.140000
o 188818 58.140000
o 188762 58.160000
o 188760 58.170000
o 188756 58.170000
o 188754 58.170000
o 188752 58.170000
o 188742 58.240000
o 188718 58.300000
o 188710 58.300000
o 188708 58.300000
o 188706 58.310000
o 188684 58.350000
o 188460 58.350000
o 188458 59.730000
o 188452 60.020000
o 188450 60.020000
o 188448 84.480000
o 188446 84.480000
o 188444 84.480000
188444	84.480000
ParametricRBACMaintenance_mse20-role_university_multiple_0.5_5
o 356676 3.570000
o 201876 69.770000
o 195410 71.800000
o 195256 76.870000
o 195212 76.880000
o 195192 77.560000
o 195158 80.760000
o 189060 114.910000
o 189058 114.910000
o 189050 114.920000
o 188998 114.940000
o 188994 114.950000
o 188992 114.950000
o 188566 115.020000
o 188556 115.040000
o 188552 115.090000
o 188550 115.090000
o 188548 115.090000
o 188546 115.110000
o 188544 115.140000
o 188512 134.290000
o 188496 134.290000
o 188220 187.950000
o 188208 187.960000
o 188198 187.960000
o 188196 187.960000
o 188190 187.970000
o 188168 187.980000
o 188166 188.000000
o 188154 188.000000
o 188152 188.000000
o 188150 188.000000
o 188148 188.000000
o 188146 188.040000
o 188056 237.590000
o 188018 237.680000
o 188006 237.680000
o 187994 237.680000
o 187992 260.560000
o 187990 260.560000
o 187986 260.570000
o 187978 260.580000
o 187976 260.580000
o 187972 260.660000
o 187962 260.660000
o 187930 260.730000
o 187928 261.170000
187928	261.170000
ParametricRBACMaintenance_mse20-role_university_multiple_0.5_5
o 427852 2.820000
o 199814 66.470000
o 193364 68.200000
o 187056 73.050000
o 187016 73.090000
o 186982 106.460000
o 186976 106.490000
o 186974 106.490000
o 186966 106.500000
o 186956 106.500000
o 186946 106.580000
o 186940 106.590000
o 186938 106.600000
o 186936 106.610000
o 186934 106.610000
o 186928 106.680000
o 186926 106.710000
o 186924 131.060000
o 186922 131.060000
o 186920 131.060000
o 186918 131.120000
o 186916 131.130000
o 186904 131.160000
o 186890 131.170000
o 186490 131.670000
o 186488 131.670000
o 186486 132.070000
o 186484 132.070000
o 186482 132.070000
o 186470 132.070000
o 186468 132.070000
o 186466 132.130000
o 186464 132.130000
o 186462 132.130000
o 186460 132.130000
o 186448 132.190000
o 186442 132.200000
o 186436 132.200000
o 186432 140.100000
o 186422 140.140000
o 186420 140.140000
o 186418 140.140000
o 186408 140.200000
o 186374 140.230000
o 186372 140.230000
o 186370 140.230000
o 186368 140.250000
o 186366 140.250000
o 186362 140.250000
o 186360 140.250000
o 186358 140.250000
o 186356 140.250000
o 186348 140.280000
o 186340 140.310000
o 186338 140.310000
o 186334 140.320000
o 186330 140.340000
o 186328 150.290000
o 186326 150.290000
o 186324 150.290000
o 186322 150.290000
o 186320 150.290000
o 186296 174.760000
o 186288 174.770000
o 186284 174.770000
186284	174.770000
ParametricRBACMaintenance_mse20-role_university_multiple_0.5_5
o 371594 8.190000
o 195834 119.250000
o 195228 122.290000
o 195192 122.290000
o 189586 128.300000
o 189582 128.300000
o 189576 128.300000
o 189564 128.310000
o 189562 128.310000
o 189538 128.370000
o 189534 128.370000
o 189524 128.370000
o 189522 128.370000
o 189498 128.390000
o 189486 128.390000
o 189484 128.390000
o 189482 128.390000
o 189474 128.520000
o 189472 128.520000
o 189422 128.650000
o 189416 128.660000
o 189414 128.660000
o 189412 128.690000
o 189308 128.740000
o 189306 128.740000
o 189294 128.740000
o 189292 128.760000
o 189290 128.760000
o 189288 128.770000
o 189282 128.780000
o 189262 128.800000
o 189246 128.840000
o 189244 128.840000
o 189232 128.840000
o 189226 128.940000
o 189222 128.960000
o 189200 128.970000
o 189198 129.020000
o 189188 129.020000
o 189170 129.030000
o 189168 129.030000
o 189156 129.030000
o 189108 129.160000
o 189106 129.170000
o 189104 129.180000
o 189102 129.180000
o 189100 129.180000
o 189088 130.420000
o 189078 130.440000
o 189054 130.450000
o 189052 130.470000
o 189024 162.200000
o 188834 188.550000
o 188832 188.560000
o 188788 232.100000
o 188784 232.120000
o 188782 232.150000
o 188780 232.150000
o 188778 232.150000
o 188744 298.690000
188744	298.690000
ParametricRBACMaintenance_mse20-role_university_multiple_0.5_5
o 395652 5.270000
o 196812 85.480000
o 196654 85.680000
o 196636 85.830000
o 195824 86.810000
o 195810 93.830000
o 188934 94.420000
o 188926 130.330000
o 188924 130.340000
o 188918 130.340000
o 188902 130.350000
o 188896 130.360000
o 188894 130.360000
o 188892 130.360000
o 188890 130.360000
o 188856 130.380000
o 188854 130.380000
o 188852 130.390000
o 188850 130.390000
o 188848 130.400000
o 188846 130.400000
o 188844 130.420000
o 188842 130.430000
o 188840 130.430000
o 188838 130.440000
o 188822 130.480000
o 188820 130.500000
o 188810 130.500000
o 188764 130.630000
o 188688 130.950000
o 188676 130.980000
o 188650 131.060000
o 188646 131.090000
o 188634 131.090000
o 188606 131.170000
o 188598 131.180000
o 188596 131.180000
o 188594 131.180000
o 188586 131.200000
o 188584 131.210000
o 188580 131.210000
o 188578 131.210000
o 188568 131.260000
o 188448 132.440000
o 188446 132.440000
o 188442 132.450000
o 188440 132.450000
o 188384 132.470000
o 188382 132.470000
o 188380 132.470000
o 188378 132.470000
o 188376 132.470000
o 188374 132.470000
o 188372 132.480000
o 188332 132.500000
o 188330 132.500000
o 188328 132.520000
o 188326 132.520000
o 188212 132.910000
o 188202 132.920000
o 188200 132.920000
o 188198 132.930000
o 187156 282.190000
o 187132 282.200000
o 187126 283.500000
o 187118 283.510000
o 186816 283.640000
o 186806 283.640000
o 186784 283.660000
186784	283.660000
ParametricRBACMaintenance_mse20-role_university_multiple_0.5_5
o 363630 3.200000
o 189296 64.870000
o 189294 64.870000
o 189292 64.870000
o 189290 64.870000
o 189288 64.880000
o 189228 66.890000
o 189224 67.100000
o 189110 112.930000
o 189108 112.930000
o 189104 112.940000
o 189088 127.820000
o 188894 128.830000
o 188892 128.840000
o 188890 128.840000
o 188888 128.840000
o 188886 128.890000
o 188884 128.890000
o 188882 128.890000
o 188880 128.890000
o 188878 128.890000
o 188876 128.890000
o 188862 129.520000
o 188852 129.530000
o 188850 129.540000
o 188848 129.660000
o 188514 143.830000
o 188512 143.850000
o 188508 144.140000
o 188506 170.680000
o 188504 170.680000
o 188502 170.680000
o 188500 170.680000
o 188498 170.680000
o 188496 170.680000
o 188494 170.690000
o 188492 170.710000
o 188488 170.720000
o 188484 170.730000
o 188482 170.740000
o 188480 170.740000
o 188468 170.770000
o 188466 170.770000
o 188336 198.830000
o 188334 198.850000
o 188332 198.850000
o 188330 198.850000
o 188328 198.850000
o 188326 198.850000
o 188324 198.850000
o 188312 198.850000
o 188310 198.850000
o 188308 198.860000
o 188306 198.860000
o 188304 198.860000
o 188302 198.890000
o 188300 198.890000
o 188298 198.890000
o 188296 198.890000
o 188294 198.890000
o 188292 198.890000
o 188286 198.990000
o 188284 198.990000
188284	198.990000
ParametricRBACMaintenance_mse20-role_university_multiple_0.5_5
o 362328 17.480000
o 189100 75.090000
o 189094 75.160000
o 189018 75.240000
o 188916 75.760000
o 188910 75.870000
o 188870 75.980000
o 188866 76.790000
o 188862 76.790000
o 188860 76.790000
o 188850 76.790000
o 188694 77.320000
o 188234 77.640000
o 188220 77.680000
o 188192 77.730000
188192	77.730000
ParametricRBACMaintenance_mse20-role_university_multiple_0.5_5
o 370506 3.040000
o 189928 52.200000
o 189926 52.210000
o 189798 53.020000
o 189790 53.720000
o 189786 53.900000
o 189780 54.050000
o 189202 54.890000
o 189174 54.940000
o 189172 54.940000
o 189170 54.950000
o 189158 54.960000
o 189150 54.960000
o 189084 55.480000
o 188594 149.900000
o 188582 149.900000
o 188516 150.010000
o 188514 150.010000
o 188504 150.010000
o 188494 150.010000
o 188492 150.010000
188492	150.010000
