staff-scheduling-instance9
o 11241 1.550000
o 3489 4.490000
o 3382 4.500000
o 3281 4.500000
o 3251 7.350000
o 3248 7.360000
o 3247 7.370000
o 3242 7.450000
o 3241 7.450000
o 3238 7.460000
o 3235 7.480000
o 3137 7.480000
o 3134 7.490000
o 3036 7.500000
o 3035 7.520000
o 2934 7.530000
o 2932 7.530000
o 2831 7.530000
o 2731 7.570000
o 2641 7.610000
o 2640 7.620000
o 2639 7.640000
o 2630 19.350000
o 2530 19.350000
o 2429 19.350000
o 2342 24.600000
o 2326 24.670000
o 2242 295.210000
2242	295.210000
staff-scheduling-instance9
o 10551 1.780000
o 2875 5.050000
o 2776 5.060000
o 2751 10.970000
o 2750 10.980000
o 2741 11.020000
o 2740 11.020000
o 2738 11.020000
o 2638 11.030000
o 2636 11.500000
o 2635 11.500000
o 2535 11.510000
o 2532 11.550000
o 2531 11.550000
o 2530 11.580000
o 2527 11.580000
o 2427 11.590000
o 2331 11.610000
o 2330 11.620000
o 2329 11.620000
o 2328 11.620000
o 2232 11.640000
o 2229 11.650000
o 2226 15.460000
o 2142 22.300000
o 2138 22.310000
o 2135 22.310000
o 2129 22.320000
o 2128 22.330000
o 2116 67.060000
o 2016 67.060000
2016	67.060000
staff-scheduling-instance9
o 10933 1.960000
o 3388 4.870000
o 3325 7.080000
o 3322 7.110000
o 3222 7.130000
o 3221 7.140000
o 3220 7.140000
o 3219 7.150000
o 3218 7.150000
o 3211 7.640000
o 3210 7.640000
o 3207 7.640000
o 3107 7.670000
o 3105 7.670000
o 3014 7.810000
o 3013 7.810000
o 3012 7.850000
o 2915 7.870000
o 2838 9.830000
o 2836 9.840000
o 2744 12.290000
o 2741 12.290000
o 2738 12.320000
o 2736 12.620000
o 2734 25.990000
o 2732 25.990000
o 2638 26.000000
o 2636 27.720000
o 2633 27.740000
o 2631 27.790000
o 2539 31.900000
o 2537 31.900000
o 2515 33.250000
o 2512 33.300000
o 2511 33.310000
o 2510 33.310000
o 2442 38.820000
o 2343 38.860000
o 2335 171.910000
o 2333 171.910000
o 2315 221.800000
o 2306 221.970000
2306	221.970000
staff-scheduling-instance9
o 11354 2.230000
o 3070 6.700000
o 3045 10.780000
o 3042 10.790000
o 3039 10.790000
o 2941 10.960000
o 2936 32.100000
o 2837 32.740000
o 2736 32.740000
o 2735 32.740000
o 2733 38.860000
o 2730 38.870000
o 2727 38.870000
o 2726 38.930000
o 2642 39.820000
o 2636 40.480000
o 2624 40.950000
o 2523 40.960000
o 2522 40.980000
o 2519 40.980000
o 2517 45.800000
o 2512 45.810000
o 2414 45.810000
o 2413 45.820000
o 2312 45.820000
o 2311 45.850000
2311	45.850000
staff-scheduling-instance9
o 10616 1.560000
o 2581 4.950000
o 2543 8.180000
o 2542 8.180000
o 2540 30.390000
o 2537 30.430000
o 2535 30.440000
o 2435 30.440000
o 2421 78.820000
o 2420 82.630000
o 2328 83.740000
o 2326 83.780000
o 2325 83.780000
o 2324 83.780000
o 2322 83.790000
o 2223 97.750000
2223	97.750000
staff-scheduling-instance9
o 11769 3.170000
o 2268 7.980000
o 2265 7.980000
o 2247 266.880000
o 2228 282.220000
o 2224 282.220000
2224	282.220000
staff-scheduling-instance9
o 10814 1.340000
o 3972 4.130000
o 3871 4.130000
o 3853 4.230000
o 3753 4.230000
o 3750 4.260000
o 3745 4.620000
o 3744 4.630000
o 3737 4.640000
o 3639 4.640000
o 3637 4.650000
o 3636 4.660000
o 3633 4.690000
o 3543 5.010000
o 3448 5.010000
o 3347 5.010000
o 3344 5.010000
o 3343 5.140000
o 3342 5.140000
o 3339 5.140000
o 3336 5.150000
o 3333 5.150000
o 3240 5.260000
o 3239 5.260000
o 3233 5.820000
o 3135 5.830000
o 3131 5.840000
o 3033 5.850000
o 3032 5.850000
o 3031 5.850000
o 3028 5.860000
o 3025 5.860000
o 2948 7.140000
o 2945 7.150000
o 2943 7.150000
o 2942 7.150000
o 2941 7.150000
o 2838 7.180000
o 2745 7.200000
o 2743 7.200000
o 2741 7.220000
o 2730 11.910000
o 2630 11.950000
o 2628 11.970000
o 2528 11.970000
o 2527 11.970000
o 2444 12.130000
o 2344 12.140000
o 2343 12.170000
o 2342 12.180000
o 2341 12.180000
o 2340 12.180000
o 2244 12.210000
o 2235 12.320000
o 2232 12.320000
o 2211 166.050000
o 2208 166.050000
o 2205 166.050000
o 2109 166.080000
o 2108 166.090000
2108	166.090000
staff-scheduling-instance9
o 10229 2.590000
o 3464 8.020000
o 3455 11.030000
o 3452 11.030000
o 3353 11.050000
o 3351 11.050000
o 3350 11.050000
o 3349 11.080000
o 3348 11.090000
o 3342 11.860000
o 3243 11.890000
o 3240 11.900000
o 3139 11.900000
o 3138 11.900000
o 3137 11.900000
o 3037 11.910000
o 3036 11.920000
o 3035 11.930000
o 3032 11.930000
o 3030 11.930000
o 2929 11.930000
o 2928 14.450000
o 2926 14.470000
o 2827 14.480000
o 2726 14.490000
o 2725 14.490000
o 2650 19.240000
o 2573 19.320000
o 2571 19.320000
o 2539 60.240000
o 2436 60.260000
o 2435 60.260000
o 2431 82.080000
o 2430 82.130000
o 2422 83.740000
o 2421 83.920000
o 2068 92.570000
2068	92.570000
staff-scheduling-instance9
o 11127 1.960000
o 3357 5.430000
o 3355 5.450000
o 3354 5.450000
o 3253 5.460000
o 3251 5.500000
o 3248 5.500000
o 3245 5.500000
o 3244 5.500000
o 3243 5.520000
o 3143 5.530000
o 3058 5.590000
o 3057 5.590000
o 3054 5.590000
o 3051 5.590000
o 2946 5.590000
o 2921 5.880000
o 2864 23.890000
o 2841 25.780000
o 2838 25.780000
o 2737 25.780000
o 2638 25.790000
o 2542 26.280000
o 2518 44.020000
o 2516 44.020000
o 2455 49.660000
o 2453 49.660000
o 2355 49.690000
o 2255 49.690000
o 2154 49.700000
o 2152 49.710000
o 2151 49.710000
o 2149 49.720000
o 2148 49.720000
o 2147 49.740000
o 2146 49.750000
o 2145 49.750000
o 2144 49.760000
2144	49.760000
staff-scheduling-instance9
o 9412 1.430000
o 3479 4.120000
o 3380 4.130000
o 3346 5.860000
o 3343 5.870000
o 3342 5.880000
o 3341 5.940000
o 3250 7.560000
o 3247 7.580000
o 3151 8.290000
o 3050 8.290000
o 3049 8.290000
o 3037 8.470000
o 3036 8.470000
o 3022 9.950000
o 2934 10.140000
o 2836 10.210000
o 2738 10.210000
o 2735 10.210000
o 2633 10.210000
o 2549 35.260000
o 2451 35.280000
o 2429 41.480000
o 2421 46.500000
o 2420 46.500000
o 2405 49.160000
o 2324 122.870000
o 2224 122.880000
2224	122.880000
