timetabling-comp09
o 1175 0.640000
o 746 0.770000
o 741 0.770000
o 736 0.770000
o 731 0.770000
o 726 0.770000
o 721 0.770000
o 717 0.780000
o 714 0.780000
o 709 0.780000
o 706 0.780000
o 701 0.780000
o 700 0.790000
o 694 0.790000
o 689 0.790000
o 688 0.810000
o 687 0.820000
o 682 0.820000
o 677 0.820000
o 676 0.820000
o 671 0.820000
o 661 0.820000
o 657 0.880000
o 656 0.880000
o 652 0.880000
o 647 0.940000
o 643 0.940000
o 635 0.990000
o 631 0.990000
o 626 0.990000
o 621 0.990000
o 616 0.990000
o 610 0.990000
o 608 1.000000
o 600 1.000000
o 597 1.000000
o 592 1.000000
o 588 1.020000
o 586 1.020000
o 580 1.020000
o 579 1.020000
o 569 1.020000
o 565 1.020000
o 561 1.040000
o 556 1.090000
o 554 1.090000
o 552 1.270000
o 542 1.270000
o 527 1.270000
o 522 1.270000
o 520 1.270000
o 518 1.270000
o 513 2.400000
o 512 2.400000
o 511 2.410000
o 506 2.410000
o 502 2.410000
o 501 6.160000
o 498 6.170000
o 493 6.170000
o 491 6.170000
o 488 6.180000
o 480 6.180000
o 475 6.180000
o 470 6.220000
o 464 6.220000
o 462 6.230000
o 459 7.150000
o 454 7.150000
o 452 7.160000
o 448 7.160000
o 444 7.160000
o 442 7.170000
o 439 7.850000
o 434 7.850000
o 432 7.850000
o 430 7.850000
o 428 7.850000
o 427 7.860000
o 425 7.860000
o 423 8.200000
o 418 8.200000
o 414 8.200000
o 412 8.300000
o 404 8.300000
o 402 8.300000
o 398 8.300000
o 396 8.300000
o 392 8.320000
o 387 8.320000
o 386 8.330000
o 384 8.330000
o 381 20.050000
o 379 20.050000
o 375 20.050000
o 371 20.050000
o 369 20.080000
o 367 20.080000
o 362 20.080000
o 357 20.100000
o 356 20.100000
o 351 20.120000
o 349 20.120000
o 348 20.190000
o 336 20.200000
o 330 20.200000
o 328 20.210000
o 326 20.290000
o 322 20.290000
o 317 20.290000
o 313 20.290000
o 311 48.660000
o 310 48.680000
o 308 48.690000
o 303 48.690000
o 301 48.770000
o 295 48.770000
o 294 48.770000
o 292 48.770000
o 287 48.770000
o 282 48.770000
o 281 48.780000
o 279 48.800000
o 275 48.800000
o 272 48.860000
o 271 48.870000
o 269 48.870000
o 264 48.870000
o 263 49.050000
o 261 49.060000
o 257 49.060000
257	49.060000
timetabling-comp09
o 1198 0.670000
o 796 0.820000
o 791 0.820000
o 786 0.830000
o 781 0.830000
o 776 0.830000
o 771 0.830000
o 766 0.830000
o 761 0.830000
o 756 0.830000
o 751 0.830000
o 746 0.830000
o 741 0.830000
o 736 0.830000
o 731 0.830000
o 726 0.830000
o 721 0.830000
o 716 0.830000
o 711 0.830000
o 706 0.830000
o 701 0.830000
o 696 0.830000
o 693 0.830000
o 688 0.830000
o 683 0.830000
o 678 0.830000
o 677 0.850000
o 672 0.860000
o 670 0.860000
o 664 0.860000
o 662 0.860000
o 657 0.860000
o 652 0.870000
o 647 0.870000
o 642 0.870000
o 640 0.880000
o 638 0.880000
o 634 0.880000
o 627 0.890000
o 622 0.890000
o 605 0.890000
o 601 0.890000
o 599 0.890000
o 595 0.900000
o 589 0.900000
o 582 0.900000
o 577 0.900000
o 575 0.900000
o 573 0.900000
o 572 0.900000
o 568 0.900000
o 565 0.910000
o 561 0.910000
o 559 1.330000
o 558 1.360000
o 556 1.370000
o 551 1.370000
o 549 1.370000
o 545 1.370000
o 541 1.370000
o 540 1.390000
o 531 1.400000
o 526 2.320000
o 522 2.320000
o 521 2.520000
o 520 2.520000
o 515 2.520000
o 511 2.520000
o 510 2.530000
o 508 2.530000
o 504 2.530000
o 502 4.430000
o 500 4.490000
o 499 4.570000
o 494 4.570000
o 493 4.580000
o 481 4.580000
o 473 4.580000
o 469 4.590000
o 465 4.590000
o 459 4.590000
o 455 4.590000
o 454 4.590000
o 453 4.690000
o 451 4.690000
o 447 4.730000
o 439 4.730000
o 436 4.730000
o 435 7.720000
o 431 7.720000
o 429 7.760000
o 425 7.760000
o 422 7.770000
o 418 16.420000
o 415 17.120000
o 409 17.120000
o 406 17.170000
o 405 17.190000
o 402 17.190000
o 401 17.220000
o 400 17.260000
o 397 17.290000
o 396 17.340000
o 394 17.340000
o 390 17.340000
o 384 17.350000
o 380 17.350000
o 375 17.360000
o 373 17.360000
o 368 17.360000
o 365 17.370000
o 360 17.370000
o 358 17.370000
o 354 17.530000
o 349 17.530000
o 348 17.530000
o 344 17.530000
o 341 17.530000
o 335 17.620000
o 334 53.630000
o 330 53.630000
o 325 53.800000
o 321 53.800000
o 313 53.830000
o 311 53.840000
o 309 53.840000
o 307 53.900000
o 304 61.000000
o 302 61.000000
o 301 61.040000
o 299 61.040000
o 297 61.480000
o 293 61.480000
o 292 62.030000
o 287 62.030000
o 281 62.040000
o 280 62.070000
o 278 62.070000
o 277 62.110000
o 275 62.110000
o 273 62.110000
o 265 62.110000
o 264 62.240000
264	62.240000
timetabling-comp09
o 1132 0.660000
o 868 0.820000
o 863 0.820000
o 858 0.820000
o 853 0.820000
o 848 0.820000
o 843 0.820000
o 839 0.850000
o 834 0.850000
o 833 0.850000
o 828 0.850000
o 823 0.850000
o 818 0.850000
o 814 0.850000
o 809 0.850000
o 803 0.850000
o 801 0.850000
o 796 0.850000
o 791 0.850000
o 787 0.850000
o 786 0.850000
o 780 0.850000
o 777 0.860000
o 771 0.860000
o 765 0.860000
o 760 0.860000
o 759 0.860000
o 754 0.860000
o 749 0.860000
o 731 0.860000
o 729 0.860000
o 724 0.870000
o 723 0.870000
o 719 0.870000
o 717 0.870000
o 715 0.870000
o 710 0.870000
o 706 0.880000
o 698 0.880000
o 693 0.880000
o 688 0.880000
o 683 0.880000
o 677 0.880000
o 672 0.890000
o 669 0.890000
o 664 0.890000
o 663 0.890000
o 658 0.890000
o 653 0.890000
o 644 0.890000
o 639 0.890000
o 637 0.940000
o 636 0.940000
o 628 0.950000
o 623 0.950000
o 603 0.950000
o 600 0.950000
o 598 0.950000
o 593 0.950000
o 588 0.950000
o 587 0.950000
o 581 0.950000
o 579 0.950000
o 576 0.960000
o 570 0.960000
o 569 1.360000
o 566 1.390000
o 561 1.390000
o 560 1.720000
o 548 1.720000
o 545 1.720000
o 543 1.730000
o 542 1.730000
o 538 1.730000
o 530 1.730000
o 528 1.730000
o 527 1.800000
o 521 1.800000
o 517 1.810000
o 515 1.850000
o 510 1.850000
o 503 1.850000
o 501 1.850000
o 497 1.860000
o 493 1.860000
o 492 1.860000
o 487 1.870000
o 485 1.870000
o 482 1.870000
o 480 5.370000
o 478 5.370000
o 474 5.370000
o 469 5.370000
o 465 5.380000
o 463 5.380000
o 462 5.380000
o 457 5.380000
o 456 5.400000
o 455 5.830000
o 453 5.830000
o 448 5.830000
o 444 5.830000
o 443 5.830000
o 441 5.830000
o 437 5.830000
o 436 5.830000
o 435 5.840000
o 429 5.840000
o 425 5.850000
o 423 5.850000
o 421 5.860000
o 417 5.860000
o 415 5.860000
o 411 5.860000
o 407 15.890000
o 405 15.950000
o 403 15.950000
o 401 15.950000
o 400 33.860000
o 396 33.860000
o 395 34.020000
o 391 35.020000
o 389 35.160000
o 384 35.160000
o 380 35.170000
o 378 35.170000
o 373 35.170000
o 362 35.170000
o 360 50.670000
o 355 50.720000
o 345 50.730000
o 341 50.970000
o 335 50.970000
o 333 50.980000
o 331 50.980000
o 330 51.000000
o 329 51.010000
o 327 51.030000
o 325 51.300000
o 324 51.310000
o 320 51.320000
o 319 60.880000
o 315 60.880000
o 311 60.890000
o 307 61.020000
o 306 61.020000
o 301 61.020000
o 300 92.600000
o 298 104.200000
o 296 104.210000
o 288 104.230000
o 286 104.230000
o 282 104.240000
o 279 104.250000
o 278 105.880000
o 276 113.360000
o 275 113.370000
o 271 113.370000
o 270 113.390000
o 267 113.390000
o 265 113.390000
o 263 113.400000
263	113.400000
timetabling-comp09
o 1250 0.870000
o 758 1.050000
o 753 1.050000
o 748 1.050000
o 745 1.050000
o 740 1.050000
o 738 1.050000
o 737 1.050000
o 732 1.050000
o 727 1.060000
o 717 1.060000
o 712 1.080000
o 707 1.080000
o 702 1.080000
o 700 1.090000
o 697 1.090000
o 692 1.090000
o 687 1.090000
o 685 1.180000
o 679 1.180000
o 676 1.500000
o 670 1.500000
o 666 1.500000
o 660 1.500000
o 655 1.500000
o 654 1.500000
o 650 1.500000
o 642 1.520000
o 640 1.520000
o 629 1.530000
o 619 1.530000
o 615 1.530000
o 614 1.750000
o 609 1.750000
o 603 1.840000
o 600 1.840000
o 595 1.860000
o 593 1.860000
o 592 1.860000
o 588 1.860000
o 577 2.060000
o 572 2.060000
o 570 2.070000
o 565 2.070000
o 561 2.170000
o 559 2.170000
o 555 2.170000
o 548 2.180000
o 546 2.180000
o 541 4.200000
o 529 4.210000
o 528 4.320000
o 526 4.330000
o 522 4.330000
o 520 4.330000
o 517 4.330000
o 512 4.330000
o 506 4.330000
o 503 4.340000
o 500 4.340000
o 495 4.340000
o 491 4.350000
o 487 4.350000
o 486 4.350000
o 485 4.360000
o 483 4.410000
o 481 4.410000
o 479 4.420000
o 475 4.430000
o 473 4.430000
o 468 4.430000
o 466 6.480000
o 458 6.480000
o 456 6.480000
o 452 12.950000
o 442 12.970000
o 438 12.970000
o 436 12.980000
o 435 12.990000
o 434 13.020000
o 429 13.020000
o 427 13.020000
o 425 13.040000
o 423 13.090000
o 419 13.090000
o 416 13.100000
o 415 13.200000
o 411 13.200000
o 410 13.220000
o 405 13.220000
o 400 13.220000
o 396 13.300000
o 392 13.300000
o 391 13.340000
o 386 13.340000
o 384 13.450000
o 382 13.450000
o 379 13.470000
o 378 13.480000
o 373 13.480000
o 371 13.480000
o 362 42.710000
o 358 42.710000
o 356 42.740000
o 354 42.740000
o 350 42.740000
o 344 42.770000
o 341 42.770000
o 339 51.440000
o 335 51.450000
o 331 51.450000
o 326 51.450000
o 323 52.000000
o 320 52.500000
o 316 52.510000
o 314 52.510000
o 312 52.510000
o 308 52.580000
o 307 52.750000
o 297 52.760000
o 295 53.270000
o 290 101.100000
o 288 103.540000
o 283 103.540000
o 278 103.540000
o 277 104.390000
o 275 104.390000
o 274 104.430000
o 270 104.430000
o 268 104.450000
o 263 104.450000
o 261 104.490000
o 257 104.670000
o 253 161.150000
o 249 176.270000
o 245 176.360000
245	176.360000
timetabling-comp09
o 1238 0.780000
o 822 0.940000
o 817 0.940000
o 812 0.940000
o 805 0.950000
o 800 0.950000
o 795 0.950000
o 792 0.950000
o 787 0.950000
o 782 0.950000
o 777 0.950000
o 772 0.950000
o 767 0.950000
o 763 0.960000
o 759 0.970000
o 754 0.970000
o 752 0.970000
o 744 0.970000
o 739 0.970000
o 734 0.970000
o 729 0.970000
o 724 0.970000
o 719 0.970000
o 714 0.970000
o 709 0.970000
o 705 0.970000
o 704 0.970000
o 699 0.970000
o 690 0.970000
o 685 0.990000
o 680 1.000000
o 672 1.000000
o 667 1.000000
o 660 1.000000
o 655 1.000000
o 649 1.000000
o 638 1.010000
o 636 1.010000
o 634 1.010000
o 628 1.010000
o 625 1.040000
o 623 1.050000
o 619 1.100000
o 616 1.110000
o 611 1.110000
o 606 1.110000
o 600 1.110000
o 595 1.110000
o 591 1.110000
o 582 1.120000
o 580 1.150000
o 568 1.160000
o 563 1.160000
o 558 1.160000
o 554 1.190000
o 551 1.700000
o 549 1.710000
o 547 1.710000
o 541 1.710000
o 538 1.770000
o 534 1.980000
o 530 2.020000
o 525 2.020000
o 523 2.020000
o 510 2.040000
o 506 2.040000
o 505 2.150000
o 499 2.150000
o 494 2.180000
o 492 2.180000
o 487 2.180000
o 481 2.180000
o 479 8.280000
o 475 8.280000
o 470 8.380000
o 466 8.380000
o 464 8.390000
o 462 8.390000
o 459 8.400000
o 457 8.400000
o 453 8.400000
o 451 8.410000
o 448 8.420000
o 443 8.420000
o 439 8.420000
o 435 8.420000
o 431 8.430000
o 430 8.430000
o 428 18.070000
o 424 18.070000
o 422 18.070000
o 419 18.090000
o 417 18.100000
o 415 18.100000
o 408 18.120000
o 403 18.120000
o 398 18.120000
o 394 18.120000
o 393 41.740000
o 388 41.740000
o 383 41.740000
o 378 41.740000
o 374 50.360000
o 368 50.370000
o 361 50.370000
o 359 50.380000
o 357 50.380000
o 356 50.480000
o 352 50.530000
o 350 50.530000
o 349 57.450000
o 347 57.450000
o 345 57.450000
o 344 57.460000
o 341 59.520000
o 338 59.530000
o 337 59.570000
o 332 59.570000
o 327 59.570000
o 319 59.720000
o 318 59.790000
o 317 60.050000
o 316 60.050000
o 311 60.050000
o 310 60.050000
o 306 60.050000
o 304 60.230000
o 302 60.230000
o 301 60.230000
o 299 60.230000
o 296 65.420000
o 289 106.010000
o 285 109.780000
o 279 110.130000
o 277 110.140000
o 276 110.170000
o 273 126.320000
o 271 126.320000
o 267 227.450000
o 265 227.460000
o 263 227.860000
o 262 227.860000
o 258 227.870000
o 256 227.900000
o 251 227.910000
o 246 227.920000
o 241 227.920000
o 239 228.150000
239	228.150000
timetabling-comp09
o 1168 0.650000
o 746 0.780000
o 741 0.780000
o 737 0.780000
o 732 0.780000
o 726 0.790000
o 721 0.790000
o 707 0.790000
o 706 0.800000
o 703 0.800000
o 698 0.800000
o 696 0.820000
o 693 0.820000
o 691 0.820000
o 686 0.830000
o 681 0.830000
o 676 0.830000
o 672 0.830000
o 664 0.830000
o 660 0.830000
o 658 0.830000
o 653 0.830000
o 648 0.830000
o 643 0.830000
o 638 0.830000
o 637 1.010000
o 630 1.010000
o 628 1.010000
o 623 1.010000
o 618 1.010000
o 616 1.180000
o 615 1.200000
o 610 1.340000
o 606 1.370000
o 604 1.370000
o 602 1.370000
o 597 1.370000
o 594 1.380000
o 592 1.380000
o 590 1.380000
o 585 1.380000
o 583 1.430000
o 582 1.450000
o 577 1.450000
o 573 1.450000
o 569 1.450000
o 568 1.450000
o 563 1.450000
o 559 1.450000
o 557 1.470000
o 543 1.470000
o 541 1.570000
o 540 1.570000
o 535 1.570000
o 533 1.570000
o 529 1.570000
o 527 1.580000
o 522 1.580000
o 517 1.580000
o 513 1.580000
o 511 1.620000
o 497 1.620000
o 491 1.620000
o 483 1.620000
o 478 3.160000
o 474 3.160000
o 469 3.160000
o 467 3.160000
o 463 3.810000
o 459 3.810000
o 454 3.810000
o 450 3.820000
o 449 3.820000
o 448 4.420000
o 446 4.420000
o 440 4.420000
o 438 15.520000
o 436 15.680000
o 435 15.700000
o 432 15.700000
o 427 15.700000
o 422 15.700000
o 417 15.700000
o 415 19.640000
o 412 21.100000
o 407 21.100000
o 405 21.110000
o 402 21.120000
o 401 21.120000
o 397 21.120000
o 393 21.130000
o 387 21.130000
o 385 21.130000
o 383 21.130000
o 382 21.170000
o 379 21.190000
o 377 21.190000
o 374 21.190000
o 372 21.190000
o 367 21.200000
o 361 21.200000
o 355 21.200000
o 353 21.200000
o 348 21.200000
o 347 21.290000
o 346 21.300000
o 344 21.300000
o 340 48.450000
o 336 48.460000
o 331 48.470000
o 329 48.520000
o 325 48.520000
o 323 48.520000
o 322 48.540000
o 320 48.540000
o 318 48.540000
o 313 48.540000
o 307 48.540000
o 297 48.550000
o 295 48.550000
o 293 48.560000
o 291 48.610000
o 287 48.630000
o 284 48.640000
o 282 48.670000
o 279 48.730000
o 274 48.820000
o 272 48.830000
272	48.830000
timetabling-comp09
o 1240 0.760000
o 923 0.940000
o 918 0.940000
o 913 0.940000
o 908 0.940000
o 903 0.940000
o 900 0.950000
o 895 0.950000
o 890 0.950000
o 885 0.950000
o 880 0.950000
o 875 0.950000
o 870 0.950000
o 865 0.950000
o 860 0.950000
o 855 0.950000
o 850 0.950000
o 845 0.950000
o 842 0.960000
o 837 0.960000
o 836 0.960000
o 834 0.960000
o 829 0.960000
o 824 0.960000
o 819 0.970000
o 814 0.970000
o 812 0.970000
o 808 0.970000
o 803 0.970000
o 798 0.970000
o 795 0.970000
o 791 0.970000
o 788 0.970000
o 783 0.970000
o 778 0.970000
o 773 0.980000
o 768 0.980000
o 763 0.980000
o 758 0.980000
o 756 0.990000
o 754 0.990000
o 749 0.990000
o 744 0.990000
o 741 1.020000
o 736 1.020000
o 735 1.020000
o 733 1.020000
o 728 1.020000
o 723 1.020000
o 718 1.020000
o 711 1.030000
o 706 1.030000
o 705 1.040000
o 703 1.040000
o 700 1.040000
o 695 1.040000
o 691 1.040000
o 681 1.040000
o 678 1.070000
o 672 1.070000
o 667 1.070000
o 662 1.070000
o 656 1.070000
o 651 1.070000
o 649 1.120000
o 647 1.120000
o 642 1.120000
o 625 1.380000
o 624 1.390000
o 623 1.390000
o 621 1.400000
o 620 1.400000
o 616 1.400000
o 613 1.420000
o 605 1.420000
o 601 1.420000
o 599 1.420000
o 593 1.420000
o 590 1.430000
o 581 1.440000
o 579 1.440000
o 577 1.440000
o 572 1.440000
o 564 1.440000
o 559 1.440000
o 550 2.020000
o 545 2.020000
o 543 2.550000
o 539 2.910000
o 537 2.910000
o 536 2.910000
o 533 2.920000
o 528 2.920000
o 523 2.920000
o 521 2.920000
o 520 2.930000
o 515 2.930000
o 514 2.930000
o 509 2.930000
o 505 2.930000
o 502 2.940000
o 497 2.940000
o 494 2.960000
o 490 2.970000
o 488 3.220000
o 486 3.270000
o 484 6.410000
o 479 6.410000
o 473 6.410000
o 469 6.430000
o 464 6.450000
o 459 6.450000
o 454 6.450000
o 453 6.480000
o 452 6.480000
o 450 6.480000
o 446 6.480000
o 443 6.480000
o 441 6.480000
o 437 6.480000
o 435 6.490000
o 430 6.490000
o 428 6.510000
o 423 6.510000
o 419 6.510000
o 417 13.860000
o 413 13.860000
o 411 19.680000
o 409 19.680000
o 403 19.680000
o 399 19.680000
o 395 19.690000
o 394 19.740000
o 393 21.060000
o 383 21.060000
o 381 21.060000
o 379 21.330000
o 376 22.260000
o 371 22.280000
o 369 22.280000
o 365 22.280000
o 360 22.280000
o 359 22.500000
o 358 22.500000
o 353 22.500000
o 348 22.510000
o 344 22.510000
o 343 22.520000
o 339 50.520000
o 334 50.520000
o 333 50.520000
o 328 50.520000
o 325 50.570000
o 320 50.570000
o 318 50.570000
o 313 50.570000
o 312 50.630000
o 310 50.750000
o 309 50.750000
o 306 50.760000
o 302 51.190000
o 301 51.330000
o 300 51.840000
o 298 51.840000
o 296 51.840000
o 293 51.840000
o 288 51.840000
o 286 51.850000
o 285 105.450000
o 281 105.450000
o 280 116.110000
o 279 116.390000
o 274 116.390000
o 272 116.400000
o 269 116.430000
o 265 116.430000
o 260 116.480000
o 258 116.480000
258	116.480000
timetabling-comp09
o 1164 0.530000
o 805 0.630000
o 801 0.630000
o 798 0.640000
o 792 0.640000
o 787 0.640000
o 782 0.640000
o 777 0.640000
o 775 0.640000
o 772 0.640000
o 771 0.650000
o 766 0.650000
o 764 0.650000
o 763 0.650000
o 758 0.650000
o 755 0.650000
o 743 0.650000
o 738 0.650000
o 733 0.650000
o 731 0.650000
o 726 0.650000
o 721 0.650000
o 716 0.660000
o 711 0.660000
o 707 0.660000
o 702 0.660000
o 697 0.660000
o 695 0.660000
o 693 0.660000
o 688 0.660000
o 686 0.660000
o 682 0.660000
o 676 0.660000
o 671 0.660000
o 666 0.660000
o 662 0.670000
o 657 0.670000
o 654 0.670000
o 651 0.670000
o 646 0.670000
o 641 0.670000
o 636 0.670000
o 627 0.670000
o 623 0.680000
o 619 0.680000
o 609 0.680000
o 604 0.740000
o 599 0.900000
o 589 0.910000
o 585 0.910000
o 583 0.910000
o 579 0.920000
o 577 0.920000
o 574 0.920000
o 569 0.920000
o 563 0.920000
o 561 0.920000
o 557 0.920000
o 554 0.920000
o 552 0.920000
o 544 0.930000
o 537 0.930000
o 532 0.930000
o 530 0.930000
o 528 0.930000
o 526 2.330000
o 524 2.590000
o 518 2.600000
o 513 2.600000
o 511 2.600000
o 507 2.600000
o 505 2.600000
o 503 2.600000
o 501 4.820000
o 500 4.820000
o 495 4.820000
o 492 6.540000
o 488 6.550000
o 483 6.560000
o 478 6.560000
o 477 6.570000
o 474 6.570000
o 469 6.570000
o 467 6.570000
o 462 6.580000
o 461 6.610000
o 457 6.610000
o 455 6.620000
o 454 6.930000
o 450 6.930000
o 446 6.930000
o 444 6.930000
o 441 6.930000
o 437 7.040000
o 435 7.040000
o 433 7.040000
o 428 7.040000
o 424 7.050000
o 422 7.050000
o 421 7.090000
o 409 7.090000
o 403 7.120000
o 400 7.140000
o 398 7.140000
o 397 7.140000
o 395 7.140000
o 391 7.140000
o 385 25.750000
o 384 25.760000
o 379 25.760000
o 374 30.390000
o 373 30.390000
o 368 30.390000
o 366 30.390000
o 364 30.420000
o 354 30.420000
o 348 30.430000
o 343 30.430000
o 338 30.430000
o 334 30.430000
o 332 30.430000
o 327 30.430000
o 326 43.180000
o 324 43.180000
o 322 43.180000
o 318 43.190000
o 314 43.190000
o 310 51.460000
o 306 94.330000
o 304 94.330000
o 301 94.340000
o 296 94.340000
o 295 94.350000
o 293 94.380000
o 290 94.390000
o 288 94.460000
o 286 94.460000
o 275 94.520000
o 270 180.970000
o 268 180.970000
o 266 180.980000
o 265 191.980000
o 263 191.990000
o 261 192.000000
o 260 205.280000
o 255 205.280000
o 248 205.290000
o 245 205.530000
o 243 205.530000
o 239 205.530000
o 237 205.540000
o 232 205.570000
232	205.570000
timetabling-comp09
o 1104 0.620000
o 898 0.750000
o 893 0.750000
o 885 0.750000
o 880 0.750000
o 875 0.750000
o 870 0.750000
o 865 0.750000
o 860 0.750000
o 855 0.750000
o 850 0.750000
o 845 0.750000
o 840 0.750000
o 835 0.760000
o 830 0.760000
o 825 0.760000
o 822 0.760000
o 817 0.760000
o 804 0.760000
o 801 0.770000
o 796 0.770000
o 791 0.770000
o 786 0.770000
o 781 0.770000
o 776 0.770000
o 771 0.770000
o 766 0.770000
o 764 0.770000
o 760 0.770000
o 756 0.770000
o 751 0.770000
o 750 0.770000
o 748 0.770000
o 741 0.780000
o 736 0.780000
o 731 0.780000
o 726 0.780000
o 721 0.780000
o 716 0.780000
o 711 0.780000
o 710 0.780000
o 708 0.780000
o 706 0.790000
o 701 0.790000
o 696 0.790000
o 691 0.790000
o 683 0.790000
o 678 0.790000
o 677 0.790000
o 674 0.800000
o 669 0.800000
o 668 0.800000
o 663 0.800000
o 661 0.800000
o 656 0.800000
o 649 0.800000
o 644 0.800000
o 642 0.800000
o 638 0.800000
o 636 0.800000
o 635 0.810000
o 630 0.820000
o 626 0.820000
o 624 0.860000
o 619 0.860000
o 618 0.860000
o 612 0.860000
o 610 0.860000
o 607 0.860000
o 604 0.870000
o 599 0.870000
o 594 0.870000
o 589 0.870000
o 588 0.870000
o 583 0.870000
o 571 1.010000
o 564 1.010000
o 562 1.020000
o 558 1.020000
o 556 1.020000
o 552 1.020000
o 550 1.020000
o 547 1.040000
o 544 1.040000
o 543 1.040000
o 542 1.040000
o 538 1.040000
o 534 1.050000
o 531 1.080000
o 528 1.090000
o 520 1.090000
o 519 1.090000
o 515 1.090000
o 513 1.100000
o 512 2.310000
o 507 2.320000
o 504 2.320000
o 502 3.050000
o 501 3.050000
o 499 3.050000
o 495 3.050000
o 492 3.060000
o 488 3.070000
o 486 3.070000
o 479 3.110000
o 474 3.110000
o 469 3.110000
o 467 3.120000
o 465 3.320000
o 463 3.320000
o 459 3.470000
o 455 3.480000
o 454 3.480000
o 452 3.480000
o 447 3.490000
o 445 3.490000
o 440 3.490000
o 436 3.490000
o 434 3.490000
o 428 3.490000
o 424 3.490000
o 423 11.490000
o 421 12.340000
o 419 12.350000
o 415 12.350000
o 414 12.370000
o 411 12.370000
o 409 12.380000
o 404 17.310000
o 399 17.310000
o 394 17.310000
o 390 17.330000
o 388 17.350000
o 384 17.370000
o 383 17.390000
o 380 17.400000
o 376 17.400000
o 374 17.410000
o 371 17.420000
o 367 17.420000
o 365 17.440000
o 363 17.440000
o 361 17.490000
o 359 17.500000
o 357 17.500000
o 350 17.520000
o 345 17.520000
o 340 17.530000
o 338 17.530000
o 337 56.130000
o 335 56.130000
o 334 56.250000
o 331 56.360000
o 326 56.360000
o 322 56.360000
o 320 56.360000
o 316 56.370000
o 315 56.500000
o 310 56.500000
o 309 56.790000
o 307 56.790000
o 305 56.820000
o 299 56.830000
o 296 97.060000
o 294 97.070000
o 290 97.070000
o 288 97.080000
o 284 97.080000
o 283 97.080000
o 279 97.090000
o 274 97.090000
o 270 97.090000
o 267 97.100000
o 264 97.110000
o 263 97.110000
o 262 97.340000
o 258 97.550000
258	97.550000
timetabling-comp09
o 1156 0.730000
o 798 0.880000
o 793 0.880000
o 786 0.880000
o 781 0.880000
o 776 0.880000
o 772 0.880000
o 767 0.880000
o 762 0.880000
o 761 0.880000
o 756 0.880000
o 751 0.880000
o 746 0.880000
o 745 0.890000
o 738 0.890000
o 732 0.890000
o 728 0.890000
o 721 0.890000
o 718 0.900000
o 712 0.900000
o 707 0.900000
o 706 0.910000
o 701 0.910000
o 696 0.910000
o 691 0.910000
o 687 0.910000
o 685 0.910000
o 680 0.910000
o 677 0.910000
o 673 0.910000
o 671 0.910000
o 666 0.910000
o 665 0.920000
o 660 0.920000
o 657 0.940000
o 649 0.940000
o 644 0.940000
o 639 0.940000
o 634 0.940000
o 624 1.010000
o 614 1.010000
o 610 1.020000
o 605 1.020000
o 601 1.030000
o 598 1.030000
o 596 1.030000
o 591 1.030000
o 578 1.040000
o 573 1.050000
o 568 1.050000
o 563 1.050000
o 558 1.060000
o 553 1.060000
o 551 1.060000
o 547 1.060000
o 541 1.060000
o 539 1.070000
o 537 1.100000
o 535 1.100000
o 529 1.100000
o 524 1.100000
o 520 1.100000
o 517 5.450000
o 512 5.450000
o 510 5.450000
o 505 5.450000
o 495 5.470000
o 489 5.470000
o 488 5.610000
o 483 5.620000
o 479 5.620000
o 475 5.620000
o 470 5.860000
o 465 5.860000
o 460 5.860000
o 455 5.860000
o 449 11.040000
o 444 11.040000
o 443 14.030000
o 441 14.050000
o 437 14.050000
o 436 14.060000
o 431 14.060000
o 428 20.240000
o 426 20.240000
o 421 20.250000
o 418 20.250000
o 415 20.310000
o 413 20.370000
o 411 20.370000
o 407 20.370000
o 405 20.370000
o 403 20.370000
o 396 20.780000
o 394 20.830000
o 393 20.830000
o 391 20.840000
o 390 20.860000
o 388 20.880000
o 387 20.880000
o 385 20.880000
o 380 20.890000
o 374 20.900000
o 367 20.900000
o 365 20.900000
o 360 54.670000
o 356 54.690000
o 352 54.700000
o 351 54.810000
o 349 54.810000
o 347 54.810000
o 345 54.830000
o 339 54.830000
o 337 54.830000
o 336 54.840000
o 331 54.840000
o 326 61.830000
o 324 61.830000
o 322 61.850000
o 320 61.860000
o 318 62.880000
o 317 69.960000
o 312 69.970000
o 308 69.970000
o 303 69.990000
o 299 70.040000
o 298 70.220000
o 294 70.220000
o 293 105.630000
o 289 105.640000
o 288 105.640000
o 286 105.660000
o 276 111.700000
o 275 111.790000
o 273 111.790000
o 269 111.800000
o 267 111.800000
o 265 111.800000
o 260 111.800000
o 259 111.820000
o 257 111.870000
o 256 298.670000
256	298.670000
