bip.maxcut-140-630-0.7-13
o 262 0
o 257 0
o 252 0
o 247 0
o 243 0
o 239 0
o 235 0
o 231 0
o 228 0
o 225 0
o 222 0
o 219 0
o 217 0
o 215 0
o 211 0
o 208 0
o 206 0
o 204 0
o 202 0
o 200 0
o 198 0
o 196 0
o 195 0
o 194 0
o 193 0
o 191 0
o 189 0
o 188 0
o 186 0
o 185 0
o 184 0
o 183 0
o 182 0
o 181 0
o 180 0
o 179 0
o 178 0
o 177 0
o 176 0
o 175 0
o 174 0
o 173 0
o 170 0
o 169 0
bip.maxcut-140-630-0.7-13
o 272 0
o 266 0
o 261 0
o 256 0
o 252 0
o 248 0
o 244 0
o 240 0
o 236 0
o 233 0
o 230 0
o 228 0
o 224 0
o 222 0
o 219 0
o 217 0
o 215 0
o 213 0
o 211 0
o 208 0
o 206 0
o 204 0
o 202 0
o 201 0
o 200 0
o 199 0
o 198 0
o 197 0
o 196 0
o 195 0
o 194 0
o 192 0
o 191 0
o 189 0
o 187 0
o 186 0
o 185 0
o 184 0
o 182 0
o 181 0
o 180 0
o 179 0
o 178 0
o 177 0
o 176 0
o 175 0
o 173 0
o 172 0
o 171 0
o 170 0
o 169 0
bip.maxcut-140-630-0.7-13
o 281 0
o 274 0
o 269 0
o 265 0
o 261 0
o 257 0
o 253 0
o 250 0
o 247 0
o 242 0
o 239 0
o 237 0
o 233 0
o 231 0
o 229 0
o 227 0
o 224 0
o 223 0
o 222 0
o 221 0
o 218 0
o 217 0
o 216 0
o 214 0
o 212 0
o 209 0
o 208 0
o 207 0
o 206 0
o 204 0
o 203 0
o 202 0
o 201 0
o 200 0
o 199 0
o 197 0
o 196 0
o 195 0
o 194 0
o 192 0
o 190 0
o 188 0
o 187 0
o 185 0
o 183 0
o 182 0
o 181 0
o 180 0
o 179 0
o 178 0
o 177 0
o 176 0
o 175 0
o 174 0
o 173 0
o 172 0
o 171 0
o 170 0
o 169 0.02
bip.maxcut-140-630-0.7-13
o 249 4.17
o 242 4.17
o 237 4.17
o 232 4.17
o 227 4.17
o 221 4.17
o 217 4.17
o 214 4.17
o 212 4.17
o 210 4.17
o 208 4.17
o 206 4.17
o 204 4.17
o 202 4.17
o 201 4.17
o 200 4.17
o 199 4.17
o 198 4.17
o 196 4.17
o 195 4.17
o 194 4.17
o 193 4.17
o 191 4.17
o 190 4.17
o 189 4.17
o 187 4.17
o 186 4.17
o 185 4.17
o 184 4.17
o 182 4.17
o 181 4.17
o 180 4.17
o 179 4.17
o 178 4.17
o 176 4.17
o 175 4.17
o 174 4.17
o 173 4.17
o 172 4.17
o 171 4.17
o 169 4.17
bip.maxcut-140-630-0.7-13
o 278 0
o 272 0
o 267 0
o 262 0
o 258 0
o 254 0
o 250 0
o 247 0
o 243 0
o 239 0
o 236 0
o 233 0
o 230 0
o 227 0
o 224 0
o 222 0
o 220 0
o 218 0
o 216 0
o 214 0
o 212 0
o 209 0
o 208 0
o 206 0
o 204 0
o 202 0
o 200 0
o 199 0
o 197 0
o 196 0
o 195 0
o 194 0
o 193 0
o 192 0
o 191 0
o 190 0
o 189 0
o 188 0
o 187 0
o 186 0
o 185 0
o 184 0
o 183 0
o 182 0
o 181 0
o 180 0
o 179 0
o 178 0
o 177 0
o 176 0
o 174 0
o 173 0
o 172 0
o 171 0
o 170 0
o 169 0
bip.maxcut-140-630-0.7-13
o 280 0
o 272 0
o 265 0
o 260 0
o 255 0
o 251 0
o 247 0
o 243 0
o 239 0
o 235 0
o 232 0
o 229 0
o 224 0
o 221 0
o 218 0
o 215 0
o 213 0
o 211 0
o 208 0
o 206 0
o 203 0
o 201 0
o 199 0
o 198 0
o 197 0
o 196 0
o 195 0
o 194 0
o 193 0
o 192 0
o 191 0
o 190 0
o 188 0
o 187 0
o 186 0
o 185 0
o 184 0
o 182 0
o 181 0
o 180 0
o 178 0
o 176 0
o 174 0
o 173 0
o 172 0
o 171 0
o 170 0
o 169 0
bip.maxcut-140-630-0.7-13
o 282 0
o 277 0
o 273 0
o 268 0
o 264 0
o 260 0
o 256 0
o 252 0
o 248 0
o 245 0
o 242 0
o 239 0
o 236 0
o 233 0
o 230 0
o 228 0
o 225 0
o 223 0
o 221 0
o 219 0
o 217 0
o 215 0
o 212 0
o 211 0
o 210 0
o 209 0
o 208 0
o 207 0
o 206 0
o 204 0
o 203 0
o 202 0
o 199 0
o 198 0
o 197 0
o 195 0
o 194 0
o 193 0
o 192 0
o 191 0
o 190 0
o 189 0
o 187 0
o 186 0
o 184 0
o 183 0
o 182 0
o 181 0
o 180 0
o 179 0
o 178 0
o 177 0
o 176 0
o 173 0
o 172 0
o 171 0
o 170 0
o 169 0
bip.maxcut-140-630-0.7-13
o 289 0
o 282 0
o 276 0
o 270 0
o 265 0
o 261 0
o 256 0
o 252 0
o 248 0
o 244 0
o 240 0
o 236 0
o 233 0
o 230 0
o 227 0
o 224 0
o 221 0
o 218 0
o 215 0
o 212 0
o 209 0
o 207 0
o 205 0
o 203 0
o 201 0
o 199 0
o 196 0
o 195 0
o 193 0
o 192 0
o 191 0
o 190 0
o 189 0
o 188 0
o 187 0
o 185 0
o 184 0
o 183 0
o 182 0
o 181 0
o 180 0
o 179 0
o 178 0
o 177 0
o 176 0
o 175 0
o 173 0
o 172 0
o 171 0
o 170 0
o 169 0
bip.maxcut-140-630-0.7-13
o 288 0
o 281 0
o 275 0
o 269 0
o 264 0
o 260 0
o 256 0
o 252 0
o 248 0
o 245 0
o 242 0
o 239 0
o 235 0
o 232 0
o 230 0
o 228 0
o 226 0
o 223 0
o 221 0
o 219 0
o 217 0
o 215 0
o 214 0
o 213 0
o 212 0
o 211 0
o 209 0
o 206 0
o 205 0
o 203 0
o 201 0
o 200 0
o 199 0
o 197 0
o 196 0
o 194 0
o 192 0
o 190 0
o 188 0
o 187 0
o 186 0
o 185 0
o 184 0
o 183 0
o 182 0
o 181 0
o 180 0
o 179 0
o 177 0
o 176 0
o 175 0
o 174 0
o 173 0
o 172 0
o 171 0
o 170 0
o 169 0.01
bip.maxcut-140-630-0.7-13
o 315 0
o 307 0
o 300 0
o 294 0
o 289 0
o 284 0
o 279 0
o 275 0
o 273 0
o 267 0
o 263 0
o 259 0
o 255 0
o 251 0
o 248 0
o 244 0
o 242 0
o 238 0
o 234 0
o 231 0
o 229 0
o 227 0
o 225 0
o 223 0
o 221 0
o 219 0
o 218 0
o 217 0
o 215 0
o 213 0
o 211 0
o 209 0
o 207 0
o 206 0
o 205 0
o 203 0
o 201 0
o 200 0
o 197 0
o 194 0
o 193 0
o 191 0
o 189 0
o 188 0
o 186 0
o 185 0
o 184 0
o 183 0
o 182 0
o 181 0
o 180 0
o 179 0
o 177 0
o 176 0
o 175 0
o 173 0
o 172 0
o 171 0
o 170 0
o 169 0
