colic
o 809 8.5
o 808 8.5
o 505 8.5
o 438 8.5
o 409 8.5
o 393 8.5
o 361 8.5
o 350 8.5
o 344 8.5
o 343 8.5
o 334 8.5
o 329 8.5
o 324 8.5
o 317 8.5
o 315 8.5
o 313 8.5
o 312 8.5
o 311 8.5
o 309 8.5
o 308 8.5
o 306 8.5
o 303 8.5
o 278 60.81
o 261 60.81
o 249 60.81
o 248 189.96
o 247 189.96
o 246 189.96
o 245 189.96
o 243 189.96
o 242 189.96
o 241 189.96
o 240 190.02
o 239 190.02
o 238 190.02
o 236 190.02
o 235 190.02
o 234 190.02
o 230 190.02
o 228 190.02
o 225 190.02
o 222 269.6
colic
o 618 3.44
o 614 3.44
o 412 3.44
o 369 3.44
o 333 3.44
o 332 3.44
o 305 3.44
o 287 3.44
o 278 3.44
o 273 3.44
o 264 3.44
o 256 3.44
o 253 3.44
o 252 3.44
o 247 60.24
o 245 60.24
o 241 60.24
o 235 60.24
o 233 60.24
o 224 60.24
o 220 60.24
o 219 60.24
o 218 60.24
o 217 60.24
colic
o 687 3.16
o 684 3.16
o 384 3.17
o 323 3.17
o 273 3.17
o 254 3.17
o 238 3.17
o 232 3.17
o 229 3.17
o 225 3.17
o 220 3.17
o 217 3.17
o 214 3.17
o 210 3.17
o 209 3.19
o 207 208.96
o 206 208.96
o 205 208.96
colic
o 668 6.38
o 461 6.38
o 449 6.38
o 394 6.38
o 385 6.38
o 364 6.38
o 356 6.38
o 344 6.38
o 343 6.38
o 337 6.38
o 326 6.38
o 319 6.38
o 312 6.38
o 309 6.38
o 303 6.38
o 301 6.38
o 296 6.38
o 293 6.38
o 290 6.38
o 287 6.38
o 283 6.38
o 282 6.39
o 281 6.39
o 279 6.39
o 276 6.39
o 275 6.39
o 274 6.39
o 264 6.39
o 262 6.39
o 261 6.39
o 260 6.39
o 254 6.39
o 252 58.71
o 245 58.71
o 244 58.71
o 243 58.71
o 242 58.71
o 240 58.71
o 239 58.71
o 238 58.88
o 237 58.88
o 231 66.3
o 226 66.3
o 222 66.3
colic
o 758 4.52
o 756 4.52
o 462 4.52
o 421 4.52
o 374 4.52
o 352 4.52
o 332 4.52
o 326 60.36
o 315 60.36
o 308 60.36
o 296 60.36
o 288 60.36
o 280 60.36
o 268 60.36
o 266 68.67
o 255 68.67
o 233 68.67
o 231 68.67
o 228 68.67
o 224 218.82
o 218 218.82
o 215 218.82
o 213 218.82
colic
o 803 6.54
o 584 6.54
o 554 6.54
o 489 6.54
o 465 6.54
o 429 6.54
o 408 6.54
o 379 6.54
o 367 6.54
o 360 6.54
o 351 6.54
o 348 6.54
o 340 6.54
o 331 6.54
o 327 6.54
o 319 6.54
o 314 6.54
o 311 6.54
o 305 6.54
o 297 6.54
o 291 6.54
o 290 6.54
o 287 6.54
o 286 6.54
o 285 6.54
o 274 27.72
o 251 27.72
o 249 27.72
o 247 27.72
o 245 27.72
o 244 27.72
o 242 88.64
o 241 88.64
o 240 88.64
o 238 88.64
colic
o 953 6.41
o 952 6.41
o 732 6.41
o 673 6.41
o 598 6.42
o 556 6.42
o 503 6.42
o 467 6.42
o 428 6.42
o 427 6.42
o 413 6.42
o 380 6.42
o 365 6.42
o 355 6.42
o 339 6.42
o 330 6.42
o 327 6.42
o 317 6.42
o 313 6.42
o 309 6.42
o 306 6.42
o 302 6.42
o 300 6.42
o 297 6.42
o 295 16.88
o 246 16.88
o 229 16.88
o 223 16.88
o 221 16.88
o 220 16.88
o 217 16.88
o 215 16.89
o 214 16.89
o 211 16.89
o 210 16.89
colic
o 790 6.89
o 543 6.89
o 530 6.89
o 467 6.89
o 446 6.89
o 445 6.89
o 410 6.89
o 400 6.89
o 388 6.89
o 371 6.89
o 364 6.89
o 356 6.89
o 355 6.89
o 341 6.89
o 332 6.89
o 317 6.89
o 308 6.89
o 302 6.89
o 301 6.89
o 300 6.89
o 292 6.89
o 284 6.89
o 283 6.89
o 276 6.89
o 269 6.89
o 266 6.89
o 265 6.89
o 264 6.89
o 263 6.89
o 261 6.89
o 256 6.89
o 255 6.9
o 253 6.9
o 252 6.9
o 251 6.9
o 250 6.9
o 249 6.9
o 247 6.9
o 246 6.9
o 245 6.9
o 244 6.9
o 243 6.9
o 241 6.9
o 240 6.9
o 239 6.9
o 238 6.91
o 236 6.91
o 234 122.57
o 233 191.39
o 232 191.39
colic
o 797 19.76
o 542 19.76
o 510 19.76
o 463 19.76
o 440 19.76
o 402 19.76
o 377 19.76
o 352 19.76
o 335 19.76
o 325 19.76
o 316 19.76
o 304 19.76
o 294 19.76
o 287 19.76
o 284 19.76
o 280 19.76
o 277 19.79
o 276 19.79
o 271 19.79
o 267 19.79
o 264 19.79
o 261 19.8
o 247 19.8
o 245 19.8
o 241 19.8
o 236 19.8
o 235 19.8
o 234 19.8
colic
o 634 4.43
o 632 4.43
o 440 4.44
o 399 4.44
o 350 4.44
o 332 4.44
o 312 4.44
o 299 4.44
o 292 4.44
o 281 60.76
o 253 60.76
o 244 60.76
o 228 60.76
o 217 60.76
o 210 60.76
o 208 60.76
o 207 60.76
o 204 60.76
