data.405
o 357 0.01
o 346 0.01
o 345 0.01
o 344 0.01
o 343 0.06
o 342 0.07
o 341 0.15
o 339 0.55
o 337 0.63
o 336 10.14
data.405
o 357 0.01
o 348 0.01
o 345 0.01
o 343 0.01
o 342 0.05
o 341 0.32
o 340 0.32
o 339 1.08
o 337 1.34
o 336 4.82
data.405
o 357 0.01
o 350 0.01
o 349 0.01
o 348 0.01
o 345 0.01
o 344 0.01
o 343 0.03
o 342 0.05
o 341 0.09
o 340 0.53
o 339 0.54
o 336 2.47
data.405
o 357 0
o 347 0
o 343 0.01
o 342 0.06
o 340 0.16
o 339 1.14
o 337 3.16
o 336 3.16
data.405
o 357 0
o 348 0
o 345 0
o 344 0
o 343 0.05
o 342 0.05
o 341 0.2
o 340 0.5
o 339 0.62
o 338 1.87
o 337 3.77
o 336 4.21
data.405
o 357 0.01
o 349 0.01
o 348 0.01
o 346 0.01
o 345 0.01
o 343 0.01
o 342 0.1
o 341 0.17
o 339 0.23
o 337 7.62
o 336 7.62
data.405
o 357 0.01
o 347 0.01
o 344 0.01
o 343 0.02
o 341 0.12
o 337 0.22
o 336 16.27
data.405
o 357 0.01
o 351 0.01
o 350 0.01
o 346 0.01
o 344 0.01
o 343 0.01
o 340 0.07
o 339 0.88
o 336 2.11
o 335 150.33
data.405
o 357 0.01
o 345 0.01
o 344 0.01
o 343 0.03
o 341 0.05
o 340 0.22
o 339 0.22
o 337 0.93
o 336 8.49
data.405
o 357 0.01
o 347 0.01
o 343 0.01
o 342 0.1
o 339 0.31
o 337 1.63
o 336 5.16
o 335 7.89
