extension-enforcement_non-strict_stb_200_0.05_1_10_0
o 12 0.1
o 10 0.11
o 9 74.45
o 8 180.83
extension-enforcement_non-strict_stb_200_0.05_1_10_0
o 12 0.1
o 10 0.11
o 9 292.07
o 8 292.45
extension-enforcement_non-strict_stb_200_0.05_1_10_0
o 13 0.1
o 12 25.28
o 10 25.29
o 9 25.31
extension-enforcement_non-strict_stb_200_0.05_1_10_0
o 12 0.1
o 11 0.11
o 10 0.11
o 8 43.88
extension-enforcement_non-strict_stb_200_0.05_1_10_0
o 12 0.09
o 10 0.11
o 9 77.75
extension-enforcement_non-strict_stb_200_0.05_1_10_0
o 12 0.1
o 10 0.11
o 9 33.04
o 8 64.23
extension-enforcement_non-strict_stb_200_0.05_1_10_0
o 12 0.1
o 11 0.11
o 10 0.11
o 8 71.65
extension-enforcement_non-strict_stb_200_0.05_1_10_0
o 24 0.09
o 23 0.11
o 22 0.89
o 21 0.89
o 20 0.89
o 19 1.07
o 18 1.32
o 17 1.58
o 15 1.58
o 14 1.58
o 13 1.58
o 11 13.5
o 10 13.75
o 8 13.77
extension-enforcement_non-strict_stb_200_0.05_1_10_0
o 24 0.1
o 23 0.71
o 22 0.72
o 21 0.72
o 20 0.72
o 19 0.72
o 18 3.23
o 17 4.35
o 16 4.35
o 10 17.36
o 8 18.07
extension-enforcement_non-strict_stb_200_0.05_1_10_0
o 12 0.09
o 11 0.1
o 10 0.1
o 8 85.71
