GenHyperTW_flat30-50
o 62 2.26
o 61 2.27
o 59 2.27
o 58 2.27
o 54 2.28
o 53 2.28
o 52 2.28
o 51 2.28
o 50 2.29
o 49 2.29
o 48 2.29
o 47 2.3
o 46 2.31
o 45 2.31
o 44 2.33
o 43 2.33
o 42 2.36
o 41 2.39
o 40 2.4
o 39 2.41
o 38 2.42
o 37 2.43
o 36 2.44
o 34 2.48
o 33 2.5
o 32 2.52
o 30 2.57
o 29 2.61
o 24 3.82
o 20 10.57
o 19 108.13
GenHyperTW_flat30-50
o 53 2.48
o 52 2.48
o 48 2.48
o 47 2.49
o 46 2.49
o 45 2.5
o 44 2.5
o 43 2.51
o 42 2.52
o 41 2.54
o 40 2.55
o 39 2.56
o 38 2.57
o 37 2.57
o 36 2.58
o 35 2.59
o 33 2.63
o 32 2.66
o 31 2.69
o 30 2.75
o 28 3.06
o 27 3.06
o 26 3.19
o 21 4.85
o 20 5.25
o 18 40.09
GenHyperTW_flat30-50
o 63 2.15
o 62 2.15
o 59 2.15
o 58 2.15
o 56 2.16
o 54 2.17
o 53 2.17
o 52 2.17
o 51 2.19
o 50 2.22
o 49 2.25
o 48 2.27
o 47 2.29
o 46 2.32
o 44 2.42
o 43 2.45
o 41 2.58
o 40 2.6
o 39 2.61
o 38 2.63
o 37 2.66
o 36 2.68
o 34 2.76
o 30 5.45
o 26 5.97
o 25 6.1
o 24 6.45
o 23 32
o 22 32.27
o 21 105.94
o 20 106.25
o 19 297.53
o 18 297.62
GenHyperTW_flat30-50
o 62 2.03
o 55 2.04
o 54 2.04
o 53 2.04
o 52 2.05
o 51 2.05
o 50 2.06
o 49 2.07
o 48 2.09
o 47 2.09
o 46 2.1
o 45 2.11
o 44 2.12
o 43 2.14
o 41 2.25
o 40 2.29
o 39 2.3
o 38 2.33
o 37 2.36
o 36 2.37
o 35 2.38
o 34 2.4
o 31 2.51
o 26 6.09
o 23 9.64
o 22 10
o 21 36.88
o 20 88.48
o 19 88.48
o 18 88.55
GenHyperTW_flat30-50
o 64 2.24
o 58 2.24
o 56 2.24
o 55 2.24
o 54 2.25
o 53 2.26
o 52 2.27
o 51 2.27
o 50 2.29
o 49 2.29
o 48 2.31
o 47 2.31
o 46 2.33
o 45 2.34
o 44 2.35
o 43 2.35
o 42 2.36
o 41 2.37
o 39 2.38
o 38 2.38
o 37 2.39
o 36 2.4
o 35 2.41
o 34 2.41
o 33 2.43
o 30 7.58
o 29 7.59
o 27 7.77
o 26 7.94
o 23 30.3
o 21 94.49
o 20 94.72
o 19 95.12
GenHyperTW_flat30-50
o 64 1.99
o 60 2
o 56 2
o 54 2
o 53 2.01
o 52 2.01
o 51 2.02
o 50 2.03
o 49 2.04
o 48 2.04
o 47 2.05
o 46 2.06
o 45 2.07
o 44 2.08
o 43 2.11
o 42 2.15
o 41 2.18
o 40 2.22
o 39 2.26
o 38 2.28
o 37 2.31
o 35 2.41
o 34 2.48
o 31 2.77
o 29 4.2
o 25 7.4
o 24 7.54
o 22 33.47
o 21 33.52
o 20 33.66
GenHyperTW_flat30-50
o 61 2.18
o 58 2.19
o 57 2.19
o 56 2.19
o 55 2.19
o 52 2.19
o 51 2.19
o 49 2.2
o 48 2.2
o 47 2.21
o 46 2.21
o 44 2.25
o 43 2.27
o 42 2.28
o 40 2.32
o 39 2.36
o 38 2.37
o 37 2.38
o 36 2.4
o 35 2.41
o 34 2.43
o 33 2.45
o 30 2.54
o 27 5.48
o 26 5.51
o 25 5.57
o 24 27.97
o 23 73.95
o 21 122.61
o 20 122.76
GenHyperTW_flat30-50
o 60 2.12
o 57 2.13
o 55 2.13
o 52 2.13
o 51 2.14
o 50 2.14
o 49 2.14
o 48 2.15
o 47 2.15
o 46 2.16
o 45 2.16
o 44 2.17
o 43 2.18
o 42 2.19
o 41 2.21
o 40 2.23
o 39 2.24
o 38 2.25
o 37 2.27
o 36 2.3
o 34 2.48
o 25 3.58
o 23 6.4
o 21 8.95
o 20 9.07
o 19 12.35
GenHyperTW_flat30-50
o 56 2.02
o 55 2.03
o 54 2.03
o 52 2.03
o 51 2.03
o 50 2.03
o 49 2.05
o 48 2.06
o 47 2.06
o 46 2.1
o 45 2.1
o 44 2.11
o 43 2.13
o 42 2.14
o 41 2.15
o 40 2.17
o 39 2.2
o 38 2.25
o 37 2.28
o 36 2.31
o 35 2.38
o 34 2.42
o 29 2.78
o 26 4.27
o 23 6.27
o 22 6.35
o 21 11.9
o 18 165.12
GenHyperTW_flat30-50
o 57 1.97
o 52 1.98
o 50 1.98
o 49 1.99
o 48 1.99
o 47 2
o 46 2.01
o 44 2.02
o 43 2.02
o 42 2.04
o 41 2.05
o 40 2.05
o 39 2.06
o 38 2.06
o 37 2.07
o 36 2.08
o 35 2.09
o 34 2.1
o 33 2.11
o 32 2.11
o 27 2.24
o 23 4.82
o 22 30.74
o 21 102.54
o 20 264.96
