GenHyperTW_aim-50-1_6-yes1-3
o 25 0.28
o 24 0.28
o 23 0.28
o 22 0.28
o 21 0.29
o 20 0.29
o 19 0.29
o 18 0.3
o 17 0.3
o 16 0.31
o 15 0.32
o 13 0.56
o 12 0.56
o 11 23.82
GenHyperTW_aim-50-1_6-yes1-3
o 29 0.25
o 28 0.25
o 27 0.25
o 26 0.26
o 25 0.26
o 24 0.26
o 23 0.26
o 22 0.26
o 21 0.26
o 20 0.27
o 19 0.27
o 18 0.27
o 17 0.27
o 16 0.28
o 15 0.28
o 14 0.29
o 13 0.63
o 12 8.12
o 11 37.32
o 10 197.49
GenHyperTW_aim-50-1_6-yes1-3
o 24 0.2
o 23 0.2
o 22 0.2
o 21 0.2
o 20 0.2
o 19 0.2
o 18 0.21
o 17 0.21
o 16 0.21
o 15 0.22
o 12 0.41
o 11 12.07
o 10 218.54
GenHyperTW_aim-50-1_6-yes1-3
o 29 0.27
o 27 0.27
o 26 0.27
o 25 0.27
o 24 0.27
o 23 0.27
o 22 0.28
o 21 0.28
o 20 0.28
o 19 0.28
o 18 0.28
o 17 0.29
o 16 0.29
o 14 0.51
o 13 1.01
o 12 2.13
o 11 47.75
o 10 221.51
GenHyperTW_aim-50-1_6-yes1-3
o 29 0.25
o 28 0.25
o 26 0.25
o 25 0.25
o 24 0.25
o 23 0.25
o 22 0.25
o 21 0.25
o 20 0.26
o 19 0.26
o 18 0.26
o 17 0.26
o 15 0.28
o 14 0.29
o 13 0.37
o 12 0.41
o 11 7.95
GenHyperTW_aim-50-1_6-yes1-3
o 27 0.21
o 25 0.21
o 24 0.21
o 23 0.21
o 22 0.22
o 21 0.22
o 20 0.22
o 19 0.22
o 18 0.22
o 16 0.23
o 15 0.38
o 14 0.39
o 13 1.66
o 12 1.67
o 11 19.67
o 10 51.88
GenHyperTW_aim-50-1_6-yes1-3
o 26 0.26
o 24 0.26
o 23 0.26
o 22 0.26
o 21 0.26
o 20 0.27
o 19 0.27
o 18 0.27
o 17 0.28
o 16 0.28
o 15 0.3
o 14 0.48
o 13 0.74
o 12 0.76
o 11 16.03
GenHyperTW_aim-50-1_6-yes1-3
o 28 0.23
o 27 0.23
o 26 0.23
o 25 0.23
o 24 0.23
o 23 0.23
o 22 0.23
o 21 0.23
o 20 0.24
o 19 0.24
o 18 0.24
o 17 0.24
o 16 0.25
o 15 0.26
o 13 0.38
o 12 0.38
o 11 43.11
GenHyperTW_aim-50-1_6-yes1-3
o 29 0.26
o 27 0.26
o 26 0.26
o 25 0.26
o 24 0.26
o 23 0.26
o 22 0.27
o 21 0.27
o 20 0.27
o 19 0.27
o 18 0.28
o 16 0.29
o 15 0.29
o 14 0.99
o 12 1.36
o 11 25.66
GenHyperTW_aim-50-1_6-yes1-3
o 27 0.25
o 26 0.25
o 25 0.25
o 24 0.25
o 23 0.25
o 22 0.25
o 21 0.25
o 20 0.26
o 19 0.26
o 18 0.26
o 17 0.27
o 15 0.31
o 14 0.66
o 13 0.69
o 12 11.23
o 11 39.52
