GenHyperTW_b01
o 23 1.51
o 20 1.51
o 19 1.51
o 18 1.51
o 17 1.51
o 16 1.51
o 14 1.52
o 13 1.52
o 12 1.52
o 11 1.53
o 8 1.64
o 7 3.47
o 6 17.67
o 5 81.93
GenHyperTW_b01
o 20 0.24
o 19 0.24
o 18 0.24
o 17 0.26
o 16 0.26
o 15 0.27
o 14 0.27
o 13 0.32
o 12 0.32
o 9 4.63
o 8 4.64
o 7 6.28
o 6 15.7
o 5 27.41
GenHyperTW_b01
o 23 0.14
o 22 0.14
o 21 0.14
o 20 0.14
o 19 0.15
o 18 0.15
o 17 0.15
o 16 0.15
o 15 0.15
o 14 0.15
o 13 0.16
o 12 0.17
o 11 0.2
o 10 0.2
o 8 0.46
o 7 0.47
o 6 1.87
o 5 253.62
GenHyperTW_b01
o 18 0.13
o 17 0.13
o 16 0.13
o 15 0.14
o 14 0.14
o 12 0.14
o 11 0.14
o 10 0.15
o 9 0.17
o 8 0.18
o 7 1.03
o 6 13.14
o 5 75.81
GenHyperTW_b01
o 21 0.11
o 20 0.11
o 19 0.12
o 18 0.12
o 17 0.12
o 16 0.12
o 15 0.12
o 14 0.13
o 13 0.18
o 12 0.18
o 11 0.21
o 9 0.28
o 8 0.56
o 7 0.63
o 6 0.84
o 5 0.86
GenHyperTW_b01
o 18 0.12
o 17 0.12
o 16 0.12
o 15 0.12
o 14 0.12
o 13 0.12
o 12 0.12
o 11 0.13
o 10 0.13
o 9 0.16
o 8 0.17
o 7 0.18
o 6 1.35
o 5 4.54
GenHyperTW_b01
o 19 0.14
o 18 0.14
o 16 0.14
o 15 0.14
o 14 0.14
o 13 0.14
o 12 0.14
o 11 0.17
o 10 0.2
o 9 0.2
o 8 0.21
o 7 0.21
o 6 0.24
o 5 215.05
GenHyperTW_b01
o 18 0.13
o 17 0.13
o 16 0.13
o 15 0.13
o 14 0.13
o 13 0.13
o 12 0.13
o 11 0.13
o 10 0.14
o 9 0.17
o 8 0.17
o 7 0.23
o 6 0.24
o 5 125.96
GenHyperTW_b01
o 22 0.17
o 21 0.17
o 20 0.17
o 19 0.17
o 18 0.17
o 17 0.17
o 16 0.17
o 15 0.17
o 14 0.17
o 12 0.18
o 11 0.18
o 10 0.24
o 9 0.24
o 8 0.25
o 7 0.63
o 6 26.87
o 5 92.67
GenHyperTW_b01
o 24 0.18
o 21 0.18
o 20 0.18
o 19 0.18
o 18 0.18
o 17 0.18
o 16 0.18
o 15 0.18
o 14 0.19
o 13 0.2
o 12 0.2
o 10 0.3
o 9 0.37
o 8 0.37
o 7 0.78
o 6 14.16
