lam.20-100-p100-97
o 92 0.53
o 91 0.53
o 90 0.53
o 89 0.53
o 88 0.54
o 87 0.75
o 86 3.61
o 85 5.69
o 84 7.35
o 83 7.9
o 82 8.25
lam.20-100-p100-97
o 94 0.51
o 93 0.51
o 92 0.51
o 91 0.53
o 90 0.53
o 89 0.53
o 88 1.05
o 87 1.11
o 86 1.17
o 85 4.57
o 84 14.65
o 83 200.47
lam.20-100-p100-97
o 92 0.52
o 91 0.52
o 90 0.53
o 89 0.53
o 88 0.54
o 86 1.28
o 85 8.45
o 84 12.42
o 83 182.77
lam.20-100-p100-97
o 91 0.55
o 90 0.55
o 89 0.55
o 88 0.56
o 87 0.6
o 86 1.86
o 85 6.53
o 84 6.69
lam.20-100-p100-97
o 92 0.56
o 91 0.56
o 90 0.56
o 89 0.57
o 88 0.61
o 87 0.78
o 86 1.54
o 85 16.02
o 84 18.75
lam.20-100-p100-97
o 95 0.52
o 94 0.52
o 93 0.52
o 92 0.52
o 91 0.52
o 90 0.52
o 89 0.52
o 88 0.53
o 87 0.53
o 86 4.23
o 85 13.7
o 84 16.24
o 83 16.27
o 82 107.59
lam.20-100-p100-97
o 96 0.53
o 94 0.53
o 93 0.53
o 92 0.53
o 91 0.54
o 90 0.54
o 89 0.54
o 88 0.62
o 87 1.53
o 86 4.71
o 85 10.55
o 84 78.67
lam.20-100-p100-97
o 93 0.54
o 92 0.56
o 91 0.56
o 90 0.56
o 89 0.59
o 88 0.78
o 87 1.07
o 86 1.07
o 85 11.8
o 84 12.11
o 83 12.38
o 82 141.02
lam.20-100-p100-97
o 91 0.58
o 89 0.59
o 88 0.6
o 87 0.94
o 86 1.26
o 85 14.3
o 84 26.7
o 83 292.21
lam.20-100-p100-97
o 93 0.59
o 92 0.59
o 91 0.59
o 90 0.59
o 89 0.6
o 88 0.63
o 87 3.13
o 86 4.6
o 85 17.39
o 84 17.42
o 83 32.71
