ran-scp.scp59_maxsat
o 159 0
o 155 0
o 150 0
o 145 0
o 141 0
o 138 0
o 134 0
o 131 0
o 128 0
o 125 0
o 122 0
o 120 0
o 117 0
o 115 0
o 113 0
o 111 0
o 109 0
o 107 0
o 105 0
o 104 0
o 103 0
o 102 0
o 101 0
o 100 0
o 99 0
o 98 0
o 97 0
o 96 0
o 95 0
o 94 0
o 93 0
o 92 0
o 91 0
o 90 0
o 89 0
o 88 0
o 87 0
o 86 0
o 85 0
o 84 0
o 83 0
o 82 0
o 81 0
o 80 0
o 79 0
o 78 0
o 77 0
o 76 0
o 75 0
o 74 0
o 73 0
o 72 0
o 71 0
o 70 0
o 69 0
o 68 0
o 67 0
o 66 0
o 65 0
o 64 0
o 63 0
o 62 0
o 61 0
o 60 0
o 59 0
o 58 0
o 57 0
o 56 0
o 55 0
o 54 0
o 53 0
o 52 0
o 51 0
o 50 0
o 49 0
o 48 0
o 47 0
o 46 0
o 45 0
o 44 0
o 43 0
o 42 0
o 41 0
o 40 0.03
o 39 0.04
o 38 0.05
o 37 0.06
o 36 1.35
o 35 14.49
ran-scp.scp59_maxsat
o 163 0
o 158 0
o 153 0
o 149 0
o 144 0
o 140 0
o 137 0
o 133 0
o 130 0
o 127 0
o 124 0
o 121 0
o 118 0
o 116 0
o 114 0
o 112 0
o 110 0
o 108 0
o 106 0
o 104 0
o 103 0
o 102 0
o 101 0
o 100 0
o 99 0
o 98 0
o 97 0
o 96 0
o 95 0
o 94 0
o 93 0
o 92 0
o 91 0
o 90 0
o 89 0
o 88 0
o 87 0
o 86 0
o 85 0
o 84 0
o 83 0
o 82 0
o 81 0
o 80 0
o 79 0
o 78 0
o 77 0
o 76 0
o 75 0
o 74 0
o 73 0
o 72 0
o 71 0
o 70 0
o 69 0
o 68 0
o 67 0
o 66 0
o 65 0
o 64 0
o 63 0
o 62 0
o 61 0
o 60 0
o 59 0
o 58 0
o 57 0
o 56 0
o 55 0
o 54 0
o 53 0
o 52 0
o 51 0
o 50 0
o 49 0
o 48 0
o 47 0
o 46 0
o 45 0
o 44 0
o 43 0
o 42 0
o 41 0
o 40 0.04
o 39 0.04
o 38 0.04
o 37 0.04
o 36 0.04
o 35 18.99
ran-scp.scp59_maxsat
o 157 0
o 153 0
o 149 0
o 145 0
o 141 0
o 136 0
o 133 0
o 129 0
o 125 0
o 122 0
o 120 0
o 118 0
o 116 0
o 113 0
o 111 0
o 109 0
o 107 0
o 106 0
o 105 0
o 104 0
o 103 0
o 102 0
o 101 0
o 100 0
o 99 0
o 98 0
o 97 0
o 96 0
o 95 0
o 94 0
o 93 0
o 92 0
o 91 0
o 90 0
o 89 0
o 88 0
o 87 0
o 86 0
o 85 0
o 84 0
o 83 0
o 82 0
o 81 0
o 80 0
o 79 0
o 78 0
o 77 0
o 76 0
o 75 0
o 74 0
o 73 0
o 72 0
o 71 0
o 70 0
o 69 0
o 68 0
o 67 0
o 66 0
o 65 0
o 64 0
o 63 0
o 62 0
o 61 0
o 60 0
o 59 0
o 58 0
o 57 0
o 56 0
o 55 0
o 54 0
o 53 0
o 52 0
o 51 0
o 50 0
o 49 0
o 48 0
o 47 0
o 46 0
o 45 0
o 44 0
o 43 0
o 42 0
o 41 0
o 40 0
o 39 0.04
o 38 0.05
o 37 0.06
o 36 0.57
o 35 0.59
ran-scp.scp59_maxsat
o 156 0.01
o 151 0.01
o 147 0.01
o 142 0.01
o 138 0.01
o 135 0.01
o 132 0.01
o 129 0.01
o 126 0.01
o 123 0.01
o 121 0.01
o 118 0.01
o 116 0.01
o 114 0.01
o 112 0.01
o 110 0.01
o 108 0.01
o 107 0.01
o 106 0.01
o 105 0.01
o 104 0.01
o 103 0.01
o 102 0.01
o 101 0.01
o 100 0.01
o 99 0.01
o 98 0.01
o 97 0.01
o 96 0.01
o 95 0.01
o 94 0.01
o 93 0.01
o 92 0.01
o 91 0.01
o 90 0.01
o 89 0.01
o 88 0.01
o 87 0.01
o 86 0.01
o 85 0.01
o 84 0.01
o 83 0.01
o 82 0.01
o 81 0.01
o 80 0.01
o 79 0.01
o 78 0.01
o 77 0.01
o 76 0.01
o 75 0.01
o 74 0.01
o 73 0.01
o 72 0.01
o 71 0.01
o 70 0.01
o 69 0.01
o 68 0.01
o 67 0.01
o 66 0.01
o 65 0.01
o 64 0.01
o 63 0.01
o 62 0.01
o 61 0.01
o 60 0.01
o 59 0.01
o 58 0.01
o 57 0.01
o 56 0.01
o 55 0.01
o 54 0.01
o 53 0.01
o 52 0.01
o 51 0.01
o 50 0.01
o 49 0.01
o 48 0.01
o 47 0.01
o 46 0.01
o 45 0.01
o 44 0.01
o 43 0.01
o 42 0.01
o 41 0.01
o 40 0.05
o 39 0.05
o 38 0.06
o 37 0.07
o 36 0.09
o 35 3.02
ran-scp.scp59_maxsat
o 159 0
o 155 0
o 151 0
o 147 0
o 143 0
o 139 0
o 135 0
o 132 0
o 128 0
o 125 0
o 122 0
o 119 0
o 116 0
o 114 0
o 112 0
o 110 0
o 108 0
o 106 0
o 104 0
o 102 0
o 100 0
o 98 0
o 97 0
o 96 0
o 95 0
o 94 0
o 93 0
o 92 0
o 91 0
o 90 0
o 89 0
o 88 0
o 87 0
o 86 0
o 85 0
o 84 0
o 83 0
o 82 0
o 81 0
o 80 0
o 79 0
o 78 0
o 77 0
o 76 0
o 75 0
o 74 0
o 73 0
o 72 0
o 71 0
o 70 0
o 69 0
o 68 0
o 67 0
o 66 0
o 65 0
o 64 0
o 63 0
o 62 0
o 61 0
o 60 0
o 59 0
o 58 0
o 57 0
o 56 0
o 55 0
o 54 0
o 53 0
o 52 0
o 51 0
o 50 0
o 49 0
o 48 0
o 47 0
o 46 0
o 45 0
o 44 0
o 43 0
o 42 0
o 41 0.03
o 40 0.04
o 39 0.04
o 38 0.04
o 37 0.06
o 36 0.08
o 35 0.1
ran-scp.scp59_maxsat
o 152 0
o 147 0
o 143 0
o 140 0
o 136 0
o 132 0
o 129 0
o 126 0
o 122 0
o 119 0
o 115 0
o 113 0
o 111 0
o 108 0
o 106 0
o 104 0
o 102 0
o 101 0
o 100 0
o 99 0
o 98 0
o 97 0
o 96 0
o 95 0
o 94 0
o 93 0
o 92 0
o 91 0
o 90 0
o 89 0
o 88 0
o 87 0
o 86 0
o 85 0
o 84 0
o 83 0
o 82 0
o 81 0
o 80 0
o 79 0
o 78 0
o 77 0
o 76 0
o 75 0
o 74 0
o 73 0
o 72 0
o 71 0
o 70 0
o 69 0
o 68 0
o 67 0
o 66 0
o 65 0
o 64 0
o 63 0
o 62 0
o 61 0
o 60 0
o 59 0
o 58 0
o 57 0
o 56 0
o 55 0
o 54 0
o 53 0
o 52 0
o 51 0
o 50 0
o 49 0
o 48 0
o 47 0
o 46 0
o 45 0
o 44 0
o 43 0
o 42 0
o 41 0
o 40 0.04
o 39 0.04
o 38 0.04
o 37 0.04
o 36 0.34
o 35 43.99
ran-scp.scp59_maxsat
o 149 0
o 145 0
o 142 0
o 138 0
o 135 0
o 132 0
o 130 0
o 126 0
o 123 0
o 121 0
o 119 0
o 117 0
o 115 0
o 113 0
o 111 0
o 110 0
o 109 0
o 108 0
o 107 0
o 106 0
o 105 0
o 104 0
o 103 0
o 102 0
o 101 0
o 100 0
o 99 0
o 98 0
o 97 0
o 96 0
o 95 0
o 94 0
o 93 0
o 92 0
o 91 0
o 90 0
o 89 0
o 88 0
o 87 0
o 86 0
o 85 0
o 84 0
o 83 0
o 82 0
o 81 0
o 80 0
o 79 0
o 78 0
o 77 0
o 76 0
o 75 0
o 74 0
o 73 0
o 72 0
o 71 0
o 70 0
o 69 0
o 68 0
o 67 0
o 66 0
o 65 0
o 64 0
o 63 0
o 62 0
o 61 0
o 60 0
o 59 0
o 58 0
o 57 0
o 56 0
o 55 0
o 54 0
o 53 0
o 52 0
o 51 0
o 50 0
o 49 0
o 48 0
o 47 0
o 46 0
o 45 0
o 44 0
o 43 0
o 42 0
o 41 0
o 40 0.03
o 39 0.03
o 38 0.03
o 37 0.03
o 36 0.19
o 35 8.45
ran-scp.scp59_maxsat
o 155 0
o 150 0
o 146 0
o 140 0
o 137 0
o 134 0
o 130 0
o 127 0
o 124 0
o 121 0
o 118 0
o 115 0
o 112 0
o 109 0
o 106 0
o 104 0
o 102 0
o 100 0
o 98 0
o 97 0
o 96 0
o 95 0
o 94 0
o 93 0
o 92 0
o 91 0
o 90 0
o 89 0
o 88 0
o 87 0
o 86 0
o 85 0
o 84 0
o 83 0
o 82 0
o 81 0
o 80 0
o 79 0
o 78 0
o 77 0
o 76 0
o 75 0
o 74 0
o 73 0
o 72 0
o 71 0
o 70 0
o 69 0
o 68 0
o 67 0
o 66 0
o 65 0
o 64 0
o 63 0
o 62 0
o 61 0
o 60 0
o 59 0
o 58 0
o 57 0
o 56 0
o 55 0
o 54 0
o 53 0
o 52 0
o 51 0
o 50 0
o 49 0
o 48 0
o 47 0
o 46 0
o 45 0
o 44 0
o 43 0
o 42 0
o 41 0
o 40 0.03
o 39 0.04
o 38 0.04
o 37 0.07
o 36 0.78
o 35 8.05
ran-scp.scp59_maxsat
o 159 0
o 154 0
o 151 0
o 147 0
o 144 0
o 141 0
o 138 0
o 135 0
o 132 0
o 129 0
o 127 0
o 124 0
o 122 0
o 119 0
o 116 0
o 114 0
o 112 0
o 110 0
o 108 0
o 107 0
o 106 0
o 105 0
o 104 0
o 103 0
o 102 0
o 101 0
o 100 0
o 99 0
o 98 0
o 97 0
o 96 0
o 95 0
o 94 0
o 93 0
o 92 0
o 91 0
o 90 0
o 89 0
o 88 0
o 87 0
o 86 0
o 85 0
o 84 0
o 83 0
o 82 0
o 81 0
o 80 0
o 79 0
o 78 0
o 77 0
o 76 0
o 75 0
o 74 0
o 73 0
o 72 0
o 71 0
o 70 0
o 69 0
o 68 0
o 67 0
o 66 0
o 65 0
o 64 0
o 63 0
o 62 0
o 61 0
o 60 0
o 59 0
o 58 0
o 57 0
o 56 0
o 55 0
o 54 0
o 53 0
o 52 0
o 51 0
o 50 0
o 49 0
o 48 0
o 47 0
o 46 0
o 45 0
o 44 0
o 43 0
o 42 0
o 41 0
o 40 0
o 39 0.04
o 38 0.05
o 37 0.05
o 36 0.14
o 35 0.15
ran-scp.scp59_maxsat
o 145 0
o 141 0
o 138 0
o 133 0
o 130 0
o 127 0
o 124 0
o 120 0
o 117 0
o 114 0
o 111 0
o 109 0
o 106 0
o 104 0
o 102 0
o 100 0
o 99 0
o 98 0
o 97 0
o 96 0
o 95 0
o 94 0
o 93 0
o 92 0
o 91 0
o 90 0
o 89 0
o 88 0
o 87 0
o 86 0
o 85 0
o 84 0
o 83 0
o 82 0
o 81 0
o 80 0
o 79 0
o 78 0
o 77 0
o 76 0
o 75 0
o 74 0
o 73 0
o 72 0
o 71 0
o 70 0
o 69 0
o 68 0
o 67 0
o 66 0
o 65 0
o 64 0
o 63 0
o 62 0
o 61 0
o 60 0
o 59 0
o 58 0
o 57 0
o 56 0
o 55 0
o 54 0
o 53 0
o 52 0
o 51 0
o 50 0
o 49 0
o 48 0
o 47 0
o 46 0
o 45 0
o 44 0
o 43 0
o 42 0
o 41 0
o 40 0.03
o 39 0.03
o 38 0.07
o 37 0.07
o 36 0.09
o 35 27.74
