ran-scp.scpnrf4_maxsat
o 56 0.63
o 40 0.63
o 31 0.63
o 26 0.63
o 20 0.63
o 19 0.63
o 18 0.63
o 17 0.63
o 16 0.63
o 15 0.63
o 14 0.63
o 13 0.64
o 12 21.11
ran-scp.scpnrf4_maxsat
o 75 0.64
o 55 0.64
o 41 0.64
o 31 0.64
o 25 0.64
o 20 0.64
o 19 0.64
o 18 0.64
o 17 0.64
o 16 0.64
o 15 0.64
o 14 0.64
o 13 0.67
o 12 12.63
ran-scp.scpnrf4_maxsat
o 100 0.61
o 71 0.61
o 53 0.61
o 40 0.61
o 30 0.61
o 25 0.61
o 21 0.61
o 19 0.61
o 18 0.61
o 17 0.61
o 16 0.61
o 15 0.61
o 14 0.62
o 13 0.64
o 12 10.82
ran-scp.scpnrf4_maxsat
o 60 0.61
o 43 0.61
o 32 0.61
o 26 0.62
o 22 0.62
o 20 0.62
o 19 0.62
o 18 0.62
o 17 0.62
o 16 0.62
o 15 0.62
o 14 0.62
o 13 0.62
o 12 12.39
ran-scp.scpnrf4_maxsat
o 48 0.61
o 37 0.61
o 28 0.61
o 23 0.61
o 20 0.61
o 19 0.61
o 18 0.61
o 17 0.61
o 16 0.61
o 15 0.61
o 14 0.61
o 13 0.66
o 12 10.8
ran-scp.scpnrf4_maxsat
o 63 0.63
o 48 0.63
o 36 0.63
o 30 0.63
o 24 0.63
o 21 0.63
o 20 0.63
o 19 0.63
o 18 0.63
o 17 0.63
o 16 0.63
o 15 0.63
o 14 0.63
o 13 0.7
o 12 2.11
ran-scp.scpnrf4_maxsat
o 44 0.61
o 35 0.61
o 28 0.61
o 24 0.61
o 21 0.61
o 20 0.61
o 19 0.61
o 18 0.61
o 17 0.61
o 16 0.61
o 15 0.61
o 14 0.61
o 13 0.91
o 12 16.57
ran-scp.scpnrf4_maxsat
o 62 0.61
o 42 0.61
o 33 0.61
o 27 0.61
o 21 0.61
o 19 0.61
o 18 0.61
o 17 0.61
o 16 0.61
o 15 0.61
o 14 0.62
o 13 0.63
o 12 10.84
ran-scp.scpnrf4_maxsat
o 124 0.62
o 102 0.62
o 77 0.62
o 53 0.62
o 39 0.62
o 30 0.62
o 23 0.62
o 19 0.62
o 17 0.62
o 16 0.62
o 15 0.62
o 14 0.62
o 13 0.64
o 12 16.25
ran-scp.scpnrf4_maxsat
o 80 0.61
o 56 0.61
o 42 0.61
o 32 0.61
o 26 0.61
o 22 0.61
o 19 0.61
o 18 0.61
o 17 0.61
o 16 0.61
o 15 0.61
o 14 0.61
o 13 0.63
o 12 18.91
