rsdecoder-problem.dimacs_41.filtered
o 4 2.72
o 3 2.73
o 2 2.93
rsdecoder-problem.dimacs_41.filtered
o 4 3.31
o 3 3.31
o 2 3.31
rsdecoder-problem.dimacs_41.filtered
o 3 2.53
o 2 2.66
rsdecoder-problem.dimacs_41.filtered
o 3 2.4
o 2 2.43
rsdecoder-problem.dimacs_41.filtered
o 5 2.37
o 4 2.37
o 3 2.37
o 2 2.5
rsdecoder-problem.dimacs_41.filtered
o 3 2.42
o 2 2.42
rsdecoder-problem.dimacs_41.filtered
o 3 2.61
o 2 2.62
rsdecoder-problem.dimacs_41.filtered
o 3 2.37
o 2 2.37
rsdecoder-problem.dimacs_41.filtered
o 3 2.7
o 2 23.57
rsdecoder-problem.dimacs_41.filtered
o 4 2.45
o 3 2.45
o 2 2.54
