TWComp_myciel5_N47
o 25 0.13
o 24 0.13
o 23 0.13
o 22 0.13
o 21 0.21
o 20 0.23
o 19 3.56
TWComp_myciel5_N47
o 26 0.13
o 25 0.13
o 24 0.14
o 23 0.14
o 22 0.14
o 21 0.26
o 20 0.36
o 19 8.9
TWComp_myciel5_N47
o 30 0.12
o 29 0.12
o 28 0.12
o 27 0.12
o 24 0.13
o 22 0.15
o 21 0.16
o 20 0.34
o 19 1.05
TWComp_myciel5_N47
o 26 0.15
o 24 0.15
o 23 0.15
o 22 0.15
o 20 0.21
o 19 8.56
TWComp_myciel5_N47
o 24 0.14
o 23 0.14
o 22 0.14
o 21 0.38
o 20 0.46
o 19 3.7
TWComp_myciel5_N47
o 27 0.16
o 25 0.16
o 24 0.16
o 23 0.17
o 21 0.22
o 20 0.24
o 19 2.44
TWComp_myciel5_N47
o 25 0.13
o 24 0.13
o 23 0.13
o 22 0.32
o 21 1.48
o 20 1.59
o 19 43.87
TWComp_myciel5_N47
o 25 0.14
o 24 0.14
o 23 0.14
o 22 0.15
o 21 0.2
o 20 0.22
o 19 3.7
TWComp_myciel5_N47
o 27 0.14
o 26 0.14
o 25 0.14
o 24 0.14
o 23 0.16
o 22 0.18
o 21 0.26
o 20 0.3
o 19 8.34
TWComp_myciel5_N47
o 26 0.13
o 24 0.13
o 23 0.14
o 22 0.17
o 21 0.18
o 20 0.62
o 19 10.89
