wei.MultiDay_1_weighted
o 81519 11.65
o 75034 11.79
o 74056 69.76
o 74026 70.18
o 73998 71.02
o 73990 71.28
o 73978 71.65
o 73970 72.4
o 73965 73.14
wei.MultiDay_1_weighted
o 81519 0.86
o 75047 0.96
o 74050 49.02
o 74034 49.51
o 74014 49.86
o 74006 50
o 74004 50.8
o 73993 51.21
o 73986 51.62
o 73977 52.05
o 73967 52.45
o 73961 52.7
o 73954 52.86
wei.MultiDay_1_weighted
o 81519 0.76
o 75005 0.88
o 74005 50.03
o 73995 50.21
o 73971 50.51
o 73968 50.64
o 73964 50.81
o 73962 51.82
o 73955 51.98
o 73940 52.38
o 73939 52.67
o 73937 52.84
o 73936 52.9
o 73935 52.9
o 73933 52.95
wei.MultiDay_1_weighted
o 81519 0.73
o 75041 0.85
o 74101 54.38
o 74004 55.31
o 73983 55.72
o 73968 56.12
o 73964 56.88
o 73951 57.14
o 73944 57.25
o 73941 58.16
o 73940 58.47
wei.MultiDay_1_weighted
o 81519 0.8
o 74993 0.92
o 74006 62.62
o 73989 63.05
o 73953 64.54
wei.MultiDay_1_weighted
o 81519 0.67
o 75050 0.77
o 74022 49.37
o 74000 50.07
o 73967 50.59
wei.MultiDay_1_weighted
o 81519 0.66
o 75066 0.75
o 74052 44.94
o 74016 45.49
o 73967 46.81
o 73966 47.12
o 73964 47.29
o 73955 48.52
o 73954 48.67
wei.MultiDay_1_weighted
o 81519 0.65
o 75026 0.75
o 74129 40.41
o 73972 42.18
o 73963 42.4
o 73959 42.49
o 73952 42.69
o 73945 43.35
o 73942 43.55
o 73938 43.59
wei.MultiDay_1_weighted
o 81519 0.67
o 75039 0.77
o 74060 45.09
o 74029 45.5
o 74008 45.88
o 74004 46.11
o 73984 46.54
o 73971 46.87
o 73963 47.46
o 73955 47.67
wei.MultiDay_1_weighted
o 81519 0.63
o 75042 0.73
o 74183 42.49
o 74000 44.16
o 73978 44.83
o 73976 44.93
o 73969 45.15
o 73967 45.22
o 73962 45.7
o 73958 45.77
o 73953 46.07
o 73949 46.51
o 73948 46.59
