decision-tree-kr-vs-kp-un-formula_0.8_2021_atleast_63_max-5_reduced_incomplete_tree
o 1425 7.530000
o 1424 7.740000
o 1423 7.740000
o 1422 7.740000
o 1421 7.740000
o 1420 7.740000
o 1419 7.740000
o 1418 7.740000
o 1417 7.740000
o 1416 7.740000
o 1415 7.740000
o 1414 7.740000
o 1413 7.740000
o 1412 7.740000
o 1411 7.740000
o 1410 7.740000
o 1409 7.740000
o 1408 7.740000
o 1407 7.740000
o 1406 7.740000
o 1405 7.740000
o 1404 7.740000
o 1403 7.740000
o 1402 7.750000
o 1401 7.750000
o 1400 7.750000
o 1399 7.750000
o 1398 7.750000
o 1397 7.750000
o 1396 7.750000
o 1395 7.750000
o 1394 7.750000
o 1393 7.750000
o 1392 7.750000
o 1391 7.750000
o 1390 7.750000
o 1389 7.750000
o 1388 7.750000
o 1387 7.750000
o 1386 7.750000
o 1385 7.750000
o 1384 7.750000
o 1383 7.750000
o 1382 7.750000
o 1381 7.750000
o 1380 7.750000
o 1379 7.750000
o 1378 7.750000
o 1377 7.750000
o 1376 7.750000
o 1375 7.750000
o 1374 7.750000
o 1373 7.750000
o 1372 7.750000
o 1371 7.750000
o 1370 7.750000
o 1369 7.750000
o 1368 7.750000
o 1367 7.750000
o 1366 7.750000
o 1365 7.750000
o 1364 7.750000
o 1363 7.750000
o 1362 7.750000
o 1361 7.750000
o 1360 7.750000
o 1359 7.750000
o 1358 7.750000
o 1357 7.750000
o 1356 7.750000
o 1355 7.750000
o 1354 7.750000
o 1353 7.750000
o 1352 7.750000
o 1351 7.750000
o 1350 7.750000
o 1349 7.750000
o 1348 7.750000
o 1347 7.750000
o 1346 7.750000
o 1345 7.750000
o 1344 7.750000
o 1343 7.750000
o 1342 7.750000
o 1341 7.750000
o 1340 7.750000
o 1339 7.750000
o 1338 7.750000
o 1337 7.750000
o 1336 7.750000
o 1335 7.750000
o 1334 7.750000
o 1333 7.750000
o 1332 7.750000
o 1331 7.750000
o 1330 7.750000
o 1329 7.750000
o 1328 7.750000
o 1327 7.750000
o 1326 7.750000
o 1325 7.750000
o 1324 7.750000
o 1323 7.750000
o 1322 7.760000
o 1321 7.760000
o 1320 7.760000
o 1319 7.760000
o 1318 7.760000
o 1317 7.760000
o 1316 7.760000
o 1315 7.760000
o 1314 7.760000
o 1313 7.760000
o 1312 7.760000
o 1311 7.760000
o 1310 7.760000
o 1309 7.760000
o 1308 7.760000
o 1307 7.760000
o 1306 7.760000
o 1305 7.760000
o 1304 7.760000
o 1303 7.760000
o 1302 7.760000
o 1301 7.760000
o 1300 7.760000
o 1299 7.760000
o 1298 7.760000
o 1297 7.760000
o 1296 7.760000
o 1295 7.760000
o 1294 7.760000
o 1293 7.760000
o 1292 7.760000
o 1291 7.760000
o 1290 7.760000
o 1289 7.760000
o 1288 7.760000
o 1287 7.760000
o 1286 7.760000
o 1285 7.760000
o 1284 7.760000
o 1283 7.760000
o 1282 7.760000
o 1281 7.760000
o 1280 7.760000
o 1279 7.760000
o 1278 7.760000
o 1277 7.760000
o 1276 7.760000
o 1275 7.760000
o 1274 7.760000
o 1273 7.760000
o 1272 7.760000
o 1271 7.760000
o 1270 7.760000
o 1269 7.760000
o 1268 7.760000
o 1267 7.760000
o 1266 7.760000
o 1265 7.760000
o 1264 7.760000
o 1263 7.760000
o 1262 7.760000
o 1261 7.760000
o 1260 7.760000
o 1259 7.760000
o 1258 7.760000
o 1257 7.760000
o 1256 7.760000
o 1255 7.760000
o 1254 7.760000
o 1253 7.760000
o 1252 7.760000
o 1251 7.760000
o 1250 7.760000
o 1249 7.760000
o 1248 7.760000
o 1247 7.760000
o 1246 7.760000
o 1245 7.760000
1245	7.760000
decision-tree-kr-vs-kp-un-formula_0.8_2021_atleast_63_max-5_reduced_incomplete_tree
o 1682 6.320000
o 1681 6.430000
o 1680 6.430000
o 1679 6.430000
o 1678 6.430000
o 1677 6.430000
o 1676 6.430000
o 1675 6.430000
o 1674 6.430000
o 1673 6.430000
o 1672 6.430000
o 1671 6.430000
o 1670 6.430000
o 1669 6.430000
o 1668 6.430000
o 1667 6.430000
o 1666 6.430000
o 1665 6.430000
o 1664 6.430000
o 1663 6.430000
o 1662 6.430000
o 1661 6.430000
o 1660 6.430000
o 1659 6.430000
o 1658 6.430000
o 1657 6.430000
o 1656 6.430000
o 1655 6.430000
o 1654 6.430000
o 1653 6.430000
o 1652 6.430000
o 1651 6.430000
o 1650 6.430000
o 1649 6.430000
o 1648 6.430000
o 1647 6.430000
o 1646 6.430000
o 1645 6.430000
o 1644 6.430000
o 1643 6.430000
o 1642 6.430000
o 1641 6.430000
o 1640 6.430000
o 1639 6.430000
o 1638 6.430000
o 1637 6.430000
o 1636 6.430000
o 1635 6.430000
o 1634 6.430000
o 1633 6.430000
o 1632 6.430000
o 1631 6.430000
o 1630 6.430000
o 1629 6.430000
o 1628 6.430000
o 1627 6.430000
o 1626 6.430000
o 1625 6.430000
o 1624 6.430000
o 1623 6.430000
o 1622 6.430000
o 1621 6.430000
o 1620 6.430000
o 1619 6.430000
o 1618 6.430000
o 1617 6.430000
o 1616 6.430000
o 1615 6.430000
o 1614 6.430000
o 1613 6.440000
o 1612 6.440000
o 1611 6.440000
o 1610 6.440000
o 1609 6.440000
o 1608 6.440000
o 1607 6.440000
o 1606 6.440000
o 1605 6.440000
o 1604 6.440000
o 1603 6.440000
o 1602 6.440000
o 1601 6.440000
o 1600 6.440000
o 1599 6.440000
o 1598 6.440000
o 1597 6.440000
o 1596 6.440000
o 1595 6.440000
o 1594 6.440000
o 1593 6.440000
o 1592 6.440000
o 1591 6.440000
o 1590 6.440000
o 1589 6.440000
o 1588 6.440000
o 1587 6.440000
o 1586 6.440000
o 1585 6.440000
o 1584 6.440000
o 1583 6.440000
o 1582 6.440000
o 1581 6.440000
o 1580 6.440000
o 1579 6.440000
o 1578 6.440000
o 1577 6.440000
o 1576 6.440000
o 1575 6.440000
o 1574 6.440000
o 1573 6.440000
o 1572 6.440000
o 1571 6.440000
o 1570 6.440000
o 1569 6.440000
o 1568 6.440000
o 1567 6.440000
o 1566 6.440000
o 1565 6.440000
o 1564 6.440000
o 1563 6.440000
o 1562 6.440000
o 1561 6.440000
o 1560 6.440000
o 1559 6.440000
o 1558 6.440000
o 1557 6.440000
o 1556 6.440000
o 1555 6.440000
o 1554 6.440000
o 1553 6.440000
o 1552 6.440000
o 1551 6.440000
o 1550 6.440000
o 1549 6.440000
o 1548 6.440000
o 1547 6.440000
o 1546 6.440000
o 1545 6.440000
o 1544 6.440000
o 1543 6.440000
o 1542 6.440000
o 1541 6.440000
o 1540 6.440000
o 1539 6.440000
o 1538 6.440000
o 1537 6.440000
o 1536 6.440000
o 1535 6.440000
o 1534 6.440000
o 1533 6.450000
o 1532 6.450000
o 1531 6.450000
o 1530 6.450000
o 1529 6.450000
o 1528 6.450000
o 1527 6.450000
o 1526 6.450000
o 1525 6.450000
o 1524 6.450000
o 1523 6.450000
o 1522 6.450000
o 1521 6.450000
o 1520 6.450000
o 1519 6.450000
o 1518 6.450000
o 1517 6.450000
o 1516 6.450000
o 1515 6.450000
o 1514 6.450000
o 1513 6.450000
o 1512 6.450000
o 1511 6.450000
o 1510 6.450000
o 1509 6.450000
o 1508 6.450000
o 1507 6.450000
o 1506 6.450000
o 1505 6.450000
o 1504 6.450000
o 1503 6.450000
o 1502 6.450000
o 1501 6.450000
o 1500 6.450000
o 1499 6.450000
o 1498 6.450000
o 1497 6.450000
o 1496 6.450000
o 1495 6.450000
o 1494 6.450000
o 1493 6.450000
o 1492 6.450000
o 1491 6.450000
o 1490 6.450000
o 1489 6.450000
o 1488 6.450000
o 1487 6.450000
o 1486 6.450000
o 1485 6.450000
o 1484 6.450000
o 1483 6.450000
o 1482 6.450000
o 1481 6.450000
o 1480 6.450000
o 1479 6.450000
o 1478 6.450000
o 1477 6.450000
o 1476 6.450000
o 1475 6.450000
o 1474 6.450000
o 1473 6.450000
o 1472 6.450000
o 1471 6.450000
o 1470 6.450000
o 1469 6.450000
o 1468 6.450000
o 1467 6.450000
o 1466 6.450000
o 1465 6.450000
o 1464 6.450000
o 1463 6.450000
o 1462 6.450000
o 1461 6.450000
o 1460 6.450000
o 1459 6.450000
o 1458 6.450000
o 1457 6.450000
o 1456 6.450000
o 1455 6.450000
o 1454 6.450000
o 1453 6.460000
o 1452 6.460000
o 1451 6.460000
o 1450 6.460000
o 1449 6.460000
o 1448 6.460000
o 1447 6.460000
o 1446 6.460000
o 1445 6.460000
o 1444 6.460000
o 1443 6.460000
o 1442 6.460000
o 1441 6.460000
o 1440 6.460000
o 1439 6.460000
o 1438 6.460000
o 1437 6.460000
o 1436 6.460000
o 1435 6.460000
o 1434 6.460000
o 1433 6.460000
o 1432 6.460000
o 1431 6.460000
o 1430 6.460000
o 1429 6.460000
o 1428 6.460000
o 1427 6.460000
o 1426 6.460000
o 1425 6.460000
o 1424 6.460000
o 1423 6.460000
o 1422 6.460000
o 1421 6.460000
o 1420 6.460000
o 1419 6.460000
o 1418 6.460000
o 1417 6.460000
o 1416 6.460000
o 1415 6.460000
o 1414 6.460000
o 1413 6.460000
o 1412 6.460000
o 1411 6.460000
o 1410 6.460000
o 1409 6.460000
o 1408 6.460000
o 1407 6.460000
o 1406 6.460000
o 1405 6.460000
o 1404 6.460000
o 1403 6.460000
o 1402 6.460000
o 1401 6.460000
o 1400 6.460000
o 1399 6.460000
o 1398 6.460000
o 1397 6.460000
o 1396 6.460000
o 1395 6.460000
o 1394 6.460000
o 1393 6.460000
o 1392 6.460000
o 1391 6.460000
o 1390 6.460000
o 1389 6.460000
o 1388 6.460000
o 1387 6.460000
o 1386 6.460000
o 1385 6.460000
o 1384 6.460000
o 1383 6.460000
o 1382 6.460000
o 1381 6.460000
o 1380 6.460000
o 1379 6.460000
o 1378 6.460000
o 1377 6.460000
o 1376 6.460000
o 1375 6.460000
o 1374 6.460000
o 1373 6.460000
o 1372 6.470000
o 1371 6.470000
o 1370 6.470000
o 1369 6.470000
o 1368 6.470000
o 1367 6.470000
o 1366 6.470000
o 1365 6.470000
o 1364 6.470000
o 1363 6.470000
o 1362 6.470000
o 1361 6.470000
o 1360 6.470000
o 1359 6.470000
o 1358 6.470000
o 1357 6.470000
o 1356 6.470000
o 1355 6.470000
o 1354 6.470000
o 1353 6.470000
o 1352 6.470000
o 1351 6.470000
o 1350 6.470000
o 1349 6.470000
o 1348 6.470000
o 1347 6.470000
o 1346 6.470000
o 1345 6.470000
o 1344 6.470000
o 1343 6.470000
o 1342 6.470000
o 1341 6.470000
o 1340 6.470000
o 1339 6.470000
o 1338 6.470000
o 1337 6.470000
o 1336 6.470000
o 1335 6.470000
o 1334 6.470000
o 1333 6.470000
o 1332 6.470000
o 1331 6.470000
o 1330 6.470000
o 1329 6.470000
o 1328 6.470000
o 1327 6.470000
o 1326 6.470000
o 1325 6.470000
o 1324 6.470000
o 1323 6.470000
o 1322 6.470000
o 1321 6.470000
o 1320 6.470000
o 1319 6.470000
o 1318 6.470000
o 1317 6.470000
o 1316 6.470000
o 1315 6.470000
o 1314 6.470000
o 1313 6.470000
o 1312 6.470000
o 1311 6.470000
o 1310 6.470000
o 1309 6.470000
o 1308 6.470000
o 1307 6.470000
o 1306 6.470000
o 1305 6.470000
o 1304 6.470000
o 1303 6.470000
o 1302 6.470000
o 1301 6.470000
o 1300 6.470000
o 1299 6.470000
o 1298 6.470000
o 1297 6.470000
o 1296 6.470000
o 1295 6.470000
o 1294 6.470000
o 1293 6.470000
o 1292 6.470000
o 1291 6.480000
o 1290 6.480000
o 1289 6.480000
o 1288 6.480000
o 1287 6.480000
o 1286 6.480000
o 1285 6.480000
o 1284 6.480000
o 1283 6.480000
o 1282 6.480000
o 1281 6.480000
o 1280 6.480000
o 1279 6.480000
o 1278 6.480000
o 1277 6.480000
o 1276 6.480000
o 1275 6.480000
o 1274 6.480000
o 1273 6.480000
o 1272 6.480000
o 1271 6.480000
o 1270 6.480000
o 1269 6.480000
o 1268 6.480000
o 1267 6.480000
o 1266 6.480000
o 1265 6.480000
o 1264 6.480000
o 1263 6.480000
o 1262 6.480000
o 1261 6.480000
o 1260 6.480000
o 1259 6.480000
o 1258 6.480000
o 1257 6.480000
o 1256 6.480000
o 1255 6.480000
o 1254 6.480000
o 1253 6.480000
o 1252 6.480000
o 1251 6.480000
o 1250 6.480000
o 1249 6.480000
o 1248 6.480000
o 1247 6.480000
1247	6.480000
decision-tree-kr-vs-kp-un-formula_0.8_2021_atleast_63_max-5_reduced_incomplete_tree
o 1922 5.650000
o 1921 5.760000
o 1920 5.760000
o 1919 5.760000
o 1918 5.760000
o 1917 5.760000
o 1916 5.760000
o 1915 5.760000
o 1914 5.760000
o 1913 5.760000
o 1912 5.760000
o 1911 5.760000
o 1910 5.760000
o 1909 5.760000
o 1908 5.760000
o 1907 5.760000
o 1906 5.760000
o 1905 5.760000
o 1904 5.760000
o 1903 5.760000
o 1902 5.760000
o 1901 5.760000
o 1900 5.760000
o 1899 5.760000
o 1898 5.760000
o 1897 5.760000
o 1896 5.760000
o 1895 5.760000
o 1894 5.760000
o 1893 5.760000
o 1892 5.760000
o 1891 5.760000
o 1890 5.760000
o 1889 5.760000
o 1888 5.760000
o 1887 5.760000
o 1886 5.760000
o 1885 5.760000
o 1884 5.760000
o 1883 5.760000
o 1882 5.760000
o 1881 5.760000
o 1880 5.760000
o 1879 5.760000
o 1878 5.760000
o 1877 5.760000
o 1876 5.760000
o 1875 5.760000
o 1874 5.760000
o 1873 5.760000
o 1872 5.760000
o 1871 5.760000
o 1870 5.760000
o 1869 5.760000
o 1868 5.760000
o 1867 5.760000
o 1866 5.760000
o 1865 5.760000
o 1864 5.760000
o 1863 5.760000
o 1862 5.760000
o 1861 5.760000
o 1860 5.760000
o 1859 5.760000
o 1858 5.760000
o 1857 5.760000
o 1856 5.760000
o 1855 5.760000
o 1854 5.760000
o 1853 5.760000
o 1852 5.760000
o 1851 5.760000
o 1850 5.760000
o 1849 5.760000
o 1848 5.760000
o 1847 5.760000
o 1846 5.760000
o 1845 5.760000
o 1844 5.760000
o 1843 5.770000
o 1842 5.770000
o 1841 5.770000
o 1840 5.770000
o 1839 5.770000
o 1838 5.770000
o 1837 5.770000
o 1836 5.770000
o 1835 5.770000
o 1834 5.770000
o 1833 5.770000
o 1832 5.770000
o 1831 5.770000
o 1830 5.770000
o 1829 5.770000
o 1828 5.770000
o 1827 5.770000
o 1826 5.770000
o 1825 5.770000
o 1824 5.770000
o 1823 5.770000
o 1822 5.770000
o 1821 5.770000
o 1820 5.770000
o 1819 5.770000
o 1818 5.770000
o 1817 5.770000
o 1816 5.770000
o 1815 5.770000
o 1814 5.770000
o 1813 5.770000
o 1812 5.770000
o 1811 5.770000
o 1810 5.770000
o 1809 5.770000
o 1808 5.770000
o 1807 5.770000
o 1806 5.770000
o 1805 5.770000
o 1804 5.770000
o 1803 5.770000
o 1802 5.770000
o 1801 5.770000
o 1800 5.770000
o 1799 5.770000
o 1798 5.770000
o 1797 5.770000
o 1796 5.770000
o 1795 5.770000
o 1794 5.770000
o 1793 5.770000
o 1792 5.770000
o 1791 5.770000
o 1790 5.770000
o 1789 5.770000
o 1788 5.770000
o 1787 5.770000
o 1786 5.770000
o 1785 5.770000
o 1784 5.770000
o 1783 5.770000
o 1782 5.770000
o 1781 5.770000
o 1780 5.770000
o 1779 5.770000
o 1778 5.770000
o 1777 5.770000
o 1776 5.770000
o 1775 5.770000
o 1774 5.770000
o 1773 5.770000
o 1772 5.770000
o 1771 5.770000
o 1770 5.770000
o 1769 5.770000
o 1768 5.770000
o 1767 5.770000
o 1766 5.770000
o 1765 5.770000
o 1764 5.770000
o 1763 5.780000
o 1762 5.780000
o 1761 5.780000
o 1760 5.780000
o 1759 5.780000
o 1758 5.780000
o 1757 5.780000
o 1756 5.780000
o 1755 5.780000
o 1754 5.780000
o 1753 5.780000
o 1752 5.780000
o 1751 5.780000
o 1750 5.780000
o 1749 5.780000
o 1748 5.780000
o 1747 5.780000
o 1746 5.780000
o 1745 5.780000
o 1744 5.780000
o 1743 5.780000
o 1742 5.780000
o 1741 5.780000
o 1740 5.780000
o 1739 5.780000
o 1738 5.780000
o 1737 5.780000
o 1736 5.780000
o 1735 5.780000
o 1734 5.780000
o 1733 5.780000
o 1732 5.780000
o 1731 5.780000
o 1730 5.780000
o 1729 5.780000
o 1728 5.780000
o 1727 5.780000
o 1726 5.780000
o 1725 5.780000
o 1724 5.780000
o 1723 5.780000
o 1722 5.780000
o 1721 5.780000
o 1720 5.780000
o 1719 5.780000
o 1718 5.780000
o 1717 5.780000
o 1716 5.780000
o 1715 5.780000
o 1714 5.780000
o 1713 5.780000
o 1712 5.780000
o 1711 5.780000
o 1710 5.780000
o 1709 5.780000
o 1708 5.780000
o 1707 5.780000
o 1706 5.780000
o 1705 5.780000
o 1704 5.780000
o 1703 5.780000
o 1702 5.780000
o 1701 5.780000
o 1700 5.780000
o 1699 5.780000
o 1698 5.780000
o 1697 5.780000
o 1696 5.780000
o 1695 5.780000
o 1694 5.780000
o 1693 5.780000
o 1692 5.780000
o 1691 5.780000
o 1690 5.780000
o 1689 5.780000
o 1688 5.780000
o 1687 5.780000
o 1686 5.780000
o 1685 5.780000
o 1684 5.790000
o 1683 5.790000
o 1682 5.790000
o 1681 5.790000
o 1680 5.790000
o 1679 5.790000
o 1678 5.790000
o 1677 5.790000
o 1676 5.790000
o 1675 5.790000
o 1674 5.790000
o 1673 5.790000
o 1672 5.790000
o 1671 5.790000
o 1670 5.790000
o 1669 5.790000
o 1668 5.790000
o 1667 5.790000
o 1666 5.790000
o 1665 5.790000
o 1664 5.790000
o 1663 5.790000
o 1662 5.790000
o 1661 5.790000
o 1660 5.790000
o 1659 5.790000
o 1658 5.790000
o 1657 5.790000
o 1656 5.790000
o 1655 5.790000
o 1654 5.790000
o 1653 5.790000
o 1652 5.790000
o 1651 5.790000
o 1650 5.790000
o 1649 5.790000
o 1648 5.790000
o 1647 5.790000
o 1646 5.790000
o 1645 5.790000
o 1644 5.790000
o 1643 5.790000
o 1642 5.790000
o 1641 5.790000
o 1640 5.790000
o 1639 5.790000
o 1638 5.790000
o 1637 5.790000
o 1636 5.790000
o 1635 5.790000
o 1634 5.790000
o 1633 5.790000
o 1632 5.790000
o 1631 5.790000
o 1630 5.790000
o 1629 5.790000
o 1628 5.790000
o 1627 5.790000
o 1626 5.790000
o 1625 5.790000
o 1624 5.790000
o 1623 5.790000
o 1622 5.790000
o 1621 5.790000
o 1620 5.790000
o 1619 5.790000
o 1618 5.790000
o 1617 5.790000
o 1616 5.790000
o 1615 5.790000
o 1614 5.790000
o 1613 5.790000
o 1612 5.790000
o 1611 5.790000
o 1610 5.790000
o 1609 5.790000
o 1608 5.790000
o 1607 5.790000
o 1606 5.790000
o 1605 5.790000
o 1604 5.800000
o 1603 5.800000
o 1602 5.800000
o 1601 5.800000
o 1600 5.800000
o 1599 5.800000
o 1598 5.800000
o 1597 5.800000
o 1596 5.800000
o 1595 5.800000
o 1594 5.800000
o 1593 5.800000
o 1592 5.800000
o 1591 5.800000
o 1590 5.800000
o 1589 5.800000
o 1588 5.800000
o 1587 5.800000
o 1586 5.800000
o 1585 5.800000
o 1584 5.800000
o 1583 5.800000
o 1582 5.800000
o 1581 5.800000
o 1580 5.800000
o 1579 5.800000
o 1578 5.800000
o 1577 5.800000
o 1576 5.800000
o 1575 5.800000
o 1574 5.800000
o 1573 5.800000
o 1572 5.800000
o 1571 5.800000
o 1570 5.800000
o 1569 5.800000
o 1568 5.800000
o 1567 5.800000
o 1566 5.800000
o 1565 5.800000
o 1564 5.800000
o 1563 5.800000
o 1562 5.800000
o 1561 5.800000
o 1560 5.800000
o 1559 5.800000
o 1558 5.800000
o 1557 5.800000
o 1556 5.800000
o 1555 5.800000
o 1554 5.800000
o 1553 5.800000
o 1552 5.800000
o 1551 5.800000
o 1550 5.800000
o 1549 5.800000
o 1548 5.800000
o 1547 5.800000
o 1546 5.800000
o 1545 5.800000
o 1544 5.800000
o 1543 5.800000
o 1542 5.800000
o 1541 5.800000
o 1540 5.800000
o 1539 5.800000
o 1538 5.800000
o 1537 5.800000
o 1536 5.800000
o 1535 5.800000
o 1534 5.800000
o 1533 5.800000
o 1532 5.800000
o 1531 5.800000
o 1530 5.800000
o 1529 5.800000
o 1528 5.800000
o 1527 5.800000
o 1526 5.800000
o 1525 5.800000
o 1524 5.810000
o 1523 5.810000
o 1522 5.810000
o 1521 5.810000
o 1520 5.810000
o 1519 5.810000
o 1518 5.810000
o 1517 5.810000
o 1516 5.810000
o 1515 5.810000
o 1514 5.810000
o 1513 5.810000
o 1512 5.810000
o 1511 5.810000
o 1510 5.810000
o 1509 5.810000
o 1508 5.810000
o 1507 5.810000
o 1506 5.810000
o 1505 5.810000
o 1504 5.810000
o 1503 5.810000
o 1502 5.810000
o 1501 5.810000
o 1500 5.810000
o 1499 5.810000
o 1498 5.810000
o 1497 5.810000
o 1496 5.810000
o 1495 5.810000
o 1494 5.810000
o 1493 5.810000
o 1492 5.810000
o 1491 5.810000
o 1490 5.810000
o 1489 5.810000
o 1488 5.810000
o 1487 5.810000
o 1486 5.810000
o 1485 5.810000
o 1484 5.810000
o 1483 5.810000
o 1482 5.810000
o 1481 5.810000
o 1480 5.810000
o 1479 5.810000
o 1478 5.810000
o 1477 5.810000
o 1476 5.810000
o 1475 5.810000
o 1474 5.810000
o 1473 5.810000
o 1472 5.810000
o 1471 5.810000
o 1470 5.810000
o 1469 5.810000
o 1468 5.810000
o 1467 5.810000
o 1466 5.810000
o 1465 5.810000
o 1464 5.810000
o 1463 5.810000
o 1462 5.810000
o 1461 5.810000
o 1460 5.810000
o 1459 5.810000
o 1458 5.810000
o 1457 5.810000
o 1456 5.810000
o 1455 5.810000
o 1454 5.810000
o 1453 5.810000
o 1452 5.810000
o 1451 5.810000
o 1450 5.810000
o 1449 5.810000
o 1448 5.810000
o 1447 5.810000
o 1446 5.810000
o 1445 5.810000
o 1444 5.820000
o 1443 5.820000
o 1442 5.820000
o 1441 5.820000
o 1440 5.820000
o 1439 5.820000
o 1438 5.820000
o 1437 5.820000
o 1436 5.820000
o 1435 5.820000
o 1434 5.820000
o 1433 5.820000
o 1432 5.820000
o 1431 5.820000
o 1430 5.820000
o 1429 5.820000
o 1428 5.820000
o 1427 5.820000
o 1426 5.820000
o 1425 5.820000
o 1424 5.820000
o 1423 5.820000
o 1422 5.820000
o 1421 5.820000
o 1420 5.820000
o 1419 5.820000
o 1418 5.820000
o 1417 5.820000
o 1416 5.820000
o 1415 5.820000
o 1414 5.820000
o 1413 5.820000
o 1412 5.820000
o 1411 5.820000
o 1410 5.820000
o 1409 5.820000
o 1408 5.820000
o 1407 5.820000
o 1406 5.820000
o 1405 5.820000
o 1404 5.820000
o 1403 5.820000
o 1402 5.820000
o 1401 5.820000
o 1400 5.820000
o 1399 5.820000
o 1398 5.820000
o 1397 5.820000
o 1396 5.820000
o 1395 5.820000
o 1394 5.820000
o 1393 5.820000
o 1392 5.820000
o 1391 5.820000
o 1390 5.820000
o 1389 5.820000
o 1388 5.820000
o 1387 5.820000
o 1386 5.820000
o 1385 5.820000
o 1384 5.820000
o 1383 5.820000
o 1382 5.820000
o 1381 5.820000
o 1380 5.820000
o 1379 5.820000
o 1378 5.820000
o 1377 5.820000
o 1376 5.820000
o 1375 5.820000
o 1374 5.820000
o 1373 5.820000
o 1372 5.820000
o 1371 5.820000
o 1370 5.820000
o 1369 5.820000
o 1368 5.820000
o 1367 5.820000
o 1366 5.820000
o 1365 5.820000
o 1364 5.830000
o 1363 5.830000
o 1362 5.830000
o 1361 5.830000
o 1360 5.830000
o 1359 5.830000
o 1358 5.830000
o 1357 5.830000
o 1356 5.830000
o 1355 5.830000
o 1354 5.830000
o 1353 5.830000
o 1352 5.830000
o 1351 5.830000
o 1350 5.830000
o 1349 5.830000
o 1348 5.830000
o 1347 5.830000
o 1346 5.830000
o 1345 5.830000
o 1344 5.830000
o 1343 5.830000
o 1342 5.830000
o 1341 5.830000
o 1340 5.830000
o 1339 5.830000
o 1338 5.830000
o 1337 5.830000
o 1336 5.830000
o 1335 5.830000
o 1334 5.830000
o 1333 5.830000
o 1332 5.830000
o 1331 5.830000
o 1330 5.830000
o 1329 5.830000
o 1328 5.830000
o 1327 5.830000
o 1326 5.830000
o 1325 5.830000
o 1324 5.830000
o 1323 5.830000
o 1322 5.830000
o 1321 5.830000
o 1320 5.830000
o 1319 5.830000
o 1318 5.830000
o 1317 5.830000
o 1316 5.830000
o 1315 5.830000
o 1314 5.830000
o 1313 5.830000
o 1312 5.830000
o 1311 5.830000
o 1310 5.830000
o 1309 5.830000
o 1308 5.830000
o 1307 5.830000
o 1306 5.830000
o 1305 5.830000
o 1304 5.830000
o 1303 5.830000
o 1302 5.830000
o 1301 5.830000
o 1300 5.830000
o 1299 5.830000
o 1298 5.830000
o 1297 5.830000
o 1296 5.830000
o 1295 5.830000
o 1294 5.830000
o 1293 5.830000
o 1292 5.830000
o 1291 5.830000
o 1290 5.830000
o 1289 5.830000
o 1288 5.830000
o 1287 5.830000
o 1286 5.830000
o 1285 5.830000
o 1284 5.840000
o 1283 5.840000
o 1282 5.840000
o 1281 5.840000
o 1280 5.840000
o 1279 5.840000
o 1278 5.840000
o 1277 5.840000
o 1276 5.840000
o 1275 5.840000
o 1274 5.840000
o 1273 5.840000
o 1272 5.840000
o 1271 5.840000
o 1270 5.840000
o 1269 5.840000
o 1268 5.840000
o 1267 5.840000
o 1266 5.840000
o 1265 5.840000
o 1264 5.840000
o 1263 5.840000
o 1262 5.840000
o 1261 5.840000
o 1260 5.840000
o 1259 5.840000
o 1258 5.840000
o 1257 5.840000
o 1256 5.840000
o 1255 5.840000
o 1254 5.840000
o 1253 5.840000
o 1252 5.840000
o 1251 5.840000
o 1250 5.840000
o 1249 5.840000
o 1248 5.840000
o 1247 5.840000
o 1246 5.840000
o 1245 5.840000
o 1244 5.840000
o 1243 5.840000
o 1242 5.840000
o 1241 5.840000
o 1240 5.840000
o 1239 5.840000
o 1238 5.840000
o 1237 5.840000
o 1236 5.840000
o 1235 5.840000
o 1234 5.840000
o 1233 5.840000
o 1232 5.840000
o 1231 5.840000
o 1230 5.840000
o 1229 5.840000
o 1228 5.840000
o 1227 5.840000
o 1226 5.840000
o 1225 5.840000
o 1224 5.840000
o 1223 5.840000
o 1222 5.840000
o 1221 5.840000
o 1220 5.840000
o 1219 5.840000
o 1218 5.840000
o 1217 5.840000
o 1216 5.840000
o 1215 5.840000
o 1214 5.840000
o 1213 5.840000
o 1212 5.840000
o 1211 5.840000
o 1210 5.840000
o 1209 5.840000
o 1208 5.840000
o 1207 5.840000
o 1206 5.840000
o 1205 5.840000
o 1204 5.850000
o 1203 5.850000
o 1202 5.850000
o 1201 5.850000
o 1200 5.850000
o 1199 5.850000
o 1198 5.850000
o 1197 5.850000
o 1196 5.850000
o 1195 5.850000
o 1194 5.850000
o 1193 5.850000
o 1192 5.850000
o 1191 5.850000
o 1190 5.850000
o 1189 5.850000
o 1188 5.850000
o 1187 5.850000
o 1186 5.850000
o 1185 5.850000
o 1184 5.850000
o 1183 5.850000
o 1182 5.850000
o 1181 5.850000
o 1180 5.850000
o 1179 5.850000
o 1178 5.850000
o 1177 5.850000
o 1176 5.850000
o 1175 5.850000
o 1174 5.850000
o 1173 5.850000
o 1172 5.850000
o 1171 5.850000
o 1170 5.850000
o 1169 5.850000
o 1168 5.850000
o 1167 5.850000
o 1166 5.850000
o 1165 5.850000
o 1164 5.850000
o 1163 5.850000
o 1162 5.850000
o 1161 5.850000
o 1160 5.850000
o 1159 5.850000
o 1158 5.850000
o 1157 5.850000
o 1156 5.850000
o 1155 5.850000
o 1154 5.850000
o 1153 5.850000
o 1152 5.850000
o 1151 5.850000
o 1150 5.850000
o 1149 5.850000
o 1148 5.850000
o 1147 5.850000
o 1146 5.850000
o 1145 5.850000
o 1144 5.850000
o 1143 5.850000
o 1142 5.850000
o 1141 5.850000
o 1140 5.850000
o 1139 5.850000
o 1138 5.850000
o 1137 5.850000
o 1136 5.850000
o 1135 5.850000
o 1134 5.850000
o 1133 5.850000
o 1132 5.850000
o 1131 5.850000
o 1130 5.850000
o 1129 5.850000
o 1128 5.850000
o 1127 5.850000
o 1126 5.850000
o 1125 5.850000
o 1124 5.860000
o 1123 5.860000
o 1122 5.860000
o 1121 5.860000
o 1120 5.860000
o 1119 5.860000
o 1118 5.860000
o 1117 5.860000
o 1116 5.860000
o 1115 5.860000
o 1114 5.860000
o 1113 5.860000
o 1112 5.860000
o 1111 5.860000
o 1110 5.860000
o 1109 5.860000
o 1108 5.860000
o 1107 5.860000
o 1106 5.860000
o 1105 5.860000
o 1104 5.860000
o 1103 5.860000
o 1102 5.860000
1102	5.860000
decision-tree-kr-vs-kp-un-formula_0.8_2021_atleast_63_max-5_reduced_incomplete_tree
o 1515 5.630000
o 1514 5.730000
o 1513 5.730000
o 1512 5.730000
o 1511 5.730000
o 1510 5.730000
o 1509 5.730000
o 1508 5.730000
o 1507 5.730000
o 1506 5.730000
o 1505 5.730000
o 1504 5.730000
o 1503 5.730000
o 1502 5.730000
o 1501 5.730000
o 1500 5.730000
o 1499 5.730000
o 1498 5.730000
o 1497 5.730000
o 1496 5.730000
o 1495 5.730000
o 1494 5.730000
o 1493 5.730000
o 1492 5.730000
o 1491 5.730000
o 1490 5.730000
o 1489 5.730000
o 1488 5.730000
o 1487 5.730000
o 1486 5.730000
o 1485 5.730000
o 1484 5.730000
o 1483 5.730000
o 1482 5.730000
o 1481 5.730000
o 1480 5.730000
o 1479 5.730000
o 1478 5.730000
o 1477 5.730000
o 1476 5.730000
o 1475 5.730000
o 1474 5.730000
o 1473 5.730000
o 1472 5.730000
o 1471 5.730000
o 1470 5.730000
o 1469 5.730000
o 1468 5.730000
o 1467 5.730000
o 1466 5.730000
o 1465 5.730000
o 1464 5.730000
o 1463 5.730000
o 1462 5.730000
o 1461 5.730000
o 1460 5.730000
o 1459 5.730000
o 1458 5.730000
o 1457 5.730000
o 1456 5.730000
o 1455 5.730000
o 1454 5.730000
o 1453 5.740000
o 1452 5.740000
o 1451 5.740000
o 1450 5.740000
o 1449 5.740000
o 1448 5.740000
o 1447 5.740000
o 1446 5.740000
o 1445 5.740000
o 1444 5.740000
o 1443 5.740000
o 1442 5.740000
o 1441 5.740000
o 1440 5.740000
o 1439 5.740000
o 1438 5.740000
o 1437 5.740000
o 1436 5.740000
o 1435 5.740000
o 1434 5.740000
o 1433 5.740000
o 1432 5.740000
o 1431 5.740000
o 1430 5.740000
o 1429 5.740000
o 1428 5.740000
o 1427 5.740000
o 1426 5.740000
o 1425 5.740000
o 1424 5.740000
o 1423 5.740000
o 1422 5.740000
o 1421 5.740000
o 1420 5.740000
o 1419 5.740000
o 1418 5.740000
o 1417 5.740000
o 1416 5.740000
o 1415 5.740000
o 1414 5.740000
o 1413 5.740000
o 1412 5.740000
o 1411 5.740000
o 1410 5.740000
o 1409 5.740000
o 1408 5.740000
o 1407 5.740000
o 1406 5.740000
o 1405 5.740000
o 1404 5.740000
o 1403 5.740000
o 1402 5.740000
o 1401 5.740000
o 1400 5.740000
o 1399 5.740000
o 1398 5.740000
o 1397 5.740000
o 1396 5.740000
o 1395 5.740000
o 1394 5.740000
o 1393 5.740000
o 1392 5.740000
o 1391 5.740000
o 1390 5.740000
o 1389 5.740000
o 1388 5.740000
o 1387 5.740000
o 1386 5.740000
o 1385 5.740000
o 1384 5.740000
o 1383 5.740000
o 1382 5.740000
o 1381 5.740000
o 1380 5.740000
o 1379 5.740000
o 1378 5.740000
o 1377 5.740000
o 1376 5.740000
o 1375 5.740000
o 1374 5.740000
o 1373 5.740000
o 1372 5.750000
o 1371 5.750000
o 1370 5.750000
o 1369 5.750000
o 1368 5.750000
o 1367 5.750000
o 1366 5.750000
o 1365 5.750000
o 1364 5.750000
o 1363 5.750000
o 1362 5.750000
o 1361 5.750000
o 1360 5.750000
o 1359 5.750000
o 1358 5.750000
o 1357 5.750000
o 1356 5.750000
o 1355 5.750000
o 1354 5.750000
o 1353 5.750000
o 1352 5.750000
o 1351 5.750000
o 1350 5.750000
o 1349 5.750000
o 1348 5.750000
o 1347 5.750000
o 1346 5.750000
o 1345 5.750000
o 1344 5.750000
o 1343 5.750000
o 1342 5.750000
o 1341 5.750000
o 1340 5.750000
o 1339 5.750000
o 1338 5.750000
o 1337 5.750000
o 1336 5.750000
o 1335 5.750000
o 1334 5.750000
o 1333 5.750000
o 1332 5.750000
o 1331 5.750000
o 1330 5.750000
o 1329 5.750000
o 1328 5.750000
o 1327 5.750000
o 1326 5.750000
o 1325 5.750000
o 1324 5.750000
o 1323 5.750000
o 1322 5.750000
o 1321 5.750000
o 1320 5.750000
o 1319 5.750000
o 1318 5.750000
o 1317 5.750000
o 1316 5.750000
o 1315 5.750000
o 1314 5.750000
o 1313 5.750000
o 1312 5.750000
o 1311 5.750000
o 1310 5.750000
o 1309 5.750000
o 1308 5.750000
o 1307 5.750000
o 1306 5.750000
o 1305 5.750000
o 1304 5.750000
o 1303 5.750000
o 1302 5.750000
o 1301 5.750000
o 1300 5.750000
o 1299 5.750000
o 1298 5.750000
o 1297 5.750000
o 1296 5.750000
o 1295 5.750000
o 1294 5.750000
o 1293 5.750000
o 1292 5.760000
o 1291 5.760000
o 1290 5.760000
o 1289 5.760000
o 1288 5.760000
o 1287 5.760000
o 1286 5.760000
o 1285 5.760000
o 1284 5.760000
o 1283 5.760000
o 1282 5.760000
o 1281 5.760000
o 1280 5.760000
o 1279 5.760000
o 1278 5.760000
o 1277 5.760000
o 1276 5.760000
o 1275 5.760000
o 1274 5.760000
o 1273 5.760000
o 1272 5.760000
o 1271 5.760000
o 1270 5.760000
o 1269 5.760000
o 1268 5.760000
o 1267 5.760000
o 1266 5.760000
o 1265 5.760000
o 1264 5.760000
o 1263 5.760000
o 1262 5.760000
o 1261 5.760000
o 1260 5.760000
o 1259 5.760000
o 1258 5.760000
o 1257 5.760000
o 1256 5.760000
o 1255 5.760000
o 1254 5.760000
o 1253 5.760000
o 1252 5.760000
o 1251 5.760000
o 1250 5.760000
o 1249 5.760000
o 1248 5.760000
o 1247 5.760000
o 1246 5.760000
o 1245 5.760000
1245	5.760000
decision-tree-kr-vs-kp-un-formula_0.8_2021_atleast_63_max-5_reduced_incomplete_tree
o 1710 5.720000
o 1709 5.820000
o 1708 5.820000
o 1707 5.820000
o 1706 5.820000
o 1705 5.820000
o 1704 5.820000
o 1703 5.820000
o 1702 5.820000
o 1701 5.820000
o 1700 5.820000
o 1699 5.820000
o 1698 5.820000
o 1697 5.820000
o 1696 5.820000
o 1695 5.820000
o 1694 5.820000
o 1693 5.820000
o 1692 5.820000
o 1691 5.820000
o 1690 5.820000
o 1689 5.820000
o 1688 5.820000
o 1687 5.820000
o 1686 5.820000
o 1685 5.820000
o 1684 5.820000
o 1683 5.820000
o 1682 5.820000
o 1681 5.820000
o 1680 5.820000
o 1679 5.820000
o 1678 5.820000
o 1677 5.820000
o 1676 5.820000
o 1675 5.820000
o 1674 5.820000
o 1673 5.820000
o 1672 5.820000
o 1671 5.830000
o 1670 5.830000
o 1669 5.830000
o 1668 5.830000
o 1667 5.830000
o 1666 5.830000
o 1665 5.830000
o 1664 5.830000
o 1663 5.830000
o 1662 5.830000
o 1661 5.830000
o 1660 5.830000
o 1659 5.830000
o 1658 5.830000
o 1657 5.830000
o 1656 5.830000
o 1655 5.830000
o 1654 5.830000
o 1653 5.830000
o 1652 5.830000
o 1651 5.830000
o 1650 5.830000
o 1649 5.830000
o 1648 5.830000
o 1647 5.830000
o 1646 5.830000
o 1645 5.830000
o 1644 5.830000
o 1643 5.830000
o 1642 5.830000
o 1641 5.830000
o 1640 5.830000
o 1639 5.830000
o 1638 5.830000
o 1637 5.830000
o 1636 5.830000
o 1635 5.830000
o 1634 5.830000
o 1633 5.830000
o 1632 5.830000
o 1631 5.830000
o 1630 5.830000
o 1629 5.830000
o 1628 5.830000
o 1627 5.830000
o 1626 5.830000
o 1625 5.830000
o 1624 5.830000
o 1623 5.830000
o 1622 5.830000
o 1621 5.830000
o 1620 5.830000
o 1619 5.830000
o 1618 5.830000
o 1617 5.830000
o 1616 5.830000
o 1615 5.830000
o 1614 5.830000
o 1613 5.830000
o 1612 5.830000
o 1611 5.830000
o 1610 5.830000
o 1609 5.830000
o 1608 5.830000
o 1607 5.830000
o 1606 5.830000
o 1605 5.830000
o 1604 5.830000
o 1603 5.830000
o 1602 5.830000
o 1601 5.830000
o 1600 5.830000
o 1599 5.830000
o 1598 5.830000
o 1597 5.830000
o 1596 5.830000
o 1595 5.830000
o 1594 5.830000
o 1593 5.830000
o 1592 5.830000
o 1591 5.840000
o 1590 5.840000
o 1589 5.840000
o 1588 5.840000
o 1587 5.840000
o 1586 5.840000
o 1585 5.840000
o 1584 5.840000
o 1583 5.840000
o 1582 5.840000
o 1581 5.840000
o 1580 5.840000
o 1579 5.840000
o 1578 5.840000
o 1577 5.840000
o 1576 5.840000
o 1575 5.840000
o 1574 5.840000
o 1573 5.840000
o 1572 5.840000
o 1571 5.840000
o 1570 5.840000
o 1569 5.840000
o 1568 5.840000
o 1567 5.840000
o 1566 5.840000
o 1565 5.840000
o 1564 5.840000
o 1563 5.840000
o 1562 5.840000
o 1561 5.840000
o 1560 5.840000
o 1559 5.840000
o 1558 5.840000
o 1557 5.840000
o 1556 5.840000
o 1555 5.840000
o 1554 5.840000
o 1553 5.840000
o 1552 5.840000
o 1551 5.840000
o 1550 5.840000
o 1549 5.840000
o 1548 5.840000
o 1547 5.840000
o 1546 5.840000
o 1545 5.840000
o 1544 5.840000
o 1543 5.840000
o 1542 5.840000
o 1541 5.840000
o 1540 5.840000
o 1539 5.840000
o 1538 5.840000
o 1537 5.840000
o 1536 5.840000
o 1535 5.840000
o 1534 5.840000
o 1533 5.840000
o 1532 5.840000
o 1531 5.840000
o 1530 5.840000
o 1529 5.840000
o 1528 5.840000
o 1527 5.840000
o 1526 5.840000
o 1525 5.840000
o 1524 5.840000
o 1523 5.840000
o 1522 5.840000
o 1521 5.840000
o 1520 5.840000
o 1519 5.840000
o 1518 5.840000
o 1517 5.840000
o 1516 5.840000
o 1515 5.840000
o 1514 5.840000
o 1513 5.850000
o 1512 5.850000
o 1511 5.850000
o 1510 5.850000
o 1509 5.850000
o 1508 5.850000
o 1507 5.850000
o 1506 5.850000
o 1505 5.850000
o 1504 5.850000
o 1503 5.850000
o 1502 5.850000
o 1501 5.850000
o 1500 5.850000
o 1499 5.850000
o 1498 5.850000
o 1497 5.850000
o 1496 5.850000
o 1495 5.850000
o 1494 5.850000
o 1493 5.850000
o 1492 5.850000
o 1491 5.850000
o 1490 5.850000
o 1489 5.850000
o 1488 5.850000
o 1487 5.850000
o 1486 5.850000
o 1485 5.850000
o 1484 5.850000
o 1483 5.850000
o 1482 5.850000
o 1481 5.850000
o 1480 5.850000
o 1479 5.850000
o 1478 5.850000
o 1477 5.850000
o 1476 5.850000
o 1475 5.850000
o 1474 5.850000
o 1473 5.850000
o 1472 5.850000
o 1471 5.850000
o 1470 5.850000
o 1469 5.850000
o 1468 5.850000
o 1467 5.850000
o 1466 5.850000
o 1465 5.850000
o 1464 5.850000
o 1463 5.850000
o 1462 5.850000
o 1461 5.850000
o 1460 5.850000
o 1459 5.850000
o 1458 5.850000
o 1457 5.850000
o 1456 5.850000
o 1455 5.850000
o 1454 5.850000
o 1453 5.850000
o 1452 5.850000
o 1451 5.850000
o 1450 5.850000
o 1449 5.850000
o 1448 5.850000
o 1447 5.850000
o 1446 5.850000
o 1445 5.850000
o 1444 5.850000
o 1443 5.850000
o 1442 5.850000
o 1441 5.850000
o 1440 5.850000
o 1439 5.850000
o 1438 5.850000
o 1437 5.850000
o 1436 5.850000
o 1435 5.850000
o 1434 5.850000
o 1433 5.860000
o 1432 5.860000
o 1431 5.860000
o 1430 5.860000
o 1429 5.860000
o 1428 5.860000
o 1427 5.860000
o 1426 5.860000
o 1425 5.860000
o 1424 5.860000
o 1423 5.860000
o 1422 5.860000
o 1421 5.860000
o 1420 5.860000
o 1419 5.860000
o 1418 5.860000
o 1417 5.860000
o 1416 5.860000
o 1415 5.860000
o 1414 5.860000
o 1413 5.860000
o 1412 5.860000
o 1411 5.860000
o 1410 5.860000
o 1409 5.860000
o 1408 5.860000
o 1407 5.860000
o 1406 5.860000
o 1405 5.860000
o 1404 5.860000
o 1403 5.860000
o 1402 5.860000
o 1401 5.860000
o 1400 5.860000
o 1399 5.860000
o 1398 5.860000
o 1397 5.860000
o 1396 5.860000
o 1395 5.860000
o 1394 5.860000
o 1393 5.860000
o 1392 5.860000
o 1391 5.860000
o 1390 5.860000
o 1389 5.860000
o 1388 5.860000
o 1387 5.860000
o 1386 5.860000
o 1385 5.860000
o 1384 5.860000
o 1383 5.860000
o 1382 5.860000
o 1381 5.860000
o 1380 5.860000
o 1379 5.860000
o 1378 5.860000
o 1377 5.860000
o 1376 5.860000
o 1375 5.860000
o 1374 5.860000
o 1373 5.860000
o 1372 5.860000
o 1371 5.860000
o 1370 5.860000
o 1369 5.860000
o 1368 5.860000
o 1367 5.860000
o 1366 5.860000
o 1365 5.860000
o 1364 5.860000
o 1363 5.860000
o 1362 5.860000
o 1361 5.860000
o 1360 5.860000
o 1359 5.860000
o 1358 5.860000
o 1357 5.860000
o 1356 5.860000
o 1355 5.860000
o 1354 5.870000
o 1353 5.870000
o 1352 5.870000
o 1351 5.870000
o 1350 5.870000
o 1349 5.870000
o 1348 5.870000
o 1347 5.870000
o 1346 5.870000
o 1345 5.870000
o 1344 5.870000
o 1343 5.870000
o 1342 5.870000
o 1341 5.870000
o 1340 5.870000
o 1339 5.870000
o 1338 5.870000
o 1337 5.870000
o 1336 5.870000
o 1335 5.870000
o 1334 5.870000
o 1333 5.870000
o 1332 5.870000
o 1331 5.870000
o 1330 5.870000
o 1329 5.870000
o 1328 5.870000
o 1327 5.870000
o 1326 5.870000
o 1325 5.870000
o 1324 5.870000
o 1323 5.870000
o 1322 5.870000
o 1321 5.870000
o 1320 5.870000
o 1319 5.870000
o 1318 5.870000
o 1317 5.870000
o 1316 5.870000
o 1315 5.870000
o 1314 5.870000
o 1313 5.870000
o 1312 5.870000
o 1311 5.870000
o 1310 5.870000
o 1309 5.870000
o 1308 5.870000
o 1307 5.870000
o 1306 5.870000
o 1305 5.870000
o 1304 5.870000
o 1303 5.870000
o 1302 5.870000
o 1301 5.870000
o 1300 5.870000
o 1299 5.870000
o 1298 5.870000
o 1297 5.870000
o 1296 5.870000
o 1295 5.870000
o 1294 5.870000
o 1293 5.870000
o 1292 5.870000
o 1291 5.870000
o 1290 5.870000
o 1289 5.870000
o 1288 5.870000
o 1287 5.870000
o 1286 5.870000
o 1285 5.870000
o 1284 5.870000
o 1283 5.870000
o 1282 5.870000
o 1281 5.870000
o 1280 5.870000
o 1279 5.870000
o 1278 5.870000
o 1277 5.870000
o 1276 5.870000
o 1275 5.870000
o 1274 5.870000
o 1273 5.880000
o 1272 5.880000
o 1271 5.880000
o 1270 5.880000
o 1269 5.880000
o 1268 5.880000
o 1267 5.880000
o 1266 5.880000
o 1265 5.880000
o 1264 5.880000
o 1263 5.880000
o 1262 5.880000
o 1261 5.880000
o 1260 5.880000
o 1259 5.880000
o 1258 5.880000
o 1257 5.880000
o 1256 5.880000
o 1255 5.880000
o 1254 5.880000
o 1253 5.880000
o 1252 5.880000
o 1251 5.880000
o 1250 5.880000
o 1249 5.880000
o 1248 5.880000
o 1247 5.880000
1247	5.880000
decision-tree-kr-vs-kp-un-formula_0.8_2021_atleast_63_max-5_reduced_incomplete_tree
o 1588 5.900000
o 1587 6.000000
o 1586 6.000000
o 1585 6.010000
o 1584 6.010000
o 1583 6.010000
o 1582 6.010000
o 1581 6.010000
o 1580 6.010000
o 1579 6.010000
o 1578 6.010000
o 1577 6.010000
o 1576 6.010000
o 1575 6.010000
o 1574 6.010000
o 1573 6.010000
o 1572 6.010000
o 1571 6.010000
o 1570 6.010000
o 1569 6.010000
o 1568 6.010000
o 1567 6.010000
o 1566 6.010000
o 1565 6.010000
o 1564 6.010000
o 1563 6.010000
o 1562 6.010000
o 1561 6.010000
o 1560 6.010000
o 1559 6.010000
o 1558 6.010000
o 1557 6.010000
o 1556 6.010000
o 1555 6.010000
o 1554 6.010000
o 1553 6.010000
o 1552 6.010000
o 1551 6.010000
o 1550 6.010000
o 1549 6.010000
o 1548 6.010000
o 1547 6.010000
o 1546 6.010000
o 1545 6.010000
o 1544 6.010000
o 1543 6.010000
o 1542 6.010000
o 1541 6.010000
o 1540 6.010000
o 1539 6.010000
o 1538 6.010000
o 1537 6.010000
o 1536 6.010000
o 1535 6.010000
o 1534 6.010000
o 1533 6.010000
o 1532 6.010000
o 1531 6.010000
o 1530 6.010000
o 1529 6.010000
o 1528 6.010000
o 1527 6.010000
o 1526 6.010000
o 1525 6.010000
o 1524 6.010000
o 1523 6.010000
o 1522 6.010000
o 1521 6.010000
o 1520 6.010000
o 1519 6.010000
o 1518 6.010000
o 1517 6.010000
o 1516 6.010000
o 1515 6.010000
o 1514 6.010000
o 1513 6.010000
o 1512 6.010000
o 1511 6.010000
o 1510 6.010000
o 1509 6.010000
o 1508 6.010000
o 1507 6.010000
o 1506 6.010000
o 1505 6.020000
o 1504 6.020000
o 1503 6.020000
o 1502 6.020000
o 1501 6.020000
o 1500 6.020000
o 1499 6.020000
o 1498 6.020000
o 1497 6.020000
o 1496 6.020000
o 1495 6.020000
o 1494 6.020000
o 1493 6.020000
o 1492 6.020000
o 1491 6.020000
o 1490 6.020000
o 1489 6.020000
o 1488 6.020000
o 1487 6.020000
o 1486 6.020000
o 1485 6.020000
o 1484 6.020000
o 1483 6.020000
o 1482 6.020000
o 1481 6.020000
o 1480 6.020000
o 1479 6.020000
o 1478 6.020000
o 1477 6.020000
o 1476 6.020000
o 1475 6.020000
o 1474 6.020000
o 1473 6.020000
o 1472 6.020000
o 1471 6.020000
o 1470 6.020000
o 1469 6.020000
o 1468 6.020000
o 1467 6.020000
o 1466 6.020000
o 1465 6.020000
o 1464 6.020000
o 1463 6.020000
o 1462 6.020000
o 1461 6.020000
o 1460 6.020000
o 1459 6.020000
o 1458 6.020000
o 1457 6.020000
o 1456 6.020000
o 1455 6.020000
o 1454 6.020000
o 1453 6.020000
o 1452 6.020000
o 1451 6.020000
o 1450 6.020000
o 1449 6.020000
o 1448 6.020000
o 1447 6.020000
o 1446 6.020000
o 1445 6.020000
o 1444 6.020000
o 1443 6.020000
o 1442 6.020000
o 1441 6.020000
o 1440 6.020000
o 1439 6.020000
o 1438 6.020000
o 1437 6.020000
o 1436 6.020000
o 1435 6.020000
o 1434 6.020000
o 1433 6.020000
o 1432 6.020000
o 1431 6.020000
o 1430 6.020000
o 1429 6.020000
o 1428 6.020000
o 1427 6.020000
o 1426 6.020000
o 1425 6.030000
o 1424 6.030000
o 1423 6.030000
o 1422 6.030000
o 1421 6.030000
o 1420 6.030000
o 1419 6.030000
o 1418 6.030000
o 1417 6.030000
o 1416 6.030000
o 1415 6.030000
o 1414 6.030000
o 1413 6.030000
o 1412 6.030000
o 1411 6.030000
o 1410 6.030000
o 1409 6.030000
o 1408 6.030000
o 1407 6.030000
o 1406 6.030000
o 1405 6.030000
o 1404 6.030000
o 1403 6.030000
o 1402 6.030000
o 1401 6.030000
o 1400 6.030000
o 1399 6.030000
o 1398 6.030000
o 1397 6.030000
o 1396 6.030000
o 1395 6.030000
o 1394 6.030000
o 1393 6.030000
o 1392 6.030000
o 1391 6.030000
o 1390 6.030000
o 1389 6.030000
o 1388 6.030000
o 1387 6.030000
o 1386 6.030000
o 1385 6.030000
o 1384 6.030000
o 1383 6.030000
o 1382 6.030000
o 1381 6.030000
o 1380 6.030000
o 1379 6.030000
o 1378 6.030000
o 1377 6.030000
o 1376 6.030000
o 1375 6.030000
o 1374 6.030000
o 1373 6.030000
o 1372 6.030000
o 1371 6.030000
o 1370 6.030000
o 1369 6.030000
o 1368 6.030000
o 1367 6.030000
o 1366 6.030000
o 1365 6.030000
o 1364 6.030000
o 1363 6.030000
o 1362 6.030000
o 1361 6.030000
o 1360 6.030000
o 1359 6.030000
o 1358 6.030000
o 1357 6.030000
o 1356 6.030000
o 1355 6.030000
o 1354 6.030000
o 1353 6.030000
o 1352 6.030000
o 1351 6.030000
o 1350 6.030000
o 1349 6.030000
o 1348 6.030000
o 1347 6.030000
o 1346 6.040000
o 1345 6.040000
o 1344 6.040000
o 1343 6.040000
o 1342 6.040000
o 1341 6.040000
o 1340 6.040000
o 1339 6.040000
o 1338 6.040000
o 1337 6.040000
o 1336 6.040000
o 1335 6.040000
o 1334 6.040000
o 1333 6.040000
o 1332 6.040000
o 1331 6.040000
o 1330 6.040000
o 1329 6.040000
o 1328 6.040000
o 1327 6.040000
o 1326 6.040000
o 1325 6.040000
o 1324 6.040000
o 1323 6.040000
o 1322 6.040000
o 1321 6.040000
o 1320 6.040000
o 1319 6.040000
o 1318 6.040000
o 1317 6.040000
o 1316 6.040000
o 1315 6.040000
o 1314 6.040000
o 1313 6.040000
o 1312 6.040000
o 1311 6.040000
o 1310 6.040000
o 1309 6.040000
o 1308 6.040000
o 1307 6.040000
o 1306 6.040000
o 1305 6.040000
o 1304 6.040000
o 1303 6.040000
o 1302 6.040000
o 1301 6.040000
o 1300 6.040000
o 1299 6.040000
o 1298 6.040000
o 1297 6.040000
o 1296 6.040000
o 1295 6.040000
o 1294 6.040000
o 1293 6.040000
o 1292 6.040000
o 1291 6.040000
o 1290 6.040000
o 1289 6.040000
o 1288 6.040000
o 1287 6.040000
o 1286 6.040000
o 1285 6.040000
o 1284 6.040000
o 1283 6.040000
o 1282 6.040000
o 1281 6.040000
o 1280 6.040000
o 1279 6.040000
o 1278 6.040000
o 1277 6.040000
o 1276 6.040000
o 1275 6.040000
o 1274 6.040000
o 1273 6.040000
o 1272 6.040000
o 1271 6.040000
o 1270 6.040000
o 1269 6.040000
o 1268 6.050000
o 1267 6.050000
o 1266 6.050000
o 1265 6.050000
o 1264 6.050000
o 1263 6.050000
o 1262 6.050000
o 1261 6.050000
o 1260 6.050000
o 1259 6.050000
o 1258 6.050000
o 1257 6.050000
o 1256 6.050000
o 1255 6.050000
o 1254 6.050000
o 1253 6.050000
o 1252 6.050000
o 1251 6.050000
o 1250 6.050000
o 1249 6.050000
o 1248 6.050000
o 1247 6.050000
o 1246 6.050000
o 1245 6.050000
1245	6.050000
decision-tree-kr-vs-kp-un-formula_0.8_2021_atleast_63_max-5_reduced_incomplete_tree
o 1577 6.490000
o 1576 6.590000
o 1575 6.590000
o 1574 6.590000
o 1573 6.590000
o 1572 6.590000
o 1571 6.590000
o 1570 6.590000
o 1569 6.590000
o 1568 6.590000
o 1567 6.590000
o 1566 6.590000
o 1565 6.590000
o 1564 6.590000
o 1563 6.590000
o 1562 6.590000
o 1561 6.590000
o 1560 6.590000
o 1559 6.590000
o 1558 6.590000
o 1557 6.590000
o 1556 6.590000
o 1555 6.590000
o 1554 6.600000
o 1553 6.600000
o 1552 6.600000
o 1551 6.600000
o 1550 6.600000
o 1549 6.600000
o 1548 6.600000
o 1547 6.600000
o 1546 6.600000
o 1545 6.600000
o 1544 6.600000
o 1543 6.600000
o 1542 6.600000
o 1541 6.600000
o 1540 6.600000
o 1539 6.600000
o 1538 6.600000
o 1537 6.600000
o 1536 6.600000
o 1535 6.600000
o 1534 6.600000
o 1533 6.600000
o 1532 6.600000
o 1531 6.600000
o 1530 6.600000
o 1529 6.600000
o 1528 6.600000
o 1527 6.600000
o 1526 6.600000
o 1525 6.600000
o 1524 6.600000
o 1523 6.600000
o 1522 6.600000
o 1521 6.600000
o 1520 6.600000
o 1519 6.600000
o 1518 6.600000
o 1517 6.600000
o 1516 6.600000
o 1515 6.600000
o 1514 6.600000
o 1513 6.600000
o 1512 6.600000
o 1511 6.600000
o 1510 6.600000
o 1509 6.600000
o 1508 6.600000
o 1507 6.600000
o 1506 6.600000
o 1505 6.600000
o 1504 6.600000
o 1503 6.600000
o 1502 6.600000
o 1501 6.600000
o 1500 6.600000
o 1499 6.600000
o 1498 6.600000
o 1497 6.600000
o 1496 6.600000
o 1495 6.600000
o 1494 6.600000
o 1493 6.600000
o 1492 6.600000
o 1491 6.600000
o 1490 6.600000
o 1489 6.600000
o 1488 6.600000
o 1487 6.600000
o 1486 6.600000
o 1485 6.600000
o 1484 6.600000
o 1483 6.600000
o 1482 6.600000
o 1481 6.600000
o 1480 6.600000
o 1479 6.600000
o 1478 6.600000
o 1477 6.610000
o 1476 6.610000
o 1475 6.610000
o 1474 6.610000
o 1473 6.610000
o 1472 6.610000
o 1471 6.610000
o 1470 6.610000
o 1469 6.610000
o 1468 6.610000
o 1467 6.610000
o 1466 6.610000
o 1465 6.610000
o 1464 6.610000
o 1463 6.610000
o 1462 6.610000
o 1461 6.610000
o 1460 6.610000
o 1459 6.610000
o 1458 6.610000
o 1457 6.610000
o 1456 6.610000
o 1455 6.610000
o 1454 6.610000
o 1453 6.610000
o 1452 6.610000
o 1451 6.610000
o 1450 6.610000
o 1449 6.610000
o 1448 6.610000
o 1447 6.610000
o 1446 6.610000
o 1445 6.610000
o 1444 6.610000
o 1443 6.610000
o 1442 6.610000
o 1441 6.610000
o 1440 6.610000
o 1439 6.610000
o 1438 6.610000
o 1437 6.610000
o 1436 6.610000
o 1435 6.610000
o 1434 6.610000
o 1433 6.610000
o 1432 6.610000
o 1431 6.610000
o 1430 6.610000
o 1429 6.610000
o 1428 6.610000
o 1427 6.610000
o 1426 6.610000
o 1425 6.610000
o 1424 6.610000
o 1423 6.610000
o 1422 6.610000
o 1421 6.610000
o 1420 6.610000
o 1419 6.610000
o 1418 6.610000
o 1417 6.610000
o 1416 6.610000
o 1415 6.610000
o 1414 6.610000
o 1413 6.610000
o 1412 6.610000
o 1411 6.610000
o 1410 6.610000
o 1409 6.610000
o 1408 6.610000
o 1407 6.610000
o 1406 6.610000
o 1405 6.610000
o 1404 6.610000
o 1403 6.610000
o 1402 6.610000
o 1401 6.610000
o 1400 6.620000
o 1399 6.620000
o 1398 6.620000
o 1397 6.620000
o 1396 6.620000
o 1395 6.620000
o 1394 6.620000
o 1393 6.620000
o 1392 6.620000
o 1391 6.620000
o 1390 6.620000
o 1389 6.620000
o 1388 6.620000
o 1387 6.620000
o 1386 6.620000
o 1385 6.620000
o 1384 6.620000
o 1383 6.620000
o 1382 6.620000
o 1381 6.620000
o 1380 6.620000
o 1379 6.620000
o 1378 6.620000
o 1377 6.620000
o 1376 6.620000
o 1375 6.620000
o 1374 6.620000
o 1373 6.620000
o 1372 6.620000
o 1371 6.620000
o 1370 6.620000
o 1369 6.620000
o 1368 6.620000
o 1367 6.620000
o 1366 6.620000
o 1365 6.620000
o 1364 6.620000
o 1363 6.620000
o 1362 6.620000
o 1361 6.620000
o 1360 6.620000
o 1359 6.620000
o 1358 6.620000
o 1357 6.620000
o 1356 6.620000
o 1355 6.620000
o 1354 6.620000
o 1353 6.620000
o 1352 6.620000
o 1351 6.620000
o 1350 6.620000
o 1349 6.620000
o 1348 6.620000
o 1347 6.620000
o 1346 6.620000
o 1345 6.620000
o 1344 6.620000
o 1343 6.620000
o 1342 6.620000
o 1341 6.620000
o 1340 6.620000
o 1339 6.620000
o 1338 6.620000
o 1337 6.620000
o 1336 6.620000
o 1335 6.620000
o 1334 6.620000
o 1333 6.620000
o 1332 6.620000
o 1331 6.620000
o 1330 6.620000
o 1329 6.620000
o 1328 6.620000
o 1327 6.620000
o 1326 6.620000
o 1325 6.620000
o 1324 6.620000
o 1323 6.620000
o 1322 6.630000
o 1321 6.630000
o 1320 6.630000
o 1319 6.630000
o 1318 6.630000
o 1317 6.630000
o 1316 6.630000
o 1315 6.630000
o 1314 6.630000
o 1313 6.630000
o 1312 6.630000
o 1311 6.630000
o 1310 6.630000
o 1309 6.630000
o 1308 6.630000
o 1307 6.630000
o 1306 6.630000
o 1305 6.630000
o 1304 6.630000
o 1303 6.630000
o 1302 6.630000
o 1301 6.630000
o 1300 6.630000
o 1299 6.630000
o 1298 6.630000
o 1297 6.630000
o 1296 6.630000
o 1295 6.630000
o 1294 6.630000
o 1293 6.630000
o 1292 6.630000
o 1291 6.630000
o 1290 6.630000
o 1289 6.630000
o 1288 6.630000
o 1287 6.630000
o 1286 6.630000
o 1285 6.630000
o 1284 6.630000
o 1283 6.630000
o 1282 6.630000
o 1281 6.630000
o 1280 6.630000
o 1279 6.630000
o 1278 6.630000
o 1277 6.630000
o 1276 6.630000
o 1275 6.630000
o 1274 6.630000
o 1273 6.630000
o 1272 6.630000
o 1271 6.630000
o 1270 6.630000
o 1269 6.630000
o 1268 6.630000
o 1267 6.630000
o 1266 6.630000
o 1265 6.630000
o 1264 6.630000
o 1263 6.630000
o 1262 6.630000
o 1261 6.630000
o 1260 6.630000
o 1259 6.630000
o 1258 6.630000
o 1257 6.630000
o 1256 6.630000
o 1255 6.630000
o 1254 6.630000
o 1253 6.630000
o 1252 6.630000
o 1251 6.630000
o 1250 6.630000
o 1249 6.630000
o 1248 6.630000
o 1247 6.630000
o 1246 6.630000
o 1245 6.630000
o 1244 6.640000
o 1243 6.640000
o 1242 6.640000
o 1241 6.640000
o 1240 6.640000
o 1239 6.640000
o 1238 6.640000
o 1237 6.640000
o 1236 6.640000
o 1235 6.640000
o 1234 6.640000
o 1233 6.640000
o 1232 6.640000
o 1231 6.640000
o 1230 6.640000
o 1229 6.640000
o 1228 6.640000
o 1227 6.640000
o 1226 6.640000
o 1225 6.640000
o 1224 6.640000
o 1223 6.640000
o 1222 6.640000
o 1221 6.640000
o 1220 6.640000
o 1219 6.640000
o 1218 6.640000
o 1217 6.640000
o 1216 6.640000
o 1215 6.640000
o 1214 6.640000
o 1213 6.640000
o 1212 6.640000
o 1211 6.640000
o 1210 6.640000
o 1209 6.640000
o 1208 6.640000
o 1207 6.640000
o 1206 6.640000
o 1205 6.640000
o 1204 6.640000
o 1203 6.640000
o 1202 6.640000
o 1201 6.640000
o 1200 6.640000
o 1199 6.640000
o 1198 6.640000
o 1197 6.640000
o 1196 6.640000
o 1195 6.640000
o 1194 6.640000
o 1193 6.640000
o 1192 6.640000
o 1191 6.640000
o 1190 6.640000
o 1189 6.640000
o 1188 6.640000
o 1187 6.640000
o 1186 6.640000
o 1185 6.640000
o 1184 6.640000
o 1183 6.640000
o 1182 6.640000
o 1181 6.640000
o 1180 6.640000
o 1179 6.640000
o 1178 6.640000
o 1177 6.640000
o 1176 6.640000
o 1175 6.640000
o 1174 6.640000
o 1173 6.640000
o 1172 6.640000
o 1171 6.640000
o 1170 6.640000
o 1169 6.640000
o 1168 6.640000
o 1167 6.640000
o 1166 6.650000
o 1165 6.650000
o 1164 6.650000
o 1163 6.650000
o 1162 6.650000
o 1161 6.650000
o 1160 6.650000
o 1159 6.650000
o 1158 6.650000
o 1157 6.650000
o 1156 6.650000
o 1155 6.650000
o 1154 6.650000
o 1153 6.650000
o 1152 6.650000
o 1151 6.650000
o 1150 6.650000
o 1149 6.650000
o 1148 6.650000
o 1147 6.650000
o 1146 6.650000
o 1145 6.650000
o 1144 6.650000
o 1143 6.650000
o 1142 6.650000
o 1141 6.650000
o 1140 6.650000
o 1139 6.650000
o 1138 6.650000
o 1137 6.650000
o 1136 6.650000
o 1135 6.650000
o 1134 6.650000
o 1133 6.650000
o 1132 6.650000
o 1131 6.650000
o 1130 6.650000
o 1129 6.650000
o 1128 6.650000
o 1127 6.650000
o 1126 6.650000
o 1125 6.650000
o 1124 6.650000
o 1123 6.650000
o 1122 6.650000
o 1121 6.650000
o 1120 6.650000
o 1119 6.650000
o 1118 6.650000
o 1117 6.650000
o 1116 6.650000
o 1115 6.650000
o 1114 6.650000
o 1113 6.650000
o 1112 6.650000
o 1111 6.650000
o 1110 6.650000
o 1109 6.650000
o 1108 6.650000
o 1107 6.650000
o 1106 6.650000
o 1105 6.650000
o 1104 6.650000
o 1103 6.650000
o 1102 6.650000
1102	6.650000
decision-tree-kr-vs-kp-un-formula_0.8_2021_atleast_63_max-5_reduced_incomplete_tree
o 1704 5.780000
o 1703 5.880000
o 1702 5.880000
o 1701 5.880000
o 1700 5.880000
o 1699 5.880000
o 1698 5.880000
o 1697 5.880000
o 1696 5.880000
o 1695 5.880000
o 1694 5.880000
o 1693 5.880000
o 1692 5.880000
o 1691 5.880000
o 1690 5.880000
o 1689 5.880000
o 1688 5.880000
o 1687 5.880000
o 1686 5.880000
o 1685 5.880000
o 1684 5.880000
o 1683 5.880000
o 1682 5.880000
o 1681 5.880000
o 1680 5.880000
o 1679 5.880000
o 1678 5.880000
o 1677 5.880000
o 1676 5.880000
o 1675 5.880000
o 1674 5.880000
o 1673 5.880000
o 1672 5.880000
o 1671 5.880000
o 1670 5.880000
o 1669 5.880000
o 1668 5.880000
o 1667 5.880000
o 1666 5.880000
o 1665 5.880000
o 1664 5.880000
o 1663 5.880000
o 1662 5.880000
o 1661 5.880000
o 1660 5.880000
o 1659 5.880000
o 1658 5.880000
o 1657 5.880000
o 1656 5.880000
o 1655 5.880000
o 1654 5.880000
o 1653 5.880000
o 1652 5.880000
o 1651 5.880000
o 1650 5.880000
o 1649 5.880000
o 1648 5.880000
o 1647 5.880000
o 1646 5.880000
o 1645 5.880000
o 1644 5.880000
o 1643 5.880000
o 1642 5.880000
o 1641 5.880000
o 1640 5.880000
o 1639 5.880000
o 1638 5.880000
o 1637 5.880000
o 1636 5.880000
o 1635 5.880000
o 1634 5.880000
o 1633 5.880000
o 1632 5.880000
o 1631 5.880000
o 1630 5.880000
o 1629 5.890000
o 1628 5.890000
o 1627 5.890000
o 1626 5.890000
o 1625 5.890000
o 1624 5.890000
o 1623 5.890000
o 1622 5.890000
o 1621 5.890000
o 1620 5.890000
o 1619 5.890000
o 1618 5.890000
o 1617 5.890000
o 1616 5.890000
o 1615 5.890000
o 1614 5.890000
o 1613 5.890000
o 1612 5.890000
o 1611 5.890000
o 1610 5.890000
o 1609 5.890000
o 1608 5.890000
o 1607 5.890000
o 1606 5.890000
o 1605 5.890000
o 1604 5.890000
o 1603 5.890000
o 1602 5.890000
o 1601 5.890000
o 1600 5.890000
o 1599 5.890000
o 1598 5.890000
o 1597 5.890000
o 1596 5.890000
o 1595 5.890000
o 1594 5.890000
o 1593 5.890000
o 1592 5.890000
o 1591 5.890000
o 1590 5.890000
o 1589 5.890000
o 1588 5.890000
o 1587 5.890000
o 1586 5.890000
o 1585 5.890000
o 1584 5.890000
o 1583 5.890000
o 1582 5.890000
o 1581 5.890000
o 1580 5.890000
o 1579 5.890000
o 1578 5.890000
o 1577 5.890000
o 1576 5.890000
o 1575 5.890000
o 1574 5.890000
o 1573 5.890000
o 1572 5.890000
o 1571 5.890000
o 1570 5.890000
o 1569 5.890000
o 1568 5.890000
o 1567 5.890000
o 1566 5.890000
o 1565 5.890000
o 1564 5.890000
o 1563 5.890000
o 1562 5.890000
o 1561 5.890000
o 1560 5.890000
o 1559 5.890000
o 1558 5.890000
o 1557 5.890000
o 1556 5.890000
o 1555 5.890000
o 1554 5.890000
o 1553 5.890000
o 1552 5.890000
o 1551 5.890000
o 1550 5.890000
o 1549 5.890000
o 1548 5.900000
o 1547 5.900000
o 1546 5.900000
o 1545 5.900000
o 1544 5.900000
o 1543 5.900000
o 1542 5.900000
o 1541 5.900000
o 1540 5.900000
o 1539 5.900000
o 1538 5.900000
o 1537 5.900000
o 1536 5.900000
o 1535 5.900000
o 1534 5.900000
o 1533 5.900000
o 1532 5.900000
o 1531 5.900000
o 1530 5.900000
o 1529 5.900000
o 1528 5.900000
o 1527 5.900000
o 1526 5.900000
o 1525 5.900000
o 1524 5.900000
o 1523 5.900000
o 1522 5.900000
o 1521 5.900000
o 1520 5.900000
o 1519 5.900000
o 1518 5.900000
o 1517 5.900000
o 1516 5.900000
o 1515 5.900000
o 1514 5.900000
o 1513 5.900000
o 1512 5.900000
o 1511 5.900000
o 1510 5.900000
o 1509 5.900000
o 1508 5.900000
o 1507 5.900000
o 1506 5.900000
o 1505 5.900000
o 1504 5.900000
o 1503 5.900000
o 1502 5.900000
o 1501 5.900000
o 1500 5.900000
o 1499 5.900000
o 1498 5.900000
o 1497 5.900000
o 1496 5.900000
o 1495 5.900000
o 1494 5.900000
o 1493 5.900000
o 1492 5.900000
o 1491 5.900000
o 1490 5.900000
o 1489 5.900000
o 1488 5.900000
o 1487 5.900000
o 1486 5.900000
o 1485 5.900000
o 1484 5.900000
o 1483 5.900000
o 1482 5.900000
o 1481 5.900000
o 1480 5.900000
o 1479 5.900000
o 1478 5.900000
o 1477 5.900000
o 1476 5.900000
o 1475 5.900000
o 1474 5.900000
o 1473 5.900000
o 1472 5.900000
o 1471 5.900000
o 1470 5.900000
o 1469 5.900000
o 1468 5.900000
o 1467 5.910000
o 1466 5.910000
o 1465 5.910000
o 1464 5.910000
o 1463 5.910000
o 1462 5.910000
o 1461 5.910000
o 1460 5.910000
o 1459 5.910000
o 1458 5.910000
o 1457 5.910000
o 1456 5.910000
o 1455 5.910000
o 1454 5.910000
o 1453 5.910000
o 1452 5.910000
o 1451 5.910000
o 1450 5.910000
o 1449 5.910000
o 1448 5.910000
o 1447 5.910000
o 1446 5.910000
o 1445 5.910000
o 1444 5.910000
o 1443 5.910000
o 1442 5.910000
o 1441 5.910000
o 1440 5.910000
o 1439 5.910000
o 1438 5.910000
o 1437 5.910000
o 1436 5.910000
o 1435 5.910000
o 1434 5.910000
o 1433 5.910000
o 1432 5.910000
o 1431 5.910000
o 1430 5.910000
o 1429 5.910000
o 1428 5.910000
o 1427 5.910000
o 1426 5.910000
o 1425 5.910000
o 1424 5.910000
o 1423 5.910000
o 1422 5.910000
o 1421 5.910000
o 1420 5.910000
o 1419 5.910000
o 1418 5.910000
o 1417 5.910000
o 1416 5.910000
o 1415 5.910000
o 1414 5.910000
o 1413 5.910000
o 1412 5.910000
o 1411 5.910000
o 1410 5.910000
o 1409 5.910000
o 1408 5.910000
o 1407 5.910000
o 1406 5.910000
o 1405 5.910000
o 1404 5.910000
o 1403 5.910000
o 1402 5.910000
o 1401 5.920000
o 1400 5.920000
o 1399 5.920000
o 1398 5.920000
o 1397 5.920000
o 1396 5.920000
o 1395 5.920000
o 1394 5.920000
o 1393 5.920000
o 1392 5.920000
o 1391 5.920000
o 1390 5.920000
o 1389 5.920000
o 1388 5.920000
o 1387 5.920000
o 1386 5.920000
o 1385 5.920000
o 1384 5.920000
o 1383 5.920000
o 1382 5.920000
o 1381 5.920000
o 1380 5.920000
o 1379 5.920000
o 1378 5.920000
o 1377 5.920000
o 1376 5.920000
o 1375 5.920000
o 1374 5.920000
o 1373 5.920000
o 1372 5.920000
o 1371 5.920000
o 1370 5.920000
o 1369 5.920000
o 1368 5.920000
o 1367 5.920000
o 1366 5.920000
o 1365 5.920000
o 1364 5.920000
o 1363 5.920000
o 1362 5.920000
o 1361 5.920000
o 1360 5.920000
o 1359 5.920000
o 1358 5.920000
o 1357 5.920000
o 1356 5.930000
o 1355 5.930000
o 1354 5.930000
o 1353 5.930000
o 1352 5.930000
o 1351 5.930000
o 1350 5.930000
o 1349 5.930000
o 1348 5.930000
o 1347 5.930000
o 1346 5.930000
o 1345 5.930000
o 1344 5.930000
o 1343 5.930000
o 1342 5.930000
o 1341 5.930000
o 1340 5.930000
o 1339 5.930000
o 1338 5.930000
o 1337 5.930000
o 1336 5.930000
o 1335 5.930000
o 1334 5.930000
o 1333 5.930000
o 1332 5.930000
o 1331 5.930000
o 1330 5.930000
o 1329 5.930000
o 1328 5.930000
o 1327 5.930000
o 1326 5.930000
o 1325 5.930000
o 1324 5.930000
o 1323 5.930000
o 1322 5.930000
o 1321 5.930000
o 1320 5.930000
o 1319 5.930000
o 1318 5.930000
o 1317 5.930000
o 1316 5.930000
o 1315 5.930000
o 1314 5.930000
o 1313 5.930000
o 1312 5.930000
o 1311 5.930000
o 1310 5.930000
o 1309 5.930000
o 1308 5.930000
o 1307 5.930000
o 1306 5.930000
o 1305 5.930000
o 1304 5.930000
o 1303 5.930000
o 1302 5.930000
o 1301 5.930000
o 1300 5.930000
o 1299 5.930000
o 1298 5.930000
o 1297 5.930000
o 1296 5.930000
o 1295 5.930000
o 1294 5.930000
o 1293 5.930000
o 1292 5.930000
o 1291 5.930000
o 1290 5.930000
o 1289 5.930000
o 1288 5.930000
o 1287 5.930000
o 1286 5.930000
o 1285 5.930000
o 1284 5.930000
o 1283 5.930000
o 1282 5.930000
o 1281 5.930000
o 1280 5.930000
o 1279 5.930000
o 1278 5.930000
o 1277 5.940000
o 1276 5.940000
o 1275 5.940000
o 1274 5.940000
o 1273 5.940000
o 1272 5.940000
o 1271 5.940000
o 1270 5.940000
o 1269 5.940000
o 1268 5.940000
o 1267 5.940000
o 1266 5.940000
o 1265 5.940000
o 1264 5.940000
o 1263 5.940000
o 1262 5.940000
o 1261 5.940000
o 1260 5.940000
o 1259 5.940000
o 1258 5.940000
o 1257 5.940000
o 1256 5.940000
o 1255 5.940000
o 1254 5.940000
o 1253 5.940000
o 1252 5.940000
o 1251 5.940000
o 1250 5.940000
o 1249 5.940000
o 1248 5.940000
o 1247 5.940000
o 1246 5.940000
o 1245 5.940000
1245	5.940000
decision-tree-kr-vs-kp-un-formula_0.8_2021_atleast_63_max-5_reduced_incomplete_tree
o 1840 5.990000
o 1839 6.080000
o 1838 6.080000
o 1837 6.080000
o 1836 6.080000
o 1835 6.080000
o 1834 6.080000
o 1833 6.080000
o 1832 6.080000
o 1831 6.080000
o 1830 6.080000
o 1829 6.080000
o 1828 6.080000
o 1827 6.080000
o 1826 6.080000
o 1825 6.080000
o 1824 6.080000
o 1823 6.080000
o 1822 6.080000
o 1821 6.080000
o 1820 6.080000
o 1819 6.080000
o 1818 6.080000
o 1817 6.080000
o 1816 6.080000
o 1815 6.080000
o 1814 6.080000
o 1813 6.080000
o 1812 6.090000
o 1811 6.090000
o 1810 6.090000
o 1809 6.090000
o 1808 6.090000
o 1807 6.090000
o 1806 6.090000
o 1805 6.090000
o 1804 6.090000
o 1803 6.090000
o 1802 6.090000
o 1801 6.090000
o 1800 6.090000
o 1799 6.090000
o 1798 6.090000
o 1797 6.090000
o 1796 6.090000
o 1795 6.090000
o 1794 6.090000
o 1793 6.090000
o 1792 6.090000
o 1791 6.090000
o 1790 6.090000
o 1789 6.090000
o 1788 6.090000
o 1787 6.090000
o 1786 6.090000
o 1785 6.090000
o 1784 6.090000
o 1783 6.090000
o 1782 6.090000
o 1781 6.090000
o 1780 6.090000
o 1779 6.090000
o 1778 6.090000
o 1777 6.090000
o 1776 6.090000
o 1775 6.090000
o 1774 6.090000
o 1773 6.090000
o 1772 6.090000
o 1771 6.090000
o 1770 6.090000
o 1769 6.090000
o 1768 6.090000
o 1767 6.090000
o 1766 6.090000
o 1765 6.090000
o 1764 6.090000
o 1763 6.090000
o 1762 6.090000
o 1761 6.090000
o 1760 6.090000
o 1759 6.090000
o 1758 6.090000
o 1757 6.090000
o 1756 6.090000
o 1755 6.090000
o 1754 6.090000
o 1753 6.090000
o 1752 6.090000
o 1751 6.090000
o 1750 6.090000
o 1749 6.090000
o 1748 6.090000
o 1747 6.090000
o 1746 6.090000
o 1745 6.090000
o 1744 6.090000
o 1743 6.090000
o 1742 6.090000
o 1741 6.090000
o 1740 6.090000
o 1739 6.090000
o 1738 6.090000
o 1737 6.090000
o 1736 6.090000
o 1735 6.090000
o 1734 6.090000
o 1733 6.100000
o 1732 6.100000
o 1731 6.100000
o 1730 6.100000
o 1729 6.100000
o 1728 6.100000
o 1727 6.100000
o 1726 6.100000
o 1725 6.100000
o 1724 6.100000
o 1723 6.100000
o 1722 6.100000
o 1721 6.100000
o 1720 6.100000
o 1719 6.100000
o 1718 6.100000
o 1717 6.100000
o 1716 6.100000
o 1715 6.100000
o 1714 6.100000
o 1713 6.100000
o 1712 6.100000
o 1711 6.100000
o 1710 6.100000
o 1709 6.100000
o 1708 6.100000
o 1707 6.100000
o 1706 6.100000
o 1705 6.100000
o 1704 6.100000
o 1703 6.100000
o 1702 6.100000
o 1701 6.100000
o 1700 6.100000
o 1699 6.100000
o 1698 6.100000
o 1697 6.100000
o 1696 6.100000
o 1695 6.100000
o 1694 6.100000
o 1693 6.100000
o 1692 6.100000
o 1691 6.100000
o 1690 6.100000
o 1689 6.100000
o 1688 6.100000
o 1687 6.100000
o 1686 6.100000
o 1685 6.100000
o 1684 6.100000
o 1683 6.100000
o 1682 6.100000
o 1681 6.100000
o 1680 6.100000
o 1679 6.100000
o 1678 6.100000
o 1677 6.100000
o 1676 6.100000
o 1675 6.100000
o 1674 6.100000
o 1673 6.100000
o 1672 6.100000
o 1671 6.100000
o 1670 6.100000
o 1669 6.100000
o 1668 6.100000
o 1667 6.100000
o 1666 6.100000
o 1665 6.100000
o 1664 6.100000
o 1663 6.100000
o 1662 6.100000
o 1661 6.100000
o 1660 6.100000
o 1659 6.100000
o 1658 6.100000
o 1657 6.100000
o 1656 6.100000
o 1655 6.100000
o 1654 6.100000
o 1653 6.110000
o 1652 6.110000
o 1651 6.110000
o 1650 6.110000
o 1649 6.110000
o 1648 6.110000
o 1647 6.110000
o 1646 6.110000
o 1645 6.110000
o 1644 6.110000
o 1643 6.110000
o 1642 6.110000
o 1641 6.110000
o 1640 6.110000
o 1639 6.110000
o 1638 6.110000
o 1637 6.110000
o 1636 6.110000
o 1635 6.110000
o 1634 6.110000
o 1633 6.110000
o 1632 6.110000
o 1631 6.110000
o 1630 6.110000
o 1629 6.110000
o 1628 6.110000
o 1627 6.110000
o 1626 6.110000
o 1625 6.110000
o 1624 6.110000
o 1623 6.110000
o 1622 6.110000
o 1621 6.110000
o 1620 6.110000
o 1619 6.110000
o 1618 6.110000
o 1617 6.110000
o 1616 6.110000
o 1615 6.110000
o 1614 6.110000
o 1613 6.110000
o 1612 6.110000
o 1611 6.110000
o 1610 6.110000
o 1609 6.110000
o 1608 6.110000
o 1607 6.110000
o 1606 6.110000
o 1605 6.110000
o 1604 6.110000
o 1603 6.110000
o 1602 6.110000
o 1601 6.110000
o 1600 6.110000
o 1599 6.110000
o 1598 6.110000
o 1597 6.110000
o 1596 6.110000
o 1595 6.110000
o 1594 6.110000
o 1593 6.110000
o 1592 6.110000
o 1591 6.110000
o 1590 6.110000
o 1589 6.110000
o 1588 6.110000
o 1587 6.110000
o 1586 6.110000
o 1585 6.110000
o 1584 6.110000
o 1583 6.110000
o 1582 6.110000
o 1581 6.110000
o 1580 6.110000
o 1579 6.110000
o 1578 6.110000
o 1577 6.110000
o 1576 6.110000
o 1575 6.110000
o 1574 6.120000
o 1573 6.120000
o 1572 6.120000
o 1571 6.120000
o 1570 6.120000
o 1569 6.120000
o 1568 6.120000
o 1567 6.120000
o 1566 6.120000
o 1565 6.120000
o 1564 6.120000
o 1563 6.120000
o 1562 6.120000
o 1561 6.120000
o 1560 6.120000
o 1559 6.120000
o 1558 6.120000
o 1557 6.120000
o 1556 6.120000
o 1555 6.120000
o 1554 6.120000
o 1553 6.120000
o 1552 6.120000
o 1551 6.120000
o 1550 6.120000
o 1549 6.120000
o 1548 6.120000
o 1547 6.120000
o 1546 6.120000
o 1545 6.120000
o 1544 6.120000
o 1543 6.120000
o 1542 6.120000
o 1541 6.120000
o 1540 6.120000
o 1539 6.120000
o 1538 6.120000
o 1537 6.120000
o 1536 6.120000
o 1535 6.120000
o 1534 6.120000
o 1533 6.120000
o 1532 6.120000
o 1531 6.120000
o 1530 6.120000
o 1529 6.120000
o 1528 6.120000
o 1527 6.120000
o 1526 6.120000
o 1525 6.120000
o 1524 6.120000
o 1523 6.120000
o 1522 6.120000
o 1521 6.120000
o 1520 6.120000
o 1519 6.120000
o 1518 6.120000
o 1517 6.120000
o 1516 6.120000
o 1515 6.120000
o 1514 6.120000
o 1513 6.120000
o 1512 6.120000
o 1511 6.120000
o 1510 6.120000
o 1509 6.120000
o 1508 6.120000
o 1507 6.120000
o 1506 6.120000
o 1505 6.120000
o 1504 6.120000
o 1503 6.120000
o 1502 6.120000
o 1501 6.120000
o 1500 6.120000
o 1499 6.120000
o 1498 6.120000
o 1497 6.120000
o 1496 6.120000
o 1495 6.120000
o 1494 6.120000
o 1493 6.120000
o 1492 6.120000
o 1491 6.120000
o 1490 6.120000
o 1489 6.120000
o 1488 6.120000
o 1487 6.120000
o 1486 6.120000
o 1485 6.120000
o 1484 6.120000
o 1483 6.120000
o 1482 6.120000
o 1481 6.120000
o 1480 6.120000
o 1479 6.120000
o 1478 6.120000
o 1477 6.120000
o 1476 6.120000
o 1475 6.120000
o 1474 6.120000
o 1473 6.120000
o 1472 6.120000
o 1471 6.120000
o 1470 6.120000
o 1469 6.120000
o 1468 6.120000
o 1467 6.120000
o 1466 6.120000
o 1465 6.120000
o 1464 6.120000
o 1463 6.130000
o 1462 6.130000
o 1461 6.130000
o 1460 6.130000
o 1459 6.130000
o 1458 6.130000
o 1457 6.130000
o 1456 6.130000
o 1455 6.130000
o 1454 6.130000
o 1453 6.130000
o 1452 6.130000
o 1451 6.130000
o 1450 6.130000
o 1449 6.130000
o 1448 6.130000
o 1447 6.130000
o 1446 6.130000
o 1445 6.130000
o 1444 6.130000
o 1443 6.130000
o 1442 6.130000
o 1441 6.130000
o 1440 6.130000
o 1439 6.130000
o 1438 6.130000
o 1437 6.130000
o 1436 6.130000
o 1435 6.130000
o 1434 6.130000
o 1433 6.130000
o 1432 6.130000
o 1431 6.130000
o 1430 6.130000
o 1429 6.130000
o 1428 6.130000
o 1427 6.130000
o 1426 6.130000
o 1425 6.130000
o 1424 6.130000
o 1423 6.130000
o 1422 6.130000
o 1421 6.130000
o 1420 6.130000
o 1419 6.130000
o 1418 6.130000
o 1417 6.130000
o 1416 6.130000
o 1415 6.130000
o 1414 6.130000
o 1413 6.130000
o 1412 6.130000
o 1411 6.130000
o 1410 6.130000
o 1409 6.130000
o 1408 6.130000
o 1407 6.130000
o 1406 6.130000
o 1405 6.130000
o 1404 6.130000
o 1403 6.130000
o 1402 6.130000
o 1401 6.130000
o 1400 6.130000
o 1399 6.130000
o 1398 6.130000
o 1397 6.130000
o 1396 6.130000
o 1395 6.130000
o 1394 6.130000
o 1393 6.130000
o 1392 6.130000
o 1391 6.130000
o 1390 6.130000
o 1389 6.130000
o 1388 6.130000
o 1387 6.130000
o 1386 6.130000
o 1385 6.130000
o 1384 6.130000
o 1383 6.130000
o 1382 6.140000
o 1381 6.140000
o 1380 6.140000
o 1379 6.140000
o 1378 6.140000
o 1377 6.140000
o 1376 6.140000
o 1375 6.140000
o 1374 6.140000
o 1373 6.140000
o 1372 6.140000
o 1371 6.140000
o 1370 6.140000
o 1369 6.140000
o 1368 6.140000
o 1367 6.140000
o 1366 6.140000
o 1365 6.140000
o 1364 6.140000
o 1363 6.140000
o 1362 6.140000
o 1361 6.140000
o 1360 6.140000
o 1359 6.140000
o 1358 6.140000
o 1357 6.140000
o 1356 6.140000
o 1355 6.140000
o 1354 6.140000
o 1353 6.140000
o 1352 6.140000
o 1351 6.140000
o 1350 6.140000
o 1349 6.140000
o 1348 6.140000
o 1347 6.140000
o 1346 6.140000
o 1345 6.140000
o 1344 6.140000
o 1343 6.140000
o 1342 6.140000
o 1341 6.140000
o 1340 6.140000
o 1339 6.140000
o 1338 6.140000
o 1337 6.140000
o 1336 6.140000
o 1335 6.140000
o 1334 6.140000
o 1333 6.140000
o 1332 6.140000
o 1331 6.140000
o 1330 6.140000
o 1329 6.140000
o 1328 6.140000
o 1327 6.140000
o 1326 6.140000
o 1325 6.140000
o 1324 6.140000
o 1323 6.140000
o 1322 6.140000
o 1321 6.140000
o 1320 6.140000
o 1319 6.140000
o 1318 6.140000
o 1317 6.140000
o 1316 6.140000
o 1315 6.140000
o 1314 6.140000
o 1313 6.140000
o 1312 6.140000
o 1311 6.140000
o 1310 6.140000
o 1309 6.140000
o 1308 6.140000
o 1307 6.140000
o 1306 6.140000
o 1305 6.140000
o 1304 6.150000
o 1303 6.150000
o 1302 6.150000
o 1301 6.150000
o 1300 6.150000
o 1299 6.150000
o 1298 6.150000
o 1297 6.150000
o 1296 6.150000
o 1295 6.150000
o 1294 6.150000
o 1293 6.150000
o 1292 6.150000
o 1291 6.150000
o 1290 6.150000
o 1289 6.150000
o 1288 6.150000
o 1287 6.150000
o 1286 6.150000
o 1285 6.150000
o 1284 6.150000
o 1283 6.150000
o 1282 6.150000
o 1281 6.150000
o 1280 6.150000
o 1279 6.150000
o 1278 6.150000
o 1277 6.150000
o 1276 6.150000
o 1275 6.150000
o 1274 6.150000
o 1273 6.150000
o 1272 6.150000
o 1271 6.150000
o 1270 6.150000
o 1269 6.150000
o 1268 6.150000
o 1267 6.150000
o 1266 6.150000
o 1265 6.150000
o 1264 6.150000
o 1263 6.150000
o 1262 6.150000
o 1261 6.150000
o 1260 6.150000
o 1259 6.150000
o 1258 6.150000
o 1257 6.150000
o 1256 6.150000
o 1255 6.150000
o 1254 6.150000
o 1253 6.150000
o 1252 6.150000
o 1251 6.150000
o 1250 6.150000
o 1249 6.150000
o 1248 6.150000
o 1247 6.150000
o 1246 6.150000
o 1245 6.150000
o 1244 6.150000
o 1243 6.150000
o 1242 6.150000
o 1241 6.150000
o 1240 6.150000
o 1239 6.150000
o 1238 6.150000
o 1237 6.150000
o 1236 6.150000
o 1235 6.150000
o 1234 6.150000
o 1233 6.150000
o 1232 6.150000
o 1231 6.150000
o 1230 6.150000
o 1229 6.150000
o 1228 6.150000
o 1227 6.150000
o 1226 6.160000
o 1225 6.160000
o 1224 6.160000
o 1223 6.160000
o 1222 6.160000
o 1221 6.160000
o 1220 6.160000
o 1219 6.160000
o 1218 6.160000
o 1217 6.160000
o 1216 6.160000
o 1215 6.160000
o 1214 6.160000
o 1213 6.160000
o 1212 6.160000
o 1211 6.160000
o 1210 6.160000
o 1209 6.160000
o 1208 6.160000
o 1207 6.160000
o 1206 6.160000
o 1205 6.160000
o 1204 6.160000
o 1203 6.160000
o 1202 6.160000
o 1201 6.160000
o 1200 6.160000
o 1199 6.160000
o 1198 6.160000
o 1197 6.160000
o 1196 6.160000
o 1195 6.160000
o 1194 6.160000
o 1193 6.160000
o 1192 6.160000
o 1191 6.160000
o 1190 6.160000
o 1189 6.160000
o 1188 6.160000
o 1187 6.160000
o 1186 6.160000
o 1185 6.160000
o 1184 6.160000
o 1183 6.160000
o 1182 6.160000
o 1181 6.160000
o 1180 6.160000
o 1179 6.160000
o 1178 6.160000
o 1177 6.160000
o 1176 6.160000
o 1175 6.160000
o 1174 6.160000
o 1173 6.160000
o 1172 6.160000
o 1171 6.160000
o 1170 6.160000
o 1169 6.160000
o 1168 6.160000
o 1167 6.160000
o 1166 6.160000
o 1165 6.160000
o 1164 6.160000
o 1163 6.160000
o 1162 6.160000
o 1161 6.160000
o 1160 6.160000
o 1159 6.160000
o 1158 6.160000
o 1157 6.160000
o 1156 6.160000
o 1155 6.160000
o 1154 6.160000
o 1153 6.160000
o 1152 6.160000
o 1151 6.160000
o 1150 6.160000
o 1149 6.160000
o 1148 6.160000
o 1147 6.160000
o 1146 6.170000
o 1145 6.170000
o 1144 6.170000
o 1143 6.170000
o 1142 6.170000
o 1141 6.170000
o 1140 6.170000
1140	6.170000
decision-tree-kr-vs-kp-un-formula_0.8_2021_atleast_63_max-5_reduced_incomplete_tree
o 2054 5.920000
o 2053 6.010000
o 2052 6.010000
o 2051 6.010000
o 2050 6.010000
o 2049 6.010000
o 2048 6.010000
o 2047 6.010000
o 2046 6.010000
o 2045 6.010000
o 2044 6.010000
o 2043 6.010000
o 2042 6.010000
o 2041 6.010000
o 2040 6.010000
o 2039 6.010000
o 2038 6.020000
o 2037 6.020000
o 2036 6.020000
o 2035 6.020000
o 2034 6.020000
o 2033 6.020000
o 2032 6.020000
o 2031 6.020000
o 2030 6.020000
o 2029 6.020000
o 2028 6.020000
o 2027 6.020000
o 2026 6.020000
o 2025 6.020000
o 2024 6.020000
o 2023 6.020000
o 2022 6.020000
o 2021 6.020000
o 2020 6.020000
o 2019 6.020000
o 2018 6.020000
o 2017 6.020000
o 2016 6.020000
o 2015 6.020000
o 2014 6.020000
o 2013 6.020000
o 2012 6.020000
o 2011 6.020000
o 2010 6.020000
o 2009 6.020000
o 2008 6.020000
o 2007 6.020000
o 2006 6.020000
o 2005 6.020000
o 2004 6.020000
o 2003 6.020000
o 2002 6.020000
o 2001 6.020000
o 2000 6.020000
o 1999 6.020000
o 1998 6.020000
o 1997 6.020000
o 1996 6.020000
o 1995 6.020000
o 1994 6.020000
o 1993 6.020000
o 1992 6.020000
o 1991 6.020000
o 1990 6.020000
o 1989 6.020000
o 1988 6.020000
o 1987 6.020000
o 1986 6.020000
o 1985 6.020000
o 1984 6.020000
o 1983 6.020000
o 1982 6.020000
o 1981 6.020000
o 1980 6.020000
o 1979 6.020000
o 1978 6.020000
o 1977 6.020000
o 1976 6.020000
o 1975 6.020000
o 1974 6.020000
o 1973 6.020000
o 1972 6.020000
o 1971 6.020000
o 1970 6.020000
o 1969 6.020000
o 1968 6.020000
o 1967 6.020000
o 1966 6.020000
o 1965 6.020000
o 1964 6.020000
o 1963 6.020000
o 1962 6.020000
o 1961 6.020000
o 1960 6.020000
o 1959 6.020000
o 1958 6.030000
o 1957 6.030000
o 1956 6.030000
o 1955 6.030000
o 1954 6.030000
o 1953 6.030000
o 1952 6.030000
o 1951 6.030000
o 1950 6.030000
o 1949 6.030000
o 1948 6.030000
o 1947 6.030000
o 1946 6.030000
o 1945 6.030000
o 1944 6.030000
o 1943 6.030000
o 1942 6.030000
o 1941 6.030000
o 1940 6.030000
o 1939 6.030000
o 1938 6.030000
o 1937 6.030000
o 1936 6.030000
o 1935 6.030000
o 1934 6.030000
o 1933 6.030000
o 1932 6.030000
o 1931 6.030000
o 1930 6.030000
o 1929 6.030000
o 1928 6.030000
o 1927 6.030000
o 1926 6.030000
o 1925 6.030000
o 1924 6.030000
o 1923 6.030000
o 1922 6.030000
o 1921 6.030000
o 1920 6.030000
o 1919 6.030000
o 1918 6.030000
o 1917 6.030000
o 1916 6.030000
o 1915 6.030000
o 1914 6.030000
o 1913 6.030000
o 1912 6.030000
o 1911 6.030000
o 1910 6.030000
o 1909 6.030000
o 1908 6.030000
o 1907 6.030000
o 1906 6.030000
o 1905 6.030000
o 1904 6.030000
o 1903 6.030000
o 1902 6.030000
o 1901 6.030000
o 1900 6.030000
o 1899 6.030000
o 1898 6.030000
o 1897 6.030000
o 1896 6.030000
o 1895 6.030000
o 1894 6.030000
o 1893 6.030000
o 1892 6.030000
o 1891 6.030000
o 1890 6.030000
o 1889 6.030000
o 1888 6.030000
o 1887 6.030000
o 1886 6.030000
o 1885 6.030000
o 1884 6.030000
o 1883 6.030000
o 1882 6.030000
o 1881 6.040000
o 1880 6.040000
o 1879 6.040000
o 1878 6.040000
o 1877 6.040000
o 1876 6.040000
o 1875 6.040000
o 1874 6.040000
o 1873 6.040000
o 1872 6.040000
o 1871 6.040000
o 1870 6.040000
o 1869 6.040000
o 1868 6.040000
o 1867 6.040000
o 1866 6.040000
o 1865 6.040000
o 1864 6.040000
o 1863 6.040000
o 1862 6.040000
o 1861 6.040000
o 1860 6.040000
o 1859 6.040000
o 1858 6.040000
o 1857 6.040000
o 1856 6.040000
o 1855 6.040000
o 1854 6.040000
o 1853 6.040000
o 1852 6.040000
o 1851 6.040000
o 1850 6.040000
o 1849 6.040000
o 1848 6.040000
o 1847 6.040000
o 1846 6.040000
o 1845 6.040000
o 1844 6.040000
o 1843 6.040000
o 1842 6.040000
o 1841 6.040000
o 1840 6.040000
o 1839 6.040000
o 1838 6.040000
o 1837 6.040000
o 1836 6.040000
o 1835 6.040000
o 1834 6.040000
o 1833 6.040000
o 1832 6.040000
o 1831 6.040000
o 1830 6.040000
o 1829 6.040000
o 1828 6.040000
o 1827 6.040000
o 1826 6.040000
o 1825 6.040000
o 1824 6.040000
o 1823 6.040000
o 1822 6.040000
o 1821 6.040000
o 1820 6.040000
o 1819 6.040000
o 1818 6.040000
o 1817 6.040000
o 1816 6.040000
o 1815 6.040000
o 1814 6.040000
o 1813 6.040000
o 1812 6.040000
o 1811 6.040000
o 1810 6.040000
o 1809 6.040000
o 1808 6.040000
o 1807 6.040000
o 1806 6.040000
o 1805 6.040000
o 1804 6.040000
o 1803 6.040000
o 1802 6.040000
o 1801 6.050000
o 1800 6.050000
o 1799 6.050000
o 1798 6.050000
o 1797 6.050000
o 1796 6.050000
o 1795 6.050000
o 1794 6.050000
o 1793 6.050000
o 1792 6.050000
o 1791 6.050000
o 1790 6.050000
o 1789 6.050000
o 1788 6.050000
o 1787 6.050000
o 1786 6.050000
o 1785 6.050000
o 1784 6.050000
o 1783 6.050000
o 1782 6.050000
o 1781 6.050000
o 1780 6.050000
o 1779 6.050000
o 1778 6.050000
o 1777 6.050000
o 1776 6.050000
o 1775 6.050000
o 1774 6.050000
o 1773 6.050000
o 1772 6.050000
o 1771 6.050000
o 1770 6.050000
o 1769 6.050000
o 1768 6.050000
o 1767 6.050000
o 1766 6.050000
o 1765 6.050000
o 1764 6.050000
o 1763 6.050000
o 1762 6.050000
o 1761 6.050000
o 1760 6.050000
o 1759 6.050000
o 1758 6.050000
o 1757 6.050000
o 1756 6.050000
o 1755 6.050000
o 1754 6.050000
o 1753 6.050000
o 1752 6.050000
o 1751 6.050000
o 1750 6.050000
o 1749 6.050000
o 1748 6.050000
o 1747 6.050000
o 1746 6.050000
o 1745 6.050000
o 1744 6.050000
o 1743 6.050000
o 1742 6.050000
o 1741 6.050000
o 1740 6.050000
o 1739 6.050000
o 1738 6.050000
o 1737 6.050000
o 1736 6.050000
o 1735 6.050000
o 1734 6.050000
o 1733 6.050000
o 1732 6.050000
o 1731 6.050000
o 1730 6.050000
o 1729 6.050000
o 1728 6.050000
o 1727 6.050000
o 1726 6.050000
o 1725 6.050000
o 1724 6.050000
o 1723 6.050000
o 1722 6.050000
o 1721 6.060000
o 1720 6.060000
o 1719 6.060000
o 1718 6.060000
o 1717 6.060000
o 1716 6.060000
o 1715 6.060000
o 1714 6.060000
o 1713 6.060000
o 1712 6.060000
o 1711 6.060000
o 1710 6.060000
o 1709 6.060000
o 1708 6.060000
o 1707 6.060000
o 1706 6.060000
o 1705 6.060000
o 1704 6.060000
o 1703 6.060000
o 1702 6.060000
o 1701 6.060000
o 1700 6.060000
o 1699 6.060000
o 1698 6.060000
o 1697 6.060000
o 1696 6.060000
o 1695 6.060000
o 1694 6.060000
o 1693 6.060000
o 1692 6.060000
o 1691 6.060000
o 1690 6.060000
o 1689 6.060000
o 1688 6.060000
o 1687 6.060000
o 1686 6.060000
o 1685 6.060000
o 1684 6.060000
o 1683 6.060000
o 1682 6.060000
o 1681 6.060000
o 1680 6.060000
o 1679 6.060000
o 1678 6.060000
o 1677 6.060000
o 1676 6.060000
o 1675 6.060000
o 1674 6.060000
o 1673 6.060000
o 1672 6.060000
o 1671 6.060000
o 1670 6.060000
o 1669 6.060000
o 1668 6.060000
o 1667 6.060000
o 1666 6.060000
o 1665 6.060000
o 1664 6.060000
o 1663 6.060000
o 1662 6.060000
o 1661 6.060000
o 1660 6.060000
o 1659 6.060000
o 1658 6.060000
o 1657 6.060000
o 1656 6.060000
o 1655 6.060000
o 1654 6.060000
o 1653 6.060000
o 1652 6.060000
o 1651 6.060000
o 1650 6.060000
o 1649 6.060000
o 1648 6.060000
o 1647 6.060000
o 1646 6.060000
o 1645 6.060000
o 1644 6.060000
o 1643 6.060000
o 1642 6.060000
o 1641 6.070000
o 1640 6.070000
o 1639 6.070000
o 1638 6.070000
o 1637 6.070000
o 1636 6.070000
o 1635 6.070000
o 1634 6.070000
o 1633 6.070000
o 1632 6.070000
o 1631 6.070000
o 1630 6.070000
o 1629 6.070000
o 1628 6.070000
o 1627 6.070000
o 1626 6.070000
o 1625 6.070000
o 1624 6.070000
o 1623 6.070000
o 1622 6.070000
o 1621 6.070000
o 1620 6.070000
o 1619 6.070000
o 1618 6.070000
o 1617 6.070000
o 1616 6.070000
o 1615 6.070000
o 1614 6.070000
o 1613 6.070000
o 1612 6.070000
o 1611 6.070000
o 1610 6.070000
o 1609 6.070000
o 1608 6.070000
o 1607 6.070000
o 1606 6.070000
o 1605 6.070000
o 1604 6.070000
o 1603 6.070000
o 1602 6.070000
o 1601 6.070000
o 1600 6.070000
o 1599 6.070000
o 1598 6.070000
o 1597 6.070000
o 1596 6.070000
o 1595 6.070000
o 1594 6.070000
o 1593 6.070000
o 1592 6.070000
o 1591 6.070000
o 1590 6.070000
o 1589 6.070000
o 1588 6.070000
o 1587 6.070000
o 1586 6.070000
o 1585 6.070000
o 1584 6.070000
o 1583 6.070000
o 1582 6.070000
o 1581 6.070000
o 1580 6.070000
o 1579 6.070000
o 1578 6.070000
o 1577 6.070000
o 1576 6.070000
o 1575 6.070000
o 1574 6.070000
o 1573 6.070000
o 1572 6.070000
o 1571 6.070000
o 1570 6.070000
o 1569 6.070000
o 1568 6.070000
o 1567 6.070000
o 1566 6.070000
o 1565 6.070000
o 1564 6.070000
o 1563 6.070000
o 1562 6.070000
o 1561 6.080000
o 1560 6.080000
o 1559 6.080000
o 1558 6.080000
o 1557 6.080000
o 1556 6.080000
o 1555 6.080000
o 1554 6.080000
o 1553 6.080000
o 1552 6.080000
o 1551 6.080000
o 1550 6.080000
o 1549 6.080000
o 1548 6.080000
o 1547 6.080000
o 1546 6.080000
o 1545 6.080000
o 1544 6.080000
o 1543 6.080000
o 1542 6.080000
o 1541 6.080000
o 1540 6.080000
o 1539 6.080000
o 1538 6.080000
o 1537 6.080000
o 1536 6.080000
o 1535 6.080000
o 1534 6.080000
o 1533 6.080000
o 1532 6.080000
o 1531 6.080000
o 1530 6.080000
o 1529 6.080000
o 1528 6.080000
o 1527 6.080000
o 1526 6.080000
o 1525 6.080000
o 1524 6.080000
o 1523 6.080000
o 1522 6.080000
o 1521 6.080000
o 1520 6.080000
o 1519 6.080000
o 1518 6.080000
o 1517 6.080000
o 1516 6.080000
o 1515 6.080000
o 1514 6.080000
o 1513 6.080000
o 1512 6.080000
o 1511 6.080000
o 1510 6.080000
o 1509 6.080000
o 1508 6.080000
o 1507 6.080000
o 1506 6.080000
o 1505 6.080000
o 1504 6.080000
o 1503 6.080000
o 1502 6.080000
o 1501 6.080000
o 1500 6.080000
o 1499 6.080000
o 1498 6.080000
o 1497 6.080000
o 1496 6.080000
o 1495 6.080000
o 1494 6.080000
o 1493 6.080000
o 1492 6.080000
o 1491 6.080000
o 1490 6.080000
o 1489 6.080000
o 1488 6.080000
o 1487 6.080000
o 1486 6.080000
o 1485 6.080000
o 1484 6.080000
o 1483 6.080000
o 1482 6.080000
o 1481 6.090000
o 1480 6.090000
o 1479 6.090000
o 1478 6.090000
o 1477 6.090000
o 1476 6.090000
o 1475 6.090000
o 1474 6.090000
o 1473 6.090000
o 1472 6.090000
o 1471 6.090000
o 1470 6.090000
o 1469 6.090000
o 1468 6.090000
o 1467 6.090000
o 1466 6.090000
o 1465 6.090000
o 1464 6.090000
o 1463 6.090000
o 1462 6.090000
o 1461 6.090000
o 1460 6.090000
o 1459 6.090000
o 1458 6.090000
o 1457 6.090000
o 1456 6.090000
o 1455 6.090000
o 1454 6.090000
o 1453 6.090000
o 1452 6.090000
o 1451 6.090000
o 1450 6.090000
o 1449 6.090000
o 1448 6.090000
o 1447 6.090000
o 1446 6.090000
o 1445 6.090000
o 1444 6.090000
o 1443 6.090000
o 1442 6.090000
o 1441 6.090000
o 1440 6.090000
o 1439 6.090000
o 1438 6.090000
o 1437 6.090000
o 1436 6.090000
o 1435 6.090000
o 1434 6.090000
o 1433 6.090000
o 1432 6.090000
o 1431 6.090000
o 1430 6.090000
o 1429 6.090000
o 1428 6.090000
o 1427 6.090000
o 1426 6.090000
o 1425 6.090000
o 1424 6.090000
o 1423 6.090000
o 1422 6.090000
o 1421 6.090000
o 1420 6.090000
o 1419 6.090000
o 1418 6.090000
o 1417 6.090000
o 1416 6.090000
o 1415 6.090000
o 1414 6.090000
o 1413 6.090000
o 1412 6.090000
o 1411 6.090000
o 1410 6.090000
o 1409 6.090000
o 1408 6.090000
o 1407 6.090000
o 1406 6.090000
o 1405 6.090000
o 1404 6.090000
o 1403 6.090000
o 1402 6.090000
o 1401 6.090000
o 1400 6.100000
o 1399 6.100000
o 1398 6.100000
o 1397 6.100000
o 1396 6.100000
o 1395 6.100000
o 1394 6.100000
o 1393 6.100000
o 1392 6.100000
o 1391 6.100000
o 1390 6.100000
o 1389 6.100000
o 1388 6.100000
o 1387 6.100000
o 1386 6.100000
o 1385 6.100000
o 1384 6.100000
o 1383 6.100000
o 1382 6.100000
o 1381 6.100000
o 1380 6.100000
o 1379 6.100000
o 1378 6.100000
o 1377 6.100000
o 1376 6.100000
o 1375 6.100000
o 1374 6.100000
o 1373 6.100000
o 1372 6.100000
o 1371 6.100000
o 1370 6.100000
o 1369 6.100000
o 1368 6.100000
o 1367 6.100000
o 1366 6.100000
o 1365 6.100000
o 1364 6.100000
o 1363 6.100000
o 1362 6.100000
o 1361 6.100000
o 1360 6.100000
o 1359 6.100000
o 1358 6.100000
o 1357 6.100000
o 1356 6.100000
o 1355 6.100000
o 1354 6.100000
o 1353 6.100000
o 1352 6.100000
o 1351 6.100000
o 1350 6.100000
o 1349 6.100000
o 1348 6.100000
o 1347 6.100000
o 1346 6.100000
o 1345 6.100000
o 1344 6.100000
o 1343 6.100000
o 1342 6.100000
o 1341 6.100000
o 1340 6.100000
o 1339 6.100000
o 1338 6.100000
o 1337 6.100000
o 1336 6.100000
o 1335 6.100000
o 1334 6.100000
o 1333 6.100000
o 1332 6.100000
o 1331 6.100000
o 1330 6.100000
o 1329 6.100000
o 1328 6.100000
o 1327 6.100000
o 1326 6.100000
o 1325 6.100000
o 1324 6.100000
o 1323 6.100000
o 1322 6.100000
o 1321 6.100000
o 1320 6.110000
o 1319 6.110000
o 1318 6.110000
o 1317 6.110000
o 1316 6.110000
o 1315 6.110000
o 1314 6.110000
o 1313 6.110000
o 1312 6.110000
o 1311 6.110000
1311	6.110000
