decision-tree-tic-tac-toe-un-formula_0.8_2021_atleast_127_max-6_reduced_incomplete_tree
o 445 2.320000
o 444 2.380000
o 443 2.380000
o 442 2.380000
o 441 2.380000
o 440 2.390000
o 439 2.390000
o 438 2.390000
o 437 2.390000
o 436 2.390000
o 435 2.390000
o 434 2.390000
o 433 2.390000
o 432 2.390000
o 431 2.390000
o 430 2.390000
o 429 2.390000
o 428 2.390000
o 427 2.390000
o 426 2.390000
o 425 2.390000
o 424 2.390000
o 423 2.390000
o 422 2.390000
o 421 2.390000
o 420 2.390000
o 419 2.390000
o 418 2.390000
o 417 2.390000
o 416 2.390000
o 415 2.390000
o 414 2.390000
o 413 2.390000
o 412 2.390000
o 411 2.390000
o 410 2.390000
o 409 2.390000
o 408 2.390000
o 407 2.390000
o 406 2.390000
o 405 2.390000
o 404 2.390000
o 403 2.390000
o 402 2.390000
o 401 2.390000
o 400 2.390000
o 399 2.390000
o 398 2.390000
o 397 2.390000
o 396 2.390000
o 395 2.390000
o 394 2.390000
o 393 2.390000
o 392 2.390000
o 391 2.390000
o 390 2.390000
o 389 2.390000
o 388 2.390000
o 387 2.390000
o 386 2.390000
o 385 2.400000
o 384 2.400000
o 383 2.400000
o 382 2.400000
o 381 2.400000
o 380 2.400000
o 379 2.400000
o 378 2.400000
o 377 2.400000
o 376 2.400000
o 375 2.400000
o 374 2.400000
o 373 2.400000
o 372 2.400000
o 371 2.400000
o 370 2.400000
o 369 2.400000
o 368 2.400000
o 367 2.400000
o 366 2.400000
o 365 2.400000
o 364 2.400000
o 363 2.400000
o 362 2.400000
o 361 2.400000
o 360 2.400000
o 359 2.400000
o 358 2.400000
o 357 2.400000
o 356 2.400000
o 355 2.400000
o 354 2.400000
o 353 2.400000
o 352 2.400000
o 351 2.400000
o 350 2.400000
o 349 2.400000
o 348 2.400000
o 347 2.400000
o 346 2.400000
o 345 2.400000
o 344 2.400000
o 343 2.400000
o 342 2.400000
o 341 2.400000
o 340 2.400000
o 339 2.400000
o 338 2.400000
o 337 2.400000
o 336 2.400000
o 335 2.400000
o 334 2.400000
o 333 2.400000
o 332 2.400000
o 331 2.410000
o 330 2.410000
o 329 2.410000
o 328 2.410000
o 327 2.410000
o 326 2.410000
o 325 2.410000
o 324 2.410000
o 323 2.410000
o 322 2.410000
o 321 2.410000
o 320 2.410000
o 319 2.410000
o 318 2.410000
o 317 2.410000
o 316 2.410000
o 315 2.410000
o 314 2.410000
o 313 2.410000
o 312 2.410000
o 311 2.410000
o 310 2.410000
o 309 2.410000
o 308 2.410000
o 307 2.410000
o 306 2.410000
o 305 2.410000
o 304 2.410000
o 303 2.410000
o 302 2.410000
o 301 2.410000
o 300 2.410000
o 299 2.410000
o 298 2.410000
o 297 2.410000
o 296 2.410000
o 295 2.410000
o 294 2.410000
o 293 2.410000
o 292 2.410000
o 291 2.410000
o 290 2.410000
o 289 2.410000
o 288 2.410000
o 287 2.410000
o 286 2.410000
o 285 2.410000
o 284 2.410000
o 283 2.410000
o 282 2.410000
o 281 2.410000
o 280 2.410000
o 279 2.410000
o 278 2.410000
o 277 2.410000
o 276 2.420000
o 275 2.420000
o 274 2.420000
o 273 2.420000
o 272 2.420000
o 271 2.420000
o 270 2.420000
o 269 2.420000
o 268 2.420000
o 267 2.420000
o 266 2.420000
o 265 2.420000
o 264 2.420000
o 263 2.420000
o 262 2.420000
o 261 2.420000
o 260 2.420000
o 259 2.420000
o 258 2.420000
o 257 2.420000
o 256 2.420000
o 255 2.420000
o 254 2.420000
o 253 2.420000
o 252 2.420000
o 251 2.420000
o 250 2.420000
o 249 2.420000
o 248 2.420000
o 247 2.420000
o 246 2.420000
o 245 2.420000
o 244 2.420000
o 243 2.420000
o 242 2.420000
o 241 2.420000
o 240 2.420000
o 239 2.420000
o 238 2.420000
o 237 2.420000
o 236 2.420000
o 235 2.420000
o 234 2.420000
o 233 2.420000
o 232 2.420000
o 231 2.420000
o 230 2.420000
230	2.420000
decision-tree-tic-tac-toe-un-formula_0.8_2021_atleast_127_max-6_reduced_incomplete_tree
o 499 2.760000
o 498 2.850000
o 497 2.850000
o 496 2.850000
o 495 2.850000
o 494 2.850000
o 493 2.850000
o 492 2.850000
o 491 2.850000
o 490 2.850000
o 489 2.850000
o 488 2.850000
o 487 2.850000
o 486 2.850000
o 485 2.860000
o 484 2.860000
o 483 2.860000
o 482 2.860000
o 481 2.860000
o 480 2.860000
o 479 2.860000
o 478 2.860000
o 477 2.860000
o 476 2.860000
o 475 2.860000
o 474 2.860000
o 473 2.860000
o 472 2.860000
o 471 2.860000
o 470 2.860000
o 469 2.860000
o 468 2.860000
o 467 2.860000
o 466 2.860000
o 465 2.860000
o 464 2.860000
o 463 2.860000
o 462 2.860000
o 461 2.860000
o 460 2.860000
o 459 2.860000
o 458 2.860000
o 457 2.860000
o 456 2.860000
o 455 2.860000
o 454 2.860000
o 453 2.860000
o 452 2.860000
o 451 2.860000
o 450 2.860000
o 449 2.860000
o 448 2.860000
o 447 2.860000
o 446 2.860000
o 445 2.860000
o 444 2.860000
o 443 2.860000
o 442 2.860000
o 441 2.860000
o 440 2.860000
o 439 2.860000
o 438 2.860000
o 437 2.860000
o 436 2.860000
o 435 2.860000
o 434 2.860000
o 433 2.860000
o 432 2.860000
o 431 2.870000
o 430 2.870000
o 429 2.870000
o 428 2.870000
o 427 2.870000
o 426 2.870000
o 425 2.870000
o 424 2.870000
o 423 2.870000
o 422 2.870000
o 421 2.870000
o 420 2.870000
o 419 2.870000
o 418 2.870000
o 417 2.870000
o 416 2.870000
o 415 2.870000
o 414 2.870000
o 413 2.870000
o 412 2.870000
o 411 2.870000
o 410 2.870000
o 409 2.870000
o 408 2.870000
o 407 2.870000
o 406 2.870000
o 405 2.870000
o 404 2.870000
o 403 2.870000
o 402 2.870000
o 401 2.870000
o 400 2.870000
o 399 2.870000
o 398 2.870000
o 397 2.870000
o 396 2.870000
o 395 2.870000
o 394 2.870000
o 393 2.870000
o 392 2.870000
o 391 2.870000
o 390 2.870000
o 389 2.870000
o 388 2.870000
o 387 2.870000
o 386 2.870000
o 385 2.870000
o 384 2.870000
o 383 2.870000
o 382 2.870000
o 381 2.870000
o 380 2.870000
o 379 2.870000
o 378 2.880000
o 377 2.880000
o 376 2.880000
o 375 2.880000
o 374 2.880000
o 373 2.880000
o 372 2.880000
o 371 2.880000
o 370 2.880000
o 369 2.880000
o 368 2.880000
o 367 2.880000
o 366 2.880000
o 365 2.880000
o 364 2.880000
o 363 2.880000
o 362 2.880000
o 361 2.880000
o 360 2.880000
o 359 2.880000
o 358 2.880000
o 357 2.880000
o 356 2.880000
o 355 2.880000
o 354 2.880000
o 353 2.880000
o 352 2.880000
o 351 2.880000
o 350 2.880000
o 349 2.880000
o 348 2.880000
o 347 2.880000
o 346 2.880000
o 345 2.880000
o 344 2.880000
o 343 2.880000
o 342 2.880000
o 341 2.880000
o 340 2.880000
o 339 2.880000
o 338 2.880000
o 337 2.880000
o 336 2.880000
o 335 2.880000
o 334 2.880000
o 333 2.880000
o 332 2.880000
o 331 2.880000
o 330 2.880000
o 329 2.880000
o 328 2.880000
o 327 2.880000
o 326 2.880000
o 325 2.880000
o 324 2.880000
324	2.880000
decision-tree-tic-tac-toe-un-formula_0.8_2021_atleast_127_max-6_reduced_incomplete_tree
o 515 2.510000
o 514 2.590000
o 513 2.590000
o 512 2.590000
o 511 2.590000
o 510 2.590000
o 509 2.590000
o 508 2.590000
o 507 2.590000
o 506 2.590000
o 505 2.590000
o 504 2.590000
o 503 2.590000
o 502 2.590000
o 501 2.590000
o 500 2.590000
o 499 2.590000
o 498 2.590000
o 497 2.590000
o 496 2.590000
o 495 2.590000
o 494 2.590000
o 493 2.590000
o 492 2.590000
o 491 2.590000
o 490 2.590000
o 489 2.590000
o 488 2.590000
o 487 2.590000
o 486 2.590000
o 485 2.590000
o 484 2.590000
o 483 2.590000
o 482 2.590000
o 481 2.590000
o 480 2.590000
o 479 2.590000
o 478 2.590000
o 477 2.600000
o 476 2.600000
o 475 2.600000
o 474 2.600000
o 473 2.600000
o 472 2.600000
o 471 2.600000
o 470 2.600000
o 469 2.600000
o 468 2.600000
o 467 2.600000
o 466 2.600000
o 465 2.600000
o 464 2.600000
o 463 2.600000
o 462 2.600000
o 461 2.600000
o 460 2.600000
o 459 2.600000
o 458 2.600000
o 457 2.600000
o 456 2.600000
o 455 2.600000
o 454 2.600000
o 453 2.600000
o 452 2.600000
o 451 2.600000
o 450 2.600000
o 449 2.600000
o 448 2.600000
o 447 2.600000
o 446 2.600000
o 445 2.600000
o 444 2.600000
o 443 2.600000
o 442 2.600000
o 441 2.600000
o 440 2.600000
o 439 2.600000
o 438 2.600000
o 437 2.600000
o 436 2.600000
o 435 2.600000
o 434 2.600000
o 433 2.600000
o 432 2.600000
o 431 2.600000
o 430 2.600000
o 429 2.600000
o 428 2.600000
o 427 2.600000
o 426 2.600000
o 425 2.600000
o 424 2.600000
o 423 2.610000
o 422 2.610000
o 421 2.610000
o 420 2.610000
o 419 2.610000
o 418 2.610000
o 417 2.610000
o 416 2.610000
o 415 2.610000
o 414 2.610000
o 413 2.610000
o 412 2.610000
o 411 2.610000
o 410 2.610000
o 409 2.610000
o 408 2.610000
o 407 2.610000
o 406 2.610000
o 405 2.610000
o 404 2.610000
o 403 2.610000
o 402 2.610000
o 401 2.610000
o 400 2.610000
o 399 2.610000
o 398 2.610000
o 397 2.610000
o 396 2.610000
o 395 2.610000
o 394 2.610000
o 393 2.610000
o 392 2.610000
o 391 2.610000
o 390 2.610000
o 389 2.610000
o 388 2.610000
o 387 2.610000
o 386 2.610000
o 385 2.610000
o 384 2.610000
o 383 2.610000
o 382 2.610000
o 381 2.610000
o 380 2.610000
o 379 2.610000
o 378 2.610000
o 377 2.610000
o 376 2.610000
o 375 2.610000
o 374 2.610000
o 373 2.610000
o 372 2.610000
o 371 2.610000
o 370 2.620000
o 369 2.620000
o 368 2.620000
o 367 2.620000
o 366 2.620000
o 365 2.620000
o 364 2.620000
o 363 2.620000
o 362 2.620000
o 361 2.620000
o 360 2.620000
o 359 2.620000
o 358 2.620000
o 357 2.620000
o 356 2.620000
o 355 2.620000
o 354 2.620000
o 353 2.620000
o 352 2.620000
o 351 2.620000
o 350 2.620000
o 349 2.620000
o 348 2.620000
o 347 2.620000
o 346 2.620000
o 345 2.620000
o 344 2.620000
o 343 2.620000
o 342 2.620000
o 341 2.620000
o 340 2.620000
o 339 2.620000
o 338 2.620000
o 337 2.620000
o 336 2.620000
o 335 2.620000
o 334 2.620000
o 333 2.620000
o 332 2.620000
o 331 2.620000
o 330 2.620000
o 329 2.620000
o 328 2.620000
o 327 2.620000
o 326 2.620000
o 325 2.620000
o 324 2.620000
o 323 2.620000
o 322 2.620000
o 321 2.620000
o 320 2.620000
o 319 2.620000
o 318 2.620000
o 317 2.620000
o 316 2.630000
o 315 2.630000
o 314 2.630000
o 313 2.630000
o 312 2.630000
o 311 2.630000
o 310 2.630000
o 309 2.630000
o 308 2.630000
o 307 2.630000
o 306 2.630000
o 305 2.630000
o 304 2.630000
o 303 2.630000
o 302 2.630000
o 301 2.630000
o 300 2.630000
o 299 2.630000
o 298 2.630000
o 297 2.630000
o 296 2.630000
o 295 2.630000
o 294 2.630000
o 293 2.630000
o 292 2.630000
o 291 2.630000
o 290 2.630000
o 289 2.630000
o 288 2.630000
o 287 2.630000
o 286 2.630000
o 285 2.630000
o 284 2.630000
o 283 2.630000
o 282 2.630000
o 281 2.630000
o 280 2.630000
o 279 2.630000
o 278 2.630000
o 277 2.630000
o 276 2.630000
o 275 2.630000
o 274 2.630000
o 273 2.630000
o 272 2.630000
o 271 2.630000
o 270 2.630000
o 269 2.630000
o 268 2.630000
o 267 2.630000
o 266 2.630000
o 265 2.630000
o 264 2.630000
o 263 2.630000
o 262 2.640000
o 261 2.640000
o 260 2.640000
o 259 2.640000
o 258 2.640000
o 257 2.640000
o 256 2.640000
o 255 2.640000
o 254 2.640000
o 253 2.640000
o 252 2.640000
o 251 2.640000
o 250 2.640000
o 249 2.640000
o 248 2.640000
o 247 2.640000
o 246 2.640000
o 245 2.640000
o 244 2.640000
o 243 2.640000
o 242 2.640000
o 241 2.640000
o 240 2.640000
o 239 2.640000
o 238 2.640000
o 237 2.640000
o 236 2.640000
o 235 2.640000
o 234 2.640000
o 233 2.640000
o 232 2.640000
o 231 2.640000
o 230 2.640000
230	2.640000
decision-tree-tic-tac-toe-un-formula_0.8_2021_atleast_127_max-6_reduced_incomplete_tree
o 405 4.790000
o 404 5.070000
o 403 5.070000
o 402 5.070000
o 401 5.070000
o 400 5.070000
o 399 5.070000
o 398 5.070000
o 397 5.070000
o 396 5.070000
o 395 5.070000
o 394 5.070000
o 393 5.070000
o 392 5.070000
o 391 5.070000
o 390 5.070000
o 389 5.070000
o 388 5.070000
o 387 5.070000
o 386 5.070000
o 385 5.070000
o 384 5.070000
o 383 5.070000
o 382 5.070000
o 381 5.070000
o 380 5.070000
o 379 5.070000
o 378 5.070000
o 377 5.070000
o 376 5.070000
o 375 5.070000
o 374 5.070000
o 373 5.070000
o 372 5.070000
o 371 5.070000
o 370 5.070000
o 369 5.070000
o 368 5.070000
o 367 5.070000
o 366 5.070000
o 365 5.070000
o 364 5.070000
o 363 5.080000
o 362 5.080000
o 361 5.080000
o 360 5.080000
o 359 5.080000
o 358 5.080000
o 357 5.080000
o 356 5.080000
o 355 5.080000
o 354 5.080000
o 353 5.080000
o 352 5.080000
o 351 5.080000
o 350 5.080000
o 349 5.080000
o 348 5.080000
o 347 5.080000
o 346 5.080000
o 345 5.080000
o 344 5.080000
o 343 5.080000
o 342 5.080000
o 341 5.080000
o 340 5.080000
o 339 5.080000
o 338 5.080000
o 337 5.080000
o 336 5.080000
o 335 5.080000
o 334 5.080000
o 333 5.080000
o 332 5.080000
o 331 5.080000
o 330 5.080000
o 329 5.080000
o 328 5.080000
o 327 5.080000
o 326 5.080000
o 325 5.080000
o 324 5.080000
o 323 5.080000
o 322 5.080000
o 321 5.080000
o 320 5.080000
o 319 5.080000
o 318 5.080000
o 317 5.080000
o 316 5.080000
o 315 5.090000
o 314 5.090000
o 313 5.090000
313	5.090000
decision-tree-tic-tac-toe-un-formula_0.8_2021_atleast_127_max-6_reduced_incomplete_tree
o 423 3.150000
o 422 3.220000
o 421 3.220000
o 420 3.220000
o 419 3.220000
o 418 3.220000
o 417 3.220000
o 416 3.220000
o 415 3.220000
o 414 3.220000
o 413 3.220000
o 412 3.220000
o 411 3.220000
o 410 3.220000
o 409 3.220000
o 408 3.220000
o 407 3.220000
o 406 3.220000
o 405 3.220000
o 404 3.220000
o 403 3.220000
o 402 3.220000
o 401 3.220000
o 400 3.220000
o 399 3.220000
o 398 3.220000
o 397 3.230000
o 396 3.230000
o 395 3.230000
o 394 3.230000
o 393 3.230000
o 392 3.230000
o 391 3.230000
o 390 3.230000
o 389 3.230000
o 388 3.230000
o 387 3.230000
o 386 3.230000
o 385 3.230000
o 384 3.230000
o 383 3.230000
o 382 3.230000
o 381 3.230000
o 380 3.230000
o 379 3.230000
o 378 3.230000
o 377 3.230000
o 376 3.230000
o 375 3.230000
o 374 3.230000
o 373 3.230000
o 372 3.230000
o 371 3.230000
o 370 3.230000
o 369 3.230000
o 368 3.230000
o 367 3.230000
o 366 3.230000
o 365 3.230000
o 364 3.230000
o 363 3.230000
o 362 3.230000
o 361 3.230000
o 360 3.230000
o 359 3.230000
o 358 3.230000
o 357 3.230000
o 356 3.230000
o 355 3.230000
o 354 3.230000
o 353 3.230000
o 352 3.230000
o 351 3.230000
o 350 3.230000
o 349 3.230000
o 348 3.230000
o 347 3.230000
o 346 3.230000
o 345 3.230000
o 344 3.230000
o 343 3.240000
o 342 3.240000
o 341 3.240000
o 340 3.240000
o 339 3.240000
o 338 3.240000
338	3.240000
decision-tree-tic-tac-toe-un-formula_0.8_2021_atleast_127_max-6_reduced_incomplete_tree
o 330 3.170000
o 329 3.310000
o 328 3.310000
o 327 3.310000
o 326 3.310000
o 325 3.310000
o 324 3.310000
o 323 3.310000
o 322 3.310000
o 321 3.310000
o 320 3.310000
o 319 3.310000
o 318 3.310000
o 317 3.310000
o 316 3.310000
o 315 3.310000
o 314 3.310000
o 313 3.310000
313	3.310000
decision-tree-tic-tac-toe-un-formula_0.8_2021_atleast_127_max-6_reduced_incomplete_tree
o 437 2.730000
o 436 2.830000
o 435 2.830000
o 434 2.830000
o 433 2.830000
o 432 2.830000
o 431 2.830000
o 430 2.830000
o 429 2.830000
o 428 2.830000
o 427 2.830000
o 426 2.830000
o 425 2.830000
o 424 2.830000
o 423 2.830000
o 422 2.830000
o 421 2.830000
o 420 2.830000
o 419 2.830000
o 418 2.830000
o 417 2.830000
o 416 2.830000
o 415 2.830000
o 414 2.830000
o 413 2.840000
o 412 2.840000
o 411 2.840000
o 410 2.840000
o 409 2.840000
o 408 2.840000
o 407 2.840000
o 406 2.840000
o 405 2.840000
o 404 2.840000
o 403 2.840000
o 402 2.840000
o 401 2.840000
o 400 2.840000
o 399 2.840000
o 398 2.840000
o 397 2.840000
o 396 2.840000
o 395 2.840000
o 394 2.840000
o 393 2.840000
o 392 2.840000
o 391 2.840000
o 390 2.840000
o 389 2.840000
o 388 2.840000
o 387 2.840000
o 386 2.840000
o 385 2.840000
o 384 2.840000
o 383 2.840000
o 382 2.840000
o 381 2.840000
o 380 2.840000
o 379 2.840000
o 378 2.840000
o 377 2.840000
o 376 2.840000
o 375 2.840000
o 374 2.840000
o 373 2.840000
o 372 2.840000
o 371 2.840000
o 370 2.840000
o 369 2.840000
o 368 2.840000
o 367 2.840000
o 366 2.840000
o 365 2.840000
o 364 2.840000
o 363 2.840000
o 362 2.840000
o 361 2.840000
o 360 2.840000
o 359 2.850000
o 358 2.850000
o 357 2.850000
o 356 2.850000
o 355 2.850000
o 354 2.850000
o 353 2.850000
o 352 2.850000
o 351 2.850000
o 350 2.850000
o 349 2.850000
o 348 2.850000
o 347 2.850000
o 346 2.850000
o 345 2.850000
o 344 2.850000
o 343 2.850000
o 342 2.850000
o 341 2.850000
o 340 2.850000
o 339 2.850000
o 338 2.850000
o 337 2.850000
o 336 2.850000
o 335 2.850000
o 334 2.850000
o 333 2.850000
o 332 2.850000
o 331 2.850000
o 330 2.850000
o 329 2.850000
o 328 2.850000
o 327 2.850000
o 326 2.850000
o 325 2.850000
o 324 2.850000
o 323 2.850000
o 322 2.850000
o 321 2.850000
o 320 2.850000
o 319 2.850000
o 318 2.850000
o 317 2.850000
o 316 2.850000
o 315 2.850000
o 314 2.850000
o 313 2.850000
313	2.850000
decision-tree-tic-tac-toe-un-formula_0.8_2021_atleast_127_max-6_reduced_incomplete_tree
o 526 2.340000
o 525 2.400000
o 524 2.400000
o 523 2.400000
o 522 2.400000
o 521 2.400000
o 520 2.400000
o 519 2.400000
o 518 2.400000
o 517 2.400000
o 516 2.400000
o 515 2.400000
o 514 2.400000
o 513 2.400000
o 512 2.400000
o 511 2.400000
o 510 2.400000
o 509 2.400000
o 508 2.400000
o 507 2.400000
o 506 2.400000
o 505 2.400000
o 504 2.400000
o 503 2.400000
o 502 2.400000
o 501 2.400000
o 500 2.400000
o 499 2.400000
o 498 2.400000
o 497 2.400000
o 496 2.400000
o 495 2.400000
o 494 2.400000
o 493 2.400000
o 492 2.400000
o 491 2.400000
o 490 2.400000
o 489 2.400000
o 488 2.400000
o 487 2.410000
o 486 2.410000
o 485 2.410000
o 484 2.410000
o 483 2.410000
o 482 2.410000
o 481 2.410000
o 480 2.410000
o 479 2.410000
o 478 2.410000
o 477 2.410000
o 476 2.410000
o 475 2.410000
o 474 2.410000
o 473 2.410000
o 472 2.410000
o 471 2.410000
o 470 2.410000
o 469 2.410000
o 468 2.410000
o 467 2.410000
o 466 2.410000
o 465 2.410000
o 464 2.410000
o 463 2.410000
o 462 2.410000
o 461 2.410000
o 460 2.410000
o 459 2.410000
o 458 2.410000
o 457 2.410000
o 456 2.410000
o 455 2.410000
o 454 2.410000
o 453 2.410000
o 452 2.410000
o 451 2.410000
o 450 2.410000
o 449 2.410000
o 448 2.410000
o 447 2.410000
o 446 2.410000
o 445 2.410000
o 444 2.410000
o 443 2.410000
o 442 2.410000
o 441 2.410000
o 440 2.410000
o 439 2.410000
o 438 2.410000
o 437 2.410000
o 436 2.410000
o 435 2.410000
o 434 2.410000
o 433 2.410000
o 432 2.420000
o 431 2.420000
o 430 2.420000
o 429 2.420000
o 428 2.420000
o 427 2.420000
o 426 2.420000
o 425 2.420000
o 424 2.420000
o 423 2.420000
o 422 2.420000
o 421 2.420000
o 420 2.420000
o 419 2.420000
o 418 2.420000
o 417 2.420000
o 416 2.420000
o 415 2.420000
o 414 2.420000
o 413 2.420000
o 412 2.420000
o 411 2.420000
o 410 2.420000
o 409 2.420000
o 408 2.420000
o 407 2.420000
o 406 2.420000
o 405 2.420000
o 404 2.420000
o 403 2.420000
o 402 2.420000
o 401 2.420000
o 400 2.420000
o 399 2.420000
o 398 2.420000
o 397 2.420000
o 396 2.420000
o 395 2.420000
o 394 2.420000
o 393 2.420000
o 392 2.420000
o 391 2.420000
o 390 2.420000
o 389 2.420000
o 388 2.420000
o 387 2.420000
o 386 2.420000
o 385 2.420000
o 384 2.420000
o 383 2.420000
o 382 2.420000
o 381 2.420000
o 380 2.420000
o 379 2.420000
o 378 2.420000
o 377 2.430000
o 376 2.430000
o 375 2.430000
o 374 2.430000
o 373 2.430000
o 372 2.430000
o 371 2.430000
o 370 2.430000
o 369 2.430000
o 368 2.430000
o 367 2.430000
o 366 2.430000
o 365 2.430000
o 364 2.430000
o 363 2.430000
o 362 2.430000
o 361 2.430000
o 360 2.430000
o 359 2.430000
o 358 2.430000
o 357 2.430000
357	2.430000
decision-tree-tic-tac-toe-un-formula_0.8_2021_atleast_127_max-6_reduced_incomplete_tree
o 495 2.140000
o 494 2.210000
o 493 2.210000
o 492 2.210000
o 491 2.210000
o 490 2.210000
o 489 2.210000
o 488 2.210000
o 487 2.210000
o 486 2.210000
o 485 2.210000
o 484 2.210000
o 483 2.210000
o 482 2.210000
o 481 2.210000
o 480 2.210000
o 479 2.210000
o 478 2.210000
o 477 2.210000
o 476 2.210000
o 475 2.210000
o 474 2.210000
o 473 2.210000
o 472 2.210000
o 471 2.210000
o 470 2.210000
o 469 2.210000
o 468 2.210000
o 467 2.210000
o 466 2.210000
o 465 2.210000
o 464 2.210000
o 463 2.210000
o 462 2.210000
o 461 2.210000
o 460 2.210000
o 459 2.210000
o 458 2.210000
o 457 2.210000
o 456 2.210000
o 455 2.210000
o 454 2.210000
o 453 2.210000
o 452 2.210000
o 451 2.220000
o 450 2.220000
o 449 2.220000
o 448 2.220000
o 447 2.220000
o 446 2.220000
o 445 2.220000
o 444 2.220000
o 443 2.220000
o 442 2.220000
o 441 2.220000
o 440 2.220000
o 439 2.220000
o 438 2.220000
o 437 2.220000
o 436 2.220000
o 435 2.220000
o 434 2.220000
o 433 2.220000
o 432 2.220000
o 431 2.220000
o 430 2.220000
o 429 2.220000
o 428 2.220000
o 427 2.220000
o 426 2.220000
o 425 2.220000
o 424 2.220000
o 423 2.220000
o 422 2.220000
o 421 2.220000
o 420 2.220000
o 419 2.220000
o 418 2.220000
o 417 2.220000
o 416 2.220000
o 415 2.220000
o 414 2.220000
o 413 2.220000
o 412 2.220000
o 411 2.220000
o 410 2.220000
o 409 2.220000
o 408 2.220000
o 407 2.220000
o 406 2.220000
o 405 2.220000
o 404 2.220000
o 403 2.220000
o 402 2.220000
o 401 2.220000
o 400 2.220000
o 399 2.220000
o 398 2.220000
o 397 2.220000
o 396 2.230000
o 395 2.230000
o 394 2.230000
o 393 2.230000
o 392 2.230000
o 391 2.230000
o 390 2.230000
o 389 2.230000
o 388 2.230000
o 387 2.230000
o 386 2.230000
o 385 2.230000
o 384 2.230000
o 383 2.230000
o 382 2.230000
o 381 2.230000
o 380 2.230000
o 379 2.230000
o 378 2.230000
o 377 2.230000
o 376 2.230000
o 375 2.230000
o 374 2.230000
o 373 2.230000
o 372 2.230000
o 371 2.230000
o 370 2.230000
o 369 2.230000
o 368 2.230000
o 367 2.230000
o 366 2.230000
o 365 2.230000
o 364 2.230000
o 363 2.230000
o 362 2.230000
o 361 2.230000
o 360 2.230000
o 359 2.230000
o 358 2.230000
o 357 2.230000
o 356 2.230000
o 355 2.230000
o 354 2.230000
o 353 2.230000
o 352 2.230000
o 351 2.230000
o 350 2.230000
o 349 2.230000
o 348 2.230000
o 347 2.230000
o 346 2.230000
o 345 2.230000
o 344 2.230000
o 343 2.230000
o 342 2.230000
342	2.230000
decision-tree-tic-tac-toe-un-formula_0.8_2021_atleast_127_max-6_reduced_incomplete_tree
o 390 2.100000
o 389 2.160000
o 388 2.160000
o 387 2.160000
o 386 2.160000
o 385 2.160000
o 384 2.160000
o 383 2.160000
o 382 2.160000
o 381 2.160000
o 380 2.160000
o 379 2.160000
o 378 2.160000
o 377 2.160000
o 376 2.160000
o 375 2.160000
o 374 2.160000
o 373 2.160000
o 372 2.160000
o 371 2.160000
o 370 2.160000
o 369 2.160000
o 368 2.160000
o 367 2.160000
o 366 2.160000
o 365 2.160000
o 364 2.160000
o 363 2.160000
o 362 2.160000
o 361 2.160000
o 360 2.160000
o 359 2.160000
o 358 2.160000
o 357 2.160000
o 356 2.160000
o 355 2.160000
o 354 2.160000
o 353 2.160000
o 352 2.160000
o 351 2.160000
o 350 2.160000
o 349 2.160000
o 348 2.160000
o 347 2.160000
o 346 2.160000
o 345 2.170000
o 344 2.170000
o 343 2.170000
o 342 2.170000
o 341 2.170000
o 340 2.170000
o 339 2.170000
o 338 2.170000
o 337 2.170000
o 336 2.170000
o 335 2.170000
o 334 2.170000
o 333 2.170000
o 332 2.170000
o 331 2.170000
o 330 2.170000
o 329 2.170000
o 328 2.170000
o 327 2.170000
o 326 2.170000
o 325 2.170000
o 324 2.170000
o 323 2.170000
o 322 2.170000
o 321 2.170000
o 320 2.170000
o 319 2.170000
o 318 2.170000
o 317 2.170000
o 316 2.170000
o 315 2.170000
o 314 2.170000
o 313 2.170000
o 312 2.170000
o 311 2.170000
o 310 2.170000
o 309 2.170000
o 308 2.170000
o 307 2.170000
o 306 2.170000
o 305 2.170000
o 304 2.170000
o 303 2.170000
o 302 2.170000
o 301 2.170000
o 300 2.170000
o 299 2.170000
o 298 2.170000
o 297 2.170000
o 296 2.170000
o 295 2.170000
o 294 2.170000
o 293 2.170000
o 292 2.170000
o 291 2.170000
o 290 2.180000
o 289 2.180000
o 288 2.180000
o 287 2.180000
o 286 2.180000
o 285 2.180000
o 284 2.180000
o 283 2.180000
o 282 2.180000
o 281 2.180000
o 280 2.180000
o 279 2.180000
o 278 2.180000
278	2.180000
