gen-hyper-tw-GenHyperTW_b01
o 21 0.230000
o 9 1.440000
o 8 2.950000
o 7 9.340000
7	9.340000
gen-hyper-tw-GenHyperTW_b01
o 18 0.240000
o 8 1.770000
o 7 41.410000
o 6 47.780000
6	47.780000
gen-hyper-tw-GenHyperTW_b01
o 17 0.570000
o 9 1.750000
o 8 1.820000
o 7 9.840000
o 6 17.630000
6	17.630000
gen-hyper-tw-GenHyperTW_b01
o 20 0.200000
o 8 1.330000
o 7 1.330000
o 6 129.220000
6	129.220000
gen-hyper-tw-GenHyperTW_b01
o 22 0.220000
o 9 1.290000
o 8 1.660000
o 7 11.240000
o 6 180.940000
6	180.940000
gen-hyper-tw-GenHyperTW_b01
o 20 0.180000
o 9 1.170000
o 8 1.180000
o 7 4.050000
o 6 24.500000
6	24.500000
gen-hyper-tw-GenHyperTW_b01
o 17 0.160000
o 8 0.930000
o 7 27.720000
o 6 28.170000
6	28.170000
gen-hyper-tw-GenHyperTW_b01
o 16 0.160000
o 9 1.080000
o 8 8.200000
o 7 49.410000
o 6 266.430000
6	266.430000
gen-hyper-tw-GenHyperTW_b01
o 19 0.150000
o 8 1.050000
o 7 1.070000
o 6 32.530000
6	32.530000
gen-hyper-tw-GenHyperTW_b01
o 20 0.240000
o 9 1.510000
o 8 2.500000
o 7 21.400000
o 6 55.660000
o 5 185.650000
5	185.650000
