judgment-aggregation-ja-maxham-preflib-00049-00000338
o 70 0.060000
o 68 0.390000
o 67 0.430000
o 66 0.440000
o 62 0.450000
o 61 0.450000
o 60 0.470000
o 59 0.480000
o 58 0.490000
o 57 1.770000
o 56 99.120000
o 55 99.170000
o 54 178.710000
54	178.710000
judgment-aggregation-ja-maxham-preflib-00049-00000338
o 67 0.060000
o 65 0.490000
o 60 0.540000
o 59 0.590000
o 57 8.090000
o 55 31.440000
o 54 32.600000
54	32.600000
judgment-aggregation-ja-maxham-preflib-00049-00000338
o 64 0.060000
o 60 8.310000
o 59 8.310000
o 58 8.380000
o 57 8.630000
o 56 9.930000
o 55 16.040000
55	16.040000
judgment-aggregation-ja-maxham-preflib-00049-00000338
o 62 0.070000
o 61 0.510000
o 60 2.490000
o 59 7.100000
o 58 7.120000
o 57 16.610000
o 56 35.830000
o 55 41.090000
o 54 161.440000
54	161.440000
judgment-aggregation-ja-maxham-preflib-00049-00000338
o 74 0.050000
o 59 0.520000
o 58 0.520000
o 57 0.530000
o 56 0.620000
o 55 136.080000
55	136.080000
judgment-aggregation-ja-maxham-preflib-00049-00000338
o 59 0.060000
o 58 4.070000
o 57 15.870000
o 56 24.000000
o 55 24.140000
o 54 60.800000
54	60.800000
judgment-aggregation-ja-maxham-preflib-00049-00000338
o 64 0.060000
o 61 0.550000
o 60 0.560000
o 59 6.640000
o 58 14.410000
o 57 16.410000
o 56 24.500000
o 55 30.160000
55	30.160000
judgment-aggregation-ja-maxham-preflib-00049-00000338
o 63 0.060000
o 59 0.480000
o 58 0.500000
o 57 2.120000
o 56 11.700000
o 55 18.090000
o 54 261.610000
54	261.610000
judgment-aggregation-ja-maxham-preflib-00049-00000338
o 66 0.060000
o 65 0.530000
o 61 0.560000
o 60 7.960000
o 58 15.870000
o 57 15.900000
o 56 15.910000
o 55 20.330000
o 54 56.480000
54	56.480000
judgment-aggregation-ja-maxham-preflib-00049-00000338
o 62 0.060000
o 61 0.470000
o 60 0.640000
o 59 0.670000
o 58 2.240000
o 57 6.180000
o 56 53.170000
o 55 75.000000
55	75.000000
