judgment-aggregation-ja-maxham-preflib-00049-00000295
o 70 0.060000
o 62 0.490000
o 60 0.510000
o 59 0.510000
o 58 18.730000
o 57 18.740000
o 56 66.610000
o 55 81.890000
55	81.890000
judgment-aggregation-ja-maxham-preflib-00049-00000295
o 69 0.070000
o 61 0.500000
o 60 0.960000
o 57 22.950000
o 56 23.020000
o 55 26.230000
o 54 240.250000
54	240.250000
judgment-aggregation-ja-maxham-preflib-00049-00000295
o 65 0.060000
o 61 0.490000
o 60 0.490000
o 59 6.800000
o 58 14.530000
o 57 14.550000
o 56 15.180000
o 55 275.560000
55	275.560000
judgment-aggregation-ja-maxham-preflib-00049-00000295
o 66 0.050000
o 64 0.470000
o 63 0.470000
o 62 0.480000
o 61 0.520000
o 59 8.500000
o 58 9.510000
o 57 9.520000
o 56 10.680000
o 55 12.120000
55	12.120000
judgment-aggregation-ja-maxham-preflib-00049-00000295
o 62 0.070000
o 61 3.140000
o 60 3.150000
o 59 3.150000
o 58 3.290000
o 57 19.500000
o 56 132.880000
o 55 258.430000
o 54 259.680000
54	259.680000
judgment-aggregation-ja-maxham-preflib-00049-00000295
o 61 0.080000
o 59 0.890000
o 58 0.920000
o 57 0.920000
o 56 129.400000
o 55 148.490000
55	148.490000
judgment-aggregation-ja-maxham-preflib-00049-00000295
o 66 0.060000
o 61 0.560000
o 56 8.400000
o 55 8.420000
o 54 8.540000
54	8.540000
judgment-aggregation-ja-maxham-preflib-00049-00000295
o 61 0.070000
o 60 0.790000
o 59 0.800000
o 58 17.750000
o 57 47.520000
o 56 47.640000
56	47.640000
judgment-aggregation-ja-maxham-preflib-00049-00000295
o 73 0.060000
o 63 0.490000
o 60 0.520000
o 59 8.340000
o 58 8.350000
o 57 8.370000
o 56 13.750000
o 55 21.430000
55	21.430000
judgment-aggregation-ja-maxham-preflib-00049-00000295
o 58 0.070000
o 57 8.510000
o 56 83.310000
o 55 84.140000
55	84.140000
