optimizing-BDDs-soybean-un-wcnf_incomplete_improved_1_2019_6
o 92 0.140000
o 89 0.150000
o 55 5.550000
o 48 7.000000
o 35 9.070000
o 34 9.070000
o 29 9.250000
o 28 209.930000
28	209.930000
optimizing-BDDs-soybean-un-wcnf_incomplete_improved_1_2019_6
o 428 0.130000
o 116 0.140000
o 58 2.440000
o 55 14.960000
o 43 19.610000
43	19.610000
optimizing-BDDs-soybean-un-wcnf_incomplete_improved_1_2019_6
o 168 0.140000
o 126 3.800000
o 45 5.300000
o 32 5.630000
32	5.630000
optimizing-BDDs-soybean-un-wcnf_incomplete_improved_1_2019_6
o 196 0.130000
o 70 9.100000
o 48 11.410000
o 47 11.760000
o 45 254.550000
45	254.550000
optimizing-BDDs-soybean-un-wcnf_incomplete_improved_1_2019_6
o 343 0.120000
o 92 9.410000
o 81 10.320000
o 75 14.200000
o 67 21.370000
o 66 34.630000
o 56 56.740000
o 44 81.520000
44	81.520000
optimizing-BDDs-soybean-un-wcnf_incomplete_improved_1_2019_6
o 374 0.140000
o 215 0.150000
o 60 3.390000
o 56 43.180000
o 45 62.420000
o 43 151.150000
o 41 199.060000
41	199.060000
optimizing-BDDs-soybean-un-wcnf_incomplete_improved_1_2019_6
o 379 0.150000
o 92 6.520000
o 60 8.780000
o 56 35.660000
o 32 36.850000
32	36.850000
optimizing-BDDs-soybean-un-wcnf_incomplete_improved_1_2019_6
o 255 0.110000
o 71 0.900000
o 69 0.920000
o 67 11.030000
o 60 35.750000
o 46 61.180000
o 43 65.190000
o 39 245.930000
39	245.930000
optimizing-BDDs-soybean-un-wcnf_incomplete_improved_1_2019_6
o 248 0.140000
o 56 2.330000
o 32 15.060000
32	15.060000
optimizing-BDDs-soybean-un-wcnf_incomplete_improved_1_2019_6
o 308 0.140000
o 60 10.200000
o 56 36.530000
o 55 88.680000
o 39 133.350000
39	133.350000
