abstraction-refinement-downcast-hsqldb
o 99449 34.79
o 30522 56.28
o 30478 72.53
o 30422 117.46
o 30420 176.74
abstraction-refinement-downcast-hsqldb
o 95370 36.97
o 43415 37.01
o 30543 53.41
o 30457 70.12
o 30437 86.43
o 30432 126.87
o 30404 186.46
o 30396 201.48
o 30372 201.49
o 30370 201.57
abstraction-refinement-downcast-hsqldb
o 60681 35.49
o 30488 50.85
o 30449 50.92
abstraction-refinement-downcast-hsqldb
o 99474 34.82
o 60628 34.86
o 30554 51.91
o 30476 51.96
o 30467 166.43
o 30451 166.48
o 30440 166.51
o 30426 166.56
o 30416 183.88
o 30349 236.72
abstraction-refinement-downcast-hsqldb
o 112536 35.33
o 39164 35.58
o 30402 51.56
o 30394 217.38
o 30371 276.2
abstraction-refinement-downcast-hsqldb
o 82356 31.84
o 30434 46.35
o 30390 59.55
o 30359 236.39
o 30349 236.4
abstraction-refinement-downcast-hsqldb
o 134081 33.67
o 30448 47.99
o 30407 48.04
o 30405 161.47
o 30384 174.13
abstraction-refinement-downcast-hsqldb
o 112523 35.12
o 95200 66.15
o 47687 66.19
o 39052 66.21
o 39045 66.25
o 39041 66.27
o 30547 84.21
o 30414 101.53
abstraction-refinement-downcast-hsqldb
o 108163 36.19
o 39057 36.29
o 30520 52.35
o 30438 101.01
o 30431 147.7
o 30354 147.76
abstraction-refinement-downcast-hsqldb
o 65136 35.24
o 30423 55.07
o 30422 139.66
o 30386 163.24
