abstraction-refinement-polysite-bloat
o 287995 42.82
o 114456 42.88
o 110229 42.99
o 110226 43
o 59473 43.22
o 59455 43.25
o 59449 43.27
o 38298 43.29
o 12912 43.33
o 8695 43.56
o 8690 43.57
o 8688 43.58
o 316 108.96
o 264 108.99
o 260 109.03
o 243 109.09
o 241 109.1
o 237 109.23
o 212 124.9
o 205 124.92
o 202 124.97
o 201 124.97
o 199 125.02
o 189 142.98
abstraction-refinement-polysite-bloat
o 271047 46.66
o 46764 46.77
o 46755 46.79
o 46753 46.81
o 351 65.38
o 306 65.41
o 262 84.69
o 230 84.77
o 220 84.79
o 214 84.81
o 212 221.95
o 178 245.44
o 163 245.48
o 152 245.49
o 147 245.5
abstraction-refinement-polysite-bloat
o 254104 69.15
o 220238 69.23
o 165206 69.45
o 165199 69.48
o 165192 69.52
o 165188 69.54
o 165181 69.66
o 152495 69.69
o 131350 69.8
o 25604 69.86
o 21370 70.22
o 17181 70.94
o 17176 70.97
o 17161 70.99
o 17160 71.02
o 17155 71.04
o 12938 71.09
o 252 113.22
o 216 113.33
o 202 113.64
o 198 113.69
o 192 113.72
o 191 114.01
o 190 114.05
o 185 114.25
o 182 114.31
o 179 114.39
abstraction-refinement-polysite-bloat
o 507965 87.02
o 359913 87.09
o 351348 87.16
o 347116 87.17
o 363 120.76
o 320 120.87
o 314 121.04
o 308 121.09
o 295 121.16
o 285 121.86
o 283 155.8
o 278 263.26
o 275 263.37
o 274 263.38
o 265 263.44
abstraction-refinement-polysite-bloat
o 156824 58.84
o 63753 58.87
o 63675 58.92
o 59444 58.93
o 500 87.86
o 433 87.9
o 422 88
o 414 88.04
o 411 88.07
o 403 88.09
o 399 88.1
o 283 114.25
o 236 114.29
o 232 267.18
o 220 267.22
o 217 267.26
o 212 267.28
o 210 267.36
o 208 267.43
o 202 267.45
o 201 267.46
o 197 267.49
abstraction-refinement-polysite-bloat
o 152405 175.41
o 59310 175.49
o 29699 175.52
o 25468 175.54
o 25460 175.56
o 25455 175.59
o 17041 176.06
o 17015 176.1
o 17010 176.16
o 17005 176.37
o 12786 176.44
o 8581 176.8
o 8573 176.83
o 8567 176.86
o 211 233.64
o 180 233.79
o 172 233.86
o 167 233.88
o 166 234.04
abstraction-refinement-polysite-bloat
o 182280 48.09
o 110348 48.12
o 97563 48.16
o 343 67.91
o 307 67.94
o 279 68.06
o 275 68.09
o 274 68.12
o 273 68.14
o 258 68.17
o 257 68.3
o 245 297.26
o 235 297.33
o 228 297.38
o 217 297.46
o 216 297.48
abstraction-refinement-polysite-bloat
o 372620 42.54
o 262638 42.56
o 254072 42.59
o 241382 42.6
o 319 60.7
o 270 60.72
o 242 60.79
o 239 60.82
o 232 60.83
o 228 61
o 226 100.44
o 217 100.51
o 210 100.56
o 209 100.69
o 207 100.7
o 199 100.71
o 196 241.16
o 186 241.18
o 182 241.19
o 178 241.24
abstraction-refinement-polysite-bloat
o 410659 80.2
o 249903 80.29
o 245577 80.47
o 203272 80.86
o 190610 81.18
o 186384 81.37
o 182101 81.6
o 131336 81.93
o 101727 81.99
o 101721 82.25
o 89031 82.43
o 80685 83.18
o 305 123.26
o 269 123.37
o 267 123.64
o 266 124.37
o 255 190.32
o 245 191.02
o 242 191.09
o 226 191.17
abstraction-refinement-polysite-bloat
o 342979 75.67
o 190694 75.74
o 190601 75.83
o 190600 75.85
o 346 114.14
o 340 114.2
o 330 114.61
o 328 114.71
o 311 114.82
o 310 114.91
o 286 138.04
o 249 138.06
o 241 138.15
o 235 138.24
o 232 138.26
o 221 138.34
o 216 138.37
o 188 216.76
o 177 216.79
o 176 216.87
o 171 216.91
o 170 216.94
o 168 216.99
