causal-discovery-causal_Link_10_1000
o 154915005 33.28
causal-discovery-causal_Link_10_1000
o 154915005 72.65
causal-discovery-causal_Link_10_1000
o 112792646 33.64
causal-discovery-causal_Link_10_1000
o 154915005 53.4
causal-discovery-causal_Link_10_1000
o 154915005 96.49
causal-discovery-causal_Link_10_1000
o 154915005 6.95
causal-discovery-causal_Link_10_1000
o 154915005 16.03
causal-discovery-causal_Link_10_1000
o 154915005 86.81
causal-discovery-causal_Link_10_1000
o 154915005 250.45
causal-discovery-causal_Link_10_1000
o 154915005 44
