causal-discovery-causal_carpo_8_1000
o 4594492 0.9
o 4418752 17.69
o 3624318 183.75
causal-discovery-causal_carpo_8_1000
o 4594492 0.94
o 3556961 108.77
causal-discovery-causal_carpo_8_1000
o 4594492 0.88
o 3556961 7.38
causal-discovery-causal_carpo_8_1000
o 5731626 0.28
o 4594492 6.21
o 3624318 13.93
o 3469456 69.57
causal-discovery-causal_carpo_8_1000
o 3556961 0.23
causal-discovery-causal_carpo_8_1000
o 3624318 0.28
o 1041895 269.23
causal-discovery-causal_carpo_8_1000
o 2244087 0.27
causal-discovery-causal_carpo_8_1000
o 4594492 1.04
o 2859366 1.52
causal-discovery-causal_carpo_8_1000
o 4937192 0.25
o 4594492 6.71
causal-discovery-causal_carpo_8_1000
o 4594492 0.63
o 3662644 79.38
o 2244087 216.74
