judgment-aggregation-ja-kemeny-preflib-00049-00000334
o 871 0.07
o 671 0.1
o 668 0.1
o 665 0.1
o 664 0.1
o 661 0.1
o 657 0.1
o 655 0.1
o 654 0.1
o 651 0.1
o 649 0.1
o 648 0.1
o 647 0.1
o 644 0.1
o 643 0.1
o 642 0.1
o 641 0.1
o 640 0.1
o 639 0.1
o 638 0.1
o 636 0.1
o 634 0.33
o 630 0.33
o 619 0.34
o 617 0.43
o 616 0.43
o 599 0.43
o 597 0.43
o 594 0.43
o 582 0.43
o 577 0.43
o 571 0.43
o 564 0.43
o 563 0.43
o 560 0.43
o 559 0.44
o 557 0.44
o 555 0.44
o 554 0.44
o 550 0.45
o 549 0.45
o 547 23.85
o 546 42.47
o 545 42.47
o 543 42.47
judgment-aggregation-ja-kemeny-preflib-00049-00000334
o 768 0.05
o 665 0.06
o 663 0.06
o 654 0.07
o 652 0.07
o 650 0.07
o 645 0.17
o 643 0.17
o 640 0.17
o 638 0.17
o 636 0.17
o 617 0.24
o 612 0.24
o 610 0.24
o 598 0.25
o 597 0.25
o 587 0.26
o 581 0.26
o 576 0.26
o 572 0.26
o 570 0.26
o 553 0.26
o 552 0.26
o 547 19.28
o 545 19.28
o 544 245.96
judgment-aggregation-ja-kemeny-preflib-00049-00000334
o 929 0.06
o 629 0.07
o 626 0.07
o 625 0.07
o 617 0.08
o 616 0.08
o 596 0.35
o 592 0.35
o 591 0.35
o 581 0.35
o 580 0.35
o 579 0.36
o 573 0.36
o 571 0.36
o 570 0.36
o 568 0.36
o 562 0.37
o 561 0.37
o 560 0.37
o 555 0.39
o 551 0.39
o 549 0.39
o 546 0.4
o 545 38.71
o 544 38.76
o 543 156.08
o 542 156.08
judgment-aggregation-ja-kemeny-preflib-00049-00000334
o 795 0.07
o 640 0.09
o 639 0.09
o 636 0.1
o 634 0.1
o 631 0.1
o 628 0.36
o 626 0.36
o 625 0.37
o 624 0.37
o 623 0.37
o 618 0.37
o 617 0.37
o 603 0.39
o 595 0.39
o 584 0.39
o 583 0.46
o 578 0.47
o 577 0.47
o 567 0.47
o 566 0.47
o 565 0.47
o 564 0.47
o 554 0.47
o 551 0.48
o 550 0.48
o 548 20.23
o 546 44.55
o 545 64.6
o 544 101.42
o 543 158.48
o 542 158.48
judgment-aggregation-ja-kemeny-preflib-00049-00000334
o 712 0.06
o 698 0.08
o 697 0.08
o 696 0.08
o 695 0.08
o 679 0.09
o 678 0.09
o 673 0.09
o 672 0.09
o 669 0.09
o 659 0.09
o 649 0.09
o 646 0.09
o 644 0.09
o 639 0.09
o 633 0.09
o 632 0.09
o 631 0.09
o 618 0.09
o 615 0.37
o 597 0.38
o 596 0.44
o 587 0.46
o 586 0.47
o 585 0.47
o 567 0.47
o 564 0.48
o 555 0.48
o 552 0.48
o 550 0.48
o 549 0.48
o 547 22.07
o 546 22.07
o 545 22.07
o 543 22.07
o 542 22.07
judgment-aggregation-ja-kemeny-preflib-00049-00000334
o 776 0.07
o 734 0.09
o 733 0.09
o 730 0.09
o 726 0.09
o 725 0.09
o 722 0.09
o 721 0.09
o 718 0.09
o 689 0.09
o 686 0.09
o 683 0.09
o 678 0.09
o 677 0.09
o 676 0.09
o 675 0.09
o 673 0.09
o 640 0.09
o 639 0.09
o 638 0.09
o 631 0.09
o 630 0.09
o 629 0.09
o 628 0.09
o 625 0.1
o 617 0.41
o 615 0.41
o 614 0.41
o 612 0.41
o 610 0.42
o 600 0.42
o 599 0.42
o 597 0.42
o 554 22.07
o 553 22.07
o 550 22.07
o 548 42.84
o 544 42.84
o 542 42.85
judgment-aggregation-ja-kemeny-preflib-00049-00000334
o 896 0.07
o 686 0.1
o 680 0.1
o 679 0.1
o 678 0.1
o 675 0.1
o 674 0.1
o 671 0.11
o 669 0.11
o 668 0.11
o 553 21.24
o 552 21.24
o 548 21.24
o 547 21.25
o 545 21.31
o 544 80.43
o 543 119.53
o 542 233.15
judgment-aggregation-ja-kemeny-preflib-00049-00000334
o 808 0.05
o 699 0.06
o 698 0.06
o 696 0.06
o 695 0.06
o 694 0.06
o 693 0.06
o 692 0.06
o 690 0.07
o 677 0.19
o 673 0.19
o 633 0.19
o 632 0.19
o 631 0.19
o 626 0.19
o 596 0.19
o 595 0.2
o 593 0.2
o 591 0.27
o 588 0.27
o 587 0.27
o 586 0.27
o 568 0.27
o 567 0.28
o 554 0.28
o 553 0.28
o 552 0.28
o 551 0.28
o 549 19.52
o 548 19.52
o 547 19.52
o 546 19.52
o 545 19.52
o 544 55.33
o 542 286.58
judgment-aggregation-ja-kemeny-preflib-00049-00000334
o 866 0.07
o 657 0.09
o 656 0.09
o 649 0.1
o 648 0.1
o 629 0.32
o 627 0.32
o 624 0.32
o 622 0.32
o 620 0.33
o 617 0.33
o 616 0.33
o 615 0.33
o 614 0.37
o 613 0.45
o 596 0.45
o 594 0.45
o 553 20.69
o 546 20.69
o 544 57.06
judgment-aggregation-ja-kemeny-preflib-00049-00000334
o 867 0.06
o 630 0.09
o 629 0.09
o 628 0.09
o 627 0.09
o 626 0.09
o 615 0.09
o 614 0.09
o 611 0.09
o 610 0.09
o 609 0.09
o 606 0.09
o 552 18.56
o 548 18.57
o 547 18.57
o 546 18.58
o 544 18.58
o 543 113.12
o 542 266.69
