setcover-rail507
o 245 1.92
o 195 70.98
o 194 70.99
o 190 73.98
o 189 203.82
o 186 211.17
setcover-rail507
o 244 1.93
o 192 75.54
o 191 75.54
o 188 77.72
setcover-rail507
o 248 2.03
o 195 76.82
o 194 76.82
o 193 76.82
o 191 78.03
o 190 78.03
o 189 78.03
o 188 224.89
setcover-rail507
o 254 2.01
o 253 9.26
o 251 17.88
o 250 21.54
o 249 28.81
o 194 33.64
o 191 39.53
o 190 39.53
o 189 62.99
o 188 95.98
o 187 95.98
setcover-rail507
o 252 2.2
o 251 45.1
o 250 69.79
o 248 135.7
o 246 187.63
o 194 265.67
o 193 265.67
o 191 269.24
o 190 269.24
o 189 269.24
o 188 292.04
setcover-rail507
o 248 2.07
o 246 227.33
o 197 297.63
o 196 297.64
o 195 297.64
o 194 297.64
o 193 297.64
o 192 297.64
setcover-rail507
o 256 2.08
o 255 4.69
o 254 7.97
o 252 17.94
o 250 28.04
o 248 59.12
o 246 91.83
o 244 91.83
o 196 172.78
o 195 172.78
o 194 172.79
o 193 172.79
o 189 176.27
o 188 176.27
setcover-rail507
o 248 2.13
o 189 85.3
o 188 85.3
o 187 174.22
setcover-rail507
o 250 2.47
o 249 107.87
o 247 107.87
o 196 156.57
o 195 156.57
o 187 160.71
setcover-rail507
o 244 11.5
o 190 106.71
o 189 106.71
o 188 217.23
o 187 230.08
