staff-scheduling-instance9
o 8169 1.37
o 8079 1.38
o 7777 121.22
o 7604 151.69
o 7191 216.9
staff-scheduling-instance9
o 8667 1.8
o 8158 1.8
o 8090 64.69
o 7890 64.7
o 7576 123.57
o 7493 274.58
o 7390 294.29
staff-scheduling-instance9
o 9033 1.39
o 8796 22.84
o 7476 41.92
o 7273 41.92
staff-scheduling-instance9
o 8495 1.27
o 8077 17.76
o 7976 17.76
o 7524 34.49
o 7285 67.53
staff-scheduling-instance9
o 8602 1.34
o 7769 20.12
o 7766 20.12
o 7725 59.01
o 7624 59.02
o 7490 147.61
staff-scheduling-instance9
o 9118 5.01
o 8300 55.87
o 6962 121.7
staff-scheduling-instance9
o 8700 1.05
o 8213 15.37
o 7919 15.37
o 7596 30.05
staff-scheduling-instance9
o 8168 1.14
o 7786 87.22
o 7685 174.44
o 7298 174.45
staff-scheduling-instance9
o 9122 8.73
o 9026 8.74
o 8881 235.71
o 8685 235.72
o 7877 252.7
o 7775 252.7
o 7117 284.18
staff-scheduling-instance9
o 7900 1.58
o 7712 166.12
o 7610 243.47
