causal-discovery-causal_Pigs_6_1000
o 35110976 0.250000
35110976	0.250000
causal-discovery-causal_Pigs_6_1000
o 35110976 0.240000
35110976	0.240000
causal-discovery-causal_Pigs_6_1000
o 35110976 0.230000
35110976	0.230000
causal-discovery-causal_Pigs_6_1000
o 35110976 0.240000
35110976	0.240000
causal-discovery-causal_Pigs_6_1000
o 35110976 0.240000
35110976	0.240000
causal-discovery-causal_Pigs_6_1000
o 35110976 0.240000
35110976	0.240000
causal-discovery-causal_Pigs_6_1000
o 35110976 0.260000
35110976	0.260000
causal-discovery-causal_Pigs_6_1000
o 35110976 0.230000
35110976	0.230000
causal-discovery-causal_Pigs_6_1000
o 35110976 0.230000
35110976	0.230000
causal-discovery-causal_Pigs_6_1000
o 35110976 0.250000
35110976	0.250000
