railway-transport-wg2
o 2718 5.510000
o 893 5.690000
o 892 5.690000
o 891 5.690000
o 890 5.690000
o 889 5.690000
o 887 5.690000
o 886 5.690000
o 884 5.690000
o 883 5.690000
o 881 5.690000
o 880 5.690000
o 878 5.690000
o 877 5.690000
o 876 5.690000
o 875 5.690000
o 874 5.690000
o 872 5.690000
o 870 5.690000
o 869 5.690000
o 868 5.690000
o 867 5.690000
o 866 5.690000
o 865 5.690000
o 864 5.690000
o 863 5.690000
o 862 5.690000
o 861 5.690000
o 858 5.690000
o 856 5.690000
o 855 5.690000
o 854 5.690000
o 853 5.690000
o 852 5.690000
o 851 5.690000
o 850 5.690000
o 849 5.690000
o 847 5.690000
o 846 5.700000
o 845 5.700000
o 844 5.700000
o 843 5.700000
o 841 5.700000
o 839 5.700000
o 837 5.700000
o 836 5.700000
o 835 5.700000
o 834 5.700000
o 833 5.700000
o 832 5.700000
o 827 5.700000
o 826 5.700000
o 825 5.700000
o 824 5.700000
o 822 5.700000
o 820 5.700000
o 819 5.700000
o 818 5.700000
o 817 5.700000
o 816 5.700000
o 815 5.700000
o 814 5.700000
o 813 5.700000
o 812 5.700000
o 811 5.700000
o 809 5.700000
o 806 5.700000
o 805 5.700000
o 804 5.700000
o 803 5.700000
o 802 5.700000
o 801 5.700000
o 800 5.700000
o 799 5.700000
o 796 5.700000
o 795 5.700000
o 794 5.700000
o 790 5.700000
o 788 5.700000
o 787 5.700000
o 785 5.700000
o 784 5.700000
o 783 5.700000
o 782 5.700000
o 781 5.700000
o 780 5.700000
o 779 5.700000
o 778 5.700000
o 777 5.700000
o 776 5.700000
o 775 5.700000
o 743 5.720000
o 742 5.720000
o 739 5.720000
o 738 5.720000
o 737 5.720000
o 736 5.720000
o 735 5.720000
o 734 5.720000
o 733 5.720000
o 732 5.720000
o 731 5.720000
o 730 5.720000
o 729 5.720000
o 728 5.720000
o 726 5.720000
o 724 5.720000
o 723 5.720000
o 720 5.720000
o 717 5.720000
o 715 5.720000
o 714 5.720000
o 713 5.720000
o 712 5.720000
o 710 5.720000
o 709 5.720000
o 708 5.720000
o 707 5.720000
o 706 5.720000
o 705 5.720000
o 704 5.720000
o 702 5.730000
o 701 5.730000
o 700 5.730000
o 699 5.730000
o 698 5.730000
o 696 5.730000
o 695 5.730000
o 693 5.730000
o 692 5.730000
o 688 5.730000
o 687 5.730000
o 686 5.730000
o 685 5.730000
o 682 5.730000
o 681 5.730000
o 680 5.730000
o 677 5.730000
o 676 5.730000
o 675 5.730000
o 674 5.730000
o 673 5.730000
o 672 5.730000
o 670 5.730000
o 669 5.730000
o 668 5.730000
o 667 5.730000
o 665 5.730000
o 663 5.730000
o 661 5.730000
o 659 5.730000
o 657 5.730000
o 656 5.740000
o 655 5.740000
o 654 5.740000
o 653 5.740000
o 651 5.740000
o 649 5.740000
o 648 5.740000
o 647 5.740000
o 646 5.740000
o 644 5.740000
o 643 5.740000
o 642 5.740000
o 635 5.740000
o 634 5.740000
o 633 5.740000
o 632 5.740000
o 631 5.740000
o 630 5.740000
o 629 5.740000
o 627 5.740000
o 626 5.740000
o 625 5.740000
o 624 5.740000
o 623 5.740000
o 622 5.740000
o 620 5.740000
o 618 5.740000
o 617 5.740000
o 616 5.740000
o 614 5.740000
o 613 5.740000
o 612 5.740000
o 611 5.740000
o 609 5.740000
o 608 5.740000
o 607 5.740000
o 606 5.740000
o 605 5.740000
o 604 5.740000
o 603 5.740000
o 602 5.740000
o 600 5.740000
o 599 5.750000
o 598 5.750000
o 597 5.750000
o 596 5.750000
o 595 5.750000
o 594 5.750000
o 593 5.750000
o 592 5.750000
o 591 5.750000
o 590 5.750000
o 589 5.750000
o 588 5.750000
o 587 5.750000
o 586 5.760000
o 585 5.760000
o 584 5.760000
o 583 5.760000
o 582 5.760000
o 580 5.760000
o 578 5.760000
o 577 5.760000
o 576 6.500000
o 575 6.500000
o 573 6.500000
o 572 6.500000
o 571 6.500000
o 570 6.500000
o 569 6.500000
o 568 6.500000
o 567 6.500000
o 566 6.500000
o 565 6.500000
o 564 6.500000
o 563 6.500000
o 562 6.500000
o 560 6.500000
o 559 6.500000
o 558 6.500000
o 557 6.500000
o 556 6.500000
o 555 6.510000
o 554 6.510000
o 552 6.510000
o 551 6.510000
o 550 6.510000
o 549 6.510000
o 548 6.510000
o 547 6.510000
o 546 6.510000
o 545 6.510000
o 544 6.510000
o 543 6.510000
o 536 6.510000
o 535 6.510000
o 534 6.510000
o 533 6.510000
o 532 6.510000
o 531 6.510000
o 530 6.510000
o 528 6.610000
o 527 6.610000
o 526 6.610000
o 525 6.610000
o 524 6.610000
o 523 6.610000
o 516 6.620000
o 515 6.620000
o 514 6.620000
o 513 6.630000
o 512 6.630000
o 511 6.630000
o 500 6.630000
o 499 6.630000
o 497 6.630000
o 496 6.640000
o 495 6.640000
o 494 6.640000
o 489 6.650000
o 487 6.650000
o 485 6.650000
o 484 6.650000
o 483 6.650000
o 482 6.650000
o 467 6.670000
o 466 6.670000
o 465 6.670000
o 463 6.670000
o 462 6.670000
o 461 6.670000
o 460 6.670000
o 459 6.670000
o 458 6.670000
o 457 6.670000
o 456 6.680000
o 455 6.680000
o 454 6.680000
o 453 6.680000
o 452 6.680000
o 451 6.680000
o 450 6.680000
o 449 6.680000
o 448 6.680000
o 447 6.690000
o 446 6.690000
o 445 6.690000
o 444 6.690000
o 443 6.690000
o 442 6.690000
o 441 6.690000
o 428 6.710000
o 426 6.710000
o 425 6.710000
o 424 6.710000
o 414 6.710000
o 413 6.710000
o 412 6.710000
o 411 6.710000
o 410 6.710000
o 409 6.720000
o 408 6.720000
o 407 6.720000
o 406 6.720000
o 405 6.720000
o 404 6.720000
o 403 6.720000
o 402 6.720000
o 401 6.720000
o 400 6.720000
o 399 6.720000
o 398 6.720000
o 397 6.720000
o 396 6.720000
o 395 6.720000
o 394 6.730000
o 393 6.730000
o 383 6.730000
o 382 6.730000
o 381 6.730000
o 380 6.730000
o 379 6.730000
o 378 6.730000
o 377 6.730000
o 376 6.730000
o 375 6.730000
o 374 6.730000
o 373 6.740000
o 372 6.740000
o 371 6.740000
o 370 6.740000
o 369 6.740000
o 368 6.740000
o 367 6.740000
o 366 6.740000
o 364 6.740000
o 363 6.740000
o 360 6.750000
o 306 7.440000
o 304 7.490000
o 303 7.490000
o 302 7.490000
o 299 7.490000
o 298 7.500000
o 297 7.530000
o 296 7.600000
o 295 7.600000
o 294 7.600000
o 293 7.600000
o 292 7.600000
o 291 7.600000
o 290 7.600000
o 289 7.600000
o 288 7.620000
o 287 7.620000
o 283 7.630000
o 281 7.630000
o 280 7.630000
o 279 7.650000
o 278 7.660000
o 277 7.660000
o 276 7.670000
o 275 7.670000
o 274 7.670000
o 273 7.680000
o 272 7.680000
o 271 14.340000
o 270 14.340000
o 269 14.340000
o 268 14.570000
o 267 14.570000
o 266 14.570000
o 265 14.570000
o 264 14.570000
o 263 14.570000
o 262 14.570000
o 261 14.580000
o 260 14.600000
o 259 14.810000
o 258 14.840000
o 257 14.840000
o 256 14.840000
o 255 14.840000
o 254 14.840000
o 253 14.840000
o 252 14.840000
o 251 14.850000
o 250 14.850000
o 249 14.850000
o 247 14.850000
o 246 14.850000
o 245 14.850000
o 243 14.850000
o 242 14.850000
o 241 14.850000
o 240 14.860000
o 239 14.870000
o 238 14.870000
o 230 14.870000
o 229 14.890000
o 228 14.910000
o 227 14.910000
o 226 14.910000
o 225 14.960000
o 224 14.970000
o 223 15.010000
o 222 15.020000
o 221 15.030000
o 220 15.030000
o 219 15.100000
o 218 15.170000
o 217 15.220000
o 216 15.220000
o 207 15.230000
o 206 15.290000
o 205 21.750000
o 204 84.780000
o 203 84.810000
o 202 84.990000
o 201 85.030000
o 200 85.030000
o 198 85.040000
o 197 85.060000
o 196 85.070000
o 195 85.130000
o 194 85.130000
o 193 85.140000
o 192 85.160000
o 191 85.160000
o 190 85.190000
o 189 85.220000
o 188 85.230000
o 187 114.070000
o 186 114.070000
o 185 114.070000
o 184 129.230000
o 183 129.230000
o 182 129.230000
o 181 129.230000
o 180 129.230000
o 179 129.230000
o 178 129.260000
o 177 129.280000
o 176 129.290000
o 175 129.480000
o 171 129.480000
o 170 129.480000
o 169 129.540000
o 168 129.800000
o 167 129.880000
o 166 129.930000
o 165 129.930000
o 164 143.040000
o 163 143.110000
o 162 143.900000
o 161 143.960000
o 160 144.050000
o 159 144.290000
o 158 144.300000
o 157 144.860000
o 156 144.860000
o 155 145.260000
o 154 154.830000
o 153 156.550000
o 152 156.610000
o 151 159.150000
o 150 159.290000
o 149 159.360000
o 148 159.360000
148	159.360000
railway-transport-wg2
o 2728 4.570000
o 2708 4.670000
o 2706 4.670000
o 827 4.690000
o 826 4.690000
o 824 4.690000
o 823 4.690000
o 822 4.690000
o 821 4.690000
o 820 4.690000
o 819 4.690000
o 818 4.690000
o 817 4.690000
o 816 4.690000
o 814 4.690000
o 813 4.690000
o 812 4.690000
o 810 4.690000
o 808 4.690000
o 805 4.690000
o 804 4.690000
o 803 4.690000
o 802 4.690000
o 801 4.690000
o 797 4.690000
o 796 4.690000
o 795 4.690000
o 794 4.690000
o 793 4.690000
o 792 4.690000
o 790 4.690000
o 789 4.700000
o 788 4.700000
o 786 4.700000
o 785 4.700000
o 784 4.700000
o 783 4.700000
o 782 4.700000
o 781 4.700000
o 780 4.700000
o 779 4.700000
o 778 4.700000
o 776 4.700000
o 775 4.700000
o 774 4.700000
o 773 4.700000
o 772 4.700000
o 771 4.700000
o 770 4.700000
o 769 4.700000
o 768 4.700000
o 766 4.700000
o 765 4.700000
o 763 4.700000
o 762 4.700000
o 761 4.700000
o 759 4.700000
o 757 4.700000
o 754 4.700000
o 752 4.700000
o 750 4.700000
o 749 4.700000
o 747 4.700000
o 746 4.700000
o 744 4.700000
o 743 4.700000
o 741 4.700000
o 739 4.700000
o 738 4.700000
o 737 4.700000
o 736 4.700000
o 735 4.700000
o 734 4.700000
o 732 4.700000
o 729 4.700000
o 728 4.700000
o 727 4.700000
o 726 4.700000
o 725 4.700000
o 723 4.700000
o 722 4.700000
o 720 4.700000
o 719 4.700000
o 718 4.700000
o 717 4.700000
o 716 4.700000
o 715 4.700000
o 713 4.700000
o 712 4.700000
o 710 4.700000
o 709 4.700000
o 708 4.700000
o 706 4.700000
o 705 4.710000
o 704 4.710000
o 703 4.710000
o 702 4.710000
o 701 4.710000
o 700 4.710000
o 699 4.710000
o 698 4.710000
o 696 4.710000
o 695 4.710000
o 694 4.710000
o 692 4.710000
o 691 4.710000
o 690 4.710000
o 688 4.710000
o 687 4.710000
o 686 4.710000
o 684 4.710000
o 683 4.710000
o 682 4.710000
o 681 4.710000
o 680 4.710000
o 678 4.710000
o 677 4.710000
o 676 4.710000
o 674 4.710000
o 673 4.710000
o 672 4.710000
o 671 4.710000
o 670 4.710000
o 669 4.710000
o 647 4.720000
o 646 4.720000
o 645 4.720000
o 644 4.720000
o 642 4.720000
o 638 4.720000
o 636 4.720000
o 635 4.720000
o 634 4.720000
o 633 4.720000
o 632 4.720000
o 631 4.720000
o 630 4.720000
o 629 4.720000
o 628 4.720000
o 627 4.720000
o 625 4.720000
o 624 4.720000
o 623 4.720000
o 622 4.720000
o 621 4.720000
o 620 4.720000
o 619 4.720000
o 618 4.720000
o 617 4.730000
o 614 4.730000
o 613 4.730000
o 612 4.730000
o 610 4.730000
o 609 4.730000
o 608 4.730000
o 607 4.730000
o 606 4.730000
o 605 4.730000
o 604 4.730000
o 603 4.730000
o 602 4.730000
o 601 4.730000
o 600 4.730000
o 599 4.730000
o 597 4.730000
o 596 4.730000
o 594 4.730000
o 593 4.730000
o 592 4.730000
o 591 4.730000
o 589 4.730000
o 588 4.730000
o 585 4.730000
o 584 4.730000
o 583 4.730000
o 582 4.730000
o 580 4.730000
o 579 4.730000
o 578 4.730000
o 576 4.730000
o 575 4.730000
o 574 4.730000
o 573 4.730000
o 572 4.730000
o 571 4.730000
o 570 4.730000
o 569 4.730000
o 568 4.730000
o 567 4.730000
o 566 4.740000
o 565 4.740000
o 564 4.740000
o 563 4.740000
o 562 4.740000
o 560 4.740000
o 559 4.740000
o 558 4.740000
o 549 4.740000
o 547 4.740000
o 545 4.740000
o 544 4.740000
o 543 4.740000
o 542 4.740000
o 541 4.740000
o 540 4.740000
o 538 4.740000
o 537 4.740000
o 536 4.740000
o 535 4.740000
o 523 4.750000
o 522 4.750000
o 513 4.750000
o 512 4.750000
o 510 4.750000
o 509 4.750000
o 508 4.750000
o 507 4.750000
o 506 4.750000
o 505 4.750000
o 503 4.750000
o 502 4.750000
o 500 4.750000
o 499 4.750000
o 497 4.750000
o 492 4.750000
o 491 4.750000
o 490 4.750000
o 484 4.760000
o 483 4.760000
o 481 4.760000
o 480 4.760000
o 479 4.760000
o 478 4.760000
o 477 4.760000
o 476 4.760000
o 474 4.760000
o 473 4.770000
o 472 4.770000
o 471 4.770000
o 470 4.770000
o 469 4.770000
o 468 4.770000
o 467 4.770000
o 466 4.770000
o 465 4.770000
o 464 4.770000
o 463 4.770000
o 462 4.770000
o 461 4.770000
o 460 4.770000
o 458 4.770000
o 457 4.770000
o 456 4.770000
o 454 4.770000
o 453 4.770000
o 452 4.770000
o 450 4.770000
o 449 4.770000
o 447 4.770000
o 446 4.770000
o 445 4.770000
o 444 4.770000
o 443 4.770000
o 442 4.770000
o 440 4.770000
o 439 4.780000
o 438 4.780000
o 437 4.780000
o 435 4.780000
o 434 4.780000
o 420 5.010000
o 419 5.010000
o 418 5.010000
o 417 5.010000
o 416 5.010000
o 414 5.010000
o 413 5.010000
o 411 5.010000
o 409 5.010000
o 408 5.010000
o 407 5.010000
o 406 5.010000
o 405 5.010000
o 404 5.010000
o 403 5.010000
o 402 5.010000
o 401 5.010000
o 400 5.010000
o 399 5.010000
o 398 5.010000
o 397 5.010000
o 396 5.010000
o 395 5.040000
o 394 5.040000
o 393 5.040000
o 389 5.040000
o 388 5.040000
o 387 5.040000
o 386 5.040000
o 385 5.040000
o 384 5.040000
o 382 5.040000
o 381 5.040000
o 380 5.040000
o 379 5.040000
o 377 5.040000
o 376 5.040000
o 375 5.040000
o 373 5.040000
o 371 5.040000
o 370 5.040000
o 369 5.040000
o 368 5.040000
o 367 5.040000
o 366 5.040000
o 365 5.040000
o 364 5.040000
o 363 5.040000
o 362 5.040000
o 361 5.040000
o 360 5.040000
o 359 5.040000
o 357 5.040000
o 356 5.040000
o 354 5.040000
o 353 5.040000
o 352 5.040000
o 351 5.040000
o 350 5.040000
o 349 5.040000
o 348 5.040000
o 347 5.050000
o 346 5.050000
o 345 5.050000
o 344 5.050000
o 343 5.050000
o 342 5.050000
o 341 5.050000
o 340 5.050000
o 339 5.050000
o 338 5.050000
o 337 5.050000
o 336 5.050000
o 335 5.050000
o 334 5.050000
o 333 5.050000
o 332 5.100000
o 331 5.100000
o 330 5.100000
o 329 5.100000
o 328 5.100000
o 327 5.100000
o 326 5.100000
o 325 5.110000
o 324 5.110000
o 323 5.110000
o 322 5.110000
o 321 5.110000
o 320 5.110000
o 319 5.110000
o 318 5.110000
o 317 5.110000
o 316 5.110000
o 315 5.120000
o 314 5.120000
o 313 5.120000
o 312 5.130000
o 311 5.130000
o 310 5.470000
o 309 5.470000
o 308 5.470000
o 303 5.480000
o 302 5.480000
o 301 5.480000
o 300 5.480000
o 299 5.490000
o 298 5.490000
o 297 5.490000
o 293 5.490000
o 292 5.490000
o 291 5.490000
o 290 5.490000
o 289 5.490000
o 288 5.490000
o 287 5.500000
o 286 5.500000
o 285 5.530000
o 284 5.540000
o 283 5.630000
o 282 5.630000
o 281 5.640000
o 280 5.640000
o 279 5.650000
o 278 5.650000
o 277 5.650000
o 276 5.650000
o 275 5.650000
o 274 5.650000
o 273 5.650000
o 272 5.650000
o 271 5.650000
o 270 5.650000
o 269 5.660000
o 268 5.660000
o 267 5.660000
o 266 5.670000
o 265 5.670000
o 264 5.670000
o 263 5.670000
o 262 5.670000
o 261 7.830000
o 260 7.830000
o 259 7.830000
o 258 9.050000
o 257 9.050000
o 256 9.050000
o 255 9.050000
o 254 9.050000
o 253 9.060000
o 252 9.070000
o 251 9.070000
o 250 9.080000
o 249 9.090000
o 248 9.090000
o 247 9.090000
o 246 9.090000
o 245 9.090000
o 244 9.110000
o 243 9.440000
o 242 9.490000
o 241 9.490000
o 240 9.490000
o 239 9.540000
o 238 9.590000
o 237 9.590000
o 236 9.620000
o 235 9.620000
o 234 9.620000
o 233 9.660000
o 232 9.660000
o 209 11.570000
o 208 11.570000
o 207 11.570000
o 206 11.570000
o 205 15.910000
o 204 15.990000
o 203 16.000000
o 202 16.050000
o 201 16.060000
o 200 32.360000
o 199 32.360000
o 198 32.370000
o 197 41.290000
o 196 41.290000
o 195 41.290000
o 194 41.290000
o 193 41.290000
o 192 41.290000
o 191 41.290000
o 190 41.290000
o 189 41.290000
o 187 41.290000
o 186 41.290000
o 185 41.300000
o 184 41.310000
o 183 41.310000
o 182 41.310000
o 181 41.320000
o 180 41.320000
o 178 48.310000
o 177 48.310000
o 176 48.570000
o 175 48.750000
o 174 49.000000
o 173 49.000000
o 172 49.040000
o 171 50.560000
o 170 50.630000
o 169 50.630000
o 168 50.640000
o 167 50.870000
o 166 50.870000
o 165 50.870000
o 164 256.470000
o 163 256.480000
o 162 256.490000
o 161 256.510000
o 160 256.510000
o 159 256.550000
o 158 259.410000
o 157 259.420000
o 156 260.120000
o 155 260.160000
o 154 260.640000
o 153 260.640000
o 152 260.640000
o 151 260.790000
o 150 260.920000
o 149 260.930000
o 148 261.140000
o 147 261.160000
147	261.160000
railway-transport-wg2
o 2694 10.500000
o 2674 10.630000
o 2654 10.630000
o 2644 10.630000
o 2624 10.630000
o 2622 10.640000
o 926 11.110000
o 924 11.110000
o 922 11.110000
o 921 11.110000
o 920 11.110000
o 919 11.110000
o 917 11.110000
o 916 11.110000
o 915 11.110000
o 914 11.110000
o 912 11.110000
o 910 11.110000
o 909 11.110000
o 907 11.110000
o 906 11.110000
o 905 11.110000
o 904 11.110000
o 902 11.110000
o 901 11.110000
o 899 11.110000
o 898 11.110000
o 897 11.110000
o 894 11.120000
o 893 11.120000
o 892 11.120000
o 891 11.120000
o 890 11.120000
o 889 11.120000
o 886 11.120000
o 876 11.120000
o 863 11.120000
o 862 11.120000
o 858 11.120000
o 857 11.120000
o 856 11.120000
o 855 11.120000
o 854 11.120000
o 853 11.120000
o 851 11.120000
o 850 11.120000
o 849 11.120000
o 848 11.120000
o 846 11.120000
o 845 11.120000
o 844 11.120000
o 843 11.120000
o 841 11.120000
o 840 11.120000
o 839 11.130000
o 838 11.130000
o 836 11.130000
o 835 11.130000
o 834 11.130000
o 832 11.130000
o 831 11.130000
o 830 11.130000
o 829 11.130000
o 827 11.130000
o 826 11.130000
o 825 11.130000
o 823 11.130000
o 822 11.130000
o 821 11.130000
o 820 11.130000
o 819 11.130000
o 818 11.130000
o 817 11.130000
o 816 11.130000
o 815 11.130000
o 813 11.130000
o 812 11.130000
o 811 11.130000
o 810 11.130000
o 808 11.150000
o 806 11.150000
o 805 11.150000
o 802 11.150000
o 800 11.150000
o 799 11.150000
o 798 11.150000
o 797 11.150000
o 796 11.150000
o 794 11.150000
o 792 11.150000
o 791 11.150000
o 789 11.150000
o 788 11.150000
o 787 11.150000
o 786 11.150000
o 785 11.150000
o 784 11.150000
o 782 11.150000
o 780 11.150000
o 778 11.150000
o 777 11.150000
o 776 11.150000
o 775 11.150000
o 772 11.150000
o 771 11.150000
o 770 11.150000
o 769 11.150000
o 768 11.150000
o 766 11.150000
o 765 11.150000
o 764 11.150000
o 763 11.150000
o 759 11.150000
o 758 11.150000
o 757 11.150000
o 748 11.150000
o 747 11.150000
o 745 11.150000
o 743 11.150000
o 742 11.160000
o 741 11.160000
o 740 11.160000
o 738 11.160000
o 737 11.160000
o 735 11.160000
o 734 11.160000
o 733 11.160000
o 732 11.160000
o 731 11.160000
o 730 11.160000
o 729 11.160000
o 728 11.160000
o 727 11.160000
o 726 11.160000
o 725 11.160000
o 724 11.160000
o 723 11.160000
o 721 11.160000
o 720 11.160000
o 719 11.160000
o 716 11.160000
o 715 11.160000
o 714 11.160000
o 713 11.160000
o 712 11.160000
o 711 11.170000
o 710 11.170000
o 709 11.170000
o 708 11.170000
o 707 11.170000
o 706 11.170000
o 705 11.170000
o 704 11.170000
o 703 11.170000
o 702 11.170000
o 700 11.170000
o 699 11.170000
o 697 11.170000
o 696 11.170000
o 695 11.170000
o 694 11.170000
o 691 11.170000
o 690 11.170000
o 689 11.170000
o 688 11.170000
o 687 11.170000
o 686 11.170000
o 683 11.170000
o 682 11.170000
o 681 11.170000
o 680 11.170000
o 679 11.170000
o 678 11.170000
o 677 11.170000
o 676 11.170000
o 675 11.170000
o 671 11.180000
o 669 11.180000
o 668 11.180000
o 667 11.180000
o 665 11.180000
o 664 11.180000
o 663 11.180000
o 662 11.180000
o 660 11.180000
o 659 11.180000
o 658 11.180000
o 657 11.180000
o 656 11.180000
o 655 11.180000
o 654 11.180000
o 653 11.310000
o 652 11.310000
o 651 11.310000
o 650 11.310000
o 647 11.310000
o 645 11.310000
o 644 11.310000
o 643 11.310000
o 638 11.320000
o 637 11.320000
o 636 11.320000
o 635 11.320000
o 634 11.320000
o 633 11.320000
o 632 11.320000
o 631 11.320000
o 630 11.320000
o 629 11.320000
o 628 11.320000
o 627 11.330000
o 626 11.330000
o 625 11.330000
o 624 11.330000
o 623 11.330000
o 622 11.330000
o 621 11.330000
o 618 11.330000
o 617 11.330000
o 616 11.330000
o 606 11.330000
o 605 11.330000
o 604 11.330000
o 603 11.330000
o 602 11.330000
o 601 11.330000
o 600 11.330000
o 599 11.330000
o 598 11.330000
o 597 11.340000
o 596 11.340000
o 595 11.340000
o 594 11.340000
o 593 11.340000
o 592 11.340000
o 591 11.340000
o 590 11.340000
o 589 11.360000
o 588 11.360000
o 587 11.360000
o 586 11.360000
o 585 11.360000
o 583 11.360000
o 582 11.360000
o 581 11.370000
o 580 11.370000
o 579 11.370000
o 578 11.370000
o 577 11.370000
o 576 11.370000
o 574 11.380000
o 572 11.380000
o 571 11.400000
o 570 11.400000
o 569 11.400000
o 568 11.400000
o 567 11.400000
o 566 11.400000
o 565 11.400000
o 564 11.410000
o 563 11.410000
o 552 11.410000
o 551 11.410000
o 550 11.410000
o 549 11.410000
o 548 11.410000
o 547 11.410000
o 546 11.420000
o 545 11.420000
o 544 11.420000
o 543 11.420000
o 542 11.420000
o 541 11.430000
o 540 11.430000
o 539 11.430000
o 538 11.440000
o 537 11.440000
o 536 11.440000
o 535 11.440000
o 534 11.440000
o 533 11.440000
o 532 11.440000
o 531 11.440000
o 530 11.440000
o 529 11.450000
o 528 11.450000
o 527 11.450000
o 526 11.460000
o 525 11.460000
o 524 11.460000
o 523 11.460000
o 522 11.460000
o 521 11.460000
o 520 14.500000
o 519 14.500000
o 518 14.520000
o 517 14.520000
o 516 14.520000
o 515 14.520000
o 514 14.530000
o 513 14.530000
o 509 14.530000
o 508 14.530000
o 507 14.530000
o 506 14.530000
o 505 14.540000
o 504 14.540000
o 503 14.550000
o 502 14.550000
o 501 14.550000
o 500 14.550000
o 496 14.550000
o 495 14.550000
o 494 14.550000
o 492 14.550000
o 490 14.560000
o 489 14.560000
o 488 14.560000
o 474 14.580000
o 473 14.580000
o 472 14.580000
o 470 14.580000
o 469 14.580000
o 468 14.590000
o 467 14.590000
o 466 14.590000
o 465 14.590000
o 464 14.590000
o 463 14.590000
o 462 14.610000
o 461 14.610000
o 450 14.610000
o 449 14.610000
o 448 14.610000
o 447 14.610000
o 446 14.610000
o 445 16.520000
o 443 17.940000
o 442 17.940000
o 441 17.940000
o 440 17.940000
o 439 17.940000
o 438 17.940000
o 436 17.940000
o 435 17.940000
o 434 17.940000
o 433 17.940000
o 432 17.940000
o 431 17.940000
o 430 17.940000
o 429 17.950000
o 428 17.950000
o 427 17.950000
o 426 18.050000
o 417 18.050000
o 399 18.050000
o 398 18.050000
o 397 18.050000
o 396 18.050000
o 395 18.050000
o 393 18.060000
o 392 18.060000
o 383 18.060000
o 382 18.070000
o 381 18.070000
o 380 18.070000
o 379 18.070000
o 378 18.070000
o 377 18.070000
o 376 18.070000
o 375 18.070000
o 374 18.080000
o 373 18.080000
o 372 18.080000
o 371 18.080000
o 370 18.080000
o 369 18.080000
o 368 18.110000
o 367 18.110000
o 366 18.110000
o 365 18.120000
o 364 18.140000
o 363 18.140000
o 362 18.140000
o 361 18.150000
o 360 18.150000
o 359 18.170000
o 358 18.180000
o 357 18.180000
o 356 18.180000
o 355 18.180000
o 354 18.180000
o 353 18.180000
o 352 18.190000
o 349 18.190000
o 348 18.190000
o 347 18.190000
o 346 18.190000
o 345 18.190000
o 344 18.190000
o 343 18.190000
o 342 18.220000
o 340 18.260000
o 333 18.280000
o 332 18.280000
o 331 18.280000
o 330 18.300000
o 329 18.300000
o 328 18.450000
o 327 18.480000
o 326 18.530000
o 325 18.540000
o 324 18.540000
o 323 18.540000
o 322 18.540000
o 321 18.550000
o 320 18.930000
o 318 18.930000
o 317 18.930000
o 316 18.930000
o 315 18.930000
o 314 18.930000
o 313 18.940000
o 312 19.190000
o 311 19.190000
o 310 19.200000
o 309 19.210000
o 308 19.210000
o 307 19.240000
o 306 19.250000
o 305 19.260000
o 304 19.330000
o 303 19.330000
o 302 19.330000
o 301 19.340000
o 300 19.380000
o 299 19.440000
o 298 19.440000
o 297 19.480000
o 296 19.480000
o 295 19.480000
o 294 20.810000
o 293 20.810000
o 292 20.810000
o 291 20.810000
o 290 20.810000
o 289 20.810000
o 288 20.810000
o 287 20.810000
o 285 20.810000
o 284 20.820000
o 283 20.820000
o 282 20.820000
o 281 20.820000
o 280 20.820000
o 279 20.830000
o 278 20.830000
o 277 20.830000
o 273 20.830000
o 272 20.830000
o 270 20.830000
o 269 20.830000
o 268 20.830000
o 267 20.840000
o 265 20.850000
o 264 20.850000
o 263 20.850000
o 262 20.850000
o 261 20.850000
o 260 20.850000
o 259 20.850000
o 258 20.850000
o 257 20.850000
o 256 20.850000
o 255 20.880000
o 254 20.880000
o 253 20.880000
o 252 20.890000
o 251 20.980000
o 250 21.100000
o 249 21.100000
o 247 21.400000
o 246 21.410000
o 245 21.410000
o 244 21.410000
o 243 21.420000
o 242 21.420000
o 241 21.420000
o 240 21.430000
o 239 21.430000
o 238 21.470000
o 237 21.470000
o 236 21.470000
o 235 21.620000
o 234 21.620000
o 233 21.630000
o 232 21.630000
o 231 21.630000
o 230 21.660000
o 229 21.780000
o 228 21.810000
o 227 21.900000
o 226 21.900000
o 224 23.160000
o 223 23.160000
o 222 23.160000
o 220 23.160000
o 219 23.160000
o 218 23.160000
o 217 23.170000
o 216 23.170000
o 214 23.170000
o 213 23.180000
o 212 23.180000
o 211 23.180000
o 210 23.190000
o 209 23.190000
o 208 23.190000
o 207 23.190000
o 201 23.190000
o 200 23.190000
o 199 23.190000
o 198 23.190000
o 197 23.200000
o 196 27.770000
o 195 27.820000
o 194 27.820000
o 193 27.820000
o 192 27.830000
o 191 27.860000
o 190 27.860000
o 189 27.860000
o 188 27.860000
o 187 27.860000
o 185 27.930000
o 184 28.170000
o 183 28.170000
o 182 28.170000
o 181 28.170000
o 180 28.170000
o 179 28.170000
o 178 28.170000
o 177 28.170000
o 176 28.260000
o 175 28.290000
o 174 28.410000
o 173 28.540000
o 172 28.550000
o 171 28.620000
o 170 28.630000
o 167 28.780000
o 166 28.780000
o 165 28.780000
o 164 28.780000
o 163 28.780000
o 162 28.780000
o 161 28.780000
o 160 28.780000
160	28.780000
railway-transport-wg2
o 2656 5.360000
o 826 5.480000
o 825 5.480000
o 824 5.480000
o 823 5.480000
o 822 5.480000
o 821 5.480000
o 819 5.480000
o 818 5.480000
o 817 5.480000
o 816 5.480000
o 799 5.490000
o 798 5.490000
o 797 5.490000
o 795 5.490000
o 793 5.490000
o 790 5.490000
o 789 5.490000
o 788 5.490000
o 787 5.490000
o 786 5.490000
o 785 5.490000
o 784 5.490000
o 783 5.490000
o 782 5.490000
o 781 5.490000
o 779 5.490000
o 778 5.490000
o 777 5.490000
o 776 5.490000
o 775 5.490000
o 773 5.490000
o 772 5.490000
o 770 5.490000
o 769 5.490000
o 768 5.490000
o 766 5.490000
o 765 5.490000
o 764 5.490000
o 763 5.490000
o 762 5.490000
o 761 5.490000
o 760 5.490000
o 759 5.490000
o 748 5.500000
o 746 5.500000
o 745 5.500000
o 743 5.500000
o 741 5.500000
o 739 5.500000
o 737 5.500000
o 736 5.500000
o 734 5.500000
o 733 5.500000
o 730 5.500000
o 729 5.500000
o 728 5.500000
o 726 5.500000
o 724 5.500000
o 723 5.500000
o 722 5.500000
o 720 5.500000
o 719 5.500000
o 717 5.500000
o 716 5.500000
o 690 5.510000
o 689 5.510000
o 688 5.510000
o 687 5.510000
o 686 5.510000
o 685 5.510000
o 681 5.510000
o 680 5.510000
o 679 5.510000
o 677 5.510000
o 676 5.510000
o 675 5.510000
o 673 5.520000
o 672 5.520000
o 671 5.520000
o 670 5.520000
o 669 5.520000
o 668 5.520000
o 667 5.520000
o 666 5.520000
o 665 5.520000
o 664 5.520000
o 662 5.520000
o 661 5.520000
o 660 5.520000
o 659 5.520000
o 656 5.520000
o 655 5.520000
o 654 5.520000
o 653 5.520000
o 652 5.520000
o 651 5.520000
o 650 5.520000
o 649 5.520000
o 648 5.520000
o 647 5.520000
o 646 5.520000
o 645 5.520000
o 644 5.520000
o 643 5.520000
o 642 5.520000
o 641 5.520000
o 639 5.520000
o 638 5.520000
o 637 5.520000
o 636 5.520000
o 635 5.520000
o 634 5.520000
o 633 5.520000
o 630 5.530000
o 628 5.530000
o 626 5.530000
o 625 5.530000
o 624 5.530000
o 623 5.530000
o 622 5.530000
o 621 5.530000
o 620 5.530000
o 619 5.530000
o 617 5.530000
o 615 5.530000
o 614 5.530000
o 613 5.530000
o 612 5.530000
o 611 5.530000
o 609 5.530000
o 608 5.530000
o 607 5.530000
o 606 5.530000
o 604 5.530000
o 602 5.530000
o 601 5.530000
o 600 5.530000
o 599 5.530000
o 598 5.530000
o 597 5.530000
o 595 5.530000
o 594 5.530000
o 593 5.530000
o 592 5.530000
o 591 5.540000
o 589 5.540000
o 588 7.320000
o 587 7.320000
o 586 7.320000
o 585 7.320000
o 584 7.320000
o 583 7.320000
o 582 7.340000
o 581 7.340000
o 580 7.340000
o 579 7.340000
o 578 7.340000
o 577 7.340000
o 576 7.350000
o 572 7.350000
o 571 7.350000
o 570 7.350000
o 569 7.350000
o 568 7.350000
o 567 7.350000
o 566 7.350000
o 565 7.350000
o 564 7.360000
o 563 7.370000
o 561 7.370000
o 560 7.370000
o 559 7.370000
o 558 7.370000
o 557 7.370000
o 556 7.370000
o 555 7.370000
o 554 7.370000
o 553 7.370000
o 552 7.370000
o 551 7.370000
o 548 7.370000
o 547 7.370000
o 546 7.370000
o 545 7.380000
o 544 7.380000
o 543 7.380000
o 542 7.380000
o 541 7.380000
o 540 7.380000
o 538 7.380000
o 537 7.380000
o 536 7.380000
o 535 7.380000
o 534 7.390000
o 533 7.390000
o 531 7.390000
o 530 7.390000
o 529 7.390000
o 527 7.390000
o 526 7.390000
o 525 7.390000
o 524 7.390000
o 523 7.390000
o 521 7.390000
o 519 7.400000
o 518 7.400000
o 507 7.400000
o 506 7.400000
o 497 7.410000
o 496 7.410000
o 495 7.410000
o 494 7.410000
o 493 7.410000
o 491 7.410000
o 490 7.410000
o 489 7.410000
o 488 7.410000
o 486 7.410000
o 485 7.420000
o 484 7.420000
o 483 7.420000
o 482 7.420000
o 481 7.420000
o 480 7.420000
o 479 7.420000
o 478 7.420000
o 477 7.430000
o 476 7.440000
o 475 7.450000
o 474 7.450000
o 473 7.450000
o 472 7.450000
o 471 7.470000
o 469 7.470000
o 468 7.470000
o 467 7.470000
o 466 7.470000
o 465 7.480000
o 464 7.490000
o 463 7.490000
o 462 7.490000
o 461 7.490000
o 460 7.490000
o 459 7.490000
o 458 7.490000
o 457 7.500000
o 456 7.510000
o 455 7.530000
o 454 7.540000
o 453 7.540000
o 452 7.540000
o 451 7.540000
o 450 7.550000
o 449 7.550000
o 448 7.550000
o 447 7.550000
o 446 7.550000
o 445 7.550000
o 444 7.550000
o 443 7.560000
o 442 7.560000
o 441 7.560000
o 440 7.560000
o 438 7.570000
o 437 7.570000
o 436 7.570000
o 435 7.570000
o 434 7.580000
o 433 7.580000
o 432 7.580000
o 431 7.580000
o 430 7.580000
o 426 7.580000
o 425 7.580000
o 424 7.600000
o 423 7.600000
o 418 7.640000
o 417 7.640000
o 416 7.640000
o 415 7.640000
o 414 7.640000
o 413 7.640000
o 412 7.640000
o 411 7.640000
o 410 7.640000
o 409 7.650000
o 408 7.650000
o 407 7.650000
o 405 7.660000
o 404 7.660000
o 403 7.660000
o 402 7.670000
o 401 7.670000
o 400 7.670000
o 399 7.670000
o 398 7.670000
o 397 7.670000
o 396 7.670000
o 395 7.670000
o 394 7.670000
o 393 7.670000
o 392 7.670000
o 391 7.680000
o 390 7.680000
o 382 7.700000
o 381 7.700000
o 380 7.700000
o 379 7.700000
o 378 7.710000
o 377 7.920000
o 376 7.920000
o 375 7.920000
o 374 7.930000
o 373 7.930000
o 372 7.930000
o 363 7.950000
o 362 7.950000
o 361 7.950000
o 360 7.950000
o 359 7.950000
o 358 7.950000
o 357 7.950000
o 356 7.950000
o 355 7.960000
o 354 7.960000
o 353 7.960000
o 352 7.970000
o 351 7.970000
o 350 7.970000
o 349 7.970000
o 342 7.990000
o 341 7.990000
o 340 7.990000
o 337 8.000000
o 336 8.050000
o 335 8.050000
o 334 8.050000
o 333 8.060000
o 332 8.060000
o 331 8.070000
o 330 8.070000
o 329 15.690000
o 328 15.690000
o 327 15.690000
o 326 15.790000
o 325 15.790000
o 324 15.790000
o 323 15.860000
o 318 15.990000
o 317 15.990000
o 316 15.990000
o 315 15.990000
o 314 15.990000
o 313 16.000000
o 312 16.030000
o 311 16.030000
o 310 16.030000
o 309 16.040000
o 308 16.040000
o 307 16.050000
o 306 16.050000
o 305 16.280000
o 304 16.330000
o 303 16.860000
o 302 16.860000
o 301 16.860000
o 299 16.860000
o 298 16.870000
o 297 16.870000
o 296 16.880000
o 295 16.930000
o 294 16.940000
o 293 16.950000
o 292 16.960000
o 291 16.960000
o 290 17.010000
o 289 17.120000
o 288 17.120000
o 287 17.120000
o 286 17.120000
o 285 17.120000
o 284 17.230000
o 283 17.230000
o 282 17.840000
o 281 17.840000
o 280 17.840000
o 279 17.840000
o 278 17.840000
o 277 17.850000
o 276 17.850000
o 275 17.850000
o 274 17.850000
o 273 18.030000
o 272 18.030000
o 271 18.050000
o 270 18.060000
o 269 18.060000
o 268 18.070000
o 267 18.140000
o 266 18.150000
o 265 18.150000
o 264 18.210000
o 263 18.210000
o 262 18.210000
o 261 18.230000
o 260 18.230000
o 259 18.330000
o 258 18.570000
o 257 18.570000
o 256 18.570000
o 255 18.630000
o 254 18.750000
o 253 18.750000
o 252 18.760000
o 251 18.970000
o 250 18.970000
o 249 18.970000
o 248 18.970000
o 247 18.980000
o 245 18.980000
o 244 18.980000
o 242 18.990000
o 241 18.990000
o 240 19.000000
o 239 19.010000
o 238 19.010000
o 237 19.020000
o 236 19.020000
o 235 19.020000
o 234 19.020000
o 233 19.550000
o 232 19.550000
o 231 19.710000
o 230 19.710000
o 229 20.350000
o 228 20.370000
o 227 20.410000
o 226 20.420000
o 225 20.420000
o 224 20.420000
o 223 20.440000
o 222 20.440000
o 221 20.450000
o 220 20.530000
o 219 20.530000
o 218 20.710000
o 217 20.720000
o 216 20.720000
o 215 20.830000
o 214 20.840000
o 213 20.860000
o 212 20.860000
o 211 22.830000
o 210 22.830000
o 209 22.980000
o 208 23.050000
o 207 23.060000
o 206 23.080000
o 205 25.890000
o 204 25.910000
o 203 25.910000
o 202 25.910000
o 201 25.990000
o 200 25.990000
o 199 26.100000
o 198 118.540000
o 197 118.550000
o 196 119.150000
o 195 119.360000
o 194 200.360000
o 193 200.370000
o 192 200.440000
o 190 203.410000
o 189 203.410000
o 188 203.480000
o 187 203.520000
o 186 203.520000
o 185 203.550000
o 184 204.030000
o 183 204.030000
o 182 204.030000
o 181 204.030000
o 180 204.030000
o 179 204.030000
o 178 204.040000
o 177 204.040000
o 164 207.880000
o 162 207.910000
o 161 207.910000
o 160 207.920000
o 159 208.110000
o 158 208.150000
o 157 208.520000
o 156 208.730000
o 155 208.730000
o 154 208.850000
o 153 212.520000
o 152 212.520000
152	212.520000
railway-transport-wg2
o 2747 6.810000
o 827 6.960000
o 826 6.960000
o 825 6.960000
o 821 6.960000
o 820 6.960000
o 817 6.960000
o 814 6.960000
o 813 6.960000
o 812 6.960000
o 811 6.960000
o 809 6.970000
o 807 6.970000
o 806 6.970000
o 805 6.970000
o 804 6.970000
o 802 6.970000
o 800 6.970000
o 799 6.970000
o 798 6.970000
o 797 6.970000
o 796 6.970000
o 794 6.970000
o 793 6.970000
o 792 6.970000
o 791 6.970000
o 790 6.970000
o 789 6.970000
o 786 6.970000
o 782 6.970000
o 781 6.970000
o 780 6.970000
o 779 6.970000
o 778 6.970000
o 777 6.970000
o 776 6.970000
o 774 6.970000
o 771 6.970000
o 769 6.970000
o 768 6.970000
o 767 6.970000
o 766 6.970000
o 764 6.970000
o 759 6.970000
o 758 6.970000
o 757 6.970000
o 746 7.050000
o 744 7.050000
o 737 7.050000
o 736 7.060000
o 734 7.060000
o 733 7.060000
o 732 7.060000
o 725 7.070000
o 724 7.070000
o 723 7.070000
o 721 7.070000
o 720 7.070000
o 719 7.070000
o 718 7.070000
o 717 7.070000
o 716 7.070000
o 715 7.070000
o 714 7.070000
o 713 7.070000
o 712 7.070000
o 711 7.070000
o 709 7.070000
o 707 7.070000
o 706 7.070000
o 704 7.070000
o 703 7.070000
o 702 7.070000
o 700 7.070000
o 699 7.070000
o 698 7.070000
o 697 7.070000
o 696 7.070000
o 695 7.070000
o 694 7.070000
o 693 7.070000
o 691 7.070000
o 690 7.070000
o 688 7.070000
o 686 7.070000
o 681 7.070000
o 678 7.070000
o 675 7.090000
o 674 7.090000
o 673 7.090000
o 672 7.090000
o 671 7.090000
o 670 7.090000
o 668 7.090000
o 666 7.090000
o 662 7.090000
o 661 7.090000
o 660 7.090000
o 659 7.100000
o 656 7.100000
o 654 7.100000
o 653 7.100000
o 652 7.100000
o 651 7.100000
o 649 7.100000
o 648 7.100000
o 646 7.100000
o 645 7.100000
o 641 7.100000
o 640 7.100000
o 638 7.100000
o 637 7.100000
o 636 7.100000
o 635 7.100000
o 634 7.100000
o 633 7.100000
o 632 7.100000
o 631 7.100000
o 630 7.100000
o 629 7.100000
o 627 7.100000
o 624 7.100000
o 623 7.100000
o 621 7.110000
o 619 7.110000
o 609 7.130000
o 608 7.130000
o 606 7.130000
o 605 7.130000
o 604 7.140000
o 603 7.140000
o 602 7.140000
o 601 7.140000
o 599 7.140000
o 598 7.140000
o 597 7.140000
o 596 7.140000
o 595 7.140000
o 594 7.140000
o 592 7.140000
o 591 7.140000
o 590 7.140000
o 589 7.140000
o 588 7.140000
o 586 7.140000
o 585 7.140000
o 583 7.140000
o 582 7.140000
o 580 7.140000
o 579 7.140000
o 578 7.140000
o 577 7.140000
o 575 7.140000
o 574 7.140000
o 573 7.140000
o 571 7.150000
o 570 7.150000
o 568 7.150000
o 567 7.150000
o 565 7.150000
o 564 7.150000
o 563 7.150000
o 562 7.150000
o 560 7.150000
o 558 7.150000
o 557 7.150000
o 555 7.150000
o 554 7.150000
o 553 7.150000
o 552 7.150000
o 551 7.160000
o 550 7.160000
o 549 7.160000
o 548 7.160000
o 547 7.160000
o 545 7.160000
o 544 7.160000
o 543 7.160000
o 542 7.160000
o 541 7.160000
o 540 7.160000
o 539 7.160000
o 537 7.160000
o 536 7.160000
o 535 7.160000
o 534 7.160000
o 533 7.160000
o 532 7.160000
o 531 7.160000
o 529 7.160000
o 527 7.160000
o 525 7.160000
o 524 7.160000
o 523 7.160000
o 522 7.160000
o 521 7.160000
o 519 7.160000
o 518 7.160000
o 516 7.160000
o 515 7.160000
o 514 7.160000
o 513 7.160000
o 512 7.170000
o 511 7.170000
o 509 7.170000
o 508 7.190000
o 507 7.200000
o 506 7.200000
o 504 7.200000
o 502 7.200000
o 500 7.200000
o 499 7.200000
o 498 7.200000
o 497 7.200000
o 494 7.200000
o 492 7.200000
o 491 7.200000
o 490 7.200000
o 489 7.200000
o 488 7.200000
o 487 7.200000
o 486 7.200000
o 485 7.200000
o 484 7.200000
o 483 7.200000
o 482 7.200000
o 481 7.200000
o 480 7.200000
o 479 7.200000
o 478 7.200000
o 477 7.200000
o 475 7.200000
o 473 7.200000
o 471 7.200000
o 470 7.200000
o 469 7.200000
o 466 7.200000
o 465 7.200000
o 464 7.200000
o 463 7.200000
o 462 7.200000
o 461 7.200000
o 460 7.200000
o 459 7.200000
o 458 7.200000
o 457 7.200000
o 456 7.210000
o 455 7.210000
o 454 7.210000
o 453 7.210000
o 452 7.210000
o 451 7.210000
o 450 7.210000
o 449 7.210000
o 448 7.210000
o 447 7.210000
o 445 7.210000
o 443 7.210000
o 442 7.210000
o 441 7.210000
o 440 7.210000
o 439 7.210000
o 438 7.210000
o 437 7.210000
o 435 7.210000
o 434 7.210000
o 433 7.210000
o 432 7.220000
o 431 7.220000
o 430 7.220000
o 429 7.220000
o 428 7.220000
o 427 7.220000
o 426 7.220000
o 425 7.220000
o 424 7.370000
o 423 7.370000
o 422 7.370000
o 421 7.370000
o 420 7.370000
o 419 7.370000
o 418 7.370000
o 417 7.370000
o 416 7.370000
o 415 7.370000
o 414 7.370000
o 413 7.370000
o 412 7.370000
o 411 7.370000
o 410 7.370000
o 409 7.370000
o 407 7.370000
o 406 7.370000
o 405 7.370000
o 404 7.380000
o 403 7.380000
o 402 7.380000
o 399 7.380000
o 397 7.380000
o 396 7.390000
o 391 10.450000
o 381 10.450000
o 380 10.450000
o 379 10.460000
o 378 10.460000
o 377 10.460000
o 369 10.460000
o 368 10.460000
o 367 10.460000
o 362 10.570000
o 361 10.580000
o 353 10.600000
o 352 10.610000
o 351 10.620000
o 350 10.680000
o 346 10.700000
o 345 10.700000
o 342 10.700000
o 341 10.700000
o 340 10.710000
o 333 10.890000
o 332 10.890000
o 331 10.910000
o 330 10.950000
o 329 10.950000
o 328 10.960000
o 327 10.960000
o 326 10.960000
o 324 10.970000
o 323 11.030000
o 322 11.030000
o 321 11.030000
o 320 11.300000
o 319 11.300000
o 318 11.300000
o 317 11.300000
o 316 11.300000
o 314 11.300000
o 313 11.310000
o 312 11.310000
o 311 11.310000
o 310 11.320000
o 309 11.320000
o 308 11.320000
o 307 11.320000
o 306 11.320000
o 305 11.320000
o 304 11.320000
o 303 11.320000
o 302 11.330000
o 301 11.330000
o 300 11.340000
o 299 11.340000
o 298 11.340000
o 297 11.360000
o 296 11.370000
o 295 11.370000
o 294 11.400000
o 293 11.410000
o 292 11.430000
o 291 11.430000
o 290 11.450000
o 289 11.460000
o 288 11.480000
o 287 11.520000
o 286 11.680000
o 282 11.680000
o 281 11.680000
o 279 11.680000
o 277 11.680000
o 276 11.690000
o 275 11.700000
o 274 12.230000
o 273 12.230000
o 272 12.280000
o 261 12.280000
o 260 12.280000
o 259 12.410000
o 257 12.810000
o 256 12.810000
o 255 12.810000
o 254 12.820000
o 253 12.820000
o 252 12.820000
o 251 12.820000
o 250 12.820000
o 249 12.820000
o 248 12.820000
o 244 12.850000
o 243 12.850000
o 242 12.860000
o 241 12.860000
o 239 12.860000
o 238 12.990000
o 237 13.060000
o 236 13.060000
o 235 13.070000
o 234 13.080000
o 233 13.080000
o 232 13.680000
o 230 13.690000
o 229 13.740000
o 225 13.790000
o 224 13.790000
o 222 13.880000
o 221 16.960000
o 220 16.960000
o 219 16.960000
o 218 16.970000
o 217 16.970000
o 216 16.970000
o 215 16.990000
o 214 16.990000
o 213 16.990000
o 212 16.990000
o 211 16.990000
o 210 16.990000
o 209 16.990000
o 208 17.230000
o 207 17.230000
o 206 17.230000
o 205 17.250000
o 204 17.440000
o 203 17.440000
o 202 17.440000
o 201 17.440000
o 200 17.440000
o 199 17.450000
o 198 17.450000
o 192 62.970000
o 191 62.970000
o 190 62.970000
o 187 62.970000
o 186 62.970000
o 185 62.970000
o 184 62.970000
o 183 62.970000
o 182 62.970000
o 181 62.970000
o 180 62.970000
o 179 62.970000
o 178 62.970000
o 177 62.970000
177	62.970000
railway-transport-wg2
o 2799 8.270000
o 2779 8.400000
o 2759 8.400000
o 914 13.200000
o 913 13.200000
o 911 13.200000
o 891 13.200000
o 871 13.200000
o 870 13.200000
o 869 13.200000
o 868 13.200000
o 828 13.200000
o 827 13.200000
o 826 13.200000
o 823 13.200000
o 822 13.200000
o 821 13.200000
o 819 13.200000
o 818 13.200000
o 817 13.200000
o 798 13.200000
o 797 13.200000
o 795 13.200000
o 793 13.200000
o 773 13.200000
o 772 13.210000
o 771 13.210000
o 770 13.210000
o 769 13.210000
o 768 13.210000
o 766 13.210000
o 765 13.210000
o 755 13.210000
o 754 13.210000
o 744 13.210000
o 743 13.210000
o 742 13.210000
o 732 13.210000
o 731 13.210000
o 730 13.210000
o 729 13.210000
o 728 13.210000
o 727 13.210000
o 725 13.210000
o 724 13.210000
o 722 13.210000
o 719 13.210000
o 718 13.210000
o 717 13.210000
o 715 13.210000
o 714 13.210000
o 713 13.210000
o 712 13.210000
o 710 13.210000
o 709 13.210000
o 708 13.210000
o 707 13.210000
o 705 13.210000
o 704 13.210000
o 703 13.210000
o 683 13.210000
o 682 13.210000
o 680 13.210000
o 678 13.210000
o 677 13.210000
o 674 13.210000
o 673 13.210000
o 671 13.210000
o 670 13.210000
o 669 13.210000
o 668 13.210000
o 666 13.220000
o 665 13.220000
o 664 13.220000
o 663 13.220000
o 662 13.220000
o 661 13.220000
o 660 13.220000
o 659 13.220000
o 658 13.220000
o 657 13.220000
o 656 13.220000
o 655 13.220000
o 654 13.220000
o 649 13.220000
o 648 13.220000
o 647 13.220000
o 646 13.290000
o 645 13.290000
o 644 13.290000
o 643 13.290000
o 640 13.290000
o 637 13.290000
o 635 13.290000
o 634 13.290000
o 631 13.290000
o 629 13.290000
o 628 13.290000
o 626 13.290000
o 617 13.290000
o 616 13.290000
o 615 13.290000
o 614 13.290000
o 613 13.290000
o 612 13.290000
o 611 13.290000
o 610 13.290000
o 609 13.330000
o 607 13.330000
o 604 13.330000
o 603 13.330000
o 602 13.330000
o 600 13.330000
o 599 13.330000
o 598 13.330000
o 597 13.330000
o 596 13.330000
o 595 13.330000
o 594 13.330000
o 593 13.330000
o 587 13.340000
o 586 13.340000
o 585 13.340000
o 584 13.420000
o 583 13.420000
o 582 13.420000
o 581 13.420000
o 580 13.420000
o 579 13.420000
o 578 13.420000
o 577 13.420000
o 576 13.420000
o 575 13.420000
o 574 13.420000
o 572 13.420000
o 570 13.420000
o 569 13.420000
o 568 13.420000
o 567 13.420000
o 566 13.420000
o 565 13.420000
o 564 13.420000
o 563 13.420000
o 562 13.420000
o 561 13.420000
o 560 13.420000
o 559 13.430000
o 558 13.430000
o 557 13.430000
o 553 13.430000
o 552 13.430000
o 551 13.430000
o 550 13.430000
o 549 13.430000
o 548 13.440000
o 547 13.440000
o 546 13.440000
o 545 13.440000
o 544 13.440000
o 543 13.440000
o 542 13.440000
o 538 13.440000
o 537 13.440000
o 536 13.440000
o 522 13.450000
o 521 13.450000
o 520 13.450000
o 519 13.450000
o 517 13.450000
o 516 13.450000
o 515 13.450000
o 514 13.450000
o 513 13.450000
o 512 13.450000
o 511 13.450000
o 510 13.450000
o 509 13.450000
o 502 13.460000
o 501 13.460000
o 500 13.460000
o 497 13.480000
o 496 13.480000
o 493 13.480000
o 492 13.480000
o 491 13.480000
o 490 13.480000
o 489 13.480000
o 488 13.480000
o 487 13.480000
o 478 13.480000
o 477 13.490000
o 476 13.490000
o 475 13.490000
o 474 13.500000
o 473 13.500000
o 472 13.500000
o 471 13.500000
o 470 13.500000
o 461 13.500000
o 460 13.500000
o 459 13.500000
o 458 13.510000
o 457 13.510000
o 456 13.510000
o 455 13.510000
o 454 13.510000
o 453 13.510000
o 451 13.700000
o 450 13.700000
o 449 13.700000
o 448 13.700000
o 447 13.700000
o 446 13.700000
o 445 13.700000
o 443 13.700000
o 442 13.700000
o 441 13.710000
o 440 13.710000
o 439 13.710000
o 438 13.720000
o 428 13.720000
o 427 13.720000
o 426 13.720000
o 425 13.720000
o 415 13.730000
o 414 13.730000
o 413 13.730000
o 412 13.740000
o 411 13.740000
o 410 13.740000
o 409 13.740000
o 408 13.750000
o 407 13.750000
o 406 13.760000
o 405 13.760000
o 404 13.760000
o 403 13.760000
o 402 13.760000
o 392 13.760000
o 391 13.760000
o 390 13.760000
o 389 13.760000
o 380 13.760000
o 379 13.760000
o 378 13.760000
o 377 13.770000
o 376 13.790000
o 375 13.790000
o 374 13.790000
o 373 13.790000
o 372 13.790000
o 371 13.790000
o 370 13.790000
o 369 13.790000
o 368 13.790000
o 366 13.790000
o 365 13.790000
o 364 13.790000
o 363 13.790000
o 362 13.790000
o 361 13.800000
o 360 13.800000
o 359 13.800000
o 358 14.310000
o 357 14.310000
o 356 14.310000
o 355 14.310000
o 349 14.320000
o 348 14.320000
o 347 14.320000
o 346 14.320000
o 345 14.320000
o 344 14.330000
o 343 14.340000
o 342 14.340000
o 341 14.350000
o 340 14.360000
o 339 14.360000
o 331 14.360000
o 330 14.360000
o 329 14.360000
o 328 14.380000
o 327 14.380000
o 326 14.390000
o 325 14.390000
o 323 14.850000
o 322 14.860000
o 319 14.960000
o 318 14.960000
o 317 14.960000
o 315 14.970000
o 314 14.970000
o 313 14.970000
o 312 15.640000
o 311 15.640000
o 310 16.700000
o 309 16.700000
o 308 16.700000
o 307 16.700000
o 306 16.760000
o 305 16.760000
o 304 16.760000
o 303 16.760000
o 302 16.760000
o 301 16.760000
o 299 16.780000
o 298 16.780000
o 297 16.780000
o 296 16.790000
o 295 16.810000
o 294 16.830000
o 293 16.840000
o 292 16.840000
o 291 16.840000
o 290 16.840000
o 289 16.850000
o 288 16.890000
o 287 16.930000
o 286 16.930000
o 268 16.960000
o 267 16.960000
o 266 16.960000
o 265 16.960000
o 263 16.960000
o 262 16.960000
o 261 17.010000
o 260 17.010000
o 259 17.010000
o 258 17.010000
o 257 17.010000
o 256 17.010000
o 255 17.010000
o 254 17.010000
o 253 17.030000
o 252 17.080000
o 249 17.480000
o 248 17.520000
o 247 17.520000
o 246 17.520000
o 245 17.520000
o 244 17.530000
o 243 17.800000
o 242 17.800000
o 241 17.800000
o 240 17.800000
o 239 17.830000
o 237 17.850000
o 236 17.850000
o 235 17.860000
o 234 17.870000
o 233 17.870000
o 232 17.880000
o 231 17.880000
o 230 17.880000
o 229 17.880000
o 228 17.890000
o 227 18.050000
o 226 18.050000
o 218 19.040000
o 217 19.670000
o 216 19.670000
o 215 19.670000
o 214 19.680000
o 213 19.690000
o 212 20.370000
o 211 20.450000
o 210 20.510000
o 209 20.510000
o 208 20.540000
o 207 20.540000
o 206 20.580000
o 205 20.580000
o 204 20.580000
o 203 20.580000
o 202 20.600000
o 201 20.610000
o 200 20.610000
o 199 20.640000
o 198 20.640000
o 182 20.990000
o 181 20.990000
o 180 21.000000
o 179 21.010000
o 178 21.070000
o 177 134.390000
o 176 134.410000
o 175 134.410000
o 174 134.430000
o 173 134.430000
o 172 134.440000
o 171 134.480000
o 170 134.520000
o 169 134.560000
o 168 134.580000
o 167 134.640000
o 166 134.790000
o 165 134.800000
o 163 135.780000
o 162 135.780000
o 161 135.780000
o 160 135.790000
o 159 135.810000
o 158 135.830000
o 157 135.840000
o 156 135.840000
o 155 135.850000
o 154 135.850000
o 153 135.850000
o 152 135.930000
o 151 135.990000
o 150 149.560000
o 149 149.610000
o 148 149.650000
o 147 149.650000
o 146 149.710000
o 145 149.720000
o 144 149.720000
o 143 152.850000
o 142 153.070000
o 141 153.410000
o 140 153.470000
140	153.470000
railway-transport-wg2
o 2748 4.360000
o 943 4.460000
o 941 4.460000
o 940 4.460000
o 939 4.460000
o 938 4.460000
o 937 4.460000
o 935 4.460000
o 934 4.460000
o 932 4.460000
o 930 4.460000
o 929 4.460000
o 927 4.460000
o 926 4.460000
o 925 4.460000
o 924 4.460000
o 923 4.460000
o 922 4.460000
o 921 4.460000
o 920 4.460000
o 919 4.460000
o 914 4.460000
o 913 4.460000
o 912 4.460000
o 911 4.460000
o 909 4.460000
o 908 4.460000
o 907 4.460000
o 906 4.460000
o 905 4.460000
o 902 4.460000
o 900 4.460000
o 891 4.460000
o 888 4.460000
o 887 4.460000
o 886 4.460000
o 884 4.460000
o 883 4.460000
o 882 4.460000
o 881 4.460000
o 879 4.460000
o 878 4.460000
o 876 4.460000
o 874 4.460000
o 873 4.460000
o 871 4.460000
o 870 4.460000
o 868 4.470000
o 867 4.470000
o 866 4.470000
o 864 4.470000
o 863 4.470000
o 862 4.470000
o 861 4.470000
o 859 4.470000
o 857 4.470000
o 856 4.470000
o 855 4.470000
o 854 4.470000
o 853 4.470000
o 851 4.470000
o 850 4.470000
o 848 4.470000
o 847 4.470000
o 846 4.470000
o 845 4.470000
o 844 4.470000
o 843 4.470000
o 840 4.470000
o 839 4.470000
o 838 4.470000
o 836 4.470000
o 835 4.470000
o 834 4.470000
o 832 4.470000
o 830 4.470000
o 828 4.470000
o 827 4.470000
o 826 4.470000
o 825 4.470000
o 824 4.470000
o 823 4.470000
o 821 4.470000
o 820 4.470000
o 819 4.470000
o 818 4.470000
o 816 4.470000
o 815 4.470000
o 814 4.470000
o 813 4.470000
o 810 4.470000
o 809 4.470000
o 807 4.470000
o 806 4.470000
o 804 4.470000
o 801 4.470000
o 796 4.470000
o 795 4.470000
o 793 4.470000
o 792 4.470000
o 790 4.470000
o 789 4.470000
o 788 4.470000
o 787 4.470000
o 786 4.470000
o 784 4.470000
o 783 4.470000
o 782 4.470000
o 779 4.470000
o 778 4.470000
o 777 4.470000
o 775 4.470000
o 774 4.470000
o 773 4.470000
o 771 4.470000
o 770 4.470000
o 767 4.470000
o 766 4.470000
o 765 4.470000
o 758 4.470000
o 757 4.470000
o 756 4.470000
o 754 4.470000
o 752 4.470000
o 751 4.470000
o 750 4.470000
o 749 4.470000
o 748 4.470000
o 747 4.470000
o 746 4.470000
o 745 4.470000
o 744 4.480000
o 743 4.480000
o 742 4.480000
o 741 4.480000
o 739 4.480000
o 738 4.480000
o 737 4.480000
o 734 4.620000
o 733 4.620000
o 731 4.620000
o 730 4.620000
o 728 4.620000
o 727 4.620000
o 726 4.620000
o 724 4.620000
o 723 4.620000
o 722 4.620000
o 721 4.620000
o 719 4.620000
o 717 4.620000
o 714 4.620000
o 713 4.620000
o 712 4.620000
o 711 4.620000
o 708 4.620000
o 707 4.620000
o 706 4.620000
o 705 4.620000
o 704 4.620000
o 702 4.620000
o 701 4.620000
o 700 4.620000
o 698 4.620000
o 697 4.620000
o 696 4.620000
o 695 4.620000
o 694 4.620000
o 693 4.620000
o 690 4.620000
o 689 4.620000
o 688 4.620000
o 687 4.620000
o 686 4.620000
o 685 4.620000
o 682 4.620000
o 681 4.620000
o 680 4.620000
o 679 4.620000
o 678 4.620000
o 677 4.620000
o 676 4.620000
o 674 4.620000
o 673 4.620000
o 672 4.620000
o 670 4.620000
o 668 4.620000
o 666 4.620000
o 665 4.620000
o 664 4.620000
o 655 4.620000
o 654 4.620000
o 653 4.620000
o 652 4.620000
o 651 4.620000
o 650 4.620000
o 649 4.620000
o 648 4.620000
o 647 4.620000
o 646 4.630000
o 644 4.630000
o 643 4.630000
o 642 4.630000
o 641 4.630000
o 640 4.630000
o 638 4.630000
o 637 4.630000
o 636 4.630000
o 635 4.630000
o 634 4.630000
o 633 4.630000
o 631 4.630000
o 629 4.630000
o 628 4.630000
o 627 4.630000
o 626 4.630000
o 625 4.630000
o 624 4.630000
o 623 4.630000
o 621 4.630000
o 619 4.630000
o 618 4.630000
o 617 4.630000
o 616 4.630000
o 614 4.630000
o 613 4.640000
o 612 4.640000
o 610 4.640000
o 609 4.640000
o 607 4.640000
o 605 4.640000
o 604 4.640000
o 603 4.640000
o 602 4.640000
o 600 4.640000
o 599 4.640000
o 598 4.640000
o 597 4.640000
o 589 4.640000
o 588 4.640000
o 587 4.640000
o 585 4.640000
o 584 4.640000
o 580 4.640000
o 579 4.640000
o 578 4.640000
o 577 4.640000
o 576 4.640000
o 575 4.640000
o 574 4.640000
o 572 4.640000
o 571 4.640000
o 570 4.650000
o 569 4.650000
o 568 4.650000
o 567 4.650000
o 566 4.650000
o 564 4.650000
o 563 4.700000
o 562 4.700000
o 560 4.700000
o 557 4.700000
o 555 4.700000
o 554 4.700000
o 553 4.700000
o 552 4.700000
o 551 4.700000
o 550 4.700000
o 549 4.700000
o 546 4.710000
o 545 4.710000
o 544 4.740000
o 543 4.740000
o 542 4.740000
o 540 4.740000
o 539 4.740000
o 538 4.740000
o 537 4.740000
o 536 4.740000
o 535 4.740000
o 534 4.740000
o 533 4.740000
o 532 4.750000
o 531 4.750000
o 529 4.750000
o 528 4.750000
o 526 4.750000
o 525 4.750000
o 524 4.750000
o 523 4.750000
o 522 4.750000
o 521 4.750000
o 520 4.750000
o 519 4.750000
o 518 4.750000
o 516 4.750000
o 515 4.750000
o 514 4.750000
o 513 4.750000
o 512 4.750000
o 510 4.750000
o 509 4.750000
o 508 4.750000
o 506 4.750000
o 505 4.750000
o 504 4.750000
o 503 4.750000
o 500 4.750000
o 499 4.750000
o 497 4.750000
o 496 4.750000
o 494 4.750000
o 493 4.750000
o 492 4.750000
o 491 4.750000
o 490 4.750000
o 488 4.760000
o 487 4.760000
o 486 4.760000
o 485 4.760000
o 484 4.760000
o 483 4.760000
o 482 4.760000
o 481 4.760000
o 480 4.760000
o 478 4.760000
o 477 4.760000
o 476 4.780000
o 475 4.780000
o 474 4.780000
o 473 4.780000
o 471 4.780000
o 470 4.780000
o 469 4.780000
o 468 4.780000
o 467 4.780000
o 466 4.780000
o 465 4.780000
o 464 4.790000
o 463 4.790000
o 461 4.790000
o 457 4.790000
o 456 4.790000
o 454 4.790000
o 453 4.790000
o 452 4.790000
o 451 4.790000
o 449 4.790000
o 448 4.790000
o 447 4.790000
o 446 4.790000
o 445 4.790000
o 444 4.790000
o 443 4.790000
o 441 4.790000
o 440 4.790000
o 439 4.790000
o 438 4.790000
o 436 4.790000
o 435 4.790000
o 434 4.800000
o 433 4.800000
o 432 4.800000
o 431 4.800000
o 429 4.800000
o 427 4.810000
o 426 4.810000
o 425 4.810000
o 424 4.810000
o 423 4.810000
o 422 4.810000
o 420 4.810000
o 419 4.820000
o 418 4.820000
o 417 4.820000
o 416 4.820000
o 415 4.860000
o 414 4.860000
o 413 4.860000
o 410 4.890000
o 409 4.890000
o 407 4.890000
o 405 4.890000
o 404 4.890000
o 403 4.890000
o 402 4.890000
o 401 4.890000
o 400 4.890000
o 399 4.890000
o 398 4.900000
o 396 4.900000
o 395 4.900000
o 394 4.900000
o 393 4.900000
o 391 4.900000
o 389 4.910000
o 388 4.910000
o 387 4.910000
o 386 4.910000
o 385 5.000000
o 384 5.000000
o 383 5.000000
o 382 5.000000
o 381 5.010000
o 379 5.010000
o 377 5.010000
o 376 5.010000
o 375 5.010000
o 374 5.010000
o 373 5.020000
o 369 5.060000
o 368 5.060000
o 367 5.060000
o 366 5.110000
o 365 5.110000
o 364 5.110000
o 363 5.110000
o 362 5.120000
o 361 5.120000
o 360 5.120000
o 359 5.120000
o 358 5.120000
o 357 5.120000
o 356 5.120000
o 355 5.130000
o 353 5.130000
o 352 5.130000
o 350 5.130000
o 349 5.190000
o 348 5.190000
o 347 5.190000
o 346 5.190000
o 345 5.200000
o 344 5.200000
o 343 5.240000
o 342 5.250000
o 341 5.260000
o 340 5.260000
o 339 5.260000
o 338 5.260000
o 337 5.260000
o 336 5.260000
o 335 5.260000
o 330 5.270000
o 329 5.270000
o 325 5.290000
o 324 5.300000
o 323 5.300000
o 322 5.300000
o 321 5.300000
o 320 5.300000
o 319 5.300000
o 318 5.310000
o 314 5.550000
o 313 5.550000
o 312 5.550000
o 311 5.550000
o 310 5.550000
o 309 5.550000
o 308 5.550000
o 307 5.550000
o 306 5.550000
o 305 5.580000
o 304 5.600000
o 303 5.600000
o 302 5.600000
o 301 5.600000
o 300 5.600000
o 299 5.600000
o 298 5.600000
o 297 5.600000
o 296 5.600000
o 295 5.600000
o 294 5.600000
o 293 5.600000
o 292 5.610000
o 291 5.610000
o 290 5.640000
o 289 5.640000
o 288 5.640000
o 285 5.640000
o 284 5.650000
o 283 5.660000
o 282 5.670000
o 281 5.670000
o 279 5.670000
o 278 5.680000
o 277 5.680000
o 276 8.320000
o 275 8.330000
o 274 8.340000
o 273 8.340000
o 272 8.340000
o 268 8.380000
o 265 9.100000
o 264 9.100000
o 263 9.100000
o 262 9.100000
o 261 9.100000
o 260 9.100000
o 259 9.100000
o 257 9.100000
o 256 9.100000
o 254 9.100000
o 253 9.100000
o 252 9.100000
o 251 9.100000
o 250 9.100000
o 249 9.100000
o 248 9.100000
o 247 9.100000
o 246 9.100000
o 245 9.100000
o 244 9.120000
o 243 9.120000
o 242 9.120000
o 241 9.120000
o 240 9.120000
o 239 9.120000
o 238 9.180000
o 237 9.190000
o 236 9.190000
o 235 9.200000
o 234 9.220000
o 233 9.230000
o 232 9.330000
o 231 9.340000
o 230 9.340000
o 229 9.340000
o 228 9.350000
o 227 9.350000
o 226 9.350000
o 225 9.360000
o 224 9.360000
o 223 9.360000
o 222 59.040000
o 221 59.060000
o 220 59.610000
o 219 59.740000
o 218 93.460000
o 217 93.470000
o 216 93.470000
o 215 93.480000
o 211 93.480000
o 210 93.480000
o 209 93.480000
o 208 93.480000
o 207 93.480000
o 206 93.480000
o 205 93.480000
o 204 93.480000
o 203 93.480000
o 202 93.490000
o 201 93.520000
o 200 93.530000
o 199 93.540000
o 198 93.670000
o 197 94.520000
o 196 94.550000
o 195 94.550000
o 194 94.560000
o 193 94.650000
o 192 94.650000
o 191 94.650000
o 190 94.650000
o 189 94.650000
o 188 94.670000
o 187 95.100000
o 186 95.100000
o 185 95.110000
o 184 95.110000
o 183 95.120000
o 182 95.150000
o 181 170.380000
o 180 170.390000
o 179 170.400000
o 178 170.500000
o 177 170.500000
o 176 170.500000
o 175 170.510000
o 174 170.510000
o 173 222.540000
o 172 222.540000
o 171 223.040000
o 162 223.240000
o 161 223.240000
o 160 223.240000
o 159 223.240000
o 158 223.240000
o 157 223.240000
o 156 223.250000
o 155 223.250000
o 154 223.280000
o 153 223.280000
o 152 223.290000
o 151 223.290000
o 150 223.310000
o 149 223.320000
o 148 223.380000
o 147 223.530000
o 146 223.530000
o 145 223.530000
o 144 223.530000
o 143 223.530000
o 142 223.530000
o 141 223.530000
o 140 223.540000
o 139 223.580000
139	223.580000
railway-transport-wg2
o 2788 6.160000
o 858 6.720000
o 857 6.720000
o 849 6.720000
o 848 6.720000
o 846 6.720000
o 844 6.720000
o 843 6.720000
o 841 6.720000
o 840 6.720000
o 839 6.720000
o 838 6.720000
o 836 6.720000
o 835 6.720000
o 834 6.720000
o 833 6.720000
o 832 6.720000
o 830 6.720000
o 829 6.720000
o 828 6.720000
o 827 6.720000
o 826 6.720000
o 825 6.720000
o 824 6.720000
o 823 6.720000
o 822 6.720000
o 802 6.720000
o 801 6.720000
o 800 6.720000
o 798 6.720000
o 797 6.720000
o 793 6.720000
o 792 6.720000
o 790 6.720000
o 788 6.720000
o 787 6.730000
o 786 6.730000
o 785 6.730000
o 784 6.730000
o 783 6.730000
o 782 6.730000
o 780 6.730000
o 779 6.730000
o 778 6.730000
o 777 6.730000
o 776 6.730000
o 775 6.730000
o 774 6.730000
o 773 6.730000
o 772 6.730000
o 770 6.730000
o 769 6.730000
o 768 6.730000
o 767 6.730000
o 766 6.730000
o 764 6.730000
o 763 6.730000
o 762 6.730000
o 761 6.730000
o 752 6.730000
o 749 6.730000
o 748 6.730000
o 747 6.730000
o 746 6.730000
o 745 6.730000
o 743 6.730000
o 733 6.730000
o 730 6.730000
o 729 6.730000
o 728 6.730000
o 726 6.730000
o 724 6.730000
o 723 6.730000
o 722 6.730000
o 721 6.730000
o 720 6.730000
o 719 6.730000
o 718 6.730000
o 716 6.730000
o 715 6.740000
o 714 6.740000
o 713 6.740000
o 712 6.740000
o 711 6.740000
o 710 6.740000
o 706 6.740000
o 705 6.740000
o 703 6.740000
o 701 6.740000
o 695 6.740000
o 694 6.740000
o 693 6.740000
o 691 6.740000
o 690 6.740000
o 687 6.740000
o 686 6.740000
o 684 6.740000
o 682 6.750000
o 680 6.750000
o 679 6.750000
o 678 6.750000
o 677 6.750000
o 674 6.750000
o 672 6.750000
o 671 6.750000
o 670 6.750000
o 669 6.750000
o 668 6.750000
o 666 6.750000
o 665 6.750000
o 664 6.750000
o 663 6.750000
o 662 6.750000
o 660 6.750000
o 658 6.750000
o 656 6.750000
o 654 6.750000
o 653 6.760000
o 652 6.760000
o 651 6.760000
o 642 6.760000
o 641 6.760000
o 640 6.760000
o 639 6.760000
o 638 6.760000
o 637 6.760000
o 635 6.760000
o 634 6.760000
o 633 6.760000
o 631 6.760000
o 630 6.760000
o 628 6.760000
o 627 6.760000
o 625 6.760000
o 624 6.760000
o 623 6.760000
o 622 6.760000
o 621 6.760000
o 620 6.760000
o 619 6.760000
o 618 6.760000
o 617 6.760000
o 616 6.760000
o 615 6.760000
o 614 6.760000
o 612 6.770000
o 611 6.770000
o 604 6.770000
o 602 6.770000
o 601 6.860000
o 600 6.860000
o 596 6.860000
o 595 6.860000
o 594 6.860000
o 593 6.860000
o 592 6.860000
o 591 6.870000
o 590 6.870000
o 589 6.870000
o 587 6.870000
o 586 6.870000
o 585 6.870000
o 584 6.870000
o 583 6.870000
o 582 6.870000
o 581 6.870000
o 580 6.870000
o 579 6.870000
o 577 6.870000
o 576 6.870000
o 574 6.870000
o 573 6.870000
o 572 6.870000
o 571 6.870000
o 570 6.870000
o 569 6.870000
o 567 6.870000
o 566 6.870000
o 565 6.870000
o 564 6.880000
o 563 6.880000
o 562 6.880000
o 561 6.880000
o 560 6.880000
o 559 6.880000
o 558 6.880000
o 557 6.880000
o 556 6.880000
o 555 6.880000
o 553 6.880000
o 552 6.880000
o 551 6.880000
o 549 6.880000
o 548 6.880000
o 547 6.880000
o 538 6.880000
o 537 6.880000
o 536 6.880000
o 532 6.880000
o 531 6.880000
o 530 6.880000
o 529 6.880000
o 528 6.880000
o 526 6.880000
o 524 6.890000
o 523 6.890000
o 522 6.890000
o 521 6.890000
o 512 6.890000
o 511 6.890000
o 510 6.890000
o 509 6.890000
o 508 6.890000
o 507 6.890000
o 505 6.890000
o 504 6.890000
o 503 6.890000
o 500 6.890000
o 499 6.890000
o 498 6.890000
o 497 6.890000
o 496 6.890000
o 495 6.890000
o 492 7.130000
o 482 7.130000
o 479 7.130000
o 478 7.140000
o 464 7.140000
o 463 7.140000
o 462 7.140000
o 461 7.140000
o 460 7.140000
o 459 7.140000
o 458 7.140000
o 457 7.140000
o 456 7.140000
o 455 7.140000
o 454 7.140000
o 453 7.150000
o 452 7.150000
o 451 7.160000
o 450 7.160000
o 449 7.410000
o 448 7.430000
o 447 7.430000
o 446 7.430000
o 445 7.440000
o 444 7.440000
o 443 7.440000
o 442 7.440000
o 441 7.440000
o 440 7.450000
o 439 7.450000
o 438 7.450000
o 437 7.450000
o 436 7.450000
o 435 7.460000
o 434 7.460000
o 433 7.460000
o 431 7.460000
o 428 7.470000
o 427 7.480000
o 426 7.480000
o 418 7.490000
o 417 7.490000
o 416 7.490000
o 407 7.510000
o 406 7.510000
o 405 7.510000
o 404 7.510000
o 403 7.510000
o 402 7.510000
o 401 7.510000
o 381 7.510000
o 380 7.510000
o 379 7.510000
o 378 7.510000
o 377 7.520000
o 359 7.540000
o 358 7.540000
o 352 7.540000
o 351 7.540000
o 350 7.540000
o 349 7.540000
o 348 7.540000
o 347 7.540000
o 346 7.540000
o 345 7.540000
o 344 7.550000
o 335 7.550000
o 334 7.550000
o 333 7.550000
o 332 7.560000
o 318 7.980000
o 317 7.980000
o 315 7.990000
o 314 7.990000
o 313 7.990000
o 306 8.000000
o 305 8.010000
o 304 8.010000
o 303 8.010000
o 302 8.020000
o 300 8.020000
o 299 8.020000
o 298 8.020000
o 297 8.130000
o 296 8.280000
o 295 8.300000
o 294 8.300000
o 293 8.310000
o 292 8.320000
o 291 8.350000
o 290 8.350000
o 289 8.350000
o 288 8.350000
o 287 8.360000
o 286 8.360000
o 285 8.360000
o 284 8.370000
o 283 8.370000
o 282 8.440000
o 281 8.440000
o 280 8.490000
o 279 8.500000
o 278 8.500000
o 277 8.520000
o 276 8.540000
o 275 8.540000
o 274 8.550000
o 273 8.610000
o 272 10.330000
o 271 10.330000
o 270 10.330000
o 269 10.330000
o 268 10.330000
o 267 10.330000
o 266 10.350000
o 265 10.360000
o 264 10.550000
o 263 10.550000
o 262 10.560000
o 261 10.560000
o 260 10.580000
o 259 10.580000
o 258 10.590000
o 257 10.590000
o 256 10.590000
o 255 10.590000
o 254 10.630000
o 253 10.630000
o 252 10.650000
o 251 10.660000
o 250 10.670000
o 249 10.730000
o 248 10.730000
o 247 10.760000
o 246 20.390000
o 245 20.390000
o 244 20.450000
o 243 20.460000
o 242 20.460000
o 241 20.460000
o 240 20.460000
o 239 20.460000
o 237 20.460000
o 236 20.510000
o 235 20.510000
o 234 20.510000
o 233 20.510000
o 232 20.510000
o 231 20.520000
o 230 20.520000
o 229 20.520000
o 228 20.520000
o 227 20.530000
o 226 20.530000
o 225 20.540000
o 224 20.540000
o 223 20.570000
o 222 20.580000
o 221 20.610000
o 220 20.650000
o 219 20.660000
o 218 37.610000
o 217 37.610000
o 216 37.610000
o 215 37.780000
o 213 39.900000
o 212 39.900000
o 211 39.900000
o 210 39.900000
o 209 39.900000
o 208 39.900000
o 207 39.910000
o 199 41.260000
o 198 41.260000
o 196 41.260000
o 195 41.260000
o 194 41.260000
o 193 41.260000
o 192 83.030000
o 191 83.030000
o 190 83.040000
o 189 83.060000
o 188 83.060000
o 187 83.060000
o 186 83.070000
o 185 83.130000
o 184 130.100000
o 183 130.100000
o 181 130.100000
o 180 130.100000
o 179 130.100000
o 178 130.110000
o 177 130.110000
o 176 130.110000
o 175 130.110000
o 174 130.160000
o 166 130.160000
o 165 130.170000
o 164 130.170000
o 163 130.180000
o 162 130.370000
o 161 130.560000
o 160 141.520000
o 159 141.960000
o 158 142.210000
o 157 142.660000
o 156 142.680000
o 155 143.080000
o 154 145.660000
o 153 145.910000
o 152 145.910000
o 151 149.460000
o 150 149.490000
o 149 149.720000
o 148 149.820000
o 147 149.890000
o 146 150.350000
o 145 151.010000
o 144 151.010000
144	151.010000
railway-transport-wg2
o 2816 5.480000
o 895 5.840000
o 894 5.840000
o 892 5.840000
o 891 5.840000
o 885 5.840000
o 884 5.840000
o 883 5.840000
o 882 5.840000
o 881 5.840000
o 880 5.840000
o 878 5.840000
o 877 5.840000
o 875 5.840000
o 873 5.840000
o 872 5.840000
o 871 5.840000
o 870 5.840000
o 869 5.840000
o 867 5.840000
o 866 5.850000
o 864 5.850000
o 863 5.850000
o 861 5.850000
o 860 5.850000
o 859 5.850000
o 858 5.850000
o 854 5.850000
o 853 5.850000
o 852 5.850000
o 850 5.850000
o 846 5.850000
o 845 5.850000
o 844 5.850000
o 843 5.850000
o 840 5.850000
o 839 5.850000
o 838 5.850000
o 837 5.850000
o 836 5.850000
o 834 5.850000
o 833 5.850000
o 830 5.850000
o 829 5.850000
o 825 5.850000
o 823 5.850000
o 822 5.850000
o 821 5.850000
o 820 5.850000
o 819 5.850000
o 818 5.850000
o 817 5.850000
o 816 5.850000
o 814 5.850000
o 813 5.850000
o 812 5.850000
o 811 5.850000
o 810 5.850000
o 809 5.850000
o 807 5.850000
o 806 5.850000
o 805 5.850000
o 802 5.850000
o 800 5.850000
o 799 5.850000
o 798 5.850000
o 797 5.860000
o 796 5.860000
o 795 5.860000
o 794 5.860000
o 793 5.860000
o 792 5.860000
o 791 5.860000
o 790 5.860000
o 788 5.860000
o 786 5.860000
o 785 5.860000
o 782 5.860000
o 781 5.860000
o 780 5.860000
o 778 5.860000
o 777 5.860000
o 775 5.860000
o 774 5.860000
o 773 5.860000
o 772 5.860000
o 771 5.860000
o 770 5.860000
o 769 5.860000
o 768 5.860000
o 767 5.860000
o 766 5.860000
o 765 5.860000
o 763 5.860000
o 762 5.860000
o 761 5.860000
o 756 5.860000
o 755 5.860000
o 745 5.860000
o 743 5.860000
o 742 5.860000
o 741 5.860000
o 740 5.870000
o 739 5.870000
o 738 5.870000
o 737 5.870000
o 736 5.870000
o 735 5.870000
o 734 5.870000
o 733 5.870000
o 732 5.870000
o 731 5.870000
o 730 5.870000
o 729 5.870000
o 728 5.870000
o 727 5.870000
o 726 5.870000
o 725 5.870000
o 724 5.870000
o 723 5.870000
o 721 5.870000
o 719 5.870000
o 718 5.870000
o 717 5.870000
o 716 5.870000
o 715 5.870000
o 713 5.870000
o 712 5.870000
o 709 5.870000
o 708 5.870000
o 706 5.880000
o 705 5.880000
o 704 5.880000
o 703 5.880000
o 702 5.880000
o 700 5.880000
o 693 5.880000
o 692 5.880000
o 691 5.880000
o 690 5.880000
o 687 5.880000
o 685 5.880000
o 684 5.880000
o 682 5.880000
o 681 5.880000
o 680 5.880000
o 678 5.880000
o 677 5.880000
o 675 5.880000
o 674 5.880000
o 673 5.880000
o 672 5.880000
o 671 5.880000
o 670 5.880000
o 669 5.880000
o 668 5.880000
o 667 5.880000
o 666 5.880000
o 660 5.910000
o 659 5.910000
o 657 5.910000
o 655 5.910000
o 654 5.910000
o 650 5.910000
o 649 5.910000
o 648 5.910000
o 647 5.910000
o 646 5.910000
o 645 5.910000
o 644 5.910000
o 643 5.910000
o 641 5.910000
o 640 5.910000
o 639 5.910000
o 635 5.910000
o 633 5.910000
o 588 5.920000
o 587 5.920000
o 585 5.920000
o 584 5.920000
o 582 5.920000
o 581 5.920000
o 580 5.920000
o 578 5.920000
o 577 5.920000
o 576 5.920000
o 575 5.920000
o 572 5.920000
o 571 5.920000
o 570 6.010000
o 569 6.010000
o 568 6.010000
o 567 6.010000
o 566 6.010000
o 565 6.010000
o 564 6.010000
o 563 6.010000
o 562 6.010000
o 561 6.010000
o 560 6.010000
o 559 6.010000
o 558 6.010000
o 557 6.010000
o 556 6.010000
o 555 6.010000
o 554 6.010000
o 551 6.020000
o 550 6.020000
o 549 6.020000
o 547 6.020000
o 546 6.020000
o 545 6.020000
o 544 6.020000
o 543 6.020000
o 542 6.020000
o 541 6.020000
o 540 6.020000
o 539 6.020000
o 538 6.020000
o 537 6.020000
o 536 6.020000
o 534 6.020000
o 532 6.020000
o 531 6.020000
o 530 6.020000
o 528 6.020000
o 526 6.020000
o 524 6.020000
o 523 6.020000
o 521 6.020000
o 520 6.020000
o 519 6.020000
o 518 6.020000
o 517 6.020000
o 516 6.020000
o 514 6.020000
o 513 6.020000
o 512 6.020000
o 511 6.020000
o 510 6.020000
o 509 6.020000
o 508 6.030000
o 507 6.030000
o 505 6.030000
o 504 6.030000
o 503 6.030000
o 502 6.030000
o 500 6.030000
o 499 6.030000
o 497 6.030000
o 496 6.030000
o 495 6.030000
o 494 6.030000
o 492 6.030000
o 488 6.040000
o 487 6.040000
o 486 6.040000
o 485 6.040000
o 483 6.040000
o 482 6.040000
o 481 6.040000
o 480 6.040000
o 479 6.040000
o 478 6.040000
o 477 6.040000
o 475 6.040000
o 474 6.040000
o 473 6.040000
o 472 6.040000
o 471 6.040000
o 470 6.040000
o 469 6.040000
o 468 6.040000
o 465 6.040000
o 464 6.050000
o 463 6.050000
o 462 6.050000
o 461 6.050000
o 460 6.050000
o 459 6.050000
o 458 6.050000
o 456 6.050000
o 455 6.050000
o 454 6.050000
o 453 6.050000
o 451 6.050000
o 450 6.050000
o 449 6.050000
o 448 6.050000
o 447 6.080000
o 441 6.080000
o 440 6.080000
o 439 6.080000
o 438 6.090000
o 437 6.090000
o 436 6.090000
o 435 6.090000
o 434 6.090000
o 433 6.090000
o 432 6.090000
o 430 6.090000
o 429 6.090000
o 428 6.090000
o 427 6.090000
o 426 6.100000
o 425 6.100000
o 424 6.100000
o 423 6.110000
o 422 6.110000
o 421 6.110000
o 420 6.110000
o 415 6.130000
o 414 6.130000
o 413 6.130000
o 412 6.130000
o 411 6.130000
o 410 6.130000
o 409 6.130000
o 408 6.130000
o 372 6.130000
o 371 6.130000
o 370 6.130000
o 359 6.130000
o 358 6.140000
o 349 6.140000
o 334 6.150000
o 333 6.150000
o 331 6.150000
o 328 6.150000
o 327 6.150000
o 326 6.150000
o 325 6.150000
o 324 6.150000
o 323 6.150000
o 322 6.150000
o 321 6.160000
o 320 6.160000
o 319 6.160000
o 318 6.160000
o 317 6.160000
o 315 6.160000
o 314 6.160000
o 312 6.160000
o 311 6.160000
o 310 6.160000
o 309 6.160000
o 308 6.170000
o 307 6.170000
o 306 6.170000
o 305 6.170000
o 304 6.170000
o 302 6.170000
o 301 6.170000
o 300 6.180000
o 299 6.180000
o 297 6.190000
o 296 6.210000
o 295 6.210000
o 294 6.220000
o 293 6.220000
o 292 6.220000
o 291 6.220000
o 290 6.220000
o 289 6.220000
o 287 6.220000
o 286 6.220000
o 285 6.230000
o 284 6.290000
o 283 6.290000
o 282 6.310000
o 281 6.310000
o 279 6.310000
o 278 6.310000
o 277 6.310000
o 276 6.310000
o 274 6.310000
o 273 6.310000
o 272 7.200000
o 271 9.160000
o 270 9.170000
o 269 9.210000
o 268 9.210000
o 267 9.210000
o 266 9.210000
o 265 9.220000
o 264 9.220000
o 263 9.220000
o 262 9.230000
o 258 9.250000
o 257 9.250000
o 256 9.250000
o 255 9.250000
o 254 9.250000
o 252 9.330000
o 251 9.330000
o 250 9.330000
o 249 9.330000
o 248 9.330000
o 247 9.340000
o 246 9.340000
o 245 9.340000
o 244 9.350000
o 243 9.350000
o 242 9.350000
o 241 9.350000
o 240 9.350000
o 239 9.360000
o 238 9.360000
o 237 9.360000
o 236 9.360000
o 235 9.360000
o 234 9.370000
o 233 9.370000
o 232 9.380000
o 231 9.380000
o 230 9.380000
o 229 9.560000
o 228 10.770000
o 227 10.770000
o 211 10.800000
o 210 10.800000
o 209 10.840000
o 208 10.850000
o 207 10.880000
o 206 10.880000
o 205 10.880000
o 204 11.060000
o 203 11.060000
o 202 11.060000
o 201 11.060000
o 200 11.060000
o 199 11.200000
o 198 11.210000
o 197 11.210000
o 196 11.210000
o 195 11.320000
o 194 11.400000
o 193 11.400000
o 192 11.400000
o 191 11.410000
o 190 11.830000
o 189 11.840000
o 188 11.840000
o 187 12.390000
o 186 12.400000
o 185 12.400000
o 184 12.400000
o 183 12.400000
o 182 12.410000
o 181 12.440000
o 180 224.410000
o 178 224.710000
o 177 224.710000
o 176 227.660000
o 175 227.750000
o 174 227.910000
o 172 227.970000
o 171 228.170000
o 170 228.180000
o 169 228.220000
o 168 228.220000
o 167 228.250000
o 166 228.270000
o 165 230.760000
o 163 230.970000
o 162 231.000000
o 161 231.300000
o 160 231.370000
o 159 231.410000
159	231.410000
railway-transport-wg2
o 2694 5.040000
o 893 5.180000
o 892 5.180000
o 891 5.180000
o 890 5.180000
o 889 5.180000
o 888 5.180000
o 886 5.180000
o 885 5.180000
o 884 5.180000
o 883 5.180000
o 882 5.180000
o 880 5.180000
o 878 5.180000
o 877 5.180000
o 874 5.180000
o 873 5.180000
o 872 5.180000
o 871 5.180000
o 870 5.180000
o 868 5.180000
o 867 5.180000
o 865 5.180000
o 864 5.180000
o 861 5.180000
o 860 5.180000
o 859 5.180000
o 858 5.180000
o 857 5.180000
o 855 5.180000
o 848 5.180000
o 844 5.180000
o 841 5.190000
o 840 5.190000
o 839 5.190000
o 838 5.190000
o 836 5.190000
o 835 5.190000
o 833 5.190000
o 832 5.190000
o 831 5.190000
o 830 5.190000
o 827 5.190000
o 824 5.190000
o 823 5.190000
o 822 5.190000
o 821 5.190000
o 820 5.190000
o 819 5.190000
o 817 5.190000
o 815 5.190000
o 812 5.190000
o 811 5.190000
o 810 5.190000
o 809 5.190000
o 807 5.190000
o 806 5.190000
o 804 5.190000
o 803 5.190000
o 802 5.190000
o 801 5.190000
o 800 5.190000
o 798 5.190000
o 797 5.190000
o 795 5.190000
o 793 5.190000
o 791 5.190000
o 790 5.190000
o 789 5.190000
o 787 5.190000
o 786 5.190000
o 784 5.190000
o 783 5.190000
o 782 5.190000
o 781 5.190000
o 780 5.190000
o 778 5.190000
o 777 5.190000
o 776 5.200000
o 774 5.200000
o 773 5.200000
o 772 5.200000
o 770 5.200000
o 769 5.200000
o 768 5.200000
o 766 5.200000
o 764 5.200000
o 763 5.200000
o 762 5.200000
o 761 5.200000
o 759 5.200000
o 758 5.200000
o 757 5.200000
o 756 5.200000
o 755 5.200000
o 754 5.200000
o 753 5.200000
o 751 5.200000
o 749 5.200000
o 748 5.200000
o 746 5.200000
o 744 5.200000
o 742 5.200000
o 741 5.200000
o 740 5.200000
o 735 5.200000
o 734 5.200000
o 733 5.200000
o 732 5.200000
o 731 5.200000
o 730 5.200000
o 729 5.200000
o 728 5.200000
o 727 5.200000
o 726 5.200000
o 725 5.200000
o 724 5.200000
o 723 5.200000
o 722 5.200000
o 721 5.200000
o 719 5.200000
o 718 5.200000
o 717 5.200000
o 716 5.200000
o 715 5.200000
o 714 5.200000
o 712 5.200000
o 711 5.200000
o 709 5.200000
o 708 5.200000
o 707 5.210000
o 706 5.210000
o 705 5.210000
o 704 5.210000
o 702 5.210000
o 701 5.210000
o 700 5.210000
o 699 5.210000
o 698 5.210000
o 697 5.210000
o 696 5.210000
o 694 5.210000
o 693 5.210000
o 692 5.210000
o 691 5.210000
o 690 5.210000
o 689 5.210000
o 687 5.210000
o 686 5.210000
o 685 5.210000
o 684 5.210000
o 679 5.210000
o 678 5.210000
o 676 5.210000
o 674 5.210000
o 673 5.210000
o 672 5.210000
o 671 5.210000
o 670 5.210000
o 668 5.210000
o 667 5.210000
o 666 5.210000
o 661 5.210000
o 654 5.220000
o 652 5.220000
o 651 5.220000
o 650 5.220000
o 649 5.220000
o 648 5.220000
o 646 5.220000
o 645 5.220000
o 643 5.220000
o 642 5.220000
o 640 5.220000
o 639 5.220000
o 636 5.220000
o 635 5.220000
o 634 5.220000
o 633 5.220000
o 632 5.220000
o 626 5.220000
o 621 5.220000
o 620 5.220000
o 619 5.220000
o 617 5.220000
o 616 5.220000
o 615 5.220000
o 614 5.220000
o 613 5.220000
o 612 5.220000
o 601 5.220000
o 600 5.220000
o 599 5.220000
o 597 5.220000
o 596 5.220000
o 595 5.220000
o 594 5.220000
o 593 5.220000
o 592 5.220000
o 590 5.230000
o 589 5.230000
o 588 5.230000
o 586 5.230000
o 585 5.230000
o 583 5.230000
o 581 5.230000
o 578 5.230000
o 577 5.230000
o 576 5.230000
o 575 5.230000
o 573 5.230000
o 572 5.230000
o 571 5.230000
o 569 5.230000
o 567 5.230000
o 566 5.230000
o 565 5.230000
o 564 5.230000
o 563 5.230000
o 562 5.230000
o 561 5.230000
o 560 5.230000
o 559 5.230000
o 558 5.230000
o 557 5.230000
o 555 5.230000
o 554 5.230000
o 553 5.230000
o 552 5.230000
o 551 5.230000
o 550 5.230000
o 549 5.230000
o 548 5.280000
o 547 5.280000
o 546 5.280000
o 545 5.280000
o 544 5.280000
o 534 5.280000
o 533 5.280000
o 532 5.280000
o 530 5.280000
o 529 5.280000
o 528 5.280000
o 527 5.280000
o 526 5.280000
o 525 5.280000
o 524 5.280000
o 522 5.280000
o 521 5.280000
o 520 5.280000
o 519 5.290000
o 517 5.290000
o 516 5.290000
o 509 5.290000
o 508 5.290000
o 507 5.290000
o 506 5.290000
o 504 5.290000
o 503 5.290000
o 502 5.290000
o 501 5.290000
o 500 5.290000
o 499 5.290000
o 498 5.290000
o 497 5.290000
o 495 5.290000
o 494 5.290000
o 493 5.290000
o 492 5.290000
o 491 5.290000
o 489 5.290000
o 488 5.290000
o 479 5.300000
o 478 5.300000
o 477 5.350000
o 476 5.350000
o 474 5.350000
o 473 5.350000
o 472 5.350000
o 471 5.350000
o 470 5.350000
o 469 5.350000
o 468 5.350000
o 467 5.350000
o 466 5.350000
o 465 5.350000
o 464 5.350000
o 463 5.350000
o 462 5.350000
o 461 5.350000
o 460 5.350000
o 458 5.350000
o 456 5.350000
o 454 5.350000
o 453 5.350000
o 451 5.360000
o 450 5.360000
o 449 5.360000
o 448 5.360000
o 447 5.360000
o 446 5.360000
o 445 5.360000
o 443 5.360000
o 442 5.360000
o 441 5.360000
o 440 5.360000
o 439 5.360000
o 438 5.370000
o 437 5.370000
o 436 5.370000
o 435 5.370000
o 434 5.370000
o 433 5.390000
o 432 5.400000
o 430 5.400000
o 429 5.400000
o 428 5.400000
o 427 5.410000
o 426 5.410000
o 425 5.410000
o 424 5.410000
o 423 5.410000
o 422 5.410000
o 421 5.410000
o 420 5.420000
o 419 5.420000
o 418 5.420000
o 417 5.420000
o 416 5.420000
o 415 5.420000
o 414 5.420000
o 413 5.430000
o 412 5.430000
o 411 5.430000
o 410 5.430000
o 409 5.430000
o 408 5.430000
o 407 5.430000
o 406 5.430000
o 405 5.430000
o 404 5.500000
o 400 5.620000
o 399 5.620000
o 398 5.620000
o 397 5.620000
o 396 5.620000
o 395 5.620000
o 393 5.620000
o 392 5.620000
o 391 5.630000
o 390 5.630000
o 385 5.630000
o 384 5.640000
o 383 5.640000
o 382 5.640000
o 381 5.640000
o 380 5.690000
o 379 5.690000
o 378 5.700000
o 377 5.700000
o 376 5.700000
o 375 5.700000
o 374 5.760000
o 373 5.760000
o 372 5.760000
o 371 5.760000
o 369 5.760000
o 368 5.760000
o 367 5.760000
o 366 5.760000
o 362 5.760000
o 361 5.760000
o 360 5.760000
o 359 5.760000
o 358 5.760000
o 357 5.760000
o 356 5.760000
o 355 5.760000
o 354 5.760000
o 353 5.760000
o 351 5.760000
o 350 5.760000
o 349 5.760000
o 348 5.760000
o 347 5.760000
o 346 5.770000
o 345 5.770000
o 344 5.780000
o 342 5.780000
o 341 5.780000
o 340 5.970000
o 339 6.010000
o 337 6.010000
o 336 6.010000
o 335 6.020000
o 334 6.030000
o 333 6.030000
o 332 6.030000
o 331 6.030000
o 330 6.030000
o 329 6.040000
o 328 6.050000
o 326 6.050000
o 325 6.050000
o 324 6.050000
o 323 6.060000
o 321 6.060000
o 320 6.070000
o 319 6.070000
o 318 6.070000
o 317 6.080000
o 316 6.080000
o 315 6.080000
o 314 6.080000
o 308 6.080000
o 307 6.080000
o 306 6.080000
o 305 6.080000
o 304 6.090000
o 303 6.090000
o 302 6.090000
o 301 6.090000
o 300 6.090000
o 299 6.090000
o 298 6.100000
o 297 6.110000
o 296 6.130000
o 295 6.130000
o 294 6.130000
o 293 6.130000
o 292 6.140000
o 291 6.140000
o 290 6.150000
o 289 6.150000
o 288 6.200000
o 287 6.200000
o 286 6.210000
o 285 6.210000
o 284 6.220000
o 283 6.220000
o 282 6.230000
o 281 6.230000
o 278 6.250000
o 277 6.250000
o 276 6.250000
o 275 6.260000
o 273 6.260000
o 272 6.310000
o 271 6.310000
o 262 6.400000
o 260 6.400000
o 259 6.400000
o 258 6.400000
o 256 6.400000
o 255 6.400000
o 254 6.410000
o 253 6.410000
o 252 6.410000
o 251 6.540000
o 250 6.540000
o 249 6.550000
o 248 6.550000
o 247 6.550000
o 245 6.550000
o 244 6.560000
o 243 6.560000
o 242 7.660000
o 241 7.690000
o 240 7.690000
o 239 8.210000
o 238 8.210000
o 236 8.210000
o 235 43.780000
o 234 43.790000
o 233 43.800000
o 232 43.800000
o 231 43.800000
o 230 43.800000
o 229 43.810000
o 228 43.810000
o 227 43.820000
o 226 43.910000
o 225 43.910000
o 224 43.940000
o 223 43.940000
o 222 44.110000
o 220 44.110000
o 219 44.120000
o 218 44.980000
o 217 44.980000
o 216 44.980000
o 215 44.980000
o 214 44.990000
o 213 45.000000
o 212 45.000000
o 211 45.050000
o 210 45.070000
o 209 45.090000
o 208 45.900000
o 207 46.090000
o 206 46.090000
o 205 46.090000
o 204 46.190000
o 203 46.190000
o 202 46.190000
o 201 46.240000
o 200 46.300000
o 199 51.570000
o 198 51.570000
o 197 51.570000
o 192 51.580000
o 191 51.580000
o 190 51.580000
o 189 51.580000
o 188 51.590000
o 187 51.600000
o 186 51.600000
o 185 104.740000
o 184 104.750000
o 183 104.820000
o 182 104.820000
o 181 104.820000
o 180 104.830000
o 179 104.840000
o 178 105.020000
o 177 149.020000
o 176 149.020000
o 175 149.020000
o 174 149.020000
o 173 149.020000
o 172 149.020000
o 171 149.020000
o 170 149.020000
o 169 149.290000
o 168 149.380000
o 167 149.640000
o 166 149.650000
o 165 150.190000
o 164 150.190000
o 163 150.190000
o 162 150.190000
o 161 150.190000
o 160 150.190000
160	150.190000
