setcover-rail4872
o 2144 381.170000
2144	381.170000
setcover-rail4872
o 2144 384.120000
2144	384.120000
setcover-rail4872
o 2173 386.920000
2173	386.920000
setcover-rail4872
o 2151 389.210000
2151	389.210000
setcover-rail4872
o 2171 381.240000
2171	381.240000
setcover-rail4872
o 2178 379.540000
2178	379.540000
setcover-rail4872
o 2171 383.250000
2171	383.250000
setcover-rail4872
o 2150 382.960000
2150	382.960000
setcover-rail4872
o 2176 415.750000
2176	415.750000
setcover-rail4872
o 2164 406.990000
2164	406.990000
