spot5-1506.wcsp.log
o 412566 0.050000
o 364556 1.040000
o 364534 8.880000
o 363537 9.210000
o 361547 9.440000
o 361546 9.460000
o 361544 9.500000
o 361539 9.530000
o 359541 9.570000
o 359540 9.970000
o 359530 10.390000
o 359529 11.530000
o 357542 12.000000
o 357539 13.450000
o 357538 13.450000
o 357537 23.480000
o 357536 23.480000
o 357535 28.990000
o 357534 29.710000
o 357533 29.710000
o 357532 29.710000
o 357531 29.710000
o 357530 33.410000
o 357528 98.630000
o 357527 98.630000
o 356527 98.630000
o 356525 151.110000
356525	151.110000
spot5-1506.wcsp.log
o 402576 0.010000
o 376556 1.600000
o 376533 6.730000
o 376532 6.730000
o 375542 6.890000
o 375536 6.990000
o 373539 7.050000
o 372532 7.400000
o 372531 7.400000
o 371545 7.470000
o 371541 7.470000
o 370541 7.610000
o 370540 7.610000
o 369534 7.660000
o 368531 7.810000
o 368529 7.810000
o 366536 7.850000
o 364536 7.850000
o 364535 7.850000
o 363539 7.890000
o 363534 7.900000
o 361540 7.900000
o 361539 7.900000
o 361538 7.900000
o 361536 7.900000
o 360537 8.060000
o 360536 8.060000
o 360535 8.060000
o 360533 8.250000
o 360532 8.260000
o 360530 8.260000
o 359543 8.330000
o 359542 8.330000
o 359540 8.330000
o 359539 8.330000
o 358544 8.340000
o 357545 8.350000
o 357544 8.350000
o 357543 8.420000
o 357542 8.420000
o 357541 8.420000
o 357539 8.800000
o 357538 8.960000
o 357537 8.960000
o 357536 8.960000
o 357535 8.960000
o 357529 67.500000
o 357528 67.500000
o 357527 71.140000
o 357524 72.450000
o 356529 227.200000
o 356528 234.550000
o 356527 234.550000
o 356526 240.280000
o 354546 279.440000
354546	279.440000
spot5-1506.wcsp.log
o 415559 0.010000
o 413559 0.010000
o 361550 0.640000
o 361541 7.680000
o 361538 7.870000
o 361536 7.880000
o 361535 8.030000
o 361532 14.320000
o 361531 14.380000
o 359538 14.400000
o 359533 17.740000
o 359532 17.740000
o 359530 17.740000
o 359529 18.260000
o 359528 18.260000
o 359526 18.570000
o 359525 18.570000
o 358530 41.740000
o 358529 41.740000
o 357546 41.880000
o 357545 41.880000
o 357543 41.880000
o 357534 42.010000
o 356538 42.010000
o 355542 42.040000
o 355533 42.670000
o 355532 50.300000
o 355531 181.850000
o 355530 185.140000
355530	185.140000
spot5-1506.wcsp.log
o 417567 0.010000
o 415567 0.010000
o 393563 2.080000
o 388563 2.200000
o 387563 2.200000
o 381565 2.280000
o 381542 3.360000
o 381534 6.850000
o 381533 7.030000
o 379536 7.030000
o 379534 7.330000
o 379533 7.340000
o 377533 7.340000
o 375535 7.450000
o 374534 7.630000
o 373536 7.670000
o 372536 7.670000
o 372535 7.670000
o 372534 7.680000
o 370538 7.680000
o 370537 7.680000
o 369535 7.760000
o 369534 7.760000
o 369533 7.760000
o 367536 7.820000
o 367535 7.820000
o 365549 7.920000
o 365548 7.920000
o 365546 7.920000
o 365542 7.920000
o 365540 7.920000
o 365539 9.030000
o 365537 9.030000
o 364541 9.080000
o 364540 9.090000
o 364539 9.090000
o 364538 9.090000
o 363551 9.120000
o 363549 9.120000
o 363537 9.180000
o 362536 9.180000
o 361533 9.180000
o 361531 9.180000
o 360537 10.770000
o 360536 10.770000
o 359538 11.100000
o 359537 11.100000
o 359536 11.100000
o 357542 11.180000
o 357541 11.180000
o 357540 12.990000
o 357538 13.000000
o 357537 13.000000
o 357536 13.000000
o 357535 19.620000
o 357534 19.950000
o 357533 102.790000
o 357531 102.790000
o 357530 103.650000
o 357528 103.650000
o 357527 106.050000
o 356539 116.980000
o 356538 116.980000
o 356537 116.980000
o 356536 116.990000
o 356535 116.990000
o 356532 119.310000
o 355553 177.300000
o 355533 204.480000
355533	204.480000
spot5-1506.wcsp.log
o 410573 0.010000
o 367559 0.690000
o 367532 7.660000
o 367531 7.660000
o 367530 7.660000
o 365540 8.140000
o 365536 8.140000
o 363544 8.320000
o 363543 8.320000
o 363542 8.320000
o 363541 8.320000
o 363540 8.320000
o 363539 8.540000
o 363538 8.540000
o 363536 8.540000
o 362537 8.550000
o 361537 8.550000
o 361536 8.550000
o 361535 8.550000
o 361534 8.550000
o 361533 8.550000
o 361532 8.680000
o 361531 9.000000
o 361530 9.000000
o 361529 10.090000
o 360543 10.130000
o 360541 10.130000
o 359537 10.290000
o 358541 10.350000
o 358540 10.350000
o 358536 10.350000
o 356544 24.320000
o 356538 31.950000
o 356537 31.950000
o 356536 31.950000
o 356535 31.950000
o 356534 31.950000
o 356533 31.950000
o 355538 33.450000
o 355535 38.930000
o 355532 39.660000
355532	39.660000
spot5-1506.wcsp.log
o 407567 0.010000
o 360558 0.510000
o 360532 14.890000
o 359527 17.190000
o 359526 17.190000
o 357532 25.930000
o 357531 25.930000
o 357530 26.340000
o 357529 26.540000
o 356540 48.220000
o 356538 48.220000
o 356529 293.160000
356529	293.160000
spot5-1506.wcsp.log
o 418557 0.010000
o 360553 0.420000
o 358553 0.500000
o 358532 8.020000
o 358531 9.340000
o 358530 9.340000
o 356534 11.240000
o 356533 12.140000
o 356532 184.710000
o 356531 186.000000
o 355537 284.450000
o 355535 296.030000
o 355533 296.440000
355533	296.440000
spot5-1506.wcsp.log
o 413566 0.010000
o 360552 0.470000
o 359536 7.790000
o 359535 7.790000
o 359534 7.790000
o 359532 7.790000
o 359530 18.960000
o 359529 19.110000
o 359528 19.110000
o 357532 19.160000
o 357531 19.160000
o 356525 59.260000
o 355538 177.510000
o 355537 177.510000
o 355536 177.510000
o 355531 183.910000
355531	183.910000
spot5-1506.wcsp.log
o 414559 0.020000
o 361549 0.590000
o 361536 8.190000
o 361535 8.190000
o 361534 8.190000
o 361533 8.190000
o 361532 8.320000
o 360543 29.880000
o 360542 29.880000
o 360538 29.900000
o 360537 29.900000
o 360536 29.900000
o 359532 31.100000
o 359529 32.450000
o 359528 32.450000
o 359527 33.830000
o 359526 33.830000
o 358531 36.000000
o 358530 36.000000
o 358529 36.610000
o 358528 36.610000
o 358527 38.600000
o 354552 52.720000
354552	52.720000
spot5-1506.wcsp.log
o 415571 0.010000
o 389555 1.650000
o 378555 1.870000
o 378535 6.430000
o 378530 6.720000
o 378529 6.720000
o 376541 6.800000
o 376536 6.890000
o 375538 6.980000
o 373538 6.980000
o 372535 7.000000
o 372534 7.000000
o 372530 7.360000
o 370533 7.370000
o 369541 7.780000
o 369539 7.810000
o 369538 7.810000
o 369537 7.810000
o 369535 7.830000
o 369533 7.840000
o 368541 7.920000
o 367542 7.930000
o 367541 7.930000
o 367540 7.930000
o 366540 7.930000
o 366539 7.930000
o 364539 7.930000
o 362539 7.930000
o 362537 7.930000
o 360543 8.000000
o 360542 8.000000
o 360541 8.000000
o 360539 8.000000
o 360538 8.000000
o 360533 8.190000
o 359533 8.190000
o 359532 8.190000
o 359531 8.190000
o 358531 8.190000
o 358527 9.100000
o 358526 9.100000
o 356534 9.380000
o 356532 9.630000
o 356531 9.740000
o 355534 19.030000
o 355533 219.190000
o 355532 230.180000
355532	230.180000
