tcp-tcp_students_112_it_2
o 3960 0.380000
o 3852 0.450000
o 3774 8.330000
o 3702 24.830000
3702	24.830000
tcp-tcp_students_112_it_2
o 3777 0.230000
o 3774 68.300000
o 3738 286.000000
3738	286.000000
tcp-tcp_students_112_it_2
o 4032 0.370000
o 3996 0.440000
o 3921 0.460000
o 3885 0.500000
o 3849 0.510000
o 3813 10.700000
o 3774 14.830000
o 3738 18.790000
3738	18.790000
tcp-tcp_students_112_it_2
o 3924 0.160000
o 3849 0.210000
o 3810 3.910000
o 3735 11.050000
o 3699 11.080000
3699	11.080000
tcp-tcp_students_112_it_2
o 3996 0.280000
o 3960 0.370000
o 3957 4.110000
o 3885 4.170000
o 3849 4.200000
o 3774 26.090000
o 3738 26.090000
o 3702 26.100000
o 3660 178.000000
3660	178.000000
tcp-tcp_students_112_it_2
o 4032 0.270000
o 3849 0.310000
o 3813 10.300000
o 3696 26.040000
3696	26.040000
tcp-tcp_students_112_it_2
o 3996 0.170000
o 3921 0.250000
o 3813 0.430000
o 3810 55.220000
o 3702 72.910000
o 3699 210.710000
3699	210.710000
tcp-tcp_students_112_it_2
o 4068 0.580000
o 3960 0.700000
o 3957 1.390000
o 3924 2.270000
o 3849 6.070000
o 3774 9.620000
o 3738 136.930000
3738	136.930000
tcp-tcp_students_112_it_2
o 3960 0.280000
o 3924 1.340000
o 3888 1.340000
o 3852 3.940000
o 3774 14.700000
o 3699 18.340000
3699	18.340000
tcp-tcp_students_112_it_2
o 4068 2.920000
o 3960 2.980000
o 3849 3.800000
o 3810 15.140000
o 3777 64.550000
o 3774 212.420000
o 3738 212.420000
3738	212.420000
