timetabling-comp09
o 1175 0.530000
o 746 0.620000
o 741 0.620000
o 736 0.620000
o 731 0.620000
o 726 0.620000
o 721 0.620000
o 717 0.630000
o 714 0.630000
o 709 0.630000
o 706 0.630000
o 701 0.630000
o 700 0.640000
o 694 0.640000
o 689 0.640000
o 688 0.650000
o 687 0.660000
o 682 0.660000
o 677 0.660000
o 676 0.660000
o 671 0.660000
o 661 0.660000
o 657 0.700000
o 656 0.700000
o 652 0.700000
o 647 0.750000
o 643 0.750000
o 635 0.780000
o 631 0.780000
o 626 0.780000
o 621 0.780000
o 616 0.780000
o 610 0.780000
o 608 0.780000
o 600 0.780000
o 597 0.780000
o 592 0.780000
o 588 0.790000
o 586 0.790000
o 580 0.790000
o 579 0.810000
o 569 0.810000
o 565 0.810000
o 561 0.820000
o 556 0.840000
o 554 0.850000
o 552 0.980000
o 542 0.980000
o 527 0.980000
o 522 0.980000
o 520 0.980000
o 518 0.980000
o 513 1.830000
o 512 1.830000
o 511 1.830000
o 506 1.830000
o 502 1.830000
o 501 4.740000
o 498 4.740000
o 493 4.740000
o 491 4.750000
o 488 4.750000
o 480 4.750000
o 475 4.750000
o 470 4.790000
o 464 4.790000
o 462 4.790000
o 459 5.570000
o 454 5.570000
o 452 5.590000
o 448 5.590000
o 444 5.590000
o 442 5.590000
o 439 6.180000
o 434 6.180000
o 432 6.180000
o 430 6.180000
o 428 6.180000
o 427 6.190000
o 425 6.190000
o 423 6.480000
o 418 6.480000
o 414 6.480000
o 412 6.570000
o 404 6.570000
o 402 6.570000
o 398 6.570000
o 396 6.570000
o 392 6.580000
o 387 6.580000
o 386 6.590000
o 384 6.590000
o 381 18.710000
o 379 18.710000
o 375 18.710000
o 371 18.710000
o 369 18.730000
o 367 18.730000
o 362 18.740000
o 357 18.750000
o 356 18.750000
o 351 18.780000
o 349 18.780000
o 348 18.860000
o 336 18.860000
o 330 18.860000
o 328 18.880000
o 326 18.960000
o 322 18.960000
o 317 18.970000
o 313 18.970000
o 311 47.620000
o 310 47.650000
o 308 47.650000
o 303 47.650000
o 301 47.720000
o 295 47.720000
o 294 47.720000
o 292 47.730000
o 287 47.730000
o 282 47.730000
o 281 47.730000
o 279 47.750000
o 275 47.750000
o 272 47.810000
o 271 47.810000
o 269 47.820000
o 264 47.820000
o 263 47.990000
o 261 47.990000
o 257 47.990000
257	47.990000
timetabling-comp09
o 1198 0.700000
o 796 0.840000
o 791 0.840000
o 786 0.840000
o 781 0.840000
o 776 0.840000
o 771 0.840000
o 766 0.840000
o 761 0.840000
o 756 0.840000
o 751 0.840000
o 746 0.840000
o 741 0.840000
o 736 0.840000
o 731 0.840000
o 726 0.840000
o 721 0.840000
o 716 0.840000
o 711 0.840000
o 706 0.840000
o 701 0.840000
o 696 0.840000
o 693 0.840000
o 688 0.840000
o 683 0.840000
o 678 0.840000
o 677 0.860000
o 672 0.860000
o 670 0.860000
o 664 0.860000
o 662 0.860000
o 657 0.870000
o 652 0.870000
o 647 0.880000
o 642 0.880000
o 640 0.880000
o 638 0.880000
o 634 0.890000
o 627 0.890000
o 622 0.890000
o 605 0.890000
o 601 0.890000
o 599 0.900000
o 595 0.900000
o 589 0.900000
o 582 0.900000
o 577 0.900000
o 575 0.910000
o 573 0.910000
o 572 0.910000
o 568 0.910000
o 565 0.910000
o 561 0.910000
o 559 1.330000
o 558 1.370000
o 556 1.370000
o 551 1.370000
o 549 1.370000
o 545 1.370000
o 541 1.370000
o 540 1.400000
o 531 1.410000
o 526 2.330000
o 522 2.340000
o 521 2.520000
o 520 2.530000
o 515 2.530000
o 511 2.530000
o 510 2.530000
o 508 2.530000
o 504 2.530000
o 502 4.040000
o 500 4.090000
o 499 4.170000
o 494 4.170000
o 493 4.170000
o 481 4.170000
o 473 4.170000
o 469 4.180000
o 465 4.180000
o 459 4.180000
o 455 4.180000
o 454 4.180000
o 453 4.260000
o 451 4.260000
o 447 4.300000
o 439 4.300000
o 436 4.300000
o 435 6.430000
o 431 6.430000
o 429 6.460000
o 425 6.460000
o 422 6.460000
o 418 13.870000
o 415 14.420000
o 409 14.430000
o 406 14.460000
o 405 14.480000
o 402 14.480000
o 401 14.500000
o 400 14.530000
o 397 14.550000
o 396 14.580000
o 394 14.580000
o 390 14.580000
o 384 14.590000
o 380 14.590000
o 375 14.590000
o 373 14.590000
o 368 14.590000
o 365 14.600000
o 360 14.600000
o 358 14.600000
o 354 14.710000
o 349 14.710000
o 348 14.710000
o 344 14.710000
o 341 14.710000
o 335 14.770000
o 334 49.390000
o 330 49.390000
o 325 49.570000
o 321 49.580000
o 313 49.610000
o 311 49.610000
o 309 49.620000
o 307 49.680000
o 304 56.960000
o 302 56.960000
o 301 56.980000
o 299 56.980000
o 297 57.410000
o 293 57.410000
o 292 57.920000
o 287 57.920000
o 281 57.930000
o 280 57.960000
o 278 57.960000
o 277 57.990000
o 275 57.990000
o 273 57.990000
o 265 57.990000
o 264 58.110000
o 263 277.410000
o 261 277.420000
o 259 277.430000
o 258 277.460000
o 256 277.470000
o 255 277.470000
o 251 277.480000
o 249 277.480000
o 244 277.480000
o 240 277.620000
o 237 277.650000
o 234 277.660000
234	277.660000
timetabling-comp09
o 1132 0.710000
o 868 0.860000
o 863 0.860000
o 858 0.860000
o 853 0.860000
o 848 0.860000
o 843 0.860000
o 839 0.890000
o 834 0.890000
o 833 0.890000
o 828 0.890000
o 823 0.890000
o 818 0.890000
o 814 0.890000
o 809 0.890000
o 803 0.890000
o 801 0.890000
o 796 0.890000
o 791 0.890000
o 787 0.900000
o 786 0.900000
o 780 0.900000
o 777 0.910000
o 771 0.910000
o 765 0.910000
o 760 0.910000
o 759 0.920000
o 754 0.920000
o 749 0.920000
o 731 0.920000
o 729 0.920000
o 724 0.920000
o 723 0.920000
o 719 0.930000
o 717 0.930000
o 715 0.930000
o 710 0.930000
o 706 0.930000
o 698 0.930000
o 693 0.930000
o 688 0.930000
o 683 0.930000
o 677 0.930000
o 672 0.930000
o 669 0.940000
o 664 0.940000
o 663 0.940000
o 658 0.940000
o 653 0.940000
o 644 0.940000
o 639 0.940000
o 637 0.990000
o 636 0.990000
o 628 1.000000
o 623 1.000000
o 603 1.000000
o 600 1.000000
o 598 1.000000
o 593 1.000000
o 588 1.000000
o 587 1.000000
o 581 1.000000
o 579 1.000000
o 576 1.000000
o 570 1.000000
o 569 1.390000
o 566 1.420000
o 561 1.420000
o 560 1.710000
o 548 1.710000
o 545 1.710000
o 543 1.720000
o 542 1.720000
o 538 1.720000
o 530 1.720000
o 528 1.720000
o 527 1.770000
o 521 1.770000
o 517 1.780000
o 515 1.830000
o 510 1.830000
o 503 1.840000
o 501 1.840000
o 497 1.840000
o 493 1.850000
o 492 1.850000
o 487 1.850000
o 485 1.850000
o 482 1.860000
o 480 5.190000
o 478 5.190000
o 474 5.190000
o 469 5.190000
o 465 5.200000
o 463 5.200000
o 462 5.200000
o 457 5.200000
o 456 5.230000
o 455 5.670000
o 453 5.670000
o 448 5.670000
o 444 5.670000
o 443 5.670000
o 441 5.670000
o 437 5.680000
o 436 5.680000
o 435 5.690000
o 429 5.690000
o 425 5.690000
o 423 5.690000
o 421 5.700000
o 417 5.700000
o 415 5.700000
o 411 5.700000
o 407 16.370000
o 405 16.420000
o 403 16.420000
o 401 16.420000
o 400 34.000000
o 396 34.000000
o 395 34.030000
o 391 34.380000
o 389 34.520000
o 384 34.520000
o 380 34.530000
o 378 34.530000
o 373 34.530000
o 362 34.530000
o 360 41.960000
o 355 42.010000
o 345 42.010000
o 341 42.300000
o 335 42.300000
o 333 42.310000
o 331 42.310000
o 330 42.330000
o 329 42.340000
o 327 42.360000
o 325 42.650000
o 324 42.660000
o 320 42.670000
o 319 52.010000
o 315 52.010000
o 311 52.020000
o 307 52.130000
o 306 52.130000
o 301 52.130000
o 300 79.750000
o 298 89.540000
o 296 89.550000
o 288 89.550000
o 286 89.560000
o 282 89.560000
o 279 89.570000
o 278 90.810000
o 276 96.830000
o 275 96.830000
o 271 96.830000
o 270 96.840000
o 267 96.850000
o 265 96.850000
o 263 96.850000
263	96.850000
timetabling-comp09
o 1250 0.660000
o 758 0.800000
o 753 0.800000
o 748 0.800000
o 745 0.800000
o 740 0.800000
o 738 0.800000
o 737 0.800000
o 732 0.800000
o 727 0.800000
o 717 0.800000
o 712 0.820000
o 707 0.820000
o 702 0.830000
o 700 0.830000
o 697 0.830000
o 692 0.830000
o 687 0.830000
o 685 0.900000
o 679 0.900000
o 676 1.100000
o 670 1.100000
o 666 1.100000
o 660 1.100000
o 655 1.100000
o 654 1.100000
o 650 1.100000
o 642 1.110000
o 640 1.110000
o 629 1.110000
o 619 1.120000
o 615 1.120000
o 614 1.300000
o 609 1.300000
o 603 1.370000
o 600 1.370000
o 595 1.380000
o 593 1.380000
o 592 1.380000
o 588 1.380000
o 577 1.500000
o 572 1.500000
o 570 1.500000
o 565 1.500000
o 561 1.560000
o 559 1.560000
o 555 1.560000
o 548 1.570000
o 546 1.570000
o 541 2.620000
o 529 2.630000
o 528 2.710000
o 526 2.720000
o 522 2.720000
o 520 2.720000
o 517 2.720000
o 512 2.720000
o 506 2.720000
o 503 2.720000
o 500 2.720000
o 495 2.720000
o 491 2.730000
o 487 2.730000
o 486 2.730000
o 485 2.740000
o 483 2.780000
o 481 2.780000
o 479 2.790000
o 475 2.790000
o 473 2.790000
o 468 2.790000
o 466 4.330000
o 458 4.330000
o 456 4.330000
o 452 9.400000
o 442 9.410000
o 438 9.410000
o 436 9.420000
o 435 9.430000
o 434 9.440000
o 429 9.440000
o 427 9.440000
o 425 9.460000
o 423 9.480000
o 419 9.480000
o 416 9.490000
o 415 9.550000
o 411 9.550000
o 410 9.580000
o 405 9.580000
o 400 9.580000
o 396 9.630000
o 392 9.630000
o 391 9.660000
o 386 9.660000
o 384 9.740000
o 382 9.740000
o 379 9.750000
o 378 9.760000
o 373 9.760000
o 371 9.760000
o 362 31.910000
o 358 31.910000
o 356 31.940000
o 354 31.940000
o 350 31.940000
o 344 31.960000
o 341 31.970000
o 339 39.030000
o 335 39.050000
o 331 39.050000
o 326 39.050000
o 323 39.510000
o 320 39.920000
o 316 39.920000
o 314 39.920000
o 312 39.930000
o 308 39.990000
o 307 40.140000
o 297 40.140000
o 295 40.570000
o 290 85.320000
o 288 87.650000
o 283 87.650000
o 278 87.650000
o 277 88.440000
o 275 88.450000
o 274 88.490000
o 270 88.490000
o 268 88.510000
o 263 88.510000
o 261 88.540000
o 257 88.710000
o 253 132.970000
o 249 146.210000
o 245 146.270000
245	146.270000
timetabling-comp09
o 1238 0.920000
o 822 1.150000
o 817 1.150000
o 812 1.150000
o 805 1.160000
o 800 1.160000
o 795 1.160000
o 792 1.170000
o 787 1.170000
o 782 1.170000
o 777 1.170000
o 772 1.170000
o 767 1.170000
o 763 1.170000
o 759 1.180000
o 754 1.180000
o 752 1.180000
o 744 1.180000
o 739 1.180000
o 734 1.180000
o 729 1.180000
o 724 1.180000
o 719 1.180000
o 714 1.180000
o 709 1.180000
o 705 1.180000
o 704 1.180000
o 699 1.180000
o 690 1.190000
o 685 1.220000
o 680 1.220000
o 672 1.220000
o 667 1.220000
o 660 1.220000
o 655 1.220000
o 649 1.240000
o 638 1.240000
o 636 1.240000
o 634 1.240000
o 628 1.240000
o 625 1.280000
o 623 1.290000
o 619 1.350000
o 616 1.350000
o 611 1.350000
o 606 1.350000
o 600 1.350000
o 595 1.350000
o 591 1.350000
o 582 1.370000
o 580 1.400000
o 568 1.410000
o 563 1.410000
o 558 1.410000
o 554 1.440000
o 551 2.000000
o 549 2.010000
o 547 2.020000
o 541 2.020000
o 538 2.090000
o 534 2.270000
o 530 2.290000
o 525 2.290000
o 523 2.300000
o 510 2.310000
o 506 2.310000
o 505 2.410000
o 499 2.410000
o 494 2.420000
o 492 2.420000
o 487 2.420000
o 481 2.420000
o 479 7.360000
o 475 7.360000
o 470 7.420000
o 466 7.420000
o 464 7.420000
o 462 7.420000
o 459 7.430000
o 457 7.430000
o 453 7.430000
o 451 7.440000
o 448 7.440000
o 443 7.440000
o 439 7.450000
o 435 7.450000
o 431 7.450000
o 430 7.450000
o 428 15.270000
o 424 15.270000
o 422 15.270000
o 419 15.280000
o 417 15.280000
o 415 15.290000
o 408 15.300000
o 403 15.300000
o 398 15.300000
o 394 15.300000
o 393 31.990000
o 388 31.990000
o 383 31.990000
o 378 31.990000
o 374 38.140000
o 368 38.140000
o 361 38.140000
o 359 38.140000
o 357 38.150000
o 356 38.220000
o 352 38.260000
o 350 38.260000
o 349 43.560000
o 347 43.560000
o 345 43.560000
o 344 43.570000
o 341 45.160000
o 338 45.170000
o 337 45.200000
o 332 45.200000
o 327 45.200000
o 319 45.320000
o 318 45.370000
o 317 45.570000
o 316 45.570000
o 311 45.570000
o 310 45.570000
o 306 45.570000
o 304 45.720000
o 302 45.720000
o 301 45.720000
o 299 45.720000
o 296 49.720000
o 289 80.750000
o 285 83.720000
o 279 84.010000
o 277 84.010000
o 276 84.040000
o 273 97.820000
o 271 97.820000
o 267 190.660000
o 265 190.670000
o 263 191.080000
o 262 191.080000
o 258 191.090000
o 256 191.110000
o 251 191.120000
o 246 191.130000
o 241 191.130000
o 239 191.350000
239	191.350000
timetabling-comp09
o 1168 0.650000
o 746 0.800000
o 741 0.800000
o 737 0.810000
o 732 0.810000
o 726 0.810000
o 721 0.810000
o 707 0.810000
o 706 0.820000
o 703 0.820000
o 698 0.820000
o 696 0.840000
o 693 0.840000
o 691 0.840000
o 686 0.840000
o 681 0.840000
o 676 0.840000
o 672 0.840000
o 664 0.840000
o 660 0.840000
o 658 0.840000
o 653 0.840000
o 648 0.840000
o 643 0.840000
o 638 0.840000
o 637 1.000000
o 630 1.000000
o 628 1.000000
o 623 1.000000
o 618 1.000000
o 616 1.140000
o 615 1.160000
o 610 1.290000
o 606 1.310000
o 604 1.310000
o 602 1.310000
o 597 1.310000
o 594 1.310000
o 592 1.320000
o 590 1.320000
o 585 1.320000
o 583 1.360000
o 582 1.370000
o 577 1.380000
o 573 1.380000
o 569 1.380000
o 568 1.380000
o 563 1.380000
o 559 1.380000
o 557 1.390000
o 543 1.390000
o 541 1.480000
o 540 1.480000
o 535 1.480000
o 533 1.490000
o 529 1.490000
o 527 1.500000
o 522 1.500000
o 517 1.500000
o 513 1.500000
o 511 1.530000
o 497 1.530000
o 491 1.530000
o 483 1.530000
o 478 3.050000
o 474 3.050000
o 469 3.050000
o 467 3.050000
o 463 3.630000
o 459 3.630000
o 454 3.630000
o 450 3.630000
o 449 3.640000
o 448 4.190000
o 446 4.190000
o 440 4.190000
o 438 15.500000
o 436 15.670000
o 435 15.690000
o 432 15.690000
o 427 15.690000
o 422 15.690000
o 417 15.690000
o 415 20.190000
o 412 21.910000
o 407 21.910000
o 405 21.910000
o 402 21.920000
o 401 21.930000
o 397 21.930000
o 393 21.950000
o 387 21.950000
o 385 21.950000
o 383 21.950000
o 382 22.000000
o 379 22.020000
o 377 22.020000
o 374 22.020000
o 372 22.020000
o 367 22.020000
o 361 22.020000
o 355 22.030000
o 353 22.030000
o 348 22.030000
o 347 22.130000
o 346 22.140000
o 344 22.140000
o 340 58.570000
o 336 58.580000
o 331 58.590000
o 329 58.670000
o 325 58.670000
o 323 58.680000
o 322 58.700000
o 320 58.700000
o 318 58.710000
o 313 58.710000
o 307 58.710000
o 297 58.720000
o 295 58.730000
o 293 58.740000
o 291 58.810000
o 287 58.850000
o 284 58.860000
o 282 58.900000
o 279 58.970000
o 274 59.090000
o 272 59.100000
272	59.100000
timetabling-comp09
o 1240 0.730000
o 923 0.910000
o 918 0.910000
o 913 0.910000
o 908 0.910000
o 903 0.910000
o 900 0.910000
o 895 0.910000
o 890 0.910000
o 885 0.910000
o 880 0.910000
o 875 0.910000
o 870 0.910000
o 865 0.910000
o 860 0.910000
o 855 0.910000
o 850 0.910000
o 845 0.910000
o 842 0.920000
o 837 0.920000
o 836 0.920000
o 834 0.920000
o 829 0.920000
o 824 0.920000
o 819 0.920000
o 814 0.920000
o 812 0.920000
o 808 0.920000
o 803 0.920000
o 798 0.920000
o 795 0.920000
o 791 0.920000
o 788 0.920000
o 783 0.920000
o 778 0.930000
o 773 0.930000
o 768 0.930000
o 763 0.930000
o 758 0.930000
o 756 0.930000
o 754 0.940000
o 749 0.940000
o 744 0.940000
o 741 0.960000
o 736 0.960000
o 735 0.970000
o 733 0.970000
o 728 0.970000
o 723 0.970000
o 718 0.970000
o 711 0.970000
o 706 0.970000
o 705 0.980000
o 703 0.980000
o 700 0.980000
o 695 0.980000
o 691 0.980000
o 681 0.980000
o 678 1.010000
o 672 1.010000
o 667 1.010000
o 662 1.010000
o 656 1.010000
o 651 1.010000
o 649 1.060000
o 647 1.060000
o 642 1.060000
o 625 1.330000
o 624 1.340000
o 623 1.340000
o 621 1.340000
o 620 1.340000
o 616 1.340000
o 613 1.370000
o 605 1.370000
o 601 1.370000
o 599 1.370000
o 593 1.370000
o 590 1.370000
o 581 1.390000
o 579 1.390000
o 577 1.390000
o 572 1.390000
o 564 1.390000
o 559 1.400000
o 550 1.990000
o 545 1.990000
o 543 2.460000
o 539 2.770000
o 537 2.770000
o 536 2.780000
o 533 2.780000
o 528 2.780000
o 523 2.780000
o 521 2.780000
o 520 2.790000
o 515 2.790000
o 514 2.790000
o 509 2.790000
o 505 2.790000
o 502 2.790000
o 497 2.790000
o 494 2.810000
o 490 2.820000
o 488 3.040000
o 486 3.100000
o 484 6.410000
o 479 6.410000
o 473 6.420000
o 469 6.430000
o 464 6.470000
o 459 6.470000
o 454 6.470000
o 453 6.480000
o 452 6.480000
o 450 6.490000
o 446 6.490000
o 443 6.490000
o 441 6.490000
o 437 6.490000
o 435 6.500000
o 430 6.500000
o 428 6.540000
o 423 6.540000
o 419 6.540000
o 417 14.900000
o 413 14.910000
o 411 20.620000
o 409 20.630000
o 403 20.630000
o 399 20.630000
o 395 20.640000
o 394 20.680000
o 393 22.020000
o 383 22.020000
o 381 22.020000
o 379 22.340000
o 376 23.300000
o 371 23.340000
o 369 23.340000
o 365 23.340000
o 360 23.340000
o 359 23.580000
o 358 23.580000
o 353 23.590000
o 348 23.590000
o 344 23.590000
o 343 23.600000
o 339 52.420000
o 334 52.420000
o 333 52.430000
o 328 52.430000
o 325 52.460000
o 320 52.460000
o 318 52.460000
o 313 52.460000
o 312 52.510000
o 310 52.600000
o 309 52.610000
o 306 52.610000
o 302 52.940000
o 301 53.070000
o 300 53.590000
o 298 53.590000
o 296 53.590000
o 293 53.590000
o 288 53.590000
o 286 53.590000
o 285 103.190000
o 281 103.190000
o 280 112.640000
o 279 112.880000
o 274 112.880000
o 272 112.890000
o 269 112.920000
o 265 112.920000
o 260 112.950000
o 258 112.950000
258	112.950000
timetabling-comp09
o 1164 0.690000
o 805 0.800000
o 801 0.800000
o 798 0.810000
o 792 0.810000
o 787 0.810000
o 782 0.810000
o 777 0.820000
o 775 0.820000
o 772 0.820000
o 771 0.820000
o 766 0.820000
o 764 0.830000
o 763 0.830000
o 758 0.830000
o 755 0.830000
o 743 0.830000
o 738 0.830000
o 733 0.830000
o 731 0.830000
o 726 0.830000
o 721 0.830000
o 716 0.830000
o 711 0.830000
o 707 0.830000
o 702 0.830000
o 697 0.830000
o 695 0.830000
o 693 0.830000
o 688 0.830000
o 686 0.840000
o 682 0.850000
o 676 0.850000
o 671 0.850000
o 666 0.850000
o 662 0.850000
o 657 0.850000
o 654 0.850000
o 651 0.850000
o 646 0.850000
o 641 0.850000
o 636 0.850000
o 627 0.850000
o 623 0.870000
o 619 0.870000
o 609 0.870000
o 604 0.950000
o 599 1.140000
o 589 1.160000
o 585 1.160000
o 583 1.160000
o 579 1.160000
o 577 1.160000
o 574 1.160000
o 569 1.160000
o 563 1.160000
o 561 1.160000
o 557 1.160000
o 554 1.160000
o 552 1.170000
o 544 1.170000
o 537 1.170000
o 532 1.170000
o 530 1.180000
o 528 1.180000
o 526 2.910000
o 524 3.220000
o 518 3.220000
o 513 3.220000
o 511 3.220000
o 507 3.220000
o 505 3.220000
o 503 3.230000
o 501 5.540000
o 500 5.540000
o 495 5.540000
o 492 7.260000
o 488 7.270000
o 483 7.280000
o 478 7.280000
o 477 7.300000
o 474 7.300000
o 469 7.300000
o 467 7.300000
o 462 7.300000
o 461 7.340000
o 457 7.340000
o 455 7.350000
o 454 7.670000
o 450 7.670000
o 446 7.670000
o 444 7.670000
o 441 7.670000
o 437 7.780000
o 435 7.780000
o 433 7.780000
o 428 7.780000
o 424 7.790000
o 422 7.790000
o 421 7.840000
o 409 7.840000
o 403 7.860000
o 400 7.880000
o 398 7.880000
o 397 7.880000
o 395 7.890000
o 391 7.890000
o 385 25.510000
o 384 25.510000
o 379 25.510000
o 374 29.720000
o 373 29.720000
o 368 29.720000
o 366 29.720000
o 364 29.750000
o 354 29.750000
o 348 29.760000
o 343 29.760000
o 338 29.760000
o 334 29.760000
o 332 29.760000
o 327 29.760000
o 326 41.450000
o 324 41.460000
o 322 41.460000
o 318 41.460000
o 314 41.460000
o 310 48.960000
o 306 87.300000
o 304 87.300000
o 301 87.320000
o 296 87.320000
o 295 87.320000
o 293 87.350000
o 290 87.360000
o 288 87.420000
o 286 87.420000
o 275 87.480000
o 270 171.180000
o 268 171.190000
o 266 171.190000
o 265 181.740000
o 263 181.750000
o 261 181.760000
o 260 195.100000
o 255 195.100000
o 248 195.100000
o 245 195.330000
o 243 195.330000
o 239 195.330000
o 237 195.340000
o 232 195.380000
232	195.380000
timetabling-comp09
o 1104 0.550000
o 898 0.670000
o 893 0.670000
o 885 0.670000
o 880 0.670000
o 875 0.670000
o 870 0.670000
o 865 0.670000
o 860 0.670000
o 855 0.670000
o 850 0.680000
o 845 0.680000
o 840 0.680000
o 835 0.680000
o 830 0.680000
o 825 0.680000
o 822 0.680000
o 817 0.680000
o 804 0.680000
o 801 0.680000
o 796 0.680000
o 791 0.680000
o 786 0.680000
o 781 0.680000
o 776 0.680000
o 771 0.680000
o 766 0.680000
o 764 0.680000
o 760 0.690000
o 756 0.690000
o 751 0.690000
o 750 0.690000
o 748 0.690000
o 741 0.690000
o 736 0.690000
o 731 0.690000
o 726 0.690000
o 721 0.690000
o 716 0.690000
o 711 0.690000
o 710 0.690000
o 708 0.700000
o 706 0.700000
o 701 0.710000
o 696 0.710000
o 691 0.710000
o 683 0.710000
o 678 0.710000
o 677 0.710000
o 674 0.710000
o 669 0.710000
o 668 0.710000
o 663 0.710000
o 661 0.720000
o 656 0.720000
o 649 0.720000
o 644 0.720000
o 642 0.720000
o 638 0.720000
o 636 0.720000
o 635 0.740000
o 630 0.740000
o 626 0.740000
o 624 0.770000
o 619 0.770000
o 618 0.770000
o 612 0.780000
o 610 0.780000
o 607 0.780000
o 604 0.790000
o 599 0.790000
o 594 0.790000
o 589 0.790000
o 588 0.790000
o 583 0.790000
o 571 0.900000
o 564 0.900000
o 562 0.910000
o 558 0.920000
o 556 0.920000
o 552 0.920000
o 550 0.920000
o 547 0.940000
o 544 0.940000
o 543 0.940000
o 542 0.940000
o 538 0.940000
o 534 0.950000
o 531 0.970000
o 528 0.980000
o 520 0.980000
o 519 0.980000
o 515 0.980000
o 513 0.980000
o 512 2.120000
o 507 2.130000
o 504 2.130000
o 502 2.810000
o 501 2.810000
o 499 2.810000
o 495 2.820000
o 492 2.820000
o 488 2.830000
o 486 2.840000
o 479 2.860000
o 474 2.860000
o 469 2.860000
o 467 2.870000
o 465 3.060000
o 463 3.060000
o 459 3.200000
o 455 3.210000
o 454 3.210000
o 452 3.210000
o 447 3.210000
o 445 3.210000
o 440 3.210000
o 436 3.210000
o 434 3.210000
o 428 3.220000
o 424 3.220000
o 423 10.460000
o 421 11.270000
o 419 11.280000
o 415 11.280000
o 414 11.300000
o 411 11.300000
o 409 11.310000
o 404 15.990000
o 399 15.990000
o 394 15.990000
o 390 16.010000
o 388 16.030000
o 384 16.040000
o 383 16.060000
o 380 16.070000
o 376 16.070000
o 374 16.090000
o 371 16.090000
o 367 16.090000
o 365 16.100000
o 363 16.110000
o 361 16.160000
o 359 16.170000
o 357 16.170000
o 350 16.190000
o 345 16.190000
o 340 16.190000
o 338 16.200000
o 337 52.800000
o 335 52.800000
o 334 52.930000
o 331 53.040000
o 326 53.040000
o 322 53.040000
o 320 53.040000
o 316 53.050000
o 315 53.180000
o 310 53.180000
o 309 53.480000
o 307 53.480000
o 305 53.510000
o 299 53.520000
o 296 91.690000
o 294 91.690000
o 290 91.690000
o 288 91.700000
o 284 91.700000
o 283 91.700000
o 279 91.710000
o 274 91.710000
o 270 91.720000
o 267 91.720000
o 264 91.730000
o 263 91.730000
o 262 91.970000
o 258 92.170000
258	92.170000
timetabling-comp09
o 1156 0.590000
o 798 0.690000
o 793 0.690000
o 786 0.690000
o 781 0.690000
o 776 0.690000
o 772 0.690000
o 767 0.690000
o 762 0.690000
o 761 0.690000
o 756 0.690000
o 751 0.690000
o 746 0.700000
o 745 0.700000
o 738 0.700000
o 732 0.700000
o 728 0.700000
o 721 0.700000
o 718 0.700000
o 712 0.700000
o 707 0.700000
o 706 0.720000
o 701 0.720000
o 696 0.720000
o 691 0.720000
o 687 0.720000
o 685 0.720000
o 680 0.720000
o 677 0.720000
o 673 0.720000
o 671 0.720000
o 666 0.720000
o 665 0.720000
o 660 0.720000
o 657 0.730000
o 649 0.730000
o 644 0.730000
o 639 0.740000
o 634 0.740000
o 624 0.780000
o 614 0.780000
o 610 0.790000
o 605 0.790000
o 601 0.800000
o 598 0.800000
o 596 0.800000
o 591 0.800000
o 578 0.810000
o 573 0.810000
o 568 0.810000
o 563 0.810000
o 558 0.810000
o 553 0.810000
o 551 0.810000
o 547 0.810000
o 541 0.810000
o 539 0.810000
o 537 0.840000
o 535 0.840000
o 529 0.840000
o 524 0.840000
o 520 0.840000
o 517 3.980000
o 512 3.980000
o 510 3.980000
o 505 3.990000
o 495 4.000000
o 489 4.000000
o 488 4.120000
o 483 4.120000
o 479 4.120000
o 475 4.120000
o 470 4.330000
o 465 4.330000
o 460 4.330000
o 455 4.330000
o 449 8.990000
o 444 8.990000
o 443 12.250000
o 441 12.270000
o 437 12.270000
o 436 12.280000
o 431 12.280000
o 428 18.950000
o 426 18.950000
o 421 18.960000
o 418 18.960000
o 415 19.020000
o 413 19.090000
o 411 19.090000
o 407 19.090000
o 405 19.090000
o 403 19.090000
o 396 19.560000
o 394 19.620000
o 393 19.620000
o 391 19.630000
o 390 19.670000
o 388 19.690000
o 387 19.700000
o 385 19.700000
o 380 19.700000
o 374 19.710000
o 367 19.720000
o 365 19.720000
o 360 55.190000
o 356 55.210000
o 352 55.220000
o 351 55.340000
o 349 55.340000
o 347 55.340000
o 345 55.370000
o 339 55.370000
o 337 55.370000
o 336 55.370000
o 331 55.370000
o 326 62.500000
o 324 62.500000
o 322 62.520000
o 320 62.530000
o 318 63.520000
o 317 70.270000
o 312 70.270000
o 308 70.270000
o 303 70.280000
o 299 70.330000
o 298 70.510000
o 294 70.510000
o 293 103.970000
o 289 103.970000
o 288 103.970000
o 286 104.000000
o 276 110.010000
o 275 110.100000
o 273 110.100000
o 269 110.110000
o 267 110.110000
o 265 110.110000
o 260 110.110000
o 259 110.140000
o 257 110.190000
o 256 280.590000
o 255 290.730000
o 253 290.740000
o 251 290.740000
o 249 290.740000
249	290.740000
