generalized-ising-IS3_5.0.5.0.0.5_softer_periodic
o 120626199686282 0.020000
o 120463148598884 0.020000
o 120294018114661 0.020000
o 120126166954826 0.020000
o 119921653611584 0.020000
o 119753729247379 0.020000
o 119606821929139 0.020000
o 119471037431098 0.020000
o 119318868970332 0.020000
o 119194720412333 0.020000
o 119064931792445 0.020000
o 118915970257793 0.020000
o 118775319398493 0.020000
o 118657022117305 0.020000
o 118548093503969 0.020000
o 118407351833629 0.020000
o 118300853136483 0.020000
o 118212429374075 0.020000
o 118081721789676 0.020000
o 117988559276528 0.020000
o 117907352400011 0.020000
o 117821970852291 0.020000
o 117756191519725 0.020000
o 117708445553440 0.020000
o 117658262412521 0.020000
o 117559638205732 0.020000
o 117536065921863 0.020000
o 117470634500506 0.020000
o 117415605696275 0.020000
o 117374178943364 0.020000
o 117328414259539 0.020000
o 117328114097685 0.020000
o 117315598392400 0.020000
o 117279616814852 0.020000
o 117279493713651 0.020000
o 117274582622383 0.020000
o 117231614410988 0.020000
o 117210253030968 0.020000
o 117168062549020 0.020000
o 117136113366144 0.020000
o 117116319687210 0.020000
o 117101580882122 0.020000
o 117077234120093 0.020000
o 117052406945337 0.020000
o 117012416909988 0.020000
o 117011292650364 0.020000
117011292650364	0.020000
generalized-ising-IS3_5.0.5.0.0.5_softer_periodic
o 119511779629941 0.020000
o 119407022804971 0.030000
o 119222408690705 0.030000
o 119075054942442 0.030000
o 118940782716376 0.030000
o 118808074933140 0.030000
o 118699261600188 0.030000
o 118601559402785 0.030000
o 118506552358186 0.030000
o 118415329697459 0.030000
o 118313654453009 0.030000
o 118251385336609 0.030000
o 118171140859870 0.030000
o 118106979549288 0.030000
o 118027712480966 0.030000
o 117934293787133 0.030000
o 117815039237468 0.030000
o 117759980622017 0.030000
o 117692630996068 0.030000
o 117631693279359 0.030000
o 117598105308154 0.030000
o 117527947318542 0.030000
o 117503248052857 0.030000
o 117461024777251 0.030000
o 117388776370377 0.030000
o 117355419932243 0.030000
o 117326158291392 0.030000
o 117273663252371 0.030000
o 117247759594393 0.030000
o 117213630871178 0.030000
o 117177171193508 0.030000
o 117158600379497 0.030000
o 117139726097685 0.030000
o 117130496369009 0.030000
o 117120550570903 0.030000
o 117103741406290 0.030000
o 117012756780083 140.800000
117012756780083	140.800000
generalized-ising-IS3_5.0.5.0.0.5_softer_periodic
o 121094526003939 0.020000
o 120859378049456 0.020000
o 120697259646036 0.020000
o 120513891665343 0.020000
o 120324242526552 0.020000
o 120163492016889 0.020000
o 120010874047921 0.020000
o 119887732299001 0.020000
o 119753834188670 0.020000
o 119616098108465 0.020000
o 119480809942602 0.020000
o 119352226109809 0.020000
o 119214000501298 0.020000
o 119089748007226 0.020000
o 118929763091592 0.020000
o 118820441588512 0.020000
o 118804734404689 0.020000
o 118686861489695 0.020000
o 118568361947402 0.020000
o 118453806301252 0.020000
o 118361870665905 0.020000
o 118253856738685 0.020000
o 118158985065792 0.020000
o 118066558061167 0.020000
o 118008342741683 0.020000
o 117908821305424 0.020000
o 117838574330731 0.020000
o 117774291107797 0.020000
o 117697924384607 0.020000
o 117661146792795 0.020000
o 117581529542277 0.020000
o 117504735159440 0.020000
o 117447018927373 0.020000
o 117392929158807 0.020000
o 117386808318731 0.020000
o 117356089302766 0.020000
o 117291932072694 0.030000
o 117244007589833 0.030000
o 117231077753991 0.030000
o 117215012543989 0.030000
o 117164231223385 0.030000
o 117144107547181 0.030000
o 117101430519900 0.030000
o 117089477482827 158.640000
o 117083637204943 158.640000
o 117073403570626 158.640000
o 117064386556772 158.640000
117064386556772	158.640000
generalized-ising-IS3_5.0.5.0.0.5_softer_periodic
o 120271223924613 0.030000
o 120104702863804 0.030000
o 119955715103326 0.030000
o 119819048459236 0.030000
o 119692829621666 0.030000
o 119540940624302 0.030000
o 119410981624591 0.030000
o 119313462433571 0.030000
o 119163992292440 0.030000
o 119003683405556 0.030000
o 118850931039382 0.030000
o 118736752692924 0.030000
o 118595332410417 0.030000
o 118494560384928 0.030000
o 118366186232666 0.030000
o 118260801532764 0.030000
o 118159306155996 0.030000
o 118043495760493 0.030000
o 117985374779154 0.030000
o 117914561440317 0.030000
o 117833688729397 0.030000
o 117747869289905 0.030000
o 117672480777379 0.030000
o 117614204567048 0.030000
o 117559624269399 0.030000
o 117506087442413 0.030000
o 117484236590738 0.030000
o 117436980735029 0.030000
o 117428589911627 0.030000
o 117372780699971 0.030000
o 117361275623772 0.030000
o 117339528894930 0.030000
o 117234508107088 0.030000
o 117228632200304 0.030000
o 117215214374149 0.030000
o 117202736805301 0.030000
o 117192758542621 0.030000
o 117169701430557 0.030000
o 117165693634325 0.030000
o 117102162271431 0.030000
o 117088179716337 147.480000
o 117059939981816 147.480000
o 117024069816179 147.480000
117024069816179	147.480000
generalized-ising-IS3_5.0.5.0.0.5_softer_periodic
o 119541857500695 0.020000
o 119366867367291 0.030000
o 119203572420381 0.030000
o 119069046123103 0.030000
o 118929210248239 0.030000
o 118781981772302 0.030000
o 118667222425636 0.030000
o 118542265745016 0.030000
o 118447455524936 0.030000
o 118330747313781 0.030000
o 118218315733439 0.030000
o 118102283636969 0.030000
o 118001775620613 0.030000
o 117922172469393 0.030000
o 117823717880405 0.030000
o 117753670598848 0.030000
o 117717989319137 0.030000
o 117675747206307 0.030000
o 117653153677578 0.030000
o 117604323349663 0.030000
o 117580608736456 0.030000
o 117560934294472 0.030000
o 117499936991253 0.030000
o 117468758706895 0.030000
o 117411430565115 0.030000
o 117364294907163 0.030000
o 117303380333134 0.030000
o 117241789255218 0.030000
o 117201262369708 0.030000
o 117166717666701 0.030000
o 117143661368028 0.030000
o 117143122564734 0.030000
o 117122318226752 0.030000
o 117088149294874 0.030000
o 117042330616438 0.030000
o 117008680116569 0.030000
117008680116569	0.030000
generalized-ising-IS3_5.0.5.0.0.5_softer_periodic
o 120160065679712 0.030000
o 119990730602256 0.030000
o 119794037725410 0.030000
o 119634060062174 0.030000
o 119468822214563 0.030000
o 119293646070775 0.030000
o 119139125633458 0.030000
o 119008796229631 0.030000
o 118876936698118 0.030000
o 118727347173340 0.030000
o 118608023880059 0.030000
o 118461189929214 0.030000
o 118380336766685 0.030000
o 118287572311326 0.030000
o 118182658210984 0.030000
o 118103499664364 0.030000
o 118014916983641 0.030000
o 117901843954624 0.030000
o 117828903264124 0.030000
o 117827495770433 0.030000
o 117781468055488 0.030000
o 117699317582952 0.030000
o 117599369304024 0.030000
o 117557157651509 0.030000
o 117507622231603 0.030000
o 117431502573693 0.030000
o 117389558578473 0.030000
o 117342318115150 0.030000
o 117283502929600 0.030000
o 117224945487882 0.030000
o 117217526319729 0.030000
o 117211041413882 0.030000
o 117203050707744 0.030000
o 117189720875791 0.040000
o 117163409794126 0.040000
o 117138542635178 0.040000
o 117076672723185 0.040000
o 117036104568855 0.040000
o 116965880959019 0.040000
116965880959019	0.040000
generalized-ising-IS3_5.0.5.0.0.5_softer_periodic
o 119344765081048 0.020000
o 119184357865281 0.030000
o 118999356239931 0.030000
o 118840080538790 0.030000
o 118660733949451 0.030000
o 118564594753298 0.030000
o 118487934728271 0.030000
o 118383632762482 0.030000
o 118291498296396 0.030000
o 118195036895540 0.030000
o 118099929080822 0.030000
o 117998102667268 0.030000
o 117915735093013 0.030000
o 117886279678263 0.030000
o 117820104014138 0.030000
o 117760515552553 0.030000
o 117716405719797 0.030000
o 117638732141843 0.030000
o 117591057168279 0.030000
o 117536223819567 0.030000
o 117511203497212 0.030000
o 117446650111849 0.030000
o 117400718554997 0.030000
o 117358788509696 0.030000
o 117327302599557 0.030000
o 117282174284556 0.030000
o 117243089639631 0.030000
o 117241746823909 0.030000
o 117235063020200 0.030000
o 117218566628613 0.030000
o 117217541439112 0.030000
o 117191204867627 0.030000
o 117164342123259 0.030000
o 117150045920241 0.030000
o 117146578319329 0.030000
o 117139093980037 0.030000
o 117129463705257 0.030000
o 117095313089671 0.030000
o 117093679646354 0.030000
o 117088369640814 0.030000
o 117081656276834 0.030000
o 117079834543153 0.030000
o 117075296551611 163.630000
o 117068969586298 163.630000
117068969586298	163.630000
generalized-ising-IS3_5.0.5.0.0.5_softer_periodic
o 120346937750490 0.020000
o 120135368412586 0.020000
o 119959858454403 0.020000
o 119796624339339 0.020000
o 119644290984437 0.020000
o 119512055690526 0.020000
o 119385106193903 0.020000
o 119338971327414 0.020000
o 119221659945498 0.020000
o 119079228964855 0.020000
o 118949831790509 0.020000
o 118824847332994 0.020000
o 118667411041716 0.020000
o 118550182514387 0.020000
o 118459775917697 0.020000
o 118349213436028 0.020000
o 118236909493260 0.020000
o 118120704059238 0.020000
o 118094296455504 0.020000
o 118023360515402 0.020000
o 117894594892551 0.020000
o 117787419329813 0.020000
o 117721132063571 0.020000
o 117647755512839 0.020000
o 117595246294150 0.020000
o 117522392401986 0.020000
o 117481779262847 0.020000
o 117454657268448 0.020000
o 117413716327082 0.020000
o 117412719083362 0.020000
o 117404901490798 0.020000
o 117370137786855 0.020000
o 117365167069086 0.020000
o 117255407369817 0.020000
o 117247951625141 0.020000
o 117225666079342 0.020000
o 117203295431617 0.020000
o 117184947168589 0.020000
o 117176753286570 0.020000
o 117140655164710 0.020000
o 117116761257904 160.570000
117116761257904	160.570000
generalized-ising-IS3_5.0.5.0.0.5_softer_periodic
o 119209802822120 0.020000
o 119111186285382 0.030000
o 119092449222926 0.030000
o 118947164675035 0.030000
o 118840010342316 0.030000
o 118710663296640 0.030000
o 118605117217169 0.030000
o 118497628998407 0.030000
o 118396043605695 0.030000
o 118290446880245 0.030000
o 118163293723894 0.030000
o 118069959574267 0.030000
o 117963252389272 0.030000
o 117916954273686 0.030000
o 117849121086720 0.030000
o 117796040377556 0.030000
o 117736150323330 0.030000
o 117687207764241 0.030000
o 117636932768082 0.030000
o 117559925126201 0.030000
o 117499686714545 0.030000
o 117422205172183 0.030000
o 117421973433681 0.030000
o 117352378054533 0.030000
o 117306676164116 0.030000
o 117275776904236 0.030000
o 117271672402749 0.030000
o 117263175214344 0.030000
o 117229613883352 0.030000
o 117187411646759 0.030000
o 117176678057099 0.030000
o 117154971891139 0.030000
o 117129873762284 0.030000
o 117115648651867 0.030000
o 117106683209639 0.030000
o 117091411415604 0.030000
o 117071546804984 0.030000
o 117053217814874 0.030000
o 117049136690908 0.030000
o 117042525602060 0.030000
o 117022331020053 0.030000
o 117020810504233 0.030000
o 117020116794092 0.030000
o 117005452751238 0.030000
o 116994488551741 293.700000
116994488551741	293.700000
generalized-ising-IS3_5.0.5.0.0.5_softer_periodic
o 120321230611237 0.030000
o 120146660346356 0.030000
o 119990650932044 0.030000
o 119819772034455 0.030000
o 119660584218697 0.030000
o 119497368937245 0.030000
o 119331413860396 0.030000
o 119189510937728 0.030000
o 119087606265401 0.030000
o 118942663784691 0.030000
o 118856403659643 0.030000
o 118722998892054 0.030000
o 118586485670074 0.030000
o 118471186017402 0.030000
o 118361138441845 0.030000
o 118279591540059 0.030000
o 118196370689603 0.030000
o 118121622073994 0.030000
o 118098675587174 0.030000
o 118025947450488 0.030000
o 117946826553632 0.030000
o 117943453818001 0.030000
o 117865070749878 0.030000
o 117783583244276 0.030000
o 117721450194826 0.030000
o 117671481802678 0.030000
o 117616804660678 0.030000
o 117588636651750 0.030000
o 117548431799445 0.030000
o 117429931390344 0.030000
o 117361333033760 0.030000
o 117349023716788 0.030000
o 117347706364905 0.030000
o 117342765391906 0.030000
o 117329516026576 0.030000
o 117310113972449 0.030000
o 117297076343228 0.030000
o 117219634336121 0.030000
o 117209994118730 0.030000
o 117200014827003 0.030000
o 117167051936284 0.030000
o 117163126846517 0.030000
o 117156959973701 0.030000
o 117151340573194 0.030000
o 117105788374637 155.290000
o 117102531643493 155.290000
o 117080685523994 155.290000
o 117068975308773 155.290000
o 117039845459856 155.290000
117039845459856	155.290000
