judgment-aggregation-ja-kemeny-preflib-00049-00000300
o 1173 0.160000
o 1154 0.170000
o 1142 0.170000
o 1137 0.170000
o 1136 0.170000
o 1135 0.170000
o 1132 0.170000
o 1129 0.170000
o 1123 0.170000
o 1120 0.170000
o 1119 0.170000
o 1118 0.170000
o 1115 0.170000
o 1112 0.170000
o 1111 0.170000
o 1109 0.170000
o 1105 0.170000
o 1102 0.170000
o 1099 0.170000
o 1096 0.170000
o 1095 0.170000
o 1089 0.170000
o 1086 0.170000
o 1085 0.170000
o 1084 0.170000
o 1082 0.170000
o 1081 0.170000
o 1080 0.170000
o 1079 0.170000
o 1078 0.170000
o 1077 0.170000
o 1076 0.170000
o 1071 0.170000
o 1068 0.170000
o 1067 0.170000
o 1066 0.170000
o 1065 0.170000
o 1062 0.170000
o 1059 0.170000
o 1056 0.170000
o 1055 0.170000
o 1054 0.170000
o 1053 0.170000
o 1052 0.170000
o 1051 0.170000
o 1050 0.170000
o 1049 0.170000
o 1046 0.170000
o 1044 0.170000
o 1043 0.170000
o 1038 0.170000
o 1037 0.170000
o 1034 0.170000
o 1033 0.170000
o 1031 0.170000
o 1029 0.170000
o 1028 0.170000
o 1025 0.170000
o 1022 0.170000
o 1019 0.170000
o 1018 0.170000
o 1017 0.170000
o 1016 0.170000
o 1015 0.170000
o 1013 0.170000
o 1012 0.170000
o 1011 0.170000
o 1010 0.170000
o 1006 0.170000
o 1002 0.170000
o 1001 0.170000
o 1000 0.170000
o 996 0.170000
o 995 0.170000
o 994 0.170000
o 993 0.170000
o 990 0.170000
o 989 0.170000
o 988 0.170000
o 985 0.180000
o 984 0.180000
o 983 0.180000
o 982 0.180000
o 981 0.180000
o 979 0.180000
o 978 0.180000
o 977 0.180000
o 974 0.180000
o 973 0.180000
o 972 0.180000
o 969 0.180000
o 968 0.180000
o 967 0.180000
o 965 0.180000
o 964 0.180000
o 963 0.180000
o 962 0.190000
o 961 0.190000
o 954 0.190000
o 953 0.190000
o 952 0.190000
o 949 0.190000
o 948 0.190000
o 945 0.190000
o 944 0.190000
o 943 0.190000
o 941 0.190000
o 940 0.190000
o 939 0.190000
o 936 0.200000
o 934 0.200000
o 933 0.200000
o 931 0.200000
o 930 0.200000
o 929 0.200000
o 926 0.200000
o 924 0.200000
o 921 0.200000
o 916 0.200000
o 915 0.200000
o 912 0.200000
o 910 0.200000
o 908 0.200000
o 907 0.210000
o 906 0.210000
o 905 0.210000
o 902 0.210000
o 901 0.210000
o 899 0.210000
o 897 0.210000
o 896 0.210000
o 895 0.220000
o 894 0.220000
o 892 0.220000
o 889 0.220000
o 886 0.220000
o 885 0.220000
o 884 0.220000
o 882 0.220000
o 881 0.220000
o 880 0.220000
o 877 0.220000
o 874 0.220000
o 872 0.220000
o 870 0.220000
o 868 0.230000
o 866 0.230000
o 865 0.230000
o 864 0.230000
o 863 0.230000
o 862 0.230000
o 859 0.230000
o 858 0.240000
o 857 0.250000
o 855 0.260000
o 854 0.260000
o 853 0.260000
o 851 0.260000
o 850 0.270000
o 849 0.280000
o 848 0.280000
o 847 0.290000
o 846 0.300000
o 845 0.300000
o 843 0.430000
o 841 0.430000
o 840 0.430000
o 839 0.570000
o 838 0.570000
o 837 0.910000
o 836 1.000000
o 835 1.650000
o 834 2.200000
o 831 2.200000
o 830 2.200000
o 829 2.220000
o 828 2.310000
o 827 2.310000
o 826 2.340000
o 825 2.500000
o 823 2.690000
o 822 2.960000
o 821 4.080000
o 820 5.190000
o 819 5.570000
o 818 6.170000
o 817 6.400000
o 816 6.500000
o 815 7.330000
o 814 10.000000
o 813 10.170000
o 810 10.280000
o 807 10.280000
o 805 10.280000
o 804 10.280000
o 803 10.420000
o 802 10.530000
o 801 10.540000
o 800 10.640000
o 798 15.240000
o 797 24.790000
o 796 24.790000
o 795 49.420000
o 794 52.810000
o 793 104.310000
793	104.310000
judgment-aggregation-ja-kemeny-preflib-00049-00000300
o 1049 0.170000
o 1047 0.180000
o 1046 0.180000
o 1043 0.180000
o 1042 0.180000
o 1038 0.180000
o 1036 0.180000
o 1034 0.180000
o 1032 0.190000
o 1031 0.190000
o 1030 0.190000
o 1029 0.190000
o 1027 0.190000
o 1026 0.190000
o 1025 0.190000
o 1024 0.190000
o 1023 0.190000
o 1021 0.190000
o 1020 0.190000
o 1017 0.190000
o 1016 0.190000
o 1015 0.190000
o 1014 0.190000
o 1013 0.190000
o 1010 0.190000
o 1009 0.190000
o 1007 0.190000
o 1005 0.190000
o 1004 0.190000
o 1003 0.190000
o 998 0.190000
o 993 0.190000
o 992 0.190000
o 990 0.190000
o 989 0.190000
o 986 0.190000
o 982 0.190000
o 980 0.190000
o 978 0.190000
o 977 0.190000
o 974 0.190000
o 973 0.190000
o 972 0.190000
o 969 0.200000
o 968 0.200000
o 967 0.200000
o 964 0.200000
o 963 0.200000
o 962 0.200000
o 961 0.200000
o 960 0.210000
o 956 0.210000
o 955 0.210000
o 953 0.210000
o 949 0.220000
o 948 0.220000
o 947 0.220000
o 945 0.220000
o 944 0.220000
o 943 0.220000
o 940 0.220000
o 939 0.220000
o 934 0.220000
o 931 0.220000
o 928 0.220000
o 925 0.220000
o 924 0.220000
o 921 0.220000
o 918 0.220000
o 915 0.220000
o 912 0.220000
o 910 0.230000
o 909 0.230000
o 908 0.230000
o 907 0.230000
o 906 0.230000
o 905 0.230000
o 902 0.230000
o 899 0.230000
o 896 0.230000
o 895 0.230000
o 894 0.230000
o 891 0.230000
o 890 0.230000
o 889 0.230000
o 888 0.240000
o 887 0.240000
o 886 0.240000
o 885 0.250000
o 884 0.250000
o 881 0.250000
o 880 0.250000
o 879 0.250000
o 878 0.260000
o 875 0.260000
o 874 0.260000
o 873 0.260000
o 872 0.260000
o 866 0.260000
o 863 0.260000
o 862 0.260000
o 861 0.260000
o 859 0.260000
o 858 0.260000
o 857 0.260000
o 856 0.260000
o 855 0.260000
o 852 0.260000
o 851 0.260000
o 850 0.260000
o 849 0.260000
o 848 0.260000
o 845 0.260000
o 843 0.260000
o 842 0.270000
o 840 0.270000
o 839 0.270000
o 838 0.270000
o 837 0.270000
o 835 0.270000
o 834 0.270000
o 833 0.270000
o 832 0.300000
o 831 0.300000
o 830 0.300000
o 829 0.310000
o 828 0.310000
o 827 0.320000
o 826 0.320000
o 825 0.320000
o 824 0.820000
o 823 0.830000
o 822 0.830000
o 821 1.050000
o 820 1.050000
o 818 3.870000
o 817 84.460000
817	84.460000
judgment-aggregation-ja-kemeny-preflib-00049-00000300
o 1231 0.190000
o 1220 0.200000
o 1219 0.200000
o 1215 0.200000
o 1212 0.200000
o 1211 0.200000
o 1207 0.200000
o 1206 0.200000
o 1205 0.200000
o 1203 0.200000
o 1200 0.200000
o 1199 0.200000
o 1198 0.200000
o 1197 0.200000
o 1195 0.200000
o 1192 0.200000
o 1189 0.200000
o 1188 0.200000
o 1184 0.200000
o 1183 0.200000
o 1180 0.200000
o 1177 0.200000
o 1174 0.200000
o 1171 0.200000
o 1168 0.200000
o 1162 0.200000
o 1152 0.210000
o 1149 0.210000
o 1141 0.210000
o 1140 0.210000
o 1139 0.210000
o 1136 0.210000
o 1135 0.210000
o 1132 0.210000
o 1131 0.210000
o 1130 0.210000
o 1127 0.210000
o 1126 0.210000
o 1125 0.210000
o 1122 0.210000
o 1120 0.210000
o 1119 0.210000
o 1117 0.210000
o 1114 0.210000
o 1111 0.210000
o 1105 0.210000
o 1102 0.210000
o 1096 0.210000
o 1095 0.210000
o 1092 0.210000
o 1091 0.210000
o 1090 0.210000
o 1089 0.210000
o 1088 0.210000
o 1087 0.210000
o 1079 0.210000
o 1076 0.210000
o 1073 0.210000
o 1072 0.210000
o 1068 0.210000
o 1067 0.210000
o 1066 0.210000
o 1064 0.210000
o 1055 0.210000
o 1050 0.210000
o 1049 0.210000
o 1047 0.210000
o 1046 0.210000
o 1043 0.210000
o 1042 0.210000
o 1041 0.210000
o 1040 0.210000
o 1037 0.210000
o 1034 0.210000
o 1032 0.210000
o 1029 0.210000
o 1028 0.220000
o 1027 0.220000
o 1026 0.220000
o 1025 0.220000
o 1023 0.220000
o 1020 0.220000
o 1019 0.220000
o 1017 0.220000
o 1014 0.220000
o 1013 0.220000
o 1012 0.220000
o 1009 0.220000
o 1006 0.220000
o 1005 0.220000
o 1004 0.220000
o 1001 0.220000
o 998 0.220000
o 996 0.220000
o 994 0.220000
o 993 0.230000
o 990 0.230000
o 989 0.230000
o 988 0.230000
o 981 0.230000
o 980 0.230000
o 979 0.230000
o 976 0.230000
o 975 0.230000
o 973 0.230000
o 971 0.230000
o 962 0.230000
o 957 0.230000
o 956 0.230000
o 955 0.230000
o 954 0.240000
o 953 0.240000
o 952 0.240000
o 951 0.240000
o 949 0.240000
o 947 0.240000
o 946 0.240000
o 945 0.240000
o 944 0.240000
o 938 0.240000
o 937 0.240000
o 934 0.240000
o 931 0.240000
o 930 0.240000
o 929 0.240000
o 928 0.240000
o 925 0.240000
o 924 0.240000
o 922 0.240000
o 919 0.240000
o 917 0.240000
o 916 0.240000
o 910 0.240000
o 908 0.240000
o 906 0.240000
o 905 0.240000
o 904 0.240000
o 902 0.240000
o 901 0.240000
o 900 0.240000
o 899 0.240000
o 898 0.240000
o 897 0.240000
o 896 0.240000
o 894 0.240000
o 893 0.240000
o 892 0.240000
o 891 0.240000
o 888 0.240000
o 886 0.240000
o 883 0.240000
o 881 0.240000
o 878 0.240000
o 876 0.250000
o 875 0.250000
o 872 0.250000
o 870 0.250000
o 869 0.250000
o 868 0.250000
o 867 0.250000
o 864 0.250000
o 861 0.250000
o 846 0.250000
o 845 0.250000
o 844 0.260000
o 843 0.260000
o 842 0.260000
o 841 0.260000
o 838 0.260000
o 837 0.260000
o 836 0.260000
o 835 0.260000
o 834 0.280000
o 833 0.280000
o 831 0.290000
o 830 0.300000
o 829 0.300000
o 827 0.300000
o 825 0.300000
o 823 0.300000
o 822 0.300000
o 821 0.330000
o 820 0.330000
o 817 0.330000
o 816 0.330000
o 815 0.330000
o 814 0.330000
o 812 0.340000
o 811 0.340000
o 810 0.340000
o 809 0.340000
o 808 0.340000
o 807 0.420000
o 806 1.590000
o 804 2.780000
o 803 2.850000
o 802 2.850000
o 801 3.100000
o 800 5.000000
o 799 5.020000
o 798 10.200000
o 797 10.210000
o 796 13.040000
o 795 17.030000
o 793 22.630000
o 792 22.890000
792	22.890000
judgment-aggregation-ja-kemeny-preflib-00049-00000300
o 1310 0.240000
o 1296 0.250000
o 1289 0.250000
o 1288 0.250000
o 1279 0.250000
o 1278 0.250000
o 1275 0.250000
o 1269 0.250000
o 1268 0.250000
o 1265 0.250000
o 1262 0.250000
o 1251 0.250000
o 1246 0.250000
o 1243 0.250000
o 1242 0.250000
o 1241 0.260000
o 1240 0.260000
o 1239 0.260000
o 1238 0.260000
o 1219 0.260000
o 1211 0.260000
o 1208 0.260000
o 1201 0.260000
o 1200 0.260000
o 1198 0.260000
o 1197 0.260000
o 1194 0.260000
o 1178 0.260000
o 1173 0.260000
o 1168 0.260000
o 1161 0.260000
o 1158 0.260000
o 1153 0.260000
o 1150 0.260000
o 1149 0.260000
o 1146 0.260000
o 1143 0.260000
o 1142 0.260000
o 1141 0.260000
o 1140 0.260000
o 1134 0.260000
o 1131 0.260000
o 1128 0.260000
o 1123 0.260000
o 1122 0.260000
o 1119 0.260000
o 1116 0.260000
o 1113 0.260000
o 1112 0.260000
o 1109 0.260000
o 1108 0.260000
o 1105 0.260000
o 1104 0.260000
o 1103 0.260000
o 1100 0.260000
o 1099 0.260000
o 1098 0.260000
o 1095 0.260000
o 1094 0.260000
o 1093 0.260000
o 1090 0.260000
o 1089 0.260000
o 1087 0.260000
o 1086 0.260000
o 1085 0.260000
o 1082 0.260000
o 1081 0.260000
o 1078 0.260000
o 1076 0.260000
o 1075 0.260000
o 1072 0.260000
o 1071 0.260000
o 1069 0.260000
o 1068 0.260000
o 1066 0.260000
o 1065 0.260000
o 1062 0.260000
o 1061 0.260000
o 1059 0.260000
o 1054 0.260000
o 1053 0.260000
o 1052 0.260000
o 1049 0.260000
o 1046 0.260000
o 1043 0.260000
o 1031 0.260000
o 1029 0.260000
o 1025 0.260000
o 1023 0.260000
o 1022 0.260000
o 1018 0.260000
o 1015 0.260000
o 1011 0.260000
o 1009 0.260000
o 1006 0.260000
o 1005 0.260000
o 1004 0.260000
o 1003 0.260000
o 1002 0.260000
o 1000 0.260000
o 999 0.260000
o 998 0.260000
o 997 0.260000
o 995 0.260000
o 994 0.260000
o 993 0.260000
o 990 0.260000
o 988 0.260000
o 987 0.260000
o 986 0.260000
o 983 0.260000
o 980 0.260000
o 977 0.260000
o 974 0.260000
o 968 0.260000
o 967 0.260000
o 966 0.260000
o 964 0.260000
o 963 0.260000
o 962 0.260000
o 960 0.270000
o 957 0.270000
o 954 0.270000
o 951 0.270000
o 950 0.270000
o 949 0.270000
o 947 0.270000
o 944 0.270000
o 943 0.270000
o 942 0.270000
o 940 0.270000
o 939 0.270000
o 938 0.280000
o 937 0.280000
o 934 0.280000
o 933 0.280000
o 932 0.280000
o 930 0.280000
o 929 0.280000
o 927 0.290000
o 926 0.290000
o 925 0.290000
o 924 0.290000
o 921 0.290000
o 918 0.290000
o 917 0.290000
o 916 0.290000
o 915 0.290000
o 914 0.320000
o 913 0.490000
o 912 0.490000
o 911 0.530000
o 910 0.540000
o 909 0.540000
o 908 0.550000
o 906 0.580000
o 904 0.580000
o 903 0.630000
o 901 0.660000
o 900 0.730000
o 898 0.730000
o 896 0.740000
o 895 0.740000
o 892 0.750000
o 891 0.750000
o 887 0.750000
o 886 0.760000
o 885 0.760000
o 884 0.760000
o 880 0.760000
o 877 0.760000
o 876 0.760000
o 875 0.760000
o 873 0.760000
o 870 0.760000
o 865 0.760000
o 864 0.760000
o 862 0.760000
o 859 0.760000
o 857 0.760000
o 856 0.790000
o 855 0.880000
o 850 0.970000
o 849 1.020000
o 848 1.430000
o 847 1.510000
o 846 2.010000
o 845 2.010000
o 844 2.070000
o 843 2.070000
o 842 2.080000
o 841 2.080000
o 840 2.080000
o 839 2.090000
o 838 2.100000
o 837 2.130000
o 836 2.130000
o 834 2.130000
o 831 2.130000
o 829 2.270000
o 828 2.270000
o 827 2.480000
o 825 2.580000
o 824 5.130000
o 823 13.400000
o 822 23.270000
o 820 37.010000
o 819 37.010000
o 818 37.010000
o 817 37.020000
o 815 37.040000
o 814 37.050000
o 813 37.860000
o 812 62.060000
o 811 79.780000
o 810 222.770000
o 809 222.810000
o 808 222.810000
o 807 222.840000
o 806 222.850000
o 805 250.540000
o 804 250.730000
o 803 253.890000
o 801 256.260000
o 800 256.450000
o 799 258.410000
799	258.410000
judgment-aggregation-ja-kemeny-preflib-00049-00000300
o 1142 0.310000
o 1140 0.320000
o 1139 0.320000
o 1136 0.320000
o 1129 0.330000
o 1127 0.330000
o 1121 0.330000
o 1120 0.330000
o 1114 0.330000
o 1113 0.330000
o 1112 0.330000
o 1111 0.330000
o 1108 0.330000
o 1107 0.330000
o 1104 0.330000
o 1101 0.330000
o 1100 0.330000
o 1099 0.330000
o 1093 0.330000
o 1092 0.330000
o 1091 0.330000
o 1088 0.330000
o 1087 0.330000
o 1083 0.330000
o 1080 0.330000
o 1079 0.330000
o 1076 0.330000
o 1074 0.330000
o 1073 0.330000
o 1072 0.330000
o 1071 0.330000
o 1064 0.330000
o 1063 0.330000
o 1061 0.330000
o 1057 0.330000
o 1053 0.330000
o 1052 0.330000
o 1051 0.330000
o 1050 0.330000
o 1042 0.330000
o 1039 0.330000
o 1038 0.330000
o 1037 0.330000
o 1034 0.330000
o 1032 0.330000
o 1031 0.330000
o 1030 0.330000
o 1027 0.330000
o 1026 0.330000
o 1025 0.330000
o 1024 0.330000
o 1023 0.330000
o 1021 0.330000
o 1020 0.330000
o 1019 0.330000
o 1018 0.330000
o 1014 0.330000
o 1013 0.330000
o 1010 0.330000
o 1009 0.330000
o 1007 0.330000
o 999 0.330000
o 996 0.330000
o 995 0.330000
o 994 0.330000
o 993 0.330000
o 992 0.330000
o 986 0.330000
o 983 0.330000
o 979 0.330000
o 978 0.330000
o 977 0.330000
o 972 0.330000
o 971 0.330000
o 970 0.340000
o 968 0.340000
o 967 0.340000
o 966 0.340000
o 964 0.340000
o 963 0.340000
o 960 0.350000
o 959 0.370000
o 957 0.370000
o 956 0.370000
o 955 0.380000
o 953 0.380000
o 952 0.390000
o 950 0.400000
o 949 0.400000
o 948 0.400000
o 946 0.400000
o 943 0.400000
o 942 0.400000
o 941 0.400000
o 937 0.400000
o 934 0.400000
o 930 0.400000
o 929 0.400000
o 928 0.400000
o 926 0.420000
o 924 0.450000
o 923 0.450000
o 922 0.450000
o 921 0.450000
o 920 0.450000
o 919 0.450000
o 918 0.450000
o 915 0.450000
o 912 0.450000
o 911 0.460000
o 910 0.460000
o 906 0.460000
o 905 0.460000
o 904 0.460000
o 902 0.460000
o 900 0.460000
o 899 0.460000
o 896 0.460000
o 893 0.460000
o 892 0.460000
o 890 0.470000
o 888 0.470000
o 887 0.470000
o 885 0.470000
o 884 0.470000
o 883 0.480000
o 882 0.480000
o 881 0.480000
o 880 0.490000
o 879 0.490000
o 876 0.490000
o 874 0.550000
o 873 0.560000
o 872 0.560000
o 870 0.570000
o 868 0.580000
o 867 0.590000
o 863 0.590000
o 860 0.590000
o 859 0.670000
o 857 1.150000
o 855 1.150000
o 854 4.840000
o 852 4.840000
o 851 4.840000
o 850 4.950000
o 849 5.440000
o 848 10.890000
o 847 10.890000
o 846 10.900000
o 845 10.920000
o 842 10.920000
o 841 10.920000
o 840 10.920000
o 839 11.220000
o 838 12.510000
o 837 20.980000
o 836 36.820000
o 835 159.210000
835	159.210000
judgment-aggregation-ja-kemeny-preflib-00049-00000300
o 1071 0.220000
o 1069 0.230000
o 1065 0.230000
o 1062 0.230000
o 1059 0.230000
o 1056 0.230000
o 1051 0.230000
o 1050 0.230000
o 1049 0.230000
o 1047 0.230000
o 1046 0.230000
o 1045 0.230000
o 1042 0.230000
o 1041 0.230000
o 1040 0.230000
o 1039 0.230000
o 1038 0.230000
o 1036 0.230000
o 1035 0.230000
o 1032 0.230000
o 1031 0.230000
o 1030 0.230000
o 1029 0.230000
o 1026 0.230000
o 1025 0.230000
o 1024 0.230000
o 1023 0.230000
o 1022 0.230000
o 1020 0.230000
o 1019 0.240000
o 1018 0.240000
o 1017 0.240000
o 1013 0.240000
o 1012 0.240000
o 1009 0.240000
o 1008 0.240000
o 1005 0.240000
o 1004 0.240000
o 1003 0.240000
o 1002 0.240000
o 1001 0.240000
o 1000 0.240000
o 999 0.240000
o 996 0.240000
o 986 0.240000
o 985 0.240000
o 984 0.240000
o 982 0.240000
o 981 0.240000
o 980 0.240000
o 979 0.240000
o 978 0.240000
o 975 0.240000
o 974 0.240000
o 973 0.240000
o 972 0.240000
o 967 0.240000
o 966 0.240000
o 965 0.240000
o 964 0.240000
o 963 0.240000
o 962 0.240000
o 961 0.240000
o 960 0.240000
o 958 0.240000
o 956 0.240000
o 954 0.240000
o 952 0.240000
o 951 0.240000
o 950 0.240000
o 949 0.240000
o 948 0.240000
o 945 0.250000
o 944 0.250000
o 943 0.250000
o 941 0.250000
o 938 0.250000
o 937 0.250000
o 936 0.250000
o 935 0.250000
o 932 0.250000
o 931 0.250000
o 928 0.250000
o 925 0.250000
o 923 0.250000
o 922 0.250000
o 921 0.260000
o 920 0.260000
o 917 0.260000
o 916 0.260000
o 915 0.260000
o 913 0.260000
o 912 0.260000
o 911 0.270000
o 910 0.270000
o 909 0.270000
o 908 0.270000
o 906 0.270000
o 905 0.270000
o 903 0.270000
o 902 0.270000
o 901 0.280000
o 900 0.280000
o 899 0.280000
o 898 0.280000
o 897 0.290000
o 895 0.290000
o 894 0.290000
o 893 0.290000
o 892 0.290000
o 891 0.290000
o 890 0.290000
o 888 0.290000
o 887 0.290000
o 884 0.290000
o 883 0.290000
o 882 0.290000
o 879 0.290000
o 878 0.290000
o 876 0.290000
o 875 0.310000
o 874 0.330000
o 872 0.370000
o 871 0.390000
o 870 0.390000
o 869 0.390000
o 868 0.390000
o 866 0.390000
o 864 0.400000
o 863 0.490000
o 862 0.540000
o 861 0.540000
o 860 0.540000
o 857 0.540000
o 854 0.540000
o 853 0.540000
o 848 0.550000
o 847 0.550000
o 841 0.550000
o 840 0.550000
o 838 0.550000
o 837 0.560000
o 836 0.570000
o 835 0.570000
o 834 0.630000
o 833 0.710000
o 831 0.710000
o 830 1.410000
o 829 1.420000
o 828 1.500000
o 827 1.500000
o 826 2.430000
o 825 2.430000
o 823 5.650000
o 822 6.590000
o 821 6.670000
o 820 7.110000
o 819 7.670000
o 818 7.710000
o 817 7.770000
o 816 7.780000
o 815 7.780000
o 814 7.970000
o 812 8.110000
o 811 8.110000
o 809 9.880000
o 807 14.480000
o 805 14.480000
o 804 14.480000
o 803 14.510000
o 802 14.810000
o 801 19.070000
o 800 26.470000
o 799 31.600000
o 797 36.740000
o 796 79.160000
o 795 79.170000
o 793 79.170000
o 792 79.170000
o 791 163.570000
o 790 163.890000
o 789 164.500000
o 788 165.000000
o 787 165.030000
o 785 165.040000
o 784 165.120000
o 782 165.150000
o 781 187.160000
781	187.160000
judgment-aggregation-ja-kemeny-preflib-00049-00000300
o 1446 0.180000
o 1424 0.190000
o 1414 0.190000
o 1413 0.190000
o 1411 0.190000
o 1408 0.190000
o 1406 0.190000
o 1399 0.190000
o 1398 0.190000
o 1393 0.190000
o 1392 0.190000
o 1391 0.190000
o 1388 0.190000
o 1385 0.190000
o 1384 0.190000
o 1381 0.190000
o 1378 0.190000
o 1377 0.190000
o 1376 0.190000
o 1373 0.190000
o 1371 0.190000
o 1370 0.190000
o 1369 0.190000
o 1366 0.190000
o 1363 0.190000
o 1358 0.190000
o 1356 0.190000
o 1353 0.190000
o 1352 0.190000
o 1350 0.190000
o 1347 0.190000
o 1346 0.190000
o 1345 0.190000
o 1344 0.190000
o 1339 0.190000
o 1336 0.190000
o 1331 0.190000
o 1330 0.190000
o 1329 0.190000
o 1328 0.190000
o 1326 0.190000
o 1325 0.190000
o 1324 0.190000
o 1305 0.190000
o 1301 0.190000
o 1300 0.190000
o 1297 0.190000
o 1295 0.190000
o 1292 0.190000
o 1287 0.190000
o 1286 0.190000
o 1284 0.190000
o 1279 0.200000
o 1277 0.200000
o 1276 0.200000
o 1275 0.200000
o 1274 0.200000
o 1271 0.200000
o 1270 0.200000
o 1268 0.200000
o 1265 0.200000
o 1262 0.200000
o 1261 0.200000
o 1260 0.200000
o 1259 0.200000
o 1258 0.200000
o 1255 0.200000
o 1253 0.200000
o 1250 0.200000
o 1249 0.200000
o 1246 0.200000
o 1243 0.200000
o 1241 0.200000
o 1238 0.200000
o 1237 0.200000
o 1236 0.200000
o 1235 0.200000
o 1234 0.200000
o 1232 0.200000
o 1229 0.200000
o 1227 0.200000
o 1221 0.200000
o 1218 0.200000
o 1217 0.200000
o 1216 0.200000
o 1215 0.200000
o 1213 0.200000
o 1211 0.200000
o 1207 0.200000
o 1205 0.200000
o 1200 0.200000
o 1199 0.200000
o 1198 0.200000
o 1193 0.200000
o 1192 0.200000
o 1189 0.200000
o 1186 0.200000
o 1185 0.200000
o 1182 0.200000
o 1180 0.200000
o 1179 0.200000
o 1176 0.200000
o 1173 0.200000
o 1172 0.200000
o 1169 0.200000
o 1168 0.200000
o 1167 0.200000
o 1166 0.200000
o 1163 0.200000
o 1160 0.200000
o 1159 0.200000
o 1158 0.200000
o 1157 0.200000
o 1154 0.200000
o 1153 0.200000
o 1151 0.200000
o 1150 0.200000
o 1147 0.200000
o 1146 0.200000
o 1139 0.200000
o 1137 0.200000
o 1135 0.200000
o 1134 0.200000
o 1132 0.200000
o 1131 0.200000
o 1130 0.200000
o 1125 0.200000
o 1124 0.200000
o 1123 0.200000
o 1121 0.200000
o 1120 0.200000
o 1117 0.200000
o 1114 0.200000
o 1111 0.200000
o 1107 0.200000
o 1106 0.200000
o 1105 0.200000
o 1103 0.200000
o 1102 0.200000
o 1101 0.200000
o 1098 0.200000
o 1095 0.200000
o 1092 0.200000
o 1084 0.200000
o 1083 0.200000
o 1082 0.200000
o 1080 0.200000
o 1078 0.200000
o 1077 0.200000
o 1076 0.200000
o 1075 0.200000
o 1073 0.200000
o 1070 0.200000
o 1067 0.200000
o 1066 0.200000
o 1065 0.210000
o 1063 0.210000
o 1060 0.210000
o 1059 0.210000
o 1056 0.210000
o 1055 0.210000
o 1054 0.210000
o 1052 0.210000
o 1049 0.210000
o 1048 0.210000
o 1047 0.210000
o 1046 0.210000
o 1045 0.210000
o 1044 0.210000
o 1043 0.210000
o 1041 0.210000
o 1039 0.210000
o 1036 0.210000
o 1035 0.210000
o 1034 0.210000
o 1026 0.210000
o 1025 0.210000
o 1022 0.210000
o 1019 0.210000
o 1018 0.210000
o 1017 0.220000
o 1015 0.220000
o 1013 0.220000
o 1010 0.220000
o 1009 0.220000
o 1006 0.220000
o 1003 0.220000
o 1000 0.220000
o 997 0.220000
o 996 0.220000
o 995 0.220000
o 994 0.220000
o 993 0.220000
o 992 0.230000
o 990 0.240000
o 989 0.240000
o 988 0.240000
o 987 0.240000
o 984 0.240000
o 981 0.240000
o 976 0.240000
o 975 0.240000
o 974 0.240000
o 971 0.240000
o 970 0.240000
o 969 0.240000
o 968 0.250000
o 967 0.250000
o 965 0.250000
o 962 0.250000
o 958 0.260000
o 957 0.260000
o 956 0.330000
o 953 0.360000
o 950 0.360000
o 949 0.370000
o 947 0.380000
o 946 0.400000
o 945 0.510000
o 944 0.510000
o 943 0.510000
o 942 0.530000
o 941 0.530000
o 940 0.530000
o 935 0.530000
o 932 0.530000
o 930 0.560000
o 929 0.560000
o 928 0.560000
o 925 0.560000
o 922 0.560000
o 921 0.570000
o 919 0.570000
o 917 0.570000
o 912 0.570000
o 911 0.570000
o 906 0.570000
o 903 0.580000
o 901 0.580000
o 900 0.580000
o 899 0.590000
o 898 0.590000
o 897 0.590000
o 896 0.590000
o 895 0.840000
o 894 0.920000
o 890 1.650000
o 889 1.650000
o 888 1.650000
o 887 1.660000
o 886 1.670000
o 885 1.910000
o 883 3.000000
o 882 3.000000
o 881 3.000000
o 880 3.000000
o 879 3.000000
o 878 3.020000
o 877 14.490000
o 876 14.510000
o 875 14.780000
o 872 20.180000
o 871 20.180000
o 870 20.200000
o 869 20.670000
o 868 20.670000
o 867 20.680000
o 866 21.400000
o 864 23.800000
o 855 23.800000
o 854 35.070000
o 853 119.090000
o 852 282.920000
o 851 287.380000
851	287.380000
judgment-aggregation-ja-kemeny-preflib-00049-00000300
o 1304 0.290000
o 1293 0.310000
o 1285 0.310000
o 1282 0.310000
o 1277 0.310000
o 1276 0.310000
o 1275 0.310000
o 1274 0.310000
o 1273 0.310000
o 1272 0.310000
o 1268 0.310000
o 1266 0.310000
o 1265 0.310000
o 1264 0.310000
o 1262 0.310000
o 1261 0.310000
o 1260 0.310000
o 1259 0.320000
o 1258 0.320000
o 1255 0.320000
o 1252 0.320000
o 1248 0.320000
o 1245 0.320000
o 1242 0.320000
o 1235 0.320000
o 1230 0.320000
o 1229 0.320000
o 1228 0.320000
o 1225 0.320000
o 1217 0.320000
o 1215 0.320000
o 1212 0.320000
o 1211 0.320000
o 1208 0.320000
o 1206 0.320000
o 1201 0.320000
o 1198 0.320000
o 1186 0.320000
o 1183 0.330000
o 1182 0.330000
o 1181 0.330000
o 1179 0.340000
o 1178 0.340000
o 1177 0.340000
o 1176 0.340000
o 1171 0.340000
o 1170 0.340000
o 1168 0.340000
o 1167 0.340000
o 1166 0.340000
o 1165 0.340000
o 1164 0.350000
o 1161 0.350000
o 1155 0.350000
o 1154 0.350000
o 1153 0.350000
o 1150 0.350000
o 1149 0.350000
o 1148 0.350000
o 1147 0.350000
o 1144 0.350000
o 1143 0.350000
o 1142 0.350000
o 1141 0.350000
o 1140 0.350000
o 1139 0.350000
o 1137 0.350000
o 1136 0.350000
o 1135 0.350000
o 1134 0.350000
o 1133 0.350000
o 1132 0.350000
o 1130 0.350000
o 1127 0.360000
o 1126 0.360000
o 1123 0.360000
o 1115 0.360000
o 1113 0.370000
o 1107 0.370000
o 1104 0.370000
o 1101 0.380000
o 1100 0.380000
o 1091 0.380000
o 1090 0.380000
o 1087 0.390000
o 1086 0.390000
o 1083 0.390000
o 1079 0.390000
o 1076 0.390000
o 1075 0.390000
o 1073 0.390000
o 1072 0.390000
o 1071 0.390000
o 1070 0.390000
o 1069 0.390000
o 1068 0.390000
o 1067 0.390000
o 1051 0.390000
o 1050 0.400000
o 1049 0.400000
o 1046 0.400000
o 1040 0.400000
o 1039 0.400000
o 1038 0.400000
o 1037 0.400000
o 1036 0.410000
o 1035 0.410000
o 1032 0.410000
o 1030 0.410000
o 1029 0.410000
o 1027 0.420000
o 1025 0.420000
o 1023 0.430000
o 1022 0.430000
o 1021 0.430000
o 1020 0.430000
o 1019 0.430000
o 1018 0.430000
o 1016 0.430000
o 1015 0.430000
o 1014 0.430000
o 1012 0.430000
o 1009 0.430000
o 1008 0.430000
o 1006 0.430000
o 1005 0.430000
o 1003 0.430000
o 1002 0.430000
o 1001 0.430000
o 999 0.430000
o 998 0.430000
o 997 0.450000
o 996 0.450000
o 993 0.450000
o 989 0.460000
o 988 0.460000
o 987 0.460000
o 986 0.460000
o 985 0.470000
o 984 0.470000
o 981 0.470000
o 980 0.470000
o 979 0.470000
o 976 0.470000
o 975 0.470000
o 973 0.470000
o 968 0.470000
o 967 0.470000
o 964 0.470000
o 959 0.480000
o 955 0.480000
o 953 0.480000
o 952 0.480000
o 951 0.480000
o 949 0.480000
o 940 0.480000
o 937 0.480000
o 936 0.480000
o 935 0.480000
o 934 0.490000
o 933 0.490000
o 932 0.490000
o 931 0.490000
o 929 0.500000
o 927 0.500000
o 926 0.520000
o 925 0.520000
o 924 0.520000
o 919 0.520000
o 918 0.520000
o 917 0.530000
o 916 0.530000
o 915 0.530000
o 914 0.570000
o 913 0.570000
o 911 0.570000
o 910 0.570000
o 909 0.570000
o 908 0.570000
o 906 0.580000
o 905 0.580000
o 904 0.580000
o 903 0.580000
o 901 0.580000
o 900 0.580000
o 899 0.580000
o 896 0.580000
o 894 0.580000
o 893 0.580000
o 892 0.600000
o 891 0.610000
o 889 0.610000
o 886 0.610000
o 885 0.610000
o 884 0.610000
o 883 0.610000
o 882 0.610000
o 878 0.610000
o 877 0.620000
o 874 0.660000
o 873 0.660000
o 869 0.660000
o 868 0.660000
o 866 0.660000
o 863 0.660000
o 862 0.660000
o 861 0.690000
o 860 0.690000
o 858 0.730000
o 850 0.730000
o 849 0.730000
o 848 0.740000
o 847 0.740000
o 846 0.770000
o 843 0.770000
o 842 0.800000
o 841 0.800000
o 839 0.800000
o 838 0.930000
o 837 0.970000
o 836 0.980000
o 833 0.980000
o 832 0.980000
o 830 0.980000
o 829 1.020000
o 828 1.020000
o 827 1.070000
o 826 1.070000
o 825 1.070000
o 824 1.160000
o 822 1.170000
o 820 1.190000
o 819 1.190000
o 818 1.280000
o 817 1.600000
o 812 1.610000
o 811 1.610000
o 810 1.610000
o 809 1.620000
o 806 1.640000
o 805 1.640000
o 802 1.640000
o 801 1.640000
o 798 1.640000
o 797 1.640000
o 796 1.690000
o 795 1.720000
o 794 2.680000
o 793 10.000000
o 792 138.530000
o 791 138.530000
o 789 138.650000
o 788 278.210000
o 787 280.900000
787	280.900000
judgment-aggregation-ja-kemeny-preflib-00049-00000300
o 1191 0.230000
o 1190 0.240000
o 1187 0.240000
o 1181 0.240000
o 1171 0.250000
o 1168 0.250000
o 1165 0.250000
o 1164 0.250000
o 1157 0.250000
o 1156 0.250000
o 1155 0.250000
o 1147 0.250000
o 1146 0.250000
o 1145 0.250000
o 1143 0.250000
o 1141 0.250000
o 1140 0.250000
o 1137 0.250000
o 1135 0.250000
o 1134 0.250000
o 1132 0.250000
o 1131 0.250000
o 1129 0.250000
o 1123 0.250000
o 1120 0.250000
o 1119 0.250000
o 1115 0.250000
o 1114 0.250000
o 1113 0.250000
o 1108 0.250000
o 1107 0.250000
o 1103 0.250000
o 1102 0.250000
o 1099 0.250000
o 1098 0.250000
o 1097 0.250000
o 1095 0.250000
o 1094 0.250000
o 1093 0.250000
o 1090 0.250000
o 1088 0.250000
o 1085 0.250000
o 1082 0.250000
o 1080 0.250000
o 1076 0.250000
o 1070 0.250000
o 1061 0.250000
o 1060 0.250000
o 1057 0.250000
o 1056 0.250000
o 1051 0.250000
o 1050 0.250000
o 1048 0.250000
o 1047 0.250000
o 1039 0.250000
o 1037 0.250000
o 1036 0.250000
o 1035 0.250000
o 1034 0.250000
o 1030 0.250000
o 1027 0.250000
o 1024 0.250000
o 1023 0.250000
o 1022 0.250000
o 1019 0.260000
o 1018 0.260000
o 1017 0.260000
o 1016 0.260000
o 1015 0.260000
o 1014 0.260000
o 1012 0.260000
o 1009 0.260000
o 1007 0.260000
o 1005 0.260000
o 1004 0.260000
o 1003 0.260000
o 998 0.260000
o 993 0.260000
o 992 0.260000
o 990 0.260000
o 989 0.260000
o 987 0.260000
o 986 0.260000
o 983 0.260000
o 982 0.260000
o 980 0.270000
o 979 0.270000
o 977 0.270000
o 974 0.270000
o 971 0.270000
o 966 0.270000
o 965 0.270000
o 964 0.270000
o 961 0.270000
o 960 0.270000
o 959 0.270000
o 958 0.270000
o 957 0.280000
o 953 0.280000
o 952 0.280000
o 951 0.280000
o 950 0.280000
o 949 0.280000
o 948 0.280000
o 947 0.280000
o 946 0.280000
o 944 0.280000
o 940 0.290000
o 935 0.290000
o 933 0.290000
o 932 0.290000
o 930 0.290000
o 928 0.290000
o 925 0.300000
o 924 0.300000
o 923 0.300000
o 920 0.300000
o 919 0.300000
o 918 0.300000
o 916 0.300000
o 915 0.300000
o 912 0.300000
o 910 0.300000
o 908 0.300000
o 907 0.300000
o 906 0.300000
o 905 0.300000
o 903 0.300000
o 902 0.300000
o 901 0.300000
o 898 0.300000
o 895 0.300000
o 890 0.300000
o 889 0.300000
o 887 0.300000
o 886 0.300000
o 885 0.300000
o 884 0.300000
o 883 0.300000
o 882 0.300000
o 880 0.310000
o 879 0.310000
o 878 0.320000
o 877 0.350000
o 875 0.350000
o 873 0.350000
o 872 0.350000
o 871 0.350000
o 870 0.360000
o 869 0.360000
o 868 0.360000
o 867 0.360000
o 866 0.360000
o 865 0.360000
o 864 0.400000
o 861 0.400000
o 858 0.400000
o 857 0.400000
o 856 0.400000
o 855 0.400000
o 854 0.400000
o 852 0.400000
o 851 0.400000
o 850 0.410000
o 849 0.410000
o 848 0.410000
o 847 0.420000
o 846 0.420000
o 844 0.420000
o 843 0.450000
o 842 0.480000
o 841 0.490000
o 839 0.490000
o 838 0.490000
o 836 0.550000
o 835 0.560000
o 834 0.560000
o 833 0.560000
o 832 0.560000
o 831 0.560000
o 830 0.570000
o 829 0.570000
o 827 0.580000
o 826 0.580000
o 824 0.580000
o 823 0.580000
o 822 0.630000
o 820 0.630000
o 819 0.640000
o 818 0.650000
o 817 0.650000
o 816 0.670000
o 815 0.670000
o 814 0.680000
o 812 0.680000
o 811 0.680000
o 810 0.700000
o 808 0.700000
o 806 0.790000
o 805 1.180000
o 803 1.390000
o 802 1.690000
o 801 1.690000
o 800 1.810000
o 797 1.810000
o 795 1.900000
o 793 2.810000
o 790 2.810000
o 789 125.230000
o 788 126.410000
788	126.410000
judgment-aggregation-ja-kemeny-preflib-00049-00000300
o 1356 0.360000
o 1345 0.380000
o 1342 0.380000
o 1339 0.380000
o 1338 0.380000
o 1335 0.380000
o 1334 0.380000
o 1332 0.380000
o 1329 0.390000
o 1323 0.390000
o 1315 0.390000
o 1303 0.390000
o 1300 0.390000
o 1297 0.390000
o 1292 0.390000
o 1287 0.390000
o 1286 0.390000
o 1284 0.390000
o 1283 0.390000
o 1280 0.390000
o 1277 0.390000
o 1271 0.390000
o 1268 0.390000
o 1265 0.390000
o 1264 0.390000
o 1261 0.390000
o 1260 0.390000
o 1257 0.390000
o 1256 0.390000
o 1253 0.390000
o 1252 0.390000
o 1251 0.390000
o 1250 0.390000
o 1249 0.390000
o 1246 0.390000
o 1243 0.390000
o 1242 0.390000
o 1241 0.390000
o 1240 0.390000
o 1239 0.390000
o 1236 0.390000
o 1235 0.390000
o 1234 0.390000
o 1233 0.390000
o 1232 0.390000
o 1226 0.390000
o 1225 0.390000
o 1212 0.390000
o 1211 0.390000
o 1210 0.390000
o 1207 0.390000
o 1204 0.390000
o 1201 0.390000
o 1197 0.390000
o 1194 0.390000
o 1193 0.390000
o 1191 0.390000
o 1190 0.390000
o 1189 0.390000
o 1186 0.390000
o 1185 0.390000
o 1183 0.390000
o 1182 0.390000
o 1179 0.390000
o 1176 0.390000
o 1175 0.390000
o 1172 0.390000
o 1166 0.390000
o 1161 0.390000
o 1160 0.390000
o 1157 0.390000
o 1154 0.390000
o 1153 0.390000
o 1152 0.390000
o 1151 0.390000
o 1150 0.390000
o 1147 0.390000
o 1146 0.390000
o 1145 0.390000
o 1142 0.400000
o 1141 0.400000
o 1140 0.400000
o 1139 0.400000
o 1134 0.400000
o 1131 0.400000
o 1130 0.400000
o 1129 0.400000
o 1126 0.400000
o 1125 0.400000
o 1124 0.400000
o 1121 0.400000
o 1118 0.400000
o 1116 0.400000
o 1113 0.400000
o 1111 0.400000
o 1110 0.400000
o 1106 0.400000
o 1104 0.400000
o 1103 0.400000
o 1102 0.400000
o 1101 0.400000
o 1098 0.400000
o 1095 0.400000
o 1089 0.400000
o 1088 0.400000
o 1086 0.400000
o 1085 0.400000
o 1082 0.400000
o 1081 0.400000
o 1078 0.400000
o 1075 0.410000
o 1073 0.410000
o 1072 0.410000
o 1069 0.410000
o 1068 0.410000
o 1065 0.410000
o 1064 0.410000
o 1062 0.410000
o 1057 0.410000
o 1056 0.410000
o 1055 0.410000
o 1049 0.410000
o 1048 0.410000
o 1046 0.410000
o 1044 0.410000
o 1039 0.410000
o 1036 0.410000
o 1031 0.410000
o 1030 0.410000
o 1029 0.410000
o 1028 0.410000
o 1027 0.410000
o 1026 0.410000
o 1023 0.410000
o 1022 0.410000
o 1018 0.410000
o 1017 0.410000
o 1016 0.410000
o 1014 0.420000
o 1013 0.420000
o 1012 0.420000
o 1011 0.420000
o 1008 0.420000
o 1006 0.430000
o 1005 0.430000
o 1002 0.430000
o 1001 0.430000
o 998 0.430000
o 995 0.430000
o 994 0.430000
o 993 0.430000
o 992 0.430000
o 991 0.430000
o 990 0.430000
o 989 0.440000
o 988 0.440000
o 986 0.440000
o 979 0.440000
o 978 0.440000
o 977 0.440000
o 976 0.440000
o 975 0.440000
o 969 0.440000
o 968 0.440000
o 966 0.450000
o 964 0.450000
o 963 0.450000
o 960 0.450000
o 959 0.460000
o 958 0.470000
o 957 0.470000
o 955 0.480000
o 954 0.480000
o 952 0.480000
o 950 0.480000
o 949 0.480000
o 946 0.480000
o 944 0.490000
o 943 0.490000
o 942 0.490000
o 939 0.490000
o 933 0.490000
o 932 0.490000
o 931 0.490000
o 930 0.490000
o 929 0.490000
o 928 0.500000
o 927 0.530000
o 926 0.530000
o 925 0.530000
o 922 0.530000
o 921 0.530000
o 920 0.530000
o 917 0.530000
o 916 0.530000
o 915 0.540000
o 914 0.540000
o 913 0.550000
o 912 0.550000
o 911 0.590000
o 910 0.590000
o 907 0.600000
o 906 0.600000
o 903 0.610000
o 900 0.610000
o 899 0.610000
o 893 0.610000
o 890 0.610000
o 884 0.610000
o 882 0.610000
o 880 0.630000
o 879 0.630000
o 878 0.630000
o 876 0.640000
o 875 0.640000
o 874 0.640000
o 873 0.640000
o 872 0.650000
o 871 0.650000
o 870 0.710000
o 869 0.720000
o 866 0.720000
o 865 0.720000
o 864 0.760000
o 863 0.780000
o 862 0.790000
o 860 0.830000
o 857 0.920000
o 855 0.960000
o 854 0.960000
o 853 0.960000
o 852 0.960000
o 851 0.960000
o 850 0.960000
o 849 1.040000
o 846 1.160000
o 844 2.250000
o 842 2.450000
o 835 6.510000
o 834 6.520000
o 833 6.520000
o 832 6.590000
o 831 6.590000
o 830 7.490000
o 828 8.960000
o 827 8.960000
o 825 8.970000
o 824 17.820000
o 823 22.200000
o 822 22.960000
o 821 24.130000
o 818 24.130000
o 817 24.270000
o 816 24.560000
o 815 25.550000
o 814 30.030000
o 813 47.360000
o 811 142.350000
o 808 144.630000
o 806 234.140000
o 802 234.140000
o 801 234.140000
o 800 234.140000
o 798 234.150000
o 797 234.150000
o 796 240.770000
796	240.770000
