MinimumWeightDominatingSetProblem-delaunay_n24
o 276432528 159.830000
276432528	159.830000
MinimumWeightDominatingSetProblem-delaunay_n24
o 276350219 134.720000
276350219	134.720000
MinimumWeightDominatingSetProblem-delaunay_n24
o 276337805 138.520000
276337805	138.520000
MinimumWeightDominatingSetProblem-delaunay_n24
o 276483557 202.370000
276483557	202.370000
MinimumWeightDominatingSetProblem-delaunay_n24
o 276391349 149.820000
276391349	149.820000
MinimumWeightDominatingSetProblem-delaunay_n24
o 276393457 292.810000
276393457	292.810000
MinimumWeightDominatingSetProblem-delaunay_n24
o 276382820 174.550000
276382820	174.550000
MinimumWeightDominatingSetProblem-delaunay_n24
o 276423416 114.370000
276423416	114.370000
MinimumWeightDominatingSetProblem-delaunay_n24
o 276463756 166.130000
276463756	166.130000
MinimumWeightDominatingSetProblem-delaunay_n24
o 276449071 136.750000
276449071	136.750000
