MinimumWeightDominatingSetProblem-web-wikipedia2009
o 36530121 11.420000
o 27182770 150.730000
o 27182767 150.740000
o 27182765 150.740000
o 27182618 150.740000
o 27182580 151.230000
o 27182520 151.240000
27182520	151.240000
MinimumWeightDominatingSetProblem-web-wikipedia2009
o 36530979 15.840000
o 27181172 179.900000
o 27181170 179.900000
o 27181168 179.910000
o 27181166 179.910000
o 27181164 179.910000
o 27181161 179.920000
o 27181160 179.920000
27181160	179.920000
MinimumWeightDominatingSetProblem-web-wikipedia2009
o 36534270 16.750000
o 27184367 237.320000
o 27184302 237.320000
27184302	237.320000
MinimumWeightDominatingSetProblem-web-wikipedia2009
o 36449057 13.420000
o 27181753 177.760000
o 27181722 177.770000
27181722	177.770000
MinimumWeightDominatingSetProblem-web-wikipedia2009
o 36417717 15.010000
o 27181235 194.780000
o 27181170 194.790000
27181170	194.790000
MinimumWeightDominatingSetProblem-web-wikipedia2009
o 36404108 10.920000
o 27181027 156.720000
o 27181024 156.730000
o 27181021 156.730000
o 27181019 156.740000
o 27181009 156.740000
o 27180954 156.750000
o 27180947 156.760000
o 27180891 156.760000
o 27180888 156.760000
o 27180887 156.770000
o 27180884 156.770000
o 27180883 156.790000
o 27180862 156.790000
27180862	156.790000
MinimumWeightDominatingSetProblem-web-wikipedia2009
o 36492771 12.660000
o 27181859 160.410000
o 27181855 160.430000
o 27181845 160.430000
o 27181790 160.430000
o 27181783 160.440000
o 27181779 160.440000
o 27181777 160.450000
o 27181772 160.450000
o 27181770 160.450000
o 27181748 160.460000
o 27181736 160.460000
o 27181718 160.510000
o 27181649 160.630000
o 27181609 160.650000
o 27181575 160.660000
27181575	160.660000
MinimumWeightDominatingSetProblem-web-wikipedia2009
o 36337039 15.720000
o 27183326 186.050000
27183326	186.050000
MinimumWeightDominatingSetProblem-web-wikipedia2009
o 36523252 17.420000
o 27182968 196.640000
o 27182965 196.650000
o 27182963 196.660000
o 27182953 196.660000
o 27182898 196.660000
o 27182891 196.670000
o 27182887 196.670000
o 27182885 196.680000
o 27182880 196.680000
o 27182878 196.680000
o 27182856 196.690000
o 27182844 196.690000
o 27182828 196.880000
27182828	196.880000
MinimumWeightDominatingSetProblem-web-wikipedia2009
o 36530519 15.570000
o 27181311 187.000000
o 27181307 187.000000
o 27181305 187.010000
o 27181300 187.020000
o 27181298 187.020000
o 27181276 187.030000
o 27181264 187.030000
27181264	187.030000
