mpe-random-net-50-5_network-8.net
o 89922 0.010000
o 51896 0.030000
o 51529 0.040000
o 51322 0.040000
o 51144 0.040000
o 50961 0.040000
o 50165 0.040000
o 50129 0.040000
o 48772 0.040000
o 48432 0.040000
o 48373 0.060000
o 48053 0.060000
o 48040 0.060000
o 47582 0.070000
o 47477 0.150000
o 47093 0.190000
o 47035 18.600000
o 46776 145.870000
o 46535 276.820000
46535	276.820000
mpe-random-net-50-5_network-8.net
o 94735 0.000000
o 49825 0.030000
o 49789 0.040000
o 49155 0.050000
o 49007 0.050000
o 48769 0.080000
o 48747 0.090000
o 48499 0.090000
o 48433 0.090000
o 48279 0.140000
o 47938 0.140000
o 47887 0.180000
o 47875 19.080000
o 47166 19.080000
o 47035 19.080000
o 47012 205.240000
o 46846 205.250000
o 46729 224.540000
46729	224.540000
mpe-random-net-50-5_network-8.net
o 84643 0.020000
o 50397 0.050000
o 50348 0.070000
o 50260 0.070000
o 50246 0.070000
o 49868 0.070000
o 49258 0.080000
o 48970 0.080000
o 48317 0.090000
o 48177 0.120000
o 48075 0.120000
o 47775 0.120000
o 47412 0.120000
o 47161 0.120000
o 47060 17.920000
o 47058 18.150000
o 46541 18.150000
o 46535 198.020000
46535	198.020000
mpe-random-net-50-5_network-8.net
o 85046 0.000000
o 53299 0.020000
o 52574 0.030000
o 51624 0.030000
o 51622 0.030000
o 51485 0.030000
o 50974 0.030000
o 50917 0.030000
o 50811 0.030000
o 50729 0.040000
o 50624 0.040000
o 50501 0.040000
o 50034 0.040000
o 50011 0.040000
o 49973 0.040000
o 49694 0.050000
o 49552 0.050000
o 49103 0.060000
o 49055 0.060000
o 48901 0.070000
o 48661 0.070000
o 48658 0.070000
o 48141 0.080000
o 48111 0.160000
o 47592 0.170000
o 47444 0.260000
o 47060 0.260000
o 46852 54.310000
o 46541 72.920000
o 46535 164.130000
46535	164.130000
mpe-random-net-50-5_network-8.net
o 81865 0.010000
o 51327 0.030000
o 49564 0.030000
o 49223 0.040000
o 49034 0.040000
o 49016 0.040000
o 48659 0.040000
o 48245 0.100000
o 48171 0.100000
o 48141 0.110000
o 47948 0.110000
o 47550 0.110000
o 47194 0.120000
o 47177 0.140000
o 47101 0.140000
o 47060 19.540000
o 46852 93.310000
o 46776 188.880000
o 46541 247.570000
46541	247.570000
mpe-random-net-50-5_network-8.net
o 81191 0.000000
o 52044 0.030000
o 50458 0.030000
o 50285 0.030000
o 50067 0.030000
o 49985 0.030000
o 49654 0.030000
o 49073 0.060000
o 48916 0.060000
o 48328 0.070000
o 47603 0.070000
o 47323 0.550000
o 47225 23.050000
o 46907 66.110000
o 46852 140.200000
o 46790 140.220000
o 46535 140.220000
46535	140.220000
mpe-random-net-50-5_network-8.net
o 83406 0.000000
o 49885 0.030000
o 49781 0.030000
o 49726 0.030000
o 49637 0.050000
o 49232 0.050000
o 48833 0.060000
o 48806 0.060000
o 48735 0.070000
o 48636 0.080000
o 48222 0.080000
o 47911 0.090000
o 47828 0.140000
o 47822 0.140000
o 47673 17.940000
o 47597 17.950000
o 47433 18.020000
o 47339 36.860000
o 47162 36.910000
o 47040 146.500000
o 46846 146.500000
o 46776 181.800000
o 46535 199.940000
46535	199.940000
mpe-random-net-50-5_network-8.net
o 83246 0.000000
o 49510 0.030000
o 48742 0.030000
o 48721 0.030000
o 48373 0.040000
o 47862 0.170000
o 47531 0.170000
o 47087 0.210000
o 46790 0.250000
o 46535 0.250000
46535	0.250000
mpe-random-net-50-5_network-8.net
o 84288 0.010000
o 50663 0.040000
o 49037 0.040000
o 48520 0.040000
o 47844 0.120000
o 47769 0.160000
o 47729 18.120000
o 47564 18.210000
o 46907 18.320000
o 46729 18.320000
o 46541 118.540000
o 46535 230.200000
46535	230.200000
mpe-random-net-50-5_network-8.net
o 93172 0.010000
o 51019 0.040000
o 49700 0.040000
o 48698 0.040000
o 48570 0.060000
o 48373 0.060000
o 47793 0.070000
o 47303 0.110000
o 47093 0.110000
o 47019 57.440000
o 46919 77.380000
o 46790 77.380000
o 46541 77.420000
o 46535 194.840000
46535	194.840000
