abstraction-refinement-polysite-pmd
o 389432 35.740000
o 196963 39.150000
o 196962 39.200000
o 196961 39.200000
o 196960 39.200000
o 196959 39.220000
o 196958 39.220000
o 196957 39.230000
o 196956 39.230000
o 196955 39.250000
o 196954 39.250000
o 196953 39.260000
o 196952 39.260000
o 196951 39.270000
o 196950 39.270000
o 196949 39.280000
o 196948 39.280000
o 196947 39.290000
o 196946 39.290000
o 196945 39.300000
o 196944 39.300000
o 196943 39.310000
o 196942 39.320000
o 196941 39.320000
o 196940 39.330000
o 196939 39.330000
o 196938 39.360000
o 196937 39.370000
o 196936 39.380000
o 196935 39.380000
o 196934 39.390000
o 196933 39.390000
o 196932 39.400000
o 196931 39.400000
o 196930 39.410000
o 196929 39.410000
o 196928 39.460000
o 196927 39.470000
o 196926 39.480000
o 196925 39.510000
o 196924 39.670000
o 196923 39.670000
o 196922 39.680000
o 196921 39.690000
o 196920 39.690000
o 196919 39.700000
o 196918 39.710000
o 196917 39.730000
o 196916 39.740000
o 196915 39.740000
o 196914 39.750000
o 196913 39.770000
o 196912 39.770000
o 196911 39.780000
o 196910 39.800000
o 196909 39.810000
o 196908 39.810000
o 196907 39.830000
o 196906 39.840000
o 196905 39.860000
o 196904 39.870000
o 196903 39.890000
o 196902 39.940000
o 196901 39.950000
o 196900 40.060000
o 196899 40.070000
o 196898 40.100000
o 196897 40.110000
o 196896 40.140000
o 196895 40.160000
o 196894 40.170000
o 196893 40.170000
o 196892 40.220000
o 196891 40.230000
o 196890 40.320000
o 196889 40.330000
o 196888 40.330000
o 196887 40.370000
o 196886 40.470000
o 196885 40.910000
o 196884 40.960000
o 196883 40.970000
o 196882 40.980000
o 196881 41.080000
o 196880 41.090000
o 196879 41.100000
o 196878 41.250000
o 196877 41.260000
o 196876 41.260000
o 196875 41.270000
o 196874 41.360000
o 196873 41.360000
o 196872 41.380000
o 196871 41.400000
o 196870 41.430000
o 196869 41.480000
o 196868 41.490000
o 196867 41.500000
o 196866 41.500000
o 196865 41.540000
o 196864 41.650000
o 196863 41.660000
o 196862 41.680000
o 196861 41.690000
o 196860 41.690000
o 196859 41.700000
o 196858 41.710000
o 196857 41.710000
o 196856 41.730000
o 196855 41.740000
o 196854 41.740000
o 196853 41.750000
o 196852 41.760000
o 196851 42.080000
o 196850 42.100000
o 196849 42.150000
o 196848 42.180000
o 196847 42.190000
o 196846 42.190000
o 196845 42.310000
o 196844 42.600000
o 196843 42.710000
o 196842 42.720000
o 196841 42.720000
o 196840 43.020000
o 196839 43.020000
o 196838 43.090000
o 196837 43.120000
o 196836 43.520000
o 196835 43.890000
o 196834 43.900000
o 196833 44.630000
o 196832 44.700000
o 192646 45.320000
o 192645 45.340000
o 192644 45.650000
o 192643 45.660000
o 192642 45.830000
o 192641 46.100000
o 192640 46.120000
o 192639 46.230000
o 192638 46.420000
o 192637 46.420000
o 192636 46.630000
o 192635 46.660000
o 192634 46.930000
o 192633 47.040000
o 188480 50.590000
o 188479 50.590000
o 188478 50.600000
o 188477 50.600000
o 188476 50.610000
o 188475 50.610000
o 188474 50.620000
o 188473 50.620000
o 188472 50.630000
o 188471 50.630000
o 188470 50.640000
o 188469 50.640000
o 188468 50.650000
o 188467 50.650000
o 188466 50.660000
o 188465 50.830000
o 188464 50.840000
o 188463 50.850000
o 188462 50.890000
o 188461 50.900000
o 188460 50.920000
o 188459 50.930000
o 188458 50.960000
o 188457 51.280000
o 188456 51.300000
o 188455 51.540000
o 188454 51.610000
o 188453 51.770000
188453	51.770000
abstraction-refinement-polysite-pmd
o 406170 36.170000
o 196972 40.330000
o 196971 40.360000
o 196970 40.370000
o 196969 40.370000
o 196968 40.380000
o 196967 40.390000
o 196966 40.390000
o 196965 40.410000
o 196964 40.410000
o 196963 40.440000
o 196962 40.450000
o 196961 40.480000
o 196960 40.480000
o 196959 40.490000
o 196958 40.510000
o 196957 40.560000
o 196956 40.560000
o 196955 40.570000
o 196954 40.580000
o 196953 40.610000
o 196952 40.620000
o 196951 40.630000
o 196950 40.640000
o 196949 40.650000
o 196948 40.680000
o 196947 40.690000
o 196946 40.700000
o 196945 40.710000
o 196944 40.720000
o 196943 40.720000
o 196942 40.730000
o 196941 40.740000
o 196940 40.740000
o 196939 40.750000
o 196938 40.760000
o 196937 40.770000
o 196936 40.770000
o 196935 40.780000
o 196934 40.780000
o 196933 40.800000
o 196932 40.810000
o 196931 40.820000
o 196930 40.840000
o 196929 40.840000
o 196928 40.860000
o 196927 40.860000
o 196926 40.870000
o 196925 40.880000
o 196924 40.880000
o 196923 40.900000
o 196922 40.910000
o 196921 40.920000
o 196920 40.930000
o 196919 41.010000
o 196918 41.010000
o 196917 41.030000
o 196916 41.060000
o 196915 41.220000
o 196914 41.230000
o 196913 41.240000
o 196912 41.240000
o 196911 41.250000
o 196910 41.250000
o 196909 41.270000
o 196908 41.270000
o 196907 41.280000
o 196906 41.280000
o 196905 41.300000
o 196904 41.310000
o 196903 41.340000
o 196902 41.350000
o 196901 41.350000
o 196900 41.360000
o 196899 41.370000
o 196898 41.440000
o 196897 41.440000
o 196896 41.450000
o 196895 42.030000
o 196894 42.050000
o 196893 42.130000
o 196892 42.250000
o 196891 42.500000
o 196890 42.500000
o 196889 42.520000
o 196888 42.520000
o 196887 42.540000
o 196886 42.540000
o 196885 42.550000
o 196884 42.570000
o 196883 42.570000
o 196882 42.580000
o 196881 42.590000
o 196880 42.620000
o 196879 42.630000
o 196878 42.640000
o 196877 42.700000
o 196876 42.710000
o 196875 42.710000
o 196874 42.740000
o 196873 42.750000
o 196872 42.760000
o 196871 42.760000
o 196870 42.770000
o 196869 42.780000
o 196868 43.050000
o 196867 43.050000
o 196866 43.060000
o 196865 43.070000
o 196864 43.080000
o 196863 43.170000
o 196862 43.220000
o 196861 43.230000
o 196860 43.290000
o 196859 43.300000
o 196858 43.380000
o 196857 43.380000
o 196856 43.390000
o 196855 43.400000
o 196854 43.410000
o 196853 43.430000
o 196852 43.440000
o 196851 43.450000
o 196850 43.600000
o 196849 43.610000
o 196848 43.620000
o 196847 43.620000
o 196846 43.630000
o 196845 43.710000
o 196844 43.720000
o 196843 43.800000
o 196842 43.880000
o 196841 43.890000
o 196840 43.900000
o 196839 44.100000
o 196838 44.110000
o 196837 44.130000
o 196836 44.140000
o 196835 44.150000
o 196834 44.770000
o 196833 44.820000
o 196832 44.820000
o 192656 49.210000
o 192655 49.210000
o 192654 49.220000
o 192653 49.220000
o 192652 49.230000
o 192651 49.230000
o 192650 49.280000
o 192649 49.470000
o 192648 49.470000
o 192647 49.740000
o 192646 49.760000
o 192645 50.670000
o 192644 51.400000
o 192643 51.520000
o 192642 51.530000
o 192641 51.550000
o 192640 51.570000
o 192639 51.850000
o 192638 52.160000
o 192637 53.930000
o 188453 55.420000
o 188452 55.430000
o 188451 55.630000
o 188450 55.670000
o 188449 55.720000
o 188448 55.730000
188448	55.730000
abstraction-refinement-polysite-pmd
o 418770 33.690000
o 197020 37.570000
o 197019 37.600000
o 197018 37.630000
o 197017 37.630000
o 197016 37.640000
o 197015 37.670000
o 197014 37.680000
o 197013 37.740000
o 197012 37.740000
o 197011 37.750000
o 197010 37.770000
o 197009 37.780000
o 197008 37.790000
o 197007 37.790000
o 197006 37.800000
o 197005 37.830000
o 197004 37.830000
o 197003 37.840000
o 197002 37.850000
o 197001 37.860000
o 197000 37.870000
o 196999 37.870000
o 196998 37.880000
o 196997 37.890000
o 196996 37.890000
o 196995 37.900000
o 196994 37.900000
o 196993 37.910000
o 196992 37.990000
o 196991 38.000000
o 196990 38.000000
o 196989 38.010000
o 196988 38.340000
o 196987 38.350000
o 196986 38.360000
o 196985 38.370000
o 196984 38.370000
o 196983 38.390000
o 196982 38.410000
o 196981 38.410000
o 196980 38.420000
o 196979 38.430000
o 196978 38.430000
o 196977 38.450000
o 196976 38.450000
o 196975 38.460000
o 196974 38.470000
o 196973 38.470000
o 196972 38.500000
o 196971 38.530000
o 196970 38.540000
o 196969 38.550000
o 196968 38.560000
o 196967 38.640000
o 196966 38.660000
o 196965 38.670000
o 196964 38.670000
o 196963 38.680000
o 196962 38.680000
o 196961 38.690000
o 196960 38.690000
o 196959 38.700000
o 196958 38.700000
o 196957 38.710000
o 196956 38.720000
o 196955 38.730000
o 196954 38.740000
o 196953 38.760000
o 196952 38.780000
o 196951 38.780000
o 196950 38.820000
o 196949 38.830000
o 196948 38.910000
o 196947 38.910000
o 196946 38.940000
o 196945 39.060000
o 196944 39.070000
o 196943 39.170000
o 196942 39.180000
o 196941 39.210000
o 196940 39.280000
o 196939 39.290000
o 196938 39.310000
o 196937 39.360000
o 196936 39.390000
o 196935 39.420000
o 196934 39.430000
o 196933 39.440000
o 196932 39.520000
o 196931 39.550000
o 196930 39.550000
o 196929 39.560000
o 196928 39.590000
o 196927 39.630000
o 196926 39.640000
o 196925 39.660000
o 196924 39.670000
o 196923 39.690000
o 196922 39.690000
o 196921 39.700000
o 196920 39.730000
o 196919 39.740000
o 196918 39.770000
o 196917 39.780000
o 196916 39.790000
o 196915 39.890000
o 196914 39.900000
o 196913 39.910000
o 196912 39.930000
o 196911 39.950000
o 196910 40.020000
o 196909 40.030000
o 196908 40.030000
o 196907 40.070000
o 196906 40.080000
o 196905 40.090000
o 196904 40.100000
o 196903 40.230000
o 196902 40.310000
o 196901 40.320000
o 196900 40.330000
o 196899 40.330000
o 196898 40.340000
o 196897 40.360000
o 196896 40.360000
o 196895 40.370000
o 196894 40.370000
o 196893 40.380000
o 196892 40.390000
o 196891 40.400000
o 196890 40.400000
o 196889 40.410000
o 196888 40.420000
o 196887 40.430000
o 196886 40.440000
o 196885 40.450000
o 196884 40.450000
o 196883 40.460000
o 196882 40.460000
o 196881 40.470000
o 196880 40.470000
o 196879 40.480000
o 196878 40.490000
o 196877 40.490000
o 196876 40.500000
o 196875 40.510000
o 196874 40.510000
o 196873 40.520000
o 196872 40.520000
o 196871 40.530000
o 196870 40.550000
o 196869 40.560000
o 196868 40.580000
o 196867 40.580000
o 196866 40.660000
o 196865 40.660000
o 196864 40.670000
o 196863 40.890000
o 196862 40.900000
o 196861 40.910000
o 196860 40.910000
o 196859 40.930000
o 196858 40.970000
o 196857 41.000000
o 196856 41.000000
o 196855 41.020000
o 196854 41.030000
o 196853 41.060000
o 196852 41.080000
o 196851 41.100000
o 192673 41.110000
o 192672 41.120000
o 192671 41.120000
o 192670 41.130000
o 192669 41.130000
o 192668 41.140000
o 192667 41.140000
o 192666 41.150000
o 192665 41.150000
o 192664 41.160000
o 192663 41.210000
o 192662 41.250000
o 192661 41.260000
o 192660 41.270000
o 192659 41.270000
o 192658 41.500000
o 192657 41.530000
o 192656 41.540000
o 192655 41.880000
o 192654 41.930000
o 192653 41.940000
o 192652 41.960000
o 192651 41.970000
o 192650 41.990000
o 192649 42.010000
o 188482 42.790000
o 188481 42.800000
o 188480 42.810000
o 188479 42.810000
o 188478 42.820000
o 188477 42.830000
o 188476 43.220000
o 188475 43.230000
o 188474 43.240000
o 188473 43.270000
o 188472 43.310000
o 188471 43.330000
o 188470 43.350000
o 188469 43.360000
o 188468 43.400000
o 188467 44.710000
o 188466 45.270000
o 188465 45.340000
o 188464 45.350000
o 188463 47.170000
o 188462 119.100000
o 188461 119.260000
o 188460 119.350000
o 188459 119.500000
o 188458 119.530000
o 188457 119.600000
o 188456 119.630000
o 188455 119.640000
o 188454 119.670000
o 188453 119.720000
o 188452 119.730000
o 188451 119.760000
o 188450 119.990000
o 188449 120.250000
o 188448 120.310000
o 188447 120.690000
o 188446 121.310000
o 188445 121.320000
o 188444 121.410000
o 188443 121.560000
o 188442 121.580000
188442	121.580000
abstraction-refinement-polysite-pmd
o 393599 29.840000
o 196936 33.140000
o 196935 33.190000
o 196934 33.200000
o 196933 33.270000
o 196932 33.280000
o 196931 33.280000
o 196930 33.280000
o 196929 33.300000
o 196928 33.310000
o 196927 33.310000
o 196926 33.320000
o 196925 33.320000
o 196924 33.330000
o 196923 33.330000
o 196922 33.340000
o 196921 33.340000
o 196920 33.350000
o 196919 33.350000
o 196918 33.360000
o 196917 33.370000
o 196916 33.370000
o 196915 33.380000
o 196914 33.390000
o 196913 33.420000
o 196912 33.430000
o 196911 33.440000
o 196910 33.450000
o 196909 33.450000
o 196908 33.520000
o 196907 33.540000
o 196906 33.550000
o 196905 33.580000
o 196904 33.590000
o 196903 33.600000
o 196902 33.600000
o 196901 33.640000
o 196900 33.640000
o 196899 33.650000
o 196898 33.770000
o 196897 33.780000
o 196896 33.790000
o 196895 33.800000
o 196894 33.820000
o 196893 34.240000
o 196892 34.260000
o 196891 34.300000
o 196890 34.310000
o 196889 34.320000
o 196888 34.340000
o 196887 34.580000
o 196886 34.620000
o 196885 34.630000
o 196884 34.640000
o 196883 34.670000
o 196882 34.690000
o 196881 35.050000
o 196880 35.060000
o 196879 35.080000
o 196878 35.190000
o 196877 35.200000
o 196876 35.220000
o 196875 35.260000
o 196874 35.260000
o 196873 35.270000
o 196872 35.270000
o 196871 35.280000
o 196870 35.290000
o 196869 35.320000
o 196868 35.330000
o 196867 35.340000
o 196866 35.340000
o 196865 35.350000
o 196864 35.360000
o 196863 35.360000
o 196862 35.370000
o 196861 35.500000
o 196860 35.510000
o 196859 35.510000
o 196858 35.520000
o 196857 36.380000
o 196856 36.400000
o 196855 36.410000
o 196854 36.920000
o 196853 37.100000
o 196852 37.120000
o 196851 37.130000
o 196850 37.230000
o 196849 37.240000
o 192666 37.260000
o 192665 37.260000
o 192664 37.270000
o 192663 37.270000
o 192662 37.340000
o 192661 37.350000
o 192660 37.360000
o 192659 37.380000
o 192658 37.400000
o 192657 37.470000
o 192656 37.700000
o 192655 37.820000
o 192654 37.850000
o 192653 37.890000
o 192652 37.920000
o 192651 37.960000
o 192650 37.970000
o 188489 39.230000
o 188488 39.230000
o 188487 39.240000
o 188486 39.290000
o 188485 39.320000
o 188484 39.330000
o 188483 39.370000
o 188482 39.380000
o 188481 39.400000
o 188480 39.410000
o 188479 39.430000
o 188478 39.430000
o 188477 39.440000
o 188476 39.470000
o 188475 39.470000
o 188474 40.540000
o 188473 40.560000
o 188472 40.760000
o 188471 40.900000
o 188470 40.920000
o 188469 40.970000
o 188468 41.050000
o 188467 41.060000
o 188466 41.070000
o 188465 41.100000
o 188464 41.120000
o 188463 41.130000
o 188462 41.230000
o 188461 41.350000
o 188460 41.400000
o 188459 46.130000
o 188458 46.130000
o 188457 47.420000
o 188456 47.420000
o 188455 47.450000
o 188454 47.460000
o 188453 47.470000
o 188452 47.670000
o 188451 47.680000
o 188450 48.140000
o 188449 48.250000
o 188448 48.370000
188448	48.370000
abstraction-refinement-polysite-pmd
o 376884 31.790000
o 196990 35.460000
o 196989 35.600000
o 196988 35.600000
o 196987 35.610000
o 196986 35.680000
o 196985 35.690000
o 196984 35.690000
o 196983 35.700000
o 196982 35.710000
o 196981 35.710000
o 196980 35.720000
o 196979 35.800000
o 196978 35.860000
o 196977 35.870000
o 196976 35.870000
o 196975 35.880000
o 196974 35.880000
o 196973 35.890000
o 196972 35.890000
o 196971 35.900000
o 196970 35.900000
o 196969 35.920000
o 196968 35.930000
o 196967 35.930000
o 196966 35.940000
o 196965 35.940000
o 196964 35.960000
o 196963 35.970000
o 196962 35.970000
o 196961 36.030000
o 196960 36.040000
o 196959 36.040000
o 196958 36.050000
o 196957 36.050000
o 196956 36.060000
o 196955 36.070000
o 196954 36.080000
o 196953 36.130000
o 196952 36.130000
o 196951 36.140000
o 196950 36.140000
o 196949 36.150000
o 196948 36.150000
o 196947 36.160000
o 196946 36.170000
o 196945 36.170000
o 196944 36.180000
o 196943 36.180000
o 196942 36.200000
o 196941 36.210000
o 196940 36.220000
o 196939 36.230000
o 196938 36.230000
o 196937 36.230000
o 196936 36.240000
o 196935 36.250000
o 196934 36.270000
o 196933 36.270000
o 196932 36.280000
o 196931 36.310000
o 196930 36.310000
o 196929 36.320000
o 196928 36.330000
o 196927 36.340000
o 196926 36.370000
o 196925 36.400000
o 196924 36.440000
o 196923 36.450000
o 196922 36.460000
o 196921 36.480000
o 196920 36.490000
o 196919 36.490000
o 196918 36.510000
o 196917 36.530000
o 196916 36.560000
o 196915 36.570000
o 196914 36.580000
o 196913 36.600000
o 196912 36.600000
o 196911 36.610000
o 196910 36.620000
o 196909 36.630000
o 196908 36.640000
o 196907 36.640000
o 196906 36.670000
o 196905 36.680000
o 196904 36.690000
o 196903 36.690000
o 196902 36.700000
o 196901 36.720000
o 196900 36.730000
o 196899 36.740000
o 196898 36.750000
o 196897 36.790000
o 196896 36.870000
o 196895 36.960000
o 196894 36.980000
o 196893 36.990000
o 196892 37.000000
o 196891 37.030000
o 196890 37.060000
o 196889 37.070000
o 196888 37.080000
o 196887 37.090000
o 196886 37.110000
o 196885 37.220000
o 196884 37.220000
o 196883 37.230000
o 196882 37.240000
o 196881 37.240000
o 196880 37.250000
o 196879 37.260000
o 196878 37.270000
o 196877 37.270000
o 196876 37.290000
o 196875 37.300000
o 196874 37.300000
o 196873 37.340000
o 196872 37.350000
o 196871 37.360000
o 196870 37.400000
o 196869 37.410000
o 196868 37.420000
o 196867 37.460000
o 196866 37.470000
o 196865 37.480000
o 196864 37.480000
o 196863 37.540000
o 196862 37.550000
o 196861 37.550000
o 196860 37.560000
o 196859 37.570000
o 196858 37.610000
o 196857 37.620000
o 196856 37.620000
o 196855 37.670000
o 196854 37.670000
o 196853 37.710000
o 196852 37.720000
o 196851 37.730000
o 196850 37.780000
o 196849 37.790000
o 196848 38.240000
o 196847 38.250000
o 196846 38.260000
o 196845 38.260000
o 196844 38.270000
o 196843 39.530000
o 196842 39.540000
o 196841 39.560000
o 196840 39.660000
o 196839 39.670000
o 196838 39.680000
o 196837 39.860000
o 196836 39.880000
o 196835 39.880000
o 196834 40.640000
o 196833 40.660000
o 196832 40.670000
o 196831 40.680000
o 196830 40.770000
o 196829 40.820000
o 196828 40.820000
o 196827 40.870000
o 188588 68.450000
o 188587 68.490000
o 188586 68.490000
o 188585 68.500000
o 188584 68.500000
o 188583 68.510000
o 188582 68.510000
o 188581 68.520000
o 188580 68.520000
o 188579 68.530000
o 188578 68.530000
o 188577 68.540000
o 188576 68.560000
o 188575 68.560000
o 188574 68.560000
o 188573 68.570000
o 188572 68.570000
o 188571 68.580000
o 188570 68.580000
o 188569 68.590000
o 188568 68.600000
o 188567 68.600000
o 188566 68.610000
o 188565 68.620000
o 188564 68.620000
o 188563 68.630000
o 188562 68.630000
o 188561 68.640000
o 188560 68.640000
o 188559 68.650000
o 188558 68.650000
o 188557 68.660000
o 188556 68.660000
o 188555 68.670000
o 188554 68.680000
o 188553 68.680000
o 188552 68.690000
o 188551 68.690000
o 188550 68.700000
o 188549 68.700000
o 188548 68.730000
o 188547 68.730000
o 188546 68.740000
o 188545 68.740000
o 188544 68.740000
o 188543 68.750000
o 188542 68.760000
o 188541 68.760000
o 188540 68.760000
o 188539 68.770000
o 188538 68.770000
o 188537 68.780000
o 188536 68.790000
o 188535 68.790000
o 188534 68.790000
o 188533 68.810000
o 188532 68.820000
o 188531 69.000000
o 188530 69.010000
o 188529 69.030000
o 188528 69.030000
o 188527 69.080000
o 188526 69.080000
o 188525 69.080000
o 188524 69.090000
o 188523 69.110000
o 188522 69.110000
o 188521 69.120000
o 188520 69.130000
o 188519 69.140000
o 188518 69.150000
o 188517 69.150000
o 188516 69.160000
o 188515 69.170000
o 188514 69.180000
o 188513 69.190000
o 188512 69.200000
o 188511 69.220000
o 188510 69.230000
o 188509 69.240000
o 188508 69.240000
o 188507 69.290000
o 188506 69.300000
o 188505 69.300000
o 188504 69.320000
o 188503 69.330000
o 188502 69.330000
o 188501 69.340000
o 188500 69.360000
o 188499 69.380000
o 188498 69.430000
o 188497 70.030000
o 188496 70.040000
o 188495 70.230000
o 188494 70.280000
o 188493 70.290000
o 188492 70.300000
o 188491 70.310000
o 188490 70.320000
o 188489 70.440000
o 188488 70.470000
o 188487 70.470000
o 188486 70.480000
o 188485 70.490000
o 188484 70.510000
o 188483 70.520000
o 188482 70.530000
o 188481 70.540000
o 188480 70.560000
o 188479 70.580000
o 188478 70.600000
o 188477 70.610000
o 188476 70.620000
o 188475 70.630000
o 188474 70.640000
o 188473 70.650000
o 188472 70.680000
o 188471 70.690000
o 188470 70.700000
o 188469 70.710000
o 188468 70.820000
o 188467 71.030000
o 188466 71.820000
o 188465 128.700000
o 188464 130.330000
o 188463 130.350000
o 188462 130.430000
188462	130.430000
abstraction-refinement-polysite-pmd
o 372697 33.020000
o 196981 36.930000
o 196980 36.960000
o 196979 36.970000
o 196978 36.980000
o 196977 36.980000
o 196976 36.990000
o 196975 36.990000
o 196974 36.990000
o 196973 37.000000
o 196972 37.010000
o 196971 37.010000
o 196970 37.030000
o 196969 37.030000
o 196968 37.040000
o 196967 37.040000
o 196966 37.060000
o 196965 37.060000
o 196964 37.060000
o 196963 37.070000
o 196962 37.070000
o 196961 37.080000
o 196960 37.090000
o 196959 37.120000
o 196958 37.120000
o 196957 37.140000
o 196956 37.160000
o 196955 37.160000
o 196954 37.180000
o 196953 37.190000
o 196952 37.210000
o 196951 37.210000
o 196950 37.220000
o 196949 37.380000
o 196948 37.380000
o 196947 37.390000
o 196946 37.400000
o 196945 37.410000
o 196944 37.420000
o 196943 37.420000
o 196942 37.440000
o 196941 37.440000
o 196940 37.450000
o 196939 37.450000
o 196938 37.460000
o 196937 37.540000
o 196936 37.550000
o 196935 37.560000
o 196934 37.560000
o 196933 37.570000
o 196932 37.580000
o 196931 37.580000
o 196930 37.590000
o 196929 37.600000
o 196928 37.610000
o 196927 37.620000
o 196926 37.720000
o 196925 37.730000
o 196924 37.740000
o 196923 37.740000
o 196922 37.770000
o 196921 37.780000
o 196920 37.790000
o 196919 37.830000
o 196918 37.830000
o 196917 37.840000
o 196916 37.850000
o 196915 37.860000
o 196914 37.870000
o 196913 37.890000
o 196912 37.900000
o 196911 37.910000
o 196910 37.920000
o 196909 37.930000
o 196908 37.940000
o 196907 37.950000
o 196906 37.960000
o 196905 37.990000
o 196904 37.990000
o 196903 38.030000
o 196902 38.520000
o 196901 38.520000
o 196900 38.570000
o 196899 38.690000
o 196898 38.770000
o 196897 38.780000
o 196896 38.790000
o 196895 38.790000
o 196894 38.800000
o 196893 38.830000
o 196892 38.850000
o 196891 38.970000
o 196890 38.970000
o 196889 39.000000
o 196888 39.050000
o 196887 39.070000
o 196886 39.080000
o 196885 39.090000
o 196884 39.100000
o 196883 39.100000
o 196882 39.110000
o 196881 39.150000
o 196880 39.170000
o 196879 39.260000
o 196878 39.270000
o 196877 39.690000
o 196876 39.700000
o 196875 39.830000
o 196874 39.830000
o 196873 39.840000
o 196872 42.120000
o 196871 42.130000
o 192697 42.220000
o 192696 42.230000
o 192695 42.230000
o 192694 42.240000
o 192693 42.240000
o 192692 42.250000
o 192691 42.260000
o 192690 42.280000
o 192689 42.300000
o 192688 42.310000
o 192687 42.320000
o 192686 42.320000
o 192685 42.340000
o 192684 42.420000
o 192683 42.430000
o 192682 42.450000
o 192681 42.460000
o 192680 42.550000
o 192679 42.550000
o 192678 42.560000
o 192677 42.570000
o 192676 42.630000
o 192675 42.630000
o 192674 42.740000
o 192673 42.750000
o 192672 42.770000
o 192671 42.800000
o 192670 42.820000
o 192669 42.840000
o 192668 42.880000
o 192667 42.890000
o 192666 42.920000
o 192665 42.920000
o 192664 42.930000
o 192663 42.980000
o 192662 42.980000
o 192661 43.030000
o 192660 43.070000
o 192659 43.080000
o 192658 43.090000
o 192657 43.100000
o 192656 43.120000
o 192655 43.120000
o 192654 43.130000
o 192653 43.180000
o 192652 43.190000
o 192651 43.220000
o 192650 43.230000
o 192649 43.320000
o 192648 43.330000
o 192647 43.340000
o 192646 43.440000
o 192645 44.180000
o 192644 44.190000
o 192643 44.200000
o 192642 44.230000
o 192641 44.880000
o 192640 45.170000
o 188466 46.030000
o 188465 46.050000
o 188464 47.200000
o 188463 47.210000
o 188462 47.210000
o 188461 47.240000
o 188460 47.630000
o 188459 47.680000
o 188458 47.710000
o 188457 47.840000
o 188456 82.110000
o 188455 82.150000
o 188454 84.680000
o 188453 84.750000
o 188452 86.970000
o 188451 86.980000
188451	86.980000
abstraction-refinement-polysite-pmd
o 414594 32.370000
o 197020 36.750000
o 197019 36.780000
o 197018 36.790000
o 197017 36.790000
o 197016 36.800000
o 197015 36.810000
o 197014 36.870000
o 197013 36.870000
o 197012 36.920000
o 197011 36.930000
o 197010 36.930000
o 197009 36.940000
o 197008 36.940000
o 197007 36.960000
o 197006 37.000000
o 197005 37.050000
o 197004 37.070000
o 197003 37.070000
o 197002 37.090000
o 197001 37.090000
o 197000 37.100000
o 196999 37.110000
o 196998 37.110000
o 196997 37.120000
o 196996 37.220000
o 196995 37.230000
o 196994 37.240000
o 196993 37.250000
o 196992 37.250000
o 196991 37.260000
o 196990 37.260000
o 196989 37.290000
o 196988 37.290000
o 196987 37.300000
o 196986 37.310000
o 196985 37.310000
o 196984 37.320000
o 196983 37.330000
o 196982 37.340000
o 196981 37.340000
o 196980 37.350000
o 196979 37.350000
o 196978 37.360000
o 196977 37.360000
o 196976 37.370000
o 196975 37.380000
o 196974 37.380000
o 196973 37.390000
o 196972 37.390000
o 196971 37.400000
o 196970 37.410000
o 196969 37.430000
o 196968 37.430000
o 196967 37.440000
o 196966 37.440000
o 196965 37.450000
o 196964 37.450000
o 196963 37.460000
o 196962 37.460000
o 196961 37.470000
o 196960 37.480000
o 196959 37.500000
o 196958 37.500000
o 196957 37.510000
o 196956 37.520000
o 196955 37.520000
o 196954 37.530000
o 196953 37.550000
o 196952 37.560000
o 196951 37.570000
o 196950 37.580000
o 196949 37.580000
o 196948 37.590000
o 196947 37.590000
o 196946 37.600000
o 196945 37.610000
o 196944 37.620000
o 196943 37.620000
o 196942 37.630000
o 196941 37.640000
o 196940 37.650000
o 196939 37.650000
o 196938 37.660000
o 196937 37.670000
o 196936 37.670000
o 196935 37.730000
o 196934 37.730000
o 196933 37.740000
o 196932 37.780000
o 196931 37.950000
o 196930 37.960000
o 196929 37.970000
o 196928 37.980000
o 196927 38.030000
o 196926 38.040000
o 196925 38.300000
o 196924 38.320000
o 196923 38.350000
o 196922 38.390000
o 196921 38.400000
o 196920 38.420000
o 196919 38.430000
o 196918 38.440000
o 196917 38.450000
o 192738 38.530000
o 192737 38.530000
o 192736 38.550000
o 192735 38.550000
o 192734 38.560000
o 192733 38.590000
o 192732 38.590000
o 192731 38.600000
o 192730 38.620000
o 192729 38.620000
o 192728 38.750000
o 192727 38.780000
o 192726 38.790000
o 192725 38.800000
o 192724 38.800000
o 192723 38.820000
o 192722 38.820000
o 192721 38.850000
o 192720 38.920000
o 192719 38.930000
o 192718 38.950000
o 192717 39.000000
o 192716 39.020000
o 192715 39.020000
o 192714 39.030000
o 192713 39.040000
o 192712 39.050000
o 192711 39.050000
o 192710 39.060000
o 192709 39.080000
o 192708 39.090000
o 192707 39.100000
o 192706 39.370000
o 192705 39.370000
o 192704 39.400000
o 192703 39.430000
o 192702 39.430000
o 192701 39.440000
o 192700 39.440000
o 192699 39.470000
o 192698 39.470000
o 192697 39.480000
o 192696 39.490000
o 192695 39.490000
o 192694 39.520000
o 192693 39.530000
o 192692 39.540000
o 192691 39.570000
o 192690 39.580000
o 192689 39.590000
o 192688 39.590000
o 192687 39.600000
o 192686 39.600000
o 192685 39.610000
o 192684 39.620000
o 192683 39.630000
o 192682 39.630000
o 192681 39.640000
o 192680 39.650000
o 192679 39.650000
o 192678 39.660000
o 192677 39.690000
o 192676 39.690000
o 192675 39.700000
o 192674 39.720000
o 192673 39.730000
o 192672 39.760000
o 192671 39.820000
o 192670 39.870000
o 192669 39.870000
o 192668 39.880000
o 192667 39.890000
o 192666 39.910000
o 192665 39.910000
o 192664 39.950000
o 192663 39.960000
o 192662 39.980000
o 192661 39.990000
o 192660 40.020000
o 192659 40.020000
o 192658 40.030000
o 192657 40.040000
o 192656 40.050000
o 192655 40.100000
o 192654 40.110000
o 192653 40.300000
o 192652 40.310000
o 192651 40.330000
o 192650 40.330000
o 192649 40.620000
o 192648 40.690000
o 188469 40.870000
o 188468 40.880000
o 188467 46.450000
o 188466 145.230000
o 188465 145.490000
o 188464 145.500000
o 188463 145.520000
o 188462 145.530000
o 188461 145.550000
o 188460 178.560000
o 188459 179.050000
o 188458 179.080000
188458	179.080000
abstraction-refinement-polysite-pmd
o 418742 31.420000
o 196973 35.330000
o 192796 35.390000
o 192795 35.390000
o 192794 35.430000
o 192793 35.470000
o 192792 35.480000
o 192791 35.480000
o 192790 35.490000
o 192789 35.490000
o 192788 35.500000
o 192787 35.510000
o 192786 35.510000
o 192785 35.520000
o 192784 35.520000
o 192783 35.530000
o 192782 35.530000
o 192781 35.540000
o 192780 35.540000
o 192779 35.550000
o 192778 35.560000
o 192777 35.570000
o 192776 35.570000
o 192775 35.580000
o 192774 35.580000
o 192773 35.590000
o 192772 35.600000
o 192771 35.600000
o 192770 35.610000
o 192769 35.620000
o 192768 35.620000
o 192767 35.630000
o 192766 35.640000
o 192765 35.640000
o 192764 35.650000
o 192763 35.650000
o 192762 35.660000
o 192761 35.670000
o 192760 35.670000
o 192759 35.680000
o 192758 35.690000
o 192757 35.700000
o 192756 35.700000
o 192755 35.710000
o 192754 35.720000
o 192753 35.730000
o 192752 35.730000
o 192751 35.740000
o 192750 35.800000
o 192749 35.810000
o 192748 35.810000
o 192747 35.820000
o 192746 35.850000
o 192745 35.860000
o 192744 35.860000
o 192743 35.990000
o 192742 36.010000
o 192741 36.030000
o 192740 36.030000
o 192739 36.040000
o 192738 36.050000
o 192737 36.060000
o 192736 36.070000
o 192735 36.080000
o 192734 36.090000
o 192733 36.100000
o 192732 36.100000
o 192731 36.110000
o 192730 36.120000
o 192729 36.130000
o 192728 36.140000
o 192727 36.140000
o 192726 36.160000
o 192725 36.170000
o 192724 36.210000
o 192723 36.220000
o 192722 36.330000
o 192721 36.360000
o 192720 36.370000
o 192719 36.420000
o 192718 36.420000
o 192717 36.430000
o 192716 36.470000
o 192715 36.480000
o 192714 36.690000
o 192713 36.690000
o 192712 36.700000
o 192711 36.720000
o 192710 36.720000
o 192709 36.800000
o 192708 36.820000
o 192707 36.860000
o 192706 36.890000
o 192705 37.830000
o 192704 37.860000
o 192703 37.870000
o 192702 37.870000
o 192701 37.880000
o 192700 37.890000
o 192699 37.890000
o 192698 37.910000
o 192697 37.920000
o 192696 37.930000
o 192695 37.930000
o 192694 37.940000
o 192693 38.000000
o 192692 38.030000
o 192691 38.040000
o 192690 38.070000
o 192689 38.080000
o 192688 38.120000
o 192687 38.160000
o 192686 38.420000
o 192685 38.430000
o 192684 38.440000
o 192683 38.450000
o 192682 38.460000
o 192681 38.520000
o 192680 38.570000
o 192679 38.570000
o 192678 38.580000
o 192677 38.600000
o 192676 38.620000
o 192675 38.730000
o 192674 38.740000
o 192673 38.750000
o 192672 38.970000
o 192671 38.980000
o 192670 38.990000
o 192669 39.010000
o 192668 39.010000
o 192667 39.030000
o 192666 39.060000
o 192665 39.070000
o 192664 39.130000
o 192663 39.140000
o 192662 39.180000
o 192661 39.190000
o 192660 39.250000
o 192659 39.260000
o 192658 39.270000
o 192657 39.830000
o 192656 39.830000
o 192655 39.870000
o 192654 39.880000
o 192653 39.890000
o 192652 39.910000
o 192651 39.920000
o 192650 40.040000
o 188467 40.090000
o 188466 40.160000
o 188465 40.170000
o 188464 40.280000
o 188463 40.470000
o 188462 40.490000
o 188461 141.870000
o 188460 143.300000
o 188459 143.330000
o 188458 143.370000
o 188457 143.440000
o 188456 143.540000
o 188455 143.560000
o 188454 143.580000
o 188453 143.600000
188453	143.600000
abstraction-refinement-polysite-pmd
o 393664 32.970000
o 197001 37.220000
o 196999 37.250000
o 196998 37.290000
o 196997 37.290000
o 196996 37.300000
o 196995 37.300000
o 196994 37.310000
o 196993 37.310000
o 196992 37.320000
o 196991 37.320000
o 196990 37.340000
o 196989 37.340000
o 196988 37.350000
o 196987 37.350000
o 196986 37.360000
o 196985 37.360000
o 196984 37.370000
o 196983 37.380000
o 196982 37.380000
o 196981 37.390000
o 196980 37.400000
o 196979 37.400000
o 196978 37.410000
o 196977 37.420000
o 196976 37.430000
o 196975 37.440000
o 196974 37.440000
o 196973 37.450000
o 196972 37.460000
o 196971 37.460000
o 196970 37.470000
o 196969 37.480000
o 196968 37.480000
o 196967 37.490000
o 196966 37.490000
o 196965 37.500000
o 196964 37.510000
o 196963 37.510000
o 196962 37.520000
o 196961 37.520000
o 196960 37.530000
o 196959 37.530000
o 196958 37.540000
o 196957 37.550000
o 196956 37.560000
o 196955 37.560000
o 196954 37.570000
o 196953 37.580000
o 196952 37.590000
o 196951 37.600000
o 196950 37.610000
o 196949 37.610000
o 196948 37.620000
o 196947 37.620000
o 196946 37.630000
o 196945 37.630000
o 196944 37.650000
o 196943 37.650000
o 196942 37.660000
o 196941 37.680000
o 196940 37.700000
o 196939 37.700000
o 196938 37.710000
o 196937 37.720000
o 196936 37.740000
o 196935 37.760000
o 196934 37.770000
o 196933 37.770000
o 196932 37.780000
o 196931 37.790000
o 196930 37.800000
o 196929 37.800000
o 196928 37.810000
o 196927 37.810000
o 196926 37.820000
o 196925 37.830000
o 196924 37.830000
o 196923 37.840000
o 196922 37.840000
o 196921 37.850000
o 192754 38.300000
o 192753 38.300000
o 192752 38.310000
o 192751 38.320000
o 192750 38.320000
o 192749 38.330000
o 192748 38.330000
o 192747 38.350000
o 192746 38.360000
o 192745 38.370000
o 192744 38.370000
o 192743 38.390000
o 192742 38.400000
o 192741 38.420000
o 192740 38.440000
o 192739 38.440000
o 192738 38.450000
o 192737 38.460000
o 192736 38.480000
o 192735 38.480000
o 192734 38.510000
o 192733 38.510000
o 188554 38.700000
o 188553 38.710000
o 188552 38.710000
o 188551 38.720000
o 188550 38.720000
o 188549 38.730000
o 188548 38.740000
o 188547 38.740000
o 188546 38.750000
o 188545 38.780000
o 188544 38.790000
o 188543 38.800000
o 188542 38.830000
o 188541 38.840000
o 188540 38.850000
o 188539 38.860000
o 188538 38.870000
o 188537 38.870000
o 188536 38.880000
o 188535 38.960000
o 188534 38.970000
o 188533 38.970000
o 188532 38.980000
o 188531 38.990000
o 188530 39.030000
o 188529 39.030000
o 188528 39.040000
o 188527 39.170000
o 188526 39.180000
o 188525 39.180000
o 188524 39.190000
o 188523 39.210000
o 188522 39.220000
o 188521 39.230000
o 188520 39.240000
o 188519 39.250000
o 188518 39.410000
o 188517 39.410000
o 188516 39.420000
o 188515 39.430000
o 188514 39.430000
o 188513 39.440000
o 188512 39.440000
o 188511 39.450000
o 188510 39.450000
o 188509 39.860000
o 188508 39.870000
o 188507 39.870000
o 188506 39.880000
o 188505 39.880000
o 188504 39.890000
o 188503 39.900000
o 188502 39.990000
o 188501 40.000000
o 188500 40.010000
o 188499 40.290000
o 188498 40.310000
o 188497 40.320000
o 188496 40.360000
o 188495 40.370000
o 188494 40.430000
o 188493 40.460000
o 188492 40.520000
o 188491 40.700000
o 188490 40.730000
o 188489 40.750000
o 188488 40.770000
o 188487 40.780000
o 188486 40.830000
o 188485 40.840000
o 188484 40.850000
o 188483 40.850000
o 188482 40.860000
o 188481 40.860000
o 188480 40.870000
o 188479 40.880000
o 188478 40.890000
o 188477 40.910000
o 188476 40.910000
o 188475 40.920000
o 188474 40.930000
o 188473 41.580000
o 188472 41.580000
o 188471 41.590000
o 188470 41.620000
o 188469 41.630000
o 188468 41.670000
o 188467 41.730000
o 188466 41.790000
o 188465 41.790000
o 188464 41.800000
o 188463 41.810000
o 188462 41.910000
o 188461 41.970000
o 188460 41.970000
o 188459 42.220000
o 188458 42.350000
o 188457 42.380000
o 188456 42.420000
o 188455 42.430000
o 188454 42.460000
o 188453 42.810000
o 188452 42.850000
o 188451 44.210000
o 188450 44.290000
188450	44.290000
abstraction-refinement-polysite-pmd
o 410355 32.300000
o 196966 35.910000
o 196965 35.920000
o 196964 35.950000
o 196963 35.960000
o 196962 35.970000
o 196961 35.980000
o 196960 36.000000
o 196959 36.010000
o 196958 36.010000
o 196957 36.020000
o 196956 36.020000
o 196955 36.030000
o 196954 36.040000
o 196953 36.050000
o 196952 36.080000
o 196951 36.120000
o 196950 36.120000
o 196949 36.130000
o 196948 36.130000
o 196947 36.140000
o 196946 36.190000
o 196945 36.200000
o 196944 36.210000
o 196943 36.220000
o 196942 36.230000
o 196941 36.230000
o 196940 36.250000
o 196939 36.260000
o 196938 36.260000
o 196937 36.270000
o 196936 36.270000
o 196935 36.280000
o 196934 36.280000
o 196933 36.290000
o 196932 36.300000
o 196931 36.310000
o 196930 36.310000
o 196929 36.330000
o 196928 36.380000
o 196927 36.410000
o 196926 36.410000
o 196925 36.460000
o 196924 36.530000
o 196923 36.530000
o 196922 36.550000
o 196921 36.570000
o 196920 36.740000
o 196919 36.760000
o 196918 36.780000
o 196917 36.790000
o 196916 36.800000
o 196915 36.890000
o 196914 36.890000
o 196913 36.900000
o 196912 36.940000
o 196911 36.940000
o 196910 36.950000
o 196909 37.180000
o 196908 37.280000
o 196907 37.280000
o 196906 37.380000
o 196905 37.450000
o 196904 37.460000
o 196903 37.480000
o 196902 37.480000
o 196901 37.490000
o 196900 37.490000
o 196899 37.550000
o 196898 37.560000
o 196897 37.570000
o 196896 37.590000
o 196895 37.600000
o 196894 37.610000
o 196893 37.610000
o 196892 37.620000
o 196891 37.630000
o 196890 37.640000
o 196889 37.650000
o 196888 37.660000
o 196887 37.660000
o 196886 37.750000
o 196885 37.800000
o 196884 37.810000
o 196883 37.820000
o 196882 37.870000
o 196881 37.890000
o 196880 37.900000
o 196879 37.910000
o 196878 37.920000
o 192710 37.950000
o 192709 37.950000
o 192708 37.960000
o 192707 37.960000
o 192706 37.970000
o 192705 37.970000
o 192704 37.980000
o 192703 37.980000
o 192702 37.990000
o 192701 38.000000
o 192700 38.000000
o 192699 38.010000
o 192698 38.010000
o 192697 38.020000
o 192696 38.020000
o 192695 38.030000
o 192694 38.030000
o 192693 38.040000
o 192692 38.040000
o 192691 38.050000
o 192690 38.050000
o 192689 38.060000
o 192688 38.070000
o 192687 38.450000
o 192686 38.460000
o 192685 38.470000
o 192684 38.480000
o 192683 38.950000
o 192682 38.960000
o 192681 38.980000
o 192680 39.010000
o 192679 39.020000
o 192678 39.030000
o 192677 39.040000
o 192676 39.050000
o 192675 39.070000
o 188496 39.090000
o 188495 39.100000
o 188494 39.100000
o 188493 39.110000
o 188492 39.210000
o 188491 39.220000
o 188490 39.970000
o 188489 39.990000
o 188488 40.000000
o 188487 40.090000
o 188486 40.100000
o 188485 40.110000
o 188484 40.130000
o 188483 40.140000
o 188482 40.150000
o 188481 40.250000
o 188480 40.270000
o 188479 40.310000
o 188478 40.350000
o 188477 40.400000
o 188476 40.490000
o 188475 40.510000
o 188474 40.520000
o 188473 40.540000
o 188472 40.680000
o 188471 40.690000
o 188470 40.700000
o 188469 40.730000
o 188468 40.760000
o 188467 40.800000
o 188466 41.240000
o 188465 41.250000
o 188464 41.260000
o 188463 41.430000
o 188462 41.440000
o 188461 41.470000
o 188460 114.420000
o 188459 114.460000
o 188458 114.570000
o 188457 114.630000
188457	114.630000
