causal-discovery-causal_alarm_9_1000
o 13804978 0.990000
13804978	0.990000
causal-discovery-causal_alarm_9_1000
o 57974705 6.680000
57974705	6.680000
causal-discovery-causal_alarm_9_1000
o 57974705 5.680000
57974705	5.680000
causal-discovery-causal_alarm_9_1000
o 57296865 0.860000
57296865	0.860000
causal-discovery-causal_alarm_9_1000
o 57974705 4.470000
57974705	4.470000
causal-discovery-causal_alarm_9_1000
o 57974705 4.360000
57974705	4.360000
causal-discovery-causal_alarm_9_1000
o 57974705 2.900000
57974705	2.900000
causal-discovery-causal_alarm_9_1000
o 50849441 3.150000
50849441	3.150000
causal-discovery-causal_alarm_9_1000
o 50849441 3.010000
50849441	3.010000
causal-discovery-causal_alarm_9_1000
o 57974705 3.020000
57974705	3.020000
