decision-tree-anneal-un-formula_0.8_2021_atleast_31_max-4_reduced_incomplete_adaboost_3
o 471 0.860000
o 355 2.370000
o 346 163.620000
346	163.620000
decision-tree-anneal-un-formula_0.8_2021_atleast_31_max-4_reduced_incomplete_adaboost_3
o 472 0.770000
o 443 2.290000
o 402 3.290000
o 387 6.020000
o 377 13.900000
o 375 14.500000
o 349 33.020000
349	33.020000
decision-tree-anneal-un-formula_0.8_2021_atleast_31_max-4_reduced_incomplete_adaboost_3
o 502 0.740000
o 374 2.130000
o 355 56.560000
o 350 220.070000
o 349 246.600000
349	246.600000
decision-tree-anneal-un-formula_0.8_2021_atleast_31_max-4_reduced_incomplete_adaboost_3
o 424 0.770000
o 387 1.730000
o 386 2.420000
o 368 2.490000
o 356 31.310000
o 355 214.130000
o 350 273.640000
350	273.640000
decision-tree-anneal-un-formula_0.8_2021_atleast_31_max-4_reduced_incomplete_adaboost_3
o 481 0.760000
o 443 1.630000
o 406 1.970000
o 405 1.970000
o 404 1.970000
o 403 1.970000
o 402 1.970000
o 389 2.850000
o 355 9.260000
o 349 73.860000
349	73.860000
decision-tree-anneal-un-formula_0.8_2021_atleast_31_max-4_reduced_incomplete_adaboost_3
o 434 0.810000
o 384 3.680000
o 375 9.900000
o 368 22.220000
o 367 22.240000
o 355 25.740000
o 350 111.790000
o 349 283.040000
349	283.040000
decision-tree-anneal-un-formula_0.8_2021_atleast_31_max-4_reduced_incomplete_adaboost_3
o 460 0.820000
o 435 1.960000
o 411 2.330000
o 410 2.340000
o 409 2.340000
o 408 2.340000
o 407 2.340000
o 406 2.340000
o 405 2.340000
o 397 9.030000
o 387 9.120000
o 384 15.570000
o 368 15.590000
o 350 16.290000
o 349 67.350000
349	67.350000
decision-tree-anneal-un-formula_0.8_2021_atleast_31_max-4_reduced_incomplete_adaboost_3
o 476 0.830000
o 405 2.080000
o 355 2.660000
o 349 165.660000
349	165.660000
decision-tree-anneal-un-formula_0.8_2021_atleast_31_max-4_reduced_incomplete_adaboost_3
o 464 0.860000
o 412 2.330000
o 409 2.330000
o 408 2.330000
o 407 2.330000
o 406 2.330000
o 405 2.330000
o 404 2.330000
o 403 2.330000
o 402 2.330000
o 389 2.420000
o 388 2.420000
o 387 2.420000
o 355 6.130000
o 349 210.030000
349	210.030000
decision-tree-anneal-un-formula_0.8_2021_atleast_31_max-4_reduced_incomplete_adaboost_3
o 513 0.810000
o 443 2.670000
o 437 4.940000
o 368 5.340000
o 356 29.850000
o 354 47.980000
o 349 83.570000
o 346 283.930000
346	283.930000
