setcover-rail4284
o 1600 312.550000
1600	312.550000
setcover-rail4284
o 1607 318.430000
1607	318.430000
setcover-rail4284
o 1599 315.000000
1599	315.000000
setcover-rail4284
o 1604 337.230000
1604	337.230000
setcover-rail4284
o 1605 343.420000
1605	343.420000
setcover-rail4284
o 1580 317.710000
1580	317.710000
setcover-rail4284
o 1602 323.270000
1602	323.270000
setcover-rail4284
o 1581 306.830000
1581	306.830000
setcover-rail4284
o 1598 309.600000
1598	309.600000
setcover-rail4284
o 1631 349.800000
1631	349.800000
