staff-scheduling-instance10
o 18391 3.160000
o 7555 7.600000
o 7552 7.600000
o 7451 7.600000
o 7350 7.640000
o 7330 8.010000
o 7232 8.030000
o 7231 8.030000
o 7182 9.480000
o 7106 9.720000
o 7104 9.730000
o 7101 9.730000
o 7100 9.740000
o 7098 9.750000
o 7097 9.770000
o 7094 9.780000
o 7092 9.790000
o 7044 25.680000
o 7043 25.690000
o 7042 25.700000
o 6944 25.720000
o 6940 25.730000
o 6939 25.840000
o 6840 25.840000
o 6839 25.840000
o 6804 103.160000
o 6802 103.160000
o 6796 103.160000
o 6729 136.180000
o 6727 136.180000
o 6725 136.180000
o 6713 137.750000
o 6708 137.750000
o 6610 137.780000
o 6608 137.810000
o 6534 142.650000
o 6533 142.650000
o 6531 142.660000
o 6516 144.090000
o 6512 144.090000
o 6420 144.170000
o 6373 228.370000
o 6308 229.130000
o 6303 229.140000
o 6203 229.150000
6203	229.150000
staff-scheduling-instance10
o 17577 3.140000
o 8189 8.030000
o 8186 8.070000
o 8185 8.070000
o 8182 8.070000
o 8179 8.070000
o 8175 8.110000
o 8075 8.110000
o 8074 8.110000
o 8072 8.110000
o 8069 8.120000
o 8064 8.120000
o 8060 8.160000
o 7960 8.160000
o 7958 8.160000
o 7957 8.170000
o 7823 8.690000
o 7730 8.700000
o 7725 8.720000
o 7626 8.750000
o 7539 9.070000
o 7535 9.070000
o 7525 9.130000
o 7523 9.140000
o 7423 9.140000
o 7422 9.140000
o 7421 9.140000
o 7419 9.140000
o 7417 11.530000
o 7407 14.960000
o 7405 14.970000
o 7403 14.970000
o 7302 14.980000
o 7291 16.440000
o 7192 16.450000
o 7190 16.460000
o 7189 16.460000
o 7188 16.470000
o 7103 16.680000
o 7003 16.710000
o 7002 16.730000
o 7001 16.730000
o 6999 16.740000
o 6998 16.750000
o 6996 16.750000
o 6993 16.750000
o 6992 16.750000
o 6891 16.770000
o 6890 16.830000
o 6815 45.680000
o 6814 48.840000
o 6812 49.800000
o 6811 49.820000
o 6807 50.820000
o 6804 50.820000
o 6800 50.830000
o 6798 50.830000
o 6796 50.830000
o 6795 50.840000
o 6694 50.860000
o 6688 50.880000
o 6590 50.890000
o 6587 50.890000
o 6486 50.900000
o 6483 50.920000
o 6386 50.970000
o 6384 50.980000
o 6285 50.980000
o 6186 50.990000
o 6185 50.990000
o 6174 201.720000
o 6172 201.720000
o 6083 204.060000
o 6077 204.070000
o 5991 204.960000
5991	204.960000
staff-scheduling-instance10
o 19033 2.190000
o 7746 5.220000
o 7652 5.230000
o 7550 5.230000
o 7537 11.350000
o 7536 11.350000
o 7535 11.360000
o 7532 11.360000
o 7528 11.370000
o 7427 11.370000
o 7420 11.400000
o 7417 11.440000
o 7317 11.520000
o 7218 11.520000
o 7217 11.530000
o 7213 11.530000
o 7211 11.530000
o 7210 11.530000
o 7201 11.600000
o 7190 11.850000
o 7093 11.860000
o 7091 11.870000
o 7090 11.890000
o 7072 12.120000
o 6990 16.220000
o 6989 16.220000
o 6908 22.190000
o 6905 22.190000
o 6903 22.200000
o 6900 22.200000
o 6894 22.200000
o 6893 22.210000
o 6811 22.330000
o 6725 24.140000
o 6719 24.290000
o 6718 24.290000
o 6717 24.290000
o 6716 24.310000
o 6619 24.350000
o 6617 24.400000
o 6615 24.410000
o 6609 24.770000
o 6512 24.820000
o 6510 24.830000
o 6508 24.830000
o 6507 24.860000
o 6506 24.860000
o 6424 26.650000
o 6422 26.690000
o 6420 26.690000
o 6419 26.700000
o 6318 26.720000
o 6317 26.720000
o 6216 26.720000
o 6215 26.750000
o 6209 26.860000
o 6111 26.860000
o 6109 26.870000
o 6108 26.870000
o 6107 26.920000
6107	26.920000
staff-scheduling-instance10
o 17924 2.210000
o 7433 5.180000
o 7333 5.190000
o 7332 5.190000
o 7331 5.200000
o 7329 5.210000
o 7234 5.210000
o 7233 5.210000
o 7230 5.210000
o 7228 5.220000
o 7222 11.640000
o 7133 12.010000
o 7132 12.020000
o 7031 12.020000
o 6953 16.800000
o 6952 16.810000
o 6949 16.860000
o 6946 16.860000
o 6942 21.770000
o 6940 21.780000
o 6938 21.800000
o 6937 21.820000
o 6936 21.820000
o 6935 21.820000
o 6932 21.830000
o 6930 21.830000
o 6927 21.840000
o 6926 21.900000
o 6925 21.900000
o 6924 21.970000
o 6922 21.970000
o 6921 22.020000
o 6918 22.090000
o 6916 22.090000
o 6914 22.090000
o 6816 22.090000
o 6815 22.090000
o 6812 22.100000
o 6806 22.600000
o 6803 22.600000
o 6801 22.600000
o 6722 28.010000
o 6721 28.020000
o 6720 28.030000
o 6620 28.040000
o 6614 28.050000
o 6612 28.060000
o 6611 28.060000
o 6608 28.080000
o 6607 28.080000
o 6601 28.090000
o 6598 28.120000
o 6594 28.300000
o 6593 28.310000
o 6499 28.340000
o 6498 28.350000
o 6495 28.350000
o 6492 28.370000
o 6489 28.370000
o 6486 28.380000
o 6399 28.720000
o 6397 28.730000
o 6396 28.730000
o 6295 28.730000
o 6293 28.730000
o 6292 28.740000
o 6202 29.210000
o 6201 29.210000
o 6186 30.050000
o 6089 30.060000
o 6087 30.090000
o 6085 30.090000
6085	30.090000
staff-scheduling-instance10
o 16848 2.020000
o 7458 4.660000
o 7357 4.670000
o 7356 4.690000
o 7258 4.690000
o 7256 4.690000
o 7254 4.690000
o 7248 4.690000
o 7149 4.700000
o 7148 4.730000
o 7146 4.730000
o 7145 4.730000
o 7115 4.990000
o 7111 5.000000
o 7018 5.000000
o 7015 5.000000
o 7012 5.000000
o 7009 5.010000
o 6924 5.160000
o 6912 10.950000
o 6911 10.960000
o 6910 10.960000
o 6909 10.960000
o 6906 10.960000
o 6903 10.960000
o 6901 10.960000
o 6899 10.970000
o 6800 10.970000
o 6799 10.980000
o 6797 10.990000
o 6795 10.990000
o 6794 10.990000
o 6698 11.050000
o 6607 11.080000
o 6605 11.090000
o 6604 11.090000
o 6603 11.100000
o 6602 11.140000
o 6601 11.150000
o 6595 11.150000
o 6578 48.230000
o 6496 180.490000
o 6397 180.500000
o 6391 180.650000
o 6389 180.650000
o 6388 180.690000
o 6288 180.690000
o 6286 180.710000
o 6285 181.090000
o 6283 181.090000
o 6282 181.130000
6282	181.130000
staff-scheduling-instance10
o 17544 2.120000
o 7868 4.930000
o 7767 4.940000
o 7763 4.940000
o 7665 4.940000
o 7662 4.940000
o 7567 4.940000
o 7563 4.950000
o 7561 4.950000
o 7549 4.980000
o 7548 4.980000
o 7545 4.980000
o 7544 4.980000
o 7543 5.710000
o 7541 5.710000
o 7540 5.710000
o 7343 5.800000
o 7335 6.090000
o 7332 6.090000
o 7329 6.090000
o 7327 6.120000
o 7323 6.130000
o 7223 6.140000
o 7222 6.150000
o 7219 6.220000
o 7216 6.220000
o 7214 6.230000
o 7213 6.230000
o 7212 6.230000
o 7203 6.490000
o 7202 6.490000
o 7132 16.420000
o 7129 16.440000
o 7037 16.460000
o 6936 16.460000
o 6923 42.220000
o 6922 42.230000
o 6917 42.370000
o 6913 42.370000
o 6835 46.220000
o 6818 46.370000
o 6815 46.370000
o 6715 46.400000
o 6713 46.400000
o 6711 46.410000
o 6709 46.480000
o 6608 46.480000
o 6605 46.500000
o 6602 46.510000
o 6601 46.510000
o 6600 46.510000
o 6593 46.540000
o 6591 46.550000
o 6499 46.790000
o 6496 46.790000
o 6495 66.510000
o 6494 66.520000
o 6491 66.520000
o 6489 83.690000
o 6420 97.120000
o 6353 119.750000
o 6331 121.370000
o 6329 121.370000
o 6300 121.910000
o 6297 121.920000
o 6296 122.180000
o 6196 122.210000
o 6178 122.490000
o 6083 122.680000
o 6000 122.930000
o 5999 122.930000
o 5990 123.860000
o 5989 123.870000
o 5987 123.900000
o 5986 123.910000
o 5984 123.910000
o 5983 123.930000
o 5980 123.940000
o 5979 123.950000
5979	123.950000
staff-scheduling-instance10
o 18252 2.950000
o 7849 7.110000
o 7748 7.110000
o 7647 7.110000
o 7644 7.110000
o 7542 7.120000
o 7441 7.120000
o 7437 7.120000
o 7412 12.960000
o 7410 12.960000
o 7407 12.960000
o 7400 13.720000
o 7300 13.720000
o 7298 13.720000
o 7292 13.860000
o 7291 13.870000
o 7209 13.890000
o 7207 13.890000
o 7201 13.920000
o 7200 13.920000
o 7102 13.920000
o 7099 13.920000
o 7083 18.270000
o 7075 18.280000
o 7073 18.310000
o 7072 18.320000
o 7071 18.320000
o 7070 18.320000
o 7068 18.330000
o 7067 18.380000
o 6977 19.280000
o 6976 19.280000
o 6802 19.470000
o 6799 19.480000
o 6798 19.490000
o 6715 19.590000
o 6518 19.610000
o 6421 19.610000
o 6417 19.610000
o 6414 19.610000
o 6413 19.610000
o 6410 19.620000
o 6312 19.640000
o 6311 51.660000
o 6210 51.770000
o 6203 51.850000
o 6201 51.850000
o 6108 51.880000
o 6107 53.040000
o 6008 53.040000
o 5908 53.060000
o 5901 54.000000
5901	54.000000
staff-scheduling-instance10
o 18440 2.510000
o 8379 6.420000
o 8375 6.450000
o 8274 6.450000
o 8171 6.460000
o 8169 6.460000
o 8164 6.460000
o 8162 6.460000
o 8161 6.480000
o 8158 6.520000
o 7956 6.530000
o 7952 6.580000
o 7949 6.590000
o 7948 6.590000
o 7945 6.600000
o 7927 7.920000
o 7917 8.000000
o 7914 8.000000
o 7911 8.000000
o 7910 8.000000
o 7908 8.060000
o 7905 8.070000
o 7904 8.070000
o 7901 8.070000
o 7801 8.080000
o 7706 8.140000
o 7608 8.160000
o 7607 8.160000
o 7606 8.170000
o 7604 8.180000
o 7603 8.180000
o 7602 8.180000
o 7538 16.520000
o 7536 16.530000
o 7531 17.060000
o 7529 17.070000
o 7435 17.370000
o 7431 17.400000
o 7429 17.410000
o 7426 17.540000
o 7423 17.550000
o 7328 17.570000
o 7227 17.570000
o 7222 17.640000
o 7220 17.640000
o 7219 17.640000
o 7217 17.640000
o 7214 17.650000
o 7212 17.660000
o 7211 17.670000
o 7205 33.030000
o 7204 33.030000
o 7200 33.080000
o 7199 33.080000
o 7197 33.080000
o 7195 33.090000
o 7193 33.120000
o 7192 33.120000
o 7189 33.130000
o 7187 33.130000
o 7115 35.860000
o 7113 35.890000
o 7015 36.070000
o 6936 36.460000
o 6935 36.460000
o 6934 36.470000
o 6933 36.480000
o 6931 36.480000
o 6929 36.490000
o 6926 36.490000
o 6916 38.310000
o 6885 65.090000
o 6785 65.100000
o 6784 65.110000
o 6783 65.110000
o 6780 65.120000
o 6778 68.800000
o 6679 68.810000
o 6676 68.810000
o 6675 68.810000
o 6575 68.840000
o 6564 68.920000
o 6563 68.920000
o 6562 68.920000
o 6559 69.070000
o 6513 108.700000
o 6416 108.730000
o 6415 108.790000
o 6409 108.830000
o 6407 108.830000
o 6405 109.090000
o 6403 109.120000
o 6402 109.140000
o 6399 109.160000
o 6397 109.210000
o 6326 110.210000
o 6325 110.220000
o 6324 110.260000
o 6302 110.640000
o 6299 110.640000
o 6298 110.660000
o 6296 110.670000
o 6290 110.680000
o 6288 110.690000
o 6287 110.890000
o 6186 111.000000
o 6183 111.020000
6183	111.020000
staff-scheduling-instance10
o 17560 3.000000
o 8178 6.990000
o 8073 7.000000
o 8071 7.000000
o 8069 7.010000
o 7968 7.010000
o 7861 7.010000
o 7849 7.060000
o 7846 7.060000
o 7844 7.090000
o 7751 7.100000
o 7749 7.100000
o 7748 7.100000
o 7746 7.110000
o 7726 12.830000
o 7715 13.010000
o 7517 13.020000
o 7514 13.020000
o 7511 13.020000
o 7436 13.940000
o 7431 13.970000
o 7429 13.970000
o 7428 13.990000
o 7426 14.010000
o 7419 14.130000
o 7418 14.130000
o 7317 14.130000
o 7314 14.130000
o 7312 14.140000
o 7241 15.680000
o 7239 15.680000
o 7238 15.690000
o 7236 15.700000
o 7228 15.990000
o 7213 17.870000
o 7211 17.900000
o 7209 17.920000
o 7208 17.930000
o 7206 17.950000
o 7205 17.960000
o 7204 17.970000
o 7202 17.970000
o 7199 17.970000
o 7195 17.970000
o 7111 18.380000
o 7013 18.400000
o 7011 20.380000
o 7008 20.380000
o 7005 20.380000
o 7003 20.380000
o 7002 20.390000
o 7000 20.400000
o 6999 20.410000
o 6997 20.420000
o 6925 22.150000
o 6840 22.260000
o 6838 22.270000
o 6832 22.290000
o 6738 22.350000
o 6633 22.350000
o 6630 22.380000
o 6629 22.380000
o 6529 22.380000
o 6527 22.380000
o 6524 22.400000
o 6507 147.910000
o 6408 147.930000
o 6407 147.940000
o 6394 216.550000
o 6381 218.740000
o 6380 218.740000
o 6377 218.750000
o 6375 218.750000
o 6374 218.750000
o 6372 218.760000
o 6370 218.850000
o 6369 218.850000
o 6366 218.850000
o 6271 218.870000
o 6268 218.890000
o 6267 218.920000
o 6256 218.950000
o 6255 218.950000
o 6253 218.960000
6253	218.960000
staff-scheduling-instance10
o 18155 2.780000
o 8155 7.110000
o 8059 7.120000
o 8056 7.130000
o 8045 7.490000
o 8032 7.540000
o 7932 7.550000
o 7930 7.560000
o 7844 7.570000
o 7841 7.570000
o 7840 7.580000
o 7837 7.590000
o 7835 7.590000
o 7834 7.590000
o 7832 7.590000
o 7828 7.600000
o 7725 7.600000
o 7634 7.740000
o 7627 7.750000
o 7625 7.760000
o 7623 7.770000
o 7621 7.780000
o 7618 7.780000
o 7542 9.710000
o 7534 9.740000
o 7434 9.740000
o 7433 9.750000
o 7428 9.750000
o 7427 9.750000
o 7426 9.750000
o 7324 9.760000
o 7322 9.790000
o 7221 9.790000
o 7219 9.790000
o 7120 9.790000
o 7115 10.000000
o 7112 10.000000
o 7111 10.030000
o 7108 10.030000
o 7104 17.660000
o 7101 17.670000
o 7003 17.670000
o 7002 17.670000
o 6999 17.670000
o 6996 17.670000
o 6972 18.200000
o 6971 18.200000
o 6873 21.730000
o 6872 21.740000
o 6870 21.750000
o 6867 21.750000
o 6866 21.810000
o 6865 21.810000
o 6765 21.820000
o 6757 21.830000
o 6695 22.680000
o 6691 22.680000
o 6611 23.090000
o 6605 23.760000
o 6603 23.760000
o 6598 23.760000
o 6594 23.760000
o 6593 23.770000
o 6592 23.780000
o 6589 23.790000
o 6537 27.630000
o 6522 28.110000
o 6519 28.120000
o 6517 28.140000
o 6417 28.190000
o 6414 28.190000
o 6413 28.190000
o 6412 28.210000
o 6410 28.210000
o 6404 28.220000
o 6403 28.220000
o 6396 32.800000
o 6297 32.800000
o 6202 32.810000
o 6196 32.850000
o 6195 33.040000
o 6193 33.050000
o 6112 34.460000
o 6110 34.910000
o 6109 34.910000
o 6009 34.910000
6009	34.910000
