decision-tree-anneal-un-formula_0.8_2021_atleast_127_max-6_reduced_incomplete_tree
o 310 10.410000
o 309 10.690000
o 308 10.690000
o 307 10.690000
o 306 10.700000
o 305 10.700000
o 304 10.700000
o 303 10.700000
o 302 10.700000
o 301 10.700000
o 300 10.700000
o 299 10.700000
o 298 10.700000
o 297 10.700000
o 296 10.700000
o 295 10.700000
o 294 10.700000
o 293 10.700000
o 292 10.700000
o 291 10.700000
o 290 10.700000
o 289 10.700000
o 288 10.700000
o 287 10.710000
o 286 10.710000
o 285 10.710000
o 284 10.710000
o 283 10.710000
o 282 10.710000
o 281 10.710000
o 280 10.710000
o 279 10.710000
o 278 10.710000
o 277 10.710000
o 276 10.710000
o 275 10.710000
o 274 10.710000
o 273 10.710000
o 272 10.710000
o 271 10.710000
o 270 10.710000
o 269 10.720000
o 268 10.720000
o 267 10.720000
o 266 10.720000
o 265 10.720000
o 264 10.720000
o 263 10.720000
o 262 10.720000
o 261 10.720000
o 260 10.720000
o 259 10.720000
o 258 10.720000
o 257 10.720000
o 256 10.720000
o 255 10.720000
o 254 10.720000
o 253 10.720000
o 252 10.720000
o 251 10.720000
o 250 10.730000
o 249 10.730000
o 248 10.730000
o 247 10.730000
o 246 10.730000
o 245 10.730000
o 244 10.730000
o 243 10.730000
o 242 10.730000
o 241 10.730000
o 240 10.730000
o 239 10.730000
o 238 10.730000
o 237 10.730000
o 236 10.730000
o 235 10.730000
o 234 10.730000
o 233 10.730000
o 232 10.740000
o 231 10.740000
o 230 10.740000
o 229 10.740000
o 228 10.740000
o 227 10.740000
o 226 10.740000
o 225 10.740000
o 224 10.740000
o 223 10.740000
223	10.740000
decision-tree-anneal-un-formula_0.8_2021_atleast_127_max-6_reduced_incomplete_tree
o 243 7.440000
o 242 7.680000
o 241 7.680000
o 240 7.680000
o 239 7.680000
o 238 7.680000
o 237 7.680000
o 236 7.680000
o 235 7.680000
o 234 7.680000
o 233 7.680000
o 232 7.680000
o 231 7.690000
o 230 7.690000
o 229 7.690000
o 228 7.690000
o 227 7.690000
o 226 7.690000
o 225 7.690000
o 224 7.690000
o 223 7.690000
o 222 7.690000
o 221 7.690000
o 220 7.690000
o 219 7.690000
o 218 7.690000
o 217 7.690000
o 216 7.690000
o 215 7.690000
o 214 7.690000
o 213 7.690000
o 212 7.700000
o 211 7.700000
o 210 7.700000
o 209 7.700000
o 208 7.700000
o 207 7.700000
o 206 7.700000
o 205 7.700000
o 204 7.700000
o 203 7.700000
o 202 7.700000
o 201 7.700000
o 200 7.700000
o 199 7.700000
o 198 7.700000
o 197 7.700000
o 196 7.700000
o 195 7.700000
o 194 7.710000
o 193 7.710000
o 192 7.710000
o 191 7.710000
o 190 7.710000
o 189 7.710000
o 188 7.710000
o 187 7.710000
o 186 7.710000
o 185 7.710000
o 184 7.710000
o 183 7.710000
o 182 7.710000
o 181 7.710000
o 180 7.710000
o 179 7.710000
o 178 7.710000
o 177 7.710000
o 176 7.710000
o 175 7.720000
o 174 7.720000
o 173 7.720000
o 172 7.720000
o 171 7.720000
o 170 7.720000
o 169 7.720000
o 168 7.720000
o 167 7.720000
o 166 7.720000
o 165 7.720000
o 164 7.720000
o 163 7.720000
o 162 7.720000
o 161 7.720000
o 160 7.720000
o 159 7.720000
o 158 7.720000
o 157 7.720000
o 156 7.730000
o 155 7.730000
o 154 7.730000
o 153 7.730000
o 152 7.730000
o 151 7.730000
o 150 7.730000
o 149 7.730000
o 148 7.730000
o 147 7.730000
o 146 7.730000
o 145 7.730000
o 144 7.730000
o 143 7.730000
o 142 7.730000
o 141 7.730000
o 140 7.730000
o 139 7.730000
o 138 7.730000
o 137 7.740000
o 136 7.740000
o 135 7.740000
o 134 7.740000
o 133 7.740000
o 132 7.740000
o 131 7.740000
o 130 7.740000
o 129 7.740000
o 128 7.740000
o 127 7.740000
o 126 7.740000
o 125 7.740000
o 124 7.740000
o 123 7.740000
o 122 7.740000
o 121 7.740000
o 120 7.740000
120	7.740000
decision-tree-anneal-un-formula_0.8_2021_atleast_127_max-6_reduced_incomplete_tree
o 226 8.280000
o 225 8.460000
o 224 8.460000
o 223 8.460000
o 222 8.460000
o 221 8.460000
o 220 8.470000
o 219 8.470000
o 218 8.470000
o 217 8.470000
o 216 8.470000
o 215 8.470000
o 214 8.470000
o 213 8.470000
o 212 8.470000
o 211 8.470000
o 210 8.470000
o 209 8.470000
o 208 8.470000
o 207 8.470000
o 206 8.470000
o 205 8.470000
o 204 8.470000
o 203 8.470000
o 202 8.470000
o 201 8.480000
o 200 8.480000
o 199 8.480000
o 198 8.480000
o 197 8.480000
o 196 8.480000
o 195 8.480000
o 194 8.480000
o 193 8.480000
o 192 8.480000
o 191 8.480000
o 190 8.480000
o 189 8.480000
o 188 8.480000
o 187 8.480000
o 186 8.480000
o 185 8.480000
o 184 8.480000
o 183 8.490000
o 182 8.490000
o 181 8.490000
o 180 8.490000
o 179 8.490000
o 178 8.490000
o 177 8.490000
o 176 8.490000
o 175 8.490000
o 174 8.490000
o 173 8.490000
o 172 8.490000
o 171 8.490000
o 170 8.490000
o 169 8.490000
o 168 8.490000
o 167 8.490000
o 166 8.490000
o 165 8.490000
o 164 8.500000
o 163 8.500000
o 162 8.500000
o 161 8.500000
o 160 8.500000
o 159 8.500000
o 158 8.500000
o 157 8.500000
o 156 8.500000
o 155 8.500000
o 154 8.500000
o 153 8.500000
153	8.500000
decision-tree-anneal-un-formula_0.8_2021_atleast_127_max-6_reduced_incomplete_tree
o 199 7.820000
o 198 8.030000
o 197 8.030000
o 196 8.030000
o 195 8.030000
o 194 8.030000
o 193 8.030000
o 192 8.030000
o 191 8.030000
o 190 8.030000
o 189 8.030000
o 188 8.030000
o 187 8.040000
o 186 8.040000
o 185 8.040000
o 184 8.040000
o 183 8.040000
o 182 8.040000
o 181 8.040000
o 180 8.040000
o 179 8.040000
o 178 8.040000
o 177 8.040000
o 176 8.040000
o 175 8.040000
o 174 8.040000
o 173 8.040000
o 172 8.040000
o 171 8.040000
o 170 8.040000
o 169 8.050000
o 168 8.050000
o 167 8.050000
167	8.050000
decision-tree-anneal-un-formula_0.8_2021_atleast_127_max-6_reduced_incomplete_tree
o 308 8.140000
o 307 8.320000
o 306 8.320000
o 305 8.320000
o 304 8.320000
o 303 8.320000
o 302 8.330000
o 301 8.330000
o 300 8.330000
o 299 8.330000
o 298 8.330000
o 297 8.330000
o 296 8.330000
o 295 8.330000
o 294 8.330000
o 293 8.330000
o 292 8.330000
o 291 8.330000
o 290 8.330000
o 289 8.330000
o 288 8.330000
o 287 8.330000
o 286 8.330000
o 285 8.330000
o 284 8.330000
o 283 8.340000
o 282 8.340000
o 281 8.340000
o 280 8.340000
o 279 8.340000
o 278 8.340000
o 277 8.340000
o 276 8.340000
o 275 8.340000
o 274 8.340000
o 273 8.340000
o 272 8.340000
o 271 8.340000
o 270 8.340000
o 269 8.340000
o 268 8.340000
o 267 8.340000
o 266 8.340000
o 265 8.340000
o 264 8.340000
o 263 8.340000
o 262 8.340000
o 261 8.340000
o 260 8.340000
o 259 8.340000
o 258 8.340000
o 257 8.350000
o 256 8.350000
o 255 8.350000
o 254 8.350000
o 253 8.350000
o 252 8.350000
o 251 8.350000
o 250 8.350000
o 249 8.350000
o 248 8.350000
o 247 8.350000
o 246 8.350000
o 245 8.350000
o 244 8.350000
o 243 8.350000
o 242 8.350000
o 241 8.350000
o 240 8.360000
o 239 8.360000
o 238 8.360000
o 237 8.360000
o 236 8.360000
o 235 8.360000
o 234 8.360000
o 233 8.360000
o 232 8.360000
o 231 8.370000
o 230 8.370000
o 229 8.370000
o 228 8.370000
o 227 8.370000
o 226 8.370000
o 225 8.370000
o 224 8.370000
o 223 8.370000
o 222 8.370000
o 221 8.370000
o 220 8.370000
o 219 8.370000
o 218 8.370000
218	8.370000
decision-tree-anneal-un-formula_0.8_2021_atleast_127_max-6_reduced_incomplete_tree
o 216 7.880000
o 215 8.050000
o 214 8.050000
o 213 8.050000
o 212 8.050000
o 211 8.050000
o 210 8.050000
o 209 8.050000
o 208 8.050000
o 207 8.050000
o 206 8.050000
o 205 8.050000
o 204 8.050000
o 203 8.050000
o 202 8.050000
o 201 8.050000
o 200 8.060000
o 199 8.060000
o 198 8.060000
o 197 8.060000
o 196 8.060000
o 195 8.060000
o 194 8.060000
o 193 8.060000
o 192 8.060000
o 191 8.060000
o 190 8.060000
o 189 8.060000
o 188 8.060000
o 187 8.060000
o 186 8.060000
o 185 8.060000
o 184 8.060000
o 183 8.060000
o 182 8.060000
o 181 8.070000
o 180 8.070000
o 179 8.070000
o 178 8.070000
o 177 8.070000
o 176 8.070000
o 175 8.070000
o 174 8.070000
o 173 8.070000
o 172 8.070000
o 171 8.070000
o 170 8.070000
o 169 8.070000
o 168 8.070000
o 167 8.070000
167	8.070000
decision-tree-anneal-un-formula_0.8_2021_atleast_127_max-6_reduced_incomplete_tree
o 231 10.030000
o 230 10.240000
o 229 10.240000
o 228 10.240000
o 227 10.240000
o 226 10.240000
o 225 10.240000
o 224 10.240000
o 223 10.240000
o 222 10.240000
o 221 10.240000
o 220 10.240000
o 219 10.250000
o 218 10.250000
o 217 10.250000
o 216 10.250000
o 215 10.250000
o 214 10.250000
o 213 10.250000
o 212 10.250000
o 211 10.250000
o 210 10.250000
o 209 10.250000
o 208 10.250000
o 207 10.250000
o 206 10.250000
o 205 10.250000
o 204 10.250000
o 203 10.250000
o 202 10.250000
o 201 10.250000
o 200 10.260000
o 199 10.260000
o 198 10.260000
o 197 10.260000
o 196 10.260000
o 195 10.260000
o 194 10.260000
o 193 10.260000
o 192 10.260000
o 191 10.260000
o 190 10.260000
o 189 10.260000
o 188 10.260000
o 187 10.260000
o 186 10.260000
o 185 10.260000
o 184 10.260000
o 183 10.260000
o 182 10.270000
o 181 10.270000
o 180 10.270000
o 179 10.270000
o 178 10.270000
o 177 10.270000
o 176 10.270000
o 175 10.270000
o 174 10.270000
o 173 10.270000
o 172 10.270000
o 171 10.270000
o 170 10.270000
o 169 10.270000
o 168 10.270000
o 167 10.270000
o 166 10.270000
o 165 10.270000
o 164 10.270000
o 163 10.280000
o 162 10.280000
o 161 10.280000
o 160 10.280000
o 159 10.280000
o 158 10.280000
o 157 10.280000
o 156 10.280000
o 155 10.280000
o 154 10.280000
o 153 10.280000
o 152 10.280000
o 151 10.280000
o 150 10.280000
o 149 10.280000
o 148 10.280000
o 147 10.280000
o 146 10.280000
o 145 10.280000
o 144 10.290000
o 143 10.290000
o 142 10.290000
o 141 10.290000
o 140 10.290000
o 139 10.290000
139	10.290000
decision-tree-anneal-un-formula_0.8_2021_atleast_127_max-6_reduced_incomplete_tree
o 185 8.710000
o 184 8.920000
o 183 8.920000
o 182 8.920000
o 181 8.920000
o 180 8.920000
o 179 8.920000
o 178 8.920000
o 177 8.920000
o 176 8.920000
o 175 8.920000
o 174 8.920000
o 173 8.920000
o 172 8.920000
o 171 8.920000
o 170 8.920000
o 169 8.920000
o 168 8.920000
o 167 8.920000
o 166 8.930000
o 165 8.930000
o 164 8.930000
o 163 8.930000
o 162 8.930000
o 161 8.930000
o 160 8.930000
o 159 8.930000
o 158 8.930000
o 157 8.930000
o 156 8.930000
o 155 8.930000
o 154 8.930000
o 153 8.930000
o 152 8.930000
152	8.930000
decision-tree-anneal-un-formula_0.8_2021_atleast_127_max-6_reduced_incomplete_tree
o 233 10.420000
o 232 10.810000
o 231 10.810000
o 230 10.810000
o 229 10.810000
o 228 10.810000
o 227 10.810000
o 226 10.810000
o 225 10.810000
o 224 10.810000
o 223 10.810000
o 222 10.810000
o 221 10.810000
o 220 10.810000
o 219 10.810000
o 218 10.810000
o 217 10.820000
o 216 10.820000
o 215 10.820000
o 214 10.820000
o 213 10.820000
o 212 10.820000
o 211 10.820000
o 210 10.820000
o 209 10.820000
o 208 10.820000
o 207 10.820000
o 206 10.820000
o 205 10.820000
o 204 10.820000
o 203 10.820000
o 202 10.820000
o 201 10.820000
o 200 10.830000
o 199 10.830000
o 198 10.830000
o 197 10.830000
o 196 10.830000
o 195 10.830000
o 194 10.830000
o 193 10.830000
o 192 10.830000
o 191 10.830000
o 190 10.830000
o 189 10.830000
o 188 10.830000
o 187 10.830000
o 186 10.830000
o 185 10.830000
o 184 10.830000
o 183 10.840000
o 182 10.840000
o 181 10.840000
o 180 10.840000
o 179 10.840000
o 178 10.840000
o 177 10.840000
o 176 10.840000
o 175 10.840000
o 174 10.840000
o 173 10.840000
o 172 10.840000
o 171 10.840000
o 170 10.840000
170	10.840000
decision-tree-anneal-un-formula_0.8_2021_atleast_127_max-6_reduced_incomplete_tree
o 211 7.680000
o 210 7.880000
o 209 7.880000
o 208 7.880000
o 207 7.880000
o 206 7.880000
o 205 7.880000
o 204 7.880000
o 203 7.880000
o 202 7.880000
o 201 7.880000
o 200 7.880000
o 199 7.880000
o 198 7.880000
o 197 7.880000
o 196 7.880000
o 195 7.880000
o 194 7.890000
o 193 7.890000
o 192 7.890000
o 191 7.890000
o 190 7.890000
o 189 7.890000
o 188 7.890000
o 187 7.890000
o 186 7.890000
o 185 7.890000
o 184 7.890000
o 183 7.890000
o 182 7.890000
o 181 7.890000
o 180 7.890000
o 179 7.890000
o 178 7.890000
o 177 7.890000
o 176 7.890000
o 175 7.900000
o 174 7.900000
o 173 7.900000
o 172 7.900000
o 171 7.900000
o 170 7.900000
170	7.900000
