fault-diagnosis-s38584_nan_explicit_10_0
o 277 6.180000
277	6.180000
fault-diagnosis-s38584_nan_explicit_10_0
o 277 8.540000
o 234 18.600000
o 233 18.760000
o 232 18.810000
o 231 18.880000
231	18.880000
fault-diagnosis-s38584_nan_explicit_10_0
o 282 27.260000
282	27.260000
fault-diagnosis-s38584_nan_explicit_10_0
o 286 12.940000
o 238 21.910000
o 237 21.940000
o 236 21.990000
o 235 22.920000
o 233 23.150000
o 232 25.120000
o 231 26.690000
o 230 27.260000
o 229 27.790000
o 228 29.050000
o 227 29.730000
227	29.730000
fault-diagnosis-s38584_nan_explicit_10_0
o 285 12.410000
285	12.410000
fault-diagnosis-s38584_nan_explicit_10_0
o 283 6.590000
283	6.590000
fault-diagnosis-s38584_nan_explicit_10_0
o 278 5.050000
278	5.050000
fault-diagnosis-s38584_nan_explicit_10_0
o 275 28.650000
275	28.650000
fault-diagnosis-s38584_nan_explicit_10_0
o 281 8.260000
281	8.260000
fault-diagnosis-s38584_nan_explicit_10_0
o 285 6.820000
285	6.820000
