inconsistency-measurement-im-sum-B-3-stb_327_100.tgf.pl
o 72 0.010000
o 63 0.310000
o 62 0.320000
o 61 0.320000
o 60 0.320000
o 59 0.320000
o 58 28.670000
o 55 28.680000
o 54 28.680000
54	28.680000
inconsistency-measurement-im-sum-B-3-stb_327_100.tgf.pl
o 72 0.000000
o 63 0.300000
o 61 0.310000
o 60 0.310000
o 59 0.310000
o 58 22.270000
o 57 22.270000
o 56 52.660000
o 55 52.700000
o 54 126.760000
54	126.760000
inconsistency-measurement-im-sum-B-3-stb_327_100.tgf.pl
o 72 0.000000
o 69 0.370000
o 68 0.370000
o 67 0.870000
o 66 0.870000
o 65 0.870000
o 64 0.900000
o 63 0.900000
o 62 0.900000
o 61 8.710000
o 60 13.060000
o 59 13.060000
o 58 13.080000
o 57 52.470000
o 56 139.480000
o 54 162.650000
o 53 162.650000
o 52 227.050000
o 51 227.090000
o 50 227.100000
o 49 227.100000
49	227.100000
inconsistency-measurement-im-sum-B-3-stb_327_100.tgf.pl
o 72 0.000000
o 71 0.360000
o 70 0.360000
o 69 0.370000
o 68 0.370000
o 67 0.380000
o 66 0.380000
o 65 0.380000
o 64 0.420000
o 63 0.420000
o 61 0.430000
o 59 0.430000
o 58 12.060000
o 57 12.060000
o 56 12.190000
o 55 39.550000
o 54 92.830000
o 53 92.830000
53	92.830000
inconsistency-measurement-im-sum-B-3-stb_327_100.tgf.pl
o 72 0.000000
o 71 0.350000
o 70 0.520000
o 69 0.520000
o 68 0.520000
o 67 0.520000
o 66 0.530000
o 65 0.670000
o 64 0.710000
o 63 6.360000
o 62 6.390000
o 61 6.480000
o 60 6.490000
o 59 10.270000
o 58 10.390000
o 57 10.390000
o 55 10.490000
55	10.490000
inconsistency-measurement-im-sum-B-3-stb_327_100.tgf.pl
o 72 0.000000
o 71 0.390000
o 70 0.390000
o 69 0.390000
o 67 0.390000
o 66 0.390000
o 65 0.390000
o 64 0.390000
o 63 0.500000
o 62 0.510000
o 61 0.520000
o 59 12.400000
o 58 12.430000
o 57 12.430000
o 56 37.500000
o 54 54.510000
54	54.510000
inconsistency-measurement-im-sum-B-3-stb_327_100.tgf.pl
o 72 0.000000
o 68 0.320000
o 64 0.320000
o 63 1.390000
o 62 1.920000
o 61 11.020000
o 60 11.020000
o 59 16.920000
o 57 27.530000
o 56 45.100000
o 55 45.110000
o 54 45.120000
o 53 45.130000
53	45.130000
inconsistency-measurement-im-sum-B-3-stb_327_100.tgf.pl
o 72 0.000000
o 71 0.460000
o 70 0.460000
o 68 0.460000
o 67 0.510000
o 66 0.510000
o 65 0.510000
o 64 0.700000
o 63 0.700000
o 62 0.720000
o 61 0.720000
o 60 0.730000
o 59 12.190000
o 58 12.190000
o 57 12.190000
o 56 12.190000
o 55 12.190000
o 54 102.150000
o 53 102.150000
53	102.150000
inconsistency-measurement-im-sum-B-3-stb_327_100.tgf.pl
o 72 0.000000
o 71 0.510000
o 69 0.520000
o 68 0.530000
o 66 0.530000
o 65 0.530000
o 64 0.580000
o 63 0.580000
o 62 0.590000
o 61 0.600000
o 60 6.420000
o 59 29.620000
o 58 29.650000
o 57 29.670000
o 56 29.670000
o 55 45.900000
o 54 241.180000
54	241.180000
inconsistency-measurement-im-sum-B-3-stb_327_100.tgf.pl
o 72 0.020000
o 65 0.330000
o 64 0.390000
o 63 0.390000
o 62 0.390000
o 61 6.120000
o 60 6.120000
o 59 6.200000
o 58 6.200000
o 57 6.200000
o 56 6.230000
o 55 70.960000
o 54 70.970000
o 53 70.970000
o 51 70.970000
51	70.970000
