inconsistency-measurement-im-forgetting-B-3-WS_300_16_90_30.tgf.pl
o 77 0.000000
o 70 0.300000
o 65 0.320000
o 64 4.400000
o 63 4.450000
o 62 4.460000
o 61 4.480000
o 60 56.920000
o 59 56.920000
o 58 56.930000
o 57 62.230000
o 56 62.230000
o 54 62.230000
o 53 62.250000
o 52 62.250000
52	62.250000
inconsistency-measurement-im-forgetting-B-3-WS_300_16_90_30.tgf.pl
o 77 0.000000
o 72 0.320000
o 70 0.330000
o 69 0.350000
o 68 0.350000
o 67 0.350000
o 66 0.500000
o 65 2.820000
o 64 8.600000
o 63 8.600000
o 62 8.600000
o 61 8.610000
o 60 30.660000
o 59 30.660000
o 58 30.680000
o 57 187.930000
o 56 198.800000
o 55 198.800000
o 54 198.800000
54	198.800000
inconsistency-measurement-im-forgetting-B-3-WS_300_16_90_30.tgf.pl
o 77 0.000000
o 71 0.310000
o 70 0.350000
o 69 0.350000
o 68 0.350000
o 67 0.400000
o 66 0.400000
o 65 0.400000
o 63 0.410000
o 62 32.110000
o 61 46.270000
o 60 52.190000
o 59 52.190000
o 58 52.230000
o 57 86.480000
o 56 125.330000
o 55 137.720000
55	137.720000
inconsistency-measurement-im-forgetting-B-3-WS_300_16_90_30.tgf.pl
o 77 0.000000
o 76 0.340000
o 75 0.360000
o 73 0.360000
o 72 0.360000
o 71 0.360000
o 69 0.370000
o 68 0.460000
o 67 0.560000
o 66 0.560000
o 65 0.560000
o 64 0.930000
o 63 0.930000
o 62 4.510000
o 61 15.220000
o 60 15.220000
o 59 15.350000
o 58 55.780000
o 57 55.800000
o 56 133.500000
o 55 133.510000
o 54 133.510000
54	133.510000
inconsistency-measurement-im-forgetting-B-3-WS_300_16_90_30.tgf.pl
o 77 0.000000
o 68 0.320000
o 64 0.320000
o 63 0.400000
o 62 0.410000
o 61 0.410000
o 60 17.100000
o 59 17.110000
o 58 27.560000
o 57 27.610000
o 56 27.610000
o 55 269.630000
55	269.630000
inconsistency-measurement-im-forgetting-B-3-WS_300_16_90_30.tgf.pl
o 77 0.000000
o 76 0.370000
o 75 0.370000
o 74 0.370000
o 73 0.370000
o 72 0.370000
o 71 0.370000
o 68 0.370000
o 67 0.370000
o 66 0.370000
o 65 0.500000
o 64 0.500000
o 63 0.500000
o 62 0.510000
o 61 0.520000
o 60 0.520000
o 59 28.230000
o 58 99.430000
o 57 162.490000
57	162.490000
inconsistency-measurement-im-forgetting-B-3-WS_300_16_90_30.tgf.pl
o 77 0.000000
o 76 0.330000
o 75 0.340000
o 74 0.340000
o 73 0.340000
o 72 0.340000
o 71 0.340000
o 70 0.340000
o 69 0.380000
o 68 0.380000
o 67 0.480000
o 66 0.490000
o 65 0.490000
o 64 0.540000
o 63 0.540000
o 62 0.540000
o 61 0.540000
o 60 0.550000
o 59 0.550000
o 58 0.560000
o 57 0.560000
o 56 137.370000
o 55 137.370000
55	137.370000
inconsistency-measurement-im-forgetting-B-3-WS_300_16_90_30.tgf.pl
o 77 0.000000
o 76 0.390000
o 75 0.390000
o 73 0.390000
o 72 0.400000
o 71 0.400000
o 69 0.420000
o 68 0.420000
o 67 0.570000
o 66 0.660000
o 65 0.680000
o 64 0.700000
o 63 0.700000
o 62 6.170000
o 61 6.180000
o 59 6.190000
o 57 6.200000
o 56 17.490000
o 55 260.890000
55	260.890000
inconsistency-measurement-im-forgetting-B-3-WS_300_16_90_30.tgf.pl
o 77 0.000000
o 61 0.250000
o 60 0.340000
o 59 133.140000
o 58 133.140000
o 57 133.140000
o 56 176.660000
56	176.660000
inconsistency-measurement-im-forgetting-B-3-WS_300_16_90_30.tgf.pl
o 77 0.000000
o 74 0.360000
o 72 0.360000
o 69 0.380000
o 67 0.380000
o 66 0.380000
o 65 0.390000
o 64 0.390000
o 63 5.200000
o 62 11.150000
o 61 11.180000
o 60 11.180000
o 59 16.470000
o 57 16.470000
o 56 16.470000
o 55 38.830000
o 54 39.490000
o 53 104.860000
53	104.860000
