inconsistency-measurement-im-hit-B-3-stb_390_450.tgf.pl
o 80 0.000000
o 54 0.040000
o 53 0.050000
o 52 0.050000
o 51 0.050000
o 50 0.050000
o 49 0.050000
o 48 0.160000
o 47 0.270000
o 46 6.910000
46	6.910000
inconsistency-measurement-im-hit-B-3-stb_390_450.tgf.pl
o 76 0.000000
o 54 0.040000
o 53 0.040000
o 52 0.050000
o 51 0.050000
o 50 0.060000
o 49 0.090000
o 48 0.120000
o 47 0.190000
o 46 0.310000
46	0.310000
inconsistency-measurement-im-hit-B-3-stb_390_450.tgf.pl
o 77 0.000000
o 49 0.050000
o 48 0.130000
o 47 6.490000
o 46 6.630000
46	6.630000
inconsistency-measurement-im-hit-B-3-stb_390_450.tgf.pl
o 79 0.000000
o 53 0.040000
o 52 0.040000
o 50 0.040000
o 49 0.040000
o 48 0.280000
o 47 0.290000
o 46 0.320000
46	0.320000
inconsistency-measurement-im-hit-B-3-stb_390_450.tgf.pl
o 79 0.000000
o 54 0.030000
o 52 0.040000
o 51 0.040000
o 50 0.040000
o 49 0.100000
o 48 0.150000
o 47 0.230000
o 46 8.160000
46	8.160000
inconsistency-measurement-im-hit-B-3-stb_390_450.tgf.pl
o 77 0.000000
o 51 0.040000
o 50 0.050000
o 49 0.060000
o 48 0.150000
o 47 11.920000
o 46 12.030000
46	12.030000
inconsistency-measurement-im-hit-B-3-stb_390_450.tgf.pl
o 77 0.000000
o 54 0.030000
o 53 0.030000
o 52 0.030000
o 51 0.060000
o 50 0.080000
o 49 0.100000
o 48 0.200000
o 47 0.290000
o 46 1.340000
46	1.340000
inconsistency-measurement-im-hit-B-3-stb_390_450.tgf.pl
o 81 0.000000
o 56 0.040000
o 55 0.050000
o 54 0.050000
o 53 0.050000
o 52 0.050000
o 51 0.050000
o 50 0.050000
o 49 0.070000
o 48 0.170000
o 47 0.480000
o 46 0.500000
46	0.500000
inconsistency-measurement-im-hit-B-3-stb_390_450.tgf.pl
o 77 0.000000
o 52 0.040000
o 51 0.070000
o 50 0.080000
o 49 0.090000
o 48 0.110000
o 47 0.270000
o 46 27.990000
46	27.990000
inconsistency-measurement-im-hit-B-3-stb_390_450.tgf.pl
o 80 0.000000
o 55 0.040000
o 54 0.040000
o 53 0.040000
o 52 0.040000
o 51 0.060000
o 50 0.060000
o 49 0.080000
o 48 0.340000
o 47 1.450000
o 46 16.210000
46	16.210000
