inconsistency-measurement-im-forgetting-A-2-WS_300_16_90_30.tgf.pl
o 70 0.000000
o 54 0.270000
o 53 0.270000
o 52 5.420000
o 51 24.390000
o 50 24.920000
o 49 24.920000
49	24.920000
inconsistency-measurement-im-forgetting-A-2-WS_300_16_90_30.tgf.pl
o 70 0.000000
o 68 0.360000
o 67 0.370000
o 66 0.370000
o 65 0.370000
o 64 0.380000
o 63 0.380000
o 62 0.390000
o 61 0.390000
o 60 0.390000
o 59 0.390000
o 57 0.390000
o 56 0.390000
o 55 0.390000
o 54 5.720000
o 53 36.290000
o 52 36.340000
o 50 36.350000
o 49 36.360000
49	36.360000
inconsistency-measurement-im-forgetting-A-2-WS_300_16_90_30.tgf.pl
o 70 0.000000
o 54 0.250000
o 53 0.250000
o 52 0.250000
o 51 0.250000
o 50 137.820000
o 47 137.820000
o 46 137.820000
46	137.820000
inconsistency-measurement-im-forgetting-A-2-WS_300_16_90_30.tgf.pl
o 70 0.000000
o 59 0.330000
o 57 0.360000
o 50 5.710000
o 49 142.450000
o 48 142.450000
o 47 218.590000
47	218.590000
inconsistency-measurement-im-forgetting-A-2-WS_300_16_90_30.tgf.pl
o 70 0.000000
o 59 0.290000
o 58 6.420000
o 57 6.430000
o 56 12.730000
o 55 12.730000
o 54 12.740000
o 53 12.740000
o 52 12.740000
o 51 12.770000
o 50 12.810000
o 49 12.830000
o 48 58.810000
o 47 58.820000
47	58.820000
inconsistency-measurement-im-forgetting-A-2-WS_300_16_90_30.tgf.pl
o 70 0.000000
o 65 0.300000
o 63 0.300000
o 62 0.300000
o 61 0.340000
o 58 0.340000
o 57 0.340000
o 55 0.340000
o 54 0.410000
o 53 0.410000
o 52 22.560000
o 51 22.580000
o 50 22.650000
o 49 22.660000
o 47 22.680000
47	22.680000
inconsistency-measurement-im-forgetting-A-2-WS_300_16_90_30.tgf.pl
o 70 0.000000
o 65 0.330000
o 64 0.340000
o 63 0.340000
o 62 0.370000
o 61 0.380000
o 60 0.380000
o 58 0.480000
o 57 0.480000
o 56 0.520000
o 55 0.540000
o 54 0.550000
o 53 6.030000
o 52 6.050000
o 51 91.190000
o 50 190.510000
o 49 190.510000
o 48 228.170000
48	228.170000
inconsistency-measurement-im-forgetting-A-2-WS_300_16_90_30.tgf.pl
o 70 0.000000
o 63 0.280000
o 58 0.290000
o 57 0.290000
o 56 0.290000
o 55 0.290000
o 54 0.290000
o 53 0.620000
o 52 5.340000
o 51 6.070000
o 50 6.090000
o 49 6.220000
o 48 6.260000
o 47 6.490000
o 46 286.230000
46	286.230000
inconsistency-measurement-im-forgetting-A-2-WS_300_16_90_30.tgf.pl
o 70 0.000000
o 68 0.320000
o 67 0.340000
o 65 0.340000
o 64 0.340000
o 63 0.340000
o 62 0.370000
o 61 0.370000
o 60 0.370000
o 59 0.370000
o 58 4.880000
o 55 5.030000
o 54 6.180000
o 53 6.200000
o 52 25.480000
o 51 45.630000
o 50 45.660000
o 49 60.740000
o 48 60.760000
o 47 60.770000
o 46 288.260000
46	288.260000
inconsistency-measurement-im-forgetting-A-2-WS_300_16_90_30.tgf.pl
o 70 0.000000
o 65 0.350000
o 64 0.350000
o 63 0.500000
o 62 0.700000
o 61 0.700000
o 60 1.640000
o 58 7.460000
o 57 7.460000
o 56 7.460000
o 55 7.470000
o 54 7.580000
o 53 7.590000
o 52 39.920000
o 51 41.130000
o 50 56.120000
o 49 56.160000
49	56.160000
