mbd-b14_C-mbd14-0277
o 112 0.010000
o 60 0.560000
o 59 0.560000
o 58 0.570000
o 57 0.570000
o 56 0.570000
o 55 0.620000
o 54 0.620000
o 53 0.620000
o 52 0.640000
o 51 0.640000
o 50 0.650000
o 49 0.670000
o 48 0.690000
o 47 0.700000
o 46 1.090000
o 45 1.090000
o 44 1.120000
o 43 1.120000
o 42 1.120000
o 41 1.200000
o 40 3.310000
o 39 6.220000
o 38 6.690000
o 37 6.950000
o 36 6.950000
o 35 7.070000
o 34 22.780000
o 33 107.960000
33	107.960000
mbd-b14_C-mbd14-0277
o 111 0.000000
o 110 0.000000
o 76 0.550000
o 75 0.550000
o 74 0.550000
o 72 0.550000
o 71 0.560000
o 70 0.570000
o 69 0.570000
o 65 0.570000
o 64 0.580000
o 63 0.580000
o 62 0.650000
o 59 0.680000
o 58 0.680000
o 57 0.690000
o 56 0.690000
o 55 0.700000
o 54 0.780000
o 53 1.080000
o 52 1.090000
o 51 1.120000
o 50 2.050000
o 49 2.080000
o 48 2.150000
o 47 2.990000
o 46 3.760000
o 45 4.600000
o 44 4.650000
o 43 4.820000
o 42 4.830000
o 41 9.180000
o 40 28.190000
o 39 35.970000
o 38 131.340000
o 37 131.480000
o 36 131.550000
o 35 131.570000
o 34 131.580000
34	131.580000
mbd-b14_C-mbd14-0277
o 109 0.010000
o 95 0.650000
o 92 0.650000
o 91 0.660000
o 90 0.660000
o 89 0.660000
o 87 0.670000
o 86 0.670000
o 85 0.690000
o 84 0.690000
o 83 0.690000
o 82 0.690000
o 81 0.690000
o 80 0.690000
o 79 0.710000
o 78 0.710000
o 77 0.710000
o 75 0.720000
o 74 0.730000
o 72 0.730000
o 71 0.730000
o 70 0.740000
o 69 0.750000
o 68 0.750000
o 67 0.750000
o 66 0.750000
o 65 0.750000
o 64 0.750000
o 63 0.750000
o 62 0.750000
o 61 0.800000
o 60 0.820000
o 59 0.850000
o 58 0.850000
o 56 0.860000
o 55 1.320000
o 54 1.390000
o 53 1.400000
o 52 1.420000
o 51 1.420000
o 50 1.630000
o 49 1.630000
o 48 1.820000
o 47 1.820000
o 46 1.880000
o 45 1.920000
o 44 1.930000
o 43 1.940000
o 42 2.820000
o 41 4.160000
o 40 4.420000
o 39 4.770000
o 38 4.780000
o 37 4.800000
o 36 92.100000
o 35 214.270000
35	214.270000
mbd-b14_C-mbd14-0277
o 112 0.010000
o 111 0.010000
o 59 0.470000
o 57 0.470000
o 56 0.470000
o 55 0.500000
o 54 0.500000
o 53 0.500000
o 52 0.500000
o 51 0.500000
o 50 0.500000
o 49 0.910000
o 48 0.940000
o 47 0.960000
o 46 0.960000
o 45 0.980000
o 44 0.980000
o 43 0.990000
o 42 1.000000
o 41 2.710000
o 40 2.710000
o 39 3.130000
o 38 3.150000
o 37 51.860000
37	51.860000
mbd-b14_C-mbd14-0277
o 110 0.010000
o 56 0.520000
o 55 0.520000
o 54 0.520000
o 53 0.540000
o 52 0.550000
o 48 0.830000
o 47 0.830000
o 46 0.830000
o 45 0.840000
o 44 0.860000
o 43 0.870000
o 42 1.890000
o 41 3.300000
o 40 3.330000
o 39 4.120000
o 38 24.410000
o 37 32.760000
o 36 32.900000
o 35 32.950000
o 34 33.020000
o 33 33.120000
o 32 33.140000
32	33.140000
mbd-b14_C-mbd14-0277
o 111 0.010000
o 64 0.670000
o 63 0.680000
o 61 0.680000
o 60 0.680000
o 58 0.680000
o 57 1.260000
o 56 1.260000
o 55 1.270000
o 54 1.270000
o 52 1.280000
o 51 1.290000
o 50 1.290000
o 49 1.430000
o 48 1.440000
o 47 1.480000
o 46 1.480000
o 45 1.480000
o 44 1.490000
o 43 2.540000
o 42 2.550000
o 41 7.800000
o 40 10.800000
o 39 10.850000
o 38 11.330000
o 37 88.510000
o 36 89.990000
o 35 187.320000
o 34 187.320000
o 33 187.430000
33	187.430000
mbd-b14_C-mbd14-0277
o 110 0.010000
o 69 0.510000
o 68 0.700000
o 67 0.700000
o 66 0.860000
o 65 0.870000
o 64 0.870000
o 63 0.870000
o 62 0.880000
o 61 0.880000
o 60 0.880000
o 59 0.880000
o 58 0.880000
o 57 0.890000
o 56 0.890000
o 55 0.920000
o 54 0.930000
o 53 0.950000
o 52 1.180000
o 51 1.180000
o 50 1.180000
o 49 1.180000
o 48 1.210000
o 47 1.210000
o 46 1.270000
o 45 1.320000
o 44 1.320000
o 43 1.320000
o 42 2.290000
o 41 2.290000
o 40 2.400000
o 39 2.430000
o 38 2.430000
o 37 2.460000
o 36 2.480000
o 35 3.100000
35	3.100000
mbd-b14_C-mbd14-0277
o 112 0.010000
o 64 0.600000
o 63 0.610000
o 62 0.610000
o 61 0.610000
o 60 0.680000
o 59 0.690000
o 58 0.690000
o 57 0.690000
o 56 0.750000
o 55 0.770000
o 54 0.960000
o 53 0.960000
o 52 0.960000
o 51 0.960000
o 50 1.100000
o 49 1.320000
o 48 1.340000
o 47 2.960000
o 46 3.060000
o 45 3.080000
o 44 3.100000
o 43 3.130000
o 42 3.560000
o 41 11.490000
o 40 11.520000
o 39 11.780000
o 38 12.460000
o 37 12.460000
o 36 12.470000
o 35 12.490000
o 34 12.650000
o 33 12.650000
33	12.650000
mbd-b14_C-mbd14-0277
o 110 0.010000
o 109 0.010000
o 77 0.620000
o 74 0.620000
o 73 0.630000
o 72 0.630000
o 71 0.630000
o 70 0.630000
o 68 0.640000
o 67 0.640000
o 66 0.640000
o 65 0.750000
o 64 0.750000
o 63 0.760000
o 62 0.840000
o 61 0.850000
o 60 0.850000
o 59 0.870000
o 58 0.870000
o 57 0.870000
o 56 0.870000
o 55 0.890000
o 54 0.890000
o 53 0.900000
o 52 0.900000
o 51 0.940000
o 50 1.110000
o 49 1.110000
o 48 1.130000
o 47 1.130000
o 46 1.890000
o 45 1.910000
o 44 2.080000
o 43 2.120000
o 42 2.120000
o 41 10.840000
o 40 11.910000
o 39 63.890000
o 38 63.890000
o 37 63.920000
o 36 63.920000
o 35 63.950000
o 34 63.970000
o 33 64.050000
33	64.050000
mbd-b14_C-mbd14-0277
o 109 0.010000
o 63 0.490000
o 62 0.510000
o 61 0.520000
o 60 0.520000
o 59 0.530000
o 58 0.530000
o 57 0.530000
o 56 0.540000
o 55 0.550000
o 54 0.560000
o 53 0.560000
o 52 0.560000
o 51 0.590000
o 50 0.610000
o 49 0.610000
o 48 0.620000
o 47 0.620000
o 46 0.630000
o 45 1.500000
o 44 1.770000
o 43 1.800000
o 42 2.460000
o 41 2.470000
o 40 5.960000
o 39 6.110000
o 38 24.440000
o 37 24.520000
o 36 164.580000
o 35 164.590000
35	164.590000
