optimizing-BDDs-mushroom-un-wcnf_incomplete_improved_1_2019_4
o 2188 14.620000
o 120 195.960000
120	195.960000
optimizing-BDDs-mushroom-un-wcnf_incomplete_improved_1_2019_4
o 3164 19.860000
o 3128 20.010000
3128	20.010000
optimizing-BDDs-mushroom-un-wcnf_incomplete_improved_1_2019_4
o 1984 29.700000
o 1756 39.730000
1756	39.730000
optimizing-BDDs-mushroom-un-wcnf_incomplete_improved_1_2019_4
o 4018 13.230000
o 3458 13.330000
3458	13.330000
optimizing-BDDs-mushroom-un-wcnf_incomplete_improved_1_2019_4
o 1680 16.380000
o 1462 16.490000
1462	16.490000
optimizing-BDDs-mushroom-un-wcnf_incomplete_improved_1_2019_4
o 2448 15.090000
o 684 140.300000
684	140.300000
optimizing-BDDs-mushroom-un-wcnf_incomplete_improved_1_2019_4
o 3758 18.010000
3758	18.010000
optimizing-BDDs-mushroom-un-wcnf_incomplete_improved_1_2019_4
o 3860 16.750000
o 348 139.310000
348	139.310000
optimizing-BDDs-mushroom-un-wcnf_incomplete_improved_1_2019_4
o 4860 16.260000
o 1656 112.230000
o 988 112.230000
988	112.230000
optimizing-BDDs-mushroom-un-wcnf_incomplete_improved_1_2019_4
o 3876 15.690000
3876	15.690000
