optimizing-BDDs-hypothyroid-un-wcnf_incomplete_improved_1_2019_3
o 595 2.290000
o 62 49.740000
62	49.740000
optimizing-BDDs-hypothyroid-un-wcnf_incomplete_improved_1_2019_3
o 2666 1.640000
o 391 1.650000
o 277 1.650000
o 64 68.860000
o 62 179.730000
62	179.730000
optimizing-BDDs-hypothyroid-un-wcnf_incomplete_improved_1_2019_3
o 1293 1.530000
o 280 1.540000
o 277 1.540000
o 70 33.730000
o 63 33.920000
o 62 100.280000
62	100.280000
optimizing-BDDs-hypothyroid-un-wcnf_incomplete_improved_1_2019_3
o 2969 1.540000
o 277 1.550000
o 70 34.150000
o 62 40.290000
62	40.290000
optimizing-BDDs-hypothyroid-un-wcnf_incomplete_improved_1_2019_3
o 2622 1.620000
o 70 37.790000
o 62 200.860000
62	200.860000
optimizing-BDDs-hypothyroid-un-wcnf_incomplete_improved_1_2019_3
o 278 1.590000
o 117 35.880000
o 70 115.380000
70	115.380000
optimizing-BDDs-hypothyroid-un-wcnf_incomplete_improved_1_2019_3
o 277 1.690000
o 118 6.730000
o 70 38.590000
o 64 58.380000
o 62 129.110000
62	129.110000
optimizing-BDDs-hypothyroid-un-wcnf_incomplete_improved_1_2019_3
o 354 1.480000
o 277 35.390000
o 72 62.480000
o 70 62.480000
o 64 299.250000
64	299.250000
optimizing-BDDs-hypothyroid-un-wcnf_incomplete_improved_1_2019_3
o 1135 1.660000
o 277 1.680000
o 118 37.980000
o 70 72.540000
o 62 198.420000
62	198.420000
optimizing-BDDs-hypothyroid-un-wcnf_incomplete_improved_1_2019_3
o 1388 1.560000
o 277 1.580000
o 108 3.440000
o 70 145.860000
o 64 147.720000
o 62 217.050000
62	217.050000
