setcover-sts-data.405
o 357 0.010000
o 356 0.010000
o 355 0.010000
o 354 0.010000
o 353 0.010000
o 352 0.010000
o 351 0.010000
o 350 0.010000
o 349 0.010000
o 348 0.010000
o 347 0.010000
o 346 0.020000
o 345 0.040000
o 344 0.070000
o 343 0.180000
o 342 0.770000
o 341 0.840000
o 340 232.020000
o 339 232.250000
339	232.250000
setcover-sts-data.405
o 357 0.010000
o 356 0.010000
o 355 0.010000
o 354 0.010000
o 353 0.010000
o 352 0.010000
o 351 0.010000
o 350 0.010000
o 349 0.010000
o 348 0.010000
o 347 0.010000
o 346 0.030000
o 345 0.050000
o 344 0.070000
o 343 0.080000
o 342 3.500000
o 341 46.890000
o 340 102.710000
340	102.710000
setcover-sts-data.405
o 357 0.000000
o 356 0.000000
o 355 0.000000
o 354 0.000000
o 353 0.000000
o 352 0.000000
o 351 0.000000
o 350 0.000000
o 349 0.000000
o 348 0.000000
o 347 0.000000
o 346 0.000000
o 345 0.000000
o 344 0.020000
o 343 0.030000
o 342 12.330000
o 341 26.430000
341	26.430000
setcover-sts-data.405
o 357 0.000000
o 356 0.000000
o 355 0.000000
o 354 0.000000
o 353 0.000000
o 352 0.000000
o 351 0.000000
o 350 0.000000
o 349 0.010000
o 348 0.010000
o 347 0.010000
o 346 0.030000
o 345 0.100000
o 344 0.120000
o 343 0.190000
o 342 1.690000
o 341 58.370000
341	58.370000
setcover-sts-data.405
o 357 0.010000
o 356 0.010000
o 355 0.010000
o 354 0.010000
o 353 0.010000
o 352 0.010000
o 351 0.010000
o 350 0.010000
o 349 0.020000
o 348 0.020000
o 347 0.020000
o 346 0.030000
o 345 0.050000
o 344 0.060000
o 343 0.140000
o 342 1.280000
o 341 6.780000
o 340 77.990000
340	77.990000
setcover-sts-data.405
o 357 0.010000
o 356 0.010000
o 355 0.010000
o 354 0.010000
o 353 0.010000
o 352 0.010000
o 351 0.010000
o 350 0.010000
o 349 0.010000
o 348 0.010000
o 347 0.010000
o 346 0.010000
o 345 0.070000
o 344 0.070000
o 343 0.070000
o 342 9.360000
o 341 36.500000
341	36.500000
setcover-sts-data.405
o 357 0.010000
o 356 0.010000
o 355 0.010000
o 354 0.010000
o 353 0.010000
o 352 0.010000
o 351 0.010000
o 350 0.010000
o 349 0.010000
o 348 0.010000
o 347 0.020000
o 346 0.020000
o 345 0.050000
o 344 0.090000
o 343 0.090000
o 342 2.660000
o 341 54.020000
o 340 219.730000
340	219.730000
setcover-sts-data.405
o 357 0.000000
o 356 0.000000
o 355 0.000000
o 354 0.000000
o 353 0.000000
o 352 0.000000
o 351 0.000000
o 350 0.000000
o 349 0.010000
o 348 0.010000
o 347 0.010000
o 346 0.010000
o 345 0.050000
o 344 0.060000
o 343 0.660000
o 342 2.320000
o 341 3.190000
341	3.190000
setcover-sts-data.405
o 357 0.010000
o 356 0.010000
o 355 0.010000
o 354 0.010000
o 353 0.010000
o 352 0.010000
o 351 0.010000
o 350 0.010000
o 349 0.010000
o 348 0.010000
o 347 0.010000
o 346 0.010000
o 345 0.010000
o 344 0.030000
o 343 0.040000
o 342 26.310000
o 341 31.150000
o 340 180.890000
340	180.890000
setcover-sts-data.405
o 357 0.010000
o 356 0.010000
o 355 0.010000
o 354 0.010000
o 353 0.010000
o 352 0.010000
o 351 0.010000
o 350 0.010000
o 349 0.010000
o 348 0.010000
o 347 0.010000
o 346 0.010000
o 345 0.020000
o 344 0.020000
o 343 0.030000
o 342 0.800000
o 341 28.950000
341	28.950000
