aes-sbox_8
o 810 170.22
o 808 170.22
o 807 170.22
o 806 170.22
o 805 170.22
o 804 170.22
o 803 170.22
o 802 170.22
o 801 170.22
o 800 170.22
o 799 170.22
o 798 170.22
o 797 170.22
o 796 170.22
o 795 170.22
o 794 170.22
o 793 170.22
o 792 170.22
o 790 170.22
o 789 170.22
o 788 170.22
o 784 170.22
o 783 170.22
o 782 170.22
o 781 170.22
o 780 170.22
o 779 170.22
o 778 170.22
o 777 170.22
o 776 170.22
o 775 170.22
o 774 170.22
o 773 170.22
o 772 170.22
o 771 170.22
o 770 170.22
o 769 170.22
o 768 170.22
o 767 170.22
o 766 170.22
o 765 170.22
o 764 170.22
o 763 170.22
o 762 170.22
o 761 170.22
o 760 170.22
o 759 170.23
o 758 170.23
o 757 170.23
o 756 170.23
o 755 170.23
o 754 170.23
o 753 170.23
o 752 170.23
o 751 170.23
o 750 170.23
o 749 170.23
o 748 170.23
o 747 170.23
o 746 170.23
o 745 170.23
o 744 170.23
o 743 170.23
o 742 170.23
o 741 170.23
o 740 170.23
o 739 170.23
o 738 170.23
o 737 170.23
o 736 170.23
o 735 170.23
o 734 170.23
o 733 170.23
o 732 170.23
o 731 170.23
o 730 170.23
o 729 170.23
o 728 170.24
o 727 170.24
o 726 170.24
o 725 170.24
o 724 170.24
o 723 170.24
o 722 170.24
o 721 170.24
o 720 170.24
o 719 170.24
o 718 170.24
o 717 170.24
o 716 170.25
o 715 170.25
o 714 170.25
o 713 170.25
o 712 170.25
o 711 170.25
o 710 170.25
o 709 170.25
o 708 170.25
o 707 170.25
o 706 170.25
o 705 170.25
o 704 170.25
o 703 170.25
o 702 170.25
o 701 170.25
o 700 170.25
o 699 170.25
o 698 170.25
o 697 170.25
o 696 170.25
o 695 170.25
o 694 170.25
o 693 170.25
o 692 170.25
o 691 170.25
o 690 170.25
o 689 170.25
o 688 170.25
o 687 170.26
o 686 170.26
o 685 170.26
o 684 170.26
o 683 170.26
o 682 170.26
o 681 170.26
o 680 170.26
o 679 170.26
o 678 170.26
o 677 170.26
o 676 170.26
o 675 170.26
o 674 170.26
o 673 170.26
o 672 170.26
o 671 170.26
o 670 170.26
o 669 170.27
o 668 170.27
o 667 170.27
o 666 170.27
o 665 170.27
o 664 170.27
o 663 170.29
o 662 170.29
o 661 170.29
o 660 170.29
o 659 170.29
o 658 170.29
o 657 170.29
o 656 170.29
o 655 170.29
o 654 170.29
o 653 170.29
o 652 170.29
o 651 170.29
o 650 170.29
o 649 170.29
o 648 170.29
o 647 170.29
o 646 170.29
o 645 170.29
o 644 170.29
o 643 170.29
o 642 170.29
o 641 170.29
o 640 170.29
o 639 170.29
o 638 170.29
o 637 170.29
o 636 170.29
o 635 170.29
o 634 170.29
o 633 170.3
o 632 170.3
o 631 170.3
o 630 170.3
o 629 170.32
o 628 170.32
o 627 170.32
o 626 170.32
o 625 170.32
o 624 170.32
o 623 170.32
o 622 170.32
o 621 170.32
o 620 170.32
o 619 170.32
o 618 170.32
o 617 170.32
o 616 170.32
o 615 170.32
o 614 170.32
o 613 170.33
o 612 170.35
o 611 170.35
o 610 170.35
o 609 170.35
o 608 170.35
o 607 170.35
o 606 170.35
o 605 170.35
o 604 170.35
o 603 170.35
o 602 170.35
o 601 170.35
o 600 170.35
o 599 170.35
o 598 170.35
o 597 170.35
o 596 170.35
o 595 170.35
o 594 170.38
o 593 170.38
o 592 170.38
o 591 170.38
o 590 170.38
o 589 170.38
o 588 170.38
o 587 170.38
o 586 170.38
o 585 170.44
o 584 170.44
o 583 170.44
o 582 170.44
o 581 170.44
o 580 170.51
o 579 170.52
o 578 170.52
o 577 170.52
o 576 170.52
o 575 170.52
o 574 170.52
o 573 170.52
o 572 170.52
o 571 170.52
o 570 170.52
o 569 170.52
o 568 170.52
o 567 170.83
o 566 170.83
o 565 170.83
o 564 170.83
o 563 171.19
o 562 171.19
o 561 171.19
o 560 171.19
o 559 171.19
o 558 171.19
o 557 171.19
o 556 171.19
o 555 192.82
o 542 192.84
o 541 192.84
o 531 192.87
o 529 192.88
o 527 192.91
o 521 192.95
o 514 192.98
o 509 193
o 501 193.01
o 500 193.04
o 498 193.04
o 496 193.1
o 483 199.83
o 482 199.83
o 481 199.83
o 480 199.84
aes-sbox_8
o 810 200.19
o 809 200.19
o 808 200.19
o 807 200.19
o 806 200.19
o 805 200.19
o 804 200.19
o 803 200.19
o 802 200.19
o 801 200.19
o 800 200.19
o 799 200.19
o 798 200.19
o 797 200.19
o 796 200.19
o 793 200.19
o 792 200.19
o 791 200.19
o 790 200.19
o 789 200.19
o 788 200.19
o 787 200.19
o 785 200.19
o 784 200.19
o 783 200.2
o 782 200.2
o 781 200.2
o 780 200.2
o 779 200.2
o 778 200.2
o 777 200.2
o 776 200.2
o 775 200.2
o 774 200.2
o 773 200.2
o 772 200.2
o 771 200.2
o 770 200.2
o 769 200.2
o 768 200.2
o 767 200.2
o 766 200.2
o 765 200.2
o 764 200.2
o 763 200.2
o 762 200.2
o 761 200.2
o 760 200.2
o 759 200.2
o 758 200.2
o 757 200.21
o 756 200.21
o 755 200.21
o 754 200.21
o 753 200.21
o 752 200.21
o 751 200.21
o 750 200.21
o 749 200.21
o 748 200.21
o 747 200.21
o 746 200.21
o 745 200.21
o 744 200.21
o 743 200.21
o 742 200.21
o 741 200.21
o 740 200.21
o 739 200.21
o 738 200.21
o 737 200.21
o 736 200.21
o 735 200.21
o 734 200.21
o 733 200.21
o 732 200.21
o 731 200.22
o 730 200.22
o 729 200.22
o 728 200.22
o 727 200.22
o 726 200.22
o 722 200.22
o 721 200.22
o 720 200.22
o 719 200.22
o 718 200.22
o 717 200.22
o 716 200.22
o 715 200.22
o 714 200.22
o 713 200.22
o 712 200.22
o 711 200.22
o 710 200.22
o 709 200.22
o 708 200.22
o 707 200.22
o 706 200.22
o 705 200.22
o 704 200.22
o 703 200.22
o 702 200.22
o 701 200.23
o 700 200.23
o 699 200.23
o 698 200.23
o 697 200.23
o 696 200.23
o 695 200.23
o 694 200.23
o 693 200.24
o 692 200.24
o 691 200.24
o 690 200.24
o 689 200.24
o 688 200.24
o 687 200.25
o 686 200.25
o 685 200.25
o 684 200.25
o 683 200.25
o 682 200.25
o 681 200.25
o 680 200.25
o 679 200.25
o 678 200.25
o 677 200.25
o 676 200.26
o 675 200.26
o 674 200.26
o 673 200.26
o 672 200.26
o 671 200.26
o 670 200.26
o 669 200.26
o 668 200.27
o 667 200.27
o 666 200.28
o 665 200.32
o 664 200.32
o 663 200.32
o 662 200.32
o 661 200.32
o 660 200.32
o 659 200.32
o 658 200.32
o 657 200.32
o 656 200.32
o 655 200.32
o 654 200.32
o 653 200.32
o 652 200.32
o 651 200.32
o 650 200.32
o 649 200.32
o 648 200.32
o 647 200.32
o 646 200.32
o 645 200.32
o 644 200.32
o 643 200.32
o 642 200.32
o 641 200.32
o 640 200.32
o 639 200.32
o 638 200.32
o 637 200.32
o 636 200.32
o 635 200.32
o 634 200.32
o 633 200.32
o 632 200.32
o 631 200.32
o 630 200.32
o 629 200.34
o 628 200.34
o 627 200.34
o 626 200.34
o 625 200.36
o 624 200.36
o 623 200.36
o 622 200.36
o 621 200.36
o 620 200.36
o 619 200.36
o 618 200.36
o 617 200.36
o 616 200.36
o 615 200.36
o 614 200.36
o 613 200.36
o 612 200.36
o 611 200.36
o 610 200.36
o 609 200.36
o 608 200.36
o 607 200.36
o 606 200.36
o 605 200.37
o 604 200.37
o 603 200.47
o 602 200.47
o 601 200.52
o 600 200.52
o 599 200.52
o 598 200.52
o 597 200.52
o 596 200.52
o 595 200.52
o 594 200.57
o 593 200.57
o 592 200.57
o 591 200.57
o 590 200.57
o 589 200.57
o 588 200.57
o 587 200.57
o 586 200.57
o 585 200.57
o 584 200.57
o 583 200.57
o 582 200.57
o 581 200.57
o 580 200.57
o 579 200.79
o 578 200.79
o 577 200.79
o 576 200.79
o 575 201.31
o 574 201.31
o 573 201.31
o 572 201.31
o 571 202.18
o 570 202.34
o 569 202.37
o 568 202.37
o 567 202.37
o 566 202.37
o 565 202.37
o 564 202.37
o 563 202.37
o 562 202.37
o 561 202.37
o 560 202.37
o 559 202.37
o 558 202.37
o 557 202.37
o 556 202.37
o 555 202.37
o 554 202.37
o 553 202.37
o 552 202.37
o 551 202.37
o 542 230.45
o 536 230.46
o 523 230.48
o 519 230.56
o 511 230.59
o 510 230.68
o 509 230.7
o 508 230.71
o 507 230.82
o 506 230.89
o 495 230.92
o 493 236.45
o 486 236.51
o 484 238.49
o 482 241.89
o 479 241.89
aes-sbox_8
o 810 142.93
o 809 142.93
o 808 142.93
o 807 142.93
o 806 142.93
o 805 142.93
o 804 142.93
o 803 142.93
o 802 142.93
o 801 142.93
o 800 142.93
o 799 142.93
o 798 142.93
o 797 142.93
o 796 142.93
o 795 142.93
o 794 142.93
o 793 142.93
o 792 142.93
o 791 142.93
o 790 142.93
o 789 142.93
o 788 142.93
o 786 142.93
o 785 142.93
o 784 142.93
o 783 142.93
o 782 142.93
o 781 142.93
o 780 142.93
o 779 142.93
o 778 142.93
o 777 142.93
o 776 142.93
o 775 142.93
o 774 142.93
o 773 142.93
o 772 142.93
o 771 142.93
o 770 142.93
o 769 142.93
o 768 142.94
o 767 142.94
o 766 142.94
o 765 142.94
o 764 142.94
o 763 142.94
o 762 142.94
o 761 142.94
o 760 142.94
o 759 142.94
o 758 142.94
o 757 142.94
o 756 142.94
o 755 142.94
o 754 142.94
o 753 142.94
o 752 142.94
o 751 142.94
o 750 142.94
o 749 142.94
o 748 142.94
o 747 142.94
o 746 142.94
o 745 142.94
o 744 142.94
o 743 142.94
o 742 142.94
o 741 142.94
o 740 142.94
o 739 142.94
o 738 142.94
o 737 142.94
o 736 142.94
o 735 142.94
o 734 142.94
o 733 142.94
o 732 142.94
o 731 142.94
o 730 142.94
o 729 142.94
o 728 142.94
o 727 142.94
o 726 142.94
o 725 142.94
o 724 142.94
o 723 142.95
o 722 142.95
o 721 142.95
o 720 142.95
o 719 142.95
o 718 142.95
o 717 142.95
o 716 142.95
o 715 142.95
o 714 142.95
o 713 142.95
o 712 142.95
o 711 142.95
o 710 142.95
o 709 142.95
o 708 142.95
o 707 142.95
o 706 142.95
o 705 142.95
o 704 142.95
o 703 142.95
o 702 142.95
o 701 142.95
o 700 142.95
o 699 142.95
o 698 142.95
o 697 142.95
o 696 142.95
o 695 142.95
o 694 142.95
o 693 142.95
o 692 142.95
o 691 142.95
o 690 142.95
o 689 142.95
o 688 142.95
o 687 142.95
o 686 142.95
o 685 142.95
o 684 142.95
o 683 142.95
o 682 142.95
o 681 142.95
o 680 142.96
o 679 142.96
o 678 142.96
o 677 142.96
o 676 142.96
o 675 142.96
o 674 142.96
o 673 142.96
o 672 142.96
o 671 142.96
o 670 142.96
o 669 142.96
o 668 142.96
o 667 142.96
o 666 142.96
o 665 142.96
o 664 142.96
o 663 142.97
o 662 142.97
o 661 142.97
o 660 142.97
o 659 142.97
o 658 142.97
o 657 142.97
o 656 142.97
o 655 142.97
o 654 142.98
o 653 142.98
o 652 142.98
o 651 142.98
o 650 142.98
o 649 142.98
o 648 142.98
o 647 142.98
o 646 142.98
o 645 142.98
o 644 142.98
o 643 142.98
o 642 142.98
o 641 142.98
o 640 142.98
o 639 142.98
o 638 142.98
o 637 142.99
o 636 142.99
o 635 142.99
o 634 142.99
o 633 142.99
o 632 142.99
o 631 142.99
o 630 142.99
o 629 143
o 628 143.01
o 627 143.01
o 626 143.01
o 625 143.01
o 624 143.01
o 623 143.01
o 622 143.01
o 621 143.01
o 620 143.01
o 619 143.01
o 618 143.01
o 617 143.01
o 616 143.01
o 615 143.01
o 614 143.01
o 613 143.01
o 612 143.01
o 611 143.05
o 610 143.05
o 609 143.05
o 608 143.05
o 607 143.05
o 606 143.05
o 605 143.05
o 604 143.05
o 603 143.05
o 602 143.05
o 601 143.05
o 600 143.05
o 599 143.05
o 598 143.05
o 597 143.05
o 596 143.05
o 595 143.05
o 594 143.05
o 593 143.05
o 592 143.05
o 591 143.05
o 590 143.06
o 589 143.07
o 588 143.07
o 587 143.07
o 586 143.07
o 585 143.07
o 584 143.07
o 583 143.07
o 582 143.07
o 581 143.07
o 580 143.07
o 579 143.07
o 578 143.07
o 577 143.07
o 576 143.07
o 575 143.07
o 574 143.07
o 573 143.07
o 572 143.07
o 571 143.07
o 570 143.07
o 569 143.07
o 568 143.07
o 567 143.12
o 566 143.12
o 565 143.12
o 564 143.12
o 563 143.12
o 562 143.12
o 561 143.12
o 560 143.12
o 559 143.12
o 550 156.45
o 538 156.47
o 534 156.5
o 524 156.52
o 523 156.52
o 520 156.53
o 519 156.53
o 516 156.55
o 515 156.56
o 513 156.56
o 506 156.57
o 505 156.58
o 494 156.58
o 493 156.59
o 492 156.66
o 491 156.66
o 489 156.67
o 488 161.13
o 487 161.14
o 484 161.15
o 482 161.17
o 474 187.32
o 473 187.35
aes-sbox_8
o 810 124.28
o 809 124.28
o 808 124.28
o 807 124.28
o 806 124.28
o 805 124.28
o 804 124.28
o 803 124.28
o 802 124.28
o 801 124.28
o 798 124.28
o 797 124.28
o 796 124.28
o 795 124.28
o 794 124.28
o 793 124.28
o 792 124.28
o 791 124.28
o 790 124.28
o 789 124.28
o 788 124.28
o 787 124.28
o 786 124.28
o 785 124.28
o 784 124.28
o 783 124.28
o 782 124.28
o 781 124.28
o 780 124.28
o 779 124.29
o 778 124.29
o 777 124.29
o 776 124.29
o 775 124.29
o 774 124.29
o 773 124.29
o 772 124.29
o 771 124.29
o 770 124.29
o 769 124.29
o 768 124.29
o 767 124.29
o 766 124.29
o 765 124.29
o 764 124.29
o 763 124.29
o 762 124.29
o 761 124.29
o 760 124.29
o 759 124.3
o 758 124.3
o 757 124.3
o 756 124.3
o 755 124.3
o 754 124.3
o 753 124.3
o 752 124.3
o 751 124.3
o 750 124.3
o 749 124.3
o 748 124.3
o 747 124.3
o 746 124.3
o 745 124.3
o 744 124.3
o 743 124.3
o 742 124.3
o 741 124.3
o 740 124.3
o 739 124.3
o 738 124.3
o 737 124.3
o 736 124.3
o 735 124.3
o 734 124.3
o 733 124.3
o 732 124.3
o 731 124.3
o 730 124.3
o 729 124.3
o 728 124.3
o 727 124.3
o 726 124.3
o 725 124.3
o 724 124.3
o 723 124.3
o 722 124.3
o 721 124.3
o 720 124.3
o 719 124.3
o 718 124.3
o 717 124.31
o 716 124.31
o 715 124.31
o 714 124.31
o 713 124.31
o 712 124.31
o 711 124.31
o 710 124.31
o 709 124.31
o 708 124.31
o 707 124.31
o 706 124.31
o 705 124.31
o 704 124.31
o 703 124.31
o 702 124.31
o 701 124.31
o 700 124.31
o 699 124.31
o 698 124.31
o 697 124.31
o 696 124.31
o 695 124.31
o 694 124.31
o 693 124.31
o 692 124.31
o 691 124.31
o 690 124.31
o 689 124.31
o 688 124.31
o 687 124.31
o 686 124.31
o 685 124.31
o 684 124.32
o 683 124.32
o 682 124.32
o 681 124.32
o 680 124.32
o 679 124.32
o 678 124.32
o 677 124.32
o 676 124.32
o 675 124.32
o 674 124.32
o 673 124.32
o 672 124.32
o 671 124.32
o 670 124.32
o 669 124.32
o 668 124.32
o 667 124.32
o 666 124.32
o 665 124.32
o 664 124.33
o 663 124.33
o 662 124.34
o 661 124.34
o 660 124.34
o 659 124.34
o 658 124.34
o 657 124.34
o 656 124.34
o 655 124.35
o 654 124.35
o 653 124.35
o 652 124.35
o 651 124.35
o 650 124.35
o 649 124.35
o 648 124.35
o 647 124.35
o 646 124.35
o 645 124.35
o 644 124.35
o 643 124.35
o 642 124.35
o 641 124.35
o 640 124.35
o 639 124.35
o 638 124.35
o 637 124.35
o 636 124.35
o 635 124.35
o 634 124.35
o 633 124.35
o 632 124.35
o 631 124.35
o 630 124.35
o 629 124.35
o 628 124.35
o 627 124.35
o 626 124.35
o 625 124.35
o 624 124.35
o 623 124.35
o 622 124.35
o 621 124.36
o 620 124.37
o 619 124.37
o 618 124.37
o 617 124.37
o 616 124.37
o 615 124.37
o 614 124.37
o 613 124.37
o 612 124.37
o 611 124.37
o 610 124.37
o 609 124.37
o 608 124.37
o 607 124.37
o 606 124.37
o 605 124.37
o 604 124.37
o 603 124.37
o 602 124.37
o 601 124.37
o 600 124.37
o 599 124.39
o 598 124.39
o 597 124.39
o 596 124.39
o 595 124.39
o 594 124.39
o 593 124.39
o 592 124.39
o 591 124.39
o 590 124.39
o 589 124.39
o 588 124.39
o 587 124.39
o 586 124.39
o 585 124.39
o 584 124.39
o 583 124.39
o 582 124.43
o 581 124.43
o 580 124.43
o 579 124.43
o 578 124.43
o 577 124.43
o 576 124.43
o 575 124.44
o 574 124.44
o 573 124.45
o 572 124.45
o 571 124.45
o 570 124.45
o 569 124.71
o 568 124.71
o 567 124.71
o 566 124.71
o 565 124.71
o 564 124.71
o 563 124.71
o 562 125.89
o 561 137.47
o 553 137.48
o 552 137.5
o 551 137.5
o 549 137.51
o 545 137.52
o 543 137.53
o 539 137.54
o 530 137.55
o 520 137.56
o 512 137.59
o 510 137.61
o 509 137.65
o 508 137.65
o 507 137.65
o 506 137.65
o 504 137.66
o 498 137.66
o 495 137.67
o 493 137.71
o 491 137.73
o 490 142.15
o 487 142.15
o 478 142.22
o 477 142.22
aes-sbox_8
o 810 136.88
o 809 136.89
o 808 136.89
o 807 136.89
o 806 136.89
o 805 136.89
o 804 136.89
o 803 136.89
o 802 136.89
o 801 136.89
o 800 136.89
o 799 136.89
o 798 136.89
o 797 136.89
o 796 136.89
o 795 136.89
o 794 136.89
o 793 136.89
o 792 136.89
o 791 136.89
o 790 136.89
o 789 136.89
o 788 136.89
o 787 136.89
o 786 136.89
o 785 136.89
o 784 136.89
o 783 136.89
o 782 136.89
o 781 136.89
o 780 136.89
o 777 136.89
o 776 136.89
o 775 136.89
o 774 136.89
o 773 136.89
o 772 136.89
o 771 136.89
o 770 136.89
o 769 136.89
o 768 136.89
o 767 136.89
o 766 136.89
o 765 136.89
o 764 136.89
o 763 136.89
o 762 136.89
o 761 136.89
o 760 136.89
o 759 136.89
o 758 136.89
o 757 136.89
o 756 136.89
o 755 136.89
o 752 136.9
o 751 136.9
o 750 136.9
o 749 136.9
o 748 136.9
o 747 136.9
o 746 136.9
o 745 136.9
o 744 136.9
o 743 136.9
o 742 136.9
o 741 136.9
o 740 136.9
o 739 136.9
o 738 136.9
o 737 136.9
o 736 136.9
o 735 136.9
o 734 136.9
o 733 136.9
o 732 136.9
o 731 136.9
o 730 136.9
o 729 136.9
o 728 136.9
o 727 136.9
o 726 136.9
o 725 136.9
o 724 136.9
o 723 136.9
o 722 136.9
o 721 136.9
o 720 136.9
o 719 136.91
o 718 136.91
o 717 136.91
o 716 136.91
o 715 136.91
o 714 136.91
o 713 136.91
o 712 136.91
o 711 136.91
o 710 136.91
o 709 136.91
o 708 136.91
o 707 136.91
o 706 136.91
o 705 136.91
o 704 136.91
o 703 136.91
o 702 136.91
o 701 136.91
o 700 136.91
o 699 136.91
o 698 136.91
o 697 136.91
o 696 136.91
o 695 136.91
o 694 136.91
o 693 136.91
o 692 136.91
o 691 136.91
o 690 136.92
o 689 136.92
o 688 136.92
o 687 136.92
o 686 136.92
o 685 136.92
o 684 136.92
o 683 136.92
o 682 136.92
o 681 136.92
o 680 136.92
o 679 136.92
o 678 136.92
o 677 136.92
o 676 136.92
o 675 136.92
o 674 136.92
o 673 136.93
o 672 136.93
o 671 136.93
o 670 136.93
o 669 136.93
o 668 136.93
o 667 136.93
o 666 136.93
o 665 136.93
o 664 136.93
o 663 136.93
o 662 136.93
o 661 136.93
o 660 136.94
o 659 136.94
o 658 136.94
o 657 136.94
o 656 136.94
o 655 136.95
o 654 136.95
o 653 136.96
o 652 136.96
o 651 136.96
o 650 136.96
o 649 136.96
o 648 136.96
o 647 136.96
o 646 136.96
o 645 136.96
o 644 136.96
o 643 136.96
o 642 136.96
o 641 136.96
o 640 136.96
o 639 136.96
o 638 136.96
o 637 136.96
o 636 136.96
o 635 136.96
o 634 136.96
o 633 136.96
o 632 136.96
o 631 136.96
o 630 136.96
o 629 136.97
o 628 136.97
o 627 136.97
o 626 136.97
o 625 136.97
o 624 136.97
o 623 136.97
o 622 136.97
o 621 136.97
o 620 136.97
o 619 136.97
o 618 136.97
o 617 136.97
o 616 137.01
o 615 137.01
o 614 137.01
o 613 137.01
o 612 137.01
o 611 137.01
o 610 137.03
o 609 137.03
o 608 137.03
o 607 137.03
o 606 137.03
o 605 137.03
o 604 137.03
o 603 137.03
o 602 137.03
o 601 137.03
o 600 137.03
o 599 137.03
o 598 137.03
o 597 137.03
o 596 137.03
o 595 137.03
o 594 137.03
o 593 137.03
o 592 137.03
o 591 137.03
o 590 137.03
o 589 137.05
o 588 137.05
o 587 137.05
o 586 137.05
o 585 137.05
o 584 137.05
o 583 137.05
o 582 137.05
o 581 137.05
o 580 137.05
o 579 137.05
o 578 137.05
o 577 137.05
o 576 137.05
o 575 137.05
o 574 137.05
o 573 137.05
o 572 137.05
o 571 137.23
o 570 137.23
o 569 137.23
o 568 137.23
o 567 137.23
o 566 137.41
o 565 137.41
o 564 137.41
o 562 153.32
o 555 153.39
o 549 153.4
o 548 153.4
o 547 153.47
o 544 153.77
o 543 153.79
o 539 153.81
o 536 154.26
o 535 154.26
o 533 155.34
o 527 155.35
o 526 155.35
o 525 155.48
o 524 155.48
o 523 158.02
o 515 158.04
o 514 158.04
o 513 158.04
o 512 158.04
o 511 158.04
o 510 158.04
o 509 158.04
o 506 158.11
o 505 159.63
o 495 159.65
o 494 159.69
o 492 159.69
o 491 159.86
o 487 161.57
o 486 161.57
o 485 161.59
o 484 161.6
o 481 161.6
o 478 165.91
o 475 165.93
aes-sbox_8
o 810 245.61
o 809 245.61
o 808 245.61
o 807 245.61
o 806 245.61
o 805 245.61
o 804 245.61
o 803 245.61
o 802 245.61
o 801 245.61
o 800 245.61
o 799 245.61
o 798 245.61
o 797 245.62
o 796 245.62
o 794 245.62
o 793 245.62
o 791 245.62
o 788 245.62
o 787 245.62
o 786 245.62
o 785 245.62
o 784 245.62
o 783 245.62
o 782 245.62
o 781 245.62
o 780 245.62
o 779 245.62
o 778 245.62
o 777 245.62
o 776 245.62
o 775 245.62
o 774 245.62
o 773 245.62
o 772 245.62
o 771 245.62
o 770 245.62
o 769 245.62
o 768 245.62
o 767 245.62
o 766 245.62
o 765 245.62
o 764 245.62
o 762 245.62
o 761 245.62
o 760 245.62
o 759 245.62
o 758 245.62
o 757 245.62
o 756 245.62
o 755 245.62
o 754 245.62
o 753 245.62
o 752 245.62
o 751 245.62
o 750 245.63
o 749 245.63
o 748 245.63
o 747 245.63
o 746 245.63
o 745 245.63
o 744 245.63
o 743 245.63
o 742 245.63
o 741 245.63
o 740 245.63
o 739 245.63
o 738 245.63
o 737 245.63
o 736 245.63
o 735 245.63
o 734 245.63
o 733 245.63
o 732 245.63
o 731 245.63
o 730 245.63
o 729 245.64
o 728 245.64
o 727 245.64
o 726 245.64
o 725 245.64
o 724 245.64
o 723 245.64
o 722 245.64
o 721 245.64
o 720 245.64
o 719 245.64
o 718 245.64
o 717 245.64
o 716 245.64
o 715 245.64
o 714 245.64
o 712 245.64
o 711 245.64
o 710 245.64
o 709 245.64
o 708 245.64
o 707 245.64
o 706 245.64
o 705 245.64
o 704 245.64
o 703 245.64
o 702 245.64
o 701 245.64
o 700 245.64
o 699 245.64
o 698 245.64
o 697 245.64
o 696 245.64
o 695 245.64
o 694 245.64
o 693 245.64
o 692 245.64
o 691 245.64
o 690 245.64
o 689 245.64
o 688 245.64
o 687 245.64
o 686 245.64
o 685 245.64
o 684 245.64
o 683 245.65
o 682 245.65
o 681 245.65
o 680 245.65
o 679 245.65
o 678 245.65
o 677 245.65
o 676 245.65
o 675 245.65
o 674 245.65
o 673 245.65
o 672 245.65
o 671 245.65
o 670 245.65
o 669 245.65
o 668 245.65
o 667 245.65
o 666 245.65
o 665 245.65
o 664 245.65
o 663 245.65
o 662 245.65
o 661 245.65
o 660 245.66
o 659 245.66
o 658 245.66
o 657 245.66
o 656 245.67
o 655 245.67
o 654 245.67
o 653 245.67
o 652 245.67
o 651 245.67
o 650 245.67
o 649 245.67
o 648 245.67
o 647 245.67
o 646 245.68
o 645 245.68
o 644 245.68
o 643 245.68
o 642 245.68
o 641 245.68
o 640 245.68
o 639 245.68
o 638 245.68
o 637 245.68
o 636 245.68
o 635 245.68
o 634 245.68
o 633 245.68
o 632 245.68
o 631 245.68
o 630 245.68
o 629 245.68
o 628 245.68
o 627 245.68
o 626 245.68
o 625 245.68
o 624 245.68
o 623 245.68
o 622 245.68
o 621 245.68
o 620 245.68
o 619 245.68
o 618 245.69
o 617 245.69
o 616 245.69
o 615 245.69
o 614 245.69
o 613 245.69
o 612 245.69
o 611 245.69
o 610 245.69
o 609 245.69
o 608 245.69
o 607 245.69
o 606 245.69
o 605 245.7
o 604 245.7
o 603 245.7
o 602 245.7
o 601 245.7
o 600 245.7
o 599 245.71
o 598 245.71
o 597 245.71
o 596 245.71
o 595 245.71
o 594 245.71
o 593 245.71
o 592 245.71
o 591 245.71
o 590 245.71
o 589 245.71
o 588 245.71
o 587 245.71
o 586 245.71
o 585 245.71
o 584 245.71
o 583 245.71
o 582 245.71
o 581 245.71
o 580 245.81
o 579 245.81
o 578 245.81
o 577 245.81
o 576 245.81
o 575 245.81
o 574 245.81
o 573 245.81
o 572 245.88
o 571 245.88
o 570 245.88
o 569 245.88
o 568 245.98
o 567 245.98
o 566 245.98
o 565 245.98
o 564 245.98
o 563 245.98
o 562 246.15
o 561 246.15
o 560 246.15
o 559 246.15
o 558 246.2
o 554 269.79
o 553 269.82
o 540 269.87
o 523 269.9
o 520 269.93
o 518 269.97
o 514 270.35
o 513 270.37
o 509 270.38
o 505 270.45
o 504 270.48
o 495 270.66
o 494 270.78
o 491 273.59
o 487 273.65
o 486 278.96
o 485 283.45
o 483 283.46
o 482 283.49
o 481 283.49
aes-sbox_8
o 810 216.42
o 809 216.42
o 808 216.43
o 807 216.43
o 806 216.43
o 805 216.43
o 804 216.43
o 803 216.43
o 802 216.43
o 801 216.43
o 800 216.43
o 799 216.43
o 798 216.43
o 797 216.43
o 796 216.43
o 795 216.43
o 794 216.43
o 793 216.43
o 792 216.43
o 791 216.43
o 790 216.43
o 789 216.43
o 788 216.43
o 787 216.43
o 786 216.43
o 785 216.43
o 784 216.43
o 783 216.43
o 782 216.43
o 781 216.43
o 780 216.43
o 779 216.43
o 778 216.43
o 777 216.43
o 776 216.43
o 775 216.43
o 774 216.43
o 773 216.43
o 772 216.43
o 771 216.43
o 770 216.43
o 769 216.43
o 768 216.44
o 767 216.44
o 765 216.44
o 764 216.44
o 763 216.44
o 762 216.44
o 761 216.44
o 760 216.44
o 759 216.44
o 758 216.44
o 757 216.44
o 756 216.44
o 755 216.44
o 754 216.44
o 753 216.44
o 752 216.44
o 751 216.44
o 749 216.44
o 748 216.44
o 747 216.44
o 746 216.44
o 745 216.44
o 744 216.44
o 743 216.44
o 742 216.44
o 741 216.44
o 740 216.44
o 739 216.44
o 738 216.44
o 737 216.44
o 736 216.44
o 735 216.44
o 734 216.44
o 733 216.44
o 732 216.44
o 731 216.44
o 730 216.44
o 729 216.44
o 728 216.45
o 727 216.45
o 726 216.45
o 725 216.45
o 724 216.45
o 723 216.45
o 722 216.45
o 721 216.45
o 720 216.45
o 719 216.45
o 718 216.45
o 717 216.45
o 716 216.45
o 715 216.45
o 714 216.45
o 713 216.45
o 712 216.45
o 711 216.45
o 710 216.45
o 709 216.45
o 708 216.45
o 707 216.45
o 706 216.45
o 705 216.45
o 704 216.45
o 703 216.45
o 702 216.45
o 701 216.45
o 700 216.45
o 699 216.45
o 698 216.45
o 697 216.46
o 696 216.46
o 695 216.46
o 694 216.46
o 693 216.46
o 692 216.46
o 691 216.46
o 690 216.46
o 689 216.46
o 688 216.46
o 687 216.46
o 686 216.46
o 685 216.46
o 684 216.46
o 683 216.46
o 682 216.46
o 681 216.46
o 680 216.46
o 679 216.46
o 678 216.47
o 677 216.47
o 676 216.47
o 675 216.47
o 674 216.47
o 673 216.48
o 672 216.48
o 671 216.48
o 670 216.49
o 669 216.49
o 668 216.5
o 667 216.52
o 666 216.52
o 665 216.52
o 664 216.52
o 663 216.52
o 662 216.52
o 661 216.52
o 660 216.52
o 659 216.52
o 658 216.52
o 657 216.52
o 656 216.52
o 655 216.52
o 654 216.52
o 653 216.52
o 652 216.52
o 651 216.52
o 650 216.52
o 649 216.52
o 648 216.52
o 647 216.52
o 646 216.52
o 645 216.52
o 644 216.52
o 643 216.52
o 642 216.52
o 641 216.52
o 640 216.52
o 639 216.52
o 638 216.52
o 637 216.52
o 636 216.55
o 635 216.55
o 634 216.55
o 633 216.55
o 632 216.55
o 631 216.55
o 630 216.55
o 629 216.55
o 628 216.55
o 627 216.55
o 626 216.55
o 625 216.55
o 624 216.55
o 623 216.55
o 622 216.55
o 621 216.55
o 620 216.55
o 619 216.55
o 618 216.55
o 617 216.55
o 616 216.56
o 615 216.56
o 614 216.56
o 613 216.56
o 612 216.56
o 611 216.58
o 610 216.58
o 609 216.58
o 608 216.58
o 607 216.58
o 606 216.58
o 605 216.58
o 604 216.58
o 603 216.58
o 602 216.58
o 601 216.58
o 600 216.58
o 599 216.58
o 598 216.58
o 597 216.58
o 596 216.58
o 595 216.58
o 594 216.59
o 593 216.62
o 592 216.66
o 591 216.66
o 590 216.69
o 589 216.7
o 588 216.7
o 587 216.7
o 586 216.7
o 585 216.7
o 584 216.7
o 583 216.7
o 582 216.7
o 581 216.7
o 580 216.7
o 579 216.7
o 578 216.7
o 577 216.9
o 576 217
o 575 217
o 574 217
o 573 217
o 572 217
o 571 217
o 570 217.06
o 569 217.06
o 568 217.06
o 567 217.06
o 566 217.06
o 565 217.06
o 564 217.06
o 563 217.06
o 562 217.06
o 561 217.06
o 560 217.06
o 559 217.06
o 558 217.06
o 557 218.51
o 556 218.51
o 555 218.51
o 552 236.72
o 542 236.74
o 535 236.82
o 533 240.02
o 532 240.03
o 528 240.07
o 527 240.14
o 526 240.15
o 525 240.16
o 524 240.16
o 523 240.16
o 519 240.17
o 518 240.18
o 517 244.23
o 516 244.41
o 515 244.43
o 513 244.53
o 512 249.04
o 507 249.06
o 505 249.09
o 504 249.09
o 491 249.11
o 484 290.13
aes-sbox_8
o 810 154.88
o 809 154.88
o 808 154.88
o 807 154.88
o 806 154.88
o 805 154.88
o 804 154.88
o 802 154.88
o 801 154.88
o 799 154.88
o 798 154.88
o 797 154.88
o 796 154.88
o 795 154.88
o 794 154.88
o 793 154.88
o 792 154.88
o 791 154.88
o 790 154.88
o 789 154.88
o 788 154.88
o 787 154.88
o 786 154.88
o 785 154.88
o 783 154.88
o 782 154.88
o 781 154.88
o 780 154.88
o 779 154.88
o 778 154.88
o 777 154.88
o 776 154.88
o 775 154.88
o 773 154.88
o 772 154.88
o 771 154.88
o 770 154.88
o 769 154.88
o 768 154.88
o 767 154.88
o 766 154.88
o 765 154.88
o 764 154.88
o 763 154.88
o 761 154.88
o 760 154.88
o 759 154.88
o 758 154.89
o 757 154.89
o 756 154.89
o 755 154.89
o 754 154.89
o 753 154.89
o 752 154.89
o 751 154.89
o 750 154.89
o 749 154.89
o 748 154.89
o 747 154.89
o 746 154.89
o 745 154.89
o 744 154.89
o 743 154.89
o 742 154.89
o 741 154.89
o 740 154.89
o 739 154.89
o 738 154.89
o 737 154.89
o 736 154.89
o 735 154.89
o 734 154.89
o 733 154.89
o 732 154.89
o 731 154.89
o 730 154.89
o 729 154.89
o 728 154.89
o 725 154.89
o 724 154.9
o 723 154.9
o 722 154.9
o 721 154.9
o 720 154.9
o 719 154.9
o 718 154.9
o 717 154.9
o 716 154.9
o 715 154.9
o 714 154.9
o 713 154.9
o 712 154.9
o 711 154.9
o 710 154.9
o 709 154.9
o 708 154.9
o 707 154.9
o 706 154.9
o 705 154.9
o 704 154.9
o 703 154.9
o 702 154.9
o 701 154.9
o 700 154.9
o 699 154.9
o 698 154.9
o 697 154.91
o 696 154.91
o 695 154.91
o 694 154.91
o 693 154.91
o 692 154.91
o 691 154.91
o 690 154.91
o 689 154.91
o 688 154.91
o 687 154.91
o 686 154.91
o 685 154.91
o 684 154.91
o 683 154.91
o 682 154.91
o 681 154.91
o 680 154.91
o 679 154.91
o 678 154.91
o 677 154.91
o 676 154.91
o 675 154.91
o 674 154.91
o 673 154.92
o 672 154.92
o 671 154.92
o 670 154.92
o 669 154.92
o 668 154.92
o 667 154.92
o 666 154.92
o 665 154.92
o 664 154.92
o 663 154.92
o 662 154.93
o 661 154.93
o 660 154.93
o 659 154.94
o 658 154.94
o 657 154.94
o 656 154.94
o 655 154.95
o 654 154.95
o 653 154.95
o 652 154.95
o 651 154.95
o 650 154.95
o 649 154.95
o 648 154.95
o 647 154.95
o 646 154.95
o 645 154.95
o 644 154.95
o 643 154.95
o 642 154.95
o 641 154.95
o 640 154.95
o 639 154.95
o 638 154.95
o 637 154.95
o 636 154.95
o 635 154.96
o 634 154.96
o 633 154.96
o 632 154.96
o 631 154.96
o 630 154.96
o 629 154.96
o 628 154.96
o 627 154.96
o 626 154.96
o 625 154.96
o 624 154.96
o 623 154.96
o 622 154.96
o 621 154.96
o 620 154.97
o 619 154.97
o 618 154.97
o 617 154.97
o 616 154.97
o 615 154.98
o 614 154.98
o 613 154.98
o 612 154.98
o 611 154.98
o 610 154.98
o 609 154.98
o 608 154.98
o 607 154.98
o 606 154.98
o 605 154.98
o 604 154.98
o 603 154.98
o 602 154.98
o 601 154.98
o 600 154.98
o 599 154.98
o 598 154.98
o 597 154.98
o 596 154.98
o 595 154.98
o 594 154.98
o 593 154.98
o 592 154.98
o 591 155.06
o 590 155.06
o 589 155.06
o 588 155.06
o 587 155.06
o 586 155.06
o 585 155.06
o 584 155.06
o 583 155.06
o 582 155.26
o 581 155.26
o 580 155.26
o 579 155.26
o 578 155.26
o 577 155.26
o 576 155.26
o 575 155.26
o 574 155.26
o 573 155.26
o 572 155.26
o 571 155.26
o 570 155.26
o 569 155.27
o 568 155.31
o 567 155.74
o 566 155.74
o 565 155.74
o 564 155.74
o 563 155.74
o 562 155.74
o 561 155.74
o 560 155.74
o 559 155.74
o 558 155.74
o 557 155.74
o 556 155.74
o 555 157.13
o 554 157.13
o 551 170.81
o 547 170.85
o 545 170.87
o 544 172.04
o 543 172.04
o 542 172.31
o 540 172.35
o 538 172.39
o 530 172.41
o 522 172.42
o 518 177.83
o 512 177.93
o 506 177.95
o 504 177.97
o 502 177.97
o 500 177.99
o 493 177.99
o 484 178
o 482 216.1
aes-sbox_8
o 810 171.31
o 809 171.31
o 808 171.31
o 807 171.31
o 806 171.31
o 805 171.31
o 804 171.31
o 800 171.32
o 799 171.32
o 798 171.32
o 797 171.32
o 796 171.32
o 795 171.32
o 794 171.32
o 793 171.32
o 792 171.32
o 791 171.32
o 790 171.32
o 789 171.32
o 788 171.32
o 787 171.32
o 786 171.32
o 785 171.32
o 784 171.32
o 783 171.32
o 782 171.32
o 781 171.32
o 780 171.32
o 779 171.32
o 778 171.32
o 777 171.32
o 776 171.32
o 775 171.32
o 774 171.32
o 773 171.32
o 772 171.32
o 771 171.32
o 770 171.32
o 769 171.32
o 768 171.32
o 767 171.32
o 766 171.32
o 765 171.32
o 764 171.32
o 763 171.32
o 762 171.32
o 761 171.32
o 760 171.32
o 759 171.32
o 757 171.33
o 756 171.33
o 755 171.33
o 754 171.33
o 753 171.33
o 752 171.33
o 751 171.33
o 750 171.33
o 749 171.33
o 748 171.33
o 747 171.33
o 746 171.33
o 745 171.33
o 744 171.33
o 743 171.33
o 742 171.33
o 741 171.33
o 740 171.33
o 739 171.33
o 738 171.33
o 737 171.33
o 736 171.33
o 735 171.33
o 734 171.33
o 733 171.33
o 732 171.33
o 731 171.33
o 730 171.33
o 729 171.33
o 728 171.33
o 727 171.33
o 726 171.33
o 725 171.33
o 724 171.33
o 723 171.33
o 722 171.33
o 721 171.33
o 720 171.33
o 719 171.33
o 718 171.33
o 717 171.34
o 716 171.34
o 715 171.34
o 714 171.34
o 713 171.34
o 711 171.34
o 710 171.34
o 709 171.34
o 708 171.34
o 707 171.34
o 706 171.34
o 705 171.34
o 704 171.34
o 703 171.34
o 702 171.34
o 701 171.34
o 700 171.34
o 699 171.34
o 698 171.34
o 697 171.34
o 696 171.34
o 695 171.34
o 694 171.34
o 693 171.34
o 692 171.34
o 691 171.34
o 690 171.34
o 689 171.34
o 688 171.35
o 687 171.35
o 686 171.35
o 685 171.35
o 684 171.35
o 683 171.35
o 682 171.35
o 681 171.35
o 680 171.35
o 679 171.35
o 678 171.35
o 677 171.35
o 676 171.35
o 675 171.35
o 674 171.35
o 673 171.35
o 672 171.35
o 671 171.35
o 670 171.35
o 669 171.36
o 668 171.36
o 667 171.36
o 666 171.36
o 665 171.36
o 664 171.36
o 663 171.36
o 662 171.37
o 661 171.37
o 660 171.37
o 659 171.37
o 658 171.37
o 657 171.37
o 656 171.37
o 655 171.37
o 654 171.38
o 653 171.38
o 652 171.38
o 651 171.38
o 650 171.38
o 649 171.4
o 648 171.4
o 647 171.4
o 646 171.4
o 645 171.4
o 644 171.4
o 643 171.4
o 642 171.4
o 641 171.4
o 640 171.4
o 639 171.4
o 638 171.4
o 637 171.4
o 636 171.4
o 635 171.41
o 634 171.41
o 633 171.41
o 632 171.44
o 631 171.44
o 630 171.44
o 629 171.44
o 628 171.44
o 627 171.44
o 626 171.44
o 625 171.44
o 624 171.44
o 623 171.44
o 622 171.44
o 621 171.45
o 620 171.45
o 619 171.45
o 618 171.45
o 617 171.45
o 616 171.45
o 615 171.45
o 614 171.46
o 613 171.46
o 612 171.46
o 611 171.48
o 610 171.48
o 609 171.48
o 608 171.48
o 607 171.48
o 606 171.48
o 605 171.48
o 604 171.48
o 603 171.48
o 602 171.48
o 601 171.48
o 600 171.48
o 599 171.48
o 598 171.48
o 597 171.48
o 596 171.48
o 595 171.51
o 594 171.51
o 593 171.51
o 592 171.51
o 591 171.51
o 590 171.51
o 589 171.51
o 588 171.51
o 587 171.51
o 586 171.51
o 585 171.51
o 584 171.51
o 583 171.51
o 582 171.51
o 581 171.51
o 580 171.75
o 579 171.75
o 578 171.75
o 577 171.78
o 576 171.78
o 575 171.78
o 574 171.78
o 573 171.78
o 572 171.78
o 571 171.78
o 570 171.78
o 569 171.78
o 568 171.79
o 567 171.79
o 566 171.8
o 565 171.8
o 564 171.8
o 563 171.8
o 562 171.8
o 561 171.8
o 560 171.8
o 559 171.8
o 558 171.8
o 557 171.8
o 556 171.8
o 555 171.81
o 554 171.81
o 553 171.81
o 552 171.81
o 551 192.38
o 550 192.38
o 544 192.44
o 543 192.44
o 541 193.52
o 538 193.69
o 529 195.46
o 527 195.46
o 522 195.77
o 521 204.22
o 518 211.09
o 515 211.22
o 514 211.4
o 508 215.54
o 507 215.54
o 506 215.55
o 501 215.57
o 500 215.58
o 499 215.8
o 491 216.99
o 480 217.01
o 479 217.06
aes-sbox_8
o 810 101.7
o 809 101.7
o 808 101.71
o 807 101.71
o 805 101.71
o 804 101.71
o 803 101.71
o 802 101.71
o 801 101.71
o 800 101.71
o 799 101.71
o 798 101.71
o 797 101.71
o 796 101.71
o 795 101.71
o 794 101.71
o 793 101.71
o 792 101.71
o 791 101.71
o 790 101.71
o 789 101.71
o 786 101.71
o 785 101.71
o 782 101.71
o 781 101.71
o 780 101.71
o 779 101.71
o 778 101.71
o 777 101.71
o 776 101.71
o 775 101.71
o 774 101.71
o 773 101.71
o 772 101.71
o 771 101.71
o 770 101.71
o 769 101.71
o 768 101.71
o 767 101.71
o 766 101.71
o 765 101.71
o 764 101.71
o 763 101.71
o 762 101.71
o 761 101.71
o 760 101.71
o 759 101.71
o 758 101.71
o 757 101.71
o 756 101.71
o 755 101.71
o 754 101.71
o 753 101.71
o 752 101.71
o 751 101.71
o 750 101.72
o 749 101.72
o 748 101.72
o 747 101.72
o 746 101.72
o 745 101.72
o 744 101.72
o 743 101.72
o 742 101.72
o 741 101.72
o 740 101.72
o 739 101.72
o 738 101.72
o 737 101.72
o 736 101.72
o 735 101.72
o 734 101.72
o 733 101.72
o 732 101.72
o 731 101.72
o 730 101.72
o 729 101.72
o 728 101.72
o 727 101.72
o 726 101.72
o 725 101.72
o 724 101.72
o 723 101.72
o 722 101.72
o 721 101.72
o 720 101.72
o 719 101.72
o 718 101.72
o 717 101.72
o 716 101.73
o 715 101.73
o 714 101.73
o 713 101.73
o 712 101.73
o 711 101.73
o 710 101.73
o 709 101.73
o 708 101.73
o 707 101.73
o 706 101.73
o 705 101.73
o 704 101.73
o 703 101.73
o 702 101.73
o 701 101.73
o 700 101.73
o 699 101.73
o 698 101.73
o 697 101.73
o 696 101.73
o 695 101.73
o 694 101.73
o 693 101.73
o 692 101.73
o 691 101.73
o 690 101.73
o 689 101.73
o 688 101.73
o 687 101.73
o 686 101.73
o 685 101.74
o 684 101.74
o 683 101.74
o 682 101.74
o 681 101.74
o 680 101.74
o 679 101.74
o 678 101.74
o 677 101.75
o 676 101.75
o 675 101.75
o 674 101.75
o 673 101.75
o 672 101.75
o 671 101.75
o 670 101.75
o 669 101.75
o 668 101.75
o 667 101.77
o 666 101.77
o 665 101.77
o 664 101.77
o 663 101.77
o 662 101.77
o 661 101.77
o 660 101.77
o 659 101.77
o 658 101.77
o 657 101.77
o 656 101.77
o 655 101.77
o 654 101.77
o 653 101.77
o 652 101.77
o 651 101.77
o 650 101.77
o 649 101.77
o 648 101.77
o 647 101.77
o 646 101.77
o 645 101.77
o 644 101.77
o 643 101.77
o 642 101.77
o 641 101.77
o 640 101.77
o 639 101.77
o 638 101.77
o 637 101.77
o 636 101.77
o 635 101.77
o 634 101.77
o 633 101.77
o 632 101.77
o 631 101.77
o 630 101.77
o 629 101.77
o 628 101.77
o 627 101.77
o 626 101.77
o 625 101.77
o 624 101.77
o 623 101.77
o 622 101.77
o 621 101.78
o 620 101.78
o 619 101.78
o 618 101.78
o 617 101.78
o 616 101.78
o 615 101.79
o 614 101.79
o 613 101.81
o 612 101.81
o 611 101.81
o 610 101.81
o 609 101.81
o 608 101.81
o 607 101.81
o 606 101.83
o 605 101.83
o 604 101.83
o 603 101.83
o 602 101.83
o 601 101.83
o 600 101.83
o 599 101.83
o 598 101.83
o 597 101.83
o 596 101.83
o 595 101.83
o 594 101.83
o 593 101.83
o 592 101.83
o 591 101.83
o 590 101.83
o 589 101.83
o 588 101.83
o 587 101.83
o 586 101.83
o 585 101.83
o 584 101.83
o 583 101.87
o 582 101.87
o 581 101.87
o 580 101.87
o 579 101.87
o 578 101.87
o 577 101.87
o 576 101.87
o 575 101.87
o 574 101.87
o 573 101.94
o 572 101.95
o 571 101.95
o 570 101.95
o 569 101.95
o 568 101.95
o 567 101.95
o 566 101.95
o 565 101.95
o 564 101.96
o 563 101.96
o 562 101.96
o 561 101.96
o 560 101.96
o 548 112.62
o 544 112.65
o 536 112.66
o 534 112.67
o 530 112.68
o 529 112.76
o 528 112.76
o 523 112.79
o 522 112.79
o 521 112.81
o 520 112.84
o 514 112.88
o 513 112.88
o 512 116.27
o 510 116.85
o 509 116.85
o 502 116.86
o 494 116.88
o 492 116.91
o 485 116.96
o 483 116.96
o 481 118.74
o 478 118.78
o 471 118.79
o 461 118.82
o 459 118.88
o 456 118.9
o 455 118.9
o 454 118.9
