gen-hyper-tw-GenHyperTW_aim-50-1_6-no-3
o 24 0.38
o 23 0.4
o 22 0.67
o 21 11.51
o 20 22.01
gen-hyper-tw-GenHyperTW_aim-50-1_6-no-3
o 23 0.36
o 22 0.36
o 21 16.16
o 20 96.32
o 19 96.56
o 18 197.96
gen-hyper-tw-GenHyperTW_aim-50-1_6-no-3
o 22 0.27
o 21 0.27
o 20 3.5
o 19 142.69
gen-hyper-tw-GenHyperTW_aim-50-1_6-no-3
o 24 0.48
o 23 0.49
o 22 3
o 21 10.25
o 20 16.38
o 19 87.59
o 18 145.19
gen-hyper-tw-GenHyperTW_aim-50-1_6-no-3
o 24 0.35
o 23 0.35
o 22 0.35
o 21 17.69
o 20 34.21
o 19 148.77
gen-hyper-tw-GenHyperTW_aim-50-1_6-no-3
o 25 0.34
o 24 0.34
o 23 0.34
o 22 5.28
o 21 21.48
o 20 26.04
o 19 256.75
gen-hyper-tw-GenHyperTW_aim-50-1_6-no-3
o 25 0.4
o 24 0.57
o 23 12.22
o 22 17.69
o 21 20.83
o 20 28.26
o 19 51.87
gen-hyper-tw-GenHyperTW_aim-50-1_6-no-3
o 22 0.41
o 21 0.41
o 20 0.42
o 19 252.54
gen-hyper-tw-GenHyperTW_aim-50-1_6-no-3
o 22 0.38
o 21 0.4
o 20 3.19
o 19 214.41
gen-hyper-tw-GenHyperTW_aim-50-1_6-no-3
o 21 0.31
o 20 7.08
o 19 203.38
