gen-hyper-tw-GenHyperTW_flat30-99
o 51 4.43
o 50 4.46
o 49 4.47
o 48 4.78
o 47 5.44
o 46 28.37
o 45 28.39
o 44 28.54
o 43 29.38
o 42 167.01
gen-hyper-tw-GenHyperTW_flat30-99
o 46 3.04
o 45 3.06
o 44 3.4
o 43 3.82
o 42 26.47
o 41 27.21
o 40 136.82
o 39 137.31
gen-hyper-tw-GenHyperTW_flat30-99
o 52 5.41
o 51 5.41
o 50 5.45
o 49 5.58
o 48 5.88
o 47 8.81
o 46 36.75
o 45 52.92
o 44 54.07
o 43 57
o 42 100.81
o 41 146.98
o 40 148.25
gen-hyper-tw-GenHyperTW_flat30-99
o 48 3.82
o 47 3.82
o 46 4.38
o 45 5.12
o 44 5.28
o 43 27.77
o 42 27.86
o 41 31.45
o 40 169.08
o 39 171.81
gen-hyper-tw-GenHyperTW_flat30-99
o 46 5.32
o 45 5.66
o 44 9.41
o 43 18.88
o 42 132.48
o 41 134.73
o 40 135.72
gen-hyper-tw-GenHyperTW_flat30-99
o 51 4.6
o 50 4.6
o 49 4.6
o 48 4.6
o 47 4.61
o 46 4.63
o 45 4.64
o 44 5.25
o 43 6.71
o 42 8.68
o 41 174.03
o 40 175.25
o 39 180.23
o 38 292.76
o 37 292.88
gen-hyper-tw-GenHyperTW_flat30-99
o 50 4.49
o 49 4.58
o 48 4.68
o 47 6.01
o 46 7.42
o 45 21.9
o 44 29.51
o 43 89.42
o 42 90.43
o 41 93.45
gen-hyper-tw-GenHyperTW_flat30-99
o 53 4.01
o 49 4.02
o 48 4.03
o 47 4.03
o 46 4.03
o 45 4.05
o 44 4.41
o 43 12.4
o 42 20.35
o 41 46.29
gen-hyper-tw-GenHyperTW_flat30-99
o 53 3.69
o 52 3.69
o 51 4
o 50 4.03
o 49 4.75
o 48 6.81
o 47 16.28
o 46 57.22
o 45 57.3
o 44 57.35
o 43 57.43
o 42 58.6
o 41 171.27
o 40 172.9
gen-hyper-tw-GenHyperTW_flat30-99
o 52 4.93
o 51 4.93
o 50 4.94
o 49 6.25
o 48 7.43
o 47 30.91
o 46 31.01
o 45 31.09
o 44 31.53
o 43 37.57
o 42 84.78
o 41 84.94
o 40 85.34
o 39 93.9
o 38 166.08
o 37 168.65
