inconsistency-measurement-im-forgetting-A-2-WS_300_16_90_30.tgf.pl
o 70 0
o 67 0
o 65 0.01
o 64 0.01
o 63 0.01
o 62 0.01
o 61 0.01
o 60 0.81
o 59 0.81
o 58 7.84
o 57 9.6
o 56 21.99
o 55 26.06
o 54 26.06
o 53 30.09
o 52 90.56
inconsistency-measurement-im-forgetting-A-2-WS_300_16_90_30.tgf.pl
o 70 0
o 69 0
o 67 0
o 66 0
o 65 0.01
o 64 0.01
o 63 0.01
o 62 0.98
o 61 1.28
o 60 2.27
o 59 3.73
o 58 18.73
o 57 24.84
o 56 43.26
o 55 43.26
o 54 108.19
o 53 215.16
inconsistency-measurement-im-forgetting-A-2-WS_300_16_90_30.tgf.pl
o 70 0
o 68 0
o 67 0
o 66 0.01
o 65 0.04
o 64 0.04
o 63 0.04
o 62 0.06
o 61 0.27
o 60 0.39
o 59 0.39
o 58 0.81
o 57 7.73
o 56 19.91
o 55 40.64
o 54 177.34
o 53 177.34
inconsistency-measurement-im-forgetting-A-2-WS_300_16_90_30.tgf.pl
o 70 0
o 63 0
o 62 0
o 60 0
o 59 0.45
o 58 0.45
o 57 4.37
o 56 4.37
o 55 4.37
o 54 44.88
o 53 44.88
o 52 44.88
o 51 44.88
inconsistency-measurement-im-forgetting-A-2-WS_300_16_90_30.tgf.pl
o 70 0
o 67 0
o 66 0
o 65 0
o 64 0.06
o 63 0.06
o 62 0.06
o 61 0.65
o 60 1.49
o 59 5.47
o 58 5.47
o 57 5.47
o 56 5.47
o 54 5.47
o 53 13.53
o 52 13.53
inconsistency-measurement-im-forgetting-A-2-WS_300_16_90_30.tgf.pl
o 70 0
o 63 0
o 62 0.78
o 61 1.06
o 60 1.27
o 59 3.72
o 58 9.03
o 56 10
o 55 48.3
o 54 71.94
o 53 280.48
inconsistency-measurement-im-forgetting-A-2-WS_300_16_90_30.tgf.pl
o 70 0
o 69 0
o 68 0
o 67 0
o 66 0.02
o 65 0.02
o 64 0.16
o 63 0.56
o 62 0.56
o 61 0.56
o 60 1.01
o 59 3.67
o 58 3.67
o 57 11.98
o 56 18.5
o 55 146.53
o 54 229.39
o 51 243.23
inconsistency-measurement-im-forgetting-A-2-WS_300_16_90_30.tgf.pl
o 70 0
o 67 0
o 66 0.01
o 65 0.02
o 64 0.02
o 63 0.02
o 62 0.31
o 61 0.31
o 60 0.76
o 59 7.96
o 58 8.13
o 57 12.02
o 56 12.02
o 55 32.41
o 54 32.41
o 53 127.54
o 52 180.94
inconsistency-measurement-im-forgetting-A-2-WS_300_16_90_30.tgf.pl
o 70 0
o 66 0
o 64 0
o 63 0.01
o 62 0.01
o 61 0.01
o 60 0.15
o 58 1.35
o 57 7.45
o 56 7.45
o 54 11.33
o 53 11.33
o 52 103.39
o 51 202.79
inconsistency-measurement-im-forgetting-A-2-WS_300_16_90_30.tgf.pl
o 70 0
o 65 0
o 64 0.35
o 63 0.35
o 61 0.59
o 60 0.59
o 59 1.51
o 58 5.49
o 57 5.49
o 56 5.49
o 55 5.49
o 54 100.58
o 53 238.98
o 52 286.5
o 51 286.5
