inconsistency-measurement-im-hit-C-1-grd_3018_3_7.tgf.pl
o 599 0.13
o 589 0.14
o 588 0.14
o 587 0.14
o 586 0.14
inconsistency-measurement-im-hit-C-1-grd_3018_3_7.tgf.pl
o 597 0.18
o 585 0.21
o 582 0.21
o 581 0.21
inconsistency-measurement-im-hit-C-1-grd_3018_3_7.tgf.pl
o 594 0.12
o 584 0.13
inconsistency-measurement-im-hit-C-1-grd_3018_3_7.tgf.pl
o 595 0.12
o 583 0.13
inconsistency-measurement-im-hit-C-1-grd_3018_3_7.tgf.pl
o 587 0.15
o 585 116.7
o 584 230.67
inconsistency-measurement-im-hit-C-1-grd_3018_3_7.tgf.pl
o 595 0.13
o 592 0.15
o 587 148.17
o 586 148.17
o 585 148.17
o 584 148.17
o 583 148.17
o 581 148.17
o 580 148.17
inconsistency-measurement-im-hit-C-1-grd_3018_3_7.tgf.pl
o 601 0.15
o 588 0.19
o 587 0.19
o 585 156.97
inconsistency-measurement-im-hit-C-1-grd_3018_3_7.tgf.pl
o 597 0.13
o 590 0.14
o 589 0.14
o 587 180.99
o 586 292.29
o 585 292.29
o 584 292.29
o 583 292.29
inconsistency-measurement-im-hit-C-1-grd_3018_3_7.tgf.pl
o 596 0.16
o 584 0.17
o 583 112.67
o 582 171.68
inconsistency-measurement-im-hit-C-1-grd_3018_3_7.tgf.pl
o 596 0.13
o 590 0.14
o 588 0.14
o 587 0.14
o 586 0.14
o 585 0.14
o 584 0.14
o 583 0.14
o 581 227.03
o 580 227.03
