judgment-aggregation-ja-maxham-preflib-00049-00000385
o 54 0.02
o 53 0.02
o 52 0.02
o 51 0.02
o 50 0.04
o 49 0.05
o 48 0.06
o 47 0.12
o 46 0.12
o 45 0.23
o 44 1.24
o 43 2.15
o 42 4.15
o 41 18.47
o 40 125.9
judgment-aggregation-ja-maxham-preflib-00049-00000385
o 48 0.02
o 47 0.02
o 46 0.02
o 45 0.11
o 44 0.17
o 43 3.42
o 42 7.93
o 41 12.19
o 40 134.26
judgment-aggregation-ja-maxham-preflib-00049-00000385
o 50 0.02
o 49 0.02
o 48 0.02
o 47 0.03
o 46 0.03
o 45 0.03
o 44 0.05
o 43 0.1
o 42 0.18
o 41 1
o 40 34.34
judgment-aggregation-ja-maxham-preflib-00049-00000385
o 54 0.02
o 53 0.02
o 51 0.02
o 50 0.02
o 49 0.02
o 48 0.02
o 47 0.03
o 46 0.04
o 45 0.25
o 44 1.56
o 43 3.08
o 42 6.97
o 41 21.4
o 40 81.72
judgment-aggregation-ja-maxham-preflib-00049-00000385
o 48 0.02
o 47 0.03
o 46 0.05
o 45 0.07
o 44 0.08
o 43 0.11
o 42 0.76
o 41 5.19
o 40 86.26
o 39 88.82
judgment-aggregation-ja-maxham-preflib-00049-00000385
o 55 0.02
o 54 0.02
o 53 0.03
o 52 0.03
o 51 0.03
o 50 0.04
o 49 0.04
o 48 0.05
o 47 0.06
o 46 0.07
o 45 0.08
o 44 0.6
o 43 3.52
o 42 4.54
o 41 5.49
o 40 89.32
judgment-aggregation-ja-maxham-preflib-00049-00000385
o 54 0.01
o 53 0.03
o 52 0.03
o 51 0.03
o 50 0.04
o 49 0.05
o 48 0.06
o 47 0.07
o 46 0.15
o 45 0.26
o 44 0.97
o 43 1.28
o 42 6
o 41 7.3
o 40 71.37
judgment-aggregation-ja-maxham-preflib-00049-00000385
o 49 0.02
o 48 0.02
o 47 0.02
o 46 0.03
o 45 0.1
o 44 0.66
o 43 1.25
o 42 1.3
o 41 2.39
o 40 3.23
judgment-aggregation-ja-maxham-preflib-00049-00000385
o 51 0.01
o 50 0.01
o 49 0.02
o 48 0.02
o 47 0.15
o 46 0.21
o 45 0.25
o 44 0.35
o 43 2.32
o 42 5.58
o 41 17.17
o 40 39.15
judgment-aggregation-ja-maxham-preflib-00049-00000385
o 54 0.02
o 53 0.02
o 52 0.04
o 51 0.05
o 50 0.07
o 49 0.07
o 48 0.07
o 47 0.1
o 46 0.11
o 45 0.14
o 44 0.26
o 43 2.49
o 42 2.78
o 41 5.08
o 40 48.39
