min-fill-MinFill_R0_mulsol.i.2
o 644 70.5
o 553 110.42
o 515 117.76
o 479 136.53
o 478 162.28
min-fill-MinFill_R0_mulsol.i.2
o 508 136.04
min-fill-MinFill_R0_mulsol.i.2
o 463 60.61
min-fill-MinFill_R0_mulsol.i.2
o 476 65.03
min-fill-MinFill_R0_mulsol.i.2
o 573 78.6
o 564 132.79
min-fill-MinFill_R0_mulsol.i.2
o 823 21.01
o 504 130.1
o 500 130.1
min-fill-MinFill_R0_mulsol.i.2
o 584 136.38
min-fill-MinFill_R0_mulsol.i.2
o 452 35.17
min-fill-MinFill_R0_mulsol.i.2
o 524 93.11
o 468 293.7
min-fill-MinFill_R0_mulsol.i.2
o 860 79.84
o 565 211.95
