min-fill-MinFill_R0_myciel5
o 263 0.3
o 212 0.64
o 211 0.72
o 201 1.5
o 200 4.15
o 198 12.27
o 197 66.11
min-fill-MinFill_R0_myciel5
o 271 0.23
o 233 0.44
o 217 0.62
o 210 0.92
o 208 2.27
o 207 2.66
o 206 7.76
o 203 8.01
o 199 8.35
o 197 32.41
o 196 192.61
min-fill-MinFill_R0_myciel5
o 413 0.1
o 344 0.15
o 266 0.27
o 242 0.32
o 215 0.59
o 205 0.9
o 201 3.78
o 200 6.76
o 199 7.83
o 197 33.43
min-fill-MinFill_R0_myciel5
o 341 0.24
o 313 0.27
o 235 0.63
o 233 0.65
o 227 1.96
o 223 2.35
o 211 2.56
o 208 2.68
o 201 3.54
o 200 20.53
o 199 22.46
o 198 38.56
o 197 52.44
o 196 55.16
min-fill-MinFill_R0_myciel5
o 242 0.41
o 234 0.71
o 227 0.73
o 217 1.11
o 216 3
o 211 3.64
o 210 3.64
o 209 3.86
o 208 3.87
o 202 5.34
o 201 5.35
o 199 5.77
o 197 5.77
min-fill-MinFill_R0_myciel5
o 229 0.49
o 223 0.92
o 221 0.99
o 207 1.68
o 203 1.68
o 202 1.72
o 199 1.87
o 198 19.83
o 197 24.38
min-fill-MinFill_R0_myciel5
o 236 0.36
o 219 0.39
o 215 1.32
o 211 5.86
o 209 6.44
o 205 10.88
o 201 11.26
o 199 14.96
o 198 14.96
o 197 90.73
o 196 90.73
min-fill-MinFill_R0_myciel5
o 265 0.22
o 259 0.27
o 258 0.3
o 257 0.3
o 219 0.4
o 208 0.49
o 201 1.79
o 199 10.06
o 198 68.65
o 197 120.44
min-fill-MinFill_R0_myciel5
o 375 0.18
o 217 0.35
o 205 0.78
o 201 6.86
o 198 8.8
o 197 16.35
min-fill-MinFill_R0_myciel5
o 259 0.14
o 222 0.34
o 204 0.6
o 203 0.61
o 202 5.58
o 200 5.59
o 197 10.19
