min-fill-MinFill_R0_mulsol.i.3
min-fill-MinFill_R0_mulsol.i.3
o 499 80.19
o 484 80.2
min-fill-MinFill_R0_mulsol.i.3
o 525 19.06
o 502 57.4
min-fill-MinFill_R0_mulsol.i.3
o 462 267.31
min-fill-MinFill_R0_mulsol.i.3
o 584 148.45
o 490 264.76
min-fill-MinFill_R0_mulsol.i.3
o 574 46.52
o 482 126.68
o 428 145.72
min-fill-MinFill_R0_mulsol.i.3
o 549 60.21
o 400 289.17
min-fill-MinFill_R0_mulsol.i.3
o 599 177.75
min-fill-MinFill_R0_mulsol.i.3
o 557 19.86
o 451 92.95
o 390 95.25
min-fill-MinFill_R0_mulsol.i.3
o 484 36.21
o 440 128.93
