optimizing-BDDs-hypothyroid-un-wcnf_incomplete_improved_1_2019_3
o 276 17.36
optimizing-BDDs-hypothyroid-un-wcnf_incomplete_improved_1_2019_3
o 674 0.38
o 655 0.38
o 277 17.54
o 118 115.08
optimizing-BDDs-hypothyroid-un-wcnf_incomplete_improved_1_2019_3
o 119 3.38
o 109 131.27
o 77 256.75
optimizing-BDDs-hypothyroid-un-wcnf_incomplete_improved_1_2019_3
o 118 13.27
o 117 43.27
optimizing-BDDs-hypothyroid-un-wcnf_incomplete_improved_1_2019_3
o 702 56.84
o 528 56.84
o 117 69.31
optimizing-BDDs-hypothyroid-un-wcnf_incomplete_improved_1_2019_3
o 277 95.04
o 118 198.17
optimizing-BDDs-hypothyroid-un-wcnf_incomplete_improved_1_2019_3
o 118 4.2
o 117 119.11
optimizing-BDDs-hypothyroid-un-wcnf_incomplete_improved_1_2019_3
o 118 35.32
o 71 38.18
o 70 261
optimizing-BDDs-hypothyroid-un-wcnf_incomplete_improved_1_2019_3
o 281 27.12
o 277 208.53
o 118 215.77
optimizing-BDDs-hypothyroid-un-wcnf_incomplete_improved_1_2019_3
o 118 18.65
