setcover-sts-data.729
o 665 0.03
o 657 0.05
o 656 0.13
o 655 0.13
o 654 0.14
o 653 0.14
o 652 0.14
o 651 0.15
o 650 0.15
o 649 0.34
o 648 0.34
o 647 0.93
o 646 0.93
o 645 0.93
o 639 138.48
setcover-sts-data.729
o 665 0.03
o 654 0.03
o 653 0.03
o 652 0.14
o 651 0.14
o 650 0.21
o 649 0.21
o 648 0.21
o 647 0.66
o 646 60.71
setcover-sts-data.729
o 665 0.04
o 664 0.04
o 663 0.04
o 662 0.04
o 661 0.04
o 652 0.04
o 650 0.23
o 649 0.34
o 648 2.14
o 647 2.6
o 646 29.97
o 645 225.52
setcover-sts-data.729
o 665 0.04
o 664 0.04
o 663 0.04
o 662 0.04
o 661 0.04
o 650 0.04
o 649 0.36
o 648 0.36
o 647 3.12
o 646 90.68
o 644 154.69
setcover-sts-data.729
o 665 0.03
o 654 0.03
o 653 0.15
o 652 0.15
o 651 0.18
o 650 0.24
o 648 0.29
o 647 2.69
o 646 25.58
o 645 270.1
setcover-sts-data.729
o 665 0.03
o 653 0.03
o 651 0.24
o 650 0.24
o 649 0.39
o 648 0.48
o 647 5.51
o 646 5.51
o 645 106.85
o 644 106.86
setcover-sts-data.729
o 665 0.04
o 652 0.04
o 651 0.15
o 650 0.19
o 649 0.19
o 648 0.38
o 647 3.28
o 646 33.42
o 645 139.44
o 644 200.06
o 643 200.06
o 639 200.06
setcover-sts-data.729
o 665 0.03
o 664 0.03
o 663 0.03
o 662 0.03
o 661 0.03
o 651 0.03
o 650 0.16
o 649 0.17
o 648 0.17
o 647 1.84
o 646 81.44
o 645 203.24
setcover-sts-data.729
o 665 0.03
o 653 0.03
o 651 0.21
o 650 0.21
o 649 0.21
o 648 0.5
o 647 4.84
o 646 31.44
o 645 69.64
setcover-sts-data.729
o 665 0.04
o 653 0.04
o 652 0.17
o 651 0.18
o 650 0.18
o 649 0.43
o 648 0.7
o 647 9.15
o 646 9.15
o 640 97.34
o 639 97.34
