setcover-sts-data.405
o 357 0.01
o 348 0.01
o 347 0.03
o 346 0.04
o 345 0.04
o 344 0.05
o 343 0.07
o 342 9.43
o 341 9.43
setcover-sts-data.405
o 357 0
o 349 0
o 348 0.02
o 347 0.02
o 346 0.02
o 345 0.02
o 344 0.03
o 343 0.07
o 342 4.92
o 341 49.59
setcover-sts-data.405
o 357 0.01
o 351 0.01
o 349 0.01
o 348 0.02
o 347 0.02
o 346 0.03
o 345 0.03
o 344 0.07
o 343 0.51
o 342 3.76
o 341 32.31
setcover-sts-data.405
o 357 0
o 354 0
o 353 0
o 350 0.01
o 348 0.01
o 347 0.02
o 346 0.02
o 345 0.02
o 344 0.02
o 343 0.62
o 342 3.39
o 341 129.98
setcover-sts-data.405
o 357 0.01
o 351 0.01
o 349 0.01
o 348 0.02
o 347 0.02
o 346 0.02
o 345 0.03
o 344 0.14
o 343 0.41
o 342 34.92
o 341 40.49
setcover-sts-data.405
o 357 0.01
o 350 0.01
o 349 0.01
o 348 0.01
o 347 0.02
o 346 0.02
o 345 0.02
o 344 0.02
o 343 0.05
o 342 2.48
o 341 150.67
setcover-sts-data.405
o 357 0
o 350 0
o 345 0
o 344 0.11
o 343 0.17
o 342 12.12
o 341 48.97
setcover-sts-data.405
o 357 0.01
o 353 0.01
o 350 0.01
o 345 0.01
o 344 0.12
o 343 0.96
o 342 1.78
o 341 131.4
setcover-sts-data.405
o 357 0
o 349 0
o 345 0
o 344 0.05
o 343 0.25
o 342 1.17
setcover-sts-data.405
o 357 0.01
o 350 0.01
o 345 0.01
o 344 0.06
o 343 0.24
o 342 0.24
o 341 114.8
