treewidth-computation-TWComp_queen7_7_N49
o 42 0.29
o 41 0.3
o 40 20.32
o 39 20.34
treewidth-computation-TWComp_queen7_7_N49
o 41 0.22
o 40 0.23
o 39 58.99
o 38 69.25
treewidth-computation-TWComp_queen7_7_N49
o 41 0.28
o 40 0.28
o 39 10.91
o 38 112.86
treewidth-computation-TWComp_queen7_7_N49
o 42 0.24
o 41 0.24
o 40 10.22
o 39 47.56
o 38 47.56
treewidth-computation-TWComp_queen7_7_N49
o 43 0.35
o 41 0.35
o 40 0.37
o 39 36.93
treewidth-computation-TWComp_queen7_7_N49
o 41 0.33
o 40 0.36
o 39 15.68
treewidth-computation-TWComp_queen7_7_N49
o 42 0.27
o 41 0.27
o 40 13.02
o 39 35.96
o 38 38.97
treewidth-computation-TWComp_queen7_7_N49
o 40 0.26
o 39 0.26
o 38 47.87
treewidth-computation-TWComp_queen7_7_N49
o 41 0.35
o 40 0.92
o 39 2.89
treewidth-computation-TWComp_queen7_7_N49
o 42 0.28
o 41 0.28
o 40 0.33
o 39 73.04
