bcp-SU3__simp-genos.haps.9
o 113 0.4
o 112 0.76
o 111 0.79
o 110 0.79
o 109 0.8
o 108 2.35
o 107 27.35
bcp-SU3__simp-genos.haps.9
o 113 0.39
o 112 0.76
o 111 0.79
o 110 0.83
o 109 0.94
o 108 4.23
o 107 25.47
o 106 187.7
bcp-SU3__simp-genos.haps.9
o 143 0.05
o 113 0.4
o 112 0.4
o 111 0.41
o 110 0.42
o 109 0.42
o 108 0.45
o 107 0.46
o 106 29.05
bcp-SU3__simp-genos.haps.9
o 112 0.37
o 111 0.81
o 110 0.82
o 109 0.86
o 108 13.74
o 107 13.76
bcp-SU3__simp-genos.haps.9
o 114 0.86
o 113 1.72
o 112 1.95
o 111 1.95
o 110 2.18
o 109 2.88
o 108 2.9
o 107 12.31
o 106 206.66
bcp-SU3__simp-genos.haps.9
o 114 0.37
o 113 0.66
o 112 0.7
o 111 0.79
o 110 0.79
o 109 0.89
o 108 4.06
o 107 4.06
bcp-SU3__simp-genos.haps.9
o 117 0.44
o 111 0.76
o 110 0.76
o 109 0.81
o 108 0.83
o 107 9.87
o 106 175.88
bcp-SU3__simp-genos.haps.9
o 109 0.36
o 108 0.87
o 107 24.19
bcp-SU3__simp-genos.haps.9
o 113 0.51
o 112 1.04
o 111 1.07
o 110 1.15
o 109 1.27
o 108 1.27
o 107 54.74
bcp-SU3__simp-genos.haps.9
o 110 0.32
o 109 0.88
o 108 0.88
o 107 16.21
o 106 200.27
