inconsistency-measurement-im-forgetting-C-1-grd_5178_1_1.tgf.pl
o 2061 0.63
o 1186 13.1
o 1184 13.12
o 1183 13.3
o 1181 13.31
o 1180 13.31
o 1179 13.43
o 1178 13.43
o 1177 13.43
o 1176 13.45
o 1175 13.58
o 1174 13.58
o 1173 13.58
o 1172 13.58
o 1171 13.59
o 1170 13.59
o 1169 13.6
o 1168 13.63
o 1167 13.64
o 1166 13.64
o 1164 13.65
o 1163 13.66
o 1162 13.72
o 1161 13.72
o 1160 13.74
o 1159 13.74
o 1158 13.74
o 1157 13.74
o 1156 13.75
o 1154 13.75
o 1153 13.77
o 1152 13.77
o 1151 13.78
o 1150 13.78
o 1149 13.78
o 1148 13.79
o 1147 13.8
o 1146 13.8
o 1145 13.81
o 1144 13.81
o 1143 13.81
o 1142 13.81
o 1140 13.99
o 1139 14.02
o 1138 14.25
o 1137 14.25
o 1136 14.26
o 1135 14.26
o 1134 33.89
o 1133 35.2
o 1132 35.2
o 1131 35.28
o 1130 35.28
o 1129 35.28
o 1128 35.29
o 1127 35.29
o 1126 35.29
o 1125 35.29
o 1124 35.45
o 1123 35.9
o 1122 35.9
o 1121 36.05
o 1120 36.05
o 1118 36.07
o 1117 36.09
o 1116 36.09
o 1115 36.09
o 1114 36.09
o 1113 36.09
o 1112 189.41
o 1111 189.42
o 1110 189.42
inconsistency-measurement-im-forgetting-C-1-grd_5178_1_1.tgf.pl
o 2061 0.47
o 1182 11.67
o 1181 11.79
o 1180 11.79
o 1179 11.79
o 1177 11.8
o 1176 12.06
o 1175 12.07
o 1174 12.09
o 1173 12.09
o 1172 12.11
o 1171 12.11
o 1169 12.11
o 1168 12.14
o 1167 12.18
o 1166 12.18
o 1165 12.33
o 1164 12.41
o 1163 12.41
o 1162 12.42
o 1160 12.44
o 1159 12.55
o 1158 12.55
o 1157 12.55
o 1156 12.56
o 1155 12.56
o 1154 12.56
o 1153 12.56
o 1152 12.56
o 1151 12.56
o 1149 12.56
o 1148 12.64
o 1147 12.64
o 1146 12.65
o 1145 12.65
o 1144 12.65
o 1142 12.66
o 1141 12.66
o 1140 12.66
o 1138 12.66
o 1137 12.67
o 1136 12.67
o 1135 12.68
o 1134 12.7
o 1133 12.7
o 1132 12.7
o 1131 12.7
o 1130 13.08
o 1129 13.08
o 1128 13.09
o 1127 35.64
o 1126 35.64
o 1125 35.65
o 1124 35.65
o 1123 36.12
o 1122 36.12
o 1121 36.2
o 1120 36.2
o 1119 36.23
o 1118 125.04
o 1117 146.22
o 1116 146.23
o 1115 146.23
o 1114 146.28
o 1113 146.28
o 1112 146.29
o 1111 146.29
o 1110 146.33
o 1109 146.34
o 1107 146.34
o 1106 146.36
o 1105 146.37
o 1104 146.46
o 1102 146.6
o 1100 146.72
o 1099 146.72
o 1098 146.76
o 1097 146.8
o 1096 146.81
o 1095 146.88
o 1094 146.88
inconsistency-measurement-im-forgetting-C-1-grd_5178_1_1.tgf.pl
o 2061 0.7
o 1212 19.18
o 1211 19.96
o 1210 19.96
o 1209 19.97
o 1208 19.97
o 1207 19.97
o 1206 19.98
o 1205 19.98
o 1204 19.98
o 1203 19.98
o 1202 19.99
o 1201 20
o 1200 20.01
o 1199 20.01
o 1198 20.05
o 1197 20.05
o 1196 20.05
o 1195 20.07
o 1190 20.08
o 1189 20.1
o 1188 20.1
o 1187 20.11
o 1186 20.13
o 1185 20.14
o 1184 20.15
o 1183 20.15
o 1182 20.16
o 1181 20.18
o 1180 20.35
o 1179 20.37
o 1178 20.37
o 1177 20.38
o 1176 20.41
o 1175 20.41
o 1174 20.41
o 1173 20.41
o 1172 20.41
o 1171 20.42
o 1170 20.44
o 1169 20.5
o 1168 20.5
o 1167 20.51
o 1166 20.55
o 1164 20.78
o 1163 20.78
o 1162 20.8
o 1161 20.81
o 1160 21.17
o 1159 21.19
o 1158 21.2
o 1157 21.21
o 1156 21.23
o 1155 21.23
o 1153 21.24
o 1152 21.25
o 1151 21.25
o 1150 21.29
o 1149 21.29
o 1148 21.29
o 1147 21.3
o 1145 21.3
o 1144 21.84
o 1143 21.85
o 1142 21.85
o 1141 21.87
o 1140 21.9
o 1139 21.94
o 1137 22.08
o 1136 22.08
o 1135 22.08
o 1134 22.09
o 1133 22.09
o 1132 23.5
o 1131 23.61
o 1130 23.62
o 1129 23.75
o 1128 23.75
o 1127 23.77
o 1126 154.21
o 1125 154.21
o 1124 154.26
o 1123 154.44
o 1122 154.45
o 1121 154.59
o 1120 154.6
o 1119 154.87
o 1118 154.88
o 1117 154.89
o 1116 154.96
o 1115 154.96
o 1114 155.03
o 1113 155.03
o 1111 155.05
o 1110 155.07
o 1109 155.07
o 1108 156.67
o 1107 156.69
o 1105 156.7
o 1103 156.71
o 1102 157.16
o 1101 157.17
o 1100 157.18
o 1099 157.21
o 1098 157.21
o 1097 157.22
o 1096 157.23
o 1095 157.24
inconsistency-measurement-im-forgetting-C-1-grd_5178_1_1.tgf.pl
o 2061 6.53
o 1217 87.28
o 1214 87.3
o 1211 87.31
o 1210 87.31
o 1208 87.31
o 1207 87.32
o 1206 87.32
o 1205 87.32
o 1204 87.33
o 1203 87.33
o 1202 87.36
o 1201 87.36
o 1200 87.37
o 1199 87.39
o 1198 87.51
o 1197 87.52
o 1196 87.62
o 1195 87.62
o 1194 87.69
o 1193 87.7
o 1192 88.19
o 1191 88.4
o 1190 88.41
o 1189 88.49
o 1188 89.33
o 1187 89.33
o 1186 89.34
o 1185 89.35
o 1184 89.35
o 1183 89.39
o 1182 89.44
o 1181 89.45
o 1180 89.46
o 1179 89.49
o 1178 89.5
o 1177 89.5
o 1176 89.5
o 1175 89.51
o 1174 89.51
o 1173 89.54
o 1172 89.89
o 1171 90.34
o 1170 90.35
o 1169 90.36
o 1168 90.45
o 1167 91.5
o 1166 91.53
o 1164 91.54
o 1163 91.84
o 1162 91.84
o 1161 91.85
o 1160 91.88
o 1159 91.91
o 1158 91.97
o 1157 92.11
o 1156 92.19
o 1155 92.21
o 1154 92.47
o 1153 92.48
o 1152 92.48
o 1151 92.5
o 1150 92.57
o 1146 92.78
o 1145 92.79
o 1144 92.8
o 1143 92.98
o 1142 92.98
o 1141 92.98
o 1140 93
o 1139 93
o 1138 93.01
o 1137 93.05
o 1136 93.05
o 1135 93.06
o 1134 93.18
o 1133 93.18
o 1132 93.19
o 1131 93.2
o 1130 93.22
o 1129 93.23
o 1128 93.82
o 1127 93.83
o 1126 93.92
o 1125 93.95
o 1124 94.18
o 1123 94.37
o 1122 94.37
o 1121 94.39
o 1120 94.44
o 1118 94.45
o 1117 283.58
o 1116 283.61
o 1115 283.66
inconsistency-measurement-im-forgetting-C-1-grd_5178_1_1.tgf.pl
o 2061 5.96
o 1222 53.42
o 1221 53.43
o 1218 53.43
o 1217 53.61
o 1216 53.61
o 1215 53.61
o 1214 53.61
o 1213 53.62
o 1212 54.07
o 1211 54.13
o 1210 54.14
o 1209 54.17
o 1208 54.19
o 1207 54.2
o 1206 54.21
o 1205 54.22
o 1204 54.23
o 1203 54.24
o 1202 54.24
o 1201 54.24
o 1199 54.25
o 1198 54.29
o 1197 54.31
o 1196 54.34
o 1195 54.34
o 1194 54.35
o 1193 54.35
o 1192 54.36
o 1191 54.37
o 1190 54.37
o 1189 54.4
o 1188 54.41
o 1187 54.57
o 1186 54.72
o 1185 54.72
o 1184 54.73
o 1183 54.73
o 1182 54.86
o 1181 54.86
o 1180 54.87
o 1179 54.87
o 1178 54.88
o 1177 54.88
o 1176 54.88
o 1175 54.92
o 1174 54.96
o 1173 54.97
o 1172 54.98
o 1171 54.99
o 1170 55
o 1169 55.04
o 1168 55.05
o 1167 55.05
o 1166 55.06
o 1165 55.07
o 1164 55.08
o 1163 55.24
o 1162 55.27
o 1161 55.32
o 1160 55.39
o 1159 55.39
o 1158 55.41
o 1157 55.72
o 1156 55.74
o 1155 55.75
o 1154 55.76
o 1153 55.77
o 1152 55.82
o 1151 55.83
o 1150 55.87
o 1149 55.88
o 1148 55.99
o 1147 55.99
o 1146 56.01
o 1145 56.37
o 1144 56.38
o 1143 56.39
o 1142 56.4
o 1141 56.73
o 1140 56.74
o 1138 56.77
o 1137 58.38
o 1136 58.39
o 1135 58.55
o 1134 58.56
o 1133 58.56
o 1132 58.57
o 1131 58.57
o 1130 58.57
o 1129 58.7
o 1128 58.85
o 1127 59.02
o 1126 59.06
o 1125 119.97
o 1124 119.99
o 1123 119.99
o 1122 120.52
o 1120 120.54
o 1119 120.96
o 1118 120.97
o 1117 121.19
o 1116 123.3
o 1115 123.31
o 1114 241.59
o 1113 241.59
o 1112 241.76
inconsistency-measurement-im-forgetting-C-1-grd_5178_1_1.tgf.pl
o 2061 0.49
o 1199 12
o 1194 12.03
o 1193 12.04
o 1192 12.04
o 1191 12.04
o 1189 12.05
o 1187 12.44
o 1186 12.44
o 1185 12.44
o 1184 12.45
o 1183 12.47
o 1182 12.47
o 1181 12.48
o 1180 12.56
o 1178 12.58
o 1175 12.59
o 1174 12.73
o 1173 12.73
o 1172 12.74
o 1171 12.74
o 1170 12.74
o 1169 13.37
o 1168 13.38
o 1167 13.4
o 1166 13.41
o 1165 13.41
o 1164 13.41
o 1163 13.42
o 1162 13.46
o 1161 13.47
o 1160 13.47
o 1159 13.47
o 1158 13.5
o 1156 13.51
o 1155 13.51
o 1154 13.52
o 1153 13.53
o 1152 13.54
o 1151 13.54
o 1150 13.55
o 1149 13.55
o 1148 13.55
o 1147 13.56
o 1146 13.56
o 1145 13.56
o 1144 13.57
o 1143 13.57
o 1142 13.61
o 1141 13.64
o 1140 13.65
o 1139 13.65
o 1138 13.66
o 1137 13.66
o 1136 13.66
o 1135 13.69
o 1134 14.4
o 1133 14.4
o 1132 38.5
o 1131 38.52
o 1130 38.52
o 1129 38.81
o 1128 38.82
o 1127 38.87
o 1126 109.97
o 1125 109.98
o 1124 110.91
o 1123 110.94
o 1122 110.94
o 1120 110.94
o 1119 111.04
o 1118 111.08
o 1117 111.09
o 1115 111.09
o 1114 111.11
o 1113 111.11
o 1112 111.13
o 1111 112.86
o 1110 112.86
o 1109 112.86
o 1108 112.87
o 1107 112.89
o 1106 112.93
o 1105 112.94
o 1104 112.96
o 1103 112.96
inconsistency-measurement-im-forgetting-C-1-grd_5178_1_1.tgf.pl
o 2061 0.49
o 1198 11.61
o 1197 11.61
o 1196 11.63
o 1195 11.69
o 1194 11.71
o 1193 11.71
o 1192 11.71
o 1191 11.72
o 1190 11.9
o 1189 11.91
o 1188 11.91
o 1187 11.91
o 1186 11.91
o 1185 11.92
o 1184 11.92
o 1183 12.2
o 1182 12.21
o 1180 12.21
o 1179 12.21
o 1178 12.21
o 1177 12.22
o 1176 12.22
o 1175 12.27
o 1174 12.28
o 1173 12.3
o 1172 12.31
o 1171 12.31
o 1170 12.32
o 1169 12.32
o 1168 12.39
o 1167 12.4
o 1166 12.4
o 1165 12.4
o 1164 12.61
o 1163 12.61
o 1162 12.62
o 1161 12.62
o 1160 12.63
o 1159 12.64
o 1158 12.64
o 1157 12.76
o 1156 12.76
o 1155 12.77
o 1154 12.77
o 1153 12.92
o 1152 12.92
o 1151 12.93
o 1149 12.94
o 1148 12.96
o 1147 12.96
o 1146 12.98
o 1145 12.99
o 1144 12.99
o 1142 13
o 1141 13
o 1140 13
o 1139 13.08
o 1138 13.1
o 1137 13.1
o 1135 13.42
o 1134 13.43
o 1133 13.44
o 1132 13.46
o 1131 13.47
o 1130 13.47
o 1129 13.92
o 1128 13.92
o 1127 13.93
o 1126 13.94
o 1125 13.94
o 1124 13.96
o 1123 13.96
o 1122 32.4
o 1121 84.21
o 1120 84.22
o 1119 84.24
o 1118 84.24
o 1117 84.24
o 1116 84.25
o 1114 84.25
o 1113 84.25
o 1112 84.26
o 1111 85.6
o 1110 85.7
o 1109 85.71
o 1108 85.72
o 1107 85.74
o 1106 85.74
o 1104 85.91
o 1103 85.92
inconsistency-measurement-im-forgetting-C-1-grd_5178_1_1.tgf.pl
o 2061 0.82
o 1198 19.46
o 1196 19.46
o 1195 19.46
o 1194 19.51
o 1193 19.52
o 1191 20.35
o 1189 20.35
o 1188 20.36
o 1187 20.42
o 1186 20.43
o 1185 20.43
o 1184 20.44
o 1183 20.48
o 1182 20.48
o 1180 20.48
o 1179 20.48
o 1178 20.49
o 1177 20.49
o 1176 20.49
o 1174 20.51
o 1173 20.51
o 1172 20.51
o 1171 20.51
o 1169 20.52
o 1168 20.52
o 1167 20.58
o 1166 20.84
o 1165 20.86
o 1164 20.86
o 1163 20.87
o 1162 20.87
o 1161 20.87
o 1160 20.88
o 1159 20.88
o 1158 20.9
o 1157 20.9
o 1156 20.91
o 1155 21.26
o 1154 21.26
o 1153 21.28
o 1152 21.29
o 1151 21.3
o 1150 21.47
o 1149 21.57
o 1148 21.57
o 1147 21.58
o 1146 21.58
o 1145 21.96
o 1144 22.12
o 1143 22.15
o 1142 22.16
o 1141 22.18
o 1140 22.23
o 1139 22.41
o 1138 22.41
o 1137 22.43
o 1136 22.44
o 1134 22.47
o 1133 22.48
o 1132 22.51
o 1131 22.52
o 1130 22.55
o 1129 22.61
o 1128 22.7
o 1127 22.7
o 1125 22.98
o 1124 23.04
o 1123 23.43
o 1122 23.44
o 1120 23.45
o 1119 23.45
o 1117 23.46
o 1116 23.62
o 1115 23.65
o 1114 23.65
o 1113 23.66
o 1112 23.72
o 1111 23.78
o 1110 23.79
o 1109 23.79
o 1108 23.81
o 1106 23.82
o 1105 23.87
o 1104 23.93
o 1103 70.19
o 1102 70.19
o 1101 70.2
o 1100 70.49
o 1099 70.53
o 1098 70.57
o 1097 70.65
o 1096 70.69
inconsistency-measurement-im-forgetting-C-1-grd_5178_1_1.tgf.pl
o 2061 0.41
o 1188 10.45
o 1184 10.45
o 1181 10.45
o 1180 10.5
o 1179 11.3
o 1178 11.33
o 1177 11.35
o 1176 11.35
o 1175 11.35
o 1174 11.36
o 1173 11.36
o 1172 11.36
o 1171 11.36
o 1170 11.36
o 1169 11.37
o 1168 11.37
o 1167 11.38
o 1166 11.39
o 1165 11.4
o 1163 11.42
o 1162 11.42
o 1160 11.43
o 1159 11.43
o 1158 11.52
o 1156 11.53
o 1155 11.53
o 1153 11.53
o 1152 11.57
o 1151 11.58
o 1150 11.58
o 1149 11.59
o 1148 11.6
o 1146 11.62
o 1145 11.62
o 1144 11.62
o 1142 11.73
o 1141 11.73
o 1140 11.91
o 1138 11.91
o 1137 11.93
o 1136 11.97
o 1135 11.99
o 1134 12
o 1133 12
o 1131 12
o 1130 12.03
o 1129 12.03
o 1128 12.03
o 1126 12.04
o 1125 12.04
o 1124 12.05
o 1123 12.05
o 1122 12.06
o 1121 12.07
o 1120 12.08
o 1119 12.08
o 1118 12.08
o 1117 12.09
o 1116 12.39
o 1115 12.4
o 1114 12.41
o 1113 12.41
o 1112 12.78
o 1111 12.8
o 1110 12.81
inconsistency-measurement-im-forgetting-C-1-grd_5178_1_1.tgf.pl
o 2061 0.75
o 1175 20.55
o 1172 20.56
o 1171 21.89
o 1170 21.9
o 1169 21.9
o 1168 21.91
o 1167 21.91
o 1166 21.97
o 1165 21.98
o 1164 21.99
o 1163 22
o 1162 22
o 1159 22
o 1158 22
o 1157 22.01
o 1156 22.01
o 1155 22.02
o 1154 22.03
o 1153 22.04
o 1152 22.04
o 1151 22.04
o 1150 22.05
o 1149 22.14
o 1148 22.25
o 1147 22.46
o 1146 22.46
o 1145 22.67
o 1144 22.67
o 1143 22.68
o 1142 22.84
o 1141 22.85
o 1140 22.89
o 1139 22.89
o 1138 22.91
o 1137 22.93
o 1136 25.79
o 1135 26.13
o 1133 26.33
o 1132 26.33
o 1131 65.31
o 1130 67.59
o 1129 67.65
o 1128 67.65
o 1127 67.69
o 1126 67.7
o 1125 67.7
o 1124 67.71
o 1123 67.89
o 1122 67.89
o 1121 67.92
o 1120 67.92
o 1119 67.96
o 1118 67.96
o 1117 67.97
o 1116 67.98
o 1115 68.37
o 1114 71.86
o 1113 71.94
o 1112 71.94
o 1111 71.95
o 1109 71.97
