inconsistency-measurement-im-forgetting-B-3-stb_428_430.tgf.pl
o 88 0
o 87 0.41
o 86 0.52
o 85 0.52
o 84 0.53
o 83 0.54
o 82 0.54
o 81 0.54
o 80 0.54
o 76 2.49
o 75 2.49
o 74 2.49
o 73 10.57
o 72 42.36
o 71 101.33
o 70 125.49
o 69 125.49
o 68 125.5
o 67 125.5
o 66 125.5
inconsistency-measurement-im-forgetting-B-3-stb_428_430.tgf.pl
o 88 0
o 87 0.31
o 86 0.31
o 85 0.31
o 84 0.31
o 83 2.26
o 82 2.27
o 81 2.3
o 80 2.4
o 78 4.65
o 77 4.65
o 76 4.65
o 75 13.41
o 74 35.88
o 73 44.87
o 72 78.67
o 68 138.14
inconsistency-measurement-im-forgetting-B-3-stb_428_430.tgf.pl
o 88 0.03
o 87 0.71
o 86 0.77
o 85 0.77
o 84 0.77
o 83 0.77
o 82 0.78
o 81 0.78
o 80 0.79
o 78 0.79
o 77 0.79
o 76 0.79
o 75 0.8
o 74 0.84
o 73 0.84
o 72 51.42
o 71 131.44
inconsistency-measurement-im-forgetting-B-3-stb_428_430.tgf.pl
o 88 0
o 82 0.32
o 81 0.32
o 80 0.33
o 77 0.33
o 76 0.33
o 75 6.24
o 74 8.43
o 73 8.43
o 72 8.43
o 71 79.72
o 70 152.22
o 69 183.18
inconsistency-measurement-im-forgetting-B-3-stb_428_430.tgf.pl
o 88 0.01
o 86 0.32
o 85 0.32
o 84 0.34
o 83 0.34
o 82 0.34
o 80 4.58
o 79 4.58
o 77 4.58
o 76 4.58
o 73 16.17
o 72 19.92
o 71 169.79
o 70 169.79
o 69 169.79
inconsistency-measurement-im-forgetting-B-3-stb_428_430.tgf.pl
o 88 0.01
o 86 0.36
o 84 0.36
o 83 0.36
o 81 0.37
o 80 2.78
o 79 2.86
o 78 2.87
o 77 2.87
o 76 7.34
o 75 17.46
o 74 17.46
o 72 17.46
o 71 17.46
o 70 254.69
o 69 254.69
o 67 260.79
o 66 260.8
inconsistency-measurement-im-forgetting-B-3-stb_428_430.tgf.pl
o 88 0.01
o 87 0.31
o 86 0.32
o 85 0.33
o 84 0.33
o 82 0.33
o 81 0.38
o 80 2.46
o 79 2.53
o 78 2.53
o 77 6.66
o 76 6.66
o 75 6.67
o 74 6.67
o 73 6.67
o 71 25.15
o 70 25.17
o 69 65.57
o 68 65.58
o 67 65.58
o 66 65.58
o 65 65.58
o 64 65.58
inconsistency-measurement-im-forgetting-B-3-stb_428_430.tgf.pl
o 88 0.01
o 76 0.29
o 75 7.01
o 74 31.81
o 73 125.3
o 72 125.31
o 71 133.37
o 70 281.67
o 69 281.67
inconsistency-measurement-im-forgetting-B-3-stb_428_430.tgf.pl
o 88 0.01
o 87 0.43
o 86 0.48
o 85 0.48
o 84 0.48
o 83 0.5
o 82 0.51
o 81 0.57
o 80 2.7
o 76 4.73
o 75 4.74
o 73 4.74
o 70 83.24
o 69 83.24
o 68 83.24
o 67 83.24
o 66 83.24
o 65 83.24
o 64 83.24
o 63 83.24
o 62 83.25
o 61 83.25
inconsistency-measurement-im-forgetting-B-3-stb_428_430.tgf.pl
o 88 0.01
o 85 0.29
o 83 0.29
o 82 0.3
o 81 0.31
o 80 0.31
o 79 0.31
o 78 0.32
o 77 0.32
o 75 0.37
o 74 0.37
o 73 0.37
o 71 23.76
o 70 34.09
o 69 34.1
o 68 171.11
