judgment-aggregation-ja-slater-preflib-00049-00000405
o 388 0.1
o 387 0.1
o 386 0.1
o 385 0.1
o 384 0.1
o 383 0.1
o 382 0.1
o 381 0.1
o 380 0.1
o 379 0.1
o 378 0.1
o 377 0.1
o 376 0.1
o 375 0.1
o 374 0.1
o 373 0.1
o 372 0.1
o 371 0.1
o 370 0.1
o 369 0.1
o 368 0.1
o 367 0.1
o 366 0.1
o 365 0.1
o 364 0.1
o 363 0.1
o 362 0.1
o 361 0.1
o 360 0.1
o 359 0.1
o 358 0.1
o 357 0.1
o 356 0.1
o 355 0.1
o 354 0.1
o 353 0.1
o 352 0.1
o 351 0.1
o 350 0.1
o 349 0.1
o 348 0.1
o 347 0.1
o 346 0.1
o 345 0.1
o 344 0.1
o 343 0.1
o 342 0.1
o 341 0.1
o 340 0.1
o 339 0.1
o 338 0.1
o 337 0.1
o 336 0.1
o 335 0.1
o 334 0.1
o 333 0.11
o 332 0.11
o 331 0.11
o 330 0.11
o 329 0.11
o 328 0.11
o 316 0.11
o 292 0.67
o 290 0.67
o 289 0.68
o 286 0.68
o 285 0.71
o 284 128.76
o 283 128.76
o 282 128.82
o 281 214.05
o 280 218.61
o 279 218.84
o 278 219.9
judgment-aggregation-ja-slater-preflib-00049-00000405
o 403 0.09
o 402 0.1
o 401 0.1
o 400 0.1
o 399 0.1
o 398 0.1
o 397 0.1
o 396 0.1
o 395 0.1
o 394 0.1
o 393 0.1
o 392 0.1
o 391 0.1
o 390 0.1
o 389 0.1
o 388 0.1
o 387 0.1
o 386 0.1
o 385 0.1
o 384 0.1
o 383 0.1
o 382 0.1
o 381 0.1
o 380 0.1
o 379 0.1
o 378 0.1
o 377 0.1
o 376 0.1
o 375 0.1
o 374 0.1
o 373 0.1
o 372 0.1
o 371 0.1
o 370 0.1
o 369 0.1
o 368 0.1
o 367 0.1
o 366 0.1
o 365 0.1
o 364 0.1
o 363 0.1
o 362 0.1
o 361 0.1
o 360 0.1
o 359 0.1
o 358 0.1
o 357 0.1
o 356 0.1
o 355 0.1
o 354 0.1
o 353 0.1
o 352 0.1
o 351 0.1
o 350 0.1
o 349 0.1
o 348 0.1
o 346 0.1
o 345 0.1
o 344 0.1
o 343 0.1
o 342 0.1
o 341 0.1
o 340 0.1
o 339 0.1
o 338 0.1
o 337 0.1
o 336 0.1
o 333 0.1
o 332 0.1
o 331 0.1
o 330 0.1
o 329 0.1
o 328 0.1
o 327 0.1
o 326 0.1
o 325 0.1
o 324 0.1
o 322 0.1
o 321 0.1
o 320 0.1
o 319 0.1
o 318 0.1
o 315 0.1
o 313 0.1
o 296 0.32
o 290 0.33
o 289 0.33
o 287 0.37
o 286 0.37
o 285 0.38
o 284 0.49
o 283 0.89
o 282 1.07
o 281 1.08
o 280 1.12
o 279 15.45
o 278 15.45
judgment-aggregation-ja-slater-preflib-00049-00000405
o 402 0.1
o 401 0.11
o 400 0.11
o 399 0.11
o 398 0.11
o 397 0.11
o 396 0.11
o 395 0.11
o 394 0.11
o 393 0.11
o 392 0.11
o 391 0.11
o 390 0.11
o 389 0.11
o 387 0.11
o 386 0.11
o 385 0.11
o 384 0.11
o 383 0.11
o 382 0.11
o 381 0.11
o 380 0.11
o 379 0.11
o 378 0.11
o 377 0.11
o 376 0.11
o 375 0.11
o 374 0.11
o 373 0.11
o 372 0.11
o 371 0.11
o 370 0.11
o 369 0.11
o 368 0.11
o 367 0.11
o 366 0.11
o 365 0.11
o 364 0.11
o 363 0.11
o 362 0.11
o 361 0.11
o 360 0.11
o 359 0.11
o 358 0.11
o 357 0.11
o 356 0.11
o 355 0.11
o 354 0.11
o 353 0.11
o 352 0.11
o 351 0.11
o 350 0.11
o 349 0.11
o 348 0.11
o 347 0.11
o 346 0.11
o 345 0.11
o 344 0.11
o 343 0.11
o 342 0.11
o 341 0.11
o 340 0.11
o 339 0.11
o 338 0.11
o 337 0.11
o 336 0.11
o 335 0.11
o 334 0.11
o 333 0.11
o 331 0.11
o 330 0.11
o 329 0.11
o 328 0.11
o 327 0.11
o 326 0.11
o 325 0.11
o 324 0.11
o 323 0.11
o 322 0.11
o 321 0.11
o 320 0.11
o 319 0.11
o 318 0.11
o 317 0.11
o 316 0.11
o 315 0.11
o 314 0.11
o 294 0.46
o 290 0.47
o 287 0.47
o 286 0.47
o 285 0.47
o 283 0.48
o 282 0.48
o 281 71.91
o 280 71.91
o 278 71.91
judgment-aggregation-ja-slater-preflib-00049-00000405
o 443 0.08
o 442 0.09
o 441 0.09
o 440 0.09
o 439 0.09
o 438 0.09
o 437 0.09
o 436 0.09
o 435 0.09
o 434 0.09
o 433 0.09
o 432 0.09
o 431 0.09
o 430 0.09
o 429 0.09
o 428 0.09
o 427 0.09
o 426 0.09
o 425 0.09
o 424 0.09
o 423 0.09
o 422 0.09
o 421 0.09
o 420 0.09
o 419 0.09
o 418 0.09
o 417 0.09
o 416 0.09
o 414 0.09
o 413 0.09
o 412 0.09
o 411 0.09
o 410 0.09
o 409 0.09
o 408 0.09
o 407 0.09
o 406 0.09
o 405 0.09
o 404 0.09
o 403 0.09
o 402 0.09
o 401 0.09
o 400 0.09
o 399 0.09
o 398 0.09
o 397 0.09
o 396 0.09
o 395 0.09
o 394 0.09
o 393 0.09
o 392 0.09
o 391 0.09
o 390 0.09
o 389 0.09
o 388 0.09
o 387 0.09
o 386 0.09
o 385 0.09
o 384 0.09
o 383 0.09
o 382 0.09
o 381 0.09
o 380 0.09
o 379 0.09
o 378 0.09
o 377 0.09
o 376 0.09
o 375 0.09
o 374 0.09
o 373 0.09
o 372 0.09
o 371 0.09
o 370 0.09
o 369 0.09
o 368 0.09
o 367 0.09
o 366 0.09
o 365 0.09
o 364 0.09
o 363 0.09
o 354 0.09
o 353 0.09
o 352 0.09
o 351 0.09
o 350 0.09
o 349 0.09
o 348 0.09
o 347 0.09
o 346 0.09
o 345 0.09
o 344 0.09
o 343 0.09
o 342 0.09
o 341 0.09
o 340 0.09
o 339 0.09
o 338 0.09
o 337 0.09
o 336 0.09
o 335 0.09
o 334 0.09
o 333 0.09
o 332 0.09
o 331 0.09
o 330 0.09
o 329 0.09
o 328 0.09
o 327 0.09
o 326 0.09
o 325 0.09
o 324 0.09
o 323 0.09
o 322 0.09
o 321 0.09
o 320 0.09
o 319 0.09
o 318 0.09
o 317 0.09
o 316 0.09
o 315 0.09
o 314 0.09
o 313 0.09
o 312 0.09
o 311 0.09
o 310 0.09
o 309 0.09
o 308 0.09
o 307 0.09
o 292 0.26
o 290 0.35
o 289 0.35
o 288 2.74
o 287 4.25
o 286 31.15
o 285 31.15
o 284 46.19
o 283 115.62
o 282 115.62
o 280 265.57
o 279 265.57
o 278 266.44
judgment-aggregation-ja-slater-preflib-00049-00000405
o 419 0.08
o 418 0.09
o 417 0.09
o 416 0.09
o 415 0.09
o 414 0.09
o 413 0.09
o 412 0.09
o 411 0.09
o 410 0.09
o 409 0.09
o 408 0.09
o 407 0.09
o 406 0.09
o 405 0.09
o 404 0.09
o 403 0.09
o 402 0.09
o 401 0.09
o 400 0.09
o 399 0.09
o 398 0.09
o 397 0.09
o 396 0.09
o 395 0.09
o 394 0.09
o 393 0.09
o 392 0.09
o 391 0.09
o 390 0.09
o 389 0.09
o 388 0.09
o 387 0.09
o 386 0.09
o 385 0.09
o 384 0.09
o 383 0.09
o 382 0.09
o 381 0.09
o 380 0.09
o 379 0.09
o 378 0.09
o 377 0.09
o 376 0.09
o 375 0.09
o 374 0.09
o 373 0.09
o 372 0.09
o 371 0.09
o 370 0.09
o 369 0.09
o 368 0.09
o 367 0.09
o 366 0.09
o 365 0.09
o 363 0.09
o 362 0.09
o 361 0.09
o 358 0.09
o 357 0.09
o 356 0.09
o 355 0.09
o 354 0.09
o 353 0.09
o 338 0.09
o 337 0.09
o 336 0.09
o 334 0.09
o 333 0.09
o 332 0.09
o 331 0.09
o 330 0.09
o 329 0.09
o 328 0.09
o 327 0.09
o 326 0.09
o 316 0.09
o 313 0.09
o 312 0.09
o 311 0.09
o 283 0.3
o 282 0.3
o 280 0.3
o 279 0.31
o 278 78.48
judgment-aggregation-ja-slater-preflib-00049-00000405
o 391 0.08
o 390 0.08
o 389 0.08
o 388 0.08
o 387 0.08
o 386 0.08
o 385 0.08
o 384 0.08
o 383 0.08
o 382 0.08
o 381 0.08
o 380 0.08
o 379 0.08
o 378 0.08
o 377 0.08
o 376 0.08
o 375 0.08
o 374 0.08
o 373 0.08
o 372 0.08
o 371 0.08
o 370 0.08
o 369 0.08
o 368 0.08
o 367 0.08
o 366 0.08
o 365 0.08
o 364 0.08
o 363 0.08
o 362 0.08
o 361 0.08
o 360 0.08
o 359 0.08
o 358 0.08
o 357 0.08
o 355 0.08
o 354 0.08
o 353 0.08
o 352 0.08
o 351 0.08
o 350 0.08
o 349 0.08
o 348 0.08
o 347 0.08
o 346 0.08
o 345 0.08
o 344 0.08
o 343 0.08
o 342 0.08
o 341 0.08
o 340 0.08
o 339 0.08
o 338 0.08
o 337 0.08
o 336 0.08
o 335 0.08
o 334 0.08
o 333 0.08
o 331 0.08
o 330 0.08
o 329 0.08
o 328 0.08
o 327 0.08
o 326 0.08
o 325 0.08
o 324 0.08
o 323 0.08
o 322 0.08
o 321 0.08
o 320 0.08
o 319 0.08
o 318 0.08
o 317 0.08
o 316 0.08
o 315 0.08
o 314 0.08
o 304 0.3
o 296 0.31
o 280 0.31
o 279 0.31
o 278 0.31
judgment-aggregation-ja-slater-preflib-00049-00000405
o 425 0.07
o 424 0.08
o 423 0.08
o 422 0.08
o 421 0.08
o 420 0.08
o 419 0.08
o 418 0.08
o 416 0.08
o 415 0.08
o 414 0.08
o 413 0.08
o 412 0.08
o 411 0.08
o 410 0.08
o 409 0.08
o 408 0.08
o 407 0.08
o 406 0.08
o 405 0.08
o 404 0.08
o 403 0.08
o 402 0.08
o 401 0.08
o 400 0.08
o 399 0.08
o 398 0.08
o 397 0.08
o 396 0.08
o 395 0.08
o 394 0.08
o 393 0.08
o 392 0.08
o 391 0.08
o 390 0.08
o 389 0.08
o 388 0.08
o 387 0.08
o 386 0.08
o 385 0.08
o 384 0.08
o 383 0.08
o 382 0.08
o 381 0.08
o 380 0.08
o 379 0.08
o 378 0.08
o 377 0.08
o 376 0.08
o 375 0.08
o 374 0.08
o 373 0.08
o 371 0.08
o 370 0.08
o 369 0.08
o 367 0.08
o 366 0.08
o 365 0.08
o 363 0.08
o 362 0.08
o 361 0.08
o 360 0.08
o 359 0.08
o 358 0.08
o 357 0.08
o 356 0.08
o 355 0.08
o 353 0.08
o 352 0.08
o 351 0.08
o 350 0.08
o 349 0.08
o 348 0.08
o 347 0.08
o 346 0.08
o 345 0.08
o 344 0.08
o 343 0.08
o 342 0.08
o 341 0.08
o 340 0.08
o 339 0.08
o 338 0.08
o 337 0.08
o 336 0.08
o 335 0.08
o 334 0.08
o 333 0.08
o 332 0.08
o 331 0.08
o 330 0.08
o 329 0.08
o 328 0.08
o 325 0.08
o 324 0.08
o 323 0.08
o 322 0.08
o 321 0.08
o 320 0.08
o 319 0.08
o 289 0.25
o 288 0.25
o 285 0.25
o 281 0.25
o 280 0.26
o 279 0.28
o 278 15.49
judgment-aggregation-ja-slater-preflib-00049-00000405
o 379 0.08
o 378 0.09
o 377 0.09
o 376 0.09
o 375 0.09
o 374 0.09
o 373 0.09
o 372 0.09
o 371 0.09
o 370 0.09
o 369 0.09
o 368 0.09
o 367 0.09
o 366 0.09
o 365 0.09
o 364 0.09
o 363 0.09
o 362 0.09
o 361 0.09
o 360 0.09
o 359 0.09
o 358 0.09
o 357 0.09
o 356 0.09
o 355 0.09
o 354 0.09
o 353 0.09
o 352 0.09
o 351 0.09
o 350 0.09
o 349 0.09
o 348 0.09
o 347 0.09
o 346 0.09
o 345 0.09
o 344 0.09
o 343 0.09
o 342 0.09
o 341 0.09
o 340 0.09
o 339 0.09
o 338 0.09
o 337 0.09
o 336 0.09
o 335 0.09
o 334 0.09
o 333 0.09
o 332 0.09
o 331 0.09
o 330 0.09
o 329 0.09
o 328 0.09
o 327 0.09
o 326 0.09
o 325 0.09
o 324 0.09
o 323 0.09
o 322 0.09
o 319 0.09
o 318 0.09
o 317 0.09
o 280 0.29
o 279 0.29
o 278 0.29
judgment-aggregation-ja-slater-preflib-00049-00000405
o 398 0.09
o 380 0.09
o 379 0.09
o 378 0.09
o 377 0.09
o 376 0.09
o 375 0.09
o 374 0.09
o 373 0.09
o 372 0.09
o 370 0.09
o 369 0.09
o 368 0.09
o 367 0.09
o 366 0.09
o 365 0.09
o 364 0.09
o 363 0.09
o 362 0.09
o 361 0.09
o 360 0.09
o 359 0.09
o 358 0.09
o 357 0.09
o 356 0.09
o 355 0.09
o 354 0.09
o 353 0.09
o 352 0.09
o 351 0.09
o 350 0.09
o 349 0.09
o 348 0.09
o 347 0.09
o 346 0.09
o 345 0.09
o 344 0.09
o 343 0.09
o 342 0.09
o 341 0.09
o 340 0.09
o 339 0.09
o 338 0.09
o 337 0.09
o 336 0.09
o 335 0.09
o 334 0.09
o 333 0.09
o 332 0.09
o 331 0.09
o 330 0.09
o 329 0.09
o 328 0.09
o 326 0.09
o 325 0.09
o 324 0.09
o 323 0.09
o 322 0.09
o 321 0.09
o 320 0.09
o 319 0.09
o 318 0.09
o 317 0.09
o 316 0.09
o 315 0.09
o 314 0.09
o 313 0.09
o 291 0.33
o 284 0.34
o 283 0.34
o 282 22.37
o 280 83.88
o 279 83.88
o 278 83.92
judgment-aggregation-ja-slater-preflib-00049-00000405
o 405 0.08
o 404 0.09
o 403 0.09
o 402 0.09
o 401 0.09
o 400 0.09
o 399 0.09
o 398 0.09
o 397 0.09
o 396 0.09
o 395 0.09
o 394 0.09
o 393 0.09
o 392 0.09
o 391 0.09
o 390 0.09
o 389 0.09
o 388 0.09
o 386 0.09
o 385 0.09
o 384 0.09
o 383 0.09
o 382 0.09
o 381 0.09
o 380 0.09
o 379 0.09
o 378 0.09
o 377 0.09
o 376 0.09
o 375 0.09
o 374 0.09
o 373 0.09
o 372 0.09
o 371 0.09
o 370 0.09
o 369 0.09
o 368 0.09
o 367 0.09
o 366 0.09
o 365 0.09
o 364 0.09
o 363 0.09
o 362 0.09
o 361 0.09
o 360 0.09
o 359 0.09
o 358 0.09
o 357 0.09
o 356 0.09
o 355 0.09
o 354 0.09
o 353 0.09
o 352 0.09
o 351 0.09
o 350 0.09
o 349 0.09
o 348 0.09
o 347 0.09
o 346 0.09
o 345 0.09
o 344 0.09
o 343 0.09
o 342 0.09
o 341 0.09
o 340 0.09
o 339 0.09
o 338 0.09
o 337 0.09
o 335 0.09
o 334 0.09
o 333 0.09
o 332 0.09
o 331 0.09
o 330 0.09
o 329 0.09
o 328 0.09
o 327 0.09
o 326 0.09
o 325 0.09
o 324 0.09
o 323 0.09
o 322 0.09
o 321 0.09
o 320 0.09
o 319 0.09
o 318 0.09
o 317 0.09
o 306 0.09
o 305 0.09
o 302 0.09
o 300 0.09
o 299 0.09
o 298 0.09
o 297 0.09
o 296 0.09
o 295 0.09
o 294 0.3
o 291 0.31
o 289 0.31
o 288 0.31
o 287 0.31
o 286 0.31
o 285 0.31
o 284 0.34
o 283 0.34
o 282 0.39
o 281 1.49
o 280 1.68
o 279 29.4
o 278 29.97
