optic-gen_mult_5_5_991
o 894 0.22
o 308 0.23
o 283 0.24
o 281 0.24
o 280 1.36
o 279 1.36
o 278 1.36
o 277 1.36
o 276 1.36
o 274 1.37
o 273 1.42
o 272 1.42
o 271 1.43
o 270 1.43
o 269 1.43
o 268 1.43
o 267 1.58
o 266 1.58
o 265 1.58
o 264 1.66
o 263 1.66
o 262 78.23
o 261 78.23
optic-gen_mult_5_5_991
o 894 0.38
o 284 0.4
o 280 0.41
o 279 0.41
o 278 2.25
o 277 2.25
o 276 2.25
o 275 2.25
o 274 2.26
o 273 2.26
o 272 2.27
o 271 2.34
o 269 2.36
o 268 2.36
o 267 2.36
o 265 2.36
o 264 2.68
o 263 2.87
o 262 2.95
optic-gen_mult_5_5_991
o 894 0.19
o 282 0.2
o 281 1.13
o 280 1.13
o 278 1.14
o 276 1.14
o 275 1.14
o 274 1.14
o 273 1.15
o 272 1.15
o 271 1.15
o 270 1.23
o 269 1.23
o 268 1.23
o 267 1.35
o 266 1.36
o 265 1.36
o 264 1.52
o 263 92.29
o 262 92.29
o 261 92.29
optic-gen_mult_5_5_991
o 894 0.96
o 280 1.49
o 279 1.49
o 278 6.43
o 277 6.43
o 276 6.43
o 275 6.43
o 274 6.43
o 273 6.5
o 272 6.5
o 271 6.5
o 270 6.5
o 269 6.5
o 268 6.61
o 267 6.61
o 266 6.62
o 265 6.62
o 264 6.62
o 263 6.62
o 262 6.62
o 261 6.62
optic-gen_mult_5_5_991
o 894 5.64
o 282 5.77
o 281 10.66
o 280 10.68
o 279 10.75
o 278 10.75
o 277 10.75
o 276 10.75
o 275 10.75
o 274 10.79
o 273 10.8
o 272 10.8
o 271 10.8
o 270 10.86
o 269 10.87
o 268 12.14
o 267 12.16
o 266 12.33
o 265 12.5
o 264 12.5
o 263 294.71
o 262 294.72
o 261 294.72
o 260 294.73
optic-gen_mult_5_5_991
o 894 0.18
o 285 0.19
o 284 0.86
o 280 0.89
o 278 0.89
o 277 0.89
o 276 0.89
o 275 0.92
o 274 0.98
o 273 0.99
o 272 0.99
o 271 0.99
o 270 0.99
o 269 1.03
o 268 1.1
o 267 1.11
o 266 1.21
o 265 35.27
o 264 35.27
o 263 35.27
o 262 35.27
o 261 243.03
optic-gen_mult_5_5_991
o 894 0.19
o 283 0.2
o 282 0.93
o 277 0.93
o 276 0.93
o 275 0.93
o 274 0.94
o 273 0.95
o 272 0.96
o 271 0.96
o 269 0.97
o 268 0.97
o 267 1.05
o 266 1.06
o 265 1.06
o 264 1.06
o 263 1.18
o 262 1.18
o 261 1.18
o 260 1.18
optic-gen_mult_5_5_991
o 894 0.17
o 285 0.18
o 282 0.85
o 281 0.86
o 280 0.87
o 279 0.87
o 278 0.87
o 277 0.91
o 276 0.92
o 275 0.93
o 274 0.93
o 273 0.93
o 272 0.93
o 271 0.93
o 270 0.93
o 269 0.93
o 268 0.95
o 266 0.99
o 265 0.99
o 264 1
o 263 1
o 262 1
o 261 34.62
o 260 34.62
optic-gen_mult_5_5_991
o 894 0.19
o 309 0.21
o 308 0.21
o 298 0.85
o 297 0.85
o 296 0.93
o 295 0.93
o 288 0.94
o 286 0.95
o 284 0.98
o 283 1.02
o 281 1.03
o 280 1.03
o 279 1.03
o 278 1.03
o 276 1.04
o 275 1.09
o 274 1.15
o 273 1.15
o 272 1.16
o 271 1.16
o 270 1.17
o 269 1.27
o 268 1.27
o 267 1.29
o 266 1.29
o 265 36.21
o 264 36.49
o 263 70.09
o 262 70.09
o 261 101.82
o 260 101.82
optic-gen_mult_5_5_991
o 894 0.19
o 293 0.2
o 292 0.2
o 291 0.2
o 290 0.2
o 288 0.93
o 287 0.94
o 286 0.94
o 285 0.95
o 284 0.95
o 283 0.95
o 282 0.95
o 281 0.95
o 280 0.95
o 279 0.97
o 278 0.97
o 277 0.98
o 274 0.98
o 273 0.98
o 272 1.05
o 271 1.05
o 270 1.05
o 269 1.05
o 268 1.05
o 267 1.18
o 266 1.18
o 265 1.18
o 264 87.86
o 263 87.86
o 262 87.87
o 261 88
o 260 88
