setcover-sts-data.243
o 211 0
o 210 0
o 209 0
o 208 0
o 207 0
o 206 0
o 205 0
o 204 0
o 203 0.01
o 202 0.05
o 201 0.06
o 200 0.06
o 199 0.06
o 198 0.06
setcover-sts-data.243
o 211 0.01
o 210 0.01
o 209 0.01
o 208 0.01
o 207 0.01
o 206 0.01
o 205 0.01
o 204 0.01
o 203 0.15
o 202 0.31
o 201 0.31
o 200 0.31
o 199 0.31
o 198 0.31
setcover-sts-data.243
o 211 0
o 210 0
o 209 0
o 208 0
o 207 0
o 206 0
o 205 0
o 204 0.01
o 203 0.01
o 202 0.07
o 201 0.07
o 200 0.07
o 199 0.07
o 198 0.07
setcover-sts-data.243
o 211 0
o 210 0
o 209 0
o 208 0
o 207 0
o 206 0
o 205 0
o 204 0.01
o 203 0.11
o 202 0.17
o 201 0.17
o 200 0.17
o 199 0.17
o 198 0.17
setcover-sts-data.243
o 211 0
o 210 0
o 209 0
o 208 0
o 207 0
o 206 0
o 205 0
o 204 0
o 203 0.06
o 202 0.26
o 201 0.71
o 200 0.71
o 199 0.71
o 198 0.71
setcover-sts-data.243
o 211 0
o 210 0
o 209 0
o 208 0
o 207 0
o 206 0
o 205 0
o 204 0
o 203 0
o 202 0.33
o 201 0.33
o 200 0.33
o 199 0.33
o 198 0.33
setcover-sts-data.243
o 211 0
o 210 0
o 209 0
o 208 0
o 207 0
o 206 0
o 205 0
o 204 0
o 203 0.01
o 202 0.61
o 201 0.61
o 200 0.61
o 199 0.61
o 198 0.61
setcover-sts-data.243
o 211 0
o 210 0
o 209 0
o 208 0
o 207 0
o 206 0
o 205 0
o 204 0
o 203 0.08
o 202 0.13
o 201 0.13
o 200 0.13
o 199 0.13
o 198 0.13
setcover-sts-data.243
o 211 0
o 210 0
o 209 0
o 208 0
o 207 0
o 206 0
o 205 0
o 204 0
o 203 0.02
o 202 0.99
o 201 0.99
o 200 0.99
o 199 0.99
o 198 0.99
setcover-sts-data.243
o 211 0
o 210 0
o 209 0
o 208 0
o 207 0
o 206 0
o 205 0
o 204 0.01
o 203 0.02
o 202 0.15
o 201 1.01
o 200 1.01
o 199 1.01
o 198 1.01
