setcover-sts-data.729
o 665 0.03
o 664 0.03
o 663 0.03
o 662 0.03
o 661 0.03
o 660 0.03
o 659 0.03
o 658 0.03
o 657 0.03
o 656 0.04
o 655 0.04
o 654 0.04
o 653 0.04
o 652 0.04
o 651 0.04
o 650 0.06
o 649 0.14
o 648 0.15
o 647 0.15
o 646 3.79
o 645 3.81
o 644 3.83
o 643 3.86
o 642 4.39
o 641 120.48
o 640 120.48
o 639 120.48
setcover-sts-data.729
o 665 0.04
o 664 0.05
o 663 0.05
o 662 0.05
o 661 0.05
o 660 0.05
o 659 0.05
o 658 0.05
o 657 0.05
o 656 0.05
o 655 0.05
o 654 0.05
o 653 0.05
o 652 0.05
o 651 0.06
o 650 0.06
o 649 0.07
o 648 0.22
o 647 2.32
o 646 8.37
o 645 12
o 644 12
o 643 12
o 642 12.01
o 641 12.01
o 640 12.01
o 639 12.01
o 638 12.01
o 637 12.01
o 636 12.01
o 635 12.01
o 634 12.01
o 633 12.01
o 632 12.01
o 631 12.01
o 630 12.01
o 629 12.01
o 628 12.01
o 627 12.01
o 626 12.01
o 625 12.01
o 624 12.01
o 623 12.01
o 622 12.01
o 621 12.01
o 620 12.01
o 619 12.01
o 618 12.01
o 617 12.01
setcover-sts-data.729
o 665 0.04
o 664 0.04
o 663 0.04
o 662 0.04
o 661 0.04
o 660 0.04
o 659 0.04
o 658 0.04
o 657 0.04
o 656 0.04
o 655 0.04
o 654 0.04
o 653 0.04
o 652 0.05
o 651 0.05
o 650 0.05
o 649 0.16
o 648 0.16
o 647 0.54
o 646 3.73
o 645 6.48
o 644 31.08
o 643 31.09
o 642 31.09
o 641 31.09
o 640 31.09
o 639 31.09
setcover-sts-data.729
o 665 0.05
o 664 0.05
o 663 0.05
o 662 0.06
o 661 0.06
o 660 0.06
o 659 0.06
o 658 0.06
o 657 0.06
o 656 0.06
o 655 0.06
o 654 0.06
o 653 0.06
o 652 0.06
o 651 0.07
o 650 0.07
o 649 0.09
o 648 0.42
o 647 1.56
o 646 2.14
o 645 12.48
o 644 58.44
o 643 58.45
o 642 58.45
o 641 58.45
o 640 58.45
o 639 58.45
o 638 58.45
o 637 58.46
o 636 58.48
o 635 58.48
o 634 58.49
o 633 58.49
setcover-sts-data.729
o 665 0.56
o 664 0.57
o 663 0.57
o 662 0.57
o 661 0.57
o 660 0.57
o 659 0.57
o 658 0.57
o 657 0.57
o 656 0.58
o 655 0.58
o 654 0.59
o 653 0.61
o 652 0.62
o 651 0.63
o 650 1.59
o 649 1.6
o 648 1.62
o 647 17.92
o 646 19.02
o 645 284.36
setcover-sts-data.729
o 665 0.48
o 664 0.53
o 663 0.53
o 662 0.54
o 661 0.54
o 660 0.54
o 659 0.54
o 658 0.54
o 657 0.55
o 656 0.55
o 655 0.59
o 654 0.6
o 653 0.61
o 652 0.61
o 651 0.74
o 650 0.78
o 649 2.57
o 648 3.64
o 647 11.35
o 646 205.43
o 645 205.44
o 644 205.45
o 643 205.45
setcover-sts-data.729
o 665 0.9
o 664 0.96
o 663 0.96
o 662 0.96
o 661 0.97
o 660 0.97
o 659 0.97
o 658 0.99
o 657 0.99
o 656 1
o 655 1.01
o 654 1.03
o 653 1.03
o 652 1.05
o 651 1.95
o 650 1.96
o 649 2.88
o 648 4.78
o 647 16.35
o 646 37.86
o 645 58.21
o 644 58.22
o 643 192.25
o 642 192.26
setcover-sts-data.729
o 665 0.04
o 664 0.04
o 663 0.04
o 662 0.04
o 661 0.04
o 660 0.04
o 659 0.04
o 658 0.04
o 657 0.04
o 656 0.04
o 655 0.04
o 654 0.04
o 653 0.04
o 652 0.04
o 651 0.04
o 650 0.06
o 649 0.08
o 648 0.09
o 647 0.09
o 646 0.96
o 645 1.85
o 644 1.87
o 643 1.87
o 642 1.88
o 641 94.53
o 640 94.53
o 639 94.55
o 638 94.56
o 637 94.56
o 636 94.61
o 635 94.61
o 634 94.62
o 633 94.62
o 632 107.47
o 631 107.48
o 630 107.48
o 629 107.48
o 628 107.48
o 627 107.48
o 626 107.48
o 625 107.48
o 624 107.48
o 623 107.48
o 622 107.48
o 621 107.48
o 620 107.48
o 619 107.48
o 618 107.48
o 617 107.48
setcover-sts-data.729
o 665 0.06
o 664 0.06
o 663 0.06
o 662 0.06
o 661 0.06
o 660 0.06
o 659 0.06
o 658 0.06
o 657 0.06
o 656 0.06
o 655 0.06
o 654 0.06
o 653 0.06
o 652 0.07
o 651 0.09
o 650 0.09
o 649 0.15
o 648 0.29
o 647 1.46
o 646 4.26
o 645 86.22
o 644 290.46
o 643 290.6
setcover-sts-data.729
o 665 0.03
o 664 0.03
o 663 0.03
o 662 0.03
o 661 0.03
o 660 0.03
o 659 0.03
o 658 0.03
o 657 0.03
o 656 0.04
o 655 0.04
o 654 0.04
o 653 0.04
o 652 0.04
o 651 0.04
o 650 0.04
o 649 0.07
o 648 0.56
o 647 2.08
o 646 7.34
o 645 7.35
o 644 35.93
o 643 35.93
o 642 68.67
o 641 125.97
o 640 125.97
o 639 125.97
o 638 125.97
o 637 125.97
o 636 125.97
o 635 125.97
o 634 125.97
o 633 125.97
o 632 125.97
o 631 125.98
o 630 125.98
o 629 125.98
o 628 125.98
o 627 125.98
o 626 125.98
o 625 125.98
o 624 125.98
o 623 125.98
o 622 125.98
o 621 125.98
o 620 125.98
o 619 125.98
o 618 125.98
o 617 125.98
