treewidth-computation-TWComp_queen7_7_N49
o 39 1.88
o 38 3.64
o 37 18.43
o 36 154.67
treewidth-computation-TWComp_queen7_7_N49
o 40 1.51
o 37 2.71
o 36 40.61
treewidth-computation-TWComp_queen7_7_N49
o 40 2.5
o 38 4.68
o 37 4.69
o 36 12
treewidth-computation-TWComp_queen7_7_N49
o 39 2.15
o 38 4.42
o 37 32.21
treewidth-computation-TWComp_queen7_7_N49
o 38 1.93
o 37 34.27
o 36 243.72
treewidth-computation-TWComp_queen7_7_N49
o 39 1.81
o 38 3.67
o 37 28.92
treewidth-computation-TWComp_queen7_7_N49
o 39 1.69
o 38 3.07
o 37 18.25
o 36 199.47
treewidth-computation-TWComp_queen7_7_N49
o 37 2.69
o 36 222.43
treewidth-computation-TWComp_queen7_7_N49
o 40 1.75
o 39 3.26
o 37 3.32
treewidth-computation-TWComp_queen7_7_N49
o 38 1.17
o 37 7.33
