xai-mindset2-cleve
o 248 114.25
o 247 234.73
o 246 234.73
o 245 234.73
o 244 234.73
o 243 234.73
o 242 234.91
o 241 235.35
o 240 235.35
o 239 235.39
o 237 253.38
o 236 253.48
o 235 253.52
xai-mindset2-cleve
o 257 165.74
o 256 216.35
o 255 216.35
o 254 216.35
o 252 216.35
o 251 216.38
o 250 216.38
o 249 216.39
o 248 216.39
o 247 216.39
o 246 216.39
o 245 216.39
o 244 216.39
o 243 216.39
o 242 216.4
o 241 216.4
o 240 216.4
o 239 216.41
o 237 216.41
xai-mindset2-cleve
o 260 165.54
o 248 205.54
o 247 205.54
o 246 205.54
o 245 205.54
o 244 205.54
o 243 205.54
o 242 205.54
o 241 205.54
o 240 205.54
o 239 205.54
o 238 205.55
xai-mindset2-cleve
xai-mindset2-cleve
o 261 206.31
xai-mindset2-cleve
o 236 50.13
xai-mindset2-cleve
xai-mindset2-cleve
xai-mindset2-cleve
xai-mindset2-cleve
