aes-sbox_8
o 810 103.03
o 546 103.09
o 545 103.09
o 544 103.09
o 536 103.13
o 535 103.13
o 524 113.9
o 523 113.9
aes-sbox_8
o 810 131.81
o 544 131.86
o 543 131.86
o 532 131.91
o 531 131.91
o 530 131.91
o 529 131.91
o 528 131.91
o 527 131.91
aes-sbox_8
o 810 134.41
o 538 134.46
o 537 134.46
o 536 134.56
o 535 134.56
o 534 134.56
o 533 134.56
o 532 134.56
o 527 134.85
o 526 224.95
o 520 225
o 519 261.71
o 518 261.71
o 517 261.72
o 516 261.72
o 463 261.8
aes-sbox_8
o 810 95.88
o 533 95.92
o 532 96.07
o 531 96.07
o 528 100.13
o 527 100.13
aes-sbox_8
o 810 113.72
o 548 113.77
o 547 113.77
o 546 113.77
o 537 113.82
o 536 113.82
o 535 113.82
o 534 113.82
o 533 113.91
o 532 113.91
o 531 113.91
o 530 115.46
o 529 115.46
o 528 115.46
o 527 115.46
o 526 115.46
o 525 115.46
aes-sbox_8
o 810 109.36
o 548 109.41
o 547 109.41
o 546 109.41
o 524 109.46
o 523 109.46
aes-sbox_8
o 810 103.41
o 540 103.46
o 539 103.46
o 538 103.46
o 521 103.51
o 520 103.51
o 519 103.51
aes-sbox_8
o 810 97.3
o 566 97.34
o 565 97.34
o 528 97.39
o 527 97.39
o 526 114.53
o 525 132.34
o 524 132.34
o 523 132.34
o 522 132.34
o 521 132.34
o 520 132.34
o 519 132.34
o 518 132.41
aes-sbox_8
o 810 94.93
o 549 94.97
o 548 94.97
o 536 95.02
o 535 95.02
o 534 95.02
o 533 95.3
o 532 98.94
o 529 115.08
o 521 127.46
o 515 146.94
aes-sbox_8
o 810 116.29
o 542 116.34
o 541 116.34
o 529 116.54
o 528 164.46
o 525 208.16
o 524 243.08
