fault-diagnosis-s38584_nan_explicit_9_0
o 283 2.27
o 278 17.02
o 277 24.79
o 272 32.55
o 268 85.26
o 241 130.41
fault-diagnosis-s38584_nan_explicit_9_0
o 270 1.85
o 267 142.08
o 253 154.88
o 248 283.75
fault-diagnosis-s38584_nan_explicit_9_0
o 280 1.65
o 268 20.46
o 264 55.17
fault-diagnosis-s38584_nan_explicit_9_0
o 284 2.64
o 275 24.55
o 273 38.4
o 272 91.04
o 265 128.74
fault-diagnosis-s38584_nan_explicit_9_0
o 276 2.07
o 275 35.63
o 267 51.99
o 265 68.19
fault-diagnosis-s38584_nan_explicit_9_0
o 273 2.38
o 269 10.86
o 266 19.63
o 240 81.27
fault-diagnosis-s38584_nan_explicit_9_0
o 300 2.25
o 289 9.95
o 280 17.67
o 278 51.74
o 275 59.35
o 269 118.49
fault-diagnosis-s38584_nan_explicit_9_0
o 268 2.09
o 264 88.85
o 263 220.15
fault-diagnosis-s38584_nan_explicit_9_0
o 276 3.04
o 268 28.08
o 252 114.31
fault-diagnosis-s38584_nan_explicit_9_0
o 262 2.2
o 238 74.71
