gen-hyper-tw-GenHyperTW_dubois28
o 14 0.95
o 12 0.95
o 7 5.26
o 6 23.03
gen-hyper-tw-GenHyperTW_dubois28
o 21 1
o 9 3.23
o 8 12.58
o 7 40.41
o 6 99.2
gen-hyper-tw-GenHyperTW_dubois28
o 17 0.95
o 16 0.96
o 10 5.45
o 6 36.05
gen-hyper-tw-GenHyperTW_dubois28
o 18 1.08
o 16 1.08
o 11 5.94
o 8 12.1
o 6 65.16
gen-hyper-tw-GenHyperTW_dubois28
o 29 1.68
o 10 5.49
o 9 14.9
o 7 30.75
o 6 49
gen-hyper-tw-GenHyperTW_dubois28
o 17 1.38
o 8 6.25
o 7 29.16
o 6 37.87
o 5 73.18
gen-hyper-tw-GenHyperTW_dubois28
o 22 1.16
o 9 4.39
o 7 10
o 6 30.1
gen-hyper-tw-GenHyperTW_dubois28
o 20 1.12
o 8 5.37
o 6 10.96
o 5 145.69
gen-hyper-tw-GenHyperTW_dubois28
o 14 0.95
o 6 4.53
gen-hyper-tw-GenHyperTW_dubois28
o 20 1.08
o 10 5.68
o 9 20.61
o 7 26.23
o 6 42.34
