inconsistency-measurement-im-contension-B-3-stb_696_368.tgf.pl
o 104 0
o 102 0
o 85 0.52
o 84 1.73
o 81 2.19
o 79 4.05
o 78 22.04
o 77 22.04
o 74 22.64
o 73 42.24
inconsistency-measurement-im-contension-B-3-stb_696_368.tgf.pl
o 105 0
o 82 0.61
o 78 1.16
o 76 4.45
o 75 39.04
o 74 52.04
o 73 74.61
o 72 242.68
inconsistency-measurement-im-contension-B-3-stb_696_368.tgf.pl
o 107 0
o 104 0
o 76 0.53
o 75 40.22
o 73 238.54
inconsistency-measurement-im-contension-B-3-stb_696_368.tgf.pl
o 109 0
o 108 0
o 91 0.61
o 88 1.13
o 84 1.83
o 81 2.42
o 79 3.12
o 74 4.31
o 73 152.62
inconsistency-measurement-im-contension-B-3-stb_696_368.tgf.pl
o 102 0
o 79 0.58
o 78 6.8
o 77 6.8
o 75 37.05
o 74 43.63
o 73 54.17
inconsistency-measurement-im-contension-B-3-stb_696_368.tgf.pl
o 106 0
o 104 0
o 87 0.55
o 79 1.22
o 78 5.94
o 76 15.02
o 75 39.6
o 72 53.7
inconsistency-measurement-im-contension-B-3-stb_696_368.tgf.pl
o 102 0
o 95 0
o 94 0
o 82 0.59
o 80 4.92
o 78 6.73
o 77 10.74
o 76 27
o 73 28.27
inconsistency-measurement-im-contension-B-3-stb_696_368.tgf.pl
o 112 0
o 110 0
o 107 0
o 80 0.58
o 79 6.39
o 75 8.69
o 74 11.29
inconsistency-measurement-im-contension-B-3-stb_696_368.tgf.pl
o 105 0
o 97 0
o 83 0.56
o 82 2.27
o 79 2.83
o 78 3.41
o 77 16.96
o 75 28.26
o 73 135.11
inconsistency-measurement-im-contension-B-3-stb_696_368.tgf.pl
o 106 0
o 81 0.66
o 79 3.05
o 77 4.22
o 75 24.86
o 74 91.82
o 72 217.09
