judgment-aggregation-ja-slater-preflib-00051-00000008
o 650 0.71
o 432 0.73
o 431 0.73
o 430 0.73
o 404 0.74
o 389 0.74
o 382 0.78
o 381 0.78
o 380 0.78
o 379 0.78
o 378 0.78
o 377 0.78
o 345 56.3
o 342 56.35
judgment-aggregation-ja-slater-preflib-00051-00000008
o 680 0.66
o 452 0.68
o 407 0.69
o 406 0.69
o 405 0.69
o 404 0.69
o 402 0.69
o 399 0.71
o 369 0.73
o 368 0.73
o 344 50
o 342 50.02
judgment-aggregation-ja-slater-preflib-00051-00000008
o 592 0.76
o 422 0.77
o 406 0.81
o 397 0.81
o 396 0.81
o 395 0.81
o 394 0.83
o 393 0.83
o 388 0.84
o 387 0.84
o 371 0.87
o 370 0.87
o 369 0.87
o 344 53.91
o 343 108.67
o 342 164.27
judgment-aggregation-ja-slater-preflib-00051-00000008
o 549 0.69
o 468 0.71
o 467 0.71
o 466 0.71
o 465 0.71
o 464 0.71
o 463 0.71
o 462 0.71
o 406 0.74
o 405 0.74
o 404 0.74
o 403 0.74
o 402 0.74
o 401 0.74
o 400 0.74
o 399 0.74
o 398 0.74
o 394 0.74
o 393 0.74
o 392 0.74
o 390 0.75
o 389 0.75
o 388 0.75
o 387 0.75
o 386 0.75
o 381 0.75
o 380 0.75
o 342 57.18
judgment-aggregation-ja-slater-preflib-00051-00000008
o 661 0.8
o 448 0.84
o 447 0.84
o 446 0.84
o 404 0.87
o 403 0.87
o 402 0.87
o 401 0.87
o 400 0.87
o 399 0.87
o 398 0.87
o 397 0.87
o 396 0.87
o 395 0.87
o 394 0.88
o 393 0.88
o 387 0.88
o 368 1.02
o 343 57.96
o 342 57.99
judgment-aggregation-ja-slater-preflib-00051-00000008
o 557 0.69
o 446 0.71
o 445 0.71
o 405 0.73
o 404 0.73
o 403 0.73
o 402 0.73
o 401 0.73
o 400 0.73
o 399 0.73
o 398 0.73
o 397 0.73
o 396 0.74
o 395 0.74
o 378 0.76
o 377 0.76
o 376 0.76
o 375 0.76
o 367 0.76
o 364 0.76
o 363 0.76
o 362 0.76
o 344 56.1
o 343 56.1
judgment-aggregation-ja-slater-preflib-00051-00000008
o 618 0.69
o 423 0.71
o 422 0.71
o 421 0.73
o 416 0.74
o 415 0.74
o 414 0.74
o 380 0.74
o 379 0.74
o 378 0.74
o 377 0.74
o 344 56.82
o 343 108.93
o 342 108.93
o 341 274.96
judgment-aggregation-ja-slater-preflib-00051-00000008
o 598 0.69
o 455 0.71
o 454 0.71
o 453 0.71
o 452 0.71
o 451 0.71
o 450 0.71
o 449 0.71
o 448 0.71
o 447 0.71
o 446 0.71
o 445 0.71
o 444 0.71
o 443 0.71
o 433 0.73
o 397 0.78
o 395 0.78
o 394 0.78
o 393 0.78
o 389 0.78
o 388 0.78
o 387 0.78
o 343 53.62
o 342 53.63
o 341 110.04
judgment-aggregation-ja-slater-preflib-00051-00000008
o 569 0.76
o 450 0.78
o 438 0.81
o 434 0.81
o 373 0.81
o 372 0.81
o 371 0.81
o 370 0.81
o 369 0.81
o 368 0.81
o 342 62.44
o 341 62.45
judgment-aggregation-ja-slater-preflib-00051-00000008
o 588 0.63
o 441 0.65
o 440 0.65
o 439 0.65
o 438 0.65
o 434 0.68
o 426 0.69
o 421 0.69
o 420 0.69
o 417 0.69
o 416 0.69
o 415 0.69
o 412 0.69
o 383 0.7
o 382 0.7
o 381 0.7
o 380 0.7
o 346 57.07
o 344 57.11
o 343 112.4
o 342 171.74
o 341 280.26
