judgment-aggregation-ja-maxham-preflib-00049-00000512
o 72 0.09
o 68 9.44
o 62 33.61
judgment-aggregation-ja-maxham-preflib-00049-00000512
o 77 0.1
o 74 0.14
o 70 0.22
o 69 0.51
o 61 9.9
judgment-aggregation-ja-maxham-preflib-00049-00000512
o 72 0.09
o 70 0.11
o 69 0.12
o 63 8.24
o 62 198.56
o 61 298.3
judgment-aggregation-ja-maxham-preflib-00049-00000512
o 68 0.08
o 66 0.43
o 64 40.49
o 62 82.52
o 61 170.15
judgment-aggregation-ja-maxham-preflib-00049-00000512
o 70 0.09
o 66 8.79
o 63 81.72
o 62 81.72
judgment-aggregation-ja-maxham-preflib-00049-00000512
o 70 0.08
o 69 0.11
o 68 0.15
o 63 0.41
o 62 1.94
o 60 131.54
judgment-aggregation-ja-maxham-preflib-00049-00000512
o 71 0.09
o 70 0.18
o 66 0.24
o 64 8.47
o 63 22.58
o 62 252.6
judgment-aggregation-ja-maxham-preflib-00049-00000512
o 73 0.08
o 71 0.08
o 66 8.51
o 64 24.19
o 63 24.19
judgment-aggregation-ja-maxham-preflib-00049-00000512
o 71 0.08
o 69 0.11
o 65 0.37
o 64 11.15
o 63 53.7
o 62 81.99
o 61 138.7
judgment-aggregation-ja-maxham-preflib-00049-00000512
o 74 0.11
o 70 8.46
o 63 28.9
o 61 241.2
