min-fill-MinFill_R3_miles1000
o 2633 2.07
o 2265 33.76
o 1850 116.6
o 1835 145.81
o 1599 204.52
min-fill-MinFill_R3_miles1000
o 2809 2.49
o 2657 21.3
o 2496 39.27
o 2129 54.17
o 1388 79
min-fill-MinFill_R3_miles1000
o 2618 1.77
o 1363 34.58
min-fill-MinFill_R3_miles1000
o 2202 1.65
o 1787 29.76
o 1506 220.14
min-fill-MinFill_R3_miles1000
o 2894 2.02
o 2465 17.93
o 2051 30.53
o 1832 252.74
o 1437 293.71
min-fill-MinFill_R3_miles1000
o 2502 1.65
o 2087 16.57
o 1820 49.73
o 1698 115.38
min-fill-MinFill_R3_miles1000
o 2059 1.57
o 1415 62.76
min-fill-MinFill_R3_miles1000
o 2493 1.71
o 2195 14.62
o 1712 45.48
o 1341 166.14
min-fill-MinFill_R3_miles1000
o 2175 2.09
o 1743 68.83
o 1672 150.69
min-fill-MinFill_R3_miles1000
o 3098 1.85
o 2987 17.11
o 2458 31.12
o 2441 59.9
o 1622 86.24
