optimizing-BDDs-vote-un-wcnf_incomplete_improved_1_2019_8
o 34 0.21
o 25 0.21
o 18 2.33
o 16 4.07
o 12 11.03
o 10 28.88
o 9 140.42
o 6 176.85
optimizing-BDDs-vote-un-wcnf_incomplete_improved_1_2019_8
o 63 0.21
o 9 1.93
o 8 73.24
o 7 244
o 6 263.87
optimizing-BDDs-vote-un-wcnf_incomplete_improved_1_2019_8
o 60 0.17
o 17 1.82
o 15 4.15
o 14 16.65
o 13 16.65
o 11 43.53
o 10 134.78
o 8 189.95
optimizing-BDDs-vote-un-wcnf_incomplete_improved_1_2019_8
o 60 0.21
o 16 1.32
o 15 6.92
o 13 14.47
o 8 60.24
o 7 186.58
o 6 186.58
optimizing-BDDs-vote-un-wcnf_incomplete_improved_1_2019_8
o 29 0.22
o 18 1.43
o 16 3.49
o 11 5.72
o 9 34.93
o 8 69.78
optimizing-BDDs-vote-un-wcnf_incomplete_improved_1_2019_8
o 82 0.26
o 18 1.53
o 16 2.57
o 15 5.29
o 14 11.34
o 13 20.76
o 10 28.33
o 8 272.55
optimizing-BDDs-vote-un-wcnf_incomplete_improved_1_2019_8
o 48 0.16
o 17 1.94
o 14 3.04
o 12 8.41
o 11 11.4
o 10 12.93
o 9 33.17
o 6 181.38
optimizing-BDDs-vote-un-wcnf_incomplete_improved_1_2019_8
o 25 0.22
o 17 1.62
o 9 2.69
o 8 122.18
optimizing-BDDs-vote-un-wcnf_incomplete_improved_1_2019_8
o 34 0.21
o 29 0.21
o 11 1.62
o 10 1.62
o 9 297.02
optimizing-BDDs-vote-un-wcnf_incomplete_improved_1_2019_8
o 21 0.19
o 16 1.25
o 15 8.13
o 14 11.98
o 13 16.67
o 11 29.18
o 10 134.82
o 9 162.19
o 7 213.42
