setcover-sts-data.405
o 357 0
o 356 0
o 355 0
o 352 0
o 351 0
o 350 0
o 349 0.01
o 348 0.01
o 347 0.01
o 345 0.02
o 344 0.14
o 343 0.89
setcover-sts-data.405
o 357 0.01
o 353 0.02
o 349 0.02
o 348 0.02
o 347 0.02
o 345 0.03
o 343 0.07
o 342 0.58
o 341 0.58
setcover-sts-data.405
o 357 0.01
o 351 0.01
o 350 0.01
o 349 0.01
o 348 0.01
o 347 0.01
o 346 0.01
o 345 0.02
o 344 0.11
o 342 2.55
setcover-sts-data.405
o 357 0.01
o 355 0.01
o 354 0.01
o 353 0.01
o 352 0.01
o 351 0.01
o 350 0.01
o 349 0.01
o 348 0.01
o 346 0.01
o 345 0.01
o 344 0.04
o 343 0.28
o 342 5.18
setcover-sts-data.405
o 357 0.01
o 351 0.01
o 349 0.01
o 348 0.01
o 347 0.01
o 346 0.02
o 345 0.04
o 344 0.04
o 343 0.39
o 342 15.69
setcover-sts-data.405
o 357 0
o 351 0.01
o 350 0.01
o 348 0.01
o 347 0.01
o 346 0.02
o 345 0.05
o 342 0.1
setcover-sts-data.405
o 357 0
o 353 0.01
o 352 0.01
o 351 0.01
o 349 0.01
o 348 0.01
o 347 0.01
o 345 0.02
o 344 0.11
o 343 0.14
o 342 2.58
setcover-sts-data.405
o 357 0.01
o 354 0.01
o 350 0.01
o 349 0.01
o 348 0.01
o 347 0.01
o 346 0.01
o 345 0.01
o 344 0.01
o 343 0.08
o 342 11.28
setcover-sts-data.405
o 357 0.01
o 353 0.01
o 352 0.01
o 351 0.01
o 350 0.01
o 349 0.01
o 347 0.01
o 346 0.01
o 345 0.01
o 344 0.03
o 343 0.1
o 342 3.51
setcover-sts-data.405
o 357 0
o 354 0.01
o 353 0.01
o 352 0.01
o 351 0.01
o 350 0.01
o 349 0.02
o 348 0.02
o 347 0.04
o 344 0.07
o 343 0.31
o 342 0.4
