xai-mindset2-cleve
o 431 0.87
o 329 11.77
o 270 11.77
o 269 11.77
o 268 11.77
o 267 11.77
o 266 11.77
o 265 11.77
o 264 11.77
o 263 11.77
o 261 11.77
o 260 11.77
o 259 11.77
o 258 11.78
o 257 11.79
o 256 198.72
o 255 198.72
o 254 213.1
o 253 213.11
o 252 246.65
o 251 246.65
o 250 246.65
o 249 246.65
xai-mindset2-cleve
o 442 0.77
o 395 0.77
o 349 13.14
o 293 13.14
o 292 13.14
o 287 13.14
o 286 13.14
o 284 13.15
o 283 13.15
o 282 13.15
o 281 13.15
o 280 13.15
o 279 13.15
o 278 13.15
o 277 13.15
o 276 29.69
o 275 29.69
o 274 29.69
o 273 55.17
o 272 55.17
o 271 55.17
o 270 55.17
o 269 55.17
o 266 76.56
o 265 76.56
o 264 76.56
o 263 76.56
o 262 76.56
o 261 76.56
o 260 76.56
o 259 76.56
o 258 76.56
o 256 76.56
o 255 76.57
o 254 148.51
o 253 148.51
o 252 148.51
o 251 148.51
o 250 299.46
o 249 299.46
o 248 299.46
o 247 299.46
o 246 299.47
o 245 299.47
xai-mindset2-cleve
o 516 0.79
o 472 0.79
o 295 9.38
o 294 9.38
o 293 9.38
o 285 9.38
o 283 9.38
o 282 9.38
o 281 9.38
o 243 16.6
o 242 16.6
o 241 16.6
o 240 16.6
o 239 16.6
o 238 16.6
o 237 80.21
xai-mindset2-cleve
o 492 0.68
o 416 0.68
o 415 0.68
o 325 16.76
o 307 16.76
o 306 16.76
o 304 16.76
o 303 16.76
o 302 16.76
o 301 16.76
o 300 16.76
o 299 16.76
o 298 16.76
o 297 16.76
o 296 16.77
o 295 35.81
o 294 35.81
o 293 35.81
o 292 35.81
o 291 35.81
o 290 35.81
o 289 35.81
o 288 35.81
o 287 35.81
o 285 35.82
o 283 35.82
o 282 35.82
o 281 35.82
o 280 35.82
o 279 35.88
o 278 35.88
o 277 35.88
o 276 35.88
o 274 35.88
o 273 35.88
o 272 35.88
o 271 35.88
o 270 35.88
o 269 35.88
o 268 35.88
o 267 35.88
o 266 35.88
o 265 35.88
o 264 35.88
o 263 35.88
o 262 35.88
o 261 35.88
o 260 35.88
o 259 35.88
o 258 35.88
o 257 35.88
o 256 35.88
o 255 35.88
o 254 35.88
o 253 35.88
o 252 35.88
o 251 35.88
o 249 35.88
xai-mindset2-cleve
o 453 0.71
o 394 0.71
o 314 11
o 286 11
o 284 11
o 283 11
o 281 11
o 280 11
o 279 11
o 278 11
o 277 11
o 271 18.31
o 269 18.31
o 268 18.31
o 263 39.42
o 262 39.42
o 261 39.43
o 260 39.43
o 259 39.43
o 256 98.75
o 255 98.75
o 254 98.75
o 253 98.75
o 252 98.75
o 251 98.75
o 250 202.65
xai-mindset2-cleve
o 445 0.72
o 387 0.72
o 319 13.79
o 289 13.79
o 286 13.79
o 285 13.79
o 283 13.79
o 282 13.79
o 281 13.79
o 280 13.79
o 279 13.79
o 278 13.79
o 277 13.79
o 276 13.79
o 275 13.79
o 274 13.79
o 273 13.79
o 272 13.79
o 268 13.8
o 266 13.81
o 264 40.81
o 263 40.81
o 262 40.81
o 259 56.84
o 258 56.84
o 256 56.84
o 255 56.84
o 254 56.85
o 250 145.9
o 249 145.9
o 248 145.9
o 247 145.9
o 246 145.9
o 245 145.9
o 244 145.9
o 243 145.9
o 242 145.9
xai-mindset2-cleve
o 441 0.66
o 391 0.66
o 390 0.66
o 280 0.66
o 264 56.2
o 263 56.2
o 252 56.2
o 251 56.2
o 250 56.2
o 249 56.2
o 248 56.2
o 247 56.2
o 246 56.21
o 245 210.71
o 244 210.71
xai-mindset2-cleve
o 484 0.79
o 443 0.8
o 442 0.8
o 350 19.2
o 349 19.2
o 348 19.2
o 347 19.2
o 346 19.2
o 345 19.2
o 344 19.2
o 343 19.2
o 342 19.2
o 340 19.2
o 338 19.2
o 290 19.2
o 289 19.2
o 288 19.2
o 287 19.2
o 286 19.2
o 285 19.2
o 284 19.2
o 282 19.2
o 281 19.2
o 280 19.2
o 279 19.21
o 278 19.21
o 277 19.21
o 250 69.46
o 249 69.46
o 246 69.46
o 245 69.46
o 244 69.47
xai-mindset2-cleve
o 445 0.72
o 391 0.72
o 312 10.3
o 311 10.3
o 305 10.3
o 303 10.3
o 302 10.3
o 301 10.3
o 293 10.3
o 291 10.3
o 290 10.3
o 289 10.3
o 288 10.3
o 287 10.3
o 286 10.3
o 285 10.3
o 283 10.31
o 282 10.31
o 281 10.31
o 280 10.31
o 279 10.31
o 278 10.31
o 277 70.89
o 276 70.89
o 275 70.89
o 274 70.89
o 273 70.89
o 272 70.89
o 271 70.89
o 270 70.89
o 249 70.89
o 248 70.89
o 247 70.89
o 246 70.89
o 245 96.46
xai-mindset2-cleve
o 467 0.72
o 432 0.72
o 431 0.72
o 275 20.63
o 274 20.63
o 258 20.63
o 257 20.63
o 256 20.63
o 254 20.63
o 252 20.63
o 251 112.95
o 249 136.68
o 248 136.68
o 247 136.68
o 246 136.68
o 245 136.68
o 244 136.68
o 243 136.68
o 238 136.68
o 237 136.68
