abstraction-refinement-polysite-pmd
o 217768 37.75
o 213583 37.76
o 213582 37.77
o 213581 37.8
o 213580 37.8
o 209431 37.97
o 205257 38.33
o 205256 38.34
o 205253 38.35
o 205239 38.49
o 205237 38.51
o 205236 38.55
o 205235 38.55
o 205233 38.77
o 205232 38.8
o 205231 38.81
o 201051 38.94
o 201050 38.94
o 201049 38.99
o 201043 39.02
o 201042 39.23
o 201041 49.59
o 201039 49.6
o 192710 66.62
o 192709 66.64
o 192707 67.13
o 192705 67.64
o 192703 67.86
o 192702 67.9
o 192701 67.9
o 192700 69.74
o 192699 69.74
o 192698 69.75
o 192697 71.32
o 192696 73.17
o 192695 73.18
o 192694 74.99
o 192693 75
o 192692 75.01
o 192689 75.02
o 192688 78.08
o 192687 78.08
o 192686 78.09
o 192685 78.09
o 192684 78.1
o 192683 78.1
o 192682 78.11
o 188514 85.79
o 188513 85.79
o 188512 85.8
o 188511 85.81
o 188510 85.83
o 188509 85.83
o 188508 86.07
o 188507 86.08
o 188505 86.85
o 188504 87.97
o 188503 87.98
o 188501 111.01
o 188500 111.01
o 188499 111.02
o 188498 111.03
o 188497 111.04
o 188496 111.04
o 188495 111.05
o 188494 111.05
o 188493 111.06
o 188492 111.06
o 188491 111.83
abstraction-refinement-polysite-pmd
o 209403 28.75
o 201033 28.87
o 201032 28.89
o 201031 28.9
o 192718 44.57
o 192716 44.59
o 192715 44.65
o 192714 44.75
o 192713 44.76
o 192712 44.77
o 192711 44.77
o 192710 44.78
o 192709 44.79
o 192708 44.8
o 192707 44.8
o 192706 44.81
o 192705 44.81
o 192704 47.33
o 192703 47.34
o 192702 47.34
o 192701 54.84
o 192700 54.85
o 188518 81
o 188517 81.03
o 188516 81.04
o 188515 81.05
o 188514 81.07
o 188513 81.07
o 188512 81.25
o 188511 81.26
o 188510 81.26
o 188509 81.46
o 188508 81.46
o 188507 81.58
o 188506 81.59
o 188505 81.59
o 188504 81.6
o 188503 81.6
o 188500 81.69
o 188499 81.7
o 188498 81.7
o 188497 81.71
o 188496 82.04
o 188495 82.04
o 188494 82.06
o 188493 130.55
o 188492 130.55
o 188491 130.56
o 188490 130.57
o 188489 130.57
o 188488 131.08
o 188483 210.53
o 188482 210.54
o 188481 210.54
o 188479 210.55
o 188478 210.6
o 188477 210.97
o 188476 210.98
o 188475 210.98
o 188472 211.14
o 188470 212.24
o 188469 212.25
abstraction-refinement-polysite-pmd
o 213605 29.49
o 213604 29.49
o 205240 30.12
o 205239 30.13
o 201054 30.89
o 201053 30.97
o 201052 30.97
o 201051 30.99
o 201050 31
o 201049 31
o 201048 31.01
o 201047 31.03
o 201044 31.37
o 201043 32.83
o 201042 33.17
o 201041 33.17
o 196896 47.48
o 196895 47.49
o 196894 47.49
o 196893 47.49
o 196890 47.5
o 196889 48.64
o 196888 48.64
o 196887 48.65
o 196886 48.65
o 196884 48.66
o 196883 48.66
o 196882 50.39
o 196881 50.39
o 196879 50.4
o 196878 52.38
o 196877 52.38
o 192710 53.27
o 192709 53.27
o 192708 53.28
o 192705 53.29
o 192702 53.3
o 192701 53.3
o 192699 53.31
o 192698 53.35
o 192697 53.56
o 188515 73.87
o 188514 73.88
o 188513 73.89
o 188512 73.89
o 188511 73.9
o 188509 74.64
o 188508 74.65
o 188507 74.7
o 188506 74.71
o 188505 74.72
o 188504 74.73
o 188503 74.73
o 188502 74.75
o 188501 74.75
o 188500 74.76
o 188499 75.87
o 188498 76.2
o 188497 76.21
abstraction-refinement-polysite-pmd
o 213593 31.7
o 205217 31.83
o 201044 32.55
o 201043 32.62
o 201042 32.63
o 201041 32.64
o 201039 33.1
o 201038 33.11
o 201037 33.15
o 201036 33.16
o 196871 36.39
o 196870 36.39
o 196868 36.4
o 196867 36.42
o 196866 36.43
o 196865 36.43
o 196864 36.72
o 196863 36.73
o 196861 36.75
o 196860 36.76
o 196857 36.88
o 196856 37.18
o 196853 37.2
o 196852 37.45
o 192715 53.9
o 192714 53.91
o 192713 53.93
o 192712 53.94
o 192711 53.94
o 192707 53.96
o 192706 53.97
o 192705 53.99
o 192704 54.55
o 192703 54.56
o 192702 54.56
o 188536 82.01
o 188535 82.02
o 188534 82.02
o 188530 82.06
o 188529 82.07
o 188528 82.08
o 188527 82.09
o 188526 82.09
o 188525 82.1
o 188522 144.55
o 188515 144.84
o 188514 144.85
o 188513 144.86
o 188512 144.86
o 188509 144.88
o 188508 144.88
o 188506 145.14
o 188501 145.17
o 188500 145.17
o 188499 145.18
o 188498 145.19
o 188497 145.19
abstraction-refinement-polysite-pmd
o 213601 31.73
o 209421 31.75
o 209420 31.75
o 205236 31.76
o 201052 31.77
o 201051 31.89
o 201050 32.58
o 201049 32.98
o 201048 32.98
o 201047 32.99
o 201046 33
o 201045 33.03
o 201044 33.04
o 196886 34.07
o 196882 34.07
o 196878 34.1
o 196877 34.48
o 196874 35.05
o 196873 35.07
o 196871 35.09
o 196870 38.27
o 196869 38.38
o 196868 38.39
o 192698 38.64
o 192694 38.65
o 192692 42.76
o 192691 42.77
o 192690 43.72
o 188543 56.72
o 188540 56.73
o 188539 56.74
o 188533 78.74
o 188532 78.74
o 188531 78.75
o 188530 78.75
o 188529 78.76
o 188528 78.77
o 188527 78.78
o 188526 78.79
o 188525 78.79
o 188520 78.92
o 188519 78.93
o 188518 78.94
o 188517 78.94
o 188515 78.95
o 188514 78.95
o 188507 122.66
o 188506 122.67
o 188505 122.67
o 188504 122.67
o 188502 122.71
o 188501 122.72
o 188500 122.72
o 188499 122.73
o 188498 122.73
o 188497 122.73
o 188496 122.74
o 188495 122.74
o 188494 122.75
o 188493 122.75
o 188492 252.35
o 188491 252.36
o 188490 252.36
o 188489 252.37
o 188488 252.37
o 188487 252.38
o 188482 252.38
o 188481 252.38
o 188480 252.39
o 188479 252.92
o 188478 252.93
o 188477 254.03
o 188476 254.04
o 188475 254.05
abstraction-refinement-polysite-pmd
o 217808 27.64
o 213622 27.65
o 209437 27.66
o 209436 27.67
o 205249 27.7
o 201087 28.92
o 201086 28.92
o 201085 29.01
o 201084 29.02
o 201083 29.02
o 201077 29.04
o 201076 29.05
o 201075 29.06
o 201072 29.08
o 201071 29.16
o 196989 29.87
o 196988 29.87
o 196987 29.88
o 196986 29.88
o 196985 29.89
o 196984 29.89
o 196983 29.9
o 196982 29.9
o 196981 29.91
o 196980 29.91
o 196979 29.92
o 196978 29.92
o 196977 29.93
o 196976 29.93
o 196975 29.94
o 196974 29.94
o 196973 29.95
o 196972 29.95
o 196971 29.96
o 196970 29.96
o 196969 29.97
o 196968 29.97
o 196967 29.98
o 196966 29.98
o 196965 29.98
o 196964 29.99
o 196963 29.99
o 196962 30
o 196961 30
o 196960 30.01
o 196959 30.01
o 196958 30.02
o 196957 30.02
o 196956 30.03
o 196955 30.03
o 196954 30.04
o 196953 30.04
o 196952 30.05
o 196951 30.05
o 196950 30.06
o 196949 30.06
o 196948 30.07
o 196947 30.07
o 196946 30.08
o 196945 30.08
o 196944 30.09
o 196943 30.09
o 196942 30.1
o 196941 30.1
o 196895 30.13
o 196894 30.14
o 196893 30.25
o 196889 30.5
o 196888 30.52
o 196885 30.53
o 192730 47.57
o 192729 47.58
o 192727 47.73
o 192726 47.74
o 192725 47.75
o 192724 47.79
o 192723 47.8
o 192722 48.9
o 188555 52.11
o 188553 52.2
o 188548 52.27
o 188547 52.28
o 188546 61.92
o 188545 61.94
o 188544 61.94
o 188543 89.15
o 188542 89.16
o 188538 89.57
o 188537 90.63
o 188536 90.64
o 188533 90.65
o 188532 90.66
o 188530 91.55
o 188529 91.55
o 188528 91.56
o 188527 91.57
o 188526 95.52
o 188525 98.76
o 188514 125.35
o 188513 125.37
o 188512 125.38
o 188511 125.38
o 188509 125.39
o 188508 125.41
o 188507 125.79
o 188506 125.8
o 188505 125.81
o 188504 125.81
o 188503 203.09
o 188502 203.1
o 188500 203.13
o 188498 203.4
o 188497 203.4
o 188496 203.41
o 188495 203.54
abstraction-refinement-polysite-pmd
o 209444 29.46
o 209443 29.75
o 209442 29.75
o 209441 29.76
o 205259 29.77
o 205258 29.79
o 201101 30.07
o 201092 30.1
o 201088 30.12
o 201087 30.68
o 201086 30.69
o 201085 30.7
o 201082 30.71
o 201081 30.98
o 201080 30.98
o 196899 31.33
o 196891 31.42
o 196890 33.68
o 196889 33.69
o 196888 33.69
o 196887 33.7
o 196886 33.93
o 196885 33.94
o 196884 33.95
o 196882 35.41
o 196881 37.47
o 196880 37.61
o 196879 37.66
o 196878 37.66
o 196877 45.54
o 196876 45.54
o 196875 48.85
o 196874 49.15
o 196873 51.93
o 196872 55.64
o 188551 94.61
o 188550 94.62
o 188549 94.62
o 188543 94.97
o 188542 96.18
o 188540 96.42
o 188539 96.49
o 188538 96.5
o 188537 96.57
o 188536 96.57
o 188535 96.58
o 188534 96.7
o 188533 97.01
o 188532 97.03
o 188531 102.93
o 188529 103.2
o 188528 103.2
o 188527 104.21
o 188526 104.22
o 188525 104.22
o 188524 104.23
o 188523 116.74
o 188522 118.96
o 188521 119.39
o 188519 128.57
o 188499 152.62
o 188498 152.63
o 188497 152.63
o 188496 152.63
o 188495 152.64
o 188494 152.64
o 188493 152.65
o 188492 152.67
o 188491 152.81
abstraction-refinement-polysite-pmd
o 209423 28.4
o 205238 28.41
o 205237 28.42
o 205236 28.42
o 201048 28.47
o 201047 29.03
o 201046 29.03
o 201045 29.05
o 196869 29.61
o 196868 29.61
o 196867 29.62
o 196866 29.62
o 196865 29.63
o 196863 29.67
o 196862 29.68
o 188515 63.33
o 188514 63.34
o 188513 63.43
o 188512 63.44
o 188511 63.46
o 188510 63.51
o 188509 63.52
o 188508 63.52
o 188507 63.52
o 188506 63.62
o 188505 63.62
o 188504 63.63
o 188503 84.74
o 188501 84.92
o 188494 105.01
o 188493 105.01
o 188492 105.04
o 188491 105.7
o 188487 105.7
o 188486 105.71
o 188485 108.7
o 188484 110.33
o 188483 110.33
o 188482 110.33
o 188481 110.34
o 188480 110.34
o 188479 111.1
o 188478 111.1
o 188477 111.6
o 188476 111.61
o 188475 111.61
o 188474 111.62
abstraction-refinement-polysite-pmd
o 205259 34.24
o 201060 34.37
o 201059 34.38
o 201058 34.38
o 201057 34.39
o 201056 34.39
o 201055 34.4
o 201054 34.4
o 201053 34.41
o 201052 34.41
o 201051 34.42
o 201050 34.42
o 201049 34.42
o 201048 34.43
o 201047 34.44
o 196882 35.24
o 196881 35.25
o 196878 35.28
o 196876 35.33
o 196874 35.35
o 196873 35.53
o 196871 35.88
o 196870 35.96
o 196869 35.96
o 196868 35.97
o 196867 35.97
o 188532 80.68
o 188531 80.68
o 188530 80.7
o 188529 80.71
o 188528 80.71
o 188527 80.72
o 188526 80.74
o 188525 80.74
o 188524 80.75
o 188523 80.75
o 188522 80.75
o 188506 100.03
o 188505 100.03
o 188502 100.05
o 188501 100.05
o 188500 100.05
o 188499 100.07
o 188498 100.07
o 188497 100.07
o 188489 100.74
o 188488 100.74
o 188487 100.75
o 188486 100.78
o 188485 100.79
abstraction-refinement-polysite-pmd
o 209404 31
o 205239 31.17
o 205237 31.27
o 205231 31.5
o 205230 31.5
o 201061 32.4
o 201060 32.42
o 201058 32.63
o 201055 32.64
o 201054 32.7
o 201053 32.71
o 201047 32.84
o 201046 32.85
o 196944 48.21
o 196943 48.21
o 196942 48.22
o 196941 48.22
o 196940 48.22
o 196939 48.23
o 196938 48.23
o 196937 48.24
o 196936 48.25
o 196934 48.38
o 196933 48.39
o 196932 48.4
o 196930 48.43
o 196929 48.43
o 196928 48.45
o 196927 48.92
o 196926 48.92
o 196925 48.94
o 196924 49.65
o 196919 49.97
o 196917 50.24
o 196915 50.39
o 196914 50.93
o 196911 57.47
o 196910 59.71
o 196909 59.71
o 196908 59.72
o 196907 59.72
o 196906 62.25
o 196905 62.26
o 196903 64.79
o 196902 64.79
o 196901 64.8
o 196900 64.81
o 196899 67.75
o 188518 91.27
o 188517 91.28
o 188516 91.28
o 188515 91.28
o 188514 91.29
o 188513 91.3
o 188501 136.61
o 188500 136.62
o 188495 158.4
o 188494 158.41
o 188493 158.41
o 188492 158.42
o 188491 158.42
o 188490 158.42
o 188487 158.63
o 188486 158.69
