abstraction-refinement-downcast-avrora
o 46820 14.31
o 46768 16.26
o 46767 16.61
o 46766 18.67
o 46765 18.68
o 46764 19.1
o 46763 19.39
o 46762 19.42
o 46761 19.89
o 46760 19.95
o 46759 24.1
o 46758 24.11
o 46757 24.11
o 46754 24.12
o 46752 24.14
o 46751 24.15
o 46749 24.17
o 46748 24.23
o 46747 24.29
o 46746 24.47
o 46745 25.25
o 46744 35.38
o 46743 53.94
o 46742 54.64
o 46741 74.54
o 46740 74.57
o 46739 74.89
o 46738 74.92
o 46737 75.2
o 46736 75.29
o 46735 75.76
o 46734 76.13
o 46733 79.73
o 46732 79.75
o 46731 80.62
o 46730 83.09
o 46729 83.24
o 46728 101.62
o 46727 102.09
o 46726 102.13
o 46725 111.97
o 46723 235.58
o 46722 235.59
o 46721 235.6
o 46720 235.61
o 46719 235.64
o 46717 235.74
o 46716 235.76
o 46715 235.76
o 46714 235.82
o 46713 235.87
o 46712 235.91
o 46711 235.95
o 46710 235.96
o 46709 237.8
o 46708 288.2
o 46707 289.45
o 46706 289.61
o 46705 296.63
abstraction-refinement-downcast-avrora
o 46788 15.43
o 46787 15.43
o 46786 15.43
o 46785 15.44
o 46783 15.45
o 46775 15.47
o 46772 15.48
o 46770 15.49
o 46769 15.5
o 46767 15.51
o 46766 15.55
o 46765 15.58
o 46764 15.58
o 46763 15.61
o 46761 15.78
o 46760 15.8
o 46759 15.81
o 46758 15.89
o 46757 15.89
o 46756 15.95
o 46755 16
o 46753 16.06
o 46748 16.08
o 46746 16.09
o 46745 16.24
o 46744 16.3
o 46743 16.3
o 46742 16.33
o 46741 17.26
o 46740 17.3
o 46739 17.32
o 46738 17.89
o 46737 17.98
o 46736 19.47
o 46735 19.49
o 46734 19.49
o 46733 20.59
o 46732 20.59
o 46731 20.6
o 46730 20.64
o 46729 20.84
o 46728 21.27
o 46727 136.95
o 46726 136.96
o 46724 136.99
o 46723 137
o 46722 137.01
o 46721 137.02
o 46720 137.2
o 46719 137.25
o 46718 137.26
o 46717 137.29
o 46716 137.31
o 46715 137.49
o 46714 137.78
o 46713 137.79
o 46712 137.79
o 46711 138.01
o 46710 138.05
o 46709 138.08
abstraction-refinement-downcast-avrora
o 46761 16.5
o 46759 16.52
o 46748 16.54
o 46747 16.54
o 46741 16.56
o 46739 16.57
o 46738 16.62
o 46737 16.62
o 46736 16.64
o 46734 16.65
o 46730 16.67
o 46729 16.68
o 46728 16.72
o 46727 16.72
o 46726 16.73
o 46725 16.77
o 46724 17.13
o 46723 17.14
o 46721 17.2
o 46720 17.96
o 46719 18.13
o 46717 18.47
o 46716 21.65
o 46715 21.72
o 46714 62.17
o 46713 63.29
o 46712 63.61
o 46711 65.92
o 46710 65.94
o 46707 71.79
abstraction-refinement-downcast-avrora
o 46763 18.44
o 46762 18.45
o 46759 18.46
o 46758 18.49
o 46757 18.5
o 46755 18.53
o 46754 18.55
o 46753 18.62
o 46752 18.62
o 46751 18.65
o 46750 18.69
o 46749 18.7
o 46748 18.71
o 46747 18.76
o 46746 19.13
o 46745 19.14
o 46744 19.42
o 46743 19.58
o 46742 21.25
o 46741 22.09
o 46740 22.85
o 46719 85.31
o 46716 85.36
o 46715 85.37
o 46714 85.38
o 46713 85.38
o 46712 85.4
o 46711 85.44
o 46710 85.56
o 46709 85.56
o 46708 85.69
o 46707 85.79
o 46706 86
o 46703 86.22
o 46702 86.25
abstraction-refinement-downcast-avrora
o 46748 16.71
o 46747 16.71
o 46746 16.72
o 46745 16.73
o 46739 16.73
o 46738 16.74
o 46734 16.75
o 46733 16.76
o 46732 16.78
o 46731 16.79
o 46730 16.83
o 46729 16.95
o 46728 16.96
o 46726 17.06
o 46725 17.07
o 46724 17.08
o 46723 17.18
o 46722 17.3
o 46721 17.39
o 46720 17.4
o 46719 17.41
o 46718 17.43
o 46717 17.67
o 46716 17.82
o 46715 18.52
o 46714 18.55
o 46713 187.67
o 46712 187.75
o 46711 187.83
o 46710 187.84
o 46709 187.84
o 46708 187.87
o 46707 187.95
o 46706 187.98
abstraction-refinement-downcast-avrora
o 46758 15.32
o 46757 15.32
o 46756 15.33
o 46741 15.34
o 46740 15.35
o 46736 15.35
o 46735 15.36
o 46734 15.36
o 46729 15.38
o 46728 15.39
o 46727 15.39
o 46723 15.51
o 46721 15.71
o 46720 21.8
o 46719 21.8
o 46718 21.81
o 46717 26.6
o 46716 26.7
o 46715 28.94
o 46714 30.36
o 46713 32.75
o 46712 33.23
o 46711 36.47
abstraction-refinement-downcast-avrora
o 46793 14.15
o 46792 14.15
o 46791 14.15
o 46745 14.17
o 46737 14.18
o 46736 14.19
o 46735 14.19
o 46728 14.2
o 46726 14.21
o 46725 14.21
o 46724 14.22
o 46723 14.25
o 46722 14.25
o 46719 14.26
o 46718 14.27
o 46717 14.29
o 46716 14.31
o 46715 14.33
o 46713 14.54
o 46712 163.03
o 46710 163.05
o 46709 163.44
abstraction-refinement-downcast-avrora
o 46783 15.21
o 46782 15.21
o 46777 15.24
o 46776 15.24
o 46775 15.25
o 46756 15.26
o 46750 15.27
o 46749 15.31
o 46747 15.34
o 46746 15.35
o 46745 15.37
o 46744 15.37
o 46741 15.48
o 46740 15.49
o 46737 15.59
o 46736 15.61
o 46735 15.62
o 46734 16.12
o 46733 16.13
o 46731 16.27
o 46730 16.7
o 46729 16.75
o 46728 16.75
o 46727 18.16
o 46726 18.19
o 46725 18.21
o 46724 19.95
o 46723 19.96
o 46722 63.7
o 46721 63.71
o 46720 63.97
o 46719 63.98
o 46718 64.23
o 46717 64.24
o 46716 64.41
o 46715 64.41
o 46714 64.46
o 46713 64.56
o 46712 64.57
o 46711 160.48
o 46710 263.04
o 46709 263.09
o 46708 263.21
o 46707 263.21
o 46706 263.21
o 46705 263.24
o 46704 263.25
o 46703 263.54
abstraction-refinement-downcast-avrora
o 46821 16.41
o 46820 16.41
o 46815 16.43
o 46814 16.43
o 46813 16.44
o 46812 16.54
o 46811 16.59
o 46808 16.6
o 46807 16.66
o 46806 16.67
o 46805 16.74
o 46802 16.8
o 46800 16.82
o 46797 16.93
o 46796 17.19
o 46795 17.29
o 46794 17.29
o 46793 17.3
o 46792 17.32
o 46791 17.33
o 46790 17.38
o 46789 17.52
o 46786 17.64
o 46784 17.96
o 46783 17.97
o 46782 18.01
o 46781 18.02
o 46780 18.8
o 46779 20.67
o 46778 23.48
o 46777 23.52
o 46776 23.64
o 46775 23.64
o 46774 23.82
o 46773 23.83
o 46772 26.86
o 46771 27.09
o 46770 27.1
o 46769 31.98
o 46768 32.63
o 46767 32.78
o 46766 33.45
o 46762 35.67
o 46761 73.83
o 46727 100.95
o 46726 100.95
o 46721 100.97
o 46720 101
o 46719 101.04
o 46718 101.06
o 46717 101.06
o 46716 101.07
o 46714 101.13
o 46713 101.13
o 46712 101.22
o 46710 101.25
o 46709 101.29
o 46708 101.3
o 46707 101.56
o 46706 101.57
o 46705 101.67
o 46704 101.68
o 46703 101.69
o 46702 102.04
abstraction-refinement-downcast-avrora
o 46835 16.6
o 46834 16.61
o 46769 16.64
o 46768 16.65
o 46767 16.73
o 46765 16.75
o 46764 16.77
o 46763 16.92
o 46762 16.92
o 46759 16.93
o 46758 16.96
o 46756 17.19
o 46755 17.2
o 46754 17.21
o 46753 17.24
o 46751 17.28
o 46750 17.3
o 46749 17.4
o 46748 17.4
o 46747 17.48
o 46746 18.02
o 46745 18.06
o 46744 19.09
o 46743 19.56
o 46742 20.38
o 46741 20.82
o 46740 33.91
o 46739 35
o 46738 38.12
o 46736 268.62
o 46735 268.75
