causal-discovery-causal_carpo_8_1000
o 4594492 1.56
o 3601179 74.62
o 3469456 294.99
causal-discovery-causal_carpo_8_1000
o 4594492 2.11
o 4571227 22.54
o 4545232 23.25
o 4499556 223.64
o 4339242 224.75
o 4296021 225.65
causal-discovery-causal_carpo_8_1000
o 4594492 1.71
o 4496914 33.47
o 3469456 52.71
causal-discovery-causal_carpo_8_1000
o 4594492 1.4
o 4593588 23.34
o 4584110 46.77
o 4563342 161.58
o 4508459 161.61
causal-discovery-causal_carpo_8_1000
o 4594492 1.4
o 4464635 61.6
o 4078133 70.77
causal-discovery-causal_carpo_8_1000
o 4594492 1.11
o 4591211 99.8
o 4586269 150.55
o 4579390 150.65
o 4573602 170.57
o 4535596 213.17
causal-discovery-causal_carpo_8_1000
o 4594492 2.1
o 4571119 48.56
o 4121821 147.45
causal-discovery-causal_carpo_8_1000
o 4594492 1.48
o 4583470 103.79
o 4566057 104.71
o 4557020 187.51
o 4257310 214.26
causal-discovery-causal_carpo_8_1000
o 4594492 1.58
o 4573602 27.94
causal-discovery-causal_carpo_8_1000
o 4594492 1.92
o 4569889 57.2
o 4547791 57.57
o 4347460 209.58
