correlation-clustering-Rounded_CorrelationClustering_Ionosphere_BINARY_N260_D0.200
o 7160105 0.45
o 7058075 0.53
o 6988178 0.53
o 6973012 0.55
o 6898094 1.26
o 6887138 4.13
correlation-clustering-Rounded_CorrelationClustering_Ionosphere_BINARY_N260_D0.200
o 7207140 0.56
o 7183921 0.56
o 6974416 1.15
o 6793587 1.38
o 6764432 1.39
o 6729968 1.39
correlation-clustering-Rounded_CorrelationClustering_Ionosphere_BINARY_N260_D0.200
o 7657457 0.45
o 7636797 0.45
o 7616214 0.45
o 7596188 0.45
o 7568531 0.45
o 7548492 0.46
o 7542109 0.47
o 7510111 0.47
o 7368875 0.56
o 7340249 1.02
o 7103298 1.07
o 7015199 1.21
o 6956506 1.21
o 6908652 2.14
o 6906723 3.03
o 6882433 3.04
o 6819142 3.07
o 6818238 3.08
o 6790674 3.09
o 6790061 11.64
o 6765442 11.65
correlation-clustering-Rounded_CorrelationClustering_Ionosphere_BINARY_N260_D0.200
o 7347924 0.64
o 7327618 0.64
o 7326103 0.66
o 7128148 0.84
o 6943909 1.35
o 6924727 1.92
o 6896610 2.83
o 6867811 2.84
o 6841334 2.84
o 6804980 5.51
o 6780198 5.62
o 6777071 19.72
o 6773113 34.51
o 6753525 34.85
correlation-clustering-Rounded_CorrelationClustering_Ionosphere_BINARY_N260_D0.200
o 7897115 0.5
o 7876455 0.5
o 7812595 0.5
o 7123965 0.6
o 7103659 0.61
o 7102144 0.61
o 7049544 2.94
o 7029238 2.94
o 6985373 4.02
o 6918351 6.62
o 6880850 6.63
o 6867804 7.95
o 6850976 7.95
o 6827590 7.96
correlation-clustering-Rounded_CorrelationClustering_Ionosphere_BINARY_N260_D0.200
o 7121720 0.74
o 7101414 0.74
o 7099648 0.74
o 7095082 0.75
o 7025185 0.75
o 6972476 0.76
o 6909405 1.24
o 6904268 1.35
o 6888257 1.36
o 6874915 1.41
o 6817657 1.56
o 6768962 1.59
o 6759057 3.91
o 6716030 3.92
correlation-clustering-Rounded_CorrelationClustering_Ionosphere_BINARY_N260_D0.200
o 7228064 0.44
o 7226298 0.44
o 7131211 0.51
o 7110551 0.52
o 7094183 1.58
o 7087006 2.14
o 7081610 2.18
o 7052527 2.36
o 7023455 3.52
o 6970427 3.53
o 6950071 3.62
o 6932154 8.04
o 6914404 8.12
o 6905510 8.12
o 6904889 13.89
o 6897336 15.24
o 6889360 15.25
o 6861796 15.25
o 6860030 15.25
o 6842685 24.21
o 6826550 25.1
o 6805422 25.73
o 6800092 26.38
o 6793076 29.17
correlation-clustering-Rounded_CorrelationClustering_Ionosphere_BINARY_N260_D0.200
o 7477845 0.46
o 7219611 0.56
o 7170177 0.56
o 7049604 0.66
o 7022040 0.66
o 7017888 1.84
o 7008564 1.84
o 6988132 1.85
o 6987028 3.93
o 6938209 4.05
o 6916845 5.72
o 6907951 5.75
o 6868435 7.21
o 6835720 7.21
o 6806453 7.23
o 6778889 7.23
o 6769995 7.3
correlation-clustering-Rounded_CorrelationClustering_Ionosphere_BINARY_N260_D0.200
o 7464161 0.37
o 7462646 0.37
o 7443855 0.38
o 7423195 0.38
o 7341788 0.38
o 7340341 0.57
o 7192292 0.58
o 7149397 0.58
o 7096265 0.61
o 7069038 0.62
o 7030539 0.62
o 7005276 0.62
o 6935760 0.65
o 6915454 0.66
o 6899845 1.68
o 6874301 1.68
o 6872259 4.65
o 6819963 4.78
o 6802660 5.52
o 6791614 6.29
o 6762501 8.82
correlation-clustering-Rounded_CorrelationClustering_Ionosphere_BINARY_N260_D0.200
o 7633501 0.52
o 7604487 0.53
o 7505029 0.61
o 7477465 0.61
o 7244942 0.61
o 7196000 0.82
o 7172540 1.01
o 7132616 1.01
o 7115805 1.04
o 7075881 2.94
o 7017135 3.12
o 7010355 3.36
o 6973395 3.38
o 6961769 3.67
o 6953094 3.75
o 6932970 3.75
o 6920398 3.94
o 6910896 4.59
o 6889100 4.59
o 6852642 4.61
o 6851717 14.64
o 6828405 14.65
o 6827185 20.27
o 6781736 20.81
o 6767846 28.68
o 6760139 30.6
o 6735694 31.67
o 6729759 33.35
o 6702015 34.25
