ParametricRBACMaintenance_mse20-role_university_multiple_0.5_4
o 449804 2.49
o 449369 2.51
o 449255 2.54
o 449184 2.57
o 449180 2.58
o 449126 2.61
o 449104 2.72
o 449103 2.72
o 449102 2.72
o 449101 2.72
o 449100 2.72
o 449086 2.72
o 449070 2.72
o 449042 2.86
o 449041 2.86
o 449040 2.86
o 449039 2.86
o 449038 2.86
o 449037 2.86
o 449036 2.86
o 443760 6.45
o 438746 6.45
o 438745 6.45
o 438744 6.45
o 438742 6.45
o 438733 6.46
o 438720 6.46
o 438719 6.46
o 438689 6.46
o 438676 6.46
o 438665 6.46
o 438656 6.46
o 438655 6.46
o 438654 6.46
o 438640 6.47
o 438628 6.47
o 438614 6.47
o 436731 6.86
o 436704 6.86
o 436691 6.86
o 431691 6.86
o 431685 6.87
o 426651 6.87
o 426639 6.87
o 426626 6.87
o 412130 7.52
o 410758 7.74
o 410757 7.74
o 410756 7.74
o 405302 7.84
o 405046 7.92
o 405033 7.92
o 405032 7.92
o 405031 7.92
o 405018 7.92
o 405017 7.92
o 405015 7.92
o 405014 7.92
o 405013 7.92
o 405012 7.92
o 384842 7.97
o 378192 8.99
o 369642 10.48
o 369636 10.48
o 369635 10.48
o 369634 10.48
o 369479 11.73
o 369478 11.73
o 369477 11.73
o 369476 11.73
o 363864 30.19
o 363863 30.19
o 363116 31
o 363111 31
o 363099 31
o 363059 31.01
o 363058 31.01
o 362905 33.34
o 362903 33.34
o 362863 33.34
o 362169 45.71
o 362158 45.72
o 362157 45.72
o 362156 45.72
o 354332 45.79
o 354331 45.79
o 354330 45.79
o 228721 120.87
o 228707 120.88
o 228421 121.53
o 228410 121.53
o 228409 121.54
o 217921 129.44
o 201886 129.97
ParametricRBACMaintenance_mse20-role_university_multiple_0.5_4
o 422576 3.32
o 419832 8.06
o 419831 8.38
o 419830 8.38
o 418822 9.05
o 418810 9.05
o 408376 9.25
o 408375 9.25
o 408364 9.25
o 408342 9.25
o 406631 9.49
o 405018 9.57
o 405011 9.57
o 393631 9.74
o 393630 9.74
o 393629 9.75
o 385458 9.88
o 385457 9.88
o 379565 12.08
o 379551 12.08
o 379550 12.08
o 377821 13.32
o 377666 22.62
o 369908 33.69
o 369907 33.69
o 369906 33.69
o 369905 33.69
o 369893 33.69
o 369892 33.69
o 369881 33.69
o 362950 45.87
o 362937 45.87
o 362936 45.87
o 361843 57.26
o 354675 82.01
o 331089 94.59
o 257392 181.31
o 257368 181.31
o 219040 182.31
o 218517 182.33
o 210907 182.33
o 210218 192.12
o 210181 192.13
o 209609 193.7
o 201921 200.61
ParametricRBACMaintenance_mse20-role_university_multiple_0.5_4
o 439801 2.23
o 439582 2.23
o 437830 6.35
o 437817 6.36
o 437808 6.36
o 437794 6.36
o 434442 6.82
o 430145 6.94
o 430144 6.94
o 424568 7.2
o 424557 7.2
o 424546 7.2
o 424545 7.2
o 424544 7.2
o 413060 7.41
o 413006 8.28
o 412993 8.29
o 412982 8.29
o 407916 8.4
o 407915 8.4
o 394158 8.77
o 394089 8.77
o 394088 8.77
o 394077 8.77
o 387007 8.85
o 386999 8.85
o 379395 8.85
o 379394 8.85
o 379380 8.85
o 379378 8.85
o 371758 8.86
o 371757 8.86
o 370954 23.03
o 370766 23.33
o 370765 23.33
o 370764 23.33
o 370763 23.33
o 370762 23.34
o 370447 30.49
o 370446 30.49
o 370436 30.49
o 370430 30.49
o 370429 30.49
o 370428 30.49
o 370427 30.49
o 370424 30.49
o 370423 30.49
o 369617 35.76
o 362354 36.45
o 362353 36.45
o 283039 103.83
o 283035 103.83
o 267905 104.41
o 267505 104.48
o 267504 104.48
o 267490 104.48
o 267487 104.48
o 267474 104.49
o 267461 104.49
o 266561 104.93
o 259314 105.36
o 259300 105.36
o 259299 105.36
o 259298 105.36
o 259297 105.36
o 259288 105.36
o 259287 105.36
o 259286 105.36
o 259285 105.36
o 243956 105.37
o 243938 105.37
o 243656 105.7
o 243655 105.7
o 243654 105.7
o 243652 105.7
o 243651 105.7
o 237358 107.63
o 236927 107.77
o 236926 107.77
o 236925 107.77
o 236924 107.77
o 236901 107.78
o 236258 108.16
o 226360 109.32
o 226359 109.32
o 217250 109.48
o 217249 109.48
o 217248 109.48
o 217236 109.49
o 217235 109.49
o 209456 110.96
o 209237 129.06
o 209224 129.06
o 202791 156.79
o 202554 264.63
o 202552 264.64
o 202551 264.64
o 202541 264.64
ParametricRBACMaintenance_mse20-role_university_multiple_0.5_4
o 429864 3.44
o 429743 3.45
o 429122 3.46
o 429025 3.47
o 428981 3.64
o 428966 3.69
o 419054 5.53
o 419050 5.53
o 419023 5.53
o 418901 5.54
o 418829 5.64
o 418714 5.64
o 418713 5.64
o 418712 5.64
o 418711 5.64
o 418710 5.64
o 418675 5.74
o 418643 5.85
o 418634 6.02
o 414142 6.07
o 414121 6.07
o 414120 6.07
o 414119 6.07
o 414118 6.07
o 414091 6.07
o 413885 6.08
o 413868 6.09
o 413815 6.12
o 413812 6.12
o 413741 6.12
o 413714 6.13
o 413637 6.41
o 413540 6.42
o 413539 6.42
o 413532 6.42
o 413424 6.52
o 401672 10.45
o 393229 11.02
o 377632 11.09
o 370022 11.09
o 370021 11.09
o 370020 11.09
o 369743 18.54
o 369742 18.54
o 363184 28.78
o 363175 28.78
o 362051 65.12
o 362045 65.12
o 355252 112.01
o 354922 116.77
o 354920 116.77
o 354919 116.77
o 354918 116.78
o 354860 116.95
o 354859 116.96
o 354858 116.96
o 354833 128.59
o 354832 128.59
o 354663 131.83
o 354571 192.83
o 354570 192.83
o 354569 192.83
o 299277 261.89
o 299275 261.89
o 267724 262.14
o 267672 262.15
o 267666 262.15
o 249281 262.93
o 249274 262.94
o 249260 262.94
o 249259 262.94
o 249254 262.94
o 225889 263.15
o 225879 263.15
o 218327 263.16
o 217888 269.6
o 210122 270.98
o 210112 270.99
o 210098 270.99
o 209919 271.93
o 209918 271.93
o 209907 271.93
o 209899 271.93
o 209896 271.94
o 209895 271.94
o 209682 272.11
o 209663 272.12
o 209458 272.68
o 209441 272.69
o 202040 273.12
ParametricRBACMaintenance_mse20-role_university_multiple_0.5_4
o 444585 3.04
o 444584 3.18
o 444555 3.19
o 444469 3.19
o 444468 3.19
o 444421 3.2
o 444190 3.23
o 439580 3.26
o 439535 3.26
o 439335 3.27
o 439234 3.28
o 439202 4.53
o 439201 4.53
o 439173 4.54
o 438966 4.62
o 434462 7.93
o 434452 7.93
o 407926 8.14
o 405705 9.82
o 405704 9.82
o 405416 10.1
o 385328 10.19
o 385327 10.19
o 385315 10.2
o 385309 10.2
o 385020 11.8
o 384957 11.81
o 384949 11.81
o 384948 11.81
o 384856 11.96
o 377272 11.98
o 369861 12.83
o 369837 33.89
o 369830 33.89
o 369829 33.89
o 369791 34.38
o 361656 39.25
o 354385 40.13
o 354368 110.29
o 315628 194.07
o 315614 194.07
o 315613 194.08
o 315612 194.08
o 315599 194.08
o 315585 194.08
o 315571 194.08
o 315557 194.08
o 315556 194.08
o 315542 194.08
o 315528 194.08
o 315527 194.08
o 315513 194.08
o 315499 194.08
o 315498 194.08
o 315497 194.08
o 315483 194.08
o 315482 194.08
o 315481 194.08
o 315468 194.08
o 260507 194.78
o 260366 194.78
o 219253 195.36
o 219252 195.36
o 219251 195.37
o 219245 195.38
o 219244 195.38
o 210725 200.32
o 210721 200.32
o 210481 200.5
o 209956 200.83
o 209552 203.67
o 209550 203.67
o 209530 204.45
o 209501 206.16
o 209496 206.17
o 209480 206.17
o 209469 206.18
ParametricRBACMaintenance_mse20-role_university_multiple_0.5_4
o 423050 2.73
o 422939 2.77
o 422938 2.77
o 422875 2.8
o 422732 3.09
o 418424 4.33
o 418245 4.33
o 418188 4.33
o 417969 4.36
o 417968 4.36
o 417868 4.37
o 417867 4.37
o 417732 4.53
o 417679 5.07
o 412295 8.46
o 412294 8.46
o 412293 8.46
o 412281 8.46
o 402334 9.02
o 402320 9.02
o 402310 9.02
o 387250 9.11
o 386460 10.49
o 378471 10.8
o 378470 10.81
o 378446 10.81
o 377363 14.76
o 369753 14.77
o 362237 16.27
o 362236 16.27
o 354244 51.77
o 354243 51.77
o 244849 128.18
o 244846 128.19
o 244828 128.19
o 244801 129.01
o 244787 129.01
o 244775 129.02
o 244763 129.02
o 244749 129.02
o 241789 130.1
o 234072 130.11
o 233193 130.6
o 232956 131
o 232946 131
o 226933 131.81
o 226932 131.81
o 226922 131.82
o 226915 131.82
o 226901 131.82
o 226894 131.82
o 219185 131.85
o 219173 131.85
o 219167 131.85
o 219163 131.86
o 219162 131.86
o 219161 131.86
o 219160 131.86
o 217975 132.24
o 217920 132.47
o 217546 133.09
o 217545 133.09
o 217544 133.09
o 217543 133.09
o 217542 133.09
o 217541 133.1
o 217429 133.94
o 217417 133.95
o 209844 134.21
o 209436 168.67
o 202055 206.27
o 202054 206.27
o 202040 206.28
o 202026 206.28
o 202010 206.29
o 201973 286.11
o 201959 286.11
o 201945 286.11
ParametricRBACMaintenance_mse20-role_university_multiple_0.5_4
o 451141 4.57
o 450763 4.61
o 445424 4.68
o 441102 6.18
o 441101 6.18
o 441082 6.19
o 441047 6.19
o 440713 6.2
o 440600 6.21
o 440599 6.78
o 440598 6.78
o 440597 6.78
o 440596 6.78
o 440562 7.09
o 440544 7.18
o 440543 7.18
o 440531 7.19
o 440512 7.42
o 440494 7.43
o 435656 7.92
o 435616 7.98
o 435615 7.98
o 435515 8.03
o 435454 8.42
o 435453 9.42
o 435452 9.42
o 435451 9.42
o 435450 9.42
o 430956 10.38
o 430947 10.39
o 430934 10.39
o 430933 10.39
o 430928 10.4
o 430919 10.4
o 430918 10.4
o 427791 11.1
o 427781 11.1
o 415970 11.94
o 415969 11.94
o 411423 12.35
o 394208 12.85
o 394207 12.85
o 394206 12.86
o 386682 12.87
o 378656 13.87
o 378340 14.02
o 378232 19.9
o 378231 19.9
o 370774 20.47
o 369750 23.84
o 369749 23.84
o 369748 23.84
o 369747 23.84
o 365517 39.64
o 365505 39.65
o 365504 39.65
o 365497 39.65
o 365496 39.65
o 365489 39.65
o 365488 39.65
o 339916 56.48
o 234606 151.93
o 234605 151.93
o 234604 151.93
o 234592 151.93
o 234579 151.95
o 234569 151.95
o 234568 151.95
o 233877 155.13
o 233876 155.13
o 225505 155.37
o 225498 155.37
o 225408 155.79
o 225359 155.8
o 225358 155.8
o 225178 156.51
o 217004 156.74
o 210366 158.23
o 210365 158.23
o 202736 158.49
o 202648 258.8
o 202169 264.29
o 201946 292.15
ParametricRBACMaintenance_mse20-role_university_multiple_0.5_4
o 432701 2.9
o 432306 2.98
o 432276 3.11
o 432262 3.12
o 427818 4.62
o 427811 4.62
o 427810 4.62
o 427528 4.64
o 427527 4.67
o 427526 4.67
o 427525 4.67
o 427524 4.67
o 427523 4.67
o 427522 4.67
o 427521 4.67
o 427520 4.67
o 427519 4.67
o 427518 4.67
o 427517 4.67
o 427516 4.67
o 427515 4.67
o 427514 4.67
o 427513 4.67
o 427512 4.67
o 427511 4.67
o 427510 4.67
o 427509 4.67
o 427508 4.67
o 427507 4.67
o 427506 4.67
o 427505 4.67
o 427504 4.67
o 427503 4.67
o 427502 4.67
o 427501 4.67
o 427500 4.67
o 427499 4.67
o 427498 4.67
o 427497 4.67
o 427496 4.67
o 427495 4.67
o 427494 4.67
o 427493 4.67
o 427492 4.67
o 427491 4.67
o 427490 4.67
o 427489 4.67
o 427488 4.67
o 427487 4.67
o 427486 4.67
o 427485 4.67
o 427484 4.67
o 427483 4.67
o 427482 4.67
o 427481 4.67
o 427480 4.67
o 427479 4.67
o 427478 4.67
o 427477 4.67
o 427476 4.67
o 427475 4.67
o 427474 4.67
o 427473 4.67
o 427472 4.67
o 427471 4.67
o 427470 4.67
o 427469 4.67
o 427468 4.67
o 427467 4.67
o 427466 4.67
o 427465 4.67
o 427464 4.67
o 427463 4.67
o 427462 4.67
o 427461 4.67
o 427460 4.67
o 427459 4.67
o 427458 4.67
o 427457 4.67
o 427456 4.67
o 427455 4.67
o 427454 4.67
o 427453 4.68
o 427452 4.68
o 427451 4.68
o 427450 4.68
o 427449 4.68
o 427448 4.68
o 427447 4.68
o 427446 4.68
o 427427 4.78
o 427426 4.78
o 427425 4.78
o 427424 4.78
o 427423 4.78
o 427422 4.81
o 427421 4.81
o 427420 4.81
o 427419 4.81
o 427418 4.81
o 427417 4.81
o 427416 4.81
o 427415 4.81
o 427414 4.81
o 427413 4.81
o 427412 4.81
o 427411 4.81
o 427410 4.81
o 427409 4.81
o 427408 4.81
o 427407 4.81
o 427406 4.81
o 427405 4.81
o 427404 4.81
o 427403 4.81
o 427402 4.81
o 427401 4.81
o 427400 4.81
o 427399 4.81
o 427398 4.81
o 427397 4.81
o 427396 4.81
o 427395 4.81
o 427394 4.81
o 427393 4.81
o 427392 4.81
o 427391 4.81
o 427390 4.81
o 427389 4.81
o 427388 4.81
o 427387 4.81
o 427386 4.81
o 427385 4.81
o 427384 4.81
o 427383 4.81
o 427382 4.81
o 427381 4.82
o 427380 4.82
o 427379 4.82
o 427378 4.82
o 427377 4.82
o 427376 4.82
o 427375 4.82
o 427374 4.82
o 427373 4.82
o 427372 4.82
o 427371 4.82
o 427370 4.82
o 427369 4.82
o 427368 4.82
o 427367 4.82
o 427366 4.82
o 427365 4.82
o 427364 4.82
o 427363 4.82
o 427362 4.82
o 427361 4.82
o 427360 4.82
o 427359 4.82
o 427358 4.82
o 427357 4.82
o 427356 4.82
o 427355 4.82
o 427354 4.82
o 427353 4.82
o 427352 4.82
o 427351 4.82
o 427350 4.82
o 427349 4.82
o 427348 4.82
o 427347 4.82
o 427346 4.82
o 427345 4.82
o 427344 4.82
o 427343 4.82
o 427342 4.82
o 427341 4.82
o 427340 4.82
o 427339 4.82
o 427338 4.82
o 427337 4.82
o 427336 4.82
o 427335 4.82
o 427334 4.82
o 427333 4.82
o 427332 4.82
o 427331 4.82
o 427330 4.82
o 427329 4.82
o 427328 4.82
o 427327 4.82
o 427326 4.82
o 427325 4.82
o 427324 4.82
o 427323 4.82
o 427322 4.82
o 427321 4.82
o 427320 4.82
o 427319 4.82
o 427318 4.82
o 427317 4.82
o 427316 4.82
o 427315 4.82
o 427314 4.82
o 427313 4.82
o 427312 4.82
o 427311 4.82
o 427310 4.82
o 427309 4.82
o 427308 4.82
o 427307 4.82
o 427306 4.82
o 427305 4.82
o 427304 4.82
o 427303 4.82
o 427302 4.82
o 427301 4.82
o 427300 4.82
o 427299 4.83
o 427298 4.83
o 427297 4.83
o 427296 4.83
o 427295 4.83
o 427267 5.64
o 427235 6.25
o 427234 6.25
o 427233 6.25
o 427231 6.25
o 427230 6.44
o 427229 6.44
o 427228 6.44
o 427227 6.44
o 427226 6.44
o 427225 6.44
o 427224 6.44
o 427223 6.44
o 427222 6.44
o 427221 6.44
o 427220 6.44
o 427219 6.44
o 427218 6.44
o 427217 6.44
o 427216 6.44
o 427215 6.44
o 427214 6.44
o 427213 6.44
o 427212 6.44
o 427211 6.44
o 427210 6.44
o 427209 6.44
o 427208 6.44
o 427207 6.44
o 427206 6.44
o 427205 6.44
o 427204 6.44
o 427203 6.44
o 427202 6.44
o 427201 6.44
o 427200 6.44
o 427199 6.44
o 427198 6.44
o 427197 6.44
o 427196 6.44
o 427195 6.44
o 427194 6.44
o 427193 6.44
o 427192 6.44
o 427191 6.44
o 427190 6.44
o 427189 6.44
o 427188 6.44
o 427187 6.56
o 427186 6.56
o 427185 6.56
o 427184 6.56
o 427183 6.56
o 427182 6.56
o 427181 6.56
o 427180 6.56
o 427179 6.56
o 427178 6.56
o 427177 6.56
o 427176 6.56
o 427175 6.56
o 427174 6.56
o 427173 6.56
o 427172 6.56
o 427171 6.56
o 427170 6.56
o 427169 6.57
o 427168 6.57
o 427167 6.57
o 427166 6.57
o 427165 6.57
o 427164 6.57
o 427163 6.57
o 427162 6.57
o 427161 6.57
o 427160 6.57
o 427159 6.57
o 427158 6.57
o 427157 6.57
o 427156 6.57
o 427155 6.57
o 427154 6.57
o 427129 6.58
o 419744 11.67
o 419734 11.67
o 419722 11.67
o 419711 11.67
o 419710 11.67
o 419709 11.67
o 402655 12.06
o 385712 15.5
o 385698 15.5
o 385697 15.5
o 385696 15.5
o 385695 15.5
o 380633 16.81
o 380632 16.81
o 380631 16.81
o 379606 19.25
o 379594 19.25
o 377584 20.56
o 369966 20.57
o 369965 20.57
o 369716 20.71
o 369660 20.71
o 369659 20.71
o 362010 21.38
o 356186 37.79
o 356173 37.79
o 355864 130.42
o 354607 179
o 354606 179
o 347002 179
o 252536 248.42
o 252523 248.42
o 252517 248.46
o 252145 248.69
o 244260 248.9
o 244246 248.9
o 233284 251.52
o 225955 251.69
o 225394 257.27
o 225185 258.05
o 225134 258.06
o 225120 258.07
o 217446 258.6
o 217435 258.6
o 217426 258.6
o 209754 265.65
o 209739 273.74
o 202103 273.74
o 201864 295
o 201863 295
o 201832 295
ParametricRBACMaintenance_mse20-role_university_multiple_0.5_4
o 419760 3.49
o 419570 3.55
o 419138 3.58
o 419109 3.71
o 419018 3.72
o 419017 3.72
o 418953 3.78
o 418912 3.79
o 418226 4.08
o 418054 4.17
o 418001 4.57
o 417935 4.69
o 417933 4.7
o 417916 5.52
o 417898 5.69
o 417866 5.7
o 417845 6.17
o 417840 6.18
o 417816 6.18
o 417759 6.3
o 414079 11.46
o 408566 11.61
o 408552 11.61
o 408551 11.61
o 408550 11.62
o 408549 11.62
o 408538 11.62
o 408537 11.62
o 408536 11.62
o 408535 11.62
o 408521 11.62
o 408520 11.62
o 408518 11.62
o 408517 11.62
o 408516 11.62
o 408502 11.62
o 408501 11.63
o 408475 11.63
o 408474 11.63
o 393280 12.27
o 393279 12.27
o 393278 12.27
o 393277 12.27
o 392953 13.21
o 377424 13.61
o 377422 13.61
o 369886 13.64
o 362065 27.37
o 354911 66.32
o 354910 66.32
o 354909 66.32
o 354210 100.73
o 354209 100.73
o 354207 100.73
o 354206 100.73
o 277137 182.7
o 277136 182.7
o 277123 182.7
o 277109 182.7
o 277095 182.7
o 244410 183.38
o 244393 183.39
o 236073 185.1
o 228478 185.1
o 228433 185.11
o 221543 186.92
o 221542 186.92
o 221541 186.92
o 221226 187.15
o 218241 189.41
o 218227 189.41
o 218216 189.42
o 210884 190.05
o 210186 196.85
o 202529 196.86
o 201854 199.71
o 201846 199.72
o 201845 199.72
o 201844 199.72
ParametricRBACMaintenance_mse20-role_university_multiple_0.5_4
o 461563 2.19
o 461368 2.2
o 460961 2.29
o 460882 2.52
o 460775 2.55
o 456197 5.58
o 425272 5.67
o 425258 5.67
o 425244 5.67
o 425234 5.67
o 425232 5.69
o 425219 5.69
o 425206 5.7
o 404840 5.79
o 401520 9.26
o 393774 9.33
o 386558 11.54
o 386544 11.54
o 386538 11.54
o 378337 12.83
o 371190 18.33
o 363254 19.61
o 339223 33.75
o 339222 33.75
o 339218 33.75
o 339217 33.75
o 234201 102.18
o 234197 102.18
o 234189 102.19
o 234183 102.19
o 234173 102.19
o 234163 102.2
o 234162 102.2
o 234150 102.2
o 234137 102.2
o 234133 102.21
o 234126 102.21
o 234125 102.21
o 234118 102.21
o 234117 102.22
o 234116 102.22
o 233929 102.23
o 233928 102.23
o 233926 102.23
o 233925 102.23
o 233924 102.23
o 233923 102.23
o 217523 102.33
o 217522 102.33
o 217521 102.33
o 217520 102.33
o 217484 102.33
o 209830 102.33
o 209824 102.36
o 209813 102.37
o 209812 102.37
o 202221 104.83
o 201920 111.14
o 201876 118.84
