gen_add_4_carry_33
o 333 0.04
o 332 0.04
o 331 0.04
o 330 0.04
o 329 0.04
o 328 0.04
o 327 0.04
o 326 0.04
o 325 0.04
o 324 0.04
o 323 0.04
o 322 0.04
o 321 0.04
o 320 0.04
o 319 0.04
o 318 0.04
o 317 0.04
o 316 0.04
o 315 0.04
o 314 0.04
o 313 0.04
o 312 0.04
o 311 0.04
o 310 0.04
o 309 0.04
o 308 0.04
o 307 0.04
o 306 0.04
o 305 0.04
o 304 0.04
o 303 0.04
o 302 0.04
o 301 0.04
o 300 0.04
o 299 0.04
o 298 0.04
o 297 0.04
o 296 0.04
o 295 0.04
o 294 0.04
o 293 0.04
o 292 0.04
o 291 0.04
o 290 0.04
o 289 0.04
o 288 0.04
o 287 0.04
o 286 0.04
o 285 0.04
o 284 0.04
o 283 0.04
o 282 0.04
o 281 0.04
o 280 0.04
o 279 0.04
o 278 0.04
o 277 0.04
o 276 0.04
o 275 0.04
o 274 0.04
o 273 0.04
o 272 0.05
o 271 0.05
o 270 0.05
o 269 0.05
o 268 0.05
o 267 0.05
o 266 0.05
o 265 0.05
o 264 0.05
o 263 0.05
o 262 0.05
o 261 0.05
o 260 0.05
o 259 0.05
o 258 0.05
o 257 0.05
o 256 0.05
o 255 0.05
o 254 0.05
o 253 0.05
o 252 0.05
o 251 0.05
o 250 0.05
o 249 0.05
o 248 0.05
o 247 0.05
o 246 0.05
o 245 0.05
o 244 0.05
o 243 0.05
o 242 0.05
o 241 0.05
o 240 0.05
o 239 0.05
o 238 0.05
o 237 0.05
o 236 0.05
o 235 0.05
o 234 0.05
o 233 0.05
o 232 0.05
o 231 0.05
o 230 0.05
o 229 0.05
o 228 0.05
o 227 0.05
o 226 0.05
o 225 0.05
o 224 0.05
o 223 0.05
o 222 0.05
o 221 0.05
o 220 0.05
o 219 0.05
o 218 0.05
o 217 0.05
o 216 0.05
o 215 0.05
o 214 0.05
o 213 0.05
o 212 0.05
o 211 0.05
o 210 0.05
o 209 0.05
o 208 0.05
o 207 0.05
o 206 0.05
o 205 0.05
o 204 0.05
o 203 0.05
o 202 0.05
o 201 0.05
o 200 0.05
o 199 0.05
o 198 0.05
o 197 0.05
o 196 0.05
o 195 0.05
o 194 0.05
o 193 0.05
o 192 0.05
o 191 0.05
o 190 0.05
o 189 0.05
o 188 0.05
188	0.05
gen_add_4_carry_33
o 333 0.03
o 332 0.04
o 331 0.04
o 330 0.04
o 329 0.04
o 328 0.04
o 327 0.04
o 326 0.04
o 325 0.04
o 324 0.04
o 323 0.04
o 322 0.04
o 321 0.04
o 320 0.04
o 319 0.04
o 318 0.04
o 317 0.04
o 316 0.04
o 315 0.04
o 314 0.04
o 313 0.04
o 312 0.04
o 311 0.04
o 310 0.04
o 309 0.04
o 308 0.04
o 307 0.04
o 306 0.04
o 305 0.04
o 304 0.04
o 303 0.04
o 302 0.04
o 301 0.04
o 300 0.04
o 299 0.04
o 298 0.04
o 297 0.04
o 296 0.04
o 295 0.04
o 294 0.04
o 293 0.04
o 292 0.04
o 291 0.04
o 290 0.04
o 289 0.04
o 288 0.04
o 287 0.04
o 286 0.04
o 285 0.04
o 284 0.04
o 283 0.04
o 282 0.04
o 281 0.04
o 280 0.04
o 279 0.04
o 278 0.04
o 277 0.04
o 276 0.04
o 275 0.04
o 274 0.04
o 273 0.04
o 272 0.04
o 271 0.04
o 270 0.04
o 269 0.04
o 268 0.04
o 267 0.04
o 266 0.04
o 265 0.04
o 264 0.04
o 263 0.04
o 262 0.04
o 261 0.04
o 260 0.04
o 259 0.04
o 258 0.04
o 257 0.04
o 256 0.04
o 255 0.04
o 254 0.04
o 253 0.04
o 252 0.04
o 251 0.04
o 250 0.04
o 249 0.04
o 248 0.04
o 247 0.04
o 246 0.04
o 245 0.04
o 244 0.04
o 243 0.04
o 242 0.04
o 241 0.04
o 240 0.04
o 239 0.04
o 238 0.04
o 237 0.04
o 236 0.04
o 235 0.04
o 234 0.04
o 233 0.04
o 232 0.04
o 231 0.04
o 230 0.04
o 229 0.04
o 228 0.04
o 227 0.04
o 226 0.04
o 225 0.04
o 224 0.04
o 223 0.04
o 222 0.04
o 221 0.04
o 220 0.04
o 219 0.04
o 218 0.04
o 217 0.04
o 216 0.04
o 215 0.04
o 214 0.04
o 213 0.04
o 212 0.04
o 211 0.04
o 210 0.04
o 209 0.04
o 208 0.04
o 207 0.04
o 206 0.04
o 205 0.04
o 204 0.04
o 203 0.04
o 202 0.04
o 201 0.04
o 200 0.04
o 199 0.04
o 198 0.04
o 197 0.04
o 196 0.04
o 195 0.04
o 194 0.04
o 193 0.04
o 192 0.04
o 191 0.05
o 190 0.05
o 189 0.3
o 188 1
188	1
gen_add_4_carry_33
o 333 0.04
o 332 0.04
o 331 0.04
o 330 0.04
o 329 0.04
o 328 0.04
o 327 0.04
o 326 0.04
o 325 0.04
o 324 0.04
o 323 0.04
o 322 0.04
o 321 0.04
o 320 0.04
o 319 0.04
o 318 0.04
o 317 0.04
o 316 0.04
o 315 0.04
o 314 0.04
o 313 0.04
o 312 0.04
o 311 0.04
o 310 0.04
o 309 0.04
o 308 0.04
o 307 0.04
o 306 0.04
o 305 0.04
o 304 0.04
o 303 0.04
o 302 0.04
o 301 0.04
o 300 0.04
o 299 0.04
o 298 0.04
o 297 0.04
o 296 0.04
o 295 0.04
o 294 0.04
o 293 0.04
o 292 0.04
o 291 0.04
o 290 0.04
o 289 0.04
o 288 0.04
o 287 0.04
o 286 0.04
o 285 0.04
o 284 0.04
o 283 0.04
o 282 0.04
o 281 0.04
o 280 0.04
o 279 0.04
o 278 0.04
o 277 0.04
o 276 0.04
o 275 0.04
o 274 0.04
o 273 0.04
o 272 0.04
o 271 0.04
o 270 0.04
o 269 0.04
o 268 0.04
o 267 0.04
o 266 0.04
o 265 0.04
o 264 0.04
o 263 0.04
o 262 0.04
o 261 0.04
o 260 0.04
o 259 0.04
o 258 0.04
o 257 0.04
o 256 0.04
o 255 0.04
o 254 0.04
o 253 0.04
o 252 0.04
o 251 0.04
o 250 0.04
o 249 0.04
o 248 0.04
o 247 0.04
o 246 0.04
o 245 0.04
o 244 0.04
o 243 0.04
o 242 0.04
o 241 0.04
o 240 0.04
o 239 0.04
o 238 0.04
o 237 0.04
o 236 0.04
o 235 0.04
o 234 0.04
o 233 0.04
o 232 0.04
o 231 0.04
o 230 0.04
o 229 0.04
o 228 0.04
o 227 0.04
o 226 0.04
o 225 0.04
o 224 0.04
o 223 0.04
o 222 0.04
o 221 0.04
o 220 0.04
o 219 0.04
o 218 0.04
o 217 0.04
o 216 0.04
o 215 0.04
o 214 0.04
o 213 0.04
o 212 0.04
o 211 0.04
o 210 0.04
o 209 0.04
o 208 0.04
o 207 0.04
o 206 0.04
o 205 0.04
o 204 0.04
o 203 0.04
o 202 0.04
o 201 0.04
o 200 0.04
o 199 0.04
o 198 0.04
o 197 0.04
o 196 0.04
o 195 0.04
o 194 0.04
o 193 0.04
o 192 0.04
o 191 0.04
o 190 0.04
o 189 0.05
o 188 55.21
188	55.21
gen_add_4_carry_33
o 333 0.03
o 332 0.03
o 331 0.03
o 330 0.03
o 329 0.03
o 328 0.03
o 327 0.03
o 326 0.03
o 325 0.03
o 324 0.03
o 323 0.03
o 322 0.03
o 321 0.03
o 320 0.03
o 319 0.03
o 318 0.03
o 317 0.03
o 316 0.03
o 315 0.03
o 314 0.03
o 313 0.03
o 312 0.03
o 311 0.03
o 310 0.03
o 309 0.03
o 308 0.03
o 307 0.03
o 306 0.03
o 305 0.03
o 304 0.03
o 303 0.03
o 302 0.03
o 301 0.03
o 300 0.03
o 299 0.03
o 298 0.03
o 297 0.04
o 296 0.04
o 295 0.04
o 294 0.04
o 293 0.04
o 292 0.04
o 291 0.04
o 290 0.04
o 289 0.04
o 288 0.04
o 287 0.04
o 286 0.04
o 285 0.04
o 284 0.04
o 283 0.04
o 282 0.04
o 281 0.04
o 280 0.04
o 279 0.04
o 278 0.04
o 277 0.04
o 276 0.04
o 275 0.04
o 274 0.04
o 273 0.04
o 272 0.04
o 271 0.04
o 270 0.04
o 269 0.04
o 268 0.04
o 267 0.04
o 266 0.04
o 265 0.04
o 264 0.04
o 263 0.04
o 262 0.04
o 261 0.04
o 260 0.04
o 259 0.04
o 258 0.04
o 257 0.04
o 256 0.04
o 255 0.04
o 254 0.04
o 253 0.04
o 252 0.04
o 251 0.04
o 250 0.04
o 249 0.04
o 248 0.04
o 247 0.04
o 246 0.04
o 245 0.04
o 244 0.04
o 243 0.04
o 242 0.04
o 241 0.04
o 240 0.04
o 239 0.04
o 238 0.04
o 237 0.04
o 236 0.04
o 235 0.04
o 234 0.04
o 233 0.04
o 232 0.04
o 231 0.04
o 230 0.04
o 229 0.04
o 228 0.04
o 227 0.04
o 226 0.04
o 225 0.04
o 224 0.04
o 223 0.04
o 222 0.04
o 221 0.04
o 220 0.04
o 219 0.04
o 218 0.04
o 217 0.04
o 216 0.04
o 215 0.04
o 214 0.04
o 213 0.04
o 212 0.04
o 211 0.04
o 210 0.04
o 209 0.04
o 208 0.04
o 207 0.04
o 206 0.04
o 205 0.04
o 204 0.04
o 203 0.04
o 202 0.04
o 201 0.04
o 200 0.04
o 199 0.04
o 198 0.04
o 197 0.04
o 196 0.04
o 195 0.04
o 194 0.04
o 193 0.04
o 192 0.04
o 191 0.04
o 190 0.04
o 189 0.04
o 188 1.99
188	1.99
gen_add_4_carry_33
o 333 0.04
o 332 0.04
o 331 0.04
o 330 0.04
o 329 0.04
o 328 0.04
o 327 0.04
o 326 0.04
o 325 0.04
o 324 0.04
o 323 0.04
o 322 0.04
o 321 0.04
o 320 0.04
o 319 0.04
o 318 0.04
o 317 0.04
o 316 0.04
o 315 0.04
o 314 0.04
o 313 0.04
o 312 0.04
o 311 0.04
o 310 0.04
o 309 0.04
o 308 0.04
o 307 0.04
o 306 0.04
o 305 0.04
o 304 0.04
o 303 0.04
o 302 0.04
o 301 0.04
o 300 0.04
o 299 0.04
o 298 0.04
o 297 0.04
o 296 0.04
o 295 0.04
o 294 0.04
o 293 0.04
o 292 0.04
o 291 0.04
o 290 0.04
o 289 0.04
o 288 0.04
o 287 0.04
o 286 0.04
o 285 0.04
o 284 0.04
o 283 0.04
o 282 0.04
o 281 0.04
o 280 0.04
o 279 0.04
o 278 0.04
o 277 0.04
o 276 0.04
o 275 0.04
o 274 0.04
o 273 0.04
o 272 0.04
o 271 0.04
o 270 0.04
o 269 0.04
o 268 0.04
o 267 0.04
o 266 0.04
o 265 0.04
o 264 0.04
o 263 0.04
o 262 0.04
o 261 0.04
o 260 0.04
o 259 0.04
o 258 0.04
o 257 0.04
o 256 0.04
o 255 0.04
o 254 0.04
o 253 0.04
o 252 0.04
o 251 0.04
o 250 0.04
o 249 0.04
o 248 0.04
o 247 0.04
o 246 0.04
o 245 0.04
o 244 0.04
o 243 0.04
o 242 0.04
o 241 0.04
o 240 0.04
o 239 0.04
o 238 0.04
o 237 0.04
o 236 0.04
o 235 0.04
o 234 0.04
o 233 0.04
o 232 0.04
o 231 0.04
o 230 0.04
o 229 0.04
o 228 0.04
o 227 0.04
o 226 0.04
o 225 0.04
o 224 0.04
o 223 0.04
o 222 0.04
o 221 0.04
o 220 0.04
o 219 0.04
o 218 0.04
o 217 0.04
o 216 0.04
o 215 0.04
o 214 0.04
o 213 0.04
o 212 0.04
o 211 0.04
o 210 0.04
o 209 0.04
o 208 0.04
o 207 0.04
o 206 0.04
o 205 0.04
o 204 0.04
o 203 0.04
o 202 0.04
o 201 0.04
o 200 0.04
o 199 0.04
o 198 0.04
o 197 0.04
o 196 0.04
o 195 0.04
o 194 0.05
o 193 0.05
o 192 0.05
o 191 0.05
o 190 0.05
o 189 0.15
o 188 1.75
188	1.75
gen_add_4_carry_33
o 333 0.04
o 332 0.04
o 331 0.04
o 330 0.04
o 329 0.04
o 328 0.04
o 327 0.04
o 326 0.04
o 325 0.04
o 324 0.04
o 323 0.04
o 322 0.04
o 321 0.04
o 320 0.04
o 319 0.04
o 318 0.04
o 317 0.04
o 316 0.04
o 315 0.04
o 314 0.04
o 313 0.04
o 312 0.04
o 311 0.04
o 310 0.04
o 309 0.04
o 308 0.04
o 307 0.04
o 306 0.04
o 305 0.04
o 304 0.04
o 303 0.04
o 302 0.04
o 301 0.04
o 300 0.04
o 299 0.04
o 298 0.04
o 297 0.04
o 296 0.04
o 295 0.04
o 294 0.04
o 293 0.04
o 292 0.04
o 291 0.04
o 290 0.04
o 289 0.04
o 288 0.04
o 287 0.04
o 286 0.04
o 285 0.04
o 284 0.04
o 283 0.04
o 282 0.04
o 281 0.04
o 280 0.04
o 279 0.04
o 278 0.04
o 277 0.04
o 276 0.04
o 275 0.04
o 274 0.04
o 273 0.04
o 272 0.04
o 271 0.04
o 270 0.04
o 269 0.04
o 268 0.04
o 267 0.04
o 266 0.04
o 265 0.04
o 264 0.04
o 263 0.04
o 262 0.04
o 261 0.04
o 260 0.04
o 259 0.04
o 258 0.04
o 257 0.04
o 256 0.04
o 255 0.04
o 254 0.04
o 253 0.04
o 252 0.04
o 251 0.04
o 250 0.04
o 249 0.04
o 248 0.04
o 247 0.04
o 246 0.04
o 245 0.04
o 244 0.04
o 243 0.04
o 242 0.04
o 241 0.04
o 240 0.04
o 239 0.04
o 238 0.04
o 237 0.04
o 236 0.04
o 235 0.04
o 234 0.04
o 233 0.04
o 232 0.04
o 231 0.04
o 230 0.04
o 229 0.04
o 228 0.04
o 227 0.04
o 226 0.04
o 225 0.04
o 224 0.04
o 223 0.04
o 222 0.04
o 221 0.04
o 220 0.04
o 219 0.04
o 218 0.04
o 217 0.04
o 216 0.04
o 215 0.04
o 214 0.04
o 213 0.04
o 212 0.04
o 211 0.04
o 210 0.04
o 209 0.04
o 208 0.04
o 207 0.04
o 206 0.04
o 205 0.04
o 204 0.04
o 203 0.04
o 202 0.04
o 201 0.04
o 200 0.04
o 199 0.04
o 198 0.04
o 197 0.04
o 196 0.04
o 195 0.04
o 194 0.04
o 193 0.04
o 192 0.04
o 191 0.04
o 190 0.04
o 189 0.05
o 188 2.93
188	2.93
gen_add_4_carry_33
o 333 0.04
o 332 0.04
o 331 0.04
o 330 0.04
o 329 0.04
o 328 0.04
o 327 0.04
o 326 0.04
o 325 0.04
o 324 0.04
o 323 0.04
o 322 0.04
o 321 0.04
o 320 0.04
o 319 0.04
o 318 0.04
o 317 0.04
o 316 0.04
o 315 0.04
o 314 0.04
o 313 0.04
o 312 0.04
o 311 0.04
o 310 0.04
o 309 0.04
o 308 0.04
o 307 0.04
o 306 0.04
o 305 0.04
o 304 0.04
o 303 0.04
o 302 0.04
o 301 0.04
o 300 0.04
o 299 0.04
o 298 0.04
o 297 0.04
o 296 0.04
o 295 0.04
o 294 0.04
o 293 0.04
o 292 0.04
o 291 0.04
o 290 0.04
o 289 0.04
o 288 0.04
o 287 0.04
o 286 0.04
o 285 0.04
o 284 0.04
o 283 0.04
o 282 0.04
o 281 0.04
o 280 0.04
o 279 0.04
o 278 0.04
o 277 0.04
o 276 0.04
o 275 0.04
o 274 0.04
o 273 0.04
o 272 0.04
o 271 0.04
o 270 0.04
o 269 0.04
o 268 0.04
o 267 0.04
o 266 0.04
o 265 0.04
o 264 0.04
o 263 0.04
o 262 0.04
o 261 0.04
o 260 0.04
o 259 0.04
o 258 0.04
o 257 0.04
o 256 0.04
o 255 0.04
o 254 0.04
o 253 0.04
o 252 0.04
o 251 0.04
o 250 0.04
o 249 0.04
o 248 0.04
o 247 0.04
o 246 0.04
o 245 0.04
o 244 0.04
o 243 0.04
o 242 0.04
o 241 0.04
o 240 0.04
o 239 0.04
o 238 0.04
o 237 0.04
o 236 0.04
o 235 0.04
o 234 0.04
o 233 0.04
o 232 0.04
o 231 0.04
o 230 0.04
o 229 0.04
o 228 0.04
o 227 0.04
o 226 0.04
o 225 0.04
o 224 0.04
o 223 0.04
o 222 0.04
o 221 0.04
o 220 0.04
o 219 0.04
o 218 0.04
o 217 0.04
o 216 0.04
o 215 0.04
o 214 0.04
o 213 0.04
o 212 0.04
o 211 0.04
o 210 0.04
o 209 0.04
o 208 0.04
o 207 0.04
o 206 0.04
o 205 0.04
o 204 0.04
o 203 0.04
o 202 0.04
o 201 0.04
o 200 0.04
o 199 0.04
o 198 0.04
o 197 0.04
o 196 0.04
o 195 0.04
o 194 0.04
o 193 0.04
o 192 0.04
o 191 0.06
o 190 0.06
o 189 3.21
o 188 40.74
188	40.74
gen_add_4_carry_33
o 333 0.03
o 332 0.03
o 331 0.03
o 330 0.03
o 329 0.03
o 328 0.03
o 327 0.03
o 326 0.03
o 325 0.03
o 324 0.03
o 323 0.03
o 322 0.03
o 321 0.03
o 320 0.03
o 319 0.03
o 318 0.03
o 317 0.03
o 316 0.03
o 315 0.03
o 314 0.03
o 313 0.03
o 312 0.03
o 311 0.03
o 310 0.03
o 309 0.03
o 308 0.03
o 307 0.03
o 306 0.03
o 305 0.03
o 304 0.03
o 303 0.03
o 302 0.03
o 301 0.03
o 300 0.03
o 299 0.03
o 298 0.03
o 297 0.03
o 296 0.03
o 295 0.03
o 294 0.03
o 293 0.03
o 292 0.03
o 291 0.03
o 290 0.03
o 289 0.03
o 288 0.03
o 287 0.03
o 286 0.03
o 285 0.03
o 284 0.03
o 283 0.03
o 282 0.03
o 281 0.03
o 280 0.03
o 279 0.03
o 278 0.03
o 277 0.03
o 276 0.03
o 275 0.03
o 274 0.04
o 273 0.04
o 272 0.04
o 271 0.04
o 270 0.04
o 269 0.04
o 268 0.04
o 267 0.04
o 266 0.04
o 265 0.04
o 264 0.04
o 263 0.04
o 262 0.04
o 261 0.04
o 260 0.04
o 259 0.04
o 258 0.04
o 257 0.04
o 256 0.04
o 255 0.04
o 254 0.04
o 253 0.04
o 252 0.04
o 251 0.04
o 250 0.04
o 249 0.04
o 248 0.04
o 247 0.04
o 246 0.04
o 245 0.04
o 244 0.04
o 243 0.04
o 242 0.04
o 241 0.04
o 240 0.04
o 239 0.04
o 238 0.04
o 237 0.04
o 236 0.04
o 235 0.04
o 234 0.04
o 233 0.04
o 232 0.04
o 231 0.04
o 230 0.04
o 229 0.04
o 228 0.04
o 227 0.04
o 226 0.04
o 225 0.04
o 224 0.04
o 223 0.04
o 222 0.04
o 221 0.04
o 220 0.04
o 219 0.04
o 218 0.04
o 217 0.04
o 216 0.04
o 215 0.04
o 214 0.04
o 213 0.04
o 212 0.04
o 211 0.04
o 210 0.04
o 209 0.04
o 208 0.04
o 207 0.04
o 206 0.04
o 205 0.04
o 204 0.04
o 203 0.04
o 202 0.04
o 201 0.04
o 200 0.04
o 199 0.04
o 198 0.04
o 197 0.04
o 196 0.04
o 195 0.04
o 194 0.04
o 193 0.04
o 192 0.04
o 191 0.04
o 190 0.05
o 189 0.85
o 188 14.75
188	14.75
gen_add_4_carry_33
o 333 0.04
o 332 0.05
o 331 0.05
o 330 0.05
o 329 0.05
o 328 0.05
o 327 0.05
o 326 0.05
o 325 0.05
o 324 0.05
o 323 0.05
o 322 0.05
o 321 0.05
o 320 0.05
o 319 0.05
o 318 0.05
o 317 0.05
o 316 0.05
o 315 0.05
o 314 0.05
o 313 0.05
o 312 0.05
o 311 0.05
o 310 0.05
o 309 0.05
o 308 0.05
o 307 0.05
o 306 0.05
o 305 0.05
o 304 0.05
o 303 0.05
o 302 0.05
o 301 0.05
o 300 0.05
o 299 0.05
o 298 0.05
o 297 0.05
o 296 0.05
o 295 0.05
o 294 0.05
o 293 0.05
o 292 0.05
o 291 0.05
o 290 0.05
o 289 0.05
o 288 0.05
o 287 0.05
o 286 0.05
o 285 0.05
o 284 0.05
o 283 0.05
o 282 0.05
o 281 0.05
o 280 0.05
o 279 0.05
o 278 0.05
o 277 0.05
o 276 0.05
o 275 0.05
o 274 0.05
o 273 0.05
o 272 0.05
o 271 0.05
o 270 0.05
o 269 0.05
o 268 0.05
o 267 0.05
o 266 0.05
o 265 0.05
o 264 0.05
o 263 0.05
o 262 0.05
o 261 0.05
o 260 0.05
o 259 0.05
o 258 0.05
o 257 0.05
o 256 0.05
o 255 0.05
o 254 0.05
o 253 0.05
o 252 0.05
o 251 0.05
o 250 0.05
o 249 0.05
o 248 0.05
o 247 0.05
o 246 0.05
o 245 0.05
o 244 0.05
o 243 0.05
o 242 0.05
o 241 0.05
o 240 0.05
o 239 0.05
o 238 0.05
o 237 0.05
o 236 0.05
o 235 0.05
o 234 0.05
o 233 0.05
o 232 0.05
o 231 0.05
o 230 0.05
o 229 0.05
o 228 0.05
o 227 0.05
o 226 0.05
o 225 0.05
o 224 0.05
o 223 0.05
o 222 0.05
o 221 0.05
o 220 0.05
o 219 0.05
o 218 0.05
o 217 0.05
o 216 0.05
o 215 0.05
o 214 0.05
o 213 0.05
o 212 0.05
o 211 0.05
o 210 0.05
o 209 0.05
o 208 0.05
o 207 0.05
o 206 0.05
o 205 0.05
o 204 0.05
o 203 0.05
o 202 0.05
o 201 0.05
o 200 0.05
o 199 0.05
o 198 0.05
o 197 0.05
o 196 0.05
o 195 0.05
o 194 0.05
o 193 0.05
o 192 0.05
o 191 0.05
o 190 0.07
o 189 0.07
o 188 20.16
188	20.16
gen_add_4_carry_33
o 333 0.03
o 332 0.04
o 331 0.04
o 330 0.04
o 329 0.04
o 328 0.04
o 327 0.04
o 326 0.04
o 325 0.04
o 324 0.04
o 323 0.04
o 322 0.04
o 321 0.04
o 320 0.04
o 319 0.04
o 318 0.04
o 317 0.04
o 316 0.04
o 315 0.04
o 314 0.04
o 313 0.04
o 312 0.04
o 311 0.04
o 310 0.04
o 309 0.04
o 308 0.04
o 307 0.04
o 306 0.04
o 305 0.04
o 304 0.04
o 303 0.04
o 302 0.04
o 301 0.04
o 300 0.04
o 299 0.04
o 298 0.04
o 297 0.04
o 296 0.04
o 295 0.04
o 294 0.04
o 293 0.04
o 292 0.04
o 291 0.04
o 290 0.04
o 289 0.04
o 288 0.04
o 287 0.04
o 286 0.04
o 285 0.04
o 284 0.04
o 283 0.04
o 282 0.04
o 281 0.04
o 280 0.04
o 279 0.04
o 278 0.04
o 277 0.04
o 276 0.04
o 275 0.04
o 274 0.04
o 273 0.04
o 272 0.04
o 271 0.04
o 270 0.04
o 269 0.04
o 268 0.04
o 267 0.04
o 266 0.04
o 265 0.04
o 264 0.04
o 263 0.04
o 262 0.04
o 261 0.04
o 260 0.04
o 259 0.04
o 258 0.04
o 257 0.04
o 256 0.04
o 255 0.04
o 254 0.04
o 253 0.04
o 252 0.04
o 251 0.04
o 250 0.04
o 249 0.04
o 248 0.04
o 247 0.04
o 246 0.04
o 245 0.04
o 244 0.04
o 243 0.04
o 242 0.04
o 241 0.04
o 240 0.04
o 239 0.04
o 238 0.04
o 237 0.04
o 236 0.04
o 235 0.04
o 234 0.04
o 233 0.04
o 232 0.04
o 231 0.04
o 230 0.04
o 229 0.04
o 228 0.04
o 227 0.04
o 226 0.04
o 225 0.04
o 224 0.04
o 223 0.04
o 222 0.04
o 221 0.04
o 220 0.04
o 219 0.04
o 218 0.04
o 217 0.04
o 216 0.04
o 215 0.04
o 214 0.04
o 213 0.04
o 212 0.04
o 211 0.04
o 210 0.04
o 209 0.04
o 208 0.04
o 207 0.04
o 206 0.04
o 205 0.04
o 204 0.04
o 203 0.04
o 202 0.04
o 201 0.04
o 200 0.04
o 199 0.04
o 198 0.04
o 197 0.04
o 196 0.04
o 195 0.04
o 194 0.04
o 193 0.04
o 192 0.05
o 191 0.05
o 190 0.05
o 189 0.26
o 188 21.87
188	21.87
