GenHyperTW_s208
o 50 7.59
o 18 23.7
o 14 196.35
o 13 292.76
13	292.76
GenHyperTW_s208
o 55 6.97
o 11 16.47
11	16.47
GenHyperTW_s208
o 50 9.59
o 12 24.11
o 11 24.17
11	24.17
GenHyperTW_s208
o 55 6.69
o 14 17.32
14	17.32
GenHyperTW_s208
o 46 5.09
o 17 22.08
o 12 122.06
o 11 123.28
11	123.28
GenHyperTW_s208
o 46 6.95
o 17 24.27
o 16 74.18
o 15 144
o 14 241.58
o 13 241.58
13	241.58
GenHyperTW_s208
o 49 5.06
o 15 23.82
o 14 136.55
14	136.55
GenHyperTW_s208
o 43 5.19
o 19 22.29
o 18 71.05
o 17 122.18
o 16 297.8
16	297.8
GenHyperTW_s208
o 59 9.25
o 15 23.83
o 14 183.27
14	183.27
GenHyperTW_s208
o 45 6.73
o 14 60.46
o 12 106.65
o 9 139.39
9	139.39
