GenHyperTW_uf20-050
o 12 0.04
o 6 0.49
6	0.49
GenHyperTW_uf20-050
o 11 0.03
o 7 0.86
o 6 9.17
6	9.17
GenHyperTW_uf20-050
o 11 0.04
o 7 0.91
o 6 0.91
6	0.91
GenHyperTW_uf20-050
o 12 0.04
o 7 0.55
o 6 0.65
6	0.65
GenHyperTW_uf20-050
o 11 0.03
o 7 0.41
o 6 0.41
6	0.41
GenHyperTW_uf20-050
o 11 0.04
o 7 0.71
o 6 0.91
6	0.91
GenHyperTW_uf20-050
o 12 0.04
o 6 0.53
6	0.53
GenHyperTW_uf20-050
o 11 0.04
o 7 0.62
o 6 8.33
6	8.33
GenHyperTW_uf20-050
o 10 0.04
o 6 0.9
6	0.9
GenHyperTW_uf20-050
o 12 0.04
o 7 0.77
o 6 1.03
6	1.03
