lam.20-100-p100-55
o 93 0.59
o 89 1.09
o 88 3.51
o 87 4.26
o 86 4.66
o 85 4.97
o 84 10.5
o 83 10.55
o 82 10.55
o 81 10.69
o 80 12.82
o 79 41.61
79	41.61
lam.20-100-p100-55
o 94 0.62
o 91 1.38
o 90 1.38
o 89 3.31
o 88 3.4
o 87 4.41
o 86 4.57
o 85 4.61
o 84 6.02
o 83 9.69
o 82 9.76
o 81 10.22
o 79 10.82
79	10.82
lam.20-100-p100-55
o 93 0.56
o 87 1.06
o 86 2.71
o 85 2.89
o 84 3.16
o 83 3.3
o 82 8.62
o 81 9.16
o 80 9.42
o 79 12.05
79	12.05
lam.20-100-p100-55
o 93 0.55
o 89 1.17
o 88 2.15
o 87 4.86
o 85 6.96
o 84 7.93
o 83 7.97
o 82 11.28
o 81 12.82
o 80 13.27
80	13.27
lam.20-100-p100-55
o 92 0.63
o 88 1.49
o 87 2.34
o 86 4.69
o 85 4.9
o 84 5.07
o 83 16.37
o 82 20.35
o 81 21.29
o 80 21.46
80	21.46
lam.20-100-p100-55
o 93 1.94
o 90 2.79
o 89 4.7
o 88 4.87
o 87 5.23
o 86 5.69
o 85 6.86
o 84 7.13
o 83 7.62
o 82 13.81
o 81 14.2
o 80 51.88
o 79 149.53
79	149.53
lam.20-100-p100-55
o 94 0.56
o 93 0.58
o 89 1.28
o 88 2.34
o 87 3.44
o 86 3.84
o 85 4.55
o 84 5.31
o 83 5.4
o 81 6.43
o 80 6.44
o 79 93.79
79	93.79
lam.20-100-p100-55
o 93 0.57
o 88 1.04
o 87 2.56
o 86 2.64
o 85 3.13
o 84 4.07
o 83 6.23
o 82 6.45
o 81 17.33
o 80 48.52
o 79 118.43
79	118.43
lam.20-100-p100-55
o 95 0.62
o 94 0.63
o 93 0.63
o 90 1.29
o 89 1.42
o 88 2.76
o 87 2.76
o 86 2.91
o 85 5.46
o 84 6.11
o 83 6.38
o 82 6.79
o 81 7.88
o 80 13.06
o 79 26.35
o 78 218.77
78	218.77
lam.20-100-p100-55
o 93 0.68
o 89 1.45
o 88 1.45
o 87 2.26
o 86 2.33
o 85 2.48
o 84 3.08
o 83 3.2
o 82 6.51
o 81 8.77
o 80 8.81
o 79 15.14
79	15.14
