ran-scp.scpnre1_maxsat
o 85 0.32
o 74 0.32
o 64 0.32
o 58 0.32
o 52 0.32
o 47 0.32
o 44 0.32
o 41 0.32
o 39 0.32
o 38 0.32
o 37 0.32
o 36 0.32
o 35 0.32
o 34 0.32
o 33 0.32
o 32 0.32
o 31 0.32
o 30 0.32
o 29 0.32
o 28 0.32
o 27 0.32
o 26 0.32
o 25 0.32
o 24 0.32
o 23 0.33
o 22 0.37
o 21 1.73
o 20 5.29
o 19 18.86
19	18.86
ran-scp.scpnre1_maxsat
o 77 0.32
o 67 0.32
o 60 0.32
o 53 0.32
o 52 0.32
o 47 0.32
o 43 0.32
o 40 0.32
o 39 0.32
o 38 0.32
o 37 0.32
o 36 0.32
o 35 0.32
o 34 0.32
o 33 0.32
o 32 0.32
o 31 0.32
o 30 0.32
o 29 0.32
o 28 0.32
o 27 0.32
o 26 0.32
o 25 0.32
o 24 0.32
o 23 0.33
o 22 0.6
o 21 1.11
o 20 2.24
o 19 17.56
19	17.56
ran-scp.scpnre1_maxsat
o 93 0.32
o 82 0.32
o 74 0.32
o 66 0.32
o 58 0.32
o 52 0.32
o 47 0.32
o 43 0.32
o 40 0.32
o 39 0.32
o 38 0.32
o 37 0.32
o 36 0.32
o 34 0.32
o 33 0.32
o 32 0.32
o 31 0.32
o 30 0.32
o 29 0.32
o 28 0.32
o 27 0.32
o 26 0.32
o 25 0.32
o 24 0.32
o 23 0.32
o 22 0.32
o 21 0.59
o 20 3.77
o 19 20.28
19	20.28
ran-scp.scpnre1_maxsat
o 103 0.32
o 90 0.32
o 79 0.32
o 71 0.32
o 62 0.32
o 55 0.32
o 48 0.32
o 43 0.32
o 40 0.32
o 38 0.32
o 36 0.32
o 35 0.32
o 34 0.32
o 33 0.32
o 32 0.32
o 31 0.32
o 30 0.32
o 29 0.32
o 28 0.32
o 27 0.32
o 26 0.32
o 25 0.32
o 24 0.32
o 23 0.32
o 22 0.58
o 21 0.95
o 20 4.41
o 19 17.08
19	17.08
ran-scp.scpnre1_maxsat
o 86 0.31
o 77 0.31
o 68 0.31
o 61 0.31
o 57 0.31
o 52 0.31
o 48 0.31
o 44 0.31
o 41 0.31
o 39 0.31
o 38 0.31
o 37 0.31
o 36 0.31
o 35 0.31
o 34 0.31
o 33 0.31
o 32 0.31
o 31 0.31
o 30 0.31
o 29 0.31
o 28 0.31
o 27 0.32
o 26 0.32
o 25 0.32
o 24 0.32
o 23 0.33
o 22 0.33
o 21 1.68
o 20 7.02
o 19 21.75
19	21.75
ran-scp.scpnre1_maxsat
o 90 0.32
o 78 0.32
o 69 0.32
o 61 0.32
o 54 0.32
o 49 0.32
o 44 0.32
o 41 0.32
o 39 0.32
o 38 0.32
o 37 0.32
o 36 0.32
o 35 0.32
o 34 0.32
o 33 0.32
o 32 0.32
o 31 0.32
o 30 0.32
o 29 0.32
o 28 0.32
o 27 0.32
o 26 0.32
o 25 0.32
o 24 0.32
o 23 0.32
o 22 0.63
o 21 0.92
o 20 11.63
o 19 18.92
19	18.92
ran-scp.scpnre1_maxsat
o 90 0.32
o 78 0.32
o 69 0.32
o 60 0.32
o 53 0.32
o 49 0.32
o 44 0.32
o 41 0.32
o 39 0.32
o 37 0.32
o 36 0.32
o 35 0.32
o 34 0.32
o 33 0.32
o 32 0.32
o 31 0.32
o 30 0.32
o 29 0.32
o 28 0.32
o 27 0.32
o 26 0.32
o 25 0.32
o 24 0.32
o 23 0.32
o 22 0.35
o 21 0.99
o 20 2.84
o 19 17.2
19	17.2
ran-scp.scpnre1_maxsat
o 110 0.32
o 99 0.32
o 88 0.32
o 76 0.32
o 67 0.32
o 58 0.32
o 52 0.32
o 46 0.32
o 42 0.32
o 39 0.32
o 37 0.32
o 36 0.32
o 35 0.32
o 34 0.32
o 33 0.32
o 32 0.32
o 31 0.32
o 30 0.32
o 29 0.32
o 28 0.32
o 27 0.32
o 26 0.32
o 25 0.32
o 24 0.32
o 23 0.33
o 22 0.33
o 21 1.02
o 20 4.68
o 19 19.67
19	19.67
ran-scp.scpnre1_maxsat
o 102 0.31
o 84 0.32
o 75 0.32
o 68 0.32
o 57 0.32
o 51 0.32
o 48 0.32
o 43 0.32
o 38 0.32
o 36 0.32
o 35 0.32
o 33 0.32
o 32 0.32
o 31 0.32
o 30 0.32
o 29 0.32
o 28 0.32
o 27 0.32
o 26 0.32
o 25 0.32
o 24 0.32
o 23 0.32
o 22 0.32
o 21 1.15
o 20 3.63
o 19 14.99
19	14.99
ran-scp.scpnre1_maxsat
o 102 0.31
o 91 0.31
o 80 0.31
o 68 0.31
o 59 0.31
o 53 0.31
o 47 0.31
o 42 0.31
o 39 0.31
o 37 0.31
o 35 0.31
o 34 0.31
o 33 0.31
o 32 0.31
o 31 0.31
o 30 0.31
o 29 0.31
o 28 0.31
o 27 0.31
o 26 0.31
o 25 0.31
o 24 0.31
o 23 0.34
o 22 0.54
o 21 0.66
o 20 5.67
o 19 19.94
19	19.94
