decision-tree-heart-cleveland-un-formula_0.8_2021_atleast_31_max-4_reduced_incomplete_adaboost_6
o 347 0.75
o 246 0.9
o 242 0.94
o 240 5.19
decision-tree-heart-cleveland-un-formula_0.8_2021_atleast_31_max-4_reduced_incomplete_adaboost_6
o 242 0.61
o 240 61.6
decision-tree-heart-cleveland-un-formula_0.8_2021_atleast_31_max-4_reduced_incomplete_adaboost_6
o 349 3.48
o 347 6.87
o 242 23.73
o 240 201.43
decision-tree-heart-cleveland-un-formula_0.8_2021_atleast_31_max-4_reduced_incomplete_adaboost_6
o 347 1.34
o 242 1.7
o 240 156.66
decision-tree-heart-cleveland-un-formula_0.8_2021_atleast_31_max-4_reduced_incomplete_adaboost_6
o 349 8.66
o 347 18.49
o 257 36.07
o 242 36.08
o 240 56.21
decision-tree-heart-cleveland-un-formula_0.8_2021_atleast_31_max-4_reduced_incomplete_adaboost_6
o 349 1.16
o 347 2.92
o 261 3.44
o 259 3.49
o 242 3.78
o 240 245.91
decision-tree-heart-cleveland-un-formula_0.8_2021_atleast_31_max-4_reduced_incomplete_adaboost_6
o 347 0.75
o 242 6.22
o 240 105.43
decision-tree-heart-cleveland-un-formula_0.8_2021_atleast_31_max-4_reduced_incomplete_adaboost_6
o 242 4.35
o 240 64.96
decision-tree-heart-cleveland-un-formula_0.8_2021_atleast_31_max-4_reduced_incomplete_adaboost_6
o 347 8.28
o 242 9.53
o 240 92.9
decision-tree-heart-cleveland-un-formula_0.8_2021_atleast_31_max-4_reduced_incomplete_adaboost_6
o 242 7.15
