generalized-ising-IS20_5.0.5.0.0.5_softer_periodic
o 127626199686282 0.03
o 127569253736518 0.03
o 127442813634011 0.03
o 127285087551928 0.03
o 127020253939460 0.03
o 126736035707234 0.03
o 126514702904149 0.03
o 126305605101025 0.03
o 125980049226610 0.03
o 125840265420955 0.03
o 125670014512966 0.03
o 125544550060296 0.03
o 125335633123612 0.03
o 125161938984429 0.03
o 124958639205982 0.03
o 124786586586193 0.03
o 124769577109685 0.04
o 124571994443819 0.04
o 124360126641131 0.04
o 124225896461423 0.04
o 124110858504798 0.04
o 123977575954425 0.04
o 123825231780790 0.04
o 123686885589329 0.04
o 123495100992172 0.04
o 123355825248187 0.04
o 123323026312615 0.04
o 123280849837829 0.04
o 123139908372553 0.04
o 123025474676244 0.04
o 122916485702966 0.04
o 122833107718017 0.04
o 122569400079156 0.04
o 122488143592277 0.04
o 122485825867119 0.04
o 122473448388954 0.04
o 122355916932095 0.04
o 122142075564639 0.04
o 122029866734694 0.04
o 121872914979411 0.04
o 121789120828627 0.04
o 121605036127745 0.04
o 121470827517436 0.04
o 121376833165643 0.04
o 121265409726330 0.04
o 121225224760710 0.04
o 121076637364369 0.04
o 121076504815286 0.04
o 120992617080084 0.04
o 120858177822496 0.04
o 120813917138661 0.04
o 120745563840191 0.04
o 120634291235594 0.04
o 120553940831396 0.04
o 120551612969693 0.04
o 120495223460119 0.04
o 120436469712679 0.04
o 120361178156152 0.04
o 120271560738178 0.04
o 120207711140472 0.04
o 120118799970813 0.04
o 119999796917895 0.04
o 119970149504224 0.04
o 119896347198456 0.04
o 119825674105794 0.04
o 119782902489496 0.04
o 119718908475728 0.04
o 119695201362674 0.04
o 119595903928577 0.04
o 119577258321239 0.04
o 119508881457545 0.04
o 119450993578269 0.04
generalized-ising-IS20_5.0.5.0.0.5_softer_periodic
o 125011779629941 0.02
o 124936527148259 0.03
o 124775913011722 0.03
o 124729474952354 0.03
o 124503005486620 0.03
o 124265201641007 0.03
o 124146458241412 0.03
o 124058979174569 0.03
o 123815666184169 0.03
o 123635760092269 0.03
o 123501175771697 0.03
o 123294801682254 0.03
o 123224789801417 0.03
o 123186143199723 0.03
o 123041780928673 0.03
o 122870819997184 0.03
o 122720692023345 0.03
o 122589068059035 0.03
o 122471777444208 0.03
o 122330847255269 0.03
o 122267314994671 0.03
o 122103893985405 0.03
o 122047291764234 0.03
o 122015600083115 0.03
o 121857822111039 0.03
o 121739352560257 0.03
o 121638378697713 0.03
o 121503194143255 0.03
o 121413511506965 0.03
o 121287294700906 0.03
o 121220092507680 0.03
o 121066641366073 0.03
o 121050890862720 0.03
o 121019519517567 0.03
o 120879694087182 0.03
o 120859972528947 0.03
o 120728479020574 0.03
o 120679394810638 0.03
o 120658011410808 0.03
o 120536406273733 0.03
o 120497121495854 0.03
o 120362500520132 0.03
o 120315377334926 0.03
o 120270637114755 0.03
o 120176977684720 0.03
o 120061010832189 0.03
o 119928719487650 0.03
o 119823215277000 0.03
o 119702272235404 0.03
o 119624284455493 0.03
o 119610879549799 0.03
generalized-ising-IS20_5.0.5.0.0.5_softer_periodic
o 128394526003939 0.03
o 128269441153697 0.03
o 128104264851164 0.03
o 127877961542850 0.03
o 127708323202352 0.03
o 127421882877807 0.03
o 127164922117647 0.03
o 126905288868774 0.03
o 126769893028572 0.03
o 126582501296459 0.03
o 126369692102019 0.03
o 126166172796983 0.03
o 126050068364018 0.03
o 125960807547604 0.03
o 125689720832547 0.03
o 125509986232825 0.03
o 125452787246905 0.03
o 125257486884352 0.03
o 125102609430093 0.03
o 124970201348962 0.03
o 124863399083906 0.03
o 124657788002965 0.03
o 124375515093928 0.03
o 124302371027489 0.03
o 124065994974333 0.03
o 123945825720360 0.03
o 123792820431226 0.03
o 123610349314621 0.03
o 123434473714922 0.03
o 123359218210029 0.03
o 123110829111197 0.03
o 122861942699633 0.03
o 122778429084504 0.03
o 122601749904351 0.03
o 122417551557534 0.03
o 122332227580183 0.03
o 122171080901983 0.03
o 122138375990034 0.03
o 122091050336763 0.03
o 121949562289513 0.03
o 121805132916163 0.03
o 121714190637502 0.03
o 121642548485420 0.03
o 121516364538971 0.03
o 121509360393472 0.03
o 121412796320331 0.03
o 121268217107613 0.03
o 121186184033122 0.03
o 121126020748385 0.03
o 121115864830400 0.03
o 121029689353646 0.03
o 120959836431473 0.03
o 120868906063098 0.03
o 120741757477024 0.03
o 120627251621534 0.03
o 120622996215080 0.03
o 120529690540086 0.03
o 120453579437250 0.03
o 120382265345423 0.03
o 120282890232658 0.03
o 120273680151599 0.03
o 120198299842541 0.03
o 120108716301678 0.03
o 120016324550440 0.03
o 119996636579923 0.03
o 119884495643405 0.03
o 119769895455825 0.03
o 119744183174348 0.03
o 119738589559947 0.03
o 119720232208000 0.03
generalized-ising-IS20_5.0.5.0.0.5_softer_periodic
o 126971223924613 0.03
o 126833238123523 0.03
o 126775714180118 0.03
o 126530894088436 0.03
o 126298043082681 0.03
o 126084680178819 0.03
o 125847494645760 0.03
o 125650537760872 0.03
o 125421290620740 0.03
o 125177384426444 0.03
o 125045030862118 0.03
o 124877089903913 0.03
o 124748566969685 0.03
o 124537173733897 0.03
o 124455762916473 0.03
o 124256630883193 0.03
o 124068698082499 0.03
o 123903026414141 0.03
o 123846196007242 0.03
o 123663317429618 0.03
o 123501475778875 0.03
o 123230769908849 0.03
o 123092366359596 0.03
o 122986519195355 0.03
o 122832971121009 0.04
o 122779980825901 0.04
o 122768250005093 0.04
o 122597197410786 0.04
o 122471265419014 0.04
o 122302070675991 0.04
o 122086204537167 0.04
o 121822391422991 0.04
o 121732919536525 0.04
o 121628725910720 0.04
o 121614450663727 0.04
o 121542878220647 0.04
o 121489697703904 0.04
o 121466735885543 0.04
o 121231585667662 0.04
o 121106184865336 0.04
o 121016454567204 0.04
o 120841544764940 0.04
o 120818309759187 0.04
o 120770415936273 0.04
o 120624677583204 0.04
o 120573212031315 0.04
o 120465263549381 0.04
o 120346490203217 0.04
o 120271814561653 0.04
o 120220037869745 0.04
o 120147807786247 0.04
o 120092513042748 0.04
o 120041905699874 0.04
o 120010343233829 0.04
o 120007164194969 0.04
o 119942591115413 0.04
o 119923814301807 0.04
o 119889548989063 0.04
o 119823232067905 0.04
o 119792775550723 0.04
o 119769533815498 0.04
o 119711698237498 0.04
o 119688491106289 0.04
o 119680002147278 0.04
o 119673312127143 0.04
o 119639387833756 0.04
o 119516359367293 0.04
o 119450993578269 0.04
o 119401387482250 0.04
generalized-ising-IS20_5.0.5.0.0.5_softer_periodic
o 125241857500695 0.02
o 125026322643735 0.03
o 124874793876150 0.03
o 124779122150369 0.03
o 124507785539238 0.03
o 124340831066729 0.03
o 124156397895442 0.03
o 124118294465869 0.03
o 123919431835685 0.03
o 123881630815219 0.03
o 123661989791416 0.03
o 123420596432850 0.03
o 123258763310286 0.03
o 123187941094927 0.03
o 123067441998813 0.03
o 122977368962067 0.03
o 122758822177735 0.03
o 122670517479496 0.03
o 122576875934610 0.03
o 122419312305274 0.03
o 122181558869950 0.03
o 122020717342340 0.03
o 121982258693173 0.03
o 121954671104314 0.03
o 121745415468639 0.03
o 121651905560289 0.03
o 121588771342228 0.03
o 121489164560080 0.03
o 121386547599163 0.03
o 121272176988303 0.03
o 121089171988897 0.03
o 121029922867722 0.03
o 120975559784253 0.03
o 120857086751154 0.03
o 120749728542882 0.03
o 120673338607013 0.03
o 120562803321893 0.03
o 120427480453936 0.03
o 120326498362345 0.03
o 120238441931862 0.03
o 120183297636322 0.03
o 120094632388704 0.03
o 119979823243226 0.03
o 119975376841671 0.03
o 119950527052816 0.03
o 119893105104089 0.03
o 119857031781115 0.03
o 119834324323771 0.03
o 119779887942886 0.03
o 119776698415683 0.03
o 119709929911691 0.03
o 119624720785163 0.03
o 119589204728656 0.03
o 119508881457545 0.03
generalized-ising-IS20_5.0.5.0.0.5_softer_periodic
o 126760065679712 0.02
o 126730800689234 0.03
o 126431451312941 0.03
o 126372625163042 0.03
o 126133897981706 0.03
o 126006471220937 0.03
o 125807651864290 0.03
o 125718696330460 0.03
o 125643060866607 0.03
o 125559189200890 0.03
o 125388117336780 0.03
o 125176986653963 0.03
o 125003951443679 0.03
o 124761404301452 0.03
o 124601103131814 0.03
o 124440866444095 0.03
o 124280160434221 0.03
o 124093936847077 0.03
o 123825133426697 0.03
o 123640354933488 0.03
o 123411681523550 0.03
o 123321978167884 0.03
o 123317172115618 0.03
o 122988929230029 0.03
o 122876246787645 0.03
o 122744491564909 0.03
o 122686256318101 0.03
o 122601751462474 0.03
o 122460746537356 0.03
o 122404711408073 0.03
o 122262958698013 0.03
o 122092494741189 0.03
o 122019372425986 0.03
o 121881239948623 0.03
o 121686854813522 0.03
o 121652363199317 0.03
o 121530384161379 0.03
o 121436924806810 0.03
o 121370977420878 0.03
o 121308509809358 0.03
o 121171849844591 0.03
o 121156708356377 0.03
o 121103282064389 0.03
o 121063310687677 0.03
o 120968808989007 0.03
o 120924251463406 0.03
o 120785306056951 0.03
o 120727481829478 0.03
o 120706464655488 0.03
o 120634322128724 0.03
o 120593934228361 0.03
o 120474214543527 0.03
o 120355592948652 0.03
o 120341047018794 0.03
o 120222445813472 0.03
o 120113555122883 0.03
o 120078172365794 0.03
o 120076749442015 0.03
o 119988453195405 0.03
o 119885982356045 0.03
o 119834770017326 0.03
o 119794951261743 0.03
o 119729949585341 0.03
o 119702466928350 0.03
o 119663939797174 0.03
o 119604155487579 0.03
o 119543593640542 0.03
o 119503610748956 0.03
o 119450993578269 0.03
o 119401387482250 0.03
generalized-ising-IS20_5.0.5.0.0.5_softer_periodic
o 124544765081048 0.03
o 124464226538311 0.04
o 124302727804544 0.04
o 124154917620156 0.04
o 123998282075574 0.04
o 123837315110807 0.04
o 123627140245539 0.04
o 123593892420916 0.04
o 123465273353609 0.04
o 123280544332745 0.04
o 123127339019952 0.04
o 122988028976307 0.04
o 122778289438425 0.04
o 122728231584385 0.04
o 122676123650272 0.04
o 122629669023411 0.04
o 122552194783834 0.04
o 122436440830766 0.04
o 122291303216362 0.04
o 122190891046668 0.04
o 122167161714608 0.04
o 122010839467676 0.04
o 121859627881274 0.04
o 121705848006433 0.04
o 121641142699715 0.04
o 121474102685535 0.04
o 121382296102924 0.04
o 121243609719166 0.04
o 121059841177607 0.04
o 121000902667851 0.04
o 120997538339131 0.04
o 120854351787286 0.04
o 120835100957449 0.04
o 120675385900007 0.04
o 120584465028775 0.04
o 120429602516887 0.04
o 120407499111019 0.04
o 120374523687693 0.04
o 120239920262237 0.04
o 120235808194851 0.04
o 120113555961795 0.04
o 120089931677967 0.04
o 120041543772751 0.04
o 120000452777961 0.04
o 119958553361157 0.04
o 119919075954845 0.04
o 119834762267646 0.04
o 119787892369634 0.04
o 119734061508844 0.04
o 119729872126403 0.04
o 119664050348099 0.04
o 119628693141413 0.04
o 119584038061159 0.04
generalized-ising-IS20_5.0.5.0.0.5_softer_periodic
o 126946937750490 0.02
o 126749631859448 0.03
o 126569220264499 0.03
o 126305538311354 0.03
o 126076227927105 0.03
o 125957108235302 0.03
o 125795284881166 0.03
o 125563950120743 0.03
o 125506206577084 0.03
o 125278614966651 0.03
o 125176949096325 0.03
o 124939682697008 0.03
o 124733087819334 0.03
o 124568466248572 0.03
o 124420381448234 0.03
o 124263655407622 0.03
o 124104543923039 0.03
o 124004374006785 0.03
o 123830906002769 0.03
o 123692175821012 0.03
o 123633748530452 0.03
o 123544865532010 0.03
o 123497352052587 0.03
o 123314884776718 0.03
o 123308958435770 0.03
o 123200472973482 0.03
o 123135888407459 0.03
o 123051504845346 0.03
o 122894224356192 0.03
o 122828315564020 0.03
o 122733574377030 0.03
o 122496235995617 0.03
o 122272257701933 0.03
o 122040762821259 0.03
o 121997386626863 0.03
o 121907012408667 0.03
o 121794533113581 0.03
o 121671054710589 0.03
o 121553324923859 0.03
o 121400721910373 0.03
o 121231262786838 0.03
o 121217208494455 0.03
o 121036958688543 0.03
o 120906621525920 0.03
o 120801230823142 0.03
o 120747438389238 0.03
o 120707438631821 0.03
o 120675767034264 0.03
o 120426403880856 0.03
o 120369297813161 0.03
o 120346287759208 0.03
o 120269262403243 0.03
o 120244341809280 0.03
o 120114908725176 0.03
o 120074604762677 0.03
o 120008785770586 0.03
o 119927305644791 0.03
o 119894925103128 0.03
o 119815702484182 0.03
o 119773690480614 0.03
o 119746993755030 0.03
o 119726162838701 0.03
o 119710930363354 0.03
o 119649971604459 0.03
o 119555540047961 0.03
o 119516359367292 0.03
o 119450993578269 0.03
generalized-ising-IS20_5.0.5.0.0.5_softer_periodic
o 124509802822120 0.02
o 124385821748169 0.03
o 124222516380707 0.03
o 124067668680614 0.03
o 123961941654956 0.03
o 123869417380353 0.03
o 123728475484751 0.03
o 123575808304801 0.03
o 123384627229436 0.03
o 123262373008253 0.03
o 123157150821490 0.03
o 123044228367917 0.03
o 122873650545060 0.03
o 122789524308732 0.03
o 122715684439482 0.03
o 122558205209793 0.03
o 122472420248943 0.03
o 122303313900958 0.03
o 122186139147897 0.03
o 122047974069417 0.03
o 121981769140842 0.03
o 121803127533452 0.03
o 121669046531290 0.03
o 121517789898351 0.03
o 121385450584230 0.03
o 121206141488567 0.03
o 121118147054576 0.03
o 120982961975309 0.03
o 120954071957797 0.03
o 120925468241713 0.03
o 120855368667412 0.03
o 120724295952042 0.03
o 120672333611266 0.03
o 120576515714597 0.03
o 120530603761316 0.03
o 120515132480935 0.03
o 120507920202593 0.03
o 120348181083256 0.03
o 120337063020609 0.03
o 120302208960189 0.03
o 120240520024542 0.03
o 120144042459822 0.03
o 120042521955611 0.03
o 120012044657635 0.03
o 119926298514549 0.03
o 119849671537689 0.03
o 119759788914927 0.03
o 119669854727599 0.03
o 119650740602485 0.03
o 119610240595713 0.03
o 119552784780706 0.03
generalized-ising-IS20_5.0.5.0.0.5_softer_periodic
o 126621230611237 0.02
o 126613664738391 0.02
o 126413237236990 0.02
o 126314888278797 0.03
o 126077084313004 0.03
o 125949470653932 0.03
o 125721396129618 0.03
o 125553772708317 0.03
o 125278574422476 0.03
o 125034988089337 0.03
o 124868896662081 0.03
o 124745433756226 0.03
o 124521086892602 0.03
o 124465416234378 0.03
o 124334128081503 0.03
o 124128474609392 0.03
o 123907578605169 0.03
o 123788710496745 0.03
o 123612768553963 0.03
o 123448028204031 0.03
o 123382370080448 0.03
o 123168858450806 0.03
o 122942669267013 0.03
o 122746410397110 0.03
o 122614222808436 0.03
o 122451974033333 0.03
o 122427510992164 0.03
o 122280626168076 0.03
o 122101666566359 0.03
o 121843442299055 0.03
o 121754920037771 0.03
o 121720897439549 0.03
o 121507121613447 0.03
o 121383383790866 0.03
o 121350851374570 0.03
o 121301211892450 0.03
o 121242120880317 0.03
o 121224144998859 0.03
o 121088102765218 0.03
o 120871808724532 0.03
o 120865701467642 0.03
o 120754620709502 0.03
o 120552080276386 0.03
o 120486266759137 0.03
o 120369186221181 0.03
o 120247271836458 0.03
o 120185845562887 0.03
o 120073665217655 0.03
o 120029543462829 0.03
o 120018276279228 0.03
o 119948957311673 0.03
o 119926632135095 0.03
o 119811438486077 0.03
o 119734994171202 0.03
o 119699994779240 0.03
o 119612721966262 0.03
o 119594076358924 0.03
o 119527833947538 0.03
o 119500599674288 0.03
o 119450993578269 0.03
o 119401387482250 0.03
