generalized-ising-IS17_5.0.5.0.0.5_softer_periodic
o 119565958521157 0.03
o 119398831380213 0.03
o 119127769461747 0.03
o 118923272099068 0.03
o 118713636043399 0.03
o 118545432044184 0.03
o 118363728454881 0.03
o 118242866186284 0.03
o 118044591890646 0.03
o 117927526236678 0.03
o 117831517438057 0.03
o 117678968932421 0.03
o 117535351580145 0.03
o 117364339822229 0.03
o 117220403786588 0.03
o 117176389901052 0.03
o 117082087639411 0.03
o 116975631653710 0.03
o 116866981934595 0.03
o 116804771659392 0.03
o 116690862029702 0.03
o 116589520820383 0.03
o 116520981170877 0.03
o 116476956984942 0.03
o 116439494804016 0.03
o 116394308591073 0.03
o 116357611519140 0.03
o 116290418519483 0.03
o 116235109274797 0.03
o 116216273458802 0.03
o 116183160331740 0.03
o 116156649556568 0.03
o 116146340421893 0.03
o 116097243064702 0.03
o 116074975663802 0.03
o 116058542955564 0.03
o 116034725509243 86.46
o 116032940849767 86.46
o 116013492368326 86.46
o 116008859996784 86.46
o 115986814761396 86.46
o 115981577438729 86.46
o 115972378043097 86.46
o 115969600395072 86.46
o 115965614621196 86.46
o 115963513073651 86.46
o 115951894437848 86.46
o 115946744968192 86.46
o 115936202276029 86.46
o 115931526905537 86.46
o 115930009302708 86.46
o 115926819504080 86.46
o 115923165876990 86.46
o 115911762298336 86.46
o 115910230083053 86.46
o 115908357063174 86.46
generalized-ising-IS17_5.0.5.0.0.5_softer_periodic
o 122351538464816 0.02
o 122070372580370 0.02
o 121809097336413 0.02
o 121543555006721 0.02
o 121243162869394 0.02
o 121021126834869 0.02
o 120737155244459 0.02
o 120558514138182 0.02
o 120394636382473 0.02
o 120204844468451 0.02
o 120051643360370 0.02
o 119888869018923 0.02
o 119688119702304 0.02
o 119627266585903 0.02
o 119496469184174 0.02
o 119258693405530 0.02
o 119099649239682 0.02
o 118952000887118 0.02
o 118772238910367 0.02
o 118630971613526 0.02
o 118565308366938 0.02
o 118430885042836 0.02
o 118264251105161 0.02
o 118150524440302 0.02
o 117990084252694 0.02
o 117888904627769 0.02
o 117796213093964 0.02
o 117680307978015 0.02
o 117584019135063 0.02
o 117467307011507 0.02
o 117379694623453 0.02
o 117267032770748 0.02
o 117169594090489 0.02
o 117056594327617 0.02
o 116971361744288 0.02
o 116897658644297 0.02
o 116828195393585 0.02
o 116770571120743 0.02
o 116688672007246 0.02
o 116605602408067 0.02
o 116541934784670 0.02
o 116425533080772 0.02
o 116370278902374 0.02
o 116335691114552 0.02
o 116316271048549 0.02
o 116302621360389 0.02
o 116262100046023 0.02
o 116249713391248 0.02
o 116196090254959 0.02
o 116160138598326 0.02
o 116131689812180 0.02
o 116110608454254 0.03
o 116101852532835 0.03
o 116094862792284 0.03
o 116092765930864 0.03
o 116089814439116 0.05
o 116082617531450 0.05
o 116072133567324 86.17
o 116039456382559 86.17
o 116010936333732 86.17
o 116008671610158 86.17
o 116008506810578 86.17
o 115993959976453 86.17
o 115987197496926 86.17
o 115981560700086 86.17
o 115970406731094 86.17
o 115964960540431 86.17
o 115953989631742 86.17
o 115931938847903 86.17
o 115927980320482 86.17
generalized-ising-IS17_5.0.5.0.0.5_softer_periodic
o 119254284838814 0.02
o 119144234849756 0.02
o 119014935994744 0.02
o 118731238674259 0.02
o 118495331673100 0.02
o 118314830659037 0.02
o 118135341352974 0.02
o 117985922653899 0.02
o 117860217996238 0.02
o 117802080635293 0.02
o 117659375720922 0.02
o 117567152642714 0.02
o 117467940174503 0.02
o 117318225887342 0.02
o 117222746572888 0.02
o 117121735594061 0.02
o 117018686707925 0.02
o 116949637534517 0.02
o 116829574441964 0.02
o 116787267828159 0.02
o 116747564697222 0.02
o 116700542691443 0.02
o 116618758824005 0.02
o 116551541595100 0.02
o 116512411756980 0.02
o 116457869469562 0.02
o 116402887701617 0.02
o 116322463871666 0.02
o 116320527602962 0.02
o 116309814510571 0.02
o 116286592969378 0.02
o 116285881124718 0.02
o 116263094544002 0.02
o 116232507179677 0.02
o 116210651882895 0.02
o 116170148633387 0.03
o 116145342011862 0.03
o 116127138984789 0.03
o 116123838656174 0.03
o 116122958570110 0.04
o 116122222661702 0.04
o 116117569927128 0.06
o 116099089669750 87
o 116087179842327 87
o 116052561666962 87
o 116051628037957 87
o 116019322318389 87
o 116006926437384 87
o 116002878293373 87
o 115992680419169 87
o 115989415429341 87
o 115976139229663 87
o 115970553702203 87
o 115966293229674 87
o 115965351518356 87
o 115964885555541 87
o 115956605975683 87
o 115955604058403 87
o 115946714934246 87
o 115945972948184 87
o 115945472514114 87
o 115938997190312 87
o 115938356060901 87
generalized-ising-IS17_5.0.5.0.0.5_softer_periodic
o 119990982759488 0.03
o 119827750338318 0.03
o 119609701125954 0.03
o 119414647389580 0.03
o 119215479131906 0.03
o 119029488879859 0.03
o 118809619145831 0.03
o 118662096877999 0.03
o 118571478178104 0.03
o 118392929366411 0.03
o 118228458299937 0.03
o 118025904714243 0.03
o 117882768314882 0.03
o 117777608448473 0.03
o 117689072063820 0.03
o 117659332156823 0.03
o 117554465539091 0.03
o 117457276021203 0.03
o 117342437506388 0.03
o 117238777009103 0.03
o 117179950364403 0.03
o 117068342246008 0.03
o 117006149423083 0.03
o 116873788686988 0.03
o 116825415723456 0.03
o 116757935867632 0.03
o 116656477852383 0.03
o 116598118204635 0.03
o 116566075588134 0.03
o 116506622378303 0.03
o 116447789366196 0.03
o 116401056438317 0.03
o 116321571612382 0.03
o 116278085858684 0.03
o 116255455684014 0.03
o 116206559304774 0.03
o 116185261982512 0.03
o 116171910390440 0.03
o 116161822944395 0.03
o 116155009744447 0.03
o 116129927206433 0.03
o 116085127361765 0.03
o 116079066677464 0.03
o 116058651999651 95.24
o 116048440382506 95.24
o 116032317794047 95.24
o 116026503490470 95.24
o 116003749762326 95.24
o 115995792163452 95.24
o 115994736849957 95.24
o 115987283916350 95.24
o 115979143121567 95.24
o 115975869363837 95.24
o 115961298709614 95.24
o 115950364940148 95.24
o 115949678996623 95.24
o 115947579035402 95.24
o 115938160776876 95.24
o 115932098141963 95.24
generalized-ising-IS17_5.0.5.0.0.5_softer_periodic
o 121861616335570 0.03
o 121587499915081 0.03
o 121315272321100 0.03
o 121018212973596 0.03
o 120834472313983 0.03
o 120628649981832 0.03
o 120484167167636 0.03
o 120251489937854 0.03
o 120073016615767 0.03
o 119779324105955 0.03
o 119587198558889 0.03
o 119368158819463 0.03
o 119137796592920 0.03
o 118929485211389 0.03
o 118785134807673 0.03
o 118658750764045 0.03
o 118480216808351 0.03
o 118285846487559 0.03
o 118212721935179 0.03
o 118073660041960 0.03
o 118064713539253 0.03
o 117884759837152 0.03
o 117781553271616 0.03
o 117713899573278 0.03
o 117631431852707 0.03
o 117513366882109 0.03
o 117455971584619 0.03
o 117370741860208 0.03
o 117299423029672 0.03
o 117213385722622 0.03
o 117127219469520 0.03
o 117041458992013 0.03
o 116989157235059 0.03
o 116911898564188 0.03
o 116873196371667 0.03
o 116750946227576 0.03
o 116707887376987 0.03
o 116661293063429 0.03
o 116566251895846 0.03
o 116548116481934 0.03
o 116499029953684 0.03
o 116440996093375 0.03
o 116434192919001 0.03
o 116426191853619 0.03
o 116416627546718 0.03
o 116395038320811 0.03
o 116347804728109 0.03
o 116322913583417 0.03
o 116269624872754 0.03
o 116209849210753 0.03
o 116207637908241 0.03
o 116198128184601 0.03
o 116184220078048 0.03
o 116170050152592 0.03
o 116165990823461 0.03
o 116154473007539 0.03
o 116119826047446 0.03
o 116109489345788 0.03
o 116106163091195 0.05
o 116104618257231 0.05
o 116093019138853 94.46
o 116054652225732 94.46
o 116037044160807 94.46
o 116036340010276 94.46
o 116035115144139 94.46
o 116007067611867 94.46
o 115986053282457 94.46
o 115966578896642 94.46
o 115957840443984 94.46
o 115954456742433 94.46
o 115950746964214 94.46
o 115946940735765 94.46
o 115942396986972 94.46
o 115941217197671 94.46
generalized-ising-IS17_5.0.5.0.0.5_softer_periodic
o 120139824514587 0.02
o 119896110521291 0.02
o 119682321877588 0.02
o 119425581865107 0.02
o 119228117024653 0.02
o 119038967653465 0.02
o 118871113354040 0.02
o 118680222914047 0.02
o 118562819670578 0.02
o 118438663695919 0.02
o 118271952842824 0.02
o 118145163634266 0.02
o 118047950807603 0.02
o 117924629886167 0.02
o 117790785740600 0.02
o 117735647212976 0.02
o 117599986381767 0.02
o 117514916806716 0.02
o 117369661917457 0.02
o 117253177897369 0.02
o 117188681721174 0.02
o 117098838216005 0.02
o 117006751117404 0.02
o 116904152966386 0.02
o 116850221343134 0.02
o 116776443856362 0.02
o 116716113695382 0.02
o 116664202068713 0.02
o 116613548301993 0.02
o 116532133823361 0.02
o 116489925882465 0.02
o 116416284017645 0.02
o 116351693693332 0.02
o 116319590263692 0.02
o 116277511687856 0.02
o 116264656936789 0.02
o 116251662613898 0.02
o 116233811897147 0.02
o 116201632957783 0.02
o 116177200370754 0.02
o 116168165659305 0.02
o 116167203841399 0.02
o 116152629053454 0.02
o 116152227582507 0.03
o 116149137640759 0.03
o 116139214408430 0.04
o 116131958813424 0.04
o 116120601226006 0.04
o 116081254442489 90.31
o 116054747767273 90.31
o 116027474732679 90.31
o 116015739200707 90.31
o 116001296618393 90.31
o 115991978885318 90.31
o 115991846587697 90.31
o 115984349292976 90.31
o 115967487645159 90.31
o 115936620370477 90.31
o 115933735930382 90.31
o 115927456364244 90.31
o 115919824687639 90.31
o 115913351075000 90.31
o 115908357063177 90.31
o 115908264255764 90.31
generalized-ising-IS17_5.0.5.0.0.5_softer_periodic
o 122964523915923 0.03
o 122655405578297 0.03
o 122419131300434 0.03
o 122216174081867 0.03
o 121902795175147 0.03
o 121704297953461 0.03
o 121386343143122 0.03
o 121101140054933 0.03
o 120849739135857 0.03
o 120611618501278 0.03
o 120404589275085 0.03
o 120193921355071 0.03
o 119976437975161 0.03
o 119799354526796 0.03
o 119547882574961 0.03
o 119362654036017 0.03
o 119156613503097 0.03
o 119045480700005 0.03
o 118904820131098 0.03
o 118746673423492 0.03
o 118532589115769 0.03
o 118447490369984 0.03
o 118338897461474 0.03
o 118187619002482 0.03
o 118083996060888 0.03
o 117955761211875 0.03
o 117872806255517 0.03
o 117785431473808 0.03
o 117628939201683 0.03
o 117506395531080 0.03
o 117423966114644 0.03
o 117293141452642 0.03
o 117118791407509 0.03
o 117077222006412 0.03
o 117024672520394 0.03
o 116973564454207 0.03
o 116884822868171 0.03
o 116830852376810 0.03
o 116755099604690 0.03
o 116709489724534 0.03
o 116665664674013 0.03
o 116579248670548 0.03
o 116559871147226 0.03
o 116502320416633 0.03
o 116473327157876 0.03
o 116447967828145 0.03
o 116422002752668 0.03
o 116385014570128 0.03
o 116357087116492 0.03
o 116347123726565 0.03
o 116324326444349 0.03
o 116292575281646 0.03
o 116281909925606 0.03
o 116249307189394 0.03
o 116244296890746 0.03
o 116206845224346 0.03
o 116191729520794 0.03
o 116187513977982 0.03
o 116176525455124 0.03
o 116120114547556 0.03
o 116114976446644 0.03
o 116090275551611 90.45
o 116059964843060 90.45
o 116027296662406 90.45
o 116005104985372 90.45
o 115990279638888 90.45
o 115978683528462 90.45
o 115977253516930 90.45
o 115975429010320 90.45
o 115964623545131 90.45
o 115955461984360 90.45
o 115953478497202 90.45
o 115950003248423 90.45
o 115937791322913 90.45
generalized-ising-IS17_5.0.5.0.0.5_softer_periodic
o 120326696585365 0.02
o 120184223294820 0.02
o 119938990755381 0.02
o 119630941818633 0.02
o 119400577963082 0.02
o 119191041797000 0.02
o 119024418093978 0.02
o 118838044443636 0.02
o 118756403881089 0.02
o 118524817492478 0.02
o 118393115889690 0.02
o 118210362031690 0.02
o 118074105699867 0.02
o 117940316468777 0.02
o 117854498324058 0.02
o 117768827940541 0.02
o 117605664416369 0.02
o 117446144247450 0.02
o 117335988135375 0.02
o 117166929284262 0.02
o 117082164850139 0.02
o 117013678445908 0.02
o 116916996694340 0.02
o 116854644023883 0.02
o 116763951335838 0.02
o 116710496451650 0.02
o 116659062110865 0.02
o 116587806662917 0.02
o 116455882113751 0.02
o 116415092698283 0.02
o 116358039412666 0.02
o 116297025635363 0.02
o 116297008622877 0.02
o 116260296216468 0.02
o 116204460706256 0.02
o 116164841166872 0.02
o 116157357891435 0.02
o 116151041423615 0.02
o 116126745438091 0.02
o 116116954298521 0.02
o 116103884454140 0.02
o 116087841156074 0.03
o 116055679633836 89.05
o 116033441326639 89.05
o 116021734134485 89.05
o 115999118470922 89.05
o 115987971936285 89.05
o 115974867271764 89.05
o 115964423032386 89.05
o 115964243977837 89.05
o 115953317542144 89.05
o 115942087016593 89.05
o 115938370992509 89.05
o 115928156249029 89.05
o 115922787415315 89.05
o 115913351074981 89.05
generalized-ising-IS17_5.0.5.0.0.5_softer_periodic
o 122569561656995 0.03
o 122326781212739 0.03
o 121999737998879 0.03
o 121790335410291 0.03
o 121573883954717 0.03
o 121301913962976 0.03
o 121018316221534 0.03
o 120710086773517 0.03
o 120453746058037 0.03
o 120237785324333 0.03
o 120013540069174 0.03
o 119880936512424 0.03
o 119766306703653 0.03
o 119648058165973 0.03
o 119518876630248 0.03
o 119319501261568 0.03
o 119190358545298 0.03
o 119058100129291 0.03
o 118949716820349 0.03
o 118725283506551 0.03
o 118524043376828 0.03
o 118378370320458 0.03
o 118222110281117 0.03
o 118087445348918 0.03
o 117960977350857 0.03
o 117824585997158 0.03
o 117745218772212 0.03
o 117639391625362 0.03
o 117536550271841 0.03
o 117454265489068 0.03
o 117355890514167 0.03
o 117249641096477 0.03
o 117180637626168 0.03
o 117071126263537 0.03
o 116979996933941 0.03
o 116900062064848 0.03
o 116791771394712 0.03
o 116717188835720 0.03
o 116627502207297 0.03
o 116541569077383 0.03
o 116495475984733 0.03
o 116440460944843 0.03
o 116397516725667 0.03
o 116384160734001 0.03
o 116312473469153 0.03
o 116298640452726 0.03
o 116256088647650 0.03
o 116197216433237 0.03
o 116189449432706 0.03
o 116174750887199 0.03
o 116142374048709 0.03
o 116128653967271 0.03
o 116111874589715 0.03
o 116095465214724 0.03
o 116082851630797 0.03
o 116069931686191 92.11
o 116067426382292 92.11
o 116059753447822 92.11
o 116037161397941 92.11
o 116013078289941 92.11
o 115985919414007 92.11
o 115967828331930 92.11
o 115957213435017 92.11
o 115957030230742 92.11
o 115939374197504 92.11
o 115929359834977 92.11
generalized-ising-IS17_5.0.5.0.0.5_softer_periodic
o 121080989446112 0.02
o 120901370404588 0.02
o 120609132032825 0.02
o 120394180610717 0.02
o 120062480878425 0.02
o 119856103189537 0.02
o 119637697537643 0.02
o 119527871767847 0.02
o 119356796750139 0.02
o 119194150356323 0.02
o 119019964703465 0.02
o 118771409837212 0.02
o 118651292452420 0.02
o 118547025652130 0.02
o 118391331392780 0.02
o 118316953627884 0.02
o 118143612974200 0.02
o 118026039096688 0.02
o 117896785325908 0.02
o 117754017256839 0.02
o 117547325031533 0.02
o 117429480577364 0.02
o 117341883482841 0.02
o 117203510308176 0.02
o 117107974582899 0.02
o 117024222301037 0.02
o 116963079817127 0.02
o 116927378637781 0.02
o 116890397767111 0.02
o 116835047162282 0.02
o 116738764921797 0.02
o 116705832899952 0.02
o 116625110747411 0.02
o 116532919488319 0.02
o 116476099253648 0.02
o 116475821424119 0.02
o 116420602618423 0.02
o 116376214316235 0.02
o 116332109490990 0.02
o 116302696034794 0.02
o 116293704052443 0.02
o 116266824985353 0.02
o 116224064284953 0.02
o 116215953946311 0.02
o 116212261823402 0.02
o 116164988353731 0.02
o 116163940687812 0.02
o 116163666151533 0.02
o 116159120458020 0.02
o 116147901753955 0.02
o 116139137424165 0.03
o 116135007266654 0.04
o 116109579261614 0.04
o 116097685770169 0.04
o 116086840831723 0.04
o 116072133567322 94
o 116039456382556 94
o 116035115144139 94
o 116006926437381 94
o 116003749762320 94
o 115995454597846 94
o 115980108289591 94
o 115973260701721 94
o 115973116027666 94
o 115970106268178 94
o 115955442567779 94
o 115950890259026 94
o 115950760323811 94
o 115943383625489 94
o 115937648760334 94
o 115925160544943 94
o 115918543885376 94
