generalized-ising-IS4_5.0.5.0.0.5_softer_periodic
o 119226199686282 0.03
o 119100253939460 0.03
o 118936035707234 0.03
o 118834702904149 0.03
o 118745605101025 0.03
o 118540049226610 0.03
o 118520265420955 0.03
o 118470014512966 0.03
o 118464550060296 0.03
o 118375633123612 0.03
o 118321938984429 0.03
o 118238639205982 0.03
o 118186586586193 0.03
o 118179539835128 0.03
o 118141924281676 0.03
o 118094429544490 0.03
o 118092741316152 0.03
o 118000930417736 0.03
o 117960446217642 0.03
o 117935962294042 0.04
o 117929577109685 0.04
o 117851994443819 0.04
o 117760126641131 0.04
o 117745896461423 0.04
o 117737575954425 0.04
o 117705231780790 0.04
o 117686885589329 0.04
o 117615100992172 0.04
o 117595825248187 0.04
o 117510248721866 0.04
o 117385358209397 0.04
o 117333607827246 0.04
o 117257793488256 0.04
o 117181344847814 0.04
o 117082240466675 0.04
o 117052708556838 0.04
o 117035842052281 0.04
o 116952640169127 0.04
o 116912453621676 0.04
o 116887075000197 0.04
o 116795892099148 85.73
o 116763766911060 85.74
o 116726214943215 85.74
o 116688550141019 185.12
o 116684655908503 185.12
o 116655885877960 185.12
o 116624144465863 185.12
o 116584215892193 185.12
o 116535279487774 185.12
o 116504621615469 185.12
o 116469118625028 185.12
o 116450114192750 185.12
o 116414955070584 185.12
o 116393582483429 185.12
o 116366963200285 185.12
o 116336426738377 185.12
o 116315936943096 185.12
o 116309956161568 185.13
o 116262379776669 185.13
o 116262318185374 185.13
o 116256271877785 185.13
o 116250249649855 185.13
o 116249871631930 185.13
o 116247746244831 185.13
o 116242662810835 185.13
o 116212467254382 185.13
o 116189011847477 185.13
o 116179379752764 185.13
o 116126932410401 185.13
o 116119509478540 185.13
generalized-ising-IS4_5.0.5.0.0.5_softer_periodic
o 118411779629941 0.02
o 118370613745495 0.02
o 118349338501538 0.02
o 118323796171846 0.02
o 118263404034519 0.02
o 118237396409584 0.02
o 118192539585887 0.03
o 118190653378796 0.03
o 118096527148259 0.03
o 118055913011722 0.03
o 118023005486620 0.03
o 117905201641007 0.03
o 117815666184169 0.03
o 117755760092269 0.03
o 117741175771697 0.03
o 117654801682254 0.03
o 117650847255269 0.03
o 117610542356553 0.03
o 117536010207342 0.03
o 117428935381488 0.03
o 117303327758125 0.03
o 117231920689818 0.03
o 117125924263502 0.03
o 117041267167929 0.03
o 116894168522689 0.03
o 116811360595136 0.03
o 116766185842887 0.03
o 116688737704555 0.03
o 116641293009683 0.03
o 116641248428939 189.38
o 116638261396537 189.38
o 116597536194732 189.38
o 116560681798861 189.38
o 116524186444563 189.38
o 116498882361106 189.38
o 116466141507932 189.38
o 116443845472693 189.38
o 116407863798653 189.38
o 116371730029122 189.38
o 116367569314168 189.38
o 116357611437935 189.38
o 116339011257423 189.38
o 116318499160249 189.38
o 116302343753654 189.38
o 116289675608334 189.38
o 116282175876449 189.38
o 116276342246470 189.38
o 116265240302388 189.38
o 116264747325546 189.38
o 116256276060410 189.38
o 116240952715141 189.38
generalized-ising-IS4_5.0.5.0.0.5_softer_periodic
o 119634526003939 0.03
o 119628691653751 0.03
o 119509441153697 0.03
o 119464264851164 0.03
o 119357961542850 0.03
o 119308323202352 0.03
o 119141882877807 0.03
o 119004922117647 0.03
o 118865288868774 0.03
o 118849893028572 0.03
o 118782501296459 0.03
o 118689692102019 0.03
o 118606172796983 0.03
o 118489720832547 0.03
o 118429986232825 0.03
o 118417486884352 0.03
o 118382609430093 0.03
o 118370201348962 0.03
o 118297788002965 0.03
o 118135515093928 0.03
o 118112994215485 0.03
o 118032358602485 0.03
o 118004747506620 0.03
o 117904663271565 0.03
o 117889207078400 0.03
o 117849331309871 0.04
o 117811136108814 0.04
o 117781852274210 0.04
o 117705994974333 0.04
o 117705825720360 0.04
o 117672820431226 0.04
o 117610349314621 0.04
o 117554473714922 0.04
o 117470829111197 0.04
o 117341942699633 0.04
o 117321749904351 0.04
o 117257551557534 0.04
o 117209914810662 0.04
o 117187598134103 0.04
o 117094278029908 0.04
o 117087043604649 0.04
o 116988762771303 0.04
o 116962675611818 0.04
o 116945720373558 0.04
o 116940834944235 0.06
o 116917537270375 187.68
o 116867318854391 187.68
o 116814871714093 187.68
o 116756115367049 187.68
o 116704703469630 187.68
o 116683821254268 187.68
o 116638387049871 187.68
o 116589088530172 187.68
o 116550380106154 187.68
o 116502799078161 187.68
o 116462328241305 187.68
o 116458249006918 187.68
o 116422367283462 187.68
o 116376119876016 187.68
o 116362598343717 187.68
o 116321661990027 187.68
o 116286008998609 187.68
o 116269980760829 187.68
o 116266636441203 187.68
o 116219328223319 187.68
o 116195322793604 187.68
generalized-ising-IS4_5.0.5.0.0.5_softer_periodic
o 118931223924613 0.02
o 118913238123523 0.03
o 118850894088436 0.03
o 118738043082681 0.03
o 118644680178819 0.03
o 118527494645760 0.03
o 118450537760872 0.03
o 118341290620740 0.03
o 118217384426444 0.03
o 118168499479882 0.03
o 118043857106650 0.03
o 117979946296026 0.03
o 117845030862118 0.03
o 117797089903913 0.03
o 117788566969685 0.03
o 117697173733897 0.03
o 117656630883193 0.03
o 117588698082499 0.03
o 117543026414141 0.03
o 117501475778875 0.03
o 117350769908849 0.03
o 117332366359596 0.03
o 117312971121009 0.03
o 117286204537167 0.03
o 117142391422991 0.03
o 117098816489286 0.04
o 117063419274583 0.04
o 116996063554512 0.04
o 116986092010062 0.04
o 116853407864641 0.04
o 116778972147580 0.04
o 116749407884242 0.04
o 116641439257674 0.04
o 116552615732925 0.04
o 116530103019551 0.04
o 116496928363577 0.04
o 116463132539710 189.6
o 116422319574138 189.6
o 116408984795009 189.6
o 116392695755941 189.6
o 116370913216279 189.6
o 116339327968282 189.6
o 116320081845066 189.6
o 116300596699592 189.6
o 116297549258442 189.6
o 116280393851649 189.6
o 116268120905851 189.6
o 116252906962637 189.6
o 116240321227668 189.6
o 116230603117594 290.94
generalized-ising-IS4_5.0.5.0.0.5_softer_periodic
o 118401857500695 0.02
o 118367741080206 0.02
o 118335513486225 0.02
o 118278454138721 0.02
o 118186322643735 0.03
o 118154793876150 0.03
o 118027785539238 0.03
o 117980831066729 0.03
o 117916397895442 0.03
o 117901989791416 0.03
o 117780596432850 0.03
o 117738763310286 0.03
o 117718822177735 0.03
o 117621558869950 0.03
o 117580717342340 0.03
o 117524099815078 0.03
o 117385270310555 0.03
o 117311542177856 0.03
o 117197617514101 0.03
o 117154349510885 0.03
o 117068089950649 0.03
o 117017192592297 0.03
o 116966535574730 0.03
o 116833996179830 0.03
o 116812035089720 0.03
o 116811233643673 0.03
o 116810018033946 0.03
o 116769612518661 185.47
o 116742659214863 185.47
o 116741428084942 185.47
o 116705475832478 185.47
o 116673175331802 185.47
o 116664664918531 185.47
o 116631004032140 185.47
o 116597887786814 185.47
o 116554893760475 185.47
o 116515628446336 185.47
o 116496755779316 185.47
o 116471176891432 185.47
o 116459851579405 185.47
o 116434298568985 185.47
o 116409060585662 185.47
o 116399134781575 185.47
o 116385549601509 185.47
o 116357186033846 185.47
o 116348578218395 185.47
o 116327090897365 185.47
o 116309078183045 185.47
o 116272490876756 185.47
o 116243676563744 185.47
o 116242420839349 185.47
o 116230786585088 185.47
generalized-ising-IS4_5.0.5.0.0.5_softer_periodic
o 118840065679712 0.02
o 118836351686416 0.02
o 118810800689234 0.02
o 118631451312941 0.02
o 118573897981706 0.02
o 118566471220937 0.02
o 118487651864290 0.02
o 118428515184666 0.02
o 118393543121859 0.02
o 118311347620165 0.02
o 118239189200890 0.02
o 118188117336780 0.02
o 118096986653963 0.02
o 118043951443679 0.02
o 117921404301452 0.02
o 117881103131814 0.02
o 117840866444095 0.02
o 117800160434221 0.02
o 117733936847077 0.02
o 117585133426697 0.02
o 117520354933488 0.03
o 117411681523550 0.03
o 117348929230029 0.03
o 117344491564909 0.03
o 117343417387267 0.03
o 117286662251186 0.03
o 117275368234069 0.03
o 117272231544659 0.03
o 117238840283621 0.03
o 117221572001752 0.03
o 117163988874977 0.03
o 117115283106358 0.03
o 117046954615913 0.03
o 116996380867228 0.03
o 116982538791600 0.03
o 116971527126148 0.03
o 116943502739795 0.03
o 116940590718332 0.03
o 116906884652002 0.03
o 116898231327471 192.48
o 116858052339049 192.49
o 116804179517969 192.49
o 116751679019790 192.49
o 116699392810785 192.49
o 116662236668140 192.49
o 116616997281637 192.49
o 116616853567987 192.49
o 116588006674227 192.49
o 116560332159482 192.49
o 116529485442862 192.49
o 116496631400270 192.49
o 116479376894081 192.49
o 116461274965733 192.49
o 116455686797251 192.49
o 116429256929976 192.49
o 116396042056842 192.49
o 116368131619990 192.49
o 116366860676025 192.49
o 116353710266612 192.49
o 116349279540400 192.49
o 116336973553808 192.49
o 116331067992756 192.49
o 116326403017802 192.49
o 116307877582603 192.49
o 116250944277201 192.49
o 116217039588097 192.49
o 116209956311767 192.49
o 116202365873936 192.49
o 116180216058921 192.49
o 116149817906314 192.49
o 116104256102402 192.49
o 116075555186594 192.49
o 116062411140512 192.49
generalized-ising-IS4_5.0.5.0.0.5_softer_periodic
o 118304765081048 0.03
o 118235646743422 0.03
o 118203036340272 0.03
o 118166584308247 0.03
o 118121381220058 0.03
o 118109980300982 0.03
o 118036658926328 0.04
o 117895328036097 0.04
o 117843378304978 0.04
o 117822727804544 0.04
o 117794917620156 0.04
o 117758282075574 0.04
o 117717315110807 0.04
o 117627140245539 0.04
o 117607339019952 0.04
o 117588028976307 0.04
o 117498289438425 0.04
o 117459758553340 0.04
o 117381471852806 0.04
o 117357850376153 0.04
o 117334956616360 0.04
o 117226348385843 0.04
o 117115435265279 0.04
o 117068635529898 0.04
o 117052275513326 0.04
o 117017107024779 0.04
o 116952692568661 0.04
o 116889477705817 0.04
o 116888811334084 0.04
o 116858703691153 0.04
o 116804670037666 0.04
o 116758890324841 0.04
o 116758291511002 0.04
o 116754234557370 0.04
o 116735569099652 193.37
o 116680279315629 193.37
o 116633447806206 193.37
o 116591608506890 193.37
o 116589960913866 193.37
o 116556656766853 193.37
o 116497595051683 193.37
o 116454198654845 193.37
o 116409032436269 193.37
o 116391233824369 193.37
o 116383342665623 193.37
o 116364043381282 193.37
o 116355948231633 193.37
o 116340223907395 193.37
o 116322299796256 193.37
o 116318602804877 193.37
o 116284854124320 193.37
o 116260618345730 193.37
o 116237513448288 193.37
o 116203042139279 193.37
o 116178660263804 193.37
o 116170022495172 193.37
o 116153027017363 193.37
o 116122711491292 295.28
generalized-ising-IS4_5.0.5.0.0.5_softer_periodic
o 119026937750490 0.02
o 118949631859448 0.03
o 118889220264499 0.03
o 118745538311354 0.03
o 118636227927105 0.03
o 118595284881166 0.03
o 118483950120743 0.03
o 118481820201221 0.03
o 118434059324379 0.03
o 118347296054148 0.03
o 118295610531417 0.03
o 118181370386647 0.03
o 118144168110075 0.03
o 118066206577084 0.03
o 117958614966651 0.03
o 117859682697008 0.03
o 117773087819334 0.03
o 117728466248572 0.03
o 117700381448234 0.03
o 117663655407622 0.03
o 117624543923039 0.03
o 117590906002769 0.03
o 117572175821012 0.03
o 117529500883361 0.03
o 117379670809477 0.03
o 117332773960581 0.03
o 117283775941749 0.03
o 117192704309261 0.03
o 117175222393981 0.03
o 117144054052475 0.03
o 117124864377512 0.03
o 117071027594990 0.03
o 116978741652414 0.03
o 116960838944081 0.03
o 116936698164372 0.03
o 116812002112892 0.03
o 116758529960340 0.03
o 116667762014537 0.03
o 116609723637876 192.96
o 116598063214627 192.96
o 116574626524656 192.96
o 116546744211846 192.96
o 116518906383913 192.96
o 116474399528605 192.96
o 116451847373084 192.96
o 116403324758706 192.96
o 116339188873244 192.96
o 116330331298057 192.96
o 116325140321636 192.96
o 116300856779478 192.96
o 116277725043738 192.96
o 116263642205324 192.96
generalized-ising-IS4_5.0.5.0.0.5_softer_periodic
o 118149802822120 0.03
o 118147022377864 0.03
o 118059979164004 0.03
o 118038557386659 0.03
o 117970327938642 0.03
o 117953987223162 0.03
o 117859296026901 0.04
o 117840566700750 0.04
o 117830161817936 0.04
o 117785821748169 0.04
o 117742516380707 0.04
o 117707668680614 0.04
o 117661879206993 0.04
o 117632432906943 0.04
o 117496645857067 0.04
o 117463264400550 0.04
o 117386970142667 0.04
o 117298985430118 0.04
o 117298496773375 0.04
o 117189098707769 0.04
o 117052172362058 0.04
o 117033250334863 0.04
o 116932313754855 0.04
o 116890700865586 0.04
o 116868274281737 0.04
o 116824548921009 0.04
o 116755055039888 0.04
o 116727720218122 0.04
o 116687076587101 187.83
o 116641640565297 187.83
o 116615517199557 187.83
o 116491488618378 187.83
o 116435278943619 187.83
o 116427643341391 187.83
o 116417060235942 187.83
o 116390683798535 187.83
o 116333298796217 187.83
o 116311279224313 187.83
o 116289922174809 187.83
o 116262982297364 187.83
o 116238960481814 187.83
o 116227346380887 187.83
o 116181569546538 288.83
o 116174136959854 288.83
generalized-ising-IS4_5.0.5.0.0.5_softer_periodic
o 119061230611237 0.02
o 119002722043550 0.02
o 118973237236990 0.03
o 118956443457365 0.03
o 118938077667004 0.03
o 118848225894300 0.03
o 118762672483916 0.03
o 118692951360811 0.03
o 118588318124091 0.03
o 118489183229609 0.03
o 118394888278797 0.03
o 118277084313004 0.03
o 118269470653932 0.03
o 118161396129618 0.03
o 118113772708317 0.03
o 117958574422476 0.03
o 117834988089337 0.03
o 117788896662081 0.03
o 117785433756226 0.03
o 117681086892602 0.03
o 117648474609392 0.03
o 117547578605169 0.03
o 117492768553963 0.03
o 117448028204031 0.03
o 117408858450806 0.03
o 117302669267013 0.03
o 117226410397110 0.03
o 117214222808436 0.03
o 117171974033333 0.03
o 117043442299055 0.03
o 117022236377322 0.04
o 117003337896354 0.04
o 116987062491033 0.04
o 116950285091241 0.04
o 116917174926140 185.39
o 116908062936270 185.39
o 116835649347730 185.39
o 116821417976986 185.39
o 116773452681332 185.39
o 116719920591699 185.39
o 116681416371369 185.39
o 116641798344827 185.39
o 116614454015970 185.39
o 116562199572267 185.39
o 116510428766960 185.39
o 116472101911851 185.39
o 116466029533417 185.39
o 116433007064019 185.39
o 116427010196160 185.39
o 116404290575202 185.39
o 116384547904685 185.39
o 116363475220510 185.39
o 116332433093132 185.39
o 116263941884407 185.39
o 116248792033560 185.39
o 116207627535413 185.39
o 116173730820815 185.39
o 116140465468313 185.39
o 116137836920241 185.39
o 116124233306774 185.39
o 116122922088154 185.39
o 116100554971066 185.39
