ParametricRBACMaintenance_mse20-role_university_multiple_0.1_1
o 131612 2.26
o 126362 2.27
o 126278 2.27
o 116343 2.29
o 114701 2.3
o 111568 2.37
o 108565 2.38
o 107553 2.59
o 107469 2.59
o 106598 11.3
o 106484 35.13
o 106465 35.14
o 106319 35.14
o 106298 35.14
o 106277 35.14
o 106233 35.14
o 106212 35.14
o 105215 37.25
o 105194 37.25
o 105173 37.25
o 105152 37.25
o 104283 37.25
o 104276 37.25
o 104255 37.25
o 104234 37.25
o 104213 37.25
o 104192 37.25
o 104171 37.25
o 104150 37.25
o 104129 37.25
o 104108 37.25
o 104087 37.25
o 104066 37.25
o 104045 37.25
o 104024 37.26
o 104003 37.26
o 103982 37.26
o 103961 37.26
o 103940 37.26
o 103919 37.26
o 103898 37.26
o 103877 37.26
o 103856 37.26
o 103835 37.26
o 103814 37.26
o 103793 37.26
o 103772 37.26
o 103751 37.26
o 103730 37.26
o 103709 37.26
o 103688 37.26
o 103667 37.26
o 103646 37.26
o 103625 37.26
o 103604 37.26
o 103583 37.26
o 103562 37.26
o 103541 37.26
o 103520 37.26
o 103499 37.26
o 103478 37.26
o 103457 37.26
o 103436 37.26
o 103415 37.26
o 103394 37.26
o 103373 37.26
o 103352 37.26
o 103331 37.26
o 103310 37.26
o 103289 37.26
o 103268 37.26
o 103247 37.26
o 103226 37.26
o 103205 37.26
o 103184 37.26
o 103163 37.26
o 103142 37.26
o 103121 37.26
o 103100 37.26
o 103079 37.26
o 103058 37.26
o 103037 37.26
o 103016 37.26
o 102995 37.26
o 102974 37.26
o 102953 37.26
o 102932 37.26
o 102911 37.26
o 102890 37.26
o 102869 37.26
o 102848 37.26
o 102827 37.26
o 102806 37.26
o 102785 37.26
o 102764 37.26
o 102743 37.26
o 102722 37.26
o 102701 37.26
o 102680 37.26
o 102659 37.26
o 102638 37.26
o 102617 37.26
o 102596 37.26
o 102575 37.26
o 102554 37.26
o 102533 37.26
o 102512 37.26
o 102491 37.26
o 102470 37.26
o 102449 37.26
o 102428 37.26
o 102407 37.26
o 102386 37.26
o 102365 37.26
o 102344 37.26
o 102323 37.26
o 102302 37.26
o 102281 37.26
o 102260 37.27
o 102239 37.27
o 102218 37.27
o 102197 37.27
o 102176 37.27
o 102155 37.27
o 102134 37.27
o 102113 37.27
o 102092 37.27
o 102071 37.27
o 102050 37.27
o 102029 37.27
o 102008 37.27
o 101987 37.27
o 101966 37.27
o 101945 37.27
o 101924 37.27
o 101903 37.27
o 101882 37.27
o 101861 37.27
o 101840 37.27
o 101819 37.27
o 101798 37.27
o 101777 37.27
o 101756 37.27
o 101735 37.27
o 101714 37.27
o 101693 37.27
o 101672 37.27
o 101651 37.27
o 101630 37.27
o 101609 37.27
o 101588 37.27
o 101567 37.27
o 101546 37.27
o 101525 37.27
o 101504 37.27
o 101483 37.27
o 101462 37.27
o 101441 37.27
o 101420 37.27
o 101399 37.27
o 101378 37.27
o 101357 37.27
o 101336 37.27
o 101315 37.27
o 101294 37.27
o 101273 37.27
o 101252 37.27
o 101231 37.27
o 101210 37.27
o 101189 37.27
o 101168 37.27
o 101147 37.27
o 101126 37.27
o 101105 37.27
o 101084 37.27
o 101063 37.27
o 101042 37.27
o 101021 37.27
o 101000 37.27
o 100979 37.27
o 100958 37.27
o 100937 37.27
o 100916 37.27
o 100895 37.27
o 100874 37.27
o 100853 37.27
o 100832 37.27
o 100811 37.27
o 100790 37.27
o 100769 37.27
o 100748 37.27
o 100727 37.27
o 100706 37.27
o 100685 37.27
o 100664 37.27
o 100643 37.27
o 100622 37.27
o 100601 37.27
o 100580 37.27
o 100559 37.27
o 100538 37.27
o 100517 37.27
o 100496 37.27
o 100475 37.28
o 100454 37.28
o 100433 37.28
o 100412 37.28
o 100391 37.28
o 100370 37.28
o 100349 37.28
o 100328 37.28
o 100307 37.28
o 100286 37.28
o 100265 37.28
o 100244 37.28
o 100223 37.28
o 100202 37.28
o 100181 37.28
o 100160 37.28
o 100139 37.28
o 100118 37.28
o 100097 37.28
o 100076 37.28
o 100055 37.28
o 100034 37.28
o 100013 37.28
o 99992 37.28
o 99971 37.28
o 99950 37.28
o 99929 37.28
o 99908 37.28
o 99887 37.28
o 99866 37.28
o 99845 37.28
o 99824 37.28
o 99803 37.28
o 99782 37.28
o 99761 37.28
o 99740 37.28
o 99719 37.28
o 99698 37.28
o 99677 37.28
o 99656 37.28
o 99635 37.28
o 99614 37.28
o 99593 37.28
o 99572 37.28
o 99551 37.28
o 99530 37.28
o 99509 37.28
o 99488 37.28
o 99467 37.28
o 99446 37.28
o 99425 37.28
o 99404 37.28
o 99383 37.28
o 99362 37.28
o 99341 37.28
o 99320 37.28
o 99299 37.28
o 99278 37.28
o 99257 37.28
o 99236 37.28
o 99215 37.28
o 99194 37.28
o 99173 37.28
o 99152 37.28
o 99131 37.28
o 99110 37.28
o 99089 37.28
o 99068 37.28
o 99047 37.28
o 99026 37.28
o 99005 37.28
o 98984 37.28
o 98963 37.28
o 98942 37.28
o 98921 37.28
o 98900 37.28
o 98879 37.28
o 98858 37.28
o 98837 37.28
o 98816 37.28
o 98795 37.28
o 98774 37.28
o 98753 37.28
o 98732 37.28
o 98711 37.28
o 98690 37.29
o 98669 37.29
o 98648 37.29
o 98627 37.29
o 98606 37.29
o 98585 37.29
o 98564 37.29
o 98543 37.29
o 98522 37.29
o 98501 37.29
o 98480 37.29
o 98459 37.29
o 98438 37.29
o 98417 37.29
o 98396 37.29
o 98375 37.29
o 98354 37.29
o 98333 37.29
o 98312 37.29
o 98291 37.29
o 98270 37.29
o 98249 37.29
o 98228 37.29
o 98207 37.29
o 98186 37.29
o 98165 37.29
o 98144 37.29
o 98123 37.29
o 98102 37.29
o 98081 37.29
o 98060 37.29
o 98039 37.29
o 98018 37.29
o 97997 37.29
o 97976 37.29
o 97955 37.29
o 97934 37.29
o 97913 37.29
o 97892 37.29
o 96576 37.29
o 94608 102.03
o 94517 102.04
o 94496 102.04
o 94475 102.04
o 94454 102.04
o 94433 102.04
o 94412 102.04
o 94391 102.04
o 94370 102.04
o 94349 102.04
o 94328 102.04
o 94307 102.04
o 94286 102.04
o 94265 102.04
o 94244 102.04
o 94223 102.04
o 94202 102.05
o 94181 102.05
o 94160 102.05
o 94139 102.05
o 94118 102.05
o 94097 102.05
o 94076 102.05
o 94055 102.05
o 94034 102.05
o 94013 102.05
o 93992 102.05
o 93971 102.05
o 93950 102.05
o 93929 102.05
o 93908 102.05
o 93887 102.05
o 93866 102.05
o 93845 102.05
o 93824 102.05
o 93803 102.05
o 93782 102.05
o 93761 102.05
o 93740 102.05
o 93719 102.05
o 93698 102.05
o 93677 102.05
o 93656 102.05
o 93635 102.05
o 93614 102.05
o 93593 102.05
o 93572 102.05
o 93551 102.05
o 93530 102.05
o 93509 102.05
o 93488 102.05
o 93467 102.05
o 93446 102.05
o 93425 102.05
o 93404 102.05
o 93383 102.05
o 93362 102.05
o 93341 102.05
o 93320 102.05
o 93299 102.05
o 93278 102.05
o 93257 102.05
o 93236 102.05
o 93215 102.05
o 93194 102.05
o 93173 102.05
o 93152 102.06
o 93131 102.06
o 93110 102.06
o 93089 102.06
o 93068 102.06
o 93047 102.06
o 93026 102.06
o 93005 102.06
o 92984 102.06
o 92963 102.06
o 91784 102.14
o 91238 102.17
o 85758 102.86
ParametricRBACMaintenance_mse20-role_university_multiple_0.1_1
o 123294 2.54
o 123021 2.54
o 113823 2.55
o 112937 2.87
o 109892 2.89
o 107490 3.69
o 107026 3.73
o 103774 4.67
o 103522 4.67
o 102317 4.68
o 100504 67.51
o 93238 67.52
o 85783 67.53
o 85769 68.05
o 85748 68.05
o 85727 68.05
o 85706 68.05
o 85685 68.05
o 85664 68.06
o 85643 68.06
o 85622 68.06
o 85601 68.06
o 85580 68.06
o 85559 68.06
o 85538 68.06
o 85517 68.06
o 85496 68.06
o 85475 68.06
o 85454 68.06
o 85433 68.06
o 85412 68.06
o 85391 68.06
o 85370 68.06
o 85349 68.06
o 85328 68.06
o 85307 68.06
o 85286 68.06
o 85265 68.06
o 85244 68.06
o 85223 68.06
o 85202 68.06
o 85181 68.06
o 85160 68.06
o 85139 68.06
o 85118 68.06
o 85097 68.06
o 85076 68.06
o 85055 68.06
o 85034 68.06
o 85013 68.06
o 84992 68.06
o 84971 68.06
o 84950 68.06
o 84929 68.06
o 84908 68.06
o 84887 68.06
o 84866 68.06
o 84845 68.06
o 84824 68.06
o 84803 68.06
o 84782 68.06
o 84761 68.06
o 84740 68.06
o 84719 68.06
o 84698 68.07
o 84677 68.07
o 84656 68.07
o 84635 68.07
o 84614 68.07
o 84593 68.07
o 84572 68.07
o 83629 70.33
o 83608 70.33
o 83587 70.33
o 83566 70.33
o 83545 70.33
o 83524 70.33
ParametricRBACMaintenance_mse20-role_university_multiple_0.1_1
o 132265 2.74
o 131677 2.74
o 131635 2.74
o 121318 2.76
o 117045 2.8
o 114810 2.8
o 112416 2.85
o 112396 2.98
o 112375 2.98
o 112354 2.98
o 112333 2.98
o 112312 2.98
o 112291 2.98
o 112270 2.98
o 112249 2.98
o 112228 2.98
o 112207 2.98
o 112186 2.98
o 112165 2.98
o 112144 2.98
o 112123 2.98
o 112102 2.99
o 112081 2.99
o 112060 2.99
o 112039 2.99
o 112018 2.99
o 111997 2.99
o 111976 2.99
o 111955 2.99
o 111934 2.99
o 111913 2.99
o 111892 2.99
o 111871 2.99
o 111850 2.99
o 111829 2.99
o 111808 2.99
o 111787 2.99
o 111766 2.99
o 111745 2.99
o 111724 2.99
o 111703 2.99
o 111682 2.99
o 111661 2.99
o 111640 2.99
o 111619 2.99
o 111598 2.99
o 111577 2.99
o 111556 2.99
o 111535 2.99
o 111514 2.99
o 111493 2.99
o 111472 2.99
o 111451 2.99
o 111430 2.99
o 111409 2.99
o 111388 2.99
o 111367 2.99
o 111346 2.99
o 111325 2.99
o 111304 2.99
o 111283 2.99
o 111262 2.99
o 111241 2.99
o 111220 2.99
o 111199 2.99
o 111178 2.99
o 111157 2.99
o 111136 2.99
o 111115 2.99
o 111094 2.99
o 111073 2.99
o 111052 2.99
o 111031 2.99
o 111010 2.99
o 110989 2.99
o 110968 2.99
o 110947 2.99
o 110926 2.99
o 110905 2.99
o 110884 2.99
o 110863 2.99
o 110842 2.99
o 110821 2.99
o 110800 2.99
o 110779 2.99
o 110758 2.99
o 110737 2.99
o 110716 2.99
o 110695 2.99
o 110674 2.99
o 110653 2.99
o 110632 2.99
o 110611 2.99
o 110590 2.99
o 110569 2.99
o 110548 2.99
o 110527 2.99
o 110506 2.99
o 110485 2.99
o 110464 2.99
o 110443 2.99
o 110422 2.99
o 110401 2.99
o 110380 2.99
o 110359 3
o 110338 3
o 110317 3
o 110296 3
o 110275 3
o 110254 3
o 110233 3
o 110212 3
o 110191 3
o 110170 3
o 110149 3
o 110128 3
o 110107 3
o 110086 3
o 110065 3
o 110044 3
o 110023 3
o 110002 3
o 109981 3
o 109960 3
o 109939 3
o 109918 3
o 109897 3
o 109876 3
o 109855 3
o 109834 3
o 109813 3
o 109792 3
o 109771 3
o 109750 3
o 109729 3
o 109708 3
o 109687 3
o 109666 3
o 109645 3
o 109624 3
o 109414 3.07
o 103807 3.08
o 103397 3.22
o 103145 3.22
o 102914 3.23
o 102864 3.67
o 98616 6.02
o 98586 6.51
o 97620 6.52
o 97606 6.73
o 97585 6.73
o 97564 6.73
o 97543 6.73
o 97522 6.73
o 97501 6.73
o 97480 6.73
o 97459 6.73
o 97438 6.73
o 97417 6.73
o 97396 6.73
o 97375 6.73
o 97354 6.73
o 97333 6.73
o 97312 6.73
o 97291 6.73
o 97270 6.73
o 97249 6.73
o 97228 6.73
o 97207 6.73
o 97186 6.73
o 97165 6.73
o 97144 6.73
o 97123 6.73
o 97102 6.73
o 97081 6.73
o 97060 6.73
o 97039 6.73
o 97018 6.73
o 96997 6.73
o 96976 6.73
o 96955 6.73
o 96934 6.73
o 94253 73.32
o 89359 73.7
o 88561 73.71
o 85768 73.77
o 85747 73.77
o 85726 73.77
o 85705 73.77
ParametricRBACMaintenance_mse20-role_university_multiple_0.1_1
o 113141 2.71
o 112717 2.82
o 109651 2.83
o 107024 3.15
o 102656 3.15
o 101690 3.16
o 86005 64.7
ParametricRBACMaintenance_mse20-role_university_multiple_0.1_1
o 120707 2.68
o 115562 2.73
o 115541 2.73
o 112496 2.78
o 111049 3.04
o 111047 3.19
o 111026 3.19
o 111005 3.19
o 110984 3.19
o 110963 3.19
o 110942 3.19
o 110921 3.19
o 110900 3.19
o 110879 3.19
o 110858 3.19
o 110837 3.19
o 108107 3.2
o 108100 35.3
o 108079 35.3
o 108058 35.3
o 108037 35.3
o 108016 35.3
o 107995 35.3
o 107974 35.3
o 107953 35.3
o 107932 35.3
o 107911 35.3
o 107890 35.3
o 107869 35.3
o 107848 35.3
o 107827 35.3
o 107806 35.3
o 107785 35.3
o 107764 35.3
o 107743 35.3
o 107722 35.3
o 107701 35.3
o 107680 35.3
o 107659 35.3
o 107638 35.3
o 107617 35.3
o 107596 35.3
o 107575 35.3
o 107554 35.3
o 107533 35.3
o 107512 35.3
o 107491 35.3
o 107470 35.3
o 107449 35.3
o 107428 35.3
o 107407 35.3
o 107386 35.3
o 107365 35.3
o 107344 35.3
o 107323 35.3
o 107302 35.3
o 107281 35.3
o 106781 47.03
o 106758 47.03
o 106756 47.03
o 106735 47.03
o 105200 73.66
o 105179 73.66
o 105022 73.67
o 105014 74.89
o 104993 74.89
o 104972 74.89
o 104951 74.89
o 104930 74.89
o 104909 74.89
o 104888 74.89
o 104867 74.89
o 104846 74.89
o 104825 74.9
o 104804 74.9
o 104783 74.9
o 104762 74.9
o 104741 74.9
o 104720 74.9
o 104699 74.9
o 104678 74.9
o 104657 74.9
o 104636 74.9
o 104615 74.9
o 104594 74.9
o 104573 74.9
o 104552 74.9
o 104531 74.9
o 104510 74.9
o 104489 74.9
o 104468 74.9
o 104447 74.9
o 104426 74.9
o 104405 74.9
o 104384 74.9
o 104363 74.9
o 104342 74.9
o 104321 74.9
o 104300 74.9
o 104279 74.9
o 104258 74.9
o 104237 74.9
o 104216 74.9
o 104195 74.9
o 104174 74.9
o 104153 74.9
o 104132 74.9
o 104111 74.9
o 104090 74.9
o 104069 74.9
o 104048 74.9
o 104027 74.9
o 104006 74.9
o 103251 115.93
o 103230 115.93
o 103228 115.93
o 103207 115.93
o 103186 115.93
o 103163 115.93
o 103157 115.93
o 103136 115.93
o 103134 115.93
o 103113 115.93
o 100649 115.94
o 99268 115.94
o 99247 115.94
o 99226 115.94
o 98288 115.94
o 98267 115.94
o 98246 115.94
o 98225 115.94
o 98223 115.94
o 94944 177.04
o 94923 177.04
o 94755 177.04
o 94209 177.04
o 92610 178.34
o 92253 178.34
o 92211 178.34
o 91959 178.35
o 91938 178.37
o 91917 178.37
o 91896 178.37
o 91875 178.37
o 91854 178.37
o 91833 178.37
o 91812 178.37
o 91791 178.37
o 91770 178.37
o 91749 178.37
o 91728 178.37
o 91707 178.37
o 91686 178.37
o 91665 178.37
o 91644 178.37
o 91623 178.37
o 91602 178.37
o 91581 178.37
o 91560 178.37
o 91539 178.37
o 91518 178.37
o 91497 178.37
o 91476 178.37
o 91455 178.37
o 91434 178.37
o 91413 178.37
o 91392 178.37
o 91371 178.37
o 91350 178.37
o 91329 178.37
o 91308 178.37
o 91287 178.37
o 91266 178.37
o 91245 178.37
o 91224 178.37
o 91203 178.37
o 91182 178.37
o 91161 178.37
o 91140 178.37
o 91119 178.37
o 91098 178.37
o 91077 178.37
o 91056 178.37
o 91035 178.37
o 91014 178.37
o 90993 178.37
o 90972 178.37
o 90951 178.37
o 90930 178.37
o 90909 178.37
o 90888 178.37
o 90867 178.37
o 90846 178.37
o 90825 178.37
o 90804 178.37
o 90783 178.37
o 90762 178.37
o 90741 178.37
o 90720 178.37
o 90699 178.37
o 90678 178.37
ParametricRBACMaintenance_mse20-role_university_multiple_0.1_1
o 121143 2.33
o 114400 2.34
o 100802 5.56
o 98051 5.56
o 96119 5.61
o 94964 5.65
o 94796 5.66
o 93996 5.85
o 93175 5.97
o 93158 6.19
o 93137 6.19
o 93116 6.19
o 93095 6.19
o 93074 6.19
o 93053 6.19
o 93032 6.2
o 93011 6.2
o 92990 6.2
o 92969 6.2
o 92948 6.2
o 92927 6.2
o 92906 6.2
o 92885 6.2
o 92864 6.2
o 92843 6.2
o 92822 6.2
o 92801 6.2
o 92780 6.2
o 92759 6.2
o 92738 6.2
o 92717 6.2
o 92696 6.2
o 92675 6.2
o 92654 6.2
o 92633 6.2
o 92612 6.2
o 92591 6.2
o 92570 6.2
o 92549 6.2
o 92528 6.2
o 92507 6.2
o 92486 6.2
o 92465 6.2
o 92444 6.2
o 92423 6.2
o 92402 6.2
o 92381 6.2
o 92360 6.2
o 92339 6.2
o 92318 6.2
o 92297 6.2
o 92276 6.2
o 92255 6.2
o 92234 6.2
o 92213 6.2
o 92192 6.2
o 92171 6.2
o 92150 6.2
o 92129 6.2
o 92108 6.2
o 92087 6.2
o 92066 6.2
o 92045 6.2
o 92024 6.2
o 92003 6.2
o 91982 6.2
o 91961 6.2
o 91940 6.2
o 91919 6.2
o 91898 6.2
o 91877 6.2
o 91856 6.2
o 91835 6.2
o 91814 6.2
o 91793 6.2
o 91772 6.2
o 91751 6.2
o 91730 6.2
o 91709 6.2
o 91688 6.2
o 91667 6.2
o 91646 6.2
o 91625 6.2
o 91604 6.2
o 91583 6.2
o 91562 6.2
o 91541 6.2
o 91520 6.2
o 91499 6.2
o 91478 6.2
o 91457 6.2
o 91436 6.2
o 91422 137.27
o 91401 137.28
o 91380 137.28
o 91359 137.28
o 91338 137.28
o 91317 137.28
o 91296 137.28
o 91275 137.28
o 91254 137.28
o 91233 137.28
o 91212 137.28
o 91191 137.28
o 91170 137.28
o 91149 137.28
o 91128 137.28
o 91107 137.28
o 91086 137.28
o 91065 137.28
o 91044 137.28
o 91023 137.28
o 91002 137.28
o 90981 137.28
o 90960 137.28
o 90939 137.28
o 90918 137.28
o 90897 137.28
o 90876 137.28
o 90855 137.28
o 90834 137.28
o 90813 137.28
o 90792 137.28
o 90771 137.28
o 90750 137.28
o 90729 137.28
o 90708 137.28
o 90687 137.28
o 90666 137.28
o 90650 200.29
o 90629 200.29
o 90608 200.29
o 90587 200.29
o 90566 200.29
o 90545 200.29
o 90524 200.29
o 90503 200.29
o 90482 200.29
o 90461 200.29
o 90440 200.29
o 90419 200.29
o 90398 200.29
o 90377 200.29
o 90356 200.29
o 90335 200.29
o 90314 200.29
o 90293 200.29
o 90272 200.29
o 90251 200.29
o 90230 200.3
o 90209 200.3
o 90188 200.3
o 90167 200.3
o 90146 200.3
o 90125 200.3
o 90104 200.3
o 89621 200.3
o 89613 202.1
o 89592 202.1
o 89571 202.1
o 89550 202.1
o 89529 202.1
o 89508 202.1
o 89487 202.1
o 89466 202.1
o 89445 202.1
o 89424 202.1
o 89403 202.1
o 89382 202.1
o 89361 202.1
o 89340 202.1
o 89319 202.1
o 89298 202.1
o 89277 202.1
o 89256 202.1
o 89249 202.11
o 89228 202.11
o 89207 202.11
o 89186 202.11
o 89165 202.11
o 89144 202.11
o 89123 202.11
o 89102 202.11
o 89081 202.11
o 89060 202.11
o 89039 202.11
o 89018 202.11
o 88997 202.11
o 88976 202.11
o 88955 202.11
o 88934 202.11
o 88913 202.11
o 88892 202.11
ParametricRBACMaintenance_mse20-role_university_multiple_0.1_1
o 133099 2.96
o 123127 4.13
o 123106 4.13
o 123085 4.13
o 123064 4.13
o 123043 4.13
o 123022 4.13
o 123001 4.13
o 122980 4.13
o 122959 4.13
o 122917 4.13
o 119597 4.32
o 119594 5.8
o 119573 5.8
o 119552 5.8
o 119531 5.8
o 119510 5.8
o 119489 5.8
o 119468 5.8
o 119447 5.8
o 119426 5.8
o 119405 5.8
o 119384 5.8
o 119363 5.8
o 119342 5.8
o 119321 5.8
o 119300 5.8
o 119279 5.8
o 119258 5.8
o 119237 5.8
o 119216 5.8
o 119195 5.8
o 119174 5.8
o 119153 5.8
o 119132 5.81
o 119111 5.81
o 119090 5.81
o 119069 5.81
o 119048 5.81
o 118124 6.46
o 111228 7.2
o 110195 7.3
o 110174 7.3
o 109687 7.74
o 107268 7.98
o 106819 27.69
o 104972 28.87
o 103570 28.87
o 103549 28.87
o 102966 36.82
o 97488 68.6
o 96781 68.61
o 96760 68.61
o 92192 134.21
o 92171 134.22
o 92150 134.22
o 92129 134.22
o 86318 135.45
ParametricRBACMaintenance_mse20-role_university_multiple_0.1_1
o 120191 2.82
o 120170 2.82
o 117125 2.83
o 111691 2.85
o 105236 3.63
o 105215 3.63
o 105194 3.63
o 105173 3.63
o 105152 3.63
o 105131 3.63
o 105110 3.63
o 105089 3.63
o 105068 3.63
o 105047 3.63
o 105026 3.63
o 105005 3.63
o 104984 3.63
o 103186 3.96
o 100420 4.48
o 100294 4.49
o 99479 4.61
o 99458 4.61
o 98849 4.61
o 96816 63.68
o 96795 63.68
o 96774 63.68
o 96753 63.68
o 96732 63.68
o 95345 64.2
o 95324 64.2
o 95303 64.2
o 95282 64.2
o 95261 64.2
o 94730 64.27
o 94709 64.27
o 89704 64.84
o 88822 64.84
o 88801 64.84
o 88780 64.84
o 88759 64.84
o 88738 64.84
o 88717 64.84
o 88696 64.84
o 86743 64.84
o 86722 64.84
o 86701 64.84
o 86680 64.84
o 86659 64.85
o 86638 64.85
o 86617 64.85
o 86596 64.85
o 86575 64.85
o 86554 64.85
o 86533 64.85
o 86512 64.85
o 86491 64.85
o 86470 64.85
o 86449 64.85
o 86428 64.85
o 86407 64.85
o 86386 64.85
o 86365 64.85
o 86344 64.85
o 86323 64.85
ParametricRBACMaintenance_mse20-role_university_multiple_0.1_1
o 130994 2.48
o 127088 2.5
o 127067 2.5
o 127046 2.5
o 127025 2.5
o 127004 2.5
o 126983 2.5
o 126962 2.5
o 126941 2.5
o 126920 2.5
o 126899 2.5
o 126878 2.5
o 126857 2.5
o 126836 2.5
o 126815 2.5
o 126794 2.5
o 126773 2.5
o 120935 2.51
o 120914 2.51
o 120893 2.51
o 120872 2.51
o 120851 2.51
o 120830 2.51
o 120809 2.51
o 120788 2.51
o 120767 2.51
o 120746 2.51
o 120725 2.51
o 120704 2.51
o 119612 2.51
o 111233 2.52
o 111212 2.52
o 111149 2.85
o 108881 2.86
o 106550 3.14
o 105626 3.14
o 104982 30.72
o 104963 30.72
o 104942 30.72
o 103064 87.94
o 101981 99.33
o 101960 99.33
o 101939 99.33
o 101918 99.33
o 101281 100.77
o 100036 103.08
o 98655 103.08
o 94144 285.32
o 88278 285.77
o 86136 285.77
o 82356 285.78
o 78702 285.8
ParametricRBACMaintenance_mse20-role_university_multiple_0.1_1
o 115656 3.38
o 112765 3.39
o 112744 3.39
o 112723 3.39
o 112702 3.39
o 112681 3.39
o 112674 3.4
o 110049 3.41
o 110028 3.41
o 110007 3.41
o 109986 3.41
o 109965 3.41
o 109944 3.41
o 109923 3.41
o 109902 3.41
o 109881 3.41
o 109860 3.41
o 109839 3.41
o 109818 3.41
o 109797 3.41
o 109776 3.41
o 109755 3.41
o 109734 3.41
o 109713 3.41
o 109692 3.41
o 109671 3.41
o 109650 3.41
o 109629 3.41
o 109608 3.41
o 109587 3.41
o 109566 3.41
o 109545 3.41
o 109524 3.41
o 109503 3.41
o 109482 3.41
o 109461 3.41
o 109440 3.41
o 109419 3.41
o 109398 3.41
o 109377 3.41
o 109356 3.41
o 109335 3.41
o 109314 3.41
o 109293 3.41
o 109272 3.41
o 109251 3.41
o 109230 3.41
o 109209 3.41
o 109188 3.41
o 109167 3.41
o 109146 3.41
o 109125 3.41
o 109104 3.41
o 109083 3.41
o 109062 3.41
o 107297 3.48
o 107045 3.49
o 105946 3.54
o 102635 3.55
o 102614 3.55
o 102383 3.55
o 100974 3.69
o 97635 3.7
o 97618 67.59
o 97597 67.59
o 97576 67.59
o 97555 67.59
o 97534 67.59
o 97513 67.59
o 97492 67.59
o 97471 67.59
o 97450 67.59
o 97429 67.59
o 97408 67.59
o 97387 67.59
o 97366 67.59
o 97345 67.59
o 97324 67.59
o 97303 67.59
o 97282 67.59
o 97261 67.59
o 97240 67.59
o 97219 67.59
o 97198 67.59
o 97177 67.59
o 97156 67.59
o 97135 67.59
o 97114 67.59
o 97093 67.59
o 97072 67.59
o 97051 67.59
o 97030 67.59
o 97009 67.59
o 96988 67.59
o 96967 67.59
o 96946 67.59
o 96925 67.59
o 96904 67.59
o 96883 67.59
o 96862 67.59
o 96841 67.59
o 96820 67.59
o 96799 67.59
o 96778 67.59
o 96757 67.59
o 96736 67.59
o 96715 67.59
o 96694 67.59
o 96673 67.59
o 96652 67.59
o 96631 67.59
o 96610 67.59
o 96589 67.59
o 96568 67.59
o 96547 67.59
o 96526 67.59
o 96505 67.59
o 96484 67.59
o 95933 134.33
o 93700 135.57
o 91432 135.62
o 88659 221.26
