ramsey-ram_k3_n14.ra1
o 20259 0
o 18583 0
o 18420 0
o 18416 0
o 16245 0
o 15453 0
o 14343 0
o 13203 0
o 13196 0
o 12554 0
o 12365 0
o 12276 0
o 12100 0
o 11895 0
o 10993 0
o 10725 0
o 10465 0
o 10365 0
o 9994 0
o 9893 0
o 9191 0
o 8375 0
o 8016 0.04
o 7724 0.04
o 7325 0.04
o 7302 0.07
o 7178 0.08
o 6905 0.13
o 6762 0.14
o 6707 0.14
o 5979 0.14
o 5826 2.33
o 5249 2.33
o 4983 9.08
o 4947 9.08
o 4838 9.08
o 4798 9.08
o 4757 9.08
o 4695 9.08
o 4646 9.08
o 4637 9.08
o 4558 9.08
o 4112 9.08
o 3960 9.08
o 3692 9.08
o 3542 9.08
o 3488 9.08
o 3289 9.08
o 3259 9.08
o 3247 175.71
o 3227 175.71
o 3204 194.18
ramsey-ram_k3_n14.ra1
o 22135 0
o 20812 0
o 20770 0
o 19586 0
o 19324 0
o 19297 0
o 17532 0
o 17337 0
o 14841 0
o 14052 0
o 13111 0
o 12933 0
o 12833 0
o 12506 0
o 11777 0
o 11428 0
o 11035 0
o 10953 0
o 10759 0
o 10202 0
o 10167 0
o 9861 0
o 9776 0
o 9687 0.01
o 9645 0.01
o 8840 0.01
o 8303 0.01
o 8111 0.04
o 8107 0.04
o 7745 0.04
o 7668 0.04
o 7465 0.04
o 7446 0.04
o 7177 0.08
o 6984 0.09
o 6830 0.1
o 6621 0.12
o 6395 0.23
o 6350 0.97
o 6190 1.23
o 6085 3.75
o 5790 4.31
o 5627 5.2
o 5447 5.2
o 5381 11.98
o 5225 11.98
o 5146 11.98
o 5045 11.98
o 4925 11.98
o 4839 11.98
o 4830 11.98
o 4724 11.98
o 4580 11.98
o 4520 11.98
o 4510 11.98
o 4485 11.98
o 4228 11.98
o 4183 11.98
o 4033 11.98
o 3704 11.98
o 3609 14.7
o 3606 31.9
o 3514 38.57
o 3366 38.57
o 3334 62
o 3301 77.33
o 3230 241.26
ramsey-ram_k3_n14.ra1
o 29330 0
o 28185 0
o 24091 0
o 22472 0
o 21894 0
o 19648 0
o 18793 0
o 18497 0
o 17604 0
o 17065 0
o 15127 0
o 14364 0
o 13895 0
o 12081 0
o 11437 0
o 11400 0
o 10853 0
o 9614 0
o 8990 0
o 8900 0
o 8751 0.03
o 8659 0.03
o 8601 0.03
o 8413 0.04
o 8028 0.04
o 7723 0.04
o 7648 0.05
o 7616 0.05
o 7580 0.05
o 7543 0.05
o 6735 0.05
o 6602 0.06
o 6530 0.06
o 6468 0.23
o 6357 1.69
o 6181 2.23
o 5277 4.24
o 5162 4.24
o 5085 11.01
o 4725 11.01
o 4651 11.01
o 4544 11.01
o 4379 11.01
o 4276 11.01
o 4076 11.01
o 4065 11.01
o 4027 11.39
o 3926 11.39
o 3301 12.87
o 3230 192.93
ramsey-ram_k3_n14.ra1
o 22572 0
o 17872 0
o 15484 0
o 14382 0
o 13902 0
o 12485 0
o 10739 0
o 10060 0
o 9468 0
o 9092 0
o 8871 0.01
o 8580 0.04
o 8318 0.04
o 7763 0.05
o 7723 0.05
o 7677 0.06
o 7445 0.07
o 7197 0.08
o 7116 0.08
o 7018 0.08
o 6773 0.24
o 6762 0.66
o 6734 0.7
o 6202 0.7
o 5891 0.7
o 5882 2.29
o 5643 2.41
o 5504 9.13
o 5244 9.13
o 5204 9.13
o 5177 9.13
o 5053 9.13
o 5043 9.13
o 4892 9.13
o 4838 9.13
o 4592 9.13
o 4526 9.13
o 4266 9.13
o 4091 9.13
o 4077 9.13
o 3962 9.13
o 3919 9.61
o 3796 9.61
o 3768 10.42
o 3709 10.42
o 3609 11.01
o 3455 16.38
o 3415 21.81
o 3301 36.37
o 3224 184.43
o 3204 251.92
ramsey-ram_k3_n14.ra1
o 26789 0
o 24452 0
o 21650 0
o 18149 0
o 16631 0
o 15329 0
o 14171 0
o 13694 0
o 13531 0
o 13099 0
o 12924 0
o 12234 0
o 11837 0
o 11754 0
o 11675 0
o 10850 0
o 10014 0
o 9369 0
o 7939 0.01
o 7073 0.01
o 6864 0.21
o 6854 0.49
o 6655 0.67
o 6380 0.67
o 6001 1.27
o 5612 6.35
o 5433 13.12
o 5363 13.12
o 5212 13.12
o 5134 13.12
o 5110 13.12
o 5025 13.12
o 4762 13.12
o 4522 13.12
o 4379 13.12
o 4326 13.12
o 4278 13.12
o 4248 13.12
o 4215 13.12
o 4165 13.12
o 4029 13.12
o 4025 13.12
o 4012 13.12
o 3988 13.12
o 3898 13.89
o 3735 16.32
o 3554 16.32
o 3360 28.54
o 3301 28.54
o 3286 172.08
o 3143 282.17
o 3025 282.17
ramsey-ram_k3_n14.ra1
o 15865 0
o 14375 0
o 14115 0
o 13285 0
o 12550 0
o 12016 0
o 11899 0
o 11739 0
o 11178 0
o 10739 0
o 10684 0
o 10456 0
o 10435 0
o 10001 0
o 9669 0
o 9245 0
o 8678 0.02
o 8449 0.04
o 8073 0.04
o 8045 0.04
o 7967 0.04
o 7898 0.04
o 7718 0.05
o 7318 0.08
o 6971 0.08
o 6915 0.12
o 6524 0.12
o 6260 0.62
o 5569 0.62
o 5211 1.58
o 5210 8.35
o 5173 8.35
o 5166 8.35
o 5051 8.35
o 4972 8.35
o 4928 8.35
o 4926 8.35
o 4859 8.35
o 4735 8.35
o 4726 8.35
o 4482 8.35
o 4461 8.35
o 4370 8.35
o 4338 8.35
o 4097 8.35
o 3792 8.35
o 3772 8.35
o 3723 8.35
o 3609 9.46
o 3360 10.12
o 3301 10.12
o 3230 98.78
ramsey-ram_k3_n14.ra1
o 26195 0
o 24364 0
o 20877 0
o 18072 0
o 15618 0
o 15411 0
o 14935 0
o 14886 0
o 14538 0
o 14059 0
o 13580 0
o 11635 0
o 11520 0
o 10984 0
o 10892 0
o 10541 0
o 10412 0
o 10361 0
o 10004 0
o 9932 0
o 9886 0
o 9552 0
o 9418 0
o 9246 0
o 9087 0
o 9008 0
o 8718 0
o 8393 0.04
o 8372 0.04
o 7846 0.05
o 7823 0.05
o 7601 0.05
o 7115 0.05
o 6891 0.05
o 6824 0.08
o 6672 0.08
o 6491 0.29
o 6366 0.29
o 6151 0.29
o 5836 0.29
o 5812 2.05
o 5549 6.19
o 5442 12.92
o 5368 12.92
o 5246 12.92
o 5131 12.92
o 4888 12.92
o 4722 12.93
o 4412 12.95
o 4254 13.01
o 4117 13.61
o 4114 14.75
o 4100 15.32
o 3854 16.75
o 3777 16.75
o 3758 18.34
o 3528 18.34
o 3513 42.49
o 3439 42.49
o 3301 66.87
o 3230 116.66
o 3204 205.19
ramsey-ram_k3_n14.ra1
o 22059 0
o 21816 0
o 21354 0
o 19714 0
o 19226 0
o 18967 0
o 18935 0
o 18079 0
o 16256 0
o 13624 0
o 13187 0
o 13093 0
o 13074 0
o 12622 0
o 12402 0
o 12140 0
o 12050 0
o 11903 0
o 10919 0
o 10157 0
o 10086 0
o 9169 0
o 9164 0.01
o 7937 0.01
o 7612 0.04
o 7488 0.05
o 7342 0.08
o 6821 0.09
o 5959 0.09
o 5898 6.93
o 5836 6.93
o 5679 6.93
o 5505 6.93
o 5482 6.93
o 5464 6.93
o 5449 6.93
o 5216 6.93
o 4914 6.93
o 4812 6.93
o 4704 6.93
o 4681 6.93
o 4658 6.93
o 4168 6.93
o 4081 6.93
o 3936 6.93
o 3776 8.34
o 3752 15.03
o 3545 15.03
o 3427 15.03
o 3224 21.73
o 3204 234.94
ramsey-ram_k3_n14.ra1
o 21449 0
o 19845 0
o 18257 0
o 17528 0
o 16493 0
o 16366 0
o 16201 0
o 16036 0
o 15278 0
o 14593 0
o 13622 0
o 12810 0
o 12317 0
o 12131 0
o 11224 0
o 11140 0
o 10904 0
o 10502 0
o 10049 0
o 9562 0
o 9323 0
o 8379 0
o 8229 0.02
o 7978 0.02
o 7870 0.02
o 7707 0.02
o 7542 0.05
o 7281 0.06
o 7144 0.08
o 6215 0.08
o 5715 1.43
o 5675 6.64
o 5638 13.45
o 5226 13.45
o 4969 13.45
o 4526 13.45
o 4455 13.45
o 4302 13.45
o 4283 13.45
o 4269 13.45
o 4169 13.45
o 4037 13.45
o 4010 13.46
o 3850 16.15
o 3807 16.15
o 3695 18.6
o 3636 18.6
o 3301 18.6
o 3204 84.19
ramsey-ram_k3_n14.ra1
o 18826 0
o 17368 0
o 16589 0
o 16458 0
o 16396 0
o 15756 0
o 14837 0
o 13734 0
o 13428 0
o 12628 0
o 12179 0
o 11649 0
o 10555 0
o 10236 0
o 10145 0
o 10130 0
o 9282 0.01
o 9227 0.01
o 8825 0.01
o 8687 0.01
o 8392 0.04
o 8156 0.04
o 8096 0.04
o 8062 0.06
o 7960 0.06
o 7870 0.06
o 7867 0.06
o 7100 0.06
o 6735 0.08
o 6653 0.26
o 6488 0.26
o 6420 0.66
o 5874 1.04
o 5658 4.25
o 5640 11.14
o 5355 11.14
o 4803 11.14
o 4791 11.14
o 4748 11.14
o 4588 11.14
o 4420 11.14
o 4271 11.14
o 4241 11.14
o 4235 11.18
o 4127 11.18
o 4065 11.18
o 4027 11.97
o 3838 11.97
o 3661 13.2
o 3301 15.69
o 3204 233.01
