spot5-1405.wcsp.dir
o 513458 0
o 494444 0.01
o 492445 0.01
o 492443 0.01
o 490443 0.01
o 489443 0.01
o 487443 0.01
o 484436 0.08
o 484435 0.08
o 484434 0.08
o 483427 0.12
o 481427 0.12
o 480437 1.06
o 480434 2.18
o 479434 2.18
o 478438 5.41
o 478429 7.72
o 478428 7.72
o 476431 13.59
o 475441 27.64
o 475440 27.64
o 473452 27.64
o 473451 27.64
o 473450 27.64
o 473448 27.64
o 473446 27.64
o 473440 27.64
o 471441 27.69
o 470447 28.85
o 470446 28.85
o 469449 29.09
o 469448 29.09
o 469444 42.59
o 469434 56.83
o 466446 71.03
o 466445 71.03
o 466443 71.03
o 465442 243.89
o 465440 243.89
o 465439 243.89
spot5-1405.wcsp.dir
o 521459 0.01
o 497439 0.01
o 496439 0.01
o 495439 0.01
o 495428 0.04
o 495427 0.04
o 495425 0.04
o 495424 0.04
o 488433 0.08
o 488432 0.08
o 482433 0.14
o 477428 2.24
o 470450 15.81
o 470448 15.81
o 470444 15.81
o 470443 15.81
o 470440 15.81
o 469441 16.2
o 469440 16.2
o 469439 16.2
o 469437 16.2
o 467437 16.2
o 466445 45.08
o 464449 45.08
o 464448 45.08
o 463445 274.3
spot5-1405.wcsp.dir
o 514462 0.01
o 493440 0.01
o 492441 0.01
o 491441 0.01
o 488440 0.03
o 488439 0.03
o 488438 0.1
o 488431 0.13
o 486439 0.14
o 486437 0.14
o 484432 0.36
o 483435 0.89
o 482435 0.9
o 481438 1.23
o 481437 1.23
o 481435 1.23
o 481434 1.23
o 481433 1.23
o 479433 1.23
o 479432 1.23
o 477435 5.07
o 476434 13.66
o 476433 13.66
o 476431 13.66
o 476430 13.66
o 475431 15.7
o 469444 29.9
o 465442 44.26
spot5-1405.wcsp.dir
o 503456 0.01
o 497440 0.01
o 496452 0.03
o 494452 0.03
o 493453 0.03
o 492453 0.03
o 490453 0.03
o 489445 0.03
o 489444 0.03
o 487444 0.03
o 487434 0.18
o 487433 0.18
o 487432 0.18
o 487431 0.18
o 486431 0.22
o 485434 0.23
o 484425 0.26
o 482427 0.26
o 480430 0.99
o 479430 0.99
o 478433 0.99
o 478432 0.99
o 477435 3.23
o 475435 3.23
o 475434 3.23
o 474450 16.45
o 472450 16.45
o 469454 16.46
o 469453 16.46
o 469445 29.26
o 469444 29.26
o 468435 29.43
o 467442 56.36
o 467441 56.36
o 467440 56.36
o 466445 70.82
o 466444 70.82
o 465449 156.67
spot5-1405.wcsp.dir
o 518457 0.01
o 500442 0.01
o 499445 0.02
o 495446 0.02
o 494442 0.02
o 493443 0.04
o 493442 0.04
o 489427 0.05
o 488431 0.07
o 488430 0.07
o 487432 0.07
o 485438 0.08
o 485437 0.08
o 485436 0.08
o 485435 0.08
o 480437 0.14
o 480428 1.73
o 478435 2.29
o 478432 5.29
o 477442 8.43
o 477441 8.43
o 477440 8.43
o 475440 8.43
o 475439 8.43
o 473446 21.98
o 473444 21.99
o 473443 21.99
o 473442 21.99
o 473440 22.26
o 473439 22.26
o 472445 22.33
o 472444 22.33
o 472443 22.33
o 471448 22.69
o 471446 22.7
o 471445 22.7
o 471434 23.04
o 470443 24.14
o 470442 24.14
o 469442 25.26
o 468437 39.34
o 468436 39.34
o 466442 53.02
o 464454 246.55
o 464453 246.55
o 463454 246.55
spot5-1405.wcsp.dir
o 526449 0.01
o 495441 0.01
o 494427 0.02
o 492430 0.02
o 490430 0.02
o 489432 0.05
o 489431 0.05
o 489429 0.05
o 488430 0.05
o 487430 0.05
o 487428 0.05
o 486430 0.1
o 485436 0.16
o 485435 0.16
o 484438 0.16
o 484437 0.16
o 484431 0.67
o 482433 0.67
o 479434 0.74
o 479433 0.74
o 478437 4.34
o 477436 7.91
o 475437 7.91
o 475431 14.76
o 475430 14.76
o 469450 27.93
o 469440 28.77
o 467443 82.67
o 466443 129.28
o 465443 129.28
o 464443 129.28
spot5-1405.wcsp.dir
o 526450 0.01
o 499437 0.01
o 497437 0.01
o 496437 0.01
o 495427 0.01
o 494443 0.02
o 494442 0.02
o 493442 0.02
o 493441 0.02
o 491428 0.03
o 486434 0.04
o 484436 0.13
o 483436 0.13
o 482433 0.34
o 482428 1.73
o 482427 1.73
o 482426 1.73
o 482424 1.73
o 481432 2.73
o 480444 2.74
o 480442 2.74
o 480440 2.74
o 480435 3.88
o 480433 4.41
o 479434 7.2
o 478435 7.92
o 478434 15.2
o 477436 17.07
o 477435 17.07
o 477434 17.07
o 477431 21.22
o 474441 31.58
o 473438 44.89
o 472438 45.03
o 472437 45.03
o 471443 45.26
o 471442 45.31
o 470442 45.31
o 470436 46.02
o 469453 58.95
o 469452 58.95
o 469451 58.95
o 469450 58.95
o 469434 58.95
o 468446 73.08
o 468445 73.08
o 468444 73.08
o 468443 73.08
o 467443 73.08
o 466442 101.62
o 466437 114.64
spot5-1405.wcsp.dir
o 512454 0.01
o 497437 0.01
o 496441 0.01
o 495439 0.01
o 494439 0.01
o 492439 0.01
o 483453 0.03
o 482440 0.05
o 482432 1.23
o 481433 1.23
o 479433 1.23
o 479432 1.23
o 477432 2.71
o 476438 15.87
o 476437 15.87
o 470447 15.88
o 470446 15.88
o 470445 15.88
o 470444 15.88
o 468449 15.88
o 468446 16.56
o 468445 16.56
o 468441 16.57
o 468440 16.57
o 467445 87.04
o 466442 258.11
o 466441 258.11
spot5-1405.wcsp.dir
o 517456 0.01
o 502436 0.01
o 499436 0.01
o 499434 0.01
o 498440 0.01
o 496440 0.01
o 496434 0.04
o 496431 0.04
o 496429 0.05
o 496428 0.05
o 496427 0.05
o 494431 0.05
o 494429 0.05
o 492429 0.08
o 492428 0.08
o 490430 0.08
o 488437 0.09
o 487439 0.09
o 486441 0.09
o 486440 0.09
o 486439 0.09
o 485437 0.09
o 483435 0.24
o 483434 0.24
o 482435 0.99
o 482434 0.99
o 482433 0.99
o 480436 0.99
o 480435 0.99
o 480429 1.12
o 478429 1.12
o 478428 1.12
o 477436 5.13
o 477435 5.13
o 477434 5.13
o 477433 12.53
o 477431 12.53
o 475434 24.23
o 474437 34.97
o 474436 34.97
o 474435 38.72
o 471443 52.61
o 471441 52.61
o 471439 52.71
o 471438 52.71
o 469438 52.71
o 468441 66.46
o 468440 66.46
o 468439 66.46
o 468438 66.46
o 466440 111.46
spot5-1405.wcsp.dir
o 525445 0
o 510434 0.01
o 509436 0.01
o 508439 0.01
o 507439 0.01
o 506439 0.01
o 505439 0.01
o 504443 0.01
o 489452 0.02
o 489433 0.04
o 489432 0.12
o 488434 0.12
o 487434 0.12
o 487433 0.12
o 486434 0.12
o 485438 0.12
o 485437 0.22
o 484437 0.22
o 484436 0.22
o 482436 0.22
o 482430 1.11
o 481433 1.33
o 481431 1.75
o 478430 2.06
o 475437 13.2
o 474439 26.42
o 473450 26.43
o 473449 26.43
o 473441 26.43
o 473439 26.47
o 473438 26.47
o 473437 26.55
o 473435 26.55
o 472444 26.55
o 472443 26.55
o 471440 26.77
o 470436 26.99
o 468446 34.88
o 468445 34.88
o 468443 123.06
o 468441 123.06
o 468433 176.72
o 468432 176.72
o 467447 189.65
