spot5-1403.wcsp.log
o 521266 0.01
o 519266 0.01
o 517266 0.01
o 517265 0.01
o 517264 0.01
o 516239 0.02
o 516238 0.02
o 516236 0.02
o 513238 0.02
o 513236 0.02
o 511236 0.02
o 509236 0.02
o 508240 0.02
o 498245 0.02
o 497245 0.02
o 495246 0.02
o 494250 0.02
o 492250 0.02
o 490250 0.02
o 490248 0.02
o 481250 0.04
o 481249 0.04
o 480245 0.07
o 478245 0.07
o 476245 0.07
o 474245 0.07
o 473248 1.88
o 472242 2.17
o 472241 4.89
o 470241 4.89
o 469248 12.76
o 469243 16.73
o 468248 18.43
o 467257 33.61
o 465257 33.61
o 465256 33.61
o 464253 33.64
o 463249 33.97
o 463248 68.21
o 463246 85.46
o 463245 85.46
o 461254 101.29
o 461253 101.29
o 461252 102.91
o 461251 102.91
o 461249 166.4
o 461248 266.67
o 461247 266.67
o 461245 266.67
o 461244 266.67
spot5-1403.wcsp.log
o 527273 0.01
o 527272 0.01
o 525272 0.01
o 525271 0.01
o 525270 0.01
o 525269 0.01
o 525267 0.01
o 525266 0.01
o 523266 0.01
o 521266 0.01
o 519266 0.01
o 517266 0.01
o 516266 0.01
o 503244 0.02
o 503243 0.02
o 502244 0.02
o 500244 0.02
o 500243 0.02
o 490248 0.02
o 488251 0.02
o 486254 0.02
o 486253 0.02
o 486243 0.06
o 486242 0.06
o 484242 0.06
o 484240 0.06
o 479242 0.15
o 477242 0.15
o 477240 0.15
o 477239 0.15
o 476249 0.15
o 474249 0.15
o 474241 1.57
o 474240 1.57
o 473244 1.58
o 473243 4.15
o 473242 4.15
o 473241 7.99
o 472241 7.99
o 471244 10.52
o 471239 11.34
o 469240 11.34
o 468243 11.55
o 467258 26.79
o 465258 26.79
o 465257 26.79
o 463257 26.79
o 463253 29.14
o 463252 30.95
o 463250 30.95
o 462250 30.95
o 461253 103.58
o 461252 103.58
o 461251 103.58
o 460252 136.19
o 460251 136.19
spot5-1403.wcsp.log
o 520257 0.01
o 497242 0.01
o 495242 0.03
o 493245 0.03
o 492245 0.03
o 490245 0.03
o 490244 0.03
o 488247 0.03
o 486247 0.03
o 474249 0.05
o 474245 0.72
o 471246 2.44
o 471243 13.22
o 470243 13.22
o 469243 13.22
o 463256 28.81
o 463254 28.81
o 463253 28.81
o 463252 28.93
o 463251 30.15
o 463246 46.13
o 463245 46.13
o 463244 46.13
o 462261 61.63
o 462253 77.44
o 462251 78.07
o 460253 78.07
o 459254 203.93
spot5-1403.wcsp.log
o 518268 0.01
o 516268 0.01
o 516267 0.01
o 514267 0.01
o 514266 0.01
o 514265 0.01
o 514264 0.01
o 508238 0.02
o 506238 0.02
o 504244 0.02
o 503250 0.02
o 503249 0.02
o 502250 0.02
o 501251 0.02
o 500251 0.02
o 500250 0.02
o 498250 0.02
o 498248 0.02
o 497248 0.02
o 497246 0.02
o 496246 0.02
o 495248 0.03
o 494251 0.03
o 494249 0.03
o 492249 0.03
o 490249 0.03
o 488249 0.03
o 487249 0.03
o 486249 0.03
o 484247 0.06
o 482248 0.06
o 482247 0.06
o 482246 0.12
o 481246 0.12
o 480246 0.12
o 479246 0.12
o 477246 0.12
o 477245 0.12
o 477243 0.12
o 477242 0.12
o 475242 0.67
o 473242 0.67
o 472246 2.76
o 471247 2.76
o 471246 6.49
o 471245 6.49
o 463260 21.52
o 463258 21.53
o 462261 21.53
o 462259 21.53
o 462257 21.53
o 462253 24.54
o 462252 24.54
o 462251 24.54
o 462250 24.54
o 462249 24.54
o 461254 40.52
o 461253 40.52
o 460252 40.96
spot5-1403.wcsp.log
o 525267 0
o 523267 0
o 523266 0
o 523265 0
o 522265 0
o 520265 0
o 520263 0
o 518263 0
o 516263 0
o 496245 0.01
o 494245 0.01
o 494244 0.01
o 492249 0.01
o 490249 0.01
o 488249 0.03
o 488248 0.03
o 488247 0.03
o 488245 0.03
o 488244 0.03
o 486245 0.03
o 483247 0.03
o 483246 0.03
o 482246 0.03
o 480247 0.03
o 480246 0.03
o 480245 0.03
o 480242 0.03
o 480241 0.03
o 479242 0.14
o 477242 0.14
o 473242 0.14
o 472247 0.97
o 472246 0.97
o 472245 0.97
o 472244 9.92
o 471244 16.07
o 469244 16.07
o 468255 31.18
o 467258 31.18
o 467257 31.18
o 467248 31.22
o 467247 31.22
o 463255 31.24
o 463254 31.24
o 463253 31.24
o 463252 31.24
o 463250 31.24
o 462253 31.43
o 461256 32.54
o 461254 32.54
o 460263 47.4
o 460262 47.4
o 460261 47.4
spot5-1403.wcsp.log
o 515264 0
o 515263 0
o 513263 0
o 513262 0
o 513261 0
o 513260 0
o 504246 0.01
o 502246 0.01
o 500246 0.01
o 498246 0.01
o 496246 0.01
o 496239 0.02
o 495240 0.02
o 493246 0.02
o 491246 0.02
o 490246 0.02
o 490245 0.02
o 489247 0.02
o 488247 0.02
o 488246 0.02
o 488245 0.02
o 488244 0.02
o 487241 0.03
o 486249 0.06
o 486241 0.08
o 485240 0.1
o 485239 0.1
o 482240 0.15
o 482239 0.15
o 481245 0.15
o 480245 0.15
o 478245 0.15
o 477246 0.15
o 474242 0.16
o 472246 0.77
o 472245 0.77
o 471245 1.98
o 470245 1.98
o 469243 11.5
o 468251 26.85
o 466251 26.87
o 464253 26.87
o 463253 26.99
o 463252 26.99
o 463250 27.91
o 462253 43.82
o 462252 60.41
o 462250 60.42
o 461253 77.66
o 460258 128.05
o 459258 128.05
o 459257 128.05
spot5-1403.wcsp.log
o 528262 0
o 528261 0
o 528260 0
o 526260 0
o 526259 0
o 524259 0
o 524258 0
o 524256 0
o 496248 0.01
o 494249 0.01
o 492251 0.03
o 491246 0.04
o 489246 0.04
o 488246 0.04
o 486246 0.04
o 480250 0.04
o 479241 0.19
o 479240 0.19
o 477240 0.19
o 472240 0.57
o 471245 11.24
o 471243 11.24
o 470247 23.06
o 469259 37.98
o 467259 37.98
o 467257 37.98
o 467256 37.98
o 467255 37.98
o 466251 38.01
o 465253 38.02
o 464253 38.02
o 461250 38.04
spot5-1403.wcsp.log
o 524269 0.01
o 524268 0.01
o 524266 0.01
o 522266 0.01
o 522265 0.01
o 522264 0.01
o 522263 0.01
o 520263 0.01
o 520262 0.01
o 502239 0.02
o 501246 0.03
o 499248 0.03
o 496256 0.04
o 496254 0.04
o 496253 0.04
o 495253 0.04
o 494252 0.04
o 492252 0.04
o 490252 0.04
o 489253 0.04
o 488253 0.04
o 485256 0.04
o 484256 0.04
o 484247 0.06
o 484246 0.06
o 484245 0.07
o 483242 0.12
o 483240 0.12
o 483239 0.12
o 482240 0.12
o 478240 0.14
o 478239 0.14
o 477241 0.14
o 476243 0.38
o 476242 0.42
o 474242 0.42
o 472244 2.36
o 471244 4.21
o 470246 4.21
o 469246 4.21
o 469245 4.21
o 469244 4.21
o 463258 19.21
o 463252 19.41
o 463250 19.41
o 462253 20.33
o 461255 20.5
o 461254 20.5
o 461252 20.5
o 461250 20.5
o 460252 35.99
spot5-1403.wcsp.log
o 529251 0.01
o 509248 0.02
o 507248 0.02
o 506252 0.02
o 505252 0.02
o 504252 0.02
o 504251 0.02
o 504250 0.02
o 501253 0.02
o 497253 0.02
o 496252 0.02
o 493247 0.02
o 492248 0.03
o 490247 0.03
o 490246 0.03
o 488246 0.03
o 484253 0.03
o 483247 0.05
o 483246 0.05
o 483242 0.09
o 483241 0.09
o 483240 0.09
o 482240 0.09
o 481240 0.09
o 479240 0.09
o 477242 0.21
o 475242 0.45
o 473248 0.55
o 473242 4.47
o 472244 8.41
o 471242 8.93
o 470248 22.34
o 468248 22.34
o 467253 37.53
o 467252 37.53
o 467251 37.53
o 467249 37.53
o 467248 37.53
o 467247 37.53
o 467246 37.53
o 466252 37.53
o 464253 37.53
o 463254 38.86
o 463253 38.86
o 463252 38.87
o 463250 39.09
o 461250 39.1
spot5-1403.wcsp.log
o 529258 0.01
o 528258 0.01
o 528257 0.01
o 528256 0.01
o 527256 0.01
o 526256 0.01
o 507241 0.02
o 505241 0.02
o 504242 0.02
o 504241 0.02
o 503244 0.02
o 496250 0.02
o 496249 0.02
o 494256 0.02
o 494255 0.02
o 489255 0.02
o 489254 0.02
o 489251 0.03
o 487251 0.03
o 481242 0.06
o 479242 0.06
o 478243 0.7
o 478241 0.7
o 477239 0.9
o 474244 0.98
o 470244 1.01
o 469244 12.77
o 469242 12.77
o 469241 12.77
o 468259 27.89
o 468258 27.89
o 466258 27.89
o 465253 27.93
o 465252 27.93
o 462258 28.05
o 461257 60.58
o 459258 60.58
