decision-tree-lymph-un-formula_0.8_2021_atleast_31_max-4_reduced_incomplete_tree
o 57 0.250000
o 56 0.250000
o 55 0.250000
o 54 0.250000
o 53 0.250000
o 52 0.250000
o 32 21.250000
o 27 29.140000
27	29.140000
decision-tree-lymph-un-formula_0.8_2021_atleast_31_max-4_reduced_incomplete_tree
o 55 0.240000
o 54 0.240000
o 53 0.240000
o 52 0.240000
o 51 0.240000
o 50 0.240000
o 49 0.240000
o 48 0.240000
o 47 0.240000
o 46 0.240000
o 45 0.240000
o 44 0.240000
o 43 0.240000
o 42 0.240000
o 41 0.250000
o 40 0.250000
o 39 0.250000
o 32 10.960000
o 28 12.140000
o 27 14.460000
27	14.460000
decision-tree-lymph-un-formula_0.8_2021_atleast_31_max-4_reduced_incomplete_tree
o 117 0.280000
o 116 0.290000
o 115 0.290000
o 114 0.290000
o 113 0.290000
o 112 0.290000
o 111 0.290000
o 110 0.290000
o 109 0.290000
o 108 0.290000
o 107 0.290000
o 106 0.290000
o 105 0.290000
o 104 0.290000
o 103 0.290000
o 102 0.290000
o 101 0.290000
o 100 0.290000
o 99 0.290000
o 98 0.290000
o 97 0.290000
o 96 0.290000
o 95 0.290000
o 94 0.290000
o 93 0.290000
o 92 0.290000
o 91 0.290000
o 90 0.290000
o 89 0.290000
o 88 0.290000
o 87 0.290000
o 86 0.290000
o 85 0.290000
o 84 0.290000
o 83 0.290000
o 82 0.290000
o 81 0.290000
o 80 0.290000
o 79 0.290000
o 78 0.290000
o 77 0.290000
o 76 0.290000
o 75 0.290000
o 74 0.290000
o 73 0.290000
o 72 0.290000
o 71 0.290000
o 70 0.290000
o 69 0.290000
o 68 0.290000
o 67 0.290000
o 66 0.290000
o 65 0.290000
o 32 10.250000
o 27 55.650000
27	55.650000
decision-tree-lymph-un-formula_0.8_2021_atleast_31_max-4_reduced_incomplete_tree
o 48 0.310000
o 47 0.320000
o 46 0.320000
o 45 0.320000
o 44 0.320000
o 43 0.320000
o 42 0.320000
o 41 0.320000
o 40 0.320000
o 39 0.320000
o 38 0.320000
o 32 9.090000
o 27 16.520000
27	16.520000
decision-tree-lymph-un-formula_0.8_2021_atleast_31_max-4_reduced_incomplete_tree
o 71 0.300000
o 70 0.310000
o 69 0.310000
o 68 0.310000
o 67 0.310000
o 66 0.310000
o 65 0.310000
o 64 0.310000
o 63 0.310000
o 62 0.310000
o 61 0.310000
o 60 0.310000
o 59 0.310000
o 58 0.310000
o 57 0.310000
o 56 0.310000
o 55 0.310000
o 54 0.310000
o 53 0.310000
o 52 0.310000
o 51 0.310000
o 50 0.310000
o 49 0.310000
o 48 0.310000
o 47 0.310000
o 46 0.310000
o 45 0.310000
o 44 0.310000
o 43 0.310000
o 32 12.060000
o 27 18.200000
27	18.200000
decision-tree-lymph-un-formula_0.8_2021_atleast_31_max-4_reduced_incomplete_tree
o 76 0.270000
o 75 0.280000
o 74 0.280000
o 73 0.280000
o 72 0.280000
o 71 0.280000
o 70 0.280000
o 69 0.280000
o 68 0.280000
o 67 0.280000
o 66 0.280000
o 65 0.280000
o 64 0.280000
o 63 0.280000
o 62 0.280000
o 61 0.280000
o 60 0.280000
o 59 0.280000
o 58 0.280000
o 57 0.280000
o 56 0.280000
o 55 0.280000
o 54 0.280000
o 53 0.280000
o 52 0.280000
o 32 67.890000
o 27 78.670000
27	78.670000
decision-tree-lymph-un-formula_0.8_2021_atleast_31_max-4_reduced_incomplete_tree
o 45 0.300000
o 44 0.310000
o 43 0.310000
o 42 0.310000
o 41 0.310000
o 40 0.310000
o 39 0.310000
o 28 22.120000
o 27 23.390000
27	23.390000
decision-tree-lymph-un-formula_0.8_2021_atleast_31_max-4_reduced_incomplete_tree
o 88 0.270000
o 87 0.280000
o 86 0.280000
o 85 0.280000
o 84 0.280000
o 83 0.280000
o 82 0.280000
o 81 0.280000
o 80 0.280000
o 79 0.280000
o 78 0.280000
o 77 0.280000
o 76 0.280000
o 75 0.280000
o 74 0.280000
o 73 0.280000
o 72 0.280000
o 71 0.280000
o 70 0.280000
o 69 0.280000
o 68 0.280000
o 67 0.280000
o 66 0.280000
o 65 0.280000
o 64 0.280000
o 63 0.280000
o 62 0.280000
o 61 0.280000
o 60 0.280000
o 59 0.280000
o 58 0.280000
o 57 0.280000
o 56 0.280000
o 55 0.280000
o 54 0.280000
o 53 0.280000
o 52 0.280000
o 51 0.280000
o 50 0.280000
o 49 0.280000
o 48 0.280000
o 47 0.280000
o 46 0.280000
o 45 0.280000
o 44 0.280000
o 43 0.280000
o 42 0.280000
o 41 0.280000
o 40 0.280000
o 39 0.280000
o 27 57.240000
27	57.240000
decision-tree-lymph-un-formula_0.8_2021_atleast_31_max-4_reduced_incomplete_tree
o 70 0.360000
o 69 0.370000
o 68 0.370000
o 67 0.370000
o 66 0.370000
o 65 0.370000
o 64 0.370000
o 63 0.370000
o 62 0.370000
o 61 0.370000
o 60 0.370000
o 59 0.370000
o 58 0.370000
o 57 0.370000
o 56 0.370000
o 55 0.370000
o 54 0.370000
o 32 10.240000
o 28 16.770000
o 27 18.280000
27	18.280000
decision-tree-lymph-un-formula_0.8_2021_atleast_31_max-4_reduced_incomplete_tree
o 61 0.330000
o 60 0.340000
o 59 0.340000
o 58 0.340000
o 57 0.340000
o 56 0.340000
o 55 0.340000
o 54 0.340000
o 53 0.340000
o 52 0.340000
o 51 0.340000
o 50 0.340000
o 49 0.340000
o 48 0.340000
o 47 0.340000
o 46 0.340000
o 45 0.340000
o 44 0.340000
o 43 0.340000
o 42 0.340000
o 41 0.340000
o 40 0.340000
o 39 0.340000
o 38 0.340000
o 37 0.340000
o 36 0.340000
o 35 0.340000
o 34 0.340000
o 32 23.500000
o 27 28.960000
o 22 32.960000
22	32.960000
