gen-hyper-tw-GenHyperTW_flat30-99
o 69 3.140000
69	3.140000
gen-hyper-tw-GenHyperTW_flat30-99
o 68 2.790000
68	2.790000
gen-hyper-tw-GenHyperTW_flat30-99
o 56 2.560000
o 25 74.310000
o 22 147.780000
22	147.780000
gen-hyper-tw-GenHyperTW_flat30-99
o 55 2.660000
o 24 131.650000
o 21 255.030000
21	255.030000
gen-hyper-tw-GenHyperTW_flat30-99
o 57 2.800000
57	2.800000
gen-hyper-tw-GenHyperTW_flat30-99
o 58 3.620000
o 22 18.130000
o 21 18.310000
o 20 110.100000
20	110.100000
gen-hyper-tw-GenHyperTW_flat30-99
o 62 2.680000
62	2.690000
gen-hyper-tw-GenHyperTW_flat30-99
o 69 2.540000
o 20 117.630000
20	117.630000
gen-hyper-tw-GenHyperTW_flat30-99
o 57 2.760000
o 22 85.440000
22	85.440000
gen-hyper-tw-GenHyperTW_flat30-99
o 56 2.330000
o 24 146.720000
24	146.720000
