inconsistency-measurement-im-contension-C-1-grd_3018_3_7.tgf.pl
o 609 0.450000
o 540 2.580000
o 539 2.590000
o 538 2.590000
o 537 2.650000
o 536 2.650000
o 535 3.190000
o 534 3.200000
o 533 3.270000
o 532 3.270000
o 531 3.270000
o 530 3.340000
o 529 3.450000
o 528 3.480000
o 527 3.520000
o 526 3.520000
o 525 3.560000
o 524 3.610000
o 523 3.610000
o 522 4.520000
o 521 5.510000
o 520 6.190000
o 519 6.210000
o 518 6.330000
o 517 6.360000
o 516 6.460000
o 515 7.300000
o 514 7.300000
o 513 7.900000
o 512 97.380000
o 511 102.170000
o 510 133.310000
o 509 133.320000
o 508 135.380000
508	135.380000
inconsistency-measurement-im-contension-C-1-grd_3018_3_7.tgf.pl
o 600 1.090000
o 532 6.450000
o 531 7.510000
o 530 8.620000
o 529 8.630000
o 528 8.630000
o 527 8.720000
o 526 9.050000
o 525 9.230000
o 524 9.240000
o 523 9.530000
o 522 9.540000
o 521 9.740000
o 520 10.470000
o 519 10.530000
o 518 11.400000
o 517 13.590000
o 516 15.460000
o 515 15.630000
o 514 15.640000
o 513 16.230000
o 512 17.020000
o 511 19.700000
o 510 19.970000
o 509 20.210000
o 508 20.660000
o 507 20.730000
o 506 23.220000
506	23.220000
inconsistency-measurement-im-contension-C-1-grd_3018_3_7.tgf.pl
o 596 0.380000
o 533 2.840000
o 532 2.860000
o 531 2.890000
o 530 2.960000
o 529 3.610000
o 528 4.620000
o 527 4.660000
o 526 4.680000
o 525 4.800000
o 524 4.820000
o 523 4.910000
o 522 5.340000
o 521 6.090000
o 520 6.750000
o 519 6.880000
o 518 6.990000
o 517 7.010000
o 516 7.190000
o 515 8.390000
o 514 16.660000
o 513 19.690000
o 512 43.220000
o 511 43.550000
o 510 51.970000
o 509 55.010000
o 508 206.200000
508	206.200000
inconsistency-measurement-im-contension-C-1-grd_3018_3_7.tgf.pl
o 608 0.320000
o 540 1.980000
o 539 1.980000
o 538 2.010000
o 537 2.050000
o 536 2.070000
o 535 2.480000
o 534 2.570000
o 533 2.580000
o 532 2.590000
o 531 2.640000
o 530 2.640000
o 529 2.700000
o 528 2.700000
o 527 2.730000
o 526 3.450000
o 525 3.600000
o 524 3.930000
o 523 4.370000
o 522 4.370000
o 521 4.570000
o 520 4.650000
o 519 6.080000
o 518 6.430000
o 517 6.450000
o 516 6.460000
o 515 11.940000
o 514 20.760000
o 513 21.570000
o 512 21.580000
o 511 25.410000
o 510 63.790000
o 509 66.460000
o 508 71.650000
o 507 72.150000
o 506 75.470000
o 505 142.950000
o 504 281.860000
o 503 283.600000
o 502 284.790000
o 501 285.340000
501	285.340000
inconsistency-measurement-im-contension-C-1-grd_3018_3_7.tgf.pl
o 608 0.300000
o 540 2.400000
o 539 2.400000
o 538 2.570000
o 537 2.570000
o 536 2.920000
o 535 3.070000
o 534 3.070000
o 533 3.240000
o 532 3.280000
o 531 3.290000
o 530 3.350000
o 529 3.510000
o 528 3.530000
o 527 3.560000
o 526 3.620000
o 525 3.650000
o 524 3.690000
o 523 3.750000
o 522 3.830000
o 521 4.150000
o 520 4.340000
o 519 4.500000
o 518 4.770000
o 517 5.420000
o 516 6.150000
o 515 6.440000
o 514 6.550000
o 513 7.290000
o 512 9.680000
o 511 65.170000
o 510 70.320000
o 509 280.980000
o 508 288.430000
o 507 291.690000
507	291.690000
inconsistency-measurement-im-contension-C-1-grd_3018_3_7.tgf.pl
o 614 0.330000
o 533 1.910000
o 532 1.930000
o 531 1.990000
o 530 2.000000
o 529 2.380000
o 528 2.630000
o 527 2.710000
o 526 2.780000
o 525 2.780000
o 524 2.780000
o 523 2.820000
o 522 3.560000
o 521 4.940000
o 520 5.010000
o 519 5.730000
o 518 5.900000
o 517 6.170000
o 516 6.260000
o 515 6.290000
o 514 6.360000
o 513 7.650000
o 512 20.290000
o 511 25.530000
o 510 26.700000
510	26.700000
inconsistency-measurement-im-contension-C-1-grd_3018_3_7.tgf.pl
o 611 0.350000
o 539 2.020000
o 538 2.030000
o 537 2.030000
o 536 2.030000
o 535 2.140000
o 534 2.240000
o 533 2.260000
o 532 2.260000
o 531 2.290000
o 530 2.680000
o 529 2.730000
o 528 2.770000
o 527 2.780000
o 526 2.810000
o 525 2.930000
o 524 2.980000
o 523 3.930000
o 522 4.320000
o 521 4.780000
o 520 4.780000
o 519 4.800000
o 518 4.940000
o 517 5.310000
o 516 6.040000
o 515 6.250000
o 514 6.370000
o 513 6.500000
o 512 7.650000
o 511 9.780000
o 510 90.910000
o 509 91.780000
509	91.780000
inconsistency-measurement-im-contension-C-1-grd_3018_3_7.tgf.pl
o 603 0.370000
o 531 1.960000
o 530 2.190000
o 529 2.190000
o 528 3.020000
o 527 3.060000
o 526 3.340000
o 525 3.570000
o 524 3.880000
o 523 3.920000
o 522 3.970000
o 521 4.040000
o 520 6.760000
o 519 6.760000
o 518 7.110000
o 517 7.470000
o 516 7.500000
o 515 9.300000
o 514 9.340000
o 513 16.790000
o 512 19.210000
o 511 19.630000
o 510 21.770000
o 509 28.610000
o 508 28.720000
508	28.720000
inconsistency-measurement-im-contension-C-1-grd_3018_3_7.tgf.pl
o 604 0.300000
o 538 2.060000
o 537 2.070000
o 536 2.120000
o 535 2.200000
o 534 2.200000
o 533 2.670000
o 532 2.670000
o 531 2.730000
o 530 2.950000
o 529 3.070000
o 528 3.080000
o 527 3.210000
o 526 3.210000
o 525 3.390000
o 524 3.400000
o 523 3.420000
o 522 3.460000
o 521 4.020000
o 520 4.700000
o 519 4.700000
o 518 4.720000
o 517 6.190000
o 516 7.050000
o 515 7.060000
o 514 7.480000
o 513 75.080000
o 512 75.780000
o 511 78.690000
o 510 89.390000
o 509 89.400000
o 508 92.670000
o 507 94.480000
o 506 98.730000
o 505 110.380000
o 504 114.840000
o 503 122.930000
503	122.930000
inconsistency-measurement-im-contension-C-1-grd_3018_3_7.tgf.pl
o 610 0.330000
o 541 2.020000
o 540 2.040000
o 539 2.050000
o 538 2.050000
o 537 2.060000
o 536 2.070000
o 535 2.070000
o 534 2.210000
o 533 2.340000
o 532 2.390000
o 531 2.450000
o 530 2.710000
o 529 2.810000
o 528 2.950000
o 527 3.040000
o 526 3.140000
o 525 3.150000
o 524 3.160000
o 523 3.660000
o 522 4.540000
o 521 4.720000
o 520 4.750000
o 519 4.920000
o 518 5.010000
o 517 5.030000
o 516 5.250000
o 515 5.280000
o 514 5.470000
o 513 6.600000
o 512 10.800000
o 511 40.460000
o 510 40.620000
o 509 42.350000
o 508 42.910000
o 507 50.530000
507	50.530000
