inconsistency-measurement-im-sum-C-1-grd_1222_5_4.tgf.pl
o 274 0.120000
o 249 1.400000
o 245 1.410000
o 244 1.410000
o 243 1.530000
o 242 1.570000
o 241 1.600000
o 240 1.600000
o 238 1.600000
o 237 1.600000
o 236 23.370000
o 234 23.630000
o 233 25.820000
o 232 25.900000
o 231 25.900000
o 230 25.920000
o 229 249.950000
229	249.950000
inconsistency-measurement-im-sum-C-1-grd_1222_5_4.tgf.pl
o 274 0.100000
o 253 1.450000
o 251 1.490000
o 250 1.550000
o 249 1.550000
o 248 1.550000
o 247 1.840000
o 246 1.850000
o 245 1.850000
o 244 1.860000
o 243 1.890000
o 242 31.340000
o 240 31.380000
o 239 31.380000
o 238 31.390000
o 237 31.390000
o 236 31.510000
o 235 31.550000
o 234 31.560000
o 233 31.590000
o 232 31.590000
o 231 149.550000
231	149.550000
inconsistency-measurement-im-sum-C-1-grd_1222_5_4.tgf.pl
o 274 0.250000
o 268 2.770000
o 266 2.770000
o 265 2.780000
o 264 2.780000
o 263 2.820000
o 262 2.830000
o 261 2.860000
o 260 2.870000
o 259 3.020000
o 258 3.040000
o 257 3.070000
o 256 3.070000
o 255 3.090000
o 254 3.090000
o 253 3.090000
o 252 3.160000
o 251 3.190000
o 250 3.210000
o 249 3.210000
o 248 3.300000
o 247 3.580000
o 246 3.600000
o 245 4.880000
o 244 4.920000
o 243 4.940000
o 242 4.950000
o 241 24.580000
o 240 24.680000
o 239 24.700000
o 238 24.730000
o 237 33.770000
o 236 33.770000
o 235 33.890000
o 234 34.550000
o 233 34.600000
233	34.600000
inconsistency-measurement-im-sum-C-1-grd_1222_5_4.tgf.pl
o 274 0.100000
o 262 1.550000
o 260 1.550000
o 258 1.550000
o 257 1.560000
o 256 1.560000
o 255 1.640000
o 254 1.640000
o 253 1.660000
o 252 1.660000
o 251 1.660000
o 250 1.670000
o 249 1.670000
o 248 1.680000
o 247 1.680000
o 246 1.700000
o 245 1.700000
o 244 1.700000
o 243 1.780000
o 242 1.790000
o 241 1.860000
o 239 1.930000
o 238 1.930000
o 237 2.820000
o 236 3.040000
o 235 3.130000
o 234 3.130000
o 233 3.440000
o 232 46.830000
o 231 46.830000
231	46.830000
inconsistency-measurement-im-sum-C-1-grd_1222_5_4.tgf.pl
o 274 0.120000
o 251 1.520000
o 250 1.520000
o 248 1.520000
o 247 1.520000
o 246 1.520000
o 245 1.530000
o 244 1.550000
o 243 1.550000
o 242 1.560000
o 241 1.720000
o 240 1.720000
o 239 1.730000
o 238 1.750000
o 237 1.870000
o 236 1.910000
o 235 2.630000
o 234 12.980000
o 233 12.980000
o 232 12.980000
o 230 12.980000
o 229 259.670000
229	259.670000
inconsistency-measurement-im-sum-C-1-grd_1222_5_4.tgf.pl
o 274 0.130000
o 270 1.650000
o 269 1.660000
o 267 1.680000
o 266 1.700000
o 265 1.700000
o 264 1.700000
o 262 1.700000
o 261 1.710000
o 259 1.710000
o 258 1.710000
o 257 1.750000
o 256 1.750000
o 255 1.750000
o 254 1.780000
o 253 1.790000
o 252 1.800000
o 251 1.810000
o 250 1.820000
o 249 1.850000
o 248 1.860000
o 246 1.860000
o 245 1.860000
o 244 1.940000
o 242 1.940000
o 241 1.940000
o 240 1.990000
o 239 10.420000
o 237 10.430000
o 236 10.480000
o 235 11.500000
o 234 20.320000
o 233 28.960000
o 232 29.240000
o 231 29.290000
o 230 29.330000
o 229 29.330000
o 227 29.330000
227	29.330000
inconsistency-measurement-im-sum-C-1-grd_1222_5_4.tgf.pl
o 274 0.120000
o 245 1.340000
o 244 1.340000
o 243 1.340000
o 242 1.350000
o 241 1.350000
o 240 1.350000
o 239 1.360000
o 238 1.370000
o 237 37.570000
o 236 37.580000
o 235 37.620000
o 234 37.620000
o 233 37.620000
o 232 37.620000
o 231 37.790000
o 230 37.950000
230	37.950000
inconsistency-measurement-im-sum-C-1-grd_1222_5_4.tgf.pl
o 274 0.130000
o 245 1.540000
o 244 1.540000
o 243 1.550000
o 242 2.030000
o 241 2.030000
o 240 2.160000
o 239 2.170000
o 238 2.230000
o 237 2.290000
o 236 2.290000
o 235 2.580000
o 234 2.580000
o 233 2.580000
o 232 2.700000
o 231 215.860000
231	215.860000
inconsistency-measurement-im-sum-C-1-grd_1222_5_4.tgf.pl
o 274 0.130000
o 270 1.780000
o 268 1.790000
o 267 1.800000
o 266 1.800000
o 265 1.820000
o 264 1.850000
o 262 1.850000
o 261 1.850000
o 260 1.860000
o 259 1.860000
o 258 1.860000
o 256 1.860000
o 255 1.860000
o 254 1.860000
o 253 1.870000
o 251 2.030000
o 250 2.030000
o 249 2.040000
o 248 2.040000
o 247 2.050000
o 246 2.050000
o 245 2.090000
o 244 2.090000
o 243 2.110000
o 242 2.280000
o 241 2.310000
o 240 2.310000
o 239 2.340000
o 238 2.450000
o 237 2.450000
o 236 2.460000
o 235 2.640000
o 234 2.860000
o 233 94.040000
o 232 94.040000
o 231 113.530000
231	113.530000
inconsistency-measurement-im-sum-C-1-grd_1222_5_4.tgf.pl
o 274 0.130000
o 262 1.570000
o 260 1.580000
o 259 1.580000
o 258 1.610000
o 257 1.610000
o 256 1.610000
o 255 1.610000
o 254 1.610000
o 252 1.690000
o 251 1.690000
o 250 1.700000
o 249 1.700000
o 248 1.740000
o 247 1.740000
o 246 2.030000
o 245 2.100000
o 244 3.760000
o 243 20.940000
o 242 20.940000
o 241 20.940000
o 240 29.320000
o 239 29.340000
o 238 29.730000
o 237 29.730000
o 236 29.790000
o 235 29.800000
o 234 29.810000
o 233 29.820000
o 232 29.820000
232	29.820000
