inconsistency-measurement-im-forgetting-T-2-grd_4383_1_10.tgf.pl
o 1443 0.580000
o 910 11.600000
o 908 11.670000
o 907 12.090000
o 906 12.090000
o 905 12.090000
o 904 12.090000
o 903 12.100000
o 901 12.180000
o 900 12.300000
o 899 12.300000
o 898 12.300000
o 897 12.300000
o 896 12.300000
o 895 12.300000
o 894 12.340000
o 892 12.340000
o 891 12.340000
o 890 12.340000
o 889 12.340000
o 888 12.360000
o 887 12.420000
o 886 12.430000
o 884 12.470000
o 883 12.520000
o 882 12.520000
o 881 12.520000
o 880 12.520000
o 879 12.530000
o 878 12.530000
o 877 12.530000
o 876 12.530000
o 875 12.540000
o 874 12.600000
o 871 12.610000
o 870 12.610000
o 869 12.610000
o 868 12.620000
o 866 12.620000
o 865 12.620000
o 864 12.650000
o 863 12.660000
o 862 12.660000
o 861 12.670000
o 860 12.690000
o 859 12.690000
o 858 12.690000
o 857 12.750000
o 856 12.780000
o 855 12.920000
o 854 12.930000
o 853 12.980000
o 852 13.000000
o 851 13.350000
o 850 13.380000
o 849 13.380000
o 848 13.380000
o 847 13.380000
o 846 13.490000
o 845 13.490000
o 844 13.510000
o 843 13.510000
o 842 13.510000
o 841 13.510000
o 840 14.640000
o 839 14.820000
o 838 17.180000
o 837 17.190000
o 836 17.190000
o 835 17.200000
o 834 17.200000
o 833 17.200000
o 832 17.210000
o 831 17.210000
o 830 17.230000
o 829 17.750000
o 828 39.110000
o 827 39.110000
o 825 39.120000
o 824 39.120000
o 823 39.130000
o 822 39.130000
o 820 39.140000
o 819 39.140000
o 818 39.150000
o 817 39.210000
o 816 39.210000
o 815 39.220000
o 814 39.230000
o 813 39.290000
o 812 39.300000
o 811 172.160000
o 810 172.280000
o 809 172.280000
o 808 172.280000
808	172.280000
inconsistency-measurement-im-forgetting-T-2-grd_4383_1_10.tgf.pl
o 1443 0.310000
o 906 8.030000
o 905 8.030000
o 904 8.080000
o 902 8.110000
o 901 8.710000
o 899 8.710000
o 898 8.710000
o 897 8.720000
o 896 8.720000
o 895 8.970000
o 894 8.970000
o 893 8.970000
o 892 8.970000
o 890 8.970000
o 889 8.970000
o 888 8.990000
o 887 8.990000
o 886 9.000000
o 885 9.000000
o 884 9.030000
o 883 9.030000
o 882 9.030000
o 881 9.040000
o 880 9.060000
o 879 9.070000
o 877 9.370000
o 876 9.410000
o 875 9.410000
o 873 9.420000
o 872 9.430000
o 871 9.440000
o 870 9.460000
o 869 9.460000
o 868 9.460000
o 867 9.470000
o 866 9.520000
o 865 9.520000
o 864 9.620000
o 862 9.630000
o 861 9.630000
o 860 9.640000
o 859 9.650000
o 858 9.800000
o 857 9.810000
o 856 9.850000
o 855 9.860000
o 854 9.880000
o 853 9.890000
o 852 9.920000
o 851 9.930000
o 849 9.970000
o 848 9.970000
o 847 9.980000
o 846 10.210000
o 845 10.220000
o 844 10.300000
o 843 10.770000
o 842 10.780000
o 841 11.520000
o 840 12.090000
o 839 12.110000
o 838 12.130000
o 837 12.140000
o 836 12.140000
o 835 12.140000
o 834 12.180000
o 833 12.180000
o 832 12.240000
o 831 12.330000
o 830 12.330000
o 829 12.520000
o 828 12.520000
o 827 12.560000
o 826 12.570000
o 825 12.620000
o 824 12.750000
o 822 72.290000
o 821 72.290000
o 820 72.290000
o 819 72.520000
o 818 72.530000
o 817 72.780000
o 816 72.790000
o 815 72.880000
o 814 73.210000
o 813 73.260000
o 812 73.380000
o 811 73.380000
o 810 73.510000
o 809 73.520000
809	73.520000
inconsistency-measurement-im-forgetting-T-2-grd_4383_1_10.tgf.pl
o 1443 0.350000
o 903 7.880000
o 902 8.030000
o 901 8.030000
o 900 8.030000
o 899 8.030000
o 898 8.320000
o 897 8.320000
o 896 8.360000
o 895 8.370000
o 894 8.370000
o 893 8.450000
o 892 8.450000
o 891 8.450000
o 890 8.460000
o 889 8.510000
o 888 8.510000
o 887 8.510000
o 886 8.510000
o 884 8.510000
o 883 8.520000
o 882 8.520000
o 881 8.530000
o 880 8.530000
o 879 8.530000
o 878 8.540000
o 877 8.560000
o 876 8.560000
o 875 8.560000
o 874 8.660000
o 873 8.660000
o 872 8.660000
o 870 8.940000
o 869 8.940000
o 868 8.950000
o 867 8.970000
o 866 8.970000
o 865 8.970000
o 864 8.970000
o 863 8.980000
o 862 8.980000
o 861 9.000000
o 860 9.010000
o 859 9.400000
o 858 9.410000
o 857 9.500000
o 856 9.500000
o 855 9.500000
o 854 9.610000
o 853 9.630000
o 852 9.640000
o 851 9.690000
o 850 9.700000
o 849 9.700000
o 848 9.740000
o 847 9.750000
o 846 9.750000
o 845 10.020000
o 844 10.100000
o 843 10.100000
o 842 10.100000
o 841 10.170000
o 840 10.180000
o 839 10.220000
o 837 10.240000
o 836 10.340000
o 835 10.360000
o 834 11.340000
o 833 11.350000
o 832 11.450000
o 831 11.530000
o 830 11.550000
o 829 11.570000
o 828 11.840000
o 827 30.860000
o 826 30.900000
o 825 30.900000
o 824 30.960000
o 823 30.960000
o 822 31.180000
o 821 31.190000
o 820 32.770000
o 819 32.770000
o 818 32.880000
o 817 32.960000
o 816 32.960000
o 815 32.970000
o 814 32.970000
o 813 33.020000
o 812 33.020000
812	33.020000
inconsistency-measurement-im-forgetting-T-2-grd_4383_1_10.tgf.pl
o 1443 0.350000
o 913 9.840000
o 912 9.840000
o 911 9.840000
o 910 9.840000
o 907 9.850000
o 906 9.850000
o 903 9.860000
o 902 9.870000
o 898 10.020000
o 897 10.020000
o 895 10.020000
o 894 10.030000
o 893 10.030000
o 891 10.050000
o 889 10.060000
o 886 10.060000
o 885 10.080000
o 883 10.090000
o 882 10.090000
o 881 10.090000
o 880 10.990000
o 879 10.990000
o 878 10.990000
o 877 10.990000
o 876 11.060000
o 875 11.070000
o 874 11.070000
o 873 11.070000
o 871 11.070000
o 870 11.090000
o 868 11.090000
o 867 11.110000
o 866 11.120000
o 865 11.140000
o 864 11.140000
o 863 11.140000
o 861 11.150000
o 860 11.150000
o 859 11.150000
o 858 11.680000
o 857 11.720000
o 856 11.750000
o 855 11.750000
o 854 11.750000
o 853 11.760000
o 852 11.800000
o 851 11.800000
o 850 11.810000
o 849 11.820000
o 848 11.830000
o 847 11.830000
o 846 11.830000
o 843 11.840000
o 842 12.820000
o 841 12.860000
o 840 12.890000
o 838 13.520000
o 837 13.540000
o 836 13.540000
o 835 13.570000
o 834 13.590000
o 833 13.590000
o 832 13.600000
o 831 13.600000
o 830 13.650000
o 829 13.650000
o 828 13.770000
o 827 13.790000
o 826 13.820000
o 825 13.890000
o 824 14.020000
o 823 14.090000
o 822 14.220000
o 821 14.220000
o 820 14.220000
o 819 207.320000
o 818 207.330000
o 817 207.370000
o 816 207.400000
o 815 207.400000
o 814 207.400000
o 813 207.410000
o 812 209.130000
o 811 209.130000
811	209.130000
inconsistency-measurement-im-forgetting-T-2-grd_4383_1_10.tgf.pl
o 1443 0.320000
o 916 8.680000
o 914 8.680000
o 912 8.680000
o 911 8.700000
o 910 8.770000
o 909 8.780000
o 908 9.170000
o 907 9.460000
o 906 9.500000
o 905 9.510000
o 904 9.520000
o 903 9.520000
o 902 9.520000
o 900 9.530000
o 899 9.530000
o 898 9.530000
o 897 9.530000
o 896 9.680000
o 895 9.680000
o 894 9.680000
o 893 9.690000
o 892 9.700000
o 891 9.700000
o 890 9.710000
o 889 9.730000
o 887 9.740000
o 886 9.740000
o 884 9.760000
o 883 9.760000
o 882 9.760000
o 881 9.780000
o 880 9.780000
o 879 9.820000
o 878 9.820000
o 877 9.970000
o 875 9.970000
o 874 9.970000
o 873 9.990000
o 872 9.990000
o 871 9.990000
o 870 10.000000
o 869 10.000000
o 868 10.000000
o 867 10.000000
o 866 10.010000
o 865 10.010000
o 864 10.010000
o 863 10.010000
o 862 10.010000
o 861 10.030000
o 860 10.030000
o 859 10.110000
o 858 10.120000
o 857 10.130000
o 856 10.400000
o 855 10.510000
o 854 10.510000
o 853 10.560000
o 852 10.560000
o 851 10.590000
o 850 10.680000
o 849 10.680000
o 848 10.690000
o 847 10.710000
o 846 10.710000
o 845 10.720000
o 844 10.740000
o 843 10.870000
o 842 10.880000
o 841 10.880000
o 840 10.890000
o 839 10.910000
o 837 11.030000
o 836 11.050000
o 835 11.100000
o 834 11.100000
o 833 11.110000
o 832 11.140000
o 831 11.140000
o 830 11.150000
o 829 11.180000
o 828 11.230000
o 827 11.230000
o 826 11.230000
o 825 11.260000
o 824 11.260000
o 823 185.230000
823	185.230000
inconsistency-measurement-im-forgetting-T-2-grd_4383_1_10.tgf.pl
o 1443 0.400000
o 904 9.610000
o 903 9.900000
o 902 9.910000
o 901 9.930000
o 900 9.930000
o 899 10.000000
o 898 10.010000
o 897 10.010000
o 896 10.010000
o 894 10.010000
o 893 10.010000
o 892 10.180000
o 890 10.180000
o 889 10.180000
o 888 10.210000
o 887 10.210000
o 886 10.210000
o 885 10.210000
o 884 10.520000
o 883 10.580000
o 882 10.580000
o 881 10.620000
o 880 10.690000
o 879 10.690000
o 877 10.700000
o 876 10.700000
o 875 10.850000
o 874 10.850000
o 873 10.850000
o 872 10.850000
o 870 11.260000
o 869 11.270000
o 868 11.280000
o 867 11.280000
o 866 11.280000
o 865 11.290000
o 864 11.290000
o 863 11.330000
o 862 11.330000
o 861 11.340000
o 860 11.340000
o 859 11.360000
o 857 11.590000
o 856 11.600000
o 855 11.610000
o 854 11.640000
o 853 12.170000
o 852 12.170000
o 851 12.220000
o 850 12.220000
o 849 12.230000
o 848 12.270000
o 847 12.280000
o 846 12.300000
o 845 12.330000
o 844 12.330000
o 843 12.330000
o 842 12.360000
o 841 12.370000
o 840 12.490000
o 839 12.510000
o 838 12.520000
o 837 12.550000
o 836 12.560000
o 835 12.570000
o 834 12.570000
o 833 12.580000
o 832 12.600000
o 831 12.630000
o 830 12.850000
o 829 12.860000
o 828 12.900000
o 827 12.940000
o 826 12.980000
o 825 13.050000
o 824 13.050000
o 823 13.070000
o 822 13.090000
o 821 242.980000
o 820 243.150000
o 818 243.260000
o 817 243.320000
o 816 243.320000
816	243.320000
inconsistency-measurement-im-forgetting-T-2-grd_4383_1_10.tgf.pl
o 1443 0.410000
o 908 10.240000
o 903 10.270000
o 902 10.270000
o 901 10.280000
o 899 10.280000
o 896 10.300000
o 895 10.300000
o 894 10.310000
o 892 10.330000
o 890 10.330000
o 889 10.340000
o 888 10.350000
o 887 10.350000
o 886 10.350000
o 885 10.350000
o 884 11.040000
o 883 11.050000
o 882 11.060000
o 881 11.060000
o 880 11.060000
o 878 11.330000
o 877 11.330000
o 875 11.350000
o 873 11.350000
o 872 11.360000
o 871 11.360000
o 870 11.400000
o 869 11.400000
o 868 11.530000
o 867 11.530000
o 866 11.530000
o 865 11.540000
o 864 11.550000
o 863 11.580000
o 862 11.580000
o 861 11.580000
o 860 11.580000
o 859 11.590000
o 857 11.590000
o 855 11.590000
o 854 11.590000
o 853 11.610000
o 852 11.620000
o 851 11.640000
o 850 11.660000
o 848 11.830000
o 847 11.860000
o 846 11.860000
o 845 11.860000
o 844 11.870000
o 843 13.620000
o 842 13.730000
o 841 15.020000
o 840 15.040000
o 839 15.040000
o 838 15.050000
o 837 35.690000
o 836 35.700000
o 834 100.610000
o 833 100.640000
o 832 100.640000
o 831 100.650000
o 830 100.660000
o 829 105.840000
o 828 106.050000
o 827 106.230000
o 826 106.230000
o 825 107.400000
o 824 107.400000
o 823 107.430000
o 822 107.430000
o 821 158.250000
o 820 158.280000
o 819 158.280000
o 818 158.280000
818	158.280000
inconsistency-measurement-im-forgetting-T-2-grd_4383_1_10.tgf.pl
o 1443 0.490000
o 897 14.410000
o 894 14.420000
o 893 14.690000
o 892 14.700000
o 891 14.700000
o 890 14.710000
o 889 14.720000
o 888 14.720000
o 887 14.730000
o 886 14.740000
o 885 14.910000
o 884 14.920000
o 883 14.920000
o 881 14.930000
o 880 15.210000
o 879 15.210000
o 878 15.220000
o 876 15.290000
o 875 15.290000
o 874 15.310000
o 873 15.310000
o 872 15.310000
o 871 15.310000
o 870 15.310000
o 869 15.310000
o 868 15.330000
o 867 15.330000
o 866 15.330000
o 865 15.340000
o 864 15.350000
o 863 15.350000
o 862 15.350000
o 861 15.350000
o 860 15.360000
o 859 15.400000
o 858 15.600000
o 857 15.610000
o 856 15.610000
o 855 15.630000
o 854 15.630000
o 853 15.630000
o 852 15.630000
o 851 15.760000
o 850 15.770000
o 849 15.770000
o 848 15.770000
o 847 15.780000
o 846 15.780000
o 845 15.790000
o 844 15.800000
o 843 15.800000
o 842 15.850000
o 841 16.180000
o 840 16.180000
o 839 16.210000
o 838 16.210000
o 837 16.210000
o 836 16.220000
o 835 16.270000
o 834 16.630000
o 833 16.630000
o 832 16.650000
o 831 16.680000
o 830 18.320000
o 829 18.600000
o 828 18.600000
o 827 19.430000
o 826 191.110000
o 825 191.140000
o 824 191.140000
o 823 191.150000
o 822 191.160000
o 821 191.170000
o 820 191.250000
o 819 191.250000
o 818 191.260000
o 817 191.260000
o 816 191.340000
o 815 191.340000
o 814 191.340000
o 813 191.370000
o 812 191.400000
o 811 191.420000
o 809 191.420000
o 808 191.430000
o 807 191.430000
o 806 191.460000
o 805 191.470000
805	191.470000
inconsistency-measurement-im-forgetting-T-2-grd_4383_1_10.tgf.pl
o 1443 0.610000
o 930 38.900000
o 929 39.450000
o 926 39.460000
o 925 39.900000
o 921 39.910000
o 920 39.920000
o 919 39.920000
o 918 39.930000
o 917 39.960000
o 915 40.020000
o 914 40.020000
o 913 40.210000
o 912 40.210000
o 911 40.270000
o 910 40.280000
o 909 40.300000
o 908 40.480000
o 906 40.490000
o 905 40.490000
o 904 40.490000
o 903 40.500000
o 902 40.500000
o 900 40.500000
o 899 40.530000
o 898 40.550000
o 897 40.550000
o 896 40.550000
o 895 40.580000
o 894 40.650000
o 893 40.660000
o 892 40.670000
o 891 40.670000
o 890 40.710000
o 889 40.710000
o 888 40.740000
o 887 40.790000
o 886 40.930000
o 885 40.950000
o 884 40.950000
o 883 40.950000
o 882 40.950000
o 881 40.960000
o 880 41.310000
o 879 41.310000
o 878 41.320000
o 877 41.350000
o 876 41.370000
o 875 41.370000
o 874 41.380000
o 873 41.460000
o 871 41.480000
o 870 41.490000
o 869 41.510000
o 868 41.520000
o 867 41.700000
o 866 41.730000
o 864 41.730000
o 863 41.730000
o 862 41.770000
o 860 41.770000
o 859 41.790000
o 858 41.900000
o 857 41.920000
o 856 42.590000
o 855 42.630000
o 854 42.670000
o 853 43.170000
o 851 43.200000
o 849 43.200000
o 848 43.210000
o 847 43.240000
o 846 43.240000
o 845 43.310000
o 844 43.320000
o 843 43.360000
o 842 43.460000
o 841 43.460000
o 840 44.030000
o 839 44.030000
o 838 44.030000
o 837 45.470000
o 836 45.680000
o 835 46.210000
o 834 46.210000
o 833 46.210000
o 832 46.210000
o 831 46.210000
o 830 46.280000
o 829 46.290000
o 828 48.210000
o 826 48.220000
o 825 48.220000
o 824 48.290000
824	48.290000
inconsistency-measurement-im-forgetting-T-2-grd_4383_1_10.tgf.pl
o 1443 0.320000
o 891 8.200000
o 890 8.200000
o 889 8.200000
o 888 8.240000
o 886 8.240000
o 885 8.240000
o 884 8.240000
o 883 8.540000
o 881 8.550000
o 879 8.770000
o 878 8.770000
o 877 8.770000
o 876 8.770000
o 875 8.780000
o 874 8.860000
o 873 8.860000
o 872 8.870000
o 871 8.920000
o 870 8.920000
o 869 8.920000
o 868 8.920000
o 867 8.940000
o 864 8.940000
o 863 8.940000
o 862 8.950000
o 861 8.950000
o 860 8.950000
o 859 8.960000
o 858 8.960000
o 857 9.020000
o 856 9.080000
o 855 9.080000
o 854 9.080000
o 853 9.090000
o 852 9.090000
o 851 9.120000
o 850 9.120000
o 849 9.120000
o 848 9.120000
o 847 9.180000
o 846 9.180000
o 845 9.180000
o 844 9.180000
o 843 9.180000
o 842 9.190000
o 840 9.320000
o 838 9.320000
o 837 9.350000
o 836 9.490000
o 835 9.500000
o 834 9.500000
o 833 9.510000
o 832 9.580000
o 831 9.610000
o 830 9.610000
o 829 9.610000
o 828 9.750000
o 827 9.780000
o 826 9.790000
o 825 9.790000
o 823 9.790000
o 822 9.800000
o 821 9.810000
o 820 9.820000
o 819 187.630000
819	187.630000
