inconsistency-measurement-im-sum-B-3-stb_327_100.tgf.pl
o 72 0.000000
o 63 0.310000
o 62 0.310000
o 61 0.320000
o 60 0.320000
o 59 0.320000
o 58 28.750000
o 55 28.760000
o 54 28.760000
54	28.760000
inconsistency-measurement-im-sum-B-3-stb_327_100.tgf.pl
o 72 0.000000
o 63 0.320000
o 61 0.320000
o 60 0.320000
o 59 0.320000
o 58 22.540000
o 57 22.540000
o 56 59.930000
o 55 59.970000
o 54 150.230000
54	150.230000
inconsistency-measurement-im-sum-B-3-stb_327_100.tgf.pl
o 72 0.000000
o 69 0.450000
o 68 0.450000
o 67 1.040000
o 66 1.040000
o 65 1.040000
o 64 1.070000
o 63 1.070000
o 62 1.070000
o 61 9.440000
o 60 13.980000
o 59 13.980000
o 58 14.000000
o 57 54.410000
o 56 145.820000
o 54 169.850000
o 53 169.850000
o 52 240.560000
o 51 240.590000
o 50 240.600000
o 49 240.610000
49	240.610000
inconsistency-measurement-im-sum-B-3-stb_327_100.tgf.pl
o 72 0.010000
o 71 0.400000
o 70 0.400000
o 69 0.430000
o 68 0.430000
o 67 0.440000
o 66 0.440000
o 65 0.440000
o 64 0.470000
o 63 0.480000
o 61 0.490000
o 59 0.490000
o 58 12.830000
o 57 12.830000
o 56 12.960000
o 55 42.020000
o 54 108.720000
o 53 108.730000
53	108.730000
inconsistency-measurement-im-sum-B-3-stb_327_100.tgf.pl
o 72 0.000000
o 71 0.340000
o 70 0.520000
o 69 0.520000
o 68 0.530000
o 67 0.530000
o 66 0.530000
o 65 0.680000
o 64 0.710000
o 63 6.490000
o 62 6.500000
o 61 6.610000
o 60 6.610000
o 59 10.420000
o 58 10.540000
o 57 10.540000
o 55 10.640000
55	10.640000
inconsistency-measurement-im-sum-B-3-stb_327_100.tgf.pl
o 72 0.010000
o 71 0.450000
o 70 0.450000
o 69 0.450000
o 67 0.450000
o 66 0.450000
o 65 0.460000
o 64 0.460000
o 63 0.570000
o 62 0.590000
o 61 0.600000
o 59 13.230000
o 58 13.250000
o 57 13.250000
o 56 58.670000
o 54 89.990000
54	89.990000
inconsistency-measurement-im-sum-B-3-stb_327_100.tgf.pl
o 72 0.010000
o 68 0.320000
o 64 0.320000
o 63 1.420000
o 62 1.950000
o 61 11.370000
o 60 11.370000
o 59 17.460000
o 57 28.460000
o 56 46.820000
o 55 46.820000
o 54 46.840000
o 53 46.840000
53	46.840000
inconsistency-measurement-im-sum-B-3-stb_327_100.tgf.pl
o 72 0.010000
o 71 0.470000
o 70 0.490000
o 68 0.490000
o 67 0.530000
o 66 0.530000
o 65 0.530000
o 64 0.730000
o 63 0.730000
o 62 0.750000
o 61 0.750000
o 60 0.750000
o 59 12.360000
o 58 12.370000
o 57 12.370000
o 56 12.370000
o 55 12.380000
o 54 104.840000
o 53 104.840000
53	104.840000
inconsistency-measurement-im-sum-B-3-stb_327_100.tgf.pl
o 72 0.010000
o 71 0.540000
o 69 0.540000
o 68 0.560000
o 66 0.560000
o 65 0.560000
o 64 0.600000
o 63 0.610000
o 62 0.620000
o 61 0.620000
o 60 6.520000
o 59 30.180000
o 58 30.210000
o 57 30.240000
o 56 30.240000
o 55 47.010000
o 54 245.860000
54	245.860000
inconsistency-measurement-im-sum-B-3-stb_327_100.tgf.pl
o 72 0.010000
o 65 0.340000
o 64 0.400000
o 63 0.400000
o 62 0.400000
o 61 6.300000
o 60 6.300000
o 59 6.380000
o 58 6.380000
o 57 6.380000
o 56 6.410000
o 55 73.000000
o 54 73.020000
o 53 73.020000
o 51 73.030000
51	73.030000
