inconsistency-measurement-im-forgetting-A-2-grd_3908_2_1.tgf.pl
o 1395 0.490000
o 834 7.170000
o 832 7.230000
o 831 7.230000
o 830 7.230000
o 829 7.560000
o 827 7.560000
o 826 7.580000
o 825 7.580000
o 824 7.590000
o 823 7.600000
o 822 7.620000
o 820 7.620000
o 819 7.660000
o 818 7.670000
o 817 7.670000
o 816 7.670000
o 815 7.680000
o 814 7.680000
o 813 7.700000
o 812 7.700000
o 811 7.730000
o 810 7.730000
o 809 7.780000
o 808 7.880000
o 807 7.880000
o 806 7.970000
o 805 7.970000
o 804 7.980000
o 802 7.980000
o 801 8.010000
o 800 8.190000
o 799 8.190000
o 798 8.240000
o 797 8.260000
o 795 8.260000
o 794 8.260000
o 793 8.310000
o 792 8.310000
o 790 8.320000
o 789 8.320000
o 787 8.320000
o 786 8.320000
o 785 8.330000
o 784 8.360000
o 783 9.000000
o 782 9.000000
o 781 9.020000
o 779 9.100000
o 778 9.100000
o 777 9.100000
o 776 9.100000
776	9.100000
inconsistency-measurement-im-forgetting-A-2-grd_3908_2_1.tgf.pl
o 1395 0.530000
o 848 7.880000
o 847 8.680000
o 846 8.690000
o 845 8.690000
o 844 8.730000
o 843 8.730000
o 841 8.730000
o 840 8.730000
o 839 8.730000
o 838 8.730000
o 837 8.730000
o 836 8.730000
o 835 8.730000
o 834 8.730000
o 833 8.730000
o 832 8.780000
o 831 8.790000
o 830 8.790000
o 829 8.800000
o 828 8.800000
o 826 8.860000
o 825 9.030000
o 824 9.050000
o 823 9.050000
o 822 9.050000
o 821 9.050000
o 820 9.050000
o 819 9.050000
o 818 9.080000
o 817 9.080000
o 816 9.080000
o 815 9.080000
o 814 9.090000
o 813 9.240000
o 812 9.240000
o 811 9.250000
o 810 9.290000
o 809 9.300000
o 807 9.420000
o 806 9.420000
o 805 9.610000
o 804 9.610000
o 803 9.610000
o 802 9.740000
o 801 9.750000
o 800 9.810000
o 799 9.810000
o 797 9.820000
o 795 9.820000
o 794 9.820000
o 793 9.830000
o 792 10.220000
o 791 10.220000
o 790 10.220000
o 789 11.730000
o 788 29.730000
o 787 29.730000
o 786 30.070000
o 785 30.190000
o 784 83.420000
o 783 83.430000
783	83.430000
inconsistency-measurement-im-forgetting-A-2-grd_3908_2_1.tgf.pl
o 1395 0.490000
o 860 8.150000
o 858 8.180000
o 857 8.180000
o 856 8.380000
o 855 8.380000
o 854 8.380000
o 853 8.380000
o 852 8.390000
o 851 8.400000
o 850 8.400000
o 849 8.410000
o 848 8.420000
o 847 8.420000
o 846 8.420000
o 845 8.440000
o 844 8.440000
o 843 8.450000
o 842 8.460000
o 840 8.460000
o 838 8.520000
o 837 8.520000
o 836 8.530000
o 835 8.760000
o 832 8.760000
o 831 8.760000
o 830 8.760000
o 829 8.770000
o 828 8.770000
o 826 8.770000
o 825 8.790000
o 824 8.800000
o 823 8.810000
o 822 8.810000
o 821 8.810000
o 820 8.810000
o 819 9.070000
o 818 9.070000
o 817 9.070000
o 816 9.100000
o 815 9.120000
o 814 9.120000
o 813 9.120000
o 811 9.130000
o 810 9.130000
o 809 9.130000
o 808 9.140000
o 807 9.150000
o 806 9.170000
o 805 9.190000
o 804 9.190000
o 803 9.200000
o 802 9.210000
o 801 9.610000
o 800 9.620000
o 799 9.770000
o 798 9.780000
o 797 9.790000
o 796 9.900000
o 795 9.910000
o 794 9.960000
o 793 9.960000
o 792 10.000000
o 791 10.040000
o 790 10.040000
o 789 10.060000
o 788 10.950000
o 787 10.950000
o 786 10.960000
o 785 10.960000
o 784 10.970000
o 783 82.320000
o 782 82.320000
o 781 82.330000
o 779 83.330000
o 778 83.330000
o 777 83.340000
o 776 83.390000
o 775 83.390000
o 774 83.440000
774	83.440000
inconsistency-measurement-im-forgetting-A-2-grd_3908_2_1.tgf.pl
o 1395 0.560000
o 845 7.480000
o 844 7.480000
o 843 7.500000
o 841 7.680000
o 840 7.680000
o 839 7.680000
o 838 7.690000
o 837 7.690000
o 836 7.690000
o 835 7.700000
o 834 7.700000
o 833 7.700000
o 832 7.700000
o 831 7.700000
o 830 7.710000
o 829 7.710000
o 828 7.800000
o 827 7.820000
o 825 7.830000
o 824 7.840000
o 823 7.870000
o 822 7.880000
o 821 7.880000
o 820 7.880000
o 819 7.880000
o 818 7.880000
o 817 7.890000
o 816 7.900000
o 814 7.900000
o 813 7.900000
o 812 7.900000
o 811 7.920000
o 810 7.960000
o 809 7.960000
o 808 7.960000
o 807 7.960000
o 805 7.960000
o 803 8.450000
o 802 8.450000
o 801 8.450000
o 800 8.460000
o 799 9.210000
o 798 9.210000
o 797 9.210000
o 796 9.220000
o 795 9.460000
o 794 9.530000
o 793 9.530000
o 792 9.540000
o 791 9.540000
o 790 9.590000
o 789 9.620000
o 788 9.620000
o 787 9.620000
o 786 9.630000
o 785 138.410000
o 784 138.430000
o 783 138.430000
o 782 138.460000
o 781 213.840000
o 779 213.890000
o 778 213.900000
778	213.900000
inconsistency-measurement-im-forgetting-A-2-grd_3908_2_1.tgf.pl
o 1395 0.500000
o 861 7.330000
o 851 7.340000
o 848 7.400000
o 843 7.420000
o 842 7.480000
o 841 7.480000
o 840 7.480000
o 839 7.480000
o 838 7.480000
o 837 7.480000
o 836 7.480000
o 835 7.580000
o 834 7.580000
o 833 7.580000
o 832 7.580000
o 831 7.580000
o 830 7.590000
o 829 7.600000
o 828 7.600000
o 826 7.720000
o 825 7.720000
o 824 7.720000
o 823 7.730000
o 822 7.740000
o 821 7.750000
o 820 7.770000
o 819 7.770000
o 818 7.770000
o 817 7.810000
o 816 7.810000
o 815 8.230000
o 814 8.240000
o 813 8.240000
o 812 8.250000
o 811 8.260000
o 810 8.260000
o 809 8.320000
o 808 8.340000
o 807 8.350000
o 806 8.350000
o 805 8.360000
o 804 8.360000
o 802 8.500000
o 801 8.590000
o 800 8.620000
o 799 8.620000
o 798 8.670000
o 797 8.840000
o 796 8.850000
o 795 8.850000
o 794 8.880000
o 793 8.880000
o 792 9.040000
o 791 9.480000
o 790 9.480000
o 789 9.860000
o 788 9.860000
o 787 9.860000
o 786 10.250000
o 785 10.260000
o 784 10.260000
o 783 64.950000
o 782 64.970000
o 781 65.820000
o 780 65.840000
o 779 87.080000
o 778 87.100000
o 777 87.140000
777	87.140000
inconsistency-measurement-im-forgetting-A-2-grd_3908_2_1.tgf.pl
o 1395 0.500000
o 840 8.160000
o 838 8.160000
o 835 8.170000
o 834 8.320000
o 833 8.330000
o 832 8.340000
o 830 8.390000
o 829 8.410000
o 828 8.410000
o 826 8.410000
o 825 8.410000
o 824 8.450000
o 823 8.450000
o 822 8.460000
o 821 8.650000
o 820 8.660000
o 819 8.660000
o 818 8.670000
o 817 8.670000
o 816 8.670000
o 815 8.670000
o 814 8.680000
o 813 8.790000
o 812 8.870000
o 811 8.960000
o 810 8.970000
o 809 8.990000
o 808 9.010000
o 806 9.020000
o 805 9.020000
o 804 9.070000
o 803 9.070000
o 802 9.090000
o 801 9.090000
o 799 9.150000
o 798 9.160000
o 797 9.160000
o 796 9.160000
o 795 9.170000
o 794 9.360000
o 793 9.380000
o 792 9.440000
o 791 9.460000
o 790 9.460000
o 789 9.460000
o 788 9.490000
o 787 9.730000
o 786 9.750000
o 785 84.080000
o 784 84.090000
o 783 101.730000
o 782 101.750000
o 781 120.430000
o 780 120.440000
o 779 120.440000
o 778 120.470000
o 777 120.520000
o 776 120.520000
o 775 120.520000
o 774 286.160000
774	286.170000
inconsistency-measurement-im-forgetting-A-2-grd_3908_2_1.tgf.pl
o 1395 0.480000
o 856 7.740000
o 851 7.790000
o 849 7.790000
o 847 7.800000
o 846 7.930000
o 845 8.010000
o 844 8.100000
o 843 8.130000
o 841 8.130000
o 840 8.130000
o 839 8.130000
o 838 8.150000
o 837 8.160000
o 836 8.170000
o 835 8.270000
o 834 8.310000
o 833 8.310000
o 832 8.380000
o 830 8.400000
o 829 8.400000
o 828 8.400000
o 827 8.420000
o 826 8.420000
o 825 8.420000
o 824 8.420000
o 823 8.470000
o 821 8.480000
o 819 8.480000
o 818 8.480000
o 817 8.690000
o 816 8.690000
o 815 8.700000
o 814 8.700000
o 813 8.700000
o 812 8.800000
o 811 8.830000
o 810 8.830000
o 809 8.840000
o 808 8.840000
o 807 8.850000
o 806 8.850000
o 805 8.850000
o 804 8.860000
o 803 8.870000
o 801 8.880000
o 800 8.880000
o 799 8.880000
o 798 8.880000
o 797 8.890000
o 796 9.340000
o 795 9.350000
o 794 44.390000
o 793 44.390000
o 792 44.390000
o 791 44.410000
o 790 44.410000
o 789 44.410000
o 788 44.410000
o 787 44.410000
o 786 44.420000
o 785 45.450000
o 784 45.450000
o 783 45.470000
o 782 45.600000
o 781 45.610000
o 780 200.290000
o 779 200.290000
o 778 200.290000
o 777 200.460000
o 776 200.520000
o 775 200.620000
775	200.620000
inconsistency-measurement-im-forgetting-A-2-grd_3908_2_1.tgf.pl
o 1395 0.700000
o 855 10.440000
o 851 10.440000
o 850 10.460000
o 849 10.470000
o 848 10.480000
o 847 10.480000
o 846 10.480000
o 845 10.500000
o 844 10.540000
o 843 10.560000
o 842 10.760000
o 841 10.760000
o 840 10.760000
o 838 10.890000
o 837 10.890000
o 836 10.920000
o 835 10.940000
o 834 10.940000
o 833 10.970000
o 831 10.980000
o 830 10.980000
o 829 10.990000
o 828 11.000000
o 827 11.020000
o 826 11.020000
o 825 11.020000
o 824 11.020000
o 823 11.040000
o 822 11.040000
o 821 11.040000
o 820 11.050000
o 819 11.050000
o 817 11.060000
o 816 11.060000
o 815 11.080000
o 814 11.080000
o 813 11.120000
o 812 11.120000
o 811 11.240000
o 810 11.240000
o 809 11.270000
o 808 11.320000
o 807 11.330000
o 805 11.360000
o 804 11.370000
o 803 11.380000
o 802 11.390000
o 801 11.400000
o 799 11.430000
o 797 11.460000
o 796 11.460000
o 795 11.460000
o 794 11.470000
o 793 11.470000
o 792 11.480000
o 791 11.630000
o 790 11.690000
o 789 12.350000
o 788 12.360000
o 787 12.370000
o 786 12.400000
o 785 12.400000
o 784 55.770000
o 783 56.500000
o 782 116.800000
o 781 116.810000
781	116.810000
inconsistency-measurement-im-forgetting-A-2-grd_3908_2_1.tgf.pl
o 1395 0.720000
o 848 9.260000
o 847 9.820000
o 846 9.820000
o 845 9.820000
o 844 9.830000
o 843 9.840000
o 842 9.840000
o 841 9.860000
o 840 9.880000
o 839 9.880000
o 838 9.880000
o 837 9.890000
o 836 9.990000
o 835 9.990000
o 834 9.990000
o 833 10.000000
o 832 10.010000
o 830 10.020000
o 829 10.020000
o 828 10.120000
o 827 10.120000
o 826 10.120000
o 825 10.120000
o 824 10.120000
o 823 10.120000
o 822 10.120000
o 821 10.140000
o 820 10.210000
o 819 10.220000
o 818 10.230000
o 816 10.240000
o 815 10.250000
o 814 10.250000
o 813 10.270000
o 812 10.270000
o 811 10.380000
o 810 10.380000
o 809 10.430000
o 808 10.430000
o 806 10.440000
o 805 10.450000
o 804 10.470000
o 803 10.470000
o 802 10.470000
o 801 10.470000
o 800 10.480000
o 799 10.480000
o 798 10.480000
o 797 10.510000
o 795 10.540000
o 794 10.990000
o 793 11.010000
o 792 11.010000
o 791 11.020000
o 790 11.030000
o 789 11.500000
o 788 11.520000
o 787 12.040000
o 786 12.080000
o 785 12.370000
o 784 12.390000
o 783 12.390000
o 782 12.400000
o 781 12.410000
o 780 12.410000
o 779 12.410000
o 778 12.420000
o 777 12.420000
o 776 12.430000
o 775 12.430000
o 774 12.450000
o 773 12.650000
o 772 12.650000
o 771 298.360000
o 770 298.390000
770	298.390000
inconsistency-measurement-im-forgetting-A-2-grd_3908_2_1.tgf.pl
o 1395 0.540000
o 851 8.500000
o 850 8.500000
o 849 8.500000
o 848 8.860000
o 847 8.860000
o 846 8.860000
o 845 8.860000
o 844 8.870000
o 843 8.870000
o 842 8.870000
o 841 8.880000
o 840 8.880000
o 839 8.920000
o 838 8.920000
o 837 8.980000
o 836 9.010000
o 835 9.010000
o 834 9.040000
o 833 9.260000
o 832 9.270000
o 831 9.310000
o 830 9.310000
o 829 9.480000
o 828 9.510000
o 827 9.510000
o 826 9.520000
o 825 9.600000
o 823 9.610000
o 821 9.620000
o 820 9.660000
o 819 9.660000
o 818 9.660000
o 817 9.670000
o 816 9.680000
o 815 9.680000
o 814 9.680000
o 812 9.760000
o 811 9.790000
o 810 9.990000
o 809 10.000000
o 808 10.000000
o 807 10.010000
o 806 10.010000
o 805 10.030000
o 804 10.260000
o 803 10.440000
o 802 10.440000
o 801 10.440000
o 799 10.480000
o 798 10.490000
o 797 10.580000
o 796 10.600000
o 795 10.600000
o 793 10.610000
o 792 12.060000
o 791 12.060000
o 790 49.330000
o 789 84.490000
o 788 84.500000
o 787 84.510000
o 786 84.600000
o 785 84.610000
o 784 84.610000
o 783 84.610000
o 782 84.670000
o 780 84.670000
o 779 84.670000
o 778 84.670000
o 777 84.670000
o 776 84.680000
o 775 84.700000
o 774 84.810000
o 773 84.830000
773	84.830000
