judgment-aggregation-ja-maxham-preflib-00049-00000316
o 57 0.040000
o 56 0.340000
o 55 7.810000
o 54 15.720000
o 53 80.530000
o 52 157.680000
52	157.680000
judgment-aggregation-ja-maxham-preflib-00049-00000316
o 59 0.050000
o 58 0.420000
o 56 7.750000
o 55 7.760000
o 54 7.770000
o 53 61.450000
o 52 77.760000
52	77.760000
judgment-aggregation-ja-maxham-preflib-00049-00000316
o 67 0.040000
o 56 0.320000
o 55 0.350000
o 54 2.220000
o 53 9.510000
o 52 92.110000
52	92.110000
judgment-aggregation-ja-maxham-preflib-00049-00000316
o 63 0.050000
o 58 0.380000
o 57 0.390000
o 56 0.470000
o 55 0.570000
o 54 0.630000
o 53 0.660000
o 52 90.490000
52	90.490000
judgment-aggregation-ja-maxham-preflib-00049-00000316
o 58 0.040000
o 57 0.340000
o 56 8.700000
o 55 14.970000
o 54 28.880000
o 53 60.570000
o 52 67.650000
52	67.650000
judgment-aggregation-ja-maxham-preflib-00049-00000316
o 57 0.040000
o 56 0.360000
o 55 0.650000
o 54 14.900000
o 53 14.900000
53	14.900000
judgment-aggregation-ja-maxham-preflib-00049-00000316
o 61 0.040000
o 59 0.290000
o 56 0.310000
o 55 0.630000
o 54 0.630000
o 53 8.070000
o 52 41.830000
52	41.830000
judgment-aggregation-ja-maxham-preflib-00049-00000316
o 61 0.040000
o 60 0.370000
o 59 0.370000
o 58 0.380000
o 57 0.440000
o 54 7.940000
o 53 7.970000
o 52 197.320000
52	197.320000
judgment-aggregation-ja-maxham-preflib-00049-00000316
o 66 0.040000
o 58 0.460000
o 57 0.460000
o 56 0.460000
o 55 8.410000
o 54 15.010000
o 53 22.030000
o 52 22.900000
52	22.900000
judgment-aggregation-ja-maxham-preflib-00049-00000316
o 62 0.050000
o 57 0.410000
o 56 0.410000
o 55 0.410000
o 54 0.410000
o 53 11.280000
o 52 73.310000
52	73.310000
