optimizing-BDDs-hypothyroid-un-wcnf_incomplete_improved_1_2019_3
o 595 1.970000
o 62 50.250000
62	50.250000
optimizing-BDDs-hypothyroid-un-wcnf_incomplete_improved_1_2019_3
o 2666 2.070000
o 391 2.100000
o 277 2.100000
o 64 81.070000
o 62 216.890000
62	216.890000
optimizing-BDDs-hypothyroid-un-wcnf_incomplete_improved_1_2019_3
o 1293 4.010000
o 280 4.080000
o 277 4.080000
o 70 79.410000
o 63 79.780000
o 62 173.170000
62	173.170000
optimizing-BDDs-hypothyroid-un-wcnf_incomplete_improved_1_2019_3
o 2969 1.960000
o 277 1.980000
o 70 50.080000
o 62 60.160000
62	60.160000
optimizing-BDDs-hypothyroid-un-wcnf_incomplete_improved_1_2019_3
o 2622 2.140000
o 70 38.710000
o 62 218.360000
62	218.360000
optimizing-BDDs-hypothyroid-un-wcnf_incomplete_improved_1_2019_3
o 278 1.540000
o 117 40.050000
o 70 129.840000
70	129.840000
optimizing-BDDs-hypothyroid-un-wcnf_incomplete_improved_1_2019_3
o 277 1.710000
o 118 7.240000
o 70 39.430000
o 64 60.340000
o 62 132.300000
62	132.300000
optimizing-BDDs-hypothyroid-un-wcnf_incomplete_improved_1_2019_3
o 354 1.600000
o 277 36.790000
o 72 65.660000
o 70 65.670000
70	65.670000
optimizing-BDDs-hypothyroid-un-wcnf_incomplete_improved_1_2019_3
o 1135 1.570000
o 277 1.580000
o 118 39.290000
o 70 70.890000
o 62 205.920000
62	205.920000
optimizing-BDDs-hypothyroid-un-wcnf_incomplete_improved_1_2019_3
o 1388 2.180000
o 277 2.210000
o 108 4.850000
o 70 174.170000
o 64 176.020000
o 62 247.550000
62	247.550000
