optic-gen_cvc-add7to3_9999
o 249 0.010000
o 201 0.160000
o 199 0.160000
o 198 0.160000
o 197 1.760000
o 196 1.800000
o 195 1.930000
o 194 1.950000
o 193 5.610000
o 192 111.480000
192	111.480000
optic-gen_cvc-add7to3_9999
o 249 0.020000
o 199 0.160000
o 198 1.510000
o 197 1.510000
o 196 1.520000
o 195 2.080000
o 194 30.600000
o 193 73.620000
o 192 149.980000
192	149.980000
optic-gen_cvc-add7to3_9999
o 249 0.010000
o 201 0.150000
o 200 0.160000
o 199 0.160000
o 198 1.650000
o 197 1.650000
o 196 1.650000
o 195 1.700000
o 194 1.830000
o 193 2.970000
193	2.970000
optic-gen_cvc-add7to3_9999
o 249 0.010000
o 196 0.150000
o 195 2.070000
o 194 27.120000
o 193 53.160000
193	53.160000
optic-gen_cvc-add7to3_9999
o 249 0.020000
o 199 0.160000
o 198 1.420000
o 197 1.470000
o 196 1.520000
o 195 1.550000
o 194 1.610000
o 193 59.530000
o 192 159.840000
192	159.840000
optic-gen_cvc-add7to3_9999
o 249 0.010000
o 200 0.170000
o 199 1.950000
o 198 1.990000
o 197 1.990000
o 196 2.090000
o 195 2.680000
o 194 14.700000
o 193 35.810000
o 192 39.340000
192	39.340000
optic-gen_cvc-add7to3_9999
o 249 0.010000
o 199 0.160000
o 198 1.660000
o 197 1.740000
o 196 1.740000
o 195 1.780000
o 194 1.860000
o 193 4.500000
o 192 64.980000
192	64.980000
optic-gen_cvc-add7to3_9999
o 249 0.010000
o 199 0.170000
o 198 2.450000
o 197 2.470000
o 196 2.560000
o 195 2.770000
o 194 3.730000
o 193 7.700000
o 192 197.160000
192	197.160000
optic-gen_cvc-add7to3_9999
o 249 0.020000
o 198 0.160000
o 197 1.830000
o 196 1.890000
o 195 2.010000
o 194 2.120000
o 193 2.980000
o 192 6.490000
192	6.490000
optic-gen_cvc-add7to3_9999
o 249 0.020000
o 198 0.160000
o 197 1.630000
o 196 1.660000
o 195 1.910000
o 194 27.990000
o 193 72.350000
193	72.350000
