optimizing-BDDs-tic-tac-toe-un-wcnf_incomplete_improved_1_2019_6
o 455 0.110000
o 450 12.560000
o 433 51.290000
o 381 78.170000
o 162 89.450000
162	89.450000
optimizing-BDDs-tic-tac-toe-un-wcnf_incomplete_improved_1_2019_6
o 284 0.120000
o 168 116.120000
168	116.120000
optimizing-BDDs-tic-tac-toe-un-wcnf_incomplete_improved_1_2019_6
o 374 0.150000
o 222 26.430000
o 167 104.100000
o 151 142.230000
o 148 243.610000
148	243.610000
optimizing-BDDs-tic-tac-toe-un-wcnf_incomplete_improved_1_2019_6
o 449 0.120000
o 216 25.800000
o 210 27.740000
210	27.740000
optimizing-BDDs-tic-tac-toe-un-wcnf_incomplete_improved_1_2019_6
o 367 0.160000
o 338 0.160000
o 156 51.970000
156	51.970000
optimizing-BDDs-tic-tac-toe-un-wcnf_incomplete_improved_1_2019_6
o 400 0.130000
o 385 26.180000
o 384 39.440000
o 159 51.320000
159	51.320000
optimizing-BDDs-tic-tac-toe-un-wcnf_incomplete_improved_1_2019_6
o 448 0.160000
o 191 12.450000
o 184 188.970000
184	188.970000
optimizing-BDDs-tic-tac-toe-un-wcnf_incomplete_improved_1_2019_6
o 449 0.150000
o 179 10.840000
o 175 115.310000
o 170 143.840000
o 148 274.460000
o 128 275.260000
128	275.260000
optimizing-BDDs-tic-tac-toe-un-wcnf_incomplete_improved_1_2019_6
o 495 0.120000
o 178 47.800000
o 177 94.620000
o 175 209.890000
175	209.890000
optimizing-BDDs-tic-tac-toe-un-wcnf_incomplete_improved_1_2019_6
o 515 0.120000
o 399 55.040000
o 350 55.040000
o 214 69.460000
o 197 70.920000
197	70.920000
