SeanSafarpour-rsdecoder1_blackbox_KESblock-problem.dimacs_30.filtered
o 60 1.470000
o 59 1.540000
o 58 1.540000
o 57 1.540000
o 56 1.540000
o 55 1.540000
o 54 1.540000
o 53 1.540000
o 52 33.830000
o 51 33.830000
o 50 33.830000
o 49 33.830000
o 48 33.830000
o 36 108.520000
o 35 108.520000
o 34 108.520000
o 33 108.520000
o 32 108.520000
o 31 108.520000
31	108.520000
SeanSafarpour-rsdecoder1_blackbox_KESblock-problem.dimacs_30.filtered
o 49 1.180000
o 48 1.230000
o 47 1.230000
o 46 1.230000
o 45 1.230000
o 44 1.230000
o 43 1.230000
o 42 1.230000
o 41 1.230000
o 35 258.790000
o 34 258.790000
o 33 258.790000
33	258.790000
SeanSafarpour-rsdecoder1_blackbox_KESblock-problem.dimacs_30.filtered
o 49 1.150000
o 48 1.180000
o 47 1.180000
o 43 97.960000
o 42 97.960000
o 41 97.960000
o 40 97.960000
o 39 97.960000
o 38 97.960000
o 37 97.960000
o 36 97.960000
o 35 118.230000
35	118.230000
SeanSafarpour-rsdecoder1_blackbox_KESblock-problem.dimacs_30.filtered
o 42 0.760000
o 41 0.780000
o 40 0.780000
o 39 203.480000
o 38 203.480000
o 36 203.480000
36	203.480000
SeanSafarpour-rsdecoder1_blackbox_KESblock-problem.dimacs_30.filtered
o 49 0.810000
o 48 0.830000
o 47 0.830000
o 46 0.830000
o 45 0.830000
o 44 0.830000
o 43 0.830000
o 42 49.650000
o 41 49.650000
o 40 49.650000
o 39 49.650000
o 38 49.650000
o 37 49.650000
o 36 49.650000
o 35 145.190000
o 34 145.190000
34	145.190000
SeanSafarpour-rsdecoder1_blackbox_KESblock-problem.dimacs_30.filtered
o 52 1.170000
o 51 1.220000
o 50 1.220000
o 49 1.220000
o 48 1.220000
o 47 1.220000
o 46 1.220000
o 45 1.220000
o 44 1.220000
o 43 1.220000
o 41 51.240000
o 40 51.240000
o 39 51.240000
o 38 51.240000
o 37 51.240000
37	51.240000
SeanSafarpour-rsdecoder1_blackbox_KESblock-problem.dimacs_30.filtered
o 42 0.960000
o 41 0.980000
o 40 0.980000
o 39 0.980000
o 38 0.980000
38	0.980000
SeanSafarpour-rsdecoder1_blackbox_KESblock-problem.dimacs_30.filtered
o 67 0.860000
o 66 0.890000
o 65 0.890000
o 64 0.890000
o 63 0.890000
o 62 0.890000
o 61 0.890000
o 60 0.890000
o 59 0.890000
o 58 0.890000
o 57 0.890000
o 56 0.890000
o 55 0.890000
o 54 23.800000
o 53 23.800000
o 52 23.800000
o 51 23.800000
o 50 23.800000
o 49 23.800000
o 48 23.800000
o 47 23.800000
o 46 23.800000
o 45 23.800000
o 44 23.800000
o 38 48.240000
o 37 48.240000
o 36 48.240000
o 35 48.240000
o 34 48.240000
o 33 48.240000
o 32 106.810000
o 31 106.810000
o 30 106.810000
o 28 265.560000
o 27 265.560000
o 26 265.560000
o 25 265.560000
o 24 265.560000
o 23 265.560000
23	265.560000
SeanSafarpour-rsdecoder1_blackbox_KESblock-problem.dimacs_30.filtered
o 76 1.970000
o 75 2.150000
o 74 2.150000
o 73 2.150000
o 72 2.150000
o 71 2.150000
o 70 2.150000
o 69 2.150000
o 68 2.150000
o 67 2.150000
o 66 2.150000
o 56 42.740000
o 55 42.740000
o 54 42.740000
o 53 42.740000
o 52 42.740000
o 51 42.740000
o 50 42.740000
o 49 91.000000
o 48 91.000000
o 47 116.320000
o 46 116.320000
o 45 116.320000
o 44 116.320000
o 43 116.320000
o 42 116.320000
o 41 116.320000
o 40 116.330000
o 34 141.560000
o 33 141.570000
o 32 141.570000
o 31 141.570000
o 30 141.570000
o 29 141.570000
o 28 141.570000
o 27 141.570000
27	141.570000
SeanSafarpour-rsdecoder1_blackbox_KESblock-problem.dimacs_30.filtered
o 75 0.890000
o 74 0.910000
o 73 0.910000
o 72 0.910000
o 71 0.910000
o 70 0.910000
o 69 0.910000
o 68 0.910000
o 41 27.240000
o 40 27.240000
o 39 27.240000
o 38 241.100000
o 37 241.100000
o 36 241.100000
o 35 241.100000
o 34 241.100000
o 33 296.230000
o 32 296.230000
o 31 296.240000
o 30 296.240000
o 29 296.240000
29	296.240000
