af-synthesis_stb_50_200_4
o 207 0.92
o 163 0.93
o 162 0.93
o 155 0.93
o 150 0.93
o 145 0.93
o 144 0.93
af-synthesis_stb_50_200_4
o 212 0.86
o 181 0.87
o 172 0.87
o 169 0.87
o 164 1.05
o 161 259.03
af-synthesis_stb_50_200_4
o 235 0.95
o 210 0.96
o 201 0.97
o 192 0.97
o 188 0.97
o 181 0.97
o 176 65.97
o 168 65.97
o 162 65.97
o 154 65.98
o 153 65.99
af-synthesis_stb_50_200_4
o 217 1.02
o 191 1.03
o 186 1.03
o 182 1.03
o 181 1.1
o 178 66.48
o 169 66.48
o 168 66.61
o 163 131.37
o 161 131.37
o 152 131.37
o 143 131.37
o 140 131.38
af-synthesis_stb_50_200_4
o 248 0.91
o 184 0.92
o 183 131.88
o 182 131.88
o 176 131.96
o 172 196.14
o 167 196.14
o 164 196.23
o 160 259.71
o 154 259.72
o 152 259.73
o 148 259.84
af-synthesis_stb_50_200_4
o 229 0.86
o 186 0.87
o 177 0.87
o 175 0.88
o 165 64.97
o 160 64.97
o 155 64.97
o 147 191.89
af-synthesis_stb_50_200_4
o 204 0.84
o 160 0.85
o 155 0.85
o 147 0.85
af-synthesis_stb_50_200_4
o 226 0.82
o 167 0.83
o 163 0.83
o 160 0.86
o 157 67.02
o 156 67.02
o 155 200.01
o 147 266.72
o 145 266.72
o 141 266.73
af-synthesis_stb_50_200_4
o 232 0.95
o 199 0.97
o 195 0.97
o 190 0.97
o 189 0.97
o 182 0.97
o 161 66.11
o 160 66.11
o 155 66.11
o 148 190.91
o 147 190.91
o 139 190.92
af-synthesis_stb_50_200_4
o 208 0.9
o 168 0.91
o 162 0.91
o 159 0.91
o 158 0.99
o 156 266.89
o 149 266.9
