BrazilInstance1.xml
o 196 0.06
o 165 2.19
o 159 6.25
o 158 6.25
o 152 17.39
o 151 42.91
o 150 66.73
o 146 66.73
o 139 66.73
o 138 66.73
o 136 110.51
o 131 110.52
o 130 110.52
o 126 110.53
o 125 110.53
BrazilInstance1.xml
o 200 1.4
o 183 2.55
o 179 3.46
o 172 3.46
o 171 3.46
o 169 4.2
o 165 5.12
o 162 5.13
o 145 5.56
o 144 5.57
o 136 5.58
o 135 5.58
o 130 5.59
o 126 46.05
BrazilInstance1.xml
o 207 0.35
o 173 0.95
o 166 1.93
o 163 7.18
o 162 7.18
o 155 7.48
o 144 7.61
o 136 20.63
o 134 58.46
o 133 58.46
o 131 81.87
o 130 203.72
o 126 267.33
BrazilInstance1.xml
o 179 1.25
o 178 5.52
o 177 5.52
o 162 5.94
o 161 5.94
o 156 11.28
o 155 11.29
o 154 12.23
o 153 30.11
o 152 41.33
o 151 49.81
o 150 49.82
o 149 49.83
o 146 54.1
o 140 54.1
o 129 54.1
o 126 54.11
o 125 261.05
BrazilInstance1.xml
o 172 0.82
o 165 6.48
o 159 10.61
o 152 17.57
o 149 20.61
o 139 20.62
o 138 20.62
o 132 27.38
o 131 27.38
o 130 27.38
BrazilInstance1.xml
o 180 0.19
o 177 4.77
o 173 5.29
o 168 8.97
o 160 8.98
o 142 8.99
o 120 15.5
BrazilInstance1.xml
o 221 1.71
o 187 1.83
o 183 2.95
o 182 2.95
o 179 3.4
o 174 3.4
o 173 3.41
o 161 7.12
o 158 7.8
o 147 7.92
o 146 7.92
o 143 65.34
o 142 65.34
o 129 66.43
o 128 66.43
o 124 170.88
o 123 170.88
BrazilInstance1.xml
o 206 1.2
o 202 1.24
o 188 2.1
o 187 2.1
o 184 2.1
o 183 2.15
o 182 2.15
o 156 2.74
o 126 2.76
o 119 262.93
o 118 262.93
BrazilInstance1.xml
o 182 1.52
o 174 1.71
o 167 2.21
o 163 2.6
o 159 2.61
o 157 5.47
o 155 14.74
o 142 14.74
o 137 27.91
o 136 27.91
o 135 33.51
o 124 70.43
o 123 70.43
BrazilInstance1.xml
o 184 0.94
o 179 1.85
o 173 2.79
o 150 5.05
o 149 9.36
o 142 9.37
o 139 9.37
o 138 84.99
o 129 84.99
o 125 249.16
o 124 249.16
o 121 249.17
