downcast-pmd
o 21129 29.44
o 4387 30.74
o 4386 30.76
o 4385 30.76
o 4384 30.77
o 4383 30.77
o 4382 30.78
o 4381 30.78
o 4380 30.79
o 4379 30.79
o 4378 30.8
o 4377 30.8
o 4376 30.81
o 4375 30.82
o 4374 30.82
o 4373 30.83
o 4372 30.83
o 4371 30.84
o 4370 30.85
o 4369 30.85
o 4368 30.86
o 4367 30.86
o 4366 30.87
o 4365 30.88
o 4364 30.88
o 4363 30.89
o 4362 30.89
o 4361 30.9
o 4360 30.9
o 4359 30.91
o 4358 30.91
o 4357 30.92
o 4356 30.93
o 4355 30.93
o 4354 30.94
o 4353 30.94
o 4352 30.95
o 4351 30.95
o 4350 30.96
o 4349 30.97
o 4348 30.97
o 4347 30.98
o 4346 30.98
o 4345 30.99
o 4344 30.99
o 4343 31
o 4342 31
o 4341 31.01
o 4340 31.02
o 4339 31.02
o 4338 31.03
o 4337 31.03
o 4336 31.04
o 4335 31.04
o 4334 31.05
o 4333 31.05
o 4332 31.06
o 4331 31.07
o 4330 31.07
o 4329 31.09
o 4328 31.1
o 4327 31.1
o 4326 31.13
o 4325 31.13
o 4324 31.14
o 4323 31.15
o 4322 31.15
o 4321 31.16
o 4320 31.2
o 4319 31.2
o 4318 31.21
o 4317 31.22
o 4316 31.58
o 4315 31.59
o 4314 31.6
o 4313 31.77
o 4312 31.79
o 4311 31.79
o 4310 31.8
o 4309 31.8
o 4308 31.81
o 4307 53.35
o 4306 53.36
o 4305 53.36
o 4304 53.38
o 4303 53.39
o 4302 140.44
o 4301 140.45
o 4300 140.46
o 4299 140.47
o 4298 140.48
o 4297 140.49
o 4296 229.37
o 4295 229.38
o 4294 229.39
o 4293 229.4
o 4292 229.4
downcast-pmd
o 25346 47.1
o 4418 49.55
o 4417 49.56
o 4416 49.57
o 4415 49.58
o 4414 49.59
o 4413 49.6
o 4412 49.6
o 4411 49.61
o 4410 49.62
o 4409 49.63
o 4408 49.63
o 4407 49.64
o 4406 49.65
o 4405 49.66
o 4404 49.67
o 4403 49.67
o 4402 49.68
o 4401 49.69
o 4400 49.7
o 4399 49.71
o 4398 49.71
o 4397 49.72
o 4396 49.73
o 4395 49.74
o 4394 49.75
o 4393 49.76
o 4392 49.77
o 4391 49.77
o 4390 49.78
o 4389 49.79
o 4388 49.8
o 4387 49.8
o 4386 49.81
o 4385 49.82
o 4384 49.83
o 4383 49.83
o 4382 49.84
o 4381 49.85
o 4380 49.86
o 4379 49.87
o 4378 49.88
o 4377 49.89
o 4376 49.9
o 4375 49.91
o 4374 49.92
o 4373 49.93
o 4372 49.94
o 4371 49.94
o 4370 49.95
o 4369 49.96
o 4368 49.96
o 4367 49.97
o 4366 49.98
o 4365 49.99
o 4364 50
o 4363 50.01
o 4362 50.02
o 4361 50.03
o 4360 50.05
o 4359 50.06
o 4358 50.07
o 4357 50.08
o 4356 50.09
o 4355 50.1
o 4354 50.11
o 4353 50.12
o 4352 50.13
o 4351 50.14
o 4350 50.14
o 4349 50.15
o 4348 50.16
o 4347 50.17
o 4346 50.18
o 4345 50.18
o 4344 50.19
o 4343 50.2
o 4342 50.2
o 4341 50.21
o 4340 50.22
o 4339 50.24
o 4338 50.24
o 4337 50.25
o 4336 50.27
o 4335 50.28
o 4334 50.28
o 4333 50.29
o 4332 50.3
o 4331 50.32
o 4330 50.33
o 4329 50.34
o 4328 50.35
o 4327 50.36
o 4326 50.37
o 4325 50.38
o 4324 50.39
o 4323 50.39
o 4322 50.4
o 4321 50.41
o 4320 50.42
o 4319 50.43
o 4318 50.44
o 4317 50.45
o 4316 50.46
o 4315 50.47
o 4314 50.48
o 4313 50.48
o 4312 50.49
o 4311 50.5
o 4310 50.51
o 4308 51.71
o 4307 91.42
o 4306 91.45
o 4305 91.47
o 4304 91.48
o 4303 91.5
o 4302 91.52
o 4301 91.53
o 4300 91.55
o 4299 91.57
o 4298 91.59
o 4297 91.61
o 4296 91.62
o 4295 91.7
o 4294 91.71
o 4293 91.72
o 4292 91.73
o 4291 91.74
o 4290 91.76
downcast-pmd
o 12776 68.18
o 4406 75.12
o 4405 75.2
o 4404 75.25
o 4403 75.28
o 4402 75.31
o 4401 75.33
o 4400 75.36
o 4399 75.42
o 4398 75.47
o 4397 75.52
o 4396 75.57
o 4395 75.61
o 4394 75.64
o 4393 75.69
o 4392 75.75
o 4391 75.82
o 4390 75.88
o 4389 75.95
o 4388 76.01
o 4387 76.07
o 4386 76.13
o 4385 76.18
o 4384 76.24
o 4383 76.3
o 4382 76.36
o 4381 76.43
o 4380 76.49
o 4379 76.57
o 4378 76.63
o 4377 76.69
o 4376 76.74
o 4375 76.77
o 4374 76.81
o 4373 76.85
o 4372 76.9
o 4371 76.94
o 4370 76.98
o 4369 77.01
o 4368 77.05
o 4367 77.1
o 4366 77.16
o 4365 77.21
o 4364 77.26
o 4363 77.33
o 4362 77.39
o 4361 77.44
o 4360 77.5
o 4359 77.56
o 4358 77.62
o 4357 77.67
o 4356 77.72
o 4355 77.78
o 4354 77.84
o 4353 77.89
o 4352 77.98
o 4351 78.04
o 4350 78.1
o 4349 78.2
o 4348 78.26
o 4347 78.33
o 4346 78.4
o 4345 78.47
o 4344 78.54
o 4343 78.61
o 4342 78.72
o 4341 78.78
o 4340 78.84
o 4339 78.9
o 4338 78.95
o 4337 79.01
o 4336 79.05
o 4335 79.09
o 4334 79.14
o 4333 79.2
o 4332 79.26
o 4331 79.32
o 4330 79.36
o 4329 79.4
o 4328 79.44
o 4327 79.49
o 4326 79.57
o 4325 79.62
o 4324 79.67
o 4323 79.7
o 4322 79.75
o 4321 79.79
o 4320 79.84
o 4319 79.89
o 4318 79.93
o 4317 79.96
o 4316 80
o 4315 80.03
o 4314 80.05
o 4313 80.09
o 4312 80.15
o 4311 80.18
o 4310 80.7
o 4309 80.71
o 4308 80.76
o 4306 81.46
o 4305 81.48
o 4304 83.72
o 4303 83.76
o 4302 83.82
o 4301 285.06
o 4300 285.07
downcast-pmd
o 12790 29.97
o 4420 31.26
o 4419 31.29
o 4418 31.3
o 4417 31.31
o 4416 31.31
o 4415 31.32
o 4414 31.32
o 4413 31.33
o 4412 31.33
o 4411 31.34
o 4410 31.34
o 4409 31.35
o 4408 31.35
o 4407 31.36
o 4406 31.36
o 4405 31.37
o 4404 31.37
o 4403 31.38
o 4402 31.38
o 4401 31.39
o 4400 31.4
o 4399 31.4
o 4398 31.41
o 4397 31.41
o 4396 31.42
o 4395 31.42
o 4394 31.43
o 4393 31.43
o 4392 31.44
o 4391 31.44
o 4390 31.45
o 4389 31.45
o 4388 31.46
o 4387 31.46
o 4386 31.47
o 4385 31.48
o 4384 31.48
o 4383 31.49
o 4382 31.49
o 4381 31.5
o 4380 31.5
o 4379 31.51
o 4378 31.51
o 4377 31.52
o 4376 31.52
o 4375 31.53
o 4374 31.53
o 4373 31.54
o 4372 31.55
o 4371 31.55
o 4370 31.56
o 4369 31.56
o 4368 31.57
o 4367 31.57
o 4366 31.58
o 4365 31.58
o 4364 31.59
o 4363 31.59
o 4362 31.6
o 4361 31.6
o 4360 31.61
o 4359 31.61
o 4358 31.62
o 4357 31.62
o 4356 31.63
o 4355 31.64
o 4354 31.64
o 4353 31.65
o 4352 31.66
o 4351 31.66
o 4350 31.67
o 4349 31.69
o 4348 31.69
o 4347 31.7
o 4346 31.7
o 4345 31.71
o 4344 31.71
o 4343 31.72
o 4342 31.72
o 4341 31.73
o 4340 31.73
o 4339 31.74
o 4338 31.75
o 4337 31.75
o 4336 31.76
o 4335 31.76
o 4334 31.77
o 4333 31.78
o 4332 31.78
o 4331 31.79
o 4330 31.79
o 4329 31.8
o 4328 31.81
o 4327 31.82
o 4326 31.83
o 4325 31.83
o 4324 31.84
o 4323 31.85
o 4322 31.85
o 4321 31.86
o 4320 31.86
o 4319 31.87
o 4318 31.87
o 4317 31.88
o 4316 31.88
o 4315 31.93
o 4314 32.06
o 4313 32.07
o 4312 32.27
o 4311 32.3
o 4310 32.31
o 4309 32.32
o 4308 32.33
o 4307 32.34
o 4306 50.51
o 4305 50.52
o 4304 50.53
o 4303 50.53
o 4302 50.54
o 4301 50.69
o 4300 50.71
o 4299 50.71
o 4298 50.72
o 4297 50.73
o 4296 200.97
o 4295 201
downcast-pmd
o 25326 30.57
o 4398 31.94
o 4397 31.95
o 4396 31.95
o 4395 31.96
o 4394 31.97
o 4393 31.97
o 4392 31.98
o 4391 31.99
o 4390 31.99
o 4389 32
o 4388 32
o 4387 32.01
o 4386 32.02
o 4385 32.02
o 4384 32.03
o 4383 32.04
o 4382 32.04
o 4381 32.05
o 4380 32.05
o 4379 32.06
o 4378 32.07
o 4377 32.07
o 4376 32.08
o 4375 32.08
o 4374 32.09
o 4373 32.1
o 4372 32.1
o 4371 32.11
o 4370 32.12
o 4369 32.12
o 4368 32.13
o 4367 32.14
o 4366 32.14
o 4365 32.15
o 4364 32.15
o 4363 32.16
o 4362 32.17
o 4361 32.18
o 4360 32.22
o 4359 32.23
o 4358 32.24
o 4357 32.24
o 4356 32.25
o 4355 32.26
o 4354 32.26
o 4353 32.27
o 4352 32.28
o 4351 32.29
o 4350 32.29
o 4349 32.31
o 4348 32.32
o 4347 32.33
o 4346 32.34
o 4345 32.35
o 4344 32.35
o 4343 32.36
o 4342 32.37
o 4341 32.37
o 4340 32.38
o 4339 32.39
o 4338 32.39
o 4337 32.4
o 4336 32.41
o 4335 32.42
o 4334 32.42
o 4333 32.43
o 4332 32.44
o 4331 32.45
o 4330 32.46
o 4329 32.47
o 4328 32.48
o 4327 32.49
o 4326 32.49
o 4325 32.5
o 4324 32.5
o 4323 32.51
o 4322 32.52
o 4321 32.52
o 4320 32.53
o 4319 32.6
o 4318 32.61
o 4317 32.62
o 4316 32.62
o 4315 32.63
o 4314 32.65
o 4313 32.88
o 4312 32.92
o 4311 32.92
o 4310 32.93
o 4309 32.94
o 4308 32.94
o 4307 32.95
o 4306 32.96
o 4305 56.68
o 4304 56.75
o 4303 56.76
o 4302 56.78
o 4301 100.59
o 4300 100.6
o 4299 226.43
o 4298 226.44
o 4297 226.46
o 4296 226.47
downcast-pmd
o 4398 41.04
o 4397 42.76
o 4396 42.76
o 4395 42.77
o 4394 42.78
o 4393 42.79
o 4392 42.79
o 4391 42.8
o 4390 42.81
o 4389 42.81
o 4388 42.82
o 4387 42.83
o 4386 42.83
o 4385 42.84
o 4384 42.87
o 4383 42.87
o 4382 42.88
o 4381 42.89
o 4380 42.89
o 4379 42.9
o 4378 42.91
o 4377 42.91
o 4376 42.92
o 4375 42.93
o 4374 42.93
o 4373 42.94
o 4372 42.95
o 4371 42.95
o 4370 42.96
o 4369 42.97
o 4368 42.98
o 4367 42.98
o 4366 42.99
o 4365 43
o 4364 43
o 4363 43.01
o 4362 43.02
o 4361 43.02
o 4360 43.03
o 4359 43.04
o 4358 43.04
o 4357 43.05
o 4356 43.06
o 4355 43.06
o 4354 43.07
o 4353 43.08
o 4352 43.09
o 4351 43.09
o 4350 43.1
o 4349 43.11
o 4348 43.12
o 4347 43.12
o 4346 43.13
o 4345 43.14
o 4344 43.14
o 4343 43.15
o 4342 43.16
o 4341 43.17
o 4340 43.18
o 4339 43.18
o 4338 43.19
o 4337 43.2
o 4336 43.21
o 4335 43.21
o 4334 43.23
o 4333 43.24
o 4332 43.24
o 4331 43.25
o 4330 43.26
o 4329 43.26
o 4328 43.27
o 4327 43.38
o 4326 43.45
o 4325 43.46
o 4324 43.46
o 4323 43.47
o 4322 43.48
o 4321 43.49
o 4320 43.49
o 4319 43.51
o 4318 43.52
o 4317 43.52
o 4316 43.53
o 4315 43.54
o 4314 43.55
o 4313 43.55
o 4312 43.56
o 4310 43.72
o 4309 43.73
o 4308 43.74
o 4307 43.75
o 4306 43.76
o 4305 43.76
o 4304 44.02
o 4303 44.03
o 4302 44.03
o 4301 107.48
o 4300 107.51
o 4299 107.52
downcast-pmd
o 12807 30.26
o 4436 31.58
o 4435 31.6
o 4434 31.61
o 4433 31.62
o 4432 31.62
o 4431 31.63
o 4430 31.63
o 4429 31.64
o 4428 31.64
o 4427 31.65
o 4426 31.66
o 4425 31.66
o 4424 31.67
o 4423 31.68
o 4422 31.68
o 4421 31.69
o 4420 31.69
o 4419 31.71
o 4418 31.72
o 4417 31.73
o 4416 31.73
o 4415 31.74
o 4414 31.75
o 4413 31.76
o 4412 31.76
o 4411 31.77
o 4410 31.78
o 4409 31.78
o 4408 31.79
o 4407 31.8
o 4406 31.8
o 4405 31.81
o 4404 31.81
o 4403 31.82
o 4402 31.83
o 4401 31.83
o 4400 31.84
o 4399 31.84
o 4398 31.85
o 4397 31.86
o 4396 31.86
o 4395 31.87
o 4394 31.87
o 4393 31.88
o 4392 31.89
o 4391 31.89
o 4390 31.9
o 4389 31.91
o 4388 31.91
o 4387 31.92
o 4386 31.92
o 4385 31.93
o 4384 31.94
o 4383 31.94
o 4382 31.95
o 4381 31.96
o 4380 31.97
o 4379 31.98
o 4378 31.99
o 4377 32
o 4376 32
o 4375 32.01
o 4374 32.01
o 4373 32.05
o 4372 32.06
o 4371 32.07
o 4370 32.08
o 4369 32.08
o 4368 32.09
o 4367 32.1
o 4366 32.1
o 4365 32.11
o 4364 32.11
o 4363 32.12
o 4362 32.12
o 4361 32.13
o 4360 32.14
o 4359 32.14
o 4358 32.15
o 4357 32.15
o 4356 32.16
o 4355 32.17
o 4354 32.17
o 4353 32.18
o 4352 32.18
o 4351 32.19
o 4350 32.2
o 4349 32.21
o 4348 32.21
o 4347 32.22
o 4346 32.23
o 4345 32.23
o 4344 32.24
o 4343 32.24
o 4342 32.25
o 4341 32.26
o 4340 32.27
o 4339 32.27
o 4338 32.28
o 4337 32.29
o 4336 32.3
o 4335 32.3
o 4334 32.31
o 4333 32.32
o 4332 32.33
o 4331 32.34
o 4330 32.34
o 4329 32.35
o 4328 32.36
o 4327 32.36
o 4326 32.37
o 4325 32.38
o 4324 32.4
o 4323 32.4
o 4322 32.41
o 4321 32.42
o 4320 32.42
o 4319 32.43
o 4318 32.43
o 4317 32.44
o 4316 32.45
o 4315 32.45
o 4314 32.46
o 4313 32.46
o 4312 32.47
o 4311 32.48
o 4310 32.48
o 4309 32.49
o 4308 32.5
o 4307 54.7
o 4306 54.7
o 4305 54.71
o 4304 78.28
o 4303 78.37
o 4302 78.38
o 4301 78.39
o 4300 78.44
downcast-pmd
o 16971 32.11
o 4414 33.71
o 4413 33.76
o 4412 33.77
o 4411 33.77
o 4410 33.78
o 4409 33.79
o 4408 33.79
o 4407 33.8
o 4406 33.8
o 4405 33.81
o 4404 33.82
o 4403 33.82
o 4402 33.83
o 4401 33.83
o 4400 33.84
o 4399 33.85
o 4398 33.85
o 4397 33.86
o 4396 33.86
o 4395 33.87
o 4394 33.88
o 4393 33.88
o 4392 33.89
o 4391 33.9
o 4390 33.91
o 4389 33.92
o 4388 33.93
o 4387 33.93
o 4386 33.94
o 4385 33.95
o 4384 33.95
o 4383 33.96
o 4382 33.97
o 4381 33.97
o 4380 33.98
o 4379 33.99
o 4378 33.99
o 4377 34
o 4376 34.01
o 4375 34.01
o 4374 34.02
o 4373 34.03
o 4372 34.04
o 4371 34.04
o 4370 34.05
o 4369 34.06
o 4368 34.06
o 4367 34.07
o 4366 34.1
o 4365 34.11
o 4364 34.12
o 4363 34.13
o 4362 34.13
o 4361 34.14
o 4360 34.15
o 4359 34.16
o 4358 34.17
o 4357 34.17
o 4356 34.18
o 4355 34.19
o 4354 34.19
o 4353 34.2
o 4352 34.21
o 4351 34.21
o 4350 34.22
o 4349 34.23
o 4348 34.23
o 4347 34.24
o 4346 34.25
o 4345 34.26
o 4344 34.26
o 4343 34.27
o 4342 34.27
o 4341 34.28
o 4340 34.29
o 4339 34.3
o 4338 34.31
o 4337 34.31
o 4336 34.32
o 4335 34.33
o 4334 34.33
o 4333 34.34
o 4332 34.35
o 4331 34.35
o 4330 34.36
o 4329 34.37
o 4328 34.37
o 4327 34.38
o 4326 34.39
o 4325 34.39
o 4324 34.4
o 4323 34.41
o 4322 34.41
o 4321 34.43
o 4320 34.44
o 4319 34.45
o 4318 34.45
o 4317 34.5
o 4316 34.52
o 4315 34.53
o 4314 34.54
o 4313 34.55
o 4312 34.96
o 4311 34.96
o 4310 34.97
o 4309 34.99
o 4308 34.99
o 4307 35
o 4306 35.01
o 4305 35.11
o 4304 35.12
o 4303 35.13
o 4302 35.19
o 4301 35.2
o 4300 35.21
o 4299 35.21
o 4298 35.22
o 4297 57.28
o 4296 57.29
downcast-pmd
o 8649 47.27
o 4464 48.46
o 4463 48.47
o 4462 48.48
o 4461 48.48
o 4460 48.49
o 4459 48.49
o 4458 48.5
o 4457 48.5
o 4456 48.51
o 4455 48.51
o 4454 48.52
o 4453 48.52
o 4452 48.53
o 4451 48.53
o 4450 48.54
o 4449 48.54
o 4448 48.55
o 4447 48.55
o 4446 48.56
o 4445 48.57
o 4444 48.57
o 4443 48.58
o 4442 48.58
o 4441 48.59
o 4440 48.59
o 4439 48.6
o 4438 48.6
o 4437 48.61
o 4436 48.61
o 4435 48.62
o 4434 48.62
o 4433 48.63
o 4432 48.64
o 4431 48.64
o 4430 48.65
o 4429 48.65
o 4428 48.66
o 4427 48.66
o 4426 48.67
o 4425 48.68
o 4424 48.68
o 4423 48.69
o 4422 48.69
o 4421 48.7
o 4420 48.7
o 4419 48.71
o 4418 48.71
o 4417 48.72
o 4416 48.72
o 4415 48.73
o 4414 48.73
o 4413 48.74
o 4412 48.74
o 4411 48.75
o 4410 48.76
o 4409 48.76
o 4408 48.77
o 4407 48.77
o 4406 48.78
o 4405 48.78
o 4404 48.79
o 4403 48.79
o 4402 48.8
o 4401 48.81
o 4400 48.81
o 4399 48.82
o 4398 48.82
o 4397 48.83
o 4396 48.83
o 4395 48.84
o 4394 48.84
o 4393 48.85
o 4392 48.85
o 4391 48.86
o 4390 48.87
o 4389 48.87
o 4388 48.88
o 4387 48.88
o 4386 48.89
o 4385 48.89
o 4384 48.9
o 4383 48.9
o 4382 48.91
o 4381 48.91
o 4380 48.97
o 4379 48.97
o 4378 48.98
o 4377 48.98
o 4376 48.99
o 4375 49
o 4374 49
o 4373 49.01
o 4372 49.01
o 4371 49.02
o 4370 49.02
o 4369 49.03
o 4368 49.03
o 4367 49.04
o 4366 49.05
o 4365 49.06
o 4364 49.07
o 4363 49.07
o 4362 49.08
o 4361 49.08
o 4360 49.09
o 4359 49.09
o 4358 49.1
o 4357 49.1
o 4356 49.11
o 4355 49.11
o 4354 49.12
o 4353 49.12
o 4352 49.13
o 4351 49.14
o 4350 49.14
o 4349 49.15
o 4348 49.15
o 4347 49.16
o 4346 49.17
o 4345 49.17
o 4344 49.18
o 4343 49.18
o 4342 49.19
o 4341 49.19
o 4340 49.2
o 4339 49.2
o 4338 49.21
o 4337 49.21
o 4336 49.22
o 4335 49.23
o 4334 49.23
o 4333 49.25
o 4332 49.25
o 4331 49.26
o 4330 49.27
o 4329 49.27
o 4328 49.28
o 4327 49.28
o 4326 49.29
o 4325 49.29
o 4324 49.3
o 4323 49.3
o 4322 49.34
o 4321 49.35
o 4320 49.35
o 4319 49.36
o 4318 49.37
o 4317 49.37
o 4316 49.38
o 4315 49.74
o 4314 49.75
o 4313 49.75
o 4312 49.76
o 4311 49.76
o 4308 49.93
o 4307 129.01
o 4306 129.02
o 4305 129.02
o 4304 129.03
o 4303 129.92
o 4302 129.93
o 4301 129.96
o 4300 129.97
o 4299 129.98
o 4298 175.6
downcast-pmd
o 29721 27.93
o 4607 29.16
o 4606 29.21
o 4605 29.22
o 4604 29.22
o 4603 29.23
o 4602 29.23
o 4601 29.24
o 4600 29.25
o 4599 29.25
o 4598 29.26
o 4597 29.26
o 4596 29.27
o 4595 29.27
o 4594 29.28
o 4593 29.28
o 4592 29.29
o 4591 29.3
o 4590 29.3
o 4589 29.31
o 4588 29.31
o 4587 29.32
o 4586 29.32
o 4585 29.33
o 4584 29.33
o 4583 29.34
o 4582 29.34
o 4581 29.35
o 4580 29.36
o 4579 29.36
o 4578 29.37
o 4577 29.37
o 4576 29.38
o 4575 29.39
o 4574 29.39
o 4573 29.4
o 4572 29.4
o 4571 29.41
o 4570 29.41
o 4569 29.42
o 4568 29.42
o 4567 29.43
o 4566 29.43
o 4565 29.44
o 4564 29.44
o 4563 29.45
o 4562 29.45
o 4561 29.46
o 4560 29.46
o 4559 29.47
o 4558 29.47
o 4557 29.48
o 4556 29.48
o 4555 29.49
o 4554 29.5
o 4553 29.5
o 4552 29.5
o 4551 29.51
o 4550 29.52
o 4549 29.52
o 4548 29.53
o 4547 29.53
o 4546 29.54
o 4545 29.54
o 4544 29.55
o 4543 29.55
o 4542 29.56
o 4541 29.56
o 4540 29.57
o 4539 29.57
o 4538 29.58
o 4537 29.58
o 4536 29.58
o 4535 29.59
o 4534 29.6
o 4533 29.6
o 4532 29.61
o 4531 29.61
o 4530 29.62
o 4529 29.62
o 4528 29.63
o 4527 29.63
o 4526 29.64
o 4525 29.64
o 4524 29.65
o 4523 29.65
o 4522 29.66
o 4521 29.66
o 4520 29.67
o 4519 29.68
o 4518 29.68
o 4517 29.69
o 4516 29.69
o 4515 29.7
o 4514 29.7
o 4513 29.71
o 4512 29.71
o 4511 29.72
o 4510 29.72
o 4509 29.73
o 4508 29.73
o 4507 29.74
o 4506 29.74
o 4505 29.75
o 4504 29.75
o 4503 29.76
o 4502 29.77
o 4501 29.78
o 4500 29.78
o 4499 29.79
o 4498 29.79
o 4497 29.8
o 4496 29.81
o 4495 29.81
o 4494 29.82
o 4493 29.83
o 4492 29.83
o 4491 29.84
o 4490 29.85
o 4489 29.86
o 4488 29.87
o 4487 29.88
o 4486 29.89
o 4485 29.9
o 4484 29.91
o 4483 29.91
o 4482 29.92
o 4481 29.93
o 4480 29.93
o 4479 29.94
o 4478 29.95
o 4477 29.96
o 4476 29.97
o 4475 29.98
o 4474 29.98
o 4473 29.99
o 4472 30
o 4471 30.01
o 4470 30.02
o 4469 30.02
o 4468 30.03
o 4467 30.04
o 4466 30.05
o 4465 30.06
o 4464 30.07
o 4463 30.07
o 4462 30.09
o 4461 30.1
o 4460 30.11
o 4459 30.12
o 4458 30.12
o 4457 30.13
o 4456 30.14
o 4455 30.15
o 4454 30.16
o 4453 30.17
o 4452 30.17
o 4451 30.18
o 4450 30.19
o 4449 30.2
o 4448 30.21
o 4447 30.22
o 4446 30.22
o 4445 30.23
o 4444 30.25
o 4443 30.26
o 4442 30.28
o 4441 30.28
o 4440 30.29
o 4439 30.3
o 4438 30.31
o 4437 30.32
o 4436 30.39
o 4435 30.4
o 4434 30.41
o 4433 30.42
o 4432 30.43
o 4431 30.62
o 4430 30.68
o 4429 30.69
o 4428 30.69
o 4427 30.7
o 4426 30.71
o 4425 30.72
o 4424 30.72
o 4423 30.73
o 4422 30.75
o 4421 30.76
o 4420 30.77
o 4419 30.78
o 4418 30.79
o 4417 30.81
o 4416 30.83
o 4415 30.89
o 4414 30.94
o 4413 30.95
o 4412 30.96
o 4411 30.96
o 4410 30.97
o 4409 30.98
o 4408 30.99
o 4407 31.01
o 4406 31.03
o 4405 31.04
o 4404 31.06
o 4403 31.06
o 4402 31.07
o 4401 31.08
o 4400 31.09
o 4399 57
o 4398 57.01
o 4397 57.01
o 4396 57.02
o 4395 57.02
o 4394 57.03
o 4393 57.03
o 4392 57.04
o 4391 57.05
o 4390 57.05
o 4389 57.06
o 4388 57.06
o 4387 57.07
o 4386 57.07
o 4385 57.08
o 4384 57.08
o 4383 57.09
o 4382 57.1
o 4381 57.1
o 4380 57.11
o 4379 57.11
o 4378 57.12
o 4377 57.12
o 4376 57.13
o 4375 57.14
o 4374 57.14
o 4373 57.15
o 4372 57.15
o 4371 57.16
o 4370 57.17
o 4369 57.17
o 4368 57.18
o 4367 57.18
o 4366 57.19
o 4365 57.2
o 4364 57.2
o 4363 57.21
o 4362 57.22
o 4361 57.22
o 4360 57.23
o 4359 57.24
o 4358 57.24
o 4357 57.25
o 4356 57.25
o 4355 57.26
o 4354 57.27
o 4353 57.27
o 4352 57.28
o 4351 57.28
o 4350 57.29
o 4349 57.29
o 4348 57.3
o 4347 57.3
o 4346 57.31
o 4345 57.31
o 4344 57.32
o 4343 57.33
o 4342 57.33
o 4341 57.34
o 4340 57.35
o 4339 57.35
o 4338 57.36
o 4337 57.37
o 4336 57.37
o 4335 57.39
o 4334 57.39
o 4333 57.4
o 4332 57.4
o 4331 57.41
o 4330 57.42
o 4329 57.43
o 4328 57.43
o 4327 57.44
o 4326 57.44
o 4325 57.45
o 4324 57.45
o 4323 57.46
o 4322 57.46
o 4321 57.47
o 4320 57.47
o 4319 57.48
o 4318 57.49
o 4317 57.49
o 4316 57.5
o 4315 57.5
o 4314 57.51
o 4313 57.51
o 4312 57.52
o 4311 57.53
o 4310 57.54
o 4309 57.55
o 4308 57.55
o 4307 57.56
o 4306 57.56
o 4305 57.69
o 4304 57.69
o 4303 57.7
o 4302 57.71
o 4301 150.71
o 4300 150.73
o 4299 150.73
o 4298 150.75
o 4297 150.76
o 4296 150.77
o 4295 150.77
