instance11
o 21601 0.89
o 4830 2.2
o 4828 2.2
o 4819 2.21
o 4817 2.21
o 4762 2.28
o 4758 2.28
o 4755 2.28
o 4669 2.32
o 4667 2.32
o 4659 2.32
o 4658 2.32
o 4657 2.32
o 4656 2.36
o 4651 2.36
o 4649 2.36
o 4551 2.37
o 4549 2.37
o 4457 2.48
o 4382 3.31
o 4381 3.31
o 4378 3.33
o 4375 3.33
o 4374 3.34
o 4275 3.34
o 4273 3.35
o 4270 3.36
o 4267 3.36
o 4266 3.36
o 4196 6.2
o 4194 6.2
o 4193 6.44
o 4189 6.44
o 4188 6.44
o 4186 6.44
o 4183 6.45
o 4181 6.45
o 4102 6.47
o 4100 6.47
o 4099 6.47
o 4096 6.48
o 4015 6.49
o 4013 6.49
o 4011 6.49
o 4009 6.5
o 4004 6.51
o 4003 6.51
o 4002 6.51
o 4000 6.51
o 3999 6.51
o 3998 6.52
o 3996 6.52
o 3994 6.52
o 3993 6.55
o 3991 6.55
o 3989 6.55
o 3987 6.57
o 3920 23.33
o 3919 23.34
o 3917 23.35
o 3915 23.56
o 3824 23.64
o 3822 23.64
o 3821 23.64
o 3818 23.64
o 3816 23.64
o 3807 23.76
o 3805 23.77
o 3788 24.84
instance11
o 24538 1.18
o 4726 2.94
o 4628 2.94
o 4626 2.95
o 4616 3.7
o 4614 3.7
o 4611 3.7
o 4512 3.7
o 4411 3.7
o 4409 3.7
o 4408 3.7
o 4405 3.71
o 4304 3.71
o 4302 3.71
o 4301 3.71
o 4299 3.71
o 4296 3.71
o 4294 3.72
o 4293 3.72
o 4211 3.8
o 4210 3.8
o 4209 3.8
o 4208 3.81
o 4205 3.81
o 4108 3.82
o 4106 11.89
o 4104 14.18
o 4103 14.19
o 4102 14.22
o 4091 15.03
o 4090 15.03
o 4088 25.77
o 4086 25.77
o 4084 25.77
o 4082 37.05
o 4076 37.06
o 4074 37.06
o 4071 37.07
o 4025 48.57
o 4024 48.58
o 4022 48.58
o 4020 48.58
o 4018 48.58
o 4016 48.58
o 4013 48.58
o 4007 106.14
o 4004 106.15
o 4002 106.15
o 4001 106.15
o 3999 106.15
o 3998 106.15
o 3997 106.15
o 3996 106.15
o 3995 106.17
o 3994 106.17
o 3992 106.23
o 3986 106.25
o 3985 106.27
o 3983 106.27
o 3978 132.68
o 3976 132.68
o 3974 132.68
o 3860 162.8
o 3817 272.24
instance11
o 25138 0.73
o 4703 1.94
o 4701 1.94
o 4697 1.94
o 4602 1.95
o 4601 1.95
o 4599 1.95
o 4593 1.95
o 4590 1.96
o 4587 1.96
o 4584 1.96
o 4583 1.96
o 4581 1.96
o 4580 1.97
o 4576 1.97
o 4477 1.97
o 4474 1.97
o 4473 1.97
o 4471 1.97
o 4468 1.97
o 4389 1.99
o 4388 1.99
o 4386 1.99
o 4384 1.99
o 4383 2
o 4382 2.01
o 4379 2.01
o 4378 2.01
o 4375 2.01
o 4373 2.01
o 4369 2.01
o 4367 4.29
o 4274 4.3
o 4272 4.3
o 4271 4.32
o 4267 4.33
o 4228 11.34
o 4210 11.39
o 4208 11.39
o 4110 11.4
o 4026 11.44
o 4022 11.44
o 4020 14.82
o 4017 14.84
o 4016 14.84
o 4013 14.84
o 4012 14.84
o 4010 14.86
o 3916 14.86
o 3915 14.86
o 3914 15.35
o 3911 15.36
o 3910 15.36
o 3908 15.36
o 3907 15.37
o 3905 15.94
o 3904 188.77
o 3902 188.77
o 3870 278.16
o 3869 278.16
o 3868 278.18
o 3865 278.18
o 3864 278.18
o 3862 278.56
o 3775 278.59
o 3774 278.59
o 3773 278.6
o 3772 278.6
o 3771 278.6
o 3767 278.6
o 3765 278.6
instance11
o 23744 1.07
o 5409 2.88
o 5406 2.88
o 5405 2.89
o 5401 2.89
o 5398 2.89
o 5396 2.89
o 5200 2.9
o 5197 2.9
o 5196 2.91
o 5195 2.91
o 5193 2.91
o 5091 2.91
o 5089 2.91
o 5088 2.92
o 4987 2.92
o 4985 2.92
o 4982 2.93
o 4976 2.93
o 4973 2.93
o 4972 2.93
o 4971 2.93
o 4969 2.93
o 4967 2.93
o 4962 2.93
o 4960 2.93
o 4959 2.93
o 4958 2.93
o 4952 3.13
o 4951 3.13
o 4948 3.13
o 4858 3.16
o 4855 3.16
o 4852 3.16
o 4849 3.17
o 4847 3.17
o 4846 3.17
o 4739 3.17
o 4730 3.26
o 4729 3.26
o 4628 3.26
o 4623 3.31
o 4622 3.31
o 4608 3.45
o 4514 3.5
o 4508 3.5
o 4506 3.5
o 4428 4.16
o 4426 4.17
o 4424 4.17
o 4423 4.17
o 4422 4.17
o 4420 4.17
o 4419 4.17
o 4417 4.18
o 4415 4.23
o 4414 4.23
o 4413 4.23
o 4412 4.23
o 4408 4.24
o 4407 4.25
o 4335 5.4
o 4334 5.4
o 4332 5.4
o 4328 5.57
o 4323 5.58
o 4310 5.6
o 4304 5.6
o 4302 5.6
o 4301 5.61
o 4299 5.61
o 4296 5.61
o 4295 5.61
o 4208 5.68
o 4206 5.74
o 4205 5.74
o 4203 5.75
o 4202 5.75
o 4201 5.75
o 4199 5.75
o 4196 5.75
o 4194 5.75
o 4113 5.9
o 4111 5.9
o 4108 5.9
o 4021 5.94
o 4019 5.95
o 4014 5.95
o 4012 5.95
o 4011 5.95
o 4008 5.95
o 4007 6.28
o 4006 6.28
o 4005 6.28
o 3910 6.28
o 3908 6.28
o 3905 6.28
o 3902 6.28
o 3900 6.28
o 3818 6.31
o 3816 6.31
o 3802 77.74
o 3801 77.74
o 3800 77.74
o 3791 77.76
o 3789 77.76
o 3787 77.76
instance11
o 23949 0.88
o 5116 2.37
o 5114 2.37
o 5111 2.37
o 5109 2.37
o 5056 2.5
o 5053 2.5
o 5050 2.5
o 5045 2.5
o 5042 2.5
o 5040 2.5
o 5039 2.51
o 5037 2.51
o 5034 2.51
o 5032 2.51
o 5031 2.54
o 5029 2.54
o 4962 2.56
o 4960 2.57
o 4946 2.64
o 4945 2.64
o 4846 2.64
o 4845 2.65
o 4829 2.97
o 4826 2.97
o 4825 2.97
o 4724 2.97
o 4704 4.79
o 4701 4.79
o 4699 4.79
o 4696 4.79
o 4603 4.92
o 4601 4.92
o 4600 4.93
o 4598 4.93
o 4597 4.98
o 4596 4.98
o 4594 4.98
o 4592 4.99
o 4591 4.99
o 4589 5
o 4588 5
o 4587 5
o 4491 5
o 4489 5
o 4488 5
o 4486 5
o 4485 5
o 4484 5.01
o 4483 5.01
o 4482 5.01
o 4481 5.01
o 4390 5.01
o 4388 5.01
o 4386 5.01
o 4303 5.23
o 4302 5.25
o 4296 5.26
o 4295 5.27
o 4290 5.28
o 4288 5.28
o 4286 5.28
o 4283 5.29
o 4280 5.29
o 4278 5.29
o 4277 5.29
o 4276 5.29
o 4274 5.29
o 4174 5.29
o 4173 5.29
o 4172 5.29
o 4157 6.77
o 4070 7
o 4068 7.01
o 4028 22.89
o 3990 43.96
o 3989 43.97
o 3898 102.77
o 3897 102.77
o 3886 102.84
o 3884 102.85
o 3826 148.5
o 3825 148.51
o 3818 148.52
o 3817 148.52
o 3816 148.53
o 3808 154
o 3806 154
o 3805 154
o 3803 154
o 3704 154
instance11
o 24353 0.89
o 4512 2.5
o 4510 2.5
o 4408 2.51
o 4405 2.51
o 4404 2.51
o 4401 2.51
o 4399 2.51
o 4392 2.51
o 4391 2.52
o 4388 2.52
o 4387 2.52
o 4386 2.52
o 4384 2.52
o 4278 2.53
o 4177 2.53
o 4171 2.54
o 4168 2.54
o 4167 2.54
o 4165 2.54
o 4099 3.52
o 4058 14.12
o 4056 14.12
o 4054 14.12
o 3980 14.18
o 3979 14.18
o 3974 14.18
o 3973 14.18
o 3972 14.19
o 3968 14.19
o 3967 14.19
o 3965 14.19
o 3962 14.19
o 3937 24.27
o 3936 24.27
o 3935 24.27
o 3933 24.27
o 3932 24.27
o 3931 24.28
o 3929 24.28
o 3918 38.92
o 3861 43.54
instance11
o 23850 0.93
o 4710 2.65
o 4709 2.65
o 4708 2.65
o 4707 2.65
o 4704 2.65
o 4696 2.65
o 4693 2.65
o 4685 2.65
o 4684 2.65
o 4640 2.71
o 4540 2.72
o 4496 4.67
o 4494 4.67
o 4399 4.71
o 4297 4.71
o 4295 4.71
o 4294 4.82
o 4291 4.82
o 4200 4.9
o 4197 4.9
o 4196 4.9
o 4193 4.9
o 4192 4.9
o 4191 4.9
o 4190 4.91
o 4118 4.97
o 4104 46.36
o 4102 48.11
o 4037 56.76
o 4022 108.26
o 4021 108.26
o 4012 108.55
o 4009 119.18
o 4007 119.18
o 4006 119.18
o 4000 119.18
o 3998 119.18
o 3895 119.18
o 3802 119.24
o 3801 119.25
instance11
o 21031 0.85
o 4602 2.11
o 4599 2.11
o 4598 2.12
o 4595 2.13
o 4572 2.2
o 4571 2.2
o 4569 2.22
o 4470 2.22
o 4469 2.22
o 4467 2.22
o 4466 2.22
o 4463 2.22
o 4460 2.23
o 4458 2.23
o 4457 2.23
o 4454 2.23
o 4453 2.23
o 4450 2.25
o 4448 2.25
o 4447 2.25
o 4445 2.25
o 4444 2.25
o 4443 2.25
o 4442 2.25
o 4439 2.25
o 4339 2.25
o 4335 2.25
o 4333 2.26
o 4304 2.44
o 4281 2.81
o 4280 2.82
o 4277 2.82
o 4276 2.82
o 4187 2.82
o 4171 15.01
o 4090 15.04
o 4007 15.84
o 3906 15.84
o 3904 15.84
o 3902 15.84
o 3900 15.84
o 3899 15.84
o 3898 15.85
o 3889 15.92
o 3888 15.92
o 3886 15.92
o 3884 144.54
o 3883 144.55
o 3881 144.55
o 3813 167.95
o 3812 167.95
o 3811 167.95
o 3809 167.95
o 3808 167.95
o 3807 167.95
o 3803 167.96
o 3802 167.96
o 3800 167.96
o 3798 167.97
instance11
o 25960 0.74
o 4870 1.95
o 4865 1.95
o 4863 1.95
o 4862 1.95
o 4859 1.95
o 4856 1.95
o 4854 1.96
o 4808 2.26
o 4807 2.26
o 4739 2.49
o 4738 2.49
o 4737 2.49
o 4736 2.53
o 4645 2.55
o 4640 2.55
o 4631 2.78
o 4630 2.78
o 4624 2.79
o 4623 2.85
o 4620 2.85
o 4619 2.85
o 4618 2.85
o 4617 2.86
o 4615 2.86
o 4614 2.86
o 4610 2.89
o 4608 2.89
o 4607 2.89
o 4508 2.9
o 4506 2.9
o 4504 2.9
o 4503 2.9
o 4502 2.9
o 4496 2.9
o 4495 2.91
o 4493 2.91
o 4447 4.85
o 4445 4.86
o 4444 4.93
o 4443 4.94
o 4442 4.95
o 4432 4.99
o 4403 8.08
o 4402 8.08
o 4401 8.08
o 4399 8.08
o 4398 8.08
o 4302 8.09
o 4300 8.09
o 4298 8.09
o 4296 8.09
o 4202 11.22
o 4201 11.23
o 4200 11.23
o 4199 11.29
o 4198 11.3
o 4196 11.3
o 4195 11.34
o 4194 11.37
o 4192 11.37
o 4132 11.72
o 4129 11.73
o 4128 11.73
o 4126 11.74
o 4125 11.74
o 4113 11.78
o 4111 11.79
o 4110 11.79
o 4097 11.89
o 4094 11.94
o 4092 11.94
o 4083 34.73
o 4009 42.91
o 4008 42.91
o 3996 72.6
o 3994 72.6
o 3993 72.61
o 3991 72.61
o 3976 72.69
o 3911 110.79
o 3906 110.8
o 3904 110.8
o 3880 135.6
o 3874 135.61
instance11
o 23534 0.79
o 5181 2.13
o 5178 2.13
o 5176 2.14
o 5172 2.14
o 5170 2.14
o 5165 2.14
o 5161 2.14
o 5070 2.15
o 4982 2.16
o 4979 2.16
o 4881 2.19
o 4878 2.19
o 4877 2.19
o 4868 2.19
o 4867 2.19
o 4865 2.19
o 4852 2.2
o 4849 2.2
o 4845 2.21
o 4842 2.21
o 4741 2.21
o 4652 2.21
o 4556 2.22
o 4555 2.22
o 4553 2.22
o 4536 2.42
o 4535 2.42
o 4534 2.43
o 4533 2.43
o 4532 2.43
o 4531 2.43
o 4530 2.43
o 4528 2.43
o 4526 2.43
o 4504 3.37
o 4499 3.96
o 4498 3.96
o 4495 4.86
o 4493 4.86
o 4490 4.86
o 4489 4.86
o 4483 4.87
o 4382 4.87
o 4289 4.88
o 4287 5.14
o 4286 5.14
o 4285 5.14
o 4284 5.14
o 4283 5.15
o 4282 5.15
o 4280 5.16
o 4279 5.16
o 4275 5.16
o 4274 5.16
o 4271 5.16
o 4268 5.16
o 4266 5.16
o 4264 11.91
o 4261 11.91
o 4259 11.91
o 4204 18.77
o 4202 18.77
o 4199 18.77
o 4097 18.77
o 4094 18.77
o 4000 29.2
o 3950 30.66
o 3944 30.66
o 3922 60.65
o 3921 60.65
o 3919 60.66
o 3917 60.66
o 3916 60.66
o 3899 70.11
o 3898 70.12
o 3895 70.12
o 3893 70.12
o 3884 70.14
o 3883 70.15
o 3881 70.15
o 3879 70.15
o 3876 150.37
o 3873 150.38
o 3872 150.38
o 3869 150.38
o 3796 150.47
o 3795 150.47
o 3793 150.47
o 3791 150.47
o 3698 150.48
o 3697 150.49
o 3696 150.49
o 3692 150.61
o 3690 150.61
o 3689 150.61
