ItalyInstance4.xml
o 22527 5.43
o 10507 12.83
o 10410 12.83
o 10307 12.83
o 10178 12.86
o 10075 12.86
o 9864 12.87
o 9555 12.87
o 9454 12.87
o 9258 23.43
o 9228 23.97
o 9130 23.97
o 9078 99.46
o 8986 99.46
o 8968 99.52
ItalyInstance4.xml
o 22898 11.43
o 9977 22.59
o 9646 22.67
o 9544 22.68
o 9441 22.68
o 9343 22.68
o 9268 22.74
o 9163 22.74
o 9159 22.74
o 9069 22.78
o 8970 22.78
o 8766 22.78
o 8660 22.79
o 8548 22.8
o 8547 22.8
o 8455 22.81
o 8357 22.81
o 8347 22.82
o 8258 22.83
o 8153 74.72
ItalyInstance4.xml
o 23746 7.37
o 13769 18.37
o 13563 18.37
o 13561 18.37
o 13559 18.37
o 13459 18.37
o 13355 18.37
o 13255 18.37
o 13234 18.38
o 12923 18.39
o 12818 18.39
o 12714 18.39
o 12611 18.39
o 12524 18.42
o 12423 18.44
o 12322 18.44
o 12120 18.44
o 12007 18.44
o 12006 18.44
o 12002 18.45
o 11898 18.45
o 11798 18.45
o 11694 18.45
o 11680 18.55
o 11474 18.55
o 11372 18.55
o 11370 18.55
o 11171 18.55
o 11069 18.55
o 11068 18.56
o 11067 18.56
o 10969 18.57
o 10868 18.57
o 10805 18.85
o 10803 18.85
o 10601 18.85
o 10401 18.85
o 10293 18.86
o 10088 18.87
o 9982 18.87
o 9981 18.87
o 9973 18.87
o 9869 18.87
o 9768 18.87
o 9623 40.16
o 9576 40.28
o 9479 40.28
o 9462 40.32
o 9364 40.32
o 9268 40.32
o 9074 40.32
o 9045 40.33
o 8946 82.91
o 8944 82.93
o 8841 82.93
o 8730 147.6
o 8633 147.6
ItalyInstance4.xml
o 23044 5.65
o 10228 13.31
o 10201 13.35
o 10144 13.54
o 10062 13.55
o 10061 13.55
o 9863 13.56
o 9860 13.56
o 9859 13.56
o 9759 13.56
o 9745 13.58
o 9725 13.66
o 9704 16.1
o 9499 16.1
o 9310 16.12
o 9111 16.12
o 9060 43.7
o 9052 43.7
o 8967 43.71
o 8851 60.37
o 8845 192.91
o 8641 192.91
o 8637 192.91
o 8635 192.91
o 8546 192.92
o 8452 192.92
o 8347 192.92
o 8339 192.98
o 8337 192.98
o 8334 192.98
o 8327 192.98
o 8306 193.03
o 8304 193.03
o 8206 193.03
o 8200 193.03
o 8104 193.13
o 8019 193.13
ItalyInstance4.xml
o 22729 5.44
o 13060 14.49
o 12860 14.5
o 12756 14.5
o 12649 14.5
o 12643 14.5
o 12601 15.12
o 12498 15.12
o 12394 15.13
o 12390 15.13
o 12287 15.13
o 12193 15.36
o 12192 15.36
o 12191 15.36
o 12104 15.36
o 11805 15.36
o 11650 15.54
o 11649 15.55
o 11548 15.55
o 11511 15.63
o 11417 15.63
o 11328 15.64
o 11327 15.64
o 11226 15.64
o 11225 15.65
o 11222 15.65
o 11119 15.65
o 10813 15.65
o 10709 15.65
o 10628 15.65
o 10621 15.66
o 10432 15.66
o 9944 15.66
o 9943 15.67
o 9939 15.67
o 9938 15.67
o 9836 15.67
o 9733 15.68
o 9727 15.68
o 9625 15.68
o 9453 15.82
o 9349 15.82
o 9248 15.82
o 9246 15.82
o 9141 15.82
o 9138 15.89
o 9101 98.92
o 8996 98.92
o 8891 98.92
o 8831 150.7
o 8829 150.7
o 8828 150.7
o 8822 254.19
ItalyInstance4.xml
o 23551 5.75
o 10379 14.09
o 10348 14.16
o 10254 14.16
o 10155 14.16
o 10048 14.16
o 9948 14.16
o 9843 14.16
o 9788 14.3
o 9482 14.31
o 9479 14.32
o 9187 14.32
o 9080 14.32
o 8984 14.33
o 8882 14.33
o 8775 14.33
o 8672 14.33
o 8564 14.33
o 8465 14.33
o 8459 14.34
o 8360 14.34
ItalyInstance4.xml
o 22027 5.14
o 13175 13.86
o 13069 13.86
o 12969 13.86
o 12892 13.98
o 12886 13.99
o 12783 13.99
o 12594 14.01
o 11984 14.02
o 11884 14.02
o 11881 14.03
o 11776 14.03
o 11760 14.04
o 11549 14.05
o 11547 14.05
o 11356 14.06
o 11254 14.06
o 11150 14.07
o 11050 14.07
o 11047 14.08
o 10947 14.08
o 10942 14.08
o 10849 14.08
o 10749 14.09
o 10653 14.1
o 10446 14.11
o 10358 14.26
o 10258 14.26
o 10257 14.26
o 10256 14.26
o 10152 14.26
o 10047 14.26
o 10046 14.26
o 9955 14.27
o 9954 14.27
o 9853 14.28
o 9749 14.28
o 9652 14.31
o 9542 14.31
o 9435 14.31
o 9332 14.32
o 9314 14.35
o 9211 14.36
o 9208 14.36
o 9107 14.36
o 9000 14.38
o 8898 14.38
o 8897 14.38
o 8888 14.38
o 8789 14.38
o 8695 14.39
o 8590 14.39
o 8585 14.39
o 8580 14.39
o 8473 14.39
o 8468 14.39
o 8365 14.39
ItalyInstance4.xml
o 22035 5.28
o 11168 14.2
o 11063 14.2
o 10958 14.2
o 10956 14.2
o 10860 14.2
o 10770 14.22
o 10670 14.22
o 10659 14.25
o 10653 28.36
o 10627 28.42
o 10623 28.42
o 10619 28.42
o 10309 28.43
o 9922 29.14
o 9918 29.14
o 9819 29.14
o 9791 29.23
o 9690 29.23
o 9489 29.24
o 9459 54.51
o 9457 54.51
o 9268 54.52
o 9070 54.53
o 8975 54.61
o 8936 54.67
o 8832 54.67
o 8731 54.67
o 8631 54.67
o 8518 54.67
o 8316 54.68
o 8252 294.57
o 8178 294.61
o 7972 294.62
o 7868 294.62
o 7769 294.62
ItalyInstance4.xml
o 24079 6.54
o 13131 17.74
o 13029 17.74
o 12923 17.74
o 12732 17.84
o 12528 17.85
o 12218 17.85
o 12217 17.85
o 12117 17.85
o 12114 17.85
o 12019 17.86
o 11928 17.86
o 11921 17.86
o 11823 17.86
o 11722 17.86
o 11603 17.87
o 11598 17.87
o 11596 17.87
o 11392 17.87
o 11292 17.88
o 11275 17.9
o 11245 20.99
o 11056 20.99
o 10869 21.01
o 10867 21.01
o 10766 21.01
o 10603 36.1
o 10499 36.1
o 10389 36.27
o 10289 36.28
o 10283 36.28
o 10282 36.28
o 10276 36.28
o 10275 36.28
o 10274 36.28
o 10271 36.28
o 10270 36.29
o 10267 36.29
o 10266 36.29
o 10177 36.29
o 9976 36.3
o 9776 36.31
o 9656 36.32
o 9549 36.32
o 9542 36.32
o 9540 36.33
o 9441 36.33
o 9363 60.78
o 9362 60.78
o 9360 60.81
o 9240 172.63
o 9238 172.64
o 9135 172.64
o 9036 172.64
o 8936 172.7
o 8738 238
o 8645 238.01
o 8540 238.01
o 8432 238.01
ItalyInstance4.xml
o 23462 6.08
o 14221 18.36
o 14126 18.4
o 14057 18.52
o 13953 18.52
o 13643 18.56
o 13548 18.56
o 13546 18.56
o 13261 18.57
o 13159 18.57
o 13066 18.57
o 12864 18.57
o 12764 18.57
o 12661 18.57
o 12655 18.58
o 12555 18.58
o 12530 19.27
o 12327 19.28
o 12229 19.28
o 12134 19.28
o 12040 19.28
o 11934 19.29
o 11734 19.29
o 11733 19.29
o 11630 19.29
o 11531 19.29
o 11433 19.29
o 11327 19.3
o 11224 19.3
o 11222 19.31
o 11143 34.91
o 10843 34.93
o 10749 34.93
o 10748 34.94
o 10742 35
o 10681 35.02
o 10679 35.02
o 10677 35.02
o 10591 35.02
o 10587 35.02
o 10586 35.02
o 10433 36.02
o 10428 36.02
o 10427 79.66
o 10334 93.87
o 10235 93.87
o 10136 93.87
o 10032 93.87
o 10027 93.87
o 9921 93.88
o 9815 93.88
o 9711 93.88
o 9513 93.89
o 9412 93.89
o 9411 93.91
o 9401 93.91
o 9302 93.91
o 9202 93.91
o 9145 213.58
o 9044 213.58
o 8951 213.58
o 8945 213.58
o 8836 213.58
o 8835 213.58
o 8486 213.64
o 8482 213.65
o 8479 213.65
o 8473 213.67
