MinWidthCB_mitdbsample_300_26_1k_3s_2t_5
o 37465 0.01
o 35700 0.17
o 35630 0.17
o 35530 0.17
o 35505 0.17
o 35485 0.17
o 35415 0.17
o 35325 0.17
o 35140 0.17
o 35060 0.17
o 34825 0.17
o 34760 0.17
o 34605 0.17
o 34595 0.17
o 34505 0.17
o 34370 0.18
o 34355 0.18
o 34335 0.18
o 32865 0.19
o 32185 0.25
o 32155 0.25
o 32150 0.25
o 31955 0.26
o 31935 1.54
o 31880 1.54
o 31870 1.54
o 31865 8
o 31845 9.21
o 31840 9.21
o 31835 9.21
o 31805 9.21
o 31755 9.21
o 31660 9.21
o 31580 9.21
o 31565 9.21
o 31485 43.18
o 31480 43.18
o 31470 43.18
o 31450 49.2
o 31435 49.2
o 31425 49.2
o 31415 49.2
o 31390 54.04
o 31355 54.04
o 31345 127.67
o 31295 127.67
o 31235 127.67
o 31175 294.9
MinWidthCB_mitdbsample_300_26_1k_3s_2t_5
o 39945 0.01
o 36935 0.16
o 36595 0.16
o 36580 0.16
o 35440 0.16
o 35260 0.16
o 35255 0.16
o 35105 0.16
o 34975 0.17
o 34890 0.17
o 34715 0.18
o 34560 0.18
o 34485 0.18
o 34480 0.18
o 34405 0.19
o 34335 0.2
o 34095 0.2
o 34060 0.2
o 33890 0.2
o 33855 0.2
o 33760 0.2
o 33755 0.2
o 33745 0.2
o 33385 0.2
o 33370 0.2
o 33275 0.23
o 33200 0.23
o 32965 0.23
o 32935 0.23
o 32915 0.23
o 32800 0.23
o 32715 0.23
o 32710 0.27
o 32610 0.27
o 32475 0.27
o 32465 0.27
o 32435 0.27
o 32260 0.27
o 32220 0.28
o 32215 0.28
o 32200 0.28
o 32140 0.28
o 32055 0.28
o 31935 0.28
o 31885 1.56
o 31760 1.56
o 31515 4.13
o 31420 21.28
o 31405 22.49
o 31245 97.12
o 31230 169.99
o 31205 169.99
o 31125 169.99
o 31090 169.99
MinWidthCB_mitdbsample_300_26_1k_3s_2t_5
o 39850 0.01
o 35890 0.14
o 35865 0.15
o 35745 0.15
o 35600 0.15
o 35500 0.15
o 35430 0.15
o 35280 0.15
o 35245 0.15
o 35010 0.15
o 35005 0.15
o 34810 0.15
o 34790 0.15
o 34735 0.15
o 34700 0.16
o 34690 0.16
o 34510 0.16
o 34400 0.18
o 34205 0.18
o 34200 0.18
o 34145 0.18
o 34090 0.18
o 34085 0.18
o 34020 0.19
o 33920 0.19
o 33800 0.19
o 33610 0.24
o 33530 0.24
o 33425 0.24
o 33360 0.24
o 33345 0.24
o 33320 0.24
o 32965 0.24
o 32925 0.24
o 32905 0.25
o 32750 0.26
o 32625 0.26
o 32595 0.26
o 32350 0.26
o 32180 0.26
o 31950 1.5
o 31895 3.84
o 31755 3.84
o 31745 3.84
o 31740 3.84
o 31715 9.83
o 31705 9.83
o 31570 9.83
o 31565 27.65
o 31460 44.83
o 31450 44.83
o 31415 48.5
o 31390 48.5
o 31380 48.5
o 31300 53.34
o 31200 53.34
o 31125 53.34
MinWidthCB_mitdbsample_300_26_1k_3s_2t_5
o 38760 0.01
o 34920 0.15
o 34885 0.19
o 34850 0.19
o 34825 0.19
o 34770 0.19
o 34535 0.19
o 34480 0.19
o 34410 0.19
o 34325 0.19
o 33995 0.19
o 33990 0.2
o 33955 0.23
o 33835 0.23
o 33275 0.23
o 33225 0.23
o 33155 0.23
o 33150 0.23
o 32975 0.23
o 32900 0.23
o 32895 0.23
o 32875 0.23
o 32825 0.25
o 32385 0.26
o 32355 0.26
o 32180 0.26
o 32100 0.26
o 32085 0.26
o 31985 0.27
o 31965 0.27
o 31950 0.27
o 31940 0.27
o 31840 0.27
o 31785 0.27
o 31710 10.2
o 31670 10.2
o 31660 10.2
o 31535 10.2
o 31450 11.4
o 31430 11.4
o 31375 11.4
o 31340 11.4
o 31315 11.4
o 31125 11.4
MinWidthCB_mitdbsample_300_26_1k_3s_2t_5
o 38340 0.01
o 37020 0.16
o 37000 0.17
o 36895 0.17
o 35465 0.17
o 35415 0.18
o 35395 0.18
o 35255 0.18
o 34930 0.18
o 34860 0.18
o 34700 0.18
o 34605 0.18
o 34525 0.18
o 34395 0.22
o 34390 0.22
o 34270 0.22
o 34130 0.22
o 34125 0.22
o 34075 0.22
o 33685 0.22
o 32850 0.24
o 32700 0.24
o 32490 0.24
o 32450 0.24
o 32390 0.24
o 32355 0.25
o 32305 0.25
o 32060 0.25
o 32045 0.25
o 32035 0.25
o 31920 0.3
o 31900 0.3
o 31835 2.7
o 31815 2.7
o 31750 2.7
o 31615 5.08
o 31425 17.24
o 31360 24.66
o 31310 132.68
o 31265 280.45
MinWidthCB_mitdbsample_300_26_1k_3s_2t_5
o 39920 0.01
o 34875 0.18
o 34670 0.18
o 34585 0.18
o 34520 0.19
o 34470 0.19
o 34360 0.19
o 33915 0.19
o 33885 0.19
o 33765 0.23
o 33660 0.23
o 33645 0.23
o 33525 0.25
o 33330 0.26
o 33260 0.26
o 33180 0.26
o 33170 0.26
o 33110 0.29
o 33050 0.29
o 33005 0.29
o 32975 0.29
o 32860 0.29
o 32810 0.29
o 32675 0.29
o 32570 0.29
o 32535 0.29
o 32515 0.29
o 32450 0.29
o 32425 0.29
o 32390 0.3
o 32370 0.3
o 32185 0.3
o 32110 1.49
o 32075 1.49
o 32035 2.72
o 31900 2.72
o 31845 2.72
o 31825 3.4
o 31815 3.4
o 31775 5.86
o 31770 5.86
o 31675 5.87
o 31625 5.87
o 31560 5.87
o 31545 5.87
o 31520 46.79
o 31495 46.8
o 31435 46.8
o 31415 46.8
o 31300 59.57
o 31250 59.58
o 31200 70.78
o 31180 70.79
o 31150 70.79
o 31015 70.79
MinWidthCB_mitdbsample_300_26_1k_3s_2t_5
o 40185 0
o 35140 0.15
o 34935 0.15
o 34915 0.15
o 34905 0.16
o 34655 0.16
o 34355 0.16
o 34340 0.17
o 34090 0.17
o 33845 0.17
o 33250 0.22
o 33235 0.22
o 33060 0.22
o 33050 0.22
o 33030 0.22
o 33025 0.25
o 32950 0.25
o 32845 0.25
o 32500 0.25
o 32440 0.25
o 32435 0.25
o 32420 0.25
o 32400 0.25
o 32390 0.25
o 32315 0.25
o 32295 0.25
o 32190 0.25
o 32050 0.25
o 31915 0.25
o 31895 0.26
o 31845 0.26
o 31730 8.14
o 31655 8.14
o 31650 8.14
o 31465 37.06
o 31445 37.06
o 31430 37.06
o 31215 58.65
o 31205 223.53
MinWidthCB_mitdbsample_300_26_1k_3s_2t_5
o 40130 0.01
o 36840 0.18
o 36805 0.18
o 36760 0.18
o 36290 0.18
o 36095 0.18
o 36075 0.18
o 36015 0.18
o 35515 0.18
o 35285 0.18
o 35260 0.18
o 35195 0.18
o 35190 0.19
o 35145 0.19
o 35130 0.19
o 34950 0.2
o 34810 0.2
o 34685 0.22
o 34670 0.22
o 34260 0.22
o 34255 0.22
o 34240 0.23
o 34185 0.23
o 34055 0.23
o 34000 0.23
o 33995 0.23
o 33985 0.23
o 33890 0.23
o 33565 0.23
o 33560 0.23
o 33485 0.25
o 33425 0.25
o 33260 0.25
o 32740 0.26
o 32685 0.26
o 32585 0.26
o 32565 0.27
o 32370 0.27
o 32315 0.27
o 32295 0.27
o 32280 0.27
o 32065 0.27
o 32045 0.27
o 32015 0.27
o 31995 0.27
o 31955 0.27
o 31855 0.27
o 31780 0.27
o 31565 0.27
o 31525 0.27
o 31520 0.27
o 31460 0.27
o 31425 0.27
o 31350 0.27
o 31310 0.27
o 31300 20.1
o 31295 20.1
o 31285 20.1
o 31200 20.1
o 31190 20.1
o 31065 87.55
o 31055 87.55
MinWidthCB_mitdbsample_300_26_1k_3s_2t_5
o 40100 0
o 35200 0.15
o 35065 0.15
o 34900 0.15
o 34835 0.15
o 33835 0.15
o 33750 0.15
o 33645 0.15
o 33615 0.15
o 33560 0.23
o 33485 0.23
o 33250 0.23
o 33215 0.23
o 33130 0.23
o 33115 0.23
o 32720 0.24
o 32570 0.24
o 32470 0.24
o 32410 0.24
o 32250 0.24
o 32205 0.24
o 32130 0.25
o 32090 0.25
o 32040 0.25
o 32015 0.25
o 32005 0.25
o 31965 0.25
o 31915 0.25
o 31790 5.25
o 31690 5.26
o 31680 5.26
o 31585 5.26
o 31510 5.26
o 31505 7.81
o 31495 24.8
o 31485 24.8
o 31435 24.8
o 31430 24.8
o 31410 24.8
o 31345 24.8
o 31340 24.8
o 31220 63.93
o 31095 63.93
o 31080 63.93
o 31025 69.17
o 30985 160.85
MinWidthCB_mitdbsample_300_26_1k_3s_2t_5
o 39780 0.01
o 35420 0.17
o 35165 0.17
o 35140 0.17
o 35115 0.17
o 34965 0.17
o 34915 0.17
o 34905 0.19
o 34155 0.19
o 33995 0.19
o 33965 0.2
o 33950 0.2
o 33875 0.2
o 33855 0.2
o 33100 0.21
o 33075 0.21
o 32930 0.21
o 32610 0.21
o 32600 0.21
o 32410 0.21
o 32270 0.21
o 32190 0.21
o 32020 0.28
o 31965 1.51
o 31935 1.51
o 31840 1.51
o 31830 1.51
o 31790 1.51
o 31740 1.51
o 31730 1.51
o 31690 4.02
o 31585 6.48
o 31550 6.48
o 31440 6.48
o 31415 7.7
o 31340 7.7
o 31300 94.35
o 31115 94.35
