MinWidthCB_mitdbsample_300_26_1k_6s_1t_8
o 39625 0.03
o 35425 0.41
o 35395 0.41
o 35335 0.41
o 35165 0.41
o 35155 0.41
o 34930 0.42
o 34900 0.42
o 34865 0.43
o 34830 0.44
o 34665 0.44
o 34645 0.44
o 34595 0.44
o 34495 0.44
o 34040 0.51
o 34005 0.55
o 33960 0.56
o 33955 0.56
o 33915 0.56
o 33815 0.56
o 33575 0.56
o 33515 0.56
o 33325 0.56
o 33300 0.56
o 33090 0.56
o 33085 0.56
o 32985 0.56
o 32810 0.56
o 32710 1.38
o 32690 1.39
o 32500 1.39
o 32495 1.39
o 32445 1.39
o 32440 1.39
o 32420 1.39
o 32385 1.39
o 32355 1.39
o 32295 1.4
o 32270 6.11
o 32235 6.11
o 32145 6.13
o 32130 6.19
o 32100 6.19
o 32065 6.2
o 31990 36.54
o 31960 36.54
o 31945 61.1
o 31940 61.1
o 31915 61.1
o 31840 61.1
o 31790 86.67
o 31740 159.3
o 31695 165.15
o 31610 175.25
o 31605 175.25
o 31595 175.25
o 31550 243.47
MinWidthCB_mitdbsample_300_26_1k_6s_1t_8
o 40025 0.02
o 36830 0.26
o 36780 0.26
o 35350 0.26
o 34995 0.27
o 34875 0.28
o 34845 0.28
o 34770 0.28
o 34730 0.28
o 34110 0.29
o 34105 0.29
o 33795 0.43
o 33735 0.43
o 33715 0.43
o 33630 0.43
o 33575 0.43
o 33565 0.44
o 33485 0.55
o 33475 0.59
o 33385 0.59
o 33370 0.59
o 33270 0.59
o 33250 0.59
o 33190 0.59
o 33115 0.9
o 33080 0.9
o 33005 0.9
o 32960 0.9
o 32940 0.9
o 32935 2.36
o 32920 2.39
o 32915 2.39
o 32910 2.39
o 32895 2.39
o 32860 2.39
o 32750 2.39
o 32570 3.14
o 32495 4.6
o 31795 11.25
o 31785 11.25
o 31775 11.25
o 31710 11.25
o 31675 233.37
MinWidthCB_mitdbsample_300_26_1k_6s_1t_8
o 39920 0.02
o 37095 0.27
o 36875 0.27
o 36765 0.27
o 36440 0.27
o 36275 0.27
o 35625 0.28
o 35610 0.28
o 35520 0.28
o 35185 0.28
o 35040 0.28
o 34815 0.28
o 34795 0.31
o 34760 0.31
o 34745 0.31
o 34710 0.31
o 34695 0.32
o 34675 0.33
o 34655 0.33
o 34520 0.33
o 34505 0.33
o 34000 0.33
o 33730 0.34
o 33635 0.45
o 33585 0.46
o 33390 0.46
o 33355 0.46
o 33320 0.46
o 33275 0.92
o 33270 0.92
o 33235 0.94
o 33115 0.94
o 33075 1.02
o 33050 1.02
o 33015 1.02
o 32980 1.03
o 32950 1.42
o 32820 1.42
o 32795 2.88
o 32720 2.88
o 32705 2.88
o 32570 2.88
o 32535 2.88
o 32530 2.88
o 32380 2.89
o 32320 2.89
o 32245 2.89
o 32170 2.89
o 32030 4.39
o 32025 4.39
o 32020 4.39
o 31955 4.39
o 31900 4.4
o 31865 4.4
o 31830 4.4
o 31680 4.41
o 31625 4.41
o 31540 13.25
o 31430 35.88
MinWidthCB_mitdbsample_300_26_1k_6s_1t_8
o 38235 0.03
o 37115 0.35
o 37030 0.35
o 36070 0.36
o 35835 0.36
o 35665 0.36
o 35595 0.36
o 35455 0.36
o 35290 0.36
o 35035 0.36
o 34905 0.39
o 34695 0.39
o 34690 0.42
o 34625 0.42
o 34605 0.42
o 34590 0.42
o 34340 0.42
o 34330 0.42
o 34290 0.42
o 34245 0.42
o 34230 0.42
o 34160 0.42
o 34100 0.42
o 33810 0.44
o 33535 0.44
o 33435 0.44
o 33330 0.44
o 33215 0.44
o 33205 0.45
o 33175 0.45
o 33100 0.46
o 33070 0.46
o 32985 0.46
o 32980 0.84
o 32965 0.84
o 32945 0.84
o 32885 0.84
o 32880 0.84
o 32835 0.84
o 32820 0.84
o 32810 0.84
o 32780 0.84
o 32745 0.86
o 32620 0.9
o 32600 0.9
o 32590 0.91
o 32575 0.91
o 32515 2.59
o 32480 4.25
o 32440 4.25
o 32390 4.26
o 32370 4.26
o 32365 4.26
o 32220 4.26
o 32130 10.72
o 32110 10.72
o 31990 10.72
o 31850 10.72
o 31845 41.31
o 31830 41.31
o 31820 41.31
o 31585 41.31
o 31550 41.31
o 31535 41.31
o 31505 96.81
o 31360 96.81
o 31265 96.81
o 31120 96.81
MinWidthCB_mitdbsample_300_26_1k_6s_1t_8
o 38900 0.01
o 33760 0.21
o 33720 0.37
o 33580 0.37
o 33530 0.37
o 33475 0.37
o 33415 0.37
o 33395 0.37
o 33255 0.38
o 33240 0.38
o 33220 0.38
o 33215 0.39
o 33205 0.39
o 32855 0.39
o 32825 0.42
o 32645 0.42
o 32610 0.45
o 32545 0.45
o 32535 0.45
o 32455 0.46
o 32375 0.46
o 32250 0.46
o 32175 0.46
o 32140 0.46
o 32120 0.46
o 31970 0.47
o 31785 8.3
o 31780 8.3
o 31685 8.31
o 31540 8.31
o 31485 8.31
o 31475 8.31
o 31385 24.71
o 31370 24.71
o 31290 24.71
o 31225 24.72
o 31175 24.72
MinWidthCB_mitdbsample_300_26_1k_6s_1t_8
o 38840 0.01
o 36635 0.24
o 35110 0.24
o 34870 0.26
o 34735 0.27
o 34610 0.27
o 34605 0.28
o 34570 0.28
o 34530 0.28
o 34385 0.28
o 34345 0.28
o 34300 0.28
o 34250 0.29
o 34135 0.34
o 34080 0.34
o 33955 0.34
o 33620 0.34
o 33275 0.35
o 33090 0.35
o 33055 0.35
o 33040 0.35
o 32955 0.35
o 32870 0.42
o 32840 0.42
o 32755 0.42
o 32695 0.42
o 32675 0.42
o 32615 1.89
o 32540 1.89
o 32520 1.89
o 32460 1.89
o 32415 2.32
o 32400 2.32
o 32320 2.32
o 32200 3.77
o 32165 3.77
o 32040 3.78
o 31995 3.78
o 31980 3.79
o 31910 3.81
o 31820 46.47
o 31715 46.47
o 31540 77.16
o 31410 80.94
o 31270 80.94
o 31075 80.94
o 31065 80.94
o 30915 80.94
o 30910 80.94
MinWidthCB_mitdbsample_300_26_1k_6s_1t_8
o 40165 0.02
o 35540 0.18
o 34935 0.19
o 34800 0.19
o 34630 0.19
o 34405 0.2
o 34335 0.2
o 34260 0.2
o 34075 0.2
o 33990 0.2
o 33835 0.2
o 33705 0.39
o 33655 0.39
o 33515 0.39
o 33465 0.39
o 33445 0.39
o 33440 0.4
o 33385 0.4
o 33330 0.4
o 33290 0.4
o 33200 0.4
o 33160 0.4
o 33105 0.45
o 32990 0.46
o 32930 0.46
o 32910 0.46
o 32860 0.46
o 32410 0.96
o 32385 0.96
o 32325 1.06
o 32210 1.06
o 32165 11.67
o 32150 11.69
o 32080 11.69
o 32060 11.69
o 31935 11.69
o 31930 11.69
o 31925 56.23
o 31775 56.23
o 31645 56.23
o 31570 189.18
o 31560 189.18
o 31415 200.99
MinWidthCB_mitdbsample_300_26_1k_6s_1t_8
o 39895 0.02
o 35735 0.24
o 35720 0.24
o 35605 0.24
o 35435 0.24
o 35265 0.24
o 34915 0.24
o 34855 0.26
o 34840 0.26
o 34670 0.26
o 34520 0.26
o 34270 0.27
o 34220 0.27
o 34010 0.27
o 33995 0.27
o 33180 0.27
o 33170 0.27
o 33165 0.27
o 33145 0.27
o 33085 0.27
o 33035 1.21
o 32940 1.21
o 32935 1.21
o 32820 1.21
o 32795 1.23
o 32760 1.23
o 32710 1.23
o 32675 1.23
o 32640 1.23
o 32635 5.44
o 32575 5.44
o 32345 5.47
o 32245 5.49
o 32225 5.49
o 32220 5.5
o 32215 5.5
o 32105 5.5
o 32005 14.12
o 31990 29.4
o 31945 29.4
o 31910 29.4
o 31760 29.42
o 31750 52.83
o 31735 52.83
o 31705 52.83
o 31635 52.83
o 31630 52.83
o 31615 52.83
o 31585 52.87
o 31515 52.87
o 31500 52.87
o 31465 245.75
MinWidthCB_mitdbsample_300_26_1k_6s_1t_8
o 40145 0.01
o 35010 0.21
o 34675 0.31
o 34655 0.31
o 34515 0.35
o 34510 0.35
o 34200 0.35
o 34045 0.36
o 33930 0.36
o 33785 0.36
o 33760 0.36
o 33435 0.37
o 33410 0.38
o 33315 0.39
o 33265 0.39
o 33185 0.39
o 33150 0.39
o 33095 0.39
o 32690 0.39
o 32670 0.41
o 32610 0.42
o 32225 0.43
o 32205 0.43
o 32120 0.43
o 32090 6.02
o 31950 6.02
o 31945 6.02
o 31915 12.01
o 31845 12.01
o 31705 12.01
o 31655 12.01
o 31590 12.01
o 31560 12.01
o 31515 12.01
o 31480 97.21
o 31465 97.21
o 31460 132.33
o 31390 132.33
MinWidthCB_mitdbsample_300_26_1k_6s_1t_8
o 39665 0.01
o 38685 0.22
o 38440 0.22
o 38435 0.22
o 38290 0.22
o 36515 0.22
o 36445 0.23
o 36430 0.23
o 36370 0.23
o 36080 0.23
o 35650 0.23
o 35625 0.3
o 35185 0.33
o 35160 0.33
o 35140 0.33
o 35135 0.33
o 35005 0.33
o 34900 0.33
o 34840 0.33
o 34735 0.33
o 34680 0.35
o 34625 0.35
o 34565 0.35
o 34540 0.35
o 34525 0.35
o 34510 0.35
o 34475 0.35
o 34395 0.35
o 34360 0.36
o 34275 0.36
o 34265 0.36
o 34195 0.36
o 34185 0.36
o 34135 0.36
o 34025 0.37
o 33910 0.37
o 33905 0.37
o 33790 0.37
o 33735 0.37
o 33715 0.37
o 33640 0.37
o 33635 0.37
o 33600 0.38
o 33580 0.38
o 33550 0.41
o 33390 0.42
o 33380 0.42
o 33355 0.43
o 33285 0.43
o 33085 0.43
o 32945 0.44
o 32770 0.44
o 32730 0.44
o 32690 0.44
o 32635 0.44
o 32625 0.44
o 32610 0.44
o 32570 0.45
o 32480 0.45
o 32355 0.45
o 32300 2.01
o 32225 2.01
o 32180 2.61
o 32160 2.67
o 32135 2.67
o 32080 2.67
o 31990 2.67
o 31965 2.68
o 31960 6.02
o 31925 6.02
o 31780 6.02
o 31645 6.02
o 31640 6.04
o 31560 21.83
o 31550 21.83
o 31525 21.85
o 31520 65.99
o 31410 91.8
o 31075 108.8
o 30975 108.8
o 30930 108.8
