mul.role_domino_multiple_0.8_5
o 416586 1.49
o 416547 1.54
o 416508 1.54
o 187134 30.84
o 186978 31.22
o 180363 153.62
o 180279 209.58
mul.role_domino_multiple_0.8_5
o 515835 1.36
o 515796 1.4
o 515757 1.4
o 187068 27.18
o 187023 29.05
o 180399 89.3
o 180333 89.32
o 180312 146.49
o 180219 146.84
mul.role_domino_multiple_0.8_5
o 458055 1.55
o 458016 1.59
o 457977 1.59
o 187428 30.83
o 187245 32.16
o 187026 34.96
o 184173 111.54
mul.role_domino_multiple_0.8_5
o 497841 1.63
o 497802 1.7
o 497763 1.7
o 497724 1.7
o 187572 25.85
o 187419 26.57
o 186873 136.17
o 186855 139.06
o 186810 139.13
o 186711 143.58
o 186705 143.58
o 186441 189.93
o 180180 234.36
mul.role_domino_multiple_0.8_5
o 473589 1.19
o 473550 1.22
o 473511 1.22
o 473472 1.22
o 473433 1.22
o 473394 1.22
o 187224 23.71
o 187092 24.94
o 187011 34.44
o 186708 95.21
o 186492 199.88
mul.role_domino_multiple_0.8_5
o 506463 1.4
o 195390 24.94
o 186519 25.64
o 183534 29.51
o 180639 29.7
o 180417 159.6
mul.role_domino_multiple_0.8_5
o 482424 1.91
o 187263 33.94
o 186738 35.04
o 186642 38.2
o 184419 130.51
o 180648 246.72
mul.role_domino_multiple_0.8_5
o 465582 1.19
o 183150 21.95
o 180126 23.17
mul.role_domino_multiple_0.8_5
o 472368 1.26
o 472329 1.3
o 187095 22.44
o 186903 25.26
o 186843 25.6
o 186705 27
o 186579 285.35
mul.role_domino_multiple_0.8_5
o 448740 1.62
o 186915 30.34
o 186789 30.35
o 186765 33.92
o 186609 82.93
o 186570 82.93
o 180132 84.51
