rail4872
o 2144 425.53
o 2092 425.6
o 2091 425.6
o 2090 425.6
o 2089 425.6
o 2088 425.6
o 2082 425.6
o 2081 425.6
o 2080 425.6
o 2079 425.6
o 2078 425.6
o 2077 425.6
o 2076 425.61
o 2075 425.61
o 2074 425.61
o 2073 425.61
o 2072 425.61
o 2071 425.61
o 2070 425.61
o 2069 425.61
o 2068 425.61
o 2067 425.61
rail4872
o 2173 426.25
o 2106 426.33
o 2105 426.33
o 2104 426.33
o 2103 426.33
o 2102 426.33
o 2101 426.33
o 2099 426.34
o 2098 426.34
o 2097 426.34
o 2096 426.34
o 2095 426.34
o 2094 426.34
o 2093 426.34
o 2092 426.34
o 2091 426.34
o 2090 426.35
o 2089 426.35
o 2088 426.35
o 2087 426.35
o 2086 426.35
o 2085 426.35
o 2084 426.35
o 2083 426.35
o 2082 426.36
o 2081 426.36
o 2080 426.36
o 2079 426.36
o 2078 426.37
o 2077 426.37
o 2076 426.37
o 2075 426.38
o 2074 426.38
o 2072 426.38
o 2071 426.38
o 2070 426.38
o 2068 426.38
rail4872
o 2151 404.47
o 2111 404.54
o 2110 404.54
o 2109 404.54
o 2105 404.54
o 2104 404.54
o 2103 404.55
o 2102 404.55
o 2101 404.55
o 2100 404.55
o 2099 404.55
o 2098 404.55
o 2097 404.55
o 2096 404.56
o 2095 404.56
o 2094 404.57
o 2093 404.58
o 2092 404.58
o 2091 404.59
o 2090 404.6
o 2089 404.6
o 2088 404.6
o 2087 404.6
o 2086 404.6
o 2085 404.6
o 2084 404.6
o 2083 404.61
o 2082 404.61
o 2081 404.61
o 2080 404.61
o 2079 404.62
o 2078 404.62
rail4872
o 2171 392.27
o 2116 392.36
o 2115 392.36
o 2109 392.36
o 2107 392.36
o 2106 392.36
o 2105 392.36
o 2104 392.36
o 2103 392.36
o 2102 392.36
o 2101 392.36
o 2100 392.36
o 2099 392.36
o 2098 392.36
o 2097 392.36
o 2096 392.36
o 2095 392.38
o 2094 392.38
o 2093 392.38
o 2092 392.38
o 2091 392.38
o 2090 392.38
o 2089 392.38
o 2088 392.39
o 2087 392.4
rail4872
o 2178 415.19
o 2128 415.27
o 2120 415.27
o 2119 415.28
o 2118 415.28
o 2117 415.28
o 2116 415.28
o 2115 415.28
o 2114 415.28
o 2113 415.29
o 2112 415.29
o 2111 415.3
o 2110 415.3
o 2109 415.3
o 2108 415.3
o 2107 415.3
o 2106 415.31
o 2105 415.31
o 2104 415.31
rail4872
o 2171 412.55
o 2161 412.62
o 2160 412.63
o 2159 412.63
o 2158 412.63
o 2156 412.63
o 2155 412.63
o 2154 412.63
o 2153 412.63
o 2152 412.63
o 2118 412.63
o 2117 412.63
o 2116 412.63
o 2115 412.63
o 2114 412.63
o 2110 412.64
o 2109 412.64
o 2108 412.65
o 2107 412.65
o 2106 412.65
o 2105 412.65
o 2104 412.65
o 2103 412.65
o 2102 412.65
o 2101 412.65
o 2100 412.65
o 2099 412.66
o 2098 412.66
o 2097 412.66
o 2096 412.66
o 2095 412.66
o 2094 412.68
o 2093 412.68
o 2092 412.7
o 2091 412.7
o 2090 412.7
rail4872
o 2150 402.58
o 2106 402.68
o 2105 402.68
o 2104 402.69
o 2103 402.69
o 2102 402.69
o 2099 402.69
o 2098 402.69
o 2097 402.69
o 2096 402.69
o 2095 402.69
o 2094 402.69
o 2093 402.7
o 2092 402.7
o 2091 402.71
o 2090 402.71
o 2089 402.71
o 2088 402.71
o 2087 402.71
o 2086 402.71
o 2085 402.72
o 2084 402.72
o 2083 402.72
o 2082 402.72
o 2081 402.72
o 2080 402.73
o 2079 402.73
