ram_k3_n17.ra1
o 48501 0
o 44118 0
o 40731 0
o 38582 0
o 37263 0
o 36422 0
o 35354 0
o 34443 0
o 33518 0
o 32321 0
o 31669 0
o 30934 0
o 30025 0
o 28886 0
o 28151 0
o 27502 0
o 26722 0
o 25834 0
o 25301 0
o 24602 0
o 24243 0
o 23994 0
o 23306 0
o 23026 0
o 22938 0
o 22307 0
o 21133 0
o 20817 0
o 20049 0
o 19519 0
o 19427 0
o 19150 0
o 19133 0
o 18874 0
o 18828 0
o 18437 0
o 18035 0
o 17857 0
o 17506 0
o 17498 0
o 17229 0
o 16860 0
o 16801 0
o 16726 0
o 16600 0
o 16576 0
o 16109 0
o 15964 0
o 15774 0
o 15634 0
o 14870 0
o 14862 0
o 14821 0
o 14765 0
o 14632 0
o 14575 0
o 14378 0
o 14242 0
o 14239 0
o 14223 0
o 13988 0
o 13884 0
o 13798 0
o 13519 0
o 13357 0
o 13210 0
o 13176 0
o 13078 0
o 12724 0
o 12625 0
o 12555 0
o 12527 0.01
o 12451 0.01
o 12430 0.01
o 12426 0.01
o 12255 0.01
o 12208 0.01
o 12077 0.01
o 12065 0.01
o 11978 0.01
o 11887 0.02
o 11833 0.02
o 11817 0.02
o 11696 0.02
o 11546 0.02
o 11381 0.02
o 11218 0.02
o 11213 0.02
o 11023 0.02
o 10679 0.02
o 10589 0.14
o 10573 0.14
o 10558 0.14
o 10554 0.14
o 10372 0.42
ram_k3_n17.ra1
o 48848 0
o 45797 0
o 43421 0
o 41350 0
o 39384 0
o 37208 0
o 35901 0
o 34005 0
o 32715 0
o 31899 0
o 30799 0
o 29842 0
o 28576 0
o 27692 0
o 26861 0
o 26344 0
o 25926 0
o 25447 0
o 24552 0
o 23691 0
o 23462 0
o 22786 0
o 22009 0
o 21542 0
o 21368 0
o 20631 0
o 20053 0
o 20040 0
o 19749 0
o 19734 0
o 19727 0
o 19693 0
o 19314 0
o 18811 0
o 18640 0
o 17862 0
o 17850 0
o 17767 0
o 17137 0
o 16646 0
o 16637 0
o 16529 0
o 16387 0
o 16356 0
o 16266 0
o 16191 0
o 16129 0
o 15830 0
o 15547 0
o 15481 0
o 15166 0
o 14995 0
o 14893 0
o 14822 0
o 14651 0
o 14642 0
o 14464 0
o 14022 0
o 13924 0
o 13826 0
o 13785 0
o 13585 0
o 13518 0
o 13496 0
o 13377 0
o 13220 0
o 13155 0
o 12872 0
o 12742 0
o 12722 0
o 12643 0
o 12389 0
o 12356 0
o 12267 0.01
o 12226 0.01
o 11940 0.01
o 11853 0.01
o 11819 0.02
o 11424 0.02
o 11289 0.04
o 11199 0.04
o 11006 0.04
o 10646 0.04
o 10611 0.11
o 10605 0.11
o 10554 0.12
o 10379 0.12
o 10372 0.58
ram_k3_n17.ra1
o 46005 0
o 41444 0
o 37341 0
o 35487 0
o 32491 0
o 31318 0
o 30348 0
o 28831 0
o 28074 0
o 27393 0
o 26899 0
o 26412 0
o 25981 0
o 25066 0
o 24368 0
o 23975 0
o 23589 0
o 23097 0
o 22627 0
o 22326 0
o 22216 0
o 22130 0
o 21702 0
o 21693 0
o 21585 0
o 21558 0
o 21399 0
o 21000 0
o 20844 0
o 20828 0
o 20767 0
o 20547 0
o 20067 0
o 19359 0
o 18874 0
o 18508 0
o 18427 0
o 18369 0
o 18090 0
o 18008 0
o 17739 0
o 17635 0
o 17600 0
o 17593 0
o 17388 0
o 17275 0
o 16678 0
o 16492 0
o 16362 0
o 16358 0
o 16334 0
o 16084 0
o 15914 0
o 15558 0
o 15469 0
o 15300 0
o 15277 0
o 15106 0
o 14994 0
o 14925 0
o 14919 0
o 14903 0
o 14640 0
o 14466 0
o 14441 0
o 14166 0
o 13926 0
o 13919 0
o 13883 0
o 13867 0
o 13863 0
o 13636 0
o 12866 0
o 12731 0
o 12649 0
o 12548 0
o 12043 0
o 12011 0
o 11605 0
o 11396 0
o 11012 0
o 11006 0.01
o 10646 0.01
o 10558 0.09
o 10554 0.09
o 10545 0.09
o 10401 0.09
o 10379 0.09
o 10372 0.09
ram_k3_n17.ra1
o 43233 0
o 40465 0
o 38298 0
o 37050 0
o 36179 0
o 35339 0
o 33627 0
o 32915 0
o 31619 0
o 31388 0
o 30390 0
o 29623 0
o 28866 0
o 28276 0
o 27986 0
o 27343 0
o 25525 0
o 25057 0
o 24854 0
o 24687 0
o 24554 0
o 24147 0
o 23892 0
o 23531 0
o 23236 0
o 23065 0
o 22987 0
o 22712 0
o 22478 0
o 21643 0
o 21565 0
o 20836 0
o 20464 0
o 20402 0
o 20385 0
o 19964 0
o 19950 0
o 19663 0
o 19591 0
o 18844 0
o 18658 0
o 18570 0
o 18501 0
o 18495 0
o 18102 0
o 18030 0
o 17960 0
o 17828 0
o 17794 0
o 17536 0
o 17490 0
o 17382 0
o 17166 0
o 16627 0
o 16511 0
o 15920 0
o 15435 0
o 15181 0
o 14965 0
o 14964 0
o 14768 0
o 14161 0
o 14138 0
o 13894 0
o 13808 0
o 13610 0
o 13355 0
o 13311 0
o 13187 0
o 13124 0
o 12679 0
o 12255 0
o 12186 0
o 11848 0
o 11689 0
o 11684 0
o 11680 0
o 11657 0.01
o 11445 0.02
o 11410 0.02
o 11366 0.02
o 11193 0.02
o 11188 0.02
o 11085 0.02
o 10944 0.02
o 10815 0.04
o 10646 0.04
o 10372 0.04
ram_k3_n17.ra1
o 67478 0
o 60921 0
o 58263 0
o 53093 0
o 50549 0
o 47544 0
o 44854 0
o 42725 0
o 40819 0
o 39011 0
o 37458 0
o 34990 0
o 33070 0
o 32204 0
o 30379 0
o 29784 0
o 28700 0
o 28146 0
o 26990 0
o 26240 0
o 25557 0
o 24565 0
o 24026 0
o 23580 0
o 23148 0
o 22787 0
o 22535 0
o 22409 0
o 22327 0
o 22090 0
o 21918 0
o 21247 0
o 20521 0
o 19842 0
o 19513 0
o 19452 0
o 19363 0
o 18889 0
o 18201 0
o 18018 0
o 17433 0
o 17156 0
o 17011 0
o 16904 0
o 16806 0
o 16778 0
o 16735 0
o 16203 0
o 15880 0
o 15856 0
o 15418 0
o 15025 0
o 14935 0
o 14839 0
o 14731 0
o 14507 0
o 14337 0
o 14176 0
o 13987 0
o 13924 0
o 13779 0
o 13744 0
o 13662 0
o 13396 0
o 13268 0
o 13267 0
o 13164 0
o 13082 0
o 13065 0
o 12643 0
o 12568 0
o 12387 0
o 12317 0
o 12238 0
o 12030 0
o 11963 0
o 11956 0
o 11951 0
o 11894 0
o 11695 0.01
o 11654 0.01
o 11583 0.01
o 11509 0.01
o 11423 0.01
o 11246 0.01
o 11240 0.01
o 11193 0.01
o 10967 0.01
o 10490 0.06
o 10372 0.38
ram_k3_n17.ra1
o 40955 0
o 38975 0
o 37334 0
o 35551 0
o 33441 0
o 32068 0
o 31294 0
o 29909 0
o 28861 0
o 27960 0
o 27477 0
o 27001 0
o 26572 0
o 26166 0
o 25958 0
o 25378 0
o 24715 0
o 24038 0
o 23835 0
o 23788 0
o 23290 0
o 23008 0
o 22597 0
o 22113 0
o 21943 0
o 20954 0
o 19936 0
o 19744 0
o 19365 0
o 19080 0
o 18977 0
o 18647 0
o 18564 0
o 17964 0
o 17702 0
o 17430 0
o 17347 0
o 17015 0
o 16981 0
o 16976 0
o 16687 0
o 16268 0
o 15978 0
o 15930 0
o 15338 0
o 15288 0
o 15099 0
o 14988 0
o 14971 0
o 14808 0
o 14733 0
o 14563 0
o 14484 0
o 14260 0
o 14049 0
o 14022 0
o 13926 0
o 13614 0
o 13381 0
o 13062 0
o 12829 0
o 12560 0
o 12422 0
o 12182 0
o 11902 0
o 11856 0
o 11790 0
o 11607 0
o 11559 0
o 11493 0.01
o 11435 0.01
o 11410 0.01
o 11195 0.01
o 11153 0.01
o 11088 0.05
o 10989 0.06
o 10808 0.06
o 10554 0.09
o 10523 0.09
o 10379 0.09
o 10372 0.42
ram_k3_n17.ra1
o 47226 0
o 44607 0
o 42101 0
o 40528 0
o 38424 0
o 37461 0
o 36439 0
o 35064 0
o 34131 0
o 33495 0
o 32054 0
o 31247 0
o 30440 0
o 29338 0
o 28591 0
o 27871 0
o 27092 0
o 26550 0
o 25884 0
o 25375 0
o 24496 0
o 23628 0
o 22922 0
o 22454 0
o 22261 0
o 22088 0
o 21889 0
o 21527 0
o 20717 0
o 20424 0
o 20082 0
o 19690 0
o 19528 0
o 19503 0
o 19479 0
o 18598 0
o 18561 0
o 17379 0
o 17234 0
o 16961 0
o 16800 0
o 16498 0
o 16374 0
o 16340 0
o 16307 0
o 16249 0
o 16200 0
o 16199 0
o 16050 0
o 15325 0
o 15314 0
o 15273 0
o 15243 0
o 15034 0
o 14867 0
o 14444 0
o 14350 0
o 14340 0
o 14321 0
o 14243 0
o 14233 0
o 14080 0
o 13964 0
o 13895 0
o 13534 0
o 13355 0
o 13289 0
o 13161 0
o 12904 0
o 12894 0
o 12465 0
o 12308 0
o 12177 0
o 12156 0
o 11903 0
o 11879 0.01
o 11848 0.01
o 11580 0.01
o 11415 0.01
o 11326 0.03
o 11265 0.03
o 10973 0.03
o 10855 0.04
o 10646 0.11
o 10554 0.12
o 10372 0.39
ram_k3_n17.ra1
o 55306 0
o 52363 0
o 45226 0
o 39164 0
o 37332 0
o 35812 0
o 33745 0
o 31754 0
o 30145 0
o 29388 0
o 28615 0
o 27702 0
o 27037 0
o 26535 0
o 26151 0
o 25760 0
o 25378 0
o 25031 0
o 24733 0
o 24510 0
o 24306 0
o 24194 0
o 23489 0
o 23197 0
o 22609 0
o 22449 0
o 22116 0
o 21941 0
o 21841 0
o 21687 0
o 21120 0
o 20403 0
o 20189 0
o 20046 0
o 20023 0
o 19564 0
o 19456 0
o 19302 0
o 18979 0
o 18791 0
o 18442 0
o 17955 0
o 17712 0
o 17524 0
o 17454 0
o 17107 0
o 16732 0
o 16724 0
o 16596 0
o 16577 0
o 16557 0
o 16330 0
o 16276 0
o 16213 0
o 15969 0
o 15878 0
o 15264 0
o 14773 0
o 14641 0
o 14608 0
o 14144 0
o 14125 0
o 13619 0
o 13388 0
o 13382 0
o 13377 0
o 13350 0
o 13205 0
o 12911 0
o 12860 0
o 12830 0
o 12634 0
o 12619 0
o 12581 0
o 12542 0
o 12532 0
o 12530 0.01
o 12056 0.01
o 11770 0.02
o 11420 0.02
o 11411 0.02
o 11398 0.02
o 11387 0.02
o 11298 0.02
o 11222 0.02
o 11025 0.04
o 10808 0.04
o 10552 0.09
o 10490 0.09
o 10379 0.2
o 10372 0.87
ram_k3_n17.ra1
o 49164 0
o 46017 0
o 43231 0
o 39080 0
o 37363 0
o 36574 0
o 35224 0
o 34392 0
o 33495 0
o 32605 0
o 31904 0
o 31320 0
o 30794 0
o 30307 0
o 29833 0
o 29382 0
o 28403 0
o 27546 0
o 27082 0
o 26776 0
o 26660 0
o 25797 0
o 25364 0
o 24984 0
o 24761 0
o 24594 0
o 24445 0
o 24275 0
o 24080 0
o 23670 0
o 23470 0
o 22594 0
o 22235 0
o 21598 0
o 21536 0
o 21074 0
o 20972 0
o 19832 0
o 19519 0
o 19459 0
o 19452 0
o 19097 0
o 18884 0
o 18868 0
o 18600 0
o 18001 0
o 17663 0
o 17105 0
o 16996 0
o 16730 0
o 16297 0
o 16187 0
o 15921 0
o 15817 0
o 14992 0
o 14372 0
o 14338 0
o 14131 0
o 13875 0
o 13548 0
o 13367 0
o 13244 0
o 13091 0
o 12887 0
o 12642 0
o 12536 0
o 12294 0
o 12203 0
o 12029 0
o 11792 0
o 11731 0
o 11656 0
o 11291 0
o 11232 0.01
o 11033 0.01
o 11012 0.01
o 10909 0.03
o 10732 0.07
o 10554 0.07
o 10490 0.11
o 10372 0.89
ram_k3_n17.ra1
o 48626 0
o 45019 0
o 41714 0
o 38004 0
o 33583 0
o 32975 0
o 32207 0
o 31552 0
o 30581 0
o 30015 0
o 29519 0
o 28244 0
o 28067 0
o 27812 0
o 27602 0
o 27399 0
o 26923 0
o 26783 0
o 26160 0
o 25552 0
o 24299 0
o 24012 0
o 23845 0
o 23102 0
o 22827 0
o 22637 0
o 22006 0
o 21933 0
o 21910 0
o 21720 0
o 21356 0
o 21125 0
o 20723 0
o 20172 0
o 20025 0
o 19948 0
o 19280 0
o 19209 0
o 19175 0
o 19156 0
o 19083 0
o 18983 0
o 18515 0
o 18497 0
o 17238 0
o 16784 0
o 16418 0
o 16240 0
o 15853 0
o 15603 0
o 15420 0
o 14915 0
o 14829 0
o 14646 0
o 14387 0
o 14149 0
o 13264 0
o 13247 0
o 13160 0
o 13108 0
o 13076 0
o 13049 0
o 12803 0
o 12765 0
o 12633 0
o 12594 0
o 12535 0
o 12394 0
o 12326 0
o 12089 0
o 12073 0
o 12048 0
o 12004 0
o 11999 0
o 11985 0
o 11779 0
o 11660 0
o 11573 0
o 11362 0
o 11259 0
o 11254 0
o 10961 0
o 10808 0
o 10733 0.01
o 10558 0.01
o 10554 0.01
o 10372 0.1
