role_domino_0.9_0
o 537865 0.9
o 537820 0.92
o 537775 0.92
o 207401 13.6
o 207186 16.18
o 206876 62.03
o 204113 109.22
o 201123 160.73
o 200968 161.11
o 200743 161.11
role_domino_0.9_0
o 575387 1.03
o 575342 1.06
o 575297 1.06
o 575252 1.06
o 208136 14.37
o 207801 14.59
o 207786 17.4
o 207326 17.5
o 206178 19.47
o 204568 103.99
o 202158 287.55
o 201683 288.87
o 201163 288.91
role_domino_0.9_0
o 546883 1.17
o 207581 12.64
o 207431 14.73
o 200538 109.11
o 200143 204.99
o 200098 204.99
o 199773 205.74
o 199738 205.84
o 199723 207.86
role_domino_0.9_0
o 548238 0.95
o 216234 12.97
o 214841 15.11
o 214796 15.11
o 214751 15.11
o 214706 15.11
o 214661 15.11
o 214616 15.11
o 214571 15.11
o 214526 15.11
o 214481 15.11
o 214436 15.11
o 214391 15.11
o 214346 15.11
o 214301 15.11
o 214256 15.11
o 214211 15.11
o 214166 15.11
o 214121 15.11
o 214076 15.11
o 214031 15.11
o 213986 15.11
o 213941 15.11
o 213896 15.11
o 213851 15.11
o 213806 15.11
o 213761 15.11
o 213716 15.11
o 213671 15.11
o 213626 15.11
o 213581 15.11
o 213536 15.11
o 213446 15.12
o 213401 15.12
o 211781 15.16
o 211771 15.27
o 211726 15.27
o 211681 15.27
o 211636 15.27
o 211576 15.27
o 211531 15.31
o 211486 15.31
o 211241 15.62
o 210446 16.41
o 210441 16.72
o 210121 16.79
o 209096 17.3
o 207836 19.48
o 207521 21.92
o 200223 62.46
o 199968 63.49
o 199738 257.88
role_domino_0.9_0
o 556131 1.32
o 207466 11.82
o 207396 12.43
o 207156 12.82
o 204668 19.43
o 201073 157.76
o 200058 160.87
o 199988 161.63
o 199943 292.76
o 199693 292.93
o 199653 292.93
role_domino_0.9_0
o 484247 1.15
o 484202 1.18
o 484157 1.18
o 484112 1.18
o 216099 17.56
o 207861 19.55
o 207641 19.68
o 207076 19.99
o 200963 20.13
o 200658 20.19
o 199818 21.23
role_domino_0.9_0
o 511571 1.17
o 511526 1.2
o 511481 1.2
o 207901 14.64
o 207671 15.58
o 207276 19.64
o 207251 20.53
o 207206 20.53
o 207161 20.53
o 207116 20.53
o 207071 20.53
o 207026 20.53
o 204158 25.28
o 200238 25.55
o 200103 158.33
o 199998 258.4
role_domino_0.9_0
o 457068 1.26
o 216459 26.84
o 207526 27.45
o 207451 33.86
o 204623 79.32
o 200988 124.38
o 200493 124.43
o 199698 124.81
role_domino_0.9_0
o 494335 1.32
o 494290 1.37
o 494245 1.37
o 207686 18.48
o 207521 18.97
o 207176 19.49
o 207026 19.87
o 206986 25.91
o 200058 148.34
o 199778 149.53
role_domino_0.9_0
o 556636 0.94
o 207951 13.13
o 207751 13.72
o 207746 17.82
o 207706 58.26
o 206876 60.33
o 200018 268.28
