Rounded_BTWBNSL_Voting_TWBound_4
o 539971633 0.01
o 469173225 9.39
Rounded_BTWBNSL_Voting_TWBound_4
o 550009239 0.01
o 476870765 16.96
o 476287184 22.78
o 471204642 78.76
Rounded_BTWBNSL_Voting_TWBound_4
o 566364105 0.02
o 469339664 14.3
Rounded_BTWBNSL_Voting_TWBound_4
o 567760865 0.04
o 476537161 55.44
o 474466101 56.04
o 471379174 125.82
Rounded_BTWBNSL_Voting_TWBound_4
o 559157961 0.01
o 474306470 7.24
o 470356217 149.3
Rounded_BTWBNSL_Voting_TWBound_4
o 575370626 0.02
o 470622362 55.91
o 469732765 56.46
Rounded_BTWBNSL_Voting_TWBound_4
o 544917442 0.01
o 479171733 26.31
o 474973783 27.23
o 474045651 116.24
o 472818136 116.24
o 472701461 116.24
o 469181599 130.06
Rounded_BTWBNSL_Voting_TWBound_4
o 573353001 0.01
o 475088316 18.52
o 474528706 18.74
o 472336224 37.23
o 470643701 89.45
o 469429749 164.95
Rounded_BTWBNSL_Voting_TWBound_4
o 568869151 0.02
o 473889009 6.92
o 469700058 16.5
o 469258489 94.99
o 468254748 94.99
Rounded_BTWBNSL_Voting_TWBound_4
o 553105678 0.01
o 479819358 23.35
o 473095185 24.47
o 473018423 28.97
o 472417738 215.97
