tic.formula_0.8_2021_atleast_15_max-3_reduced_incomplete_adaboost_6
o 837 0.18
o 812 0.37
o 811 0.38
o 793 0.45
o 769 0.8
o 765 6.23
o 712 6.28
o 706 73.24
tic.formula_0.8_2021_atleast_15_max-3_reduced_incomplete_adaboost_6
o 811 0.2
o 793 0.7
o 759 4.19
o 752 8.72
o 716 38.12
o 703 59.42
o 691 276.54
tic.formula_0.8_2021_atleast_15_max-3_reduced_incomplete_adaboost_6
o 837 0.22
o 811 0.56
o 793 0.71
o 790 0.88
o 787 0.89
o 736 1.61
o 728 8.46
o 721 34.9
o 707 34.92
o 689 140.06
o 683 200.75
tic.formula_0.8_2021_atleast_15_max-3_reduced_incomplete_adaboost_6
o 837 0.2
o 811 0.32
o 807 1.41
o 790 1.58
o 781 2.76
o 754 4.52
o 721 9.88
o 714 43.54
o 712 43.54
o 672 97.65
tic.formula_0.8_2021_atleast_15_max-3_reduced_incomplete_adaboost_6
o 793 0.15
o 749 0.49
o 729 1.87
o 723 55.72
o 721 57.72
o 668 91.01
o 665 207.02
tic.formula_0.8_2021_atleast_15_max-3_reduced_incomplete_adaboost_6
o 917 0.21
o 872 0.31
o 837 0.37
o 793 0.47
o 781 4.15
o 780 4.74
o 767 5.15
o 757 7.91
o 736 8.66
o 726 8.81
o 712 40.92
o 678 40.92
tic.formula_0.8_2021_atleast_15_max-3_reduced_incomplete_adaboost_6
o 928 0.17
o 822 0.37
o 798 0.85
o 781 0.91
o 776 1.42
o 765 2.02
o 748 3.73
o 716 14.15
o 715 25.67
o 698 33.09
tic.formula_0.8_2021_atleast_15_max-3_reduced_incomplete_adaboost_6
o 837 0.21
o 811 0.74
o 793 0.9
o 781 1.88
o 764 7.55
o 759 19.2
o 732 52.41
o 715 90.75
o 693 92.54
tic.formula_0.8_2021_atleast_15_max-3_reduced_incomplete_adaboost_6
o 837 0.2
o 811 0.41
o 793 0.71
o 781 0.85
o 754 3.41
o 738 3.46
o 730 14.86
o 722 34.76
o 687 35
tic.formula_0.8_2021_atleast_15_max-3_reduced_incomplete_adaboost_6
o 793 0.17
o 790 1.36
o 770 1.74
o 754 4.08
o 742 7.89
o 732 51.45
o 724 51.46
o 709 112.52
o 704 112.52
