abstraction-refinement-downcast-xalan
o 69686 30.710000
o 65610 32.280000
o 65609 32.290000
o 65608 32.300000
o 65607 32.300000
o 65606 32.310000
o 65605 32.320000
o 65604 32.320000
o 65603 32.330000
o 65602 32.330000
o 65601 32.340000
o 65600 32.340000
o 65599 32.340000
o 65598 32.350000
o 65597 32.350000
o 65596 32.370000
o 65595 32.370000
o 65594 32.370000
o 65593 32.380000
o 65592 32.390000
o 65591 32.440000
o 65590 32.460000
o 65589 32.460000
o 65588 32.460000
o 65587 32.470000
o 65586 32.480000
o 65585 32.490000
o 65584 32.490000
o 65583 32.500000
o 65582 32.500000
o 65581 32.510000
o 65580 32.520000
o 65579 32.530000
o 65578 32.530000
o 65577 32.530000
o 65576 32.530000
o 65575 32.540000
o 65574 32.550000
o 65573 32.560000
o 65572 32.560000
o 65571 32.570000
o 65570 32.570000
o 65569 32.570000
o 65568 32.670000
o 65567 32.680000
o 65566 32.690000
o 65565 32.690000
o 65564 32.690000
o 65563 32.690000
o 65562 32.730000
o 65561 32.770000
o 65560 32.770000
o 65559 32.780000
o 65558 32.780000
o 65557 32.840000
o 65556 32.840000
o 65555 32.850000
o 65554 32.850000
o 65553 32.860000
o 65552 32.860000
o 65551 32.860000
o 65550 32.870000
o 65549 32.870000
o 65548 32.880000
o 65547 32.880000
o 65546 32.890000
o 65545 32.890000
o 65544 32.920000
o 65543 32.920000
o 65542 32.930000
o 65541 32.930000
o 65540 32.940000
o 65539 33.190000
o 65538 33.210000
o 65537 33.290000
o 65536 33.310000
o 65535 33.320000
o 65534 33.350000
o 65533 33.370000
o 65532 39.590000
o 65531 39.770000
o 65530 39.790000
o 65529 39.880000
o 65528 40.710000
o 65527 40.740000
o 65526 40.800000
o 65525 40.810000
o 65524 40.830000
o 65523 41.160000
o 65522 42.640000
o 65521 42.650000
o 65520 81.190000
o 65519 84.250000
o 65518 84.260000
o 65517 84.280000
o 65516 84.310000
65516	84.310000
abstraction-refinement-downcast-xalan
o 90193 26.100000
o 65685 27.480000
o 65684 27.580000
o 65683 27.580000
o 65682 27.590000
o 65681 27.590000
o 65680 27.590000
o 65679 27.600000
o 65678 27.600000
o 65677 27.610000
o 65676 27.610000
o 65675 27.620000
o 65674 27.620000
o 65673 27.620000
o 65672 27.630000
o 65671 27.630000
o 65670 27.640000
o 65669 27.650000
o 65668 27.650000
o 65667 27.660000
o 65666 27.660000
o 65665 27.660000
o 65664 27.660000
o 65663 27.670000
o 65662 27.670000
o 65661 27.680000
o 65660 27.690000
o 65659 27.690000
o 65658 27.690000
o 65657 27.700000
o 65656 27.710000
o 65655 27.710000
o 65654 27.720000
o 65653 27.720000
o 65652 27.730000
o 65651 27.730000
o 65650 27.740000
o 65649 27.740000
o 65648 27.750000
o 65647 27.760000
o 65646 27.760000
o 65645 27.770000
o 65644 27.770000
o 65643 27.780000
o 65642 27.780000
o 65641 27.790000
o 65640 27.790000
o 65639 27.800000
o 65638 27.800000
o 65637 27.830000
o 65636 27.830000
o 65635 27.840000
o 65634 27.840000
o 65633 27.850000
o 65632 27.850000
o 65631 27.870000
o 65630 27.870000
o 65629 27.880000
o 65628 27.890000
o 65627 27.890000
o 65626 27.900000
o 65625 27.900000
o 65624 27.910000
o 65623 27.920000
o 65622 27.920000
o 65621 27.930000
o 65620 27.930000
o 65619 27.940000
o 65618 27.940000
o 65617 27.950000
o 65616 27.950000
o 65615 27.960000
o 65614 27.960000
o 65613 27.970000
o 65612 27.970000
o 65611 27.980000
o 65610 27.980000
o 65609 27.980000
o 65608 27.990000
o 65607 27.990000
o 65606 28.000000
o 65605 28.010000
o 65604 28.010000
o 65603 28.010000
o 65602 28.020000
o 65601 28.020000
o 65600 28.040000
o 65599 28.040000
o 65598 28.070000
o 65597 28.100000
o 65596 28.110000
o 65595 28.120000
o 65594 28.120000
o 65593 28.140000
o 65592 28.140000
o 65591 28.150000
o 65590 28.160000
o 65589 28.160000
o 65588 28.170000
o 65587 28.180000
o 65586 28.190000
o 65585 28.190000
o 65584 28.230000
o 65583 28.230000
o 65582 28.240000
o 65581 28.240000
o 65580 28.260000
o 65579 28.260000
o 65578 28.270000
o 65577 28.280000
o 65576 28.280000
o 65575 28.300000
o 65574 28.310000
o 65573 28.320000
o 65572 28.330000
o 65571 28.340000
o 65570 28.350000
o 65569 28.390000
o 65568 28.400000
o 65567 28.400000
o 65566 28.410000
o 65565 28.410000
o 65564 28.430000
o 65563 28.430000
o 65562 28.450000
o 65561 28.450000
o 65560 28.460000
o 65559 28.460000
o 65558 28.470000
o 65557 28.480000
o 65556 28.490000
o 65555 28.490000
o 65554 28.500000
o 65553 28.510000
o 65552 28.600000
o 65551 28.610000
o 65550 28.620000
o 65549 28.630000
o 65548 28.690000
o 65547 28.720000
o 65546 28.730000
o 65545 28.730000
o 65544 28.740000
o 65543 28.760000
o 65542 28.840000
o 65541 28.840000
o 65540 28.850000
o 65539 28.860000
o 65538 28.880000
o 65537 29.030000
o 65536 29.040000
o 65535 29.050000
o 65534 29.060000
o 65533 29.070000
o 65532 29.500000
o 65531 29.510000
o 65530 29.510000
o 65529 29.550000
o 65528 29.560000
o 65527 29.610000
o 65526 30.360000
o 65525 30.370000
o 65524 30.680000
o 65523 30.710000
o 65522 30.730000
o 65521 30.800000
o 65520 30.800000
o 65519 30.870000
o 65518 30.870000
o 65517 30.900000
o 65516 30.910000
65516	30.910000
abstraction-refinement-downcast-xalan
o 69669 34.500000
o 65613 35.900000
o 65612 35.920000
o 65611 35.920000
o 65610 35.930000
o 65609 35.940000
o 65608 35.940000
o 65607 35.960000
o 65606 36.010000
o 65605 36.020000
o 65604 36.030000
o 65603 36.080000
o 65602 36.090000
o 65601 36.090000
o 65600 36.110000
o 65599 36.110000
o 65598 36.130000
o 65597 36.140000
o 65596 36.140000
o 65595 36.160000
o 65594 36.160000
o 65593 36.180000
o 65592 36.180000
o 65591 36.190000
o 65590 36.200000
o 65589 36.200000
o 65588 36.210000
o 65587 36.210000
o 65586 36.210000
o 65585 36.220000
o 65584 36.220000
o 65583 36.230000
o 65582 36.230000
o 65581 36.230000
o 65580 36.240000
o 65579 36.240000
o 65578 36.250000
o 65577 36.250000
o 65576 36.260000
o 65575 36.270000
o 65574 36.270000
o 65573 36.270000
o 65572 36.280000
o 65571 36.280000
o 65570 36.290000
o 65569 36.290000
o 65568 36.300000
o 65567 36.350000
o 65566 36.350000
o 65565 36.360000
o 65564 36.370000
o 65563 36.370000
o 65562 36.380000
o 65561 36.380000
o 65560 36.390000
o 65559 36.400000
o 65558 36.400000
o 65557 36.410000
o 65556 36.420000
o 65555 36.430000
o 65554 36.440000
o 65553 36.440000
o 65552 36.450000
o 65551 36.460000
o 65550 36.470000
o 65549 36.470000
o 65548 36.480000
o 65547 36.480000
o 65546 36.580000
o 65545 36.590000
o 65544 36.650000
o 65543 36.650000
o 65542 36.660000
o 65541 36.670000
o 65540 36.670000
o 65539 36.690000
o 65538 36.690000
o 65537 36.730000
o 65536 36.760000
o 65535 36.770000
o 65534 36.780000
o 65533 36.920000
o 65532 36.930000
o 65531 36.930000
o 65530 38.590000
o 65529 38.600000
o 65528 38.830000
o 65527 38.910000
o 65526 38.920000
o 65525 38.950000
o 65524 39.020000
o 65523 39.020000
o 65522 39.030000
o 65521 39.030000
o 65520 39.490000
o 65519 39.510000
65519	39.510000
abstraction-refinement-downcast-xalan
o 73806 42.400000
o 65643 43.880000
o 65642 43.880000
o 65641 43.960000
o 65640 43.970000
o 65639 43.980000
o 65638 43.980000
o 65637 43.990000
o 65636 43.990000
o 65635 43.990000
o 65634 44.000000
o 65633 44.000000
o 65632 44.010000
o 65631 44.020000
o 65630 44.020000
o 65629 44.030000
o 65628 44.030000
o 65627 44.040000
o 65626 44.040000
o 65625 44.040000
o 65624 44.050000
o 65623 44.070000
o 65622 44.070000
o 65621 44.090000
o 65620 44.090000
o 65619 44.100000
o 65618 44.100000
o 65617 44.110000
o 65616 44.110000
o 65615 44.110000
o 65614 44.120000
o 65613 44.120000
o 65612 44.170000
o 65611 44.190000
o 65610 44.190000
o 65609 44.200000
o 65608 44.210000
o 65607 44.210000
o 65606 44.220000
o 65605 44.220000
o 65604 44.230000
o 65603 44.230000
o 65602 44.240000
o 65601 44.240000
o 65600 44.250000
o 65599 44.260000
o 65598 44.260000
o 65597 44.270000
o 65596 44.270000
o 65595 44.280000
o 65594 44.280000
o 65593 44.290000
o 65592 44.310000
o 65591 44.320000
o 65590 44.320000
o 65589 44.340000
o 65588 44.350000
o 65587 44.360000
o 65586 44.360000
o 65585 44.370000
o 65584 44.380000
o 65583 44.380000
o 65582 44.400000
o 65581 44.400000
o 65580 44.400000
o 65579 44.500000
o 65578 44.510000
o 65577 44.590000
o 65576 44.590000
o 65575 44.600000
o 65574 44.600000
o 65573 44.610000
o 65572 44.610000
o 65571 44.620000
o 65570 44.620000
o 65569 44.630000
o 65568 44.640000
o 65567 44.650000
o 65566 44.660000
o 65565 44.670000
o 65564 44.680000
o 65563 44.690000
o 65562 44.690000
o 65561 44.700000
o 65560 44.700000
o 65559 44.710000
o 65558 44.710000
o 65557 44.760000
o 65556 44.770000
o 65555 44.780000
o 65554 44.780000
o 65553 44.800000
o 65552 44.830000
o 65551 44.850000
o 65550 44.850000
o 65549 44.860000
o 65548 44.880000
o 65547 44.880000
o 65546 45.130000
o 65545 45.200000
o 65544 45.230000
o 65543 45.270000
o 65542 45.410000
o 65541 45.430000
o 65540 45.500000
o 65539 45.530000
o 65538 45.550000
o 65537 45.580000
o 65536 45.600000
o 65535 45.660000
o 65534 45.670000
o 65533 45.680000
o 65532 45.680000
o 65531 45.690000
o 65530 45.700000
o 65529 45.710000
o 65528 45.720000
o 65527 45.810000
o 65526 45.890000
o 65525 45.900000
o 65524 45.900000
o 65523 45.910000
o 65522 85.150000
o 65521 85.230000
o 65520 85.280000
o 65519 85.310000
o 65518 85.340000
o 65517 85.490000
65517	85.490000
abstraction-refinement-downcast-xalan
o 69661 37.340000
o 65599 39.290000
o 65598 39.330000
o 65597 39.340000
o 65596 39.360000
o 65595 39.360000
o 65594 39.370000
o 65593 39.400000
o 65592 39.410000
o 65591 39.420000
o 65590 39.420000
o 65589 39.430000
o 65588 39.440000
o 65587 39.440000
o 65586 39.450000
o 65585 39.460000
o 65584 39.470000
o 65583 39.480000
o 65582 39.480000
o 65581 39.490000
o 65580 39.500000
o 65579 39.500000
o 65578 39.510000
o 65577 39.520000
o 65576 39.520000
o 65575 39.530000
o 65574 39.540000
o 65573 39.540000
o 65572 39.550000
o 65571 39.560000
o 65570 39.570000
o 65569 39.580000
o 65568 39.590000
o 65567 39.590000
o 65566 39.600000
o 65565 39.610000
o 65564 39.620000
o 65563 39.640000
o 65562 39.650000
o 65561 39.660000
o 65560 39.690000
o 65559 39.710000
o 65558 39.720000
o 65557 39.730000
o 65556 39.740000
o 65555 39.830000
o 65554 39.840000
o 65553 39.840000
o 65552 39.870000
o 65551 39.870000
o 65550 39.890000
o 65549 39.960000
o 65548 39.970000
o 65547 39.970000
o 65546 39.980000
o 65545 40.010000
o 65544 40.050000
o 65543 40.060000
o 65542 40.210000
o 65541 40.210000
o 65540 40.230000
o 65539 40.230000
o 65538 40.250000
o 65537 40.260000
o 65536 40.270000
o 65535 41.560000
o 65534 41.580000
o 65533 41.590000
o 65532 41.600000
o 65531 41.640000
o 65530 41.650000
o 65529 41.910000
o 65528 41.930000
o 65527 41.950000
o 65526 41.960000
o 65525 42.130000
o 65524 42.150000
o 65523 126.990000
o 65522 255.020000
o 65521 255.310000
65521	255.310000
abstraction-refinement-downcast-xalan
o 69667 33.440000
o 65609 34.760000
o 65608 34.770000
o 65607 34.780000
o 65606 34.790000
o 65605 34.790000
o 65604 34.800000
o 65603 34.810000
o 65602 34.810000
o 65601 34.820000
o 65600 34.820000
o 65599 34.830000
o 65598 34.830000
o 65597 34.840000
o 65596 34.840000
o 65595 34.840000
o 65594 34.850000
o 65593 34.850000
o 65592 34.850000
o 65591 34.860000
o 65590 34.860000
o 65589 34.880000
o 65588 34.890000
o 65587 34.930000
o 65586 34.930000
o 65585 34.950000
o 65584 34.960000
o 65583 34.980000
o 65582 34.990000
o 65581 35.010000
o 65580 35.010000
o 65579 35.010000
o 65578 35.020000
o 65577 35.030000
o 65576 35.030000
o 65575 35.040000
o 65574 35.040000
o 65573 35.050000
o 65572 35.060000
o 65571 35.070000
o 65570 35.070000
o 65569 35.080000
o 65568 35.090000
o 65567 35.100000
o 65566 35.110000
o 65565 35.110000
o 65564 35.120000
o 65563 35.140000
o 65562 35.150000
o 65561 35.210000
o 65560 35.220000
o 65559 35.240000
o 65558 35.270000
o 65557 35.270000
o 65556 35.280000
o 65555 35.290000
o 65554 35.460000
o 65553 35.680000
o 65552 35.690000
o 65551 35.690000
o 65550 35.700000
o 65549 35.720000
o 65548 35.720000
o 65547 35.730000
o 65546 35.730000
o 65545 35.740000
o 65544 35.750000
o 65543 35.850000
o 65542 35.860000
o 65541 35.870000
o 65540 35.870000
o 65539 35.880000
o 65538 35.890000
o 65537 35.890000
o 65536 35.950000
o 65535 35.960000
o 65534 35.970000
o 65533 36.020000
o 65532 36.400000
o 65531 36.470000
o 65530 36.530000
o 65529 37.830000
o 65528 37.850000
o 65527 37.850000
o 65526 73.750000
o 65525 73.770000
o 65524 73.790000
o 65523 73.800000
o 65522 183.830000
o 65521 183.940000
o 65520 183.970000
o 65519 183.980000
o 65518 183.990000
o 65517 184.050000
o 65516 184.100000
o 65515 184.120000
o 65514 184.150000
o 65513 184.160000
65513	184.160000
abstraction-refinement-downcast-xalan
o 69692 35.470000
o 65633 37.090000
o 65632 37.140000
o 65631 37.140000
o 65630 37.150000
o 65629 37.150000
o 65628 37.190000
o 65627 37.190000
o 65626 37.200000
o 65625 37.200000
o 65624 37.210000
o 65623 37.210000
o 65622 37.220000
o 65621 37.230000
o 65620 37.230000
o 65619 37.240000
o 65618 37.240000
o 65617 37.250000
o 65616 37.260000
o 65615 37.260000
o 65614 37.270000
o 65613 37.280000
o 65612 37.280000
o 65611 37.290000
o 65610 37.290000
o 65609 37.300000
o 65608 37.300000
o 65607 37.310000
o 65606 37.310000
o 65605 37.330000
o 65604 37.330000
o 65603 37.340000
o 65602 37.340000
o 65601 37.350000
o 65600 37.350000
o 65599 37.360000
o 65598 37.370000
o 65597 37.380000
o 65596 37.380000
o 65595 37.390000
o 65594 37.500000
o 65593 37.530000
o 65592 37.530000
o 65591 37.550000
o 65590 37.560000
o 65589 37.560000
o 65588 37.570000
o 65587 37.570000
o 65586 37.570000
o 65585 37.580000
o 65584 37.610000
o 65583 37.620000
o 65582 37.630000
o 65581 37.640000
o 65580 37.650000
o 65579 37.650000
o 65578 37.930000
o 65577 37.950000
o 65576 37.950000
o 65575 37.960000
o 65574 37.960000
o 65573 37.970000
o 65572 37.980000
o 65571 37.980000
o 65570 37.990000
o 65569 38.010000
o 65568 38.020000
o 65567 38.030000
o 65566 38.030000
o 65565 38.050000
o 65564 38.060000
o 65563 38.060000
o 65562 38.070000
o 65561 38.070000
o 65560 38.080000
o 65559 38.080000
o 65558 38.090000
o 65557 38.090000
o 65556 38.110000
o 65555 38.120000
o 65554 38.120000
o 65553 38.160000
o 65552 38.170000
o 65551 38.180000
o 65550 38.190000
o 65549 38.200000
o 65548 38.210000
o 65547 38.210000
o 65546 38.220000
o 65545 38.240000
o 65544 38.240000
o 65543 38.250000
o 65542 38.260000
o 65541 38.260000
o 65540 38.270000
o 65539 38.280000
o 65538 38.410000
o 65537 38.410000
o 65536 38.510000
o 65535 38.510000
o 65534 47.520000
o 65533 47.530000
o 65532 47.730000
o 65531 47.740000
o 65530 47.780000
o 65529 48.140000
o 65528 50.430000
o 65527 50.470000
o 65526 50.540000
o 65525 99.420000
o 65524 99.650000
o 65523 99.810000
o 65522 99.870000
o 65521 99.970000
o 65520 100.040000
o 65519 100.380000
o 65518 100.530000
o 65517 100.550000
65517	100.550000
abstraction-refinement-downcast-xalan
o 77871 33.500000
o 65620 34.780000
o 65619 34.820000
o 65618 34.830000
o 65617 34.830000
o 65616 34.840000
o 65615 34.850000
o 65614 34.850000
o 65613 34.860000
o 65612 34.860000
o 65611 34.870000
o 65610 34.870000
o 65609 34.880000
o 65608 34.880000
o 65607 34.890000
o 65606 34.890000
o 65605 34.890000
o 65604 34.890000
o 65603 34.900000
o 65602 34.900000
o 65601 34.910000
o 65600 34.910000
o 65599 34.920000
o 65598 34.920000
o 65597 34.920000
o 65596 34.930000
o 65595 34.930000
o 65594 34.940000
o 65593 34.940000
o 65592 34.940000
o 65591 34.950000
o 65590 34.950000
o 65589 34.960000
o 65588 34.960000
o 65587 34.970000
o 65586 34.970000
o 65585 34.970000
o 65584 34.980000
o 65583 34.980000
o 65582 34.990000
o 65581 35.000000
o 65580 35.010000
o 65579 35.010000
o 65578 35.020000
o 65577 35.090000
o 65576 35.100000
o 65575 35.110000
o 65574 35.120000
o 65573 35.130000
o 65572 35.130000
o 65571 35.140000
o 65570 35.150000
o 65569 35.180000
o 65568 35.190000
o 65567 35.200000
o 65566 35.260000
o 65565 35.270000
o 65564 35.270000
o 65563 35.280000
o 65562 35.290000
o 65561 35.320000
o 65560 35.330000
o 65559 35.370000
o 65558 35.370000
o 65557 35.420000
o 65556 35.420000
o 65555 35.430000
o 65554 35.440000
o 65553 35.450000
o 65552 35.470000
o 65551 35.470000
o 65550 35.490000
o 65549 35.510000
o 65548 35.550000
o 65547 35.610000
o 65546 35.730000
o 65545 35.860000
o 65544 35.860000
o 65543 35.880000
o 65542 35.890000
o 65541 36.350000
o 65540 36.350000
o 65539 36.510000
o 65538 36.820000
o 65537 36.900000
o 65536 36.920000
o 65535 36.930000
o 65534 36.950000
o 65533 37.050000
o 65532 37.870000
o 65531 37.880000
o 65530 37.890000
o 65529 37.890000
o 65528 37.900000
o 65527 37.930000
o 65526 37.930000
o 65525 37.950000
o 65524 37.960000
o 65523 78.950000
o 65522 82.860000
o 65521 83.500000
o 65520 84.060000
o 65519 276.220000
o 65518 276.230000
o 65517 276.250000
o 65516 276.310000
o 65515 276.310000
o 65514 276.320000
o 65513 276.340000
o 65512 276.460000
o 65511 278.980000
o 65510 278.990000
o 65509 279.290000
65509	279.290000
abstraction-refinement-downcast-xalan
o 86060 32.810000
o 65626 34.390000
o 65625 34.400000
o 65624 34.410000
o 65623 34.420000
o 65622 34.420000
o 65621 34.430000
o 65620 34.430000
o 65619 34.440000
o 65618 34.450000
o 65617 34.450000
o 65616 34.460000
o 65615 34.460000
o 65614 34.480000
o 65613 34.480000
o 65612 34.490000
o 65611 34.500000
o 65610 34.510000
o 65609 34.520000
o 65608 34.520000
o 65607 34.530000
o 65606 34.530000
o 65605 34.540000
o 65604 34.550000
o 65603 34.560000
o 65602 34.570000
o 65601 34.570000
o 65600 34.580000
o 65599 34.580000
o 65598 34.600000
o 65597 34.610000
o 65596 34.630000
o 65595 34.640000
o 65594 34.640000
o 65593 34.650000
o 65592 34.660000
o 65591 34.660000
o 65590 34.670000
o 65589 34.680000
o 65588 34.680000
o 65587 34.690000
o 65586 34.690000
o 65585 34.700000
o 65584 34.710000
o 65583 34.720000
o 65582 34.720000
o 65581 34.730000
o 65580 34.730000
o 65579 34.740000
o 65578 34.750000
o 65577 34.760000
o 65576 34.770000
o 65575 34.770000
o 65574 34.780000
o 65573 34.780000
o 65572 34.790000
o 65571 34.790000
o 65570 34.800000
o 65569 34.810000
o 65568 34.850000
o 65567 34.890000
o 65566 34.910000
o 65565 34.920000
o 65564 34.930000
o 65563 35.130000
o 65562 35.260000
o 65561 35.260000
o 65560 35.300000
o 65559 35.300000
o 65558 35.310000
o 65557 35.330000
o 65556 35.340000
o 65555 35.340000
o 65554 35.350000
o 65553 35.350000
o 65552 35.370000
o 65551 35.370000
o 65550 35.440000
o 65549 35.440000
o 65548 35.460000
o 65547 35.470000
o 65546 35.490000
o 65545 35.510000
o 65544 35.510000
o 65543 35.520000
o 65542 35.520000
o 65541 35.590000
o 65540 35.600000
o 65539 35.600000
o 65538 35.610000
o 65537 35.610000
o 65536 35.620000
o 65535 35.620000
o 65534 35.630000
o 65533 35.630000
o 65532 35.640000
o 65531 35.660000
o 65530 35.660000
o 65529 35.670000
o 65528 35.690000
o 65527 35.700000
o 65526 35.710000
o 65525 35.720000
o 65524 187.810000
o 65523 187.970000
o 65522 188.300000
o 65521 188.370000
65521	188.370000
abstraction-refinement-downcast-xalan
o 69644 37.910000
o 65591 39.090000
o 65590 39.100000
o 65589 39.100000
o 65588 39.110000
o 65587 39.140000
o 65586 39.140000
o 65585 39.140000
o 65584 39.160000
o 65583 39.160000
o 65582 39.170000
o 65581 39.170000
o 65580 39.170000
o 65579 39.180000
o 65578 39.180000
o 65577 39.190000
o 65576 39.190000
o 65575 39.210000
o 65574 39.210000
o 65573 39.220000
o 65572 39.220000
o 65571 39.230000
o 65570 39.230000
o 65569 39.240000
o 65568 39.240000
o 65567 39.240000
o 65566 39.250000
o 65565 39.250000
o 65564 39.250000
o 65563 39.260000
o 65562 39.270000
o 65561 39.280000
o 65560 39.290000
o 65559 39.390000
o 65558 39.390000
o 65557 39.400000
o 65556 39.400000
o 65555 39.410000
o 65554 39.410000
o 65553 39.410000
o 65552 39.420000
o 65551 39.430000
o 65550 39.430000
o 65549 39.440000
o 65548 39.490000
o 65547 39.540000
o 65546 39.540000
o 65545 39.560000
o 65544 39.570000
o 65543 39.570000
o 65542 39.580000
o 65541 39.580000
o 65540 39.590000
o 65539 39.590000
o 65538 39.600000
o 65537 39.600000
o 65536 39.620000
o 65535 39.650000
o 65534 39.690000
o 65533 39.700000
o 65532 39.730000
o 65531 39.730000
o 65530 39.780000
o 65529 39.780000
o 65528 39.790000
o 65527 39.800000
o 65526 39.800000
o 65525 39.800000
o 65524 78.540000
o 65523 78.550000
o 65522 78.560000
o 65521 78.740000
o 65520 78.800000
o 65519 231.010000
o 65518 231.030000
o 65517 231.060000
o 65516 263.700000
65516	263.700000
