causal-discovery-causal_Link_10_10000
o 257745134 24.520000
257745134	24.520000
causal-discovery-causal_Link_10_10000
o 257745134 27.780000
257745134	27.780000
causal-discovery-causal_Link_10_10000
o 257745134 54.560000
257745134	54.560000
causal-discovery-causal_Link_10_10000
o 257745134 31.280000
257745134	31.280000
causal-discovery-causal_Link_10_10000
o 45443263 30.070000
45443263	30.070000
causal-discovery-causal_Link_10_10000
o 257745134 49.870000
257745134	49.870000
causal-discovery-causal_Link_10_10000
o 257745134 36.480000
257745134	36.480000
causal-discovery-causal_Link_10_10000
o 257745134 80.920000
257745134	80.920000
causal-discovery-causal_Link_10_10000
o 257745134 53.850000
257745134	53.850000
causal-discovery-causal_Link_10_10000
o 257745134 67.930000
257745134	67.930000
