correlation-clustering-Rounded_CorrelationClustering_Protein3_TRANSITIVE_N280
o 53937177 7.980000
o 20628070 9.380000
20628070	9.380000
correlation-clustering-Rounded_CorrelationClustering_Protein3_TRANSITIVE_N280
o 28108074 7.360000
o 19932723 8.340000
19932723	8.340000
correlation-clustering-Rounded_CorrelationClustering_Protein3_TRANSITIVE_N280
o 30952967 7.570000
o 20009345 8.800000
o 20009139 8.810000
20009139	8.810000
correlation-clustering-Rounded_CorrelationClustering_Protein3_TRANSITIVE_N280
o 48073669 7.350000
o 19908563 8.530000
o 19896677 8.570000
19896677	8.570000
correlation-clustering-Rounded_CorrelationClustering_Protein3_TRANSITIVE_N280
o 37435459 7.440000
o 20384940 8.380000
o 20373054 8.410000
20373054	8.410000
correlation-clustering-Rounded_CorrelationClustering_Protein3_TRANSITIVE_N280
o 33822590 8.530000
o 19930455 9.940000
o 19918569 9.980000
o 19906181 156.950000
19906181	156.950000
correlation-clustering-Rounded_CorrelationClustering_Protein3_TRANSITIVE_N280
o 32855303 9.100000
o 20221844 10.850000
o 20192773 10.860000
o 20192689 10.960000
20192689	10.960000
correlation-clustering-Rounded_CorrelationClustering_Protein3_TRANSITIVE_N280
o 27922149 8.390000
o 19936408 9.670000
o 19930729 9.740000
o 19915952 9.840000
o 19905624 9.840000
o 19905540 9.960000
19905540	9.960000
correlation-clustering-Rounded_CorrelationClustering_Protein3_TRANSITIVE_N280
o 35883397 9.560000
o 19985360 11.160000
o 19973474 11.280000
19973474	11.280000
correlation-clustering-Rounded_CorrelationClustering_Protein3_TRANSITIVE_N280
o 29584944 7.730000
o 19939015 9.160000
19939015	9.160000
