decision-tree-australian-credit-un-formula_0.8_2021_atleast_31_max-4_reduced_incomplete_adaboost_5
o 819 1.000000
o 802 1.020000
o 633 4.210000
o 629 11.080000
o 608 15.430000
o 575 15.540000
o 517 58.150000
o 503 221.240000
503	221.240000
decision-tree-australian-credit-un-formula_0.8_2021_atleast_31_max-4_reduced_incomplete_adaboost_5
o 958 1.120000
o 648 4.960000
o 645 10.640000
o 644 14.430000
o 643 14.430000
o 642 14.430000
o 641 14.430000
o 640 14.430000
o 639 14.430000
o 638 14.430000
o 637 14.430000
o 636 14.430000
o 635 14.430000
o 634 14.430000
o 633 14.430000
o 632 14.430000
o 631 14.430000
o 630 14.430000
o 629 14.430000
o 517 32.310000
517	32.310000
decision-tree-australian-credit-un-formula_0.8_2021_atleast_31_max-4_reduced_incomplete_adaboost_5
o 1120 1.140000
o 645 7.330000
o 608 11.510000
o 575 25.790000
o 517 76.130000
o 512 290.290000
512	290.290000
decision-tree-australian-credit-un-formula_0.8_2021_atleast_31_max-4_reduced_incomplete_adaboost_5
o 834 1.170000
o 817 1.190000
o 645 6.080000
o 629 6.440000
o 608 16.370000
o 575 25.470000
o 568 119.630000
o 562 160.830000
562	160.830000
decision-tree-australian-credit-un-formula_0.8_2021_atleast_31_max-4_reduced_incomplete_adaboost_5
o 676 1.330000
o 633 4.120000
o 629 5.950000
o 575 16.530000
o 569 22.130000
o 561 24.290000
o 541 231.660000
541	231.660000
decision-tree-australian-credit-un-formula_0.8_2021_atleast_31_max-4_reduced_incomplete_adaboost_5
o 1090 1.070000
o 1073 1.080000
o 1044 1.080000
o 1033 1.080000
o 1004 1.080000
o 994 1.080000
o 633 4.840000
o 632 6.430000
o 631 6.430000
o 630 6.430000
o 629 6.430000
o 575 38.600000
o 557 39.750000
557	39.750000
decision-tree-australian-credit-un-formula_0.8_2021_atleast_31_max-4_reduced_incomplete_adaboost_5
o 833 1.290000
o 645 4.240000
o 575 8.980000
o 573 37.420000
o 562 169.650000
o 561 196.420000
o 557 292.480000
557	292.480000
decision-tree-australian-credit-un-formula_0.8_2021_atleast_31_max-4_reduced_incomplete_adaboost_5
o 724 1.130000
o 629 4.910000
o 575 14.570000
o 574 121.270000
o 557 122.490000
o 541 145.070000
541	145.070000
decision-tree-australian-credit-un-formula_0.8_2021_atleast_31_max-4_reduced_incomplete_adaboost_5
o 717 1.070000
o 629 4.170000
o 575 17.650000
o 573 98.200000
o 556 127.830000
o 503 144.170000
503	144.170000
decision-tree-australian-credit-un-formula_0.8_2021_atleast_31_max-4_reduced_incomplete_adaboost_5
o 709 1.050000
o 663 3.930000
o 662 3.930000
o 661 3.930000
o 660 3.930000
o 659 3.930000
o 658 3.930000
o 657 3.930000
o 656 3.930000
o 655 3.930000
o 654 3.930000
o 653 3.930000
o 652 3.930000
o 651 3.930000
o 650 3.930000
o 649 3.930000
o 648 3.930000
o 647 3.930000
o 646 3.930000
o 645 3.930000
o 517 4.850000
517	4.850000
