decision-tree-heart-cleveland-un-formula_0.8_2021_atleast_31_max-4_reduced_incomplete_adaboost_4
o 279 0.530000
o 146 0.710000
o 143 7.060000
o 138 7.570000
o 137 26.230000
o 136 59.930000
o 132 78.560000
o 130 118.020000
o 129 136.280000
129	136.280000
decision-tree-heart-cleveland-un-formula_0.8_2021_atleast_31_max-4_reduced_incomplete_adaboost_4
o 258 0.480000
o 251 0.490000
o 149 0.690000
o 146 1.410000
o 141 5.460000
o 136 6.620000
o 135 65.220000
o 130 65.310000
o 126 223.360000
126	223.360000
decision-tree-heart-cleveland-un-formula_0.8_2021_atleast_31_max-4_reduced_incomplete_adaboost_4
o 244 0.530000
o 239 0.550000
o 234 0.550000
o 146 0.720000
o 137 6.400000
o 136 6.810000
o 130 45.520000
130	45.520000
decision-tree-heart-cleveland-un-formula_0.8_2021_atleast_31_max-4_reduced_incomplete_adaboost_4
o 192 0.450000
o 152 0.660000
o 146 1.530000
o 144 5.220000
o 135 5.410000
o 131 5.430000
o 130 72.270000
o 126 214.670000
126	214.670000
decision-tree-heart-cleveland-un-formula_0.8_2021_atleast_31_max-4_reduced_incomplete_adaboost_4
o 196 0.610000
o 146 0.820000
o 136 9.040000
o 134 22.610000
o 130 256.750000
130	256.750000
decision-tree-heart-cleveland-un-formula_0.8_2021_atleast_31_max-4_reduced_incomplete_adaboost_4
o 180 0.510000
o 146 0.650000
o 141 2.350000
o 136 9.070000
o 135 122.580000
o 133 166.540000
o 131 250.680000
o 122 250.750000
122	250.750000
decision-tree-heart-cleveland-un-formula_0.8_2021_atleast_31_max-4_reduced_incomplete_adaboost_4
o 221 0.590000
o 166 0.800000
o 152 0.820000
o 146 0.830000
o 144 9.300000
o 141 9.430000
o 137 9.440000
o 136 18.200000
o 135 108.920000
o 130 116.720000
130	116.720000
decision-tree-heart-cleveland-un-formula_0.8_2021_atleast_31_max-4_reduced_incomplete_adaboost_4
o 174 0.430000
o 152 0.710000
o 146 0.960000
o 136 4.370000
o 130 32.380000
130	32.380000
decision-tree-heart-cleveland-un-formula_0.8_2021_atleast_31_max-4_reduced_incomplete_adaboost_4
o 259 0.440000
o 146 0.610000
o 137 7.850000
o 136 12.900000
o 132 129.030000
o 127 133.890000
127	133.890000
decision-tree-heart-cleveland-un-formula_0.8_2021_atleast_31_max-4_reduced_incomplete_adaboost_4
o 176 0.490000
o 152 0.600000
o 146 0.710000
o 138 6.770000
o 137 12.740000
o 136 43.770000
o 135 43.860000
o 130 68.270000
o 129 258.780000
129	258.780000
