MaxSATQueriesinInterpretableClassifiers-pima_train_6_CNF_3_20
o 4668 0.000000
o 3568 0.000000
o 3548 0.000000
o 3528 0.000000
o 3502 8.000000
o 3412 8.000000
o 3409 8.000000
o 3390 8.010000
o 3389 8.260000
o 3369 8.540000
o 3349 8.580000
o 3329 8.600000
o 3276 16.320000
o 3131 25.020000
o 2986 33.090000
o 2880 109.010000
2880	109.020000
MaxSATQueriesinInterpretableClassifiers-pima_train_6_CNF_3_20
o 3409 0.000000
o 3236 0.010000
o 2895 8.670000
o 2876 8.670000
o 2857 8.670000
o 2837 8.670000
o 2819 8.670000
o 2817 113.430000
o 2797 113.430000
2797	113.430000
MaxSATQueriesinInterpretableClassifiers-pima_train_6_CNF_3_20
o 4747 0.000000
o 3102 0.010000
o 3082 0.010000
o 3062 0.010000
o 3042 0.010000
o 3022 0.010000
o 3002 0.010000
o 2982 0.010000
o 2963 0.010000
o 2943 0.010000
o 2904 0.010000
o 2900 27.320000
o 2881 27.320000
o 2880 27.320000
o 2860 27.320000
o 2838 130.720000
o 2821 181.160000
2821	181.160000
MaxSATQueriesinInterpretableClassifiers-pima_train_6_CNF_3_20
o 4747 0.000000
o 4045 0.010000
o 4027 0.010000
o 4008 0.010000
o 3988 0.010000
o 3968 0.010000
o 3967 0.010000
o 3947 0.010000
o 3927 0.010000
o 3907 0.010000
o 3887 0.010000
o 3867 0.010000
o 3847 0.010000
o 3828 0.020000
o 3808 0.030000
o 3793 0.420000
o 3774 0.420000
o 3773 0.420000
o 3772 0.420000
o 3771 0.420000
o 3752 0.420000
o 3750 0.460000
o 3730 0.460000
o 3710 0.460000
o 3690 0.460000
o 3670 0.460000
o 3669 0.460000
o 3650 0.460000
o 3649 0.460000
o 3629 0.460000
o 3609 0.460000
o 3589 0.460000
o 3549 0.460000
o 3529 0.470000
o 3509 0.470000
o 3489 0.470000
o 3469 0.470000
o 3449 0.480000
o 3429 0.480000
o 3409 0.480000
o 3389 0.480000
o 3156 7.960000
o 3155 7.960000
o 3136 7.960000
o 3111 8.390000
o 3110 8.400000
o 3092 8.410000
o 3091 8.410000
o 3090 8.410000
o 3073 8.450000
o 3050 8.510000
o 3049 8.510000
o 3031 8.520000
o 2958 75.170000
o 2939 75.170000
o 2879 75.170000
2879	75.170000
MaxSATQueriesinInterpretableClassifiers-pima_train_6_CNF_3_20
o 3409 0.000000
o 3389 0.000000
o 3175 8.740000
o 3155 8.740000
o 3102 48.150000
o 3096 72.700000
o 3076 72.700000
o 3057 72.700000
o 3038 72.700000
o 3036 72.700000
o 3017 72.700000
o 2997 72.700000
o 2978 72.700000
o 2959 72.700000
o 2958 107.600000
o 2938 158.880000
o 2918 158.880000
2918	158.880000
MaxSATQueriesinInterpretableClassifiers-pima_train_6_CNF_3_20
o 3389 0.000000
o 2898 0.010000
o 2879 0.010000
2879	0.010000
MaxSATQueriesinInterpretableClassifiers-pima_train_6_CNF_3_20
o 3389 0.000000
o 3370 0.010000
o 3111 0.010000
o 2990 61.110000
o 2970 61.110000
o 2920 78.020000
o 2881 78.020000
2881	78.020000
MaxSATQueriesinInterpretableClassifiers-pima_train_6_CNF_3_20
o 4668 0.000000
o 3149 0.000000
o 3130 0.000000
o 3129 0.000000
o 3070 7.620000
o 3050 7.620000
o 3030 7.620000
o 2938 16.450000
o 2918 16.450000
o 2898 16.450000
o 2878 83.790000
o 2858 83.790000
o 2838 83.790000
o 2819 83.790000
2819	83.790000
MaxSATQueriesinInterpretableClassifiers-pima_train_6_CNF_3_20
o 3548 0.000000
o 3033 0.000000
o 3013 0.000000
o 2931 9.230000
o 2920 210.790000
o 2877 236.710000
o 2858 236.710000
2858	236.710000
MaxSATQueriesinInterpretableClassifiers-pima_train_6_CNF_3_20
o 3489 0.000000
o 3469 0.000000
o 3449 0.000000
o 3429 0.000000
o 3409 0.000000
o 3399 0.000000
o 3360 0.010000
o 3354 0.120000
o 3334 0.120000
o 3315 0.120000
o 3313 0.460000
o 3312 0.460000
o 3293 0.460000
o 3273 0.460000
o 3253 0.460000
o 3252 0.460000
o 3233 0.470000
o 3232 0.470000
o 3213 0.480000
o 3212 0.480000
o 3193 0.480000
o 3192 0.480000
o 3172 0.480000
o 3152 1.270000
o 3132 1.850000
o 3111 2.190000
o 3092 2.190000
o 3090 6.010000
o 3071 6.580000
o 3051 6.610000
o 3032 6.610000
o 3031 6.640000
o 3011 6.870000
o 3010 6.870000
o 2992 6.870000
o 2991 6.870000
o 2990 6.870000
o 2970 6.890000
o 2957 14.570000
o 2940 15.210000
o 2901 15.220000
o 2900 145.070000
o 2880 145.080000
o 2860 145.080000
2860	145.080000
