MinimumWeightDominatingSetProblem-rgg_n_2_24_s0
o 54514898 210.960000
54514898	210.960000
MinimumWeightDominatingSetProblem-rgg_n_2_24_s0
o 54589006 176.120000
54589006	176.120000
MinimumWeightDominatingSetProblem-rgg_n_2_24_s0
o 54557733 147.620000
54557733	147.620000
MinimumWeightDominatingSetProblem-rgg_n_2_24_s0
o 54588233 191.370000
54588233	191.370000
MinimumWeightDominatingSetProblem-rgg_n_2_24_s0
o 54541316 187.360000
54541316	187.360000
MinimumWeightDominatingSetProblem-rgg_n_2_24_s0
o 54582769 139.030000
54582769	139.030000
MinimumWeightDominatingSetProblem-rgg_n_2_24_s0
o 54533241 202.320000
54533241	202.320000
MinimumWeightDominatingSetProblem-rgg_n_2_24_s0
o 54572820 136.600000
54572820	136.600000
MinimumWeightDominatingSetProblem-rgg_n_2_24_s0
o 54549632 143.400000
54549632	143.400000
MinimumWeightDominatingSetProblem-rgg_n_2_24_s0
o 54551564 133.750000
54551564	133.750000
