ParametricRBACMaintenance_mse20-role_domino_multiple_0.5_1
o 308637 1.370000
o 142663 18.150000
o 142548 68.790000
o 141737 115.530000
141737	115.530000
ParametricRBACMaintenance_mse20-role_domino_multiple_0.5_1
o 314606 1.730000
o 147729 24.250000
o 142572 27.340000
o 141703 171.430000
141703	171.430000
ParametricRBACMaintenance_mse20-role_domino_multiple_0.5_1
o 329217 1.550000
o 142788 23.790000
o 142683 100.910000
o 142668 102.060000
o 142665 162.550000
o 142628 162.700000
o 142424 164.010000
o 141470 214.930000
o 141452 215.090000
o 141451 215.200000
141451	215.200000
ParametricRBACMaintenance_mse20-role_domino_multiple_0.5_1
o 304003 3.680000
o 149347 39.090000
o 149332 39.090000
o 142801 39.610000
o 142540 43.550000
142540	43.550000
ParametricRBACMaintenance_mse20-role_domino_multiple_0.5_1
o 314643 1.250000
o 142837 15.130000
o 142833 68.910000
o 142787 71.390000
o 141910 76.360000
o 141720 76.960000
o 141718 76.980000
141718	76.980000
ParametricRBACMaintenance_mse20-role_domino_multiple_0.5_1
o 308125 2.230000
o 142798 26.080000
o 142791 27.610000
o 141511 86.900000
141511	86.900000
ParametricRBACMaintenance_mse20-role_domino_multiple_0.5_1
o 308185 3.220000
o 145169 29.910000
o 145166 30.030000
o 145160 30.030000
o 144054 30.400000
o 144047 30.560000
o 144023 30.840000
o 143385 31.970000
o 143383 31.970000
o 143368 31.970000
o 143353 31.970000
o 143338 31.970000
o 143325 31.980000
o 143312 31.980000
o 143297 31.980000
o 143295 31.980000
o 143293 31.980000
o 143278 31.980000
o 143263 31.980000
o 143250 31.980000
o 143235 31.980000
o 143220 31.980000
o 143214 31.990000
o 143201 31.990000
o 143199 31.990000
o 143184 31.990000
o 143176 32.030000
o 143163 32.030000
o 142900 32.370000
o 142862 33.250000
o 142845 34.020000
o 142817 35.930000
o 142778 283.870000
o 142765 283.930000
o 142594 289.040000
142594	289.040000
ParametricRBACMaintenance_mse20-role_domino_multiple_0.5_1
o 323702 1.580000
o 145292 19.590000
o 143875 20.070000
o 143268 36.310000
o 143266 36.310000
o 143253 36.310000
o 142716 36.350000
142716	36.350000
ParametricRBACMaintenance_mse20-role_domino_multiple_0.5_1
o 302739 1.400000
o 142744 19.460000
o 141631 19.560000
o 141542 136.370000
141542	136.370000
ParametricRBACMaintenance_mse20-role_domino_multiple_0.5_1
o 298107 1.320000
o 147863 19.150000
o 142834 19.650000
o 142771 20.090000
o 141544 75.850000
o 141518 75.850000
o 141516 75.850000
o 141503 75.860000
o 141381 175.640000
o 141334 175.700000
o 141323 175.710000
o 141230 175.720000
o 141217 175.720000
o 141204 175.720000
141204	175.720000
