timetabling-comp02
o 1431 0.710000
o 1118 0.950000
o 1113 0.950000
o 1108 0.950000
o 1103 0.950000
o 1098 0.950000
o 1093 0.950000
o 1088 0.950000
o 1085 0.950000
o 1058 0.960000
o 1053 0.960000
o 1048 0.980000
o 1043 0.980000
o 1038 0.980000
o 1033 0.980000
o 1028 0.980000
o 1023 0.980000
o 1018 0.980000
o 1013 0.980000
o 1008 0.980000
o 1003 0.980000
o 998 0.980000
o 986 0.980000
o 967 1.020000
o 962 1.020000
o 960 1.020000
o 955 1.020000
o 950 1.020000
o 943 1.020000
o 935 1.020000
o 930 1.020000
o 925 1.020000
o 922 1.080000
o 920 1.090000
o 915 1.090000
o 910 1.090000
o 905 1.090000
o 900 1.090000
o 895 1.090000
o 890 1.090000
o 885 1.090000
o 884 1.090000
o 880 1.120000
o 875 1.120000
o 870 1.120000
o 865 1.120000
o 860 1.120000
o 855 1.120000
o 850 1.120000
o 845 1.120000
o 843 1.120000
o 838 1.120000
o 833 1.120000
o 828 1.120000
o 823 1.120000
o 818 1.120000
o 814 1.150000
o 809 1.150000
o 804 1.150000
o 799 1.150000
o 794 1.150000
o 792 1.150000
o 790 1.160000
o 788 1.160000
o 783 1.160000
o 778 1.160000
o 774 1.160000
o 769 1.160000
o 755 1.180000
o 750 1.180000
o 745 1.180000
o 740 1.180000
o 723 1.180000
o 718 1.180000
o 716 1.180000
o 712 1.240000
o 707 1.240000
o 696 1.240000
o 695 1.240000
o 690 1.240000
o 685 1.240000
o 680 1.250000
o 676 1.250000
o 672 1.250000
o 667 1.250000
o 664 1.260000
o 659 1.260000
o 654 1.260000
o 649 1.260000
o 646 1.260000
o 641 1.260000
o 636 1.260000
o 631 1.260000
o 629 1.260000
o 624 1.270000
o 615 1.280000
o 610 1.280000
o 605 1.280000
o 600 1.280000
o 595 1.290000
o 593 1.290000
o 589 1.290000
o 584 1.290000
o 579 4.670000
o 578 4.670000
o 574 4.670000
o 571 4.680000
o 569 4.720000
o 565 4.730000
o 548 4.730000
o 547 4.730000
o 542 4.730000
o 540 4.730000
o 535 4.730000
o 533 4.730000
o 529 4.730000
o 523 4.740000
o 522 11.670000
o 520 11.670000
o 516 11.690000
o 505 11.710000
o 503 11.780000
o 499 11.790000
o 497 11.880000
o 492 11.880000
o 491 12.000000
o 487 12.000000
o 482 33.190000
o 472 33.200000
o 471 33.210000
o 467 33.220000
o 465 33.220000
o 460 33.220000
o 458 33.440000
o 452 33.440000
o 448 33.440000
o 440 33.510000
o 437 33.510000
o 435 33.540000
o 430 33.540000
o 425 33.540000
o 423 36.240000
o 421 36.240000
o 417 36.240000
o 415 36.240000
o 413 36.240000
o 411 36.250000
o 406 36.270000
o 404 36.280000
o 401 36.280000
o 396 36.280000
o 392 36.280000
o 387 36.280000
o 382 36.280000
o 379 70.090000
o 367 70.090000
o 362 70.090000
o 360 71.860000
o 357 84.270000
o 355 84.270000
o 352 84.280000
o 350 84.280000
o 346 84.410000
o 344 84.450000
o 343 84.490000
o 339 84.490000
o 334 84.490000
o 331 84.530000
o 325 84.540000
o 323 84.930000
o 318 84.930000
o 313 84.930000
o 311 84.940000
o 304 84.940000
o 302 84.940000
o 300 84.950000
o 295 84.950000
o 291 84.980000
o 287 84.980000
o 285 84.990000
o 284 234.820000
o 282 234.820000
282	234.820000
timetabling-comp02
o 1498 0.680000
o 1085 0.930000
o 1080 0.930000
o 1075 0.930000
o 1070 0.930000
o 1068 0.930000
o 1063 0.930000
o 1050 0.940000
o 1045 0.940000
o 1040 0.940000
o 1025 0.940000
o 1020 0.940000
o 1015 0.940000
o 1011 0.940000
o 1001 0.940000
o 997 0.940000
o 996 0.940000
o 991 0.940000
o 989 0.940000
o 985 0.940000
o 981 0.940000
o 980 0.980000
o 975 0.980000
o 966 0.980000
o 961 0.990000
o 951 0.990000
o 946 0.990000
o 941 0.990000
o 936 0.990000
o 931 0.990000
o 926 0.990000
o 920 0.990000
o 915 0.990000
o 910 0.990000
o 905 0.990000
o 904 1.000000
o 899 1.000000
o 894 1.000000
o 889 1.000000
o 885 1.000000
o 883 1.000000
o 878 1.000000
o 873 1.000000
o 854 1.030000
o 849 1.030000
o 844 1.030000
o 839 1.030000
o 834 1.030000
o 829 1.030000
o 824 1.030000
o 818 1.030000
o 815 1.030000
o 810 1.030000
o 805 1.030000
o 795 1.030000
o 791 1.130000
o 786 1.130000
o 781 1.130000
o 776 1.130000
o 771 1.130000
o 766 1.130000
o 761 1.130000
o 756 1.130000
o 751 1.140000
o 733 1.140000
o 728 1.140000
o 720 1.140000
o 715 1.140000
o 710 1.140000
o 705 1.140000
o 703 1.140000
o 698 1.140000
o 695 1.160000
o 694 1.160000
o 693 1.160000
o 688 1.160000
o 685 1.230000
o 683 1.230000
o 678 1.230000
o 673 1.230000
o 652 1.250000
o 649 1.250000
o 647 1.250000
o 643 1.250000
o 638 1.250000
o 634 1.250000
o 629 1.250000
o 624 1.250000
o 620 1.250000
o 616 1.310000
o 615 1.310000
o 599 1.310000
o 597 1.320000
o 595 1.320000
o 593 1.320000
o 586 1.790000
o 582 1.810000
o 578 1.810000
o 572 1.810000
o 570 1.810000
o 568 2.440000
o 563 2.440000
o 562 2.440000
o 560 2.440000
o 559 2.440000
o 557 2.440000
o 549 2.440000
o 544 2.440000
o 539 2.450000
o 535 2.450000
o 532 2.460000
o 528 2.460000
o 526 2.460000
o 521 2.460000
o 517 2.460000
o 512 2.460000
o 510 2.460000
o 505 2.460000
o 502 9.830000
o 500 9.830000
o 498 9.850000
o 493 9.850000
o 490 9.860000
o 488 9.860000
o 486 9.870000
o 484 9.910000
o 482 9.920000
o 478 9.920000
o 470 10.050000
o 466 10.060000
o 464 10.080000
o 459 10.080000
o 457 10.080000
o 451 10.080000
o 449 23.550000
o 445 23.550000
o 443 23.610000
o 440 23.640000
o 438 23.640000
o 436 23.650000
o 427 23.710000
o 419 24.100000
o 418 24.180000
o 417 24.220000
o 415 24.220000
o 410 24.220000
o 405 24.230000
o 400 24.230000
o 395 24.230000
o 394 24.320000
o 383 24.330000
o 379 24.330000
o 376 24.730000
o 374 24.740000
o 370 56.390000
o 365 56.390000
o 360 56.390000
o 355 56.400000
o 350 56.400000
o 349 56.410000
o 344 56.410000
o 341 56.450000
o 339 56.450000
o 337 56.460000
o 334 56.590000
o 332 56.590000
o 328 97.090000
o 326 97.090000
o 325 101.700000
o 322 101.710000
o 319 101.710000
o 314 101.710000
o 312 101.710000
o 309 101.710000
o 307 101.720000
o 305 101.720000
o 303 101.730000
o 301 101.730000
o 299 101.730000
o 298 101.920000
o 296 101.920000
o 290 102.110000
o 285 102.110000
o 283 257.860000
o 281 257.900000
o 279 258.070000
o 277 258.070000
o 276 258.110000
o 272 258.140000
o 268 258.140000
o 266 258.140000
o 262 258.240000
o 248 258.240000
o 246 258.240000
246	258.240000
timetabling-comp02
o 1432 0.650000
o 1112 0.870000
o 1107 0.870000
o 1102 0.870000
o 1097 0.870000
o 1092 0.870000
o 1087 0.870000
o 1082 0.870000
o 1077 0.870000
o 1072 0.870000
o 1067 0.870000
o 1062 0.870000
o 1057 0.870000
o 1052 0.870000
o 1047 0.870000
o 1042 0.870000
o 1037 0.870000
o 1032 0.870000
o 1027 0.870000
o 1022 0.870000
o 1017 0.870000
o 1012 0.870000
o 1007 0.870000
o 1002 0.870000
o 997 0.870000
o 992 0.870000
o 987 0.870000
o 982 0.870000
o 977 0.870000
o 974 0.880000
o 969 0.880000
o 964 0.880000
o 958 0.880000
o 953 0.880000
o 948 0.880000
o 944 0.880000
o 940 0.990000
o 935 0.990000
o 930 0.990000
o 925 0.990000
o 920 0.990000
o 915 0.990000
o 910 0.990000
o 905 0.990000
o 900 0.990000
o 899 0.990000
o 894 0.990000
o 889 0.990000
o 885 0.990000
o 882 1.000000
o 877 1.000000
o 872 1.000000
o 867 1.000000
o 862 1.000000
o 856 1.000000
o 851 1.000000
o 846 1.000000
o 841 1.000000
o 836 1.000000
o 831 1.000000
o 829 1.000000
o 817 1.000000
o 812 1.000000
o 811 1.000000
o 806 1.000000
o 800 1.010000
o 795 1.010000
o 790 1.010000
o 787 1.020000
o 782 1.020000
o 781 1.040000
o 776 1.050000
o 771 1.050000
o 770 1.060000
o 765 1.060000
o 760 1.060000
o 755 1.060000
o 750 1.060000
o 745 1.060000
o 743 1.060000
o 738 1.060000
o 729 1.060000
o 727 1.070000
o 722 1.070000
o 717 1.070000
o 712 1.070000
o 707 1.070000
o 702 1.070000
o 697 1.070000
o 693 1.070000
o 688 1.070000
o 687 1.080000
o 682 1.080000
o 677 1.080000
o 672 1.080000
o 669 1.090000
o 668 1.110000
o 663 1.110000
o 658 1.110000
o 654 1.120000
o 649 1.120000
o 646 1.130000
o 640 1.130000
o 636 1.130000
o 631 1.130000
o 626 1.130000
o 624 1.130000
o 623 1.170000
o 618 1.170000
o 613 1.170000
o 608 1.170000
o 603 1.170000
o 600 1.290000
o 599 1.290000
o 594 1.300000
o 585 1.300000
o 583 1.350000
o 581 1.360000
o 576 1.360000
o 571 1.360000
o 562 3.110000
o 557 3.110000
o 555 3.110000
o 549 3.110000
o 538 3.150000
o 533 3.150000
o 531 3.160000
o 525 3.250000
o 522 3.250000
o 517 3.250000
o 515 3.250000
o 513 3.280000
o 511 7.680000
o 509 10.570000
o 506 10.750000
o 501 10.750000
o 489 10.750000
o 488 10.890000
o 484 10.890000
o 483 10.910000
o 479 10.910000
o 477 10.910000
o 473 17.890000
o 471 17.890000
o 466 17.890000
o 461 17.890000
o 459 17.910000
o 455 17.930000
o 454 17.930000
o 451 17.930000
o 447 17.940000
o 443 17.950000
o 438 17.950000
o 436 17.960000
o 429 17.990000
o 423 18.000000
o 422 41.860000
o 420 41.880000
o 417 41.880000
o 412 41.880000
o 407 41.880000
o 402 42.430000
o 400 42.430000
o 398 42.510000
o 394 42.510000
o 392 42.510000
o 390 42.610000
o 385 42.620000
o 381 42.770000
o 379 42.770000
o 375 42.780000
o 372 42.790000
o 361 43.670000
o 359 43.670000
o 357 43.670000
o 355 43.670000
o 353 43.680000
o 351 43.680000
o 349 43.680000
o 347 43.680000
o 342 43.700000
o 341 43.710000
o 336 70.870000
o 331 70.930000
o 329 70.930000
o 328 70.930000
o 326 70.960000
o 324 70.980000
o 323 71.160000
o 318 71.170000
o 316 116.740000
o 312 116.740000
o 311 116.760000
o 307 116.760000
o 304 200.810000
o 299 200.810000
o 298 200.840000
o 293 200.840000
o 292 200.850000
o 287 200.850000
o 285 200.850000
o 280 200.850000
o 278 200.850000
o 276 286.170000
o 273 286.180000
o 268 286.180000
268	286.180000
timetabling-comp02
o 1483 0.650000
o 1138 0.910000
o 1133 0.910000
o 1128 0.910000
o 1123 0.910000
o 1118 0.910000
o 1113 0.910000
o 1108 0.910000
o 1103 0.910000
o 1098 0.910000
o 1093 0.910000
o 1088 0.910000
o 1083 0.910000
o 1078 0.910000
o 1073 0.910000
o 1068 0.910000
o 1063 0.910000
o 1058 0.910000
o 1053 0.910000
o 1048 0.910000
o 1043 0.910000
o 1033 0.910000
o 1028 0.910000
o 1023 0.910000
o 1018 0.910000
o 1013 0.910000
o 1004 0.910000
o 999 0.910000
o 994 0.910000
o 990 0.910000
o 985 0.910000
o 980 0.920000
o 975 0.920000
o 970 0.920000
o 965 0.920000
o 960 0.920000
o 955 0.920000
o 950 0.920000
o 945 0.920000
o 940 0.920000
o 935 0.920000
o 930 0.920000
o 925 0.920000
o 920 0.920000
o 915 0.920000
o 910 0.920000
o 905 0.920000
o 900 0.920000
o 895 0.920000
o 890 0.920000
o 885 0.920000
o 880 0.920000
o 870 0.920000
o 867 0.930000
o 862 0.930000
o 860 0.930000
o 856 0.930000
o 851 0.930000
o 846 0.930000
o 843 0.930000
o 838 0.930000
o 836 0.940000
o 831 0.940000
o 826 0.940000
o 822 0.940000
o 820 0.940000
o 811 0.940000
o 806 0.940000
o 801 0.940000
o 796 0.940000
o 791 0.940000
o 789 0.950000
o 784 0.950000
o 779 0.950000
o 774 0.950000
o 769 0.950000
o 764 0.950000
o 759 0.950000
o 754 0.950000
o 749 0.950000
o 744 0.950000
o 734 0.950000
o 729 0.950000
o 724 0.950000
o 721 0.960000
o 716 0.960000
o 712 1.090000
o 707 1.090000
o 702 1.090000
o 698 1.100000
o 693 1.100000
o 688 1.100000
o 683 1.110000
o 671 1.110000
o 667 1.110000
o 662 1.110000
o 658 1.130000
o 657 1.130000
o 656 1.130000
o 653 1.150000
o 648 1.150000
o 643 1.150000
o 641 1.150000
o 636 1.150000
o 631 1.150000
o 629 1.150000
o 627 1.150000
o 626 1.150000
o 625 1.150000
o 620 1.150000
o 615 1.150000
o 613 1.160000
o 612 1.160000
o 607 1.160000
o 605 1.160000
o 600 1.160000
o 596 1.160000
o 591 1.160000
o 589 1.160000
o 586 1.490000
o 575 1.490000
o 572 1.590000
o 571 2.670000
o 564 2.680000
o 559 2.680000
o 557 2.710000
o 555 2.770000
o 547 2.780000
o 542 3.290000
o 540 3.290000
o 539 3.290000
o 536 3.290000
o 534 3.290000
o 522 3.320000
o 517 7.300000
o 514 7.310000
o 509 7.310000
o 507 7.310000
o 503 7.310000
o 498 7.330000
o 496 7.330000
o 492 7.340000
o 485 7.340000
o 480 7.340000
o 478 7.360000
o 474 7.360000
o 472 7.360000
o 467 7.360000
o 465 7.370000
o 461 7.370000
o 460 7.380000
o 455 7.380000
o 452 7.430000
o 449 7.530000
o 445 7.530000
o 443 7.530000
o 439 7.530000
o 436 7.530000
o 432 22.830000
o 430 22.830000
o 428 22.840000
o 424 22.890000
o 422 22.890000
o 417 22.900000
o 415 22.900000
o 411 22.900000
o 407 22.910000
o 402 22.910000
o 401 22.920000
o 399 22.920000
o 394 22.920000
o 389 22.920000
o 387 22.920000
o 386 22.920000
o 383 22.960000
o 380 22.960000
o 375 22.960000
o 370 22.960000
o 367 23.020000
o 362 23.020000
o 360 23.020000
o 358 23.020000
o 357 23.030000
o 352 23.030000
o 351 23.040000
o 346 23.040000
o 341 23.040000
o 336 23.040000
o 334 23.040000
o 331 68.820000
o 330 68.830000
o 324 68.840000
o 319 68.840000
o 317 68.860000
o 315 79.660000
o 312 79.660000
o 311 79.680000
o 308 79.740000
o 300 79.790000
o 295 79.800000
o 294 79.800000
o 292 79.800000
o 287 79.800000
o 285 79.800000
o 284 79.990000
o 279 80.000000
o 277 80.000000
o 275 80.000000
o 273 80.000000
o 269 80.030000
o 267 80.030000
o 262 80.040000
o 258 80.040000
o 256 80.050000
o 254 80.230000
o 252 80.260000
o 246 80.260000
o 244 80.300000
o 242 80.300000
o 240 80.310000
240	80.310000
timetabling-comp02
o 1555 0.780000
o 1090 1.030000
o 1085 1.030000
o 1080 1.030000
o 1075 1.030000
o 1070 1.030000
o 1067 1.030000
o 1062 1.030000
o 1057 1.030000
o 1054 1.030000
o 1049 1.030000
o 1044 1.030000
o 1039 1.030000
o 1034 1.030000
o 1030 1.030000
o 1025 1.030000
o 1020 1.030000
o 1015 1.030000
o 1010 1.030000
o 1005 1.030000
o 1000 1.030000
o 995 1.030000
o 994 1.040000
o 992 1.040000
o 987 1.040000
o 982 1.040000
o 978 1.040000
o 973 1.040000
o 968 1.040000
o 963 1.040000
o 961 1.130000
o 956 1.130000
o 951 1.130000
o 943 1.130000
o 938 1.130000
o 928 1.130000
o 923 1.130000
o 918 1.130000
o 908 1.130000
o 904 1.130000
o 899 1.130000
o 894 1.130000
o 889 1.130000
o 884 1.130000
o 879 1.130000
o 874 1.130000
o 869 1.130000
o 864 1.130000
o 860 1.140000
o 855 1.140000
o 850 1.140000
o 845 1.140000
o 838 1.140000
o 833 1.150000
o 829 1.150000
o 824 1.150000
o 819 1.150000
o 814 1.150000
o 809 1.150000
o 804 1.150000
o 799 1.150000
o 796 1.160000
o 790 1.160000
o 785 1.160000
o 783 1.160000
o 781 1.160000
o 776 1.160000
o 770 1.160000
o 764 1.170000
o 759 1.170000
o 757 1.170000
o 752 1.170000
o 747 1.170000
o 742 1.170000
o 740 1.220000
o 735 1.220000
o 730 1.220000
o 725 1.380000
o 720 1.380000
o 715 1.380000
o 709 1.380000
o 706 1.380000
o 704 1.380000
o 699 1.380000
o 697 1.390000
o 692 1.390000
o 690 1.390000
o 678 1.390000
o 675 1.390000
o 670 1.390000
o 645 1.400000
o 641 1.450000
o 637 1.450000
o 635 1.640000
o 630 1.640000
o 626 1.660000
o 624 2.060000
o 621 2.310000
o 618 2.310000
o 612 2.310000
o 607 2.310000
o 605 2.310000
o 600 2.320000
o 595 2.320000
o 590 2.320000
o 585 2.320000
o 581 2.320000
o 580 2.590000
o 577 2.590000
o 561 2.720000
o 555 2.740000
o 553 2.740000
o 548 2.740000
o 543 2.740000
o 542 2.740000
o 538 2.740000
o 534 2.740000
o 530 5.000000
o 525 5.000000
o 524 5.000000
o 520 5.000000
o 511 8.690000
o 508 8.690000
o 503 8.690000
o 500 12.720000
o 496 12.720000
o 494 12.720000
o 493 12.730000
o 488 12.740000
o 487 12.920000
o 485 12.920000
o 481 12.940000
o 480 12.980000
o 475 12.980000
o 470 12.990000
o 467 12.990000
o 463 12.990000
o 459 12.990000
o 457 12.990000
o 455 13.030000
o 450 13.030000
o 445 13.030000
o 443 13.030000
o 439 13.030000
o 435 13.040000
o 433 21.620000
o 428 21.620000
o 414 21.630000
o 413 26.790000
o 409 26.790000
o 404 26.790000
o 402 26.930000
o 398 26.940000
o 394 26.950000
o 390 26.960000
o 387 27.430000
o 385 27.440000
o 381 27.440000
o 376 27.440000
o 374 27.450000
o 371 27.460000
o 366 27.460000
o 362 27.460000
o 357 27.460000
o 356 27.460000
o 355 63.740000
o 351 63.740000
o 349 63.750000
o 347 63.840000
o 342 63.840000
o 341 63.870000
o 337 63.870000
o 336 63.980000
o 334 63.980000
o 329 63.990000
o 324 63.990000
o 308 64.020000
o 305 64.020000
o 298 64.040000
298	64.040000
timetabling-comp02
o 1432 0.800000
o 1065 1.060000
o 1060 1.060000
o 1055 1.060000
o 1050 1.060000
o 1045 1.060000
o 1040 1.060000
o 1035 1.060000
o 1030 1.060000
o 1025 1.060000
o 1020 1.060000
o 1015 1.060000
o 1010 1.060000
o 1006 1.060000
o 1001 1.060000
o 996 1.060000
o 991 1.060000
o 990 1.060000
o 985 1.060000
o 980 1.060000
o 969 1.070000
o 967 1.080000
o 964 1.080000
o 959 1.080000
o 954 1.080000
o 949 1.080000
o 944 1.080000
o 939 1.080000
o 934 1.080000
o 929 1.080000
o 924 1.080000
o 919 1.080000
o 914 1.080000
o 907 1.080000
o 902 1.080000
o 897 1.080000
o 892 1.080000
o 890 1.080000
o 886 1.080000
o 881 1.080000
o 879 1.080000
o 874 1.220000
o 869 1.220000
o 864 1.220000
o 859 1.220000
o 854 1.220000
o 849 1.220000
o 844 1.220000
o 839 1.220000
o 835 1.220000
o 824 1.230000
o 819 1.230000
o 817 1.250000
o 812 1.250000
o 807 1.250000
o 802 1.250000
o 800 1.250000
o 795 1.250000
o 791 1.250000
o 786 1.250000
o 781 1.250000
o 778 1.250000
o 773 1.260000
o 771 1.260000
o 769 1.260000
o 768 1.260000
o 763 1.260000
o 758 1.260000
o 753 1.260000
o 748 1.260000
o 743 1.260000
o 741 1.270000
o 736 1.270000
o 725 1.270000
o 720 1.270000
o 715 1.270000
o 707 1.270000
o 702 1.270000
o 698 1.270000
o 693 1.270000
o 688 1.270000
o 683 1.270000
o 678 1.270000
o 677 1.310000
o 672 1.310000
o 667 1.310000
o 663 1.320000
o 658 1.320000
o 653 1.320000
o 648 1.320000
o 643 1.320000
o 639 1.330000
o 634 1.330000
o 629 1.330000
o 624 1.330000
o 619 1.330000
o 616 1.330000
o 611 1.330000
o 606 1.330000
o 598 1.580000
o 597 1.600000
o 592 1.600000
o 590 1.600000
o 580 1.600000
o 576 1.600000
o 575 1.620000
o 571 1.620000
o 563 1.620000
o 561 1.630000
o 557 1.630000
o 554 9.460000
o 552 12.960000
o 547 12.960000
o 537 12.980000
o 535 13.030000
o 525 13.040000
o 519 13.160000
o 518 13.160000
o 509 13.160000
o 507 13.170000
o 503 13.230000
o 493 13.250000
o 488 13.250000
o 486 34.700000
o 482 34.700000
o 480 34.760000
o 474 34.770000
o 466 34.770000
o 461 34.770000
o 456 34.770000
o 454 34.770000
o 446 54.730000
o 445 54.730000
o 443 61.230000
o 439 61.230000
o 437 61.240000
o 432 61.240000
o 430 61.240000
o 429 61.820000
o 424 61.830000
o 421 61.830000
o 419 61.840000
o 415 61.860000
o 410 61.860000
o 407 61.870000
o 402 61.870000
o 396 61.880000
o 394 61.890000
o 389 61.890000
o 387 61.890000
o 382 61.900000
o 377 61.900000
o 375 61.900000
o 371 61.910000
o 370 61.910000
o 365 61.910000
o 363 61.910000
o 359 61.920000
o 358 61.920000
o 353 61.920000
o 348 61.920000
o 345 61.920000
o 341 61.920000
o 340 61.920000
o 338 134.660000
o 332 134.660000
o 330 134.670000
o 328 134.670000
o 326 134.670000
o 325 134.990000
o 323 135.370000
o 321 135.380000
o 316 135.390000
o 311 135.390000
o 307 135.390000
o 302 135.390000
o 301 135.410000
o 300 135.410000
o 295 135.410000
o 291 135.470000
o 287 135.480000
o 285 135.500000
o 284 135.670000
o 281 135.670000
o 276 135.670000
o 274 135.680000
274	135.680000
timetabling-comp02
o 1351 0.820000
o 1057 1.100000
o 1052 1.100000
o 1047 1.100000
o 1042 1.100000
o 1037 1.100000
o 1032 1.100000
o 1027 1.100000
o 1022 1.100000
o 1017 1.100000
o 1015 1.100000
o 1010 1.100000
o 1005 1.100000
o 1000 1.100000
o 995 1.100000
o 990 1.100000
o 985 1.100000
o 980 1.100000
o 975 1.100000
o 970 1.100000
o 965 1.100000
o 960 1.100000
o 955 1.100000
o 950 1.100000
o 945 1.100000
o 935 1.100000
o 930 1.100000
o 925 1.100000
o 920 1.100000
o 915 1.100000
o 910 1.100000
o 905 1.100000
o 904 1.110000
o 899 1.110000
o 894 1.110000
o 889 1.110000
o 884 1.110000
o 879 1.110000
o 874 1.110000
o 869 1.110000
o 864 1.110000
o 859 1.110000
o 841 1.140000
o 836 1.150000
o 831 1.150000
o 826 1.150000
o 822 1.150000
o 817 1.150000
o 812 1.150000
o 809 1.150000
o 804 1.150000
o 794 1.150000
o 789 1.150000
o 784 1.150000
o 779 1.150000
o 774 1.150000
o 768 1.150000
o 764 1.160000
o 761 1.160000
o 756 1.160000
o 751 1.160000
o 748 1.160000
o 743 1.160000
o 738 1.160000
o 736 1.200000
o 731 1.210000
o 726 1.210000
o 722 1.210000
o 717 1.210000
o 716 1.210000
o 711 1.210000
o 706 1.210000
o 701 1.210000
o 697 1.210000
o 695 1.240000
o 690 1.240000
o 689 1.240000
o 683 1.240000
o 681 1.400000
o 677 1.400000
o 674 1.420000
o 669 1.420000
o 664 1.420000
o 661 1.450000
o 656 1.450000
o 651 1.450000
o 646 1.450000
o 641 1.450000
o 637 1.450000
o 635 1.450000
o 628 1.450000
o 623 1.450000
o 619 1.460000
o 613 1.460000
o 602 1.470000
o 598 1.470000
o 596 1.480000
o 591 1.480000
o 590 1.480000
o 585 1.480000
o 580 1.480000
o 575 2.570000
o 571 2.570000
o 570 2.580000
o 566 2.580000
o 564 2.580000
o 563 2.650000
o 562 2.690000
o 560 2.690000
o 555 2.690000
o 552 2.700000
o 550 2.700000
o 546 2.700000
o 542 2.700000
o 541 2.730000
o 535 2.730000
o 533 2.740000
o 529 2.740000
o 527 2.750000
o 520 2.750000
o 516 12.190000
o 512 16.630000
o 510 16.640000
o 508 16.660000
o 503 16.660000
o 500 16.660000
o 496 16.660000
o 491 16.660000
o 486 16.660000
o 484 16.660000
o 482 16.680000
o 479 16.680000
o 475 18.490000
o 473 37.270000
o 471 37.270000
o 466 37.270000
o 462 37.270000
o 458 37.300000
o 455 37.300000
o 450 37.300000
o 446 37.300000
o 444 37.300000
o 441 37.300000
o 436 37.300000
o 435 61.840000
o 429 61.840000
o 427 61.850000
o 425 61.860000
o 420 61.860000
o 418 61.880000
o 414 61.890000
o 411 87.350000
o 407 87.360000
o 404 87.390000
o 402 87.390000
o 398 87.460000
o 394 87.470000
o 390 87.490000
o 384 87.490000
o 379 87.490000
o 377 87.500000
o 374 87.650000
o 373 87.670000
o 368 87.670000
o 363 87.670000
o 357 87.670000
o 355 87.670000
o 352 87.670000
o 347 87.680000
o 342 87.680000
o 337 87.680000
o 333 168.110000
o 329 168.120000
o 327 168.150000
o 322 168.150000
o 319 168.160000
o 314 168.160000
o 313 168.190000
o 308 168.190000
o 305 168.290000
o 303 168.300000
o 298 168.300000
o 296 168.300000
o 294 168.300000
o 292 168.310000
o 290 168.310000
290	168.310000
timetabling-comp02
o 1495 0.600000
o 1232 0.840000
o 1227 0.840000
o 1222 0.840000
o 1217 0.840000
o 1212 0.840000
o 1208 0.840000
o 1203 0.840000
o 1198 0.840000
o 1190 0.840000
o 1185 0.840000
o 1180 0.840000
o 1170 0.840000
o 1165 0.840000
o 1152 0.850000
o 1147 0.850000
o 1137 0.850000
o 1129 0.850000
o 1122 0.850000
o 1117 0.850000
o 1107 0.850000
o 1102 0.850000
o 1098 0.860000
o 1097 0.860000
o 1076 0.860000
o 1072 0.890000
o 1067 0.890000
o 1062 0.890000
o 1057 0.890000
o 1055 0.900000
o 1052 0.900000
o 1047 0.900000
o 1042 0.900000
o 1014 0.910000
o 1009 0.910000
o 1004 0.910000
o 999 0.910000
o 994 0.910000
o 989 0.910000
o 984 0.910000
o 979 0.910000
o 978 0.910000
o 973 0.910000
o 968 0.910000
o 961 0.910000
o 959 0.910000
o 954 0.910000
o 949 0.910000
o 944 0.910000
o 934 0.910000
o 929 0.910000
o 924 0.910000
o 922 0.920000
o 917 0.920000
o 912 0.920000
o 907 0.920000
o 902 0.920000
o 897 0.920000
o 892 0.920000
o 887 0.920000
o 886 0.920000
o 885 0.950000
o 880 0.950000
o 876 0.970000
o 871 0.970000
o 866 0.970000
o 861 0.970000
o 858 1.000000
o 854 1.000000
o 850 1.000000
o 845 1.000000
o 840 1.000000
o 836 1.000000
o 831 1.000000
o 827 1.000000
o 824 1.000000
o 821 1.040000
o 816 1.040000
o 811 1.050000
o 806 1.050000
o 801 1.050000
o 795 1.050000
o 790 1.050000
o 785 1.050000
o 784 1.050000
o 779 1.050000
o 774 1.050000
o 756 1.060000
o 753 1.060000
o 751 1.060000
o 750 1.060000
o 748 1.060000
o 743 1.060000
o 738 1.060000
o 733 1.060000
o 728 1.060000
o 726 1.060000
o 725 1.160000
o 721 1.190000
o 720 1.190000
o 712 1.190000
o 711 1.200000
o 702 1.240000
o 698 1.250000
o 693 1.250000
o 688 1.250000
o 687 1.650000
o 682 1.650000
o 677 1.650000
o 673 1.650000
o 668 1.650000
o 666 1.650000
o 664 1.650000
o 660 1.660000
o 655 1.660000
o 650 1.660000
o 645 1.660000
o 640 1.660000
o 632 1.660000
o 629 1.880000
o 623 1.890000
o 618 1.890000
o 614 1.890000
o 612 1.910000
o 607 1.910000
o 598 1.930000
o 593 1.930000
o 588 1.930000
o 584 1.930000
o 580 1.930000
o 572 1.930000
o 570 1.940000
o 566 1.940000
o 561 1.940000
o 556 1.940000
o 551 1.950000
o 546 1.950000
o 541 1.950000
o 536 1.950000
o 529 1.950000
o 528 2.570000
o 524 2.570000
o 522 2.570000
o 519 2.580000
o 514 11.300000
o 512 11.300000
o 510 11.300000
o 508 11.300000
o 503 11.300000
o 498 11.300000
o 493 11.310000
o 491 11.310000
o 488 11.310000
o 483 11.310000
o 480 11.340000
o 475 18.870000
o 474 18.870000
o 473 18.880000
o 470 18.880000
o 468 18.890000
o 465 19.060000
o 463 19.060000
o 460 19.070000
o 455 19.070000
o 450 19.070000
o 445 19.070000
o 440 19.070000
o 436 19.070000
o 431 19.080000
o 426 19.080000
o 425 19.090000
o 417 19.100000
o 412 19.100000
o 407 19.110000
o 403 19.110000
o 401 19.120000
o 398 19.160000
o 395 48.440000
o 389 48.450000
o 385 48.450000
o 377 48.500000
o 376 52.770000
o 374 52.770000
o 369 52.780000
o 366 52.840000
o 361 52.840000
o 357 52.840000
o 355 52.930000
o 350 52.930000
o 348 52.940000
o 344 52.940000
o 336 52.940000
o 333 52.990000
o 328 52.990000
o 323 52.990000
o 322 53.050000
o 320 53.050000
o 317 53.220000
o 312 53.220000
o 307 53.530000
o 302 53.530000
o 300 53.530000
o 295 53.540000
o 293 53.540000
o 284 53.670000
o 280 53.670000
o 279 211.140000
o 274 211.140000
o 272 211.180000
o 270 211.180000
o 262 211.180000
o 256 211.190000
o 251 211.200000
251	211.200000
timetabling-comp02
o 1463 0.800000
o 989 1.010000
o 984 1.010000
o 979 1.010000
o 974 1.010000
o 969 1.010000
o 964 1.010000
o 959 1.010000
o 954 1.010000
o 949 1.010000
o 944 1.010000
o 939 1.010000
o 934 1.010000
o 929 1.010000
o 924 1.010000
o 919 1.010000
o 914 1.010000
o 909 1.010000
o 904 1.010000
o 899 1.010000
o 894 1.010000
o 889 1.010000
o 884 1.010000
o 879 1.010000
o 874 1.010000
o 871 1.020000
o 867 1.020000
o 862 1.020000
o 857 1.020000
o 852 1.020000
o 847 1.020000
o 842 1.020000
o 837 1.020000
o 832 1.020000
o 827 1.020000
o 822 1.020000
o 817 1.020000
o 812 1.020000
o 807 1.020000
o 802 1.020000
o 797 1.020000
o 794 1.030000
o 790 1.220000
o 782 1.220000
o 771 1.220000
o 769 1.220000
o 764 1.220000
o 759 1.220000
o 754 1.220000
o 748 1.220000
o 744 1.220000
o 739 1.220000
o 735 1.220000
o 729 1.220000
o 724 1.220000
o 716 1.240000
o 714 1.240000
o 712 1.240000
o 711 1.320000
o 706 1.320000
o 701 1.320000
o 699 1.330000
o 698 1.330000
o 691 1.340000
o 686 1.340000
o 681 1.340000
o 677 1.340000
o 672 1.340000
o 658 1.340000
o 653 1.340000
o 652 1.350000
o 647 1.350000
o 645 1.360000
o 643 1.360000
o 638 1.360000
o 635 1.360000
o 630 1.360000
o 625 1.390000
o 617 1.390000
o 613 1.390000
o 610 1.410000
o 609 1.630000
o 605 1.630000
o 602 1.630000
o 597 1.630000
o 595 2.610000
o 585 2.610000
o 582 2.630000
o 577 2.640000
o 575 2.640000
o 570 2.640000
o 562 2.640000
o 561 3.440000
o 559 3.890000
o 555 3.900000
o 553 4.140000
o 549 4.150000
o 546 4.150000
o 541 4.150000
o 537 4.150000
o 535 4.150000
o 533 4.250000
o 531 4.440000
o 529 4.440000
o 527 4.480000
o 526 4.480000
o 521 4.480000
o 517 4.480000
o 515 4.490000
o 513 4.490000
o 503 4.490000
o 498 4.490000
o 494 4.530000
o 493 4.530000
o 490 4.640000
o 480 4.640000
o 478 11.400000
o 475 11.420000
o 473 11.530000
o 471 11.530000
o 465 11.530000
o 460 11.530000
o 458 11.540000
o 452 11.540000
o 451 11.540000
o 446 11.540000
o 445 11.540000
o 441 11.550000
o 439 11.550000
o 432 11.550000
o 428 36.930000
o 424 36.930000
o 419 36.930000
o 412 36.930000
o 411 36.940000
o 410 36.950000
o 408 36.960000
o 404 49.050000
o 402 49.050000
o 397 49.050000
o 396 49.270000
o 394 49.310000
o 389 49.310000
o 386 49.310000
o 385 50.410000
o 382 53.350000
o 376 53.350000
o 374 53.350000
o 368 53.380000
o 364 53.380000
o 361 53.390000
o 358 53.440000
o 354 53.450000
o 349 53.450000
o 347 53.460000
o 342 53.460000
o 340 53.460000
o 338 53.510000
o 336 53.510000
o 333 53.520000
o 331 53.520000
o 326 53.520000
o 323 53.540000
o 318 53.540000
o 316 53.600000
o 314 53.610000
o 308 102.990000
o 306 103.000000
o 302 103.000000
o 299 103.120000
o 295 103.130000
o 291 103.160000
o 288 103.190000
o 283 103.190000
o 282 103.210000
o 277 103.210000
o 275 103.210000
o 270 103.210000
o 268 103.220000
o 263 103.220000
263	103.220000
timetabling-comp02
o 1463 0.760000
o 1112 1.060000
o 1107 1.060000
o 1102 1.060000
o 1097 1.060000
o 1092 1.060000
o 1087 1.060000
o 1082 1.060000
o 1077 1.060000
o 1072 1.060000
o 1067 1.060000
o 1062 1.060000
o 1057 1.060000
o 1052 1.060000
o 1047 1.060000
o 1042 1.060000
o 1037 1.060000
o 1032 1.060000
o 1027 1.060000
o 1022 1.060000
o 1017 1.060000
o 1012 1.060000
o 1007 1.060000
o 1002 1.060000
o 997 1.060000
o 992 1.060000
o 987 1.060000
o 982 1.060000
o 977 1.060000
o 972 1.060000
o 967 1.060000
o 962 1.060000
o 957 1.070000
o 954 1.140000
o 949 1.140000
o 944 1.140000
o 939 1.140000
o 934 1.140000
o 929 1.140000
o 924 1.140000
o 920 1.140000
o 915 1.140000
o 907 1.140000
o 902 1.140000
o 893 1.140000
o 888 1.140000
o 883 1.140000
o 878 1.140000
o 876 1.150000
o 873 1.200000
o 863 1.200000
o 858 1.200000
o 853 1.200000
o 848 1.200000
o 845 1.210000
o 840 1.210000
o 839 1.210000
o 835 1.210000
o 830 1.210000
o 825 1.210000
o 820 1.210000
o 814 1.210000
o 809 1.210000
o 804 1.210000
o 799 1.220000
o 782 1.220000
o 781 1.220000
o 776 1.220000
o 771 1.220000
o 766 1.220000
o 763 1.330000
o 758 1.340000
o 736 1.340000
o 735 1.350000
o 732 1.350000
o 727 1.350000
o 722 1.350000
o 717 1.350000
o 715 1.360000
o 710 1.360000
o 706 1.380000
o 701 1.400000
o 696 1.400000
o 692 1.400000
o 689 1.400000
o 686 1.400000
o 685 1.400000
o 680 1.400000
o 673 1.400000
o 669 1.410000
o 664 1.410000
o 662 1.410000
o 659 1.410000
o 658 1.410000
o 657 1.420000
o 652 1.420000
o 651 1.420000
o 645 1.420000
o 640 1.420000
o 637 1.430000
o 632 1.430000
o 627 1.430000
o 620 1.470000
o 615 1.470000
o 612 1.470000
o 607 1.470000
o 603 1.470000
o 599 1.470000
o 595 1.470000
o 591 2.630000
o 587 2.630000
o 578 2.690000
o 576 2.690000
o 572 2.690000
o 567 2.690000
o 565 2.690000
o 558 3.190000
o 551 3.200000
o 547 3.460000
o 542 3.460000
o 532 3.460000
o 531 3.870000
o 526 3.870000
o 525 3.890000
o 524 3.890000
o 516 3.890000
o 498 3.890000
o 497 14.780000
o 496 14.810000
o 494 14.840000
o 490 14.970000
o 485 14.990000
o 483 14.990000
o 476 15.000000
o 471 15.010000
o 468 21.540000
o 464 21.550000
o 462 21.550000
o 461 21.700000
o 456 21.700000
o 447 21.760000
o 445 21.800000
o 443 21.800000
o 438 21.800000
o 434 21.800000
o 432 23.690000
o 428 23.690000
o 427 24.980000
o 425 24.980000
o 421 25.020000
o 419 25.030000
o 417 25.030000
o 415 25.080000
o 412 47.650000
o 410 47.650000
o 404 47.650000
o 399 47.650000
o 398 47.650000
o 396 47.650000
o 393 47.650000
o 392 47.650000
o 391 47.660000
o 389 47.720000
o 388 47.720000
o 387 47.730000
o 384 47.730000
o 380 47.730000
o 375 47.730000
o 371 47.730000
o 369 47.750000
o 364 47.750000
o 362 47.750000
o 360 47.750000
o 359 47.960000
o 356 47.970000
o 352 47.970000
o 350 47.970000
o 345 47.970000
o 341 47.970000
o 337 47.970000
o 332 47.970000
o 328 47.990000
o 324 48.190000
o 322 48.210000
o 321 48.320000
o 319 48.330000
o 317 48.330000
o 316 48.350000
o 315 48.390000
o 312 48.390000
o 308 48.390000
o 304 48.390000
o 300 48.400000
o 297 48.440000
o 295 48.440000
o 293 48.490000
o 291 48.510000
o 286 48.510000
286	48.510000
