abstraction-refinement-polysite-pmd
o 389432 57.640000
o 196963 62.650000
o 196962 62.700000
o 196961 62.710000
o 196960 62.720000
o 196959 62.760000
o 196958 62.760000
o 196957 62.780000
o 196956 62.790000
o 196955 62.800000
o 196954 62.810000
o 196953 62.820000
o 196952 62.830000
o 196951 62.840000
o 196950 62.850000
o 196949 62.860000
o 196948 62.870000
o 196947 62.880000
o 196946 62.890000
o 196945 62.900000
o 196944 62.910000
o 196943 62.940000
o 196942 62.950000
o 196941 62.960000
o 196940 62.970000
o 196939 62.980000
o 196938 63.040000
o 196937 63.050000
o 196936 63.060000
o 196935 63.070000
o 196934 63.080000
o 196933 63.090000
o 196932 63.100000
o 196931 63.110000
o 196930 63.120000
o 196929 63.130000
o 196928 63.200000
o 196927 63.210000
o 196926 63.220000
o 196925 63.270000
o 196924 63.430000
o 196923 63.440000
o 196922 63.460000
o 196921 63.470000
o 196920 63.480000
o 196919 63.490000
o 196918 63.500000
o 196917 63.530000
o 196916 63.540000
o 196915 63.550000
o 196914 63.570000
o 196913 63.580000
o 196912 63.590000
o 196911 63.600000
o 196910 63.630000
o 196909 63.640000
o 196908 63.650000
o 196907 63.670000
o 196906 63.680000
o 196905 63.720000
o 196904 63.730000
o 196903 63.750000
o 196902 63.830000
o 196901 63.840000
o 196900 64.000000
o 196899 64.010000
o 196898 64.040000
o 196897 64.050000
o 196896 64.110000
o 196895 64.130000
o 196894 64.140000
o 196893 64.150000
o 196892 64.220000
o 196891 64.260000
o 196890 64.390000
o 196889 64.400000
o 196888 64.410000
o 196887 64.450000
o 196886 64.590000
o 196885 65.170000
o 196884 65.240000
o 196883 65.250000
o 196882 65.270000
o 196881 65.400000
o 196880 65.410000
o 196879 65.420000
o 196878 65.600000
o 196877 65.610000
o 196876 65.620000
o 196875 65.630000
o 196874 65.720000
o 196873 65.730000
o 196872 65.750000
o 196871 65.760000
o 196870 65.810000
o 196869 65.860000
o 196868 65.870000
o 196867 65.890000
o 196866 65.900000
o 196865 65.960000
o 196864 66.100000
o 196863 66.110000
o 196862 66.120000
o 196861 66.130000
o 196860 66.150000
o 196859 66.160000
o 196858 66.180000
o 196857 66.190000
o 196856 66.200000
o 196855 66.210000
o 196854 66.220000
o 196853 66.240000
o 196852 66.250000
o 196851 66.650000
o 196850 66.670000
o 196849 66.750000
o 196848 66.790000
o 196847 66.800000
o 196846 66.810000
o 196845 66.980000
o 196844 67.380000
o 196843 67.550000
o 196842 67.560000
o 196841 67.570000
o 196840 67.950000
o 196839 67.950000
o 196838 68.050000
o 196837 68.090000
o 196836 68.680000
o 196835 69.220000
o 196834 69.240000
o 196833 70.250000
o 196832 70.370000
o 192646 71.130000
o 192645 71.150000
o 192644 71.530000
o 192643 71.540000
o 192642 71.760000
o 192641 72.110000
o 192640 72.130000
o 192639 72.320000
o 192638 72.560000
o 192637 72.570000
o 192636 72.850000
o 192635 72.900000
o 192634 73.220000
o 192633 73.400000
o 188480 78.450000
o 188479 78.450000
o 188478 78.470000
o 188477 78.470000
o 188476 78.480000
o 188475 78.490000
o 188474 78.490000
o 188473 78.500000
o 188472 78.510000
o 188471 78.520000
o 188470 78.520000
o 188469 78.530000
o 188468 78.540000
o 188467 78.550000
o 188466 78.560000
o 188465 78.790000
o 188464 78.800000
o 188463 78.810000
o 188462 78.870000
o 188461 78.880000
o 188460 78.910000
o 188459 78.930000
o 188458 78.970000
o 188457 79.540000
o 188456 79.560000
o 188455 79.960000
o 188454 80.060000
o 188453 80.290000
188453	80.290000
abstraction-refinement-polysite-pmd
o 406170 30.400000
o 196972 34.130000
o 196971 34.150000
o 196970 34.160000
o 196969 34.170000
o 196968 34.170000
o 196967 34.180000
o 196966 34.180000
o 196965 34.190000
o 196964 34.200000
o 196963 34.230000
o 196962 34.240000
o 196961 34.250000
o 196960 34.260000
o 196959 34.270000
o 196958 34.290000
o 196957 34.330000
o 196956 34.330000
o 196955 34.340000
o 196954 34.360000
o 196953 34.390000
o 196952 34.400000
o 196951 34.400000
o 196950 34.410000
o 196949 34.420000
o 196948 34.440000
o 196947 34.450000
o 196946 34.450000
o 196945 34.460000
o 196944 34.480000
o 196943 34.480000
o 196942 34.480000
o 196941 34.490000
o 196940 34.500000
o 196939 34.500000
o 196938 34.510000
o 196937 34.520000
o 196936 34.520000
o 196935 34.530000
o 196934 34.530000
o 196933 34.540000
o 196932 34.550000
o 196931 34.550000
o 196930 34.560000
o 196929 34.570000
o 196928 34.590000
o 196927 34.600000
o 196926 34.600000
o 196925 34.610000
o 196924 34.620000
o 196923 34.620000
o 196922 34.630000
o 196921 34.650000
o 196920 34.650000
o 196919 34.720000
o 196918 34.730000
o 196917 34.740000
o 196916 34.780000
o 196915 34.920000
o 196914 34.940000
o 196913 34.940000
o 196912 34.950000
o 196911 34.950000
o 196910 34.960000
o 196909 34.970000
o 196908 34.970000
o 196907 34.980000
o 196906 34.980000
o 196905 35.000000
o 196904 35.010000
o 196903 35.020000
o 196902 35.030000
o 196901 35.030000
o 196900 35.040000
o 196899 35.050000
o 196898 35.110000
o 196897 35.120000
o 196896 35.130000
o 196895 35.670000
o 196894 35.700000
o 196893 35.760000
o 196892 35.880000
o 196891 36.120000
o 196890 36.130000
o 196889 36.150000
o 196888 36.160000
o 196887 36.170000
o 196886 36.180000
o 196885 36.180000
o 196884 36.200000
o 196883 36.200000
o 196882 36.210000
o 196881 36.230000
o 196880 36.250000
o 196879 36.260000
o 196878 36.270000
o 196877 36.330000
o 196876 36.340000
o 196875 36.340000
o 196874 36.370000
o 196873 36.380000
o 196872 36.390000
o 196871 36.400000
o 196870 36.400000
o 196869 36.410000
o 196868 36.700000
o 196867 36.700000
o 196866 36.710000
o 196865 36.720000
o 196864 36.730000
o 196863 36.820000
o 196862 36.860000
o 196861 36.880000
o 196860 36.940000
o 196859 36.940000
o 196858 37.020000
o 196857 37.020000
o 196856 37.030000
o 196855 37.030000
o 196854 37.050000
o 196853 37.070000
o 196852 37.080000
o 196851 37.090000
o 196850 37.240000
o 196849 37.250000
o 196848 37.260000
o 196847 37.260000
o 196846 37.270000
o 196845 37.330000
o 196844 37.350000
o 196843 37.430000
o 196842 37.500000
o 196841 37.500000
o 196840 37.520000
o 196839 37.710000
o 196838 37.720000
o 196837 37.730000
o 196836 37.740000
o 196835 37.750000
o 196834 38.370000
o 196833 38.410000
o 196832 38.420000
o 192656 42.510000
o 192655 42.510000
o 192654 42.520000
o 192653 42.520000
o 192652 42.530000
o 192651 42.530000
o 192650 42.580000
o 192649 42.760000
o 192648 42.770000
o 192647 43.030000
o 192646 43.040000
o 192645 43.900000
o 192644 44.580000
o 192643 44.680000
o 192642 44.690000
o 192641 44.700000
o 192640 44.720000
o 192639 44.930000
o 192638 45.230000
o 192637 46.700000
o 188453 48.050000
o 188452 48.060000
o 188451 48.240000
o 188450 48.270000
o 188449 48.310000
o 188448 48.320000
188448	48.320000
abstraction-refinement-polysite-pmd
o 418770 51.920000
o 197020 56.880000
o 197019 56.900000
o 197018 56.940000
o 197017 56.950000
o 197016 56.960000
o 197015 57.000000
o 197014 57.010000
o 197013 57.110000
o 197012 57.120000
o 197011 57.140000
o 197010 57.150000
o 197009 57.160000
o 197008 57.180000
o 197007 57.190000
o 197006 57.200000
o 197005 57.240000
o 197004 57.250000
o 197003 57.280000
o 197002 57.290000
o 197001 57.300000
o 197000 57.310000
o 196999 57.330000
o 196998 57.340000
o 196997 57.360000
o 196996 57.370000
o 196995 57.380000
o 196994 57.390000
o 196993 57.410000
o 196992 57.530000
o 196991 57.540000
o 196990 57.550000
o 196989 57.560000
o 196988 57.970000
o 196987 57.980000
o 196986 58.000000
o 196985 58.020000
o 196984 58.030000
o 196983 58.040000
o 196982 58.080000
o 196981 58.090000
o 196980 58.100000
o 196979 58.120000
o 196978 58.130000
o 196977 58.150000
o 196976 58.170000
o 196975 58.180000
o 196974 58.200000
o 196973 58.200000
o 196972 58.250000
o 196971 58.290000
o 196970 58.300000
o 196969 58.320000
o 196968 58.320000
o 196967 58.450000
o 196966 58.460000
o 196965 58.480000
o 196964 58.490000
o 196963 58.500000
o 196962 58.510000
o 196961 58.530000
o 196960 58.540000
o 196959 58.550000
o 196958 58.560000
o 196957 58.570000
o 196956 58.590000
o 196955 58.610000
o 196954 58.620000
o 196953 58.650000
o 196952 58.680000
o 196951 58.710000
o 196950 58.760000
o 196949 58.770000
o 196948 58.900000
o 196947 58.910000
o 196946 58.950000
o 196945 59.100000
o 196944 59.120000
o 196943 59.240000
o 196942 59.250000
o 196941 59.310000
o 196940 59.400000
o 196939 59.410000
o 196938 59.440000
o 196937 59.510000
o 196936 59.560000
o 196935 59.600000
o 196934 59.620000
o 196933 59.650000
o 196932 59.760000
o 196931 59.780000
o 196930 59.800000
o 196929 59.810000
o 196928 59.860000
o 196927 59.910000
o 196926 59.920000
o 196925 59.960000
o 196924 59.980000
o 196923 60.000000
o 196922 60.010000
o 196921 60.020000
o 196920 60.060000
o 196919 60.070000
o 196918 60.110000
o 196917 60.130000
o 196916 60.140000
o 196915 60.270000
o 196914 60.280000
o 196913 60.300000
o 196912 60.320000
o 196911 60.350000
o 196910 60.440000
o 196909 60.450000
o 196908 60.460000
o 196907 60.500000
o 196906 60.510000
o 196905 60.530000
o 196904 60.550000
o 196903 60.720000
o 196902 60.840000
o 196901 60.850000
o 196900 60.870000
o 196899 60.880000
o 196898 60.890000
o 196897 60.910000
o 196896 60.920000
o 196895 60.930000
o 196894 60.940000
o 196893 60.950000
o 196892 60.970000
o 196891 60.980000
o 196890 61.000000
o 196889 61.010000
o 196888 61.020000
o 196887 61.030000
o 196886 61.050000
o 196885 61.060000
o 196884 61.070000
o 196883 61.080000
o 196882 61.080000
o 196881 61.090000
o 196880 61.100000
o 196879 61.110000
o 196878 61.120000
o 196877 61.130000
o 196876 61.140000
o 196875 61.150000
o 196874 61.160000
o 196873 61.170000
o 196872 61.170000
o 196871 61.180000
o 196870 61.210000
o 196869 61.220000
o 196868 61.240000
o 196867 61.250000
o 196866 61.350000
o 196865 61.360000
o 196864 61.370000
o 196863 61.650000
o 196862 61.660000
o 196861 61.670000
o 196860 61.680000
o 196859 61.710000
o 196858 61.760000
o 196857 61.790000
o 196856 61.800000
o 196855 61.830000
o 196854 61.840000
o 196853 61.880000
o 196852 61.920000
o 196851 61.950000
o 192673 61.960000
o 192672 61.970000
o 192671 61.980000
o 192670 61.990000
o 192669 62.000000
o 192668 62.010000
o 192667 62.020000
o 192666 62.030000
o 192665 62.040000
o 192664 62.050000
o 192663 62.140000
o 192662 62.190000
o 192661 62.200000
o 192660 62.210000
o 192659 62.220000
o 192658 62.570000
o 192657 62.610000
o 192656 62.630000
o 192655 63.060000
o 192654 63.120000
o 192653 63.130000
o 192652 63.150000
o 192651 63.170000
o 192650 63.200000
o 192649 63.240000
o 188482 64.270000
o 188481 64.280000
o 188480 64.290000
o 188479 64.300000
o 188478 64.310000
o 188477 64.320000
o 188476 64.760000
o 188475 64.780000
o 188474 64.800000
o 188473 64.830000
o 188472 64.890000
o 188471 64.910000
o 188470 64.930000
o 188469 64.940000
o 188468 64.990000
o 188467 66.510000
o 188466 67.220000
o 188465 67.310000
o 188464 67.330000
o 188463 69.650000
o 188462 178.740000
o 188461 178.910000
o 188460 179.010000
o 188459 179.250000
o 188458 179.290000
o 188457 179.380000
o 188456 179.410000
o 188455 179.420000
o 188454 179.480000
o 188453 179.530000
o 188452 179.550000
o 188451 179.590000
o 188450 179.850000
o 188449 180.200000
o 188448 180.270000
o 188447 180.770000
o 188446 181.720000
o 188445 181.740000
o 188444 181.850000
o 188443 182.060000
o 188442 182.080000
188442	182.080000
abstraction-refinement-polysite-pmd
o 393599 52.820000
o 196936 57.730000
o 196935 57.800000
o 196934 57.820000
o 196933 57.950000
o 196932 57.970000
o 196931 57.970000
o 196930 57.980000
o 196929 58.000000
o 196928 58.010000
o 196927 58.020000
o 196926 58.030000
o 196925 58.030000
o 196924 58.050000
o 196923 58.050000
o 196922 58.060000
o 196921 58.080000
o 196920 58.090000
o 196919 58.100000
o 196918 58.110000
o 196917 58.130000
o 196916 58.140000
o 196915 58.150000
o 196914 58.160000
o 196913 58.220000
o 196912 58.230000
o 196911 58.250000
o 196910 58.260000
o 196909 58.270000
o 196908 58.370000
o 196907 58.400000
o 196906 58.420000
o 196905 58.460000
o 196904 58.480000
o 196903 58.490000
o 196902 58.500000
o 196901 58.550000
o 196900 58.560000
o 196899 58.590000
o 196898 58.760000
o 196897 58.770000
o 196896 58.780000
o 196895 58.810000
o 196894 58.830000
o 196893 59.320000
o 196892 59.350000
o 196891 59.400000
o 196890 59.430000
o 196889 59.440000
o 196888 59.470000
o 196887 59.780000
o 196886 59.830000
o 196885 59.850000
o 196884 59.880000
o 196883 59.910000
o 196882 59.930000
o 196881 60.440000
o 196880 60.460000
o 196879 60.480000
o 196878 60.640000
o 196877 60.640000
o 196876 60.660000
o 196875 60.700000
o 196874 60.710000
o 196873 60.720000
o 196872 60.730000
o 196871 60.740000
o 196870 60.750000
o 196869 60.800000
o 196868 60.820000
o 196867 60.830000
o 196866 60.840000
o 196865 60.850000
o 196864 60.850000
o 196863 60.870000
o 196862 60.880000
o 196861 61.080000
o 196860 61.090000
o 196859 61.100000
o 196858 61.110000
o 196857 62.650000
o 196856 62.670000
o 196855 62.700000
o 196854 63.540000
o 196853 63.860000
o 196852 63.910000
o 196851 63.920000
o 196850 64.090000
o 196849 64.110000
o 192666 64.130000
o 192665 64.140000
o 192664 64.150000
o 192663 64.160000
o 192662 64.330000
o 192661 64.340000
o 192660 64.360000
o 192659 64.390000
o 192658 64.420000
o 192657 64.530000
o 192656 65.010000
o 192655 65.200000
o 192654 65.270000
o 192653 65.340000
o 192652 65.390000
o 192651 65.450000
o 192650 65.470000
o 188489 67.570000
o 188488 67.580000
o 188487 67.590000
o 188486 67.660000
o 188485 67.700000
o 188484 67.720000
o 188483 67.770000
o 188482 67.790000
o 188481 67.820000
o 188480 67.860000
o 188479 67.880000
o 188478 67.890000
o 188477 67.910000
o 188476 67.940000
o 188475 67.960000
o 188474 69.540000
o 188473 69.560000
o 188472 69.890000
o 188471 70.110000
o 188470 70.130000
o 188469 70.210000
o 188468 70.300000
o 188467 70.310000
o 188466 70.340000
o 188465 70.380000
o 188464 70.410000
o 188463 70.420000
o 188462 70.570000
o 188461 70.750000
o 188460 70.810000
o 188459 76.980000
o 188458 76.990000
o 188457 78.560000
o 188456 78.580000
o 188455 78.610000
o 188454 78.620000
o 188453 78.630000
o 188452 78.850000
o 188451 78.870000
o 188450 79.440000
o 188449 79.570000
o 188448 79.720000
188448	79.720000
abstraction-refinement-polysite-pmd
o 376884 41.250000
o 196990 45.720000
o 196989 45.880000
o 196988 45.880000
o 196987 45.890000
o 196986 46.000000
o 196985 46.000000
o 196984 46.010000
o 196983 46.020000
o 196982 46.040000
o 196981 46.040000
o 196980 46.050000
o 196979 46.160000
o 196978 46.220000
o 196977 46.230000
o 196976 46.240000
o 196975 46.240000
o 196974 46.250000
o 196973 46.260000
o 196972 46.260000
o 196971 46.270000
o 196970 46.280000
o 196969 46.300000
o 196968 46.310000
o 196967 46.310000
o 196966 46.320000
o 196965 46.330000
o 196964 46.350000
o 196963 46.370000
o 196962 46.380000
o 196961 46.450000
o 196960 46.450000
o 196959 46.460000
o 196958 46.470000
o 196957 46.480000
o 196956 46.490000
o 196955 46.500000
o 196954 46.510000
o 196953 46.570000
o 196952 46.580000
o 196951 46.590000
o 196950 46.590000
o 196949 46.600000
o 196948 46.610000
o 196947 46.620000
o 196946 46.630000
o 196945 46.640000
o 196944 46.650000
o 196943 46.650000
o 196942 46.670000
o 196941 46.690000
o 196940 46.690000
o 196939 46.700000
o 196938 46.710000
o 196937 46.720000
o 196936 46.720000
o 196935 46.740000
o 196934 46.770000
o 196933 46.780000
o 196932 46.790000
o 196931 46.820000
o 196930 46.830000
o 196929 46.840000
o 196928 46.850000
o 196927 46.870000
o 196926 46.900000
o 196925 46.930000
o 196924 46.970000
o 196923 46.970000
o 196922 46.990000
o 196921 47.000000
o 196920 47.020000
o 196919 47.030000
o 196918 47.050000
o 196917 47.090000
o 196916 47.130000
o 196915 47.140000
o 196914 47.150000
o 196913 47.180000
o 196912 47.200000
o 196911 47.210000
o 196910 47.220000
o 196909 47.230000
o 196908 47.240000
o 196907 47.250000
o 196906 47.280000
o 196905 47.300000
o 196904 47.300000
o 196903 47.320000
o 196902 47.320000
o 196901 47.350000
o 196900 47.370000
o 196899 47.390000
o 196898 47.400000
o 196897 47.450000
o 196896 47.550000
o 196895 47.680000
o 196894 47.710000
o 196893 47.720000
o 196892 47.730000
o 196891 47.760000
o 196890 47.810000
o 196889 47.810000
o 196888 47.840000
o 196887 47.840000
o 196886 47.870000
o 196885 48.020000
o 196884 48.030000
o 196883 48.030000
o 196882 48.040000
o 196881 48.050000
o 196880 48.060000
o 196879 48.060000
o 196878 48.070000
o 196877 48.080000
o 196876 48.100000
o 196875 48.110000
o 196874 48.120000
o 196873 48.170000
o 196872 48.180000
o 196871 48.190000
o 196870 48.240000
o 196869 48.250000
o 196868 48.260000
o 196867 48.310000
o 196866 48.330000
o 196865 48.340000
o 196864 48.350000
o 196863 48.410000
o 196862 48.420000
o 196861 48.430000
o 196860 48.440000
o 196859 48.460000
o 196858 48.500000
o 196857 48.510000
o 196856 48.530000
o 196855 48.580000
o 196854 48.580000
o 196853 48.620000
o 196852 48.640000
o 196851 48.650000
o 196850 48.730000
o 196849 48.740000
o 196848 49.350000
o 196847 49.360000
o 196846 49.370000
o 196845 49.380000
o 196844 49.390000
o 196843 51.020000
o 196842 51.030000
o 196841 51.060000
o 196840 51.180000
o 196839 51.190000
o 196838 51.200000
o 196837 51.420000
o 196836 51.450000
o 196835 51.460000
o 196834 52.360000
o 196833 52.390000
o 196832 52.400000
o 196831 52.410000
o 196830 52.510000
o 196829 52.570000
o 196828 52.580000
o 196827 52.640000
o 188588 88.710000
o 188587 88.750000
o 188586 88.760000
o 188585 88.760000
o 188584 88.770000
o 188583 88.780000
o 188582 88.780000
o 188581 88.790000
o 188580 88.800000
o 188579 88.800000
o 188578 88.810000
o 188577 88.820000
o 188576 88.820000
o 188575 88.830000
o 188574 88.840000
o 188573 88.840000
o 188572 88.850000
o 188571 88.850000
o 188570 88.860000
o 188569 88.870000
o 188568 88.870000
o 188567 88.880000
o 188566 88.890000
o 188565 88.890000
o 188564 88.900000
o 188563 88.900000
o 188562 88.920000
o 188561 88.920000
o 188560 88.930000
o 188559 88.940000
o 188558 88.940000
o 188557 88.950000
o 188556 88.960000
o 188555 88.960000
o 188554 88.970000
o 188553 88.980000
o 188552 88.990000
o 188551 88.990000
o 188550 89.000000
o 188549 89.000000
o 188548 89.020000
o 188547 89.030000
o 188546 89.040000
o 188545 89.050000
o 188544 89.050000
o 188543 89.060000
o 188542 89.070000
o 188541 89.070000
o 188540 89.080000
o 188539 89.080000
o 188538 89.090000
o 188537 89.090000
o 188536 89.100000
o 188535 89.110000
o 188534 89.110000
o 188533 89.120000
o 188532 89.130000
o 188531 89.370000
o 188530 89.390000
o 188529 89.400000
o 188528 89.410000
o 188527 89.450000
o 188526 89.460000
o 188525 89.470000
o 188524 89.470000
o 188523 89.490000
o 188522 89.500000
o 188521 89.510000
o 188520 89.530000
o 188519 89.540000
o 188518 89.550000
o 188517 89.560000
o 188516 89.570000
o 188515 89.580000
o 188514 89.590000
o 188513 89.600000
o 188512 89.610000
o 188511 89.630000
o 188510 89.640000
o 188509 89.650000
o 188508 89.660000
o 188507 89.700000
o 188506 89.700000
o 188505 89.710000
o 188504 89.720000
o 188503 89.730000
o 188502 89.740000
o 188501 89.750000
o 188500 89.770000
o 188499 89.800000
o 188498 89.860000
o 188497 90.530000
o 188496 90.550000
o 188495 90.750000
o 188494 90.810000
o 188493 90.820000
o 188492 90.830000
o 188491 90.850000
o 188490 90.860000
o 188489 91.000000
o 188488 91.030000
o 188487 91.040000
o 188486 91.040000
o 188485 91.050000
o 188484 91.090000
o 188483 91.110000
o 188482 91.110000
o 188481 91.130000
o 188480 91.140000
o 188479 91.180000
o 188478 91.200000
o 188477 91.210000
o 188476 91.220000
o 188475 91.240000
o 188474 91.250000
o 188473 91.270000
o 188472 91.290000
o 188471 91.300000
o 188470 91.330000
o 188469 91.360000
o 188468 91.490000
o 188467 91.760000
o 188466 92.690000
o 188465 164.860000
o 188464 166.540000
o 188463 166.550000
o 188462 166.640000
188462	166.640000
abstraction-refinement-polysite-pmd
o 372697 54.770000
o 196981 60.130000
o 196980 60.180000
o 196979 60.210000
o 196978 60.220000
o 196977 60.230000
o 196976 60.240000
o 196975 60.250000
o 196974 60.250000
o 196973 60.260000
o 196972 60.260000
o 196971 60.270000
o 196970 60.290000
o 196969 60.290000
o 196968 60.300000
o 196967 60.310000
o 196966 60.320000
o 196965 60.330000
o 196964 60.340000
o 196963 60.350000
o 196962 60.350000
o 196961 60.360000
o 196960 60.370000
o 196959 60.410000
o 196958 60.410000
o 196957 60.440000
o 196956 60.440000
o 196955 60.470000
o 196954 60.480000
o 196953 60.500000
o 196952 60.520000
o 196951 60.530000
o 196950 60.530000
o 196949 60.710000
o 196948 60.710000
o 196947 60.720000
o 196946 60.730000
o 196945 60.740000
o 196944 60.750000
o 196943 60.750000
o 196942 60.760000
o 196941 60.780000
o 196940 60.780000
o 196939 60.790000
o 196938 60.810000
o 196937 60.890000
o 196936 60.910000
o 196935 60.920000
o 196934 60.930000
o 196933 60.940000
o 196932 60.940000
o 196931 60.950000
o 196930 60.960000
o 196929 60.970000
o 196928 60.970000
o 196927 60.990000
o 196926 61.100000
o 196925 61.110000
o 196924 61.120000
o 196923 61.130000
o 196922 61.160000
o 196921 61.170000
o 196920 61.180000
o 196919 61.230000
o 196918 61.240000
o 196917 61.250000
o 196916 61.260000
o 196915 61.270000
o 196914 61.290000
o 196913 61.320000
o 196912 61.330000
o 196911 61.340000
o 196910 61.350000
o 196909 61.380000
o 196908 61.390000
o 196907 61.410000
o 196906 61.430000
o 196905 61.470000
o 196904 61.480000
o 196903 61.520000
o 196902 62.170000
o 196901 62.170000
o 196900 62.220000
o 196899 62.390000
o 196898 62.480000
o 196897 62.490000
o 196896 62.500000
o 196895 62.500000
o 196894 62.510000
o 196893 62.560000
o 196892 62.580000
o 196891 62.720000
o 196890 62.740000
o 196889 62.760000
o 196888 62.830000
o 196887 62.850000
o 196886 62.860000
o 196885 62.880000
o 196884 62.880000
o 196883 62.890000
o 196882 62.900000
o 196881 62.940000
o 196880 62.970000
o 196879 63.080000
o 196878 63.090000
o 196877 63.570000
o 196876 63.580000
o 196875 63.780000
o 196874 63.790000
o 196873 63.800000
o 196872 66.740000
o 196871 66.770000
o 192697 66.890000
o 192696 66.890000
o 192695 66.900000
o 192694 66.900000
o 192693 66.910000
o 192692 66.920000
o 192691 66.920000
o 192690 66.960000
o 192689 66.980000
o 192688 66.980000
o 192687 67.000000
o 192686 67.000000
o 192685 67.030000
o 192684 67.120000
o 192683 67.120000
o 192682 67.140000
o 192681 67.160000
o 192680 67.290000
o 192679 67.310000
o 192678 67.320000
o 192677 67.330000
o 192676 67.400000
o 192675 67.410000
o 192674 67.540000
o 192673 67.540000
o 192672 67.560000
o 192671 67.610000
o 192670 67.630000
o 192669 67.650000
o 192668 67.700000
o 192667 67.710000
o 192666 67.740000
o 192665 67.750000
o 192664 67.760000
o 192663 67.820000
o 192662 67.820000
o 192661 67.890000
o 192660 67.930000
o 192659 67.940000
o 192658 67.960000
o 192657 67.970000
o 192656 67.990000
o 192655 68.000000
o 192654 68.010000
o 192653 68.080000
o 192652 68.100000
o 192651 68.130000
o 192650 68.150000
o 192649 68.270000
o 192648 68.290000
o 192647 68.300000
o 192646 68.460000
o 192645 69.480000
o 192644 69.490000
o 192643 69.510000
o 192642 69.540000
o 192641 70.350000
o 192640 70.710000
o 188466 71.730000
o 188465 71.760000
o 188464 73.240000
o 188463 73.260000
o 188462 73.270000
o 188461 73.310000
o 188460 73.810000
o 188459 73.890000
o 188458 73.920000
o 188457 74.120000
o 188456 121.400000
o 188455 121.470000
o 188454 124.680000
o 188453 124.770000
o 188452 127.560000
o 188451 127.570000
188451	127.570000
abstraction-refinement-polysite-pmd
o 414594 44.190000
o 197020 49.360000
o 197019 49.400000
o 197018 49.410000
o 197017 49.420000
o 197016 49.430000
o 197015 49.440000
o 197014 49.510000
o 197013 49.510000
o 197012 49.570000
o 197011 49.580000
o 197010 49.580000
o 197009 49.590000
o 197008 49.600000
o 197007 49.620000
o 197006 49.670000
o 197005 49.740000
o 197004 49.760000
o 197003 49.760000
o 197002 49.780000
o 197001 49.780000
o 197000 49.790000
o 196999 49.800000
o 196998 49.810000
o 196997 49.810000
o 196996 49.950000
o 196995 49.950000
o 196994 49.960000
o 196993 49.980000
o 196992 49.980000
o 196991 49.990000
o 196990 50.000000
o 196989 50.020000
o 196988 50.020000
o 196987 50.030000
o 196986 50.040000
o 196985 50.050000
o 196984 50.070000
o 196983 50.070000
o 196982 50.080000
o 196981 50.090000
o 196980 50.100000
o 196979 50.110000
o 196978 50.110000
o 196977 50.120000
o 196976 50.130000
o 196975 50.140000
o 196974 50.140000
o 196973 50.150000
o 196972 50.160000
o 196971 50.190000
o 196970 50.200000
o 196969 50.220000
o 196968 50.230000
o 196967 50.240000
o 196966 50.250000
o 196965 50.250000
o 196964 50.260000
o 196963 50.270000
o 196962 50.270000
o 196961 50.280000
o 196960 50.280000
o 196959 50.310000
o 196958 50.330000
o 196957 50.330000
o 196956 50.340000
o 196955 50.350000
o 196954 50.360000
o 196953 50.380000
o 196952 50.390000
o 196951 50.410000
o 196950 50.420000
o 196949 50.420000
o 196948 50.430000
o 196947 50.440000
o 196946 50.440000
o 196945 50.460000
o 196944 50.470000
o 196943 50.480000
o 196942 50.490000
o 196941 50.500000
o 196940 50.510000
o 196939 50.520000
o 196938 50.530000
o 196937 50.540000
o 196936 50.550000
o 196935 50.600000
o 196934 50.610000
o 196933 50.610000
o 196932 50.660000
o 196931 50.840000
o 196930 50.860000
o 196929 50.860000
o 196928 50.880000
o 196927 50.920000
o 196926 50.930000
o 196925 51.250000
o 196924 51.270000
o 196923 51.300000
o 196922 51.360000
o 196921 51.370000
o 196920 51.400000
o 196919 51.410000
o 196918 51.430000
o 196917 51.440000
o 192738 51.530000
o 192737 51.540000
o 192736 51.570000
o 192735 51.570000
o 192734 51.580000
o 192733 51.610000
o 192732 51.620000
o 192731 51.630000
o 192730 51.650000
o 192729 51.650000
o 192728 51.790000
o 192727 51.830000
o 192726 51.850000
o 192725 51.870000
o 192724 51.870000
o 192723 51.890000
o 192722 51.900000
o 192721 51.930000
o 192720 52.020000
o 192719 52.030000
o 192718 52.050000
o 192717 52.120000
o 192716 52.130000
o 192715 52.140000
o 192714 52.160000
o 192713 52.170000
o 192712 52.180000
o 192711 52.190000
o 192710 52.200000
o 192709 52.220000
o 192708 52.230000
o 192707 52.240000
o 192706 52.600000
o 192705 52.610000
o 192704 52.640000
o 192703 52.670000
o 192702 52.680000
o 192701 52.690000
o 192700 52.700000
o 192699 52.730000
o 192698 52.740000
o 192697 52.750000
o 192696 52.760000
o 192695 52.770000
o 192694 52.790000
o 192693 52.800000
o 192692 52.810000
o 192691 52.840000
o 192690 52.850000
o 192689 52.870000
o 192688 52.870000
o 192687 52.880000
o 192686 52.890000
o 192685 52.910000
o 192684 52.910000
o 192683 52.920000
o 192682 52.930000
o 192681 52.950000
o 192680 52.960000
o 192679 52.960000
o 192678 52.980000
o 192677 53.000000
o 192676 53.010000
o 192675 53.020000
o 192674 53.040000
o 192673 53.050000
o 192672 53.100000
o 192671 53.170000
o 192670 53.230000
o 192669 53.230000
o 192668 53.250000
o 192667 53.260000
o 192666 53.280000
o 192665 53.290000
o 192664 53.330000
o 192663 53.350000
o 192662 53.380000
o 192661 53.390000
o 192660 53.420000
o 192659 53.420000
o 192658 53.430000
o 192657 53.450000
o 192656 53.470000
o 192655 53.510000
o 192654 53.530000
o 192653 53.770000
o 192652 53.780000
o 192651 53.810000
o 192650 53.810000
o 192649 54.190000
o 192648 54.270000
o 188469 54.500000
o 188468 54.530000
o 188467 61.600000
o 188466 215.320000
o 188465 215.750000
o 188464 215.760000
o 188463 215.790000
o 188462 215.800000
o 188461 215.860000
o 188460 267.710000
o 188459 268.310000
o 188458 268.340000
188458	268.340000
abstraction-refinement-polysite-pmd
o 418742 50.750000
o 196973 55.650000
o 192796 55.720000
o 192795 55.730000
o 192794 55.780000
o 192793 55.820000
o 192792 55.830000
o 192791 55.830000
o 192790 55.840000
o 192789 55.850000
o 192788 55.860000
o 192787 55.860000
o 192786 55.870000
o 192785 55.880000
o 192784 55.890000
o 192783 55.900000
o 192782 55.900000
o 192781 55.910000
o 192780 55.920000
o 192779 55.930000
o 192778 55.940000
o 192777 55.950000
o 192776 55.950000
o 192775 55.960000
o 192774 55.970000
o 192773 55.970000
o 192772 55.980000
o 192771 55.990000
o 192770 56.000000
o 192769 56.010000
o 192768 56.020000
o 192767 56.030000
o 192766 56.040000
o 192765 56.040000
o 192764 56.050000
o 192763 56.060000
o 192762 56.070000
o 192761 56.080000
o 192760 56.090000
o 192759 56.100000
o 192758 56.110000
o 192757 56.130000
o 192756 56.150000
o 192755 56.160000
o 192754 56.170000
o 192753 56.180000
o 192752 56.190000
o 192751 56.200000
o 192750 56.260000
o 192749 56.270000
o 192748 56.280000
o 192747 56.290000
o 192746 56.320000
o 192745 56.330000
o 192744 56.340000
o 192743 56.490000
o 192742 56.510000
o 192741 56.530000
o 192740 56.540000
o 192739 56.550000
o 192738 56.560000
o 192737 56.580000
o 192736 56.590000
o 192735 56.600000
o 192734 56.610000
o 192733 56.620000
o 192732 56.630000
o 192731 56.640000
o 192730 56.650000
o 192729 56.660000
o 192728 56.670000
o 192727 56.680000
o 192726 56.690000
o 192725 56.700000
o 192724 56.760000
o 192723 56.770000
o 192722 56.880000
o 192721 56.920000
o 192720 56.930000
o 192719 56.980000
o 192718 56.990000
o 192717 57.000000
o 192716 57.050000
o 192715 57.060000
o 192714 57.320000
o 192713 57.340000
o 192712 57.340000
o 192711 57.370000
o 192710 57.370000
o 192709 57.470000
o 192708 57.490000
o 192707 57.550000
o 192706 57.600000
o 192705 58.770000
o 192704 58.810000
o 192703 58.820000
o 192702 58.830000
o 192701 58.850000
o 192700 58.860000
o 192699 58.870000
o 192698 58.890000
o 192697 58.900000
o 192696 58.920000
o 192695 58.930000
o 192694 58.940000
o 192693 59.040000
o 192692 59.070000
o 192691 59.080000
o 192690 59.110000
o 192689 59.120000
o 192688 59.190000
o 192687 59.230000
o 192686 59.540000
o 192685 59.550000
o 192684 59.560000
o 192683 59.580000
o 192682 59.590000
o 192681 59.660000
o 192680 59.720000
o 192679 59.730000
o 192678 59.740000
o 192677 59.760000
o 192676 59.800000
o 192675 59.910000
o 192674 59.930000
o 192673 59.950000
o 192672 60.280000
o 192671 60.300000
o 192670 60.320000
o 192669 60.350000
o 192668 60.370000
o 192667 60.390000
o 192666 60.440000
o 192665 60.450000
o 192664 60.550000
o 192663 60.560000
o 192662 60.650000
o 192661 60.670000
o 192660 60.760000
o 192659 60.780000
o 192658 60.790000
o 192657 61.690000
o 192656 61.700000
o 192655 61.740000
o 192654 61.770000
o 192653 61.780000
o 192652 61.820000
o 192651 61.840000
o 192650 62.020000
o 188467 62.100000
o 188466 62.230000
o 188465 62.250000
o 188464 62.420000
o 188463 62.710000
o 188462 62.730000
o 188461 209.690000
o 188460 211.890000
o 188459 211.930000
o 188458 211.990000
o 188457 212.110000
o 188456 212.230000
o 188455 212.270000
o 188454 212.290000
o 188453 212.330000
188453	212.330000
abstraction-refinement-polysite-pmd
o 393664 56.380000
o 197001 63.020000
o 196999 63.070000
o 196998 63.140000
o 196997 63.150000
o 196996 63.160000
o 196995 63.170000
o 196994 63.180000
o 196993 63.190000
o 196992 63.210000
o 196991 63.220000
o 196990 63.240000
o 196989 63.250000
o 196988 63.270000
o 196987 63.280000
o 196986 63.300000
o 196985 63.310000
o 196984 63.320000
o 196983 63.330000
o 196982 63.350000
o 196981 63.370000
o 196980 63.380000
o 196979 63.390000
o 196978 63.410000
o 196977 63.430000
o 196976 63.440000
o 196975 63.470000
o 196974 63.480000
o 196973 63.500000
o 196972 63.510000
o 196971 63.530000
o 196970 63.550000
o 196969 63.560000
o 196968 63.580000
o 196967 63.590000
o 196966 63.600000
o 196965 63.620000
o 196964 63.630000
o 196963 63.640000
o 196962 63.660000
o 196961 63.670000
o 196960 63.680000
o 196959 63.690000
o 196958 63.710000
o 196957 63.720000
o 196956 63.740000
o 196955 63.750000
o 196954 63.780000
o 196953 63.800000
o 196952 63.820000
o 196951 63.830000
o 196950 63.840000
o 196949 63.850000
o 196948 63.870000
o 196947 63.880000
o 196946 63.890000
o 196945 63.900000
o 196944 63.920000
o 196943 63.930000
o 196942 63.960000
o 196941 63.990000
o 196940 64.010000
o 196939 64.030000
o 196938 64.050000
o 196937 64.060000
o 196936 64.100000
o 196935 64.130000
o 196934 64.140000
o 196933 64.150000
o 196932 64.170000
o 196931 64.190000
o 196930 64.220000
o 196929 64.230000
o 196928 64.250000
o 196927 64.260000
o 196926 64.280000
o 196925 64.300000
o 196924 64.310000
o 196923 64.330000
o 196922 64.340000
o 196921 64.360000
o 192754 65.260000
o 192753 65.280000
o 192752 65.290000
o 192751 65.320000
o 192750 65.330000
o 192749 65.340000
o 192748 65.360000
o 192747 65.390000
o 192746 65.420000
o 192745 65.430000
o 192744 65.440000
o 192743 65.480000
o 192742 65.490000
o 192741 65.520000
o 192740 65.550000
o 192739 65.600000
o 192738 65.610000
o 192737 65.650000
o 192736 65.680000
o 192735 65.690000
o 192734 65.720000
o 192733 65.740000
o 188554 66.070000
o 188553 66.090000
o 188552 66.100000
o 188551 66.120000
o 188550 66.130000
o 188549 66.150000
o 188548 66.170000
o 188547 66.180000
o 188546 66.200000
o 188545 66.250000
o 188544 66.270000
o 188543 66.300000
o 188542 66.340000
o 188541 66.350000
o 188540 66.370000
o 188539 66.410000
o 188538 66.420000
o 188537 66.440000
o 188536 66.470000
o 188535 66.630000
o 188534 66.640000
o 188533 66.660000
o 188532 66.670000
o 188531 66.710000
o 188530 66.750000
o 188529 66.770000
o 188528 66.780000
o 188527 66.990000
o 188526 67.010000
o 188525 67.020000
o 188524 67.030000
o 188523 67.080000
o 188522 67.090000
o 188521 67.110000
o 188520 67.130000
o 188519 67.150000
o 188518 67.510000
o 188517 67.520000
o 188516 67.540000
o 188515 67.550000
o 188514 67.570000
o 188513 67.580000
o 188512 67.590000
o 188511 67.610000
o 188510 67.620000
o 188509 68.410000
o 188508 68.430000
o 188507 68.440000
o 188506 68.460000
o 188505 68.470000
o 188504 68.490000
o 188503 68.500000
o 188502 68.660000
o 188501 68.680000
o 188500 68.720000
o 188499 69.180000
o 188498 69.220000
o 188497 69.250000
o 188496 69.300000
o 188495 69.310000
o 188494 69.390000
o 188493 69.460000
o 188492 69.570000
o 188491 69.890000
o 188490 69.930000
o 188489 69.970000
o 188488 70.000000
o 188487 70.010000
o 188486 70.120000
o 188485 70.140000
o 188484 70.150000
o 188483 70.160000
o 188482 70.170000
o 188481 70.180000
o 188480 70.190000
o 188479 70.210000
o 188478 70.230000
o 188477 70.240000
o 188476 70.260000
o 188475 70.270000
o 188474 70.290000
o 188473 71.400000
o 188472 71.410000
o 188471 71.430000
o 188470 71.470000
o 188469 71.490000
o 188468 71.530000
o 188467 71.630000
o 188466 71.700000
o 188465 71.720000
o 188464 71.730000
o 188463 71.760000
o 188462 71.910000
o 188461 71.990000
o 188460 72.000000
o 188459 72.380000
o 188458 72.610000
o 188457 72.650000
o 188456 72.720000
o 188455 72.740000
o 188454 72.780000
o 188453 73.340000
o 188452 73.400000
o 188451 75.710000
o 188450 75.800000
188450	75.800000
abstraction-refinement-polysite-pmd
o 410355 46.740000
o 196966 51.460000
o 196965 51.470000
o 196964 51.520000
o 196963 51.530000
o 196962 51.540000
o 196961 51.550000
o 196960 51.570000
o 196959 51.590000
o 196958 51.600000
o 196957 51.610000
o 196956 51.620000
o 196955 51.630000
o 196954 51.640000
o 196953 51.650000
o 196952 51.690000
o 196951 51.740000
o 196950 51.750000
o 196949 51.760000
o 196948 51.770000
o 196947 51.780000
o 196946 51.810000
o 196945 51.830000
o 196944 51.830000
o 196943 51.850000
o 196942 51.870000
o 196941 51.880000
o 196940 51.900000
o 196939 51.910000
o 196938 51.920000
o 196937 51.920000
o 196936 51.930000
o 196935 51.940000
o 196934 51.950000
o 196933 51.960000
o 196932 51.980000
o 196931 51.990000
o 196930 52.000000
o 196929 52.020000
o 196928 52.080000
o 196927 52.110000
o 196926 52.120000
o 196925 52.200000
o 196924 52.280000
o 196923 52.290000
o 196922 52.300000
o 196921 52.330000
o 196920 52.530000
o 196919 52.560000
o 196918 52.580000
o 196917 52.590000
o 196916 52.600000
o 196915 52.690000
o 196914 52.700000
o 196913 52.720000
o 196912 52.770000
o 196911 52.780000
o 196910 52.790000
o 196909 53.070000
o 196908 53.190000
o 196907 53.200000
o 196906 53.310000
o 196905 53.390000
o 196904 53.410000
o 196903 53.420000
o 196902 53.430000
o 196901 53.440000
o 196900 53.450000
o 196899 53.510000
o 196898 53.510000
o 196897 53.530000
o 196896 53.550000
o 196895 53.570000
o 196894 53.580000
o 196893 53.590000
o 196892 53.600000
o 196891 53.610000
o 196890 53.650000
o 196889 53.650000
o 196888 53.670000
o 196887 53.670000
o 196886 53.770000
o 196885 53.840000
o 196884 53.850000
o 196883 53.860000
o 196882 53.920000
o 196881 53.950000
o 196880 53.960000
o 196879 53.990000
o 196878 54.000000
o 192710 54.030000
o 192709 54.040000
o 192708 54.040000
o 192707 54.050000
o 192706 54.060000
o 192705 54.070000
o 192704 54.070000
o 192703 54.080000
o 192702 54.090000
o 192701 54.090000
o 192700 54.100000
o 192699 54.110000
o 192698 54.110000
o 192697 54.120000
o 192696 54.130000
o 192695 54.140000
o 192694 54.140000
o 192693 54.150000
o 192692 54.160000
o 192691 54.170000
o 192690 54.180000
o 192689 54.180000
o 192688 54.190000
o 192687 54.690000
o 192686 54.700000
o 192685 54.720000
o 192684 54.730000
o 192683 55.420000
o 192682 55.430000
o 192681 55.470000
o 192680 55.510000
o 192679 55.520000
o 192678 55.550000
o 192677 55.560000
o 192676 55.590000
o 192675 55.610000
o 188496 55.640000
o 188495 55.650000
o 188494 55.670000
o 188493 55.680000
o 188492 55.800000
o 188491 55.810000
o 188490 56.730000
o 188489 56.740000
o 188488 56.760000
o 188487 56.930000
o 188486 56.940000
o 188485 56.960000
o 188484 56.970000
o 188483 56.980000
o 188482 57.000000
o 188481 57.150000
o 188480 57.170000
o 188479 57.230000
o 188478 57.290000
o 188477 57.330000
o 188476 57.450000
o 188475 57.470000
o 188474 57.480000
o 188473 57.500000
o 188472 57.670000
o 188471 57.690000
o 188470 57.700000
o 188469 57.740000
o 188468 57.760000
o 188467 57.820000
o 188466 58.390000
o 188465 58.400000
o 188464 58.420000
o 188463 58.660000
o 188462 58.680000
o 188461 58.710000
o 188460 153.740000
o 188459 153.790000
o 188458 153.960000
o 188457 154.020000
188457	154.020000
