causal-discovery-causal_Link_10_10000
o 257745134 23.870000
257745134	23.870000
causal-discovery-causal_Link_10_10000
o 257745134 23.520000
257745134	23.520000
causal-discovery-causal_Link_10_10000
o 257745134 51.280000
257745134	51.280000
causal-discovery-causal_Link_10_10000
o 257745134 28.310000
257745134	28.310000
causal-discovery-causal_Link_10_10000
o 45443263 25.930000
45443263	25.930000
causal-discovery-causal_Link_10_10000
o 257745134 63.330000
257745134	63.330000
causal-discovery-causal_Link_10_10000
o 257745134 36.200000
257745134	36.200000
causal-discovery-causal_Link_10_10000
o 257745134 80.060000
257745134	80.060000
causal-discovery-causal_Link_10_10000
o 257745134 51.370000
257745134	51.370000
causal-discovery-causal_Link_10_10000
o 257745134 58.340000
257745134	58.340000
