correlation-clustering-Rounded_CorrelationClustering_Vowel_BINARY_N700_D0.200
o 164334774 2.970000
o 89304542 35.430000
o 89284083 35.490000
o 89229033 35.570000
o 89203757 35.740000
o 89152481 35.790000
o 89001731 35.860000
o 88983416 36.280000
o 88932226 36.320000
o 88888627 36.340000
o 88840784 36.480000
o 88835159 36.500000
o 88805083 36.500000
o 88777901 36.660000
o 88753301 36.760000
o 88533916 36.810000
o 88497869 36.940000
o 88466589 36.960000
o 88444837 37.090000
o 88422300 37.240000
o 88328647 37.310000
o 88314494 37.470000
o 88268726 37.540000
o 88227747 37.640000
o 88085375 38.110000
o 87988656 38.220000
o 87938419 38.610000
o 87935751 40.190000
o 87915579 40.380000
o 87915302 40.630000
o 87892266 40.680000
o 87873742 40.730000
o 87525842 100.960000
o 87501805 101.050000
o 87475632 101.120000
o 87454834 101.150000
o 87429836 101.290000
o 87388857 101.460000
o 87349911 101.590000
o 87346120 101.800000
o 87323939 102.320000
o 87297620 102.340000
o 87297513 102.800000
o 87272928 102.800000
o 87255297 102.820000
o 87222706 102.840000
o 87213774 103.050000
o 87200056 103.050000
o 87178803 103.100000
o 87156042 103.200000
o 87086957 103.600000
o 87060861 103.620000
o 87035038 103.800000
o 87013149 103.990000
o 86967535 104.020000
o 86963843 104.120000
o 86938124 104.220000
o 86930859 104.340000
o 86904949 104.340000
o 86882589 104.520000
86882589	104.520000
correlation-clustering-Rounded_CorrelationClustering_Vowel_BINARY_N700_D0.200
o 155601261 2.600000
o 87369793 35.250000
o 87349698 35.360000
o 87316141 35.400000
o 87278389 35.530000
o 87257621 35.560000
o 87234197 35.610000
o 87190160 35.670000
o 87169812 35.690000
o 87137109 35.810000
o 87112789 35.810000
o 87075186 35.900000
o 87017617 35.940000
o 86996897 36.000000
o 86968883 36.140000
o 86907584 36.280000
o 86885131 36.630000
86885131	36.630000
correlation-clustering-Rounded_CorrelationClustering_Vowel_BINARY_N700_D0.200
o 167931544 2.280000
o 88143540 33.730000
o 88119937 33.820000
o 88095538 33.890000
o 88020792 172.610000
o 87999887 172.830000
o 87952048 172.840000
o 87924902 172.920000
o 87903296 173.000000
o 87820666 173.030000
o 87799449 173.080000
o 87773690 173.100000
o 87750637 173.320000
o 87725820 173.410000
o 87623136 173.660000
o 87564185 174.700000
o 87541817 174.950000
o 87512489 175.340000
o 87511245 176.250000
o 87486831 176.330000
o 87407949 177.170000
87407949	177.170000
correlation-clustering-Rounded_CorrelationClustering_Vowel_BINARY_N700_D0.200
o 148226158 2.250000
o 87293723 29.730000
o 87264050 29.780000
o 87211364 29.860000
o 87191221 29.910000
o 87163047 29.960000
o 87111574 29.990000
o 86989509 30.150000
o 86989482 30.240000
o 86962861 30.250000
o 86941532 30.260000
o 86911664 30.290000
o 86891484 30.330000
o 86851088 30.470000
o 86829041 30.490000
o 86764558 30.540000
o 86748258 30.590000
o 86743016 30.590000
o 86704070 30.660000
o 86678742 30.680000
o 86631151 30.830000
o 86599943 30.940000
o 86581395 30.970000
o 86574511 31.030000
o 86561117 31.440000
o 86536324 31.770000
o 86469627 31.890000
o 86463948 32.180000
o 86442416 32.190000
o 86402909 32.250000
o 86298781 33.470000
o 86285899 34.580000
o 86253308 34.810000
o 86209781 34.910000
o 86189278 35.210000
o 86039135 35.800000
86039135	35.800000
correlation-clustering-Rounded_CorrelationClustering_Vowel_BINARY_N700_D0.200
o 144358329 2.430000
o 91541229 30.140000
o 91496325 30.220000
o 91475040 30.240000
o 91454636 30.250000
o 91401171 30.270000
o 91381164 30.320000
o 91288621 30.330000
o 91265374 30.400000
o 91249686 30.450000
o 91243294 31.840000
o 91218595 31.850000
o 91197827 31.910000
o 91192839 32.090000
o 91171328 32.230000
o 91130618 32.430000
o 91109629 32.840000
o 91056367 33.150000
o 91032487 33.740000
o 91032468 33.770000
o 90979989 33.840000
o 90972369 33.930000
o 90972256 34.000000
o 90930295 34.060000
o 90906001 34.140000
o 90882600 34.220000
o 88791011 86.420000
o 88786324 86.450000
o 88739426 86.510000
o 88676464 86.540000
o 88642292 86.640000
o 88575208 86.640000
o 88555009 86.740000
o 88554209 86.760000
o 88530748 86.780000
o 88439379 87.450000
o 88436825 88.080000
o 88414100 88.110000
o 88388381 88.280000
o 88344622 88.460000
o 88293250 88.530000
o 87988049 88.600000
o 87987995 88.770000
o 87883488 88.780000
o 87855028 89.070000
o 87826981 89.390000
o 87806577 89.550000
o 87786303 89.820000
o 87730498 90.120000
o 87688115 90.190000
o 87662515 90.320000
o 87635695 90.320000
o 87614948 90.330000
o 87591068 90.780000
o 83096517 144.420000
o 83075870 144.430000
o 83068085 144.560000
o 83038414 144.570000
o 83036631 144.580000
o 83014478 144.620000
o 82993166 144.650000
o 82948073 144.830000
o 82928939 145.910000
o 82902005 147.070000
o 82789746 147.600000
o 82760681 148.190000
o 82684894 148.460000
o 82654921 150.150000
o 82510220 150.160000
82510220	150.160000
correlation-clustering-Rounded_CorrelationClustering_Vowel_BINARY_N700_D0.200
o 167114348 1.850000
o 90041866 30.260000
o 90019287 30.390000
o 89955539 30.420000
o 89935080 30.470000
o 89901460 30.540000
o 89880763 30.910000
o 89864327 31.880000
o 89844153 31.920000
o 89839440 32.180000
o 89830480 32.300000
o 89797006 32.400000
o 89773940 32.670000
o 89740093 35.290000
o 89711776 35.320000
o 89707199 40.410000
o 89706487 40.490000
o 89698721 40.910000
o 89676720 40.910000
o 89556913 41.210000
o 89536454 41.260000
o 88110340 299.810000
o 88096963 299.930000
o 88061943 299.950000
88061943	299.950000
correlation-clustering-Rounded_CorrelationClustering_Vowel_BINARY_N700_D0.200
o 170468989 2.550000
o 85569649 36.720000
o 85553984 36.920000
o 85525225 36.950000
o 85471859 37.040000
o 85441010 37.050000
o 85418805 37.090000
o 85394205 37.100000
o 85368324 37.180000
o 85334704 37.190000
o 85294976 37.380000
o 85254404 38.730000
o 85231823 38.790000
o 85231374 38.910000
85231374	38.910000
correlation-clustering-Rounded_CorrelationClustering_Vowel_BINARY_N700_D0.200
o 174526838 2.040000
o 90073319 33.260000
o 90051147 33.350000
o 90032098 34.520000
o 90008337 34.530000
o 89984532 34.870000
o 89936672 34.870000
o 89912131 35.000000
o 89886978 35.380000
o 89857623 35.400000
o 89833306 35.580000
o 89707740 35.970000
o 89684234 36.070000
o 89665840 36.490000
o 89632779 36.870000
o 89525124 37.070000
o 89523743 37.100000
o 89503284 37.250000
o 89501097 37.930000
o 89500915 38.900000
o 89479405 39.170000
o 89330773 265.120000
o 89304581 265.620000
o 89273319 265.780000
o 89272796 265.820000
o 89207301 265.820000
o 89101357 266.060000
o 89092150 266.700000
o 89074841 266.830000
o 88975490 266.920000
o 88961823 267.020000
o 88948475 267.610000
o 88913878 267.980000
o 88886117 268.060000
o 88853015 268.070000
o 88823617 268.340000
o 88817106 268.640000
o 88794427 268.690000
o 88744033 269.270000
o 88723629 269.500000
o 88654784 269.680000
o 88631536 269.770000
o 88475629 272.800000
88475629	272.800000
correlation-clustering-Rounded_CorrelationClustering_Vowel_BINARY_N700_D0.200
o 167240461 2.110000
o 83670600 31.970000
o 83617414 32.160000
o 83573346 32.220000
o 83548619 32.270000
o 83527400 32.490000
o 83466101 32.650000
o 83465056 32.870000
o 83403945 32.960000
o 83355127 32.990000
o 83328499 33.010000
o 83277395 33.260000
o 83263684 33.360000
o 83217435 33.540000
o 83160621 33.840000
o 83135800 33.900000
o 83106574 33.950000
o 83067863 34.710000
o 83039900 36.850000
83039900	36.850000
correlation-clustering-Rounded_CorrelationClustering_Vowel_BINARY_N700_D0.200
o 166383600 2.830000
o 85649756 39.410000
o 85616360 39.420000
o 85593002 39.440000
o 85571699 39.550000
o 85555886 40.040000
o 85535427 40.050000
o 85515097 40.150000
o 85488521 40.200000
o 85468271 40.230000
o 85459072 40.490000
o 85458828 40.680000
o 85458549 40.850000
o 85397250 41.120000
o 85392364 41.240000
o 85365258 41.500000
o 85331914 41.740000
o 85309278 41.750000
o 85281400 41.980000
o 85253159 42.220000
o 85206036 42.370000
o 85161112 42.580000
o 85140314 43.050000
o 85048444 44.770000
o 85040125 45.990000
o 84942067 46.170000
o 84941060 46.190000
o 84920836 46.240000
o 84900723 46.270000
o 84880210 46.470000
84880210	46.470000
