decision-tree-heart-cleveland-un-formula_0.8_2021_atleast_127_max-6_reduced_incomplete_adaboost_2
o 161 6.030000
o 158 6.190000
o 98 6.520000
o 81 7.410000
o 72 8.050000
o 69 54.170000
69	54.170000
decision-tree-heart-cleveland-un-formula_0.8_2021_atleast_127_max-6_reduced_incomplete_adaboost_2
o 72 8.670000
o 70 230.220000
70	230.220000
decision-tree-heart-cleveland-un-formula_0.8_2021_atleast_127_max-6_reduced_incomplete_adaboost_2
o 142 6.820000
o 98 7.370000
o 72 7.990000
o 71 12.340000
o 69 212.530000
69	212.530000
decision-tree-heart-cleveland-un-formula_0.8_2021_atleast_127_max-6_reduced_incomplete_adaboost_2
o 172 8.370000
o 169 8.660000
o 106 8.940000
o 72 9.590000
o 71 185.690000
71	185.690000
decision-tree-heart-cleveland-un-formula_0.8_2021_atleast_127_max-6_reduced_incomplete_adaboost_2
o 87 7.210000
o 72 7.640000
72	7.640000
decision-tree-heart-cleveland-un-formula_0.8_2021_atleast_127_max-6_reduced_incomplete_adaboost_2
o 245 7.280000
o 242 7.560000
o 239 7.560000
o 236 7.560000
o 98 7.840000
o 72 7.970000
o 69 266.550000
69	266.550000
decision-tree-heart-cleveland-un-formula_0.8_2021_atleast_127_max-6_reduced_incomplete_adaboost_2
o 119 7.520000
o 106 8.120000
o 97 8.630000
o 89 10.130000
o 72 10.630000
o 69 11.380000
69	11.380000
decision-tree-heart-cleveland-un-formula_0.8_2021_atleast_127_max-6_reduced_incomplete_adaboost_2
o 157 7.770000
o 72 8.160000
o 71 147.800000
71	147.800000
decision-tree-heart-cleveland-un-formula_0.8_2021_atleast_127_max-6_reduced_incomplete_adaboost_2
o 137 6.740000
o 98 7.280000
o 81 8.010000
o 72 8.700000
o 70 128.700000
o 69 200.760000
69	200.760000
decision-tree-heart-cleveland-un-formula_0.8_2021_atleast_127_max-6_reduced_incomplete_adaboost_2
o 114 6.830000
o 106 7.190000
o 72 8.240000
o 70 192.920000
70	192.920000
