decision-tree-heart-cleveland-un-formula_0.8_2021_atleast_15_max-3_reduced_incomplete_adaboost_4
o 195 0.160000
o 145 0.280000
o 138 0.350000
o 129 1.400000
o 127 9.050000
o 124 34.470000
124	34.470000
decision-tree-heart-cleveland-un-formula_0.8_2021_atleast_15_max-3_reduced_incomplete_adaboost_4
o 178 0.150000
o 172 0.150000
o 161 0.150000
o 145 0.230000
o 138 0.270000
o 134 0.860000
o 131 0.860000
o 127 1.500000
o 126 98.900000
o 123 100.090000
123	100.090000
decision-tree-heart-cleveland-un-formula_0.8_2021_atleast_15_max-3_reduced_incomplete_adaboost_4
o 225 0.390000
o 219 0.400000
o 217 0.400000
o 145 0.490000
o 138 0.700000
o 127 3.300000
o 122 24.580000
122	24.580000
decision-tree-heart-cleveland-un-formula_0.8_2021_atleast_15_max-3_reduced_incomplete_adaboost_4
o 182 0.160000
o 145 0.270000
o 138 0.300000
o 133 3.220000
o 129 3.260000
o 127 3.300000
127	3.300000
decision-tree-heart-cleveland-un-formula_0.8_2021_atleast_15_max-3_reduced_incomplete_adaboost_4
o 143 0.270000
o 138 0.400000
o 136 4.020000
o 134 4.360000
o 130 5.870000
o 129 7.100000
o 121 7.290000
121	7.290000
decision-tree-heart-cleveland-un-formula_0.8_2021_atleast_15_max-3_reduced_incomplete_adaboost_4
o 233 0.160000
o 145 0.270000
o 138 0.650000
o 127 1.350000
o 126 19.800000
o 121 100.900000
121	100.900000
decision-tree-heart-cleveland-un-formula_0.8_2021_atleast_15_max-3_reduced_incomplete_adaboost_4
o 189 0.130000
o 186 0.140000
o 145 0.380000
o 144 0.580000
o 143 0.580000
o 142 0.580000
o 141 0.580000
o 140 0.580000
o 139 0.580000
o 138 0.580000
o 127 1.640000
o 123 101.910000
123	101.910000
decision-tree-heart-cleveland-un-formula_0.8_2021_atleast_15_max-3_reduced_incomplete_adaboost_4
o 183 0.160000
o 138 0.310000
o 131 2.390000
o 127 4.530000
o 123 122.070000
o 122 220.620000
122	220.620000
decision-tree-heart-cleveland-un-formula_0.8_2021_atleast_15_max-3_reduced_incomplete_adaboost_4
o 201 0.150000
o 149 0.240000
o 145 0.310000
o 138 1.220000
o 132 1.560000
o 129 3.380000
o 127 26.540000
o 125 291.410000
125	291.410000
decision-tree-heart-cleveland-un-formula_0.8_2021_atleast_15_max-3_reduced_incomplete_adaboost_4
o 174 0.140000
o 145 0.240000
o 138 0.270000
o 133 3.190000
o 129 3.300000
o 127 6.700000
o 123 47.970000
123	47.970000
