generalized-ising-IS23_5.0.5.0.0.5_softer_periodic
o 124826199686282 0.030000
o 124561248966252 0.030000
o 124286786621360 0.030000
o 124061459554235 0.030000
o 123813010767643 0.030000
o 123604284058776 0.030000
o 123421919217811 0.030000
o 123235555374861 0.030000
o 123053052267986 0.030000
o 122872732162273 0.030000
o 122702964592553 0.030000
o 122491485125335 0.030000
o 122300409407231 0.030000
o 122122441780222 0.030000
o 121971302439376 0.030000
o 121803065030719 0.030000
o 121650958405402 0.030000
o 121454981556713 0.030000
o 121306711463772 0.030000
o 121160909401939 0.030000
o 121053030301491 0.030000
o 120931806143985 0.030000
o 120818640879525 0.030000
o 120657781002073 0.030000
o 120527471486155 0.030000
o 120412679146368 0.030000
o 120299596566549 0.030000
o 120184655010819 0.030000
o 120067750902616 0.030000
o 119986810939547 0.030000
o 119939495079858 0.030000
o 119882403579696 0.030000
o 119799147558636 0.030000
o 119738038153919 0.030000
o 119718999243425 0.030000
o 119678243134828 0.030000
o 119666530179008 0.030000
o 119649836972359 0.030000
o 119612321063166 0.030000
o 119606799070564 0.030000
o 119532264505619 0.030000
o 119500648310050 0.030000
o 119451514418882 0.030000
o 119397474367693 0.030000
o 119355689018282 0.030000
o 119319403083088 0.030000
o 119271212334659 0.030000
o 119239021485287 161.980000
o 119228398863201 161.980000
119228398863201	161.980000
generalized-ising-IS23_5.0.5.0.0.5_softer_periodic
o 122811779629941 0.030000
o 122618970008402 0.030000
o 122370736470127 0.030000
o 122225061280203 0.030000
o 122001771848985 0.030000
o 121832976734766 0.030000
o 121636044599133 0.030000
o 121454508938410 0.030000
o 121262535376951 0.030000
o 121124023716201 0.030000
o 120971688135425 0.030000
o 120843502540457 0.030000
o 120723058184836 0.030000
o 120642675248613 0.030000
o 120532663714543 0.030000
o 120361771687424 0.030000
o 120251963332433 0.030000
o 120099010734672 0.030000
o 120011038957441 0.030000
o 119883345089830 0.030000
o 119811462996430 0.030000
o 119706523013081 0.030000
o 119611181447888 0.030000
o 119540147287564 0.030000
o 119539075506666 0.030000
o 119523319856348 0.030000
o 119507733074979 0.030000
o 119505652619582 0.030000
o 119470191624096 0.030000
o 119449799861825 0.030000
o 119395018477085 0.030000
o 119371821449226 0.030000
o 119334581307969 0.030000
o 119308722468104 0.030000
o 119279486931386 0.030000
o 119227850979887 0.030000
o 119225590107448 0.030000
o 119217886271326 0.030000
o 119162716359054 0.030000
o 119130076860796 0.030000
o 119113154176552 0.030000
119113154176552	0.030000
generalized-ising-IS23_5.0.5.0.0.5_softer_periodic
o 125474526003939 0.030000
o 125179378049456 0.030000
o 124921902087212 0.030000
o 124670378115889 0.030000
o 124453834719222 0.030000
o 124242428604155 0.030000
o 124042167382617 0.030000
o 123822717156780 0.030000
o 123626797067771 0.030000
o 123436908330612 0.030000
o 123222647818639 0.030000
o 123022821314988 0.030000
o 122836002686052 0.030000
o 122671461149410 0.030000
o 122497479854278 0.030000
o 122248728584082 0.030000
o 122073724781391 0.030000
o 121886468146986 0.030000
o 121712520988695 0.030000
o 121545143911806 0.030000
o 121370997886783 0.030000
o 121221554229527 0.030000
o 121090890754209 0.030000
o 120915462371444 0.030000
o 120768786355205 0.030000
o 120681998305261 0.030000
o 120569316961288 0.030000
o 120407856618642 0.030000
o 120277354445719 0.030000
o 120137041475970 0.030000
o 120045341547885 0.030000
o 119932487413323 0.030000
o 119846217971522 0.030000
o 119764628917738 0.030000
o 119763884627160 0.030000
o 119760277856905 0.030000
o 119725172297713 0.030000
o 119655727911334 0.030000
o 119653054890468 0.030000
o 119550789144730 0.030000
o 119456638992840 0.030000
o 119449314840367 0.030000
o 119409886832190 0.030000
o 119363499994353 0.030000
o 119359255791369 0.030000
o 119321810505478 161.640000
119321810505478	161.640000
generalized-ising-IS23_5.0.5.0.0.5_softer_periodic
o 124291223924613 0.020000
o 124096660251184 0.030000
o 123884886595890 0.030000
o 123692652111647 0.030000
o 123443302779790 0.030000
o 123244977825452 0.030000
o 123067358097801 0.030000
o 122852768563082 0.030000
o 122647536177160 0.030000
o 122411365294180 0.030000
o 122260162200221 0.030000
o 122070993243796 0.030000
o 121926650663233 0.030000
o 121768871822366 0.030000
o 121617120325977 0.030000
o 121466882068807 0.030000
o 121292745129914 0.030000
o 121122555403599 0.030000
o 120957167161092 0.030000
o 120823947251455 0.030000
o 120702246527553 0.030000
o 120555671012615 0.030000
o 120427243684967 0.030000
o 120307858265762 0.030000
o 120185757210154 0.030000
o 120086235870649 0.030000
o 119995190314339 0.030000
o 119907569761052 0.030000
o 119797168935640 0.030000
o 119692964064699 0.030000
o 119600740052782 0.030000
o 119525645931930 0.030000
o 119461060230363 0.030000
o 119436530792383 0.030000
o 119435244691958 0.030000
o 119420549762320 0.030000
o 119380002885519 152.360000
o 119355098251898 299.630000
o 119351951137550 299.630000
o 119303227033475 299.630000
o 119301144939471 299.630000
o 119251435136821 299.630000
o 119216810637075 299.630000
o 119208791577747 299.630000
o 119187870706260 299.630000
119187870706260	299.630000
generalized-ising-IS23_5.0.5.0.0.5_softer_periodic
o 122961857500695 0.020000
o 122736525583927 0.020000
o 122531230864172 0.020000
o 122301204880021 0.020000
o 122125495383857 0.020000
o 121953536134404 0.020000
o 121742803892350 0.020000
o 121552216278193 0.020000
o 121389986328216 0.020000
o 121216600462405 0.020000
o 121026385827089 0.020000
o 120862199130055 0.020000
o 120727318514789 0.020000
o 120584873686584 0.020000
o 120435534073850 0.020000
o 120349259056556 0.020000
o 120237862397558 0.020000
o 120127015052514 0.020000
o 120047401926164 0.020000
o 119911130490605 0.020000
o 119796281690884 0.030000
o 119723868982580 0.030000
o 119675445205329 0.030000
o 119588890773891 0.030000
o 119489086475138 0.030000
o 119422270101150 0.030000
o 119349196746757 0.030000
o 119321107929067 0.030000
o 119295822935104 0.030000
o 119265758871653 0.030000
o 119218425270449 0.030000
o 119213270745439 0.030000
o 119183652730952 0.030000
o 119161050246790 0.030000
o 119144384545918 0.030000
o 119135870442913 0.030000
o 119110643652681 0.030000
o 119074824049359 0.030000
119074824049359	0.030000
generalized-ising-IS23_5.0.5.0.0.5_softer_periodic
o 124120065679712 0.030000
o 123857880045206 0.030000
o 123590012360382 0.030000
o 123367265381623 0.030000
o 123142671939159 0.030000
o 122954657761192 0.030000
o 122774623401470 0.030000
o 122561546082327 0.030000
o 122373244183511 0.030000
o 122209104885371 0.030000
o 122008116964229 0.030000
o 121793829236882 0.030000
o 121629061550498 0.030000
o 121457001900805 0.030000
o 121283492171683 0.030000
o 121147954740758 0.030000
o 120985594980596 0.030000
o 120856195921703 0.030000
o 120707763224660 0.030000
o 120560060048647 0.030000
o 120452831493745 0.030000
o 120332097014730 0.030000
o 120173489041381 0.030000
o 120077533596297 0.030000
o 120071370586304 0.030000
o 119965760701660 0.030000
o 119871908737276 0.030000
o 119788333719312 0.030000
o 119703922608947 0.030000
o 119675668444359 0.030000
o 119611331398177 0.030000
o 119500453733962 0.030000
o 119438601304176 0.030000
o 119377045122821 0.030000
o 119293402366746 0.030000
o 119267046833638 0.030000
o 119209397904002 151.360000
o 119177983181718 151.360000
o 119171886935597 151.360000
o 119171063504601 151.360000
o 119166982007270 151.360000
119166982007270	151.360000
generalized-ising-IS23_5.0.5.0.0.5_softer_periodic
o 122464765081048 0.020000
o 122279489060788 0.020000
o 122069757558229 0.020000
o 121810316022549 0.020000
o 121635928365795 0.020000
o 121414916857558 0.020000
o 121280073658677 0.020000
o 121144037877374 0.020000
o 120946901999906 0.020000
o 120783904350684 0.020000
o 120633007844326 0.020000
o 120481927189777 0.020000
o 120349917695736 0.020000
o 120244296404118 0.020000
o 120132656635547 0.020000
o 120027142495977 0.020000
o 119932029352154 0.020000
o 119828842365887 0.020000
o 119742694707174 0.020000
o 119731967829706 0.020000
o 119657255812237 0.020000
o 119582681494332 0.020000
o 119507197137390 0.020000
o 119436939521877 0.020000
o 119423588750459 0.020000
o 119368687422699 0.020000
o 119308893212755 0.020000
o 119291742573896 0.020000
o 119268606572365 0.020000
o 119253510210657 0.020000
o 119219536675621 0.020000
o 119218917113397 0.020000
o 119211359613038 0.020000
o 119204329784617 0.020000
o 119177281711649 0.020000
o 119151547127270 0.020000
119151547127270	0.020000
generalized-ising-IS23_5.0.5.0.0.5_softer_periodic
o 124306937750490 0.030000
o 124035368412586 0.030000
o 123821047935518 0.030000
o 123614169413247 0.030000
o 123391711922511 0.030000
o 123158886183260 0.030000
o 122971578289355 0.030000
o 122822489247568 0.030000
o 122630018718125 0.030000
o 122438010582444 0.030000
o 122270062307931 0.030000
o 122094217895237 0.030000
o 121926446419645 0.030000
o 121735606421260 0.030000
o 121555592612211 0.030000
o 121376466611443 0.030000
o 121238152728472 0.030000
o 121063262023998 0.030000
o 120932387498740 0.030000
o 120774718313746 0.030000
o 120664131497737 0.030000
o 120501593289470 0.030000
o 120386855038729 0.030000
o 120268593276348 0.030000
o 120166722202375 0.030000
o 120054126897357 0.030000
o 120021656535416 0.030000
o 119932233689080 0.030000
o 119811125068498 0.030000
o 119710251964694 0.030000
o 119666422348917 0.030000
o 119649786800377 0.030000
o 119548676589413 0.030000
o 119506906918837 0.030000
o 119471317770682 0.030000
o 119436916573047 0.030000
o 119401200781726 0.030000
o 119303975427969 0.030000
119303975427969	0.030000
generalized-ising-IS23_5.0.5.0.0.5_softer_periodic
o 122389802822120 0.020000
o 122158190758849 0.020000
o 121967960653277 0.020000
o 121763377303562 0.020000
o 121649089910254 0.020000
o 121476356669048 0.020000
o 121349098451105 0.020000
o 121201136470941 0.020000
o 121068028627945 0.020000
o 120899369121486 0.020000
o 120784093671857 0.020000
o 120630877350934 0.020000
o 120523361129575 0.020000
o 120424759400497 0.020000
o 120322676732484 0.020000
o 120235493197757 0.020000
o 120132336892738 0.020000
o 120043366845575 0.020000
o 119954259271467 0.020000
o 119914281271734 0.020000
o 119845832909226 0.020000
o 119773912572512 0.020000
o 119684617717595 0.020000
o 119614705147056 0.020000
o 119521103328043 0.020000
o 119438749492173 0.020000
o 119437788372864 0.020000
o 119357297535776 0.020000
o 119236296490255 0.020000
o 119223240756997 0.020000
o 119204678195061 0.020000
o 119154947852007 0.020000
o 119106870327957 0.020000
o 119064887882905 0.020000
119064887882905	0.020000
generalized-ising-IS23_5.0.5.0.0.5_softer_periodic
o 124101230611237 0.020000
o 123893489240764 0.030000
o 123658234041860 0.030000
o 123439457155328 0.030000
o 123219362264639 0.030000
o 123006902682988 0.030000
o 122819809451881 0.030000
o 122621423466780 0.030000
o 122447502021705 0.030000
o 122282271768748 0.030000
o 122064593310538 0.030000
o 121971735228344 0.030000
o 121822601715973 0.030000
o 121604213352330 0.030000
o 121418392058654 0.030000
o 121257458710971 0.030000
o 121090950816712 0.030000
o 120912624469175 0.030000
o 120784818498315 0.030000
o 120626013716657 0.030000
o 120489388402289 0.030000
o 120354742407042 0.030000
o 120203013960134 0.030000
o 120113107414070 0.030000
o 120004836538138 0.030000
o 119929482952250 0.030000
o 119810635009450 0.030000
o 119763343300010 0.030000
o 119672317859054 0.030000
o 119603125139828 0.030000
o 119603053127273 0.030000
o 119588441345988 0.030000
o 119526971593519 0.030000
o 119485237155103 0.030000
o 119401531981892 0.030000
o 119366486593415 0.030000
o 119362664812965 0.030000
o 119352096270336 0.030000
o 119322987451941 0.030000
o 119295543427953 168.000000
o 119276650111744 168.000000
o 119260947231710 168.000000
119260947231710	168.000000
