judgment-aggregation-ja-kemeny-preflib-00049-00000454
o 933 0.240000
o 930 0.250000
o 929 0.250000
o 928 0.250000
o 927 0.250000
o 926 0.250000
o 925 0.250000
o 924 0.250000
o 923 0.250000
o 921 0.250000
o 920 0.250000
o 919 0.250000
o 917 0.250000
o 914 0.250000
o 911 0.250000
o 908 0.250000
o 907 0.250000
o 906 0.260000
o 905 0.260000
o 904 0.260000
o 903 0.260000
o 901 0.260000
o 900 0.260000
o 899 0.260000
o 898 0.260000
o 890 0.260000
o 888 0.260000
o 887 0.260000
o 886 0.260000
o 885 0.260000
o 884 0.260000
o 882 0.260000
o 881 0.260000
o 878 0.260000
o 877 0.260000
o 876 0.260000
o 875 0.260000
o 874 0.260000
o 873 0.260000
o 872 0.260000
o 871 0.260000
o 870 0.260000
o 869 0.260000
o 868 0.260000
o 867 0.260000
o 866 0.260000
o 865 0.260000
o 864 0.260000
o 858 0.260000
o 857 0.260000
o 856 0.260000
o 855 0.260000
o 854 0.260000
o 853 0.260000
o 852 0.260000
o 851 0.260000
o 850 0.260000
o 849 0.270000
o 848 0.270000
o 846 0.270000
o 845 0.270000
o 842 0.270000
o 840 0.270000
o 838 0.270000
o 837 0.270000
o 834 0.270000
o 833 0.270000
o 832 0.270000
o 831 0.270000
o 830 0.270000
o 829 0.270000
o 828 0.270000
o 825 0.270000
o 824 0.270000
o 821 0.270000
o 820 0.270000
o 818 0.270000
o 817 0.270000
o 816 0.270000
o 815 0.270000
o 814 0.280000
o 813 0.280000
o 812 0.280000
o 811 0.280000
o 810 0.280000
o 807 0.280000
o 806 0.280000
o 802 0.280000
o 801 0.280000
o 798 0.280000
o 797 0.280000
o 796 0.280000
o 795 0.280000
o 793 0.290000
o 788 0.290000
o 784 0.290000
o 783 0.290000
o 782 0.290000
o 781 0.290000
o 780 0.290000
o 777 0.290000
o 776 0.290000
o 774 0.290000
o 773 0.290000
o 772 0.290000
o 769 0.290000
o 768 0.290000
o 767 0.290000
o 766 0.300000
o 765 0.300000
o 764 0.310000
o 761 0.310000
o 760 0.310000
o 759 0.310000
o 758 0.320000
o 757 0.320000
o 755 0.320000
o 752 0.320000
o 751 0.320000
o 750 0.320000
o 749 0.320000
o 748 0.320000
o 747 0.340000
o 745 0.340000
o 743 0.350000
o 742 0.360000
o 741 0.360000
o 740 0.360000
o 739 0.370000
o 738 0.370000
o 737 0.370000
o 734 0.370000
o 733 0.370000
o 732 0.370000
o 731 0.370000
o 730 0.370000
o 729 0.380000
o 728 0.390000
o 727 0.390000
o 726 0.390000
o 725 0.390000
o 724 0.410000
o 723 0.410000
o 720 0.410000
o 719 0.410000
o 718 0.420000
o 716 0.430000
o 715 0.430000
o 714 0.430000
o 711 0.430000
o 708 0.430000
o 705 0.430000
o 703 0.430000
o 702 0.430000
o 700 0.430000
o 699 0.430000
o 698 0.430000
o 695 0.430000
o 693 0.430000
o 692 0.440000
o 691 0.440000
o 690 0.490000
o 689 0.550000
o 688 0.570000
o 687 0.870000
o 686 0.870000
o 685 0.880000
o 684 1.190000
o 683 1.200000
o 682 1.200000
o 681 1.290000
o 680 1.310000
o 679 1.510000
o 678 1.530000
o 677 1.530000
o 676 1.960000
o 675 3.590000
o 674 7.020000
o 673 7.500000
o 672 16.940000
o 671 18.080000
o 669 26.850000
o 668 41.040000
o 667 73.100000
o 666 76.360000
o 665 76.750000
o 663 137.750000
o 662 137.750000
o 660 137.750000
o 659 137.830000
o 658 142.930000
o 657 143.680000
o 656 160.740000
o 655 160.990000
o 654 163.970000
o 653 183.960000
o 652 190.280000
o 651 190.280000
o 650 190.280000
o 649 190.280000
o 648 190.280000
648	190.280000
judgment-aggregation-ja-kemeny-preflib-00049-00000454
o 929 0.250000
o 925 0.260000
o 924 0.260000
o 921 0.260000
o 914 0.260000
o 913 0.260000
o 910 0.260000
o 907 0.260000
o 904 0.260000
o 903 0.260000
o 902 0.260000
o 901 0.260000
o 900 0.260000
o 899 0.260000
o 898 0.260000
o 897 0.260000
o 896 0.260000
o 895 0.260000
o 892 0.260000
o 891 0.260000
o 890 0.260000
o 886 0.260000
o 885 0.260000
o 884 0.260000
o 881 0.260000
o 880 0.260000
o 879 0.260000
o 878 0.260000
o 877 0.260000
o 876 0.260000
o 873 0.260000
o 870 0.260000
o 865 0.260000
o 862 0.260000
o 861 0.260000
o 859 0.260000
o 858 0.260000
o 855 0.260000
o 854 0.260000
o 853 0.260000
o 852 0.260000
o 851 0.260000
o 848 0.260000
o 845 0.260000
o 844 0.260000
o 843 0.260000
o 842 0.260000
o 839 0.260000
o 838 0.260000
o 837 0.260000
o 835 0.260000
o 834 0.260000
o 833 0.260000
o 829 0.260000
o 828 0.260000
o 827 0.260000
o 826 0.260000
o 823 0.260000
o 822 0.260000
o 820 0.260000
o 819 0.260000
o 818 0.260000
o 817 0.260000
o 816 0.260000
o 815 0.260000
o 814 0.260000
o 813 0.260000
o 812 0.260000
o 811 0.260000
o 808 0.260000
o 804 0.260000
o 803 0.260000
o 802 0.260000
o 801 0.260000
o 799 0.260000
o 796 0.260000
o 795 0.260000
o 794 0.260000
o 793 0.260000
o 792 0.260000
o 791 0.260000
o 789 0.260000
o 788 0.260000
o 787 0.260000
o 786 0.260000
o 785 0.260000
o 784 0.260000
o 783 0.260000
o 779 0.260000
o 776 0.260000
o 775 0.260000
o 774 0.260000
o 771 0.260000
o 770 0.260000
o 769 0.260000
o 768 0.260000
o 767 0.260000
o 766 0.260000
o 762 0.260000
o 761 0.270000
o 760 0.270000
o 759 0.270000
o 757 0.270000
o 756 0.270000
o 755 0.270000
o 754 0.270000
o 753 0.280000
o 752 0.280000
o 751 0.280000
o 750 0.280000
o 749 0.280000
o 748 0.280000
o 745 0.280000
o 744 0.280000
o 743 0.280000
o 742 0.280000
o 741 0.280000
o 740 0.280000
o 739 0.280000
o 738 0.280000
o 737 0.280000
o 736 0.280000
o 734 0.280000
o 733 0.280000
o 732 0.280000
o 731 0.290000
o 730 0.290000
o 727 0.290000
o 726 0.290000
o 725 0.290000
o 724 0.290000
o 723 0.290000
o 721 0.290000
o 720 0.300000
o 719 0.300000
o 718 0.300000
o 717 0.300000
o 716 0.300000
o 715 0.300000
o 712 0.300000
o 711 0.300000
o 710 0.300000
o 709 0.300000
o 707 0.300000
o 706 0.300000
o 705 0.300000
o 703 0.300000
o 702 0.300000
o 700 0.300000
o 699 0.300000
o 698 0.300000
o 697 0.300000
o 696 0.300000
o 695 0.310000
o 694 0.310000
o 693 0.310000
o 692 0.310000
o 691 0.310000
o 690 0.310000
o 689 0.320000
o 688 0.320000
o 687 0.320000
o 686 0.320000
o 685 0.330000
o 684 0.330000
o 683 0.340000
o 682 0.340000
o 681 0.350000
o 680 0.350000
o 679 0.350000
o 678 0.350000
o 677 0.940000
o 676 0.940000
o 675 0.950000
o 674 1.340000
o 673 1.490000
o 672 1.540000
o 671 1.540000
o 668 1.540000
o 667 1.540000
o 666 1.550000
o 665 1.910000
o 664 54.750000
o 663 54.750000
o 662 59.110000
o 661 59.110000
o 660 68.150000
o 659 184.130000
o 658 186.300000
o 655 186.300000
o 652 186.300000
o 650 186.380000
650	186.380000
judgment-aggregation-ja-kemeny-preflib-00049-00000454
o 986 0.230000
o 982 0.240000
o 979 0.240000
o 973 0.240000
o 972 0.240000
o 971 0.240000
o 970 0.240000
o 959 0.240000
o 958 0.240000
o 957 0.240000
o 956 0.240000
o 953 0.240000
o 952 0.240000
o 934 0.240000
o 931 0.240000
o 930 0.240000
o 927 0.240000
o 926 0.240000
o 925 0.240000
o 924 0.240000
o 923 0.240000
o 922 0.240000
o 917 0.240000
o 914 0.240000
o 911 0.240000
o 910 0.240000
o 909 0.240000
o 908 0.240000
o 907 0.240000
o 906 0.240000
o 903 0.240000
o 902 0.240000
o 900 0.240000
o 897 0.240000
o 894 0.240000
o 893 0.240000
o 890 0.240000
o 887 0.240000
o 886 0.240000
o 885 0.240000
o 884 0.240000
o 883 0.240000
o 882 0.240000
o 879 0.240000
o 878 0.240000
o 875 0.240000
o 872 0.240000
o 871 0.240000
o 870 0.240000
o 869 0.240000
o 868 0.240000
o 865 0.240000
o 864 0.240000
o 861 0.240000
o 858 0.240000
o 857 0.240000
o 855 0.240000
o 854 0.240000
o 853 0.240000
o 852 0.240000
o 851 0.240000
o 850 0.240000
o 849 0.240000
o 846 0.240000
o 843 0.240000
o 842 0.240000
o 841 0.240000
o 840 0.240000
o 839 0.240000
o 838 0.250000
o 837 0.250000
o 836 0.250000
o 834 0.250000
o 833 0.250000
o 832 0.250000
o 831 0.250000
o 830 0.250000
o 827 0.250000
o 825 0.250000
o 822 0.250000
o 821 0.250000
o 819 0.250000
o 818 0.250000
o 817 0.250000
o 816 0.250000
o 815 0.250000
o 814 0.250000
o 813 0.250000
o 812 0.250000
o 811 0.250000
o 810 0.250000
o 809 0.250000
o 808 0.250000
o 807 0.250000
o 806 0.250000
o 803 0.250000
o 802 0.250000
o 800 0.260000
o 799 0.260000
o 798 0.260000
o 797 0.260000
o 796 0.260000
o 794 0.260000
o 793 0.260000
o 792 0.260000
o 791 0.260000
o 789 0.260000
o 788 0.270000
o 787 0.270000
o 786 0.270000
o 785 0.270000
o 783 0.270000
o 782 0.270000
o 781 0.270000
o 776 0.280000
o 773 0.280000
o 772 0.280000
o 771 0.280000
o 766 0.280000
o 765 0.280000
o 764 0.280000
o 761 0.280000
o 760 0.280000
o 759 0.280000
o 758 0.280000
o 757 0.280000
o 756 0.280000
o 753 0.280000
o 752 0.280000
o 751 0.290000
o 750 0.290000
o 749 0.290000
o 748 0.290000
o 747 0.290000
o 746 0.310000
o 744 0.310000
o 743 0.310000
o 742 0.310000
o 741 0.310000
o 740 0.310000
o 738 0.310000
o 737 0.310000
o 736 0.310000
o 735 0.310000
o 734 0.310000
o 733 0.310000
o 732 0.320000
o 731 0.320000
o 730 0.320000
o 729 0.320000
o 728 0.320000
o 726 0.320000
o 725 0.320000
o 724 0.320000
o 723 0.330000
o 722 0.330000
o 720 0.330000
o 716 0.340000
o 713 0.340000
o 712 0.350000
o 711 0.350000
o 710 0.350000
o 709 0.350000
o 708 0.350000
o 707 0.350000
o 706 0.350000
o 705 0.360000
o 703 0.360000
o 702 0.360000
o 699 0.360000
o 698 0.360000
o 697 0.360000
o 696 0.360000
o 695 0.360000
o 694 0.380000
o 693 0.380000
o 690 0.380000
o 689 0.380000
o 688 0.380000
o 682 0.380000
o 681 0.380000
o 680 0.380000
o 679 0.380000
o 678 0.390000
o 677 0.390000
o 676 0.400000
o 675 0.400000
o 674 0.400000
o 673 0.410000
o 672 0.410000
o 671 0.410000
o 670 0.410000
o 669 0.410000
o 668 0.410000
o 667 0.410000
o 666 0.420000
o 665 0.420000
o 664 0.440000
o 663 0.510000
o 662 108.380000
o 661 111.740000
o 660 156.130000
o 659 180.770000
659	180.770000
judgment-aggregation-ja-kemeny-preflib-00049-00000454
o 939 0.180000
o 935 0.190000
o 928 0.190000
o 925 0.190000
o 921 0.190000
o 920 0.190000
o 919 0.190000
o 918 0.190000
o 917 0.190000
o 914 0.190000
o 911 0.190000
o 908 0.190000
o 905 0.190000
o 904 0.190000
o 903 0.190000
o 902 0.190000
o 897 0.190000
o 892 0.190000
o 891 0.190000
o 890 0.190000
o 888 0.190000
o 885 0.190000
o 884 0.190000
o 883 0.190000
o 882 0.190000
o 879 0.190000
o 878 0.190000
o 875 0.190000
o 872 0.190000
o 870 0.190000
o 868 0.190000
o 867 0.190000
o 866 0.190000
o 865 0.190000
o 862 0.190000
o 861 0.190000
o 860 0.190000
o 858 0.190000
o 857 0.190000
o 856 0.200000
o 854 0.200000
o 853 0.200000
o 852 0.200000
o 849 0.200000
o 846 0.200000
o 845 0.200000
o 842 0.200000
o 841 0.200000
o 840 0.200000
o 839 0.200000
o 838 0.200000
o 835 0.200000
o 834 0.200000
o 833 0.200000
o 832 0.200000
o 831 0.200000
o 828 0.200000
o 827 0.200000
o 825 0.200000
o 824 0.200000
o 822 0.200000
o 819 0.200000
o 816 0.200000
o 815 0.200000
o 812 0.200000
o 809 0.200000
o 806 0.200000
o 804 0.200000
o 803 0.200000
o 800 0.210000
o 798 0.210000
o 794 0.210000
o 793 0.210000
o 791 0.210000
o 790 0.210000
o 789 0.210000
o 786 0.210000
o 785 0.210000
o 784 0.210000
o 783 0.210000
o 782 0.210000
o 781 0.210000
o 780 0.210000
o 779 0.210000
o 778 0.210000
o 777 0.210000
o 774 0.210000
o 771 0.210000
o 770 0.210000
o 768 0.210000
o 767 0.210000
o 766 0.210000
o 765 0.210000
o 762 0.210000
o 761 0.210000
o 758 0.210000
o 757 0.210000
o 755 0.210000
o 754 0.210000
o 753 0.220000
o 752 0.220000
o 751 0.220000
o 749 0.220000
o 748 0.220000
o 747 0.220000
o 746 0.220000
o 745 0.230000
o 742 0.230000
o 741 0.230000
o 740 0.230000
o 739 0.230000
o 738 0.230000
o 737 0.230000
o 736 0.230000
o 735 0.230000
o 734 0.240000
o 731 0.250000
o 730 0.250000
o 728 0.250000
o 727 0.250000
o 726 0.250000
o 723 0.250000
o 722 0.250000
o 719 0.260000
o 718 0.260000
o 717 0.260000
o 716 0.260000
o 715 0.260000
o 713 0.270000
o 712 0.280000
o 711 0.280000
o 710 0.280000
o 708 0.280000
o 707 0.280000
o 706 0.290000
o 703 0.290000
o 702 0.290000
o 701 0.290000
o 700 0.290000
o 699 0.290000
o 698 0.290000
o 697 0.290000
o 696 0.290000
o 695 0.300000
o 694 0.310000
o 691 0.310000
o 690 0.320000
o 689 0.330000
o 687 0.330000
o 686 0.330000
o 683 0.330000
o 682 0.330000
o 681 0.330000
o 679 0.330000
o 678 0.330000
o 677 0.370000
o 676 0.370000
o 675 0.430000
o 674 0.480000
o 673 0.540000
o 672 0.550000
o 671 0.580000
o 670 0.580000
o 669 0.620000
o 668 0.620000
o 667 1.770000
o 666 2.550000
o 664 3.380000
o 663 3.380000
o 662 3.380000
o 659 3.380000
o 658 3.380000
o 657 3.380000
o 656 3.430000
o 655 3.430000
o 654 3.430000
o 652 3.440000
o 651 3.450000
o 650 3.460000
o 649 3.460000
o 648 6.570000
o 647 7.000000
o 646 59.500000
646	59.500000
judgment-aggregation-ja-kemeny-preflib-00049-00000454
o 1018 0.190000
o 1014 0.200000
o 1013 0.200000
o 1012 0.200000
o 1009 0.200000
o 1008 0.200000
o 998 0.200000
o 997 0.200000
o 996 0.200000
o 994 0.200000
o 993 0.200000
o 990 0.200000
o 989 0.200000
o 988 0.200000
o 987 0.200000
o 986 0.200000
o 983 0.200000
o 981 0.200000
o 980 0.200000
o 979 0.200000
o 978 0.200000
o 973 0.200000
o 972 0.200000
o 971 0.200000
o 967 0.200000
o 966 0.200000
o 965 0.200000
o 964 0.200000
o 962 0.200000
o 961 0.200000
o 958 0.200000
o 957 0.200000
o 954 0.200000
o 953 0.200000
o 952 0.200000
o 951 0.200000
o 948 0.200000
o 947 0.200000
o 946 0.200000
o 945 0.200000
o 944 0.200000
o 941 0.200000
o 940 0.200000
o 939 0.200000
o 935 0.200000
o 932 0.200000
o 931 0.200000
o 930 0.200000
o 926 0.200000
o 923 0.200000
o 922 0.200000
o 919 0.200000
o 918 0.200000
o 916 0.200000
o 913 0.200000
o 910 0.200000
o 909 0.200000
o 908 0.200000
o 907 0.200000
o 906 0.200000
o 905 0.200000
o 904 0.200000
o 901 0.200000
o 900 0.200000
o 899 0.200000
o 898 0.200000
o 897 0.200000
o 896 0.200000
o 895 0.200000
o 894 0.210000
o 893 0.210000
o 892 0.210000
o 889 0.210000
o 888 0.210000
o 886 0.210000
o 879 0.210000
o 878 0.210000
o 877 0.210000
o 876 0.210000
o 874 0.210000
o 872 0.210000
o 871 0.210000
o 870 0.210000
o 869 0.210000
o 868 0.210000
o 865 0.210000
o 864 0.210000
o 863 0.210000
o 862 0.210000
o 861 0.210000
o 860 0.210000
o 858 0.210000
o 857 0.210000
o 852 0.210000
o 851 0.210000
o 850 0.210000
o 847 0.210000
o 846 0.210000
o 845 0.210000
o 840 0.210000
o 839 0.210000
o 837 0.210000
o 836 0.210000
o 835 0.210000
o 832 0.210000
o 829 0.210000
o 828 0.210000
o 827 0.210000
o 824 0.210000
o 823 0.210000
o 817 0.210000
o 813 0.210000
o 812 0.210000
o 811 0.220000
o 810 0.220000
o 809 0.220000
o 808 0.220000
o 806 0.220000
o 803 0.220000
o 800 0.220000
o 799 0.220000
o 798 0.220000
o 797 0.220000
o 796 0.220000
o 795 0.220000
o 793 0.220000
o 792 0.220000
o 791 0.220000
o 788 0.220000
o 787 0.220000
o 786 0.220000
o 785 0.220000
o 784 0.220000
o 783 0.220000
o 782 0.220000
o 780 0.220000
o 779 0.220000
o 776 0.220000
o 775 0.220000
o 774 0.220000
o 773 0.220000
o 772 0.220000
o 770 0.230000
o 769 0.230000
o 768 0.230000
o 767 0.230000
o 766 0.230000
o 765 0.230000
o 764 0.230000
o 763 0.230000
o 761 0.230000
o 758 0.230000
o 757 0.230000
o 756 0.230000
o 755 0.230000
o 754 0.240000
o 753 0.240000
o 752 0.240000
o 751 0.240000
o 748 0.240000
o 747 0.240000
o 746 0.240000
o 745 0.240000
o 744 0.240000
o 743 0.250000
o 742 0.250000
o 740 0.250000
o 737 0.250000
o 736 0.250000
o 735 0.250000
o 734 0.250000
o 732 0.250000
o 731 0.250000
o 730 0.250000
o 728 0.250000
o 727 0.260000
o 726 0.260000
o 725 0.260000
o 724 0.260000
o 720 0.270000
o 717 0.270000
o 716 0.270000
o 713 0.270000
o 709 0.270000
o 707 0.270000
o 706 0.280000
o 705 0.280000
o 702 0.290000
o 701 0.290000
o 698 0.290000
o 696 0.290000
o 695 0.290000
o 694 0.300000
o 693 0.300000
o 692 0.350000
o 691 0.460000
o 690 0.500000
o 689 0.550000
o 687 1.710000
o 686 1.710000
o 685 1.720000
o 684 2.810000
o 683 94.640000
o 682 94.640000
o 681 94.670000
o 680 94.670000
o 679 94.680000
o 678 94.680000
o 677 94.690000
o 675 95.300000
o 674 95.300000
o 673 95.300000
o 672 95.300000
o 671 99.730000
o 670 99.730000
o 669 99.730000
o 668 99.730000
o 667 99.730000
o 666 99.730000
o 665 99.730000
o 664 99.730000
o 663 99.730000
o 660 99.730000
o 659 99.730000
o 658 99.730000
o 657 99.730000
o 656 99.730000
o 655 99.730000
o 654 99.730000
o 653 99.820000
o 652 99.900000
o 651 101.310000
o 650 117.330000
650	117.330000
judgment-aggregation-ja-kemeny-preflib-00049-00000454
o 842 0.180000
o 841 0.190000
o 840 0.190000
o 839 0.190000
o 838 0.190000
o 837 0.190000
o 835 0.190000
o 834 0.190000
o 833 0.190000
o 832 0.190000
o 830 0.190000
o 829 0.190000
o 828 0.190000
o 826 0.190000
o 825 0.190000
o 824 0.190000
o 821 0.190000
o 820 0.190000
o 817 0.190000
o 816 0.190000
o 814 0.190000
o 812 0.190000
o 811 0.190000
o 810 0.190000
o 807 0.190000
o 806 0.190000
o 805 0.190000
o 802 0.190000
o 801 0.190000
o 799 0.190000
o 798 0.190000
o 797 0.190000
o 794 0.190000
o 790 0.190000
o 789 0.190000
o 788 0.190000
o 787 0.190000
o 786 0.190000
o 785 0.190000
o 784 0.190000
o 782 0.190000
o 781 0.190000
o 779 0.190000
o 778 0.190000
o 777 0.190000
o 776 0.190000
o 773 0.190000
o 770 0.190000
o 769 0.190000
o 768 0.190000
o 767 0.190000
o 764 0.190000
o 763 0.190000
o 759 0.190000
o 758 0.190000
o 754 0.190000
o 753 0.190000
o 752 0.190000
o 751 0.190000
o 750 0.190000
o 748 0.190000
o 747 0.190000
o 746 0.200000
o 744 0.200000
o 743 0.200000
o 742 0.200000
o 741 0.200000
o 740 0.200000
o 739 0.200000
o 738 0.200000
o 737 0.200000
o 735 0.200000
o 732 0.200000
o 731 0.200000
o 730 0.200000
o 729 0.200000
o 728 0.200000
o 727 0.200000
o 726 0.200000
o 725 0.200000
o 724 0.200000
o 723 0.200000
o 722 0.200000
o 721 0.200000
o 720 0.200000
o 715 0.200000
o 714 0.200000
o 713 0.200000
o 712 0.200000
o 711 0.200000
o 710 0.210000
o 709 0.210000
o 708 0.210000
o 707 0.210000
o 706 0.210000
o 705 0.210000
o 704 0.210000
o 703 0.210000
o 702 0.210000
o 701 0.210000
o 699 0.210000
o 698 0.220000
o 697 0.220000
o 696 0.220000
o 695 0.220000
o 694 0.220000
o 693 0.220000
o 692 0.220000
o 691 0.220000
o 690 0.220000
o 689 0.220000
o 688 0.220000
o 687 0.230000
o 686 0.250000
o 685 0.250000
o 684 0.250000
o 683 0.250000
o 681 0.260000
o 680 0.260000
o 679 0.260000
o 677 0.260000
o 676 0.320000
o 675 0.340000
o 674 0.530000
o 672 0.530000
o 671 0.530000
o 670 1.210000
o 669 1.210000
o 668 1.210000
o 667 1.210000
o 666 1.210000
o 665 1.210000
o 664 1.280000
o 663 1.280000
o 662 1.280000
o 660 1.280000
o 659 1.310000
o 658 1.740000
o 657 2.780000
o 656 3.220000
o 655 4.230000
o 654 4.230000
o 653 11.430000
o 652 15.690000
o 651 15.690000
o 650 15.690000
o 649 42.700000
649	42.700000
judgment-aggregation-ja-kemeny-preflib-00049-00000454
o 1184 0.190000
o 1175 0.200000
o 1174 0.200000
o 1171 0.200000
o 1169 0.200000
o 1168 0.200000
o 1166 0.200000
o 1165 0.200000
o 1164 0.200000
o 1163 0.200000
o 1162 0.200000
o 1159 0.200000
o 1158 0.200000
o 1157 0.200000
o 1154 0.200000
o 1153 0.200000
o 1152 0.200000
o 1151 0.200000
o 1150 0.200000
o 1148 0.200000
o 1147 0.200000
o 1146 0.200000
o 1145 0.200000
o 1138 0.200000
o 1137 0.200000
o 1134 0.200000
o 1131 0.200000
o 1129 0.200000
o 1126 0.200000
o 1124 0.200000
o 1117 0.200000
o 1115 0.200000
o 1112 0.200000
o 1107 0.200000
o 1104 0.200000
o 1103 0.200000
o 1100 0.200000
o 1097 0.200000
o 1096 0.200000
o 1091 0.200000
o 1089 0.200000
o 1088 0.200000
o 1086 0.200000
o 1083 0.200000
o 1082 0.200000
o 1079 0.200000
o 1078 0.200000
o 1077 0.200000
o 1076 0.200000
o 1074 0.200000
o 1071 0.200000
o 1070 0.200000
o 1069 0.200000
o 1068 0.200000
o 1065 0.200000
o 1064 0.200000
o 1062 0.200000
o 1059 0.200000
o 1058 0.200000
o 1057 0.200000
o 1056 0.200000
o 1055 0.200000
o 1054 0.200000
o 1053 0.200000
o 1052 0.200000
o 1049 0.200000
o 1046 0.200000
o 1045 0.200000
o 1044 0.200000
o 1043 0.200000
o 1042 0.200000
o 1041 0.200000
o 1039 0.200000
o 1036 0.200000
o 1035 0.200000
o 1034 0.200000
o 1031 0.200000
o 1030 0.200000
o 1029 0.200000
o 1028 0.200000
o 1025 0.200000
o 1024 0.200000
o 1022 0.200000
o 1021 0.200000
o 1020 0.200000
o 1019 0.200000
o 1017 0.200000
o 1013 0.200000
o 1012 0.200000
o 1010 0.200000
o 1009 0.200000
o 1006 0.200000
o 1001 0.200000
o 1000 0.200000
o 999 0.200000
o 995 0.200000
o 992 0.200000
o 991 0.200000
o 988 0.200000
o 983 0.200000
o 982 0.200000
o 981 0.200000
o 975 0.200000
o 972 0.200000
o 969 0.200000
o 968 0.200000
o 967 0.200000
o 966 0.200000
o 964 0.200000
o 963 0.200000
o 960 0.200000
o 959 0.200000
o 958 0.200000
o 955 0.200000
o 954 0.200000
o 953 0.200000
o 952 0.200000
o 951 0.200000
o 950 0.200000
o 949 0.200000
o 947 0.200000
o 946 0.200000
o 943 0.200000
o 940 0.200000
o 937 0.200000
o 936 0.200000
o 935 0.200000
o 932 0.200000
o 931 0.200000
o 930 0.200000
o 929 0.200000
o 927 0.200000
o 926 0.200000
o 925 0.200000
o 924 0.200000
o 921 0.200000
o 920 0.200000
o 919 0.200000
o 918 0.200000
o 916 0.210000
o 915 0.210000
o 914 0.210000
o 913 0.210000
o 912 0.210000
o 911 0.210000
o 910 0.210000
o 908 0.210000
o 907 0.210000
o 906 0.210000
o 905 0.210000
o 903 0.210000
o 902 0.210000
o 901 0.210000
o 900 0.210000
o 899 0.210000
o 898 0.210000
o 897 0.210000
o 894 0.210000
o 888 0.210000
o 887 0.210000
o 885 0.210000
o 880 0.210000
o 879 0.210000
o 876 0.210000
o 875 0.210000
o 874 0.210000
o 873 0.210000
o 872 0.210000
o 871 0.210000
o 868 0.210000
o 864 0.210000
o 863 0.210000
o 860 0.210000
o 859 0.210000
o 858 0.210000
o 857 0.210000
o 856 0.210000
o 853 0.210000
o 850 0.210000
o 849 0.210000
o 846 0.210000
o 843 0.210000
o 842 0.210000
o 840 0.210000
o 839 0.210000
o 838 0.210000
o 837 0.210000
o 836 0.210000
o 834 0.210000
o 833 0.210000
o 830 0.210000
o 828 0.210000
o 825 0.210000
o 824 0.210000
o 823 0.220000
o 822 0.220000
o 821 0.220000
o 820 0.220000
o 819 0.220000
o 818 0.220000
o 817 0.230000
o 816 0.230000
o 815 0.230000
o 814 0.230000
o 813 0.230000
o 812 0.230000
o 811 0.230000
o 810 0.230000
o 809 0.230000
o 808 0.230000
o 805 0.230000
o 804 0.230000
o 803 0.240000
o 802 0.240000
o 799 0.240000
o 798 0.240000
o 797 0.240000
o 796 0.240000
o 795 0.240000
o 794 0.240000
o 793 0.240000
o 791 0.240000
o 790 0.240000
o 784 0.240000
o 783 0.240000
o 782 0.240000
o 781 0.240000
o 778 0.250000
o 777 0.250000
o 776 0.250000
o 775 0.250000
o 774 0.250000
o 773 0.260000
o 771 0.260000
o 770 0.260000
o 769 0.260000
o 765 0.260000
o 764 0.260000
o 763 0.260000
o 762 0.260000
o 761 0.260000
o 759 0.260000
o 756 0.260000
o 755 0.260000
o 752 0.260000
o 751 0.260000
o 750 0.260000
o 749 0.270000
o 748 0.270000
o 747 0.270000
o 746 0.270000
o 745 0.280000
o 741 0.290000
o 740 0.290000
o 739 0.290000
o 738 0.290000
o 737 0.300000
o 736 0.310000
o 735 0.310000
o 734 0.310000
o 733 0.310000
o 732 0.310000
o 731 0.310000
o 730 0.380000
o 727 0.380000
o 726 0.380000
o 721 0.380000
o 718 0.380000
o 717 0.380000
o 716 0.390000
o 715 0.420000
o 714 0.420000
o 712 0.470000
o 711 0.540000
o 709 0.680000
o 708 0.680000
o 705 0.710000
o 704 0.710000
o 703 0.720000
o 702 0.740000
o 699 0.740000
o 698 0.740000
o 697 0.750000
o 696 0.990000
o 693 0.990000
o 692 0.990000
o 689 1.010000
o 688 1.080000
o 687 1.690000
o 686 2.670000
o 683 2.670000
o 680 2.670000
o 679 2.720000
o 678 2.980000
o 677 4.270000
o 676 5.430000
o 675 5.430000
o 674 5.430000
o 673 5.800000
o 672 5.840000
o 671 5.880000
o 670 6.530000
o 669 6.660000
o 667 7.520000
o 666 11.410000
o 665 11.410000
o 664 12.310000
o 663 12.320000
o 662 19.200000
o 661 27.810000
o 660 101.920000
o 659 101.920000
o 658 101.930000
o 657 101.960000
o 656 101.960000
o 654 101.960000
o 653 101.980000
o 651 101.980000
o 650 101.980000
o 649 103.080000
o 648 137.130000
o 647 213.030000
o 646 226.560000
o 645 226.560000
o 642 226.560000
o 641 226.560000
o 640 226.560000
o 639 226.560000
o 638 226.640000
o 637 246.820000
637	246.820000
judgment-aggregation-ja-kemeny-preflib-00049-00000454
o 1025 0.240000
o 1014 0.250000
o 1013 0.250000
o 1012 0.250000
o 1011 0.250000
o 1010 0.250000
o 1007 0.250000
o 1004 0.250000
o 1001 0.250000
o 1000 0.250000
o 997 0.250000
o 996 0.250000
o 995 0.250000
o 992 0.250000
o 989 0.250000
o 983 0.250000
o 980 0.250000
o 974 0.250000
o 973 0.250000
o 972 0.250000
o 971 0.250000
o 968 0.250000
o 967 0.250000
o 966 0.250000
o 963 0.250000
o 962 0.250000
o 959 0.250000
o 958 0.250000
o 957 0.250000
o 956 0.250000
o 955 0.250000
o 954 0.250000
o 951 0.250000
o 948 0.250000
o 947 0.250000
o 946 0.250000
o 943 0.250000
o 942 0.250000
o 936 0.250000
o 935 0.250000
o 934 0.250000
o 933 0.250000
o 931 0.250000
o 930 0.250000
o 929 0.250000
o 928 0.250000
o 925 0.250000
o 924 0.250000
o 923 0.250000
o 922 0.250000
o 920 0.250000
o 919 0.250000
o 918 0.250000
o 917 0.250000
o 915 0.250000
o 912 0.250000
o 907 0.250000
o 906 0.250000
o 903 0.250000
o 900 0.250000
o 899 0.250000
o 898 0.250000
o 897 0.250000
o 895 0.250000
o 894 0.250000
o 893 0.250000
o 891 0.250000
o 888 0.250000
o 886 0.250000
o 885 0.250000
o 884 0.250000
o 883 0.250000
o 882 0.250000
o 879 0.250000
o 878 0.250000
o 877 0.250000
o 874 0.250000
o 870 0.250000
o 869 0.250000
o 868 0.250000
o 867 0.250000
o 865 0.260000
o 863 0.260000
o 860 0.260000
o 859 0.260000
o 858 0.260000
o 857 0.260000
o 856 0.260000
o 855 0.260000
o 854 0.260000
o 853 0.260000
o 852 0.260000
o 850 0.260000
o 849 0.260000
o 848 0.260000
o 846 0.260000
o 845 0.260000
o 844 0.260000
o 843 0.260000
o 842 0.260000
o 839 0.260000
o 838 0.260000
o 837 0.260000
o 834 0.260000
o 833 0.260000
o 832 0.260000
o 831 0.260000
o 830 0.260000
o 829 0.260000
o 826 0.260000
o 823 0.260000
o 822 0.260000
o 820 0.260000
o 818 0.260000
o 817 0.260000
o 816 0.270000
o 814 0.270000
o 813 0.270000
o 812 0.270000
o 811 0.270000
o 810 0.270000
o 809 0.270000
o 808 0.270000
o 807 0.270000
o 806 0.270000
o 805 0.270000
o 804 0.270000
o 803 0.270000
o 802 0.280000
o 801 0.280000
o 800 0.280000
o 799 0.280000
o 796 0.280000
o 795 0.290000
o 794 0.290000
o 793 0.290000
o 792 0.290000
o 791 0.290000
o 790 0.300000
o 787 0.300000
o 786 0.300000
o 785 0.300000
o 784 0.300000
o 783 0.300000
o 782 0.300000
o 781 0.350000
o 778 0.350000
o 777 0.350000
o 776 0.360000
o 774 0.360000
o 773 0.360000
o 772 0.360000
o 771 0.360000
o 769 0.360000
o 768 0.410000
o 767 0.410000
o 766 0.410000
o 764 0.410000
o 763 0.410000
o 762 0.410000
o 761 0.440000
o 756 0.460000
o 755 0.500000
o 754 0.500000
o 753 0.510000
o 750 0.510000
o 749 0.510000
o 748 0.510000
o 746 0.510000
o 745 0.510000
o 744 0.530000
o 743 0.530000
o 742 0.540000
o 740 0.550000
o 739 0.700000
o 738 0.700000
o 736 0.700000
o 729 0.700000
o 728 0.700000
o 727 0.700000
o 726 0.700000
o 725 0.700000
o 724 0.700000
o 723 0.700000
o 722 0.720000
o 721 1.100000
o 720 2.940000
o 719 3.590000
o 718 3.590000
o 717 3.620000
o 716 5.320000
o 714 5.380000
o 713 5.400000
o 712 5.500000
o 711 5.520000
o 710 5.610000
o 708 5.870000
o 705 5.870000
o 704 5.870000
o 703 5.890000
o 702 5.900000
o 701 6.040000
o 700 7.840000
o 699 8.090000
o 698 23.150000
o 697 138.630000
o 696 138.630000
o 695 138.710000
o 692 138.710000
o 691 138.710000
o 689 138.790000
o 688 138.790000
o 686 138.790000
o 685 138.870000
o 684 138.890000
o 683 138.900000
o 682 138.900000
o 681 138.900000
o 679 138.900000
o 678 138.900000
o 677 138.950000
o 675 138.960000
o 674 138.990000
o 673 139.510000
o 672 141.630000
o 671 141.630000
o 670 141.640000
o 669 240.840000
o 668 241.060000
o 667 241.510000
667	241.510000
judgment-aggregation-ja-kemeny-preflib-00049-00000454
o 933 0.180000
o 932 0.190000
o 931 0.190000
o 930 0.190000
o 929 0.190000
o 928 0.190000
o 927 0.190000
o 926 0.190000
o 925 0.190000
o 924 0.190000
o 923 0.190000
o 922 0.190000
o 920 0.190000
o 919 0.190000
o 916 0.190000
o 915 0.190000
o 914 0.190000
o 913 0.190000
o 912 0.190000
o 911 0.190000
o 910 0.190000
o 909 0.190000
o 908 0.190000
o 907 0.190000
o 906 0.190000
o 905 0.190000
o 904 0.190000
o 903 0.190000
o 901 0.190000
o 900 0.190000
o 899 0.190000
o 898 0.190000
o 897 0.190000
o 896 0.190000
o 892 0.190000
o 888 0.190000
o 887 0.190000
o 886 0.190000
o 882 0.190000
o 881 0.190000
o 880 0.190000
o 879 0.190000
o 876 0.190000
o 875 0.190000
o 874 0.190000
o 872 0.190000
o 871 0.190000
o 870 0.190000
o 869 0.190000
o 868 0.190000
o 865 0.190000
o 864 0.190000
o 863 0.190000
o 862 0.190000
o 860 0.190000
o 858 0.190000
o 855 0.190000
o 852 0.190000
o 851 0.190000
o 850 0.190000
o 849 0.190000
o 848 0.190000
o 847 0.190000
o 846 0.190000
o 843 0.190000
o 842 0.190000
o 839 0.190000
o 838 0.190000
o 836 0.190000
o 835 0.190000
o 832 0.190000
o 829 0.190000
o 828 0.190000
o 824 0.190000
o 823 0.190000
o 821 0.190000
o 820 0.190000
o 817 0.190000
o 816 0.190000
o 814 0.190000
o 813 0.190000
o 809 0.190000
o 806 0.190000
o 805 0.190000
o 803 0.190000
o 802 0.190000
o 801 0.190000
o 800 0.190000
o 799 0.190000
o 798 0.190000
o 797 0.190000
o 796 0.190000
o 795 0.190000
o 794 0.190000
o 793 0.190000
o 792 0.190000
o 791 0.190000
o 790 0.190000
o 789 0.190000
o 788 0.190000
o 786 0.190000
o 785 0.190000
o 784 0.190000
o 783 0.190000
o 782 0.200000
o 781 0.200000
o 780 0.200000
o 779 0.200000
o 778 0.200000
o 777 0.200000
o 775 0.200000
o 774 0.200000
o 772 0.200000
o 771 0.200000
o 770 0.200000
o 769 0.200000
o 768 0.200000
o 765 0.200000
o 763 0.200000
o 757 0.200000
o 752 0.200000
o 749 0.200000
o 748 0.200000
o 747 0.200000
o 746 0.200000
o 745 0.200000
o 744 0.200000
o 742 0.200000
o 741 0.200000
o 740 0.200000
o 738 0.200000
o 737 0.200000
o 736 0.200000
o 734 0.200000
o 731 0.200000
o 724 0.210000
o 723 0.210000
o 722 0.210000
o 721 0.210000
o 718 0.210000
o 717 0.210000
o 716 0.210000
o 714 0.210000
o 713 0.210000
o 712 0.210000
o 711 0.210000
o 710 0.210000
o 708 0.210000
o 707 0.240000
o 706 0.240000
o 705 0.240000
o 703 0.240000
o 702 0.240000
o 701 0.240000
o 700 0.250000
o 699 0.250000
o 698 0.250000
o 696 0.250000
o 695 0.250000
o 694 0.250000
o 691 0.250000
o 690 0.250000
o 689 0.250000
o 688 0.290000
o 687 0.290000
o 686 0.290000
o 685 0.290000
o 684 0.310000
o 683 0.310000
o 682 0.310000
o 680 0.310000
o 679 0.310000
o 678 0.310000
o 677 0.320000
o 676 0.320000
o 675 0.350000
o 674 0.350000
o 673 10.310000
o 672 22.610000
o 671 25.630000
o 670 25.640000
o 669 25.640000
o 668 27.460000
o 667 27.980000
o 666 28.650000
o 665 30.120000
o 664 45.100000
o 663 145.700000
o 662 145.780000
o 661 145.840000
o 660 145.840000
o 659 145.840000
o 658 145.840000
o 657 145.840000
o 655 145.900000
o 654 146.120000
o 653 146.920000
o 652 152.210000
o 651 159.050000
o 650 159.090000
o 649 159.100000
o 648 159.100000
o 647 160.120000
o 646 180.770000
o 645 180.810000
o 644 205.770000
o 643 205.800000
643	205.800000
judgment-aggregation-ja-kemeny-preflib-00049-00000454
o 898 0.180000
o 894 0.190000
o 893 0.190000
o 890 0.190000
o 889 0.190000
o 888 0.190000
o 887 0.190000
o 886 0.190000
o 885 0.190000
o 884 0.190000
o 883 0.190000
o 882 0.190000
o 880 0.190000
o 878 0.190000
o 875 0.190000
o 873 0.190000
o 870 0.190000
o 869 0.190000
o 868 0.190000
o 863 0.190000
o 858 0.190000
o 857 0.190000
o 854 0.190000
o 853 0.190000
o 852 0.190000
o 851 0.190000
o 850 0.190000
o 849 0.190000
o 848 0.190000
o 847 0.190000
o 846 0.190000
o 845 0.190000
o 844 0.190000
o 843 0.190000
o 840 0.190000
o 839 0.190000
o 838 0.190000
o 837 0.190000
o 836 0.190000
o 835 0.190000
o 834 0.190000
o 831 0.190000
o 830 0.190000
o 829 0.190000
o 828 0.190000
o 827 0.190000
o 824 0.190000
o 823 0.200000
o 822 0.200000
o 821 0.200000
o 820 0.200000
o 818 0.200000
o 815 0.200000
o 814 0.200000
o 813 0.200000
o 812 0.200000
o 811 0.200000
o 808 0.200000
o 807 0.200000
o 806 0.200000
o 804 0.200000
o 801 0.200000
o 800 0.200000
o 799 0.200000
o 798 0.200000
o 796 0.200000
o 795 0.200000
o 794 0.200000
o 791 0.200000
o 790 0.200000
o 788 0.200000
o 787 0.200000
o 786 0.200000
o 784 0.200000
o 783 0.200000
o 782 0.200000
o 781 0.200000
o 780 0.210000
o 778 0.210000
o 777 0.210000
o 776 0.210000
o 775 0.210000
o 772 0.210000
o 771 0.210000
o 770 0.210000
o 769 0.210000
o 767 0.210000
o 766 0.210000
o 765 0.210000
o 764 0.210000
o 763 0.210000
o 762 0.210000
o 761 0.210000
o 760 0.210000
o 759 0.210000
o 758 0.210000
o 756 0.220000
o 754 0.220000
o 753 0.220000
o 751 0.220000
o 750 0.220000
o 749 0.220000
o 748 0.220000
o 746 0.220000
o 744 0.220000
o 743 0.220000
o 742 0.220000
o 739 0.230000
o 738 0.230000
o 737 0.230000
o 736 0.230000
o 735 0.230000
o 734 0.230000
o 733 0.230000
o 731 0.230000
o 729 0.230000
o 728 0.240000
o 727 0.260000
o 726 0.260000
o 725 0.260000
o 724 0.260000
o 723 0.260000
o 722 0.260000
o 721 0.260000
o 720 0.270000
o 719 0.290000
o 718 0.290000
o 716 0.290000
o 715 0.310000
o 714 0.310000
o 713 0.310000
o 712 0.320000
o 711 0.320000
o 710 0.320000
o 709 0.320000
o 708 0.340000
o 707 0.340000
o 706 0.340000
o 705 0.340000
o 704 0.340000
o 703 0.360000
o 702 0.370000
o 701 0.480000
o 698 0.480000
o 697 0.500000
o 696 0.530000
o 695 0.550000
o 694 0.620000
o 693 0.720000
o 692 0.720000
o 691 0.720000
o 690 0.720000
o 688 0.720000
o 687 0.730000
o 685 0.740000
o 684 0.740000
o 683 0.740000
o 682 0.740000
o 681 0.740000
o 680 0.750000
o 679 0.760000
o 678 0.770000
o 677 0.770000
o 676 0.770000
o 675 0.890000
o 674 0.890000
o 673 0.890000
o 671 0.890000
o 669 0.890000
o 668 0.920000
o 666 0.930000
o 665 0.930000
o 663 0.930000
o 662 0.960000
o 661 1.030000
o 660 1.240000
o 659 1.530000
o 658 1.530000
o 656 7.140000
o 655 18.320000
o 654 18.320000
o 652 19.040000
o 651 19.040000
o 650 19.040000
o 649 19.050000
o 647 19.050000
o 646 19.070000
o 645 19.150000
o 643 20.070000
643	20.070000
