MaxSATQueriesinInterpretableClassifiers-credit_train_8_CNF_5_20
o 116782 1.740000
o 96597 5.720000
o 96576 5.730000
o 96556 5.780000
o 96378 5.810000
96378	5.810000
MaxSATQueriesinInterpretableClassifiers-credit_train_8_CNF_5_20
o 119802 1.750000
o 96197 6.100000
o 96179 6.110000
o 96178 6.110000
o 95979 6.150000
o 95939 6.160000
o 95920 6.520000
o 95907 6.550000
o 95906 6.550000
o 95905 6.550000
95905	6.550000
MaxSATQueriesinInterpretableClassifiers-credit_train_8_CNF_5_20
o 117042 1.370000
o 96700 5.630000
o 96687 6.170000
o 96686 6.180000
o 96685 6.190000
o 96672 6.240000
o 96671 6.240000
o 96670 6.250000
96670	6.250000
MaxSATQueriesinInterpretableClassifiers-credit_train_8_CNF_5_20
o 118560 1.550000
o 96677 6.380000
o 96638 6.520000
o 96622 6.600000
o 96601 6.610000
o 96565 6.810000
o 96549 6.830000
o 96545 6.840000
o 96529 7.260000
o 96523 7.280000
o 96522 7.370000
o 96506 7.420000
o 96505 7.430000
o 96504 7.430000
96504	7.430000
MaxSATQueriesinInterpretableClassifiers-credit_train_8_CNF_5_20
o 116662 1.380000
o 96936 4.660000
96936	4.660000
MaxSATQueriesinInterpretableClassifiers-credit_train_8_CNF_5_20
o 115763 1.430000
o 97884 5.110000
o 97845 5.110000
o 97844 5.110000
o 97823 5.130000
o 97786 5.180000
o 97766 5.180000
97766	5.180000
MaxSATQueriesinInterpretableClassifiers-credit_train_8_CNF_5_20
o 117523 1.360000
o 103477 4.950000
o 103398 4.960000
103398	4.960000
MaxSATQueriesinInterpretableClassifiers-credit_train_8_CNF_5_20
o 119342 1.470000
o 101978 6.340000
o 101976 6.430000
o 101957 6.480000
o 101937 6.480000
o 101918 6.530000
o 101917 6.530000
o 101916 6.530000
o 101902 6.560000
o 101901 6.560000
o 101884 6.720000
o 101883 6.720000
o 101882 6.720000
101882	6.720000
MaxSATQueriesinInterpretableClassifiers-credit_train_8_CNF_5_20
o 116543 1.220000
o 96785 4.420000
o 96749 4.430000
o 96748 4.450000
o 96747 4.460000
96747	4.460000
MaxSATQueriesinInterpretableClassifiers-credit_train_8_CNF_5_20
o 115643 1.280000
o 96868 4.910000
o 96810 4.930000
o 96791 5.190000
o 96781 5.350000
o 96778 5.950000
o 96777 5.970000
o 96776 5.980000
o 96775 5.990000
96775	5.990000
