MinimumWeightDominatingSetProblem-bn-human-BNU_1_0025865_session_1-bg
o 119428383 189.830000
119428383	189.830000
MinimumWeightDominatingSetProblem-bn-human-BNU_1_0025865_session_1-bg
o 119432044 185.250000
119432044	185.250000
MinimumWeightDominatingSetProblem-bn-human-BNU_1_0025865_session_1-bg
o 119422727 188.850000
119422727	188.850000
MinimumWeightDominatingSetProblem-bn-human-BNU_1_0025865_session_1-bg
o 119422704 225.060000
119422704	225.060000
MinimumWeightDominatingSetProblem-bn-human-BNU_1_0025865_session_1-bg
o 119426010 195.800000
119426010	195.800000
MinimumWeightDominatingSetProblem-bn-human-BNU_1_0025865_session_1-bg
o 119422383 203.100000
119422383	203.100000
MinimumWeightDominatingSetProblem-bn-human-BNU_1_0025865_session_1-bg
o 119430132 179.490000
119430132	179.490000
MinimumWeightDominatingSetProblem-bn-human-BNU_1_0025865_session_1-bg
o 119431178 179.510000
119431178	179.510000
MinimumWeightDominatingSetProblem-bn-human-BNU_1_0025865_session_1-bg
o 119423325 223.050000
119423325	223.050000
MinimumWeightDominatingSetProblem-bn-human-BNU_1_0025865_session_1-bg
o 119427632 246.510000
119427632	246.510000
