ParametricRBACMaintenance_mse20-role_university_multiple_0.5_4
o 375030 1.800000
o 217555 38.760000
o 217544 40.370000
o 217540 40.700000
o 217497 40.730000
o 217495 40.860000
o 217474 43.810000
o 217408 43.830000
o 217380 44.080000
o 217318 44.110000
o 210411 53.290000
o 210409 53.290000
o 210408 53.290000
o 210407 53.290000
o 210272 54.190000
o 210240 66.410000
o 210239 66.410000
o 210238 66.420000
o 210237 66.420000
o 210236 66.420000
o 210233 67.480000
o 210232 67.480000
o 210231 67.480000
o 210230 67.540000
o 210229 67.710000
o 210228 67.710000
o 210227 67.710000
o 210226 67.710000
o 210225 67.710000
o 210224 67.720000
o 210223 67.720000
o 210212 67.730000
o 210202 67.740000
o 210201 67.740000
o 210200 67.740000
o 210186 67.940000
o 210185 67.950000
o 210181 68.010000
o 210180 68.020000
o 210179 68.080000
o 210168 68.120000
o 210165 68.250000
o 210164 68.260000
o 210163 68.320000
o 210161 68.350000
o 210160 68.590000
o 210159 68.590000
o 210155 68.690000
o 210154 68.700000
o 210153 68.700000
o 210146 68.720000
o 210132 68.740000
o 210131 68.770000
o 210130 68.780000
o 210129 68.870000
o 210128 69.270000
o 210127 69.270000
o 210126 69.280000
o 210113 69.280000
o 210110 69.850000
o 210109 69.850000
o 210108 69.850000
o 210105 69.860000
o 210104 69.860000
o 210103 69.860000
o 210089 69.870000
o 210078 69.890000
o 210077 70.400000
o 210066 70.400000
o 210065 70.400000
o 210060 70.470000
o 210059 70.470000
o 210058 70.900000
o 210045 70.910000
o 210044 70.910000
o 210036 71.110000
o 210035 71.110000
o 210031 71.130000
o 210030 71.130000
o 210029 71.130000
o 210027 71.650000
o 210026 71.650000
o 210025 72.440000
o 210019 72.820000
o 210018 72.820000
o 210014 73.000000
o 210013 73.000000
o 210012 73.190000
o 210010 73.300000
o 210003 73.410000
o 210001 73.460000
o 209981 73.780000
o 209980 73.790000
o 209979 74.710000
o 209978 75.980000
o 209976 75.990000
o 209975 75.990000
o 209973 76.130000
o 209972 76.430000
o 209969 83.330000
o 209968 83.330000
o 209955 83.330000
o 209936 83.350000
o 209923 83.360000
o 209914 83.360000
o 209913 83.360000
o 209912 83.360000
o 209899 83.360000
o 209898 83.360000
o 209893 83.450000
o 209892 83.450000
o 209891 83.450000
o 209890 83.450000
o 209889 83.450000
o 209888 83.490000
o 209874 83.510000
o 209860 83.510000
o 209847 83.530000
o 209842 83.600000
o 209841 83.600000
o 209840 83.600000
o 209830 83.900000
o 209823 84.010000
o 209822 84.010000
o 209821 84.010000
o 209820 84.620000
o 209816 84.630000
o 209815 84.630000
o 209814 84.630000
o 206316 92.850000
o 206314 92.850000
o 206311 92.850000
o 206219 95.080000
o 206208 95.200000
o 206200 95.210000
o 206196 95.230000
o 206184 95.270000
o 206158 95.280000
o 206157 95.280000
o 206128 109.400000
o 206123 109.400000
o 206122 109.400000
o 206121 109.400000
o 206120 109.410000
o 206097 109.450000
o 206096 109.450000
o 206087 119.930000
o 206074 119.980000
o 206072 153.790000
o 206071 153.790000
o 205935 183.510000
o 205934 183.510000
o 205933 183.510000
o 205919 183.510000
o 205918 183.530000
o 205916 183.530000
o 205915 183.530000
o 205914 183.530000
o 205913 183.540000
o 205901 183.540000
o 205895 183.590000
o 205894 183.640000
o 205880 183.640000
o 205879 183.740000
o 205878 183.760000
o 205877 183.770000
o 205876 183.900000
o 205875 183.910000
o 205874 183.930000
o 205861 183.950000
o 205859 184.070000
o 205846 184.090000
o 205845 184.090000
o 205835 184.170000
o 205834 184.180000
o 205823 184.220000
o 205822 184.230000
o 205821 184.230000
o 205820 184.280000
o 205808 184.310000
o 205807 184.320000
o 205806 184.320000
o 205805 184.440000
o 205795 184.530000
o 205794 184.530000
o 205792 184.540000
o 205787 261.500000
o 205786 261.500000
o 205785 261.500000
o 205773 261.510000
o 205770 261.520000
o 205754 261.530000
o 205724 261.680000
o 205710 261.700000
205710	261.700000
ParametricRBACMaintenance_mse20-role_university_multiple_0.5_4
o 464195 1.930000
o 213097 43.120000
o 212957 43.150000
o 212847 43.180000
o 212842 43.200000
o 212281 43.280000
o 211540 43.940000
o 211530 43.970000
o 211523 44.200000
o 211512 45.120000
o 211502 45.140000
o 211423 45.600000
o 211402 46.530000
o 211390 46.530000
o 211338 46.550000
o 211317 96.740000
o 211316 96.740000
o 211310 96.850000
o 211061 97.020000
o 211060 97.020000
o 211059 97.020000
o 211058 97.020000
o 211057 97.020000
o 211056 97.020000
211056	97.020000
ParametricRBACMaintenance_mse20-role_university_multiple_0.5_4
o 362438 1.850000
o 211664 43.530000
o 211424 44.650000
o 210671 110.380000
o 210668 110.380000
o 210667 110.380000
o 210556 120.830000
o 210555 120.830000
o 210552 120.830000
o 210551 120.830000
o 210550 120.830000
o 210549 120.830000
o 210538 120.840000
o 210537 120.840000
o 210524 120.840000
o 210510 120.840000
o 210509 120.840000
o 210501 120.840000
o 210500 120.840000
o 210490 120.850000
o 210489 120.850000
o 210476 120.850000
o 210460 120.860000
o 210451 120.870000
o 210450 120.870000
o 210449 120.870000
o 209439 134.400000
o 209438 134.400000
o 209336 134.430000
o 209335 134.430000
o 209320 134.460000
o 209319 134.460000
o 209318 134.470000
o 209307 134.580000
o 209306 134.580000
o 209305 134.610000
o 209293 134.640000
o 209292 134.640000
o 209291 134.940000
o 209290 134.940000
o 209279 134.950000
o 209276 134.990000
o 209244 135.010000
o 205965 165.400000
o 205964 165.400000
o 205952 165.400000
o 205951 165.400000
o 205950 165.400000
o 205949 165.410000
o 205938 165.410000
o 205937 165.410000
o 205910 165.410000
o 205909 165.410000
o 205111 165.500000
o 205097 165.500000
o 204203 226.100000
o 204200 226.110000
o 204199 226.110000
o 204182 236.220000
o 204181 236.220000
204181	236.220000
ParametricRBACMaintenance_mse20-role_university_multiple_0.5_4
o 376622 1.730000
o 210273 44.680000
o 210272 44.680000
o 210254 44.720000
o 210223 45.910000
o 210216 45.950000
o 210212 48.020000
o 210185 48.070000
o 209732 122.530000
o 209721 122.540000
o 209720 122.540000
o 209708 122.540000
o 209707 122.550000
o 209706 122.550000
o 209705 122.550000
o 209704 122.550000
o 209703 122.550000
o 209702 122.550000
o 209689 122.550000
o 209678 122.550000
o 209677 122.550000
o 209663 122.550000
o 209662 122.550000
o 209648 122.550000
o 209638 122.560000
o 209585 122.880000
o 209571 122.880000
o 209557 122.880000
o 209556 122.880000
o 209555 122.890000
o 209554 122.890000
o 209553 122.890000
o 209542 122.900000
o 208461 249.740000
o 208394 259.690000
o 208380 259.690000
o 208335 259.810000
o 208333 259.840000
o 208321 259.840000
o 208230 263.870000
o 208218 263.870000
o 208217 263.880000
o 208203 263.880000
o 208186 263.900000
o 208185 263.900000
o 208184 263.900000
o 208180 263.910000
o 208168 263.910000
o 208167 263.910000
o 208166 263.920000
o 208165 263.920000
o 208164 263.920000
o 208163 263.920000
o 208162 263.920000
o 208161 263.920000
o 208154 263.940000
o 208153 263.940000
o 208152 263.940000
o 208151 263.940000
o 208150 263.940000
o 208149 263.950000
o 208135 263.960000
o 208134 263.960000
o 208133 269.850000
o 208132 269.850000
o 208131 269.850000
o 208123 269.870000
o 208110 269.870000
o 208109 269.880000
o 208099 269.880000
o 208098 269.880000
o 208097 269.880000
o 208096 269.890000
o 208095 269.890000
o 208094 269.890000
o 208093 269.900000
o 208092 269.900000
o 208080 269.900000
o 208079 269.910000
o 208025 269.910000
o 208024 269.910000
o 208023 269.910000
o 208022 269.910000
o 208021 269.910000
o 208020 269.910000
o 208019 269.920000
o 208018 269.920000
o 208004 269.920000
o 208003 269.920000
o 208002 269.920000
o 208001 269.930000
o 208000 269.930000
o 207999 269.930000
o 207998 269.930000
o 207997 269.930000
o 207986 269.940000
o 207972 269.940000
o 207793 270.020000
o 207792 270.020000
o 207791 270.030000
o 207790 270.030000
o 207450 270.150000
o 207447 270.160000
o 207446 270.200000
o 207433 270.220000
o 207432 270.220000
o 207430 270.220000
o 207429 270.230000
o 207428 270.230000
o 207427 270.230000
o 207327 290.670000
o 207315 290.680000
o 207302 290.700000
o 207288 290.700000
207288	290.700000
ParametricRBACMaintenance_mse20-role_university_multiple_0.5_4
o 420914 2.010000
o 223394 52.240000
o 223393 52.240000
o 223392 52.240000
o 223391 52.240000
o 223390 52.240000
o 223358 52.320000
o 223357 52.320000
o 215676 52.490000
o 214960 52.790000
o 214219 53.410000
o 214101 53.810000
o 214036 53.930000
o 214008 53.930000
o 213985 53.950000
o 213984 53.950000
o 213973 53.970000
o 206207 54.090000
o 206203 54.220000
o 206195 54.270000
o 206190 113.660000
o 206189 113.720000
o 206182 113.740000
o 206179 113.760000
o 206171 113.780000
o 206151 113.800000
o 206149 113.910000
o 206148 113.920000
o 206134 113.920000
o 206133 113.920000
o 206132 113.950000
o 206131 113.960000
o 206130 113.990000
o 206122 113.990000
o 206121 113.990000
o 206120 114.020000
o 206119 114.020000
o 205937 114.490000
o 205936 114.490000
o 205935 114.490000
o 205514 114.490000
o 205513 114.490000
o 205377 114.510000
o 205365 114.520000
o 205364 114.520000
o 205363 114.520000
o 205362 114.520000
o 205349 114.560000
o 205335 114.560000
o 205334 114.560000
o 205333 114.560000
o 205332 114.560000
o 205331 114.570000
o 205330 114.570000
o 205326 114.610000
o 205322 114.680000
o 205321 114.680000
o 205317 114.690000
205317	114.690000
ParametricRBACMaintenance_mse20-role_university_multiple_0.5_4
o 366839 1.820000
o 209418 45.160000
o 209369 54.440000
o 209192 54.560000
209192	54.560000
ParametricRBACMaintenance_mse20-role_university_multiple_0.5_4
o 456318 1.910000
o 210676 51.090000
o 210646 52.140000
o 210570 52.250000
o 210557 52.310000
o 210552 53.690000
o 210538 53.700000
o 210534 53.710000
o 210523 53.720000
o 209967 57.200000
o 209954 57.210000
o 209949 57.260000
o 209948 57.270000
o 209941 57.530000
o 209940 57.530000
o 209928 57.530000
o 209904 57.630000
o 209903 57.630000
o 209894 57.690000
o 209883 57.750000
o 209882 57.750000
o 209870 57.770000
o 209862 58.330000
o 209850 58.340000
o 209849 58.340000
o 209848 103.360000
o 209847 103.360000
o 209846 103.360000
o 209844 103.530000
o 209843 103.880000
o 209842 103.910000
o 209841 103.910000
o 209840 103.910000
o 209839 103.910000
o 209838 103.910000
o 209837 103.910000
o 209739 203.260000
o 209725 203.260000
o 209724 203.260000
o 209723 203.260000
o 209722 203.260000
o 209721 203.380000
o 209720 203.380000
o 209719 203.380000
o 209713 203.400000
o 209712 203.400000
o 209711 203.400000
o 209710 203.400000
o 209709 203.400000
o 209708 203.440000
o 209702 203.510000
o 209701 203.510000
o 209700 203.510000
o 209699 203.520000
o 209698 203.520000
o 209697 203.520000
o 209696 203.520000
o 209695 203.520000
o 209694 203.520000
o 209693 203.520000
o 209692 203.520000
o 209691 203.520000
o 209690 203.520000
o 209689 203.530000
o 209681 203.540000
o 209680 203.540000
o 209679 203.540000
o 209678 203.540000
o 209677 203.540000
o 209676 203.540000
o 209675 203.540000
o 209674 203.540000
o 209673 203.540000
o 209666 203.610000
o 209665 203.610000
o 209664 203.610000
o 209663 203.610000
o 209662 203.620000
o 209661 203.620000
o 209660 203.620000
o 209659 203.640000
o 209658 203.640000
o 209657 203.660000
o 209656 203.670000
o 209655 203.670000
o 209654 203.670000
o 209653 203.670000
o 209652 203.670000
o 209646 205.000000
o 209645 205.000000
o 209636 205.580000
o 209635 205.580000
o 209634 205.580000
o 209633 205.580000
o 209632 205.580000
o 209631 208.220000
o 209630 208.390000
o 209629 208.390000
o 209628 208.400000
o 209627 208.400000
o 209626 208.400000
o 209624 209.170000
o 209623 209.170000
o 209622 211.980000
o 209621 211.980000
o 209620 211.980000
o 209619 211.980000
o 209618 211.980000
o 209617 211.990000
o 209616 211.990000
o 209615 211.990000
o 209614 211.990000
o 209613 211.990000
o 209612 212.000000
o 209611 212.000000
o 209610 212.000000
o 209609 212.000000
o 209608 212.430000
o 209607 212.440000
o 209606 212.440000
o 209605 212.450000
o 209604 212.450000
o 209603 212.450000
o 209602 212.450000
o 209601 212.450000
o 209600 212.450000
o 209599 212.450000
o 209598 212.460000
o 209597 212.460000
o 209596 212.460000
o 209595 212.460000
o 209594 214.360000
o 209593 214.360000
o 209592 220.340000
o 209591 220.340000
o 209590 220.340000
o 209589 220.360000
o 209588 220.360000
o 209587 220.360000
209587	220.360000
ParametricRBACMaintenance_mse20-role_university_multiple_0.5_4
o 408241 2.410000
o 209034 43.150000
o 209019 51.280000
o 209010 51.290000
o 209009 51.300000
o 208960 51.330000
o 208946 51.330000
o 208942 232.450000
o 208941 232.460000
o 208940 232.460000
o 208936 232.470000
o 208935 232.480000
o 208934 232.480000
o 208933 232.480000
o 208932 232.480000
o 208930 232.480000
o 208929 232.480000
o 208915 232.490000
o 208914 232.490000
o 208825 232.590000
o 208812 232.600000
o 208811 232.610000
o 208810 232.620000
o 208773 243.220000
o 208772 243.220000
o 208771 243.220000
o 208767 243.270000
o 208766 243.270000
o 208712 261.480000
o 208711 261.490000
o 208710 261.490000
o 208709 261.490000
o 208708 261.490000
o 208707 261.490000
o 208706 261.510000
o 208705 261.510000
o 208704 261.510000
o 208703 261.530000
o 208702 261.530000
o 208701 261.530000
o 208700 261.530000
208700	261.530000
ParametricRBACMaintenance_mse20-role_university_multiple_0.5_4
o 384771 1.790000
o 384757 1.830000
o 384743 1.830000
o 209682 40.800000
o 208972 81.880000
o 208958 81.880000
o 208957 81.890000
o 208956 81.890000
o 208929 81.950000
o 208916 81.960000
o 208915 81.980000
o 208914 81.980000
o 207582 102.630000
o 207570 102.710000
o 207567 102.740000
o 207566 102.740000
o 207565 102.740000
o 207559 112.420000
o 207558 112.510000
o 207556 112.520000
o 207555 112.520000
o 207554 112.520000
o 207550 112.540000
o 207549 112.540000
o 207547 112.550000
o 207546 112.550000
o 207544 112.550000
o 207536 112.560000
o 207535 112.570000
o 207531 112.580000
o 207528 112.590000
o 207488 112.720000
o 207369 122.770000
o 207357 122.770000
o 207355 122.790000
o 207345 122.800000
o 207341 122.800000
o 207338 122.800000
o 207337 122.810000
o 207336 122.810000
o 207335 122.810000
o 207317 122.840000
o 207313 122.850000
o 207113 175.780000
o 207112 175.780000
o 206963 175.810000
o 206962 175.830000
o 206949 175.830000
o 206935 175.840000
o 206908 175.940000
o 206907 175.940000
o 206905 175.980000
o 206876 175.990000
o 206875 176.000000
o 206874 176.010000
o 206843 176.070000
o 206842 176.070000
o 206830 176.130000
206830	176.130000
ParametricRBACMaintenance_mse20-role_university_multiple_0.5_4
o 383384 2.660000
o 208491 64.240000
o 208479 64.250000
o 208448 64.390000
o 208395 64.400000
o 208361 65.240000
o 208349 65.270000
o 208337 65.300000
o 208336 65.380000
o 208334 65.400000
o 208328 66.200000
o 208256 66.250000
o 208248 66.260000
o 208237 66.260000
o 208236 66.260000
o 207858 66.640000
o 207735 66.940000
o 207726 67.050000
o 205424 158.830000
o 205409 214.510000
o 205408 214.510000
o 205397 214.880000
o 205396 214.900000
o 205395 214.900000
o 205394 214.910000
o 205390 214.920000
o 205371 215.000000
o 205358 215.010000
o 205357 215.020000
o 205077 230.330000
o 205076 230.330000
o 205065 230.340000
o 205056 230.350000
o 205045 230.350000
o 205044 230.350000
o 205036 230.370000
o 205022 230.380000
o 205021 230.380000
o 205020 230.380000
o 205017 230.400000
o 204993 230.460000
o 204992 230.460000
o 204991 230.460000
o 204990 230.460000
o 204989 230.460000
o 204988 230.460000
o 204987 230.470000
o 204986 230.470000
o 204985 230.470000
o 204984 230.470000
o 204970 230.470000
o 204959 230.530000
o 204958 230.530000
o 204948 230.640000
o 204934 230.640000
o 204933 230.640000
o 204919 230.640000
o 204903 230.650000
o 204902 230.660000
o 204888 230.660000
o 204887 230.660000
o 204885 230.710000
o 204884 230.710000
o 204883 230.710000
o 204871 230.720000
o 204870 230.720000
o 204869 230.730000
o 204866 230.750000
o 204848 230.760000
o 204847 230.760000
o 204836 230.760000
o 204835 230.760000
o 204822 230.770000
o 204819 230.820000
o 204818 230.840000
o 204788 230.870000
o 204787 230.890000
o 204773 230.900000
o 204772 230.920000
o 204758 230.920000
o 204757 230.930000
o 204756 230.940000
204756	230.940000
