setcover-rail4872
o 2144 411.440000
2144	411.440000
setcover-rail4872
o 2173 416.090000
2173	416.090000
setcover-rail4872
o 2151 437.920000
2151	437.920000
setcover-rail4872
o 2171 424.430000
2171	424.430000
setcover-rail4872
o 2178 468.960000
2178	468.960000
setcover-rail4872
o 2171 429.680000
2171	429.680000
setcover-rail4872
o 2150 453.580000
2150	453.580000
setcover-rail4872
o 2176 426.170000
2176	426.170000
setcover-rail4872
o 2164 469.650000
2164	469.650000
setcover-rail4872
o 2154 463.110000
2154	463.110000
