timetabling-comp02
o 1431 0.640000
o 1118 0.840000
o 1113 0.840000
o 1108 0.840000
o 1103 0.840000
o 1098 0.840000
o 1093 0.840000
o 1088 0.840000
o 1085 0.850000
o 1058 0.850000
o 1053 0.850000
o 1048 0.880000
o 1043 0.880000
o 1038 0.880000
o 1033 0.880000
o 1028 0.880000
o 1023 0.880000
o 1018 0.880000
o 1013 0.880000
o 1008 0.880000
o 1003 0.880000
o 998 0.880000
o 986 0.880000
o 967 0.910000
o 962 0.910000
o 960 0.910000
o 955 0.910000
o 950 0.910000
o 943 0.910000
o 935 0.910000
o 930 0.910000
o 925 0.910000
o 922 0.950000
o 920 0.970000
o 915 0.970000
o 910 0.970000
o 905 0.970000
o 900 0.970000
o 895 0.970000
o 890 0.970000
o 885 0.970000
o 884 0.970000
o 880 0.980000
o 875 0.980000
o 870 0.980000
o 865 0.980000
o 860 0.980000
o 855 0.980000
o 850 0.980000
o 845 0.990000
o 843 0.990000
o 838 0.990000
o 833 0.990000
o 828 0.990000
o 823 0.990000
o 818 0.990000
o 814 1.020000
o 809 1.020000
o 804 1.020000
o 799 1.020000
o 794 1.020000
o 792 1.020000
o 790 1.020000
o 788 1.030000
o 783 1.030000
o 778 1.030000
o 774 1.030000
o 769 1.030000
o 755 1.040000
o 750 1.040000
o 745 1.040000
o 740 1.040000
o 723 1.040000
o 718 1.040000
o 716 1.040000
o 712 1.100000
o 707 1.100000
o 696 1.100000
o 695 1.100000
o 690 1.100000
o 685 1.100000
o 680 1.110000
o 676 1.110000
o 672 1.110000
o 667 1.110000
o 664 1.120000
o 659 1.120000
o 654 1.120000
o 649 1.120000
o 646 1.120000
o 641 1.120000
o 636 1.120000
o 631 1.120000
o 629 1.120000
o 624 1.120000
o 615 1.130000
o 610 1.130000
o 605 1.130000
o 600 1.130000
o 595 1.140000
o 593 1.140000
o 589 1.140000
o 584 1.140000
o 579 3.790000
o 578 3.800000
o 574 3.800000
o 571 3.800000
o 569 3.840000
o 565 3.840000
o 548 3.850000
o 547 3.850000
o 542 3.850000
o 540 3.850000
o 535 3.850000
o 533 3.850000
o 529 3.850000
o 523 3.850000
o 522 10.620000
o 520 10.620000
o 516 10.630000
o 505 10.650000
o 503 10.720000
o 499 10.730000
o 497 10.810000
o 492 10.810000
o 491 10.930000
o 487 10.930000
o 482 30.410000
o 472 30.410000
o 471 30.430000
o 467 30.430000
o 465 30.430000
o 460 30.430000
o 458 30.620000
o 452 30.620000
o 448 30.620000
o 440 30.670000
o 437 30.670000
o 435 30.690000
o 430 30.690000
o 425 30.690000
o 423 32.980000
o 421 32.980000
o 417 32.980000
o 415 32.980000
o 413 32.980000
o 411 32.990000
o 406 33.010000
o 404 33.010000
o 401 33.020000
o 396 33.020000
o 392 33.020000
o 387 33.020000
o 382 33.020000
o 379 62.710000
o 367 62.710000
o 362 62.710000
o 360 64.410000
o 357 76.320000
o 355 76.320000
o 352 76.320000
o 350 76.320000
o 346 76.460000
o 344 76.490000
o 343 76.540000
o 339 76.540000
o 334 76.540000
o 331 76.580000
o 325 76.590000
o 323 76.990000
o 318 76.990000
o 313 76.990000
o 311 77.000000
o 304 77.000000
o 302 77.000000
o 300 77.010000
o 295 77.010000
o 291 77.040000
o 287 77.040000
o 285 77.050000
o 284 216.130000
o 282 216.140000
282	216.140000
timetabling-comp02
o 1498 0.680000
o 1085 0.920000
o 1080 0.920000
o 1075 0.920000
o 1070 0.920000
o 1068 0.920000
o 1063 0.930000
o 1050 0.930000
o 1045 0.930000
o 1040 0.930000
o 1025 0.930000
o 1020 0.930000
o 1015 0.930000
o 1011 0.930000
o 1001 0.930000
o 997 0.930000
o 996 0.930000
o 991 0.930000
o 989 0.930000
o 985 0.930000
o 981 0.930000
o 980 0.960000
o 975 0.960000
o 966 0.960000
o 961 0.960000
o 951 0.960000
o 946 0.960000
o 941 0.960000
o 936 0.960000
o 931 0.960000
o 926 0.960000
o 920 0.960000
o 915 0.960000
o 910 0.960000
o 905 0.960000
o 904 0.970000
o 899 0.970000
o 894 0.970000
o 889 0.970000
o 885 0.970000
o 883 0.970000
o 878 0.970000
o 873 0.970000
o 854 1.010000
o 849 1.010000
o 844 1.010000
o 839 1.010000
o 834 1.010000
o 829 1.010000
o 824 1.010000
o 818 1.010000
o 815 1.010000
o 810 1.010000
o 805 1.010000
o 795 1.010000
o 791 1.110000
o 786 1.110000
o 781 1.110000
o 776 1.110000
o 771 1.110000
o 766 1.110000
o 761 1.110000
o 756 1.110000
o 751 1.120000
o 733 1.120000
o 728 1.120000
o 720 1.120000
o 715 1.120000
o 710 1.120000
o 705 1.120000
o 703 1.120000
o 698 1.120000
o 695 1.130000
o 694 1.130000
o 693 1.140000
o 688 1.140000
o 685 1.210000
o 683 1.210000
o 678 1.210000
o 673 1.210000
o 652 1.220000
o 649 1.220000
o 647 1.220000
o 643 1.220000
o 638 1.220000
o 634 1.220000
o 629 1.220000
o 624 1.220000
o 620 1.220000
o 616 1.280000
o 615 1.280000
o 599 1.280000
o 597 1.280000
o 595 1.280000
o 593 1.280000
o 586 1.740000
o 582 1.760000
o 578 1.760000
o 572 1.760000
o 570 1.760000
o 568 2.390000
o 563 2.390000
o 562 2.390000
o 560 2.390000
o 559 2.390000
o 557 2.390000
o 549 2.390000
o 544 2.390000
o 539 2.390000
o 535 2.390000
o 532 2.410000
o 528 2.410000
o 526 2.410000
o 521 2.410000
o 517 2.410000
o 512 2.410000
o 510 2.410000
o 505 2.410000
o 502 9.610000
o 500 9.610000
o 498 9.630000
o 493 9.630000
o 490 9.630000
o 488 9.640000
o 486 9.650000
o 484 9.700000
o 482 9.700000
o 478 9.710000
o 470 9.850000
o 466 9.850000
o 464 9.860000
o 459 9.860000
o 457 9.860000
o 451 9.880000
o 449 23.170000
o 445 23.170000
o 443 23.220000
o 440 23.250000
o 438 23.260000
o 436 23.270000
o 427 23.330000
o 419 23.700000
o 418 23.780000
o 417 23.830000
o 415 23.830000
o 410 23.830000
o 405 23.830000
o 400 23.830000
o 395 23.830000
o 394 23.920000
o 383 23.920000
o 379 23.920000
o 376 24.330000
o 374 24.340000
o 370 56.200000
o 365 56.200000
o 360 56.200000
o 355 56.200000
o 350 56.210000
o 349 56.220000
o 344 56.220000
o 341 56.260000
o 339 56.260000
o 337 56.270000
o 334 56.390000
o 332 56.400000
o 328 97.620000
o 326 97.620000
o 325 102.250000
o 322 102.260000
o 319 102.260000
o 314 102.260000
o 312 102.260000
o 309 102.260000
o 307 102.270000
o 305 102.270000
o 303 102.290000
o 301 102.290000
o 299 102.290000
o 298 102.470000
o 296 102.470000
o 290 102.670000
o 285 102.680000
o 283 254.370000
o 281 254.400000
o 279 254.570000
o 277 254.570000
o 276 254.610000
o 272 254.640000
o 268 254.640000
o 266 254.640000
o 262 254.740000
o 248 254.740000
o 246 254.740000
246	254.740000
timetabling-comp02
o 1432 0.650000
o 1112 0.870000
o 1107 0.870000
o 1102 0.870000
o 1097 0.870000
o 1092 0.870000
o 1087 0.870000
o 1082 0.880000
o 1077 0.880000
o 1072 0.880000
o 1067 0.880000
o 1062 0.880000
o 1057 0.880000
o 1052 0.880000
o 1047 0.880000
o 1042 0.880000
o 1037 0.880000
o 1032 0.880000
o 1027 0.880000
o 1022 0.880000
o 1017 0.880000
o 1012 0.880000
o 1007 0.880000
o 1002 0.880000
o 997 0.880000
o 992 0.880000
o 987 0.880000
o 982 0.880000
o 977 0.880000
o 974 0.880000
o 969 0.880000
o 964 0.880000
o 958 0.880000
o 953 0.880000
o 948 0.880000
o 944 0.880000
o 940 1.000000
o 935 1.000000
o 930 1.000000
o 925 1.000000
o 920 1.000000
o 915 1.000000
o 910 1.000000
o 905 1.000000
o 900 1.010000
o 899 1.010000
o 894 1.010000
o 889 1.010000
o 885 1.010000
o 882 1.010000
o 877 1.010000
o 872 1.010000
o 867 1.010000
o 862 1.010000
o 856 1.010000
o 851 1.010000
o 846 1.010000
o 841 1.010000
o 836 1.010000
o 831 1.010000
o 829 1.010000
o 817 1.010000
o 812 1.010000
o 811 1.010000
o 806 1.010000
o 800 1.020000
o 795 1.020000
o 790 1.020000
o 787 1.020000
o 782 1.020000
o 781 1.050000
o 776 1.050000
o 771 1.050000
o 770 1.060000
o 765 1.060000
o 760 1.060000
o 755 1.060000
o 750 1.060000
o 745 1.060000
o 743 1.070000
o 738 1.070000
o 729 1.070000
o 727 1.070000
o 722 1.070000
o 717 1.070000
o 712 1.070000
o 707 1.070000
o 702 1.080000
o 697 1.080000
o 693 1.090000
o 688 1.090000
o 687 1.090000
o 682 1.090000
o 677 1.090000
o 672 1.090000
o 669 1.100000
o 668 1.120000
o 663 1.120000
o 658 1.120000
o 654 1.120000
o 649 1.120000
o 646 1.130000
o 640 1.130000
o 636 1.130000
o 631 1.140000
o 626 1.140000
o 624 1.140000
o 623 1.170000
o 618 1.170000
o 613 1.170000
o 608 1.170000
o 603 1.180000
o 600 1.300000
o 599 1.300000
o 594 1.300000
o 585 1.300000
o 583 1.360000
o 581 1.360000
o 576 1.360000
o 571 1.360000
o 562 3.120000
o 557 3.120000
o 555 3.120000
o 549 3.120000
o 538 3.150000
o 533 3.150000
o 531 3.150000
o 525 3.250000
o 522 3.250000
o 517 3.250000
o 515 3.250000
o 513 3.280000
o 511 7.600000
o 509 10.500000
o 506 10.700000
o 501 10.700000
o 489 10.700000
o 488 10.830000
o 484 10.830000
o 483 10.850000
o 479 10.860000
o 477 10.860000
o 473 18.160000
o 471 18.160000
o 466 18.160000
o 461 18.160000
o 459 18.180000
o 455 18.200000
o 454 18.210000
o 451 18.210000
o 447 18.220000
o 443 18.230000
o 438 18.230000
o 436 18.230000
o 429 18.270000
o 423 18.270000
o 422 41.680000
o 420 41.700000
o 417 41.700000
o 412 41.700000
o 407 41.700000
o 402 42.250000
o 400 42.260000
o 398 42.330000
o 394 42.340000
o 392 42.340000
o 390 42.430000
o 385 42.430000
o 381 42.590000
o 379 42.590000
o 375 42.590000
o 372 42.600000
o 361 43.480000
o 359 43.480000
o 357 43.480000
o 355 43.480000
o 353 43.490000
o 351 43.490000
o 349 43.490000
o 347 43.490000
o 342 43.510000
o 341 43.520000
o 336 69.930000
o 331 69.990000
o 329 69.990000
o 328 69.990000
o 326 70.020000
o 324 70.040000
o 323 70.210000
o 318 70.210000
o 316 111.330000
o 312 111.330000
o 311 111.340000
o 307 111.350000
o 304 188.240000
o 299 188.250000
o 298 188.270000
o 293 188.270000
o 292 188.270000
o 287 188.270000
o 285 188.280000
o 280 188.280000
o 278 188.280000
o 276 267.510000
o 273 267.530000
o 268 267.530000
268	267.530000
timetabling-comp02
o 1483 0.600000
o 1138 0.870000
o 1133 0.870000
o 1128 0.870000
o 1123 0.870000
o 1118 0.870000
o 1113 0.870000
o 1108 0.870000
o 1103 0.870000
o 1098 0.870000
o 1093 0.870000
o 1088 0.870000
o 1083 0.870000
o 1078 0.870000
o 1073 0.870000
o 1068 0.870000
o 1063 0.870000
o 1058 0.870000
o 1053 0.870000
o 1048 0.870000
o 1043 0.870000
o 1033 0.870000
o 1028 0.870000
o 1023 0.870000
o 1018 0.870000
o 1013 0.870000
o 1004 0.870000
o 999 0.870000
o 994 0.870000
o 990 0.870000
o 985 0.870000
o 980 0.870000
o 975 0.870000
o 970 0.870000
o 965 0.870000
o 960 0.870000
o 955 0.870000
o 950 0.870000
o 945 0.870000
o 940 0.870000
o 935 0.870000
o 930 0.870000
o 925 0.880000
o 920 0.880000
o 915 0.880000
o 910 0.880000
o 905 0.880000
o 900 0.880000
o 895 0.880000
o 890 0.880000
o 885 0.880000
o 880 0.880000
o 870 0.880000
o 867 0.890000
o 862 0.890000
o 860 0.890000
o 856 0.890000
o 851 0.890000
o 846 0.890000
o 843 0.890000
o 838 0.890000
o 836 0.910000
o 831 0.910000
o 826 0.910000
o 822 0.910000
o 820 0.910000
o 811 0.910000
o 806 0.910000
o 801 0.910000
o 796 0.910000
o 791 0.910000
o 789 0.910000
o 784 0.910000
o 779 0.910000
o 774 0.910000
o 769 0.910000
o 764 0.910000
o 759 0.910000
o 754 0.910000
o 749 0.910000
o 744 0.910000
o 734 0.910000
o 729 0.910000
o 724 0.910000
o 721 0.910000
o 716 0.910000
o 712 1.030000
o 707 1.040000
o 702 1.040000
o 698 1.050000
o 693 1.050000
o 688 1.050000
o 683 1.050000
o 671 1.050000
o 667 1.050000
o 662 1.050000
o 658 1.080000
o 657 1.080000
o 656 1.090000
o 653 1.100000
o 648 1.100000
o 643 1.100000
o 641 1.110000
o 636 1.110000
o 631 1.110000
o 629 1.110000
o 627 1.110000
o 626 1.110000
o 625 1.110000
o 620 1.110000
o 615 1.110000
o 613 1.110000
o 612 1.110000
o 607 1.110000
o 605 1.110000
o 600 1.110000
o 596 1.110000
o 591 1.110000
o 589 1.110000
o 586 1.440000
o 575 1.440000
o 572 1.520000
o 571 2.560000
o 564 2.560000
o 559 2.560000
o 557 2.600000
o 555 2.640000
o 547 2.640000
o 542 3.130000
o 540 3.130000
o 539 3.130000
o 536 3.130000
o 534 3.130000
o 522 3.160000
o 517 6.830000
o 514 6.830000
o 509 6.830000
o 507 6.830000
o 503 6.830000
o 498 6.860000
o 496 6.860000
o 492 6.860000
o 485 6.860000
o 480 6.860000
o 478 6.880000
o 474 6.880000
o 472 6.890000
o 467 6.890000
o 465 6.890000
o 461 6.890000
o 460 6.900000
o 455 6.900000
o 452 6.950000
o 449 7.040000
o 445 7.040000
o 443 7.040000
o 439 7.040000
o 436 7.040000
o 432 21.160000
o 430 21.160000
o 428 21.170000
o 424 21.220000
o 422 21.220000
o 417 21.220000
o 415 21.220000
o 411 21.220000
o 407 21.240000
o 402 21.240000
o 401 21.250000
o 399 21.250000
o 394 21.250000
o 389 21.250000
o 387 21.250000
o 386 21.250000
o 383 21.280000
o 380 21.290000
o 375 21.290000
o 370 21.290000
o 367 21.340000
o 362 21.340000
o 360 21.340000
o 358 21.340000
o 357 21.350000
o 352 21.350000
o 351 21.360000
o 346 21.360000
o 341 21.360000
o 336 21.360000
o 334 21.360000
o 331 67.510000
o 330 67.520000
o 324 67.520000
o 319 67.530000
o 317 67.550000
o 315 78.340000
o 312 78.340000
o 311 78.350000
o 308 78.410000
o 300 78.460000
o 295 78.460000
o 294 78.460000
o 292 78.460000
o 287 78.460000
o 285 78.470000
o 284 78.650000
o 279 78.660000
o 277 78.670000
o 275 78.670000
o 273 78.670000
o 269 78.700000
o 267 78.700000
o 262 78.710000
o 258 78.710000
o 256 78.730000
o 254 78.900000
o 252 78.920000
o 246 78.920000
o 244 78.970000
o 242 78.970000
o 240 78.980000
240	78.980000
timetabling-comp02
o 1555 0.650000
o 1090 0.840000
o 1085 0.840000
o 1080 0.840000
o 1075 0.840000
o 1070 0.840000
o 1067 0.840000
o 1062 0.840000
o 1057 0.840000
o 1054 0.840000
o 1049 0.840000
o 1044 0.840000
o 1039 0.850000
o 1034 0.850000
o 1030 0.850000
o 1025 0.850000
o 1020 0.850000
o 1015 0.850000
o 1010 0.850000
o 1005 0.850000
o 1000 0.850000
o 995 0.850000
o 994 0.850000
o 992 0.850000
o 987 0.850000
o 982 0.850000
o 978 0.850000
o 973 0.850000
o 968 0.850000
o 963 0.850000
o 961 0.930000
o 956 0.930000
o 951 0.930000
o 943 0.930000
o 938 0.930000
o 928 0.930000
o 923 0.930000
o 918 0.930000
o 908 0.930000
o 904 0.930000
o 899 0.930000
o 894 0.930000
o 889 0.930000
o 884 0.930000
o 879 0.930000
o 874 0.930000
o 869 0.930000
o 864 0.930000
o 860 0.930000
o 855 0.930000
o 850 0.930000
o 845 0.930000
o 838 0.940000
o 833 0.950000
o 829 0.950000
o 824 0.950000
o 819 0.960000
o 814 0.960000
o 809 0.960000
o 804 0.960000
o 799 0.960000
o 796 0.960000
o 790 0.960000
o 785 0.960000
o 783 0.960000
o 781 0.970000
o 776 0.970000
o 770 0.970000
o 764 0.970000
o 759 0.970000
o 757 0.970000
o 752 0.970000
o 747 0.970000
o 742 0.970000
o 740 1.010000
o 735 1.010000
o 730 1.010000
o 725 1.120000
o 720 1.120000
o 715 1.120000
o 709 1.120000
o 706 1.130000
o 704 1.130000
o 699 1.130000
o 697 1.130000
o 692 1.130000
o 690 1.130000
o 678 1.130000
o 675 1.140000
o 670 1.140000
o 645 1.140000
o 641 1.170000
o 637 1.170000
o 635 1.340000
o 630 1.340000
o 626 1.360000
o 624 1.680000
o 621 1.890000
o 618 1.900000
o 612 1.900000
o 607 1.900000
o 605 1.900000
o 600 1.910000
o 595 1.910000
o 590 1.910000
o 585 1.910000
o 581 1.910000
o 580 2.150000
o 577 2.150000
o 561 2.270000
o 555 2.280000
o 553 2.280000
o 548 2.280000
o 543 2.280000
o 542 2.280000
o 538 2.280000
o 534 2.290000
o 530 4.280000
o 525 4.280000
o 524 4.280000
o 520 4.280000
o 511 7.680000
o 508 7.690000
o 503 7.690000
o 500 11.370000
o 496 11.370000
o 494 11.370000
o 493 11.390000
o 488 11.390000
o 487 11.550000
o 485 11.550000
o 481 11.560000
o 480 11.610000
o 475 11.610000
o 470 11.610000
o 467 11.610000
o 463 11.610000
o 459 11.610000
o 457 11.610000
o 455 11.650000
o 450 11.650000
o 445 11.650000
o 443 11.650000
o 439 11.650000
o 435 11.650000
o 433 19.960000
o 428 19.960000
o 414 19.960000
o 413 25.020000
o 409 25.020000
o 404 25.020000
o 402 25.160000
o 398 25.160000
o 394 25.180000
o 390 25.180000
o 387 25.650000
o 385 25.660000
o 381 25.660000
o 376 25.660000
o 374 25.660000
o 371 25.680000
o 366 25.680000
o 362 25.680000
o 357 25.680000
o 356 25.680000
o 355 60.310000
o 351 60.310000
o 349 60.310000
o 347 60.400000
o 342 60.400000
o 341 60.420000
o 337 60.420000
o 336 60.510000
o 334 60.520000
o 329 60.520000
o 324 60.520000
o 308 60.550000
o 305 60.550000
o 298 60.570000
o 293 284.000000
o 290 284.010000
o 288 284.020000
o 286 284.020000
286	284.020000
timetabling-comp02
o 1432 0.590000
o 1065 0.810000
o 1060 0.810000
o 1055 0.810000
o 1050 0.810000
o 1045 0.810000
o 1040 0.810000
o 1035 0.810000
o 1030 0.810000
o 1025 0.810000
o 1020 0.810000
o 1015 0.810000
o 1010 0.810000
o 1006 0.810000
o 1001 0.810000
o 996 0.810000
o 991 0.810000
o 990 0.810000
o 985 0.810000
o 980 0.810000
o 969 0.810000
o 967 0.810000
o 964 0.810000
o 959 0.810000
o 954 0.820000
o 949 0.820000
o 944 0.820000
o 939 0.820000
o 934 0.820000
o 929 0.820000
o 924 0.820000
o 919 0.820000
o 914 0.820000
o 907 0.820000
o 902 0.820000
o 897 0.820000
o 892 0.820000
o 890 0.820000
o 886 0.820000
o 881 0.820000
o 879 0.820000
o 874 0.930000
o 869 0.930000
o 864 0.930000
o 859 0.930000
o 854 0.930000
o 849 0.930000
o 844 0.930000
o 839 0.940000
o 835 0.940000
o 824 0.940000
o 819 0.940000
o 817 0.950000
o 812 0.950000
o 807 0.950000
o 802 0.950000
o 800 0.950000
o 795 0.950000
o 791 0.950000
o 786 0.950000
o 781 0.950000
o 778 0.960000
o 773 0.960000
o 771 0.960000
o 769 0.960000
o 768 0.960000
o 763 0.960000
o 758 0.960000
o 753 0.960000
o 748 0.960000
o 743 0.960000
o 741 0.960000
o 736 0.960000
o 725 0.960000
o 720 0.960000
o 715 0.970000
o 707 0.970000
o 702 0.970000
o 698 0.970000
o 693 0.970000
o 688 0.970000
o 683 0.970000
o 678 0.970000
o 677 1.010000
o 672 1.010000
o 667 1.010000
o 663 1.010000
o 658 1.010000
o 653 1.010000
o 648 1.010000
o 643 1.010000
o 639 1.020000
o 634 1.020000
o 629 1.020000
o 624 1.020000
o 619 1.020000
o 616 1.020000
o 611 1.020000
o 606 1.020000
o 598 1.220000
o 597 1.250000
o 592 1.250000
o 590 1.250000
o 580 1.250000
o 576 1.250000
o 575 1.260000
o 571 1.260000
o 563 1.260000
o 561 1.270000
o 557 1.270000
o 554 7.960000
o 552 11.110000
o 547 11.110000
o 537 11.120000
o 535 11.170000
o 525 11.180000
o 519 11.290000
o 518 11.290000
o 509 11.290000
o 507 11.290000
o 503 11.350000
o 493 11.350000
o 488 11.350000
o 486 30.960000
o 482 30.960000
o 480 31.020000
o 474 31.020000
o 466 31.020000
o 461 31.020000
o 456 31.020000
o 454 31.020000
o 446 48.830000
o 445 48.840000
o 443 54.650000
o 439 54.650000
o 437 54.660000
o 432 54.660000
o 430 54.670000
o 429 55.180000
o 424 55.190000
o 421 55.200000
o 419 55.200000
o 415 55.230000
o 410 55.230000
o 407 55.230000
o 402 55.230000
o 396 55.240000
o 394 55.240000
o 389 55.240000
o 387 55.240000
o 382 55.250000
o 377 55.250000
o 375 55.250000
o 371 55.250000
o 370 55.260000
o 365 55.260000
o 363 55.260000
o 359 55.260000
o 358 55.270000
o 353 55.270000
o 348 55.270000
o 345 55.270000
o 341 55.270000
o 340 55.270000
o 338 116.090000
o 332 116.090000
o 330 116.090000
o 328 116.090000
o 326 116.090000
o 325 116.370000
o 323 116.700000
o 321 116.710000
o 316 116.710000
o 311 116.710000
o 307 116.710000
o 302 116.710000
o 301 116.740000
o 300 116.740000
o 295 116.740000
o 291 116.790000
o 287 116.790000
o 285 116.820000
o 284 116.960000
o 281 116.960000
o 276 116.960000
o 274 116.970000
274	116.970000
timetabling-comp02
o 1351 0.600000
o 1057 0.830000
o 1052 0.830000
o 1047 0.830000
o 1042 0.830000
o 1037 0.830000
o 1032 0.830000
o 1027 0.830000
o 1022 0.830000
o 1017 0.830000
o 1015 0.830000
o 1010 0.830000
o 1005 0.830000
o 1000 0.830000
o 995 0.830000
o 990 0.830000
o 985 0.830000
o 980 0.830000
o 975 0.830000
o 970 0.830000
o 965 0.830000
o 960 0.830000
o 955 0.830000
o 950 0.830000
o 945 0.830000
o 935 0.830000
o 930 0.830000
o 925 0.830000
o 920 0.830000
o 915 0.830000
o 910 0.830000
o 905 0.830000
o 904 0.840000
o 899 0.840000
o 894 0.840000
o 889 0.840000
o 884 0.840000
o 879 0.840000
o 874 0.840000
o 869 0.840000
o 864 0.840000
o 859 0.840000
o 841 0.870000
o 836 0.870000
o 831 0.870000
o 826 0.870000
o 822 0.870000
o 817 0.870000
o 812 0.870000
o 809 0.870000
o 804 0.870000
o 794 0.870000
o 789 0.870000
o 784 0.870000
o 779 0.870000
o 774 0.870000
o 768 0.870000
o 764 0.880000
o 761 0.880000
o 756 0.890000
o 751 0.890000
o 748 0.890000
o 743 0.890000
o 738 0.890000
o 736 0.930000
o 731 0.930000
o 726 0.930000
o 722 0.930000
o 717 0.930000
o 716 0.930000
o 711 0.930000
o 706 0.930000
o 701 0.930000
o 697 0.930000
o 695 0.960000
o 690 0.960000
o 689 0.960000
o 683 0.960000
o 681 1.120000
o 677 1.120000
o 674 1.140000
o 669 1.140000
o 664 1.140000
o 661 1.160000
o 656 1.170000
o 651 1.170000
o 646 1.170000
o 641 1.170000
o 637 1.170000
o 635 1.170000
o 628 1.170000
o 623 1.170000
o 619 1.180000
o 613 1.180000
o 602 1.190000
o 598 1.190000
o 596 1.190000
o 591 1.190000
o 590 1.200000
o 585 1.200000
o 580 1.200000
o 575 2.110000
o 571 2.110000
o 570 2.110000
o 566 2.120000
o 564 2.120000
o 563 2.180000
o 562 2.210000
o 560 2.220000
o 555 2.220000
o 552 2.220000
o 550 2.220000
o 546 2.220000
o 542 2.220000
o 541 2.240000
o 535 2.250000
o 533 2.260000
o 529 2.260000
o 527 2.270000
o 520 2.270000
o 516 11.240000
o 512 15.560000
o 510 15.570000
o 508 15.580000
o 503 15.580000
o 500 15.580000
o 496 15.580000
o 491 15.580000
o 486 15.580000
o 484 15.590000
o 482 15.600000
o 479 15.600000
o 475 17.290000
o 473 35.140000
o 471 35.140000
o 466 35.140000
o 462 35.140000
o 458 35.160000
o 455 35.160000
o 450 35.170000
o 446 35.170000
o 444 35.170000
o 441 35.170000
o 436 35.170000
o 435 58.000000
o 429 58.000000
o 427 58.010000
o 425 58.030000
o 420 58.030000
o 418 58.050000
o 414 58.050000
o 411 82.310000
o 407 82.310000
o 404 82.350000
o 402 82.350000
o 398 82.420000
o 394 82.420000
o 390 82.440000
o 384 82.450000
o 379 82.450000
o 377 82.460000
o 374 82.610000
o 373 82.630000
o 368 82.630000
o 363 82.630000
o 357 82.630000
o 355 82.630000
o 352 82.630000
o 347 82.630000
o 342 82.630000
o 337 82.630000
o 333 158.500000
o 329 158.520000
o 327 158.550000
o 322 158.550000
o 319 158.550000
o 314 158.550000
o 313 158.570000
o 308 158.580000
o 305 158.680000
o 303 158.690000
o 298 158.690000
o 296 158.690000
o 294 158.690000
o 292 158.700000
o 290 158.700000
290	158.700000
timetabling-comp02
o 1495 0.590000
o 1232 0.840000
o 1227 0.840000
o 1222 0.840000
o 1217 0.840000
o 1212 0.840000
o 1208 0.840000
o 1203 0.840000
o 1198 0.840000
o 1190 0.850000
o 1185 0.850000
o 1180 0.850000
o 1170 0.850000
o 1165 0.850000
o 1152 0.850000
o 1147 0.850000
o 1137 0.850000
o 1129 0.850000
o 1122 0.850000
o 1117 0.850000
o 1107 0.850000
o 1102 0.850000
o 1098 0.860000
o 1097 0.860000
o 1076 0.870000
o 1072 0.880000
o 1067 0.880000
o 1062 0.880000
o 1057 0.880000
o 1055 0.900000
o 1052 0.900000
o 1047 0.900000
o 1042 0.900000
o 1014 0.910000
o 1009 0.910000
o 1004 0.910000
o 999 0.910000
o 994 0.910000
o 989 0.910000
o 984 0.910000
o 979 0.910000
o 978 0.910000
o 973 0.910000
o 968 0.910000
o 961 0.910000
o 959 0.910000
o 954 0.910000
o 949 0.910000
o 944 0.910000
o 934 0.910000
o 929 0.910000
o 924 0.910000
o 922 0.920000
o 917 0.920000
o 912 0.920000
o 907 0.920000
o 902 0.920000
o 897 0.920000
o 892 0.920000
o 887 0.920000
o 886 0.920000
o 885 0.960000
o 880 0.960000
o 876 0.970000
o 871 0.970000
o 866 0.970000
o 861 0.970000
o 858 0.990000
o 854 0.990000
o 850 0.990000
o 845 0.990000
o 840 0.990000
o 836 0.990000
o 831 0.990000
o 827 0.990000
o 824 1.000000
o 821 1.020000
o 816 1.030000
o 811 1.030000
o 806 1.030000
o 801 1.030000
o 795 1.030000
o 790 1.030000
o 785 1.040000
o 784 1.040000
o 779 1.040000
o 774 1.040000
o 756 1.040000
o 753 1.040000
o 751 1.040000
o 750 1.040000
o 748 1.040000
o 743 1.040000
o 738 1.040000
o 733 1.040000
o 728 1.050000
o 726 1.050000
o 725 1.130000
o 721 1.150000
o 720 1.150000
o 712 1.150000
o 711 1.160000
o 702 1.210000
o 698 1.210000
o 693 1.210000
o 688 1.210000
o 687 1.590000
o 682 1.590000
o 677 1.590000
o 673 1.590000
o 668 1.590000
o 666 1.590000
o 664 1.590000
o 660 1.590000
o 655 1.590000
o 650 1.590000
o 645 1.590000
o 640 1.590000
o 632 1.600000
o 629 1.810000
o 623 1.820000
o 618 1.820000
o 614 1.820000
o 612 1.840000
o 607 1.840000
o 598 1.850000
o 593 1.850000
o 588 1.850000
o 584 1.850000
o 580 1.850000
o 572 1.850000
o 570 1.860000
o 566 1.860000
o 561 1.860000
o 556 1.860000
o 551 1.860000
o 546 1.870000
o 541 1.870000
o 536 1.870000
o 529 1.870000
o 528 2.460000
o 524 2.460000
o 522 2.470000
o 519 2.470000
o 514 11.670000
o 512 11.680000
o 510 11.680000
o 508 11.680000
o 503 11.680000
o 498 11.680000
o 493 11.680000
o 491 11.680000
o 488 11.690000
o 483 11.690000
o 480 11.710000
o 475 20.020000
o 474 20.020000
o 473 20.030000
o 470 20.030000
o 468 20.030000
o 465 20.230000
o 463 20.230000
o 460 20.240000
o 455 20.240000
o 450 20.240000
o 445 20.240000
o 440 20.240000
o 436 20.240000
o 431 20.250000
o 426 20.250000
o 425 20.270000
o 417 20.270000
o 412 20.270000
o 407 20.270000
o 403 20.270000
o 401 20.290000
o 398 20.330000
o 395 50.960000
o 389 50.960000
o 385 50.960000
o 377 51.010000
o 376 55.470000
o 374 55.470000
o 369 55.480000
o 366 55.540000
o 361 55.540000
o 357 55.540000
o 355 55.650000
o 350 55.650000
o 348 55.650000
o 344 55.650000
o 336 55.650000
o 333 55.710000
o 328 55.710000
o 323 55.710000
o 322 55.770000
o 320 55.770000
o 317 55.950000
o 312 55.950000
o 307 56.270000
o 302 56.270000
o 300 56.280000
o 295 56.280000
o 293 56.280000
o 284 56.430000
o 280 56.430000
o 279 219.390000
o 274 219.390000
o 272 219.430000
o 270 219.430000
o 262 219.430000
o 256 219.440000
o 251 219.440000
251	219.440000
timetabling-comp02
o 1463 0.610000
o 989 0.810000
o 984 0.810000
o 979 0.810000
o 974 0.810000
o 969 0.810000
o 964 0.810000
o 959 0.810000
o 954 0.810000
o 949 0.810000
o 944 0.810000
o 939 0.810000
o 934 0.810000
o 929 0.810000
o 924 0.820000
o 919 0.820000
o 914 0.820000
o 909 0.820000
o 904 0.820000
o 899 0.820000
o 894 0.820000
o 889 0.820000
o 884 0.820000
o 879 0.820000
o 874 0.820000
o 871 0.820000
o 867 0.820000
o 862 0.820000
o 857 0.820000
o 852 0.820000
o 847 0.820000
o 842 0.820000
o 837 0.820000
o 832 0.820000
o 827 0.820000
o 822 0.820000
o 817 0.820000
o 812 0.820000
o 807 0.820000
o 802 0.820000
o 797 0.820000
o 794 0.820000
o 790 1.010000
o 782 1.010000
o 771 1.010000
o 769 1.010000
o 764 1.010000
o 759 1.010000
o 754 1.010000
o 748 1.010000
o 744 1.010000
o 739 1.010000
o 735 1.010000
o 729 1.010000
o 724 1.010000
o 716 1.020000
o 714 1.020000
o 712 1.020000
o 711 1.090000
o 706 1.090000
o 701 1.090000
o 699 1.100000
o 698 1.100000
o 691 1.100000
o 686 1.100000
o 681 1.100000
o 677 1.100000
o 672 1.100000
o 658 1.100000
o 653 1.100000
o 652 1.110000
o 647 1.110000
o 645 1.120000
o 643 1.120000
o 638 1.120000
o 635 1.120000
o 630 1.120000
o 625 1.150000
o 617 1.150000
o 613 1.150000
o 610 1.160000
o 609 1.340000
o 605 1.350000
o 602 1.350000
o 597 1.350000
o 595 2.160000
o 585 2.160000
o 582 2.170000
o 577 2.170000
o 575 2.170000
o 570 2.170000
o 562 2.170000
o 561 2.870000
o 559 3.250000
o 555 3.260000
o 553 3.440000
o 549 3.450000
o 546 3.450000
o 541 3.450000
o 537 3.450000
o 535 3.460000
o 533 3.530000
o 531 3.700000
o 529 3.700000
o 527 3.730000
o 526 3.740000
o 521 3.740000
o 517 3.740000
o 515 3.740000
o 513 3.740000
o 503 3.750000
o 498 3.750000
o 494 3.780000
o 493 3.780000
o 490 3.860000
o 480 3.870000
o 478 10.370000
o 475 10.380000
o 473 10.480000
o 471 10.480000
o 465 10.490000
o 460 10.490000
o 458 10.490000
o 452 10.490000
o 451 10.500000
o 446 10.500000
o 445 10.500000
o 441 10.500000
o 439 10.500000
o 432 10.500000
o 428 34.240000
o 424 34.250000
o 419 34.250000
o 412 34.250000
o 411 34.250000
o 410 34.260000
o 408 34.270000
o 404 45.810000
o 402 45.820000
o 397 45.820000
o 396 46.030000
o 394 46.070000
o 389 46.070000
o 386 46.080000
o 385 47.180000
o 382 50.120000
o 376 50.120000
o 374 50.130000
o 368 50.150000
o 364 50.150000
o 361 50.160000
o 358 50.220000
o 354 50.220000
o 349 50.220000
o 347 50.230000
o 342 50.230000
o 340 50.240000
o 338 50.280000
o 336 50.280000
o 333 50.280000
o 331 50.290000
o 326 50.290000
o 323 50.310000
o 318 50.310000
o 316 50.380000
o 314 50.390000
o 308 98.210000
o 306 98.220000
o 302 98.220000
o 299 98.350000
o 295 98.350000
o 291 98.380000
o 288 98.400000
o 283 98.400000
o 282 98.420000
o 277 98.420000
o 275 98.430000
o 270 98.430000
o 268 98.430000
o 263 98.430000
263	98.430000
timetabling-comp02
o 1463 0.630000
o 1112 0.860000
o 1107 0.860000
o 1102 0.860000
o 1097 0.860000
o 1092 0.860000
o 1087 0.860000
o 1082 0.860000
o 1077 0.860000
o 1072 0.860000
o 1067 0.860000
o 1062 0.870000
o 1057 0.870000
o 1052 0.870000
o 1047 0.870000
o 1042 0.870000
o 1037 0.870000
o 1032 0.870000
o 1027 0.870000
o 1022 0.870000
o 1017 0.870000
o 1012 0.870000
o 1007 0.870000
o 1002 0.870000
o 997 0.870000
o 992 0.870000
o 987 0.870000
o 982 0.870000
o 977 0.870000
o 972 0.870000
o 967 0.870000
o 962 0.870000
o 957 0.870000
o 954 0.930000
o 949 0.930000
o 944 0.930000
o 939 0.930000
o 934 0.930000
o 929 0.930000
o 924 0.930000
o 920 0.930000
o 915 0.930000
o 907 0.930000
o 902 0.930000
o 893 0.930000
o 888 0.930000
o 883 0.930000
o 878 0.930000
o 876 0.940000
o 873 1.000000
o 863 1.000000
o 858 1.000000
o 853 1.000000
o 848 1.000000
o 845 1.000000
o 840 1.000000
o 839 1.000000
o 835 1.000000
o 830 1.000000
o 825 1.000000
o 820 1.000000
o 814 1.000000
o 809 1.000000
o 804 1.000000
o 799 1.000000
o 782 1.010000
o 781 1.010000
o 776 1.010000
o 771 1.010000
o 766 1.010000
o 763 1.110000
o 758 1.110000
o 736 1.110000
o 735 1.120000
o 732 1.120000
o 727 1.120000
o 722 1.120000
o 717 1.120000
o 715 1.140000
o 710 1.140000
o 706 1.160000
o 701 1.170000
o 696 1.170000
o 692 1.170000
o 689 1.170000
o 686 1.170000
o 685 1.170000
o 680 1.170000
o 673 1.170000
o 669 1.180000
o 664 1.180000
o 662 1.180000
o 659 1.180000
o 658 1.180000
o 657 1.190000
o 652 1.190000
o 651 1.190000
o 645 1.190000
o 640 1.190000
o 637 1.200000
o 632 1.200000
o 627 1.200000
o 620 1.230000
o 615 1.230000
o 612 1.240000
o 607 1.240000
o 603 1.240000
o 599 1.240000
o 595 1.240000
o 591 2.270000
o 587 2.270000
o 578 2.330000
o 576 2.330000
o 572 2.330000
o 567 2.330000
o 565 2.330000
o 558 2.760000
o 551 2.760000
o 547 2.990000
o 542 2.990000
o 532 2.990000
o 531 3.370000
o 526 3.370000
o 525 3.390000
o 524 3.390000
o 516 3.390000
o 498 3.390000
o 497 13.770000
o 496 13.790000
o 494 13.820000
o 490 13.950000
o 485 13.960000
o 483 13.960000
o 476 13.970000
o 471 13.990000
o 468 20.150000
o 464 20.150000
o 462 20.160000
o 461 20.300000
o 456 20.300000
o 447 20.370000
o 445 20.410000
o 443 20.410000
o 438 20.410000
o 434 20.410000
o 432 22.340000
o 428 22.340000
o 427 23.570000
o 425 23.570000
o 421 23.610000
o 419 23.620000
o 417 23.620000
o 415 23.650000
o 412 47.560000
o 410 47.560000
o 404 47.560000
o 399 47.560000
o 398 47.560000
o 396 47.570000
o 393 47.570000
o 392 47.570000
o 391 47.570000
o 389 47.630000
o 388 47.630000
o 387 47.650000
o 384 47.650000
o 380 47.650000
o 375 47.650000
o 371 47.660000
o 369 47.660000
o 364 47.660000
o 362 47.660000
o 360 47.660000
o 359 47.910000
o 356 47.910000
o 352 47.910000
o 350 47.910000
o 345 47.910000
o 341 47.910000
o 337 47.910000
o 332 47.910000
o 328 47.920000
o 324 48.120000
o 322 48.150000
o 321 48.280000
o 319 48.280000
o 317 48.280000
o 316 48.300000
o 315 48.350000
o 312 48.350000
o 308 48.350000
o 304 48.350000
o 300 48.350000
o 297 48.400000
o 295 48.400000
o 293 48.450000
o 291 48.470000
o 286 48.470000
286	48.470000
