abstraction-refinement-polysite-avrora
o 191693 15.98
o 150256 15.99
o 139907 15.99
o 139904 15.99
o 129552 64
o 129551 64
o 124413 77.06
o 114062 77.07
o 114059 77.07
o 103703 77.08
o 103700 77.09
o 98496 205.37
o 98493 297.16
abstraction-refinement-polysite-avrora
o 176170 12.6
o 171034 27.45
o 139947 27.47
o 119225 27.48
o 114005 157.18
o 114000 157.18
o 113995 157.19
abstraction-refinement-polysite-avrora
o 160657 14.48
o 124390 14.49
o 108860 14.5
o 108855 14.51
o 108851 14.51
o 103678 14.52
o 103671 14.53
o 93316 87.71
o 93309 87.72
o 93300 87.72
abstraction-refinement-polysite-avrora
o 165826 16.79
o 134738 16.82
o 129577 32.3
o 124391 32.31
o 124382 32.31
o 108869 49.95
o 98512 49.95
abstraction-refinement-polysite-avrora
o 155502 20.16
o 155466 35.71
o 139907 35.74
o 139900 46.88
o 129554 46.88
o 129551 57.87
o 103659 57.88
o 98466 146.3
abstraction-refinement-polysite-avrora
o 155473 17.59
o 134762 17.6
o 124376 17.64
o 108838 17.65
o 108835 17.66
o 108831 17.67
o 108830 17.68
o 103706 107.33
abstraction-refinement-polysite-avrora
o 170968 15.28
o 129534 15.29
o 113995 15.3
o 113993 15.3
o 103709 79.57
o 93346 79.58
abstraction-refinement-polysite-avrora
o 186536 13.32
o 124385 13.33
o 114026 13.35
o 114019 26.55
o 108843 53.25
o 103661 53.26
o 98480 222.83
o 98475 261.72
abstraction-refinement-polysite-avrora
o 181348 15.96
o 145079 15.98
o 119233 31.65
o 114055 31.66
o 108878 31.67
o 108875 31.67
o 108831 133.72
o 98491 283.56
o 98489 283.57
abstraction-refinement-polysite-avrora
o 165801 18.48
o 145090 18.49
o 139896 18.51
o 124351 18.51
o 124346 18.52
o 114063 101.72
o 114014 153.75
o 108835 153.76
o 103654 285.19
o 93296 285.2
o 93293 285.2
