abstraction-refinement-downcast-xalan
o 69691 15.44
o 69653 15.45
o 69652 15.45
o 65600 23.59
o 65587 35.29
o 65575 35.3
o 65571 42.7
o 65567 42.7
o 65564 42.72
o 65563 42.72
o 65562 64.38
o 65560 64.39
o 65556 64.4
o 65552 64.41
o 65551 64.44
o 65550 64.44
o 65547 64.45
o 65545 87.26
abstraction-refinement-downcast-xalan
o 86037 14.67
o 69644 14.69
o 69638 14.69
o 69637 28.74
o 69630 28.75
o 65631 36.82
o 65578 36.84
o 65567 59.23
o 65562 67.4
o 65559 67.41
o 65552 67.41
o 65550 67.42
o 65549 180.08
o 65548 232.26
abstraction-refinement-downcast-xalan
o 94289 17.72
o 69686 17.73
o 69652 36.8
o 69643 36.81
o 69640 36.82
o 69637 36.82
o 69636 36.85
o 69629 36.85
o 65601 92.12
o 65583 92.15
o 65569 92.17
o 65561 92.18
o 65558 92.21
o 65555 92.22
o 65553 179.72
abstraction-refinement-downcast-xalan
o 73788 24.35
o 69647 24.42
o 65616 40.4
o 65577 40.44
o 65567 40.45
o 65564 40.46
o 65563 40.56
o 65562 55
o 65560 55.01
o 65554 55.01
abstraction-refinement-downcast-xalan
o 73806 41.06
o 69701 41.15
o 69699 41.17
o 69686 41.18
o 69665 41.26
o 65629 69.7
o 65592 69.76
o 65582 69.79
o 65581 69.82
o 65578 69.91
o 65574 86.6
o 65563 86.64
o 65560 86.65
o 65559 193.75
o 65558 193.78
abstraction-refinement-downcast-xalan
o 69664 27.12
o 65591 39.14
o 65556 39.2
o 65544 39.22
abstraction-refinement-downcast-xalan
o 69690 16.73
o 65591 16.75
o 65567 27.51
o 65560 27.53
o 65559 98.85
o 65556 98.86
o 65554 98.86
abstraction-refinement-downcast-xalan
o 69715 32.79
o 65631 32.84
o 65595 32.88
o 65593 32.9
o 65577 32.95
o 65549 90.75
o 65546 90.77
abstraction-refinement-downcast-xalan
o 73766 18.06
o 69650 18.09
o 69639 18.1
o 69638 18.1
o 65570 18.14
o 65562 18.14
o 65545 18.16
o 65542 18.17
abstraction-refinement-downcast-xalan
o 77860 14.56
o 69647 14.6
o 65647 23.66
o 65605 23.68
o 65581 23.69
o 65580 23.7
o 65576 108.14
o 65572 130.94
o 65568 130.94
o 65564 137.72
o 65558 137.73
