causal-discovery-causal_Link_9_100
o 3242187 0.69
o 2125991 208.99
causal-discovery-causal_Link_9_100
o 3242187 0.77
o 2125991 123.15
causal-discovery-causal_Link_9_100
o 21517451 2.82
o 3242187 14.1
o 2125991 165.87
causal-discovery-causal_Link_9_100
o 3242187 0.74
o 2125991 48.08
causal-discovery-causal_Link_9_100
o 3242187 0.7
o 2125991 167.73
causal-discovery-causal_Link_9_100
o 2125991 0.75
causal-discovery-causal_Link_9_100
o 3242187 0.73
o 2125991 27.55
causal-discovery-causal_Link_9_100
o 3242187 0.67
causal-discovery-causal_Link_9_100
o 3242187 0.73
causal-discovery-causal_Link_9_100
o 21517451 4.49
o 3242187 31.01
