causal-discovery-causal_carpo_8_1000
o 4594492 0.83
o 4418752 18.22
o 3624318 198.73
causal-discovery-causal_carpo_8_1000
o 4594492 1
o 3556961 109.27
causal-discovery-causal_carpo_8_1000
o 4594492 0.94
o 3556961 7.7
causal-discovery-causal_carpo_8_1000
o 5731626 0.26
o 4594492 6.04
o 3624318 12.66
o 3469456 65.24
causal-discovery-causal_carpo_8_1000
o 3556961 0.24
causal-discovery-causal_carpo_8_1000
o 3624318 0.29
o 1041895 267.74
causal-discovery-causal_carpo_8_1000
o 2244087 0.25
causal-discovery-causal_carpo_8_1000
o 4594492 1.19
o 2859366 1.74
causal-discovery-causal_carpo_8_1000
o 4937192 0.27
o 4594492 7.59
causal-discovery-causal_carpo_8_1000
o 4594492 0.69
o 3662644 86.36
o 2244087 232.83
