causal-discovery-causal_Mushroom_7_1000
o 542544 0.26
o 263844 11.95
causal-discovery-causal_Mushroom_7_1000
o 542544 0.25
o 513516 100.72
o 483209 276.96
causal-discovery-causal_Mushroom_7_1000
o 542544 0.29
o 263844 25.88
causal-discovery-causal_Mushroom_7_1000
o 542544 0.17
o 540567 29.4
o 522703 143.14
o 263844 165.31
causal-discovery-causal_Mushroom_7_1000
o 542544 0.25
o 527894 26.52
o 505120 35.8
o 424167 139.72
o 423537 262.33
o 412303 262.33
causal-discovery-causal_Mushroom_7_1000
o 542544 0.21
o 287731 75.16
causal-discovery-causal_Mushroom_7_1000
o 542544 0.35
o 421617 0.48
o 263844 223.73
o 248681 266.2
causal-discovery-causal_Mushroom_7_1000
o 542544 0.2
o 311143 31.57
o 263844 63.1
o 252610 96.42
causal-discovery-causal_Mushroom_7_1000
o 542544 0.17
o 263844 178.42
causal-discovery-causal_Mushroom_7_1000
o 542544 0.29
o 535957 21.89
o 263844 62.6
