decision-tree-anneal-un-formula_0.8_2021_atleast_31_max-4_reduced_incomplete_adaboost_5
o 929 1.8
o 882 98.32
decision-tree-anneal-un-formula_0.8_2021_atleast_31_max-4_reduced_incomplete_adaboost_5
o 894 1.75
o 881 146.91
decision-tree-anneal-un-formula_0.8_2021_atleast_31_max-4_reduced_incomplete_adaboost_5
o 914 1.55
o 909 95.29
o 882 140.39
decision-tree-anneal-un-formula_0.8_2021_atleast_31_max-4_reduced_incomplete_adaboost_5
o 929 1.15
o 881 51.98
decision-tree-anneal-un-formula_0.8_2021_atleast_31_max-4_reduced_incomplete_adaboost_5
o 929 1.51
o 882 51.86
o 824 141.37
decision-tree-anneal-un-formula_0.8_2021_atleast_31_max-4_reduced_incomplete_adaboost_5
o 914 1.69
o 872 146.72
decision-tree-anneal-un-formula_0.8_2021_atleast_31_max-4_reduced_incomplete_adaboost_5
o 914 1.69
o 882 192.42
decision-tree-anneal-un-formula_0.8_2021_atleast_31_max-4_reduced_incomplete_adaboost_5
o 924 2.1
o 902 96.71
decision-tree-anneal-un-formula_0.8_2021_atleast_31_max-4_reduced_incomplete_adaboost_5
o 949 2.43
o 929 49.25
o 882 96.21
o 881 141.79
decision-tree-anneal-un-formula_0.8_2021_atleast_31_max-4_reduced_incomplete_adaboost_5
o 914 1.3
o 882 47.46
