ramsey-ram_k3_n19.ra1
o 82352 0
o 70163 0
o 64072 0
o 61994 0
o 58737 0
o 56555 0
o 55203 0
o 53699 0
o 52761 0
o 50508 0
o 50186 0
o 48910 0
o 47984 0
o 46934 0
o 46204 0
o 45708 0
o 45236 0
o 44831 0
o 43730 0
o 42928 0
o 42057 0
o 41447 0
o 40384 0
o 39973 0
o 38849 0
o 38363 0
o 37661 0
o 37284 0
o 37011 0
o 35902 0
o 35808 0
o 35331 0
o 34994 0
o 34791 0
o 34764 0
o 34757 0
o 34689 0
o 34498 0
o 34169 0
o 33719 0
o 33511 0
o 33185 0
o 32735 0
o 32680 0
o 32591 0
o 32419 0
o 31936 0
o 31928 0
o 31871 0
o 31858 0
o 31844 0
o 31814 0.01
o 31303 0.01
o 30989 0.01
o 30897 0.01
o 30797 0.01
o 30552 0.01
o 30411 0.01
o 30367 0.01
o 29734 0.01
o 29466 0.01
o 29169 0.01
o 29131 0.01
o 28801 0.01
o 28741 0.01
o 28587 0.01
o 28526 0.01
o 28453 0.01
o 28428 0.01
o 28097 0.01
o 28096 0.01
o 28007 0.01
o 27976 0.01
o 27955 0.01
o 27948 0.01
o 27811 0.01
o 27788 0.01
o 27691 0.01
o 27446 0.01
o 26563 0.01
o 26451 0.01
o 26366 0.01
o 25890 0.01
o 25632 0.01
o 25084 0.01
o 24933 0.01
o 24581 0.01
o 24566 0.01
o 24142 0.01
o 23990 0.01
o 23845 0.01
o 23167 0.01
o 23015 0.01
o 22258 0.01
o 22249 0.05
o 21994 0.07
o 21956 0.07
o 21814 0.09
o 21718 0.09
o 21457 0.09
o 20980 0.59
o 20717 3.21
o 20665 21.26
ramsey-ram_k3_n19.ra1
o 91018 0
o 85831 0
o 80547 0
o 75383 0
o 69810 0
o 66807 0
o 64750 0
o 61499 0
o 58614 0
o 56320 0
o 54910 0
o 53535 0
o 52269 0
o 51303 0
o 50148 0
o 49218 0
o 48045 0
o 47127 0
o 46275 0
o 45527 0
o 44804 0
o 44337 0
o 43925 0
o 42619 0
o 42224 0
o 41629 0
o 40526 0
o 40243 0
o 39389 0
o 38641 0
o 38217 0
o 37870 0
o 37313 0
o 37165 0
o 37033 0
o 36756 0
o 35805 0
o 35688 0
o 35543 0
o 35147 0
o 34636 0
o 34407 0
o 34258 0
o 33574 0
o 33290 0
o 33147 0
o 32596 0
o 32528 0
o 32200 0
o 31840 0
o 31732 0
o 31355 0
o 31343 0
o 30488 0
o 30451 0
o 30258 0
o 30223 0
o 29887 0
o 29775 0
o 28853 0
o 28678 0
o 28537 0
o 28365 0
o 28315 0
o 27586 0
o 27542 0
o 27330 0
o 27048 0
o 26687 0
o 26575 0
o 26560 0
o 26433 0
o 26344 0
o 26192 0
o 25758 0
o 25632 0
o 25557 0
o 25525 0
o 25323 0
o 25002 0
o 24594 0
o 24439 0
o 24351 0.02
o 24079 0.02
o 24065 0.1
o 24057 0.1
o 24044 0.1
o 23890 0.1
o 23810 0.1
o 23756 0.1
o 23698 0.1
o 23668 0.1
o 23539 0.1
o 23298 0.1
o 23158 0.1
o 22982 0.11
o 22842 0.11
o 22840 0.11
o 22668 0.11
o 22583 0.11
o 22443 0.11
o 22429 0.2
o 22380 0.22
o 22190 0.26
o 22188 0.26
o 21965 0.32
o 21806 0.4
o 21767 0.41
o 21761 0.42
o 21703 0.69
o 21649 0.69
o 21478 1.4
o 21417 1.4
o 21199 1.4
o 20914 1.85
o 20717 1.85
o 20665 1.92
ramsey-ram_k3_n19.ra1
o 75255 0
o 71396 0
o 68063 0
o 65033 0
o 63032 0
o 61236 0
o 59142 0
o 56809 0
o 54416 0
o 52166 0
o 50269 0
o 49235 0
o 47721 0
o 46498 0
o 45759 0
o 45035 0
o 43975 0
o 43312 0
o 42724 0
o 42138 0
o 41427 0
o 40840 0
o 40371 0
o 40183 0
o 39283 0
o 38538 0
o 38361 0
o 38236 0
o 38122 0
o 37718 0
o 37441 0
o 37272 0
o 37194 0
o 36769 0
o 36533 0
o 36347 0
o 35540 0
o 34805 0
o 34688 0
o 34557 0
o 34060 0
o 33604 0
o 32877 0
o 32811 0
o 32518 0
o 32021 0
o 31740 0
o 31643 0
o 31505 0
o 31386 0
o 31255 0
o 31037 0
o 30880 0
o 30118 0
o 29488 0
o 29045 0
o 28869 0
o 28669 0
o 28345 0
o 28235 0
o 27874 0
o 27703 0
o 27583 0.01
o 27405 0.01
o 27216 0.01
o 27161 0.01
o 27120 0.01
o 27107 0.01
o 26926 0.01
o 26632 0.01
o 26589 0.02
o 26406 0.02
o 26335 0.02
o 26200 0.02
o 25965 0.02
o 25770 0.02
o 25738 0.03
o 25574 0.03
o 25475 0.03
o 25390 0.03
o 25380 0.03
o 25286 0.03
o 25168 0.03
o 25126 0.07
o 24837 0.07
o 24729 0.1
o 24428 0.1
o 23971 0.1
o 23903 0.1
o 23413 0.1
o 23161 0.1
o 22942 0.11
o 22803 0.11
o 22763 0.11
o 22579 0.11
o 22342 0.11
o 22285 0.11
o 22263 0.11
o 22020 0.11
o 21998 0.11
o 21984 0.14
o 21956 0.14
o 21759 0.14
o 21713 0.14
o 21633 0.14
o 21478 0.16
o 21430 0.34
o 21025 1.46
o 21016 2.96
o 20841 14.25
o 20665 18.67
ramsey-ram_k3_n19.ra1
o 83760 0
o 77624 0
o 69005 0
o 66094 0
o 62453 0
o 59756 0
o 56530 0
o 54763 0
o 53423 0
o 51470 0
o 49985 0
o 48769 0
o 47678 0
o 46704 0
o 45803 0
o 45267 0
o 44778 0
o 43413 0
o 42308 0
o 41909 0
o 41518 0
o 40719 0
o 39783 0
o 39511 0
o 39327 0
o 39251 0
o 38224 0
o 37747 0
o 37652 0
o 37438 0
o 36950 0
o 36202 0
o 36201 0
o 36162 0
o 36002 0
o 35914 0
o 35243 0
o 34963 0
o 34506 0
o 34295 0
o 34177 0
o 33809 0
o 33781 0
o 33562 0
o 33516 0
o 33067 0
o 32896 0
o 32853 0
o 32418 0
o 32083 0
o 31808 0
o 31599 0
o 31529 0
o 31277 0
o 30829 0
o 30604 0
o 30253 0
o 30161 0
o 29808 0
o 29764 0
o 29459 0
o 29178 0
o 28912 0
o 28803 0
o 28801 0
o 28701 0
o 28438 0
o 27500 0
o 27360 0
o 27243 0
o 27167 0
o 27108 0
o 27091 0
o 26686 0
o 26621 0
o 26136 0.01
o 25985 0.01
o 25355 0.01
o 25223 0.01
o 24944 0.01
o 24648 0.01
o 24487 0.01
o 24482 0.02
o 24422 0.02
o 24350 0.02
o 24348 0.02
o 23870 0.02
o 23528 0.02
o 23503 0.03
o 23424 0.06
o 23285 0.06
o 23266 0.06
o 23250 0.06
o 22974 0.07
o 22828 0.07
o 22819 0.09
o 22710 0.09
o 22432 0.1
o 22410 0.12
o 22344 0.12
o 22287 0.12
o 22243 0.12
o 21954 0.12
o 21922 0.16
o 21918 0.23
o 21776 0.23
o 21726 0.23
o 21662 0.28
o 21604 0.46
o 21584 0.46
o 21437 0.88
o 21366 0.9
o 21025 1.53
o 20665 2.52
ramsey-ram_k3_n19.ra1
o 82621 0
o 77162 0
o 72116 0
o 67282 0
o 63464 0
o 59941 0
o 57343 0
o 55910 0
o 54034 0
o 52132 0
o 50508 0
o 49424 0
o 48845 0
o 47937 0
o 46527 0
o 45605 0
o 44917 0
o 43461 0
o 42536 0
o 41465 0
o 40960 0
o 40647 0
o 39731 0
o 39085 0
o 38625 0
o 38170 0
o 38039 0
o 36900 0
o 36770 0
o 36737 0
o 36379 0
o 35603 0
o 34855 0
o 34732 0
o 34218 0
o 33276 0
o 33203 0
o 32511 0
o 32322 0
o 31963 0
o 31824 0
o 31684 0
o 31324 0
o 31153 0
o 31044 0
o 30903 0
o 30883 0
o 30641 0
o 30623 0
o 29999 0
o 29722 0
o 29669 0
o 29559 0
o 29541 0
o 29384 0
o 28901 0
o 28854 0
o 28564 0
o 28381 0
o 27859 0
o 27379 0
o 27368 0.01
o 27326 0.01
o 27220 0.01
o 27205 0.01
o 27015 0.01
o 26871 0.01
o 26402 0.01
o 26255 0.01
o 26216 0.01
o 25983 0.01
o 25880 0.01
o 25620 0.01
o 25286 0.01
o 24975 0.01
o 24543 0.03
o 24079 0.03
o 23953 0.06
o 23849 0.06
o 23806 0.06
o 23786 0.06
o 23755 0.07
o 23686 0.07
o 23433 0.07
o 22814 0.08
o 22768 0.08
o 22613 0.08
o 22608 0.08
o 22305 0.13
o 22292 0.16
o 22115 0.16
o 21940 0.18
o 21677 0.24
o 21560 0.24
o 21404 0.24
o 21366 0.24
o 21290 0.39
o 21282 0.39
o 21204 1.91
o 21183 1.93
o 21123 2.37
o 20665 2.37
ramsey-ram_k3_n19.ra1
o 76655 0
o 72953 0
o 67687 0
o 64815 0
o 62795 0
o 60932 0
o 58775 0
o 57308 0
o 56309 0
o 54424 0
o 52647 0
o 51060 0
o 49947 0
o 48572 0
o 47251 0
o 46242 0
o 44571 0
o 43493 0
o 42491 0
o 41779 0
o 41317 0
o 39922 0
o 38623 0
o 37480 0
o 37226 0
o 36897 0
o 36645 0
o 36000 0
o 35781 0
o 35149 0
o 35089 0
o 34831 0
o 34654 0
o 34512 0
o 34029 0
o 33623 0
o 33331 0
o 33174 0
o 32738 0
o 32546 0
o 32464 0
o 32247 0
o 31910 0
o 31807 0
o 31427 0
o 31236 0
o 30800 0
o 30638 0
o 30573 0
o 30556 0
o 30476 0
o 30450 0
o 30435 0
o 30346 0
o 30307 0
o 30297 0
o 30244 0
o 29753 0
o 28480 0
o 28414 0
o 28032 0
o 27643 0
o 27039 0
o 26819 0
o 26496 0
o 26324 0
o 26232 0
o 26185 0
o 26137 0
o 26131 0
o 26040 0
o 25732 0
o 25496 0
o 25330 0.01
o 25141 0.01
o 24912 0.02
o 24769 0.02
o 24735 0.02
o 24723 0.02
o 24701 0.02
o 24500 0.02
o 24430 0.02
o 24428 0.02
o 24426 0.02
o 24279 0.03
o 23925 0.03
o 23556 0.06
o 23328 0.06
o 23300 0.06
o 23125 0.09
o 23110 0.09
o 22893 0.09
o 22862 0.09
o 22725 0.09
o 22667 0.09
o 22559 0.09
o 22411 0.09
o 22232 0.1
o 22131 0.1
o 22050 0.1
o 21959 0.1
o 21745 0.15
o 21740 0.15
o 21283 0.15
o 21166 0.15
o 21137 0.48
o 21130 0.5
o 21080 0.5
o 21016 0.96
o 20980 3.01
o 20665 4.73
ramsey-ram_k3_n19.ra1
o 81084 0
o 75482 0
o 71211 0
o 67933 0
o 65883 0
o 62996 0
o 59623 0
o 57608 0
o 56222 0
o 54895 0
o 53008 0
o 51872 0
o 50908 0
o 49847 0
o 49072 0
o 48391 0
o 47776 0
o 46906 0
o 46093 0
o 45507 0
o 44780 0
o 44111 0
o 42943 0
o 42286 0
o 41111 0
o 40548 0
o 40401 0
o 40061 0
o 40046 0
o 39239 0
o 39212 0
o 39095 0
o 39000 0
o 38859 0
o 38564 0
o 38562 0
o 37489 0
o 36794 0
o 36665 0
o 36470 0
o 36100 0
o 35790 0
o 35436 0
o 35202 0
o 34787 0
o 34547 0
o 34257 0
o 33836 0
o 33375 0
o 32603 0
o 32129 0
o 31885 0
o 31053 0
o 30925 0
o 30891 0
o 30722 0
o 30662 0
o 30459 0
o 30206 0
o 30148 0
o 29929 0
o 29768 0
o 29238 0
o 29104 0
o 29046 0
o 29035 0
o 28589 0
o 28522 0
o 28438 0
o 27964 0
o 27452 0
o 27077 0
o 26939 0
o 26661 0
o 25809 0
o 25795 0.01
o 25643 0.01
o 25337 0.01
o 25206 0.01
o 25199 0.01
o 24903 0.01
o 24796 0.01
o 24402 0.01
o 24382 0.01
o 24343 0.01
o 24336 0.01
o 24018 0.01
o 23967 0.01
o 23683 0.02
o 23656 0.02
o 23159 0.02
o 23061 0.02
o 23039 0.02
o 22906 0.03
o 22735 0.03
o 22507 0.04
o 22301 0.04
o 22278 0.05
o 22031 0.15
o 21788 0.16
o 21595 0.16
o 21424 0.16
o 21363 0.78
o 21290 0.93
o 21219 1.31
o 21016 1.31
o 20717 2.35
o 20665 11.52
ramsey-ram_k3_n19.ra1
o 73413 0
o 69305 0
o 66111 0
o 63357 0
o 60717 0
o 58892 0
o 54549 0
o 53032 0
o 51339 0
o 49952 0
o 48381 0
o 47012 0
o 45714 0
o 44864 0
o 42778 0
o 42018 0
o 41419 0
o 40831 0
o 39779 0
o 38996 0
o 38260 0
o 37574 0
o 37241 0
o 37091 0
o 36588 0
o 35752 0
o 35420 0
o 35355 0
o 34423 0
o 33882 0
o 33691 0
o 33036 0
o 32578 0
o 32345 0
o 31625 0
o 31416 0
o 31024 0
o 31006 0
o 30907 0
o 30893 0
o 30401 0
o 30315 0
o 30177 0
o 30140 0
o 30064 0
o 29882 0
o 29737 0
o 29676 0
o 29353 0
o 29338 0
o 29150 0
o 28390 0
o 28089 0
o 27945 0
o 27632 0
o 27495 0
o 27441 0
o 27347 0
o 27018 0
o 26717 0
o 26372 0
o 26168 0
o 26002 0
o 25732 0
o 25663 0
o 25478 0
o 25401 0.01
o 25360 0.01
o 25132 0.01
o 24830 0.06
o 24798 0.06
o 24631 0.06
o 24313 0.06
o 24275 0.06
o 24192 0.06
o 24166 0.06
o 24022 0.06
o 23802 0.06
o 23671 0.06
o 23647 0.06
o 23476 0.06
o 23382 0.06
o 23363 0.06
o 23334 0.06
o 23201 0.07
o 23003 0.07
o 22846 0.07
o 22737 0.07
o 22627 0.07
o 22604 0.07
o 22553 0.07
o 22512 0.09
o 22471 0.09
o 22451 0.11
o 22395 0.15
o 22394 0.16
o 22358 0.18
o 22173 0.18
o 22147 0.22
o 22066 0.22
o 22021 0.23
o 22013 0.23
o 21972 0.24
o 21823 0.27
o 21650 0.28
o 21579 0.29
o 21520 0.29
o 21321 0.29
o 21171 0.29
o 21137 0.29
o 21017 0.3
o 21016 1.29
o 20706 1.34
o 20665 1.34
ramsey-ram_k3_n19.ra1
o 81871 0
o 80385 0
o 72860 0
o 68969 0
o 66349 0
o 64024 0
o 62324 0
o 60580 0
o 59504 0
o 57797 0
o 56517 0
o 55176 0
o 54026 0
o 52905 0
o 51631 0
o 50221 0
o 48738 0
o 47141 0
o 46204 0
o 44888 0
o 44302 0
o 43697 0
o 43112 0
o 42563 0
o 42065 0
o 41341 0
o 41012 0
o 40762 0
o 40256 0
o 39640 0
o 39528 0
o 39485 0
o 38297 0
o 38090 0
o 37598 0
o 37117 0
o 36872 0
o 36392 0
o 36388 0
o 36371 0
o 36268 0
o 35985 0
o 35055 0
o 34751 0
o 34265 0
o 34256 0
o 33233 0
o 32945 0
o 32856 0
o 32847 0
o 32650 0
o 32533 0
o 32431 0
o 32345 0
o 32026 0
o 31951 0
o 31841 0
o 31599 0
o 31452 0
o 31341 0
o 30832 0
o 30608 0
o 30536 0
o 30513 0
o 30511 0
o 30134 0
o 30047 0
o 29822 0
o 29538 0
o 29429 0
o 28974 0
o 28903 0
o 28543 0
o 28444 0
o 28257 0
o 28040 0
o 28004 0
o 27755 0
o 27528 0
o 27514 0
o 27512 0
o 26940 0
o 26891 0
o 26554 0
o 26487 0
o 26457 0
o 26395 0.02
o 26148 0.02
o 25892 0.03
o 25588 0.03
o 25487 0.03
o 25322 0.04
o 25222 0.04
o 25137 0.04
o 24960 0.06
o 24921 0.06
o 24916 0.06
o 24884 0.06
o 24678 0.06
o 24585 0.07
o 24250 0.07
o 24213 0.07
o 24191 0.07
o 24162 0.07
o 23839 0.07
o 23534 0.07
o 23403 0.07
o 23060 0.24
o 22998 0.25
o 22612 0.25
o 22534 0.25
o 22361 0.25
o 22036 0.31
o 22003 0.31
o 21827 0.31
o 21645 0.31
o 21450 0.31
o 21282 0.31
o 21204 0.31
o 21183 0.31
o 21080 1.35
o 20857 2.21
o 20665 2.21
ramsey-ram_k3_n19.ra1
o 82578 0
o 78977 0
o 73073 0
o 69518 0
o 65930 0
o 62721 0
o 60683 0
o 58892 0
o 56534 0
o 54721 0
o 52845 0
o 51209 0
o 49209 0
o 47389 0
o 46533 0
o 45600 0
o 44699 0
o 43555 0
o 42715 0
o 41993 0
o 40942 0
o 40137 0
o 39602 0
o 38942 0
o 38582 0
o 38274 0
o 38017 0
o 37582 0
o 37106 0
o 36934 0
o 36257 0
o 36147 0
o 36087 0
o 36012 0
o 36007 0
o 35310 0
o 34860 0
o 34703 0
o 33846 0
o 33444 0
o 32844 0
o 32823 0
o 32658 0
o 32583 0
o 32429 0
o 32070 0
o 31894 0
o 31206 0
o 30736 0
o 30565 0
o 30483 0
o 30113 0
o 29926 0
o 29905 0
o 29820 0
o 29381 0
o 29123 0
o 28971 0
o 28864 0
o 28817 0
o 28629 0
o 28298 0
o 28114 0
o 27854 0
o 27600 0
o 27571 0
o 27397 0
o 27352 0
o 27022 0
o 26805 0
o 26479 0
o 25736 0
o 25440 0
o 25312 0
o 25010 0.01
o 24987 0.01
o 24721 0.01
o 24587 0.03
o 24034 0.03
o 23909 0.03
o 23215 0.03
o 23014 0.03
o 22981 0.14
o 22833 0.14
o 22819 0.14
o 22207 0.17
o 22206 0.17
o 22205 0.17
o 21841 0.19
o 21620 0.23
o 21572 0.31
o 21382 0.31
o 21375 0.31
o 21025 0.31
o 20665 1.39
