relational-inference-pa-2
o 3349 43.75
o 3225 43.78
relational-inference-pa-2
o 235218 60.22
o 217285 60.24
o 214037 60.25
o 121226 60.27
o 121042 60.28
o 120858 60.29
o 120674 60.3
o 120490 60.31
o 120306 60.32
o 120122 60.34
o 119938 60.35
o 119754 60.36
o 119570 60.38
o 119386 60.39
o 119202 60.4
o 119018 60.41
o 118834 60.42
o 118650 60.43
o 118466 60.45
o 118282 60.46
o 118098 60.47
o 117914 60.48
o 117730 60.49
o 117546 60.5
o 117362 60.51
o 117178 60.52
o 116994 60.53
o 116810 60.54
o 116626 60.55
o 116442 60.56
o 116258 60.58
o 116074 60.59
o 115890 60.6
o 115706 60.61
o 115522 60.62
o 115338 60.63
o 115154 60.64
o 114970 60.65
o 114786 60.66
o 114602 60.67
o 114418 60.68
o 114234 60.69
o 114050 60.7
o 113866 60.71
o 113682 60.73
o 113498 60.74
o 113314 60.75
o 113130 60.76
o 112946 60.77
o 112762 60.78
o 112578 60.79
o 112394 60.8
o 112210 60.81
o 112026 60.82
o 111842 60.84
o 111658 60.85
o 111474 60.86
o 111290 60.87
o 111106 60.88
o 110922 60.89
o 110738 60.9
o 110554 60.91
o 110370 60.92
o 110186 60.93
o 110002 60.94
o 109818 60.96
o 109634 60.97
o 109450 60.98
o 109266 60.99
o 109082 61
o 108898 61.01
o 108714 61.02
o 108530 61.04
o 108346 61.05
o 108162 61.07
o 107978 61.08
o 107794 61.09
o 107610 61.1
o 107426 61.11
o 107242 61.12
o 107058 61.14
o 106874 61.15
o 106690 61.16
o 106506 61.17
o 106322 61.18
o 106138 61.19
o 105954 61.21
o 105770 61.22
o 105586 61.23
o 105402 61.25
o 105218 61.26
o 105034 61.27
o 104850 61.28
o 104666 61.3
o 104482 61.31
o 104298 61.33
o 104114 61.34
o 103930 61.35
o 103746 61.36
o 103562 61.38
o 103378 61.39
o 103194 61.4
o 103010 61.41
o 102826 61.43
o 102642 61.44
o 102458 61.45
o 102274 61.46
o 102090 61.48
o 101906 61.49
o 101722 61.5
o 101538 61.52
o 101354 61.53
o 101170 61.54
o 100986 61.56
o 100802 61.57
o 100618 61.58
o 100434 61.59
o 100250 61.6
o 100066 61.61
o 99882 61.63
o 99698 61.64
o 99514 61.65
o 99330 61.7
o 99146 61.76
o 98962 61.77
o 98778 61.79
o 98594 61.8
o 98410 61.81
o 98226 61.82
o 98042 61.84
o 97858 61.85
o 97674 61.86
o 97490 61.88
o 97306 61.89
o 97122 61.91
o 96938 61.92
o 96754 61.93
o 96570 61.95
o 96386 61.96
o 96202 61.97
o 96018 61.99
o 95834 62
o 95650 62.02
o 95466 62.03
o 95282 62.04
o 95098 62.05
o 94914 62.06
o 94730 62.08
o 94546 62.09
o 94362 62.11
o 94178 62.12
o 93994 62.13
o 93810 62.14
o 93626 62.16
o 93442 62.17
o 93258 62.18
o 93074 62.2
o 92890 62.21
o 92706 62.22
o 92522 62.24
o 92338 62.25
o 92154 62.27
o 91970 62.28
o 91786 62.3
o 91602 62.31
o 91418 62.32
o 91234 62.34
o 91050 62.35
o 90866 62.36
o 90682 62.38
o 90498 62.39
o 90314 62.4
o 90130 62.42
o 89946 62.43
o 89762 62.44
o 89578 62.46
o 89394 62.47
o 89210 62.48
o 89026 62.51
o 88842 62.52
o 88658 62.53
o 88474 62.55
o 88290 62.56
o 88106 62.57
o 87922 62.59
o 87738 62.6
o 87554 62.61
o 87370 62.63
o 87186 62.64
o 87002 62.65
o 86818 62.67
o 86634 62.68
o 86450 62.69
o 86266 62.71
o 86082 62.72
o 85898 62.73
o 85714 62.75
o 85530 62.76
o 85346 62.77
o 85162 62.79
o 84978 62.8
o 84794 62.81
o 84610 62.83
o 84426 62.84
o 84242 62.86
o 84058 62.87
o 83874 62.89
o 83690 62.9
o 83506 62.92
o 83322 62.93
o 83138 62.94
o 82954 62.95
o 82770 62.97
o 82586 62.98
o 82402 62.99
o 82218 63.01
o 82034 63.02
o 81850 63.03
o 81666 63.05
o 81482 63.06
o 81298 63.07
o 81114 63.09
o 80930 63.1
o 80746 63.12
o 80562 63.13
o 80378 63.14
o 80194 63.16
o 80010 63.17
o 79826 63.18
o 79642 63.19
o 79458 63.21
o 79274 63.22
o 79090 63.23
o 78906 63.25
o 78722 63.26
o 78538 63.27
o 78354 63.29
o 78170 63.3
o 77986 63.31
o 77802 63.33
o 77618 63.34
o 77434 63.36
o 77250 63.37
o 77066 63.38
o 76882 63.4
o 76698 63.41
o 76514 63.42
o 76330 63.44
o 76146 63.45
o 75962 63.46
o 75778 63.48
o 75594 63.49
o 75410 63.5
o 75226 63.51
o 75042 63.53
o 74858 63.54
o 74674 63.55
o 74490 63.57
o 74306 63.58
o 74122 63.59
o 73938 63.61
o 73754 63.62
o 73570 63.63
o 73386 63.64
o 73202 63.66
o 73018 63.67
o 72834 63.68
o 72650 63.7
o 72466 63.71
o 72282 63.72
o 72098 63.74
o 71914 63.75
o 71730 63.76
o 71546 63.78
o 71362 63.79
o 71178 63.8
o 70994 63.81
o 70810 63.83
o 70626 63.84
o 70442 63.85
o 70258 63.87
o 70074 63.88
o 69890 63.89
o 69706 63.91
o 69522 63.92
o 69338 63.94
o 69154 63.95
o 68970 63.97
o 68786 63.98
o 68602 63.99
o 68418 64
o 68234 64.02
o 68050 64.03
o 67866 64.04
o 67682 64.06
o 67498 64.07
o 67314 64.09
o 67130 64.1
o 66946 64.11
o 66762 64.14
o 66578 64.15
o 66394 64.16
o 66210 64.18
o 66026 64.19
o 65842 64.2
o 65658 64.21
o 65474 64.23
o 65290 64.24
o 65106 64.25
o 64922 64.26
o 64738 64.28
o 64554 64.29
o 64370 64.3
o 64186 64.31
o 64002 64.33
o 63818 64.34
o 63634 64.36
o 63450 64.37
o 63266 64.38
o 63082 64.39
o 62898 64.41
o 62714 64.42
o 62530 64.43
o 62346 64.45
o 62162 64.47
o 61978 64.48
o 61794 64.49
o 61610 64.51
o 61426 64.52
o 61242 64.53
o 61058 64.54
o 60874 64.56
o 60690 64.57
o 60506 64.58
o 60322 64.6
o 60138 64.61
o 59954 64.62
o 59770 64.64
o 59586 64.65
o 59402 64.66
o 59218 64.67
o 59034 64.69
o 58850 64.7
o 58666 64.71
o 58482 64.72
o 58298 64.74
o 58114 64.75
o 57930 64.76
o 57746 64.77
o 57562 64.79
o 57378 64.8
o 57194 64.82
o 57010 64.83
o 56826 64.85
o 56642 64.86
o 56458 64.87
o 56274 64.89
o 56090 64.9
o 55906 64.92
o 55722 64.93
o 55538 64.94
o 55354 64.96
o 55170 64.98
o 54986 64.99
o 54802 65.01
o 54618 65.02
o 54434 65.04
o 54250 65.05
o 54066 65.07
o 53882 65.08
o 53698 65.1
o 53514 65.11
o 53330 65.13
o 53146 65.14
o 52962 65.16
o 52778 65.17
o 52594 65.19
o 52410 65.2
o 52226 65.22
o 52042 65.23
o 51858 65.25
o 51674 65.27
o 51490 65.28
o 51306 65.3
o 51122 65.31
o 50938 65.33
o 50754 65.34
o 50570 65.36
o 50386 65.38
o 50202 65.39
o 50018 65.41
o 49834 65.42
o 49650 65.44
o 49466 65.45
o 49282 65.47
o 49098 65.48
o 48914 65.5
o 48730 65.51
o 48546 65.53
o 48362 65.55
o 48178 65.56
o 47994 65.58
o 47810 65.59
o 47626 65.61
o 47442 65.63
o 47258 65.64
o 47074 65.66
o 46890 65.67
o 46706 65.69
o 46522 65.71
o 46338 65.72
o 46154 65.73
o 45970 65.75
o 45786 65.76
o 45602 65.78
o 45418 65.79
o 45234 65.81
o 45050 65.82
o 44866 65.84
o 44682 65.85
o 44498 65.87
o 44314 65.89
o 44130 65.9
o 43946 65.91
o 43762 65.92
o 43578 65.94
o 43394 65.96
o 43210 65.97
o 43026 65.98
o 42842 66
o 42658 66.01
o 42474 66.03
o 42290 66.04
o 42106 66.06
o 41898 66.08
o 38187 66.6
o 31904 66.82
o 31882 68.19
o 31674 68.2
o 31466 68.22
o 31258 68.24
o 31050 68.25
o 30842 68.27
o 30402 68.33
o 30194 68.35
o 28844 68.48
o 26185 68.59
o 25486 68.61
o 25320 68.62
o 25130 68.64
o 20445 68.66
o 20410 68.68
o 20375 68.69
o 18081 68.71
o 18035 68.8
o 18000 68.82
o 17981 68.84
o 17862 68.85
o 17606 68.87
o 17406 68.89
o 17332 68.9
o 17303 68.91
o 16630 68.95
o 16598 68.97
o 16587 68.98
o 16562 69
o 16534 69.01
o 16506 69.02
o 16330 69.04
o 13870 69.16
o 13641 69.19
o 13609 69.2
o 13375 69.22
o 13211 69.29
o 13011 69.3
o 12592 69.32
o 4332 121.13
relational-inference-pa-2
o 422837 38.33
o 390067 38.35
o 63110 38.37
o 61619 38.4
o 61411 38.41
o 61203 38.42
o 60921 38.43
o 60223 38.45
o 60015 38.46
o 59978 38.48
o 59525 38.5
o 59488 38.52
o 59280 38.53
o 59243 38.55
o 59035 38.56
o 58998 38.6
o 58790 38.61
o 58753 38.66
o 58129 38.69
o 57713 38.7
o 55232 38.78
o 54987 38.79
o 50971 40.32
o 39249 40.55
o 36591 40.58
o 36391 40.6
o 36206 40.61
o 34460 40.62
o 33545 40.63
o 32985 40.64
o 32472 40.65
o 31481 40.68
o 31305 40.69
o 31129 40.7
o 30953 40.71
o 30753 40.72
o 30577 40.73
o 29430 40.74
o 29343 40.75
o 27303 40.77
o 24939 40.78
o 24779 40.79
o 24686 40.8
o 24311 40.81
o 24272 40.82
o 24153 40.83
o 23982 40.84
o 23782 40.85
o 23663 40.86
o 23368 41.04
o 23123 41.05
o 22148 41.15
o 22013 41.16
o 21813 41.17
o 21533 41.19
o 21475 41.2
o 20681 41.25
o 19716 41.27
o 19577 44.19
o 19177 44.2
o 18977 44.21
o 18777 44.22
o 18577 44.23
o 18377 44.24
o 17977 44.26
o 17777 44.27
o 17731 44.28
o 17699 44.28
o 17667 44.29
o 17496 44.55
o 17494 44.56
o 17367 44.57
o 17359 46.6
o 17159 46.61
o 16959 46.62
o 16759 46.63
o 16559 46.64
o 16539 46.65
o 16339 46.66
o 16315 46.68
o 16115 46.69
o 15906 46.7
o 15506 46.71
o 15307 46.72
o 15107 46.73
o 14988 46.74
o 14821 46.75
o 14793 46.76
o 14681 46.77
o 14649 46.78
o 14636 46.79
o 14635 46.8
o 14634 46.8
o 14587 46.81
o 14387 46.82
o 14187 46.84
o 14013 46.85
o 13813 46.86
o 13613 46.87
o 13413 46.88
o 13213 46.89
o 13181 46.9
o 13165 46.95
o 13128 46.97
o 12955 46.98
o 12755 46.99
o 12723 47
o 12569 47.01
o 12433 47.02
o 12386 47.03
o 12317 47.04
o 12191 50.17
o 11991 50.18
o 11920 50.19
o 11784 50.2
o 11614 50.21
o 11062 50.23
o 10684 50.24
o 10651 50.25
o 10614 50.26
o 10492 50.27
o 10292 50.28
o 10260 50.29
o 10252 50.3
o 10220 50.31
o 10181 50.32
o 10157 50.33
o 10125 50.34
o 10006 50.35
o 9905 50.36
o 9772 50.37
o 9632 50.38
o 9536 50.39
o 9521 50.4
o 9321 50.41
o 9121 50.42
o 8921 50.43
o 8721 50.44
o 8648 51.66
o 8630 51.67
o 8549 51.69
o 8349 51.7
o 8278 51.71
o 8275 51.72
o 8156 51.73
o 8062 51.74
o 7862 51.75
o 7830 51.76
o 7802 51.77
o 7785 51.79
o 7727 51.8
o 7569 51.81
o 7529 51.82
o 7295 51.83
relational-inference-pa-2
o 170809 47.21
o 63672 47.24
o 55200 47.69
o 55013 47.7
o 54813 47.72
o 54613 47.73
o 54435 47.75
o 54369 49.43
o 53805 49.62
o 33236 49.72
o 31960 49.74
o 31820 49.85
o 31636 49.87
o 27504 49.9
o 27495 49.92
o 27486 49.93
o 27477 49.95
o 27468 49.97
o 27459 49.98
o 27450 50
o 27441 50.02
o 27432 50.03
o 27423 50.05
o 27414 50.07
o 27405 50.08
o 27396 50.1
o 27387 50.12
o 27378 50.13
o 27369 50.15
o 27360 50.17
o 26370 50.19
o 25437 50.67
o 25252 50.69
o 25018 50.7
o 24886 50.82
o 24686 50.84
o 21860 50.86
o 21717 50.88
o 21687 50.89
o 21419 50.91
o 21173 50.92
o 21088 59.86
o 20888 59.88
o 20717 59.9
o 20517 59.91
o 20317 59.93
o 20147 59.95
o 20116 59.96
o 20111 59.98
o 20094 60
o 19894 60.01
o 19694 60.03
o 19670 60.05
o 19448 60.07
o 19274 60.08
o 19093 60.1
o 18893 60.12
o 18684 60.14
o 18484 60.15
o 18284 60.17
o 18112 60.18
o 17912 60.2
o 17731 60.22
o 17531 60.23
o 16763 60.25
o 16644 60.27
o 16444 60.28
o 15464 60.3
o 15300 60.32
o 15100 60.33
o 14994 60.66
o 14957 60.67
o 14757 60.69
o 14099 60.71
o 14047 60.73
o 13800 60.76
o 13768 60.77
o 13568 60.79
o 13368 60.8
o 13197 60.82
o 12997 60.83
o 12643 60.85
o 12443 60.87
o 12411 60.88
o 12305 60.9
o 12105 60.92
o 11905 60.93
o 11705 60.95
o 11505 60.96
o 11305 60.98
o 11273 60.99
o 11264 61.01
o 11236 61.02
o 10631 61.05
o 10471 61.07
o 10431 61.09
o 10407 61.1
o 10271 61.12
o 10152 61.13
o 10119 61.15
o 10100 61.18
o 9572 61.2
o 9372 61.22
o 8992 61.23
o 8792 61.25
o 8714 61.26
o 8697 61.28
o 8586 61.29
o 8469 61.3
relational-inference-pa-2
o 179822 43.72
o 175159 43.75
o 160882 43.76
o 61124 43.78
o 60940 43.79
o 60756 43.81
o 60572 43.82
o 60388 43.83
o 60204 43.84
o 60020 43.85
o 59836 43.87
o 59652 43.88
o 59468 43.89
o 59284 43.9
o 59100 43.91
o 58916 43.92
o 58732 43.94
o 58548 43.95
o 58364 43.96
o 58180 43.97
o 57996 43.98
o 57812 44
o 57628 44.01
o 57444 44.02
o 57260 44.03
o 57076 44.04
o 56892 44.05
o 56708 44.07
o 56524 44.08
o 56340 44.09
o 56156 44.1
o 55972 44.11
o 55788 44.12
o 55604 44.14
o 55420 44.15
o 55236 44.16
o 55052 44.17
o 54868 44.18
o 54684 44.2
o 54500 44.21
o 54316 44.22
o 54132 44.23
o 53948 44.24
o 53764 44.25
o 53580 44.27
o 53396 44.28
o 53212 44.29
o 53028 44.3
o 52844 44.31
o 52660 44.32
o 52476 44.34
o 52292 44.35
o 52108 44.36
o 51924 44.37
o 51740 44.38
o 51556 44.39
o 51372 44.4
o 51188 44.42
o 51004 44.43
o 50820 44.44
o 50636 44.45
o 50452 44.46
o 50268 44.47
o 50084 44.48
o 49900 44.49
o 49716 44.5
o 49532 44.51
o 49348 44.52
o 49164 44.53
o 48980 44.54
o 48796 44.55
o 48612 44.56
o 48428 44.58
o 48244 44.59
o 48060 44.6
o 47876 44.61
o 47692 44.62
o 47508 44.63
o 47324 44.64
o 47140 44.65
o 46956 44.66
o 46772 44.67
o 46588 44.68
o 46404 44.69
o 46220 44.7
o 46036 44.71
o 45852 44.72
o 45668 44.73
o 45484 44.74
o 45300 44.75
o 45116 44.76
o 44932 44.77
o 44748 44.78
o 44564 44.79
o 44380 44.8
o 44196 44.81
o 44012 44.82
o 43828 44.83
o 43644 44.84
o 43460 44.85
o 43276 44.86
o 43092 44.87
o 42908 44.88
o 42724 44.89
o 42540 44.9
o 42356 44.91
o 42172 44.92
o 41988 44.93
o 41804 44.94
o 41620 44.95
o 41436 44.96
o 41252 44.97
o 41068 44.98
o 40884 44.99
o 40700 45
o 40516 45.01
o 40332 45.03
o 40148 45.05
o 39964 45.06
o 39780 45.07
o 39596 45.08
o 39412 45.09
o 39228 45.11
o 39044 45.12
o 38860 45.13
o 38676 45.14
o 38492 45.15
o 38308 45.16
o 38124 45.17
o 37940 45.19
o 37756 45.2
o 37572 45.21
o 37388 45.22
o 37204 45.23
o 37020 45.25
o 36836 45.26
o 36830 45.27
o 33782 45.48
o 33658 45.5
o 33458 45.51
o 30638 45.64
o 30316 47.12
o 30296 47.13
o 30276 47.14
o 30256 47.15
o 30236 47.16
o 30216 47.17
o 30196 47.19
o 27028 47.2
o 23374 47.26
o 22862 47.27
o 22017 47.29
o 21944 47.3
o 21029 47.31
o 20862 47.32
o 20271 47.34
o 20243 47.35
o 20026 47.41
o 17101 47.42
o 16915 47.43
o 16798 47.44
o 16564 47.45
o 16331 47.47
o 16131 47.48
o 16099 47.49
o 15899 47.5
o 15818 47.55
o 15060 47.56
o 14968 47.68
o 14855 47.69
o 14814 47.71
o 14082 47.72
o 13885 47.73
o 13177 161.11
relational-inference-pa-2
o 151133 39.15
o 139155 39.18
o 54102 39.19
o 54063 39.21
o 53557 39.59
o 52763 39.85
o 50690 39.87
o 50648 39.88
o 49664 39.89
o 48928 39.9
o 48519 39.91
o 48119 39.93
o 47850 39.94
o 47466 39.95
o 47124 39.96
o 46924 39.98
o 46724 39.99
o 46491 40
o 46320 40.01
o 46112 40.02
o 45904 40.04
o 45696 40.05
o 45541 40.06
o 45312 40.07
o 35781 40.36
o 35319 40.39
o 35024 40.41
o 34332 40.42
o 33474 40.43
o 33264 40.44
o 33089 40.46
o 32880 40.47
o 32807 40.48
o 32144 40.49
o 31944 40.5
o 31763 40.52
o 31363 40.53
o 31278 40.62
o 31275 40.63
o 30900 40.64
o 30700 40.66
o 29668 40.67
o 29326 40.68
o 28758 40.69
o 28719 40.7
o 27451 50.33
o 27384 50.34
o 27319 50.36
o 27119 50.37
o 26919 50.38
o 26719 50.4
o 26519 50.41
o 26319 50.42
o 26119 50.44
o 26069 50.45
o 25888 50.47
o 25688 50.48
o 25454 50.49
o 25444 50.5
o 24260 50.52
o 24060 50.53
o 24028 50.54
o 22610 51.5
o 22578 51.51
o 22290 51.52
o 22146 51.53
o 22011 51.55
o 21464 51.56
o 21432 51.57
o 21258 51.59
o 21068 51.6
o 20933 51.61
o 20776 51.62
o 19681 51.69
o 19333 51.7
o 19133 51.71
o 18933 51.72
o 18901 51.74
o 18701 51.75
o 18557 51.76
o 18357 51.78
o 18354 51.79
o 18276 51.83
o 18105 51.84
o 17999 51.85
o 17799 51.86
o 17678 51.88
o 17404 51.89
o 17380 51.9
o 17180 51.91
o 16404 51.93
o 16262 51.94
o 16062 51.96
o 15862 51.97
o 15787 52.73
o 15433 52.74
o 15233 52.76
o 15033 52.77
o 14978 52.78
o 14950 52.79
o 14922 52.81
o 14867 52.82
o 14835 52.83
o 14667 52.84
o 14524 52.86
o 14499 52.87
o 14356 52.88
o 14156 52.89
o 14011 52.9
o 13735 52.92
o 13554 52.93
o 13354 52.94
o 13154 52.95
o 13097 52.96
o 12665 52.97
o 12465 52.99
o 12323 53
o 12322 53.01
o 12297 53.02
o 12272 53.04
o 12113 53.05
o 11977 53.06
o 11687 53.19
o 11533 53.2
o 11508 53.21
o 11395 53.22
o 11363 53.23
o 11353 53.24
o 11234 53.25
o 11077 53.29
o 10941 53.3
o 10909 53.31
o 10877 53.32
o 10819 53.34
o 10746 53.45
o 10579 53.46
o 10412 53.48
o 10245 53.49
o 10101 53.5
o 10043 53.51
o 9924 53.52
o 9866 53.53
o 9861 53.54
o 9844 53.56
o 9741 54.33
o 9714 54.34
o 9712 54.67
o 9604 54.69
o 9597 54.7
o 9442 54.71
o 9178 54.72
o 9154 54.74
o 9114 54.75
o 8938 54.76
o 8906 54.77
o 8874 54.79
o 8705 54.8
o 8637 54.86
o 8581 54.87
o 8503 57.41
o 8303 57.42
o 8182 58.65
o 7982 58.66
o 7846 58.67
o 7843 58.69
o 7724 58.7
o 7721 58.71
o 7559 58.72
o 7383 58.73
o 7247 58.75
o 7047 58.76
o 6847 58.77
o 6681 59.05
o 6481 59.07
o 6414 61.9
o 6233 61.91
o 6033 61.92
o 6001 61.94
o 5940 61.95
o 5821 61.96
o 5702 61.97
o 5583 61.99
o 5548 62
o 5484 62.01
o 5459 62.03
o 5323 62.04
o 5322 63.6
o 5319 63.61
o 5101 63.62
o 5079 63.63
o 5032 68.28
o 4921 68.3
o 4852 76.26
o 4668 76.28
o 4485 76.29
o 4453 76.3
o 4344 76.34
o 4308 76.35
o 4289 76.37
o 4178 76.38
o 4052 76.39
o 4033 76.4
o 3965 121.08
o 3930 121.09
o 3929 121.11
o 3790 121.12
o 3760 121.13
o 3589 121.14
o 3453 121.16
o 3380 121.17
o 2969 183.64
relational-inference-pa-2
o 249322 60.63
o 41351 60.7
o 41206 60.83
o 41169 60.94
o 40961 60.95
o 40716 60.97
o 40508 60.98
o 40302 61
o 37000 61.09
o 33780 61.86
o 33708 61.88
o 30556 61.9
o 29956 61.91
o 29176 62.02
o 28968 62.06
o 28933 62.08
o 27584 62.21
o 26900 62.22
o 26460 62.24
o 26425 62.25
o 25986 62.27
o 25215 62.33
o 25163 62.35
o 25146 62.37
o 22249 62.38
o 21052 62.39
o 19797 62.41
o 19397 62.42
o 19197 62.44
o 18997 62.45
o 18797 62.46
o 18626 62.48
o 18445 62.5
o 18318 62.51
o 18108 62.52
o 15676 62.58
o 15612 62.59
o 14847 62.61
o 14735 63.03
o 14720 63.25
o 14486 63.26
o 14115 63.28
o 14069 63.29
o 13946 63.31
o 13811 63.32
o 13785 63.34
o 13635 63.35
o 13435 63.36
o 13235 63.37
o 13218 78.09
o 13090 78.12
o 12998 78.14
relational-inference-pa-2
o 190137 47.33
o 78664 47.36
o 78658 47.39
o 69654 47.69
o 69200 47.7
o 68991 47.72
o 68782 47.73
o 68573 47.74
o 50767 47.85
o 50566 47.86
o 47768 48.07
o 40588 48.19
o 40571 48.64
o 40406 48.77
o 35464 49.6
o 33754 49.62
o 33730 49.63
o 33266 49.64
o 30283 49.65
o 28546 49.67
o 28370 49.68
o 25274 49.71
o 25068 49.72
o 24736 49.73
o 24352 49.74
o 24144 49.75
o 22680 49.76
o 22558 49.78
o 21537 49.79
o 21352 49.8
o 21152 49.82
o 20936 49.83
o 18955 50.65
o 18830 50.76
o 18198 50.77
o 9319 245.74
relational-inference-pa-2
o 236132 44
o 182253 44.02
o 61507 44.04
o 61323 44.05
o 61139 44.07
o 60955 44.08
o 60771 44.09
o 60587 44.11
o 60403 44.12
o 60219 44.13
o 60035 44.15
o 59851 44.16
o 59667 44.18
o 59483 44.19
o 59299 44.21
o 59115 44.22
o 58931 44.23
o 58747 44.25
o 58563 44.26
o 58379 44.27
o 58195 44.29
o 58011 44.3
o 57827 44.32
o 57643 44.33
o 57459 44.35
o 57275 44.37
o 57091 44.38
o 56907 44.4
o 56723 44.41
o 56539 44.43
o 56355 44.44
o 56171 44.46
o 55987 44.47
o 55803 44.49
o 55619 44.5
o 55435 44.52
o 55251 44.53
o 55067 44.54
o 54883 44.56
o 54699 44.57
o 54515 44.59
o 54331 44.6
o 54147 44.62
o 53963 44.63
o 53779 44.64
o 53595 44.66
o 53411 44.67
o 53227 44.69
o 53043 44.71
o 52859 44.73
o 52675 44.75
o 52491 44.76
o 52307 44.78
o 52123 44.8
o 51939 44.82
o 51755 44.84
o 51571 44.85
o 51387 44.87
o 51203 44.89
o 51019 44.91
o 50835 44.93
o 50651 44.95
o 50467 44.97
o 50283 44.99
o 50099 45.01
o 49915 45.03
o 49731 45.05
o 49547 45.07
o 49363 45.09
o 49179 45.11
o 48995 45.13
o 48811 45.16
o 48627 45.18
o 48443 45.2
o 48259 45.22
o 48075 45.24
o 47891 45.26
o 47707 45.28
o 47523 45.3
o 47339 45.32
o 47155 45.34
o 46971 45.36
o 46787 45.38
o 46603 45.4
o 46419 45.42
o 46235 45.44
o 46051 45.46
o 45867 45.48
o 45683 45.5
o 45499 45.52
o 45315 45.54
o 45131 45.56
o 44947 45.57
o 44763 45.59
o 44579 45.61
o 44395 45.63
o 44211 45.65
o 44027 45.67
o 43843 45.69
o 43659 45.7
o 43475 45.72
o 43291 45.74
o 43107 45.76
o 42923 45.78
o 42739 45.8
o 42555 45.81
o 42371 45.83
o 42187 45.85
o 42003 45.87
o 41819 45.89
o 41635 45.91
o 41451 45.93
o 41267 45.95
o 41083 45.97
o 40899 45.99
o 40715 46.01
o 40531 46.03
o 40347 46.05
o 40163 46.08
o 39979 46.1
o 39795 46.12
o 39611 46.14
o 39427 46.16
o 39243 46.18
o 39059 46.2
o 38875 46.23
o 38691 46.25
o 38507 46.27
o 38323 46.3
o 38139 46.33
o 37955 46.38
o 37771 46.4
o 37587 46.42
o 37403 46.44
o 37219 46.47
o 37035 46.49
o 36851 46.51
o 36667 46.53
o 36483 46.55
o 36299 46.57
o 36115 46.59
o 35931 46.61
o 35895 46.63
o 30557 46.99
o 30379 47.01
o 30203 47.03
o 30027 47.05
o 29851 47.07
o 29651 47.09
o 29451 47.11
o 29419 47.13
o 24755 47.24
o 24177 47.72
o 19534 47.92
o 18847 47.94
o 18592 47.95
o 18017 47.96
o 16774 48.03
o 16655 48.04
o 16475 48.05
o 16304 48.06
o 16132 48.08
o 15932 48.1
o 15754 48.12
o 15619 48.14
o 15441 48.16
o 15109 48.27
o 15084 48.3
o 14986 48.34
o 14741 48.44
o 14309 48.46
o 14109 48.48
o 13880 48.51
o 13477 48.53
relational-inference-pa-2
o 147093 54.83
o 76155 54.88
o 72279 54.9
o 72071 54.91
o 71863 54.93
o 71655 54.94
o 71447 54.96
o 68743 54.99
o 68535 55.01
o 68327 55.02
o 68119 55.04
o 66419 55.08
o 66003 55.11
o 65758 55.14
o 65306 55.21
o 65098 55.28
o 65061 55.36
o 64853 55.4
o 64645 55.5
o 64437 55.52
o 64229 55.53
o 64021 55.55
o 58659 55.65
o 58451 55.66
o 58242 55.67
o 50696 55.81
o 50069 55.82
o 49682 55.84
o 41358 56.13
o 41184 56.35
o 37164 57.94
o 36996 57.96
o 36848 57.97
o 30460 58
o 30256 58.18
o 24133 58.21
o 23118 58.23
o 23017 58.25
o 22626 58.26
o 22532 58.27
o 22418 58.28
o 22247 58.29
o 21734 58.3
o 21534 58.31
o 21074 58.47
o 20840 58.48
o 20805 58.49
o 19272 58.51
o 19239 58.53
o 18996 58.55
o 18269 58.58
o 17633 58.6
o 17452 58.61
o 17212 58.83
o 16967 58.84
o 15095 59.06
o 15065 59.07
o 14930 59.08
o 14809 59.09
o 14674 59.1
o 14628 59.11
