staff-scheduling-instance2
o 2854 0.01
o 2763 0.01
o 2761 0.01
o 2743 0.01
o 2647 0.01
o 950 1.21
o 948 4.89
o 858 7.56
o 842 227.59
staff-scheduling-instance2
o 2236 0
o 2133 0
o 1152 0.73
o 1150 1.5
o 1053 2.34
o 1042 3.86
o 1041 3.87
o 1031 11.24
o 845 19.67
o 842 268.77
staff-scheduling-instance2
o 2533 0
o 2451 0.01
o 2444 0.01
o 2039 0.01
o 1942 0.01
o 1837 0.01
o 1050 0.99
o 1039 1.74
o 1033 5.16
o 847 5.82
o 839 188.3
staff-scheduling-instance2
o 3048 0
o 2848 0
o 2450 0
o 947 0.9
o 851 24.3
o 847 29.32
o 842 54.47
staff-scheduling-instance2
o 2132 0
o 2044 0.01
o 2041 0.01
o 1251 0.76
o 1149 0.76
o 1148 0.76
o 1062 3.16
o 1046 4.01
o 1038 5.48
o 962 6.24
o 953 8.54
o 857 9.34
o 856 31.19
o 842 226.4
staff-scheduling-instance2
o 2546 0
o 2440 0.01
o 2240 0.01
o 2037 0.01
o 2033 0.01
o 1144 0.99
o 1050 1.84
o 955 3.74
o 954 4.57
o 953 4.57
o 952 12.26
o 940 16.41
o 935 29.31
o 861 272.78
o 847 282.74
staff-scheduling-instance2
o 2742 0
o 2454 0.01
o 2251 0.01
o 2240 0.01
o 2235 0.01
o 2137 0.01
o 1744 0.01
o 1052 0.77
o 937 1.47
o 852 20.02
o 851 74.47
staff-scheduling-instance2
o 2444 0
o 2356 0.01
o 2249 0.01
o 2052 0.01
o 1046 0.9
o 954 1.66
o 946 3.22
o 936 5.45
o 935 5.46
o 850 85.08
o 848 85.08
o 845 180.97
staff-scheduling-instance2
o 2631 0.02
o 2440 0.03
o 2339 0.03
o 2249 0.04
o 2142 0.04
o 1942 0.04
o 1850 0.05
o 1055 1.21
o 1051 1.21
o 1043 2.14
o 1041 3.06
o 845 11.2
staff-scheduling-instance2
o 2036 0
o 1943 0.01
o 1843 0.01
o 1743 0.01
o 1049 0.84
o 957 2.34
o 945 5.45
o 854 14.35
o 848 15.83
