staff-scheduling-instance7
o 8283 0.06
o 6783 0.09
o 6683 0.09
o 1977 2.66
o 1974 2.66
o 1393 5.03
o 1383 15.74
o 1373 28.85
o 1368 92.62
o 1290 212.23
staff-scheduling-instance7
o 7029 0.07
o 6727 0.07
o 6530 0.07
o 6380 0.09
o 5872 0.09
o 5461 0.09
o 1688 2.37
o 1582 4.57
o 1577 6.81
o 1478 12.02
o 1464 14.5
o 1388 16.93
o 1379 89.06
o 1260 154.16
staff-scheduling-instance7
o 7598 0.07
o 6603 0.11
o 6471 0.13
o 1758 2.67
o 1285 10.66
o 1255 201.46
o 1184 274.29
staff-scheduling-instance7
o 7683 0.09
o 7079 0.14
o 5966 0.15
o 5569 0.16
o 5366 0.16
o 5064 0.16
o 4970 0.16
o 4773 0.16
o 1695 2.63
o 1585 8.08
o 1485 12.79
o 1365 14.95
o 1285 53.02
staff-scheduling-instance7
o 7306 0.06
o 7204 0.06
o 6895 0.09
o 6571 0.12
o 6056 0.12
o 1487 2.41
o 1485 2.42
o 1353 9.41
o 1305 29.59
o 1304 29.59
o 1265 63.24
staff-scheduling-instance7
o 8183 0.06
o 6180 0.07
o 6174 0.07
o 2094 3.05
o 2091 3.06
o 1497 5.33
o 1371 12.22
o 1272 77.11
staff-scheduling-instance7
o 7408 0.08
o 6610 0.08
o 1381 6.22
o 1377 134.92
staff-scheduling-instance7
o 7818 0.07
o 1870 2.96
o 1770 2.96
o 1612 5.11
o 1582 10.24
o 1501 15.74
o 1492 21.06
o 1487 45.96
o 1277 50.95
staff-scheduling-instance7
o 7705 0.06
o 7606 0.06
o 6284 0.06
o 5969 0.08
o 5966 0.08
o 5776 0.09
o 5072 0.09
o 1693 2.69
o 1672 9.88
o 1593 12.26
o 1460 14.71
o 1407 24.19
o 1386 26.75
o 1270 156.26
staff-scheduling-instance7
o 7928 0.06
o 7633 0.07
o 7295 0.07
o 5566 0.1
o 1963 6.53
o 1591 9.06
o 1375 11.12
o 1317 13.62
o 1270 163.98
