gen-hyper-tw-GenHyperTW_grid4d_3
o 14 0.14
o 9 2.64
o 8 5.9
o 7 43.38
gen-hyper-tw-GenHyperTW_grid4d_3
o 14 0.09
o 13 0.09
o 12 0.09
o 11 0.09
o 8 2.16
gen-hyper-tw-GenHyperTW_grid4d_3
o 14 0.1
o 13 0.1
o 8 2.04
o 7 9.87
gen-hyper-tw-GenHyperTW_grid4d_3
o 15 0.1
o 14 0.1
o 13 0.1
o 8 2.09
o 7 14.63
gen-hyper-tw-GenHyperTW_grid4d_3
o 14 0.1
o 13 0.1
o 8 2.46
o 7 264.29
gen-hyper-tw-GenHyperTW_grid4d_3
o 14 0.11
o 13 0.11
o 8 2.08
gen-hyper-tw-GenHyperTW_grid4d_3
o 16 0.1
o 14 0.1
o 13 0.1
o 8 1.97
o 7 9.71
gen-hyper-tw-GenHyperTW_grid4d_3
o 14 0.1
o 13 0.1
o 8 2.28
gen-hyper-tw-GenHyperTW_grid4d_3
o 16 0.1
o 15 0.1
o 14 0.1
o 9 1.72
o 8 4.48
o 7 63.26
gen-hyper-tw-GenHyperTW_grid4d_3
o 15 0.11
o 13 0.11
o 8 1.74
o 7 42.12
