gen-hyper-tw-GenHyperTW_s208
o 48 2.43
o 17 14.09
o 16 34.3
o 14 152.26
gen-hyper-tw-GenHyperTW_s208
o 52 2.28
o 20 11.4
o 16 45.88
o 15 135.94
o 14 225.97
gen-hyper-tw-GenHyperTW_s208
o 50 2.14
o 20 14.32
o 18 25.23
o 17 61.95
o 13 276.68
gen-hyper-tw-GenHyperTW_s208
o 53 3.21
o 52 3.21
o 15 9.91
o 13 20.47
gen-hyper-tw-GenHyperTW_s208
o 48 2.66
o 16 10.32
o 13 21.97
o 12 147.39
gen-hyper-tw-GenHyperTW_s208
o 42 2.62
o 41 2.64
o 21 9.57
o 15 22.31
o 14 260.31
gen-hyper-tw-GenHyperTW_s208
o 43 2.88
o 15 11.95
o 13 63.78
gen-hyper-tw-GenHyperTW_s208
o 49 2.35
o 46 2.36
o 19 13.5
o 18 37.46
o 16 75.72
o 14 95.79
o 11 276.32
gen-hyper-tw-GenHyperTW_s208
o 51 2.85
o 17 10.39
o 13 89.81
o 10 110.3
gen-hyper-tw-GenHyperTW_s208
o 43 2.35
o 18 10.27
o 15 35.19
