inconsistency-measurement-im-forgetting-C-1-grd_5178_1_1.tgf.pl
o 2061 0.34
o 1849 0.44
o 1308 0.5
o 1260 0.52
o 1221 0.55
inconsistency-measurement-im-forgetting-C-1-grd_5178_1_1.tgf.pl
o 2061 0.34
o 1620 0.42
o 1464 0.44
o 1231 0.47
inconsistency-measurement-im-forgetting-C-1-grd_5178_1_1.tgf.pl
o 2061 0.36
o 1916 0.43
o 1907 0.44
o 1424 0.47
o 1281 0.62
inconsistency-measurement-im-forgetting-C-1-grd_5178_1_1.tgf.pl
o 2061 0.37
o 1914 0.44
o 1420 0.48
inconsistency-measurement-im-forgetting-C-1-grd_5178_1_1.tgf.pl
o 2061 0.37
o 1919 0.45
o 1335 0.51
o 1318 0.53
o 1317 0.53
o 1236 0.57
inconsistency-measurement-im-forgetting-C-1-grd_5178_1_1.tgf.pl
o 2061 0.36
o 1914 0.43
o 1912 0.44
o 1440 0.51
o 1267 0.53
o 1223 0.56
inconsistency-measurement-im-forgetting-C-1-grd_5178_1_1.tgf.pl
o 2061 0.36
o 1634 0.44
o 1479 0.46
o 1271 0.49
inconsistency-measurement-im-forgetting-C-1-grd_5178_1_1.tgf.pl
o 2061 0.36
o 1915 0.43
o 1899 0.44
o 1435 0.47
o 1201 0.65
inconsistency-measurement-im-forgetting-C-1-grd_5178_1_1.tgf.pl
o 2061 0.37
o 1920 0.45
o 1322 0.55
o 1207 0.58
o 1206 0.58
o 1201 0.61
inconsistency-measurement-im-forgetting-C-1-grd_5178_1_1.tgf.pl
o 2061 0.35
o 1915 0.42
o 1417 0.46
o 1364 0.56
