judgment-aggregation-ja-maxham-preflib-00049-00000540
o 67 0.1
o 66 0.19
o 58 10.35
o 55 30.69
judgment-aggregation-ja-maxham-preflib-00049-00000540
o 69 0.07
o 68 0.07
o 66 0.11
o 60 0.31
o 57 0.99
o 53 43.75
judgment-aggregation-ja-maxham-preflib-00049-00000540
o 67 0.08
o 66 0.12
o 65 0.12
o 62 0.75
o 61 0.75
o 58 1.06
o 53 2.43
o 52 166.78
judgment-aggregation-ja-maxham-preflib-00049-00000540
o 73 0.09
o 72 0.09
o 71 0.09
o 70 0.15
o 55 9.22
judgment-aggregation-ja-maxham-preflib-00049-00000540
o 76 0.08
o 73 0.09
o 72 0.11
o 61 8.97
o 58 36.57
o 57 49.77
o 56 49.77
o 55 82.05
judgment-aggregation-ja-maxham-preflib-00049-00000540
o 68 0.07
o 65 9.05
o 60 23.02
o 59 23.02
o 58 37.25
o 56 50.32
o 53 77.31
o 51 215.08
judgment-aggregation-ja-maxham-preflib-00049-00000540
o 64 0.08
o 61 0.12
o 55 2.26
o 53 106.52
judgment-aggregation-ja-maxham-preflib-00049-00000540
o 59 0.09
o 57 0.1
o 55 0.34
o 54 85.38
o 51 110.99
judgment-aggregation-ja-maxham-preflib-00049-00000540
o 73 0.09
o 71 0.1
o 69 0.15
o 64 0.23
o 61 9.61
o 59 24.69
o 58 53.77
o 57 115.64
o 52 132.88
judgment-aggregation-ja-maxham-preflib-00049-00000540
o 66 0.08
o 59 10.04
o 56 27.12
o 53 46.51
