judgment-aggregation-ja-maxham-preflib-00049-00000486
o 73 0.07
o 72 0.07
o 71 0.1
o 69 0.1
o 65 0.11
o 63 65.97
o 62 162.01
judgment-aggregation-ja-maxham-preflib-00049-00000486
o 70 0.06
o 69 0.06
o 68 0.08
o 67 0.08
o 63 0.15
o 59 26.09
judgment-aggregation-ja-maxham-preflib-00049-00000486
o 70 0.07
o 69 0.11
o 68 0.11
o 64 8.45
o 61 153.5
judgment-aggregation-ja-maxham-preflib-00049-00000486
o 66 0.07
o 65 0.07
o 63 8.51
o 61 104.23
o 60 143.3
judgment-aggregation-ja-maxham-preflib-00049-00000486
o 65 0.07
o 64 0.08
o 63 0.1
o 62 0.17
o 61 146.2
judgment-aggregation-ja-maxham-preflib-00049-00000486
o 72 0.08
o 71 0.08
o 69 0.08
o 63 0.15
o 62 143.46
judgment-aggregation-ja-maxham-preflib-00049-00000486
o 65 0.06
o 64 97.64
o 62 153.11
o 61 190.88
judgment-aggregation-ja-maxham-preflib-00049-00000486
o 73 0.06
o 67 0.11
o 66 0.15
o 61 47.99
judgment-aggregation-ja-maxham-preflib-00049-00000486
o 75 0.07
o 74 0.07
o 66 0.18
o 63 0.58
o 62 172.82
o 60 186.43
judgment-aggregation-ja-maxham-preflib-00049-00000486
o 71 0.08
o 70 0.08
o 67 0.09
o 60 8.66
