min-fill-MinFill_R3_miles1000
o 1852 1.57
o 1689 227.16
min-fill-MinFill_R3_miles1000
o 2992 2.45
o 2745 20.91
o 1801 40.16
o 1563 252.87
o 1562 252.87
o 1561 252.87
o 1560 252.87
o 1559 252.87
o 1558 252.87
o 1557 252.87
o 1556 252.87
min-fill-MinFill_R3_miles1000
o 2329 2.08
o 2155 21.43
o 1962 37.76
o 1677 76.11
o 1277 143.38
min-fill-MinFill_R3_miles1000
o 2473 2.09
o 2359 18.09
o 2089 94.48
o 1692 227.47
o 1495 272.96
min-fill-MinFill_R3_miles1000
o 1919 1.64
o 1503 22.22
o 1502 22.22
o 1501 22.22
o 1500 22.22
o 1499 22.22
min-fill-MinFill_R3_miles1000
o 2097 1.67
o 1840 16.69
o 1573 240.56
min-fill-MinFill_R3_miles1000
o 3344 2.28
o 2611 16.92
o 2024 33.09
o 1254 132.64
min-fill-MinFill_R3_miles1000
o 2255 1.67
o 2184 111.06
o 1555 128.48
o 1214 291.21
min-fill-MinFill_R3_miles1000
o 3565 1.98
o 2202 23.51
o 2096 75.68
o 1741 282.98
min-fill-MinFill_R3_miles1000
o 1604 1.77
o 1572 45.6
o 1429 70.7
