optimizing-BDDs-mushroom-un-wcnf_incomplete_improved_1_2019_5
o 340 7.26
optimizing-BDDs-mushroom-un-wcnf_incomplete_improved_1_2019_5
o 2112 11.31
o 1800 53.64
o 800 194.2
optimizing-BDDs-mushroom-un-wcnf_incomplete_improved_1_2019_5
o 1636 10.86
o 1112 200.48
optimizing-BDDs-mushroom-un-wcnf_incomplete_improved_1_2019_5
o 1348 7.9
o 748 121.65
o 496 186.63
optimizing-BDDs-mushroom-un-wcnf_incomplete_improved_1_2019_5
o 1270 2.27
o 914 2.27
o 404 281.75
optimizing-BDDs-mushroom-un-wcnf_incomplete_improved_1_2019_5
o 348 6.89
optimizing-BDDs-mushroom-un-wcnf_incomplete_improved_1_2019_5
o 664 4.98
o 388 75.09
optimizing-BDDs-mushroom-un-wcnf_incomplete_improved_1_2019_5
o 892 7.02
optimizing-BDDs-mushroom-un-wcnf_incomplete_improved_1_2019_5
o 696 15.55
optimizing-BDDs-mushroom-un-wcnf_incomplete_improved_1_2019_5
o 1276 12.21
o 252 15.04
