MinimumWeightDominatingSetProblem-channel-500x100x100-b050
o 33348213 57.5
o 33348188 57.58
o 33348168 57.59
o 33348098 57.6
MinimumWeightDominatingSetProblem-channel-500x100x100-b050
o 33357348 69.74
o 33357274 69.81
o 33357197 69.81
MinimumWeightDominatingSetProblem-channel-500x100x100-b050
o 33336431 55.68
MinimumWeightDominatingSetProblem-channel-500x100x100-b050
o 33387341 59.93
MinimumWeightDominatingSetProblem-channel-500x100x100-b050
o 33376422 69.39
MinimumWeightDominatingSetProblem-channel-500x100x100-b050
o 33345299 69.85
o 33345225 69.95
MinimumWeightDominatingSetProblem-channel-500x100x100-b050
o 33348185 69.37
MinimumWeightDominatingSetProblem-channel-500x100x100-b050
o 33338141 109.96
MinimumWeightDominatingSetProblem-channel-500x100x100-b050
o 33378817 62.12
MinimumWeightDominatingSetProblem-channel-500x100x100-b050
o 33345503 60.58
