relational-inference-pa-1
o 12880 4.24
o 10477 55.89
o 9048 55.9
o 8305 55.9
o 8277 55.9
o 8135 55.91
o 7907 55.91
o 7870 55.93
o 7838 55.95
o 7821 55.96
o 7783 55.96
o 7745 55.96
o 7715 56.03
o 7712 56.07
o 7612 56.25
o 7429 56.29
o 7276 56.3
o 7223 198.84
o 7222 198.86
o 7199 198.86
o 7179 198.86
o 7141 198.86
o 7116 198.94
o 7115 198.97
o 7108 198.97
o 7101 198.97
o 7094 198.98
o 7087 198.98
o 7070 198.99
o 6979 199.04
o 6936 232.18
o 6821 232.18
o 6621 232.19
o 6597 232.19
o 6566 232.19
o 6559 232.19
o 6511 232.19
o 6504 232.19
o 6459 232.2
o 6397 232.2
o 6342 232.2
o 6312 232.2
o 6305 232.2
o 6286 232.3
o 6199 232.3
relational-inference-pa-1
o 11129 4.64
o 9506 62.38
o 9378 62.38
o 9371 62.39
o 9364 62.39
o 9274 62.43
o 9246 62.44
o 9208 62.48
o 9185 62.48
o 9178 62.48
o 9140 62.49
o 9102 62.49
o 9057 62.51
o 8990 62.52
o 8818 62.52
o 8777 91.21
o 8769 91.32
o 8699 117.01
o 8243 117.01
o 8052 117.02
o 7719 117.02
o 7577 117.02
o 7514 117.04
o 7486 117.05
o 7479 117.05
o 7478 117.09
o 7440 117.09
o 7377 117.1
o 7327 117.1
o 7289 117.16
o 7282 117.17
o 7183 117.19
o 7161 117.62
o 7131 117.63
relational-inference-pa-1
o 10418 3.31
o 10190 3.31
o 9487 42.16
o 9287 42.16
o 9259 42.17
o 9017 42.17
o 9003 42.17
o 8883 42.17
o 8831 42.18
o 8824 42.18
o 8817 42.18
o 8810 42.18
o 8803 42.18
o 8713 42.18
o 8675 42.19
o 8668 42.19
o 8661 42.19
o 8654 42.19
o 8647 42.19
o 8644 42.24
o 8616 42.25
o 8461 42.29
o 8361 42.34
o 8320 42.35
o 8313 42.35
o 8212 42.36
o 8186 42.36
o 8044 42.37
o 7997 62.52
o 7966 62.52
o 7959 62.52
o 7935 62.54
o 7928 62.55
o 7921 62.55
o 7724 62.65
o 7672 62.65
o 7660 62.65
o 7653 62.65
o 7646 62.66
o 7588 62.76
o 7587 162.1
o 7580 162.1
o 7556 162.1
o 7536 162.11
o 7522 162.21
o 7508 162.21
o 7501 162.22
o 7417 162.67
o 7407 162.67
o 7382 162.68
o 7333 162.68
relational-inference-pa-1
o 10580 5.57
o 10352 5.59
o 9096 74.8
o 8726 74.81
o 8498 74.81
o 8165 74.82
o 8128 74.83
o 8083 74.87
o 8054 74.9
o 8037 74.91
o 7999 74.91
o 7998 75.09
o 7868 75.1
o 7856 75.1
o 7597 75.43
o 7559 75.44
o 7417 75.45
o 7348 75.7
relational-inference-pa-1
o 11277 3.93
o 9795 44.77
o 9739 44.78
o 9711 44.78
o 9455 44.78
o 9313 44.78
o 9085 44.79
o 9083 44.8
o 9080 44.81
o 9026 44.86
o 9019 44.87
o 8977 45.08
o 8835 45.08
o 8828 45.08
o 8817 117.76
o 8582 117.77
o 8447 117.77
o 8440 117.77
o 8396 117.79
o 8358 117.79
o 8217 117.83
o 8189 117.83
o 8151 117.83
o 8047 117.95
o 8020 117.99
o 7989 118.31
o 7982 118.31
o 7949 118.68
o 7875 118.71
o 7817 118.71
o 7727 118.83
o 7634 171.64
o 7631 171.64
o 7593 171.64
o 7577 171.96
o 7460 269.48
o 7439 269.49
relational-inference-pa-1
o 11245 6.43
o 11180 6.45
o 10925 6.45
o 10689 6.45
o 10135 67.66
o 8107 67.68
o 7879 67.69
o 7872 67.7
o 7672 67.7
o 7444 67.71
o 7302 67.71
o 7274 67.72
o 7158 68.36
o 6955 68.37
relational-inference-pa-1
o 10251 4.29
o 10223 4.3
o 10198 56.66
o 9008 56.66
o 8953 56.67
o 8753 56.67
o 8553 56.67
o 8509 56.68
o 8486 56.7
o 8317 56.74
o 8310 56.75
o 8286 56.75
o 8279 56.76
o 8272 56.76
o 8269 56.83
o 8244 56.85
o 8185 56.86
o 8043 56.86
o 7972 56.98
o 7967 56.98
o 7758 57.03
o 7726 57.11
o 7719 57.11
o 7660 203.6
o 7653 203.67
o 7642 203.68
o 7606 203.7
o 7558 203.7
o 7551 203.71
o 7497 203.71
o 7480 203.73
o 7442 203.74
o 7435 203.74
o 7423 260.71
relational-inference-pa-1
o 12906 6.35
o 11493 60.56
o 9822 60.57
o 9134 60.58
o 8927 60.58
o 8920 60.59
o 8913 60.59
o 8906 60.59
o 8899 60.59
o 8757 60.59
o 8750 60.6
o 8743 60.6
o 8736 60.6
o 8735 60.64
o 8707 60.65
o 8700 60.65
o 8672 60.65
o 8624 60.65
o 8617 60.66
o 7535 84.01
o 7500 84.01
o 7358 84.01
o 7357 84.03
o 7330 84.1
o 7320 84.1
o 7317 84.14
o 7300 84.15
o 7293 84.15
o 7261 84.15
o 7259 84.15
o 7252 84.16
o 7243 84.16
o 7205 84.16
o 7198 84.16
o 7174 84.17
o 7130 84.28
o 7037 84.28
o 6909 85.48
o 6902 85.48
o 6895 85.48
relational-inference-pa-1
o 11429 6.27
o 10682 81.46
o 9140 81.48
o 8998 81.52
o 8991 81.53
o 8984 81.54
o 8977 81.54
o 8950 81.65
o 8930 81.68
o 8913 81.69
o 8912 81.7
o 8890 81.74
o 8883 81.75
o 8867 81.77
o 8860 81.78
o 8850 82.88
o 8597 82.89
o 8543 82.89
o 8504 120.24
o 8490 120.24
o 8469 120.25
o 8433 120.28
o 8423 120.28
o 8402 120.29
o 8395 120.29
o 8376 120.31
o 8369 120.32
o 8362 120.32
o 8352 120.33
o 8345 120.33
o 8298 120.4
o 8250 120.4
o 8223 120.56
o 8152 121.12
o 8112 156.72
o 8105 156.72
o 8091 183.64
o 8060 183.64
o 7997 211.83
o 7806 211.83
o 7738 211.86
o 7731 211.86
o 7676 212.04
o 7566 212.05
o 7554 212.1
o 7476 212.14
o 7438 212.15
o 7407 212.15
o 7299 213.14
o 7292 213.15
o 7121 272.46
o 7114 272.47
o 7107 272.47
o 6965 272.47
relational-inference-pa-1
o 10880 5.04
o 9890 62.22
o 9662 62.23
o 8324 62.23
o 8096 62.24
o 7905 62.24
o 7668 62.24
o 7526 62.24
o 7421 62.25
o 7414 62.25
o 7265 62.25
o 7244 62.25
o 7160 62.25
o 7139 62.26
o 7132 62.26
o 7077 62.29
o 7036 62.31
o 7021 219.41
