abstraction-refinement-polysite-avrora
o 170987 20.56
o 155455 20.58
o 150277 20.59
o 150259 20.6
o 119191 20.62
o 119184 20.62
o 108831 20.64
o 108830 20.64
o 98481 20.66
o 98466 20.67
o 98458 20.73
o 98457 20.73
o 98456 20.75
o 98455 20.75
o 98454 20.76
o 82987 20.88
o 82961 21.03
o 82959 21.05
o 77780 21.05
o 77778 21.06
o 77776 21.06
o 77766 21.07
o 77765 21.07
o 77763 21.08
o 77761 21.08
o 77760 21.09
o 72601 21.12
o 72600 21.13
o 72584 21.13
o 72583 21.14
o 67449 21.18
o 67448 21.19
o 67447 21.19
o 67446 21.2
o 67445 21.21
o 67444 21.21
o 67439 21.22
o 62263 21.23
o 62262 21.24
o 57092 21.63
o 57090 21.64
o 57089 21.65
o 57087 21.69
o 57086 21.7
o 57085 21.7
o 57084 21.7
o 57083 21.71
o 57079 21.77
o 57078 21.77
o 57077 22.61
o 57075 22.62
o 51898 22.63
o 51897 22.63
o 51896 24.49
o 51891 25.03
o 51882 26.1
o 51881 26.11
o 51880 35.22
o 51878 37.18
o 51877 37.29
o 51876 37.36
o 51875 45.28
o 51871 51.76
o 51870 51.93
o 51865 51.95
o 51863 52.13
o 51862 53.71
o 51861 60.15
o 51860 60.18
o 51859 60.23
o 51857 60.24
abstraction-refinement-polysite-avrora
o 160659 14.43
o 134770 14.44
o 119205 14.46
o 114023 14.46
o 114018 14.47
o 114015 14.48
o 114007 14.48
o 103656 14.49
o 103654 14.5
o 103653 14.5
o 103652 14.5
o 98482 14.51
o 98479 14.51
o 98477 14.52
o 98473 14.52
o 98470 14.53
o 77833 14.64
o 77799 14.65
o 77795 14.65
o 77792 14.66
o 77791 14.66
o 77780 14.66
o 77778 14.67
o 77777 14.67
o 77776 14.67
o 77775 14.67
o 77773 14.68
o 77772 14.68
o 67417 14.69
o 62292 14.83
o 62259 14.84
o 62258 14.84
o 62254 14.84
o 62248 14.85
o 62238 14.99
o 62237 14.99
o 62236 14.99
o 57059 15.21
o 51887 15.32
o 51886 15.34
o 51884 15.36
o 51880 16.27
o 51877 16.33
o 51876 30.65
o 51875 30.66
o 51874 30.73
o 51873 30.74
o 51872 33.75
o 51871 34.1
o 51870 35.22
o 51867 35.36
o 51866 36.56
o 51865 44.58
o 51864 44.64
o 51862 44.66
o 51861 44.67
o 51860 230.24
o 51859 230.27
abstraction-refinement-polysite-avrora
o 165804 17.15
o 150269 17.16
o 134726 17.17
o 129543 17.18
o 114013 17.19
o 114012 17.19
o 114003 17.19
o 108825 17.2
o 98478 17.21
o 98477 17.22
o 98475 17.22
o 98473 17.22
o 98472 17.23
o 98471 17.23
o 98468 17.23
o 98467 17.24
o 98466 17.25
o 98465 17.25
o 82988 17.31
o 77811 17.32
o 77778 17.32
o 77777 17.33
o 77773 17.33
o 77772 17.33
o 77765 17.34
o 77764 17.34
o 77763 17.34
o 77762 17.34
o 77761 17.34
o 77760 17.35
o 77757 17.35
o 72614 17.58
o 72613 17.59
o 72611 17.59
o 72590 17.59
o 67414 17.6
o 67413 17.6
o 67412 17.61
o 62240 17.63
o 62239 17.63
o 62236 17.63
o 62235 17.63
o 62234 17.64
o 62233 17.64
o 57073 17.79
o 57071 17.8
o 57070 17.81
o 57069 17.81
o 57068 17.81
o 57065 17.83
o 57064 17.89
o 57063 17.9
o 57062 17.9
o 57061 17.97
o 57059 18.29
o 51886 18.34
o 51884 18.34
o 51882 18.34
o 51881 18.39
o 51879 18.39
o 51876 18.4
o 51875 18.62
o 51874 18.63
o 51873 18.71
o 51872 20.79
o 51871 20.79
o 51870 20.79
o 51863 40.79
o 51862 99.05
o 51861 99.45
o 51859 100
o 51858 100.02
abstraction-refinement-polysite-avrora
o 165805 14.1
o 134738 14.11
o 134722 14.12
o 114011 14.13
o 114004 14.15
o 114003 14.15
o 114002 14.15
o 113991 14.16
o 108813 14.17
o 103637 14.18
o 103635 14.18
o 103630 14.18
o 98453 14.19
o 98451 14.19
o 98450 14.19
o 88170 14.29
o 88169 14.3
o 82994 14.3
o 82956 14.31
o 82955 14.31
o 82951 14.31
o 77774 14.32
o 77773 14.32
o 77772 14.32
o 77764 14.32
o 77761 14.32
o 77759 14.33
o 72585 14.34
o 72584 14.35
o 72582 14.35
o 72581 14.35
o 72580 14.35
o 67455 14.47
o 67424 14.47
o 67422 14.49
o 67420 14.49
o 67419 14.49
o 67417 14.5
o 67416 14.5
o 62240 14.5
o 62238 14.51
o 62237 14.51
o 62236 14.52
o 62235 14.52
o 62234 14.52
o 57060 14.9
o 57059 14.9
o 57058 14.9
o 51906 15.07
o 51905 15.09
o 51904 15.12
o 51902 15.25
o 51901 15.26
o 51898 15.27
o 51897 15.27
o 51876 16.01
o 51871 16.01
o 51870 16.02
o 51866 17.96
o 51865 56.26
o 51864 56.27
o 51863 56.27
o 51862 56.27
o 51860 56.8
o 51859 56.81
o 51858 57
o 51857 238.5
o 51856 238.52
o 51855 238.53
o 51854 238.54
abstraction-refinement-polysite-avrora
o 160646 15.05
o 150289 15.07
o 150269 15.08
o 139920 15.08
o 108855 15.09
o 108848 15.09
o 108844 15.1
o 108841 15.1
o 103667 15.1
o 103657 15.11
o 103654 15.11
o 103653 15.12
o 98479 15.12
o 93316 15.15
o 93315 15.16
o 93314 15.17
o 93313 15.17
o 72674 15.22
o 72673 15.22
o 72634 15.22
o 72632 15.22
o 72629 15.3
o 72620 15.31
o 72618 15.31
o 72616 15.33
o 72615 15.33
o 72611 15.33
o 72608 15.34
o 72607 15.34
o 72606 15.35
o 72604 15.35
o 72603 15.35
o 72601 15.36
o 67441 15.36
o 67425 15.36
o 67424 15.37
o 67423 15.37
o 62245 15.38
o 62244 15.55
o 62243 15.55
o 62240 15.57
o 62239 15.57
o 62238 15.58
o 57083 15.72
o 57082 15.73
o 51908 15.96
o 51904 16.09
o 51903 16.42
o 51902 16.43
o 51901 16.43
o 51895 16.58
o 51893 17.71
o 51892 17.72
o 51891 17.72
o 51890 17.72
o 51889 17.74
o 51887 17.77
o 51885 17.77
o 51882 17.8
o 51881 17.8
o 51880 17.83
o 51879 18.03
o 51875 18.56
o 51873 39.22
o 51872 39.23
o 51869 39.28
o 51868 40.43
o 51867 41.19
o 51866 42
o 51865 42
o 51864 42.4
o 51863 42.63
o 51862 42.63
abstraction-refinement-polysite-avrora
o 160639 17.8
o 129572 17.81
o 108848 17.83
o 108833 17.84
o 108832 17.84
o 108830 17.85
o 103661 17.85
o 103655 17.86
o 103644 17.87
o 103643 17.88
o 103641 17.89
o 103640 17.89
o 103639 17.89
o 98461 17.9
o 93282 17.9
o 93278 17.91
o 88110 17.98
o 88109 17.99
o 88107 17.99
o 82927 18
o 72616 18
o 72589 18.01
o 72588 18.01
o 72587 18.02
o 72582 18.02
o 72580 18.02
o 72579 18.03
o 72571 18.03
o 72570 18.03
o 67420 18.2
o 62242 18.2
o 62240 18.37
o 62238 18.38
o 62236 18.38
o 57064 18.53
o 57058 18.58
o 57051 18.84
o 51876 19.01
o 51873 19.03
o 51871 19.14
o 51870 19.29
o 51869 19.29
o 51866 23.8
o 51865 30.29
o 51864 30.31
o 51863 134.21
abstraction-refinement-polysite-avrora
o 165796 12.04
o 145075 12.05
o 98488 12.08
o 98481 12.09
o 98476 12.09
o 98473 12.09
o 98470 12.1
o 98469 12.1
o 98467 12.11
o 98465 12.11
o 98464 12.12
o 98463 12.13
o 98462 12.13
o 98461 12.13
o 98460 12.14
o 98458 12.19
o 77805 12.2
o 77804 12.34
o 77803 12.34
o 77802 12.34
o 77798 12.35
o 67445 12.37
o 67444 12.37
o 62294 12.38
o 62268 12.38
o 62267 12.44
o 62265 12.46
o 62264 12.46
o 62263 12.53
o 62262 12.53
o 62261 12.55
o 62260 12.55
o 57085 12.59
o 51909 12.66
o 51908 12.7
o 51907 12.7
o 51903 12.96
o 51902 12.98
o 51885 13.19
o 51884 13.19
o 51881 13.22
o 51880 13.22
o 51879 24.18
o 51878 41.2
o 51877 41.2
o 51876 41.21
o 51875 41.21
o 51874 41.27
o 51873 41.35
o 51872 41.36
o 51871 51.06
o 51870 51.13
o 51869 51.14
o 51868 51.14
o 51867 54.01
o 51866 54.01
o 51864 54.06
o 51863 54.06
o 51862 162.56
o 51859 162.62
o 51858 162.62
o 51857 162.64
abstraction-refinement-polysite-avrora
o 181328 18.15
o 160615 18.17
o 155437 18.17
o 150251 18.18
o 119183 18.19
o 119181 18.2
o 114003 18.21
o 114002 18.22
o 103647 18.25
o 103638 18.26
o 98460 18.27
o 98459 18.28
o 98458 18.28
o 98456 18.29
o 77814 18.37
o 77813 18.38
o 77777 18.38
o 77776 18.39
o 77773 18.4
o 77772 18.4
o 77771 18.41
o 77769 18.41
o 77763 18.42
o 77762 18.43
o 77759 18.44
o 77758 18.46
o 72636 18.73
o 72632 18.73
o 72629 18.74
o 72628 18.75
o 72621 18.85
o 72615 18.85
o 72614 18.85
o 72613 18.86
o 72611 18.86
o 67437 18.87
o 62259 18.88
o 57087 19.44
o 57067 19.67
o 57065 19.67
o 57064 19.68
o 57063 19.69
o 57062 19.69
o 57061 19.7
o 57060 19.71
o 57059 19.72
o 57058 19.76
o 57057 19.77
o 51879 19.82
o 51878 19.85
o 51877 19.85
o 51876 19.9
o 51875 19.9
o 51874 23.47
o 51864 23.66
o 51863 79.59
o 51862 84.33
o 51861 84.34
o 51860 180.87
abstraction-refinement-polysite-avrora
o 170988 15.71
o 145080 15.72
o 139902 15.73
o 139894 15.73
o 129546 15.73
o 124365 15.75
o 108826 15.76
o 108823 15.76
o 108822 15.76
o 103656 15.78
o 103654 15.78
o 103651 15.79
o 98476 15.8
o 98474 15.81
o 98473 15.81
o 98472 15.82
o 98471 15.82
o 98470 15.82
o 98468 15.83
o 98467 15.83
o 98465 15.83
o 98464 15.84
o 98463 15.85
o 98462 15.85
o 98461 15.85
o 98460 15.86
o 93320 15.94
o 93318 15.94
o 93317 15.95
o 93311 15.95
o 93308 15.96
o 93307 15.96
o 93306 15.97
o 93304 15.97
o 93303 15.97
o 83002 15.98
o 83001 15.98
o 77802 16.11
o 77789 16.11
o 72643 16.18
o 72622 16.19
o 72621 16.19
o 72620 16.19
o 67442 16.2
o 67441 16.27
o 67440 16.27
o 62266 16.28
o 62265 16.28
o 62264 16.28
o 62263 16.52
o 62262 16.52
o 62261 16.52
o 62259 16.52
o 62258 16.53
o 57080 16.54
o 57067 16.63
o 51910 17.06
o 51907 17.09
o 51906 17.1
o 51903 17.24
o 51902 17.24
o 51901 17.25
o 51900 17.35
o 51891 17.43
o 51889 17.43
o 51888 19.14
o 51887 19.14
o 51885 19.14
o 51884 19.15
o 51882 19.15
o 51872 19.46
o 51871 20.47
o 51870 21.22
o 51868 44.96
o 51867 44.96
o 51866 61.84
o 51864 61.91
o 51863 61.91
o 51862 64.12
o 51861 64.25
o 51860 156.07
o 51859 156.15
o 51858 241.42
abstraction-refinement-polysite-avrora
o 165802 15.61
o 129542 15.62
o 129541 15.62
o 129536 15.63
o 119184 15.64
o 114005 15.65
o 114002 15.66
o 113995 15.67
o 98471 15.69
o 98470 15.69
o 98469 15.7
o 98467 15.71
o 98464 15.71
o 98463 15.76
o 93291 15.78
o 93289 15.78
o 88122 15.82
o 88120 15.83
o 88119 15.83
o 88118 15.84
o 88116 15.84
o 77822 15.95
o 77815 15.95
o 77789 15.96
o 77788 15.97
o 77786 15.97
o 77785 15.97
o 77784 15.98
o 77777 15.98
o 77775 15.99
o 77774 15.99
o 77773 16
o 72596 16
o 72595 16.01
o 72594 16.01
o 72591 16.31
o 72588 16.32
o 72587 16.32
o 72585 16.32
o 67407 16.33
o 67406 16.33
o 62229 16.36
o 57085 16.74
o 57084 16.83
o 57083 16.83
o 51928 16.88
o 51927 16.9
o 51925 16.92
o 51924 17.61
o 51921 17.62
o 51919 17.62
o 51915 17.65
o 51914 17.65
o 51912 17.7
o 51911 17.88
o 51910 17.88
o 51909 18.01
o 51908 18.01
o 51907 18.05
o 51906 18.06
o 51905 18.06
o 51898 18.17
o 51897 18.17
o 51890 18.24
o 51882 18.27
o 51881 19.17
o 51880 19.22
o 51879 19.22
o 51878 19.32
o 51875 20.75
o 51873 20.8
o 51872 40.31
o 51871 40.47
o 51870 40.49
o 51869 40.52
o 51868 40.53
o 51867 98.68
o 51865 98.79
o 51864 106.93
o 51863 107
o 51862 107.03
o 51861 111.04
o 51860 243.28
