decision-tree-primary-tumor-un-formula_0.8_2021_atleast_127_max-6_reduced_incomplete_adaboost_2
o 167 1.85
o 117 1.89
o 116 3.05
o 113 4.38
o 110 269.94
decision-tree-primary-tumor-un-formula_0.8_2021_atleast_127_max-6_reduced_incomplete_adaboost_2
o 121 1.92
o 120 1.96
o 117 2.08
o 110 3.5
decision-tree-primary-tumor-un-formula_0.8_2021_atleast_127_max-6_reduced_incomplete_adaboost_2
o 120 1.82
o 116 1.86
o 112 10.09
decision-tree-primary-tumor-un-formula_0.8_2021_atleast_127_max-6_reduced_incomplete_adaboost_2
o 120 1.65
o 117 2.92
o 115 75.7
decision-tree-primary-tumor-un-formula_0.8_2021_atleast_127_max-6_reduced_incomplete_adaboost_2
o 120 1.91
o 117 5.7
o 115 88.85
o 112 122.33
decision-tree-primary-tumor-un-formula_0.8_2021_atleast_127_max-6_reduced_incomplete_adaboost_2
o 137 1.96
o 117 1.97
o 112 3.09
o 110 247.51
decision-tree-primary-tumor-un-formula_0.8_2021_atleast_127_max-6_reduced_incomplete_adaboost_2
o 121 1.76
o 120 1.77
o 118 2.77
o 112 3.4
o 110 112.14
o 107 113.49
decision-tree-primary-tumor-un-formula_0.8_2021_atleast_127_max-6_reduced_incomplete_adaboost_2
o 117 2.31
o 115 37.62
o 110 72.46
decision-tree-primary-tumor-un-formula_0.8_2021_atleast_127_max-6_reduced_incomplete_adaboost_2
o 121 1.91
o 120 2
o 111 2.17
decision-tree-primary-tumor-un-formula_0.8_2021_atleast_127_max-6_reduced_incomplete_adaboost_2
o 121 1.86
o 120 1.99
o 117 2.21
o 114 91.72
o 112 182.42
