MinimumWeightDominatingSetProblem-hugebubbles-00020
o 588544429 97.72
o 588540726 310
MinimumWeightDominatingSetProblem-hugebubbles-00020
o 588412173 83.32
MinimumWeightDominatingSetProblem-hugebubbles-00020
o 588404049 90.14
MinimumWeightDominatingSetProblem-hugebubbles-00020
o 588436153 89.17
MinimumWeightDominatingSetProblem-hugebubbles-00020
o 588492579 86.17
MinimumWeightDominatingSetProblem-hugebubbles-00020
o 588530850 82.35
o 588448104 291.09
MinimumWeightDominatingSetProblem-hugebubbles-00020
o 588573312 96.1
MinimumWeightDominatingSetProblem-hugebubbles-00020
o 588539482 82.39
o 588508627 184.16
MinimumWeightDominatingSetProblem-hugebubbles-00020
o 588611493 91.78
o 588551977 201.41
o 588403807 289.02
MinimumWeightDominatingSetProblem-hugebubbles-00020
o 588659513 72.87
o 588484508 152.46
o 588478825 221.15
