ParametricRBACMaintenance_mse20-role_domino_multiple_0.6_8
o 435238 1.42
o 433145 1.48
o 370601 1.52
o 370580 1.52
o 369421 1.6
o 367084 1.7
o 343625 1.73
o 337030 1.73
o 329767 1.77
o 323407 1.93
o 323386 1.93
o 322842 2.01
o 309280 2.13
o 309060 2.13
o 289263 2.14
o 286339 2.46
o 261851 2.48
o 260823 2.86
o 256380 2.87
o 256359 2.87
o 244952 3.77
o 242513 4.18
o 242500 4.18
o 242398 4.18
o 228371 4.37
o 225975 4.38
o 222312 4.46
o 222034 4.46
o 222005 4.46
o 221992 4.46
o 221501 4.46
o 214694 4.46
o 213502 6.63
o 213418 6.63
o 210222 6.65
o 203659 6.65
o 203487 6.66
o 201990 6.68
o 201969 6.68
o 195030 6.68
o 194795 6.69
o 188219 6.69
o 188046 6.74
o 181422 6.81
o 181412 6.81
o 181404 6.81
o 174414 7.19
o 174359 7.19
o 173704 7.59
o 173696 7.59
o 166815 7.9
o 166737 7.92
o 166633 8.83
o 166620 8.83
o 160129 9.7
o 160105 9.7
o 160084 9.7
o 160050 9.7
o 159935 15.94
o 159901 15.94
o 159889 15.99
o 159871 15.99
o 159803 32.2
ParametricRBACMaintenance_mse20-role_domino_multiple_0.6_8
o 370744 1.46
o 366454 1.7
o 356685 1.73
o 356406 1.76
o 344739 1.78
o 339912 1.92
o 333336 1.92
o 304383 2.04
o 297799 2.04
o 297778 2.04
o 293028 2.17
o 288653 2.2
o 288640 2.2
o 286798 2.74
o 272844 2.86
o 272789 2.86
o 266197 2.86
o 260025 3.4
o 256916 4.4
o 246765 5.83
o 245261 6.45
o 244703 6.46
o 244674 6.46
o 244653 6.46
o 244317 6.46
o 244115 6.46
o 244107 6.46
o 232388 8.28
o 225804 8.28
o 225166 9.96
o 219975 9.97
o 219954 9.97
o 219396 10.18
o 219375 10.18
o 213169 10.33
o 212753 10.33
o 208713 10.37
o 208692 10.37
o 199705 10.43
o 195980 10.7
o 195712 10.71
o 195261 10.78
o 188727 10.78
o 187958 10.78
o 187855 10.79
o 187759 10.79
o 182709 10.88
o 182454 10.88
o 182152 10.88
o 182122 10.89
o 182059 10.89
o 175409 10.92
o 175396 10.92
o 175340 10.92
o 167872 10.98
o 167193 12.54
o 167180 12.54
o 160269 13.8
o 160244 15.21
o 160229 15.26
o 160208 15.27
o 160192 24.87
o 160187 24.87
o 160012 26.95
o 160001 27.21
o 159978 27.25
o 159952 27.25
o 159939 27.25
o 159909 27.71
o 159896 27.71
o 159893 32.27
o 159890 32.35
o 159870 40.26
o 159862 40.36
o 159849 169.26
o 159841 169.29
o 159798 260.16
ParametricRBACMaintenance_mse20-role_domino_multiple_0.6_8
o 390425 1.29
o 390404 1.3
o 367031 1.5
o 358249 1.52
o 352393 1.54
o 342539 1.61
o 340630 1.65
o 312028 1.7
o 311887 1.71
o 311874 1.71
o 311853 1.71
o 311624 2.19
o 305069 2.19
o 285256 2.22
o 278766 2.23
o 278753 2.23
o 275696 2.47
o 275604 2.47
o 273848 2.47
o 268078 3.19
o 265697 3.21
o 260478 3.25
o 255329 3.51
o 252834 3.58
o 248364 4.33
o 245454 4.61
o 228388 4.92
o 228286 5.99
o 228171 5.99
o 225236 6.01
o 218604 6.02
o 199962 7.72
o 196410 8.04
o 196360 8.04
o 196355 8.04
o 196334 8.04
o 196273 8.04
o 195956 8.04
o 195870 8.05
o 195724 8.06
o 195703 8.06
o 187411 8.47
o 167123 8.59
o 161450 9.28
o 161442 9.28
o 160971 10.25
o 160963 10.25
o 160063 12.51
o 160000 12.52
o 159950 12.53
o 159916 12.53
o 159893 24.07
o 159880 24.07
o 159867 24.07
o 159854 24.08
o 159849 24.08
o 159838 41.33
o 159829 214.02
ParametricRBACMaintenance_mse20-role_domino_multiple_0.6_8
o 434309 1.24
o 413204 1.28
o 397362 1.3
o 372377 1.37
o 355345 1.38
o 355324 1.38
o 347887 1.4
o 346453 1.48
o 345918 1.6
o 343437 1.65
o 343416 1.65
o 330135 1.65
o 330114 1.65
o 310181 1.67
o 305737 1.7
o 305705 1.72
o 286958 1.77
o 280382 1.77
o 277886 2
o 273348 2.1
o 273335 2.1
o 269284 2.11
o 268203 2.71
o 267243 2.73
o 257946 2.79
o 257933 2.79
o 257429 2.79
o 250866 2.79
o 238410 3.33
o 237369 3.67
o 232912 5.19
o 227795 6.37
o 226506 6.39
o 220600 6.47
o 218517 6.48
o 218076 6.48
o 218055 6.48
o 218034 6.48
o 218013 6.48
o 217992 6.48
o 217971 6.48
o 217950 6.48
o 217929 6.48
o 217908 6.48
o 217887 6.48
o 217866 6.48
o 210052 6.54
o 200163 6.56
o 200155 6.56
o 200037 6.56
o 196942 6.8
o 196921 6.81
o 196900 6.81
o 196879 6.81
o 196858 6.81
o 196837 6.81
o 196816 6.81
o 196795 6.81
o 196774 6.81
o 196753 6.81
o 196732 6.81
o 190109 6.96
o 183658 7.22
o 182196 7.22
o 181052 7.36
o 180942 7.36
o 180929 7.36
o 180727 7.38
o 174158 7.42
o 167587 7.42
o 167574 7.42
o 167519 7.43
o 167018 8.22
o 166882 8.24
o 166869 8.24
o 166811 8.24
o 166730 8.47
o 166717 8.47
o 166709 8.47
o 166662 8.48
o 166597 8.48
o 160832 8.61
o 160819 8.61
o 160806 8.61
o 160793 8.61
o 160152 9.36
o 160139 9.37
o 160081 30.67
o 160068 30.68
o 160063 30.69
o 160041 30.8
o 159917 45.48
o 159868 130.55
o 159855 130.55
o 159829 130.55
o 159816 130.55
ParametricRBACMaintenance_mse20-role_domino_multiple_0.6_8
o 410467 1.33
o 401702 1.42
o 368901 1.44
o 337506 1.48
o 323050 1.67
o 307881 1.67
o 307868 1.67
o 299145 1.75
o 295802 2.21
o 295624 2.21
o 288226 2.37
o 288171 2.37
o 281608 2.37
o 271977 2.41
o 271893 2.41
o 266544 2.43
o 264411 2.9
o 263523 2.92
o 259049 3.05
o 257063 3.15
o 257050 3.15
o 253693 3.17
o 253672 3.17
o 253545 3.17
o 242316 4.15
o 242295 4.15
o 232399 5.79
o 229289 5.86
o 221233 6.42
o 215823 7.4
o 209302 7.4
o 208006 7.45
o 207993 7.45
o 205753 7.58
o 200116 7.68
o 200103 7.68
o 200095 7.68
o 197549 7.97
o 197541 7.97
o 197497 7.97
o 197434 7.97
o 197430 7.97
o 197198 8.05
o 196510 8.05
o 196455 8.06
o 190115 8.19
o 190102 8.19
o 190065 8.19
o 189885 8.2
o 189664 8.2
o 189651 8.2
o 183088 8.2
o 182917 8.2
o 182914 8.2
o 182825 8.21
o 182817 8.21
o 182754 8.21
o 182657 8.23
o 181262 8.95
o 181257 8.95
o 181249 8.95
o 181236 8.95
o 181215 8.95
o 181202 8.95
o 181189 8.95
o 181111 8.95
o 181109 8.95
o 181021 8.95
o 181008 8.95
o 180388 8.96
o 180008 9.41
o 179979 9.41
o 179953 9.82
o 179940 9.82
o 173748 9.87
o 173735 9.87
o 173645 9.89
o 173637 9.89
o 173590 10.73
o 173551 10.73
o 173520 10.73
o 173494 10.74
o 173484 10.74
o 173463 10.75
o 173437 10.76
o 167093 10.84
o 166561 12.7
o 166493 12.76
o 159912 12.8
o 159811 80.96
o 159803 80.96
ParametricRBACMaintenance_mse20-role_domino_multiple_0.6_8
o 379938 1.28
o 372203 1.43
o 365598 1.43
o 338956 1.48
o 338943 1.48
o 332862 1.5
o 332841 1.5
o 327346 1.6
o 317972 1.62
o 306385 1.85
o 287921 1.86
o 280857 1.86
o 280244 2.24
o 273660 2.24
o 267603 2.26
o 248770 3.03
o 241423 3.04
o 241410 3.04
o 236922 3.06
o 232536 3.18
o 229136 5.43
o 223559 7.05
o 216809 7.06
o 216717 7.08
o 214772 7.08
o 214743 7.08
o 214575 7.08
o 212798 7.08
o 212790 7.08
o 212777 7.08
o 212727 7.08
o 200184 7.42
o 200142 7.42
o 200118 7.43
o 200076 7.43
o 200063 7.43
o 199976 7.43
o 199934 7.43
o 199913 7.43
o 192213 7.49
o 192079 7.49
o 191974 7.5
o 191919 7.5
o 191622 7.5
o 191609 7.5
o 191596 7.5
o 191442 7.53
o 182062 7.68
o 182023 7.68
o 182015 7.68
o 181994 7.68
o 181973 7.68
o 181952 7.68
o 181931 7.68
o 181910 7.68
o 181889 7.68
o 181868 7.68
o 181862 7.68
o 181849 7.68
o 181836 7.68
o 181823 7.68
o 181810 7.68
o 181797 7.68
o 181784 7.68
o 181771 7.68
o 181721 7.68
o 181695 7.68
o 181528 7.68
o 181515 7.68
o 181502 7.68
o 181489 7.68
o 181476 7.68
o 181463 7.68
o 181450 7.68
o 181415 7.68
o 181389 7.68
o 181376 7.68
o 181271 7.69
o 181211 7.69
o 181072 7.69
o 180957 7.69
o 180926 7.7
o 180871 7.71
o 180850 7.71
o 174107 7.77
o 174008 7.88
o 174005 7.88
o 173945 7.88
o 173880 9.68
o 173867 9.68
o 173737 9.76
o 173724 9.76
o 173607 9.76
o 173563 9.77
o 166972 9.84
o 166951 9.84
o 166930 9.84
o 166909 9.84
o 166896 9.84
o 166841 9.84
o 166737 9.84
o 166724 9.84
o 160793 10.1
o 160708 13.78
o 160031 20.85
o 159889 26.35
o 159876 26.35
o 159845 46.16
o 159832 46.16
o 159819 46.16
o 159806 46.16
o 159801 46.16
o 159785 46.16
ParametricRBACMaintenance_mse20-role_domino_multiple_0.6_8
o 366670 1.28
o 348614 1.42
o 325640 1.52
o 308134 1.57
o 308121 1.57
o 301218 1.73
o 262275 1.9
o 262225 1.91
o 260825 2.18
o 252054 2.68
o 251859 3.63
o 243194 3.83
o 242799 3.84
o 242545 4.92
o 241991 4.92
o 237507 4.98
o 237110 4.98
o 237089 4.98
o 237068 4.98
o 237047 4.98
o 226611 6.69
o 226559 6.73
o 224108 7.12
o 223961 7.12
o 223948 7.12
o 223927 7.12
o 223919 7.13
o 223906 7.13
o 223898 7.13
o 223885 7.13
o 218507 7.33
o 218499 7.33
o 211968 7.4
o 211534 7.46
o 210087 8.17
o 210074 8.17
o 192722 8.31
o 192604 8.31
o 192582 8.32
o 192553 8.32
o 185964 8.32
o 185951 8.32
o 170668 8.67
o 170647 8.67
o 166895 8.96
o 166832 8.97
o 161599 11.35
o 160016 14.27
o 160008 14.27
o 159945 169.64
o 159943 236.87
o 159910 244.96
ParametricRBACMaintenance_mse20-role_domino_multiple_0.6_8
o 365684 1.2
o 356889 1.32
o 356868 1.32
o 344890 1.35
o 341291 1.47
o 336723 1.5
o 311518 1.52
o 299796 1.69
o 287460 1.71
o 280847 1.71
o 267602 1.72
o 267581 1.72
o 263497 2.27
o 250400 2.27
o 244342 2.34
o 242967 3.19
o 242946 3.19
o 236391 3.2
o 236373 3.2
o 235306 3.21
o 228950 5.19
o 228036 6.6
o 216422 6.76
o 213949 6.85
o 213881 6.86
o 210473 7.08
o 197868 7.18
o 197732 7.18
o 197369 7.18
o 197348 7.18
o 197205 7.18
o 196778 7.19
o 196715 7.19
o 196421 7.19
o 190563 7.24
o 190521 7.24
o 190504 7.25
o 190491 7.25
o 190465 7.26
o 190334 7.27
o 190313 7.27
o 184718 7.35
o 184697 7.35
o 184676 7.35
o 184655 7.35
o 184634 7.35
o 184613 7.35
o 184592 7.35
o 184571 7.35
o 184550 7.35
o 184529 7.35
o 184508 7.35
o 184487 7.35
o 184466 7.35
o 184445 7.35
o 184424 7.35
o 184403 7.35
o 184382 7.35
o 184361 7.35
o 184340 7.35
o 184319 7.35
o 184298 7.35
o 184277 7.35
o 184256 7.35
o 183983 7.35
o 182380 7.45
o 182035 7.46
o 175505 7.49
o 175379 7.49
o 175316 7.49
o 175257 7.49
o 174990 8.37
o 174922 8.37
o 174835 8.49
o 174771 8.5
o 174543 8.51
o 173498 9.15
o 173482 9.15
o 173448 9.17
o 173440 9.17
o 173381 9.19
o 166883 9.71
o 166705 9.71
o 166513 11.86
o 166500 11.86
o 166443 11.86
o 166409 11.86
o 166346 11.88
o 166333 11.88
o 160078 13.73
o 160059 32.41
o 160007 32.41
o 159936 37.38
o 159923 37.38
o 159871 37.38
o 159853 37.38
o 159840 37.38
o 159819 37.38
ParametricRBACMaintenance_mse20-role_domino_multiple_0.6_8
o 384736 1.35
o 336817 1.5
o 305579 1.72
o 305558 1.72
o 299116 2.02
o 299095 2.02
o 287929 2.09
o 285146 2.1
o 285125 2.1
o 281377 2.49
o 274822 2.49
o 272001 2.51
o 271980 2.51
o 271951 2.51
o 271520 2.54
o 270519 2.63
o 270498 2.63
o 270477 2.63
o 270456 2.63
o 270435 2.63
o 270414 2.63
o 268968 3.06
o 268947 3.06
o 268417 3.06
o 268396 3.06
o 267071 3.09
o 266273 3.1
o 237939 3.14
o 237741 3.15
o 237728 3.15
o 235369 7.29
o 228770 7.33
o 213283 7.44
o 206707 7.44
o 206355 7.47
o 205824 7.72
o 205643 7.72
o 205470 7.73
o 204569 7.78
o 203877 7.79
o 202975 7.8
o 202954 7.8
o 196759 7.83
o 196746 7.83
o 196725 7.83
o 196704 7.83
o 196224 7.83
o 196203 7.83
o 196182 7.83
o 195663 7.86
o 195650 7.86
o 195228 7.86
o 195041 8
o 194886 8
o 194873 8
o 194766 8.01
o 194454 8.01
o 194407 8.01
o 194394 8.01
o 194313 8.01
o 194292 8.01
o 194148 8.02
o 187486 8.03
o 187463 8.04
o 187353 8.04
o 179996 8.53
o 179983 8.53
o 174302 9.15
o 174083 9.15
o 173849 9.16
o 173765 9.17
o 166910 9.23
o 160227 9.25
o 160020 10.51
o 159997 14.03
o 159988 70.35
o 159976 70.48
o 159963 70.5
o 159950 70.5
o 159941 77.73
o 159933 77.73
o 159928 77.73
o 159915 77.73
o 159902 77.73
o 159894 77.74
o 159881 77.75
o 159825 78.46
o 159820 78.49
ParametricRBACMaintenance_mse20-role_domino_multiple_0.6_8
o 359252 1.13
o 357033 1.34
o 335864 1.34
o 310688 1.37
o 305734 1.58
o 299137 1.58
o 282049 1.63
o 274960 1.9
o 260913 2.36
o 260905 2.36
o 260774 2.36
o 250591 2.42
o 249405 3.04
o 249155 3.33
o 242571 3.33
o 242319 3.33
o 242298 3.33
o 227857 4.05
o 227836 4.05
o 225375 5.79
o 223519 6.08
o 217223 6.09
o 217210 6.09
o 217160 6.09
o 216761 6.09
o 216740 6.09
o 216719 6.09
o 216698 6.09
o 216677 6.09
o 216656 6.09
o 216635 6.09
o 216614 6.09
o 216593 6.09
o 216572 6.09
o 216551 6.09
o 216530 6.09
o 216509 6.09
o 216488 6.09
o 216467 6.09
o 216446 6.09
o 216425 6.09
o 216404 6.09
o 216383 6.09
o 216362 6.09
o 216341 6.09
o 216320 6.09
o 216299 6.09
o 216278 6.09
o 216257 6.09
o 216236 6.09
o 216215 6.09
o 216194 6.09
o 216173 6.09
o 216152 6.09
o 216131 6.09
o 216110 6.09
o 216089 6.09
o 208860 6.1
o 208855 6.1
o 205228 6.15
o 205207 6.15
o 205194 6.15
o 205152 6.15
o 200629 6.19
o 191028 6.27
o 191020 6.27
o 190978 6.27
o 190831 6.27
o 190789 6.27
o 190768 6.27
o 190747 6.27
o 190726 6.27
o 190705 6.27
o 190684 6.27
o 190663 6.27
o 190642 6.27
o 190621 6.27
o 190600 6.27
o 190579 6.27
o 190558 6.27
o 190094 6.32
o 190073 6.32
o 188959 6.47
o 182615 6.49
o 176039 6.49
o 175742 6.49
o 167320 6.88
o 167312 6.88
o 167270 6.88
o 167267 6.88
o 167257 6.9
o 167252 6.9
o 161761 7.11
o 160089 9.94
o 160076 9.94
o 160071 9.94
o 160027 9.97
o 160017 15.46
o 159983 15.46
o 159954 15.46
o 159938 15.48
o 159880 132.52
o 159854 132.52
o 159774 287.05
o 159766 287.06
o 159753 287.06
