spot5-1403.wcsp.log
o 519263 0.01
o 508250 0.01
o 505253 0.01
o 500249 0.01
o 491252 0.02
o 490255 0.02
o 487249 0.03
o 487248 0.03
o 477252 0.03
o 476250 0.03
o 476249 0.03
o 476248 0.03
o 475249 0.04
o 469245 0.05
o 469244 0.05
o 468251 0.07
o 467251 0.07
o 466251 0.07
o 466250 0.14
o 465250 0.14
o 464250 0.24
o 463249 0.28
o 461249 0.36
o 461248 0.37
o 459248 0.4
o 459247 3.74
o 459246 15.86
spot5-1403.wcsp.log
o 512266 0
o 503255 0.01
o 502250 0.01
o 501251 0.01
o 497253 0.01
o 493247 0.01
o 493243 0.02
o 480247 0.02
o 477253 0.02
o 475253 0.04
o 473253 0.04
o 473246 0.04
o 470243 0.04
o 467250 0.07
o 465250 0.07
o 464251 0.09
o 464250 0.09
o 463250 0.27
o 462250 0.27
o 460250 0.27
o 460248 0.35
o 459249 0.41
o 459248 0.57
o 459247 0.87
o 459246 65.13
spot5-1403.wcsp.log
o 517255 0.01
o 511267 0.01
o 511266 0.01
o 498252 0.02
o 496252 0.02
o 486246 0.02
o 481248 0.02
o 481244 0.04
o 481243 0.04
o 480246 0.05
o 478246 0.05
o 477245 0.05
o 476254 0.05
o 474253 0.05
o 473256 0.05
o 471256 0.05
o 470250 0.06
o 468252 0.08
o 467252 0.08
o 464252 0.08
o 464251 0.25
o 463249 0.34
o 461250 0.36
o 461249 0.36
o 460250 0.37
o 460249 0.37
o 460248 0.4
o 459248 0.41
o 459247 2.23
o 459246 40.2
spot5-1403.wcsp.log
o 510264 0.01
o 510251 0.01
o 495251 0.01
o 492256 0.02
o 488256 0.02
o 488254 0.02
o 488239 0.02
o 485250 0.03
o 483250 0.03
o 481252 0.04
o 479262 0.04
o 479261 0.04
o 479260 0.04
o 477260 0.04
o 474253 0.04
o 474252 0.04
o 474247 0.05
o 473247 0.05
o 472247 0.05
o 469253 0.07
o 464253 0.07
o 464252 0.07
o 464251 0.15
o 464250 0.16
o 463253 0.33
o 463252 0.33
o 463251 0.33
o 459252 0.34
o 459250 0.35
o 459249 0.44
o 459248 0.68
o 459247 1.55
o 459246 109.31
spot5-1403.wcsp.log
o 520259 0.01
o 510252 0.01
o 510245 0.01
o 508245 0.01
o 490254 0.01
o 488254 0.02
o 488246 0.02
o 486246 0.02
o 482249 0.03
o 478253 0.03
o 478252 0.03
o 478247 0.05
o 478246 0.05
o 476246 0.05
o 471244 0.06
o 469244 0.06
o 468244 0.06
o 465249 0.09
o 464249 0.09
o 464248 0.2
o 463250 0.27
o 463249 0.32
o 461249 0.32
o 459249 0.32
o 459248 0.32
o 459247 0.49
o 459246 43.74
spot5-1403.wcsp.log
o 510259 0.01
o 502264 0.01
o 502248 0.01
o 502247 0.01
o 498243 0.02
o 491248 0.02
o 487255 0.03
o 485255 0.03
o 483256 0.03
o 481252 0.04
o 480252 0.04
o 480251 0.04
o 479251 0.04
o 479250 0.04
o 478250 0.04
o 476250 0.05
o 474249 0.05
o 474243 0.05
o 473254 0.06
o 473246 0.06
o 471246 0.06
o 469252 0.06
o 466250 0.1
o 466249 0.22
o 465249 0.22
o 464250 0.34
o 463250 0.34
o 462250 0.34
o 461250 0.35
o 461249 0.36
o 461248 0.36
o 460249 0.41
o 459248 0.41
o 459247 1.41
o 459246 40.51
spot5-1403.wcsp.log
o 512255 0.01
o 504256 0.01
o 502256 0.01
o 497241 0.02
o 487254 0.02
o 485254 0.02
o 483254 0.02
o 481254 0.03
o 480252 0.03
o 478251 0.04
o 478246 0.06
o 478240 0.06
o 477245 0.07
o 474245 0.07
o 472244 0.07
o 470245 0.07
o 470244 0.07
o 469253 0.09
o 467253 0.09
o 466253 0.12
o 465253 0.12
o 463253 0.15
o 463251 0.36
o 463249 0.36
o 461249 0.36
o 459250 0.37
o 459249 0.37
o 459248 0.44
o 459247 3.43
o 459246 121.28
spot5-1403.wcsp.log
o 517266 0.01
o 516254 0.01
o 514254 0.01
o 507250 0.01
o 507248 0.01
o 502247 0.02
o 500247 0.02
o 498247 0.02
o 497243 0.02
o 488252 0.02
o 486258 0.02
o 479254 0.02
o 470259 0.04
o 470250 0.05
o 468249 0.05
o 467250 0.07
o 466250 0.07
o 465249 0.11
o 464249 0.11
o 463249 0.11
o 462249 0.11
o 461249 0.33
o 460249 0.33
o 459249 0.84
o 459248 0.84
o 459247 0.87
o 459246 121.94
spot5-1403.wcsp.log
o 523252 0
o 499260 0.01
o 496245 0.01
o 492246 0.01
o 489253 0.01
o 484260 0.02
o 482250 0.03
o 480248 0.03
o 478253 0.04
o 477250 0.05
o 476251 0.05
o 476247 0.06
o 475252 0.06
o 474244 0.07
o 473246 0.07
o 471246 0.07
o 468253 0.08
o 468251 0.08
o 466251 0.08
o 466250 0.08
o 465250 0.17
o 464251 0.27
o 463251 0.27
o 462251 0.29
o 462250 0.29
o 462249 0.35
o 462248 0.41
o 460248 0.45
o 459248 0.57
o 459247 2.06
o 459246 10.68
spot5-1403.wcsp.log
o 518250 0
o 508256 0.01
o 501248 0.01
o 500250 0.01
o 500248 0.01
o 493250 0.01
o 493249 0.01
o 493246 0.01
o 492244 0.02
o 490241 0.02
o 485245 0.02
o 482252 0.02
o 481247 0.02
o 479253 0.05
o 478243 0.06
o 476244 0.06
o 474244 0.06
o 474243 0.06
o 473243 0.06
o 465249 0.06
o 464249 0.24
o 462249 0.24
o 461249 0.24
o 460249 0.25
o 459250 0.35
o 459249 0.35
o 459248 0.35
o 459247 0.95
o 459246 10.73
