staff-scheduling-instance11
o 21841 0.83
o 21001 0.89
o 17060 0.94
o 13715 0.96
o 13616 0.97
o 11952 1.04
o 11321 1.09
o 11317 1.09
o 11002 1.11
o 10886 1.17
o 10875 1.18
o 10562 1.26
o 10461 1.27
o 10448 1.3
o 10447 1.3
o 10043 1.32
o 9845 1.32
o 9651 1.33
o 9446 1.36
o 9245 1.36
o 9147 1.37
o 8235 1.38
o 8218 1.44
o 8216 1.44
o 7716 1.44
o 7418 1.46
o 7214 1.47
o 6809 1.47
o 6808 1.48
o 6804 1.49
o 6500 1.52
o 6272 2.19
o 6072 2.19
o 5870 2.78
o 5868 2.78
o 5865 2.79
o 5864 2.79
o 5664 2.79
o 5567 2.8
o 5561 3.23
o 5460 3.23
o 5458 3.24
o 5352 3.25
o 5252 3.25
o 5067 3.51
o 5065 3.51
o 4862 3.51
o 4857 3.67
o 4758 3.68
o 4652 3.69
o 4573 3.74
o 4472 3.74
o 4470 3.74
o 4269 3.75
o 4263 3.75
o 4163 3.75
o 4161 3.75
o 4153 5.23
o 4058 5.24
o 4057 5.26
o 3865 5.44
o 3836 30.43
o 3787 35.6
o 3755 37.12
o 3653 37.32
staff-scheduling-instance11
o 19706 2.45
o 19504 2.5
o 14541 2.76
o 13194 2.92
o 12823 2.94
o 11999 2.95
o 11692 2.99
o 10953 3.02
o 10737 3.07
o 10430 3.08
o 10331 3.08
o 9797 3.09
o 9190 3.11
o 9185 3.12
o 8204 3.8
o 8095 3.81
o 8027 4.04
o 7712 4.05
o 7616 4.34
o 7004 4.35
o 6893 4.37
o 6687 4.47
o 6490 4.47
o 6375 5.45
o 6275 5.45
o 6180 5.55
o 5561 5.66
o 5466 5.73
o 5464 5.95
o 5379 6.93
o 5377 6.93
o 5359 7.11
o 5358 7.11
o 5257 7.11
o 5056 7.12
o 5053 7.12
o 5048 7.18
o 5041 7.29
o 4940 7.29
o 4838 7.29
o 4638 7.3
o 4537 7.3
o 4536 7.31
o 4435 7.31
o 4329 7.44
o 4230 7.44
o 4147 7.59
o 4145 8.85
o 3962 16.59
o 3961 16.59
o 3668 16.61
o 3663 16.62
staff-scheduling-instance11
o 22434 0.99
o 20861 1.12
o 15871 1.17
o 15576 1.17
o 14225 1.2
o 12906 1.22
o 12158 1.25
o 12148 1.28
o 10997 1.67
o 10799 1.68
o 10785 1.7
o 10476 1.88
o 9674 1.89
o 9387 1.91
o 9287 1.91
o 9151 1.97
o 8745 1.97
o 8228 1.99
o 8033 1.99
o 7943 2.03
o 7830 2.04
o 7811 2.09
o 7716 2.34
o 7515 2.35
o 7312 2.35
o 7221 2.36
o 7119 2.37
o 6825 2.37
o 6315 2.38
o 6070 3.32
o 5767 3.33
o 5762 3.46
o 5578 3.89
o 5576 3.92
o 5275 3.93
o 5174 3.93
o 5173 3.93
o 5057 4.91
o 5055 4.91
o 4763 5.57
o 4753 5.87
o 4657 5.87
o 4556 5.88
o 4555 5.9
o 4456 5.9
o 4452 5.91
o 4362 6.07
o 4355 6.14
o 4254 6.16
o 4245 6.27
o 4243 6.94
o 4170 11.68
o 4058 12.16
o 3958 12.16
o 3952 19.12
o 3951 19.12
o 3950 19.27
o 3949 19.27
o 3893 21.44
o 3890 22.98
o 3889 22.99
o 3888 23
o 3878 23.08
o 3876 23.38
o 3690 23.71
o 3689 23.71
o 3676 57.31
o 3577 57.32
o 3571 57.38
staff-scheduling-instance11
o 21938 1.39
o 16445 1.51
o 16344 1.51
o 16243 1.51
o 13785 1.57
o 13702 1.65
o 13397 1.66
o 13093 1.66
o 11652 1.68
o 11442 1.69
o 11239 1.72
o 11094 1.77
o 10991 1.77
o 10145 1.82
o 9943 1.83
o 9853 1.84
o 9649 1.86
o 9348 2.17
o 8842 2.17
o 8635 2.19
o 8627 2.21
o 8623 2.23
o 8526 2.24
o 7913 2.24
o 7796 2.36
o 7594 2.37
o 7496 2.38
o 7494 2.38
o 7489 2.41
o 7087 2.41
o 6978 2.42
o 6958 2.44
o 6764 2.46
o 6463 2.46
o 6354 2.47
o 6190 3.1
o 6189 3.1
o 5980 3.13
o 5872 5.32
o 5870 11.79
o 5774 11.91
o 5674 11.91
o 5570 11.92
o 5563 11.93
o 5466 11.94
o 5164 11.94
o 5150 12.25
o 5147 21.07
o 5047 21.07
o 4834 21.96
o 4831 29.13
o 4830 29.14
o 4746 29.29
o 4658 29.43
o 4656 29.43
o 4655 30.52
o 4555 30.52
o 4458 30.78
o 4364 30.97
o 4363 30.97
o 4266 30.98
o 4260 30.99
o 4254 30.99
o 4253 31.03
o 4151 31.03
o 4149 31.04
o 4051 31.07
o 3951 31.09
o 3942 31.15
o 3875 36.68
o 3873 36.69
o 3870 36.69
o 3860 39.58
o 3762 66.48
o 3761 66.48
o 3752 127.66
o 3751 127.66
o 3750 127.66
o 3669 213.17
o 3656 244.29
o 3654 244.3
staff-scheduling-instance11
o 20949 0.86
o 17488 0.93
o 16024 1
o 14402 1.11
o 13485 1.12
o 12262 1.13
o 11351 1.13
o 10723 1.2
o 9801 1.23
o 9602 1.24
o 9362 1.28
o 9142 1.31
o 8621 1.31
o 8419 1.31
o 8112 1.35
o 8011 1.39
o 7812 1.39
o 7598 4.53
o 7503 8.86
o 7411 8.86
o 7311 8.93
o 6987 9.08
o 6885 9.08
o 6684 9.08
o 6372 9.09
o 6175 9.09
o 6075 9.09
o 5659 9.3
o 5560 9.42
o 5367 9.96
o 5160 9.96
o 5059 9.96
o 5040 10.27
o 5038 10.28
o 4938 10.29
o 4841 10.76
o 4774 11.03
o 4771 11.03
o 4756 11.84
o 4648 11.9
o 4553 11.98
o 4542 13.1
o 4442 13.1
o 4341 13.1
o 4334 13.54
o 4257 14.45
o 4157 14.45
o 4156 14.46
o 4155 14.46
o 4152 14.46
o 4151 14.56
o 4057 15.81
o 4055 15.81
o 4051 15.84
o 4047 15.95
o 3964 18.03
o 3957 18.05
o 3867 18.15
o 3864 18.15
o 3852 35.04
o 3851 35.04
o 3788 62.17
o 3749 130.87
o 3744 131.04
o 3743 131.04
o 3729 167.63
o 3658 173.98
o 3656 173.99
o 3574 203.36
o 3571 203.38
o 3559 258.33
o 3558 258.34
staff-scheduling-instance11
o 20544 1.1
o 15544 1.41
o 14939 1.42
o 14737 1.44
o 14636 1.44
o 13111 1.46
o 11579 1.47
o 11065 1.47
o 10955 1.49
o 10661 1.5
o 10367 1.5
o 10054 1.7
o 9449 1.7
o 9246 1.71
o 9048 1.71
o 8853 1.72
o 8340 1.73
o 8241 1.73
o 7929 1.74
o 7423 1.74
o 7326 1.75
o 7288 1.86
o 6983 2.2
o 6781 2.2
o 6276 2.21
o 5769 2.21
o 5669 2.21
o 5469 2.21
o 5375 2.22
o 5372 3.85
o 5070 3.85
o 5067 3.88
o 4853 4.31
o 4849 4.32
o 4747 4.32
o 4532 4.52
o 4442 7.08
o 4441 7.08
o 4340 7.08
o 4251 8.72
o 4242 8.79
o 4155 10.04
o 4044 10.17
o 3992 11.85
o 3983 11.91
o 3942 16.06
o 3937 16.08
o 3841 16.1
o 3740 16.1
o 3732 16.14
o 3731 16.15
o 3730 16.15
o 3645 56.49
staff-scheduling-instance11
o 24526 1.12
o 24426 1.12
o 13326 1.5
o 12628 1.52
o 12108 1.56
o 11205 1.57
o 10090 1.82
o 10078 1.85
o 9972 1.87
o 9871 1.87
o 9146 1.9
o 8944 1.91
o 8828 1.95
o 8744 2.1
o 8736 2.11
o 8630 2.11
o 8092 2.24
o 7994 2.3
o 7992 2.3
o 7383 2.32
o 7283 2.32
o 7103 2.42
o 6907 2.44
o 6802 2.44
o 6611 2.47
o 6587 2.76
o 6283 2.76
o 5975 2.77
o 5973 2.78
o 5770 2.8
o 5569 2.81
o 5468 2.82
o 5447 4.39
o 5346 4.39
o 5149 4.7
o 5148 4.72
o 5147 4.73
o 5054 4.77
o 4945 4.79
o 4846 4.93
o 4743 4.93
o 4742 4.93
o 4740 4.94
o 4639 4.94
o 4636 5.05
o 4634 5.05
o 4542 5.58
o 4337 5.63
o 4236 5.64
o 4230 5.64
o 4133 5.66
o 4073 12.46
o 4069 12.63
o 4067 12.65
o 4065 12.66
o 4063 12.69
o 3961 13.8
o 3959 13.82
o 3859 13.82
o 3858 13.82
o 3857 13.83
o 3750 14.2
staff-scheduling-instance11
o 20811 1.12
o 20709 1.12
o 16530 1.21
o 16178 1.31
o 15371 1.31
o 13555 1.35
o 13355 1.36
o 12065 1.38
o 10860 1.42
o 10516 1.46
o 10277 1.66
o 10175 1.67
o 10174 1.68
o 10099 1.9
o 9793 1.9
o 9689 1.91
o 9478 2.1
o 9471 2.11
o 9456 2.13
o 9162 2.16
o 8835 2.27
o 8433 2.28
o 7741 2.3
o 7534 2.31
o 7438 2.33
o 7428 2.33
o 7013 2.54
o 6583 2.62
o 6286 2.64
o 6188 2.65
o 5849 3.46
o 5753 4.5
o 5549 4.5
o 5542 4.57
o 5443 4.57
o 5349 4.64
o 5248 4.64
o 5229 5.41
o 4832 5.5
o 4747 5.54
o 4646 5.55
o 4546 5.55
o 4464 5.84
o 4362 5.84
o 4261 5.84
o 4254 9.74
o 4149 10.74
o 4047 10.74
o 4040 10.85
o 4039 10.85
o 4037 10.86
o 3846 11.61
o 3827 47.16
o 3747 152.31
o 3667 211.94
o 3665 211.95
o 3565 211.95
o 3564 211.96
staff-scheduling-instance11
o 20052 1.12
o 14860 1.18
o 13589 1.22
o 12673 1.28
o 11780 1.29
o 11478 1.29
o 11453 1.36
o 9913 1.48
o 9806 1.48
o 9701 1.51
o 9484 1.52
o 9372 1.53
o 9272 1.53
o 9072 1.57
o 8862 1.59
o 8835 1.65
o 8442 1.65
o 8235 1.66
o 8183 1.77
o 7779 1.77
o 7691 1.78
o 7492 1.79
o 7192 1.8
o 7188 1.81
o 7090 1.82
o 6874 1.89
o 6065 1.89
o 5869 1.9
o 5849 1.99
o 5842 2.02
o 5743 2.02
o 5661 3.8
o 5579 3.89
o 5480 3.89
o 5478 3.89
o 5477 3.95
o 5472 4.09
o 5173 4.17
o 5070 4.17
o 5067 4.24
o 4967 4.24
o 4865 4.33
o 4749 4.76
o 4650 4.76
o 4645 5.02
o 4546 5.03
o 4541 5.03
o 4448 5.78
o 4444 5.79
o 4239 5.83
o 3956 6.25
o 3940 13.53
o 3841 13.72
o 3739 19.67
o 3680 23.89
o 3590 23.93
o 3585 24.06
o 3583 24.09
staff-scheduling-instance11
o 23052 1.4
o 16029 1.57
o 15928 1.57
o 14991 1.67
o 14686 1.67
o 14585 1.67
o 13988 1.72
o 13665 1.97
o 13058 2.07
o 12843 2.08
o 12639 2.09
o 11930 2.09
o 11832 2.14
o 11425 2.15
o 11022 2.15
o 10820 2.17
o 10703 2.2
o 9991 2.21
o 9698 2.37
o 9371 2.64
o 9256 2.67
o 8953 2.67
o 8741 2.68
o 8736 2.86
o 8635 2.89
o 8511 2.95
o 8323 2.96
o 8119 2.99
o 8017 2.99
o 7906 3.01
o 7709 3.16
o 7608 3.16
o 7593 3.23
o 7300 3.24
o 7196 3.26
o 7097 3.26
o 6694 3.27
o 6492 3.29
o 6404 3.32
o 6102 3.33
o 5984 3.45
o 5880 3.52
o 5871 3.55
o 5842 3.71
o 5736 3.72
o 5735 3.72
o 5673 4.25
o 5567 5.22
o 5369 5.38
o 5368 5.52
o 5272 6.29
o 5262 6.82
o 5257 6.82
o 5240 7.07
o 5139 7.08
o 5038 7.08
o 4939 7.08
o 4834 7.09
o 4651 9.42
o 4650 9.43
o 4555 9.49
o 4455 9.49
o 4447 9.51
o 4245 9.51
o 4234 13.4
o 4233 13.4
o 4225 13.43
o 4126 13.44
o 4059 14.25
o 4051 14.3
o 4049 14.3
o 4048 14.31
o 3954 14.36
o 3951 14.36
o 3946 14.37
o 3935 14.47
o 3934 14.47
o 3932 14.48
o 3856 18.98
o 3854 18.98
o 3767 64.56
o 3761 64.56
o 3678 64.81
o 3676 64.81
o 3674 64.81
o 3672 64.85
o 3671 64.85
o 3659 65.21
o 3579 65.6
