decision-tree-heart-cleveland-un-formula_0.8_2021_atleast_15_max-3_reduced_incomplete_tree
o 87 0.150000
o 86 0.160000
o 85 0.160000
o 84 0.160000
o 83 0.160000
o 82 0.160000
o 81 0.160000
o 80 0.160000
o 79 0.160000
o 78 0.160000
o 77 0.160000
o 76 0.160000
o 75 0.160000
o 74 0.160000
o 73 0.160000
o 72 0.160000
o 71 0.160000
o 70 0.160000
o 69 0.160000
o 68 0.160000
o 67 0.160000
o 66 0.160000
o 65 0.160000
o 64 0.160000
o 63 0.160000
o 62 0.160000
o 61 0.160000
o 60 0.160000
o 59 0.160000
o 58 0.160000
o 57 0.160000
o 56 0.160000
o 55 0.160000
o 54 0.160000
o 53 0.160000
o 52 0.160000
52	0.160000
decision-tree-heart-cleveland-un-formula_0.8_2021_atleast_15_max-3_reduced_incomplete_tree
o 166 0.160000
o 165 0.170000
o 164 0.170000
o 163 0.170000
o 162 0.170000
o 161 0.170000
o 160 0.170000
o 159 0.170000
o 158 0.170000
o 157 0.170000
o 156 0.170000
o 155 0.170000
o 154 0.170000
o 153 0.170000
o 152 0.170000
o 151 0.170000
o 150 0.170000
o 149 0.170000
o 148 0.170000
o 147 0.170000
o 146 0.170000
o 145 0.170000
o 144 0.170000
o 143 0.170000
o 142 0.170000
o 141 0.170000
o 140 0.170000
o 139 0.170000
o 138 0.170000
o 137 0.170000
o 136 0.170000
o 135 0.170000
o 134 0.170000
o 133 0.170000
o 132 0.170000
o 131 0.170000
o 130 0.170000
o 129 0.170000
o 128 0.170000
o 127 0.170000
o 126 0.170000
o 125 0.170000
o 124 0.170000
o 123 0.170000
o 122 0.170000
o 121 0.170000
o 120 0.170000
o 119 0.170000
o 118 0.170000
o 117 0.170000
o 116 0.170000
o 115 0.170000
o 114 0.170000
o 113 0.170000
o 112 0.170000
o 111 0.170000
o 110 0.170000
o 109 0.170000
o 108 0.170000
o 107 0.170000
o 106 0.170000
o 105 0.170000
o 104 0.170000
o 103 0.170000
o 102 0.170000
o 101 0.170000
o 100 0.170000
o 99 0.170000
o 98 0.170000
o 97 0.170000
o 96 0.170000
o 95 0.170000
o 94 0.170000
o 93 0.170000
o 92 0.170000
o 91 0.170000
o 90 0.170000
o 89 0.170000
o 88 0.170000
o 87 0.170000
o 86 0.170000
o 85 0.170000
o 84 0.170000
o 83 0.170000
o 82 0.170000
o 81 0.170000
o 80 0.170000
o 79 0.170000
o 78 0.170000
o 77 0.170000
o 76 0.170000
o 75 0.170000
75	0.170000
decision-tree-heart-cleveland-un-formula_0.8_2021_atleast_15_max-3_reduced_incomplete_tree
o 88 0.140000
o 87 0.150000
o 86 0.150000
o 85 0.150000
o 84 0.150000
o 83 0.150000
o 82 0.150000
o 81 0.150000
o 80 0.150000
o 79 0.150000
o 78 0.150000
o 77 0.150000
o 76 0.150000
o 75 0.150000
75	0.150000
decision-tree-heart-cleveland-un-formula_0.8_2021_atleast_15_max-3_reduced_incomplete_tree
o 127 0.170000
o 126 0.170000
o 125 0.170000
o 124 0.170000
o 123 0.170000
o 122 0.170000
o 121 0.170000
o 120 0.170000
o 119 0.170000
o 118 0.170000
o 117 0.170000
o 116 0.170000
o 115 0.170000
o 114 0.170000
o 113 0.170000
o 112 0.170000
o 111 0.170000
o 110 0.170000
o 109 0.170000
o 108 0.170000
o 107 0.170000
o 106 0.170000
o 105 0.170000
o 104 0.170000
o 103 0.170000
o 102 0.170000
o 101 0.170000
o 100 0.170000
o 99 0.170000
o 98 0.170000
o 97 0.170000
o 96 0.170000
o 95 0.180000
o 94 0.180000
o 93 0.180000
o 92 0.180000
o 91 0.180000
o 90 0.180000
o 89 0.180000
o 88 0.180000
o 87 0.180000
o 86 0.180000
86	0.180000
decision-tree-heart-cleveland-un-formula_0.8_2021_atleast_15_max-3_reduced_incomplete_tree
o 141 0.160000
o 140 0.160000
o 139 0.160000
o 138 0.160000
o 137 0.160000
o 136 0.160000
o 135 0.160000
o 134 0.160000
o 133 0.160000
o 132 0.160000
o 131 0.160000
o 130 0.160000
o 129 0.160000
o 128 0.160000
o 127 0.160000
o 126 0.160000
o 125 0.160000
o 124 0.160000
o 123 0.160000
o 122 0.160000
o 121 0.160000
o 120 0.160000
o 119 0.160000
o 118 0.160000
o 117 0.160000
o 116 0.160000
o 115 0.160000
o 114 0.160000
o 113 0.160000
o 112 0.160000
o 111 0.170000
o 110 0.170000
o 109 0.170000
o 108 0.170000
o 107 0.170000
o 106 0.170000
o 105 0.170000
o 104 0.170000
o 103 0.170000
o 102 0.170000
o 101 0.170000
o 100 0.170000
o 99 0.170000
o 98 0.170000
o 97 0.170000
o 96 0.170000
o 95 0.170000
95	0.170000
decision-tree-heart-cleveland-un-formula_0.8_2021_atleast_15_max-3_reduced_incomplete_tree
o 91 0.190000
o 90 0.190000
o 89 0.190000
o 88 0.190000
o 87 0.190000
o 86 0.190000
o 85 0.190000
o 84 0.190000
o 83 0.190000
o 82 0.190000
o 81 0.190000
o 80 0.190000
o 79 0.190000
o 78 0.190000
o 77 0.190000
o 76 0.190000
o 75 0.190000
o 74 0.190000
o 73 0.190000
o 72 0.190000
o 71 0.190000
o 70 0.190000
o 69 0.190000
69	0.190000
decision-tree-heart-cleveland-un-formula_0.8_2021_atleast_15_max-3_reduced_incomplete_tree
o 80 0.190000
o 79 0.190000
o 78 0.190000
o 77 0.190000
o 76 0.190000
o 75 0.190000
o 74 0.190000
o 73 0.190000
o 72 0.190000
o 71 0.190000
o 70 0.190000
o 69 0.190000
o 68 0.190000
o 67 0.190000
o 66 0.190000
o 65 0.190000
o 64 0.190000
o 63 0.190000
o 62 0.190000
o 61 0.190000
o 60 0.190000
o 59 0.190000
o 58 0.190000
o 57 0.190000
o 56 0.190000
56	0.190000
decision-tree-heart-cleveland-un-formula_0.8_2021_atleast_15_max-3_reduced_incomplete_tree
o 177 0.150000
o 176 0.150000
o 175 0.150000
o 174 0.150000
o 173 0.150000
o 172 0.150000
o 171 0.150000
o 170 0.150000
o 169 0.150000
o 168 0.150000
o 167 0.150000
o 166 0.150000
o 165 0.150000
o 164 0.150000
o 163 0.150000
o 162 0.150000
o 161 0.150000
o 160 0.150000
o 159 0.150000
o 158 0.150000
o 157 0.150000
o 156 0.150000
o 155 0.150000
o 154 0.150000
o 153 0.150000
o 152 0.150000
o 151 0.150000
o 150 0.150000
o 149 0.150000
o 148 0.150000
o 147 0.150000
o 146 0.150000
o 145 0.150000
o 144 0.150000
o 143 0.150000
o 142 0.150000
o 141 0.150000
o 140 0.150000
o 139 0.150000
o 138 0.150000
o 137 0.150000
o 136 0.150000
o 135 0.150000
o 134 0.150000
o 133 0.150000
o 132 0.150000
o 131 0.150000
o 130 0.150000
o 129 0.150000
o 128 0.150000
o 127 0.150000
o 126 0.150000
o 125 0.150000
o 124 0.150000
o 123 0.150000
o 122 0.150000
o 121 0.150000
o 120 0.150000
o 119 0.150000
o 118 0.150000
o 117 0.150000
o 116 0.150000
o 115 0.150000
o 114 0.150000
o 113 0.150000
o 112 0.150000
o 111 0.150000
o 110 0.150000
o 109 0.150000
o 108 0.150000
o 107 0.150000
o 106 0.150000
o 105 0.150000
o 104 0.150000
o 103 0.150000
o 102 0.150000
o 101 0.150000
o 100 0.150000
o 99 0.150000
o 98 0.150000
o 97 0.150000
o 96 0.150000
o 95 0.150000
o 94 0.150000
o 93 0.150000
o 92 0.150000
o 91 0.150000
o 90 0.150000
o 89 0.150000
o 88 0.150000
o 87 0.150000
o 86 0.150000
o 85 0.150000
o 84 0.150000
o 83 0.150000
o 82 0.150000
o 81 0.150000
o 80 0.150000
o 79 0.150000
o 78 0.150000
o 77 0.150000
o 76 0.150000
76	0.150000
decision-tree-heart-cleveland-un-formula_0.8_2021_atleast_15_max-3_reduced_incomplete_tree
o 103 0.150000
o 102 0.150000
o 101 0.150000
o 100 0.150000
o 99 0.150000
o 98 0.150000
o 97 0.150000
o 96 0.150000
o 95 0.150000
o 94 0.150000
o 93 0.150000
o 92 0.150000
o 91 0.150000
o 90 0.150000
o 89 0.150000
o 88 0.150000
o 87 0.150000
o 86 0.150000
o 85 0.150000
o 84 0.150000
o 83 0.150000
o 82 0.150000
o 81 0.150000
o 80 0.150000
o 79 0.150000
o 78 0.150000
o 77 0.150000
o 76 0.150000
o 75 0.150000
o 74 0.150000
o 73 0.150000
o 72 0.150000
o 71 0.150000
o 70 0.150000
o 69 0.150000
o 68 0.150000
o 67 0.150000
o 66 0.150000
o 65 0.150000
o 64 0.150000
o 63 0.150000
o 62 0.150000
o 61 0.150000
o 60 0.150000
o 59 0.150000
o 58 0.150000
o 57 0.150000
o 56 0.150000
56	0.150000
decision-tree-heart-cleveland-un-formula_0.8_2021_atleast_15_max-3_reduced_incomplete_tree
o 81 0.170000
o 80 0.180000
o 79 0.180000
o 78 0.180000
o 77 0.180000
o 76 0.180000
o 75 0.180000
o 74 0.180000
o 73 0.180000
o 72 0.180000
o 71 0.180000
o 70 0.180000
o 69 0.180000
o 68 0.180000
o 67 0.180000
o 66 0.180000
o 65 0.180000
o 64 0.180000
o 63 0.180000
o 62 0.180000
o 61 0.180000
o 60 0.180000
o 59 0.180000
o 58 0.180000
o 57 0.180000
o 56 0.180000
56	0.180000
