gen-hyper-tw-GenHyperTW_flat30-99
o 69 3.310000
69	3.310000
gen-hyper-tw-GenHyperTW_flat30-99
o 68 3.110000
o 18 277.930000
18	277.930000
gen-hyper-tw-GenHyperTW_flat30-99
o 56 3.270000
o 25 70.720000
o 22 137.240000
22	137.240000
gen-hyper-tw-GenHyperTW_flat30-99
o 55 2.560000
o 24 141.310000
o 21 271.770000
21	271.770000
gen-hyper-tw-GenHyperTW_flat30-99
o 57 2.760000
57	2.760000
gen-hyper-tw-GenHyperTW_flat30-99
o 58 2.920000
o 22 18.080000
o 21 18.250000
o 20 100.060000
20	100.060000
gen-hyper-tw-GenHyperTW_flat30-99
o 62 2.820000
62	2.820000
gen-hyper-tw-GenHyperTW_flat30-99
o 69 2.950000
o 20 121.490000
20	121.490000
gen-hyper-tw-GenHyperTW_flat30-99
o 57 2.960000
o 22 89.860000
22	89.860000
gen-hyper-tw-GenHyperTW_flat30-99
o 56 3.530000
o 24 157.860000
24	157.860000
