inconsistency-measurement-im-sum-B-3-stb_339_393.tgf.pl
o 91 0.010000
o 90 0.410000
o 89 0.410000
o 88 0.410000
o 87 0.410000
o 86 0.420000
o 85 0.420000
o 84 0.610000
o 83 0.630000
o 82 0.630000
o 80 11.970000
o 79 11.990000
o 78 12.130000
o 77 12.150000
o 76 12.150000
o 74 12.250000
o 73 12.310000
o 72 12.320000
o 71 25.010000
o 70 25.020000
o 69 25.030000
o 68 293.350000
68	293.350000
inconsistency-measurement-im-sum-B-3-stb_339_393.tgf.pl
o 91 0.010000
o 78 0.320000
o 77 5.650000
o 76 5.650000
o 75 11.050000
o 74 11.060000
o 73 11.060000
o 72 11.090000
o 71 11.090000
o 70 11.090000
o 69 11.090000
69	11.090000
inconsistency-measurement-im-sum-B-3-stb_339_393.tgf.pl
o 91 0.000000
o 90 0.470000
o 89 0.470000
o 88 0.470000
o 87 0.470000
o 86 0.490000
o 85 0.490000
o 84 0.490000
o 83 0.550000
o 82 6.130000
o 81 6.130000
o 80 6.130000
o 79 6.910000
o 78 6.920000
o 76 6.930000
o 75 6.950000
o 74 94.850000
o 73 95.050000
o 72 95.050000
o 71 273.040000
71	273.040000
inconsistency-measurement-im-sum-B-3-stb_339_393.tgf.pl
o 91 0.010000
o 73 0.330000
o 72 123.740000
o 71 192.400000
o 70 226.150000
o 69 226.150000
o 68 226.150000
68	226.150000
inconsistency-measurement-im-sum-B-3-stb_339_393.tgf.pl
o 91 0.010000
o 90 0.360000
o 88 0.370000
o 87 0.370000
o 86 0.380000
o 85 0.380000
o 84 0.380000
o 83 0.380000
o 80 0.390000
o 79 0.390000
o 78 0.660000
o 76 0.660000
o 74 0.670000
o 73 0.690000
o 72 142.920000
o 71 142.940000
o 70 142.950000
o 69 171.490000
o 68 259.820000
o 67 259.820000
67	259.820000
inconsistency-measurement-im-sum-B-3-stb_339_393.tgf.pl
o 91 0.010000
o 88 0.370000
o 86 0.370000
o 85 0.370000
o 84 0.390000
o 83 0.390000
o 82 0.550000
o 81 0.560000
o 80 6.140000
o 79 11.620000
o 77 17.020000
o 76 55.680000
o 75 55.680000
o 73 55.680000
o 72 55.700000
o 71 55.720000
o 70 55.720000
o 69 55.720000
o 68 136.940000
68	136.940000
inconsistency-measurement-im-sum-B-3-stb_339_393.tgf.pl
o 91 0.000000
o 82 0.320000
o 79 0.340000
o 78 0.340000
o 77 0.420000
o 76 0.420000
o 75 0.440000
o 74 0.440000
o 73 5.940000
o 71 5.940000
o 70 5.940000
o 69 110.050000
o 68 110.060000
o 67 110.070000
o 66 134.960000
o 65 135.010000
65	135.010000
inconsistency-measurement-im-sum-B-3-stb_339_393.tgf.pl
o 91 0.010000
o 90 0.420000
o 89 0.420000
o 88 0.430000
o 87 0.430000
o 86 0.430000
o 85 0.430000
o 84 0.470000
o 83 0.470000
o 82 0.510000
o 81 0.510000
o 80 0.760000
o 79 0.770000
o 78 0.770000
o 77 0.780000
o 76 12.700000
o 75 12.710000
o 74 12.710000
o 73 12.720000
o 72 12.740000
72	12.740000
inconsistency-measurement-im-sum-B-3-stb_339_393.tgf.pl
o 91 0.000000
o 84 0.360000
o 83 0.360000
o 81 0.360000
o 80 0.400000
o 79 0.420000
o 78 0.420000
o 77 0.430000
o 76 0.440000
o 75 0.440000
o 74 0.490000
o 73 81.520000
o 72 81.550000
o 71 81.550000
o 70 81.670000
70	81.670000
inconsistency-measurement-im-sum-B-3-stb_339_393.tgf.pl
o 91 0.010000
o 90 0.390000
o 89 0.420000
o 88 0.430000
o 87 0.430000
o 86 0.450000
o 85 0.450000
o 84 0.450000
o 83 0.460000
o 82 0.540000
o 81 0.550000
o 80 0.550000
o 79 0.590000
o 78 0.590000
o 77 6.070000
o 76 6.090000
o 75 6.090000
o 74 6.090000
o 73 109.230000
o 71 109.230000
o 70 109.240000
70	109.240000
