judgment-aggregation-ja-maxham-preflib-00049-00000295
o 70 0.060000
o 62 0.490000
o 60 0.500000
o 59 0.510000
o 58 18.890000
o 57 18.900000
o 56 68.280000
o 55 84.140000
55	84.140000
judgment-aggregation-ja-maxham-preflib-00049-00000295
o 69 0.060000
o 61 0.530000
o 60 0.980000
o 57 22.490000
o 56 22.560000
o 55 25.660000
o 54 248.500000
54	248.500000
judgment-aggregation-ja-maxham-preflib-00049-00000295
o 65 0.070000
o 61 0.520000
o 60 0.530000
o 59 7.020000
o 58 14.810000
o 57 14.830000
o 56 15.450000
o 55 276.280000
55	276.280000
judgment-aggregation-ja-maxham-preflib-00049-00000295
o 66 0.060000
o 64 0.500000
o 63 0.500000
o 62 0.520000
o 61 0.550000
o 59 8.450000
o 58 9.460000
o 57 9.470000
o 56 10.610000
o 55 12.000000
55	12.000000
judgment-aggregation-ja-maxham-preflib-00049-00000295
o 62 0.060000
o 61 2.920000
o 60 2.920000
o 59 2.920000
o 58 3.070000
o 57 18.500000
o 56 122.490000
o 55 241.680000
o 54 242.800000
54	242.800000
judgment-aggregation-ja-maxham-preflib-00049-00000295
o 61 0.060000
o 59 0.410000
o 58 0.430000
o 57 0.430000
o 56 118.940000
o 55 137.020000
55	137.020000
judgment-aggregation-ja-maxham-preflib-00049-00000295
o 66 0.060000
o 61 0.540000
o 56 8.580000
o 55 8.590000
o 54 8.720000
54	8.720000
judgment-aggregation-ja-maxham-preflib-00049-00000295
o 61 0.060000
o 60 0.480000
o 59 0.500000
o 58 15.460000
o 57 43.770000
o 56 43.880000
56	43.880000
judgment-aggregation-ja-maxham-preflib-00049-00000295
o 73 0.060000
o 63 0.480000
o 60 0.500000
o 59 8.120000
o 58 8.130000
o 57 8.140000
o 56 13.540000
o 55 21.150000
55	21.150000
judgment-aggregation-ja-maxham-preflib-00049-00000295
o 58 0.060000
o 57 8.110000
o 56 81.770000
o 55 82.630000
55	82.630000
