judgment-aggregation-ja-slater-preflib-00049-00000451
o 765 0.650000
o 764 0.670000
o 763 0.670000
o 761 0.680000
o 760 0.680000
o 759 0.680000
o 758 0.680000
o 757 0.680000
o 756 0.680000
o 755 0.680000
o 754 0.680000
o 753 0.680000
o 752 0.680000
o 751 0.680000
o 750 0.680000
o 748 0.680000
o 747 0.680000
o 746 0.680000
o 745 0.680000
o 744 0.680000
o 743 0.680000
o 742 0.680000
o 741 0.680000
o 740 0.680000
o 739 0.680000
o 738 0.680000
o 737 0.680000
o 736 0.680000
o 735 0.680000
o 734 0.680000
o 733 0.680000
o 732 0.680000
o 731 0.680000
o 730 0.680000
o 729 0.680000
o 728 0.680000
o 727 0.680000
o 726 0.680000
o 725 0.680000
o 724 0.680000
o 723 0.680000
o 722 0.680000
o 721 0.680000
o 720 0.680000
o 719 0.680000
o 718 0.680000
o 717 0.680000
o 716 0.680000
o 715 0.680000
o 714 0.680000
o 713 0.680000
o 707 0.680000
o 705 0.680000
o 704 0.680000
o 703 0.680000
o 702 0.680000
o 701 0.680000
o 700 0.680000
o 699 0.680000
o 694 0.680000
o 693 0.680000
o 692 0.680000
o 691 0.690000
o 690 0.690000
o 689 0.690000
o 688 0.690000
o 687 0.690000
o 686 0.690000
o 685 0.690000
o 684 0.690000
o 683 0.690000
o 682 0.690000
o 681 0.690000
o 680 0.690000
o 679 0.690000
o 678 0.690000
o 677 0.690000
o 676 0.690000
o 675 0.690000
o 674 0.690000
o 673 0.690000
o 672 0.690000
o 671 0.690000
o 670 0.690000
o 669 0.690000
o 668 0.690000
o 667 0.690000
o 637 0.690000
o 636 0.690000
o 635 0.690000
o 634 0.690000
o 633 0.690000
o 631 0.700000
o 630 0.700000
o 629 0.700000
o 628 0.700000
o 627 0.700000
o 626 0.700000
o 625 0.700000
o 624 0.700000
o 623 0.700000
o 622 0.700000
o 621 0.700000
o 620 0.700000
o 619 0.700000
o 614 0.700000
o 613 0.700000
o 612 0.700000
o 589 0.700000
o 588 0.700000
o 586 0.700000
o 585 0.700000
o 584 0.700000
o 583 0.700000
o 582 0.700000
o 579 0.700000
o 574 0.700000
o 515 2.830000
o 512 2.870000
o 511 2.870000
o 510 2.870000
o 509 2.870000
o 508 2.930000
508	2.930000
judgment-aggregation-ja-slater-preflib-00049-00000451
o 759 0.620000
o 758 0.640000
o 757 0.640000
o 756 0.640000
o 755 0.640000
o 754 0.640000
o 753 0.640000
o 752 0.640000
o 751 0.640000
o 750 0.640000
o 749 0.640000
o 748 0.640000
o 747 0.640000
o 746 0.640000
o 745 0.640000
o 744 0.640000
o 743 0.640000
o 742 0.650000
o 741 0.650000
o 740 0.650000
o 739 0.650000
o 738 0.650000
o 737 0.650000
o 736 0.650000
o 735 0.650000
o 734 0.650000
o 733 0.650000
o 732 0.650000
o 731 0.650000
o 730 0.650000
o 729 0.650000
o 728 0.650000
o 727 0.650000
o 726 0.650000
o 725 0.650000
o 724 0.650000
o 723 0.650000
o 722 0.650000
o 721 0.650000
o 720 0.650000
o 719 0.650000
o 718 0.650000
o 716 0.650000
o 715 0.650000
o 714 0.650000
o 713 0.650000
o 712 0.650000
o 711 0.650000
o 710 0.650000
o 709 0.650000
o 708 0.650000
o 707 0.650000
o 706 0.650000
o 705 0.650000
o 704 0.650000
o 702 0.650000
o 701 0.650000
o 700 0.650000
o 699 0.650000
o 698 0.650000
o 697 0.650000
o 696 0.650000
o 695 0.650000
o 694 0.650000
o 693 0.650000
o 692 0.650000
o 691 0.650000
o 690 0.650000
o 689 0.650000
o 688 0.650000
o 685 0.650000
o 684 0.650000
o 683 0.650000
o 682 0.650000
o 679 0.650000
o 672 0.650000
o 671 0.650000
o 670 0.650000
o 669 0.650000
o 668 0.650000
o 667 0.650000
o 666 0.650000
o 665 0.650000
o 656 0.650000
o 655 0.650000
o 654 0.650000
o 653 0.650000
o 652 0.650000
o 651 0.650000
o 650 0.650000
o 649 0.660000
o 648 0.660000
o 647 0.660000
o 646 0.660000
o 645 0.660000
o 644 0.660000
o 643 0.660000
o 642 0.660000
o 641 0.660000
o 639 0.660000
o 638 0.660000
o 637 0.660000
o 599 0.660000
o 598 0.660000
o 597 0.660000
o 510 2.460000
o 509 2.480000
o 508 2.520000
o 507 2.520000
o 506 73.860000
506	73.860000
judgment-aggregation-ja-slater-preflib-00049-00000451
o 712 0.590000
o 711 0.610000
o 710 0.610000
o 709 0.610000
o 708 0.610000
o 707 0.610000
o 706 0.610000
o 705 0.610000
o 704 0.610000
o 703 0.610000
o 702 0.610000
o 701 0.610000
o 700 0.610000
o 699 0.610000
o 698 0.610000
o 697 0.610000
o 696 0.610000
o 695 0.610000
o 694 0.610000
o 692 0.610000
o 691 0.610000
o 690 0.610000
o 689 0.610000
o 688 0.610000
o 687 0.610000
o 686 0.610000
o 685 0.610000
o 684 0.610000
o 683 0.610000
o 682 0.610000
o 681 0.610000
o 680 0.610000
o 679 0.610000
o 678 0.610000
o 677 0.610000
o 676 0.610000
o 675 0.610000
o 674 0.610000
o 673 0.610000
o 672 0.610000
o 668 0.610000
o 667 0.610000
o 666 0.610000
o 665 0.610000
o 664 0.610000
o 663 0.610000
o 662 0.610000
o 661 0.610000
o 660 0.610000
o 659 0.610000
o 658 0.610000
o 657 0.610000
o 656 0.610000
o 655 0.610000
o 654 0.610000
o 653 0.610000
o 652 0.610000
o 651 0.610000
o 650 0.610000
o 649 0.610000
o 648 0.610000
o 647 0.620000
o 646 0.620000
o 645 0.620000
o 644 0.620000
o 643 0.620000
o 642 0.620000
o 641 0.620000
o 640 0.620000
o 639 0.620000
o 638 0.620000
o 634 0.620000
o 633 0.620000
o 632 0.620000
o 631 0.620000
o 630 0.620000
o 629 0.620000
o 628 0.620000
o 627 0.620000
o 626 0.620000
o 625 0.620000
o 624 0.620000
o 623 0.620000
o 620 0.620000
o 617 0.620000
o 616 0.620000
o 615 0.620000
o 612 0.620000
o 611 0.620000
o 610 0.620000
o 609 0.620000
o 608 0.620000
o 607 0.620000
o 606 0.620000
o 605 0.620000
o 604 0.620000
o 603 0.620000
o 602 0.620000
o 601 0.620000
o 600 0.620000
o 599 0.620000
o 593 0.630000
o 592 0.630000
o 527 2.080000
o 517 2.100000
o 515 2.110000
o 512 2.110000
o 511 2.130000
o 510 2.380000
o 509 4.780000
o 508 8.800000
o 507 8.800000
o 506 78.640000
506	78.640000
judgment-aggregation-ja-slater-preflib-00049-00000451
o 742 0.610000
o 741 0.630000
o 740 0.630000
o 739 0.630000
o 738 0.630000
o 737 0.630000
o 736 0.630000
o 735 0.630000
o 734 0.630000
o 733 0.630000
o 732 0.630000
o 731 0.630000
o 730 0.630000
o 729 0.630000
o 728 0.630000
o 727 0.630000
o 726 0.630000
o 725 0.630000
o 724 0.630000
o 723 0.630000
o 722 0.630000
o 721 0.630000
o 720 0.630000
o 719 0.630000
o 718 0.630000
o 717 0.630000
o 716 0.630000
o 715 0.630000
o 714 0.630000
o 713 0.630000
o 712 0.630000
o 711 0.630000
o 710 0.630000
o 709 0.630000
o 708 0.630000
o 707 0.630000
o 706 0.630000
o 705 0.630000
o 704 0.630000
o 703 0.630000
o 702 0.630000
o 701 0.630000
o 700 0.630000
o 699 0.630000
o 698 0.630000
o 697 0.630000
o 696 0.630000
o 695 0.640000
o 679 0.640000
o 678 0.640000
o 677 0.640000
o 676 0.640000
o 675 0.640000
o 674 0.640000
o 673 0.640000
o 672 0.640000
o 671 0.640000
o 670 0.640000
o 668 0.640000
o 667 0.640000
o 666 0.640000
o 665 0.640000
o 664 0.640000
o 663 0.640000
o 662 0.640000
o 661 0.640000
o 659 0.640000
o 658 0.640000
o 657 0.640000
o 656 0.640000
o 655 0.640000
o 654 0.640000
o 653 0.640000
o 652 0.640000
o 651 0.640000
o 649 0.640000
o 648 0.640000
o 647 0.640000
o 646 0.640000
o 645 0.640000
o 644 0.640000
o 643 0.640000
o 642 0.650000
o 641 0.650000
o 640 0.650000
o 639 0.650000
o 638 0.650000
o 637 0.650000
o 636 0.650000
o 635 0.650000
o 634 0.650000
o 633 0.650000
o 632 0.650000
o 631 0.650000
o 630 0.650000
o 629 0.650000
o 628 0.650000
o 627 0.650000
o 626 0.650000
o 603 0.650000
o 602 0.650000
o 601 0.650000
o 598 0.650000
o 597 0.650000
o 596 0.650000
o 595 0.650000
o 594 0.650000
o 587 0.660000
o 586 0.660000
o 578 0.660000
o 517 2.350000
o 515 2.350000
o 514 2.350000
o 511 2.360000
o 510 230.930000
o 509 230.980000
o 508 231.000000
o 507 231.000000
507	231.000000
judgment-aggregation-ja-slater-preflib-00049-00000451
o 743 0.680000
o 742 0.730000
o 741 0.730000
o 740 0.730000
o 739 0.730000
o 738 0.730000
o 737 0.730000
o 736 0.730000
o 735 0.730000
o 734 0.730000
o 733 0.730000
o 732 0.730000
o 731 0.730000
o 730 0.730000
o 729 0.730000
o 728 0.730000
o 727 0.730000
o 726 0.730000
o 725 0.730000
o 724 0.730000
o 723 0.730000
o 722 0.730000
o 721 0.730000
o 720 0.730000
o 719 0.730000
o 718 0.730000
o 717 0.730000
o 716 0.730000
o 715 0.730000
o 714 0.730000
o 713 0.730000
o 712 0.730000
o 711 0.730000
o 710 0.730000
o 709 0.730000
o 708 0.730000
o 707 0.730000
o 706 0.730000
o 705 0.730000
o 704 0.730000
o 703 0.730000
o 702 0.730000
o 701 0.730000
o 700 0.730000
o 699 0.730000
o 698 0.730000
o 697 0.730000
o 696 0.730000
o 695 0.730000
o 694 0.730000
o 693 0.730000
o 692 0.730000
o 691 0.730000
o 690 0.730000
o 689 0.730000
o 688 0.730000
o 687 0.730000
o 686 0.730000
o 685 0.730000
o 684 0.730000
o 683 0.730000
o 682 0.730000
o 681 0.730000
o 680 0.730000
o 679 0.730000
o 678 0.730000
o 677 0.730000
o 676 0.730000
o 675 0.730000
o 674 0.730000
o 672 0.730000
o 671 0.730000
o 670 0.730000
o 669 0.730000
o 668 0.730000
o 667 0.730000
o 666 0.730000
o 665 0.730000
o 664 0.730000
o 663 0.730000
o 662 0.730000
o 661 0.730000
o 660 0.730000
o 659 0.730000
o 658 0.730000
o 657 0.740000
o 656 0.740000
o 655 0.740000
o 654 0.740000
o 653 0.740000
o 652 0.740000
o 651 0.740000
o 650 0.740000
o 649 0.740000
o 648 0.740000
o 647 0.740000
o 646 0.740000
o 644 0.740000
o 643 0.740000
o 635 0.740000
o 632 0.740000
o 631 0.740000
o 630 0.740000
o 629 0.740000
o 628 0.740000
o 627 0.740000
o 626 0.740000
o 625 0.740000
o 624 0.740000
o 623 0.740000
o 622 0.740000
o 621 0.740000
o 620 0.740000
o 619 0.740000
o 618 0.740000
o 617 0.740000
o 616 0.740000
o 606 0.740000
o 604 0.750000
o 603 0.750000
o 602 0.750000
o 601 0.750000
o 600 0.750000
o 599 0.750000
o 596 0.750000
o 594 0.750000
o 583 0.760000
o 510 3.420000
o 509 3.420000
o 508 3.440000
508	3.440000
judgment-aggregation-ja-slater-preflib-00049-00000451
o 741 0.570000
o 740 0.590000
o 739 0.590000
o 738 0.590000
o 737 0.590000
o 736 0.590000
o 735 0.590000
o 734 0.590000
o 733 0.600000
o 732 0.600000
o 731 0.600000
o 730 0.600000
o 729 0.600000
o 728 0.600000
o 727 0.600000
o 726 0.600000
o 725 0.600000
o 724 0.600000
o 723 0.600000
o 722 0.600000
o 721 0.600000
o 720 0.600000
o 719 0.600000
o 718 0.600000
o 717 0.600000
o 716 0.600000
o 715 0.600000
o 714 0.600000
o 713 0.600000
o 712 0.600000
o 711 0.600000
o 710 0.600000
o 709 0.600000
o 708 0.600000
o 706 0.600000
o 705 0.600000
o 704 0.600000
o 703 0.600000
o 702 0.600000
o 701 0.600000
o 700 0.600000
o 699 0.600000
o 698 0.600000
o 697 0.600000
o 696 0.600000
o 695 0.600000
o 694 0.600000
o 693 0.600000
o 692 0.600000
o 691 0.600000
o 690 0.600000
o 689 0.600000
o 688 0.600000
o 687 0.600000
o 686 0.600000
o 685 0.600000
o 684 0.600000
o 683 0.600000
o 682 0.600000
o 681 0.600000
o 680 0.600000
o 679 0.600000
o 678 0.600000
o 677 0.600000
o 676 0.600000
o 675 0.600000
o 674 0.600000
o 673 0.600000
o 672 0.600000
o 669 0.600000
o 668 0.600000
o 667 0.600000
o 666 0.600000
o 665 0.600000
o 664 0.600000
o 663 0.600000
o 662 0.600000
o 661 0.600000
o 660 0.600000
o 659 0.600000
o 658 0.600000
o 657 0.600000
o 656 0.600000
o 654 0.600000
o 652 0.600000
o 651 0.600000
o 650 0.600000
o 649 0.600000
o 648 0.600000
o 647 0.600000
o 646 0.600000
o 645 0.600000
o 644 0.600000
o 643 0.600000
o 642 0.600000
o 641 0.600000
o 640 0.600000
o 639 0.600000
o 638 0.600000
o 637 0.600000
o 636 0.600000
o 635 0.600000
o 634 0.600000
o 633 0.600000
o 632 0.600000
o 631 0.600000
o 630 0.600000
o 629 0.600000
o 628 0.600000
o 627 0.600000
o 624 0.600000
o 622 0.610000
o 621 0.610000
o 620 0.610000
o 619 0.610000
o 618 0.610000
o 617 0.610000
o 616 0.610000
o 615 0.610000
o 614 0.610000
o 613 0.610000
o 611 0.610000
o 610 0.610000
o 609 0.610000
o 608 0.610000
o 607 0.610000
o 605 0.610000
o 604 0.610000
o 603 0.610000
o 602 0.610000
o 601 0.610000
o 600 0.610000
o 599 0.610000
o 594 0.620000
o 593 0.620000
o 523 2.350000
o 522 2.350000
o 521 2.350000
o 516 2.350000
o 514 2.350000
o 510 2.360000
o 509 2.370000
o 508 189.060000
o 507 189.290000
507	189.290000
judgment-aggregation-ja-slater-preflib-00049-00000451
o 754 0.600000
o 753 0.630000
o 752 0.630000
o 751 0.630000
o 750 0.630000
o 749 0.630000
o 748 0.630000
o 747 0.630000
o 746 0.630000
o 745 0.630000
o 744 0.630000
o 743 0.630000
o 742 0.630000
o 741 0.630000
o 740 0.630000
o 739 0.630000
o 738 0.630000
o 737 0.630000
o 736 0.630000
o 735 0.630000
o 734 0.630000
o 733 0.630000
o 732 0.630000
o 731 0.630000
o 730 0.630000
o 729 0.630000
o 728 0.630000
o 727 0.630000
o 726 0.630000
o 725 0.630000
o 724 0.630000
o 723 0.630000
o 722 0.630000
o 721 0.630000
o 720 0.630000
o 719 0.630000
o 718 0.630000
o 717 0.630000
o 716 0.630000
o 715 0.630000
o 714 0.630000
o 713 0.630000
o 712 0.630000
o 711 0.630000
o 710 0.630000
o 709 0.630000
o 708 0.630000
o 707 0.630000
o 706 0.630000
o 705 0.630000
o 704 0.630000
o 703 0.630000
o 701 0.630000
o 700 0.630000
o 699 0.630000
o 698 0.630000
o 697 0.630000
o 696 0.630000
o 695 0.630000
o 694 0.630000
o 693 0.630000
o 692 0.630000
o 691 0.630000
o 690 0.630000
o 689 0.630000
o 688 0.630000
o 687 0.630000
o 686 0.630000
o 685 0.630000
o 684 0.630000
o 683 0.630000
o 682 0.630000
o 681 0.630000
o 680 0.630000
o 679 0.630000
o 678 0.630000
o 677 0.630000
o 676 0.630000
o 675 0.630000
o 674 0.630000
o 673 0.630000
o 672 0.630000
o 671 0.630000
o 669 0.630000
o 668 0.630000
o 667 0.630000
o 666 0.630000
o 665 0.630000
o 664 0.630000
o 663 0.630000
o 662 0.630000
o 661 0.630000
o 660 0.630000
o 659 0.630000
o 658 0.630000
o 657 0.630000
o 656 0.630000
o 655 0.630000
o 654 0.630000
o 650 0.630000
o 649 0.630000
o 648 0.630000
o 647 0.630000
o 646 0.630000
o 645 0.630000
o 644 0.630000
o 634 0.640000
o 633 0.640000
o 632 0.640000
o 631 0.640000
o 630 0.640000
o 629 0.640000
o 628 0.640000
o 627 0.640000
o 626 0.640000
o 625 0.640000
o 624 0.640000
o 623 0.640000
o 622 0.640000
o 621 0.640000
o 620 0.640000
o 619 0.640000
o 618 0.640000
o 617 0.640000
o 616 0.640000
o 526 2.360000
o 522 2.370000
o 521 2.530000
o 520 8.280000
o 519 9.180000
o 518 40.480000
o 508 254.670000
o 507 255.730000
o 506 261.800000
506	261.800000
judgment-aggregation-ja-slater-preflib-00049-00000451
o 720 0.700000
o 719 0.730000
o 718 0.730000
o 717 0.730000
o 716 0.730000
o 715 0.730000
o 714 0.730000
o 713 0.730000
o 712 0.730000
o 711 0.730000
o 710 0.730000
o 709 0.730000
o 708 0.730000
o 707 0.730000
o 706 0.730000
o 705 0.730000
o 704 0.730000
o 703 0.730000
o 702 0.730000
o 701 0.730000
o 700 0.730000
o 699 0.730000
o 698 0.730000
o 697 0.730000
o 696 0.730000
o 695 0.730000
o 694 0.730000
o 693 0.730000
o 692 0.730000
o 691 0.730000
o 690 0.730000
o 689 0.730000
o 688 0.730000
o 687 0.730000
o 686 0.730000
o 685 0.730000
o 684 0.730000
o 683 0.730000
o 682 0.730000
o 681 0.730000
o 680 0.730000
o 679 0.730000
o 678 0.730000
o 677 0.730000
o 676 0.730000
o 675 0.730000
o 674 0.730000
o 673 0.730000
o 672 0.730000
o 671 0.730000
o 670 0.730000
o 669 0.730000
o 668 0.730000
o 667 0.730000
o 666 0.730000
o 664 0.730000
o 663 0.730000
o 662 0.730000
o 661 0.730000
o 660 0.730000
o 659 0.730000
o 658 0.730000
o 657 0.730000
o 656 0.730000
o 655 0.730000
o 654 0.730000
o 653 0.730000
o 652 0.730000
o 651 0.730000
o 650 0.730000
o 649 0.730000
o 648 0.730000
o 647 0.730000
o 645 0.740000
o 644 0.740000
o 643 0.740000
o 642 0.740000
o 641 0.740000
o 640 0.740000
o 639 0.740000
o 638 0.740000
o 637 0.740000
o 636 0.740000
o 635 0.740000
o 634 0.740000
o 632 0.740000
o 631 0.740000
o 630 0.740000
o 629 0.740000
o 628 0.740000
o 627 0.740000
o 626 0.740000
o 625 0.740000
o 624 0.740000
o 623 0.740000
o 622 0.740000
o 621 0.740000
o 620 0.740000
o 619 0.740000
o 618 0.740000
o 617 0.740000
o 616 0.740000
o 615 0.740000
o 614 0.740000
o 613 0.740000
o 612 0.740000
o 611 0.740000
o 610 0.740000
o 609 0.740000
o 607 0.740000
o 605 0.740000
o 604 0.740000
o 603 0.740000
o 601 0.750000
o 600 0.750000
o 599 0.750000
o 597 0.750000
o 508 3.400000
o 507 3.430000
o 506 3.440000
o 505 3.560000
505	3.560000
judgment-aggregation-ja-slater-preflib-00049-00000451
o 729 0.630000
o 728 0.650000
o 726 0.650000
o 725 0.650000
o 724 0.650000
o 723 0.650000
o 722 0.650000
o 721 0.650000
o 720 0.650000
o 719 0.650000
o 718 0.650000
o 717 0.650000
o 716 0.650000
o 715 0.650000
o 713 0.650000
o 712 0.650000
o 711 0.650000
o 710 0.650000
o 709 0.650000
o 708 0.650000
o 707 0.660000
o 706 0.660000
o 705 0.660000
o 704 0.660000
o 703 0.660000
o 702 0.660000
o 701 0.660000
o 700 0.660000
o 699 0.660000
o 698 0.660000
o 697 0.660000
o 696 0.660000
o 695 0.660000
o 694 0.660000
o 693 0.660000
o 692 0.660000
o 691 0.660000
o 690 0.660000
o 689 0.660000
o 688 0.660000
o 687 0.660000
o 686 0.660000
o 685 0.660000
o 684 0.660000
o 683 0.660000
o 682 0.660000
o 681 0.660000
o 680 0.660000
o 679 0.660000
o 678 0.660000
o 677 0.660000
o 676 0.660000
o 675 0.660000
o 674 0.660000
o 673 0.660000
o 671 0.660000
o 670 0.660000
o 669 0.660000
o 668 0.660000
o 667 0.660000
o 666 0.660000
o 665 0.660000
o 664 0.660000
o 663 0.660000
o 662 0.660000
o 661 0.660000
o 660 0.660000
o 659 0.660000
o 658 0.660000
o 657 0.660000
o 656 0.660000
o 655 0.660000
o 654 0.660000
o 653 0.660000
o 652 0.660000
o 650 0.660000
o 649 0.660000
o 648 0.660000
o 647 0.660000
o 646 0.660000
o 645 0.660000
o 644 0.660000
o 643 0.660000
o 642 0.660000
o 640 0.660000
o 639 0.660000
o 638 0.660000
o 637 0.660000
o 636 0.660000
o 634 0.660000
o 633 0.660000
o 632 0.660000
o 631 0.660000
o 630 0.660000
o 629 0.660000
o 628 0.660000
o 627 0.660000
o 626 0.660000
o 625 0.660000
o 624 0.660000
o 623 0.660000
o 622 0.660000
o 621 0.660000
o 620 0.660000
o 619 0.660000
o 618 0.660000
o 617 0.660000
o 616 0.660000
o 615 0.660000
o 614 0.660000
o 610 0.660000
o 609 0.660000
o 608 0.660000
o 607 0.660000
o 606 0.660000
o 605 0.670000
o 604 0.670000
o 603 0.670000
o 601 0.670000
o 600 0.670000
o 599 0.670000
o 598 0.670000
o 597 0.670000
o 596 0.670000
o 595 0.670000
o 594 0.670000
o 592 0.670000
o 591 0.670000
o 590 0.670000
o 589 0.670000
o 588 0.670000
o 587 0.670000
o 586 0.670000
o 585 0.670000
o 584 0.670000
o 583 0.670000
o 582 0.670000
o 580 0.670000
o 579 0.670000
o 578 0.670000
o 577 0.670000
o 576 0.670000
o 575 0.670000
o 574 0.670000
o 573 0.670000
o 572 0.670000
o 571 0.670000
o 569 0.670000
o 568 0.670000
o 567 0.670000
o 566 0.670000
o 565 0.670000
o 564 0.680000
o 563 0.680000
o 509 2.260000
o 508 2.290000
o 507 202.390000
507	202.390000
judgment-aggregation-ja-slater-preflib-00049-00000451
o 733 0.670000
o 732 0.690000
o 731 0.690000
o 730 0.690000
o 729 0.690000
o 728 0.690000
o 727 0.690000
o 726 0.690000
o 725 0.690000
o 723 0.690000
o 722 0.690000
o 721 0.690000
o 720 0.690000
o 719 0.690000
o 718 0.690000
o 717 0.690000
o 716 0.690000
o 715 0.690000
o 714 0.690000
o 713 0.690000
o 712 0.690000
o 711 0.690000
o 710 0.690000
o 709 0.690000
o 708 0.690000
o 707 0.690000
o 706 0.690000
o 705 0.690000
o 704 0.690000
o 703 0.690000
o 702 0.690000
o 701 0.690000
o 700 0.690000
o 699 0.690000
o 698 0.690000
o 697 0.690000
o 696 0.690000
o 695 0.690000
o 694 0.690000
o 693 0.690000
o 692 0.690000
o 691 0.690000
o 690 0.690000
o 689 0.690000
o 688 0.690000
o 687 0.690000
o 684 0.690000
o 683 0.690000
o 682 0.690000
o 681 0.690000
o 680 0.690000
o 679 0.690000
o 678 0.690000
o 677 0.690000
o 676 0.690000
o 675 0.690000
o 674 0.690000
o 673 0.690000
o 672 0.690000
o 671 0.690000
o 670 0.690000
o 669 0.690000
o 668 0.690000
o 667 0.690000
o 666 0.690000
o 665 0.690000
o 664 0.690000
o 663 0.690000
o 662 0.690000
o 661 0.690000
o 660 0.690000
o 659 0.690000
o 658 0.690000
o 657 0.690000
o 656 0.690000
o 655 0.690000
o 654 0.690000
o 653 0.690000
o 652 0.690000
o 651 0.690000
o 650 0.690000
o 649 0.690000
o 636 0.700000
o 635 0.700000
o 634 0.700000
o 633 0.700000
o 632 0.700000
o 631 0.700000
o 630 0.700000
o 629 0.700000
o 628 0.700000
o 627 0.700000
o 626 0.700000
o 625 0.700000
o 624 0.700000
o 623 0.700000
o 622 0.700000
o 621 0.700000
o 620 0.700000
o 619 0.700000
o 618 0.700000
o 617 0.700000
o 616 0.700000
o 615 0.700000
o 613 0.700000
o 612 0.700000
o 611 0.700000
o 607 0.700000
o 606 0.700000
o 605 0.710000
o 602 0.710000
o 601 0.710000
o 600 0.710000
o 599 0.710000
o 598 0.710000
o 597 0.710000
o 596 0.710000
o 595 0.710000
o 594 0.710000
o 593 0.710000
o 592 0.710000
o 590 0.710000
o 589 0.710000
o 588 0.710000
o 587 0.710000
o 586 0.710000
o 585 0.710000
o 584 0.710000
o 583 0.710000
o 582 0.710000
o 580 0.710000
o 577 0.710000
o 576 0.710000
o 573 0.710000
o 570 0.710000
o 569 0.710000
o 521 2.400000
o 518 2.410000
o 517 2.410000
o 514 2.440000
o 513 2.460000
o 512 2.490000
o 511 4.870000
o 510 7.330000
o 509 9.950000
o 508 17.110000
o 507 94.030000
o 506 255.040000
506	255.040000
