judgment-aggregation-ja-maxham-preflib-00049-00000260
o 77 0.110000
o 63 0.680000
o 57 0.730000
o 56 0.730000
o 55 0.770000
o 54 0.860000
o 53 2.120000
o 52 89.470000
o 51 174.940000
51	174.940000
judgment-aggregation-ja-maxham-preflib-00049-00000260
o 76 0.110000
o 65 0.550000
o 64 0.550000
o 57 0.580000
o 56 0.590000
o 55 0.590000
o 54 0.620000
o 53 0.660000
o 52 0.740000
o 51 25.490000
51	25.490000
judgment-aggregation-ja-maxham-preflib-00049-00000260
o 78 0.100000
o 56 0.510000
o 55 0.510000
o 54 0.520000
o 53 0.580000
o 52 8.770000
52	8.770000
judgment-aggregation-ja-maxham-preflib-00049-00000260
o 82 0.110000
o 53 0.600000
o 52 2.960000
o 51 80.550000
51	80.550000
judgment-aggregation-ja-maxham-preflib-00049-00000260
o 74 0.110000
o 62 0.580000
o 60 0.590000
o 58 0.590000
o 56 0.600000
o 55 0.610000
o 54 0.620000
o 53 8.960000
o 52 8.970000
o 51 84.050000
51	84.050000
judgment-aggregation-ja-maxham-preflib-00049-00000260
o 74 0.100000
o 62 0.410000
o 60 0.610000
o 59 0.610000
o 55 0.630000
o 54 0.700000
o 53 25.360000
o 52 32.450000
o 51 224.930000
51	224.930000
judgment-aggregation-ja-maxham-preflib-00049-00000260
o 80 0.090000
o 57 0.460000
o 55 0.470000
o 54 0.470000
o 53 0.800000
o 52 93.340000
o 51 208.340000
51	208.340000
judgment-aggregation-ja-maxham-preflib-00049-00000260
o 71 0.110000
o 56 0.530000
o 55 0.530000
o 54 0.580000
o 53 8.890000
o 52 8.920000
o 51 161.880000
51	161.880000
judgment-aggregation-ja-maxham-preflib-00049-00000260
o 75 0.100000
o 74 0.410000
o 56 0.520000
o 55 0.520000
o 54 0.540000
o 53 8.650000
o 52 39.480000
52	39.480000
judgment-aggregation-ja-maxham-preflib-00049-00000260
o 79 0.100000
o 64 0.430000
o 55 0.490000
o 54 0.490000
o 53 0.680000
o 52 3.450000
o 51 156.440000
51	156.440000
