judgment-aggregation-ja-maxham-preflib-00049-00000444
o 78 0.050000
o 66 0.280000
o 57 0.350000
o 56 5.350000
o 55 51.770000
o 54 58.040000
54	58.040000
judgment-aggregation-ja-maxham-preflib-00049-00000444
o 75 0.040000
o 64 0.320000
o 60 0.330000
o 59 0.350000
o 58 0.380000
o 57 0.490000
o 56 0.520000
o 55 3.430000
o 54 51.060000
54	51.060000
judgment-aggregation-ja-maxham-preflib-00049-00000444
o 74 0.040000
o 70 0.310000
o 59 0.380000
o 58 0.420000
o 57 0.570000
o 56 0.690000
o 55 30.540000
o 54 78.660000
54	78.660000
judgment-aggregation-ja-maxham-preflib-00049-00000444
o 84 0.040000
o 61 0.290000
o 58 0.360000
o 57 0.390000
o 56 9.110000
o 55 9.120000
o 54 13.180000
54	13.180000
judgment-aggregation-ja-maxham-preflib-00049-00000444
o 80 0.040000
o 60 0.320000
o 57 0.340000
o 56 0.720000
o 55 0.770000
o 54 0.920000
54	0.920000
judgment-aggregation-ja-maxham-preflib-00049-00000444
o 75 0.040000
o 62 0.360000
o 60 0.380000
o 59 0.390000
o 58 0.400000
o 57 0.400000
o 56 8.830000
o 55 8.910000
o 54 23.480000
o 53 288.680000
53	288.680000
judgment-aggregation-ja-maxham-preflib-00049-00000444
o 74 0.080000
o 62 0.420000
o 61 0.440000
o 60 0.480000
o 59 5.330000
o 58 7.970000
o 57 16.060000
o 56 31.600000
o 55 31.900000
55	31.900000
judgment-aggregation-ja-maxham-preflib-00049-00000444
o 82 0.040000
o 70 0.320000
o 59 0.360000
o 58 0.370000
o 57 0.370000
o 56 16.890000
o 55 31.680000
o 54 113.160000
54	113.160000
judgment-aggregation-ja-maxham-preflib-00049-00000444
o 74 0.040000
o 66 0.270000
o 57 0.330000
o 56 0.340000
o 55 13.300000
o 54 157.900000
54	157.900000
judgment-aggregation-ja-maxham-preflib-00049-00000444
o 75 0.040000
o 65 0.380000
o 57 0.440000
o 56 9.030000
o 55 10.550000
55	10.550000
