MaxSATQueriesinInterpretableClassifiers-twitter_train_2_CNF_4_1
o 2130 7.790000
o 2129 8.160000
o 2128 8.160000
o 2127 8.170000
o 2126 8.170000
o 2125 8.170000
o 2124 8.170000
o 2123 8.170000
o 2122 8.170000
o 2121 8.170000
o 2120 8.170000
o 2119 8.170000
o 2118 8.170000
o 2117 8.170000
o 2116 8.170000
o 2115 8.170000
o 2114 8.170000
o 2113 8.170000
o 2112 8.170000
o 2111 8.170000
o 2110 8.170000
o 2109 8.170000
o 2108 8.170000
o 2107 8.170000
o 2106 8.170000
o 2105 8.170000
o 2104 8.170000
o 2103 8.170000
o 2102 8.170000
o 2101 8.170000
o 2100 8.170000
o 2099 8.170000
o 2098 8.170000
o 2097 8.170000
o 2096 8.170000
o 2095 8.170000
o 2094 8.170000
o 2093 8.170000
o 2092 8.170000
o 2091 8.170000
o 2090 8.170000
o 2089 8.170000
o 2088 8.170000
o 2087 8.170000
o 2086 8.170000
o 2085 8.170000
o 2084 8.170000
o 2083 8.170000
o 2082 8.170000
o 2081 8.170000
o 2080 8.170000
o 2079 8.170000
o 2078 8.170000
o 2077 8.170000
o 2076 8.170000
o 2075 8.170000
o 2074 8.170000
o 2073 8.170000
o 2072 8.170000
o 2071 8.170000
o 2070 8.170000
o 2069 8.170000
o 2068 8.170000
o 2067 8.170000
o 2066 8.170000
o 2065 8.170000
o 2064 8.170000
o 2063 8.170000
o 2062 8.170000
o 2061 8.170000
o 2060 8.170000
o 2059 8.170000
o 2058 8.170000
o 2057 8.170000
o 2056 8.170000
o 2055 8.170000
o 2054 8.170000
o 2053 8.170000
o 2052 8.170000
o 2051 8.180000
o 2050 8.180000
o 2049 8.180000
o 2048 8.180000
o 2047 8.180000
o 2046 8.180000
o 2045 8.180000
o 2044 8.180000
o 2043 8.180000
o 2042 8.180000
o 2041 8.180000
o 2040 8.180000
o 2039 8.180000
o 2038 8.180000
o 2037 8.180000
o 2036 8.180000
o 2035 8.180000
o 2034 8.180000
o 2033 8.180000
o 2032 8.180000
o 2031 8.180000
o 2030 8.180000
o 2029 8.180000
o 2028 8.180000
o 2027 8.180000
o 2026 8.180000
o 2025 8.180000
o 2024 8.180000
o 2023 8.180000
o 2022 8.180000
o 2021 8.180000
o 2020 8.180000
o 2019 8.180000
o 2018 8.180000
o 2017 8.180000
o 2016 8.180000
o 2015 8.180000
o 2014 8.180000
o 2013 8.180000
o 2012 8.180000
o 2011 8.180000
o 1876 76.700000
o 1873 76.700000
o 1872 76.770000
o 1871 76.800000
1871	76.800000
MaxSATQueriesinInterpretableClassifiers-twitter_train_2_CNF_4_1
o 2279 8.860000
o 2278 9.010000
o 2277 9.010000
o 2276 9.010000
o 2275 9.010000
o 2274 9.010000
o 2273 9.010000
o 2272 9.010000
o 2271 9.010000
o 2270 9.010000
o 2269 9.010000
o 2268 9.010000
o 2267 9.010000
o 2266 9.010000
o 2265 9.010000
o 2264 9.010000
o 2263 9.010000
o 2262 9.010000
o 2261 9.010000
o 2260 9.010000
o 2259 9.010000
o 2258 9.010000
o 2257 9.010000
o 2256 9.010000
o 2255 9.010000
o 2254 9.010000
o 2253 9.010000
o 2252 9.010000
o 2251 9.010000
o 2250 9.010000
o 2249 9.010000
o 2248 9.010000
o 2247 9.010000
o 2246 9.010000
o 2245 9.010000
o 2244 9.010000
o 2243 9.010000
o 2242 9.010000
o 2241 9.010000
o 2240 9.010000
o 2239 9.010000
o 2238 9.010000
o 2237 9.010000
o 2236 9.010000
o 2235 9.010000
o 2234 9.010000
o 2233 9.010000
o 2232 9.010000
o 2231 9.010000
o 2230 9.010000
o 2229 9.010000
o 2228 9.010000
o 2227 9.010000
o 2226 9.010000
o 2225 9.010000
o 2224 9.020000
o 2223 9.020000
o 2222 9.020000
o 2221 9.020000
o 2220 9.020000
o 2219 9.020000
o 2218 9.020000
o 2217 9.020000
o 2216 9.020000
o 2215 9.020000
o 2214 9.020000
o 2213 9.020000
o 2212 9.020000
o 2211 9.020000
o 2210 9.020000
o 2209 9.020000
o 2208 9.020000
o 2207 9.020000
o 2206 9.020000
o 2205 9.020000
o 2204 9.020000
o 2203 9.020000
o 2202 9.020000
o 2201 9.020000
o 2200 9.020000
o 2199 9.020000
o 2198 9.020000
o 2197 9.020000
o 2196 9.020000
o 2195 9.020000
o 2194 9.020000
o 2193 9.020000
o 2192 9.020000
o 2191 9.020000
o 2190 9.020000
o 2189 9.020000
o 2188 9.020000
o 2187 9.020000
o 2186 9.020000
o 2185 9.020000
o 2184 9.020000
o 2183 9.020000
o 2182 9.020000
o 2181 9.020000
o 2180 9.020000
o 2179 9.020000
o 2178 9.020000
o 2177 9.020000
o 2176 9.020000
o 2175 9.020000
o 2174 9.020000
o 2173 9.020000
o 2172 9.020000
o 2171 9.020000
o 2170 9.020000
o 2169 9.020000
o 2168 9.020000
o 2167 9.020000
o 2166 9.020000
o 2165 9.020000
o 2164 9.020000
o 2163 9.020000
o 2162 9.020000
o 2161 9.020000
o 2160 9.020000
o 2159 9.020000
o 2158 9.020000
o 2157 9.020000
o 2156 9.020000
o 2155 9.020000
o 2154 9.020000
o 2153 9.020000
o 2152 9.020000
o 2151 9.020000
o 2150 9.020000
o 2149 9.020000
o 2148 9.020000
o 2147 9.020000
o 2146 9.020000
o 2145 9.020000
o 2144 9.020000
o 2143 9.020000
o 2142 9.020000
o 2141 9.020000
o 2140 9.020000
o 2139 9.020000
o 2138 9.030000
o 2137 9.030000
o 2136 9.030000
o 2135 9.030000
o 2134 9.030000
o 2133 9.030000
o 2132 9.030000
o 2131 9.030000
o 2130 9.030000
o 2129 9.030000
o 2128 9.030000
o 2127 9.030000
o 2126 9.030000
o 2125 9.030000
o 2124 9.030000
o 2123 9.030000
o 2122 9.030000
o 2121 9.030000
o 2120 9.030000
o 2119 9.030000
o 2118 9.030000
o 2117 9.030000
o 2116 9.030000
o 2115 9.030000
o 2114 9.030000
o 2113 9.030000
o 2112 9.030000
o 2111 9.030000
o 2110 9.030000
o 2109 9.030000
o 2108 9.030000
o 2107 9.030000
o 2106 9.030000
o 2105 9.030000
o 2104 9.030000
o 2103 9.030000
o 2102 9.030000
o 2101 9.030000
o 2100 9.030000
o 2099 9.030000
o 2098 9.030000
o 2097 9.030000
o 2096 9.030000
o 2095 9.030000
o 2094 9.030000
o 2093 9.030000
o 2092 9.030000
o 2091 9.030000
o 2090 9.030000
o 2089 9.030000
o 2088 9.030000
o 2087 9.030000
o 2086 9.030000
o 2085 9.030000
o 2084 9.030000
o 2083 9.030000
o 2082 9.030000
o 2081 9.030000
o 1919 60.230000
o 1917 60.320000
o 1916 69.450000
o 1915 74.860000
o 1912 103.080000
o 1911 109.340000
o 1875 115.410000
o 1873 115.420000
o 1872 127.360000
o 1871 127.360000
o 1870 128.110000
o 1869 128.340000
o 1868 128.610000
o 1867 129.500000
o 1866 130.350000
o 1865 130.500000
o 1864 130.500000
o 1863 130.650000
o 1862 130.860000
o 1861 132.400000
o 1860 132.800000
o 1859 132.810000
o 1858 132.940000
o 1857 132.950000
o 1856 133.150000
o 1855 133.560000
o 1854 133.920000
o 1853 134.110000
o 1852 134.110000
o 1851 134.290000
o 1850 134.350000
o 1849 134.440000
o 1848 134.440000
o 1846 134.570000
o 1845 134.570000
o 1844 134.850000
o 1843 135.360000
o 1842 135.420000
o 1841 146.810000
o 1840 150.220000
o 1839 150.280000
o 1838 157.210000
o 1837 157.660000
o 1836 157.910000
o 1835 159.340000
o 1834 160.380000
o 1833 160.520000
o 1832 160.790000
o 1831 161.750000
o 1828 163.770000
o 1827 165.630000
o 1826 166.080000
o 1825 166.080000
o 1824 167.850000
o 1807 168.490000
o 1806 168.540000
o 1805 168.580000
o 1803 168.790000
o 1802 168.790000
o 1797 169.730000
o 1796 169.820000
o 1795 170.240000
o 1794 173.100000
o 1793 173.100000
o 1792 173.440000
o 1791 173.440000
o 1790 173.710000
o 1789 174.120000
o 1788 174.770000
o 1787 176.460000
o 1786 176.520000
o 1785 176.820000
o 1784 177.080000
o 1783 178.110000
o 1782 178.750000
o 1781 182.930000
o 1780 183.200000
1780	183.200000
MaxSATQueriesinInterpretableClassifiers-twitter_train_2_CNF_4_1
o 2472 6.450000
o 2471 6.600000
o 2470 6.600000
o 2469 6.600000
o 2468 6.600000
o 2467 6.600000
o 2466 6.600000
o 2465 6.600000
o 2464 6.600000
o 2463 6.600000
o 2462 6.600000
o 2461 6.600000
o 2460 6.600000
o 2459 6.600000
o 2458 6.600000
o 2457 6.600000
o 2456 6.600000
o 2455 6.600000
o 2454 6.600000
o 2453 6.610000
o 2452 6.610000
o 2451 6.610000
o 2450 6.610000
o 2449 6.610000
o 2448 6.610000
o 2447 6.610000
o 2446 6.610000
o 2445 6.610000
o 2444 6.610000
o 2443 6.610000
o 2442 6.610000
o 2441 6.610000
o 2440 6.610000
o 2439 6.610000
o 2438 6.610000
o 2437 6.610000
o 2436 6.610000
o 2435 6.610000
o 2434 6.610000
o 2433 6.610000
o 2432 6.610000
o 2431 6.610000
o 2430 6.610000
o 2429 6.610000
o 2428 6.610000
o 2427 6.610000
o 2426 6.610000
o 2425 6.610000
o 2424 6.610000
o 2423 6.610000
o 2422 6.610000
o 2421 6.610000
o 2420 6.610000
o 2419 6.610000
o 2418 6.610000
o 2417 6.610000
o 2416 6.610000
o 2415 6.610000
o 2414 6.610000
o 2413 6.610000
o 2412 6.610000
o 2411 6.610000
o 2410 6.610000
o 2409 6.610000
o 2408 6.610000
o 2407 6.610000
o 2406 6.610000
o 2405 6.610000
o 2404 6.610000
o 2403 6.610000
o 2402 6.610000
o 2401 6.610000
o 2400 6.610000
o 2399 6.610000
o 2398 6.610000
o 2397 6.610000
o 2396 6.610000
o 2395 6.610000
o 2394 6.610000
o 2393 6.610000
o 2392 6.610000
o 2391 6.610000
o 2390 6.610000
o 2389 6.610000
o 2388 6.610000
o 2387 6.610000
o 2386 6.610000
o 2385 6.610000
o 2384 6.610000
o 2383 6.610000
o 2382 6.610000
o 2381 6.610000
o 2380 6.610000
o 2379 6.610000
o 2378 6.610000
o 2377 6.610000
o 2376 6.610000
o 2375 6.610000
o 2374 6.610000
o 2373 6.610000
o 2372 6.620000
o 2371 6.620000
o 2370 6.620000
o 2369 6.620000
o 2368 6.620000
o 2367 6.620000
o 2366 6.620000
o 2365 6.620000
o 2364 6.620000
o 2363 6.620000
o 2362 6.620000
o 2361 6.620000
o 2360 6.620000
o 2359 6.620000
o 2358 6.620000
o 2357 6.620000
o 2356 6.620000
o 2355 6.620000
o 2354 6.620000
o 2353 6.620000
o 2352 6.620000
o 2351 6.620000
o 2350 6.620000
o 2349 6.620000
o 2348 6.620000
o 2347 6.620000
o 2346 6.620000
o 2345 6.620000
o 2344 6.620000
o 2343 6.620000
o 2342 6.620000
o 2341 6.620000
o 2340 6.620000
o 2339 6.620000
o 2338 6.620000
o 2337 6.620000
o 2336 6.620000
o 2335 6.620000
o 2334 6.620000
o 2333 6.620000
o 2332 6.620000
o 2331 6.620000
o 2330 6.620000
o 2329 6.620000
o 2328 6.620000
o 2327 6.620000
o 2326 6.620000
o 2325 6.620000
o 2324 6.620000
o 2323 6.620000
o 2322 6.620000
o 2321 6.620000
o 2320 6.620000
o 2319 6.620000
o 2318 6.620000
o 2317 6.620000
o 2316 6.620000
o 2315 6.620000
o 2314 6.620000
o 2313 6.620000
o 2312 6.620000
o 2311 6.620000
o 2310 6.620000
o 2309 6.620000
o 2308 6.620000
o 2307 6.620000
o 2306 6.620000
o 2305 6.620000
o 2304 6.620000
o 2303 6.620000
o 2302 6.620000
o 2301 6.620000
o 2300 6.620000
o 2299 6.620000
o 2298 6.620000
o 2297 6.630000
o 2296 6.630000
o 2295 6.630000
o 2294 6.630000
o 2293 6.630000
o 2292 6.630000
o 2291 6.630000
o 1791 60.680000
o 1790 61.120000
o 1789 61.150000
1789	61.150000
MaxSATQueriesinInterpretableClassifiers-twitter_train_2_CNF_4_1
o 2570 7.650000
o 2569 7.830000
o 2568 7.830000
o 2567 7.830000
o 2566 7.830000
o 2565 7.830000
o 2564 7.830000
o 2563 7.830000
o 2562 7.830000
o 2561 7.830000
o 2560 7.830000
o 2559 7.830000
o 2558 7.830000
o 2557 7.830000
o 2556 7.830000
o 2555 7.830000
o 2554 7.830000
o 2553 7.830000
o 2552 7.830000
o 2551 7.830000
o 2550 7.830000
o 2549 7.830000
o 2548 7.830000
o 2547 7.830000
o 2546 7.830000
o 2545 7.830000
o 2544 7.830000
o 2543 7.830000
o 2542 7.830000
o 2541 7.830000
o 2540 7.830000
o 2539 7.830000
o 2538 7.830000
o 2537 7.830000
o 2536 7.830000
o 2535 7.830000
o 2534 7.830000
o 2533 7.830000
o 2532 7.830000
o 2531 7.830000
o 2530 7.830000
o 2529 7.830000
o 2528 7.830000
o 2527 7.830000
o 2526 7.830000
o 2525 7.830000
o 2524 7.830000
o 2523 7.830000
o 2522 7.830000
o 2521 7.830000
o 2520 7.830000
o 2519 7.830000
o 2518 7.830000
o 2517 7.830000
o 2516 7.830000
o 2515 7.830000
o 2514 7.830000
o 2513 7.830000
o 2512 7.830000
o 2511 7.830000
o 2510 7.830000
o 2509 7.830000
o 2508 7.830000
o 2507 7.830000
o 2506 7.830000
o 2505 7.830000
o 2504 7.830000
o 2503 7.830000
o 2502 7.830000
o 2501 7.830000
o 2500 7.830000
o 2499 7.830000
o 2498 7.830000
o 2497 7.830000
o 2496 7.830000
o 2495 7.840000
o 2494 7.840000
o 2493 7.840000
o 2492 7.840000
o 2491 7.840000
o 2490 7.840000
o 2489 7.840000
o 2488 7.840000
o 2487 7.840000
o 2486 7.840000
o 2485 7.840000
o 2484 7.840000
o 2483 7.840000
o 2482 7.840000
o 2481 7.840000
o 2480 7.840000
o 2479 7.840000
o 2478 7.840000
o 2477 7.840000
o 2476 7.840000
o 2475 7.840000
o 2474 7.840000
o 2473 7.840000
o 2472 7.840000
o 2471 7.840000
o 2470 7.840000
o 2469 7.840000
o 2468 7.840000
o 2467 7.840000
o 2466 7.840000
o 2465 7.840000
o 2464 7.840000
o 2463 7.840000
o 2462 7.840000
o 2461 7.840000
o 2460 7.840000
o 2459 7.840000
o 2458 7.840000
o 2457 7.840000
o 2456 7.840000
o 2455 7.840000
o 2454 7.840000
o 2453 7.840000
o 2452 7.840000
o 2451 7.840000
o 2450 7.840000
o 2449 7.840000
o 2448 7.840000
o 2447 7.840000
o 2446 7.840000
o 2445 7.840000
o 2444 7.840000
o 2443 7.840000
o 2442 7.840000
o 2441 7.840000
o 2440 7.840000
o 2439 7.840000
o 2438 7.840000
o 2437 7.840000
o 2436 7.840000
o 2435 7.840000
o 2434 7.840000
o 2433 7.840000
o 2432 7.840000
o 2431 7.840000
o 2430 7.840000
o 2429 7.840000
o 2428 7.840000
o 2427 7.840000
o 2426 7.840000
o 2425 7.840000
o 2424 7.840000
o 2423 7.850000
o 2422 7.850000
o 2421 7.850000
o 2420 7.850000
o 2419 7.850000
o 2418 7.850000
o 2417 7.850000
o 2416 7.850000
o 2415 7.850000
o 2414 7.850000
o 2413 7.850000
o 2412 7.850000
o 2411 7.850000
o 2410 7.850000
o 2409 7.850000
o 2408 7.850000
o 2407 7.850000
o 2406 7.850000
o 2405 7.850000
o 2404 7.850000
o 2403 7.850000
o 2402 7.850000
o 2401 7.850000
o 2400 7.850000
o 2399 7.850000
o 2398 7.850000
o 2397 7.850000
o 2396 7.850000
o 2395 7.850000
o 2394 7.850000
o 2393 7.850000
o 2392 7.850000
o 2391 7.850000
o 2390 7.850000
o 2389 7.850000
o 2388 7.850000
o 2387 7.850000
o 2386 7.850000
o 2385 7.850000
o 2384 7.850000
o 2383 7.850000
o 2382 7.850000
o 2381 7.850000
o 2380 7.850000
o 2379 7.850000
o 2378 7.850000
o 2377 7.850000
o 2376 7.850000
o 2375 7.850000
o 2374 7.850000
o 2373 7.850000
o 2372 7.850000
o 1828 69.220000
1828	69.220000
MaxSATQueriesinInterpretableClassifiers-twitter_train_2_CNF_4_1
o 2266 8.150000
o 2265 8.330000
o 2264 8.330000
o 2263 8.330000
o 2262 8.330000
o 2261 8.330000
o 2260 8.330000
o 2259 8.330000
o 2258 8.330000
o 2257 8.330000
o 2256 8.330000
o 2255 8.330000
o 2254 8.330000
o 2253 8.330000
o 2252 8.330000
o 2251 8.330000
o 2250 8.330000
o 2249 8.330000
o 2248 8.330000
o 2247 8.330000
o 2246 8.330000
o 2245 8.330000
o 2244 8.330000
o 2243 8.330000
o 2242 8.330000
o 2241 8.330000
o 2240 8.330000
o 2239 8.330000
o 2238 8.330000
o 2237 8.330000
o 2236 8.340000
o 2235 8.340000
o 2234 8.340000
o 2233 8.340000
o 2232 8.340000
o 2231 8.340000
o 2230 8.340000
o 2229 8.340000
o 2228 8.340000
o 2227 8.340000
o 2226 8.340000
o 2225 8.340000
o 2224 8.340000
o 2223 8.340000
o 2222 8.340000
o 2221 8.340000
o 2220 8.340000
o 2219 8.340000
o 2218 8.340000
o 2217 8.340000
o 2216 8.340000
o 2215 8.340000
o 2214 8.340000
o 2213 8.340000
o 2212 8.340000
o 2211 8.340000
o 2210 8.340000
o 2209 8.340000
o 2208 8.340000
o 2207 8.340000
o 2206 8.340000
o 2205 8.340000
o 2204 8.340000
o 2203 8.340000
o 2202 8.340000
o 2201 8.340000
o 2200 8.340000
o 2199 8.340000
o 2198 8.340000
o 2197 8.340000
o 2196 8.340000
o 2195 8.340000
o 2194 8.340000
o 2193 8.340000
o 2192 8.340000
o 2191 8.340000
o 2190 8.340000
o 2189 8.340000
o 2188 8.340000
o 2187 8.340000
o 2186 8.340000
o 2185 8.340000
o 2184 8.340000
o 2183 8.340000
o 2182 8.340000
o 2181 8.340000
o 2180 8.340000
o 2179 8.340000
o 2178 8.340000
o 2177 8.340000
o 2176 8.340000
o 2175 8.340000
o 2174 8.340000
o 2173 8.340000
o 2172 8.340000
o 2171 8.340000
o 2170 8.340000
o 2169 8.340000
o 2168 8.340000
o 2167 8.340000
o 2166 8.340000
o 2165 8.340000
o 2164 8.340000
o 2163 8.340000
o 2162 8.340000
o 2161 8.340000
o 2160 8.340000
o 2159 8.340000
o 2158 8.340000
o 2157 8.340000
o 2156 8.340000
o 2155 8.340000
o 2154 8.340000
o 2153 8.340000
o 2152 8.340000
o 2151 8.340000
o 2150 8.350000
o 2149 8.350000
o 2148 8.350000
o 2147 8.350000
o 2146 8.350000
o 2145 8.350000
o 2144 8.350000
o 2143 8.350000
o 2142 8.350000
o 2141 8.350000
o 2140 8.350000
o 2139 8.350000
o 2138 8.350000
o 2137 8.350000
o 2136 8.350000
o 2135 8.350000
o 2134 8.350000
o 2133 8.350000
o 2132 8.350000
o 2131 8.350000
o 2130 8.350000
o 2129 8.350000
o 2128 8.350000
o 2127 8.350000
o 2126 8.350000
o 2125 8.350000
o 2124 8.350000
o 2123 8.350000
o 2122 8.350000
o 2121 8.350000
o 2120 8.350000
o 2119 8.350000
o 2118 8.350000
o 2117 8.350000
o 2116 8.350000
o 2115 8.350000
o 2114 8.350000
o 2113 8.350000
o 2112 8.350000
o 2111 8.350000
o 2110 8.350000
o 2109 8.350000
o 2108 8.350000
o 2107 8.350000
o 2106 8.350000
o 2105 8.350000
o 2104 8.350000
o 2103 8.350000
o 2102 8.350000
o 2101 8.350000
o 2100 8.350000
o 2099 8.350000
o 2098 8.350000
o 2097 8.350000
o 2096 8.350000
o 2095 8.350000
o 2094 8.350000
o 2093 8.350000
o 2092 8.350000
o 2091 8.350000
o 2090 8.350000
o 2089 8.350000
o 2088 8.350000
o 2087 8.350000
o 2086 8.350000
o 2085 8.350000
o 2084 8.350000
o 2083 8.350000
o 2082 8.350000
o 2081 8.350000
o 2080 8.350000
o 2079 8.350000
o 1892 64.020000
o 1891 64.190000
o 1890 66.570000
o 1889 66.570000
o 1888 66.570000
o 1887 66.580000
o 1886 66.640000
o 1885 66.640000
o 1884 66.650000
o 1883 66.660000
o 1882 66.660000
o 1881 66.660000
o 1880 66.660000
o 1879 66.660000
o 1878 66.670000
o 1877 66.680000
o 1876 66.690000
o 1875 66.710000
o 1874 66.710000
o 1873 66.710000
o 1872 66.710000
o 1871 66.710000
o 1870 66.730000
o 1869 66.730000
o 1868 66.730000
o 1867 66.730000
o 1866 66.730000
o 1865 66.750000
o 1864 66.750000
o 1863 66.760000
o 1862 66.760000
o 1861 66.760000
o 1860 66.770000
o 1859 66.780000
o 1857 66.780000
o 1856 66.780000
o 1855 66.780000
o 1854 66.800000
o 1853 66.800000
o 1852 66.800000
o 1851 66.830000
o 1850 66.830000
o 1849 66.840000
o 1848 66.890000
o 1847 66.900000
o 1846 66.930000
o 1845 66.940000
o 1844 67.030000
o 1843 67.030000
o 1842 67.030000
o 1841 67.070000
o 1840 67.080000
o 1839 67.120000
o 1838 67.160000
o 1837 67.220000
o 1836 67.220000
o 1835 67.510000
o 1834 67.590000
o 1833 67.610000
o 1832 67.860000
o 1831 67.970000
o 1830 68.750000
o 1829 69.230000
o 1828 70.000000
o 1827 70.190000
o 1826 70.310000
o 1825 70.490000
o 1824 70.560000
o 1823 70.580000
o 1822 70.710000
o 1821 70.730000
o 1820 71.070000
o 1819 71.100000
o 1818 71.370000
1818	71.370000
MaxSATQueriesinInterpretableClassifiers-twitter_train_2_CNF_4_1
o 2090 10.020000
o 2089 10.190000
o 2088 10.190000
o 2087 10.190000
o 2086 10.200000
o 2085 10.200000
o 2084 10.200000
o 2083 10.200000
o 2082 10.200000
o 2081 10.200000
o 2080 10.200000
o 2079 10.200000
o 2078 10.200000
o 2077 10.200000
o 2076 10.200000
o 2075 10.200000
o 2074 10.200000
o 2073 10.200000
o 2072 10.200000
o 2071 10.200000
o 2070 10.200000
o 2069 10.200000
o 2068 10.200000
o 2067 10.200000
o 2066 10.200000
o 2065 10.200000
o 2064 10.200000
o 2063 10.200000
o 2062 10.200000
o 2061 10.200000
o 2060 10.200000
o 2059 10.200000
o 2058 10.200000
o 2057 10.200000
o 2056 10.200000
o 2055 10.200000
o 2054 10.200000
o 2053 10.200000
o 2052 10.200000
o 2051 10.200000
o 2050 10.200000
o 2049 10.200000
o 2048 10.200000
o 2047 10.200000
o 2046 10.200000
o 2045 10.200000
o 2044 10.200000
o 2043 10.200000
o 2042 10.200000
o 2041 10.200000
o 2040 10.200000
o 2039 10.200000
o 2038 10.200000
o 2037 10.200000
o 2036 10.200000
o 2035 10.200000
o 2034 10.200000
o 2033 10.200000
o 2032 10.200000
o 2031 10.200000
o 2030 10.200000
o 2029 10.200000
o 2028 10.200000
o 2027 10.200000
o 2026 10.200000
o 2025 10.200000
o 2024 10.200000
o 2023 10.200000
o 2022 10.200000
o 2021 10.200000
o 2020 10.200000
o 2019 10.200000
o 2018 10.200000
o 2017 10.200000
o 2016 10.200000
o 2015 10.200000
o 2014 10.200000
o 2013 10.200000
o 2012 10.200000
o 2011 10.200000
o 2010 10.200000
o 2009 10.200000
o 2008 10.200000
o 2007 10.200000
o 2006 10.200000
o 2005 10.200000
o 2004 10.200000
o 2003 10.200000
o 2002 10.200000
o 2001 10.210000
o 2000 10.210000
o 1999 10.210000
o 1998 10.210000
o 1997 10.210000
o 1996 10.210000
o 1995 10.210000
o 1994 10.210000
o 1993 10.210000
o 1992 10.210000
o 1991 10.210000
o 1990 10.210000
o 1989 10.210000
o 1988 10.210000
o 1987 10.210000
o 1986 10.210000
o 1985 10.210000
o 1984 10.210000
o 1983 10.210000
o 1982 10.210000
o 1981 10.210000
o 1980 10.210000
o 1979 10.210000
o 1978 10.210000
o 1977 10.210000
o 1976 10.210000
o 1975 10.210000
o 1974 10.210000
o 1973 10.210000
o 1972 10.210000
o 1971 10.210000
o 1970 10.210000
o 1969 10.210000
o 1968 10.210000
o 1967 10.210000
o 1966 10.210000
o 1965 10.210000
o 1964 10.210000
o 1963 10.210000
o 1962 10.210000
o 1961 10.210000
o 1960 10.210000
o 1798 66.680000
o 1797 66.690000
o 1796 66.690000
o 1795 66.770000
o 1794 71.810000
o 1792 72.610000
o 1789 72.750000
o 1787 73.010000
o 1786 73.450000
o 1785 73.460000
o 1784 73.510000
o 1783 98.270000
o 1782 98.630000
o 1781 101.060000
o 1780 101.060000
o 1779 101.110000
o 1778 101.120000
o 1777 102.110000
o 1776 102.910000
o 1775 103.250000
o 1774 106.400000
o 1773 106.760000
o 1772 106.900000
o 1771 107.440000
o 1770 107.790000
o 1769 107.820000
o 1768 109.760000
o 1767 109.830000
o 1765 110.400000
o 1764 110.480000
o 1763 112.510000
o 1762 112.510000
o 1761 112.710000
o 1760 114.730000
o 1759 114.730000
o 1758 114.750000
o 1757 115.180000
o 1756 117.950000
o 1755 117.990000
o 1754 117.990000
o 1753 120.240000
o 1752 120.240000
o 1751 120.240000
o 1750 120.590000
o 1749 122.550000
o 1748 122.550000
o 1747 122.660000
o 1746 131.720000
o 1745 132.260000
o 1744 132.580000
o 1743 135.440000
o 1742 135.670000
o 1741 140.610000
o 1740 140.730000
1740	140.730000
MaxSATQueriesinInterpretableClassifiers-twitter_train_2_CNF_4_1
o 2457 6.870000
o 2456 7.030000
o 2455 7.030000
o 2454 7.030000
o 2453 7.030000
o 2452 7.030000
o 2451 7.030000
o 2450 7.030000
o 2449 7.030000
o 2448 7.030000
o 2447 7.030000
o 2446 7.030000
o 2445 7.030000
o 2444 7.030000
o 2443 7.030000
o 2442 7.030000
o 2441 7.030000
o 2440 7.030000
o 2439 7.030000
o 2438 7.030000
o 2437 7.030000
o 2436 7.030000
o 2435 7.030000
o 2434 7.030000
o 2433 7.030000
o 2432 7.030000
o 2431 7.030000
o 2430 7.030000
o 2429 7.030000
o 2428 7.030000
o 2427 7.030000
o 2426 7.030000
o 2425 7.030000
o 2424 7.030000
o 2423 7.030000
o 2422 7.030000
o 2421 7.030000
o 2420 7.030000
o 2419 7.030000
o 2418 7.030000
o 2417 7.030000
o 2416 7.030000
o 2415 7.030000
o 2414 7.030000
o 2413 7.030000
o 2412 7.030000
o 2411 7.030000
o 2410 7.030000
o 2409 7.030000
o 2408 7.030000
o 2407 7.030000
o 2406 7.030000
o 2405 7.030000
o 2404 7.030000
o 2403 7.030000
o 2402 7.030000
o 2401 7.030000
o 2400 7.030000
o 2399 7.030000
o 2398 7.030000
o 2397 7.030000
o 2396 7.030000
o 2395 7.030000
o 2394 7.030000
o 2393 7.030000
o 2392 7.030000
o 2391 7.030000
o 2390 7.030000
o 2389 7.030000
o 2388 7.030000
o 2387 7.040000
o 2386 7.040000
o 2385 7.040000
o 2384 7.040000
o 2383 7.040000
o 2382 7.040000
o 2381 7.040000
o 2380 7.040000
o 2379 7.040000
o 2378 7.040000
o 2377 7.040000
o 2376 7.040000
o 2375 7.040000
o 2374 7.040000
o 2373 7.040000
o 2372 7.040000
o 2371 7.040000
o 2370 7.040000
o 2369 7.040000
o 2368 7.040000
o 2367 7.040000
o 2366 7.040000
o 2365 7.040000
o 2364 7.040000
o 2363 7.040000
o 2362 7.040000
o 2361 7.040000
o 2360 7.040000
o 2359 7.040000
o 2358 7.040000
o 2357 7.040000
o 2356 7.040000
o 2355 7.040000
o 2354 7.040000
o 2353 7.040000
o 2352 7.040000
o 2351 7.040000
o 2350 7.040000
o 2349 7.040000
o 2348 7.040000
o 2347 7.040000
o 2346 7.040000
o 2345 7.040000
o 2344 7.040000
o 2343 7.040000
o 2342 7.040000
o 2341 7.040000
o 2340 7.040000
o 2339 7.040000
o 2338 7.040000
o 2337 7.040000
o 2336 7.040000
o 2335 7.040000
o 2334 7.040000
o 2333 7.040000
o 2332 7.040000
o 2331 7.040000
o 2330 7.040000
o 2329 7.040000
o 2328 7.040000
o 1730 58.300000
o 1728 58.350000
o 1727 59.780000
o 1726 59.830000
o 1725 59.840000
o 1724 59.850000
o 1723 60.000000
o 1722 60.010000
o 1721 60.040000
o 1720 60.050000
o 1719 60.050000
o 1718 60.070000
o 1717 60.080000
o 1716 60.090000
o 1715 60.100000
o 1714 60.140000
o 1713 60.150000
o 1712 60.180000
o 1711 60.180000
o 1710 60.280000
o 1709 60.280000
o 1708 60.640000
o 1707 60.660000
o 1706 60.660000
o 1705 60.690000
o 1704 60.700000
o 1702 60.820000
o 1701 60.850000
o 1700 61.020000
o 1699 61.090000
o 1698 61.410000
o 1697 61.440000
o 1696 61.460000
o 1695 61.630000
1695	61.630000
MaxSATQueriesinInterpretableClassifiers-twitter_train_2_CNF_4_1
o 2263 7.520000
o 2262 7.670000
o 2261 7.670000
o 2260 7.670000
o 2259 7.670000
o 2258 7.670000
o 2257 7.670000
o 2256 7.670000
o 2255 7.670000
o 2254 7.670000
o 2253 7.670000
o 2252 7.670000
o 2251 7.670000
o 2250 7.670000
o 2249 7.670000
o 2248 7.670000
o 2247 7.670000
o 2246 7.670000
o 2245 7.670000
o 2244 7.670000
o 2243 7.670000
o 2242 7.670000
o 2241 7.670000
o 2240 7.670000
o 2239 7.680000
o 2238 7.680000
o 2237 7.680000
o 2236 7.680000
o 2235 7.680000
o 2234 7.680000
o 2233 7.680000
o 2232 7.680000
o 2231 7.680000
o 2230 7.680000
o 2229 7.680000
o 2228 7.680000
o 2227 7.680000
o 2226 7.680000
o 2225 7.680000
o 2224 7.680000
o 2223 7.680000
o 2222 7.680000
o 2221 7.680000
o 2220 7.680000
o 2219 7.680000
o 2218 7.680000
o 2217 7.680000
o 2216 7.680000
o 2215 7.680000
o 2214 7.680000
o 2213 7.680000
o 2212 7.680000
o 2211 7.680000
o 2210 7.680000
o 2209 7.680000
o 2208 7.680000
o 2207 7.680000
o 2206 7.680000
o 2205 7.680000
o 2204 7.680000
o 2203 7.680000
o 2202 7.680000
o 2201 7.680000
o 2200 7.680000
o 2199 7.680000
o 2198 7.680000
o 2197 7.680000
o 2196 7.680000
o 2195 7.680000
o 2194 7.680000
o 2193 7.680000
o 2192 7.680000
o 2191 7.680000
o 2190 7.680000
o 2189 7.680000
o 2188 7.680000
o 2187 7.680000
o 2186 7.680000
o 2185 7.680000
o 2184 7.680000
o 2183 7.680000
o 2182 7.680000
o 2181 7.680000
o 2180 7.680000
o 2179 7.680000
o 2178 7.680000
o 2177 7.680000
o 2176 7.680000
o 2175 7.680000
o 2174 7.680000
o 2173 7.680000
o 2172 7.680000
o 2171 7.680000
o 2170 7.680000
o 2169 7.680000
o 2168 7.680000
o 2167 7.680000
o 2166 7.680000
o 2165 7.680000
o 2164 7.680000
o 2163 7.680000
o 2162 7.680000
o 2161 7.680000
o 2160 7.680000
o 2159 7.680000
o 2158 7.680000
o 2157 7.680000
o 2156 7.680000
o 2155 7.680000
o 2154 7.680000
o 2153 7.690000
o 2152 7.690000
o 2151 7.690000
o 2150 7.690000
o 2149 7.690000
o 2148 7.690000
o 2147 7.690000
o 2146 7.690000
o 2145 7.690000
o 2144 7.690000
o 2143 7.690000
o 2142 7.690000
o 2141 7.690000
o 2140 7.690000
o 2139 7.690000
o 2138 7.690000
o 2137 7.690000
o 2136 7.690000
o 2135 7.690000
o 2134 7.690000
o 2133 7.690000
o 2132 7.690000
o 2131 7.690000
o 2130 7.690000
o 2129 7.690000
o 2128 7.690000
o 2127 7.690000
o 2126 7.690000
o 2125 7.690000
o 2124 7.690000
o 2123 7.690000
o 2122 7.690000
o 1827 54.530000
o 1825 55.740000
1825	55.740000
MaxSATQueriesinInterpretableClassifiers-twitter_train_2_CNF_4_1
o 2177 6.820000
o 2176 6.980000
o 2175 6.980000
o 2174 6.980000
o 2173 6.980000
o 2172 6.980000
o 2171 6.980000
o 2170 6.980000
o 2169 6.980000
o 2168 6.980000
o 2167 6.980000
o 2166 6.980000
o 2165 6.980000
o 2164 6.980000
o 2163 6.980000
o 2162 6.980000
o 2161 6.980000
o 2160 6.980000
o 2159 6.980000
o 2158 6.980000
o 2157 6.980000
o 2156 6.980000
o 2155 6.980000
o 2154 6.980000
o 2153 6.980000
o 2152 6.980000
o 2151 6.980000
o 2150 6.980000
o 2149 6.980000
o 2148 6.980000
o 2147 6.980000
o 2146 6.980000
o 2145 6.980000
o 2144 6.980000
o 2143 6.980000
o 2142 6.980000
o 2141 6.980000
o 2140 6.980000
o 2139 6.980000
o 2138 6.980000
o 2137 6.980000
o 2136 6.980000
o 2135 6.980000
o 2134 6.980000
o 2133 6.980000
o 2132 6.980000
o 2131 6.980000
o 2130 6.980000
o 2129 6.980000
o 2128 6.980000
o 2127 6.980000
o 2126 6.980000
o 2125 6.980000
o 2124 6.980000
o 2123 6.980000
o 2122 6.980000
o 2121 6.980000
o 2120 6.980000
o 2119 6.980000
o 2118 6.980000
o 2117 6.980000
o 2116 6.980000
o 2115 6.980000
o 2114 6.980000
o 2113 6.980000
o 2112 6.980000
o 2111 6.980000
o 2110 6.980000
o 2109 6.980000
o 2108 6.980000
o 2107 6.980000
o 2106 6.980000
o 2105 6.980000
o 2104 6.980000
o 2103 6.980000
o 2102 6.980000
o 2101 6.980000
o 2100 6.980000
o 2099 6.980000
o 2098 6.980000
o 2097 6.980000
o 2096 6.980000
o 2095 6.980000
o 2094 6.980000
o 2093 6.980000
o 2092 6.980000
o 2091 6.980000
o 2090 6.980000
o 2089 6.980000
o 2088 6.980000
o 2087 6.980000
o 2086 6.980000
o 2085 6.990000
o 2084 6.990000
o 2083 6.990000
o 2082 6.990000
o 2081 6.990000
o 2080 6.990000
o 2079 6.990000
o 2078 6.990000
o 2077 6.990000
o 2076 6.990000
o 2075 6.990000
o 2074 6.990000
o 2073 6.990000
o 1945 62.400000
o 1940 62.410000
o 1939 62.470000
o 1938 62.490000
o 1937 62.500000
o 1936 62.500000
o 1935 62.820000
o 1934 124.600000
o 1933 124.620000
o 1932 124.910000
o 1931 131.140000
o 1930 131.890000
o 1929 136.330000
o 1928 158.150000
o 1927 158.210000
o 1926 166.900000
o 1925 167.150000
o 1924 167.350000
o 1923 168.590000
1923	168.590000
MaxSATQueriesinInterpretableClassifiers-twitter_train_2_CNF_4_1
o 2233 7.420000
o 2232 7.580000
o 2231 7.580000
o 2230 7.580000
o 2229 7.580000
o 2228 7.580000
o 2227 7.580000
o 2226 7.580000
o 2225 7.580000
o 2224 7.580000
o 2223 7.580000
o 2222 7.580000
o 2221 7.580000
o 2220 7.580000
o 2219 7.580000
o 2218 7.580000
o 2217 7.590000
o 2216 7.590000
o 2215 7.590000
o 2214 7.590000
o 2213 7.590000
o 2212 7.590000
o 2211 7.590000
o 2210 7.590000
o 2209 7.590000
o 2208 7.590000
o 2207 7.590000
o 2206 7.590000
o 2205 7.590000
o 2204 7.590000
o 2203 7.590000
o 2202 7.590000
o 2201 7.590000
o 2200 7.590000
o 2199 7.590000
o 2198 7.590000
o 2197 7.590000
o 2196 7.590000
o 2195 7.590000
o 2194 7.590000
o 2193 7.590000
o 2192 7.590000
o 2191 7.590000
o 2190 7.590000
o 2189 7.590000
o 2188 7.590000
o 2187 7.590000
o 2186 7.590000
o 2185 7.590000
o 2184 7.590000
o 2183 7.590000
o 2182 7.590000
o 2181 7.590000
o 2180 7.590000
o 2179 7.590000
o 2178 7.590000
o 2177 7.590000
o 2176 7.590000
o 2175 7.590000
o 2174 7.590000
o 2173 7.590000
o 2172 7.590000
o 2171 7.590000
o 2170 7.590000
o 2169 7.590000
o 2168 7.590000
o 2167 7.590000
o 2166 7.590000
o 2165 7.590000
o 2164 7.590000
o 2163 7.590000
o 2162 7.590000
o 2161 7.590000
o 2160 7.590000
o 2159 7.590000
o 2158 7.590000
o 2157 7.590000
o 2156 7.590000
o 2155 7.590000
o 2154 7.590000
o 2153 7.590000
o 2152 7.590000
o 2151 7.590000
o 2150 7.590000
o 2149 7.590000
o 2148 7.590000
o 2147 7.590000
o 2146 7.590000
o 2145 7.590000
o 2144 7.590000
o 2143 7.590000
o 2142 7.590000
o 2141 7.590000
o 2140 7.590000
o 2139 7.590000
o 2138 7.590000
o 2137 7.590000
o 2136 7.590000
o 2135 7.590000
o 2134 7.590000
o 2133 7.590000
o 2132 7.590000
o 2131 7.590000
o 2130 7.590000
o 2129 7.590000
o 2128 7.590000
o 2127 7.590000
o 2126 7.590000
o 2125 7.590000
o 2124 7.590000
o 2123 7.590000
o 2122 7.590000
o 2121 7.590000
o 2120 7.590000
o 2119 7.590000
o 2118 7.590000
o 2117 7.590000
o 2116 7.590000
o 2115 7.590000
o 2114 7.590000
o 2113 7.590000
o 2112 7.590000
o 2111 7.590000
o 2110 7.590000
o 2109 7.590000
o 2108 7.590000
o 2107 7.590000
o 2106 7.590000
o 2105 7.590000
o 2104 7.600000
o 2103 7.600000
o 2102 7.600000
o 2101 7.600000
o 2100 7.600000
o 2099 7.600000
o 2098 7.600000
o 2097 7.600000
o 2096 7.600000
o 2095 7.600000
o 2094 7.600000
o 2093 7.600000
o 2092 7.600000
o 2091 7.600000
o 2090 7.600000
o 2089 7.600000
o 2088 7.600000
o 2087 7.600000
o 2086 7.600000
o 2085 7.600000
o 2084 7.600000
o 2083 7.600000
o 2082 7.600000
o 2081 7.600000
o 2080 7.600000
o 2079 7.600000
o 2078 7.600000
o 2077 7.600000
o 2076 7.600000
o 2075 7.600000
o 2074 7.600000
o 2073 7.600000
o 2072 7.600000
o 2071 7.600000
o 2070 7.600000
o 2069 7.600000
o 2068 7.600000
o 2067 7.600000
o 2066 7.600000
o 2065 7.600000
o 2064 7.600000
o 2063 7.600000
o 2062 7.600000
o 2061 7.600000
o 2060 7.600000
o 2059 7.600000
o 2058 7.600000
o 2057 7.600000
o 2056 7.600000
o 2055 7.600000
o 2054 7.600000
o 2053 7.600000
o 2052 7.600000
o 2051 7.600000
o 2050 7.600000
o 2049 7.600000
o 2048 7.600000
o 2047 7.600000
o 2046 7.600000
o 2045 7.600000
o 2044 7.600000
o 2043 7.600000
o 2042 7.600000
o 2041 7.600000
o 2040 7.600000
o 2039 7.600000
o 2038 7.600000
o 2037 7.600000
o 2036 7.600000
o 2035 7.600000
o 2034 7.600000
o 2033 7.600000
o 2032 7.600000
o 2031 7.600000
o 2030 7.600000
o 2029 7.600000
o 2028 7.600000
o 2027 7.600000
o 2026 7.600000
o 2025 7.600000
o 2024 7.600000
o 2023 7.600000
o 2022 7.600000
o 2021 7.600000
o 2020 7.600000
o 2019 7.600000
o 2018 7.610000
o 2017 7.610000
o 2016 7.610000
o 2015 7.610000
o 1750 53.420000
o 1748 53.430000
o 1747 53.490000
o 1746 53.560000
o 1745 53.590000
o 1744 53.590000
o 1743 53.630000
o 1742 53.800000
o 1741 53.810000
o 1740 53.810000
o 1739 53.820000
o 1738 53.830000
1738	53.830000
