abstraction-refinement-polysite-pmd
o 393605 26.43
o 201136 32.28
o 201135 32.29
o 201134 32.3
o 201133 32.3
o 201132 32.32
o 201131 32.32
o 201130 32.34
o 201129 32.34
o 196949 32.41
o 196948 32.61
o 196947 32.71
o 196946 32.76
o 196945 32.79
o 196944 32.8
o 196943 32.82
o 196942 32.88
o 196941 32.89
o 196940 32.9
o 196939 32.9
o 196938 33.02
o 196937 33.04
o 196936 33.18
o 196935 33.36
o 196934 33.4
o 196933 33.42
o 196932 33.52
o 196931 33.61
o 196930 33.65
o 196929 33.86
o 196928 33.9
o 196927 33.91
o 196926 33.91
o 196925 34.11
o 196924 34.15
o 196923 34.25
o 196922 34.43
o 196921 34.62
o 196920 34.79
o 196919 34.83
o 196918 35.12
o 196917 35.58
o 196916 35.94
o 196915 35.98
o 196914 36.04
o 196913 36.2
o 196912 36.2
o 196911 36.21
o 196910 36.22
o 196909 36.22
o 196908 36.24
o 196907 36.24
o 196906 36.25
o 196905 36.26
o 196904 36.27
o 196903 36.27
o 196902 36.28
o 196901 36.28
o 196900 36.29
o 196899 36.3
o 196898 36.31
o 196897 36.32
o 196896 36.32
o 196895 36.33
o 196894 36.33
o 196893 36.34
o 196892 36.35
o 196891 36.36
o 196890 36.38
o 196889 36.38
o 196888 36.39
o 196887 36.39
o 196886 36.4
o 196885 36.41
o 196884 36.42
o 196883 36.42
o 196882 36.43
o 196881 36.44
o 196880 36.45
o 196879 36.48
o 196878 36.48
o 196877 36.49
o 196876 36.5
o 196875 36.5
o 196874 36.52
o 196873 36.52
o 196872 36.53
o 196871 36.53
o 196870 36.54
o 196869 36.56
o 196868 36.56
o 196867 36.57
o 196866 36.57
o 196865 36.6
o 196864 36.65
o 196863 36.68
o 196862 36.69
o 196861 36.7
o 196860 36.71
o 196859 36.72
o 196858 37.45
o 196857 37.46
o 196856 37.49
o 196855 37.5
o 196854 37.51
o 196853 37.65
o 196852 38.07
o 196851 39.54
o 196850 39.55
o 196849 39.74
o 196848 39.88
o 196847 40.24
o 196846 40.25
o 192676 49.86
o 192675 49.86
o 192674 49.87
o 192673 49.87
o 192672 50.04
o 192671 50.24
o 192670 50.31
o 192669 50.48
o 188486 52.61
o 188485 52.65
o 188484 52.65
o 188483 52.66
o 188482 52.67
o 188481 52.68
o 188480 52.69
o 188479 53.58
o 188478 53.66
o 188477 175.6
o 188476 177.16
o 188475 177.21
o 188474 177.22
188474	177.22
abstraction-refinement-polysite-pmd
o 406176 24.52
o 196953 29.53
o 196952 29.53
o 196951 29.55
o 196950 29.56
o 196949 29.56
o 196948 29.58
o 196947 29.6
o 196946 29.61
o 196945 29.62
o 196944 29.66
o 196943 29.69
o 196942 29.7
o 196941 29.72
o 196940 30.6
o 196939 30.61
o 196938 30.62
o 196937 30.63
o 196936 30.64
o 196935 30.83
o 196934 30.84
o 196933 30.84
o 196932 30.85
o 196931 30.85
o 196930 30.86
o 196929 30.86
o 196928 30.91
o 196927 30.99
o 196926 31.02
o 196925 31.09
o 196924 31.09
o 196923 31.09
o 196922 31.1
o 196921 31.21
o 196920 31.28
o 196919 31.34
o 196918 31.46
o 196917 31.47
o 196916 31.48
o 196915 31.93
o 196914 31.94
o 196913 32.15
o 196912 32.24
o 196911 32.36
o 196910 32.37
o 196909 32.55
o 196908 32.6
o 196907 32.63
o 196906 32.74
o 196905 32.88
o 196904 32.88
o 196903 32.91
o 196902 32.99
o 196901 33.08
o 196900 33.16
o 196899 33.21
o 196898 33.22
o 196897 33.23
o 196896 33.29
o 196895 33.32
o 196894 33.34
o 196893 33.35
o 196892 33.36
o 196891 33.37
o 196890 33.37
o 196889 33.39
o 196888 33.39
o 196887 33.4
o 196886 33.41
o 196885 33.41
o 196884 33.42
o 196883 33.45
o 196882 33.45
o 196881 33.46
o 196880 33.47
o 196879 33.47
o 196878 33.48
o 196877 33.49
o 196876 33.5
o 196875 33.51
o 196874 33.52
o 196873 33.53
o 196872 33.54
o 196871 33.54
o 196870 33.57
o 196869 33.58
o 196868 33.59
o 196867 33.6
o 196866 33.6
o 196865 33.61
o 196864 33.66
o 196863 33.67
o 196862 33.68
o 196861 33.69
o 196860 33.7
o 196859 33.71
o 196858 35.12
o 196857 35.16
o 196856 35.53
o 196855 35.57
o 196854 36.06
o 196853 36.07
o 196852 36.37
o 196851 38.65
o 192719 50.84
o 192718 50.84
o 192717 50.85
o 192716 50.85
o 192715 50.86
o 192714 50.86
o 192713 50.87
o 192712 50.88
o 192711 50.89
o 192710 50.9
o 192709 50.98
o 192708 51.05
o 192707 51.36
o 188530 64.77
o 188529 65.01
o 188528 65.03
o 188527 65.05
o 188526 65.23
o 188525 65.68
o 188524 65.68
o 188523 65.72
o 188522 65.72
o 188521 65.73
o 188520 65.75
o 188519 65.84
o 188518 65.85
o 188517 95.36
o 188516 95.37
o 188515 95.38
o 188514 95.39
o 188513 95.39
o 188512 95.39
o 188511 95.4
o 188510 95.41
o 188509 95.41
o 188508 95.42
o 188507 95.42
o 188506 95.43
o 188505 95.44
o 188504 95.44
o 188503 95.45
o 188502 95.45
o 188501 95.46
o 188500 95.46
o 188499 95.46
o 188498 95.47
o 188497 95.47
o 188496 95.48
o 188495 95.48
o 188494 95.5
o 188493 95.5
o 188492 95.51
o 188491 95.51
o 188490 95.53
o 188489 95.53
o 188488 95.53
o 188487 95.54
o 188486 95.55
o 188485 95.56
o 188484 95.56
o 188483 95.56
o 188482 95.57
o 188481 95.57
o 188480 95.67
o 188479 95.67
o 188478 95.69
o 188477 95.7
o 188476 96.18
o 188475 96.19
o 188474 96.21
o 188473 96.53
o 188472 127.62
o 188471 127.63
188471	127.63
abstraction-refinement-polysite-pmd
o 418795 24.8
o 197011 29.75
o 197010 29.75
o 197009 29.78
o 197008 29.8
o 197007 29.81
o 197006 29.84
o 197005 29.84
o 197004 29.85
o 197003 29.86
o 197002 29.87
o 197001 29.88
o 197000 29.88
o 196999 29.89
o 196998 29.9
o 196997 29.93
o 196996 29.94
o 196995 29.95
o 196994 29.95
o 196993 29.96
o 196992 29.97
o 196991 29.97
o 196990 29.97
o 196989 29.98
o 196988 29.98
o 196987 29.99
o 196986 30.15
o 196985 30.18
o 196984 30.19
o 196983 30.19
o 196982 30.19
o 196981 30.2
o 196980 30.21
o 196979 30.23
o 196978 30.23
o 196977 30.25
o 196976 30.59
o 196975 30.72
o 196974 30.74
o 196973 30.77
o 196972 30.79
o 196971 30.82
o 196970 30.83
o 196969 30.86
o 196968 30.93
o 196967 31.03
o 196966 31.05
o 196965 31.09
o 196964 31.16
o 196963 31.2
o 196962 31.21
o 196961 31.23
o 196960 31.24
o 196959 31.24
o 196958 31.31
o 196957 31.44
o 196956 31.61
o 196955 31.69
o 196954 31.72
o 196953 32
o 196952 32.01
o 196951 32.09
o 196950 32.11
o 196949 32.17
o 196948 32.25
o 196947 32.3
o 196946 32.54
o 196945 32.63
o 196944 33.1
o 196943 33.14
o 196942 33.17
o 196941 33.27
o 196940 33.29
o 196939 33.32
o 196938 33.35
o 196937 33.44
o 196936 33.55
o 196935 33.56
o 196934 33.58
o 196933 33.61
o 196932 33.68
o 196931 33.74
o 196930 33.76
o 196929 33.85
o 196928 33.86
o 196927 33.87
o 196926 33.88
o 196925 33.89
o 196924 33.89
o 196923 33.9
o 196922 33.9
o 196921 33.9
o 196920 34.98
o 196919 34.98
o 196918 34.99
o 196917 34.99
o 196916 35
o 196915 35
o 196914 35.01
o 196913 35.02
o 196912 35.03
o 196911 35.03
o 196910 35.03
o 196909 35.05
o 196908 35.05
o 196907 35.06
o 196906 35.07
o 196905 35.07
o 196904 35.08
o 196903 35.09
o 196902 35.09
o 196901 35.1
o 196900 35.11
o 196899 35.12
o 196898 35.12
o 196897 35.13
o 196896 35.13
o 196895 35.15
o 196894 35.16
o 196893 35.17
o 196892 35.18
o 196891 35.18
o 196890 35.22
o 196889 35.23
o 196888 35.23
o 196887 35.24
o 196886 35.26
o 196885 35.27
o 196884 35.28
o 196883 35.29
o 196882 35.29
o 196881 35.32
o 196880 35.32
o 196879 35.33
o 196878 35.39
o 196877 35.39
o 196876 35.41
o 196875 35.41
o 196874 35.43
o 196873 35.46
o 196872 35.46
o 196871 35.47
o 196870 35.48
o 196869 35.55
o 196868 35.58
o 196867 35.64
o 196866 35.66
o 196865 35.68
o 196864 35.7
o 196863 35.71
o 192684 35.76
o 192683 35.76
o 192682 35.77
o 192681 35.78
o 192680 35.79
o 192679 35.83
o 192678 35.88
o 192677 35.9
o 192676 35.91
o 192675 36.23
o 192674 36.35
o 192673 36.37
o 192672 36.39
o 192671 36.43
o 192670 36.44
o 192669 36.52
o 192668 36.56
o 192667 36.57
o 188496 60.08
o 188495 60.09
o 188494 60.09
o 188493 60.09
o 188492 60.1
o 188491 60.1
o 188490 60.11
o 188489 60.11
o 188488 60.12
o 188487 60.16
o 188486 60.72
o 188485 120.43
o 188484 120.51
o 188483 120.56
o 188482 120.57
o 188481 120.57
o 188480 274.65
o 188479 274.72
o 188478 274.73
188478	274.73
abstraction-refinement-polysite-pmd
o 355947 24.52
o 196951 28.45
o 196950 28.46
o 196949 28.46
o 196948 28.47
o 196947 28.47
o 196946 28.48
o 196945 29.04
o 196944 29.05
o 196943 29.06
o 196942 29.1
o 196941 29.15
o 196940 29.16
o 196939 29.18
o 196938 29.19
o 196937 29.24
o 196936 29.27
o 196935 29.28
o 196934 29.29
o 196933 29.29
o 196932 29.34
o 196931 29.36
o 196930 29.43
o 196929 29.77
o 196928 29.78
o 196927 29.79
o 196926 29.79
o 196925 29.83
o 196924 30.01
o 196923 30.03
o 196922 30.09
o 196921 30.12
o 196920 30.17
o 196919 30.29
o 196918 30.29
o 196917 30.61
o 196916 30.62
o 196915 30.71
o 196914 30.73
o 196913 30.83
o 196912 30.95
o 196911 31.14
o 196910 31.2
o 196909 31.26
o 196908 31.61
o 196907 31.97
o 196906 32.95
o 196905 33.03
o 196904 33.04
o 196903 33.04
o 196902 33.05
o 196901 33.06
o 196900 33.08
o 196899 33.09
o 196898 33.1
o 196897 33.12
o 196896 33.12
o 196895 33.13
o 196894 33.14
o 196893 33.15
o 196892 33.15
o 196891 33.18
o 196890 33.21
o 196889 33.22
o 196888 33.22
o 196887 33.23
o 196886 33.23
o 196885 33.24
o 196884 33.25
o 196883 33.25
o 196882 33.26
o 196881 33.27
o 196880 33.27
o 196879 33.28
o 196878 33.28
o 196877 33.3
o 196876 33.31
o 196875 33.34
o 196874 33.36
o 196873 33.37
o 196872 33.38
o 196871 33.4
o 196870 33.41
o 196869 33.42
o 196868 33.44
o 196867 33.47
o 196866 33.48
o 196865 33.5
o 196864 33.5
o 196863 33.51
o 196862 33.63
o 196861 33.65
o 196860 34.15
o 196859 34.2
o 196858 36.46
o 196857 37.85
o 196856 37.86
o 196855 37.94
o 196854 37.97
o 196853 38
o 196852 38.05
o 196851 38.08
o 192668 41.04
o 192667 41.05
o 192666 41.12
o 192665 41.16
o 188525 63.01
o 188524 63.12
o 188523 63.14
o 188522 63.16
o 188521 63.42
o 188520 63.48
o 188519 63.62
o 188518 63.63
o 188517 63.65
o 188516 63.89
o 188515 63.93
o 188514 68.77
o 188513 74.17
o 188512 74.27
o 188511 74.55
o 188510 74.71
o 188509 75.85
o 188508 75.91
o 188507 76.06
o 188506 76.07
o 188505 105.94
o 188504 105.95
o 188503 105.95
o 188502 105.96
o 188501 105.96
o 188500 105.97
o 188499 105.97
o 188498 105.98
o 188497 105.98
o 188496 105.99
o 188495 106
o 188494 106
o 188493 106.03
o 188492 106.04
o 188491 106.04
o 188490 106.05
o 188489 106.11
o 188488 106.12
o 188487 106.12
o 188486 106.13
o 188485 106.14
o 188484 106.15
o 188483 106.15
o 188482 106.24
o 188481 106.28
o 188480 106.31
o 188479 106.36
o 188478 136.26
o 188477 195.43
o 188476 195.44
o 188475 284.5
o 188474 284.83
o 188473 284.83
o 188472 284.86
o 188471 284.87
o 188470 284.96
o 188469 284.98
188469	284.98
abstraction-refinement-polysite-pmd
o 381055 24.18
o 201156 28.81
o 201155 28.82
o 201154 28.82
o 196968 28.82
o 196967 28.82
o 196966 29.28
o 196965 29.3
o 196964 29.61
o 196963 29.65
o 196962 29.65
o 196961 29.89
o 196960 29.91
o 196959 29.92
o 196958 29.92
o 196957 29.93
o 196956 29.96
o 196955 29.98
o 196954 30.13
o 196953 30.13
o 196952 30.17
o 196951 30.17
o 196950 30.2
o 196949 30.23
o 196948 30.25
o 196947 30.33
o 196946 30.63
o 196945 30.99
o 196944 31.11
o 196943 31.13
o 196942 31.13
o 196941 31.26
o 196940 31.35
o 196939 31.36
o 196938 31.41
o 196937 31.45
o 196936 31.48
o 196935 31.51
o 196934 31.68
o 196933 31.93
o 196932 31.95
o 196931 31.97
o 196930 31.97
o 196929 32.03
o 196928 32.05
o 196927 32.05
o 196926 32.23
o 196925 32.28
o 196924 32.35
o 196923 32.37
o 196922 32.73
o 196921 32.77
o 196920 33.03
o 196919 33.1
o 196918 33.12
o 196917 33.15
o 196916 33.15
o 196915 33.16
o 196914 33.17
o 196913 33.17
o 196912 33.18
o 196911 33.18
o 196910 33.19
o 196909 33.21
o 196908 33.22
o 196907 33.23
o 196906 33.24
o 196905 33.25
o 196904 33.25
o 196903 33.26
o 196902 33.26
o 196901 33.28
o 196900 33.29
o 196899 33.3
o 196898 33.3
o 196897 33.31
o 196896 33.32
o 196895 33.33
o 196894 33.34
o 196893 33.34
o 196892 33.36
o 196891 33.38
o 196890 33.39
o 196889 33.4
o 196888 33.4
o 196887 33.41
o 196886 33.41
o 196885 33.42
o 196884 33.43
o 196883 33.44
o 196882 33.44
o 196881 33.45
o 196880 33.45
o 196879 33.46
o 196878 33.47
o 196877 33.47
o 196876 33.49
o 196875 33.5
o 196874 33.51
o 196873 33.52
o 196872 33.53
o 196871 33.53
o 196870 33.54
o 196869 33.54
o 196868 33.56
o 196867 33.61
o 196866 33.62
o 196865 33.65
o 196864 33.66
o 196863 33.67
o 196862 33.7
o 196861 33.7
o 196860 33.71
o 196859 33.72
o 196858 33.76
o 196857 34.02
o 196856 34.39
o 196855 34.4
o 196854 34.41
o 196853 34.44
o 196852 34.51
o 196851 34.53
o 196850 36.76
o 196849 36.82
o 196848 36.82
o 196847 36.86
o 196846 37.28
o 196845 37.3
o 192672 44.42
o 188654 84.56
o 188653 84.63
o 188652 84.63
o 188651 84.63
o 188650 84.64
o 188649 84.64
o 188648 84.64
o 188647 84.66
o 188646 84.67
o 188645 84.69
o 188644 84.69
o 188643 84.71
o 188642 84.71
o 188641 84.72
o 188640 84.73
o 188639 84.73
o 188638 84.76
o 188637 84.77
o 188636 84.78
o 188635 84.78
o 188634 84.79
o 188633 84.82
o 188632 84.83
o 188631 84.86
o 188630 84.9
o 188629 84.98
o 188628 84.99
o 188627 85.04
o 188626 85.09
o 188625 85.1
o 188624 85.1
o 188623 85.16
o 188622 85.21
o 188621 85.25
o 188620 85.27
o 188619 85.51
o 188618 85.57
o 188617 85.6
o 188616 85.63
o 188615 85.92
o 188614 86.08
o 188613 86.1
o 188612 86.3
o 188611 86.32
o 188610 86.34
o 188609 86.35
o 188608 86.35
o 188607 86.36
o 188606 86.42
o 188605 86.44
o 188604 86.59
o 188603 86.68
o 188602 86.75
o 188601 86.85
o 188600 86.87
o 188599 86.96
o 188598 87.21
o 188597 87.63
o 188596 88.03
o 188595 88.52
o 188594 88.59
o 188593 88.6
o 188592 88.61
o 188591 88.61
o 188590 88.62
o 188589 88.67
o 188588 88.69
o 188587 88.69
o 188586 88.7
o 188585 88.73
o 188584 88.73
o 188583 88.74
o 188582 88.74
o 188581 88.75
o 188580 88.75
o 188579 88.76
o 188578 88.76
o 188577 88.77
o 188576 88.77
o 188575 88.77
o 188574 88.78
o 188573 88.78
o 188572 88.78
o 188571 88.79
o 188570 88.79
o 188569 88.8
o 188568 88.8
o 188567 88.8
o 188566 88.81
o 188565 88.81
o 188564 88.82
o 188563 88.82
o 188562 88.83
o 188561 88.84
o 188560 88.84
o 188559 88.85
o 188558 88.85
o 188557 88.86
o 188556 88.86
o 188555 88.86
o 188554 88.87
o 188553 88.87
o 188552 88.88
o 188551 88.89
o 188550 88.89
o 188549 88.9
o 188548 88.9
o 188547 88.91
o 188546 88.91
o 188545 88.92
o 188544 88.92
o 188543 88.92
o 188542 88.93
o 188541 88.93
o 188540 88.95
o 188539 88.95
o 188538 88.96
o 188537 88.96
o 188536 88.97
o 188535 88.97
o 188534 88.97
o 188533 88.98
o 188532 88.98
o 188531 88.98
o 188530 88.99
o 188529 88.99
o 188528 88.99
o 188527 89
o 188526 89
o 188525 89.01
o 188524 89.01
o 188523 89.01
o 188522 89.02
o 188521 89.03
o 188520 89.06
o 188519 89.06
o 188518 89.06
o 188517 89.07
o 188516 89.07
o 188515 89.08
o 188514 89.08
o 188513 89.1
o 188512 89.1
o 188511 89.11
o 188510 89.11
o 188509 89.13
o 188508 89.14
o 188507 89.14
o 188506 89.14
o 188505 89.15
o 188504 89.15
o 188503 89.19
o 188502 89.2
o 188501 89.2
o 188500 117.79
o 188499 117.79
o 188498 117.79
o 188497 117.8
o 188496 117.81
o 188495 117.81
o 188494 117.82
o 188493 117.82
o 188492 117.83
o 188491 117.84
o 188490 117.85
o 188489 117.85
o 188488 117.87
o 188487 117.88
o 188486 117.89
o 188485 117.89
o 188484 117.91
o 188483 117.95
o 188482 117.96
o 188481 117.96
o 188480 117.99
o 188479 118
o 188478 118
o 188477 118.01
o 188476 118.04
o 188475 118.07
o 188474 118.07
o 188473 244.76
188473	244.76
abstraction-refinement-polysite-pmd
o 402005 24.12
o 196977 28.93
o 196976 28.93
o 196975 28.94
o 196974 28.96
o 196973 28.97
o 196972 29.09
o 196971 29.09
o 196970 29.1
o 196969 29.1
o 196968 29.12
o 196967 29.15
o 196966 29.16
o 196965 29.2
o 196964 29.22
o 196963 29.23
o 196962 29.43
o 196961 29.45
o 196960 29.48
o 196959 29.55
o 196958 29.55
o 196957 29.95
o 196956 29.95
o 196955 30.32
o 196954 30.33
o 196953 30.36
o 196952 30.39
o 196951 30.39
o 196950 30.39
o 196949 30.42
o 196948 30.42
o 196947 30.42
o 196946 30.43
o 196945 30.45
o 196944 30.46
o 196943 30.49
o 196942 30.49
o 196941 30.5
o 196940 30.52
o 196939 30.53
o 196938 30.62
o 196937 30.63
o 196936 30.63
o 196935 30.68
o 196934 30.74
o 196933 30.88
o 196932 30.91
o 196931 30.98
o 196930 31
o 196929 31.12
o 196928 31.33
o 196927 31.37
o 196926 31.43
o 196925 31.6
o 196924 31.6
o 196923 31.74
o 196922 31.76
o 196921 32.08
o 196920 32.33
o 196919 32.36
o 196918 32.36
o 196917 32.46
o 196916 32.46
o 196915 32.57
o 196914 32.82
o 196913 32.98
o 196912 33.02
o 196911 33.07
o 196910 33.23
o 196909 33.25
o 196908 33.31
o 196907 33.31
o 196906 33.32
o 196905 33.34
o 196904 33.34
o 196903 33.36
o 196902 33.36
o 196901 33.37
o 196900 33.38
o 196899 33.38
o 196898 33.39
o 196897 33.39
o 196896 33.41
o 196895 33.42
o 196894 33.45
o 196893 33.46
o 196892 33.48
o 196891 33.48
o 196890 33.5
o 196889 33.52
o 196888 33.52
o 196887 33.53
o 196886 33.55
o 196885 33.56
o 196884 33.56
o 196883 33.56
o 196882 33.57
o 196881 33.58
o 196880 33.58
o 196879 33.6
o 196878 33.61
o 196877 33.62
o 196876 33.62
o 196875 33.64
o 196874 33.65
o 196873 33.67
o 196872 33.69
o 196871 33.7
o 196870 33.7
o 196869 33.72
o 196868 33.72
o 196867 33.73
o 196866 33.76
o 196865 33.78
o 196864 33.79
o 196863 33.83
o 196862 33.85
o 196861 33.86
o 196860 33.96
o 196859 33.97
o 196858 33.98
o 196857 34.08
o 196856 34.1
o 196855 34.11
o 196854 34.21
o 196853 34.21
o 196852 34.24
o 196851 34.25
o 196850 34.25
o 196849 36.03
o 196848 36.23
o 196847 36.43
o 192677 41.45
o 192676 41.45
o 192675 41.46
o 192674 41.46
o 192673 41.47
o 192672 41.47
o 192671 41.48
o 192670 41.49
o 192669 41.84
o 188517 61.26
o 188516 61.55
o 188515 91.32
o 188514 91.35
o 188513 91.35
o 188512 91.36
o 188511 91.37
o 188510 91.39
o 188509 91.39
o 188508 91.4
o 188507 91.4
o 188506 91.4
o 188505 91.41
o 188504 91.41
o 188503 91.41
o 188502 91.42
o 188501 91.42
o 188500 91.43
o 188499 91.44
o 188498 91.44
o 188497 91.45
o 188496 91.45
o 188495 91.46
o 188494 91.47
o 188493 91.49
o 188492 91.49
o 188491 91.49
o 188490 91.5
o 188489 91.5
o 188488 91.62
o 188487 91.64
o 188486 91.68
o 188485 91.7
o 188484 91.73
o 188483 91.75
o 188482 91.76
o 188481 91.77
o 188480 91.79
o 188479 91.94
o 188478 92.06
o 188477 92.09
o 188476 120.64
o 188475 120.65
o 188474 120.69
o 188473 120.7
o 188472 120.71
o 188471 121
188471	121
abstraction-refinement-polysite-pmd
o 418815 23.8
o 201194 28.82
o 201193 28.97
o 201192 28.98
o 197007 28.99
o 197006 29.02
o 197005 29.02
o 197004 29.05
o 197003 29.06
o 197002 29.06
o 197001 29.07
o 197000 29.09
o 196999 29.12
o 196998 29.13
o 196997 29.14
o 196996 29.14
o 196995 29.18
o 196994 29.19
o 196993 29.71
o 196992 29.72
o 196991 29.78
o 196990 29.86
o 196989 29.95
o 196988 29.97
o 196987 29.98
o 196986 29.98
o 196985 29.99
o 196984 30
o 196983 30
o 196982 30.13
o 196981 30.14
o 196980 30.14
o 196979 30.15
o 196978 30.15
o 196977 30.18
o 196976 30.18
o 196975 30.19
o 196974 30.19
o 196973 30.2
o 196972 30.2
o 196971 30.23
o 196970 30.24
o 196969 30.31
o 196968 30.41
o 196967 30.58
o 196966 30.6
o 196965 30.66
o 196964 30.67
o 196963 30.67
o 196962 30.73
o 196961 30.74
o 196960 30.76
o 196959 30.8
o 196958 30.8
o 196957 30.81
o 196956 31.17
o 196955 31.23
o 196954 31.31
o 196953 31.32
o 196952 31.38
o 196951 31.39
o 196950 31.4
o 196949 31.5
o 196948 31.53
o 196947 31.53
o 196946 31.76
o 196945 31.88
o 196944 32.23
o 196943 32.39
o 196942 32.44
o 196941 32.62
o 196940 32.65
o 196939 32.69
o 196938 32.79
o 196937 32.8
o 196936 32.81
o 196935 32.9
o 196934 33.14
o 196933 33.23
o 196932 33.23
o 196931 33.26
o 196930 33.26
o 196929 33.27
o 196928 33.28
o 196927 33.28
o 196926 33.28
o 196925 33.29
o 196924 33.32
o 196923 33.33
o 196922 33.35
o 196921 33.36
o 196920 33.37
o 196919 33.37
o 196918 33.38
o 196917 33.38
o 196916 33.39
o 196915 33.4
o 196914 33.41
o 196913 33.42
o 196912 33.42
o 196911 33.42
o 196910 33.43
o 196909 33.45
o 196908 33.46
o 196907 33.46
o 196906 33.47
o 196905 33.47
o 196904 33.48
o 196903 33.49
o 196902 33.49
o 196901 33.5
o 196900 33.51
o 196899 33.52
o 196898 33.54
o 196897 33.54
o 196896 33.55
o 196895 33.55
o 196894 33.57
o 196893 33.58
o 196892 33.59
o 196891 33.59
o 196890 33.6
o 196889 33.61
o 196888 33.61
o 196887 33.64
o 196886 33.67
o 196885 33.67
o 196884 33.68
o 196883 33.68
o 196882 33.69
o 196881 33.69
o 196880 33.73
o 196879 33.74
o 196878 33.74
o 196877 33.75
o 196876 33.75
o 196875 33.77
o 196874 33.84
o 196873 33.89
o 196872 33.9
o 196871 34.05
o 196870 34.08
o 196869 34.12
o 196868 34.2
o 196867 34.2
o 196866 34.23
o 192687 35.11
o 192686 35.11
o 192685 35.12
o 192684 35.12
o 192683 35.13
o 192682 35.13
o 192681 35.14
o 192680 35.15
o 192679 35.15
o 192678 35.26
o 192677 35.28
o 192676 35.28
o 192675 35.3
o 192674 35.34
o 192673 35.55
o 192672 35.65
o 188510 63.68
o 188509 63.68
o 188508 63.92
o 188507 63.97
o 188506 64.21
o 188505 64.45
o 188504 64.48
o 188503 92
o 188502 92.01
o 188501 92.01
o 188500 92.03
o 188499 92.07
o 188498 92.08
o 188497 92.13
o 188496 92.13
o 188495 92.18
o 188494 92.19
o 188493 92.2
o 188492 92.22
o 188491 92.25
o 188490 92.28
o 188489 92.41
o 188488 92.44
o 188487 122.24
o 188486 122.29
o 188485 122.29
o 188484 122.51
o 188483 122.52
o 188482 122.52
o 188481 122.53
o 188480 122.54
o 188479 122.55
o 188478 122.57
o 188477 287.08
o 188476 287.12
o 188475 287.17
o 188474 287.18
o 188473 287.19
o 188472 287.21
o 188471 287.27
o 188470 287.65
o 188469 288.25
o 188468 288.47
o 188467 288.48
o 188466 288.49
o 188465 288.73
188465	288.73
abstraction-refinement-polysite-pmd
o 427138 22.9
o 196994 27.67
o 196993 27.68
o 196992 27.68
o 196991 27.68
o 196990 27.69
o 196989 27.74
o 196988 27.76
o 196987 27.79
o 196986 27.79
o 196985 27.8
o 196984 27.81
o 196983 27.82
o 196982 27.86
o 196981 27.86
o 196980 27.87
o 196979 27.87
o 196978 27.94
o 196977 27.94
o 196976 27.95
o 196975 28.03
o 196974 28.04
o 196973 28.15
o 196972 28.16
o 196971 28.22
o 196970 28.22
o 196969 28.22
o 196968 28.23
o 196967 28.25
o 196966 28.25
o 196965 28.27
o 196964 28.28
o 196963 28.35
o 196962 28.45
o 196961 28.62
o 196960 28.63
o 196959 28.65
o 196958 28.71
o 196957 28.75
o 196956 28.77
o 196955 28.86
o 196954 28.91
o 196953 29.04
o 196952 29.05
o 196951 29.06
o 196950 29.08
o 196949 29.13
o 196948 29.25
o 196947 29.31
o 196946 29.31
o 196945 29.33
o 196944 29.57
o 196943 29.79
o 196942 29.83
o 196941 29.92
o 196940 30.06
o 196939 30.08
o 196938 30.15
o 196937 30.18
o 196936 30.22
o 196935 30.38
o 196934 30.38
o 196933 30.65
o 196932 30.9
o 196931 30.9
o 196930 31
o 196929 31.34
o 196928 31.34
o 196927 31.67
o 196926 31.67
o 196925 31.8
o 196924 31.8
o 196923 31.82
o 196922 31.85
o 196921 31.89
o 196920 31.97
o 196919 31.98
o 196918 31.98
o 196917 31.98
o 196916 31.99
o 196915 32
o 196914 32.01
o 196913 32.01
o 196912 32.02
o 196911 32.03
o 196910 32.04
o 196909 32.04
o 196908 32.05
o 196907 32.06
o 196906 32.09
o 196905 32.1
o 196904 32.1
o 196903 32.11
o 196902 32.12
o 196901 32.12
o 196900 32.13
o 196899 32.14
o 196898 32.14
o 196897 32.15
o 196896 32.16
o 196895 32.16
o 196894 32.17
o 196893 32.18
o 196892 32.19
o 196891 32.19
o 196890 32.2
o 196889 32.21
o 196888 32.21
o 196887 32.22
o 196886 32.22
o 196885 32.23
o 196884 32.26
o 196883 32.28
o 196882 32.3
o 196881 32.31
o 196880 32.32
o 196879 32.33
o 196878 32.33
o 196877 32.35
o 196876 32.36
o 196875 32.37
o 196874 32.37
o 196873 32.4
o 196872 32.4
o 196871 32.41
o 196870 32.43
o 196869 32.44
o 196868 32.48
o 196867 32.49
o 196866 32.5
o 196865 32.51
o 196864 32.53
o 196863 32.57
o 196862 32.66
o 196861 32.67
o 196860 32.78
o 196859 32.84
o 196858 34.53
o 196857 34.56
o 196856 34.64
o 196855 34.66
o 196854 35.69
o 196853 35.71
o 196852 35.75
o 192688 38.82
o 192687 38.82
o 192686 38.83
o 192685 38.83
o 192684 38.84
o 192683 38.84
o 192682 38.85
o 192681 38.85
o 192680 38.85
o 192679 38.86
o 192678 38.86
o 192677 38.87
o 192676 38.87
o 192675 38.87
o 192674 38.88
o 192673 38.88
o 192672 38.89
o 192671 38.89
o 192670 38.9
o 192669 38.9
o 192668 38.92
o 192667 38.98
o 192666 39.03
o 192665 39.04
o 192664 39.35
o 188545 50.02
o 188544 50.04
o 188543 50.26
o 188542 50.28
o 188541 52.94
o 188540 52.95
o 188539 53.52
o 188538 53.53
o 188537 53.53
o 188536 53.56
o 188535 53.62
o 188534 53.62
o 188533 53.69
o 188532 53.87
o 188531 53.92
o 188530 54.04
o 188529 54.38
o 188528 54.41
o 188527 54.48
o 188526 54.93
o 188525 56.36
o 188524 57.66
o 188523 57.67
o 188522 57.7
o 188521 57.79
o 188520 57.92
o 188519 58.33
o 188518 58.34
o 188517 58.37
o 188516 58.43
o 188515 58.58
o 188514 58.58
o 188513 58.59
o 188512 58.6
o 188511 58.61
o 188510 58.62
o 188509 58.63
o 188508 58.64
o 188507 58.9
o 188506 61.59
o 188505 61.59
o 188504 61.6
o 188503 61.6
o 188502 61.64
o 188501 61.65
o 188500 61.86
o 188499 62.51
o 188498 89.64
o 188497 89.65
o 188496 89.67
o 188495 89.67
o 188494 89.68
o 188493 89.69
o 188492 89.7
o 188491 89.71
o 188490 89.72
o 188489 89.75
o 188488 90.08
o 188487 90.17
o 188486 90.29
o 188485 90.31
o 188484 90.32
o 188483 90.52
o 188482 90.52
o 188481 174.19
o 188480 174.19
o 188479 174.2
o 188478 174.28
o 188477 174.28
o 188476 174.29
o 188475 174.33
o 188474 202.96
188474	202.96
abstraction-refinement-polysite-pmd
o 410393 24.46
o 197001 29.86
o 197000 29.92
o 196999 29.97
o 196998 29.97
o 196997 29.99
o 196996 30
o 196995 30.01
o 196994 30.02
o 196993 30.02
o 196992 30.21
o 196991 30.22
o 196990 30.22
o 196989 30.23
o 196988 30.26
o 196987 30.45
o 196986 30.46
o 196985 30.46
o 196984 30.47
o 196983 30.51
o 196982 30.51
o 196981 30.51
o 196980 30.54
o 196979 30.55
o 196978 30.55
o 196977 30.56
o 196976 30.63
o 196975 30.67
o 196974 30.67
o 196973 30.68
o 196972 30.69
o 196971 30.75
o 196970 30.75
o 196969 30.75
o 196968 30.77
o 196967 30.78
o 196966 30.79
o 196965 30.83
o 196964 30.83
o 196963 30.84
o 196962 30.84
o 196961 30.85
o 196960 30.85
o 196959 30.88
o 196958 30.89
o 196957 30.9
o 196956 30.94
o 196955 30.94
o 196954 31.03
o 196953 31.04
o 196952 31.05
o 196951 31.06
o 196950 31.24
o 196949 31.24
o 196948 31.32
o 196947 31.46
o 196946 31.5
o 196945 31.51
o 196944 31.58
o 196943 31.59
o 196942 31.6
o 196941 31.6
o 196940 31.64
o 196939 31.65
o 196938 31.68
o 196937 31.7
o 196936 31.74
o 196935 31.81
o 196934 31.85
o 196933 31.93
o 196932 32.05
o 196931 32.1
o 196930 32.28
o 196929 32.3
o 196928 32.47
o 196927 32.64
o 196926 32.8
o 196925 33.14
o 196924 33.36
o 196923 33.38
o 196922 33.4
o 196921 33.4
o 196920 33.5
o 196919 33.55
o 196918 33.56
o 196917 33.57
o 196916 33.58
o 196915 33.58
o 196914 33.59
o 196913 33.59
o 196912 33.6
o 196911 33.6
o 196910 33.61
o 196909 33.61
o 196908 33.62
o 196907 33.63
o 196906 33.64
o 196905 33.64
o 196904 33.66
o 196903 33.66
o 196902 33.67
o 196901 33.68
o 196900 33.68
o 196899 33.69
o 196898 33.7
o 196897 33.7
o 196896 33.71
o 196895 33.72
o 196894 33.73
o 196893 33.73
o 196892 33.73
o 196891 33.74
o 196890 33.75
o 196889 33.75
o 196888 33.76
o 196887 33.77
o 196886 33.78
o 196885 33.79
o 196884 33.79
o 196883 33.8
o 196882 33.81
o 196881 33.81
o 196880 33.82
o 196879 33.82
o 196878 33.83
o 196877 33.83
o 196876 33.85
o 196875 33.86
o 196874 33.87
o 196873 33.94
o 196872 33.96
o 196871 33.96
o 196870 33.97
o 196869 34.03
o 196868 34.04
o 196867 34.06
o 196866 34.33
o 196865 34.34
o 196864 34.36
o 196863 34.4
o 196862 34.42
o 196861 34.48
o 196860 34.58
o 196859 34.64
o 196858 34.76
o 196857 34.79
o 196856 34.89
o 196855 34.91
o 196854 34.95
o 196853 35.07
o 196852 35.1
o 196851 35.13
o 192676 37.02
o 192675 37.03
o 192674 37.03
o 192673 37.04
o 192672 37.04
o 192671 37.05
o 192670 37.06
o 192669 38.02
o 192668 38.16
o 192667 38.21
o 192666 38.22
o 192665 38.23
o 192664 38.25
o 192663 38.48
o 192662 38.53
o 192661 38.83
o 188602 81.75
o 188601 81.78
o 188600 81.78
o 188599 81.78
o 188598 81.79
o 188597 81.79
o 188596 81.8
o 188595 81.82
o 188594 81.84
o 188593 81.87
o 188592 82.78
o 188591 82.79
o 188590 82.79
o 188589 82.8
o 188588 82.83
o 188587 82.92
o 188586 82.93
o 188585 82.95
o 188584 83.04
o 188583 83.73
o 188582 83.74
o 188581 83.82
o 188580 83.83
o 188579 84.02
o 188578 84.1
o 188577 84.16
o 188576 84.48
o 188575 84.54
o 188574 84.55
o 188573 84.69
o 188572 84.7
o 188571 84.92
o 188570 85.18
o 188569 85.88
o 188568 85.91
o 188567 85.92
o 188566 85.92
o 188565 85.93
o 188564 85.95
o 188563 85.96
o 188562 85.97
o 188561 85.97
o 188560 85.98
o 188559 85.98
o 188558 86
o 188557 86.01
o 188556 86.01
o 188555 86.02
o 188554 86.03
o 188553 86.03
o 188552 86.04
o 188551 86.04
o 188550 86.05
o 188549 86.05
o 188548 86.06
o 188547 86.06
o 188546 86.07
o 188545 86.07
o 188544 86.07
o 188543 86.08
o 188542 86.08
o 188541 86.09
o 188540 86.1
o 188539 86.1
o 188538 86.11
o 188537 86.11
o 188536 86.12
o 188535 86.12
o 188534 86.13
o 188533 86.13
o 188532 86.14
o 188531 86.14
o 188530 86.15
o 188529 86.15
o 188528 86.16
o 188527 86.16
o 188526 86.17
o 188525 86.17
o 188524 86.18
o 188523 86.2
o 188522 86.2
o 188521 86.21
o 188520 86.22
o 188519 86.23
o 188518 86.23
o 188517 86.24
o 188516 86.24
o 188515 86.25
o 188514 86.26
o 188513 86.26
o 188512 86.27
o 188511 86.27
o 188510 86.28
o 188509 86.28
o 188508 86.29
o 188507 86.31
o 188506 86.32
o 188505 86.33
o 188504 86.33
o 188503 86.43
o 188502 86.43
o 188501 86.45
o 188500 87.41
o 188499 87.42
o 188498 120.71
o 188497 120.73
o 188496 120.76
o 188495 120.81
o 188494 120.82
o 188493 120.87
o 188492 120.87
o 188491 120.91
o 188490 120.91
o 188489 120.92
o 188488 120.93
o 188487 120.95
o 188486 121.05
o 188485 121.05
o 188484 121.11
o 188483 121.12
o 188482 121.12
o 188481 121.3
o 188480 121.36
o 188479 121.36
o 188478 121.4
o 188477 150.67
o 188476 150.74
o 188475 150.75
o 188474 150.76
o 188473 150.77
188473	150.77
abstraction-refinement-polysite-pmd
o 397822 25.43
o 196980 30.87
o 196979 30.87
o 196978 30.88
o 196977 30.88
o 196976 30.91
o 196975 30.92
o 196974 30.92
o 196973 30.93
o 196972 30.93
o 196971 30.94
o 196970 30.95
o 196969 30.95
o 196968 30.95
o 196967 30.96
o 196966 30.97
o 196965 30.97
o 196964 31.1
o 196963 31.11
o 196962 31.13
o 196961 31.13
o 196960 31.14
o 196959 31.2
o 196958 31.24
o 196957 31.47
o 196956 31.48
o 196955 31.49
o 196954 31.49
o 196953 31.5
o 196952 31.55
o 196951 31.55
o 196950 31.58
o 196949 31.63
o 196948 31.65
o 196947 31.65
o 196946 31.66
o 196945 31.66
o 196944 31.66
o 196943 31.75
o 196942 31.81
o 196941 31.82
o 196940 31.83
o 196939 31.84
o 196938 31.85
o 196937 31.87
o 196936 31.88
o 196935 31.88
o 196934 31.94
o 196933 31.95
o 196932 31.95
o 196931 31.96
o 196930 32.07
o 196929 32.17
o 196928 32.32
o 196927 32.49
o 196926 32.49
o 196925 32.51
o 196924 32.52
o 196923 32.55
o 196922 32.55
o 196921 33.24
o 196920 33.25
o 196919 33.29
o 196918 33.3
o 196917 33.41
o 196916 33.47
o 196915 33.49
o 196914 33.79
o 196913 34.38
o 196912 34.38
o 196911 34.4
o 196910 34.41
o 196909 34.41
o 196908 34.42
o 196907 34.43
o 196906 34.45
o 196905 34.46
o 196904 34.46
o 196903 34.47
o 196902 34.47
o 196901 34.48
o 196900 34.49
o 196899 34.49
o 196898 34.5
o 196897 34.5
o 196896 34.52
o 196895 34.53
o 196894 34.54
o 196893 34.54
o 196892 34.56
o 196891 34.59
o 196890 34.61
o 196889 34.61
o 196888 34.62
o 196887 34.63
o 196886 34.64
o 196885 34.64
o 196884 34.65
o 196883 34.65
o 196882 34.66
o 196881 34.66
o 196880 34.67
o 196879 34.67
o 196878 34.7
o 196877 34.71
o 196876 34.71
o 196875 34.72
o 196874 34.73
o 196873 34.75
o 196872 34.76
o 196871 34.76
o 196870 34.77
o 196869 34.78
o 196868 34.85
o 196867 34.85
o 196866 34.86
o 196865 34.87
o 196864 34.9
o 196863 34.93
o 196862 34.94
o 196861 34.95
o 196860 34.96
o 196859 35
o 196858 35.02
o 196857 35.04
o 196856 35.05
o 196855 35.23
o 196854 35.27
o 196853 35.3
o 196852 35.35
o 196851 35.36
o 196850 35.92
o 192673 35.94
o 192672 35.95
o 192671 35.95
o 192670 35.96
o 192669 35.96
o 192668 35.97
o 192667 35.97
o 192666 36
o 192665 36.02
o 192664 36.05
o 192663 36.1
o 192662 36.11
o 192661 36.12
o 192660 36.2
o 188509 57.75
o 188508 69.42
o 188507 69.44
o 188506 69.47
o 188505 101.61
o 188504 101.62
o 188503 101.63
o 188502 101.66
o 188501 101.67
o 188500 101.68
o 188499 101.7
o 188498 101.74
o 188497 101.76
o 188496 102.07
o 188495 102.08
o 188494 102.09
o 188493 102.11
o 188492 103.29
o 188491 132.28
o 188490 132.28
o 188489 132.29
o 188488 132.29
o 188487 132.3
o 188486 132.4
o 188485 132.42
o 188484 133.82
o 188483 133.83
o 188482 133.85
o 188481 133.85
o 188480 133.86
o 188479 133.98
o 188478 133.99
o 188477 134.23
o 188476 134.27
o 188475 134.28
o 188474 134.3
o 188473 134.31
188473	134.31
