abstraction-refinement-downcast-antlr
o 95399 21.89
o 76376 30.7
o 76375 30.76
o 76374 32.64
o 76373 32.65
o 76372 32.65
o 76371 32.66
o 76370 32.67
o 76369 32.69
o 76368 32.7
o 76367 32.71
o 76366 32.72
o 76365 32.73
o 76364 32.73
o 76363 32.75
o 76362 32.76
o 76361 32.76
o 76360 32.76
o 76359 32.77
o 76358 32.77
o 76357 32.77
o 76356 32.78
o 76355 32.78
o 76354 32.79
o 76353 32.79
o 76352 32.8
o 76351 32.8
o 76350 32.81
o 76349 32.81
o 76348 32.82
o 76347 32.82
o 76346 32.84
o 76345 32.86
o 76344 32.87
o 76343 32.89
o 76342 32.9
o 76341 32.97
o 76340 32.98
o 76339 32.99
o 76338 33.06
o 76337 33.08
o 76336 33.28
o 76335 33.29
o 76334 33.3
o 76333 33.32
o 76332 33.4
o 76331 33.87
o 76330 33.88
o 76329 33.9
o 76328 33.9
o 76327 33.94
o 76326 33.95
o 76325 33.95
o 76324 33.96
o 76323 33.99
o 76322 34
o 76321 34.11
o 76320 34.13
o 76319 34.2
o 76318 34.25
o 76317 34.26
o 76316 34.27
o 76315 34.34
o 76314 34.38
o 76313 34.47
o 76312 34.94
o 76311 61.89
o 76310 61.93
o 76309 62
o 76308 62.03
o 76307 62.08
o 76306 62.52
o 76305 62.7
o 76304 62.78
o 76303 62.8
o 76302 227.45
o 76301 227.62
o 76300 229.15
76300	229.15
abstraction-refinement-downcast-antlr
o 90601 21.85
o 76376 29.52
o 76375 29.61
o 76374 29.63
o 76373 29.63
o 76372 29.82
o 76371 29.82
o 76370 30.13
o 76369 30.14
o 76368 30.26
o 76367 30.89
o 76366 30.95
o 76365 30.96
o 76364 30.97
o 76363 30.98
o 76362 30.99
o 76361 30.99
o 76360 31
o 76359 31
o 76358 31.01
o 76357 31.02
o 76356 31.03
o 76355 31.03
o 76354 31.04
o 76353 31.04
o 76352 31.05
o 76351 31.05
o 76350 31.06
o 76349 31.06
o 76348 31.07
o 76347 31.08
o 76346 31.08
o 76345 31.09
o 76344 31.09
o 76343 31.1
o 76342 31.1
o 76341 31.1
o 76340 31.11
o 76339 31.12
o 76338 31.13
o 76337 31.14
o 76336 31.14
o 76335 31.14
o 76334 31.15
o 76333 31.17
o 76332 31.18
o 76331 31.18
o 76330 31.19
o 76329 31.2
o 76328 31.2
o 76327 31.21
o 76326 31.21
o 76325 31.22
o 76324 31.23
o 76323 31.24
o 76322 31.28
o 76321 31.3
o 76320 31.3
o 76319 31.31
o 76318 31.32
o 76317 31.34
o 76316 31.34
o 76315 31.36
o 76314 31.38
o 76313 31.39
o 76312 31.41
o 76311 31.51
o 76310 31.58
o 76309 31.59
o 76308 31.59
o 76307 32.26
o 76306 32.27
o 76305 32.29
o 76304 32.57
o 76303 32.7
o 76302 33.06
o 76301 33.11
o 76300 33.26
76300	33.26
abstraction-refinement-downcast-antlr
o 76375 19.64
o 76374 27
o 76373 27.01
o 76372 27.02
o 76371 27.03
o 76370 27.03
o 76369 27.04
o 76368 27.04
o 76367 27.05
o 76366 27.05
o 76365 27.06
o 76364 27.06
o 76363 27.07
o 76362 27.07
o 76361 27.07
o 76360 27.08
o 76359 27.08
o 76358 27.08
o 76357 27.09
o 76356 27.09
o 76355 27.1
o 76354 27.1
o 76353 27.11
o 76352 27.11
o 76351 27.11
o 76350 27.12
o 76349 27.13
o 76348 27.14
o 76347 27.15
o 76346 27.18
o 76345 27.19
o 76344 27.25
o 76343 27.26
o 76342 27.64
o 76341 27.65
o 76340 27.65
o 76339 27.86
o 76338 27.88
o 76337 28.07
o 76336 28.08
o 76335 28.21
o 76334 28.4
o 76333 28.54
o 76332 28.55
o 76331 29.04
o 76330 29.05
o 76329 29.49
o 76328 29.51
o 76327 29.82
o 76326 33.32
o 76325 33.36
o 76324 33.36
o 76323 34.08
o 76322 34.13
o 76321 34.69
o 76320 34.83
o 76319 34.98
o 76318 35.17
o 76317 35.17
o 76316 79.6
o 76315 79.65
o 76314 79.86
o 76313 80.83
o 76312 80.85
o 76311 81.14
o 76310 81.71
o 76309 81.89
o 76308 82.5
o 76307 82.54
o 76306 88.64
o 76305 88.74
o 76304 88.75
o 76303 88.75
o 76302 88.76
o 76301 88.78
o 76300 88.79
o 76299 88.81
o 76298 88.82
o 76297 88.84
o 76296 88.85
o 76295 88.85
o 76294 88.91
o 76293 88.92
76293	88.92
abstraction-refinement-downcast-antlr
o 76347 18.48
o 76346 28.27
o 76345 28.28
o 76344 28.29
o 76343 28.3
o 76342 28.3
o 76341 28.33
o 76340 28.33
o 76339 28.34
o 76338 28.34
o 76337 28.36
o 76336 28.42
o 76335 28.44
o 76334 28.48
o 76333 28.58
o 76332 28.59
o 76331 28.6
o 76330 28.62
o 76329 28.63
o 76328 28.98
o 76327 29.04
o 76326 29.1
o 76325 29.11
o 76324 29.13
o 76323 29.14
o 76322 29.26
o 76321 29.28
o 76320 29.29
o 76319 30.72
o 76318 30.75
o 76317 30.8
o 76316 30.8
o 76315 30.84
o 76314 30.85
o 76313 31.57
o 76312 32.26
o 76311 32.55
o 76310 32.55
o 76309 32.69
o 76308 33.06
o 76307 33.11
o 76306 33.14
o 76305 33.24
o 76304 153.64
o 76303 245.29
o 76302 245.31
o 76301 246.18
o 76300 246.27
o 76299 246.28
76299	246.28
abstraction-refinement-downcast-antlr
o 76346 20.83
o 76345 27.54
o 76344 27.55
o 76343 27.55
o 76342 27.57
o 76341 27.57
o 76340 27.58
o 76339 27.58
o 76338 27.58
o 76337 27.59
o 76336 27.59
o 76335 27.61
o 76334 27.61
o 76333 27.62
o 76332 27.62
o 76331 27.63
o 76330 27.64
o 76329 27.64
o 76328 27.65
o 76327 27.65
o 76326 27.67
o 76325 27.68
o 76324 27.68
o 76323 27.83
o 76322 27.87
o 76321 27.89
o 76320 28.14
o 76319 28.15
o 76318 28.21
o 76317 28.22
o 76316 28.22
o 76315 28.37
o 76314 28.4
o 76313 28.6
o 76312 28.61
o 76311 28.68
o 76310 28.8
o 76309 28.92
o 76308 28.94
o 76307 58.09
o 76306 58.43
o 76305 58.72
o 76304 58.84
o 76303 59.03
o 76302 59.04
o 76301 164.33
o 76300 164.56
o 76299 164.64
76299	164.64
abstraction-refinement-downcast-antlr
o 78745 19.82
o 76428 30.22
o 76427 30.22
o 76426 30.23
o 76425 30.25
o 76424 30.27
o 76423 30.28
o 76422 30.29
o 76421 30.31
o 76420 30.31
o 76419 30.36
o 76418 30.38
o 76417 30.4
o 76416 30.41
o 76415 30.42
o 76414 30.45
o 76413 30.46
o 76412 30.47
o 76411 30.51
o 76410 30.51
o 76409 30.52
o 76408 30.52
o 76407 30.53
o 76406 30.53
o 76405 30.54
o 76404 30.55
o 76403 30.55
o 76402 30.55
o 76401 30.56
o 76400 30.57
o 76399 30.6
o 76398 30.61
o 76397 30.61
o 76396 30.62
o 76395 30.63
o 76394 30.64
o 76393 30.68
o 76392 30.69
o 76391 30.69
o 76390 30.7
o 76389 30.71
o 76388 30.71
o 76387 30.75
o 76386 30.77
o 76385 30.81
o 76384 30.82
o 76383 30.98
o 76382 30.98
o 76381 30.99
o 76380 30.99
o 76379 31
o 76378 31
o 76377 31.01
o 76376 31.03
o 76375 31.04
o 76374 31.06
o 76373 31.08
o 76372 31.08
o 76371 31.08
o 76370 31.09
o 76369 31.1
o 76368 31.1
o 76367 31.1
o 76366 31.11
o 76365 31.11
o 76364 31.19
o 76363 31.19
o 76362 31.2
o 76361 31.25
o 76360 31.25
o 76359 31.58
o 76358 31.59
o 76357 31.59
o 76356 31.59
o 76355 31.6
o 76354 31.6
o 76353 31.61
o 76352 31.63
o 76351 31.64
o 76350 31.65
o 76349 31.66
o 76348 31.66
o 76347 31.68
o 76346 31.69
o 76345 31.69
o 76344 31.7
o 76343 31.71
o 76342 31.71
o 76341 31.75
o 76340 31.79
o 76339 31.83
o 76338 31.86
o 76337 31.86
o 76336 31.89
o 76335 31.9
o 76334 31.91
o 76333 31.91
o 76332 31.94
o 76331 31.97
o 76330 32.06
o 76329 32.12
o 76328 32.13
o 76327 32.14
o 76326 32.16
o 76325 32.17
o 76324 32.18
o 76323 32.19
o 76322 32.19
o 76321 32.2
o 76320 32.25
o 76319 32.31
o 76318 32.32
o 76317 32.34
o 76316 32.35
o 76315 32.36
o 76314 32.37
o 76313 32.46
o 76312 32.63
o 76311 32.64
o 76310 32.66
o 76309 32.68
o 76308 60.5
o 76307 60.51
o 76306 60.52
o 76305 60.54
o 76304 60.54
o 76303 60.55
o 76302 60.78
o 76301 63.42
o 76300 63.54
o 76299 63.56
o 76298 64.09
o 76297 64.76
76297	64.76
abstraction-refinement-downcast-antlr
o 76371 19.35
o 76370 29.21
o 76369 29.22
o 76368 29.23
o 76367 29.23
o 76366 29.25
o 76365 29.26
o 76364 29.26
o 76363 29.28
o 76362 29.3
o 76361 29.3
o 76360 29.31
o 76359 29.31
o 76358 29.32
o 76357 29.32
o 76356 29.34
o 76355 29.35
o 76354 29.35
o 76353 29.37
o 76352 29.38
o 76351 29.39
o 76350 29.39
o 76349 29.4
o 76348 29.43
o 76347 29.44
o 76346 29.44
o 76345 29.45
o 76344 29.47
o 76343 29.49
o 76342 29.51
o 76341 29.51
o 76340 29.52
o 76339 29.53
o 76338 29.72
o 76337 29.76
o 76336 29.77
o 76335 29.79
o 76334 29.8
o 76333 30.19
o 76332 30.19
o 76331 30.24
o 76330 30.43
o 76329 30.44
o 76328 30.57
o 76327 30.6
o 76326 30.64
o 76325 30.92
o 76324 30.96
o 76323 30.96
o 76322 32.94
o 76321 32.96
o 76320 32.96
o 76319 32.97
o 76318 33.15
o 76317 33.17
o 76316 33.23
o 76315 33.29
o 76314 33.65
o 76313 58.67
o 76312 60.48
o 76311 60.48
o 76310 114.78
o 76309 114.84
o 76308 197.35
o 76307 197.38
o 76306 197.41
o 76305 197.48
o 76304 197.49
o 76303 197.52
o 76302 197.55
o 76301 198.87
o 76300 199.16
o 76299 199.18
o 76298 199.8
o 76297 200.01
o 76296 200.06
o 76295 200.33
o 76294 200.62
76294	200.62
abstraction-refinement-downcast-antlr
o 76386 18.7
o 76385 30.04
o 76384 30.04
o 76383 30.04
o 76382 30.05
o 76381 30.07
o 76380 30.08
o 76379 30.08
o 76378 30.09
o 76377 30.09
o 76376 30.1
o 76375 30.1
o 76374 30.11
o 76373 30.12
o 76372 30.13
o 76371 30.13
o 76370 30.13
o 76369 30.15
o 76368 30.15
o 76367 30.16
o 76366 30.16
o 76365 30.16
o 76364 30.17
o 76363 30.19
o 76362 30.2
o 76361 30.21
o 76360 30.21
o 76359 30.22
o 76358 30.22
o 76357 30.23
o 76356 30.24
o 76355 30.26
o 76354 30.27
o 76353 30.27
o 76352 30.28
o 76351 30.33
o 76350 30.34
o 76349 30.34
o 76348 30.39
o 76347 30.4
o 76346 30.42
o 76345 30.42
o 76344 30.43
o 76343 30.45
o 76342 30.46
o 76341 30.5
o 76340 30.51
o 76339 30.58
o 76338 30.61
o 76337 30.69
o 76336 30.7
o 76335 30.71
o 76334 30.72
o 76333 30.72
o 76332 30.95
o 76331 31
o 76330 31.35
o 76329 31.37
o 76328 31.4
o 76327 31.6
o 76326 31.6
o 76325 31.64
o 76324 31.65
o 76323 31.67
o 76322 31.74
o 76321 31.75
o 76320 31.81
o 76319 31.82
o 76318 31.85
o 76317 35.04
o 76316 35.27
o 76315 35.29
o 76314 35.58
o 76313 35.58
o 76312 38.98
o 76311 39.21
o 76310 39.36
o 76309 39.56
o 76308 39.67
o 76307 39.68
o 76306 40.13
o 76305 41.24
o 76304 41.44
o 76303 41.47
o 76302 41.65
o 76301 66.16
o 76300 66.45
o 76299 66.52
o 76298 66.54
o 76297 66.58
o 76296 66.59
o 76295 67.08
o 76294 67.09
76294	67.09
abstraction-refinement-downcast-antlr
o 76371 18.73
o 76370 26.79
o 76369 26.79
o 76368 26.8
o 76367 26.8
o 76366 26.8
o 76365 26.81
o 76364 26.81
o 76363 26.82
o 76362 26.82
o 76361 26.83
o 76360 26.94
o 76359 27
o 76358 27
o 76357 27
o 76356 27.01
o 76355 27.03
o 76354 27.03
o 76353 27.04
o 76352 27.05
o 76351 27.06
o 76350 27.06
o 76349 27.08
o 76348 27.11
o 76347 27.12
o 76346 27.13
o 76345 27.16
o 76344 27.16
o 76343 27.18
o 76342 27.18
o 76341 27.84
o 76340 28.1
o 76339 28.11
o 76338 28.26
o 76337 28.34
o 76336 28.36
o 76335 28.5
o 76334 28.52
o 76333 28.55
o 76332 28.58
o 76331 28.59
o 76330 28.6
o 76329 28.68
o 76328 28.86
o 76327 28.87
o 76326 28.98
o 76325 28.99
o 76324 29.11
o 76323 29.15
o 76322 29.16
o 76321 29.17
o 76320 29.32
o 76319 29.33
o 76318 30.17
o 76317 30.18
o 76316 30.24
o 76315 30.47
o 76314 38.79
o 76313 39.09
o 76312 244.64
o 76311 244.64
o 76310 244.66
o 76309 244.66
o 76308 244.67
o 76307 244.69
o 76306 244.71
o 76305 244.72
o 76304 244.73
o 76303 244.74
o 76302 244.74
o 76301 244.79
o 76300 244.8
o 76299 244.8
76299	244.8
abstraction-refinement-downcast-antlr
o 76333 18.36
o 76332 26.95
o 76331 26.95
o 76330 26.96
o 76329 26.96
o 76328 26.98
o 76327 26.98
o 76326 26.99
o 76325 27
o 76324 27
o 76323 27.01
o 76322 27.03
o 76321 27.06
o 76320 27.09
o 76319 27.09
o 76318 27.11
o 76317 27.13
o 76316 27.62
o 76315 27.64
o 76314 27.95
o 76313 27.99
o 76312 28.53
o 76311 28.68
o 76310 28.69
o 76309 28.92
o 76308 29.01
o 76307 29.02
o 76306 29.07
o 76305 29.08
o 76304 29.81
o 76303 29.82
o 76302 30.2
o 76301 30.51
o 76300 31.17
o 76299 31.36
o 76298 31.68
o 76297 31.88
76297	31.88
