decision-tree-australian-credit-un-formula_0.8_2021_atleast_31_max-4_reduced_incomplete_adaboost_5
o 853 1.9
o 836 1.94
o 629 20.63
o 608 50.15
o 566 59.7
o 545 68.91
545	68.91
decision-tree-australian-credit-un-formula_0.8_2021_atleast_31_max-4_reduced_incomplete_adaboost_5
o 691 1.53
o 629 12.36
o 608 18.96
o 601 87.09
o 599 89.73
o 541 89.79
541	89.79
decision-tree-australian-credit-un-formula_0.8_2021_atleast_31_max-4_reduced_incomplete_adaboost_5
o 734 1.15
o 629 10.56
o 575 50.48
o 557 54.97
o 541 207.94
541	207.94
decision-tree-australian-credit-un-formula_0.8_2021_atleast_31_max-4_reduced_incomplete_adaboost_5
o 772 1.04
o 629 11.44
o 627 35.09
o 575 73.32
o 528 159.91
528	159.91
decision-tree-australian-credit-un-formula_0.8_2021_atleast_31_max-4_reduced_incomplete_adaboost_5
o 841 1.32
o 824 1.33
o 629 16.11
o 598 36
o 575 52.26
o 541 72.87
o 539 212.39
539	212.39
decision-tree-australian-credit-un-formula_0.8_2021_atleast_31_max-4_reduced_incomplete_adaboost_5
o 776 1.14
o 629 12.08
o 575 31.97
o 569 57.06
o 563 75.94
o 545 224.83
545	224.83
decision-tree-australian-credit-un-formula_0.8_2021_atleast_31_max-4_reduced_incomplete_adaboost_5
o 720 1.23
o 633 16
o 586 24.91
o 573 30.73
o 564 75.05
o 555 146.48
o 541 172.36
541	172.36
decision-tree-australian-credit-un-formula_0.8_2021_atleast_31_max-4_reduced_incomplete_adaboost_5
o 895 1.19
o 883 1.21
o 876 1.21
o 648 14.14
o 645 31.47
o 559 54.3
559	54.3
decision-tree-australian-credit-un-formula_0.8_2021_atleast_31_max-4_reduced_incomplete_adaboost_5
o 996 7.06
o 629 16.86
o 573 61.23
o 552 95.41
o 551 292.22
551	292.22
decision-tree-australian-credit-un-formula_0.8_2021_atleast_31_max-4_reduced_incomplete_adaboost_5
o 864 1.61
o 633 15.42
o 560 130.11
560	130.11
