generalized-ising-IS9_5.0.5.0.0.5_softer_periodic
o 112226199686282 0.02
o 112124122641948 0.02
o 112038371734990 0.02
o 111944534083055 0.02
o 111855638042436 0.02
o 111777814228995 0.02
o 111732292352730 0.02
o 111647157322346 0.02
o 111587653585540 0.02
o 111527884098635 0.02
o 111485818467000 0.02
o 111380241102817 0.02
o 111334895731508 0.02
o 111314625238208 0.02
o 111268743919722 0.02
o 111252654532718 0.02
o 111231922079164 0.02
o 111200464554255 0.02
o 111170782545109 0.02
o 111135024328384 0.02
o 111092585876075 0.02
o 111060909799659 0.02
o 111044494019294 0.02
o 111043677939544 0.02
o 111014721124242 0.02
o 110991193307008 0.02
o 110980946401439 0.02
o 110949736172316 0.02
o 110916308043924 0.02
o 110898460128071 0.02
o 110878194840126 0.02
o 110855493862563 0.02
o 110807560224237 0.02
o 110776188293078 0.02
o 110765881335778 0.02
o 110756134129298 0.02
o 110736165487239 0.02
o 110725569740542 0.02
o 110684638753860 0.02
o 110679417863633 0.02
o 110670191101762 0.02
o 110669072877901 0.02
o 110648113387611 0.02
o 110644403513497 0.02
o 110628925451868 0.02
o 110623585975099 0.02
o 110607820512133 0.02
o 110600516110102 0.02
o 110565415636625 0.02
o 110557535635401 0.02
o 110524607931503 0.02
o 110495907331795 0.02
o 110475622990857 0.02
o 110472082314596 0.02
o 110453403509893 0.02
o 110452011753749 0.02
o 110440125999501 0.02
o 110408237298007 0.02
o 110370426039089 0.02
o 110332977459443 0.02
o 110323544718513 0.02
o 110306980731081 0.02
o 110295514976743 0.02
o 110279833200653 0.02
110279833200653	0.02
generalized-ising-IS9_5.0.5.0.0.5_softer_periodic
o 112911779629941 0.02
o 112705595213000 0.02
o 112573038808088 0.02
o 112447458552328 0.02
o 112350024558012 0.02
o 112226498762280 0.02
o 112084530219851 0.02
o 111976049828527 0.02
o 111906593539129 0.02
o 111807427096468 0.02
o 111757571610938 0.02
o 111694060229965 0.02
o 111636570356623 0.02
o 111559602745568 0.02
o 111507411375715 0.02
o 111462169534952 0.02
o 111396774891668 0.02
o 111393379294666 0.02
o 111354963127324 0.02
o 111334175511083 0.02
o 111294034506351 0.02
o 111282205190931 0.02
o 111270234483259 0.02
o 111229345039290 0.02
o 111193511368575 0.02
o 111155950519885 0.02
o 111118126238686 0.02
o 111116832904876 0.03
o 111098435227641 0.03
o 111060019151070 0.03
o 111028997262924 0.03
o 111002738044726 0.03
o 110974790526668 0.03
o 110939268212764 0.03
o 110913952437289 0.03
o 110879039638306 0.03
o 110851270427427 0.03
o 110841290802951 0.03
o 110827858416066 0.03
o 110796502322952 0.03
o 110753755360477 0.03
o 110753207695646 0.03
o 110727005910641 0.03
o 110720194949419 0.03
o 110701447455480 0.03
o 110669108458108 0.03
o 110630937470424 0.03
o 110621056225750 0.03
o 110618823668270 0.03
o 110594836113271 0.03
o 110584720034136 0.03
o 110582279021461 0.03
o 110577671121062 0.03
o 110569689846534 0.03
o 110560858305728 0.03
o 110545673719644 0.03
o 110537473485294 0.03
o 110500568112323 0.03
o 110488281577685 0.03
o 110442826811212 0.03
o 110441083525060 0.03
o 110432446879099 0.03
o 110423110745618 0.03
o 110386014196339 0.03
110386014196339	0.03
generalized-ising-IS9_5.0.5.0.0.5_softer_periodic
o 112334526003939 0.02
o 112263482781739 0.03
o 112144142202371 0.03
o 112106355733330 0.03
o 112006540851331 0.03
o 111945048865946 0.03
o 111871919257269 0.03
o 111763080488069 0.03
o 111692652190639 0.03
o 111640693093900 0.03
o 111584468788815 0.03
o 111497543786138 0.03
o 111434330510871 0.03
o 111379041509045 0.03
o 111349815268652 0.03
o 111323066679115 0.03
o 111281070662244 0.03
o 111246418373884 0.03
o 111200078805494 0.03
o 111157539383865 0.03
o 111123327807613 0.03
o 111090057905462 0.03
o 111062595499364 0.03
o 111018598649963 0.03
o 110993025731340 0.03
o 110981688528153 0.03
o 110979235616820 0.03
o 110952280061048 0.03
o 110931278078395 0.03
o 110886143824841 0.03
o 110876777011594 0.03
o 110875008154239 0.03
o 110852808177583 0.03
o 110828329716311 0.03
o 110821533944491 0.03
o 110809064231600 0.03
o 110802580468550 0.03
o 110783999874010 0.03
o 110780600305213 0.03
o 110770875427276 0.03
o 110763316469133 0.03
o 110762096502232 0.03
o 110739330636731 0.03
o 110726281046541 0.03
o 110723330151777 0.03
o 110706529747003 0.03
o 110691456013644 0.03
o 110681236742311 0.03
o 110671501678964 0.03
o 110631917624598 0.03
o 110611258769797 0.03
o 110564478991856 0.03
o 110548238275629 0.03
o 110504011830828 0.03
o 110457838005642 0.03
o 110455335500919 0.03
o 110391956074224 0.03
o 110364252634217 0.03
o 110358999059280 0.03
o 110338553386808 0.03
o 110323184225776 0.03
110323184225776	0.03
generalized-ising-IS9_5.0.5.0.0.5_softer_periodic
o 112231223924613 0.03
o 112120077055936 0.03
o 112010734367990 0.03
o 111932535636809 0.03
o 111871836420159 0.03
o 111803309296087 0.03
o 111704840052323 0.03
o 111645962303895 0.03
o 111585812802949 0.03
o 111522526084680 0.03
o 111461013089121 0.03
o 111403083452256 0.03
o 111374448443349 0.03
o 111343080701492 0.03
o 111312716244922 0.03
o 111276187798259 0.03
o 111240983337894 0.03
o 111215464961536 0.03
o 111187726564032 0.03
o 111166868317737 0.03
o 111144835267962 0.03
o 111112868414610 0.03
o 111088824492678 0.03
o 111049641346338 0.03
o 111023956271139 0.03
o 110983896443393 0.03
o 110958405608484 0.03
o 110923632651190 0.03
o 110873496106696 0.03
o 110844372949221 0.03
o 110806147345286 0.03
o 110769973863368 0.03
o 110733583816840 0.03
o 110726259316954 0.03
o 110699465886888 0.03
o 110672825674023 0.03
o 110645054086188 0.03
o 110618936056477 0.03
o 110593194910634 0.03
o 110585317301551 0.03
o 110571553846705 0.03
o 110565854219076 0.03
o 110553942901503 0.03
o 110544240110382 0.04
o 110530076522396 0.04
o 110517763124836 0.04
o 110501654952675 0.04
o 110462299916842 0.04
o 110455388887197 0.04
o 110450355473120 0.04
o 110434520241293 0.04
o 110418891007982 0.04
o 110394160372769 0.04
o 110370180616971 0.04
o 110311968288256 0.04
o 110309313301709 0.04
110309313301709	0.04
generalized-ising-IS9_5.0.5.0.0.5_softer_periodic
o 112701857500695 0.02
o 112573620874914 0.02
o 112428348691202 0.02
o 112305802150321 0.02
o 112214424245243 0.02
o 112072292611289 0.02
o 111965037471421 0.02
o 111868588555890 0.02
o 111772748251383 0.02
o 111675285158753 0.02
o 111605600303286 0.02
o 111551793856597 0.02
o 111527175352913 0.02
o 111466509137097 0.02
o 111460712036516 0.02
o 111416817072181 0.02
o 111387048830512 0.02
o 111325580496328 0.02
o 111274603532854 0.02
o 111259440709402 0.02
o 111234714753076 0.02
o 111167779564877 0.02
o 111115865191440 0.02
o 111094471446969 0.02
o 111093381796667 0.02
o 111056626513730 0.02
o 111016533330113 0.02
o 110979000873848 0.02
o 110946628254903 0.02
o 110892715505612 0.02
o 110840410004959 0.02
o 110797276170011 0.02
o 110749310956308 0.02
o 110710499396630 0.02
o 110668725331583 0.02
o 110636448161713 0.02
o 110602257655633 0.02
o 110579472335377 0.02
o 110535473559159 0.02
o 110500128814206 0.02
o 110473155400517 0.02
o 110447717145447 0.02
o 110407423664124 0.02
o 110313367518458 0.02
o 110305597503372 0.02
o 110272970035381 0.02
o 110257648367681 0.02
o 110223240367240 0.02
o 110200086764237 0.02
o 110169502302921 0.02
o 110156566297217 0.02
110156566297217	0.02
generalized-ising-IS9_5.0.5.0.0.5_softer_periodic
o 112240065679712 0.02
o 112105035507962 0.02
o 112022667380535 0.02
o 111934984539294 0.02
o 111840527647324 0.02
o 111766256567592 0.02
o 111727246408928 0.02
o 111665885238048 0.02
o 111636189715971 0.02
o 111587636441529 0.02
o 111553119417643 0.02
o 111513481377315 0.02
o 111451125798089 0.02
o 111413831019322 0.02
o 111376861607418 0.02
o 111314379419276 0.02
o 111285933648565 0.02
o 111246486132649 0.02
o 111201946821500 0.02
o 111149716990758 0.02
o 111109452038425 0.02
o 111100960378261 0.02
o 111066244046361 0.02
o 111017298124011 0.02
o 110992653338289 0.02
o 110969601167806 0.02
o 110950623116800 0.02
o 110920690725634 0.02
o 110910432365156 0.02
o 110899197666985 0.02
o 110872264017082 0.02
o 110852196954450 0.02
o 110827399220588 0.02
o 110812221568978 0.02
o 110802951093357 0.02
o 110802289158892 0.02
o 110801711214415 0.02
o 110786288594602 0.02
o 110729973454668 0.02
o 110729557009340 0.02
o 110722381790513 0.02
o 110713643227626 0.02
o 110673011007989 0.02
o 110670914596761 0.02
o 110656065865028 0.02
o 110620727163181 0.02
o 110608798048114 0.02
o 110594574709190 0.02
o 110570811589083 0.02
o 110536260298749 0.02
o 110531372816971 0.02
o 110502280656871 0.02
o 110471921489159 0.02
o 110439976915814 0.02
o 110386564205426 0.02
o 110362537221999 0.02
o 110359475959183 0.02
o 110351586248686 0.02
o 110339725529713 0.02
o 110324540815296 0.02
o 110305068246868 0.02
o 110268465204625 0.02
o 110262698139786 0.02
o 110254498673932 0.02
o 110215144643665 0.02
o 110202646569822 0.02
o 110189103287009 0.02
o 110144737984638 0.02
o 110142986715524 0.02
o 110141180233433 0.02
o 110136296444106 0.02
o 110066981524169 0.02
110066981524169	0.02
generalized-ising-IS9_5.0.5.0.0.5_softer_periodic
o 113104765081048 0.02
o 112908692664312 0.03
o 112742035569004 0.03
o 112629540973731 0.03
o 112525042585096 0.03
o 112417768247798 0.03
o 112313499440881 0.03
o 112168235590729 0.03
o 112017072358106 0.03
o 111908183191115 0.03
o 111775866161243 0.03
o 111680008893988 0.03
o 111564797724981 0.03
o 111485370096524 0.03
o 111407262307973 0.03
o 111312183130602 0.03
o 111251731453808 0.03
o 111178957571374 0.03
o 111139385405927 0.03
o 111082928454333 0.03
o 111021721827881 0.03
o 110994059596426 0.03
o 110966345710385 0.03
o 110931919885680 0.03
o 110893887407075 0.03
o 110852712681203 0.03
o 110839089331724 0.03
o 110805118581805 0.03
o 110764597888655 0.03
o 110714658307391 0.03
o 110703254070923 0.03
o 110683709134109 0.03
o 110679616259143 0.03
o 110628097359083 0.03
o 110579157527105 0.03
o 110542605706248 0.03
o 110456483632674 0.03
o 110391728343060 0.03
o 110325773129936 0.03
o 110238889957171 0.03
o 110228957451064 0.03
o 110225148221283 0.03
110225148221283	0.03
generalized-ising-IS9_5.0.5.0.0.5_softer_periodic
o 112426937750490 0.03
o 112308568228247 0.03
o 112249010011421 0.03
o 112142441900671 0.03
o 112003212947259 0.03
o 111902154694226 0.03
o 111840705691923 0.03
o 111773483928105 0.03
o 111759318616565 0.03
o 111716147326362 0.03
o 111655155557642 0.03
o 111620885171254 0.03
o 111559279381090 0.03
o 111504559512440 0.03
o 111427227185090 0.03
o 111357536575617 0.03
o 111299276842247 0.03
o 111283241898750 0.03
o 111260021661736 0.03
o 111213971725080 0.03
o 111173521389994 0.03
o 111153803716961 0.03
o 111153093013875 0.03
o 111132023453312 0.03
o 111102220094545 0.03
o 111077947208637 0.03
o 111057849139614 0.03
o 111019964122701 0.03
o 111018899839144 0.03
o 110989302768335 0.03
o 110965456775645 0.03
o 110919704841953 0.03
o 110899579348571 0.03
o 110888550884484 0.03
o 110848838196515 0.03
o 110847006399057 0.03
o 110838774147187 0.03
o 110837957462116 0.03
o 110831027654165 0.03
o 110827639129226 0.03
o 110823016158327 0.03
o 110812675346906 0.03
o 110783971946921 0.03
o 110766773474492 0.03
o 110729861014772 0.03
o 110716256934889 0.03
o 110690727100640 0.03
o 110664034096730 0.03
o 110651653239212 0.03
o 110623223300568 0.03
o 110614413856917 0.03
o 110592308884178 0.03
o 110580305687130 0.03
o 110556524002971 0.03
o 110520661251040 0.03
o 110519170736276 0.03
o 110501409046808 0.03
o 110450464862713 0.03
o 110440529743419 0.03
o 110434587737245 0.03
o 110424854099187 0.03
o 110392056907970 0.03
o 110387680018514 0.03
o 110365352728897 0.03
o 110261049161082 0.03
o 110218906986640 0.03
o 110207398319960 0.03
o 110198765870922 0.03
o 110146307948573 0.03
o 110111173278245 0.03
110111173278245	0.03
generalized-ising-IS9_5.0.5.0.0.5_softer_periodic
o 112849802822120 0.02
o 112725721480342 0.02
o 112539201178362 0.02
o 112404113840451 0.02
o 112269692973906 0.02
o 112160919840278 0.02
o 112017016313717 0.02
o 111908682666343 0.02
o 111835842565502 0.02
o 111760419804486 0.02
o 111699335995100 0.02
o 111690670887437 0.02
o 111629989468869 0.02
o 111532352658217 0.02
o 111478906580760 0.02
o 111421872449017 0.02
o 111372066795448 0.02
o 111334757691048 0.02
o 111306300069986 0.02
o 111251591399452 0.02
o 111226995421240 0.02
o 111174532880978 0.02
o 111162008227352 0.02
o 111121945921314 0.02
o 111099372419851 0.02
o 111065762849855 0.02
o 111055245985539 0.02
o 111018297500501 0.02
o 110982827969490 0.02
o 110952355985155 0.02
o 110920010821941 0.02
o 110894358498622 0.02
o 110862208651119 0.02
o 110840957779830 0.02
o 110820011032405 0.02
o 110766681010252 0.02
o 110724245925945 0.02
o 110694241771549 0.02
o 110682331755937 0.02
o 110627731308498 0.02
o 110585871259447 0.02
o 110530461938404 0.02
o 110488400615208 0.02
o 110463521209100 0.02
o 110462544520189 0.02
o 110454348085538 0.02
o 110440848763038 0.02
o 110433761839995 0.02
o 110425664332146 0.02
o 110424413428413 0.02
o 110395356313258 0.02
o 110380581163965 0.02
o 110354002804355 0.02
o 110337274388384 0.02
o 110331170015337 0.02
o 110320273552473 0.02
o 110301554097491 0.02
o 110283096501857 0.02
o 110256916125784 0.02
o 110211837057587 0.02
o 110180209649852 0.02
o 110113980821566 0.02
o 110108810054999 0.02
110108810054999	0.02
generalized-ising-IS9_5.0.5.0.0.5_softer_periodic
o 112761230611237 0.03
o 112605047972471 0.03
o 112474185013607 0.03
o 112307175714954 0.03
o 112208434423545 0.03
o 112127438911190 0.03
o 112050896037802 0.03
o 111993348245518 0.03
o 111918257281868 0.03
o 111863734290045 0.03
o 111799462166018 0.03
o 111721201610559 0.03
o 111665169628182 0.03
o 111613180211987 0.03
o 111570533018956 0.03
o 111483263872781 0.03
o 111452417994350 0.03
o 111409277567048 0.03
o 111353624187476 0.03
o 111350818081688 0.03
o 111329029399926 0.03
o 111290320097627 0.03
o 111252380712332 0.03
o 111185223412892 0.03
o 111149740129856 0.03
o 111122301853100 0.03
o 111104958744591 0.03
o 111081724031471 0.03
o 111076420879157 0.03
o 111058580790069 0.03
o 111024474021918 0.03
o 111017601815110 0.03
o 110987504988072 0.03
o 110958633659316 0.03
o 110932807949632 0.03
o 110923241588183 0.03
o 110918028132221 0.03
o 110899524821037 0.03
o 110884690426450 0.03
o 110865965034163 0.03
o 110828182879266 0.03
o 110821726003630 0.03
o 110786224027917 0.03
o 110765355499714 0.03
o 110737401434351 0.03
o 110714088287787 0.03
o 110693150980010 0.03
o 110677567954949 0.03
o 110660891413886 0.03
o 110659597057554 0.03
o 110650883239049 0.03
o 110643114392315 0.03
o 110630227348765 0.03
o 110617661626282 0.03
o 110595824992860 0.03
o 110562256307485 0.03
o 110543247052936 0.03
o 110498051891545 0.03
o 110492346589445 0.03
o 110475201179840 0.03
o 110471968401034 0.03
o 110457176493309 0.03
o 110455089631673 0.03
o 110450369095296 0.03
o 110417277605373 0.04
o 110398483508776 0.04
o 110390271975521 0.04
o 110373749620936 0.04
o 110364384392298 0.04
o 110300039099013 0.04
110300039099013	0.04
