hs-timetabling-BrazilInstance1.xml
o 303 0.06
o 294 0.06
o 285 0.06
o 276 0.06
o 175 0.12
o 173 0.2
o 172 0.2
o 168 0.62
o 155 0.63
o 152 2.87
o 139 3.46
o 138 3.46
o 135 18.74
o 133 18.74
o 132 20.84
o 131 29.42
o 115 29.42
115	29.42
hs-timetabling-BrazilInstance1.xml
o 273 0.03
o 264 0.03
o 255 0.03
o 246 0.03
o 237 0.03
o 228 0.03
o 204 0.06
o 203 0.06
o 182 0.08
o 181 0.08
o 180 0.08
o 179 0.32
o 178 0.38
o 173 0.45
o 162 0.46
o 161 0.89
o 153 2.1
o 147 4.53
o 142 4.54
o 141 4.54
o 139 5.95
o 138 5.95
o 136 5.96
o 135 6
o 130 10.86
o 111 13.84
o 106 13.86
o 105 13.93
o 97 14.22
o 94 14.33
o 93 14.34
93	14.34
hs-timetabling-BrazilInstance1.xml
o 310 0.04
o 301 0.04
o 204 0.07
o 203 0.07
o 193 0.08
o 182 0.1
o 181 0.1
o 174 0.17
o 171 0.65
o 170 0.65
o 165 0.73
o 156 0.84
o 155 0.84
o 150 0.89
o 144 3.07
o 143 10.08
o 140 10.16
o 121 10.31
o 105 54.24
105	54.24
hs-timetabling-BrazilInstance1.xml
o 279 0.03
o 270 0.03
o 261 0.03
o 252 0.03
o 243 0.03
o 234 0.03
o 217 0.1
o 188 0.14
o 187 0.14
o 185 0.27
o 167 0.29
o 166 0.29
o 157 1.11
o 155 2.88
o 154 2.88
o 150 3.77
o 149 3.77
o 143 5.52
o 138 5.85
o 134 25.02
o 128 25.19
o 123 100.26
o 122 100.26
o 116 270.21
o 115 270.24
o 114 270.24
114	270.24
hs-timetabling-BrazilInstance1.xml
o 279 0.04
o 270 0.04
o 261 0.04
o 192 0.1
o 191 0.1
o 165 0.12
o 161 0.12
o 152 0.7
o 148 1.06
o 147 2.11
o 144 2.13
o 139 4.15
o 134 4.92
o 133 96.59
o 132 104.53
o 114 132.13
o 111 132.29
111	132.29
hs-timetabling-BrazilInstance1.xml
o 294 0.06
o 285 0.06
o 276 0.06
o 220 0.09
o 213 0.1
o 212 0.1
o 200 0.1
o 198 0.11
o 193 0.11
o 171 0.12
o 166 0.13
o 164 0.28
o 161 0.3
o 157 1
o 154 1.16
o 146 1.89
o 135 1.93
o 133 14.35
o 132 14.69
o 125 29.2
o 122 29.43
o 117 29.5
o 114 29.99
o 111 30.07
111	30.07
hs-timetabling-BrazilInstance1.xml
o 300 0.04
o 291 0.04
o 282 0.04
o 273 0.04
o 264 0.04
o 255 0.04
o 182 0.08
o 178 0.09
o 170 0.11
o 169 0.11
o 160 0.41
o 157 1.67
o 150 2.59
o 149 6.41
o 148 7.4
o 147 7.62
o 136 8.04
o 134 10.29
o 130 40.25
o 113 44.15
113	44.15
hs-timetabling-BrazilInstance1.xml
o 314 0.03
o 305 0.03
o 296 0.03
o 220 0.11
o 219 0.11
o 211 0.11
o 210 0.11
o 196 0.12
o 187 0.12
o 185 0.26
o 179 0.31
o 178 0.31
o 177 0.31
o 174 0.71
o 162 1.27
o 143 1.35
o 142 7.68
o 139 7.81
o 138 7.82
o 135 7.83
o 134 7.83
o 121 40.39
o 118 229.21
o 117 229.21
o 111 247.3
111	247.3
hs-timetabling-BrazilInstance1.xml
o 301 0.03
o 292 0.03
o 283 0.03
o 274 0.03
o 189 0.06
o 170 0.07
o 168 0.11
o 162 1.05
o 160 1.16
o 135 1.32
o 134 1.46
o 122 1.5
o 121 74.96
o 119 75.46
119	75.46
hs-timetabling-BrazilInstance1.xml
o 294 0.05
o 285 0.05
o 276 0.05
o 189 0.08
o 178 0.08
o 171 0.09
o 158 0.09
o 148 0.09
o 143 1.02
o 140 1.04
o 139 20.38
o 138 28.09
o 136 28.09
o 134 28.23
o 127 28.24
o 126 28.24
o 120 74.37
o 118 102.06
118	102.06
