judgment-aggregation-ja-kemeny-preflib-00051-00000011
o 1267 0.96
o 1259 1
o 1251 1
o 1250 1
o 1249 1
o 1248 1
o 1245 1
o 1242 1
o 1240 1
o 1236 1
o 1233 1
o 1232 1
o 1231 1
o 1228 1
o 1227 1
o 1224 1
o 1221 1
o 1220 1
o 1219 1
o 1218 1
o 1217 1
o 1216 1
o 1215 1
o 1214 1
o 1213 1
o 1212 1
o 1209 1
o 1200 1
o 1195 1
o 1192 1
o 1188 1
o 1187 1
o 1186 1
o 1185 1
o 1182 1
o 1181 1
o 1180 1
o 1179 1
o 1176 1
o 1175 1
o 1173 1
o 1170 1
o 1169 1
o 1165 1
o 1164 1
o 1159 1
o 1158 1
o 1157 1
o 1154 1
o 1153 1
o 1152 1
o 1149 1
o 1148 1
o 1147 1
o 1146 1
o 1143 1
o 1142 1
o 1139 1
o 1136 1
o 1135 1
o 1134 1
o 1131 1
o 1130 1
o 1129 1
o 1128 1
o 1125 1
o 1122 1
o 1119 1
o 1118 1
o 1117 1
o 1116 1
o 1115 1
o 1114 1
o 1113 1
o 1112 1
o 1111 1
o 1107 1.01
o 1102 1.01
o 1099 1.01
o 1098 1.01
o 1095 1.01
o 1089 1.01
o 1088 1.01
o 1084 1.01
o 1083 1.01
o 1080 1.01
o 1079 1.01
o 1078 1.01
o 1076 1.01
o 1075 1.01
o 1074 1.01
o 1071 1.01
o 1068 1.01
o 1066 1.01
o 1065 1.01
o 1064 1.01
o 1062 1.01
o 1061 1.01
o 1060 1.01
o 1058 1.01
o 1057 1.01
o 1056 1.01
o 1054 1.01
o 1050 1.01
o 1045 1.01
o 1040 1.01
o 1034 1.01
o 1033 1.01
o 1032 1.01
o 1031 1.01
o 1030 1.01
o 1029 1.01
o 1028 1.01
o 1026 1.01
o 1023 1.02
o 1022 1.02
o 1019 1.02
o 1013 1.02
o 1008 1.02
o 1003 1.02
o 997 1.02
o 996 1.02
o 987 1.02
o 986 1.02
o 985 1.02
o 982 1.02
o 976 1.02
o 975 1.02
o 971 1.02
o 968 1.02
o 965 1.02
o 964 1.02
o 963 1.02
o 962 1.02
o 960 1.02
o 959 1.02
o 958 1.02
o 957 1.02
o 956 1.02
o 953 1.02
o 952 1.02
o 951 1.02
o 950 1.02
o 948 1.02
o 947 1.02
o 946 1.02
o 945 1.02
o 943 1.02
o 940 1.02
o 939 1.02
o 938 1.02
o 937 1.03
o 936 1.03
o 932 1.03
o 929 1.03
o 928 1.03
o 925 1.03
o 921 1.03
o 920 1.03
o 918 1.03
o 916 1.03
o 915 1.03
o 914 1.03
o 913 1.03
o 912 1.03
o 911 1.04
o 909 1.04
o 908 1.04
o 907 1.04
o 906 1.04
o 902 1.04
o 899 1.04
o 896 1.04
o 893 1.04
o 892 1.04
o 891 1.04
o 890 1.04
o 889 1.04
o 888 1.05
o 887 1.05
o 885 1.05
o 884 1.05
o 882 1.05
o 881 1.05
o 880 1.05
o 877 1.05
o 876 1.05
o 873 1.05
o 872 1.05
o 871 1.06
o 869 1.06
o 867 1.06
o 866 1.06
o 865 1.06
o 862 1.06
o 861 1.06
o 860 1.07
o 859 1.07
o 856 1.07
o 853 1.07
o 849 1.07
o 846 1.07
o 843 1.07
o 842 1.07
o 840 1.07
o 836 1.07
o 833 1.07
o 832 1.07
o 830 1.07
o 829 1.07
o 827 1.08
o 826 1.08
o 822 1.08
o 821 1.08
o 819 1.08
o 816 1.08
o 815 1.08
o 814 1.08
o 813 1.08
o 811 1.08
o 810 1.08
o 807 1.08
o 805 1.08
o 804 1.08
o 803 1.08
o 802 1.08
o 801 1.08
o 798 1.09
o 797 1.09
o 796 1.11
o 793 1.11
o 792 1.14
o 790 1.14
o 789 1.15
o 787 1.15
o 785 1.17
o 783 1.17
o 781 1.17
o 780 1.17
o 779 1.19
o 776 1.19
o 775 1.2
o 774 1.21
o 773 1.21
o 772 1.21
o 769 1.23
o 768 1.23
o 767 1.23
o 765 1.23
o 763 1.24
o 762 1.24
o 761 1.24
o 759 1.43
o 758 1.43
o 757 1.43
o 756 1.47
o 754 1.48
o 753 1.48
o 752 1.49
o 750 1.49
o 747 1.49
o 746 1.49
o 745 1.55
o 743 1.55
o 740 1.55
o 739 1.56
o 738 1.56
o 737 1.56
o 736 1.56
o 735 1.57
o 734 1.72
o 733 1.72
o 732 1.92
o 731 1.93
o 730 1.93
o 729 1.94
o 728 1.94
o 727 1.97
o 726 1.97
o 724 2.02
o 723 2.03
o 722 2.03
o 721 3.11
o 720 4.28
o 719 7.13
o 718 7.75
o 717 21.64
o 716 37.4
o 715 163
o 714 163
o 713 163.01
o 710 163.03
o 709 163.88
o 708 163.89
o 707 168.28
707	168.28
judgment-aggregation-ja-kemeny-preflib-00051-00000011
o 1420 1.37
o 1379 1.46
o 1376 1.46
o 1375 1.46
o 1372 1.46
o 1368 1.47
o 1367 1.47
o 1362 1.47
o 1351 1.47
o 1348 1.47
o 1343 1.47
o 1338 1.47
o 1332 1.47
o 1329 1.47
o 1325 1.47
o 1322 1.47
o 1321 1.47
o 1318 1.47
o 1317 1.47
o 1313 1.47
o 1312 1.47
o 1309 1.47
o 1305 1.47
o 1303 1.47
o 1297 1.47
o 1291 1.47
o 1288 1.47
o 1285 1.47
o 1280 1.47
o 1279 1.47
o 1269 1.47
o 1268 1.47
o 1267 1.47
o 1264 1.47
o 1263 1.47
o 1260 1.47
o 1259 1.47
o 1258 1.47
o 1254 1.47
o 1253 1.47
o 1250 1.47
o 1248 1.47
o 1245 1.47
o 1244 1.47
o 1243 1.47
o 1241 1.47
o 1240 1.47
o 1237 1.47
o 1234 1.47
o 1233 1.47
o 1232 1.47
o 1229 1.47
o 1223 1.47
o 1222 1.47
o 1221 1.47
o 1220 1.47
o 1219 1.47
o 1218 1.47
o 1217 1.47
o 1215 1.48
o 1212 1.48
o 1206 1.48
o 1203 1.48
o 1198 1.48
o 1180 1.48
o 1177 1.48
o 1176 1.48
o 1175 1.48
o 1174 1.48
o 1171 1.48
o 1170 1.48
o 1169 1.48
o 1168 1.48
o 1164 1.48
o 1161 1.48
o 1155 1.48
o 1152 1.48
o 1151 1.48
o 1150 1.48
o 1144 1.48
o 1141 1.48
o 1140 1.48
o 1137 1.48
o 1136 1.48
o 1135 1.48
o 1132 1.48
o 1131 1.48
o 1128 1.48
o 1127 1.48
o 1124 1.48
o 1123 1.48
o 1122 1.48
o 1121 1.48
o 1120 1.48
o 1114 1.48
o 1108 1.48
o 1096 1.48
o 1095 1.48
o 1092 1.48
o 1091 1.48
o 1086 1.48
o 1085 1.48
o 1082 1.48
o 1081 1.48
o 1078 1.48
o 1077 1.48
o 1074 1.48
o 1073 1.48
o 1071 1.48
o 1068 1.48
o 1067 1.48
o 1066 1.48
o 1065 1.48
o 1064 1.48
o 1061 1.48
o 1058 1.48
o 1053 1.48
o 1052 1.48
o 1051 1.48
o 1050 1.48
o 1047 1.48
o 1040 1.48
o 1037 1.48
o 1036 1.48
o 1031 1.48
o 1026 1.48
o 1025 1.48
o 1024 1.48
o 1021 1.48
o 1020 1.49
o 1019 1.49
o 1018 1.49
o 1016 1.49
o 1013 1.49
o 1008 1.49
o 1007 1.49
o 1004 1.49
o 1003 1.49
o 1000 1.49
o 999 1.49
o 998 1.49
o 997 1.49
o 996 1.49
o 995 1.5
o 992 1.5
o 986 1.5
o 985 1.5
o 984 1.5
o 983 1.5
o 977 1.5
o 976 1.5
o 973 1.5
o 971 1.5
o 970 1.5
o 967 1.5
o 965 1.51
o 964 1.51
o 962 1.51
o 961 1.51
o 960 1.51
o 958 1.51
o 955 1.51
o 954 1.51
o 953 1.51
o 950 1.51
o 949 1.51
o 947 1.51
o 946 1.51
o 945 1.51
o 942 1.51
o 939 1.51
o 933 1.52
o 929 1.52
o 926 1.52
o 923 1.52
o 922 1.52
o 921 1.52
o 920 1.52
o 913 1.52
o 908 1.52
o 905 1.52
o 904 1.52
o 901 1.52
o 898 1.52
o 895 1.52
o 892 1.52
o 891 1.52
o 890 1.52
o 887 1.52
o 885 1.52
o 884 1.52
o 883 1.52
o 882 1.52
o 881 1.53
o 880 1.53
o 879 1.53
o 875 1.53
o 874 1.53
o 872 1.53
o 871 1.53
o 868 1.53
o 865 1.53
o 864 1.53
o 863 1.53
o 862 1.53
o 861 1.53
o 860 1.53
o 858 1.53
o 857 1.53
o 856 1.53
o 855 1.53
o 852 1.53
o 851 1.53
o 850 1.53
o 849 1.53
o 836 1.53
o 833 1.53
o 832 1.54
o 829 1.54
o 827 1.54
o 825 1.55
o 822 1.55
o 821 1.55
o 816 1.55
o 815 1.55
o 814 1.55
o 812 1.55
o 809 1.55
o 805 1.55
o 804 1.56
o 803 1.56
o 802 1.56
o 801 1.56
o 800 1.56
o 799 1.56
o 797 1.56
o 796 1.56
o 795 1.56
o 794 1.56
o 793 1.57
o 792 1.57
o 791 1.57
o 789 1.57
o 787 1.58
o 786 1.58
o 785 1.58
o 784 1.58
o 783 1.59
o 782 1.6
o 779 1.6
o 776 1.6
o 775 1.6
o 774 1.6
o 773 1.61
o 772 1.61
o 771 1.62
o 770 1.62
o 768 1.62
o 765 1.62
o 764 1.62
o 763 1.64
o 760 1.66
o 758 1.66
o 757 1.66
o 754 1.67
o 753 1.67
o 752 1.71
o 751 1.71
o 750 1.73
o 747 1.73
o 746 1.74
o 745 1.74
o 744 1.74
o 743 1.74
o 740 1.74
o 739 1.74
o 738 2.86
o 737 2.86
o 735 2.86
o 734 2.93
o 732 2.93
o 730 2.93
o 729 2.94
o 727 3.48
o 726 3.67
o 725 3.69
o 724 3.78
o 723 3.79
o 722 3.79
o 721 4.06
o 719 4.07
o 718 4.2
o 717 5.76
o 716 5.77
o 715 6.2
o 713 6.39
o 712 6.42
o 711 6.54
o 710 7.26
o 708 8.1
o 707 9.89
o 706 9.91
o 705 11.01
o 704 22.49
o 703 24.85
o 702 33.46
o 701 33.46
o 700 33.46
o 699 54.26
699	54.26
judgment-aggregation-ja-kemeny-preflib-00051-00000011
o 1359 4.5
o 1349 4.54
o 1348 4.54
o 1347 4.54
o 1344 4.54
o 1341 4.54
o 1336 4.54
o 1335 4.54
o 1332 4.54
o 1326 4.54
o 1324 4.54
o 1321 4.54
o 1304 4.54
o 1302 4.55
o 1300 4.55
o 1295 4.55
o 1288 4.55
o 1285 4.55
o 1282 4.55
o 1279 4.55
o 1278 4.55
o 1275 4.55
o 1274 4.55
o 1269 4.55
o 1266 4.55
o 1261 4.55
o 1260 4.55
o 1259 4.55
o 1256 4.55
o 1252 4.55
o 1249 4.55
o 1248 4.55
o 1247 4.55
o 1244 4.55
o 1238 4.55
o 1235 4.55
o 1231 4.55
o 1225 4.55
o 1224 4.55
o 1223 4.55
o 1221 4.55
o 1214 4.55
o 1213 4.55
o 1210 4.55
o 1200 4.55
o 1199 4.55
o 1198 4.55
o 1197 4.55
o 1196 4.55
o 1195 4.55
o 1194 4.55
o 1191 4.55
o 1188 4.55
o 1187 4.55
o 1184 4.55
o 1181 4.55
o 1176 4.55
o 1171 4.55
o 1168 4.55
o 1166 4.55
o 1164 4.55
o 1160 4.55
o 1159 4.56
o 1153 4.56
o 1152 4.56
o 1151 4.56
o 1148 4.56
o 1145 4.56
o 1144 4.56
o 1143 4.56
o 1137 4.56
o 1132 4.56
o 1129 4.56
o 1128 4.56
o 1127 4.56
o 1126 4.56
o 1125 4.56
o 1124 4.56
o 1123 4.56
o 1120 4.56
o 1117 4.56
o 1115 4.56
o 1113 4.56
o 1112 4.56
o 1111 4.56
o 1110 4.56
o 1109 4.56
o 1107 4.56
o 1098 4.56
o 1097 4.56
o 1094 4.56
o 1093 4.56
o 1092 4.56
o 1091 4.57
o 1088 4.57
o 1087 4.57
o 1086 4.57
o 1083 4.57
o 1082 4.57
o 1081 4.57
o 1080 4.57
o 1079 4.57
o 1076 4.57
o 1075 4.57
o 1074 4.57
o 1071 4.57
o 1068 4.57
o 1067 4.57
o 1065 4.57
o 1062 4.57
o 1061 4.57
o 1058 4.57
o 1057 4.57
o 1056 4.57
o 1053 4.57
o 1050 4.57
o 1049 4.57
o 1048 4.57
o 1047 4.57
o 1046 4.57
o 1042 4.57
o 1039 4.57
o 1036 4.57
o 1035 4.57
o 1033 4.57
o 1030 4.57
o 1028 4.57
o 1026 4.57
o 1024 4.57
o 1019 4.58
o 1017 4.58
o 1016 4.58
o 1015 4.58
o 1014 4.58
o 1013 4.58
o 1012 4.58
o 1008 4.58
o 1006 4.58
o 1005 4.58
o 1000 4.58
o 999 4.58
o 998 4.58
o 994 4.58
o 989 4.58
o 986 4.58
o 985 4.58
o 984 4.58
o 983 4.58
o 981 4.58
o 970 4.59
o 969 4.59
o 968 4.59
o 967 4.59
o 964 4.59
o 961 4.59
o 958 4.59
o 957 4.59
o 954 4.59
o 953 4.59
o 949 4.59
o 948 4.59
o 947 4.59
o 946 4.59
o 945 4.59
o 942 4.59
o 941 4.59
o 940 4.59
o 939 4.59
o 938 4.59
o 936 4.59
o 935 4.59
o 934 4.59
o 928 4.59
o 927 4.6
o 925 4.6
o 924 4.6
o 923 4.6
o 922 4.6
o 921 4.6
o 920 4.6
o 919 4.6
o 917 4.6
o 916 4.6
o 915 4.6
o 912 4.6
o 908 4.61
o 907 4.61
o 906 4.61
o 905 4.61
o 904 4.61
o 903 4.61
o 902 4.61
o 901 4.61
o 898 4.61
o 897 4.61
o 895 4.61
o 893 4.62
o 892 4.62
o 889 4.62
o 888 4.62
o 887 4.62
o 886 4.62
o 883 4.62
o 882 4.62
o 881 4.62
o 880 4.62
o 879 4.62
o 876 4.62
o 871 4.62
o 869 4.62
o 867 4.62
o 866 4.62
o 864 4.62
o 862 4.62
o 857 4.62
o 856 4.62
o 855 4.63
o 854 4.63
o 853 4.63
o 852 4.63
o 849 4.63
o 847 4.63
o 846 4.63
o 845 4.63
o 843 4.64
o 840 4.64
o 839 4.64
o 838 4.64
o 835 4.64
o 834 4.64
o 833 4.64
o 832 4.64
o 831 4.65
o 830 4.65
o 829 4.65
o 827 4.66
o 826 4.69
o 825 4.7
o 822 4.7
o 819 4.7
o 813 4.7
o 812 4.7
o 811 4.7
o 809 4.7
o 806 4.7
o 803 4.7
o 802 4.7
o 799 4.7
o 796 4.71
o 793 4.71
o 792 4.71
o 791 4.71
o 790 4.71
o 789 4.71
o 786 4.71
o 784 4.72
o 781 4.72
o 778 4.72
o 776 4.72
o 775 4.72
o 774 4.72
o 773 4.73
o 771 4.73
o 768 4.73
o 767 4.73
o 766 4.73
o 763 4.73
o 760 4.75
o 759 4.75
o 758 4.75
o 757 4.75
o 756 4.76
o 754 4.79
o 753 4.79
o 752 4.79
o 751 4.79
o 749 4.8
o 748 4.82
o 747 4.85
o 746 5.06
o 744 5.23
o 743 5.24
o 742 5.24
o 740 5.83
o 739 5.84
o 738 5.84
o 736 5.84
o 735 5.87
o 734 5.93
o 733 9.51
o 732 9.68
o 731 9.86
o 730 9.87
o 729 10.02
o 728 11.03
o 727 11.22
o 726 11.23
o 725 11.56
o 724 11.56
o 723 11.58
o 722 11.83
o 721 33.17
o 720 33.33
o 719 33.35
o 718 33.35
o 717 33.45
o 716 33.46
o 714 33.52
o 713 33.52
o 711 33.52
o 710 35.01
o 709 35.39
o 708 35.41
o 707 35.5
o 706 35.57
o 705 35.58
o 704 35.59
o 703 35.59
o 702 269.47
o 701 298.72
o 700 298.83
700	298.83
judgment-aggregation-ja-kemeny-preflib-00051-00000011
o 1452 1.12
o 1444 1.17
o 1436 1.17
o 1428 1.17
o 1424 1.17
o 1421 1.17
o 1420 1.17
o 1419 1.17
o 1418 1.17
o 1417 1.17
o 1416 1.17
o 1415 1.17
o 1414 1.17
o 1413 1.17
o 1409 1.17
o 1406 1.17
o 1403 1.17
o 1401 1.17
o 1398 1.17
o 1397 1.17
o 1394 1.17
o 1391 1.17
o 1389 1.17
o 1388 1.17
o 1382 1.17
o 1379 1.17
o 1374 1.17
o 1368 1.17
o 1364 1.17
o 1358 1.17
o 1355 1.17
o 1352 1.17
o 1351 1.17
o 1350 1.17
o 1347 1.17
o 1346 1.17
o 1343 1.17
o 1339 1.17
o 1338 1.17
o 1337 1.17
o 1336 1.17
o 1334 1.17
o 1331 1.17
o 1330 1.17
o 1327 1.17
o 1324 1.17
o 1322 1.17
o 1321 1.17
o 1316 1.17
o 1314 1.17
o 1310 1.18
o 1309 1.18
o 1308 1.18
o 1305 1.18
o 1304 1.18
o 1301 1.18
o 1298 1.18
o 1293 1.18
o 1289 1.18
o 1286 1.18
o 1285 1.18
o 1280 1.18
o 1277 1.18
o 1272 1.18
o 1271 1.18
o 1268 1.18
o 1265 1.18
o 1260 1.18
o 1259 1.18
o 1256 1.18
o 1255 1.18
o 1253 1.18
o 1250 1.18
o 1249 1.18
o 1248 1.18
o 1245 1.18
o 1243 1.18
o 1240 1.18
o 1237 1.18
o 1236 1.18
o 1233 1.18
o 1232 1.18
o 1229 1.18
o 1226 1.18
o 1221 1.18
o 1218 1.18
o 1217 1.18
o 1214 1.18
o 1205 1.18
o 1200 1.18
o 1197 1.18
o 1194 1.18
o 1191 1.18
o 1187 1.18
o 1184 1.18
o 1183 1.18
o 1182 1.18
o 1179 1.18
o 1178 1.18
o 1177 1.18
o 1176 1.18
o 1175 1.18
o 1173 1.18
o 1172 1.18
o 1169 1.18
o 1163 1.18
o 1160 1.19
o 1159 1.19
o 1156 1.19
o 1154 1.19
o 1149 1.19
o 1148 1.19
o 1138 1.19
o 1135 1.19
o 1130 1.19
o 1124 1.19
o 1120 1.19
o 1114 1.19
o 1111 1.19
o 1108 1.19
o 1107 1.19
o 1106 1.19
o 1105 1.19
o 1104 1.19
o 1101 1.19
o 1100 1.19
o 1097 1.19
o 1095 1.19
o 1094 1.19
o 1093 1.19
o 1092 1.19
o 1091 1.19
o 1089 1.19
o 1088 1.19
o 1085 1.19
o 1082 1.19
o 1077 1.19
o 1075 1.19
o 1073 1.19
o 1071 1.19
o 1068 1.19
o 1065 1.19
o 1064 1.19
o 1060 1.19
o 1055 1.19
o 1051 1.19
o 1050 1.19
o 1047 1.19
o 1044 1.19
o 1039 1.19
o 1034 1.19
o 1033 1.19
o 1030 1.19
o 1027 1.19
o 1007 1.19
o 1004 1.19
o 1001 1.19
o 998 1.19
o 995 1.19
o 994 1.19
o 991 1.19
o 988 1.19
o 983 1.19
o 982 1.19
o 979 1.19
o 978 1.19
o 976 1.19
o 975 1.19
o 974 1.19
o 973 1.19
o 965 1.2
o 964 1.2
o 961 1.2
o 958 1.2
o 957 1.2
o 954 1.2
o 951 1.2
o 950 1.2
o 949 1.2
o 946 1.2
o 945 1.2
o 942 1.2
o 941 1.2
o 935 1.2
o 934 1.21
o 933 1.21
o 929 1.21
o 928 1.22
o 926 1.22
o 917 1.22
o 915 1.22
o 912 1.22
o 909 1.22
o 908 1.22
o 905 1.22
o 902 1.22
o 899 1.22
o 897 1.23
o 894 1.23
o 893 1.23
o 892 1.23
o 891 1.23
o 890 1.23
o 888 1.24
o 887 1.24
o 885 1.25
o 884 1.25
o 883 1.25
o 882 1.26
o 879 1.26
o 878 1.26
o 877 1.26
o 876 1.27
o 875 1.27
o 874 1.27
o 873 1.28
o 872 1.29
o 871 1.29
o 868 1.29
o 865 1.29
o 863 1.29
o 860 1.29
o 858 1.29
o 852 1.29
o 850 1.29
o 847 1.29
o 846 1.29
o 844 1.3
o 842 1.3
o 841 1.3
o 839 1.3
o 838 1.3
o 837 1.3
o 832 1.31
o 831 1.31
o 830 1.31
o 829 1.31
o 828 1.32
o 825 1.32
o 816 1.32
o 810 1.32
o 809 1.32
o 803 1.33
o 802 1.33
o 801 1.33
o 796 1.33
o 795 1.33
o 791 1.33
o 790 1.33
o 787 1.33
o 782 1.34
o 781 1.34
o 780 1.34
o 779 1.34
o 777 1.4
o 776 1.4
o 775 1.4
o 774 1.4
o 773 1.4
o 772 1.4
o 771 1.44
o 770 1.46
o 767 1.46
o 766 1.48
o 765 1.49
o 764 1.49
o 762 1.49
o 760 1.49
o 758 1.5
o 757 1.5
o 756 1.57
o 755 1.57
o 754 1.57
o 753 1.58
o 751 1.61
o 750 1.62
o 747 1.74
o 745 1.78
o 744 1.87
o 743 1.88
o 742 2.2
o 741 2.4
o 740 2.42
o 739 2.43
o 738 2.47
o 737 2.61
o 734 2.61
o 733 2.61
o 732 2.62
o 727 2.62
o 726 2.62
o 725 2.78
o 724 3.5
o 723 4.29
o 722 5.09
o 721 5.09
o 720 5.1
o 719 25.76
o 718 34.37
o 717 34.4
o 716 34.48
o 715 53.75
o 714 57.17
o 713 57.17
o 712 57.27
o 711 57.3
o 710 57.44
o 709 57.5
o 708 57.51
o 707 57.62
o 706 63.52
o 705 107.27
o 704 107.3
o 703 107.32
o 702 107.32
702	107.32
judgment-aggregation-ja-kemeny-preflib-00051-00000011
o 1222 3.77
o 1140 3.82
o 1137 3.82
o 1136 3.82
o 1135 3.82
o 1127 3.82
o 1125 3.82
o 1124 3.82
o 1123 3.82
o 1120 3.82
o 1117 3.82
o 1116 3.82
o 1115 3.82
o 1114 3.82
o 1113 3.82
o 1112 3.82
o 1111 3.85
o 1108 3.86
o 1106 3.86
o 1105 3.86
o 1104 3.86
o 1103 3.86
o 1100 3.86
o 1099 3.86
o 1098 3.86
o 1097 3.86
o 1095 3.86
o 1093 3.86
o 1092 3.86
o 1091 3.86
o 1088 3.86
o 1083 3.86
o 1082 3.86
o 1081 3.86
o 1080 3.86
o 1077 3.86
o 1074 3.86
o 1073 3.86
o 1070 3.86
o 1067 3.86
o 1064 3.86
o 1063 3.86
o 1062 3.86
o 1053 3.86
o 1052 3.86
o 1051 3.86
o 1050 3.86
o 1048 3.86
o 1047 3.86
o 1046 3.86
o 1041 3.86
o 1040 3.86
o 1039 3.86
o 1038 3.86
o 1034 3.86
o 1032 3.89
o 1028 4.35
o 1025 4.94
o 1023 4.94
o 1022 4.94
o 1021 4.94
o 1018 4.94
o 1015 4.94
o 1014 4.94
o 1013 4.94
o 1012 4.94
o 1009 4.94
o 1005 4.94
o 995 4.94
o 992 4.94
o 991 4.94
o 986 4.94
o 983 4.94
o 982 4.94
o 981 4.94
o 980 4.94
o 967 4.95
o 966 4.95
o 965 4.95
o 964 4.95
o 963 4.95
o 961 4.95
o 960 4.95
o 954 4.95
o 953 4.95
o 950 4.95
o 947 4.95
o 940 4.95
o 937 4.95
o 934 4.95
o 930 4.95
o 929 4.95
o 927 4.95
o 926 4.95
o 925 4.95
o 922 4.95
o 921 4.95
o 920 4.95
o 919 4.95
o 917 4.96
o 916 4.96
o 915 4.96
o 914 4.96
o 913 4.96
o 912 4.96
o 911 4.96
o 910 4.96
o 904 4.96
o 903 4.96
o 902 4.96
o 901 4.96
o 900 4.96
o 899 4.96
o 896 4.96
o 895 4.96
o 893 4.96
o 892 4.96
o 891 4.96
o 889 4.96
o 886 4.96
o 885 4.96
o 884 4.96
o 883 4.96
o 882 4.96
o 878 4.96
o 875 4.96
o 874 4.96
o 873 4.96
o 871 4.96
o 868 4.96
o 867 4.96
o 864 4.96
o 861 4.96
o 860 4.96
o 858 4.96
o 857 4.97
o 856 4.97
o 853 5.01
o 852 5.01
o 851 5.01
o 848 5.01
o 847 5.01
o 846 5.01
o 845 5.01
o 844 5.01
o 843 5.01
o 842 5.01
o 841 5.08
o 840 5.09
o 839 5.09
o 838 5.09
o 837 5.09
o 836 5.1
o 834 5.1
o 833 5.1
o 832 5.1
o 831 5.81
o 829 10.28
o 828 10.31
o 826 10.33
o 823 10.35
o 822 10.35
o 820 10.35
o 819 10.35
o 818 10.37
o 817 10.37
o 816 10.38
o 814 10.38
o 813 10.54
o 812 10.54
o 809 10.54
o 807 10.54
o 804 10.55
o 800 10.55
o 799 10.55
o 798 10.55
o 797 10.56
o 795 10.56
o 793 10.57
o 792 10.57
o 791 10.57
o 790 10.57
o 787 10.57
o 786 10.57
o 784 10.58
o 783 10.58
o 781 10.59
o 779 10.59
o 778 10.6
o 777 10.62
o 776 10.63
o 775 10.63
o 774 10.63
o 772 10.63
o 770 10.63
o 768 10.63
o 766 10.66
o 765 10.66
o 764 10.66
o 763 10.66
o 761 10.66
o 759 10.66
o 758 10.66
o 757 10.66
o 756 10.66
o 755 10.66
o 754 10.66
o 752 10.67
o 751 10.67
o 750 10.67
o 749 10.68
o 748 10.69
o 746 10.69
o 745 10.69
o 744 11.79
o 743 11.82
o 741 11.85
o 740 12.29
o 739 12.45
o 738 15.59
o 737 21.99
o 736 21.99
o 735 22
o 734 22.85
o 733 23.46
o 732 23.48
o 731 23.51
o 730 23.52
o 729 23.52
o 728 23.53
o 727 23.55
o 726 23.56
o 725 23.56
o 723 23.89
o 720 23.89
o 719 23.92
o 718 24.14
o 717 24.14
o 716 24.15
o 715 24.32
o 714 24.33
o 713 27.38
o 712 27.39
o 711 27.39
o 709 27.41
o 708 28.02
o 707 32.61
o 705 32.61
o 704 47
o 703 127.59
703	127.59
judgment-aggregation-ja-kemeny-preflib-00051-00000011
o 1376 1.11
o 1368 1.16
o 1363 1.16
o 1358 1.16
o 1355 1.16
o 1352 1.16
o 1341 1.16
o 1338 1.16
o 1333 1.16
o 1330 1.16
o 1319 1.16
o 1313 1.16
o 1307 1.16
o 1300 1.16
o 1296 1.16
o 1293 1.16
o 1292 1.16
o 1291 1.16
o 1288 1.16
o 1287 1.16
o 1286 1.16
o 1285 1.16
o 1284 1.16
o 1283 1.16
o 1280 1.16
o 1279 1.16
o 1276 1.16
o 1275 1.16
o 1268 1.16
o 1263 1.16
o 1259 1.16
o 1258 1.16
o 1252 1.16
o 1247 1.16
o 1244 1.16
o 1243 1.16
o 1242 1.16
o 1240 1.16
o 1239 1.16
o 1237 1.16
o 1234 1.16
o 1231 1.16
o 1228 1.16
o 1224 1.16
o 1223 1.16
o 1220 1.16
o 1213 1.16
o 1210 1.16
o 1209 1.16
o 1207 1.16
o 1202 1.16
o 1195 1.16
o 1194 1.16
o 1193 1.16
o 1192 1.16
o 1191 1.16
o 1190 1.16
o 1187 1.16
o 1181 1.16
o 1178 1.16
o 1175 1.16
o 1174 1.16
o 1173 1.16
o 1171 1.16
o 1170 1.16
o 1168 1.16
o 1167 1.16
o 1166 1.16
o 1165 1.16
o 1162 1.16
o 1159 1.16
o 1158 1.16
o 1157 1.16
o 1150 1.16
o 1149 1.16
o 1147 1.16
o 1146 1.16
o 1142 1.16
o 1139 1.16
o 1134 1.16
o 1133 1.16
o 1131 1.16
o 1130 1.16
o 1129 1.16
o 1128 1.16
o 1127 1.17
o 1124 1.17
o 1121 1.17
o 1120 1.17
o 1117 1.17
o 1111 1.17
o 1106 1.17
o 1103 1.17
o 1102 1.17
o 1099 1.17
o 1096 1.17
o 1094 1.17
o 1093 1.17
o 1092 1.17
o 1091 1.17
o 1090 1.17
o 1089 1.17
o 1086 1.17
o 1085 1.17
o 1084 1.17
o 1081 1.17
o 1078 1.17
o 1075 1.17
o 1074 1.17
o 1073 1.17
o 1070 1.17
o 1067 1.17
o 1064 1.17
o 1063 1.17
o 1062 1.17
o 1055 1.17
o 1054 1.17
o 1051 1.17
o 1046 1.17
o 1045 1.17
o 1042 1.17
o 1039 1.17
o 1038 1.17
o 1037 1.17
o 1036 1.17
o 1035 1.17
o 1034 1.17
o 1031 1.17
o 1026 1.17
o 1025 1.17
o 1020 1.18
o 1019 1.18
o 1018 1.18
o 1014 1.18
o 1008 1.18
o 1005 1.18
o 1002 1.18
o 998 1.18
o 997 1.18
o 996 1.18
o 993 1.18
o 990 1.18
o 982 1.18
o 981 1.18
o 979 1.18
o 978 1.18
o 967 1.18
o 966 1.18
o 962 1.18
o 959 1.18
o 958 1.18
o 957 1.19
o 956 1.19
o 954 1.19
o 951 1.19
o 950 1.19
o 947 1.19
o 946 1.19
o 944 1.19
o 943 1.19
o 942 1.19
o 941 1.19
o 939 1.19
o 938 1.19
o 937 1.2
o 936 1.2
o 935 1.21
o 932 1.21
o 931 1.21
o 928 1.21
o 923 1.21
o 922 1.21
o 921 1.21
o 918 1.21
o 914 1.21
o 911 1.21
o 910 1.21
o 909 1.21
o 908 1.21
o 906 1.21
o 905 1.21
o 904 1.21
o 903 1.21
o 902 1.21
o 899 1.21
o 896 1.21
o 895 1.21
o 891 1.21
o 890 1.21
o 889 1.21
o 888 1.22
o 887 1.22
o 885 1.22
o 884 1.22
o 883 1.22
o 882 1.22
o 881 1.22
o 878 1.22
o 877 1.23
o 876 1.23
o 875 1.23
o 874 1.23
o 873 1.23
o 870 1.23
o 869 1.23
o 866 1.23
o 865 1.23
o 864 1.24
o 863 1.24
o 860 1.24
o 859 1.24
o 856 1.24
o 855 1.24
o 854 1.24
o 851 1.24
o 850 1.24
o 849 1.24
o 847 1.24
o 846 1.24
o 845 1.24
o 842 1.24
o 837 1.24
o 836 1.24
o 835 1.24
o 832 1.25
o 831 1.25
o 828 1.25
o 827 1.25
o 825 1.25
o 824 1.26
o 822 1.27
o 818 1.27
o 817 1.27
o 816 1.27
o 814 1.27
o 812 1.27
o 811 1.28
o 810 1.28
o 808 1.29
o 805 1.29
o 804 1.3
o 803 1.3
o 802 1.3
o 801 1.31
o 799 1.31
o 798 1.31
o 797 1.32
o 796 1.32
o 793 1.32
o 792 1.32
o 791 1.32
o 790 1.34
o 789 1.34
o 788 1.34
o 787 1.34
o 786 1.34
o 783 1.34
o 782 1.35
o 781 1.35
o 779 1.35
o 778 1.35
o 777 1.35
o 776 1.35
o 774 1.35
o 767 1.38
o 764 1.38
o 763 1.38
o 762 1.38
o 761 1.38
o 760 1.38
o 757 1.38
o 752 1.38
o 751 1.38
o 750 1.38
o 749 1.65
o 747 1.65
o 744 1.68
o 743 1.78
o 742 1.78
o 740 1.79
o 739 1.79
o 737 1.84
o 736 1.85
o 735 1.96
o 734 2.27
o 733 2.27
o 730 2.27
o 729 2.28
o 728 2.28
o 726 2.28
o 725 2.29
o 724 2.29
o 723 2.29
o 722 2.3
o 721 2.3
o 720 2.38
o 719 2.39
o 716 2.39
o 715 2.39
o 714 2.41
o 712 2.41
o 711 2.41
o 710 2.42
o 709 2.42
o 708 2.42
o 707 26.93
o 706 26.93
o 705 26.93
o 704 26.93
o 703 113.99
o 702 114
o 701 149.54
o 700 258.42
700	258.42
judgment-aggregation-ja-kemeny-preflib-00051-00000011
o 1266 1.13
o 1259 1.16
o 1258 1.16
o 1257 1.16
o 1254 1.16
o 1253 1.16
o 1252 1.16
o 1246 1.16
o 1243 1.16
o 1242 1.16
o 1239 1.16
o 1238 1.16
o 1236 1.16
o 1233 1.16
o 1230 1.16
o 1229 1.16
o 1225 1.16
o 1217 1.16
o 1216 1.16
o 1215 1.16
o 1214 1.16
o 1213 1.16
o 1212 1.16
o 1209 1.16
o 1208 1.16
o 1205 1.16
o 1203 1.16
o 1198 1.16
o 1192 1.16
o 1189 1.16
o 1186 1.16
o 1185 1.16
o 1184 1.16
o 1181 1.16
o 1178 1.16
o 1177 1.16
o 1176 1.16
o 1175 1.16
o 1174 1.16
o 1169 1.16
o 1166 1.16
o 1163 1.16
o 1162 1.16
o 1161 1.16
o 1158 1.16
o 1155 1.16
o 1152 1.16
o 1151 1.16
o 1150 1.16
o 1147 1.16
o 1139 1.16
o 1134 1.16
o 1133 1.16
o 1131 1.16
o 1129 1.16
o 1125 1.16
o 1124 1.16
o 1122 1.16
o 1121 1.16
o 1120 1.16
o 1115 1.16
o 1110 1.16
o 1107 1.16
o 1104 1.16
o 1103 1.16
o 1098 1.16
o 1096 1.16
o 1095 1.16
o 1094 1.16
o 1093 1.16
o 1090 1.16
o 1088 1.17
o 1085 1.17
o 1080 1.17
o 1074 1.17
o 1071 1.17
o 1070 1.17
o 1069 1.17
o 1068 1.17
o 1067 1.17
o 1066 1.17
o 1064 1.17
o 1063 1.17
o 1062 1.17
o 1061 1.17
o 1060 1.17
o 1059 1.17
o 1058 1.17
o 1049 1.17
o 1048 1.17
o 1045 1.17
o 1040 1.17
o 1039 1.17
o 1036 1.17
o 1035 1.17
o 1032 1.17
o 1030 1.17
o 1026 1.17
o 1025 1.17
o 1022 1.17
o 1021 1.17
o 1020 1.17
o 1019 1.17
o 1018 1.17
o 1017 1.17
o 1013 1.17
o 1012 1.17
o 1011 1.17
o 1008 1.17
o 1007 1.17
o 1006 1.17
o 1005 1.17
o 1004 1.17
o 1003 1.17
o 1000 1.17
o 998 1.17
o 994 1.17
o 981 1.17
o 980 1.17
o 979 1.17
o 976 1.18
o 973 1.18
o 971 1.18
o 969 1.18
o 968 1.18
o 967 1.18
o 966 1.18
o 961 1.18
o 957 1.18
o 956 1.18
o 955 1.18
o 954 1.18
o 952 1.18
o 949 1.18
o 948 1.18
o 943 1.18
o 942 1.18
o 939 1.18
o 938 1.18
o 933 1.18
o 932 1.18
o 931 1.18
o 930 1.18
o 929 1.18
o 927 1.18
o 925 1.18
o 922 1.18
o 921 1.18
o 920 1.18
o 919 1.18
o 918 1.18
o 917 1.18
o 914 1.18
o 911 1.18
o 908 1.18
o 905 1.18
o 902 1.18
o 897 1.18
o 896 1.18
o 895 1.18
o 894 1.18
o 892 1.18
o 889 1.19
o 888 1.19
o 887 1.19
o 879 1.19
o 878 1.19
o 877 1.19
o 872 1.19
o 870 1.19
o 868 1.19
o 867 1.19
o 866 1.19
o 863 1.19
o 862 1.19
o 859 1.19
o 858 1.19
o 857 1.19
o 856 1.19
o 855 1.19
o 854 1.19
o 852 1.19
o 851 1.2
o 850 1.2
o 849 1.2
o 847 1.2
o 845 1.2
o 844 1.2
o 843 1.2
o 841 1.2
o 839 1.2
o 838 1.2
o 837 1.2
o 836 1.2
o 835 1.2
o 834 1.2
o 833 1.2
o 832 1.21
o 831 1.21
o 828 1.21
o 827 1.21
o 824 1.21
o 821 1.21
o 820 1.21
o 818 1.22
o 816 1.22
o 815 1.22
o 814 1.22
o 813 1.22
o 812 1.22
o 810 1.22
o 809 1.22
o 808 1.22
o 806 1.22
o 803 1.22
o 802 1.22
o 800 1.22
o 799 1.22
o 797 1.22
o 796 1.22
o 795 1.22
o 794 1.22
o 793 1.22
o 792 1.22
o 791 1.22
o 788 1.22
o 787 1.22
o 786 1.22
o 783 1.22
o 782 1.22
o 781 1.22
o 780 1.22
o 779 1.22
o 778 1.23
o 775 1.23
o 774 1.25
o 773 1.25
o 771 1.25
o 770 1.29
o 767 1.29
o 766 1.29
o 765 1.29
o 764 1.29
o 762 1.29
o 760 1.3
o 758 1.31
o 757 1.31
o 756 1.31
o 754 1.33
o 753 1.34
o 750 1.34
o 749 1.34
o 747 1.34
o 746 1.36
o 745 1.36
o 744 1.36
o 743 1.39
o 741 1.39
o 740 1.4
o 739 1.41
o 738 1.46
o 735 1.46
o 733 1.51
o 732 1.53
o 731 1.53
o 730 1.58
o 729 1.6
o 728 1.6
o 727 1.64
o 724 1.65
o 723 1.68
o 722 1.88
o 721 2.64
o 720 4.58
o 719 4.6
o 718 4.6
o 716 4.79
o 715 4.85
o 714 5.69
o 712 6.1
o 711 6.11
o 710 6.22
o 709 7.69
o 708 13.53
708	13.53
judgment-aggregation-ja-kemeny-preflib-00051-00000011
o 1345 0.88
o 1335 0.93
o 1332 0.93
o 1327 0.93
o 1321 0.93
o 1318 0.93
o 1300 0.93
o 1296 0.93
o 1293 0.93
o 1290 0.93
o 1287 0.93
o 1286 0.93
o 1283 0.93
o 1280 0.93
o 1275 0.93
o 1272 0.93
o 1269 0.93
o 1268 0.93
o 1262 0.93
o 1261 0.93
o 1260 0.93
o 1259 0.93
o 1252 0.93
o 1251 0.93
o 1248 0.93
o 1245 0.93
o 1244 0.93
o 1241 0.93
o 1235 0.93
o 1232 0.93
o 1231 0.93
o 1228 0.93
o 1225 0.93
o 1222 0.93
o 1219 0.93
o 1216 0.93
o 1213 0.93
o 1212 0.93
o 1209 0.93
o 1206 0.93
o 1203 0.93
o 1189 0.93
o 1180 0.93
o 1177 0.93
o 1174 0.93
o 1173 0.93
o 1172 0.93
o 1171 0.93
o 1168 0.93
o 1167 0.93
o 1166 0.93
o 1163 0.93
o 1162 0.93
o 1161 0.93
o 1160 0.93
o 1157 0.93
o 1156 0.93
o 1155 0.93
o 1154 0.93
o 1153 0.93
o 1152 0.93
o 1150 0.93
o 1149 0.93
o 1146 0.93
o 1145 0.93
o 1142 0.93
o 1139 0.93
o 1136 0.93
o 1135 0.93
o 1132 0.93
o 1131 0.93
o 1130 0.93
o 1128 0.93
o 1127 0.93
o 1124 0.93
o 1121 0.93
o 1118 0.93
o 1117 0.93
o 1116 0.93
o 1115 0.93
o 1114 0.93
o 1111 0.93
o 1106 0.93
o 1102 0.93
o 1101 0.93
o 1097 0.93
o 1096 0.93
o 1090 0.93
o 1089 0.93
o 1088 0.93
o 1087 0.93
o 1086 0.93
o 1085 0.93
o 1084 0.93
o 1083 0.93
o 1082 0.93
o 1078 0.94
o 1075 0.94
o 1070 0.94
o 1069 0.94
o 1068 0.94
o 1062 0.94
o 1059 0.94
o 1056 0.94
o 1053 0.94
o 1051 0.94
o 1050 0.94
o 1047 0.94
o 1044 0.94
o 1043 0.94
o 1042 0.94
o 1039 0.94
o 1037 0.94
o 1036 0.94
o 1035 0.94
o 1032 0.94
o 1031 0.94
o 1030 0.94
o 1027 0.94
o 1025 0.94
o 1022 0.94
o 1019 0.94
o 1016 0.94
o 1011 0.94
o 1008 0.94
o 1007 0.94
o 1006 0.94
o 1004 0.94
o 1003 0.94
o 1000 0.94
o 999 0.94
o 998 0.94
o 993 0.94
o 990 0.94
o 989 0.94
o 988 0.94
o 987 0.94
o 986 0.94
o 985 0.94
o 984 0.94
o 981 0.94
o 980 0.94
o 978 0.94
o 976 0.94
o 973 0.94
o 972 0.94
o 967 0.94
o 964 0.94
o 955 0.94
o 953 0.95
o 950 0.95
o 947 0.95
o 944 0.95
o 943 0.95
o 940 0.95
o 937 0.95
o 936 0.95
o 933 0.95
o 932 0.95
o 931 0.95
o 928 0.95
o 927 0.95
o 924 0.95
o 921 0.95
o 920 0.95
o 919 0.95
o 916 0.95
o 915 0.95
o 913 0.95
o 910 0.95
o 909 0.95
o 908 0.95
o 907 0.96
o 904 0.96
o 901 0.96
o 898 0.96
o 897 0.96
o 895 0.96
o 893 0.96
o 885 0.96
o 880 0.96
o 879 0.96
o 878 0.96
o 877 0.97
o 873 0.97
o 872 0.97
o 869 0.97
o 867 0.97
o 866 0.97
o 863 0.97
o 860 0.97
o 856 0.97
o 855 0.97
o 854 0.97
o 853 0.98
o 852 0.98
o 849 0.98
o 848 0.98
o 847 0.98
o 844 0.98
o 842 0.98
o 841 0.98
o 840 0.98
o 839 0.98
o 838 0.98
o 837 0.98
o 836 0.98
o 835 0.98
o 834 0.99
o 831 0.99
o 828 0.99
o 827 0.99
o 825 0.99
o 823 0.99
o 819 0.99
o 818 0.99
o 817 0.99
o 814 0.99
o 812 0.99
o 811 0.99
o 807 0.99
o 806 0.99
o 805 0.99
o 804 0.99
o 803 1.01
o 802 1.01
o 801 1.01
o 800 1.01
o 797 1.01
o 796 1.05
o 795 1.05
o 794 1.11
o 793 1.11
o 792 1.11
o 791 1.11
o 789 1.12
o 788 1.12
o 787 1.12
o 786 1.12
o 785 1.12
o 784 1.12
o 782 1.13
o 780 1.13
o 777 1.13
o 776 1.13
o 775 1.16
o 774 1.22
o 773 1.28
o 772 1.28
o 771 1.28
o 770 1.29
o 769 1.3
o 766 1.31
o 764 1.31
o 761 1.31
o 758 1.31
o 757 1.31
o 756 1.32
o 755 1.32
o 754 1.32
o 753 1.32
o 752 1.34
o 751 1.34
o 750 1.34
o 749 1.45
o 748 1.45
o 746 1.45
o 745 1.45
o 744 1.45
o 743 1.45
o 742 1.45
o 739 1.45
o 738 1.45
o 737 2.18
o 736 2.18
o 735 2.18
o 734 2.19
o 733 2.19
o 732 2.19
o 731 2.2
o 730 2.36
o 729 2.39
o 728 2.55
o 727 2.55
o 726 2.62
o 725 2.62
o 724 2.63
o 722 2.7
o 721 3.25
o 720 3.6
o 719 3.61
o 718 3.61
o 717 3.61
o 715 3.69
o 714 3.72
o 713 3.78
o 712 3.78
o 711 3.78
o 709 3.79
o 708 3.79
o 707 3.83
o 706 4.08
o 705 4.17
o 704 34.88
o 703 42.57
o 702 50.72
o 701 53.65
o 700 53.65
700	53.65
judgment-aggregation-ja-kemeny-preflib-00051-00000011
o 1374 0.88
o 1366 0.91
o 1357 0.91
o 1348 0.91
o 1341 0.91
o 1338 0.91
o 1335 0.91
o 1332 0.91
o 1329 0.91
o 1324 0.91
o 1314 0.91
o 1308 0.91
o 1302 0.91
o 1297 0.91
o 1290 0.91
o 1285 0.91
o 1282 0.91
o 1281 0.91
o 1280 0.92
o 1279 0.92
o 1278 0.92
o 1277 0.92
o 1274 0.92
o 1271 0.92
o 1270 0.92
o 1267 0.92
o 1264 0.92
o 1261 0.92
o 1260 0.92
o 1257 0.92
o 1256 0.92
o 1254 0.92
o 1247 0.92
o 1242 0.92
o 1236 0.92
o 1233 0.92
o 1230 0.92
o 1227 0.92
o 1221 0.92
o 1220 0.92
o 1217 0.92
o 1215 0.92
o 1212 0.92
o 1211 0.92
o 1209 0.92
o 1206 0.92
o 1205 0.92
o 1202 0.92
o 1194 0.92
o 1193 0.92
o 1190 0.92
o 1185 0.92
o 1182 0.92
o 1176 0.92
o 1173 0.92
o 1171 0.92
o 1167 0.92
o 1166 0.92
o 1165 0.92
o 1162 0.92
o 1154 0.92
o 1151 0.92
o 1150 0.92
o 1147 0.92
o 1145 0.92
o 1144 0.92
o 1136 0.92
o 1135 0.92
o 1134 0.92
o 1133 0.92
o 1130 0.92
o 1129 0.92
o 1119 0.92
o 1118 0.92
o 1115 0.92
o 1112 0.92
o 1107 0.92
o 1106 0.92
o 1104 0.92
o 1100 0.92
o 1090 0.92
o 1087 0.92
o 1084 0.92
o 1083 0.92
o 1081 0.92
o 1079 0.93
o 1077 0.93
o 1076 0.93
o 1075 0.93
o 1073 0.93
o 1070 0.93
o 1067 0.93
o 1066 0.93
o 1065 0.93
o 1064 0.93
o 1063 0.93
o 1061 0.93
o 1060 0.93
o 1059 0.93
o 1058 0.93
o 1057 0.93
o 1049 0.93
o 1048 0.93
o 1047 0.93
o 1044 0.93
o 1041 0.93
o 1036 0.93
o 1033 0.93
o 1025 0.93
o 1022 0.93
o 1012 0.93
o 1011 0.93
o 1008 0.93
o 1003 0.93
o 1002 0.93
o 1001 0.93
o 998 0.93
o 995 0.93
o 994 0.93
o 993 0.93
o 992 0.94
o 991 0.94
o 990 0.94
o 987 0.94
o 981 0.94
o 980 0.94
o 977 0.94
o 976 0.94
o 975 0.94
o 974 0.94
o 971 0.94
o 970 0.94
o 969 0.94
o 968 0.94
o 966 0.94
o 965 0.94
o 963 0.94
o 962 0.94
o 961 0.94
o 960 0.95
o 959 0.95
o 956 0.95
o 955 0.95
o 952 0.95
o 942 0.95
o 939 0.95
o 938 0.95
o 935 0.95
o 934 0.95
o 933 0.95
o 931 0.95
o 928 0.95
o 918 0.95
o 917 0.95
o 916 0.95
o 915 0.95
o 912 0.95
o 910 0.95
o 905 0.95
o 904 0.95
o 903 0.95
o 902 0.95
o 899 0.95
o 898 0.95
o 896 0.95
o 893 0.95
o 884 0.95
o 879 0.95
o 878 0.95
o 877 0.95
o 876 0.96
o 875 0.96
o 874 0.96
o 873 0.96
o 871 0.96
o 868 0.96
o 867 0.96
o 865 0.96
o 864 0.96
o 862 0.96
o 861 0.97
o 858 0.97
o 857 0.97
o 856 0.97
o 853 0.97
o 849 0.97
o 848 0.97
o 847 0.97
o 845 0.97
o 842 0.97
o 837 0.97
o 834 0.97
o 833 0.97
o 832 0.97
o 831 0.98
o 830 0.98
o 829 0.98
o 826 0.98
o 825 0.98
o 824 0.98
o 823 0.98
o 822 0.98
o 821 0.98
o 820 0.98
o 817 0.98
o 816 0.99
o 815 0.99
o 814 0.99
o 812 0.99
o 811 0.99
o 810 1
o 809 1
o 808 1
o 807 1.01
o 806 1.01
o 803 1.01
o 801 1.02
o 800 1.02
o 797 1.02
o 794 1.02
o 791 1.02
o 790 1.02
o 789 1.02
o 788 1.02
o 787 1.02
o 786 1.05
o 785 1.07
o 784 1.07
o 783 1.07
o 782 1.07
o 780 1.07
o 779 1.07
o 778 1.07
o 777 1.07
o 776 1.07
o 775 1.07
o 772 1.07
o 769 1.07
o 766 1.07
o 765 1.07
o 762 1.07
o 759 1.07
o 758 1.08
o 757 1.08
o 751 1.08
o 750 1.08
o 749 1.08
o 746 1.08
o 745 1.08
o 744 1.08
o 743 1.08
o 742 1.08
o 741 1.08
o 739 1.09
o 738 1.09
o 736 1.09
o 735 1.09
o 734 1.09
o 732 1.16
o 730 1.17
o 729 1.24
o 728 1.26
o 727 1.85
o 725 2.36
o 723 7.84
o 721 11.99
o 720 12
o 719 16.66
o 718 16.66
o 717 26.12
o 716 26.21
o 715 31.17
o 714 31.18
o 713 47.59
o 712 49.41
712	49.41
judgment-aggregation-ja-kemeny-preflib-00051-00000011
o 1419 1.25
o 1415 1.31
o 1411 1.31
o 1410 1.31
o 1407 1.31
o 1404 1.31
o 1401 1.31
o 1400 1.31
o 1399 1.31
o 1398 1.31
o 1392 1.31
o 1382 1.31
o 1381 1.31
o 1380 1.31
o 1379 1.31
o 1378 1.31
o 1377 1.31
o 1376 1.31
o 1369 1.31
o 1366 1.31
o 1363 1.31
o 1358 1.31
o 1351 1.31
o 1348 1.31
o 1336 1.31
o 1335 1.31
o 1332 1.31
o 1326 1.31
o 1325 1.31
o 1322 1.31
o 1319 1.31
o 1318 1.31
o 1315 1.31
o 1309 1.31
o 1307 1.31
o 1306 1.31
o 1303 1.31
o 1302 1.32
o 1299 1.32
o 1292 1.32
o 1289 1.32
o 1288 1.32
o 1287 1.32
o 1284 1.32
o 1279 1.32
o 1278 1.32
o 1274 1.32
o 1266 1.32
o 1265 1.32
o 1262 1.32
o 1261 1.32
o 1260 1.32
o 1259 1.32
o 1256 1.32
o 1253 1.32
o 1252 1.32
o 1251 1.32
o 1250 1.32
o 1242 1.32
o 1239 1.32
o 1236 1.32
o 1231 1.32
o 1230 1.32
o 1227 1.32
o 1222 1.32
o 1215 1.32
o 1210 1.32
o 1207 1.32
o 1206 1.32
o 1205 1.32
o 1203 1.32
o 1197 1.32
o 1195 1.32
o 1194 1.32
o 1191 1.32
o 1190 1.32
o 1187 1.32
o 1184 1.32
o 1183 1.32
o 1182 1.32
o 1180 1.32
o 1179 1.32
o 1178 1.32
o 1177 1.33
o 1174 1.33
o 1173 1.33
o 1172 1.33
o 1171 1.33
o 1169 1.33
o 1167 1.33
o 1162 1.33
o 1160 1.33
o 1157 1.33
o 1155 1.33
o 1154 1.33
o 1152 1.33
o 1151 1.33
o 1150 1.33
o 1147 1.33
o 1143 1.33
o 1139 1.33
o 1138 1.33
o 1137 1.33
o 1136 1.33
o 1135 1.34
o 1132 1.34
o 1129 1.34
o 1128 1.34
o 1127 1.34
o 1126 1.34
o 1125 1.34
o 1120 1.34
o 1119 1.34
o 1118 1.34
o 1116 1.34
o 1113 1.34
o 1105 1.34
o 1096 1.34
o 1095 1.34
o 1094 1.34
o 1093 1.34
o 1090 1.34
o 1089 1.34
o 1087 1.35
o 1084 1.35
o 1081 1.35
o 1078 1.35
o 1075 1.35
o 1074 1.35
o 1073 1.35
o 1069 1.35
o 1064 1.35
o 1061 1.35
o 1060 1.35
o 1057 1.35
o 1053 1.35
o 1052 1.35
o 1051 1.35
o 1050 1.35
o 1049 1.35
o 1046 1.35
o 1042 1.36
o 1041 1.36
o 1040 1.36
o 1031 1.36
o 1029 1.36
o 1028 1.36
o 1025 1.36
o 1024 1.36
o 1021 1.36
o 1018 1.36
o 1016 1.37
o 1013 1.37
o 1012 1.37
o 1011 1.37
o 1010 1.37
o 1009 1.37
o 1003 1.38
o 1002 1.38
o 1001 1.38
o 1000 1.38
o 999 1.38
o 998 1.38
o 997 1.38
o 994 1.38
o 993 1.38
o 990 1.38
o 987 1.38
o 986 1.38
o 985 1.38
o 978 1.39
o 975 1.39
o 973 1.39
o 970 1.39
o 969 1.39
o 966 1.39
o 965 1.39
o 964 1.39
o 960 1.39
o 959 1.39
o 955 1.39
o 954 1.39
o 952 1.39
o 951 1.39
o 948 1.39
o 945 1.39
o 944 1.39
o 941 1.39
o 940 1.39
o 937 1.39
o 934 1.4
o 933 1.4
o 932 1.4
o 931 1.4
o 928 1.4
o 925 1.4
o 923 1.4
o 922 1.4
o 921 1.4
o 918 1.4
o 917 1.41
o 916 1.42
o 913 1.42
o 911 1.42
o 909 1.42
o 908 1.42
o 905 1.42
o 904 1.42
o 903 1.42
o 902 1.43
o 901 1.43
o 898 1.43
o 894 1.43
o 892 1.43
o 891 1.43
o 889 1.43
o 888 1.43
o 885 1.43
o 883 1.43
o 880 1.43
o 877 1.43
o 876 1.44
o 874 1.44
o 872 1.44
o 871 1.45
o 869 1.45
o 868 1.45
o 865 1.45
o 864 1.45
o 863 1.45
o 861 1.45
o 860 1.45
o 859 1.45
o 858 1.45
o 856 1.45
o 855 1.45
o 852 1.46
o 851 1.46
o 850 1.46
o 846 1.46
o 845 1.46
o 844 1.46
o 843 1.46
o 842 1.46
o 841 1.47
o 837 1.47
o 834 1.48
o 833 1.48
o 832 1.49
o 830 1.49
o 829 1.49
o 822 1.49
o 821 1.49
o 818 1.5
o 817 1.5
o 814 1.5
o 811 1.59
o 810 1.6
o 808 1.6
o 805 1.61
o 804 1.61
o 803 1.61
o 802 1.63
o 801 1.7
o 800 1.7
o 799 1.7
o 798 1.7
o 795 1.73
o 794 1.73
o 793 1.73
o 792 1.74
o 791 1.89
o 790 1.89
o 789 1.89
o 788 1.89
o 787 1.91
o 786 2.17
o 785 2.17
o 783 2.17
o 782 2.21
o 781 2.21
o 780 2.37
o 778 2.73
o 777 2.79
o 776 2.8
o 775 2.8
o 774 3.03
o 773 3.2
o 771 3.21
o 770 3.28
o 769 3.28
o 768 3.35
o 767 3.37
o 766 3.56
o 765 3.56
o 764 3.98
o 763 3.98
o 762 4.47
o 761 4.47
o 760 4.47
o 759 4.47
o 758 4.48
o 757 4.5
o 756 4.5
o 755 4.81
o 753 4.81
o 752 4.84
o 751 6.81
o 750 6.99
o 749 24.71
o 748 24.71
o 747 24.72
o 746 43.6
o 743 43.6
o 742 43.6
o 738 43.6
o 737 43.61
o 735 43.62
o 734 43.62
o 733 43.62
o 732 43.62
o 731 43.62
o 730 44.24
o 729 44.3
o 728 44.32
o 727 44.33
o 726 44.35
o 725 44.87
o 724 44.87
o 722 45.07
o 721 45.08
o 720 46.84
o 719 46.84
o 718 167.81
o 717 167.83
o 716 181.94
o 715 183.43
o 714 183.51
o 713 192.73
o 712 200.42
712	203.36
