max-realizability-power-distribution_12_8
o 2548 0.81
o 216 0.87
216	0.87
max-realizability-power-distribution_12_8
o 5746 0.78
o 361 0.89
o 337 0.89
o 313 0.89
o 289 0.89
o 267 0.92
o 248 1.14
o 247 1.15
o 246 1.2
o 245 1.3
o 240 1.78
o 221 22.01
o 220 22.1
o 219 22.11
o 218 22.94
o 216 49.71
216	49.71
max-realizability-power-distribution_12_8
o 5842 0.72
o 386 0.85
o 362 0.85
o 338 0.85
o 314 0.85
o 290 0.85
o 266 0.85
o 245 1.68
o 243 1.74
o 242 4.27
o 241 16.75
o 240 68.72
o 217 69.69
o 216 78.3
216	78.3
max-realizability-power-distribution_12_8
o 3558 0.69
o 240 0.74
o 217 17.03
o 216 17.05
216	17.05
max-realizability-power-distribution_12_8
o 2981 0.76
o 240 0.8
o 217 22.4
o 216 49.17
216	49.17
max-realizability-power-distribution_12_8
o 3630 0.71
o 240 0.75
o 216 0.75
216	0.75
max-realizability-power-distribution_12_8
o 6780 1.31
o 265 1.46
o 264 1.54
o 240 1.84
o 217 2.53
o 216 3.42
216	3.42
max-realizability-power-distribution_12_8
o 1947 0.68
o 264 0.72
o 240 0.72
o 217 43.05
o 216 43.05
216	43.05
max-realizability-power-distribution_12_8
o 2428 0.66
o 288 0.72
o 265 0.73
o 264 0.74
o 241 0.74
o 240 1.83
o 222 54.3
o 221 54.41
o 216 83.07
216	83.07
max-realizability-power-distribution_12_8
o 6347 0.78
o 385 0.98
o 361 0.98
o 337 0.98
o 313 0.98
o 289 0.98
o 267 0.99
o 252 3.34
o 251 3.35
o 229 3.35
o 224 3.42
o 223 3.43
o 222 3.46
o 221 3.51
o 220 3.53
o 219 3.64
o 218 3.68
o 217 4.7
o 216 219.47
216	219.47
