ramsey-ram_k3_n19.ra1
o 82352 0
o 70163 0
o 67105 0
o 60735 0
o 59030 0
o 57828 0
o 56589 0
o 55892 0
o 54769 0
o 53652 0
o 52720 0
o 51987 0
o 51298 0
o 49740 0
o 48235 0
o 47608 0
o 47052 0
o 46399 0
o 45864 0
o 44968 0
o 44400 0
o 43951 0
o 43233 0
o 42503 0
o 42057 0
o 41871 0
o 41711 0
o 41309 0
o 41164 0
o 40564 0
o 40438 0
o 39980 0
o 39641 0
o 39213 0
o 39016 0
o 38009 0
o 37672 0
o 36860 0
o 36724 0
o 36420 0
o 36174 0
o 36044 0
o 35206 0
o 34893 0
o 34721 0
o 34602 0
o 34585 0
o 34335 0
o 33898 0
o 33682 0
o 32509 0
o 32386 0
o 32011 0
o 31936 0
o 31741 0
o 31534 0
o 31361 0
o 31250 0
o 31015 0
o 30397 0
o 30246 0
o 30244 0
o 29982 0
o 29700 0
o 29650 0
o 29487 0
o 29292 0
o 29111 0
o 29045 0
o 29019 0
o 28981 0
o 28966 0
o 28610 0
o 28583 0
o 28562 0
o 28358 0
o 28214 0
o 28054 0
o 28028 0
o 28004 0
o 27940 0
o 27669 0
o 27652 0
o 27588 0
o 27546 0
o 27520 0
o 27445 0
o 27351 0
o 27261 0
o 27023 0
o 26984 0
o 26797 0
o 26789 0
o 26744 0
o 26627 0
o 26141 0
o 26107 0
o 25981 0
o 25922 0.01
o 25628 0.01
o 25551 0.01
o 25508 0.01
o 25417 0.01
o 25172 0.01
o 25169 0.01
o 25057 0.01
o 24984 0.01
o 24713 0.01
o 24696 0.01
o 24331 0.01
o 23772 0.01
o 23606 0.01
o 23604 0.01
o 23458 0.01
o 23368 0.01
o 23296 0.01
o 23127 0.01
o 22649 0.01
o 22414 0.05
o 22280 0.05
o 22009 0.05
o 21954 0.32
o 21731 0.32
o 21584 0.32
o 21496 0.33
o 21298 0.33
o 21190 0.33
o 21136 1.52
o 21025 3.96
o 21017 26.81
o 20980 90.17
o 20717 107
20717	107
ramsey-ram_k3_n19.ra1
o 91018 0
o 85831 0
o 78898 0
o 74728 0
o 71529 0
o 68122 0
o 66520 0
o 64343 0
o 61432 0
o 58697 0
o 57712 0
o 55818 0
o 54711 0
o 53002 0
o 51932 0
o 50512 0
o 49792 0
o 48539 0
o 47347 0
o 46629 0
o 45920 0
o 45263 0
o 44606 0
o 44182 0
o 43512 0
o 43006 0
o 42261 0
o 41981 0
o 41548 0
o 41163 0
o 41014 0
o 40332 0
o 39803 0
o 39208 0
o 39160 0
o 38929 0
o 38744 0
o 38549 0
o 37646 0
o 37441 0
o 36537 0
o 36391 0
o 35342 0
o 35178 0
o 35065 0
o 34741 0
o 33940 0
o 33661 0
o 33577 0
o 33350 0
o 33270 0
o 33242 0
o 32847 0
o 32546 0
o 32077 0
o 31663 0
o 31590 0
o 31281 0
o 30385 0
o 30346 0
o 30218 0
o 30019 0
o 29876 0
o 29638 0
o 29380 0
o 28860 0
o 28592 0
o 28123 0
o 27710 0
o 27454 0
o 27200 0
o 26513 0
o 26488 0
o 26090 0
o 25854 0
o 25089 0
o 24979 0
o 24917 0
o 24606 0
o 24434 0
o 24410 0
o 24237 0
o 23891 0
o 23831 0
o 22878 0
o 22769 0.02
o 22703 0.1
o 22694 0.12
o 22348 0.13
o 22064 0.23
o 21967 0.31
o 21806 0.65
o 21103 0.65
o 21025 2.26
o 21017 127.65
o 21016 161.45
o 20706 250.52
o 20665 250.52
20665	250.52
ramsey-ram_k3_n19.ra1
o 75255 0
o 71396 0
o 68063 0
o 64491 0
o 62594 0
o 59734 0
o 58084 0
o 56168 0
o 54556 0
o 53105 0
o 52350 0
o 50324 0
o 49563 0
o 48288 0
o 47779 0
o 47210 0
o 46355 0
o 45732 0
o 44672 0
o 43800 0
o 43180 0
o 42540 0
o 42140 0
o 41839 0
o 41297 0
o 41041 0
o 39953 0
o 39314 0
o 38616 0
o 38228 0
o 37952 0
o 37726 0
o 37527 0
o 37380 0
o 37278 0
o 37239 0
o 36766 0
o 36554 0
o 36301 0
o 36055 0
o 35537 0
o 35284 0
o 35154 0
o 34862 0
o 34811 0
o 34790 0
o 34586 0
o 33577 0
o 33491 0
o 33233 0
o 33020 0
o 32586 0
o 32187 0
o 31534 0
o 31520 0
o 31355 0
o 31078 0
o 31070 0
o 31060 0
o 31004 0
o 30989 0
o 30843 0
o 30139 0
o 30095 0
o 30033 0
o 29532 0
o 29019 0
o 28726 0
o 28244 0
o 28241 0
o 28191 0
o 28076 0
o 27701 0
o 27686 0
o 27314 0
o 27233 0
o 26840 0
o 26607 0
o 26596 0
o 26399 0
o 26317 0
o 25898 0
o 25245 0
o 25121 0
o 25036 0
o 24962 0
o 24952 0
o 24896 0
o 24559 0
o 24211 0
o 23830 0
o 23754 0
o 23513 0.01
o 23126 0.01
o 23075 0.01
o 22624 0.01
o 22449 0.01
o 22219 0.03
o 21889 0.03
o 21722 0.03
o 21496 0.26
o 21477 0.26
o 21435 0.58
o 21352 0.64
o 21025 1.17
o 20841 63.28
20841	63.28
ramsey-ram_k3_n19.ra1
o 83760 0
o 77624 0
o 73886 0
o 65267 0
o 62628 0
o 60849 0
o 58955 0
o 56644 0
o 54735 0
o 53326 0
o 52315 0
o 50267 0
o 49007 0
o 48021 0
o 47554 0
o 47075 0
o 46333 0
o 45712 0
o 45113 0
o 44625 0
o 44192 0
o 43799 0
o 42898 0
o 42566 0
o 42023 0
o 40753 0
o 39814 0
o 39400 0
o 38496 0
o 37893 0
o 37567 0
o 37474 0
o 37420 0
o 36196 0
o 36164 0
o 35531 0
o 34945 0
o 34410 0
o 34409 0
o 34253 0
o 33831 0
o 33585 0
o 33041 0
o 32483 0
o 32337 0
o 31597 0
o 31587 0
o 31511 0
o 31139 0
o 30550 0
o 30536 0
o 30389 0
o 30219 0
o 30205 0
o 29982 0
o 29970 0
o 29969 0
o 29915 0
o 29540 0
o 29460 0
o 29428 0
o 29384 0
o 29121 0
o 29086 0
o 28861 0
o 28819 0
o 28424 0
o 28279 0
o 27716 0
o 27215 0
o 27121 0
o 27008 0
o 26830 0
o 26364 0
o 26288 0
o 25889 0
o 25882 0
o 25733 0
o 25689 0
o 25686 0
o 25665 0
o 25582 0
o 25556 0.01
o 25339 0.01
o 25241 0.01
o 25155 0.01
o 24994 0.01
o 24948 0.01
o 24862 0.01
o 24781 0.01
o 24710 0.01
o 24678 0.02
o 24555 0.02
o 24324 0.02
o 24223 0.02
o 23992 0.02
o 23931 0.02
o 23839 0.02
o 23785 0.02
o 23695 0.02
o 23659 0.04
o 23021 0.05
o 22861 0.05
o 22828 0.05
o 22242 0.05
o 22152 0.08
o 22105 0.08
o 21927 0.08
o 21839 0.15
o 21758 0.15
o 21705 0.15
o 21635 0.34
o 21415 0.34
o 21192 0.34
o 21017 0.34
o 20857 36.05
o 20665 36.05
20665	36.05
ramsey-ram_k3_n19.ra1
o 82621 0
o 77162 0
o 72116 0
o 67424 0
o 65049 0
o 63108 0
o 61486 0
o 60281 0
o 59254 0
o 56886 0
o 55865 0
o 54701 0
o 53812 0
o 52080 0
o 51194 0
o 49528 0
o 48643 0
o 47023 0
o 45787 0
o 44909 0
o 44028 0
o 43269 0
o 42242 0
o 41897 0
o 41561 0
o 40258 0
o 39854 0
o 39228 0
o 38671 0
o 38423 0
o 37942 0
o 37557 0
o 37109 0
o 36662 0
o 36288 0
o 36098 0
o 35740 0
o 35298 0
o 35236 0
o 34798 0
o 33916 0
o 33298 0
o 32868 0
o 32847 0
o 32001 0
o 31824 0
o 31719 0
o 31709 0
o 31516 0
o 31251 0
o 31058 0
o 30962 0
o 30771 0
o 30650 0
o 30535 0
o 30374 0
o 30334 0
o 29946 0
o 29827 0
o 29752 0
o 29515 0
o 29420 0
o 28838 0
o 28666 0
o 28566 0
o 28554 0
o 28439 0
o 28383 0
o 28027 0
o 27944 0
o 27781 0
o 27745 0
o 27735 0
o 27384 0
o 27174 0
o 27027 0
o 27020 0
o 26964 0
o 26920 0
o 26746 0
o 26544 0
o 26507 0
o 26424 0
o 26413 0.01
o 26190 0.01
o 26142 0.01
o 25660 0.01
o 25536 0.01
o 25442 0.01
o 25237 0.01
o 25146 0.01
o 25114 0.01
o 24492 0.01
o 24465 0.01
o 24272 0.01
o 24198 0.01
o 24191 0.01
o 24087 0.01
o 24004 0.01
o 23688 0.02
o 23578 0.02
o 23556 0.02
o 23328 0.02
o 23190 0.11
o 23144 0.11
o 22928 0.11
o 22852 0.11
o 22205 0.11
o 22203 0.11
o 22029 0.12
o 21639 0.24
o 21169 0.24
o 21136 0.24
o 21080 0.25
o 21025 3.54
o 20880 142.51
o 20717 240.54
o 20665 240.55
20665	240.55
ramsey-ram_k3_n19.ra1
o 76655 0
o 72953 0
o 67734 0
o 65047 0
o 62821 0
o 61506 0
o 59470 0
o 58139 0
o 57283 0
o 55813 0
o 54814 0
o 53454 0
o 52254 0
o 51321 0
o 50399 0
o 49207 0
o 48186 0
o 47084 0
o 46427 0
o 45830 0
o 45247 0
o 44284 0
o 43462 0
o 42660 0
o 42138 0
o 40841 0
o 40265 0
o 39737 0
o 39241 0
o 38885 0
o 38488 0
o 38019 0
o 37651 0
o 36825 0
o 35461 0
o 35025 0
o 34671 0
o 34287 0
o 33018 0
o 32813 0
o 32441 0
o 32388 0
o 32050 0
o 31597 0
o 31278 0
o 31102 0
o 30647 0
o 30131 0
o 29926 0
o 29588 0
o 29506 0
o 29459 0
o 29250 0
o 29014 0
o 28850 0
o 28794 0
o 28397 0
o 27950 0
o 27688 0
o 27648 0
o 27583 0
o 27243 0
o 27068 0
o 26776 0
o 26275 0
o 26231 0
o 26185 0
o 25697 0
o 25617 0
o 25600 0
o 25262 0
o 24961 0
o 24938 0
o 24840 0
o 24785 0
o 24751 0.02
o 24666 0.03
o 24499 0.03
o 24415 0.03
o 24297 0.03
o 24217 0.03
o 24136 0.03
o 23879 0.04
o 23801 0.04
o 23772 0.04
o 23764 0.04
o 23709 0.04
o 23075 0.04
o 22925 0.04
o 22678 0.04
o 22310 0.04
o 22201 0.04
o 22134 0.77
o 21649 0.77
o 21584 0.77
o 21366 0.77
o 21217 1.7
o 21190 1.7
o 21169 1.91
o 21136 1.91
o 21080 1.97
o 21052 2
o 21025 7.12
o 21017 24.3
o 20841 45.46
20841	45.46
ramsey-ram_k3_n19.ra1
o 81084 0
o 75482 0
o 67759 0
o 63620 0
o 62173 0
o 59195 0
o 55877 0
o 53969 0
o 52750 0
o 51770 0
o 50548 0
o 49114 0
o 47613 0
o 46632 0
o 45693 0
o 44292 0
o 43435 0
o 42776 0
o 41733 0
o 41356 0
o 40803 0
o 40430 0
o 40142 0
o 39941 0
o 39816 0
o 39562 0
o 39306 0
o 39163 0
o 38874 0
o 37747 0
o 37730 0
o 37647 0
o 37609 0
o 37113 0
o 36643 0
o 36234 0
o 36194 0
o 36019 0
o 35060 0
o 34673 0
o 33904 0
o 33694 0
o 33579 0
o 33111 0
o 32886 0
o 32324 0
o 32252 0
o 32201 0
o 32175 0
o 31973 0
o 31207 0
o 31109 0
o 30980 0
o 30389 0
o 30268 0
o 30065 0
o 29978 0
o 29692 0
o 29195 0
o 28872 0
o 28524 0
o 28379 0
o 28268 0
o 28109 0
o 27811 0
o 27710 0
o 27665 0
o 27361 0
o 27175 0
o 26880 0
o 26771 0
o 26642 0
o 26417 0
o 26262 0
o 25604 0
o 25405 0
o 25287 0
o 25046 0
o 24673 0
o 24528 0
o 24509 0
o 24300 0
o 24125 0
o 24096 0
o 23910 0
o 23818 0
o 23671 0
o 23506 0
o 23459 0
o 22989 0
o 22792 0
o 22661 0.01
o 22506 0.01
o 22327 0.01
o 22263 0.01
o 22226 0.01
o 22107 0.01
o 22068 0.02
o 22003 0.02
o 21895 0.03
o 21583 0.03
o 21425 0.03
o 21016 0.03
o 20841 26.88
20841	26.88
ramsey-ram_k3_n19.ra1
o 73413 0.04
o 69665 0.04
o 67005 0.04
o 62144 0.04
o 58630 0.04
o 55211 0.04
o 53241 0.04
o 51455 0.04
o 50040 0.04
o 48988 0.04
o 47798 0.04
o 46489 0.04
o 45715 0.04
o 44945 0.04
o 43944 0.04
o 43259 0.04
o 42606 0.04
o 41392 0.04
o 40316 0.04
o 39580 0.04
o 38986 0.04
o 38359 0.04
o 37268 0.04
o 36963 0.04
o 36776 0.04
o 35715 0.04
o 34876 0.04
o 34380 0.04
o 34258 0.04
o 33958 0.04
o 33853 0.04
o 33096 0.04
o 32828 0.04
o 32643 0.04
o 32273 0.04
o 32067 0.04
o 31410 0.04
o 31371 0.04
o 31253 0.04
o 30898 0.04
o 30835 0.04
o 30341 0.04
o 30156 0.04
o 29908 0.04
o 29563 0.04
o 29370 0.04
o 29257 0.04
o 28942 0.04
o 28775 0.04
o 28585 0.04
o 28267 0.04
o 28149 0.04
o 28088 0.04
o 28050 0.04
o 27996 0.04
o 27899 0.04
o 27713 0.04
o 27356 0.04
o 27290 0.04
o 27160 0.04
o 27077 0.04
o 27034 0.04
o 26881 0.04
o 26499 0.04
o 25976 0.04
o 25956 0.04
o 25786 0.04
o 25748 0.04
o 25168 0.04
o 24910 0.04
o 24753 0.04
o 24724 0.04
o 24639 0.04
o 24629 0.04
o 24609 0.04
o 24565 0.04
o 24301 0.04
o 24009 0.04
o 23871 0.04
o 23845 0.04
o 23824 0.04
o 23771 0.04
o 23498 0.04
o 22930 0.04
o 22707 0.04
o 22605 0.05
o 22548 0.07
o 22298 0.07
o 22093 0.07
o 21669 0.07
o 21661 0.07
o 21542 0.32
o 21536 0.32
o 21352 0.43
o 21210 0.68
o 21025 0.68
o 20841 10
o 20665 126.22
20665	126.22
ramsey-ram_k3_n19.ra1
o 81871 0
o 80385 0
o 72860 0
o 70432 0
o 68783 0
o 66851 0
o 65420 0
o 63047 0
o 61087 0
o 59796 0
o 58640 0
o 57908 0
o 56934 0
o 55387 0
o 54570 0
o 53819 0
o 52408 0
o 51238 0
o 49643 0
o 47929 0
o 47148 0
o 46769 0
o 46083 0
o 45457 0
o 44901 0
o 43926 0
o 43361 0
o 42505 0
o 41964 0
o 41580 0
o 40730 0
o 40062 0
o 39641 0
o 39425 0
o 38969 0
o 38587 0
o 38389 0
o 38246 0
o 37425 0
o 36877 0
o 36190 0
o 35714 0
o 35679 0
o 35623 0
o 34813 0
o 34353 0
o 34311 0
o 34292 0
o 33907 0
o 33638 0
o 33497 0
o 33387 0
o 32996 0
o 32621 0
o 32364 0
o 31889 0
o 31749 0
o 31543 0
o 31023 0
o 30837 0
o 30711 0
o 30680 0
o 30613 0
o 30345 0
o 30171 0
o 29382 0
o 29357 0
o 29058 0
o 28713 0
o 28604 0
o 28433 0
o 28242 0
o 28112 0
o 28085 0
o 28061 0
o 27688 0
o 27413 0
o 27078 0
o 26899 0
o 26775 0
o 26769 0
o 26665 0
o 26575 0
o 26561 0
o 25909 0
o 25352 0
o 25112 0
o 24851 0
o 24460 0
o 24422 0
o 24357 0
o 24183 0.01
o 23699 0.01
o 23525 0.01
o 23500 0.01
o 23452 0.01
o 23451 0.01
o 23436 0.01
o 23373 0.01
o 23252 0.01
o 23115 0.01
o 22519 0.01
o 22499 0.01
o 22422 0.04
o 22326 0.04
o 22313 0.04
o 22261 0.04
o 22241 0.04
o 22055 0.04
o 22015 0.04
o 21993 0.06
o 21873 0.06
o 21471 0.06
o 21217 0.39
o 21190 0.39
o 21189 0.75
o 21186 0.75
o 21165 0.75
o 21157 0.75
o 21080 0.75
o 21025 2.08
o 21017 14.96
o 20880 45.44
o 20851 45.56
o 20841 54.19
o 20665 124.88
20665	124.88
ramsey-ram_k3_n19.ra1
o 82578 0
o 78977 0
o 75029 0
o 71441 0
o 67784 0
o 65888 0
o 63162 0
o 59962 0
o 58000 0
o 56541 0
o 55205 0
o 54143 0
o 52323 0
o 51372 0
o 49677 0
o 48781 0
o 47743 0
o 46790 0
o 45566 0
o 44215 0
o 43110 0
o 42621 0
o 42142 0
o 40708 0
o 40334 0
o 40047 0
o 39437 0
o 39036 0
o 38469 0
o 38266 0
o 38024 0
o 37854 0
o 37760 0
o 37169 0
o 36774 0
o 36405 0
o 36248 0
o 35865 0
o 35864 0
o 35706 0
o 35566 0
o 34617 0
o 34446 0
o 34306 0
o 34136 0
o 33932 0
o 33632 0
o 33518 0
o 32364 0
o 32333 0
o 31676 0
o 31395 0
o 31319 0
o 31016 0
o 31008 0
o 30513 0
o 30090 0
o 29733 0
o 29238 0
o 28615 0
o 28498 0
o 27758 0
o 27492 0
o 27480 0
o 27370 0
o 27165 0
o 27086 0
o 26943 0
o 26539 0
o 26515 0
o 26315 0
o 26312 0
o 26164 0
o 26004 0
o 25442 0
o 25417 0
o 25378 0
o 25359 0
o 25276 0
o 24982 0
o 24733 0
o 24370 0
o 24209 0
o 24207 0
o 24134 0
o 24062 0
o 24006 0
o 23973 0
o 23896 0
o 23841 0
o 23802 0.01
o 23744 0.01
o 23558 0.01
o 23481 0.01
o 23429 0.01
o 23350 0.01
o 23291 0.01
o 23191 0.01
o 23156 0.02
o 23139 0.02
o 23034 0.02
o 23003 0.02
o 22843 0.04
o 22066 0.04
o 21495 0.07
o 21448 0.07
o 21447 0.07
o 21417 0.07
o 21025 0.07
o 21017 5.26
o 20898 19.02
o 20841 19.02
o 20665 56.7
20665	56.7
