timetabling-comp02
o 1549 0.77
o 1198 1.18
o 1193 1.18
o 1188 1.18
o 1183 1.18
o 1178 1.18
o 1173 1.18
o 1168 1.18
o 1163 1.18
o 1158 1.18
o 1153 1.18
o 1148 1.18
o 1143 1.18
o 1138 1.18
o 1133 1.19
o 1128 1.19
o 1123 1.19
o 1118 1.19
o 1113 1.19
o 1108 1.19
o 1103 1.19
o 1074 1.2
o 1069 1.2
o 1064 1.2
o 1059 1.2
o 1054 1.2
o 1049 1.2
o 1044 1.2
o 1040 1.21
o 1035 1.21
o 1026 1.21
o 1024 1.21
o 1019 1.21
o 1018 1.25
o 1013 1.25
o 1008 1.25
o 1003 1.25
o 998 1.25
o 993 1.25
o 988 1.25
o 983 1.25
o 978 1.25
o 977 1.25
o 972 1.25
o 967 1.25
o 962 1.25
o 957 1.25
o 952 1.25
o 947 1.26
o 942 1.26
o 937 1.26
o 932 1.26
o 925 1.26
o 922 1.26
o 917 1.26
o 912 1.26
o 907 1.26
o 902 1.26
o 897 1.26
o 892 1.26
o 887 1.26
o 882 1.26
o 877 1.26
o 876 1.27
o 871 1.27
o 866 1.27
o 862 1.27
o 857 1.27
o 852 1.27
o 847 1.27
o 845 1.27
o 840 1.27
o 835 1.27
o 830 1.27
o 825 1.27
o 820 1.27
o 816 1.28
o 812 1.28
o 809 1.51
o 799 1.51
o 795 1.77
o 790 1.77
o 785 1.77
o 780 1.77
o 775 1.77
o 772 1.77
o 767 1.82
o 759 1.82
o 754 1.82
o 749 1.82
o 744 1.83
o 739 1.83
o 736 1.83
o 731 1.83
o 726 1.83
o 722 1.83
o 719 1.83
o 714 1.83
o 709 1.83
o 704 1.83
o 699 1.83
o 694 1.83
o 689 1.83
o 684 1.83
o 677 1.83
o 672 1.83
o 667 1.83
o 662 1.83
o 660 2.02
o 655 2.02
o 648 2.02
o 643 2.02
o 638 2.02
o 633 2.02
o 628 2.02
o 624 2.06
o 616 2.07
o 611 2.07
o 604 2.07
o 601 2.09
o 596 2.09
o 591 2.09
o 586 2.09
o 581 2.09
o 563 2.1
o 558 2.1
o 553 2.1
o 547 2.1
o 544 2.14
o 539 2.15
o 536 2.15
o 531 2.15
o 527 2.15
o 523 2.15
o 518 2.15
o 508 2.15
o 506 2.16
o 501 2.16
o 499 2.52
o 494 2.52
o 491 2.52
o 486 2.52
o 481 2.52
o 478 2.52
o 471 2.53
o 469 2.56
o 464 2.56
o 461 2.95
o 456 2.95
o 451 2.95
o 446 2.95
o 444 2.96
o 440 2.97
o 435 2.97
o 430 3.4
o 427 3.4
o 422 4.99
o 420 4.99
o 415 4.99
o 413 5.01
o 407 5.01
o 402 5.01
o 397 5.01
o 392 5.01
o 387 5.01
o 385 5.01
o 383 5.01
o 378 5.01
o 377 5.07
o 372 5.07
o 367 5.08
o 365 5.08
o 363 5.09
o 361 5.09
o 360 5.74
o 359 5.75
o 356 5.77
o 349 5.79
o 348 7.73
o 343 7.73
o 341 8.23
o 336 8.23
o 334 8.23
o 328 8.24
o 324 8.24
o 322 8.27
o 320 8.27
o 315 8.28
o 310 8.28
o 308 8.31
o 307 8.69
o 302 8.77
o 301 14.02
o 296 14.02
o 294 14.02
o 293 14.46
o 289 14.46
o 287 14.5
o 286 17.95
o 282 17.98
o 276 17.98
o 272 17.99
o 270 17.99
o 268 18.12
o 266 18.13
o 263 18.54
o 261 18.54
o 257 18.54
o 255 18.54
o 253 18.55
o 252 18.58
o 250 18.58
o 248 18.58
o 246 18.6
o 242 18.62
o 240 37.81
o 239 37.81
o 238 38.59
o 233 38.59
o 228 38.59
o 225 39.17
o 222 39.18
o 217 39.19
o 215 39.19
o 214 39.24
o 212 39.25
o 207 39.25
o 205 39.25
o 204 154.58
o 199 154.58
o 194 154.59
o 193 154.89
193	154.89
timetabling-comp02
o 1467 0.73
o 1202 1.08
o 1197 1.08
o 1192 1.08
o 1187 1.08
o 1182 1.08
o 1177 1.08
o 1172 1.08
o 1167 1.08
o 1162 1.08
o 1153 1.08
o 1148 1.08
o 1143 1.08
o 1138 1.08
o 1135 1.12
o 1130 1.12
o 1125 1.12
o 1120 1.12
o 1115 1.12
o 1110 1.12
o 1105 1.12
o 1100 1.12
o 1095 1.12
o 1090 1.12
o 1085 1.12
o 1080 1.12
o 1075 1.12
o 1070 1.12
o 1065 1.12
o 1060 1.12
o 1055 1.12
o 1050 1.13
o 1045 1.13
o 1040 1.13
o 1035 1.13
o 1030 1.21
o 1025 1.21
o 1009 1.21
o 1004 1.21
o 999 1.21
o 994 1.21
o 989 1.21
o 984 1.21
o 979 1.21
o 969 1.22
o 964 1.22
o 948 1.22
o 943 1.22
o 938 1.22
o 933 1.22
o 928 1.22
o 923 1.22
o 918 1.22
o 913 1.22
o 908 1.22
o 903 1.22
o 900 1.27
o 895 1.27
o 890 1.27
o 885 1.27
o 880 1.27
o 875 1.27
o 870 1.27
o 865 1.27
o 860 1.27
o 855 1.27
o 850 1.27
o 845 1.27
o 841 1.27
o 836 1.27
o 831 1.27
o 826 1.27
o 822 1.28
o 817 1.28
o 812 1.28
o 810 1.28
o 805 1.28
o 800 1.28
o 790 1.28
o 785 1.28
o 780 1.28
o 775 1.28
o 765 1.28
o 761 1.4
o 756 1.4
o 751 1.4
o 746 1.4
o 741 1.4
o 736 1.4
o 732 1.49
o 727 1.49
o 717 1.49
o 712 1.49
o 711 1.49
o 706 1.5
o 701 1.5
o 696 1.5
o 691 1.5
o 686 1.5
o 682 1.5
o 677 1.5
o 672 1.5
o 662 1.5
o 657 1.5
o 652 1.5
o 647 1.5
o 642 1.5
o 641 1.6
o 636 1.61
o 634 1.61
o 632 1.62
o 627 1.62
o 623 1.62
o 621 1.7
o 616 1.7
o 612 1.7
o 608 1.75
o 603 1.75
o 598 1.75
o 593 2.16
o 588 2.16
o 583 2.16
o 580 2.17
o 575 2.17
o 567 2.17
o 559 2.25
o 554 2.27
o 549 2.27
o 544 2.27
o 539 2.27
o 534 2.27
o 529 2.27
o 524 2.27
o 519 2.27
o 514 2.27
o 509 2.27
o 504 2.27
o 499 2.27
o 497 2.27
o 492 2.27
o 487 2.27
o 483 2.27
o 478 2.27
o 474 2.28
o 472 2.28
o 463 2.28
o 458 2.42
o 453 2.42
o 443 2.42
o 438 2.42
o 434 2.42
o 429 2.42
o 427 2.43
o 422 2.43
o 421 2.43
o 416 2.43
o 411 2.43
o 410 4.19
o 405 4.19
o 402 5.53
o 401 5.53
o 397 5.53
o 389 5.54
o 385 5.55
o 380 5.55
o 376 5.55
o 370 6.75
o 368 7.15
o 360 7.17
o 354 7.19
o 351 7.19
o 349 7.19
o 344 7.19
o 342 7.2
o 339 7.21
o 337 7.21
o 332 7.21
o 331 7.71
o 330 7.72
o 329 7.72
o 328 8.31
o 325 8.31
o 321 8.32
o 320 8.33
o 315 8.33
o 312 8.34
o 310 8.34
o 308 8.34
o 304 8.51
o 300 8.79
o 298 8.79
o 295 8.8
o 290 8.8
o 289 8.8
o 285 8.81
o 279 8.81
o 274 8.81
o 272 8.88
o 269 17.27
o 264 17.27
o 260 17.31
o 258 17.31
o 252 17.31
o 251 29.36
o 246 29.37
o 245 40.25
o 243 40.25
o 242 40.37
o 238 40.39
o 236 40.39
o 234 40.41
o 232 40.41
o 227 40.69
o 225 45.56
o 223 45.65
o 221 45.66
o 218 45.67
o 213 45.67
o 209 45.71
o 204 45.71
o 203 179.43
o 201 179.43
o 200 202.53
o 199 202.55
o 196 202.56
196	202.56
timetabling-comp02
o 1516 1.36
o 1148 2.21
o 1143 2.21
o 1138 2.21
o 1130 2.21
o 1125 2.21
o 1120 2.21
o 1112 2.21
o 1107 2.21
o 1102 2.22
o 1097 2.22
o 1092 2.22
o 1087 2.22
o 1082 2.22
o 1077 2.22
o 1072 2.22
o 1067 2.22
o 1062 2.22
o 1057 2.22
o 1052 2.22
o 1047 2.22
o 1042 2.22
o 1037 2.22
o 1032 2.22
o 1027 2.22
o 1022 2.22
o 1017 2.22
o 1012 2.22
o 1007 2.22
o 1002 2.23
o 997 2.23
o 992 2.23
o 987 2.23
o 982 2.23
o 977 2.23
o 972 2.23
o 967 2.23
o 962 2.23
o 957 2.23
o 955 2.24
o 953 2.26
o 950 2.26
o 945 2.26
o 942 2.27
o 937 2.28
o 930 2.28
o 925 2.28
o 920 2.28
o 915 2.28
o 905 2.28
o 900 2.28
o 895 2.28
o 890 2.28
o 885 2.28
o 880 2.28
o 875 2.32
o 870 2.32
o 865 2.32
o 860 2.32
o 855 2.32
o 850 2.32
o 845 2.33
o 840 2.33
o 835 2.33
o 830 2.33
o 826 2.42
o 824 2.42
o 819 2.42
o 813 2.43
o 808 2.44
o 805 2.5
o 800 2.5
o 795 2.5
o 790 2.5
o 785 2.5
o 783 2.53
o 778 2.53
o 773 2.54
o 771 2.54
o 766 2.54
o 761 2.54
o 756 2.54
o 754 2.54
o 750 2.54
o 746 2.54
o 741 2.54
o 737 2.55
o 732 2.55
o 727 2.55
o 722 2.55
o 717 2.55
o 714 2.56
o 712 2.56
o 709 2.57
o 704 2.57
o 699 2.57
o 694 2.57
o 693 3.5
o 689 3.51
o 684 3.51
o 667 3.55
o 664 3.56
o 663 3.67
o 661 3.67
o 656 3.67
o 651 3.67
o 646 3.67
o 644 3.67
o 640 3.67
o 635 3.67
o 630 3.67
o 626 3.86
o 624 3.86
o 619 3.86
o 614 3.86
o 613 3.92
o 608 3.92
o 605 3.93
o 597 3.93
o 593 3.93
o 588 3.93
o 578 3.94
o 573 3.94
o 569 3.95
o 564 3.95
o 563 4.67
o 558 4.68
o 555 4.68
o 553 4.68
o 548 4.68
o 543 4.68
o 538 4.68
o 533 4.68
o 523 4.69
o 521 4.75
o 519 4.75
o 518 4.93
o 513 4.93
o 508 4.93
o 507 4.94
o 502 4.94
o 501 4.95
o 496 4.95
o 495 4.96
o 494 4.96
o 492 4.96
o 487 4.96
o 482 4.96
o 477 4.96
o 474 4.96
o 469 4.96
o 468 4.96
o 463 4.97
o 459 4.97
o 454 4.97
o 452 5.17
o 447 5.17
o 442 5.17
o 437 5.17
o 432 5.17
o 426 5.17
o 421 5.18
o 416 5.18
o 412 5.19
o 407 5.19
o 402 5.19
o 399 5.2
o 396 5.2
o 393 5.27
o 388 5.28
o 383 5.28
o 378 5.29
o 375 5.29
o 371 5.3
o 362 5.31
o 356 5.32
o 351 5.33
o 350 5.34
o 345 5.34
o 335 5.34
o 330 5.34
o 326 5.35
o 322 5.36
o 318 5.36
o 315 9.23
o 311 16.05
o 307 16.13
o 304 16.14
o 301 16.15
o 296 16.15
o 293 16.16
o 291 16.16
o 288 16.3
o 283 16.3
o 281 42.94
o 276 42.96
o 271 42.96
o 269 42.96
o 268 43.17
o 260 44.27
o 255 44.28
o 253 44.66
o 251 46.56
o 249 49.02
o 246 49.02
o 245 49.03
o 243 49.03
o 241 49.13
o 240 49.13
o 235 49.14
o 231 49.15
o 229 49.16
o 225 49.17
o 224 50.81
o 219 50.82
o 217 81.66
o 212 81.66
o 210 81.67
o 208 81.67
o 206 81.71
206	81.71
timetabling-comp02
o 1410 3.44
o 1194 4.79
o 1184 4.79
o 1179 4.79
o 1174 4.79
o 1169 4.79
o 1164 4.79
o 1159 4.79
o 1154 4.79
o 1126 4.82
o 1121 4.82
o 1116 4.82
o 1111 4.82
o 1106 4.82
o 1101 4.82
o 1096 4.82
o 1094 4.82
o 1089 4.82
o 1084 4.82
o 1079 4.82
o 1057 4.91
o 1052 4.91
o 1047 4.91
o 1042 4.91
o 1037 4.91
o 1032 4.91
o 1027 4.91
o 1022 4.91
o 1012 4.91
o 1007 4.91
o 1002 4.91
o 997 4.91
o 992 4.92
o 991 4.92
o 986 4.92
o 981 4.92
o 973 4.92
o 968 4.92
o 963 4.92
o 958 4.92
o 953 4.92
o 948 4.92
o 943 4.92
o 938 4.92
o 933 4.92
o 928 4.92
o 925 4.95
o 920 4.96
o 915 4.96
o 909 4.96
o 904 4.96
o 899 4.96
o 894 4.96
o 893 4.96
o 888 4.96
o 883 4.96
o 881 4.96
o 876 4.96
o 871 4.96
o 866 4.96
o 861 4.97
o 856 4.97
o 852 4.97
o 847 4.97
o 846 4.97
o 841 4.97
o 836 4.97
o 831 4.98
o 826 4.98
o 821 4.98
o 816 4.98
o 811 4.98
o 806 4.98
o 801 4.98
o 796 4.98
o 794 4.98
o 789 4.98
o 786 4.99
o 781 4.99
o 773 4.99
o 767 4.99
o 762 4.99
o 757 4.99
o 752 4.99
o 747 4.99
o 742 4.99
o 737 4.99
o 732 4.99
o 727 4.99
o 722 4.99
o 717 4.99
o 712 4.99
o 710 5.01
o 708 5.77
o 703 5.78
o 698 5.78
o 693 5.78
o 688 5.78
o 684 5.78
o 682 5.78
o 679 6.33
o 669 6.33
o 663 6.34
o 662 6.4
o 657 6.4
o 652 6.4
o 647 6.4
o 642 6.4
o 637 6.4
o 631 6.42
o 626 6.42
o 621 6.42
o 611 6.42
o 606 6.42
o 601 6.42
o 593 6.43
o 585 6.43
o 580 6.43
o 575 6.43
o 570 6.43
o 565 6.43
o 562 6.43
o 557 6.43
o 552 6.44
o 547 6.44
o 544 6.44
o 539 6.44
o 531 6.44
o 526 6.44
o 524 6.44
o 519 6.44
o 514 6.44
o 509 6.45
o 504 6.45
o 499 6.45
o 494 6.45
o 489 6.45
o 485 6.46
o 480 6.47
o 472 6.47
o 470 6.6
o 465 6.6
o 462 6.61
o 461 6.63
o 457 6.63
o 454 9.93
o 449 9.93
o 445 9.93
o 440 9.93
o 437 9.93
o 435 9.93
o 430 9.95
o 429 10.02
o 425 10.02
o 420 10.03
o 417 10.03
o 412 10.05
o 409 10.73
o 404 10.73
o 399 10.74
o 398 10.76
o 397 10.76
o 392 10.76
o 390 10.76
o 388 10.77
o 383 10.77
o 379 10.78
o 374 10.79
o 369 10.79
o 367 10.79
o 363 10.88
o 362 10.88
o 357 10.89
o 352 10.89
o 345 10.89
o 340 10.89
o 335 10.89
o 334 10.94
o 332 10.94
o 329 10.97
o 327 10.97
o 322 10.97
o 317 10.99
o 314 11.34
o 310 11.34
o 308 11.34
o 303 11.34
o 301 12.35
o 297 12.35
o 292 12.35
o 291 12.46
o 286 12.46
o 284 12.46
o 279 20.88
o 274 23.13
o 273 23.58
o 270 23.82
o 268 23.87
o 265 23.88
o 263 34.47
o 258 46.38
o 253 46.38
o 252 46.57
o 251 46.81
o 249 46.93
o 243 62.06
o 240 62.49
o 237 62.49
o 233 62.49
o 232 62.7
o 230 62.79
o 229 62.86
o 227 62.87
o 223 63.05
o 220 63.06
o 215 63.31
o 213 63.32
o 208 63.32
o 204 64.21
o 202 64.23
o 198 64.31
o 197 64.38
o 195 64.38
195	64.38
timetabling-comp02
o 1475 5.36
o 1101 6.08
o 1090 6.19
o 1064 6.3
o 1059 6.3
o 1054 6.3
o 1049 6.3
o 1044 6.3
o 1039 6.32
o 1034 6.32
o 1024 6.32
o 1019 6.32
o 1014 6.32
o 1009 6.32
o 1007 7.47
o 1002 7.47
o 997 7.47
o 992 7.47
o 987 7.47
o 982 7.47
o 977 7.47
o 976 7.7
o 971 7.7
o 966 7.7
o 961 7.7
o 960 7.89
o 955 7.89
o 950 7.9
o 946 7.9
o 941 7.9
o 936 7.92
o 931 7.92
o 926 7.92
o 921 7.92
o 919 7.92
o 914 7.92
o 909 7.92
o 905 7.93
o 900 7.93
o 895 7.93
o 890 7.93
o 885 7.93
o 880 7.93
o 875 7.93
o 870 7.93
o 865 7.93
o 860 7.93
o 855 7.93
o 850 7.94
o 841 7.94
o 838 7.95
o 834 8.03
o 829 8.03
o 824 8.03
o 819 8.03
o 814 8.03
o 802 8.04
o 797 8.04
o 792 8.04
o 786 8.04
o 781 8.04
o 776 8.05
o 771 8.05
o 766 8.05
o 761 8.05
o 748 8.05
o 743 8.05
o 738 8.06
o 733 8.06
o 728 8.06
o 727 8.42
o 725 8.42
o 721 8.43
o 717 8.43
o 712 8.43
o 710 8.43
o 705 8.43
o 700 8.43
o 698 8.43
o 693 8.44
o 688 8.44
o 683 8.44
o 678 8.44
o 673 8.44
o 668 8.44
o 663 8.44
o 658 8.44
o 653 8.48
o 652 8.48
o 649 8.49
o 645 8.49
o 640 8.49
o 633 8.52
o 628 8.52
o 623 8.52
o 616 8.52
o 611 8.61
o 605 8.62
o 600 8.62
o 595 8.62
o 594 8.64
o 589 8.64
o 584 8.64
o 581 8.65
o 577 8.66
o 572 8.66
o 567 8.66
o 562 8.66
o 557 8.66
o 552 8.66
o 547 8.66
o 543 8.66
o 538 8.67
o 533 8.67
o 528 8.67
o 523 8.67
o 516 8.67
o 511 8.67
o 506 8.67
o 501 8.67
o 496 8.67
o 491 8.67
o 486 8.67
o 481 8.67
o 476 8.67
o 471 8.67
o 466 8.67
o 465 8.68
o 464 8.68
o 459 8.68
o 454 8.68
o 450 9.35
o 449 9.35
o 444 9.35
o 439 9.35
o 437 14.64
o 432 14.65
o 427 14.65
o 422 14.65
o 417 14.65
o 412 14.65
o 409 15.34
o 404 15.52
o 402 15.53
o 397 15.53
o 392 15.54
o 388 15.54
o 383 15.54
o 372 15.55
o 370 15.56
o 365 15.56
o 362 15.59
o 361 15.6
o 356 15.6
o 354 15.61
o 351 15.61
o 348 15.62
o 347 15.62
o 345 15.62
o 344 15.65
o 339 15.65
o 328 15.68
o 327 15.76
o 326 22.94
o 324 22.97
o 320 22.97
o 316 22.97
o 315 26.44
o 313 26.47
o 299 26.47
o 295 29.63
o 293 29.63
o 292 29.64
o 287 29.64
o 285 29.66
o 283 29.68
o 278 29.68
o 274 29.68
o 271 30.06
o 263 30.06
o 259 30.06
o 258 30.23
o 253 30.23
o 250 30.26
o 249 30.26
o 244 30.27
o 243 30.27
o 239 30.27
o 235 44.87
o 234 44.89
o 229 44.89
o 228 44.91
o 226 44.91
o 223 44.91
o 221 44.92
o 219 44.95
o 217 44.97
o 215 45.01
o 213 45.01
o 212 45.42
o 207 45.42
o 202 45.42
o 201 45.44
o 199 45.44
199	45.44
timetabling-comp02
o 1508 0.94
o 1213 1.48
o 1208 1.48
o 1203 1.48
o 1198 1.48
o 1193 1.48
o 1185 1.51
o 1180 1.51
o 1175 1.51
o 1170 1.51
o 1165 1.51
o 1160 1.51
o 1155 1.51
o 1151 1.52
o 1146 1.52
o 1141 1.52
o 1128 1.52
o 1124 1.54
o 1119 1.54
o 1114 1.54
o 1102 1.55
o 1092 1.55
o 1090 1.57
o 1085 1.58
o 1075 1.58
o 1070 1.58
o 1066 1.58
o 1061 1.58
o 1055 1.59
o 1050 1.59
o 1045 1.59
o 1040 1.59
o 1038 1.59
o 1033 1.59
o 1028 1.6
o 1023 1.6
o 1018 1.6
o 1013 1.6
o 1008 1.6
o 1003 1.6
o 998 1.6
o 993 1.6
o 988 1.6
o 983 1.6
o 978 1.6
o 973 1.6
o 968 1.6
o 963 1.6
o 958 1.6
o 953 1.6
o 948 1.6
o 943 1.6
o 939 1.61
o 934 1.61
o 929 1.61
o 927 1.61
o 922 1.61
o 917 1.61
o 912 1.61
o 907 1.62
o 902 1.62
o 897 1.62
o 892 1.62
o 887 1.62
o 882 1.62
o 877 1.62
o 872 1.62
o 867 1.62
o 862 1.62
o 857 1.62
o 852 1.62
o 847 1.62
o 842 1.62
o 839 1.62
o 828 1.65
o 820 1.65
o 815 1.65
o 810 1.65
o 807 1.65
o 799 1.65
o 797 1.76
o 792 1.76
o 787 1.76
o 782 1.76
o 777 1.76
o 772 1.76
o 767 1.76
o 765 1.76
o 760 1.76
o 755 1.76
o 750 1.76
o 745 1.76
o 740 1.76
o 735 1.76
o 729 1.77
o 724 1.77
o 722 1.77
o 717 1.78
o 713 1.78
o 709 1.82
o 704 1.82
o 699 1.82
o 694 1.82
o 689 1.82
o 684 1.82
o 679 1.82
o 674 1.82
o 669 1.82
o 668 1.83
o 663 1.83
o 658 1.84
o 653 1.84
o 648 1.84
o 643 1.84
o 638 1.84
o 633 1.84
o 628 1.84
o 623 1.84
o 618 1.84
o 613 1.84
o 608 1.84
o 603 1.84
o 602 2
o 600 2
o 596 2.01
o 591 2.01
o 586 2.01
o 581 2.01
o 576 2.01
o 571 2.02
o 566 2.02
o 561 2.02
o 554 2.02
o 549 2.02
o 546 2.02
o 541 2.02
o 540 2.02
o 535 2.02
o 533 2.07
o 529 2.07
o 524 2.07
o 519 2.07
o 518 2.07
o 517 2.07
o 514 3.29
o 509 3.29
o 508 3.44
o 503 3.44
o 498 3.47
o 492 3.47
o 486 3.48
o 481 3.49
o 476 3.49
o 471 3.49
o 469 3.49
o 465 3.49
o 461 3.49
o 456 3.49
o 451 3.49
o 446 3.49
o 441 3.5
o 437 3.5
o 432 3.5
o 428 3.5
o 423 3.5
o 418 3.51
o 414 3.51
o 412 3.51
o 408 3.82
o 407 3.82
o 402 3.82
o 401 3.84
o 399 3.85
o 395 3.85
o 391 3.89
o 386 3.89
o 381 3.89
o 379 3.89
o 374 3.89
o 373 7.2
o 368 7.2
o 366 7.21
o 360 7.21
o 355 17.29
o 354 17.68
o 342 17.7
o 338 17.71
o 336 17.71
o 334 17.71
o 329 17.71
o 324 17.71
o 319 17.71
o 317 17.72
o 315 17.72
o 310 17.72
o 308 17.72
o 306 17.73
o 301 21.46
o 299 22.89
o 297 22.9
o 292 22.9
o 286 22.92
o 283 23.01
o 278 23.01
o 276 23.01
o 275 23.08
o 270 23.08
o 266 23.08
o 264 23.08
o 262 24.25
o 257 24.53
o 256 24.89
o 253 24.89
o 251 24.97
o 250 25.08
o 248 25.11
o 247 73.01
o 245 73.06
o 244 73.73
o 242 73.8
o 240 83.52
o 237 137.27
o 235 137.31
o 231 137.51
o 227 137.51
o 226 137.75
o 224 137.78
224	137.78
timetabling-comp02
o 1414 0.68
o 1174 1.01
o 1169 1.01
o 1164 1.01
o 1159 1.01
o 1155 1.02
o 1150 1.02
o 1140 1.02
o 1136 1.02
o 1131 1.02
o 1126 1.02
o 1121 1.02
o 1116 1.02
o 1111 1.02
o 1106 1.02
o 1104 1.02
o 1094 1.02
o 1089 1.02
o 1084 1.02
o 1079 1.02
o 1074 1.02
o 1069 1.03
o 1064 1.03
o 1059 1.03
o 1054 1.03
o 1049 1.03
o 1047 1.03
o 1043 1.03
o 1038 1.03
o 1033 1.03
o 1028 1.03
o 1026 1.03
o 1021 1.03
o 1016 1.04
o 996 1.04
o 991 1.04
o 986 1.04
o 981 1.04
o 976 1.04
o 971 1.04
o 966 1.04
o 961 1.04
o 956 1.04
o 951 1.04
o 946 1.04
o 941 1.04
o 936 1.04
o 931 1.04
o 926 1.04
o 921 1.04
o 916 1.04
o 911 1.04
o 907 1.06
o 902 1.06
o 896 1.06
o 891 1.06
o 890 1.07
o 885 1.07
o 880 1.07
o 875 1.07
o 872 1.08
o 870 1.08
o 865 1.08
o 864 1.08
o 859 1.08
o 854 1.08
o 849 1.08
o 844 1.08
o 842 1.08
o 839 1.08
o 832 1.08
o 827 1.08
o 822 1.08
o 817 1.08
o 812 1.08
o 808 1.09
o 803 1.1
o 798 1.1
o 796 1.1
o 793 1.1
o 788 1.1
o 783 1.1
o 778 1.1
o 773 1.1
o 768 1.1
o 763 1.1
o 758 1.1
o 753 1.1
o 750 1.11
o 745 1.11
o 740 1.11
o 735 1.11
o 730 1.11
o 725 1.11
o 720 1.11
o 715 1.11
o 710 1.11
o 705 1.11
o 700 1.11
o 699 1.11
o 694 1.11
o 686 1.11
o 681 1.11
o 676 1.11
o 671 1.11
o 669 1.17
o 664 1.17
o 659 1.17
o 654 1.17
o 649 1.17
o 644 1.17
o 639 1.17
o 634 1.17
o 631 1.48
o 628 1.48
o 623 1.48
o 618 1.48
o 614 1.48
o 609 1.48
o 604 1.48
o 601 1.48
o 596 1.48
o 595 1.48
o 590 1.48
o 585 1.48
o 580 1.49
o 575 1.49
o 570 1.49
o 565 1.49
o 560 1.49
o 555 1.49
o 550 1.49
o 545 1.49
o 540 1.49
o 535 1.49
o 530 1.49
o 525 1.49
o 520 1.49
o 515 1.49
o 514 1.51
o 512 1.51
o 507 1.51
o 505 1.51
o 501 1.52
o 498 1.52
o 494 1.52
o 492 1.52
o 488 1.52
o 483 1.52
o 478 1.52
o 474 1.52
o 471 1.53
o 466 1.53
o 464 1.53
o 459 1.53
o 457 1.53
o 452 1.53
o 444 1.53
o 442 1.53
o 439 1.53
o 427 2.8
o 426 2.8
o 422 2.8
o 417 2.8
o 415 2.91
o 410 2.91
o 405 2.91
o 400 2.91
o 395 2.91
o 394 2.91
o 389 2.91
o 387 2.91
o 384 2.92
o 379 2.92
o 375 2.98
o 370 2.98
o 368 2.98
o 363 2.98
o 362 3.01
o 360 3.02
o 358 3.07
o 353 3.07
o 341 3.07
o 335 3.07
o 332 3.07
o 327 3.07
o 322 3.08
o 321 9.55
o 316 9.55
o 311 9.55
o 307 9.57
o 305 9.57
o 304 9.57
o 302 9.58
o 297 9.58
o 293 11.59
o 292 11.6
o 287 12.04
o 284 12.04
o 279 12.04
o 275 12.05
o 274 12.06
o 273 13.28
o 269 13.29
o 265 13.29
o 263 13.29
o 261 13.36
o 257 13.36
o 252 13.36
o 250 13.36
o 248 13.4
o 243 24.14
o 239 24.16
o 235 77.62
o 231 77.77
o 229 77.78
o 226 117.32
o 222 117.33
o 212 117.39
o 208 117.39
o 207 172.5
o 205 172.69
o 203 172.73
o 202 172.73
o 200 172.76
200	172.76
timetabling-comp02
o 1500 0.81
o 1140 1.29
o 1135 1.29
o 1130 1.29
o 1125 1.29
o 1120 1.29
o 1113 1.29
o 1108 1.29
o 1103 1.29
o 1098 1.29
o 1094 1.31
o 1089 1.31
o 1084 1.31
o 1079 1.31
o 1074 1.31
o 1069 1.31
o 1064 1.31
o 1059 1.31
o 1054 1.31
o 1049 1.31
o 1044 1.31
o 1039 1.31
o 1034 1.31
o 1030 1.32
o 1025 1.32
o 1020 1.32
o 1015 1.32
o 1010 1.32
o 1005 1.32
o 1000 1.32
o 995 1.32
o 990 1.32
o 985 1.32
o 980 1.32
o 977 1.32
o 972 1.32
o 968 1.33
o 963 1.33
o 962 1.66
o 957 1.66
o 952 1.66
o 947 1.66
o 942 1.66
o 937 1.66
o 926 1.67
o 921 1.67
o 911 1.67
o 907 1.68
o 903 1.68
o 898 1.68
o 893 1.68
o 888 1.68
o 883 1.68
o 878 1.68
o 873 1.68
o 868 1.68
o 863 1.68
o 858 1.68
o 853 1.68
o 848 1.68
o 843 1.68
o 838 1.68
o 833 1.68
o 830 1.69
o 829 1.69
o 828 1.7
o 823 1.7
o 818 1.7
o 813 1.7
o 808 1.7
o 803 1.7
o 801 1.7
o 796 1.7
o 795 1.7
o 793 1.7
o 775 1.7
o 770 1.7
o 765 1.71
o 760 1.71
o 755 1.71
o 750 1.71
o 745 1.71
o 741 1.71
o 736 1.71
o 731 1.71
o 726 1.71
o 721 1.71
o 716 1.71
o 711 1.71
o 703 1.71
o 698 1.71
o 693 1.71
o 688 1.71
o 684 1.71
o 679 1.71
o 665 1.73
o 660 1.73
o 658 1.73
o 653 1.73
o 651 1.73
o 649 1.73
o 644 1.73
o 631 2.13
o 626 2.13
o 614 2.13
o 609 2.13
o 607 2.13
o 606 2.14
o 601 2.14
o 596 2.14
o 591 2.14
o 586 2.14
o 581 2.14
o 577 2.32
o 572 2.32
o 567 2.32
o 565 2.33
o 563 2.33
o 561 2.33
o 556 2.33
o 545 2.34
o 528 2.36
o 522 2.41
o 517 2.41
o 509 2.41
o 507 2.41
o 493 2.41
o 488 2.41
o 483 2.41
o 478 2.41
o 474 2.43
o 469 2.43
o 463 2.46
o 458 2.46
o 453 2.46
o 447 2.47
o 444 2.95
o 443 2.95
o 441 2.95
o 436 2.95
o 431 2.95
o 426 2.95
o 421 2.95
o 419 2.96
o 414 2.96
o 410 2.96
o 408 2.96
o 403 2.96
o 401 5.06
o 396 5.07
o 391 5.07
o 386 5.07
o 384 5.1
o 379 5.1
o 374 5.1
o 371 5.19
o 369 5.2
o 364 5.21
o 359 5.21
o 354 5.21
o 353 5.21
o 350 7.3
o 345 12.76
o 341 12.86
o 338 13.22
o 336 13.24
o 335 13.25
o 333 13.44
o 329 13.44
o 327 13.44
o 324 13.44
o 319 17.53
o 317 17.54
o 315 17.61
o 313 17.69
o 308 17.71
o 303 17.72
o 302 17.73
o 297 17.73
o 296 18.79
o 295 18.8
o 292 20.27
o 290 20.28
o 289 20.57
o 287 20.63
o 283 20.63
o 278 20.64
o 277 37.57
o 275 37.57
o 270 37.58
o 267 37.6
o 262 37.6
o 259 37.6
o 257 37.6
o 256 37.62
o 251 37.62
o 249 37.62
o 248 37.64
o 244 38.02
o 242 38.03
o 240 38.03
o 236 38.03
o 234 38.05
o 233 65.92
o 231 65.95
o 226 65.96
o 221 65.96
o 218 80.62
o 213 80.63
o 210 80.64
210	80.64
timetabling-comp02
o 1505 0.86
o 1200 1.56
o 1188 1.57
o 1183 1.57
o 1178 1.57
o 1173 1.57
o 1168 1.57
o 1163 1.57
o 1158 1.57
o 1153 1.57
o 1148 1.57
o 1143 1.57
o 1138 1.57
o 1133 1.57
o 1128 1.57
o 1123 1.57
o 1118 1.57
o 1113 1.57
o 1108 1.57
o 1103 1.57
o 1098 1.57
o 1093 1.57
o 1088 1.57
o 1083 1.57
o 1078 1.57
o 1073 1.57
o 1068 1.58
o 1063 1.58
o 1058 1.58
o 1053 1.58
o 1041 1.59
o 1036 1.59
o 1035 1.61
o 1019 1.62
o 1014 1.62
o 1009 1.62
o 1004 1.62
o 999 1.62
o 994 1.62
o 989 1.62
o 984 1.62
o 979 1.62
o 974 1.62
o 969 1.62
o 966 1.62
o 961 1.62
o 953 1.62
o 948 1.62
o 943 1.62
o 937 1.63
o 932 1.63
o 927 1.63
o 922 1.63
o 917 1.63
o 912 1.63
o 907 1.63
o 900 1.63
o 896 1.63
o 891 1.63
o 886 1.63
o 881 1.63
o 876 1.63
o 871 1.63
o 866 1.63
o 861 1.63
o 856 1.63
o 851 1.63
o 846 1.63
o 841 1.63
o 836 1.63
o 831 1.63
o 826 1.63
o 821 1.63
o 816 1.63
o 811 1.63
o 806 1.64
o 801 1.64
o 794 1.64
o 789 1.64
o 784 1.64
o 779 1.64
o 775 1.64
o 770 1.64
o 765 1.64
o 760 1.64
o 755 1.64
o 753 1.64
o 748 1.64
o 745 2.45
o 736 2.45
o 731 2.45
o 726 2.45
o 721 2.45
o 719 2.45
o 714 2.46
o 712 2.5
o 707 2.5
o 702 2.5
o 700 2.52
o 698 2.52
o 697 2.68
o 696 2.74
o 691 2.74
o 686 2.74
o 681 2.74
o 676 2.74
o 671 2.74
o 666 2.74
o 661 2.74
o 656 2.74
o 649 2.75
o 644 2.75
o 639 2.75
o 634 2.75
o 632 2.9
o 629 2.9
o 624 2.9
o 619 2.9
o 615 2.91
o 610 2.91
o 605 2.91
o 604 3.12
o 599 3.12
o 594 3.12
o 589 3.12
o 582 3.13
o 580 3.13
o 573 3.13
o 546 3.39
o 542 3.39
o 537 3.39
o 534 3.44
o 532 3.44
o 524 3.44
o 519 3.45
o 515 3.48
o 510 3.48
o 505 3.59
o 504 3.7
o 502 3.71
o 497 3.71
o 492 3.71
o 487 3.71
o 482 3.71
o 477 3.72
o 472 3.72
o 467 3.72
o 466 4.3
o 461 4.3
o 456 4.3
o 453 4.3
o 448 4.34
o 445 4.45
o 443 4.48
o 438 4.48
o 435 4.5
o 433 4.51
o 429 4.52
o 425 4.53
o 418 4.53
o 413 4.53
o 409 4.53
o 407 4.55
o 402 4.55
o 392 4.56
o 390 4.56
o 386 5.84
o 385 5.86
o 381 5.88
o 376 5.88
o 371 5.88
o 366 5.88
o 361 5.88
o 359 5.88
o 358 5.93
o 353 5.93
o 350 5.94
o 345 5.94
o 340 5.98
o 335 9.33
o 331 9.33
o 326 9.33
o 321 9.34
o 317 9.34
o 313 9.35
o 308 9.35
o 304 9.36
o 299 9.36
o 296 9.52
o 291 9.54
o 290 12.16
o 285 12.16
o 284 12.16
o 282 12.16
o 280 12.17
o 277 12.21
o 273 12.25
o 268 12.25
o 266 12.25
o 265 12.31
o 263 12.32
o 259 12.32
o 258 12.33
o 255 12.41
o 251 12.41
o 247 77.01
o 242 77.02
o 237 77.02
o 232 77.02
o 231 77.03
o 228 77.4
o 227 77.58
o 224 77.58
o 223 77.76
o 221 77.77
o 216 77.77
o 215 185.29
o 213 220.5
o 209 220.5
209	220.5
timetabling-comp02
o 1480 0.9
o 1153 1.26
o 1137 1.27
o 1127 1.27
o 1122 1.27
o 1117 1.27
o 1112 1.27
o 1107 1.27
o 1102 1.27
o 1097 1.27
o 1092 1.27
o 1087 1.27
o 1082 1.27
o 1077 1.27
o 1072 1.27
o 1067 1.27
o 1062 1.27
o 1057 1.27
o 1052 1.27
o 1047 1.27
o 1042 1.27
o 1037 1.27
o 1032 1.27
o 1027 1.27
o 1022 1.27
o 1017 1.27
o 1012 1.27
o 1007 1.27
o 1002 1.27
o 997 1.27
o 992 1.28
o 987 1.28
o 982 1.28
o 977 1.28
o 972 1.28
o 967 1.28
o 955 1.28
o 950 1.28
o 945 1.29
o 941 1.29
o 936 1.29
o 931 1.29
o 926 1.29
o 921 1.29
o 916 1.29
o 911 1.29
o 909 1.29
o 904 1.29
o 901 1.3
o 896 1.3
o 891 1.3
o 886 1.3
o 881 1.3
o 876 1.3
o 874 1.31
o 869 1.31
o 864 1.31
o 859 1.31
o 854 1.31
o 849 1.31
o 844 1.31
o 841 1.31
o 836 1.31
o 831 1.31
o 826 1.31
o 821 1.31
o 816 1.31
o 812 1.31
o 807 1.31
o 802 1.31
o 797 1.31
o 792 1.31
o 787 1.31
o 782 1.31
o 777 1.31
o 772 1.31
o 767 1.31
o 765 1.32
o 760 1.32
o 755 1.32
o 750 1.32
o 745 1.32
o 740 1.32
o 734 1.32
o 729 1.32
o 724 1.32
o 722 1.33
o 719 1.33
o 714 1.33
o 709 1.33
o 704 1.33
o 699 1.33
o 694 1.34
o 690 1.34
o 688 1.34
o 683 1.34
o 681 1.34
o 677 1.34
o 672 1.34
o 667 1.34
o 662 1.34
o 657 1.34
o 656 1.34
o 648 1.4
o 646 1.4
o 642 1.4
o 637 1.4
o 634 1.4
o 629 1.4
o 624 1.4
o 619 1.4
o 609 1.4
o 605 1.52
o 600 1.52
o 595 1.52
o 592 1.52
o 588 1.52
o 582 1.52
o 570 1.53
o 567 1.55
o 566 1.55
o 561 1.55
o 556 1.55
o 552 1.62
o 548 1.62
o 547 1.63
o 543 1.63
o 538 1.63
o 533 1.63
o 531 1.63
o 527 1.64
o 522 1.64
o 517 1.64
o 512 1.64
o 509 1.67
o 506 1.75
o 499 1.75
o 494 1.76
o 489 1.76
o 484 1.76
o 479 1.76
o 477 1.76
o 475 1.77
o 470 1.77
o 465 1.77
o 463 1.77
o 462 1.77
o 449 1.77
o 447 1.77
o 445 1.77
o 440 1.77
o 435 1.77
o 427 1.77
o 426 2.51
o 424 2.51
o 419 2.52
o 417 2.52
o 412 2.52
o 408 2.52
o 404 2.52
o 399 2.52
o 395 2.64
o 391 2.64
o 390 2.74
o 385 2.74
o 380 2.74
o 378 2.75
o 373 2.75
o 370 2.77
o 365 2.77
o 363 2.77
o 361 8.89
o 359 8.93
o 354 8.93
o 349 8.93
o 344 8.93
o 341 8.93
o 337 8.93
o 335 9.94
o 331 9.96
o 327 9.99
o 326 10.06
o 322 10.17
o 319 12.74
o 316 13.07
o 311 13.08
o 310 13.14
o 305 13.14
o 303 13.15
o 298 13.15
o 296 13.15
o 295 13.16
o 290 13.16
o 289 15.16
o 286 15.16
o 284 15.17
o 282 15.17
o 281 15.2
o 279 15.2
o 278 15.23
o 277 15.58
o 276 16.14
o 274 16.14
o 272 16.14
o 267 16.14
o 262 16.14
o 257 16.14
o 249 16.15
o 247 16.15
o 243 16.16
o 241 16.16
o 240 27.96
o 236 27.99
o 235 62.09
o 234 62.35
o 232 62.36
o 227 62.36
o 226 63.26
o 222 63.59
o 220 63.65
o 219 64.07
o 217 64.15
o 215 64.15
o 210 64.91
o 208 64.91
o 206 64.91
206	64.91
