abstraction-refinement-downcast-pmd
o 12723 51.080000
o 4350 52.190000
o 4349 52.280000
o 4348 52.290000
o 4347 52.290000
o 4346 52.300000
o 4345 52.310000
o 4344 52.310000
o 4343 52.320000
o 4342 52.330000
o 4341 52.330000
o 4340 52.340000
o 4339 52.350000
o 4338 52.350000
o 4337 52.360000
o 4336 52.370000
o 4335 52.370000
o 4334 52.380000
o 4333 52.390000
o 4332 52.400000
o 4331 52.400000
o 4330 52.410000
o 4329 52.410000
o 4328 52.420000
o 4327 52.430000
o 4326 52.430000
o 4325 52.440000
o 4324 52.450000
o 4323 52.450000
o 4322 52.460000
o 4321 52.470000
o 4320 52.470000
o 4319 52.480000
o 4318 52.490000
o 4317 52.490000
o 4316 52.510000
o 4315 52.540000
o 4314 52.550000
o 4313 52.590000
o 4312 52.590000
o 4311 52.650000
o 4310 52.650000
o 4309 52.660000
o 4308 52.660000
o 4307 52.670000
o 4306 52.680000
o 4305 52.980000
o 4304 53.000000
o 4303 53.000000
o 4302 53.200000
o 4301 53.200000
o 4300 53.210000
o 4299 53.230000
o 4298 53.240000
o 4297 53.250000
o 4296 53.340000
o 4295 53.360000
o 4294 53.360000
o 4293 53.380000
o 4292 53.380000
o 4291 53.430000
o 4290 53.440000
o 4289 53.440000
o 4288 53.450000
o 4287 53.650000
o 4286 53.660000
o 4285 53.670000
o 4284 53.680000
o 4283 53.690000
o 4282 53.690000
o 4281 53.720000
o 4280 53.790000
o 4279 53.830000
o 4278 53.960000
o 4277 53.990000
o 4276 54.030000
o 4275 54.030000
o 4274 54.080000
o 4273 54.090000
o 4272 54.110000
o 4271 54.130000
o 4270 54.130000
o 4269 54.240000
o 4268 54.250000
o 4267 54.260000
o 4266 54.270000
o 4265 54.460000
o 4264 54.480000
o 4263 54.540000
o 4262 54.540000
o 4261 54.710000
4261	54.710000
abstraction-refinement-downcast-pmd
o 21138 68.340000
o 4396 70.160000
o 4395 70.220000
o 4394 70.230000
o 4393 70.240000
o 4392 70.240000
o 4391 70.250000
o 4390 70.260000
o 4389 70.260000
o 4388 70.270000
o 4387 70.280000
o 4386 70.290000
o 4385 70.290000
o 4384 70.300000
o 4383 70.300000
o 4382 70.310000
o 4381 70.320000
o 4380 70.330000
o 4379 70.340000
o 4378 70.350000
o 4377 70.360000
o 4376 70.370000
o 4375 70.380000
o 4374 70.390000
o 4373 70.390000
o 4372 70.400000
o 4371 70.410000
o 4370 70.410000
o 4369 70.420000
o 4368 70.440000
o 4367 70.450000
o 4366 70.450000
o 4365 70.460000
o 4364 70.470000
o 4363 70.480000
o 4362 70.490000
o 4361 70.510000
o 4360 70.520000
o 4359 70.530000
o 4358 70.540000
o 4357 70.550000
o 4356 70.550000
o 4355 70.570000
o 4354 70.580000
o 4353 70.590000
o 4352 70.630000
o 4351 70.640000
o 4350 70.650000
o 4349 70.710000
o 4348 70.720000
o 4347 71.000000
o 4346 71.000000
o 4345 71.010000
o 4344 71.020000
o 4343 71.040000
o 4342 71.050000
o 4341 71.060000
o 4340 71.070000
o 4337 71.280000
o 4336 71.290000
o 4335 71.300000
o 4334 71.310000
o 4333 71.320000
o 4332 71.330000
o 4331 71.430000
o 4330 71.440000
o 4329 71.450000
o 4328 71.560000
o 4327 71.560000
o 4326 71.570000
o 4325 71.590000
o 4324 71.600000
o 4323 71.610000
o 4322 71.620000
o 4321 71.630000
o 4320 71.640000
o 4319 71.650000
o 4318 71.660000
o 4317 71.670000
o 4316 71.680000
o 4315 71.700000
o 4314 71.700000
o 4313 71.710000
o 4312 71.750000
o 4311 71.760000
o 4310 71.770000
o 4309 71.780000
o 4308 71.790000
o 4307 71.820000
o 4306 71.840000
o 4305 71.850000
o 4304 71.860000
o 4303 71.860000
o 4302 71.870000
o 4301 71.880000
o 4300 71.890000
o 4299 71.910000
o 4298 71.930000
o 4297 72.040000
o 4296 72.050000
o 4295 72.070000
o 4294 72.080000
o 4293 72.090000
o 4292 72.100000
o 4291 72.110000
o 4290 72.120000
o 4289 72.140000
o 4288 72.160000
o 4287 72.160000
o 4286 72.200000
o 4285 72.240000
o 4284 72.250000
o 4283 72.260000
o 4282 72.290000
o 4281 72.300000
o 4280 72.320000
o 4279 72.370000
o 4278 72.520000
o 4277 72.530000
o 4276 72.610000
o 4275 72.620000
o 4274 72.640000
o 4273 136.150000
o 4272 136.170000
o 4271 136.180000
o 4270 136.190000
o 4269 183.620000
o 4268 183.660000
o 4267 183.680000
o 4266 183.790000
o 4265 183.870000
o 4264 240.990000
o 4263 241.260000
4263	241.260000
abstraction-refinement-downcast-pmd
o 25345 56.410000
o 4416 57.690000
o 4415 57.710000
o 4414 57.720000
o 4413 57.730000
o 4412 57.740000
o 4411 57.740000
o 4410 57.750000
o 4409 57.750000
o 4408 57.760000
o 4407 57.770000
o 4406 57.770000
o 4405 57.780000
o 4404 57.780000
o 4403 57.790000
o 4402 57.790000
o 4401 57.800000
o 4400 57.810000
o 4399 57.810000
o 4398 57.820000
o 4397 57.820000
o 4396 57.830000
o 4395 57.830000
o 4394 57.840000
o 4393 57.850000
o 4392 57.850000
o 4391 57.860000
o 4390 57.860000
o 4389 57.870000
o 4388 57.880000
o 4387 57.880000
o 4386 57.890000
o 4385 57.890000
o 4384 57.900000
o 4383 57.910000
o 4382 57.910000
o 4381 57.920000
o 4380 57.930000
o 4379 58.000000
o 4378 58.010000
o 4377 58.020000
o 4376 58.020000
o 4375 58.030000
o 4374 58.040000
o 4373 58.040000
o 4372 58.050000
o 4371 58.050000
o 4370 58.060000
o 4369 58.060000
o 4368 58.070000
o 4367 58.100000
o 4366 58.110000
o 4365 58.110000
o 4364 58.120000
o 4363 58.130000
o 4362 58.140000
o 4361 58.140000
o 4360 58.150000
o 4359 58.160000
o 4358 58.160000
o 4357 58.180000
o 4356 58.180000
o 4355 58.190000
o 4354 58.200000
o 4353 58.200000
o 4352 58.210000
o 4351 58.220000
o 4350 58.220000
o 4349 58.230000
o 4348 58.240000
o 4347 58.260000
o 4346 58.310000
o 4345 58.320000
o 4344 58.320000
o 4343 58.330000
o 4342 58.340000
o 4341 58.340000
o 4340 58.350000
o 4339 58.510000
o 4338 58.510000
o 4337 58.550000
o 4336 58.560000
o 4335 58.570000
o 4334 58.570000
o 4333 58.580000
o 4332 58.580000
o 4331 58.590000
o 4330 58.610000
o 4329 58.610000
o 4328 58.620000
o 4327 58.670000
o 4326 58.670000
o 4325 58.680000
o 4324 58.700000
o 4323 58.710000
o 4322 58.860000
o 4321 58.870000
o 4320 58.870000
o 4319 58.880000
o 4318 58.890000
o 4317 58.890000
o 4316 58.970000
o 4315 58.990000
o 4314 59.000000
o 4313 59.040000
o 4312 59.050000
o 4311 59.060000
o 4310 59.060000
o 4309 59.070000
o 4308 59.080000
o 4307 59.090000
o 4306 59.090000
o 4305 59.100000
o 4304 59.110000
o 4303 59.130000
o 4302 59.130000
o 4301 59.210000
o 4300 59.220000
o 4299 59.230000
o 4298 59.240000
o 4297 59.240000
o 4296 59.320000
o 4295 59.390000
o 4294 59.400000
o 4293 59.410000
o 4292 59.410000
o 4291 59.420000
o 4290 59.430000
o 4289 59.450000
o 4288 59.480000
o 4287 59.510000
o 4286 59.580000
o 4285 59.580000
o 4284 59.600000
o 4283 59.600000
o 4282 59.610000
o 4281 59.620000
o 4280 59.870000
o 4279 59.880000
o 4278 59.890000
o 4277 59.950000
o 4276 59.960000
o 4275 59.970000
o 4274 59.980000
o 4273 59.990000
o 4272 60.010000
o 4271 60.030000
o 4270 60.090000
o 4269 60.110000
o 4268 60.120000
o 4267 60.160000
o 4266 60.650000
o 4265 69.310000
o 4264 69.350000
o 4263 69.360000
o 4262 69.360000
o 4261 69.380000
o 4260 69.470000
o 4259 69.470000
o 4258 69.570000
o 4257 70.000000
o 4256 70.030000
o 4255 71.570000
4255	71.570000
abstraction-refinement-downcast-pmd
o 21169 49.750000
o 4427 51.110000
o 4426 51.130000
o 4425 51.140000
o 4424 51.140000
o 4423 51.150000
o 4422 51.160000
o 4421 51.160000
o 4420 51.170000
o 4419 51.180000
o 4418 51.180000
o 4417 51.190000
o 4416 51.280000
o 4415 51.290000
o 4414 51.290000
o 4413 51.300000
o 4412 51.310000
o 4411 51.310000
o 4410 51.320000
o 4409 51.330000
o 4408 51.330000
o 4407 51.340000
o 4406 51.350000
o 4405 51.350000
o 4404 51.360000
o 4403 51.360000
o 4402 51.370000
o 4401 51.380000
o 4400 51.380000
o 4399 51.390000
o 4398 51.400000
o 4397 51.400000
o 4396 51.410000
o 4395 51.410000
o 4394 51.420000
o 4393 51.430000
o 4392 51.430000
o 4391 51.450000
o 4390 51.450000
o 4389 51.460000
o 4388 51.460000
o 4387 51.470000
o 4386 51.480000
o 4385 51.480000
o 4384 51.490000
o 4383 51.500000
o 4382 51.500000
o 4381 51.510000
o 4380 51.510000
o 4379 51.520000
o 4378 51.530000
o 4377 51.530000
o 4376 51.540000
o 4375 51.550000
o 4374 51.550000
o 4373 51.560000
o 4372 51.570000
o 4371 51.570000
o 4370 51.580000
o 4369 51.580000
o 4368 51.590000
o 4367 51.600000
o 4366 51.600000
o 4365 51.610000
o 4364 51.620000
o 4363 51.620000
o 4360 51.680000
o 4359 51.690000
o 4358 51.700000
o 4357 51.700000
o 4356 51.710000
o 4355 51.720000
o 4354 51.720000
o 4353 51.730000
o 4352 51.740000
o 4351 51.740000
o 4350 51.750000
o 4349 51.760000
o 4348 51.760000
o 4347 51.770000
o 4346 51.780000
o 4345 51.790000
o 4344 51.790000
o 4343 51.800000
o 4342 51.810000
o 4341 51.810000
o 4340 51.820000
o 4339 51.840000
o 4338 51.840000
o 4337 51.850000
o 4336 51.870000
o 4335 51.880000
o 4334 51.890000
o 4333 51.890000
o 4332 51.900000
o 4331 51.910000
o 4330 51.910000
o 4329 51.930000
o 4328 51.940000
o 4327 51.960000
o 4326 51.960000
o 4325 51.970000
o 4324 51.980000
o 4323 51.980000
o 4322 51.990000
o 4321 52.020000
o 4320 52.030000
o 4319 52.040000
o 4318 52.040000
o 4317 52.050000
o 4316 52.060000
o 4315 52.060000
o 4314 52.070000
o 4313 52.080000
o 4312 52.080000
o 4311 52.090000
o 4310 52.100000
o 4309 52.100000
o 4308 52.120000
o 4307 52.130000
o 4306 52.140000
o 4305 52.150000
o 4304 52.160000
o 4303 52.170000
o 4302 52.180000
o 4301 52.230000
o 4300 52.320000
o 4299 52.320000
o 4298 52.350000
o 4297 52.360000
o 4296 52.370000
o 4295 52.390000
o 4294 52.410000
o 4293 52.410000
o 4292 52.420000
o 4291 52.440000
o 4290 52.450000
o 4289 52.600000
o 4288 52.610000
o 4287 52.620000
o 4286 52.630000
o 4285 52.680000
o 4284 52.700000
o 4283 52.800000
o 4282 52.830000
o 4281 52.880000
o 4280 52.890000
o 4279 52.950000
o 4278 52.960000
o 4277 53.550000
o 4276 53.560000
o 4275 53.580000
o 4274 53.590000
o 4273 53.600000
o 4272 53.680000
o 4271 53.690000
o 4270 60.160000
o 4269 60.170000
o 4268 60.250000
o 4267 60.350000
o 4266 60.360000
o 4265 194.310000
o 4264 194.320000
o 4263 194.330000
o 4262 194.330000
o 4261 194.360000
o 4260 194.370000
o 4259 194.390000
o 4258 194.440000
4258	194.440000
abstraction-refinement-downcast-pmd
o 12732 71.010000
o 4362 72.410000
o 4361 72.500000
o 4360 72.500000
o 4359 72.510000
o 4358 72.520000
o 4357 72.520000
o 4356 72.530000
o 4355 72.540000
o 4354 72.540000
o 4353 72.560000
o 4352 72.560000
o 4351 72.570000
o 4350 72.580000
o 4349 72.590000
o 4348 72.600000
o 4347 72.600000
o 4346 72.610000
o 4345 72.610000
o 4344 72.620000
o 4343 72.620000
o 4342 72.630000
o 4341 72.640000
o 4340 72.640000
o 4339 72.660000
o 4338 72.670000
o 4337 72.670000
o 4336 72.680000
o 4335 72.690000
o 4334 72.710000
o 4333 72.710000
o 4332 72.710000
o 4331 72.720000
o 4330 72.720000
o 4329 72.730000
o 4328 72.740000
o 4327 72.740000
o 4326 72.750000
o 4325 72.770000
o 4324 72.780000
o 4323 72.790000
o 4322 72.790000
o 4321 72.820000
o 4320 72.830000
o 4319 72.840000
o 4318 72.840000
o 4317 72.850000
o 4316 72.850000
o 4315 72.860000
o 4314 72.870000
o 4313 72.950000
o 4312 72.950000
o 4311 72.960000
o 4310 72.970000
o 4309 72.970000
o 4308 72.980000
o 4307 72.980000
o 4306 72.990000
o 4305 73.000000
o 4304 73.000000
o 4303 73.010000
o 4302 73.340000
o 4301 73.360000
o 4300 73.360000
o 4299 73.370000
o 4298 73.390000
o 4297 73.490000
o 4296 73.500000
o 4295 73.510000
o 4294 73.520000
o 4293 73.560000
o 4292 73.570000
o 4291 73.580000
o 4290 73.580000
o 4289 73.590000
o 4288 73.600000
o 4287 73.610000
o 4286 74.380000
o 4285 74.390000
o 4284 74.390000
o 4283 74.400000
o 4282 74.430000
o 4281 74.540000
o 4280 74.560000
o 4279 74.570000
o 4278 74.570000
o 4277 74.590000
o 4276 74.710000
o 4275 74.720000
o 4274 74.730000
o 4273 74.750000
o 4272 74.850000
o 4271 74.980000
o 4270 75.400000
o 4269 75.460000
o 4268 75.470000
o 4267 75.480000
o 4266 75.490000
o 4265 75.500000
o 4264 75.530000
o 4263 75.560000
o 4262 76.080000
o 4261 76.120000
4261	76.120000
abstraction-refinement-downcast-pmd
o 8588 57.740000
o 4402 58.950000
o 4401 59.030000
o 4400 59.040000
o 4399 59.040000
o 4398 59.050000
o 4397 59.060000
o 4396 59.060000
o 4395 59.070000
o 4394 59.080000
o 4393 59.080000
o 4392 59.090000
o 4391 59.090000
o 4390 59.100000
o 4389 59.110000
o 4388 59.110000
o 4387 59.120000
o 4386 59.120000
o 4385 59.130000
o 4384 59.140000
o 4383 59.140000
o 4382 59.150000
o 4381 59.150000
o 4380 59.160000
o 4379 59.170000
o 4378 59.170000
o 4377 59.180000
o 4376 59.190000
o 4375 59.190000
o 4374 59.200000
o 4373 59.210000
o 4372 59.210000
o 4371 59.220000
o 4370 59.230000
o 4369 59.230000
o 4368 59.240000
o 4367 59.240000
o 4366 59.250000
o 4365 59.260000
o 4364 59.260000
o 4363 59.270000
o 4362 59.270000
o 4361 59.280000
o 4360 59.290000
o 4359 59.290000
o 4358 59.300000
o 4357 59.300000
o 4356 59.310000
o 4355 59.320000
o 4354 59.320000
o 4353 59.330000
o 4352 59.340000
o 4351 59.340000
o 4350 59.350000
o 4349 59.360000
o 4348 59.360000
o 4347 59.370000
o 4346 59.370000
o 4345 59.380000
o 4344 59.390000
o 4343 59.390000
o 4342 59.400000
o 4341 59.400000
o 4340 59.410000
o 4339 59.420000
o 4338 59.420000
o 4337 59.430000
o 4336 59.440000
o 4335 59.440000
o 4334 59.450000
o 4333 59.450000
o 4332 59.460000
o 4331 59.470000
o 4330 59.470000
o 4329 59.480000
o 4328 59.490000
o 4327 59.500000
o 4326 59.500000
o 4325 59.510000
o 4324 59.520000
o 4323 59.570000
o 4322 59.570000
o 4321 59.580000
o 4320 59.590000
o 4319 59.600000
o 4318 59.600000
o 4317 59.670000
o 4316 59.680000
o 4315 59.830000
o 4314 59.830000
o 4313 59.860000
o 4312 59.860000
o 4311 59.890000
o 4310 59.890000
o 4309 59.940000
o 4308 59.960000
o 4307 59.970000
o 4306 59.980000
o 4305 59.990000
o 4304 60.000000
o 4303 60.010000
o 4302 60.010000
o 4301 60.070000
o 4300 60.110000
o 4299 60.150000
o 4298 60.160000
o 4297 60.190000
o 4296 60.200000
o 4295 60.210000
o 4294 60.230000
o 4293 60.230000
o 4292 60.240000
o 4291 60.250000
o 4290 60.270000
o 4289 60.280000
o 4288 60.290000
o 4287 60.300000
o 4286 60.300000
o 4285 60.310000
o 4284 60.320000
o 4283 60.340000
o 4282 60.350000
o 4281 60.370000
o 4280 60.420000
o 4279 60.430000
o 4278 60.430000
o 4277 62.240000
o 4276 62.250000
o 4275 62.260000
o 4274 62.330000
o 4273 62.350000
o 4272 62.360000
o 4271 62.400000
o 4270 62.430000
o 4269 62.430000
o 4268 62.490000
o 4267 62.500000
o 4266 62.600000
o 4265 62.640000
o 4264 132.010000
o 4263 135.070000
o 4262 135.090000
o 4261 135.150000
o 4260 135.180000
4260	135.180000
abstraction-refinement-downcast-pmd
o 12793 54.930000
o 4423 56.420000
o 4422 56.420000
o 4421 56.530000
o 4420 56.540000
o 4419 56.550000
o 4418 56.550000
o 4417 56.560000
o 4416 56.560000
o 4415 56.570000
o 4414 56.570000
o 4413 56.580000
o 4412 56.590000
o 4411 56.590000
o 4410 56.600000
o 4409 56.610000
o 4408 56.620000
o 4407 56.630000
o 4406 56.640000
o 4405 56.650000
o 4404 56.660000
o 4403 56.660000
o 4402 56.670000
o 4401 56.680000
o 4400 56.680000
o 4399 56.690000
o 4398 56.700000
o 4397 56.700000
o 4396 56.710000
o 4395 56.720000
o 4394 56.720000
o 4393 56.730000
o 4392 56.740000
o 4391 56.740000
o 4390 56.750000
o 4389 56.750000
o 4388 56.760000
o 4387 56.770000
o 4386 56.770000
o 4385 56.780000
o 4384 56.780000
o 4383 56.810000
o 4382 56.820000
o 4381 56.830000
o 4380 56.840000
o 4379 56.850000
o 4378 56.860000
o 4377 56.870000
o 4376 56.880000
o 4375 56.890000
o 4374 56.890000
o 4373 56.900000
o 4372 56.910000
o 4371 56.910000
o 4370 56.920000
o 4369 56.920000
o 4368 56.930000
o 4367 56.950000
o 4366 56.970000
o 4365 56.970000
o 4364 56.980000
o 4363 56.980000
o 4362 57.000000
o 4361 57.170000
o 4360 57.180000
o 4359 57.190000
o 4358 57.190000
o 4357 57.200000
o 4356 57.210000
o 4355 57.210000
o 4354 57.220000
o 4353 57.220000
o 4352 57.230000
o 4351 57.230000
o 4350 57.250000
o 4349 57.260000
o 4348 57.270000
o 4347 57.270000
o 4346 57.280000
o 4345 57.290000
o 4344 57.290000
o 4343 57.300000
o 4342 57.310000
o 4341 57.310000
o 4340 57.320000
o 4339 57.320000
o 4338 57.330000
o 4337 57.340000
o 4336 57.340000
o 4335 57.350000
o 4334 57.350000
o 4333 57.360000
o 4332 57.370000
o 4331 57.380000
o 4330 57.380000
o 4329 57.390000
o 4328 57.400000
o 4327 57.400000
o 4326 57.420000
o 4325 57.430000
o 4324 57.440000
o 4323 57.440000
o 4322 57.450000
o 4321 57.500000
o 4320 57.510000
o 4319 57.520000
o 4318 57.530000
o 4317 57.530000
o 4316 57.540000
o 4315 57.550000
o 4314 57.550000
o 4313 57.560000
o 4312 57.560000
o 4311 57.570000
o 4310 57.580000
o 4309 57.620000
o 4308 57.650000
o 4307 57.660000
o 4306 57.670000
o 4305 57.680000
o 4304 57.690000
o 4303 57.710000
o 4302 57.720000
o 4301 57.720000
o 4300 57.730000
o 4299 57.800000
o 4298 57.800000
o 4297 57.930000
o 4296 57.940000
o 4295 58.290000
o 4294 58.300000
o 4293 58.310000
o 4292 58.320000
o 4291 58.330000
o 4290 58.330000
o 4289 58.340000
o 4288 58.350000
o 4287 58.360000
o 4286 58.370000
o 4285 58.450000
o 4284 58.460000
o 4283 58.480000
o 4282 58.500000
o 4281 58.510000
o 4280 58.510000
o 4279 58.520000
o 4278 58.530000
o 4277 58.650000
o 4276 58.670000
o 4275 58.730000
o 4274 58.760000
o 4273 58.770000
o 4272 58.890000
o 4271 58.940000
o 4270 58.950000
o 4269 59.050000
o 4268 59.090000
o 4267 60.350000
o 4266 60.350000
o 4265 60.380000
o 4264 60.800000
o 4263 60.950000
o 4262 61.000000
o 4261 61.010000
o 4260 126.200000
o 4259 126.230000
o 4258 126.250000
o 4257 127.900000
o 4256 127.910000
o 4255 134.190000
o 4254 134.200000
o 4253 134.210000
o 4252 134.310000
o 4251 134.310000
o 4250 134.380000
o 4249 134.640000
o 4248 134.660000
4248	134.660000
abstraction-refinement-downcast-pmd
o 21151 85.460000
o 4410 87.100000
o 4409 87.100000
o 4408 87.160000
o 4407 87.170000
o 4406 87.180000
o 4404 87.190000
o 4403 87.190000
o 4402 87.200000
o 4401 87.210000
o 4400 87.220000
o 4399 87.230000
o 4398 87.230000
o 4397 87.240000
o 4396 87.250000
o 4395 87.250000
o 4394 87.260000
o 4393 87.270000
o 4392 87.270000
o 4391 87.280000
o 4390 87.280000
o 4389 87.290000
o 4388 87.300000
o 4387 87.300000
o 4386 87.310000
o 4385 87.320000
o 4384 87.320000
o 4383 87.330000
o 4382 87.340000
o 4381 87.350000
o 4380 87.360000
o 4379 87.360000
o 4378 87.370000
o 4377 87.380000
o 4376 87.380000
o 4375 87.390000
o 4374 87.390000
o 4373 87.400000
o 4372 87.410000
o 4371 87.410000
o 4370 87.420000
o 4369 87.430000
o 4368 87.430000
o 4367 87.440000
o 4366 87.450000
o 4365 87.450000
o 4364 87.460000
o 4363 87.470000
o 4362 87.470000
o 4361 87.480000
o 4360 87.490000
o 4359 87.510000
o 4358 87.520000
o 4357 87.530000
o 4356 87.530000
o 4355 87.690000
o 4354 87.700000
o 4353 87.700000
o 4352 87.710000
o 4351 87.790000
o 4350 87.800000
o 4349 87.810000
o 4348 87.820000
o 4347 87.820000
o 4346 87.830000
o 4345 87.840000
o 4344 87.850000
o 4343 87.850000
o 4342 87.860000
o 4341 87.870000
o 4340 87.870000
o 4339 87.880000
o 4338 87.880000
o 4337 87.890000
o 4336 87.890000
o 4335 87.900000
o 4334 87.910000
o 4333 87.920000
o 4332 87.920000
o 4331 87.930000
o 4330 87.940000
o 4329 87.940000
o 4328 87.950000
o 4327 87.970000
o 4326 87.980000
o 4325 87.990000
o 4324 88.000000
o 4323 88.020000
o 4322 88.020000
o 4321 88.030000
o 4320 88.040000
o 4319 88.040000
o 4318 88.050000
o 4317 88.070000
o 4316 88.080000
o 4315 88.090000
o 4314 88.100000
o 4313 88.100000
o 4312 88.120000
o 4311 88.140000
o 4310 88.160000
o 4309 88.160000
o 4308 88.200000
o 4307 88.210000
o 4306 88.220000
o 4305 88.230000
o 4304 88.240000
o 4303 88.250000
o 4302 88.250000
o 4301 88.260000
o 4300 88.270000
o 4299 88.280000
o 4298 88.290000
o 4297 88.380000
o 4296 88.400000
o 4295 88.400000
o 4294 88.550000
o 4293 88.910000
o 4292 89.290000
o 4291 89.310000
o 4290 89.320000
o 4289 89.390000
o 4288 89.400000
o 4287 89.420000
o 4286 89.420000
o 4285 90.060000
o 4284 90.070000
o 4283 90.120000
o 4282 90.150000
o 4281 90.960000
o 4280 90.980000
o 4279 90.980000
o 4278 90.990000
o 4277 91.010000
o 4276 92.010000
o 4275 92.030000
o 4274 92.040000
o 4273 92.160000
o 4272 92.160000
o 4271 92.890000
o 4270 92.900000
o 4269 92.910000
o 4268 186.570000
o 4267 186.670000
o 4266 186.680000
o 4265 186.690000
o 4264 186.970000
o 4263 187.070000
o 4262 187.360000
o 4261 187.390000
o 4260 187.620000
o 4259 187.640000
o 4258 188.650000
o 4257 188.650000
4257	188.650000
abstraction-refinement-downcast-pmd
o 17009 69.760000
o 4456 71.180000
o 4455 71.220000
o 4454 71.230000
o 4453 71.290000
o 4452 71.300000
o 4451 71.310000
o 4450 71.310000
o 4449 71.320000
o 4448 71.330000
o 4447 71.330000
o 4446 71.340000
o 4445 71.340000
o 4444 71.350000
o 4443 71.360000
o 4442 71.360000
o 4441 71.370000
o 4440 71.380000
o 4439 71.380000
o 4438 71.390000
o 4437 71.400000
o 4436 71.400000
o 4435 71.410000
o 4434 71.410000
o 4433 71.420000
o 4432 71.430000
o 4431 71.430000
o 4430 71.440000
o 4429 71.450000
o 4428 71.450000
o 4427 71.460000
o 4426 71.470000
o 4425 71.480000
o 4424 71.480000
o 4423 71.490000
o 4422 71.500000
o 4421 71.500000
o 4420 71.520000
o 4419 71.530000
o 4418 71.530000
o 4417 71.540000
o 4416 71.540000
o 4415 71.550000
o 4414 71.560000
o 4413 71.560000
o 4412 71.570000
o 4411 71.580000
o 4410 71.580000
o 4409 71.590000
o 4408 71.600000
o 4407 71.600000
o 4406 71.610000
o 4405 71.620000
o 4404 71.620000
o 4403 71.630000
o 4402 71.630000
o 4401 71.640000
o 4400 71.650000
o 4399 71.650000
o 4398 71.660000
o 4397 71.670000
o 4396 71.670000
o 4395 71.680000
o 4394 71.690000
o 4393 71.690000
o 4392 71.700000
o 4391 71.700000
o 4390 71.790000
o 4389 71.790000
o 4388 71.800000
o 4387 71.810000
o 4386 71.810000
o 4385 71.820000
o 4384 71.820000
o 4383 71.830000
o 4382 71.840000
o 4381 71.850000
o 4380 71.850000
o 4379 71.860000
o 4378 71.870000
o 4377 71.990000
o 4376 71.990000
o 4375 72.000000
o 4374 72.010000
o 4373 72.020000
o 4372 72.030000
o 4371 72.040000
o 4370 72.040000
o 4369 72.050000
o 4368 72.060000
o 4367 72.080000
o 4366 72.090000
o 4365 72.090000
o 4364 72.100000
o 4363 72.110000
o 4362 72.110000
o 4361 72.120000
o 4360 72.130000
o 4359 72.150000
o 4358 72.180000
o 4357 72.180000
o 4356 72.190000
o 4355 72.200000
o 4354 72.200000
o 4353 72.210000
o 4352 72.220000
o 4351 72.220000
o 4350 72.230000
o 4349 72.240000
o 4348 72.250000
o 4347 72.260000
o 4346 72.270000
o 4345 72.270000
o 4344 72.280000
o 4343 72.300000
o 4342 72.310000
o 4341 72.320000
o 4340 72.320000
o 4339 72.330000
o 4338 72.340000
o 4337 72.340000
o 4336 72.360000
o 4335 72.370000
o 4334 72.390000
o 4333 72.400000
o 4332 72.410000
o 4331 72.420000
o 4330 72.420000
o 4329 72.430000
o 4328 72.440000
o 4327 72.440000
o 4326 72.480000
o 4325 72.490000
o 4324 72.500000
o 4323 72.520000
o 4322 72.540000
o 4321 72.550000
o 4320 72.550000
o 4319 72.560000
o 4318 72.570000
o 4317 72.580000
o 4316 72.590000
o 4315 72.590000
o 4314 72.620000
o 4313 72.620000
o 4312 72.630000
o 4311 72.640000
o 4310 72.660000
o 4309 72.660000
o 4308 72.720000
o 4307 72.730000
o 4306 72.740000
o 4305 72.740000
o 4304 72.750000
o 4303 72.810000
o 4302 72.810000
o 4301 72.820000
o 4300 72.830000
o 4299 72.850000
o 4298 72.860000
o 4297 72.900000
o 4296 72.910000
o 4295 72.920000
o 4294 72.920000
o 4293 72.940000
o 4292 73.010000
o 4291 73.020000
o 4290 73.020000
o 4289 73.030000
o 4288 73.040000
o 4287 73.050000
o 4286 73.120000
o 4285 73.120000
o 4284 73.140000
o 4283 73.190000
o 4282 73.270000
o 4281 73.280000
o 4280 73.850000
o 4279 73.870000
o 4278 73.900000
o 4277 73.910000
o 4276 73.940000
o 4275 83.860000
o 4274 83.870000
o 4273 84.820000
o 4272 84.860000
o 4271 84.900000
o 4270 85.100000
o 4269 85.290000
o 4268 85.390000
o 4267 85.420000
o 4266 85.840000
o 4265 85.850000
o 4264 85.870000
o 4263 85.890000
o 4262 86.170000
o 4261 150.900000
o 4260 150.920000
o 4259 151.060000
o 4258 151.100000
o 4257 151.110000
4257	151.110000
abstraction-refinement-downcast-pmd
o 17100 99.670000
o 8728 101.780000
o 4543 101.860000
o 4542 101.870000
o 4541 101.890000
o 4540 101.900000
o 4539 101.910000
o 4538 101.930000
o 4537 101.960000
o 4536 101.970000
o 4535 101.990000
o 4534 102.000000
o 4533 102.010000
o 4532 102.020000
o 4531 102.030000
o 4530 102.040000
o 4529 102.050000
o 4528 102.060000
o 4527 102.080000
o 4526 102.090000
o 4525 102.100000
o 4524 102.110000
o 4523 102.120000
o 4522 102.130000
o 4521 102.130000
o 4520 102.140000
o 4519 102.150000
o 4518 102.160000
o 4517 102.170000
o 4516 102.180000
o 4515 102.190000
o 4514 102.210000
o 4513 102.220000
o 4512 102.220000
o 4511 102.230000
o 4510 102.240000
o 4509 102.250000
o 4508 102.260000
o 4507 102.260000
o 4506 102.290000
o 4505 102.300000
o 4504 102.310000
o 4503 102.310000
o 4502 102.320000
o 4501 102.330000
o 4500 102.340000
o 4499 102.350000
o 4498 102.360000
o 4497 102.380000
o 4496 102.380000
o 4495 102.390000
o 4494 102.410000
o 4493 102.410000
o 4492 102.420000
o 4491 102.430000
o 4490 102.440000
o 4489 102.450000
o 4488 102.460000
o 4487 102.470000
o 4486 102.480000
o 4485 102.490000
o 4484 102.500000
o 4483 102.500000
o 4482 102.510000
o 4481 102.520000
o 4480 102.530000
o 4479 102.530000
o 4478 102.550000
o 4477 102.560000
o 4476 102.570000
o 4475 102.580000
o 4474 102.590000
o 4473 102.600000
o 4472 102.610000
o 4471 102.640000
o 4470 102.650000
o 4469 102.670000
o 4468 102.700000
o 4467 102.730000
o 4466 102.750000
o 4465 102.760000
o 4464 102.780000
o 4463 102.790000
o 4462 102.800000
o 4461 102.800000
o 4460 102.830000
o 4459 102.830000
o 4458 102.850000
o 4457 102.860000
o 4456 102.870000
o 4455 102.870000
o 4454 103.000000
o 4453 103.030000
o 4452 103.040000
o 4451 103.040000
o 4450 103.050000
o 4449 103.070000
o 4448 103.090000
o 4447 103.100000
o 4446 103.110000
o 4445 103.120000
o 4444 103.120000
o 4443 103.130000
o 4442 103.190000
o 4441 103.190000
o 4440 103.200000
o 4439 103.210000
o 4438 103.240000
o 4437 103.250000
o 4436 103.260000
o 4435 103.270000
o 4434 103.330000
o 4433 103.330000
o 4432 103.340000
o 4431 103.350000
o 4430 103.360000
o 4429 103.380000
o 4428 103.380000
o 4427 103.390000
o 4426 103.450000
o 4425 103.460000
o 4424 103.470000
o 4423 103.470000
o 4422 103.480000
o 4421 103.490000
o 4420 103.700000
o 4419 103.720000
o 4418 103.740000
o 4417 103.770000
o 4416 103.780000
o 4415 103.790000
o 4414 103.810000
o 4413 103.880000
o 4412 103.910000
o 4411 103.930000
o 4410 103.940000
o 4409 103.950000
o 4408 103.960000
o 4407 103.960000
o 4406 104.310000
o 4405 104.340000
o 4404 104.350000
o 4403 104.350000
o 4402 104.370000
o 4401 104.370000
o 4400 104.380000
o 4399 104.390000
o 4398 104.440000
o 4397 104.450000
o 4396 104.510000
o 4395 104.610000
o 4394 104.660000
o 4393 104.660000
o 4392 104.680000
o 4391 104.700000
o 4390 105.030000
o 4389 105.040000
o 4388 105.050000
o 4387 105.100000
o 4386 105.140000
o 4385 105.240000
o 4384 105.260000
o 4383 105.260000
o 4382 105.280000
o 4381 105.280000
o 4380 105.320000
o 4379 105.700000
o 4378 105.720000
o 4377 106.000000
o 4376 114.400000
o 4375 114.420000
o 4374 114.490000
o 4373 114.590000
o 4372 114.740000
o 4371 115.540000
o 4370 115.930000
o 4369 116.040000
o 4368 116.290000
o 4367 116.500000
o 4366 116.600000
o 4365 116.860000
o 4364 116.870000
o 4363 116.980000
o 4362 117.060000
o 4361 117.090000
o 4360 117.120000
o 4359 117.200000
o 4358 117.600000
o 4357 117.670000
o 4356 117.690000
o 4355 117.870000
o 4354 117.890000
o 4353 118.230000
o 4352 118.260000
o 4351 118.310000
o 4350 118.800000
o 4349 119.900000
o 4348 119.930000
o 4347 120.090000
o 4346 120.110000
o 4345 120.730000
o 4344 120.780000
o 4343 120.840000
o 4342 120.980000
o 4341 121.450000
o 4340 121.660000
o 4339 121.680000
o 4338 121.740000
o 4337 121.910000
o 4336 122.120000
o 4335 122.180000
o 4334 122.480000
o 4333 122.870000
o 4332 122.970000
o 4331 123.620000
o 4330 124.070000
o 4329 124.110000
o 4328 124.130000
o 4327 125.120000
o 4326 125.150000
o 4325 125.900000
o 4324 125.910000
o 4323 126.090000
o 4322 126.110000
o 4321 126.140000
o 4320 126.490000
o 4319 126.570000
o 4318 134.140000
o 4317 134.480000
o 4316 134.550000
o 4315 134.580000
o 4314 134.590000
o 4313 134.680000
o 4312 134.710000
o 4311 134.730000
o 4310 134.740000
o 4309 134.750000
o 4308 134.750000
o 4307 134.800000
o 4306 134.810000
o 4305 134.810000
o 4304 135.010000
o 4303 135.040000
o 4302 135.050000
o 4301 135.490000
o 4300 135.510000
o 4299 259.990000
o 4298 260.180000
o 4297 260.200000
4297	260.200000
