correlation-clustering-Rounded_CorrelationClustering_Vowel_BINARY_N700_D0.200
o 164334774 1.940000
o 89304542 33.390000
o 89284083 33.450000
o 89229033 33.550000
o 89203757 33.740000
o 89152481 33.790000
o 89001731 33.860000
o 88983416 34.370000
o 88932226 34.410000
o 88888627 34.440000
o 88840784 34.610000
o 88835159 34.640000
o 88805083 34.650000
o 88777901 34.850000
o 88753301 34.990000
o 88533916 35.030000
o 88497869 35.200000
o 88466589 35.230000
o 88444837 35.410000
o 88422300 35.610000
o 88328647 35.690000
o 88314494 35.890000
o 88268726 35.970000
o 88227747 36.090000
o 88085375 36.610000
o 87988656 36.740000
o 87938419 37.180000
o 87935751 38.950000
o 87915579 39.160000
o 87915302 39.480000
o 87892266 39.550000
o 87873742 39.600000
o 87525842 112.910000
o 87501805 113.000000
o 87475632 113.070000
o 87454834 113.120000
o 87429836 113.240000
o 87388857 113.440000
o 87349911 113.600000
o 87346120 113.850000
o 87323939 114.490000
o 87297620 114.510000
o 87297513 115.060000
o 87272928 115.060000
o 87255297 115.090000
o 87222706 115.110000
o 87213774 115.350000
o 87200056 115.350000
o 87178803 115.400000
o 87156042 115.520000
o 87086957 115.960000
o 87060861 115.990000
o 87035038 116.180000
o 87013149 116.420000
o 86967535 116.450000
o 86963843 116.560000
o 86938124 116.690000
o 86930859 116.830000
o 86904949 116.830000
o 86882589 117.050000
86882589	117.050000
correlation-clustering-Rounded_CorrelationClustering_Vowel_BINARY_N700_D0.200
o 155601261 1.930000
o 87369793 27.740000
o 87349698 27.820000
o 87316141 27.850000
o 87278389 27.930000
o 87257621 27.950000
o 87234197 27.980000
o 87190160 28.020000
o 87169812 28.030000
o 87137109 28.110000
o 87112789 28.120000
o 87075186 28.170000
o 87017617 28.190000
o 86996897 28.230000
o 86968883 28.300000
o 86907584 28.390000
o 86885131 28.580000
86885131	28.580000
correlation-clustering-Rounded_CorrelationClustering_Vowel_BINARY_N700_D0.200
o 167931544 1.680000
o 88143540 29.470000
o 88119937 29.560000
o 88095538 29.630000
o 88020792 143.430000
o 87999887 143.610000
o 87952048 143.620000
o 87924902 143.690000
o 87903296 143.750000
o 87820666 143.770000
o 87799449 143.800000
o 87773690 143.820000
o 87750637 143.990000
o 87725820 144.060000
o 87623136 144.240000
o 87564185 144.970000
o 87541817 145.140000
o 87512489 145.410000
o 87511245 146.060000
o 87486831 146.120000
o 87407949 146.730000
87407949	146.730000
correlation-clustering-Rounded_CorrelationClustering_Vowel_BINARY_N700_D0.200
o 148226158 2.270000
o 87293723 32.300000
o 87264050 32.360000
o 87211364 32.440000
o 87191221 32.490000
o 87163047 32.560000
o 87111574 32.580000
o 86989509 32.750000
o 86989482 32.860000
o 86962861 32.870000
o 86941532 32.870000
o 86911664 32.910000
o 86891484 32.950000
o 86851088 33.120000
o 86829041 33.150000
o 86764558 33.200000
o 86748258 33.260000
o 86743016 33.260000
o 86704070 33.340000
o 86678742 33.370000
o 86631151 33.520000
o 86599943 33.650000
o 86581395 33.680000
o 86574511 33.750000
o 86561117 34.190000
o 86536324 34.560000
o 86469627 34.700000
o 86463948 35.010000
o 86442416 35.020000
o 86402909 35.090000
o 86298781 36.520000
o 86285899 37.770000
o 86253308 38.010000
o 86209781 38.110000
o 86189278 38.410000
o 86039135 39.040000
86039135	39.040000
correlation-clustering-Rounded_CorrelationClustering_Vowel_BINARY_N700_D0.200
o 144358329 2.360000
o 91541229 33.430000
o 91496325 33.540000
o 91475040 33.550000
o 91454636 33.570000
o 91401171 33.590000
o 91381164 33.650000
o 91288621 33.650000
o 91265374 33.740000
o 91249686 33.800000
o 91243294 35.520000
o 91218595 35.540000
o 91197827 35.610000
o 91192839 35.830000
o 91171328 36.000000
o 91130618 36.240000
o 91109629 36.760000
o 91056367 37.160000
o 91032487 37.940000
o 91032468 37.980000
o 90979989 38.080000
o 90972369 38.220000
o 90972256 38.300000
o 90930295 38.400000
o 90906001 38.490000
o 90882600 38.600000
o 88791011 103.680000
o 88786324 103.720000
o 88739426 103.780000
o 88676464 103.820000
o 88642292 103.930000
o 88575208 103.930000
o 88555009 104.070000
o 88554209 104.090000
o 88530748 104.120000
o 88439379 104.900000
o 88436825 105.620000
o 88414100 105.640000
o 88388381 105.860000
o 88344622 106.070000
o 88293250 106.150000
o 87988049 106.240000
o 87987995 106.450000
o 87883488 106.450000
o 87855028 106.810000
o 87826981 107.200000
o 87806577 107.390000
o 87786303 107.720000
o 87730498 108.080000
o 87688115 108.180000
o 87662515 108.340000
o 87635695 108.350000
o 87614948 108.360000
o 87591068 108.920000
o 83096517 173.860000
o 83075870 173.880000
o 83068085 174.040000
o 83038414 174.060000
o 83036631 174.070000
o 83014478 174.110000
o 82993166 174.150000
o 82948073 174.360000
o 82928939 175.590000
o 82902005 176.920000
o 82789746 177.520000
o 82760681 178.190000
o 82684894 178.470000
o 82654921 180.350000
o 82510220 180.360000
82510220	180.360000
correlation-clustering-Rounded_CorrelationClustering_Vowel_BINARY_N700_D0.200
o 167114348 1.760000
o 90041866 27.680000
o 90019287 27.800000
o 89955539 27.830000
o 89935080 27.890000
o 89901460 27.960000
o 89880763 28.330000
o 89864327 29.260000
o 89844153 29.300000
o 89839440 29.550000
o 89830480 29.660000
o 89797006 29.750000
o 89773940 30.020000
o 89740093 32.560000
o 89711776 32.580000
o 89707199 37.420000
o 89706487 37.490000
o 89698721 37.890000
o 89676720 37.890000
o 89556913 38.180000
o 89536454 38.230000
89536454	38.230000
correlation-clustering-Rounded_CorrelationClustering_Vowel_BINARY_N700_D0.200
o 170468989 2.030000
o 85569649 30.860000
o 85553984 31.030000
o 85525225 31.050000
o 85471859 31.140000
o 85441010 31.150000
o 85418805 31.200000
o 85394205 31.200000
o 85368324 31.290000
o 85334704 31.290000
o 85294976 31.490000
o 85254404 32.640000
o 85231823 32.690000
o 85231374 32.770000
85231374	32.770000
correlation-clustering-Rounded_CorrelationClustering_Vowel_BINARY_N700_D0.200
o 174526838 1.630000
o 90073319 25.730000
o 90051147 25.810000
o 90032098 26.830000
o 90008337 26.830000
o 89984532 27.100000
o 89936672 27.100000
o 89912131 27.200000
o 89886978 27.500000
o 89857623 27.510000
o 89833306 27.650000
o 89707740 27.940000
o 89684234 28.020000
o 89665840 28.360000
o 89632779 28.650000
o 89525124 28.790000
o 89523743 28.810000
o 89503284 28.920000
o 89501097 29.410000
o 89500915 30.100000
o 89479405 30.300000
o 89330773 214.810000
o 89304581 215.220000
o 89273319 215.370000
o 89272796 215.410000
o 89207301 215.410000
o 89101357 215.620000
o 89092150 216.150000
o 89074841 216.270000
o 88975490 216.340000
o 88961823 216.410000
o 88948475 216.910000
o 88913878 217.210000
o 88886117 217.280000
o 88853015 217.280000
o 88823617 217.480000
o 88817106 217.720000
o 88794427 217.760000
o 88744033 218.190000
o 88723629 218.380000
o 88654784 218.520000
o 88631536 218.600000
o 88475629 221.120000
o 86021744 279.240000
o 85951270 279.330000
o 85944984 279.840000
o 85936402 280.830000
o 85896202 281.090000
o 85876858 281.310000
o 85853350 281.600000
o 85832290 281.700000
o 85809853 281.720000
o 85788661 281.890000
o 85765111 281.960000
o 85726550 282.070000
o 85725834 282.330000
o 85725262 282.360000
o 85700921 282.390000
o 85700168 282.490000
o 85679363 282.490000
85679363	282.490000
correlation-clustering-Rounded_CorrelationClustering_Vowel_BINARY_N700_D0.200
o 167240461 1.620000
o 83670600 26.550000
o 83617414 26.700000
o 83573346 26.750000
o 83548619 26.800000
o 83527400 26.960000
o 83466101 27.100000
o 83465056 27.270000
o 83403945 27.350000
o 83355127 27.380000
o 83328499 27.400000
o 83277395 27.590000
o 83263684 27.710000
o 83217435 27.870000
o 83160621 28.190000
o 83135800 28.260000
o 83106574 28.310000
o 83067863 29.040000
o 83039900 31.000000
83039900	31.000000
correlation-clustering-Rounded_CorrelationClustering_Vowel_BINARY_N700_D0.200
o 166383600 1.800000
o 85649756 27.900000
o 85616360 27.910000
o 85593002 27.920000
o 85571699 28.020000
o 85555886 28.410000
o 85535427 28.420000
o 85515097 28.490000
o 85488521 28.520000
o 85468271 28.540000
o 85459072 28.750000
o 85458828 28.900000
o 85458549 29.030000
o 85397250 29.250000
o 85392364 29.320000
o 85365258 29.540000
o 85331914 29.720000
o 85309278 29.740000
o 85281400 29.910000
o 85253159 30.080000
o 85206036 30.190000
o 85161112 30.320000
o 85140314 30.590000
o 85048444 31.810000
o 85040125 32.620000
o 84942067 32.750000
o 84941060 32.760000
o 84920836 32.790000
o 84900723 32.810000
o 84880210 32.940000
84880210	32.940000
