railway-transport-f2030
o 29194 3.930000
o 6613 8.320000
o 6612 8.320000
o 6611 8.320000
o 6610 8.320000
o 6561 8.320000
o 6560 8.320000
o 6559 8.320000
o 6558 8.320000
o 6557 8.320000
o 6527 8.320000
o 6506 8.320000
o 6489 8.320000
o 6488 8.320000
o 6487 8.320000
o 6486 8.320000
o 6485 8.320000
o 6484 8.320000
o 6474 8.320000
o 6473 8.320000
o 6472 8.320000
o 6471 8.320000
o 6470 8.320000
o 6469 8.320000
o 6467 8.320000
o 6466 8.320000
o 6465 8.320000
o 6464 8.320000
o 6463 8.320000
o 6462 8.320000
o 6461 8.320000
o 6441 8.320000
o 6440 8.320000
o 6439 8.320000
o 6438 8.320000
o 6437 8.320000
o 6436 8.320000
o 6435 8.320000
o 6434 8.320000
o 6433 8.320000
o 6432 8.320000
o 6431 8.320000
o 6430 8.320000
o 6429 8.320000
o 6428 8.320000
o 6388 8.320000
o 6384 8.320000
o 6383 8.320000
o 6382 8.320000
o 6381 8.320000
o 6380 8.320000
o 6379 8.320000
o 6378 8.320000
o 6377 8.320000
o 6375 8.320000
o 6374 8.320000
o 6373 8.320000
o 6372 8.320000
o 6371 8.320000
o 6370 8.330000
o 6369 8.330000
o 6368 8.330000
o 6367 8.330000
o 6366 8.330000
o 6365 8.330000
o 6363 8.330000
o 6362 8.330000
o 6361 8.330000
o 6360 8.330000
o 6359 8.330000
o 6358 8.330000
o 6357 8.330000
o 6356 8.330000
o 6354 8.330000
o 6353 8.330000
o 6352 8.330000
o 6348 8.330000
o 6347 8.330000
o 6346 8.330000
o 6344 8.330000
o 6342 8.330000
o 6339 8.330000
o 6338 8.330000
o 6337 8.330000
o 6336 8.330000
o 6332 8.330000
o 6331 8.330000
o 6330 8.330000
o 6329 8.330000
o 6328 8.330000
o 6327 8.330000
o 6325 8.330000
o 6323 8.330000
o 6322 8.330000
o 6321 8.330000
o 6319 8.330000
o 6318 8.330000
o 6317 8.330000
o 6315 8.330000
o 6314 8.330000
o 6313 8.330000
o 6312 8.330000
o 6311 8.330000
o 6310 8.340000
o 6301 8.340000
o 6296 8.340000
o 6295 8.340000
o 6294 8.340000
o 6293 8.340000
o 6292 8.340000
o 6291 8.340000
o 6290 8.340000
o 6289 8.340000
o 6287 8.340000
o 6286 8.340000
o 6284 8.340000
o 6283 8.340000
o 6282 8.340000
o 6281 8.340000
o 6280 8.340000
o 6279 8.340000
o 6278 8.340000
o 6277 8.340000
o 6276 8.340000
o 6261 8.340000
o 6260 8.340000
o 6259 8.340000
o 6254 8.340000
o 6253 8.340000
o 6252 8.350000
o 6232 8.350000
o 6212 8.350000
o 6162 8.350000
o 6142 8.350000
o 6141 8.350000
o 6140 8.350000
o 6139 8.350000
o 6138 8.350000
o 6137 8.350000
o 6136 8.350000
o 6135 8.350000
o 6134 8.350000
o 6133 8.350000
o 6132 8.350000
o 6131 8.350000
o 6113 8.350000
o 6112 8.350000
o 6111 8.350000
o 6110 8.350000
o 6109 8.350000
o 6108 8.350000
o 6107 8.350000
o 6071 8.350000
o 6070 8.350000
o 6068 8.350000
o 6067 8.360000
o 6058 8.360000
o 6057 8.360000
o 6056 8.360000
o 6055 8.360000
o 6054 8.360000
o 6053 8.360000
o 6052 8.360000
o 6051 8.360000
o 6050 8.360000
o 6049 8.360000
o 6048 8.360000
o 6047 8.360000
o 6046 8.360000
o 6045 8.360000
o 6004 8.360000
o 6000 8.360000
o 5999 8.360000
o 5986 8.360000
o 5985 8.360000
o 5981 8.370000
o 5976 8.370000
o 5971 8.370000
o 5966 8.370000
o 5961 8.370000
o 5960 8.370000
o 5959 8.370000
o 5958 8.370000
o 5957 8.370000
o 5956 8.370000
o 5955 8.370000
o 5935 8.370000
o 5933 8.370000
o 5920 8.370000
o 5919 8.370000
o 5918 8.370000
o 5917 8.370000
o 5916 8.370000
o 5915 8.370000
o 5914 8.380000
o 5913 8.380000
o 5911 8.380000
o 5910 8.380000
o 5909 8.380000
o 5908 8.380000
o 5907 8.380000
o 5834 8.380000
o 5826 8.380000
o 5825 8.380000
o 5824 8.380000
o 5823 8.380000
o 5822 8.380000
o 5821 8.380000
o 5820 8.380000
o 5819 8.380000
o 5818 8.380000
o 5817 8.380000
o 5808 8.400000
o 5806 8.410000
o 5787 8.410000
o 5783 8.410000
o 5779 8.410000
o 5774 8.410000
o 5773 8.410000
o 5768 8.410000
o 5767 8.410000
o 5761 8.410000
o 5760 8.410000
o 5759 8.410000
o 5746 8.410000
o 5745 8.450000
o 5744 8.450000
o 5743 8.450000
o 5742 8.450000
o 5741 8.450000
o 5739 8.450000
o 5732 8.460000
o 5728 8.460000
o 5719 8.460000
o 5715 8.460000
o 5714 8.460000
o 5713 8.460000
o 5712 8.460000
o 5711 8.470000
o 5710 8.470000
o 5707 8.470000
o 5705 8.470000
o 5702 8.470000
o 5698 8.480000
o 5690 8.520000
o 5689 8.520000
o 5688 8.520000
o 5687 8.520000
o 5685 8.520000
o 5681 8.520000
o 5680 8.520000
o 5679 8.520000
o 5678 8.520000
o 5677 8.520000
o 5676 8.520000
o 5675 8.520000
o 5674 8.520000
o 5673 8.520000
o 5672 8.520000
o 5671 8.520000
o 5670 8.520000
o 5669 8.520000
o 5668 8.520000
o 5665 8.530000
o 5662 8.530000
o 5647 8.540000
o 5627 8.540000
o 5607 8.540000
o 5606 8.540000
o 5605 8.540000
o 5604 8.540000
o 5575 8.540000
o 5572 8.580000
o 5567 8.590000
o 5566 8.590000
o 5561 8.590000
o 5560 8.600000
o 5557 8.600000
o 5556 8.600000
o 5555 8.600000
o 5554 8.600000
o 5553 8.600000
o 5518 8.600000
o 5516 8.600000
o 5515 8.600000
o 5514 8.600000
o 5513 8.600000
o 5509 8.830000
o 5508 8.830000
o 5507 8.830000
o 5500 8.830000
o 5499 8.830000
o 5498 8.830000
o 5439 8.840000
o 5419 8.840000
o 5418 8.840000
o 5416 8.840000
o 5411 8.840000
o 5410 8.840000
o 5409 8.840000
o 5295 8.870000
o 5245 8.870000
o 5225 8.870000
o 5223 8.870000
o 5222 8.870000
o 5203 8.870000
o 5202 8.870000
o 5199 8.870000
o 5198 8.870000
o 5196 8.870000
o 5148 8.870000
o 5098 8.870000
o 5048 8.880000
o 5047 8.880000
o 5027 8.880000
o 5019 8.880000
o 4999 8.940000
o 4998 8.940000
o 4997 8.940000
o 4995 8.940000
o 4994 8.940000
o 4993 8.940000
o 4992 8.940000
o 4991 8.940000
o 4990 8.940000
o 4989 8.940000
o 4979 8.950000
o 4960 8.950000
o 4940 8.950000
o 4910 8.960000
o 4909 8.960000
o 4879 8.960000
o 4855 10.420000
o 4854 10.420000
o 4853 10.420000
o 4851 10.420000
o 4831 10.420000
o 4830 10.420000
o 4826 10.420000
o 4825 10.420000
o 4816 10.460000
o 4815 10.460000
o 4814 10.460000
o 4810 10.460000
o 4796 10.460000
o 4795 10.460000
o 4794 10.460000
o 4793 10.470000
o 4758 12.420000
o 4757 12.420000
o 4756 12.420000
o 4755 12.420000
o 4754 12.420000
o 4753 12.420000
o 4749 12.420000
o 4748 12.430000
o 4747 12.430000
o 4746 12.430000
o 4734 12.460000
o 4730 12.460000
o 4729 12.460000
o 4725 12.460000
o 4722 12.460000
o 4721 12.460000
o 4720 12.460000
o 4715 12.460000
o 4714 12.460000
o 4713 12.470000
o 4712 13.400000
o 4711 13.400000
o 4701 13.400000
o 4697 13.400000
o 4696 13.550000
o 4695 13.630000
o 4691 13.650000
o 4690 13.650000
o 4676 13.650000
o 4672 13.650000
o 4671 14.740000
o 4670 14.770000
o 4669 14.770000
o 4668 14.900000
o 4667 14.900000
o 4666 14.900000
o 4665 14.900000
o 4661 14.910000
o 4631 14.910000
o 4627 14.910000
o 4623 14.910000
o 4622 14.930000
o 4599 209.240000
o 4596 209.290000
o 4595 209.300000
o 4593 209.630000
o 4592 264.670000
o 4590 264.670000
o 4588 264.670000
o 4586 264.670000
o 4584 264.670000
o 4583 264.670000
o 4582 264.670000
o 4578 264.670000
o 4577 264.670000
o 4576 264.680000
o 4575 264.760000
4575	264.760000
railway-transport-f2030
o 29449 7.180000
o 29429 7.270000
o 5642 8.330000
o 5581 8.330000
o 5561 8.330000
o 5560 8.330000
o 5460 8.330000
o 5410 8.330000
o 5408 8.330000
o 5407 8.330000
o 5406 8.330000
o 5405 8.330000
o 5404 8.330000
o 5402 8.330000
o 5400 8.330000
o 5399 8.330000
o 5398 8.330000
o 5397 8.330000
o 5396 8.330000
o 5395 8.330000
o 5393 8.330000
o 5392 8.330000
o 5391 8.330000
o 5390 8.330000
o 5389 8.330000
o 5388 8.330000
o 5387 8.330000
o 5386 8.330000
o 5385 8.330000
o 5383 8.330000
o 5382 8.330000
o 5381 8.330000
o 5379 8.330000
o 5377 8.330000
o 5374 8.340000
o 5373 8.340000
o 5372 8.340000
o 5370 8.340000
o 5366 8.340000
o 5365 8.340000
o 5363 8.340000
o 5362 8.340000
o 5360 8.340000
o 5359 8.340000
o 5358 8.340000
o 5356 8.340000
o 5354 8.340000
o 5353 8.340000
o 5352 8.340000
o 5351 8.340000
o 5350 8.340000
o 5349 8.340000
o 5348 8.340000
o 5346 8.340000
o 5344 8.340000
o 5342 8.340000
o 5338 8.340000
o 5337 8.340000
o 5336 8.340000
o 5334 8.340000
o 5333 8.340000
o 5332 8.340000
o 5331 8.340000
o 5314 8.350000
o 5313 8.350000
o 5312 8.350000
o 5308 8.350000
o 5304 8.350000
o 5303 8.350000
o 5302 8.350000
o 5300 8.350000
o 5299 8.350000
o 5298 8.350000
o 5296 8.350000
o 5294 8.350000
o 5293 8.350000
o 5292 8.350000
o 5291 8.350000
o 5290 8.350000
o 5289 8.350000
o 5288 8.350000
o 5280 8.350000
o 5278 8.350000
o 5277 8.350000
o 5276 8.350000
o 5275 8.350000
o 5274 8.350000
o 5273 8.350000
o 5272 8.350000
o 5257 8.350000
o 5256 8.350000
o 5255 8.350000
o 5244 9.040000
o 5240 9.040000
o 5238 15.120000
o 5237 15.120000
o 5236 15.120000
o 5221 15.180000
o 5220 15.180000
o 5209 15.200000
o 5205 15.200000
o 5201 15.200000
o 5200 15.210000
o 5198 15.230000
o 5197 15.230000
o 5173 15.680000
o 5172 15.680000
o 5153 15.710000
o 5152 15.710000
o 5151 15.710000
o 5135 15.710000
o 5134 15.710000
o 5133 15.710000
o 5129 15.710000
o 5128 15.710000
o 5127 15.730000
o 5107 15.730000
o 5103 15.740000
o 5094 15.770000
o 5092 15.770000
o 5091 15.770000
o 5090 15.830000
o 5089 15.830000
o 5088 15.830000
o 5083 15.870000
o 5079 15.870000
o 5078 15.870000
o 5077 15.880000
o 5076 15.980000
o 5075 15.990000
o 5074 15.990000
o 5073 16.030000
o 5071 16.040000
o 5070 16.070000
o 5062 16.320000
o 5042 16.320000
o 5007 16.320000
o 4970 16.320000
o 4969 16.320000
o 4968 16.320000
o 4967 16.320000
o 4950 16.320000
o 4949 16.320000
o 4947 16.320000
o 4917 16.320000
o 4916 16.320000
o 4909 16.320000
o 4893 16.330000
o 4889 16.330000
o 4873 16.390000
o 4860 16.400000
o 4859 16.400000
o 4856 16.400000
o 4855 16.400000
o 4854 16.400000
o 4853 16.400000
o 4850 16.420000
o 4849 16.420000
o 4848 16.420000
o 4847 16.420000
o 4846 16.420000
o 4844 16.430000
o 4832 16.440000
o 4831 16.440000
o 4830 16.440000
o 4829 16.440000
o 4828 16.440000
o 4826 16.450000
o 4822 16.450000
o 4818 17.010000
o 4814 17.120000
o 4810 17.120000
o 4806 17.120000
o 4805 17.150000
o 4800 17.160000
o 4799 17.160000
o 4790 17.220000
o 4789 17.220000
o 4733 17.250000
o 4732 17.250000
o 4731 17.250000
o 4730 17.250000
o 4729 17.250000
o 4728 17.250000
o 4727 17.250000
o 4723 17.250000
o 4719 17.250000
o 4718 17.250000
o 4715 17.250000
o 4714 17.250000
o 4713 17.250000
o 4711 17.260000
o 4710 17.260000
o 4709 17.260000
o 4708 17.260000
o 4707 17.270000
o 4706 17.270000
o 4694 17.280000
o 4693 17.280000
o 4692 17.280000
o 4677 17.280000
o 4676 17.280000
o 4675 17.280000
o 4674 17.280000
o 4673 17.280000
o 4662 17.340000
o 4661 17.340000
o 4657 17.630000
o 4653 17.630000
o 4652 17.630000
o 4651 17.630000
o 4650 17.630000
o 4649 17.630000
o 4645 17.640000
o 4640 17.650000
o 4639 17.650000
o 4638 17.650000
o 4634 17.650000
o 4633 17.650000
o 4629 17.650000
o 4628 17.650000
o 4627 17.650000
o 4626 17.650000
o 4622 17.660000
o 4618 17.660000
o 4616 17.660000
o 4597 17.660000
o 4596 17.660000
o 4595 17.660000
o 4577 17.660000
o 4576 17.660000
o 4575 17.660000
o 4574 17.660000
o 4566 17.960000
o 4562 17.960000
o 4558 17.960000
o 4554 17.960000
o 4550 17.970000
o 4542 17.980000
o 4538 18.300000
o 4537 18.300000
o 4536 18.330000
o 4535 18.340000
4535	18.340000
railway-transport-f2030
o 29516 17.130000
o 6821 20.940000
o 6820 20.940000
o 6819 20.940000
o 6818 20.940000
o 6817 20.940000
o 6816 20.940000
o 6815 20.940000
o 6765 20.940000
o 6715 20.940000
o 6666 20.940000
o 6665 20.940000
o 6664 20.940000
o 6663 20.940000
o 6662 20.940000
o 6642 20.940000
o 6638 20.940000
o 6625 20.950000
o 6614 20.950000
o 6613 20.950000
o 6612 20.950000
o 6611 20.950000
o 6610 20.950000
o 6609 20.950000
o 6608 20.950000
o 6607 20.950000
o 6606 20.950000
o 6605 20.950000
o 6591 20.950000
o 6590 20.950000
o 6589 20.950000
o 6587 20.950000
o 6585 20.950000
o 6584 20.950000
o 6583 20.950000
o 6582 20.950000
o 6581 20.950000
o 6573 20.950000
o 6572 20.950000
o 6571 20.950000
o 6570 20.950000
o 6569 20.950000
o 6568 20.950000
o 6567 20.950000
o 6566 20.950000
o 6565 20.950000
o 6564 20.950000
o 6563 20.950000
o 6554 20.950000
o 6553 20.950000
o 6552 20.950000
o 6550 20.950000
o 6549 20.950000
o 6547 20.950000
o 6546 20.950000
o 6508 20.950000
o 6507 20.950000
o 6506 20.960000
o 6505 20.960000
o 6504 20.960000
o 6503 20.960000
o 6502 20.960000
o 6501 20.960000
o 6500 20.960000
o 6498 20.960000
o 6497 20.960000
o 6496 20.960000
o 6495 20.960000
o 6494 20.960000
o 6493 20.960000
o 6492 20.960000
o 6491 20.960000
o 6490 20.960000
o 6489 20.960000
o 6488 20.960000
o 6487 20.960000
o 6483 20.960000
o 6474 20.960000
o 6473 20.960000
o 6472 20.960000
o 6471 20.960000
o 6470 20.960000
o 6469 20.960000
o 6465 20.960000
o 6464 20.960000
o 6463 20.960000
o 6462 20.960000
o 6460 20.960000
o 6459 20.960000
o 6458 20.960000
o 6457 20.960000
o 6456 20.960000
o 6455 20.960000
o 6454 20.960000
o 6453 20.960000
o 6452 20.960000
o 6451 20.960000
o 6450 20.960000
o 6442 20.960000
o 6441 20.960000
o 6440 20.960000
o 6439 20.960000
o 6438 20.960000
o 6437 20.960000
o 6436 20.960000
o 6435 20.960000
o 6433 20.960000
o 6432 20.960000
o 6431 20.960000
o 6429 20.960000
o 6428 20.960000
o 6427 20.960000
o 6426 20.960000
o 6425 20.960000
o 6424 20.970000
o 6423 20.970000
o 6422 20.970000
o 6421 20.970000
o 6420 20.970000
o 6419 20.970000
o 6418 20.970000
o 6417 20.970000
o 6415 20.970000
o 6414 20.970000
o 6413 20.970000
o 6412 20.970000
o 6411 20.970000
o 6410 20.970000
o 6409 20.970000
o 6408 20.970000
o 6407 20.970000
o 6406 20.970000
o 6405 20.970000
o 6404 20.970000
o 6396 20.970000
o 6395 20.970000
o 6394 20.970000
o 6393 20.970000
o 6392 20.970000
o 6391 20.970000
o 6390 20.970000
o 6389 20.970000
o 6388 20.970000
o 6387 20.970000
o 6386 20.970000
o 6385 20.970000
o 6383 20.970000
o 6382 20.970000
o 6381 20.970000
o 6380 20.970000
o 6379 20.970000
o 6378 20.970000
o 6377 20.970000
o 6376 20.980000
o 6375 20.980000
o 6372 20.980000
o 6371 20.980000
o 6369 20.980000
o 6368 20.980000
o 6367 20.980000
o 6330 20.980000
o 6329 20.980000
o 6328 20.980000
o 6327 20.980000
o 6326 20.980000
o 6325 20.980000
o 6324 20.990000
o 6323 20.990000
o 6322 20.990000
o 6318 20.990000
o 6317 20.990000
o 6316 20.990000
o 6315 20.990000
o 6314 20.990000
o 6313 20.990000
o 6312 20.990000
o 6308 20.990000
o 6304 21.000000
o 6302 21.000000
o 6301 21.000000
o 6300 21.000000
o 6299 21.000000
o 6298 21.000000
o 6294 21.000000
o 6293 21.000000
o 6254 21.000000
o 6235 21.000000
o 6234 21.000000
o 6233 21.000000
o 6232 21.000000
o 6231 21.000000
o 6230 21.000000
o 6212 21.000000
o 6211 21.000000
o 6210 21.000000
o 6209 21.000000
o 6208 21.000000
o 6207 21.000000
o 6187 21.000000
o 6186 21.000000
o 6185 21.000000
o 6184 21.000000
o 6179 21.000000
o 6178 21.000000
o 6177 21.000000
o 6176 21.010000
o 6138 21.010000
o 6137 21.010000
o 6103 21.010000
o 6102 21.010000
o 6101 21.020000
o 6100 21.020000
o 6099 21.020000
o 6098 21.020000
o 6097 21.020000
o 6091 21.100000
o 6086 21.100000
o 6077 21.100000
o 6076 21.100000
o 6072 21.100000
o 6071 21.120000
o 6060 21.130000
o 6059 21.140000
o 6058 21.140000
o 6057 21.140000
o 6056 21.160000
o 6055 21.160000
o 6051 21.160000
o 6050 21.160000
o 6035 21.180000
o 6034 21.180000
o 6033 21.180000
o 5998 21.180000
o 5956 21.630000
o 5955 21.630000
o 5954 21.630000
o 5947 21.630000
o 5943 21.630000
o 5942 21.630000
o 5941 21.630000
o 5937 21.630000
o 5936 21.630000
o 5931 21.630000
o 5928 21.630000
o 5927 21.630000
o 5926 21.630000
o 5925 21.630000
o 5920 21.630000
o 5916 21.630000
o 5915 21.630000
o 5898 21.630000
o 5897 21.630000
o 5896 21.630000
o 5895 21.630000
o 5894 21.630000
o 5893 21.630000
o 5892 21.630000
o 5891 21.630000
o 5828 21.640000
o 5824 21.640000
o 5823 21.640000
o 5781 21.640000
o 5752 21.640000
o 5751 21.640000
o 5750 21.640000
o 5749 21.640000
o 5748 21.640000
o 5747 21.640000
o 5746 21.640000
o 5745 21.640000
o 5744 21.640000
o 5743 21.640000
o 5742 21.640000
o 5741 21.640000
o 5740 21.640000
o 5739 21.640000
o 5738 21.640000
o 5737 21.640000
o 5736 21.640000
o 5735 21.640000
o 5734 21.640000
o 5703 21.640000
o 5702 21.640000
o 5701 21.640000
o 5700 21.640000
o 5698 21.650000
o 5658 21.650000
o 5623 21.670000
o 5618 21.690000
o 5607 21.710000
o 5601 21.710000
o 5600 21.710000
o 5598 21.710000
o 5597 21.710000
o 5594 21.710000
o 5372 21.710000
o 5371 21.710000
o 5370 21.710000
o 5369 21.720000
o 5368 21.720000
o 5367 21.720000
o 5347 21.720000
o 5300 21.720000
o 5299 21.720000
o 5295 21.720000
o 5294 21.730000
o 5290 21.730000
o 5288 21.730000
o 5283 21.730000
o 5282 21.730000
o 5281 21.740000
o 5280 21.740000
o 5279 21.740000
o 5275 21.740000
o 5273 21.760000
o 5258 21.760000
o 5257 21.760000
o 5252 21.760000
o 5249 21.770000
o 5248 21.770000
o 5247 21.770000
o 5246 21.770000
o 5245 21.780000
o 5230 21.790000
o 5229 21.790000
o 5209 21.790000
o 5208 21.790000
o 5207 21.790000
o 5205 38.410000
o 5204 38.410000
o 5203 38.430000
o 5202 38.440000
o 5201 38.440000
o 5200 38.500000
o 5197 38.500000
o 5196 38.500000
o 5193 38.500000
o 5192 38.510000
o 5191 38.550000
o 5190 38.550000
o 5188 38.560000
o 5187 38.570000
o 5157 38.580000
o 5143 40.420000
o 5142 40.420000
o 5138 40.430000
o 5134 40.440000
o 5133 40.440000
o 5129 40.450000
o 5128 47.540000
o 5127 47.540000
o 5116 47.540000
o 5115 47.540000
o 5111 47.540000
o 5107 47.540000
o 5105 47.540000
o 5100 47.540000
o 5088 47.560000
o 5087 47.560000
o 5084 47.580000
o 5081 47.580000
o 5080 47.580000
o 5076 47.730000
o 5073 47.750000
o 5069 47.750000
o 5056 47.790000
o 5055 47.790000
o 5054 47.790000
o 5037 51.160000
o 5034 51.650000
o 5033 51.650000
o 5032 51.650000
o 5028 51.650000
o 5025 51.720000
o 5024 52.270000
o 5023 52.310000
o 5022 52.310000
o 5021 52.310000
o 5019 52.310000
o 5018 52.320000
o 5017 52.340000
o 5013 52.360000
o 5012 52.380000
o 5011 52.420000
o 5010 52.440000
o 5007 52.450000
o 5005 52.450000
o 5004 52.450000
o 5003 52.630000
o 4990 52.640000
o 4975 53.030000
o 4974 53.030000
o 4973 53.030000
o 4972 53.030000
o 4971 53.040000
o 4970 53.040000
o 4951 53.040000
o 4947 53.040000
o 4943 53.050000
o 4942 53.050000
o 4941 53.050000
o 4940 53.060000
o 4939 53.060000
o 4938 53.060000
o 4937 53.070000
o 4936 53.070000
o 4933 53.150000
o 4932 53.160000
o 4931 53.180000
o 4930 53.190000
o 4917 53.190000
o 4916 53.230000
o 4915 53.230000
o 4914 53.240000
o 4913 53.240000
o 4912 53.270000
o 4911 53.270000
o 4910 53.270000
o 4909 53.270000
o 4908 53.270000
o 4907 53.270000
o 4906 53.270000
o 4905 53.280000
o 4904 53.430000
o 4903 53.430000
o 4902 53.460000
o 4893 56.220000
o 4892 56.220000
o 4891 56.220000
o 4887 56.220000
o 4885 56.220000
o 4884 56.230000
o 4873 56.280000
o 4871 56.340000
o 4870 56.350000
o 4869 56.350000
o 4868 56.400000
o 4862 56.400000
o 4861 56.400000
o 4860 56.740000
o 4859 56.740000
o 4855 56.740000
o 4854 57.110000
o 4853 57.120000
o 4837 57.250000
o 4836 57.250000
o 4805 130.670000
o 4786 131.310000
o 4736 131.310000
o 4735 131.320000
o 4734 131.350000
o 4733 131.350000
o 4732 131.350000
o 4731 131.350000
o 4730 131.350000
o 4729 131.350000
o 4727 131.380000
o 4725 131.380000
o 4724 131.400000
o 4723 131.420000
o 4722 131.430000
o 4721 131.520000
o 4720 131.520000
o 4719 131.520000
o 4692 131.530000
o 4691 131.530000
o 4690 131.530000
o 4689 131.530000
o 4683 143.710000
o 4682 143.710000
o 4681 143.710000
o 4680 143.710000
o 4679 143.710000
o 4678 143.710000
o 4665 143.710000
o 4664 143.710000
o 4663 143.710000
o 4658 144.240000
o 4657 144.240000
o 4656 144.240000
o 4644 144.250000
o 4643 144.250000
o 4642 144.260000
o 4634 144.780000
o 4633 144.790000
o 4632 144.790000
o 4631 144.790000
o 4630 144.790000
o 4629 144.790000
o 4628 144.790000
o 4611 177.660000
o 4610 177.660000
o 4609 177.660000
o 4604 177.670000
o 4600 177.670000
o 4575 177.750000
o 4525 177.750000
o 4522 177.750000
o 4521 177.760000
o 4520 177.900000
o 4519 177.910000
o 4518 177.920000
o 4517 178.030000
o 4511 178.060000
o 4510 178.070000
o 4509 178.120000
o 4508 178.130000
o 4497 178.180000
o 4496 178.250000
o 4495 178.250000
o 4486 178.250000
o 4485 178.250000
o 4484 178.250000
o 4483 178.250000
o 4482 178.250000
o 4468 178.300000
o 4467 178.300000
o 4466 178.300000
o 4465 178.300000
o 4464 178.300000
o 4463 178.300000
o 4459 178.300000
o 4456 178.300000
o 4451 178.300000
o 4447 178.300000
o 4446 178.520000
o 4445 178.530000
o 4444 178.530000
o 4443 178.630000
o 4436 178.640000
4436	178.640000
railway-transport-f2030
o 29526 15.000000
o 29476 15.040000
o 6054 16.520000
o 6035 16.520000
o 6034 16.520000
o 6033 16.520000
o 6032 16.520000
o 6030 16.520000
o 6029 16.520000
o 6028 16.520000
o 6027 16.520000
o 6016 16.520000
o 6015 16.520000
o 6014 16.520000
o 6013 16.520000
o 6012 16.520000
o 6011 16.520000
o 6009 16.520000
o 6008 16.520000
o 6007 16.520000
o 6006 16.520000
o 6005 16.520000
o 6004 16.520000
o 6003 16.520000
o 6001 16.520000
o 6000 16.520000
o 5999 16.520000
o 5997 16.520000
o 5996 16.520000
o 5995 16.520000
o 5994 16.520000
o 5993 16.520000
o 5992 16.520000
o 5977 16.520000
o 5976 16.520000
o 5975 16.520000
o 5974 16.520000
o 5973 16.520000
o 5972 16.520000
o 5971 16.520000
o 5970 16.520000
o 5968 16.520000
o 5967 16.520000
o 5966 16.520000
o 5965 16.520000
o 5964 16.520000
o 5963 16.520000
o 5962 16.520000
o 5960 16.520000
o 5959 16.530000
o 5958 16.530000
o 5957 16.530000
o 5956 16.530000
o 5954 16.530000
o 5953 16.530000
o 5952 16.530000
o 5951 16.530000
o 5950 16.530000
o 5948 16.530000
o 5947 16.530000
o 5946 16.530000
o 5945 16.530000
o 5943 16.530000
o 5941 16.530000
o 5940 16.530000
o 5938 16.530000
o 5937 16.530000
o 5936 16.530000
o 5935 16.530000
o 5934 16.530000
o 5932 16.530000
o 5931 16.530000
o 5929 16.530000
o 5928 16.530000
o 5927 16.530000
o 5925 16.530000
o 5924 16.530000
o 5923 16.530000
o 5922 16.530000
o 5921 16.530000
o 5920 16.530000
o 5915 16.530000
o 5914 16.530000
o 5913 16.530000
o 5912 16.530000
o 5911 16.530000
o 5910 16.530000
o 5908 16.530000
o 5907 16.530000
o 5906 16.530000
o 5905 16.530000
o 5901 16.530000
o 5900 16.540000
o 5899 16.540000
o 5898 16.540000
o 5897 16.540000
o 5896 16.540000
o 5895 16.540000
o 5893 16.540000
o 5892 16.540000
o 5890 16.540000
o 5870 16.540000
o 5866 16.540000
o 5865 16.540000
o 5864 16.540000
o 5860 16.540000
o 5859 16.540000
o 5858 16.540000
o 5854 16.540000
o 5852 16.540000
o 5851 16.540000
o 5849 16.540000
o 5848 16.540000
o 5847 16.540000
o 5846 16.540000
o 5845 16.540000
o 5844 16.540000
o 5843 16.540000
o 5842 16.540000
o 5841 16.540000
o 5840 16.540000
o 5839 16.540000
o 5838 16.540000
o 5837 16.540000
o 5836 16.540000
o 5835 16.540000
o 5834 16.540000
o 5833 16.540000
o 5831 16.540000
o 5830 16.540000
o 5829 16.540000
o 5828 16.540000
o 5807 16.550000
o 5806 16.550000
o 5801 16.550000
o 5800 16.550000
o 5799 16.550000
o 5798 16.550000
o 5797 16.550000
o 5796 16.550000
o 5795 16.550000
o 5794 16.550000
o 5793 16.550000
o 5792 16.550000
o 5791 16.550000
o 5790 16.550000
o 5789 16.550000
o 5788 16.550000
o 5787 16.550000
o 5786 16.550000
o 5785 16.550000
o 5783 16.550000
o 5782 16.550000
o 5781 16.550000
o 5780 16.550000
o 5779 16.550000
o 5778 16.550000
o 5776 16.560000
o 5773 16.560000
o 5769 16.560000
o 5768 16.560000
o 5767 16.560000
o 5763 16.560000
o 5762 16.560000
o 5759 16.560000
o 5758 16.560000
o 5757 16.560000
o 5755 16.560000
o 5754 16.560000
o 5750 16.560000
o 5749 16.560000
o 5742 16.560000
o 5741 16.560000
o 5740 16.560000
o 5739 16.560000
o 5738 16.560000
o 5737 16.560000
o 5736 16.560000
o 5735 16.570000
o 5734 16.570000
o 5731 16.570000
o 5730 16.570000
o 5682 16.580000
o 5681 16.580000
o 5680 16.580000
o 5679 16.580000
o 5678 16.580000
o 5628 16.580000
o 5627 16.580000
o 5626 16.580000
o 5625 16.580000
o 5624 16.580000
o 5623 16.580000
o 5622 16.580000
o 5525 16.590000
o 5524 16.590000
o 5523 16.590000
o 5522 16.590000
o 5519 16.590000
o 5515 16.600000
o 5514 16.600000
o 5510 16.600000
o 5473 16.600000
o 5472 16.600000
o 5471 16.600000
o 5470 16.600000
o 5469 16.600000
o 5468 16.600000
o 5467 16.600000
o 5466 16.600000
o 5465 16.600000
o 5464 16.600000
o 5463 16.600000
o 5462 16.600000
o 5461 16.600000
o 5449 16.610000
o 5448 16.610000
o 5444 16.610000
o 5443 16.610000
o 5442 16.610000
o 5423 16.610000
o 5420 16.610000
o 5416 16.610000
o 5412 16.610000
o 5373 16.610000
o 5365 16.620000
o 5363 16.620000
o 5342 16.620000
o 5322 16.620000
o 5321 16.620000
o 5320 16.620000
o 5319 16.620000
o 5318 16.620000
o 5317 16.620000
o 5316 16.620000
o 5315 16.630000
o 5314 16.630000
o 5313 16.630000
o 5312 16.640000
o 5311 16.640000
o 5310 16.640000
o 5271 16.690000
o 5267 16.700000
o 5265 16.700000
o 5264 16.700000
o 5262 16.700000
o 5261 16.700000
o 5246 16.700000
o 5245 16.720000
o 5244 16.720000
o 5240 16.720000
o 5239 16.720000
o 5238 16.720000
o 5237 16.720000
o 5236 16.720000
o 5234 16.720000
o 5233 16.720000
o 5232 16.720000
o 5231 16.730000
o 5226 16.730000
o 5223 16.730000
o 5218 16.730000
o 5202 16.750000
o 5201 16.750000
o 5200 16.750000
o 5199 16.750000
o 5198 16.750000
o 5197 16.760000
o 5164 16.770000
o 5163 16.770000
o 5162 16.770000
o 5161 16.770000
o 5160 16.770000
o 5147 16.770000
o 5146 16.770000
o 5145 16.790000
o 5144 16.790000
o 5143 16.790000
o 5124 16.790000
o 5123 16.790000
o 5122 16.790000
o 5121 16.790000
o 5089 16.790000
o 5088 16.790000
o 5087 16.790000
o 5062 16.860000
o 5060 16.860000
o 5058 16.860000
o 5056 16.860000
o 5054 16.860000
o 5052 16.860000
o 5045 16.920000
o 5044 16.920000
o 5043 16.920000
o 5042 16.920000
o 5041 16.920000
o 5040 16.920000
o 5039 16.920000
o 5038 16.920000
o 5036 16.940000
o 5028 16.940000
o 5027 16.950000
o 5026 16.950000
o 5025 16.950000
o 5023 16.990000
o 5017 18.050000
o 5016 18.050000
o 5014 18.060000
o 5013 18.060000
o 5012 18.070000
o 5009 18.070000
o 5008 18.070000
o 5007 18.070000
o 5006 18.070000
o 4963 18.080000
o 4961 19.310000
o 4957 19.310000
o 4939 19.320000
o 4935 19.440000
o 4934 19.440000
o 4932 19.440000
o 4931 19.450000
o 4930 19.450000
o 4929 19.450000
o 4928 19.450000
o 4905 19.480000
o 4892 42.900000
o 4843 42.900000
o 4842 42.900000
o 4841 42.910000
o 4840 42.910000
o 4839 42.910000
o 4838 42.910000
o 4808 42.970000
o 4804 42.970000
o 4801 42.970000
o 4800 42.970000
o 4797 42.970000
o 4796 42.970000
o 4786 42.970000
o 4785 42.970000
o 4783 42.970000
o 4781 42.970000
o 4779 42.970000
o 4768 42.990000
o 4766 43.000000
o 4754 43.000000
o 4753 43.000000
o 4735 80.070000
o 4721 80.070000
o 4702 80.070000
o 4700 80.070000
o 4699 80.070000
o 4697 80.070000
o 4695 80.070000
o 4693 80.070000
o 4689 80.070000
o 4688 80.070000
o 4686 80.070000
o 4684 80.070000
o 4683 80.070000
o 4664 80.070000
o 4662 80.070000
o 4643 80.070000
o 4624 80.070000
o 4623 80.070000
o 4621 80.070000
o 4620 80.070000
o 4619 80.070000
o 4618 80.070000
o 4616 80.070000
o 4615 80.070000
o 4614 80.070000
o 4613 80.070000
o 4612 80.070000
o 4599 95.740000
o 4552 95.740000
o 4551 95.740000
o 4550 95.740000
o 4549 95.780000
4549	95.780000
railway-transport-f2030
o 29558 24.220000
o 29538 24.310000
o 6323 36.960000
o 6322 36.960000
o 6321 36.960000
o 6320 36.960000
o 6319 36.960000
o 6318 36.960000
o 6292 36.960000
o 6291 36.960000
o 6290 36.960000
o 6272 36.960000
o 6270 36.960000
o 6269 36.960000
o 6268 36.960000
o 6264 36.960000
o 6263 36.960000
o 6262 36.960000
o 6261 36.960000
o 6260 36.960000
o 6251 36.960000
o 6250 36.960000
o 6244 36.960000
o 6243 36.970000
o 6242 36.970000
o 6240 36.970000
o 6239 36.970000
o 6237 36.970000
o 6232 36.970000
o 6231 36.970000
o 6226 36.970000
o 6216 36.970000
o 6215 36.970000
o 6211 36.970000
o 6207 36.970000
o 6205 36.970000
o 6203 36.970000
o 6202 36.970000
o 6201 36.970000
o 6200 36.970000
o 6192 36.970000
o 6190 36.970000
o 6187 36.970000
o 6186 36.970000
o 6184 36.970000
o 6183 36.970000
o 6181 36.970000
o 6180 36.970000
o 6179 36.970000
o 6169 36.970000
o 6168 36.980000
o 6167 36.980000
o 6166 36.980000
o 6165 36.980000
o 6164 36.980000
o 6163 36.980000
o 6159 36.980000
o 6158 36.980000
o 6118 36.980000
o 6116 36.980000
o 6114 36.980000
o 6113 36.980000
o 6104 36.980000
o 6103 36.980000
o 6101 36.980000
o 6100 36.980000
o 6099 36.980000
o 6098 36.980000
o 6097 36.980000
o 6096 36.980000
o 6095 36.980000
o 6094 36.980000
o 6093 36.980000
o 6092 36.980000
o 6091 36.980000
o 6090 36.980000
o 6089 36.980000
o 6088 36.980000
o 6087 36.980000
o 6073 36.980000
o 6072 36.980000
o 6070 36.980000
o 6069 36.990000
o 6068 36.990000
o 6067 36.990000
o 6066 36.990000
o 6065 36.990000
o 6063 36.990000
o 6061 36.990000
o 6060 36.990000
o 6059 36.990000
o 6057 36.990000
o 6056 36.990000
o 6055 36.990000
o 6054 37.000000
o 6053 37.000000
o 6052 37.000000
o 6044 37.000000
o 6043 37.000000
o 6042 37.000000
o 6041 37.000000
o 6040 37.000000
o 6039 37.000000
o 6035 37.000000
o 6028 37.010000
o 6027 37.010000
o 6026 37.010000
o 6025 37.010000
o 6024 37.010000
o 6023 37.010000
o 6022 37.010000
o 6021 37.010000
o 6018 37.010000
o 6017 37.010000
o 6015 37.010000
o 6014 37.010000
o 6013 37.010000
o 6012 37.010000
o 6011 37.010000
o 6010 37.010000
o 6009 37.010000
o 6008 37.010000
o 6007 37.010000
o 6006 37.010000
o 6005 37.010000
o 6004 37.010000
o 6003 37.010000
o 5954 37.020000
o 5953 37.020000
o 5952 37.020000
o 5951 37.020000
o 5902 37.020000
o 5898 37.020000
o 5897 37.020000
o 5896 37.020000
o 5895 37.020000
o 5894 37.020000
o 5893 37.020000
o 5891 37.030000
o 5890 37.030000
o 5889 37.030000
o 5888 37.030000
o 5887 37.030000
o 5886 37.030000
o 5885 37.030000
o 5884 37.030000
o 5837 37.030000
o 5836 37.040000
o 5835 37.040000
o 5834 37.040000
o 5833 37.040000
o 5829 37.040000
o 5824 37.060000
o 5823 37.060000
o 5820 37.070000
o 5819 37.070000
o 5818 37.070000
o 5817 37.070000
o 5813 37.080000
o 5807 37.080000
o 5791 37.080000
o 5789 37.080000
o 5788 37.080000
o 5787 37.080000
o 5786 37.080000
o 5784 37.090000
o 5783 37.090000
o 5779 37.090000
o 5778 37.090000
o 5777 37.090000
o 5776 37.090000
o 5774 37.090000
o 5770 37.090000
o 5769 37.090000
o 5768 37.090000
o 5767 37.090000
o 5766 37.090000
o 5765 37.090000
o 5764 37.090000
o 5763 37.090000
o 5743 37.100000
o 5742 37.100000
o 5741 37.100000
o 5740 37.100000
o 5715 39.590000
o 5714 39.590000
o 5713 39.590000
o 5712 39.590000
o 5711 39.590000
o 5672 39.590000
o 5671 39.590000
o 5670 39.590000
o 5620 39.590000
o 5619 39.590000
o 5618 39.590000
o 5616 39.590000
o 5615 39.590000
o 5515 39.590000
o 5514 39.590000
o 5512 39.600000
o 5511 39.600000
o 5510 39.600000
o 5509 39.600000
o 5508 39.600000
o 5489 39.600000
o 5488 39.600000
o 5487 39.600000
o 5486 39.600000
o 5485 39.600000
o 5483 39.600000
o 5479 39.600000
o 5478 39.600000
o 5477 39.600000
o 5476 39.600000
o 5475 39.600000
o 5474 39.600000
o 5473 39.600000
o 5468 39.600000
o 5467 39.600000
o 5466 39.600000
o 5465 39.600000
o 5464 39.600000
o 5463 39.600000
o 5462 39.600000
o 5461 39.600000
o 5460 39.600000
o 5459 39.600000
o 5458 39.600000
o 5457 39.600000
o 5456 39.600000
o 5455 39.600000
o 5454 39.600000
o 5453 39.600000
o 5452 39.600000
o 5451 39.600000
o 5450 39.600000
o 5449 39.600000
o 5448 39.600000
o 5447 39.600000
o 5446 39.600000
o 5445 39.600000
o 5444 39.600000
o 5443 39.600000
o 5442 39.600000
o 5441 39.600000
o 5440 39.600000
o 5439 39.610000
o 5438 39.610000
o 5436 39.610000
o 5432 39.610000
o 5431 39.610000
o 5430 39.610000
o 5429 39.610000
o 5428 39.610000
o 5427 39.610000
o 5423 39.610000
o 5422 39.610000
o 5421 39.610000
o 5419 39.620000
o 5418 39.620000
o 5417 39.620000
o 5416 39.620000
o 5415 39.620000
o 5405 39.620000
o 5401 39.620000
o 5351 39.620000
o 5301 39.620000
o 5300 39.620000
o 5296 39.620000
o 5295 39.620000
o 5292 39.620000
o 5291 39.620000
o 5290 39.620000
o 5289 39.620000
o 5222 39.640000
o 5221 39.640000
o 5220 39.640000
o 5219 39.650000
o 5200 39.650000
o 5164 39.650000
o 5163 39.650000
o 5160 39.650000
o 5159 39.650000
o 5156 39.660000
o 5155 39.660000
o 5154 39.700000
o 5153 39.710000
o 5152 39.710000
o 5148 39.710000
o 5145 39.770000
o 5144 39.780000
o 5140 39.780000
o 5136 39.800000
o 5135 39.800000
o 5134 39.800000
o 5130 39.810000
o 5129 39.830000
o 5123 39.830000
o 5122 39.830000
o 5121 39.830000
o 5120 39.830000
o 5119 39.830000
o 5118 39.830000
o 5114 39.830000
o 5113 39.840000
o 5112 39.840000
o 5103 39.850000
o 5102 39.850000
o 5101 39.850000
o 5093 39.860000
o 5092 39.860000
o 5091 39.860000
o 5090 39.860000
o 5086 39.860000
o 5085 39.860000
o 5064 39.930000
o 5063 39.930000
o 5062 39.930000
o 5019 39.940000
o 4970 39.940000
o 4969 39.940000
o 4965 39.940000
o 4964 39.940000
o 4958 39.950000
o 4955 41.290000
o 4954 41.290000
o 4952 41.290000
o 4951 41.290000
o 4949 41.300000
o 4948 41.300000
o 4932 41.340000
o 4931 42.140000
o 4930 42.140000
o 4923 42.140000
o 4921 42.140000
o 4918 42.180000
o 4917 42.180000
o 4916 42.180000
o 4915 42.180000
o 4911 42.190000
o 4910 42.190000
o 4909 42.200000
o 4880 42.200000
o 4879 42.200000
o 4878 42.200000
o 4877 42.200000
o 4874 42.200000
o 4860 42.360000
o 4845 42.370000
o 4843 42.680000
o 4842 42.680000
o 4841 42.690000
o 4840 42.690000
o 4826 42.690000
o 4825 42.690000
o 4821 42.690000
o 4820 42.690000
o 4819 42.690000
o 4815 42.690000
o 4810 42.740000
o 4809 42.740000
o 4808 42.740000
o 4804 42.740000
o 4802 42.750000
o 4801 42.750000
o 4800 42.770000
o 4797 44.470000
o 4796 44.470000
o 4795 44.470000
o 4794 44.470000
o 4790 44.470000
o 4789 44.470000
o 4785 44.480000
o 4784 44.480000
o 4782 44.490000
o 4781 44.530000
o 4780 44.530000
o 4779 44.530000
o 4778 44.580000
o 4777 44.590000
o 4776 44.600000
o 4772 44.620000
o 4771 44.640000
o 4764 45.450000
o 4763 45.450000
o 4762 45.450000
o 4758 45.460000
o 4754 45.460000
o 4715 45.520000
o 4714 45.520000
o 4713 45.520000
o 4694 45.520000
o 4691 45.530000
o 4686 45.530000
o 4675 45.800000
o 4674 45.800000
o 4673 45.830000
o 4661 45.900000
o 4660 45.920000
o 4659 45.920000
o 4658 45.920000
o 4657 45.930000
o 4656 45.930000
o 4655 45.940000
o 4654 45.940000
o 4650 45.940000
o 4649 45.950000
o 4648 45.950000
o 4646 46.090000
o 4633 46.110000
o 4632 46.110000
o 4631 46.120000
o 4628 46.120000
o 4627 46.120000
o 4625 46.120000
o 4624 46.120000
o 4623 46.120000
o 4622 46.120000
o 4618 46.120000
o 4617 46.120000
o 4615 46.120000
o 4614 46.120000
o 4610 46.120000
o 4609 46.120000
o 4608 46.120000
o 4607 46.150000
o 4606 46.150000
o 4605 46.160000
o 4602 47.090000
o 4601 47.100000
4601	47.100000
railway-transport-f2030
o 29190 3.630000
o 29170 3.710000
o 29150 3.710000
o 29130 3.710000
o 5124 4.760000
o 5119 4.760000
o 5118 4.760000
o 5117 4.760000
o 5116 4.760000
o 5114 4.760000
o 5110 4.760000
o 5108 4.760000
o 5107 4.760000
o 5106 4.760000
o 5105 4.760000
o 5103 4.760000
o 5102 4.770000
o 5101 4.770000
o 5100 4.770000
o 5099 4.770000
o 5095 4.770000
o 5094 4.770000
o 5092 4.770000
o 5091 4.770000
o 5089 4.770000
o 5081 4.770000
o 5080 4.770000
o 5071 4.770000
o 5068 4.770000
o 5066 4.770000
o 5065 4.770000
o 5064 4.770000
o 5063 4.770000
o 5038 4.770000
o 5037 4.770000
o 5024 4.770000
o 5023 4.770000
o 5020 4.770000
o 5018 4.770000
o 5017 4.770000
o 5016 4.770000
o 5015 4.770000
o 5014 4.770000
o 5013 4.770000
o 5011 4.770000
o 5010 4.780000
o 5009 4.780000
o 5004 4.780000
o 5003 4.780000
o 5001 4.780000
o 5000 4.780000
o 4999 4.780000
o 4998 4.780000
o 4997 4.780000
o 4996 4.780000
o 4995 4.780000
o 4994 4.780000
o 4992 4.780000
o 4991 4.780000
o 4990 4.780000
o 4989 4.780000
o 4988 4.780000
o 4987 4.780000
o 4986 4.780000
o 4985 4.780000
o 4984 4.780000
o 4980 4.780000
o 4976 4.780000
o 4975 4.780000
o 4974 4.780000
o 4972 4.780000
o 4957 4.780000
o 4956 4.780000
o 4952 4.780000
o 4951 4.780000
o 4950 4.780000
o 4949 4.780000
o 4948 4.780000
o 4940 4.780000
o 4938 4.780000
o 4937 4.780000
o 4934 4.780000
o 4933 4.780000
o 4921 4.780000
o 4919 4.790000
o 4918 4.790000
o 4917 4.790000
o 4916 4.790000
o 4915 4.790000
o 4911 4.790000
o 4907 4.790000
o 4906 4.790000
o 4903 4.790000
o 4902 4.800000
o 4899 4.810000
o 4898 4.810000
o 4897 4.810000
o 4851 4.810000
o 4850 4.810000
o 4849 4.810000
o 4848 4.810000
o 4847 4.810000
o 4846 4.810000
o 4830 4.820000
o 4829 4.820000
o 4828 4.820000
o 4814 4.830000
o 4813 4.830000
o 4806 4.830000
o 4805 4.840000
o 4792 4.840000
o 4790 4.840000
o 4783 4.840000
o 4782 4.840000
o 4781 4.840000
o 4780 4.840000
o 4779 4.840000
o 4775 4.840000
o 4757 4.850000
o 4755 4.850000
o 4750 4.850000
o 4749 4.850000
o 4748 4.850000
o 4747 4.860000
o 4746 4.860000
o 4745 4.860000
o 4739 4.910000
o 4738 4.910000
o 4734 4.910000
o 4733 4.910000
o 4728 5.350000
o 4727 5.360000
o 4725 5.360000
o 4724 5.360000
o 4723 5.360000
o 4706 5.370000
o 4686 5.370000
o 4683 5.370000
o 4682 5.380000
o 4681 5.380000
o 4680 5.380000
o 4679 5.380000
o 4678 5.410000
o 4650 5.420000
o 4648 5.420000
o 4646 5.420000
o 4644 5.420000
o 4642 5.420000
o 4640 5.420000
o 4638 5.420000
o 4635 5.420000
o 4599 5.420000
o 4597 5.420000
o 4596 5.440000
o 4593 5.450000
o 4590 5.450000
o 4585 5.450000
o 4584 5.450000
o 4583 5.450000
o 4582 5.450000
o 4580 5.460000
o 4579 5.460000
o 4578 5.460000
o 4577 182.460000
o 4576 182.470000
o 4568 182.470000
4568	182.470000
railway-transport-f2030
o 29493 67.390000
o 6186 70.640000
o 6156 70.640000
o 6137 70.640000
o 6103 70.640000
o 6082 70.640000
o 6081 70.640000
o 6080 70.640000
o 6079 70.640000
o 6060 70.640000
o 6030 70.640000
o 6026 70.640000
o 6025 70.640000
o 5995 70.640000
o 5994 70.640000
o 5981 70.640000
o 5980 70.640000
o 5961 70.640000
o 5960 70.640000
o 5959 70.650000
o 5940 70.650000
o 5938 70.650000
o 5934 70.650000
o 5933 70.650000
o 5932 70.650000
o 5923 70.650000
o 5922 70.650000
o 5920 70.650000
o 5919 70.650000
o 5915 70.650000
o 5914 70.650000
o 5913 70.650000
o 5912 70.650000
o 5911 70.650000
o 5903 70.650000
o 5902 70.650000
o 5899 70.650000
o 5898 70.650000
o 5897 70.650000
o 5893 70.650000
o 5891 70.650000
o 5890 70.650000
o 5888 70.650000
o 5887 70.650000
o 5886 70.650000
o 5885 70.650000
o 5884 70.650000
o 5881 70.650000
o 5880 70.650000
o 5878 70.650000
o 5876 70.650000
o 5856 70.650000
o 5855 70.650000
o 5854 70.650000
o 5853 70.660000
o 5852 70.660000
o 5851 70.660000
o 5850 70.660000
o 5849 70.660000
o 5845 70.660000
o 5844 70.660000
o 5843 70.660000
o 5842 70.660000
o 5841 70.660000
o 5840 70.660000
o 5830 70.660000
o 5829 70.660000
o 5828 70.660000
o 5819 70.660000
o 5816 70.660000
o 5815 70.660000
o 5814 70.660000
o 5813 70.660000
o 5812 70.660000
o 5811 70.660000
o 5810 70.660000
o 5809 70.660000
o 5806 70.660000
o 5805 70.660000
o 5804 70.660000
o 5803 70.660000
o 5802 70.660000
o 5799 70.660000
o 5797 70.660000
o 5796 70.660000
o 5794 70.670000
o 5793 70.670000
o 5792 70.670000
o 5791 70.670000
o 5790 70.670000
o 5788 70.670000
o 5786 70.670000
o 5785 70.670000
o 5784 70.670000
o 5783 70.670000
o 5782 70.670000
o 5780 70.670000
o 5779 70.670000
o 5778 70.680000
o 5777 70.680000
o 5776 70.680000
o 5775 70.680000
o 5774 70.680000
o 5773 70.680000
o 5772 70.680000
o 5742 70.680000
o 5741 70.680000
o 5740 70.680000
o 5739 70.680000
o 5738 70.680000
o 5737 70.680000
o 5736 70.680000
o 5735 70.680000
o 5734 70.680000
o 5733 70.680000
o 5732 70.680000
o 5731 70.680000
o 5730 70.690000
o 5729 70.690000
o 5725 70.690000
o 5724 70.690000
o 5723 70.690000
o 5722 70.690000
o 5721 70.690000
o 5719 70.690000
o 5718 70.690000
o 5716 70.690000
o 5715 70.690000
o 5714 70.690000
o 5713 70.690000
o 5709 70.690000
o 5708 70.700000
o 5706 70.700000
o 5687 70.700000
o 5686 70.700000
o 5679 70.700000
o 5675 70.700000
o 5671 70.700000
o 5667 70.700000
o 5666 70.700000
o 5665 70.700000
o 5664 70.710000
o 5663 70.710000
o 5662 70.710000
o 5658 70.710000
o 5657 70.710000
o 5653 70.710000
o 5652 70.710000
o 5651 70.710000
o 5647 70.710000
o 5646 70.710000
o 5645 70.710000
o 5644 70.710000
o 5643 70.710000
o 5642 70.710000
o 5641 70.710000
o 5640 70.710000
o 5639 70.710000
o 5638 70.710000
o 5637 70.710000
o 5636 70.710000
o 5634 70.730000
o 5629 70.730000
o 5621 70.730000
o 5620 70.730000
o 5618 70.740000
o 5617 70.740000
o 5616 70.740000
o 5612 70.750000
o 5611 70.750000
o 5601 70.750000
o 5597 70.750000
o 5596 70.750000
o 5593 70.750000
o 5592 70.750000
o 5591 70.750000
o 5589 70.750000
o 5588 70.750000
o 5587 70.750000
o 5586 70.750000
o 5585 70.760000
o 5584 70.760000
o 5583 70.760000
o 5582 70.760000
o 5581 70.760000
o 5579 70.760000
o 5578 70.760000
o 5576 70.760000
o 5573 70.760000
o 5570 70.760000
o 5569 70.760000
o 5568 70.760000
o 5565 70.770000
o 5550 70.790000
o 5549 70.790000
o 5548 70.790000
o 5547 70.800000
o 5543 70.800000
o 5535 70.800000
o 5534 70.810000
o 5533 70.810000
o 5532 70.810000
o 5531 70.810000
o 5530 70.810000
o 5529 70.810000
o 5528 70.820000
o 5524 70.820000
o 5523 70.820000
o 5522 70.820000
o 5514 70.830000
o 5513 70.830000
o 5512 70.830000
o 5511 70.830000
o 5507 70.830000
o 5502 70.840000
o 5498 70.840000
o 5493 70.840000
o 5492 70.840000
o 5491 70.840000
o 5402 71.220000
o 5401 71.220000
o 5381 71.220000
o 5361 71.220000
o 5354 71.220000
o 5353 71.220000
o 5352 71.220000
o 5344 71.250000
o 5343 71.250000
o 5301 71.270000
o 5300 71.270000
o 5299 71.280000
o 5256 71.280000
o 5217 71.380000
o 5216 71.380000
o 5215 71.380000
o 5207 71.560000
o 5196 71.560000
o 5195 71.560000
o 5156 71.590000
o 5137 71.650000
o 5136 71.650000
o 5135 71.650000
o 5133 71.650000
o 5132 71.650000
o 5129 71.650000
o 5128 71.650000
o 5127 71.650000
o 5126 71.660000
o 5124 71.660000
o 5112 71.660000
o 5111 71.660000
o 5108 71.780000
o 5082 71.780000
o 5078 71.780000
o 5077 71.800000
o 5076 71.800000
o 5075 71.800000
o 5074 71.800000
o 5073 71.800000
o 5072 71.800000
o 5071 71.800000
o 5069 71.800000
o 5059 71.810000
o 5058 71.810000
o 5057 71.810000
o 5056 71.810000
o 5007 71.820000
o 5006 71.820000
o 4978 71.830000
o 4976 71.830000
o 4974 71.830000
o 4972 71.830000
o 4970 71.830000
o 4969 71.830000
o 4966 71.830000
o 4917 71.830000
o 4916 71.830000
o 4915 71.830000
o 4914 71.850000
o 4912 71.860000
o 4911 71.860000
o 4908 71.860000
o 4907 71.870000
o 4906 71.870000
o 4904 75.670000
o 4903 75.670000
o 4902 75.670000
o 4901 75.670000
o 4900 75.670000
o 4899 75.670000
o 4895 75.670000
o 4894 75.670000
o 4893 75.670000
o 4889 75.680000
o 4888 75.680000
o 4886 75.680000
o 4885 75.680000
o 4880 76.190000
o 4879 76.190000
o 4878 76.190000
o 4877 76.190000
o 4865 76.190000
o 4864 76.190000
o 4863 76.190000
o 4862 76.200000
o 4861 76.200000
o 4860 76.200000
o 4859 76.200000
o 4858 76.200000
o 4857 76.210000
o 4856 76.210000
o 4855 76.210000
o 4854 76.210000
o 4853 76.290000
o 4851 76.320000
o 4801 76.320000
o 4795 85.090000
o 4794 85.090000
o 4793 85.100000
o 4792 85.100000
o 4788 85.100000
o 4787 85.110000
o 4786 85.110000
o 4785 85.110000
o 4784 85.130000
o 4783 85.130000
o 4780 85.130000
o 4779 85.130000
o 4778 85.140000
o 4777 85.140000
o 4774 85.140000
o 4762 85.200000
o 4761 85.200000
o 4760 85.200000
o 4759 85.200000
o 4758 85.200000
o 4757 85.200000
o 4745 85.200000
o 4744 85.230000
o 4743 85.270000
o 4729 85.300000
o 4726 85.300000
o 4725 85.320000
o 4650 85.340000
o 4600 85.340000
o 4597 85.350000
o 4589 85.360000
o 4588 85.360000
o 4577 85.400000
o 4575 85.400000
o 4574 85.420000
o 4573 85.470000
o 4569 85.470000
o 4565 85.470000
o 4561 85.640000
o 4557 85.640000
o 4556 85.640000
o 4555 85.640000
o 4554 85.760000
o 4553 85.760000
o 4552 85.760000
o 4551 85.760000
o 4548 85.770000
o 4547 85.770000
o 4546 85.770000
o 4542 85.770000
o 4541 85.770000
o 4540 85.790000
o 4539 86.250000
o 4538 86.250000
o 4535 86.270000
o 4534 86.270000
o 4533 86.280000
o 4532 86.290000
o 4528 86.290000
o 4525 86.300000
4525	86.300000
railway-transport-f2030
o 29422 26.240000
o 6519 29.420000
o 6470 29.420000
o 6370 29.420000
o 6330 29.420000
o 6329 29.420000
o 6328 29.420000
o 6327 29.420000
o 6177 29.420000
o 6175 29.420000
o 6174 29.420000
o 6172 29.420000
o 6171 29.420000
o 6170 29.420000
o 6168 29.420000
o 6167 29.420000
o 6166 29.420000
o 6165 29.420000
o 6164 29.420000
o 6163 29.420000
o 6162 29.420000
o 6161 29.420000
o 6160 29.420000
o 6159 29.420000
o 6158 29.420000
o 6156 29.420000
o 6155 29.420000
o 6154 29.420000
o 6153 29.420000
o 6152 29.420000
o 6151 29.420000
o 6149 29.420000
o 6147 29.420000
o 6146 29.420000
o 6145 29.420000
o 6144 29.420000
o 6143 29.420000
o 6123 29.420000
o 6122 29.430000
o 6121 29.430000
o 6120 29.430000
o 6119 29.430000
o 6118 29.430000
o 6117 29.430000
o 6116 29.430000
o 6115 29.430000
o 6114 29.430000
o 6113 29.430000
o 6093 29.430000
o 6092 29.430000
o 6091 29.430000
o 6090 29.430000
o 6089 29.430000
o 6088 29.430000
o 6087 29.430000
o 6086 29.430000
o 6080 29.430000
o 6079 29.430000
o 6078 29.430000
o 6077 29.430000
o 6076 29.430000
o 6074 29.430000
o 6073 29.430000
o 6072 29.430000
o 6068 29.430000
o 6067 29.430000
o 6066 29.430000
o 6065 29.430000
o 6064 29.430000
o 6060 29.430000
o 6059 29.430000
o 6058 29.430000
o 6057 29.430000
o 6055 29.430000
o 6054 29.430000
o 6052 29.430000
o 6051 29.430000
o 6050 29.430000
o 6049 29.430000
o 6048 29.430000
o 6047 29.430000
o 6046 29.430000
o 6045 29.440000
o 6044 29.440000
o 6043 29.440000
o 6042 29.440000
o 6041 29.440000
o 6040 29.440000
o 6039 29.440000
o 6019 29.440000
o 5999 29.440000
o 5998 29.440000
o 5997 29.440000
o 5996 29.440000
o 5976 29.440000
o 5975 29.440000
o 5974 29.440000
o 5973 29.440000
o 5972 29.440000
o 5971 29.440000
o 5970 29.440000
o 5969 29.440000
o 5967 29.440000
o 5965 29.440000
o 5964 29.440000
o 5960 29.440000
o 5949 29.440000
o 5948 29.440000
o 5947 29.440000
o 5936 29.440000
o 5935 29.440000
o 5934 29.440000
o 5933 29.440000
o 5932 29.440000
o 5930 29.440000
o 5929 29.440000
o 5927 29.440000
o 5925 29.440000
o 5924 29.440000
o 5923 29.440000
o 5922 29.440000
o 5921 29.440000
o 5920 29.440000
o 5919 29.440000
o 5918 29.440000
o 5917 29.440000
o 5916 29.440000
o 5914 29.440000
o 5913 29.450000
o 5912 29.450000
o 5902 29.450000
o 5901 29.450000
o 5900 29.450000
o 5881 29.450000
o 5880 29.450000
o 5879 29.450000
o 5878 29.450000
o 5877 29.450000
o 5876 29.450000
o 5875 29.450000
o 5874 29.450000
o 5873 29.450000
o 5747 29.450000
o 5745 29.450000
o 5705 29.450000
o 5704 29.460000
o 5703 29.460000
o 5702 29.460000
o 5701 29.460000
o 5700 29.460000
o 5699 29.460000
o 5698 29.460000
o 5697 29.460000
o 5696 29.460000
o 5695 29.460000
o 5647 29.460000
o 5646 29.460000
o 5645 29.460000
o 5644 29.460000
o 5643 29.470000
o 5642 29.470000
o 5641 29.470000
o 5640 29.470000
o 5639 29.470000
o 5638 29.470000
o 5637 29.470000
o 5636 29.470000
o 5635 29.470000
o 5634 29.470000
o 5633 29.470000
o 5632 29.470000
o 5631 29.470000
o 5630 29.470000
o 5629 29.470000
o 5628 29.470000
o 5624 29.470000
o 5623 29.470000
o 5622 29.470000
o 5604 29.470000
o 5584 29.470000
o 5583 29.470000
o 5582 29.470000
o 5581 29.470000
o 5580 29.470000
o 5579 29.470000
o 5578 29.470000
o 5577 29.470000
o 5576 29.470000
o 5575 29.470000
o 5574 29.470000
o 5573 29.480000
o 5572 29.480000
o 5571 29.480000
o 5570 29.480000
o 5569 29.480000
o 5568 29.480000
o 5567 29.480000
o 5563 29.480000
o 5562 29.480000
o 5561 29.480000
o 5560 29.480000
o 5559 29.480000
o 5558 29.480000
o 5557 29.480000
o 5556 29.480000
o 5555 29.480000
o 5554 29.480000
o 5552 29.480000
o 5548 29.480000
o 5547 29.480000
o 5546 29.480000
o 5545 29.480000
o 5544 29.480000
o 5543 29.490000
o 5542 29.490000
o 5541 29.490000
o 5540 29.490000
o 5539 29.490000
o 5538 29.490000
o 5525 29.520000
o 5523 29.520000
o 5522 29.520000
o 5521 29.520000
o 5520 29.520000
o 5518 29.520000
o 5511 29.530000
o 5510 29.530000
o 5506 29.530000
o 5505 29.530000
o 5502 29.540000
o 5501 29.550000
o 5500 29.550000
o 5496 29.550000
o 5491 29.550000
o 5481 29.560000
o 5478 29.560000
o 5477 29.560000
o 5473 29.560000
o 5472 29.560000
o 5471 29.560000
o 5470 29.560000
o 5469 29.560000
o 5468 29.560000
o 5467 29.560000
o 5445 29.560000
o 5435 29.560000
o 5434 29.560000
o 5433 29.560000
o 5432 29.560000
o 5431 29.560000
o 5430 29.570000
o 5412 29.570000
o 5408 29.570000
o 5407 29.570000
o 5406 29.570000
o 5405 29.580000
o 5401 29.580000
o 5399 29.590000
o 5396 29.590000
o 5393 29.590000
o 5350 29.600000
o 5349 29.600000
o 5348 29.600000
o 5346 29.600000
o 5345 29.600000
o 5344 29.600000
o 5343 29.600000
o 5339 29.600000
o 5338 29.610000
o 5335 29.610000
o 5334 29.610000
o 5330 29.610000
o 5329 29.610000
o 5325 29.610000
o 5324 29.610000
o 5323 29.620000
o 5266 29.620000
o 5265 29.620000
o 5264 29.620000
o 5263 29.620000
o 5252 29.670000
o 5246 29.670000
o 5243 29.670000
o 5224 29.670000
o 5223 29.670000
o 5222 29.720000
o 5221 29.720000
o 5220 29.720000
o 5216 29.740000
o 5211 29.760000
o 5210 29.760000
o 5197 29.760000
o 5196 29.760000
o 5195 29.760000
o 5194 29.760000
o 5193 29.760000
o 5192 29.760000
o 5191 29.760000
o 5190 29.760000
o 5189 29.760000
o 5188 29.760000
o 5187 29.760000
o 5186 29.760000
o 5182 29.760000
o 5181 29.760000
o 5178 29.760000
o 5177 29.760000
o 5176 29.770000
o 5175 29.770000
o 5174 29.770000
o 5173 29.770000
o 5172 29.770000
o 5171 29.770000
o 5168 29.770000
o 5120 29.800000
o 5117 29.810000
o 5112 29.810000
o 5111 29.810000
o 5110 29.810000
o 5109 29.810000
o 5058 29.840000
o 5057 29.840000
o 5056 29.840000
o 5049 29.850000
o 5046 29.870000
o 5045 29.870000
o 5044 29.870000
o 5043 29.870000
o 5040 29.870000
o 5039 29.870000
o 5038 29.880000
o 5037 29.880000
o 5036 29.890000
o 5032 29.890000
o 5030 29.890000
o 5029 29.930000
o 5018 30.050000
o 5017 30.050000
o 5016 30.050000
o 5015 30.060000
o 5011 33.890000
o 5010 33.890000
o 5008 33.900000
o 5007 33.900000
o 5005 91.920000
o 4992 91.920000
o 4991 91.920000
o 4990 91.920000
o 4897 91.920000
o 4797 91.920000
o 4796 91.920000
o 4795 91.920000
o 4794 91.920000
o 4790 91.930000
o 4770 91.930000
o 4769 91.930000
o 4767 91.930000
o 4766 91.930000
o 4765 91.930000
o 4764 91.930000
o 4675 92.340000
o 4656 172.310000
o 4652 172.310000
o 4636 172.310000
o 4597 172.500000
o 4596 172.500000
o 4592 172.500000
o 4591 172.510000
o 4574 173.380000
o 4570 173.410000
o 4569 173.410000
o 4531 173.410000
o 4530 173.410000
o 4529 173.540000
o 4528 173.540000
o 4526 176.870000
o 4525 176.870000
o 4521 176.870000
o 4513 177.010000
o 4512 177.080000
o 4510 177.100000
o 4504 184.580000
o 4502 193.590000
o 4499 193.610000
4499	193.610000
railway-transport-f2030
o 29460 26.410000
o 7758 29.890000
o 7757 29.890000
o 7737 29.890000
o 7698 29.890000
o 7697 29.900000
o 7678 29.900000
o 7628 29.900000
o 7627 29.900000
o 7626 29.900000
o 7624 29.900000
o 7623 29.900000
o 7622 29.900000
o 7612 29.900000
o 7592 29.900000
o 7572 29.900000
o 7552 29.900000
o 7551 29.900000
o 7550 29.900000
o 7549 29.900000
o 7548 29.900000
o 7547 29.900000
o 7546 29.900000
o 7545 29.900000
o 7544 29.900000
o 7524 29.900000
o 7504 29.900000
o 7502 29.900000
o 7501 29.900000
o 7500 29.900000
o 7498 29.900000
o 7478 29.900000
o 7477 29.900000
o 7437 29.900000
o 7435 29.900000
o 7433 29.900000
o 7432 29.900000
o 7431 29.900000
o 7430 29.900000
o 7429 29.900000
o 7428 29.900000
o 7427 29.900000
o 7426 29.900000
o 7425 29.900000
o 7424 29.900000
o 7423 29.900000
o 7422 29.900000
o 7402 29.900000
o 7401 29.900000
o 7400 29.900000
o 7399 29.900000
o 7398 29.900000
o 7396 29.900000
o 7395 29.900000
o 7394 29.900000
o 7392 29.900000
o 7390 29.900000
o 7389 29.900000
o 7384 29.910000
o 7381 29.910000
o 7380 29.910000
o 7379 29.910000
o 7378 29.910000
o 7358 29.910000
o 7356 29.910000
o 7355 29.910000
o 7353 29.910000
o 7352 29.910000
o 7351 29.910000
o 7350 29.910000
o 7349 29.910000
o 7347 29.910000
o 7335 29.910000
o 7334 29.910000
o 7333 29.910000
o 7253 29.910000
o 7210 29.920000
o 7209 29.920000
o 7208 29.920000
o 7207 29.920000
o 7206 29.930000
o 7187 29.930000
o 7186 29.930000
o 7185 29.930000
o 7184 29.930000
o 7183 29.930000
o 7148 29.930000
o 7147 29.930000
o 7143 29.930000
o 7142 29.930000
o 7141 29.930000
o 7140 29.930000
o 7138 29.930000
o 7137 29.930000
o 7136 29.930000
o 7135 29.930000
o 7134 29.930000
o 7133 29.930000
o 7132 29.930000
o 7131 29.930000
o 7130 29.930000
o 7129 29.930000
o 7128 29.930000
o 7127 29.930000
o 7126 29.930000
o 7125 29.930000
o 7124 29.930000
o 7123 29.930000
o 7122 29.930000
o 7121 29.930000
o 7120 29.930000
o 7119 29.930000
o 7118 29.930000
o 7115 29.930000
o 7114 29.930000
o 7113 29.930000
o 7112 29.930000
o 7111 29.930000
o 7110 29.930000
o 7109 29.930000
o 7108 29.930000
o 7107 29.930000
o 7106 29.930000
o 7084 29.940000
o 7083 29.940000
o 7081 29.940000
o 7005 29.940000
o 7004 29.940000
o 7003 29.940000
o 7002 29.940000
o 7001 29.940000
o 7000 29.940000
o 6999 29.940000
o 6957 29.940000
o 6956 29.940000
o 6955 29.940000
o 6954 29.940000
o 6952 29.940000
o 6951 29.940000
o 6950 29.940000
o 6949 29.940000
o 6945 29.940000
o 6944 29.940000
o 6924 29.940000
o 6923 29.940000
o 6903 29.940000
o 6894 29.940000
o 6884 29.940000
o 6883 29.940000
o 6882 29.940000
o 6878 29.940000
o 6875 29.950000
o 6874 29.950000
o 6873 29.950000
o 6872 29.950000
o 6871 29.950000
o 6868 29.950000
o 6854 29.950000
o 6853 29.950000
o 6852 29.950000
o 6851 29.950000
o 6850 29.950000
o 6848 29.950000
o 6847 29.950000
o 6846 29.950000
o 6845 29.950000
o 6844 29.950000
o 6843 29.950000
o 6842 29.950000
o 6841 29.980000
o 6839 29.980000
o 6838 29.980000
o 6837 29.980000
o 6836 29.980000
o 6835 29.980000
o 6834 29.980000
o 6833 29.980000
o 6832 29.980000
o 6831 30.000000
o 6817 30.040000
o 6797 30.040000
o 6796 30.040000
o 6795 30.040000
o 6794 30.040000
o 6793 30.050000
o 6791 30.060000
o 6781 30.060000
o 6780 30.060000
o 6779 30.060000
o 6778 30.080000
o 5599 33.990000
o 5598 33.990000
o 5597 33.990000
o 5595 33.990000
o 5594 33.990000
o 5593 33.990000
o 5591 33.990000
o 5590 33.990000
o 5589 33.990000
o 5588 33.990000
o 5587 33.990000
o 5567 33.990000
o 5565 33.990000
o 5563 33.990000
o 5561 33.990000
o 5557 33.990000
o 5553 33.990000
o 5552 33.990000
o 5547 33.990000
o 5546 33.990000
o 5545 33.990000
o 5543 33.990000
o 5542 33.990000
o 5540 33.990000
o 5539 33.990000
o 5538 33.990000
o 5537 33.990000
o 5536 33.990000
o 5535 33.990000
o 5534 33.990000
o 5533 33.990000
o 5532 33.990000
o 5531 33.990000
o 5530 33.990000
o 5529 33.990000
o 5528 33.990000
o 5527 33.990000
o 5526 33.990000
o 5525 34.000000
o 5524 34.000000
o 5523 34.000000
o 5521 34.000000
o 5520 34.000000
o 5519 34.000000
o 5518 34.000000
o 5517 34.000000
o 5516 34.000000
o 5515 34.000000
o 5514 34.000000
o 5513 34.000000
o 5511 34.000000
o 5509 34.000000
o 5508 34.000000
o 5507 34.000000
o 5506 34.000000
o 5505 34.000000
o 5504 34.000000
o 5484 34.000000
o 5483 34.000000
o 5482 34.000000
o 5481 34.000000
o 5477 34.000000
o 5476 34.000000
o 5475 34.000000
o 5474 34.000000
o 5473 34.000000
o 5472 34.000000
o 5471 34.000000
o 5470 34.000000
o 5469 34.000000
o 5449 34.000000
o 5448 34.000000
o 5431 34.000000
o 5430 34.000000
o 5420 34.000000
o 5419 34.000000
o 5418 34.000000
o 5417 34.000000
o 5413 34.000000
o 5410 34.000000
o 5409 34.000000
o 5408 34.000000
o 5407 34.000000
o 5387 34.000000
o 5384 34.000000
o 5383 34.000000
o 5382 34.000000
o 5381 34.000000
o 5361 34.000000
o 5360 34.000000
o 5359 34.000000
o 5358 34.000000
o 5357 34.000000
o 5356 34.010000
o 5355 34.010000
o 5354 34.010000
o 5353 34.010000
o 5350 34.010000
o 5349 34.010000
o 5311 34.010000
o 5310 34.010000
o 5309 34.010000
o 5308 34.010000
o 5307 34.010000
o 5303 34.010000
o 5302 34.010000
o 5301 34.010000
o 5300 34.010000
o 5299 34.010000
o 5298 34.010000
o 5297 34.010000
o 5289 34.010000
o 5288 34.010000
o 5284 34.010000
o 5283 34.010000
o 5282 34.020000
o 5273 34.020000
o 5272 34.020000
o 5264 34.020000
o 5249 34.020000
o 5229 34.020000
o 5228 34.020000
o 5227 34.020000
o 5223 34.020000
o 5222 34.020000
o 5221 34.020000
o 5220 34.020000
o 5219 34.020000
o 5211 34.020000
o 5210 34.020000
o 5209 34.020000
o 5205 34.020000
o 5204 34.020000
o 5172 34.020000
o 5171 34.020000
o 5170 34.020000
o 5169 34.020000
o 5165 34.020000
o 5164 34.020000
o 5163 34.020000
o 5162 34.020000
o 5161 34.030000
o 5159 34.030000
o 5155 34.030000
o 5154 34.030000
o 5153 34.030000
o 5150 34.030000
o 5146 34.030000
o 5142 34.030000
o 5137 34.030000
o 5132 34.030000
o 5128 34.030000
o 5127 34.030000
o 5126 34.030000
o 5124 34.030000
o 5123 34.030000
o 5116 34.030000
o 5112 34.040000
o 5110 34.040000
o 5109 34.040000
o 5108 34.040000
o 5093 34.040000
o 5092 34.040000
o 5091 34.040000
o 5089 34.040000
o 5085 34.040000
o 5051 34.660000
o 5050 34.670000
o 5049 34.680000
o 5047 34.680000
o 5046 34.710000
o 5029 34.710000
o 5027 34.720000
o 5026 34.720000
o 5004 34.740000
o 4954 34.740000
o 4949 34.740000
o 4946 34.740000
o 4945 34.740000
o 4943 34.750000
o 4942 34.750000
o 4938 34.760000
o 4937 34.760000
o 4936 34.760000
o 4926 34.820000
o 4925 34.820000
o 4924 34.820000
o 4922 34.830000
o 4920 34.830000
o 4919 34.830000
o 4916 34.830000
o 4915 34.840000
o 4914 34.870000
o 4913 34.870000
o 4912 34.870000
o 4911 34.870000
o 4910 34.870000
o 4909 34.880000
o 4908 34.880000
o 4907 34.880000
o 4895 34.880000
o 4894 34.880000
o 4893 34.890000
o 4892 34.890000
o 4891 34.890000
o 4890 34.890000
o 4889 34.890000
o 4885 34.900000
o 4884 34.900000
o 4883 34.900000
o 4881 34.920000
o 4880 34.920000
o 4879 34.920000
o 4878 34.920000
o 4877 34.920000
o 4876 34.930000
o 4875 34.930000
o 4874 34.930000
o 4871 34.950000
o 4868 34.950000
o 4867 34.950000
o 4862 35.030000
o 4858 35.030000
o 4856 35.030000
o 4855 35.060000
o 4854 35.060000
o 4853 35.070000
o 4852 35.070000
o 4851 35.070000
o 4850 35.070000
o 4849 35.170000
o 4848 35.170000
o 4847 35.170000
o 4846 35.170000
o 4845 35.180000
o 4844 35.180000
o 4836 35.240000
o 4835 35.240000
o 4834 35.240000
o 4833 35.240000
o 4832 35.240000
o 4831 35.240000
o 4830 35.250000
o 4820 35.380000
o 4819 35.390000
o 4818 35.390000
o 4817 35.390000
o 4816 35.390000
o 4815 35.610000
o 4814 35.620000
o 4813 35.620000
o 4810 35.650000
o 4809 35.650000
o 4807 35.690000
o 4806 35.690000
o 4805 35.690000
o 4802 35.700000
o 4801 35.710000
o 4800 35.730000
o 4799 35.740000
o 4798 35.800000
o 4797 35.800000
o 4796 35.800000
o 4795 35.800000
o 4794 35.810000
o 4791 35.850000
o 4786 35.850000
o 4785 35.860000
o 4784 35.870000
o 4783 36.100000
o 4782 36.110000
o 4780 36.110000
o 4779 36.110000
o 4778 36.230000
o 4742 36.240000
o 4741 36.240000
o 4740 36.240000
o 4739 36.320000
o 4738 36.320000
o 4737 36.320000
o 4736 36.320000
o 4734 36.320000
o 4733 36.330000
o 4728 36.330000
o 4725 36.330000
o 4722 36.330000
o 4721 36.330000
o 4720 36.330000
o 4718 36.330000
o 4680 36.340000
o 4679 36.340000
o 4676 36.340000
o 4671 36.340000
o 4670 36.350000
o 4669 36.380000
o 4668 37.290000
4668	37.290000
railway-transport-f2030
o 29238 5.110000
o 5864 6.650000
o 5863 6.650000
o 5861 6.650000
o 5860 6.650000
o 5859 6.650000
o 5856 6.650000
o 5854 6.650000
o 5849 6.650000
o 5848 6.650000
o 5840 6.650000
o 5839 6.650000
o 5838 6.650000
o 5837 6.650000
o 5836 6.650000
o 5835 6.650000
o 5834 6.650000
o 5833 6.650000
o 5832 6.650000
o 5831 6.650000
o 5830 6.650000
o 5828 6.650000
o 5826 6.650000
o 5824 6.650000
o 5822 6.660000
o 5821 6.660000
o 5820 6.660000
o 5819 6.660000
o 5818 6.660000
o 5817 6.660000
o 5816 6.660000
o 5815 6.660000
o 5814 6.660000
o 5813 6.660000
o 5812 6.660000
o 5810 6.660000
o 5809 6.660000
o 5807 6.660000
o 5806 6.660000
o 5804 6.660000
o 5803 6.660000
o 5802 6.660000
o 5783 6.660000
o 5781 6.660000
o 5780 6.660000
o 5779 6.660000
o 5778 6.660000
o 5777 6.660000
o 5776 6.660000
o 5770 6.660000
o 5769 6.660000
o 5768 6.660000
o 5766 6.660000
o 5758 6.660000
o 5757 6.660000
o 5756 6.660000
o 5755 6.660000
o 5754 6.660000
o 5752 6.660000
o 5749 6.660000
o 5748 6.660000
o 5747 6.660000
o 5746 6.660000
o 5745 6.660000
o 5744 6.660000
o 5738 6.660000
o 5737 6.660000
o 5735 6.660000
o 5734 6.660000
o 5733 6.660000
o 5732 6.660000
o 5731 6.660000
o 5727 6.660000
o 5723 6.660000
o 5722 6.670000
o 5721 6.670000
o 5720 6.670000
o 5719 6.670000
o 5718 6.670000
o 5717 6.670000
o 5714 6.670000
o 5713 6.670000
o 5712 6.670000
o 5694 6.670000
o 5692 6.670000
o 5691 6.670000
o 5689 6.670000
o 5687 6.670000
o 5686 6.670000
o 5685 6.670000
o 5684 6.670000
o 5663 6.670000
o 5648 6.670000
o 5647 6.670000
o 5646 6.680000
o 5645 6.680000
o 5643 6.680000
o 5642 6.680000
o 5641 6.680000
o 5639 6.680000
o 5638 6.680000
o 5618 6.680000
o 5617 6.680000
o 5616 6.680000
o 5615 6.680000
o 5601 6.680000
o 5600 6.680000
o 5599 6.680000
o 5598 6.680000
o 5597 6.680000
o 5593 6.680000
o 5582 6.680000
o 5581 6.680000
o 5580 6.680000
o 5579 6.680000
o 5578 6.680000
o 5560 6.680000
o 5559 6.680000
o 5558 6.680000
o 5556 6.680000
o 5555 6.690000
o 5554 6.690000
o 5553 6.690000
o 5552 6.690000
o 5551 6.690000
o 5549 6.690000
o 5547 6.690000
o 5546 6.690000
o 5545 6.690000
o 5544 6.690000
o 5543 6.690000
o 5542 6.690000
o 5541 6.690000
o 5540 6.690000
o 5539 6.690000
o 5535 6.690000
o 5534 6.690000
o 5533 6.690000
o 5532 6.690000
o 5531 6.690000
o 5530 6.690000
o 5529 6.690000
o 5528 6.690000
o 5527 6.690000
o 5522 6.690000
o 5520 6.690000
o 5453 6.770000
o 5452 6.770000
o 5451 6.770000
o 5447 6.770000
o 5446 6.770000
o 5445 6.770000
o 5444 6.770000
o 5443 6.780000
o 5442 6.780000
o 5441 6.780000
o 5426 6.790000
o 5422 6.790000
o 5418 6.790000
o 5417 6.790000
o 5416 6.790000
o 5412 6.790000
o 5411 6.790000
o 5410 6.790000
o 5409 6.790000
o 5405 6.790000
o 5404 6.790000
o 5393 6.790000
o 5390 6.800000
o 5389 6.800000
o 5388 6.800000
o 5384 6.800000
o 5357 6.820000
o 5352 6.840000
o 5342 6.840000
o 5341 6.840000
o 5340 6.840000
o 5339 6.840000
o 5337 6.840000
o 5333 6.840000
o 5326 6.840000
o 5323 6.850000
o 5322 6.850000
o 5321 6.850000
o 5319 6.860000
o 5315 6.860000
o 5314 6.870000
o 5313 6.870000
o 5312 6.870000
o 5311 6.870000
o 5310 6.870000
o 5308 6.870000
o 5307 6.870000
o 5306 6.870000
o 5305 6.870000
o 5291 13.450000
o 5290 13.450000
o 5289 13.450000
o 5288 13.450000
o 5286 13.450000
o 5285 13.460000
o 5284 13.460000
o 5281 13.460000
o 5280 13.460000
o 5279 13.460000
o 5278 13.460000
o 5276 13.460000
o 5275 13.460000
o 5270 13.470000
o 5269 13.470000
o 5268 13.470000
o 5267 13.470000
o 5266 13.470000
o 5251 13.490000
o 5250 13.490000
o 5246 13.490000
o 5241 13.490000
o 5238 13.490000
o 5237 13.490000
o 5218 13.490000
o 5188 13.490000
o 5186 13.490000
o 5181 13.490000
o 5180 13.490000
o 5179 13.490000
o 5178 13.490000
o 5177 34.120000
o 5174 34.180000
o 5173 34.180000
o 5172 34.180000
o 5168 34.190000
o 5167 34.300000
o 5166 34.310000
o 5159 34.440000
o 5142 34.450000
o 5138 34.450000
o 5134 34.450000
o 5133 34.450000
o 5127 34.470000
o 5126 34.470000
o 5107 34.470000
o 5106 34.470000
o 5105 34.470000
o 5104 34.480000
o 5102 34.480000
o 5101 34.490000
o 5084 34.730000
o 5083 34.730000
o 5078 34.730000
o 5077 34.740000
o 5076 34.740000
o 5075 34.740000
o 5074 34.740000
o 5044 34.740000
o 5041 34.740000
o 5022 34.740000
o 5003 34.750000
o 4996 34.780000
o 4995 34.780000
o 4971 34.790000
o 4961 35.180000
o 4960 35.230000
o 4957 35.280000
o 4956 35.290000
o 4955 35.290000
o 4954 35.290000
o 4949 35.290000
o 4941 35.330000
o 4896 36.420000
o 4801 36.450000
o 4798 36.460000
o 4793 36.460000
o 4773 36.460000
o 4753 36.460000
o 4752 36.470000
o 4751 36.470000
o 4750 36.470000
o 4740 36.470000
o 4739 36.470000
o 4738 36.470000
o 4737 36.470000
o 4736 36.470000
o 4735 36.470000
o 4734 36.470000
o 4733 36.470000
o 4732 36.470000
o 4731 36.470000
o 4730 36.480000
o 4729 36.480000
o 4727 36.510000
o 4726 36.510000
o 4725 36.520000
o 4724 36.520000
o 4720 36.520000
o 4719 36.530000
o 4718 36.530000
o 4717 36.530000
o 4713 36.530000
o 4710 39.500000
o 4707 39.510000
o 4706 39.510000
o 4705 39.510000
o 4666 39.540000
o 4661 39.540000
o 4658 39.540000
o 4655 39.540000
4655	39.540000
