staff-scheduling-instance11
o 23397 0.910000
o 5191 2.490000
o 5099 2.500000
o 5097 2.510000
o 5095 2.510000
o 5093 2.510000
o 5092 2.510000
o 5086 2.510000
o 5083 2.510000
o 5081 2.510000
o 5080 2.510000
o 5079 2.520000
o 4974 2.530000
o 4971 2.530000
o 4948 2.590000
o 4947 2.590000
o 4946 2.600000
o 4944 2.600000
o 4943 2.600000
o 4941 2.600000
o 4938 2.600000
o 4913 2.730000
o 4910 2.740000
o 4908 2.740000
o 4906 2.740000
o 4904 2.740000
o 4903 2.750000
o 4901 2.750000
o 4900 2.750000
o 4899 2.750000
o 4898 2.750000
o 4821 2.880000
o 4820 2.880000
o 4814 2.890000
o 4812 2.930000
o 4809 2.930000
o 4808 2.930000
o 4806 2.930000
o 4792 3.080000
o 4791 3.080000
o 4789 3.080000
o 4787 3.090000
o 4785 3.090000
o 4783 3.090000
o 4780 3.090000
o 4779 3.090000
o 4777 3.100000
o 4775 3.100000
o 4714 3.230000
o 4713 3.230000
o 4711 3.230000
o 4710 3.240000
o 4617 3.260000
o 4615 3.260000
o 4612 3.260000
o 4608 4.300000
o 4605 4.300000
o 4604 4.720000
o 4603 4.720000
o 4601 4.720000
o 4599 4.730000
o 4598 4.730000
o 4504 4.750000
o 4502 4.780000
o 4500 4.780000
o 4496 4.780000
o 4495 4.780000
o 4494 4.790000
o 4493 4.790000
o 4403 4.800000
o 4401 4.800000
o 4399 4.800000
o 4397 4.800000
o 4395 4.800000
o 4374 5.650000
o 4373 5.650000
o 4371 5.650000
o 4370 5.650000
o 4368 5.650000
o 4284 5.720000
o 4184 5.730000
o 4181 5.730000
o 4175 5.730000
o 4173 5.730000
o 4172 5.760000
o 4171 5.760000
o 4169 5.770000
o 4168 5.770000
o 4092 6.310000
o 4091 6.320000
o 4090 6.320000
o 4084 6.330000
o 3988 6.350000
o 3987 6.350000
o 3986 6.360000
o 3984 6.360000
o 3983 6.400000
o 3982 6.400000
o 3980 6.400000
o 3978 6.400000
o 3976 6.420000
o 3975 6.420000
o 3971 6.420000
o 3970 6.430000
o 3915 50.620000
o 3913 50.620000
o 3912 50.640000
o 3911 50.640000
o 3910 50.640000
o 3908 50.640000
o 3906 50.640000
o 3904 50.640000
o 3902 50.640000
o 3901 50.640000
o 3899 50.670000
o 3894 50.690000
o 3888 50.750000
o 3886 50.750000
o 3885 50.750000
o 3883 50.760000
o 3881 50.760000
o 3781 50.760000
o 3780 50.760000
o 3777 50.760000
o 3773 50.760000
o 3772 50.760000
o 3769 50.810000
o 3768 50.810000
o 3767 50.810000
o 3762 50.810000
o 3760 50.810000
o 3757 50.810000
o 3755 50.810000
o 3753 50.820000
o 3751 50.840000
o 3748 50.840000
o 3747 50.840000
o 3744 50.890000
o 3742 50.900000
o 3740 51.350000
3740	51.350000
staff-scheduling-instance11
o 26314 0.790000
o 5475 2.460000
o 5406 2.500000
o 5396 2.510000
o 5391 2.510000
o 5390 2.510000
o 5384 2.520000
o 5381 2.520000
o 5286 2.520000
o 5285 2.530000
o 5284 2.530000
o 5133 2.870000
o 5132 2.880000
o 5131 2.890000
o 5130 2.890000
o 5127 2.890000
o 5126 2.890000
o 5125 2.900000
o 5123 2.900000
o 5120 2.900000
o 5118 2.900000
o 5116 2.900000
o 5113 2.960000
o 5111 2.960000
o 5110 2.960000
o 5108 2.960000
o 5107 2.990000
o 5106 3.000000
o 5105 3.000000
o 5104 3.020000
o 5101 3.020000
o 5099 3.020000
o 5006 3.030000
o 5005 3.030000
o 4908 3.380000
o 4907 3.380000
o 4906 3.380000
o 4903 3.390000
o 4880 3.430000
o 4878 3.430000
o 4876 3.430000
o 4875 3.440000
o 4787 3.550000
o 4786 3.550000
o 4785 3.550000
o 4783 4.100000
o 4781 4.100000
o 4779 4.100000
o 4776 4.100000
o 4775 4.110000
o 4774 4.110000
o 4772 4.110000
o 4581 4.670000
o 4579 4.670000
o 4578 4.670000
o 4576 4.670000
o 4572 4.670000
o 4571 4.670000
o 4570 4.670000
o 4568 4.740000
o 4567 4.770000
o 4566 4.780000
o 4472 4.870000
o 4470 4.870000
o 4466 4.880000
o 4465 4.880000
o 4379 4.890000
o 4377 4.900000
o 4376 4.900000
o 4374 4.900000
o 4373 4.940000
o 4372 4.950000
o 4371 4.950000
o 4369 4.950000
o 4273 4.950000
o 4271 4.950000
o 4269 4.950000
o 4267 4.990000
o 4265 5.050000
o 4167 5.060000
o 4165 5.060000
o 4161 5.060000
o 4158 5.060000
o 4156 5.060000
o 4155 5.100000
o 4154 5.100000
o 4153 5.100000
o 4087 5.290000
o 4086 5.340000
o 4083 5.340000
o 4081 5.340000
o 4079 5.340000
o 4072 5.360000
o 4069 5.360000
o 4068 5.380000
o 4067 5.380000
o 4065 5.450000
o 4064 5.460000
o 4058 5.480000
o 4055 5.490000
o 3967 5.660000
o 3965 5.660000
o 3964 5.660000
o 3960 5.660000
o 3959 5.680000
o 3957 5.690000
o 3874 47.190000
o 3873 47.190000
o 3872 47.190000
o 3871 47.210000
o 3869 47.210000
o 3868 47.210000
o 3867 47.730000
o 3862 47.730000
o 3861 47.730000
o 3858 47.730000
o 3857 47.740000
o 3855 47.750000
o 3854 47.750000
o 3853 47.750000
o 3852 47.750000
o 3850 47.760000
o 3849 47.760000
o 3848 47.780000
o 3847 47.780000
o 3776 62.520000
o 3775 284.310000
o 3773 284.310000
o 3772 284.310000
o 3771 284.310000
o 3694 286.360000
o 3692 286.360000
o 3689 286.360000
o 3686 286.390000
3686	286.390000
staff-scheduling-instance11
o 22165 1.240000
o 5590 4.480000
o 5589 4.480000
o 5495 4.480000
o 5492 4.480000
o 5294 4.490000
o 5291 4.490000
o 5269 4.530000
o 5266 4.540000
o 5170 4.550000
o 5167 4.550000
o 5153 4.600000
o 5150 4.610000
o 5148 4.610000
o 5144 4.610000
o 5142 4.610000
o 5141 4.610000
o 5140 4.610000
o 5040 4.610000
o 5036 4.620000
o 5034 4.620000
o 5033 4.620000
o 5019 4.800000
o 5016 4.800000
o 5014 4.800000
o 4919 4.820000
o 4916 4.820000
o 4914 4.820000
o 4913 4.820000
o 4912 4.820000
o 4911 4.830000
o 4908 4.830000
o 4907 4.830000
o 4905 4.830000
o 4902 4.840000
o 4806 4.850000
o 4805 4.850000
o 4802 4.850000
o 4801 4.860000
o 4798 4.870000
o 4795 4.870000
o 4793 4.870000
o 4789 4.880000
o 4781 5.060000
o 4778 5.060000
o 4777 5.070000
o 4775 5.070000
o 4773 5.070000
o 4677 5.080000
o 4676 5.080000
o 4674 5.090000
o 4673 5.090000
o 4646 5.480000
o 4545 5.480000
o 4537 5.490000
o 4535 5.490000
o 4533 5.490000
o 4532 5.500000
o 4531 5.500000
o 4491 11.400000
o 4490 11.400000
o 4487 11.400000
o 4483 11.410000
o 4480 11.410000
o 4477 11.410000
o 4475 11.410000
o 4473 11.420000
o 4472 11.430000
o 4470 11.460000
o 4374 11.460000
o 4372 11.470000
o 4371 11.470000
o 4370 11.470000
o 4369 11.470000
o 4368 11.490000
o 4367 11.490000
o 4366 11.500000
o 4275 12.990000
o 4274 13.000000
o 4273 13.000000
o 4270 13.000000
o 4267 13.000000
o 4266 13.000000
o 4265 13.000000
o 4264 13.000000
o 4263 13.030000
o 4261 13.030000
o 4260 13.030000
o 4259 13.030000
o 4257 13.030000
o 4256 13.040000
o 4255 13.050000
o 4253 13.050000
o 4252 13.050000
o 4250 13.060000
o 4174 13.230000
o 4171 13.250000
o 4169 13.290000
o 4071 13.350000
o 4069 13.350000
o 4068 13.390000
o 4067 13.390000
o 3988 22.310000
o 3986 22.310000
o 3984 22.310000
o 3983 22.320000
o 3976 22.320000
o 3974 22.320000
o 3972 22.320000
o 3971 22.320000
o 3970 66.820000
o 3969 83.640000
o 3968 83.640000
o 3967 83.640000
o 3966 83.640000
o 3961 84.090000
o 3960 84.110000
o 3959 84.110000
o 3863 85.160000
o 3862 85.160000
o 3859 85.160000
o 3854 85.170000
o 3852 85.170000
o 3850 85.170000
o 3849 85.170000
o 3847 85.170000
o 3846 85.170000
o 3777 85.930000
o 3774 85.930000
o 3773 85.930000
o 3769 85.940000
o 3767 85.940000
o 3765 85.940000
o 3679 86.250000
o 3677 86.250000
o 3675 86.290000
o 3673 86.290000
o 3672 163.650000
o 3670 163.650000
o 3668 163.650000
o 3666 163.650000
o 3664 163.890000
3664	163.890000
staff-scheduling-instance11
o 22505 1.070000
o 4814 3.680000
o 4811 3.680000
o 4793 5.350000
o 4788 5.350000
o 4787 5.360000
o 4783 5.440000
o 4781 6.880000
o 4780 6.880000
o 4779 6.880000
o 4778 6.880000
o 4776 7.050000
o 4775 7.050000
o 4774 7.060000
o 4773 7.070000
o 4698 7.800000
o 4697 7.830000
o 4696 7.830000
o 4695 7.830000
o 4692 7.840000
o 4690 7.840000
o 4687 7.840000
o 4686 7.840000
o 4590 7.900000
o 4584 8.180000
o 4583 8.180000
o 4578 8.250000
o 4575 8.250000
o 4486 8.300000
o 4485 8.300000
o 4481 8.330000
o 4479 8.330000
o 4478 8.340000
o 4477 8.350000
o 4476 8.350000
o 4475 8.350000
o 4378 8.350000
o 4377 8.350000
o 4376 8.350000
o 4374 8.450000
o 4373 8.460000
o 4367 8.490000
o 4280 8.530000
o 4278 8.530000
o 4185 8.570000
o 4178 8.570000
o 4177 8.580000
o 4175 8.590000
o 4174 8.590000
o 4173 8.590000
o 4172 8.590000
o 4171 8.590000
o 4169 8.590000
o 4168 8.600000
o 4167 8.600000
o 4166 9.230000
o 4165 9.230000
o 4162 9.230000
o 4069 10.820000
o 4068 10.820000
o 4067 10.820000
o 4064 10.820000
o 3994 14.820000
o 3992 14.820000
o 3991 14.820000
o 3989 14.820000
o 3988 14.840000
o 3986 14.840000
o 3985 14.840000
o 3984 14.880000
o 3983 14.880000
o 3981 14.890000
o 3980 14.900000
o 3978 14.900000
o 3924 16.060000
o 3922 16.060000
o 3921 16.060000
o 3919 16.060000
o 3917 16.070000
o 3915 16.080000
o 3914 16.080000
o 3911 16.080000
o 3910 16.080000
o 3904 16.090000
o 3902 16.090000
o 3896 16.110000
o 3894 16.110000
o 3891 16.110000
o 3890 16.110000
o 3888 16.120000
o 3887 16.380000
o 3885 16.380000
o 3882 16.380000
o 3880 16.390000
o 3878 16.390000
o 3779 16.390000
o 3777 16.610000
o 3775 17.840000
o 3774 17.860000
o 3773 17.860000
o 3771 20.310000
o 3769 20.310000
o 3689 20.500000
o 3686 20.510000
o 3685 20.510000
o 3679 20.540000
o 3677 20.540000
o 3669 171.110000
o 3668 171.230000
o 3665 171.240000
o 3663 171.240000
o 3662 171.310000
3662	171.310000
staff-scheduling-instance11
o 22617 0.840000
o 4690 2.280000
o 4689 2.280000
o 4582 2.290000
o 4579 2.290000
o 4578 2.290000
o 4576 2.290000
o 4575 2.300000
o 4573 2.300000
o 4572 2.300000
o 4570 2.300000
o 4561 2.310000
o 4560 2.310000
o 4559 2.310000
o 4460 2.310000
o 4457 2.310000
o 4454 2.310000
o 4447 2.310000
o 4446 2.320000
o 4445 2.320000
o 4444 2.320000
o 4441 2.320000
o 4436 2.330000
o 4347 2.350000
o 4344 2.350000
o 4343 2.350000
o 4341 2.350000
o 4338 2.350000
o 4337 2.350000
o 4314 5.290000
o 4311 5.290000
o 4309 5.290000
o 4308 5.290000
o 4307 5.300000
o 4306 5.300000
o 4302 5.910000
o 4300 5.910000
o 4286 6.520000
o 4284 6.520000
o 4283 6.550000
o 4282 6.550000
o 4280 6.550000
o 4208 6.650000
o 4207 6.650000
o 4205 6.650000
o 4202 6.650000
o 4196 6.650000
o 4193 6.650000
o 4096 6.670000
o 4094 6.670000
o 4093 6.670000
o 3993 6.670000
o 3981 6.690000
o 3978 6.690000
o 3976 6.690000
o 3900 23.590000
o 3898 23.590000
o 3885 23.930000
o 3884 23.930000
o 3853 68.080000
o 3802 111.010000
o 3801 111.010000
o 3800 111.320000
o 3799 111.320000
o 3798 111.340000
o 3797 111.410000
o 3796 111.420000
o 3790 111.420000
o 3788 111.420000
o 3787 111.420000
o 3786 111.420000
o 3785 111.420000
o 3783 111.420000
o 3781 111.420000
o 3779 111.430000
o 3707 112.190000
3707	112.190000
staff-scheduling-instance11
o 25345 0.960000
o 4402 3.840000
o 4386 3.870000
o 4369 4.010000
o 4367 4.010000
o 4365 4.010000
o 4364 4.020000
o 4363 4.020000
o 4360 4.030000
o 4359 4.030000
o 4356 4.030000
o 4354 4.030000
o 4352 4.040000
o 4351 4.040000
o 4348 4.050000
o 4346 4.050000
o 4345 4.060000
o 4344 4.060000
o 4342 4.060000
o 4340 4.060000
o 4337 4.060000
o 4335 4.080000
o 4332 4.100000
o 4330 4.100000
o 4327 4.100000
o 4324 4.110000
o 4323 4.120000
o 4322 4.120000
o 4301 4.730000
o 4300 4.730000
o 4299 4.730000
o 4297 4.740000
o 4296 4.740000
o 4295 4.740000
o 4204 4.790000
o 4203 4.790000
o 4201 4.790000
o 4198 4.790000
o 4196 4.790000
o 4195 4.800000
o 4194 4.810000
o 4193 4.810000
o 4191 4.820000
o 4189 4.820000
o 4188 4.820000
o 4178 5.110000
o 4177 5.110000
o 4176 5.110000
o 4175 5.110000
o 4174 5.120000
o 4172 24.210000
o 4088 38.020000
o 4087 38.020000
o 4086 38.040000
o 4028 48.030000
o 3936 48.170000
o 3935 48.170000
o 3933 48.170000
o 3931 48.170000
o 3929 48.170000
o 3927 48.180000
o 3924 48.180000
o 3923 48.180000
o 3922 48.180000
o 3920 48.190000
o 3918 48.190000
o 3916 48.190000
o 3915 48.190000
o 3914 48.190000
o 3913 48.200000
o 3912 48.200000
o 3911 48.210000
o 3910 48.210000
o 3909 48.250000
o 3908 48.250000
o 3903 48.280000
o 3902 48.500000
o 3901 48.530000
o 3899 48.530000
o 3896 48.540000
o 3894 48.550000
o 3892 48.550000
o 3890 48.550000
o 3888 48.550000
o 3886 48.560000
o 3883 48.570000
o 3881 48.580000
o 3879 48.600000
o 3878 48.600000
o 3877 48.990000
o 3876 48.990000
o 3874 48.990000
o 3868 53.480000
o 3863 53.480000
o 3769 53.720000
o 3766 53.730000
o 3763 53.730000
o 3761 53.730000
o 3760 53.750000
o 3759 53.750000
o 3758 53.750000
o 3757 53.800000
o 3754 53.830000
o 3753 53.830000
o 3752 53.830000
o 3750 53.840000
o 3748 53.850000
o 3747 53.870000
o 3745 54.130000
o 3744 54.160000
o 3743 54.170000
o 3742 54.430000
o 3739 54.430000
o 3738 54.770000
o 3737 54.990000
o 3688 173.110000
3688	173.110000
staff-scheduling-instance11
o 23587 0.970000
o 5487 2.810000
o 5486 2.810000
o 5390 2.820000
o 5349 2.880000
o 5256 2.880000
o 5157 2.880000
o 5138 2.970000
o 5136 2.970000
o 5055 3.080000
o 5054 3.080000
o 5043 3.120000
o 5042 3.130000
o 5041 3.130000
o 5040 3.130000
o 5039 3.130000
o 5035 3.130000
o 5034 3.140000
o 5033 3.140000
o 4939 3.150000
o 4838 3.160000
o 4837 3.170000
o 4834 3.170000
o 4832 3.170000
o 4831 3.170000
o 4826 3.210000
o 4823 3.210000
o 4736 3.230000
o 4735 3.230000
o 4733 3.230000
o 4730 3.230000
o 4727 3.230000
o 4725 3.250000
o 4722 3.250000
o 4721 3.250000
o 4720 3.250000
o 4719 3.250000
o 4718 3.250000
o 4715 3.250000
o 4714 3.260000
o 4614 3.260000
o 4612 3.280000
o 4610 3.280000
o 4514 3.290000
o 4513 3.290000
o 4512 3.310000
o 4507 3.310000
o 4504 3.310000
o 4503 3.320000
o 4502 3.320000
o 4500 3.320000
o 4497 3.320000
o 4487 3.870000
o 4485 3.880000
o 4484 3.880000
o 4482 3.880000
o 4481 3.880000
o 4480 3.890000
o 4479 3.890000
o 4476 3.890000
o 4475 3.920000
o 4470 3.930000
o 4380 3.940000
o 4379 3.940000
o 4377 3.950000
o 4375 3.950000
o 4281 3.950000
o 4279 3.950000
o 4189 4.070000
o 4186 4.080000
o 4184 4.080000
o 4099 5.630000
o 4097 5.630000
o 4054 12.990000
o 4052 12.990000
o 4051 12.990000
o 4049 12.990000
o 4048 13.000000
o 4047 13.030000
o 4046 13.040000
o 4045 13.040000
o 4041 13.040000
o 4039 13.050000
o 4036 13.050000
o 4034 13.060000
o 4032 13.060000
o 4029 13.060000
o 3963 13.130000
o 3946 13.210000
o 3856 13.220000
o 3850 14.780000
o 3847 14.780000
o 3846 14.790000
o 3803 139.540000
o 3801 139.540000
o 3799 139.600000
o 3798 139.600000
o 3789 139.610000
o 3787 139.610000
o 3786 139.610000
o 3785 139.850000
o 3784 139.940000
o 3782 139.970000
o 3780 140.100000
o 3776 140.100000
o 3774 140.140000
o 3772 140.150000
o 3771 140.160000
o 3767 140.160000
o 3766 140.230000
o 3765 140.240000
o 3764 140.370000
o 3668 140.610000
o 3667 140.610000
o 3666 140.610000
o 3665 140.610000
o 3663 140.610000
o 3662 140.620000
o 3661 140.620000
o 3659 140.620000
3659	140.620000
staff-scheduling-instance11
o 22017 1.360000
o 4464 3.770000
o 4377 3.780000
o 4374 3.790000
o 4373 3.790000
o 4370 3.790000
o 4369 4.920000
o 4366 4.920000
o 4365 5.060000
o 4364 5.060000
o 4361 5.070000
o 4360 5.070000
o 4359 5.070000
o 4358 5.070000
o 4357 5.070000
o 4354 5.070000
o 4353 5.070000
o 4342 5.320000
o 4341 5.320000
o 4264 5.640000
o 4261 5.640000
o 4259 5.640000
o 4258 5.640000
o 4162 5.650000
o 4143 5.690000
o 4070 7.660000
o 3981 7.670000
o 3980 7.690000
o 3977 7.690000
o 3885 12.970000
o 3884 12.980000
o 3882 12.980000
o 3881 12.980000
o 3880 12.980000
o 3879 12.980000
o 3877 12.980000
o 3876 13.000000
o 3875 32.090000
o 3801 68.360000
o 3800 68.360000
o 3796 68.400000
o 3793 68.410000
o 3789 68.480000
o 3787 68.480000
o 3785 68.480000
o 3784 68.490000
o 3783 68.490000
o 3779 68.490000
o 3778 68.490000
o 3777 68.490000
o 3774 69.430000
o 3770 69.440000
o 3768 69.440000
o 3767 69.470000
o 3766 69.470000
o 3763 69.660000
o 3760 69.670000
o 3758 69.690000
o 3757 69.690000
o 3756 69.700000
o 3753 71.780000
o 3751 71.780000
o 3750 71.780000
o 3749 71.790000
o 3746 71.790000
o 3745 71.800000
o 3742 71.800000
o 3740 71.800000
o 3738 71.900000
o 3736 71.940000
o 3735 71.940000
o 3734 71.940000
o 3692 77.040000
o 3690 77.050000
o 3688 77.050000
o 3685 77.050000
o 3684 77.060000
o 3682 77.060000
o 3681 77.060000
3681	77.060000
staff-scheduling-instance11
o 22591 0.850000
o 4923 2.240000
o 4811 2.270000
o 4809 2.270000
o 4806 2.270000
o 4792 2.290000
o 4788 2.290000
o 4787 2.290000
o 4785 2.290000
o 4784 2.300000
o 4738 2.490000
o 4736 2.490000
o 4735 2.490000
o 4734 2.490000
o 4733 2.490000
o 4731 2.500000
o 4728 2.570000
o 4724 2.570000
o 4723 2.580000
o 4722 2.580000
o 4716 2.610000
o 4714 2.620000
o 4703 3.280000
o 4608 3.310000
o 4606 3.310000
o 4605 3.310000
o 4604 3.310000
o 4602 3.310000
o 4598 3.320000
o 4597 3.320000
o 4586 3.530000
o 4581 3.540000
o 4576 3.540000
o 4575 4.010000
o 4572 4.010000
o 4570 4.010000
o 4551 6.620000
o 4549 6.620000
o 4547 6.620000
o 4545 6.620000
o 4463 7.310000
o 4461 7.310000
o 4460 7.310000
o 4458 7.310000
o 4457 7.310000
o 4454 7.310000
o 4453 7.320000
o 4451 7.320000
o 4449 7.320000
o 4448 7.330000
o 4355 7.340000
o 4354 7.350000
o 4351 7.360000
o 4350 7.360000
o 4349 7.370000
o 4346 7.370000
o 4252 7.380000
o 4249 7.380000
o 4248 7.380000
o 4247 7.380000
o 4245 7.390000
o 4158 7.860000
o 4156 7.860000
o 4154 7.870000
o 4152 7.870000
o 4146 7.890000
o 4143 7.890000
o 4121 9.310000
o 4119 9.310000
o 4092 10.130000
o 4091 10.130000
o 4090 10.130000
o 4088 10.130000
o 4087 10.150000
o 4085 10.150000
o 4083 10.160000
o 4082 10.160000
o 4077 10.160000
o 4076 10.180000
o 4074 10.190000
o 4072 10.190000
o 4070 10.190000
o 4069 10.190000
o 4063 10.200000
o 4062 10.200000
o 3964 10.210000
o 3963 10.210000
o 3962 10.210000
o 3961 10.210000
o 3960 10.210000
o 3866 10.250000
o 3864 42.570000
o 3862 42.570000
o 3861 42.580000
o 3860 42.710000
o 3859 42.720000
o 3857 42.730000
o 3856 42.750000
o 3854 42.800000
o 3853 42.800000
o 3798 168.890000
o 3796 168.890000
o 3793 168.890000
o 3792 168.910000
o 3789 168.910000
o 3788 168.910000
o 3774 174.090000
o 3773 174.090000
o 3772 174.090000
o 3769 174.100000
o 3765 174.100000
o 3713 287.600000
o 3710 287.600000
3710	287.600000
staff-scheduling-instance11
o 21596 0.950000
o 4716 2.520000
o 4621 2.520000
o 4618 2.530000
o 4515 2.530000
o 4512 2.530000
o 4511 2.540000
o 4508 2.540000
o 4507 2.540000
o 4497 3.930000
o 4491 3.930000
o 4490 3.930000
o 4488 3.930000
o 4485 3.930000
o 4482 3.930000
o 4393 3.950000
o 4392 3.950000
o 4389 3.950000
o 4387 3.950000
o 4386 3.970000
o 4384 3.970000
o 4382 3.970000
o 4381 3.970000
o 4378 4.020000
o 4362 5.590000
o 4263 5.590000
o 4261 5.590000
o 4259 5.590000
o 4258 5.590000
o 4257 5.590000
o 4255 5.600000
o 4251 5.600000
o 4167 6.670000
o 4164 6.670000
o 4163 6.680000
o 4162 6.690000
o 4160 6.690000
o 4158 6.690000
o 4157 6.690000
o 4154 6.690000
o 4152 6.690000
o 4150 6.690000
o 4149 6.700000
o 4089 7.370000
o 4082 7.660000
o 4081 7.670000
o 4079 7.670000
o 4078 7.670000
o 4077 7.670000
o 4076 7.670000
o 4074 7.670000
o 4073 7.680000
o 4071 7.680000
o 4069 7.690000
o 4067 7.690000
o 4065 8.020000
o 4063 8.060000
o 4062 8.060000
o 4060 8.060000
o 4056 8.700000
o 4055 8.700000
o 4052 8.700000
o 4049 8.700000
o 4045 9.170000
o 4014 30.520000
o 4011 30.520000
o 4007 30.520000
o 4006 30.520000
o 4005 30.520000
o 4003 30.530000
o 3984 31.270000
o 3978 31.910000
o 3974 31.910000
o 3972 31.910000
o 3971 31.910000
o 3884 32.220000
o 3881 32.220000
o 3879 32.230000
o 3877 32.230000
o 3873 32.230000
o 3872 37.420000
o 3870 37.450000
o 3868 37.450000
o 3865 37.450000
o 3864 37.450000
o 3863 37.460000
o 3860 37.460000
o 3856 37.460000
o 3855 136.930000
o 3854 136.930000
o 3852 136.940000
o 3846 138.100000
o 3845 138.100000
o 3844 138.100000
o 3842 138.100000
o 3841 138.100000
o 3839 138.120000
o 3832 138.330000
o 3831 138.370000
o 3829 138.380000
o 3827 138.380000
o 3826 138.560000
o 3823 138.560000
o 3822 138.570000
o 3820 138.570000
o 3819 138.570000
o 3818 138.570000
o 3817 138.570000
o 3815 138.590000
o 3813 138.590000
o 3812 138.600000
o 3810 138.600000
o 3801 216.760000
o 3799 216.770000
o 3798 216.780000
o 3797 216.780000
o 3795 216.790000
3795	216.790000
