staff-scheduling-instance5
o 7557 0.050000
o 3143 0.180000
o 3043 0.180000
o 3041 0.180000
o 3037 0.190000
o 3035 0.190000
o 2939 0.190000
o 2841 0.190000
o 2839 0.190000
o 2837 0.190000
o 2834 0.190000
o 2831 0.190000
o 2815 0.230000
o 2726 0.260000
o 2725 0.260000
o 2722 0.260000
o 2721 0.260000
o 2623 0.270000
o 2622 0.270000
o 2524 0.270000
o 2523 0.270000
o 2520 0.270000
o 2516 0.290000
o 2513 0.300000
o 2512 0.300000
o 2510 0.300000
o 2411 0.300000
o 2409 0.300000
o 2408 0.300000
o 2310 0.300000
o 2220 0.310000
o 2219 0.310000
o 2218 0.310000
o 2121 1.300000
o 2021 1.300000
o 2020 1.320000
o 2017 1.320000
o 1995 1.880000
o 1992 1.880000
o 1892 1.880000
o 1891 1.880000
o 1890 1.880000
o 1888 1.880000
o 1794 1.920000
o 1793 1.920000
o 1792 1.920000
o 1778 1.930000
o 1777 1.940000
o 1697 5.420000
o 1696 5.430000
o 1596 5.430000
o 1595 5.430000
o 1593 5.440000
o 1583 5.500000
o 1581 5.500000
o 1580 5.500000
o 1498 17.540000
o 1495 17.550000
o 1494 17.550000
o 1492 17.570000
o 1491 17.570000
o 1400 20.360000
o 1398 20.360000
o 1396 20.360000
o 1395 20.470000
o 1392 20.490000
o 1391 20.640000
o 1390 20.640000
o 1389 20.640000
o 1388 20.830000
o 1387 20.830000
o 1386 20.830000
o 1380 29.740000
o 1379 29.740000
o 1378 29.830000
o 1377 29.830000
o 1376 29.960000
o 1375 30.090000
o 1285 101.680000
o 1284 101.690000
1284	101.690000
staff-scheduling-instance5
o 7154 0.050000
o 3322 0.160000
o 3222 0.160000
o 3127 0.170000
o 3025 0.170000
o 3024 0.170000
o 3022 0.170000
o 3021 0.170000
o 2921 0.170000
o 2817 0.170000
o 2717 0.170000
o 2715 0.180000
o 2618 0.220000
o 2605 0.220000
o 2504 0.220000
o 2406 0.220000
o 2403 0.220000
o 2401 0.220000
o 2398 0.230000
o 2397 0.230000
o 2297 0.230000
o 2293 0.260000
o 2202 0.280000
o 2201 0.280000
o 2200 0.280000
o 2099 0.280000
o 2098 0.280000
o 2097 0.280000
o 2096 0.280000
o 2095 0.280000
o 2094 0.280000
o 2089 0.470000
o 2088 0.470000
o 2010 0.890000
o 2009 0.890000
o 2007 0.900000
o 2006 0.900000
o 2005 0.900000
o 1998 1.390000
o 1996 1.400000
o 1994 1.400000
o 1990 1.500000
o 1986 1.520000
o 1895 1.580000
o 1894 1.590000
o 1888 1.620000
o 1791 1.620000
o 1783 1.670000
o 1782 1.680000
o 1683 1.680000
o 1681 1.680000
o 1680 1.680000
o 1675 7.760000
o 1674 7.760000
o 1600 8.200000
o 1599 8.200000
o 1577 10.000000
o 1491 10.260000
o 1489 10.480000
o 1488 10.490000
o 1485 10.500000
o 1484 10.530000
o 1483 10.540000
o 1481 10.600000
o 1480 10.640000
o 1477 10.640000
o 1475 10.680000
o 1381 24.880000
o 1380 24.880000
o 1372 25.290000
o 1370 25.330000
o 1367 25.340000
o 1364 25.340000
o 1274 25.970000
o 1273 25.980000
o 1271 25.980000
o 1270 26.040000
o 1269 26.040000
o 1267 26.290000
1267	26.290000
staff-scheduling-instance5
o 6039 0.040000
o 2848 0.150000
o 2845 0.150000
o 2744 0.150000
o 2708 0.200000
o 2607 0.200000
o 2604 0.210000
o 2504 0.210000
o 2503 0.210000
o 2501 0.210000
o 2401 0.210000
o 2301 0.210000
o 2294 0.420000
o 2197 0.710000
o 2112 0.740000
o 2111 0.750000
o 2088 2.190000
o 2087 2.190000
o 2084 2.190000
o 2000 3.660000
o 1999 3.660000
o 1998 3.660000
o 1997 3.690000
o 1905 3.900000
o 1904 3.930000
o 1903 3.970000
o 1804 3.980000
o 1799 4.170000
o 1794 4.360000
o 1792 4.360000
o 1791 4.360000
o 1789 4.360000
o 1788 4.360000
o 1718 4.770000
o 1618 4.770000
o 1612 4.780000
o 1514 5.100000
o 1512 5.100000
o 1511 5.120000
o 1505 5.250000
o 1503 5.250000
o 1502 5.270000
o 1501 5.280000
o 1499 5.340000
o 1496 5.340000
o 1493 5.350000
o 1491 5.370000
o 1490 5.370000
o 1487 5.380000
o 1486 5.440000
o 1395 5.460000
o 1393 5.460000
o 1392 5.460000
o 1315 5.890000
o 1277 22.780000
o 1276 22.780000
o 1273 22.800000
o 1271 22.920000
o 1270 22.930000
o 1268 23.130000
o 1193 107.320000
1193	107.320000
staff-scheduling-instance5
o 6035 0.030000
o 2726 0.160000
o 2625 0.160000
o 2622 0.160000
o 2619 0.160000
o 2617 0.160000
o 2602 0.170000
o 2589 0.310000
o 2586 0.310000
o 2488 0.310000
o 2485 0.310000
o 2482 0.310000
o 2481 0.320000
o 2480 0.330000
o 2382 0.330000
o 2381 0.330000
o 2380 0.330000
o 2280 0.330000
o 2181 0.330000
o 2180 0.330000
o 2082 0.340000
o 2075 0.920000
o 2074 0.920000
o 2073 1.000000
o 2071 1.000000
o 1993 2.590000
o 1897 2.930000
o 1896 2.930000
o 1895 2.940000
o 1797 2.950000
o 1795 2.950000
o 1794 2.960000
o 1792 2.960000
o 1788 4.560000
o 1786 4.560000
o 1785 4.570000
o 1784 4.570000
o 1695 4.870000
o 1694 4.880000
o 1595 4.900000
o 1515 13.350000
o 1513 13.350000
o 1510 13.350000
o 1507 13.360000
o 1506 13.550000
o 1500 13.550000
o 1499 13.910000
o 1498 13.920000
o 1494 14.720000
o 1492 14.720000
o 1489 14.720000
o 1484 17.480000
o 1391 18.380000
o 1390 18.380000
o 1389 18.380000
o 1386 18.380000
o 1385 18.410000
o 1383 18.430000
o 1303 33.130000
o 1302 33.190000
o 1300 33.320000
o 1298 67.420000
o 1297 67.760000
o 1293 67.760000
o 1291 67.890000
o 1288 118.160000
o 1277 120.370000
o 1276 120.420000
o 1275 120.450000
o 1270 120.860000
o 1269 120.870000
o 1267 120.890000
1267	120.890000
staff-scheduling-instance5
o 6139 0.040000
o 3701 0.160000
o 3698 0.160000
o 3598 0.160000
o 3403 0.160000
o 3402 0.160000
o 3401 0.160000
o 3399 0.160000
o 3308 0.160000
o 3208 0.160000
o 3207 0.160000
o 3206 0.160000
o 3104 0.160000
o 3004 0.160000
o 2909 0.170000
o 2908 0.170000
o 2807 0.170000
o 2726 0.180000
o 2723 0.180000
o 2623 0.190000
o 2620 0.190000
o 2527 0.200000
o 2427 0.210000
o 2424 0.210000
o 2324 0.210000
o 2224 0.210000
o 2220 0.220000
o 2217 0.220000
o 2123 0.220000
o 2119 0.730000
o 2118 1.020000
o 2116 1.030000
o 2113 1.030000
o 2110 1.030000
o 2015 1.060000
o 2014 1.060000
o 1823 1.380000
o 1820 1.400000
o 1815 4.480000
o 1814 4.580000
o 1812 4.600000
o 1712 4.600000
o 1711 5.100000
o 1710 5.100000
o 1709 5.140000
o 1608 5.500000
o 1605 5.990000
o 1604 6.080000
o 1603 6.150000
o 1509 6.600000
o 1503 6.760000
o 1420 7.020000
o 1419 7.020000
o 1417 7.040000
o 1416 7.040000
o 1324 7.370000
o 1322 7.370000
o 1319 7.400000
o 1317 7.400000
o 1314 7.530000
o 1286 42.670000
o 1283 42.680000
o 1282 42.940000
o 1280 43.090000
o 1277 43.090000
o 1274 43.110000
o 1273 43.150000
o 1272 43.150000
o 1271 43.200000
o 1269 43.310000
o 1268 43.390000
o 1267 43.420000
o 1266 43.430000
o 1265 43.460000
o 1264 43.460000
o 1262 44.910000
1262	44.910000
staff-scheduling-instance5
o 5917 0.040000
o 2933 0.170000
o 2931 0.170000
o 2734 0.170000
o 2633 0.180000
o 2605 0.390000
o 2603 0.390000
o 2602 0.390000
o 2501 0.390000
o 2498 0.390000
o 2399 0.390000
o 2396 0.400000
o 2393 0.490000
o 2298 0.490000
o 2297 0.490000
o 2223 1.010000
o 2221 1.010000
o 2206 1.070000
o 2106 1.080000
o 2104 1.090000
o 2103 1.120000
o 2102 1.120000
o 2099 1.120000
o 1999 1.160000
o 1996 1.730000
o 1987 1.970000
o 1897 2.590000
o 1799 2.590000
o 1796 2.600000
o 1795 2.610000
o 1794 2.610000
o 1698 8.450000
o 1697 8.450000
o 1598 9.100000
o 1520 12.710000
o 1518 12.800000
o 1515 12.810000
o 1514 12.840000
o 1513 12.840000
o 1510 12.850000
o 1504 21.440000
o 1503 21.440000
o 1500 25.120000
o 1499 25.120000
o 1489 25.350000
o 1488 34.060000
o 1487 34.060000
o 1485 34.070000
o 1484 34.120000
o 1394 34.140000
o 1391 34.140000
o 1388 34.140000
o 1387 43.320000
o 1307 43.600000
o 1306 43.600000
o 1291 53.960000
o 1289 53.960000
o 1288 53.960000
o 1286 53.960000
o 1284 53.970000
o 1283 53.980000
1283	53.980000
staff-scheduling-instance5
o 5418 0.030000
o 3312 0.140000
o 3216 0.150000
o 3213 0.150000
o 3212 0.160000
o 3013 0.160000
o 3010 0.160000
o 3009 0.160000
o 2908 0.160000
o 2907 0.160000
o 2811 0.160000
o 2718 0.180000
o 2717 0.180000
o 2700 0.210000
o 2694 0.220000
o 2690 0.230000
o 2688 0.230000
o 2584 0.230000
o 2583 0.230000
o 2484 0.230000
o 2393 0.230000
o 2302 0.250000
o 2297 0.260000
o 2290 0.260000
o 2289 0.270000
o 2288 0.270000
o 2279 0.830000
o 2188 0.910000
o 2184 0.910000
o 2183 0.910000
o 2103 1.460000
o 2101 1.460000
o 2100 1.470000
o 2099 1.490000
o 2098 1.490000
o 1998 1.490000
o 1996 1.500000
o 1995 1.580000
o 1994 1.630000
o 1991 1.630000
o 1989 1.630000
o 1898 1.730000
o 1896 1.730000
o 1895 1.730000
o 1801 3.080000
o 1703 3.110000
o 1700 3.110000
o 1699 3.120000
o 1599 3.120000
o 1598 3.670000
o 1590 3.870000
o 1589 5.140000
o 1587 5.610000
o 1586 5.610000
o 1579 5.680000
o 1578 5.690000
o 1577 5.770000
o 1575 6.260000
o 1491 7.240000
o 1489 7.270000
o 1486 7.270000
o 1483 27.310000
o 1480 27.320000
o 1398 28.010000
o 1395 28.010000
o 1392 28.020000
o 1388 28.030000
o 1298 107.090000
o 1297 107.100000
o 1292 107.300000
o 1270 156.120000
o 1268 156.120000
o 1267 156.130000
o 1266 156.130000
o 1264 156.140000
1264	156.140000
staff-scheduling-instance5
o 6138 0.040000
o 2806 0.140000
o 2708 0.140000
o 2611 0.140000
o 2510 0.140000
o 2509 0.140000
o 2508 0.140000
o 2410 0.190000
o 2408 0.190000
o 2406 0.190000
o 2314 0.660000
o 2313 0.660000
o 2213 0.660000
o 2198 0.800000
o 2197 0.870000
o 2102 0.900000
o 2101 0.900000
o 2098 0.900000
o 2097 0.900000
o 2096 0.900000
o 2095 0.910000
o 1995 0.920000
o 1994 0.920000
o 1916 1.850000
o 1915 1.850000
o 1913 1.850000
o 1818 1.850000
o 1816 1.860000
o 1815 1.860000
o 1814 1.870000
o 1802 1.930000
o 1801 1.930000
o 1800 1.940000
o 1799 1.940000
o 1706 3.190000
o 1703 3.190000
o 1701 3.240000
o 1608 4.260000
o 1603 7.590000
o 1601 7.660000
o 1592 8.430000
o 1590 8.430000
o 1585 8.680000
o 1582 8.680000
o 1496 9.020000
o 1494 10.260000
o 1493 11.580000
o 1492 11.580000
o 1399 11.630000
o 1396 11.660000
o 1395 37.750000
o 1393 37.750000
o 1388 38.150000
o 1386 38.300000
o 1385 38.300000
o 1384 38.430000
o 1382 51.230000
o 1379 51.760000
o 1378 51.760000
o 1376 82.580000
o 1298 94.250000
o 1297 238.160000
o 1290 258.340000
o 1288 258.350000
o 1287 258.460000
1287	258.460000
staff-scheduling-instance5
o 7760 0.050000
o 2414 0.150000
o 2313 0.150000
o 2311 0.150000
o 2310 0.150000
o 2308 0.150000
o 2306 0.160000
o 2205 0.160000
o 2104 0.160000
o 2102 0.160000
o 2001 0.160000
o 1999 0.160000
o 1996 0.160000
o 1995 0.160000
o 1994 0.160000
o 1915 1.660000
o 1913 1.670000
o 1912 1.890000
o 1890 3.030000
o 1790 3.030000
o 1789 3.040000
o 1692 3.310000
o 1691 3.310000
o 1690 3.320000
o 1591 3.320000
o 1586 5.180000
o 1584 5.250000
o 1504 5.530000
o 1503 5.540000
o 1499 5.540000
o 1498 6.820000
o 1495 6.830000
o 1489 6.880000
o 1389 6.950000
o 1387 22.280000
o 1386 22.280000
o 1385 22.280000
o 1294 25.650000
o 1292 25.650000
o 1212 43.250000
o 1210 43.410000
o 1209 43.460000
o 1208 43.470000
o 1205 43.590000
1205	43.590000
staff-scheduling-instance5
o 6036 0.040000
o 3231 0.160000
o 3228 0.160000
o 3207 0.170000
o 3116 0.200000
o 3018 0.200000
o 3017 0.200000
o 3016 0.240000
o 3015 0.240000
o 3014 0.240000
o 3010 0.240000
o 2908 0.240000
o 2905 0.240000
o 2806 0.250000
o 2799 0.260000
o 2703 0.260000
o 2610 0.290000
o 2515 0.290000
o 2514 0.290000
o 2513 0.290000
o 2511 0.290000
o 2510 0.290000
o 2509 0.290000
o 2507 0.300000
o 2408 0.300000
o 2406 0.300000
o 2405 0.360000
o 2400 0.370000
o 2397 0.370000
o 2301 0.800000
o 2299 0.800000
o 2298 0.800000
o 2295 0.800000
o 2198 1.300000
o 2195 1.300000
o 2194 1.340000
o 2193 1.340000
o 2190 1.340000
o 2093 1.350000
o 2090 1.350000
o 2005 1.880000
o 2004 2.050000
o 1999 2.110000
o 1998 2.110000
o 1997 2.110000
o 1996 2.110000
o 1995 2.110000
o 1994 2.130000
o 1893 2.130000
o 1795 2.130000
o 1792 2.150000
o 1692 2.150000
o 1690 2.150000
o 1683 2.170000
o 1682 2.220000
o 1679 2.480000
o 1601 9.390000
o 1598 9.390000
o 1597 9.390000
o 1497 9.390000
o 1494 13.340000
o 1491 13.340000
o 1489 13.360000
o 1392 14.040000
o 1390 14.090000
o 1389 14.100000
o 1387 14.160000
o 1385 51.460000
o 1384 51.480000
o 1382 51.690000
o 1381 93.610000
o 1372 94.170000
o 1275 94.330000
o 1273 94.340000
o 1272 94.400000
o 1271 107.160000
1271	107.160000
