correlation-clustering-Rounded_CorrelationClustering_Protein4_UNARY_N250
o 20866280 1.690000
o 18948151 56.420000
o 18060506 294.890000
18060506	294.890000
correlation-clustering-Rounded_CorrelationClustering_Protein4_UNARY_N250
o 42879304 1.540000
o 39333371 17.370000
o 20750297 45.010000
o 19971642 108.990000
o 17930981 164.830000
17930981	164.830000
correlation-clustering-Rounded_CorrelationClustering_Protein4_UNARY_N250
o 29690215 1.490000
o 23974644 27.910000
o 20699832 41.150000
o 19997078 107.080000
19997078	107.080000
correlation-clustering-Rounded_CorrelationClustering_Protein4_UNARY_N250
o 19737417 1.430000
o 19461992 40.810000
19461992	40.810000
correlation-clustering-Rounded_CorrelationClustering_Protein4_UNARY_N250
o 18964869 1.430000
o 16474933 151.380000
16474933	151.380000
correlation-clustering-Rounded_CorrelationClustering_Protein4_UNARY_N250
o 32144111 1.600000
o 28333431 16.520000
o 20608126 43.460000
o 20001383 124.630000
o 18073203 165.600000
o 17815952 257.980000
17815952	257.980000
correlation-clustering-Rounded_CorrelationClustering_Protein4_UNARY_N250
o 32235154 1.860000
o 31357599 35.490000
o 18474930 69.790000
18474930	69.790000
correlation-clustering-Rounded_CorrelationClustering_Protein4_UNARY_N250
o 17090849 2.170000
17090849	2.170000
correlation-clustering-Rounded_CorrelationClustering_Protein4_UNARY_N250
o 38377099 1.700000
o 23045070 16.030000
o 18847383 142.980000
18847383	142.980000
correlation-clustering-Rounded_CorrelationClustering_Protein4_UNARY_N250
o 38588207 2.020000
o 30390865 20.080000
o 17199903 35.230000
17199903	35.230000
