decision-tree-anneal-un-formula_0.8_2021_atleast_31_max-4_reduced_incomplete_adaboost_3
o 471 0.800000
o 355 2.330000
o 346 168.740000
346	168.740000
decision-tree-anneal-un-formula_0.8_2021_atleast_31_max-4_reduced_incomplete_adaboost_3
o 472 0.950000
o 443 2.560000
o 402 3.600000
o 387 6.370000
o 377 14.090000
o 375 14.700000
o 349 33.110000
349	33.110000
decision-tree-anneal-un-formula_0.8_2021_atleast_31_max-4_reduced_incomplete_adaboost_3
o 502 0.720000
o 374 2.170000
o 355 57.580000
o 350 222.410000
o 349 249.180000
349	249.180000
decision-tree-anneal-un-formula_0.8_2021_atleast_31_max-4_reduced_incomplete_adaboost_3
o 424 0.770000
o 387 1.720000
o 386 2.400000
o 368 2.480000
o 356 31.250000
o 355 208.810000
o 350 266.560000
350	266.560000
decision-tree-anneal-un-formula_0.8_2021_atleast_31_max-4_reduced_incomplete_adaboost_3
o 481 0.720000
o 443 1.570000
o 406 1.890000
o 405 1.890000
o 404 1.890000
o 403 1.890000
o 402 1.890000
o 389 2.750000
o 355 9.050000
o 349 72.700000
349	72.700000
decision-tree-anneal-un-formula_0.8_2021_atleast_31_max-4_reduced_incomplete_adaboost_3
o 434 0.830000
o 384 3.700000
o 375 9.880000
o 368 21.880000
o 367 21.890000
o 355 25.330000
o 350 110.330000
o 349 282.880000
349	282.880000
decision-tree-anneal-un-formula_0.8_2021_atleast_31_max-4_reduced_incomplete_adaboost_3
o 460 0.770000
o 435 1.980000
o 411 2.350000
o 410 2.350000
o 409 2.350000
o 408 2.350000
o 407 2.350000
o 406 2.350000
o 405 2.350000
o 397 9.080000
o 387 9.170000
o 384 15.580000
o 368 15.610000
o 350 16.290000
o 349 68.440000
349	68.440000
decision-tree-anneal-un-formula_0.8_2021_atleast_31_max-4_reduced_incomplete_adaboost_3
o 476 0.990000
o 405 2.230000
o 355 2.810000
o 349 166.690000
349	166.690000
decision-tree-anneal-un-formula_0.8_2021_atleast_31_max-4_reduced_incomplete_adaboost_3
o 464 0.780000
o 412 2.200000
o 409 2.200000
o 408 2.200000
o 407 2.200000
o 406 2.200000
o 405 2.200000
o 404 2.200000
o 403 2.200000
o 402 2.200000
o 389 2.290000
o 388 2.290000
o 387 2.290000
o 355 6.000000
o 349 209.800000
349	209.800000
decision-tree-anneal-un-formula_0.8_2021_atleast_31_max-4_reduced_incomplete_adaboost_3
o 513 0.830000
o 443 2.720000
o 437 4.940000
o 368 5.300000
o 356 29.160000
o 354 47.460000
o 349 82.740000
o 346 279.680000
346	279.680000
