judgment-aggregation-ja-kemeny-preflib-00051-00000011
o 1267 1.260000
o 1259 1.310000
o 1251 1.310000
o 1250 1.310000
o 1248 1.310000
o 1243 1.310000
o 1238 1.310000
o 1235 1.310000
o 1234 1.310000
o 1231 1.310000
o 1230 1.310000
o 1229 1.310000
o 1225 1.310000
o 1220 1.310000
o 1219 1.310000
o 1217 1.310000
o 1216 1.310000
o 1214 1.310000
o 1210 1.310000
o 1209 1.310000
o 1203 1.310000
o 1190 1.310000
o 1189 1.310000
o 1186 1.310000
o 1185 1.310000
o 1184 1.310000
o 1183 1.310000
o 1182 1.310000
o 1181 1.310000
o 1178 1.310000
o 1176 1.310000
o 1172 1.310000
o 1170 1.310000
o 1167 1.310000
o 1166 1.310000
o 1162 1.310000
o 1160 1.310000
o 1159 1.310000
o 1158 1.310000
o 1157 1.310000
o 1156 1.310000
o 1154 1.310000
o 1153 1.310000
o 1151 1.310000
o 1146 1.310000
o 1143 1.310000
o 1142 1.310000
o 1139 1.310000
o 1136 1.310000
o 1135 1.310000
o 1134 1.310000
o 1131 1.310000
o 1128 1.310000
o 1125 1.310000
o 1122 1.310000
o 1120 1.310000
o 1119 1.310000
o 1116 1.310000
o 1115 1.310000
o 1109 1.310000
o 1108 1.310000
o 1107 1.310000
o 1104 1.310000
o 1103 1.310000
o 1094 1.310000
o 1093 1.310000
o 1092 1.310000
o 1091 1.310000
o 1090 1.310000
o 1087 1.310000
o 1078 1.310000
o 1077 1.310000
o 1076 1.310000
o 1075 1.320000
o 1072 1.320000
o 1069 1.320000
o 1066 1.320000
o 1063 1.320000
o 1060 1.320000
o 1059 1.320000
o 1049 1.320000
o 1048 1.320000
o 1047 1.320000
o 1046 1.320000
o 1045 1.320000
o 1044 1.320000
o 1043 1.320000
o 1040 1.320000
o 1039 1.320000
o 1038 1.320000
o 1035 1.320000
o 1034 1.320000
o 1033 1.320000
o 1032 1.320000
o 1031 1.320000
o 1030 1.320000
o 1029 1.320000
o 1028 1.320000
o 1027 1.320000
o 1026 1.320000
o 1023 1.320000
o 1022 1.320000
o 1018 1.320000
o 1013 1.320000
o 1012 1.320000
o 1009 1.320000
o 1007 1.320000
o 1006 1.320000
o 1005 1.320000
o 1004 1.320000
o 1001 1.320000
o 998 1.320000
o 997 1.320000
o 993 1.320000
o 992 1.320000
o 991 1.320000
o 988 1.320000
o 984 1.320000
o 978 1.320000
o 976 1.320000
o 973 1.320000
o 972 1.320000
o 971 1.320000
o 969 1.320000
o 967 1.320000
o 966 1.320000
o 958 1.320000
o 955 1.320000
o 952 1.330000
o 951 1.330000
o 948 1.330000
o 947 1.330000
o 944 1.330000
o 943 1.330000
o 942 1.330000
o 941 1.330000
o 940 1.330000
o 939 1.330000
o 937 1.330000
o 936 1.330000
o 934 1.330000
o 933 1.330000
o 932 1.330000
o 931 1.330000
o 928 1.330000
o 927 1.330000
o 926 1.330000
o 925 1.330000
o 924 1.330000
o 923 1.330000
o 922 1.340000
o 919 1.340000
o 916 1.340000
o 914 1.340000
o 913 1.340000
o 911 1.340000
o 908 1.340000
o 907 1.340000
o 904 1.340000
o 901 1.340000
o 900 1.340000
o 899 1.340000
o 896 1.350000
o 892 1.350000
o 891 1.350000
o 890 1.350000
o 889 1.350000
o 886 1.350000
o 885 1.350000
o 882 1.350000
o 879 1.350000
o 878 1.350000
o 875 1.350000
o 873 1.350000
o 870 1.350000
o 867 1.350000
o 866 1.350000
o 863 1.350000
o 862 1.360000
o 861 1.360000
o 860 1.360000
o 857 1.360000
o 856 1.360000
o 854 1.360000
o 851 1.360000
o 850 1.360000
o 849 1.360000
o 848 1.360000
o 847 1.360000
o 844 1.370000
o 839 1.370000
o 838 1.370000
o 835 1.370000
o 834 1.370000
o 833 1.370000
o 831 1.370000
o 830 1.370000
o 829 1.370000
o 826 1.370000
o 825 1.370000
o 822 1.370000
o 821 1.370000
o 818 1.370000
o 815 1.370000
o 813 1.370000
o 812 1.370000
o 809 1.370000
o 808 1.370000
o 806 1.370000
o 804 1.380000
o 803 1.380000
o 802 1.380000
o 800 1.380000
o 799 1.380000
o 798 1.380000
o 797 1.380000
o 794 1.380000
o 793 1.380000
o 791 1.380000
o 790 1.380000
o 789 1.390000
o 788 1.390000
o 787 1.390000
o 785 1.390000
o 782 1.390000
o 781 1.390000
o 778 1.390000
o 777 1.390000
o 776 1.390000
o 774 1.390000
o 773 1.390000
o 771 1.390000
o 770 1.390000
o 767 1.390000
o 766 1.390000
o 765 1.390000
o 764 1.400000
o 763 1.400000
o 762 1.400000
o 761 1.410000
o 760 1.410000
o 759 1.480000
o 758 1.480000
o 756 1.480000
o 755 1.490000
o 754 1.500000
o 753 1.500000
o 752 1.500000
o 751 1.500000
o 750 1.780000
o 749 2.080000
o 748 2.840000
o 747 3.090000
o 746 3.740000
o 745 3.750000
o 744 4.030000
o 743 4.160000
o 742 4.700000
o 741 4.710000
o 740 4.710000
o 739 4.940000
o 738 5.540000
o 736 5.540000
o 735 5.560000
o 734 6.280000
o 732 6.280000
o 731 6.280000
o 730 6.290000
o 729 6.940000
o 728 7.160000
o 727 7.350000
o 726 7.460000
o 725 7.460000
o 724 7.470000
o 723 7.530000
o 722 7.580000
o 721 9.300000
o 720 11.560000
o 719 14.160000
o 718 15.520000
o 717 15.520000
o 716 80.350000
o 715 80.350000
o 712 80.350000
712	80.350000
judgment-aggregation-ja-kemeny-preflib-00051-00000011
o 1420 1.270000
o 1380 1.320000
o 1379 1.320000
o 1376 1.320000
o 1375 1.320000
o 1372 1.320000
o 1368 1.320000
o 1367 1.320000
o 1362 1.320000
o 1351 1.320000
o 1348 1.320000
o 1343 1.320000
o 1338 1.320000
o 1332 1.320000
o 1329 1.320000
o 1327 1.320000
o 1326 1.320000
o 1325 1.320000
o 1323 1.320000
o 1320 1.320000
o 1314 1.320000
o 1311 1.320000
o 1306 1.320000
o 1288 1.320000
o 1285 1.320000
o 1284 1.320000
o 1283 1.320000
o 1282 1.320000
o 1279 1.320000
o 1278 1.320000
o 1277 1.320000
o 1276 1.320000
o 1273 1.320000
o 1269 1.320000
o 1266 1.320000
o 1260 1.320000
o 1259 1.320000
o 1256 1.320000
o 1255 1.320000
o 1254 1.320000
o 1248 1.320000
o 1245 1.320000
o 1244 1.320000
o 1241 1.320000
o 1240 1.320000
o 1239 1.320000
o 1236 1.320000
o 1234 1.320000
o 1231 1.320000
o 1230 1.320000
o 1227 1.320000
o 1224 1.320000
o 1223 1.320000
o 1217 1.320000
o 1216 1.320000
o 1213 1.330000
o 1212 1.330000
o 1211 1.330000
o 1210 1.330000
o 1209 1.330000
o 1206 1.330000
o 1203 1.330000
o 1202 1.330000
o 1196 1.330000
o 1195 1.330000
o 1189 1.330000
o 1186 1.330000
o 1180 1.330000
o 1175 1.330000
o 1172 1.330000
o 1171 1.330000
o 1168 1.330000
o 1167 1.330000
o 1166 1.330000
o 1165 1.330000
o 1164 1.330000
o 1154 1.330000
o 1153 1.330000
o 1152 1.330000
o 1147 1.330000
o 1144 1.330000
o 1141 1.330000
o 1138 1.330000
o 1135 1.330000
o 1134 1.330000
o 1133 1.330000
o 1132 1.330000
o 1131 1.330000
o 1125 1.330000
o 1124 1.330000
o 1122 1.330000
o 1109 1.330000
o 1106 1.330000
o 1097 1.330000
o 1094 1.330000
o 1092 1.330000
o 1091 1.330000
o 1088 1.330000
o 1087 1.330000
o 1077 1.330000
o 1076 1.330000
o 1074 1.330000
o 1073 1.330000
o 1064 1.330000
o 1063 1.330000
o 1062 1.330000
o 1061 1.330000
o 1058 1.330000
o 1055 1.330000
o 1054 1.330000
o 1049 1.330000
o 1048 1.330000
o 1045 1.330000
o 1044 1.330000
o 1041 1.330000
o 1040 1.330000
o 1037 1.330000
o 1036 1.330000
o 1035 1.330000
o 1034 1.330000
o 1032 1.330000
o 1031 1.330000
o 1028 1.330000
o 1025 1.330000
o 1023 1.330000
o 1020 1.330000
o 1008 1.330000
o 1005 1.340000
o 1002 1.340000
o 999 1.340000
o 998 1.340000
o 995 1.340000
o 992 1.340000
o 989 1.340000
o 987 1.340000
o 986 1.340000
o 981 1.340000
o 979 1.340000
o 978 1.340000
o 966 1.340000
o 964 1.340000
o 959 1.340000
o 955 1.340000
o 953 1.340000
o 952 1.340000
o 950 1.340000
o 948 1.340000
o 945 1.340000
o 942 1.340000
o 941 1.340000
o 940 1.340000
o 938 1.340000
o 935 1.340000
o 934 1.340000
o 933 1.340000
o 932 1.340000
o 931 1.340000
o 930 1.340000
o 929 1.340000
o 928 1.340000
o 926 1.340000
o 923 1.340000
o 920 1.340000
o 917 1.340000
o 916 1.340000
o 913 1.340000
o 910 1.340000
o 907 1.340000
o 902 1.340000
o 901 1.340000
o 898 1.340000
o 896 1.340000
o 894 1.340000
o 893 1.340000
o 892 1.340000
o 891 1.350000
o 885 1.350000
o 882 1.350000
o 880 1.350000
o 879 1.350000
o 878 1.350000
o 876 1.350000
o 873 1.350000
o 872 1.350000
o 871 1.350000
o 870 1.350000
o 869 1.350000
o 867 1.350000
o 866 1.350000
o 865 1.350000
o 864 1.350000
o 863 1.350000
o 862 1.350000
o 861 1.350000
o 859 1.350000
o 858 1.350000
o 855 1.360000
o 854 1.360000
o 853 1.360000
o 852 1.360000
o 849 1.360000
o 848 1.360000
o 846 1.360000
o 845 1.360000
o 842 1.360000
o 839 1.360000
o 838 1.360000
o 835 1.360000
o 832 1.360000
o 831 1.360000
o 830 1.360000
o 827 1.360000
o 825 1.360000
o 824 1.360000
o 823 1.360000
o 822 1.360000
o 820 1.360000
o 819 1.360000
o 816 1.360000
o 813 1.360000
o 809 1.360000
o 804 1.360000
o 803 1.360000
o 802 1.360000
o 800 1.360000
o 799 1.360000
o 798 1.360000
o 797 1.360000
o 796 1.360000
o 795 1.360000
o 792 1.370000
o 791 1.370000
o 790 1.370000
o 788 1.370000
o 786 1.370000
o 785 1.370000
o 784 1.370000
o 783 1.370000
o 781 1.370000
o 780 1.370000
o 779 1.370000
o 777 1.380000
o 776 1.380000
o 775 1.380000
o 774 1.380000
o 771 1.380000
o 770 1.390000
o 769 1.390000
o 768 1.390000
o 767 1.400000
o 766 1.400000
o 765 1.400000
o 764 1.400000
o 763 1.400000
o 761 1.400000
o 760 1.400000
o 759 1.400000
o 758 1.400000
o 756 1.410000
o 753 1.410000
o 752 1.410000
o 751 1.410000
o 750 1.430000
o 748 1.430000
o 746 1.430000
o 745 1.430000
o 744 1.430000
o 743 1.440000
o 742 1.440000
o 741 1.440000
o 740 1.440000
o 738 1.450000
o 736 1.460000
o 735 1.460000
o 734 1.470000
o 733 1.470000
o 732 1.530000
o 731 1.970000
o 730 2.180000
o 729 2.210000
o 728 2.210000
o 727 2.580000
o 724 2.680000
o 723 3.660000
o 722 3.800000
o 721 5.220000
o 720 36.030000
o 719 36.100000
o 718 36.510000
o 717 36.560000
o 716 36.620000
o 715 38.170000
o 714 38.180000
o 713 55.960000
o 712 55.960000
o 711 58.950000
o 710 59.010000
o 709 59.010000
o 708 59.650000
o 707 63.870000
o 706 65.280000
o 705 79.430000
o 704 82.980000
704	82.980000
judgment-aggregation-ja-kemeny-preflib-00051-00000011
o 1359 1.100000
o 1349 1.140000
o 1348 1.140000
o 1347 1.140000
o 1344 1.140000
o 1341 1.140000
o 1336 1.140000
o 1335 1.140000
o 1332 1.140000
o 1325 1.150000
o 1320 1.150000
o 1318 1.150000
o 1317 1.150000
o 1316 1.150000
o 1308 1.150000
o 1297 1.150000
o 1296 1.150000
o 1288 1.150000
o 1287 1.150000
o 1284 1.150000
o 1279 1.150000
o 1278 1.150000
o 1277 1.150000
o 1276 1.150000
o 1273 1.150000
o 1271 1.150000
o 1270 1.150000
o 1269 1.150000
o 1268 1.150000
o 1267 1.150000
o 1266 1.150000
o 1263 1.150000
o 1262 1.150000
o 1259 1.150000
o 1256 1.150000
o 1251 1.150000
o 1250 1.150000
o 1247 1.150000
o 1242 1.150000
o 1239 1.150000
o 1236 1.150000
o 1233 1.150000
o 1232 1.150000
o 1231 1.150000
o 1225 1.150000
o 1224 1.150000
o 1222 1.150000
o 1221 1.150000
o 1220 1.150000
o 1212 1.150000
o 1211 1.150000
o 1208 1.150000
o 1203 1.150000
o 1202 1.150000
o 1200 1.150000
o 1199 1.150000
o 1198 1.150000
o 1197 1.150000
o 1194 1.150000
o 1191 1.150000
o 1188 1.150000
o 1176 1.150000
o 1173 1.150000
o 1169 1.150000
o 1167 1.150000
o 1165 1.150000
o 1164 1.150000
o 1163 1.150000
o 1160 1.150000
o 1154 1.150000
o 1148 1.150000
o 1147 1.150000
o 1146 1.150000
o 1145 1.150000
o 1144 1.150000
o 1143 1.150000
o 1140 1.150000
o 1139 1.150000
o 1138 1.150000
o 1132 1.150000
o 1129 1.150000
o 1128 1.150000
o 1127 1.150000
o 1124 1.150000
o 1123 1.160000
o 1114 1.160000
o 1113 1.160000
o 1110 1.160000
o 1109 1.160000
o 1106 1.160000
o 1105 1.160000
o 1103 1.160000
o 1102 1.160000
o 1099 1.160000
o 1098 1.160000
o 1097 1.160000
o 1094 1.160000
o 1093 1.160000
o 1092 1.160000
o 1091 1.160000
o 1090 1.160000
o 1089 1.160000
o 1086 1.160000
o 1080 1.160000
o 1079 1.160000
o 1076 1.160000
o 1073 1.160000
o 1072 1.160000
o 1071 1.160000
o 1070 1.160000
o 1069 1.160000
o 1068 1.160000
o 1067 1.160000
o 1066 1.160000
o 1063 1.160000
o 1062 1.160000
o 1059 1.160000
o 1056 1.160000
o 1055 1.160000
o 1051 1.160000
o 1050 1.160000
o 1049 1.160000
o 1046 1.160000
o 1045 1.160000
o 1039 1.160000
o 1038 1.160000
o 1037 1.160000
o 1035 1.160000
o 1032 1.160000
o 1031 1.160000
o 1030 1.160000
o 1027 1.160000
o 1024 1.160000
o 1021 1.160000
o 1020 1.160000
o 1019 1.160000
o 1018 1.160000
o 1016 1.160000
o 1013 1.160000
o 1010 1.160000
o 1005 1.160000
o 1004 1.160000
o 1003 1.160000
o 1002 1.160000
o 1001 1.160000
o 999 1.160000
o 996 1.160000
o 995 1.160000
o 985 1.160000
o 984 1.160000
o 983 1.160000
o 979 1.160000
o 976 1.160000
o 973 1.160000
o 970 1.160000
o 969 1.160000
o 968 1.160000
o 964 1.160000
o 961 1.160000
o 960 1.160000
o 959 1.160000
o 958 1.160000
o 957 1.160000
o 956 1.160000
o 953 1.160000
o 952 1.160000
o 951 1.170000
o 950 1.170000
o 949 1.170000
o 943 1.170000
o 940 1.170000
o 937 1.170000
o 935 1.170000
o 934 1.170000
o 933 1.170000
o 932 1.170000
o 930 1.170000
o 929 1.170000
o 927 1.170000
o 926 1.170000
o 925 1.170000
o 922 1.170000
o 917 1.170000
o 916 1.170000
o 914 1.170000
o 913 1.170000
o 912 1.170000
o 909 1.170000
o 908 1.170000
o 905 1.170000
o 904 1.170000
o 903 1.170000
o 902 1.170000
o 901 1.170000
o 900 1.170000
o 898 1.170000
o 897 1.170000
o 896 1.170000
o 895 1.170000
o 894 1.170000
o 891 1.170000
o 890 1.170000
o 887 1.170000
o 886 1.170000
o 885 1.170000
o 884 1.170000
o 882 1.170000
o 881 1.170000
o 880 1.170000
o 879 1.170000
o 876 1.170000
o 875 1.170000
o 872 1.170000
o 871 1.170000
o 870 1.170000
o 867 1.170000
o 866 1.180000
o 865 1.180000
o 864 1.180000
o 863 1.180000
o 861 1.180000
o 858 1.180000
o 853 1.180000
o 851 1.180000
o 850 1.180000
o 845 1.180000
o 844 1.180000
o 843 1.180000
o 842 1.180000
o 839 1.180000
o 838 1.180000
o 836 1.190000
o 835 1.190000
o 832 1.190000
o 830 1.190000
o 829 1.190000
o 827 1.190000
o 826 1.200000
o 824 1.200000
o 821 1.200000
o 820 1.200000
o 819 1.200000
o 818 1.200000
o 817 1.200000
o 815 1.200000
o 812 1.200000
o 810 1.200000
o 807 1.200000
o 804 1.200000
o 802 1.200000
o 801 1.200000
o 800 1.200000
o 799 1.200000
o 798 1.200000
o 797 1.200000
o 795 1.200000
o 793 1.210000
o 790 1.220000
o 787 1.220000
o 785 1.220000
o 784 1.220000
o 783 1.220000
o 781 1.220000
o 780 1.220000
o 779 1.220000
o 778 1.230000
o 777 1.230000
o 775 1.240000
o 774 1.240000
o 772 1.240000
o 771 1.270000
o 770 1.270000
o 769 1.280000
o 768 1.280000
o 763 1.410000
o 762 1.410000
o 761 1.410000
o 760 1.540000
o 758 1.540000
o 757 1.570000
o 755 1.640000
o 754 1.640000
o 753 1.640000
o 752 1.640000
o 751 1.640000
o 749 1.670000
o 748 1.680000
o 747 1.740000
o 746 1.740000
o 745 1.910000
o 740 2.370000
o 739 2.370000
o 738 2.370000
o 737 2.370000
o 736 2.380000
o 735 2.390000
o 734 2.460000
o 732 2.480000
o 730 2.910000
o 729 2.910000
o 728 2.910000
o 727 2.910000
o 726 2.920000
o 725 3.760000
o 724 5.740000
o 723 14.970000
o 722 21.550000
o 720 237.240000
o 719 237.240000
o 718 237.970000
o 716 239.030000
o 715 239.820000
o 714 245.730000
o 713 248.890000
o 712 299.740000
712	299.740000
judgment-aggregation-ja-kemeny-preflib-00051-00000011
o 1452 1.080000
o 1444 1.130000
o 1436 1.130000
o 1431 1.130000
o 1427 1.130000
o 1422 1.130000
o 1419 1.130000
o 1418 1.130000
o 1417 1.130000
o 1416 1.130000
o 1415 1.130000
o 1414 1.130000
o 1413 1.130000
o 1403 1.130000
o 1400 1.130000
o 1392 1.130000
o 1387 1.130000
o 1386 1.130000
o 1385 1.130000
o 1382 1.130000
o 1379 1.130000
o 1376 1.130000
o 1373 1.130000
o 1368 1.130000
o 1363 1.130000
o 1358 1.130000
o 1353 1.130000
o 1348 1.130000
o 1347 1.130000
o 1344 1.130000
o 1339 1.130000
o 1336 1.130000
o 1335 1.130000
o 1332 1.130000
o 1331 1.130000
o 1316 1.130000
o 1310 1.130000
o 1305 1.130000
o 1300 1.130000
o 1297 1.130000
o 1294 1.130000
o 1291 1.130000
o 1288 1.130000
o 1287 1.130000
o 1286 1.140000
o 1285 1.140000
o 1282 1.140000
o 1281 1.140000
o 1279 1.140000
o 1276 1.140000
o 1273 1.140000
o 1270 1.140000
o 1262 1.140000
o 1253 1.140000
o 1252 1.140000
o 1249 1.140000
o 1246 1.140000
o 1242 1.140000
o 1241 1.140000
o 1238 1.140000
o 1237 1.140000
o 1236 1.140000
o 1235 1.140000
o 1232 1.140000
o 1227 1.140000
o 1224 1.140000
o 1221 1.140000
o 1220 1.140000
o 1217 1.140000
o 1215 1.140000
o 1214 1.140000
o 1213 1.140000
o 1208 1.140000
o 1205 1.140000
o 1204 1.140000
o 1203 1.140000
o 1202 1.140000
o 1201 1.140000
o 1198 1.140000
o 1193 1.140000
o 1190 1.140000
o 1189 1.140000
o 1187 1.140000
o 1186 1.140000
o 1183 1.140000
o 1180 1.140000
o 1175 1.140000
o 1174 1.140000
o 1173 1.140000
o 1156 1.140000
o 1153 1.140000
o 1150 1.140000
o 1147 1.140000
o 1142 1.140000
o 1134 1.140000
o 1131 1.140000
o 1128 1.140000
o 1119 1.140000
o 1118 1.140000
o 1115 1.140000
o 1112 1.140000
o 1109 1.140000
o 1106 1.140000
o 1105 1.140000
o 1104 1.140000
o 1101 1.140000
o 1098 1.140000
o 1096 1.140000
o 1092 1.140000
o 1091 1.140000
o 1090 1.140000
o 1088 1.140000
o 1087 1.140000
o 1086 1.140000
o 1083 1.140000
o 1081 1.140000
o 1076 1.140000
o 1075 1.140000
o 1074 1.140000
o 1071 1.140000
o 1068 1.140000
o 1065 1.140000
o 1064 1.140000
o 1061 1.140000
o 1058 1.140000
o 1057 1.140000
o 1055 1.140000
o 1054 1.140000
o 1052 1.140000
o 1051 1.140000
o 1047 1.140000
o 1046 1.140000
o 1045 1.140000
o 1043 1.140000
o 1040 1.140000
o 1039 1.140000
o 1036 1.140000
o 1033 1.140000
o 1032 1.140000
o 1031 1.140000
o 1028 1.140000
o 1027 1.140000
o 1026 1.140000
o 1022 1.140000
o 1021 1.150000
o 1020 1.150000
o 1019 1.150000
o 1018 1.150000
o 1017 1.150000
o 1016 1.150000
o 1015 1.150000
o 1014 1.150000
o 1013 1.150000
o 1012 1.150000
o 1010 1.150000
o 1009 1.150000
o 1007 1.150000
o 1006 1.150000
o 1005 1.150000
o 1000 1.150000
o 999 1.150000
o 995 1.150000
o 994 1.150000
o 993 1.150000
o 990 1.150000
o 985 1.150000
o 982 1.150000
o 979 1.150000
o 978 1.150000
o 975 1.150000
o 971 1.150000
o 970 1.150000
o 967 1.150000
o 965 1.150000
o 962 1.150000
o 957 1.150000
o 951 1.150000
o 950 1.150000
o 949 1.150000
o 948 1.150000
o 947 1.150000
o 945 1.150000
o 943 1.150000
o 942 1.150000
o 939 1.150000
o 938 1.150000
o 935 1.150000
o 932 1.150000
o 929 1.150000
o 927 1.150000
o 926 1.150000
o 925 1.150000
o 924 1.150000
o 921 1.150000
o 920 1.150000
o 919 1.150000
o 918 1.150000
o 917 1.150000
o 914 1.150000
o 910 1.150000
o 907 1.150000
o 906 1.150000
o 903 1.150000
o 902 1.150000
o 901 1.150000
o 898 1.150000
o 896 1.160000
o 895 1.160000
o 894 1.160000
o 891 1.160000
o 890 1.160000
o 886 1.160000
o 883 1.160000
o 882 1.160000
o 881 1.160000
o 878 1.160000
o 877 1.170000
o 876 1.170000
o 875 1.170000
o 874 1.170000
o 873 1.170000
o 871 1.170000
o 870 1.170000
o 869 1.170000
o 867 1.170000
o 866 1.170000
o 865 1.170000
o 864 1.170000
o 863 1.170000
o 862 1.170000
o 861 1.170000
o 860 1.180000
o 857 1.180000
o 852 1.180000
o 849 1.180000
o 848 1.180000
o 847 1.180000
o 846 1.180000
o 845 1.180000
o 843 1.180000
o 842 1.180000
o 841 1.180000
o 840 1.180000
o 839 1.180000
o 834 1.180000
o 831 1.180000
o 830 1.180000
o 826 1.180000
o 823 1.180000
o 822 1.180000
o 819 1.180000
o 818 1.180000
o 817 1.180000
o 816 1.180000
o 813 1.190000
o 810 1.190000
o 809 1.190000
o 808 1.190000
o 807 1.190000
o 806 1.190000
o 805 1.190000
o 802 1.190000
o 801 1.190000
o 799 1.190000
o 798 1.190000
o 797 1.190000
o 795 1.190000
o 793 1.200000
o 792 1.200000
o 791 1.210000
o 786 1.210000
o 784 1.240000
o 783 1.240000
o 782 1.240000
o 781 1.240000
o 778 1.250000
o 777 1.250000
o 775 1.260000
o 774 1.260000
o 773 1.270000
o 772 1.290000
o 771 1.300000
o 769 1.300000
o 768 1.300000
o 767 1.300000
o 764 1.300000
o 763 1.320000
o 762 1.320000
o 761 1.350000
o 760 1.350000
o 759 1.350000
o 758 1.350000
o 757 1.350000
o 756 1.360000
o 755 1.360000
o 754 1.360000
o 753 1.360000
o 752 1.360000
o 751 1.380000
o 750 1.380000
o 749 1.390000
o 748 1.440000
o 747 1.450000
o 745 1.460000
o 744 1.460000
o 742 1.510000
o 741 1.530000
o 740 1.530000
o 739 1.550000
o 738 1.630000
o 737 1.630000
o 735 1.630000
o 733 2.050000
o 731 2.170000
o 730 2.250000
o 729 2.250000
o 728 2.290000
o 727 2.290000
o 725 2.840000
o 723 2.840000
o 722 2.850000
o 721 2.860000
o 720 2.960000
o 719 3.050000
o 718 4.250000
o 717 4.270000
o 716 4.290000
o 715 4.370000
o 714 4.370000
o 713 4.380000
o 712 9.460000
o 711 9.460000
o 710 14.800000
o 708 28.540000
o 707 137.270000
o 706 198.650000
706	198.650000
judgment-aggregation-ja-kemeny-preflib-00051-00000011
o 1222 1.080000
o 1140 1.130000
o 1138 1.130000
o 1135 1.130000
o 1134 1.130000
o 1133 1.130000
o 1132 1.130000
o 1130 1.130000
o 1117 1.130000
o 1116 1.130000
o 1115 1.130000
o 1114 1.130000
o 1113 1.130000
o 1112 1.130000
o 1111 1.130000
o 1101 1.130000
o 1098 1.130000
o 1097 1.130000
o 1093 1.130000
o 1090 1.130000
o 1088 1.130000
o 1087 1.130000
o 1084 1.130000
o 1083 1.130000
o 1080 1.130000
o 1077 1.130000
o 1076 1.130000
o 1075 1.130000
o 1072 1.130000
o 1071 1.130000
o 1070 1.130000
o 1068 1.130000
o 1067 1.130000
o 1066 1.130000
o 1065 1.130000
o 1062 1.130000
o 1061 1.130000
o 1058 1.130000
o 1057 1.130000
o 1048 1.130000
o 1047 1.130000
o 1046 1.130000
o 1045 1.130000
o 1044 1.130000
o 1042 1.130000
o 1041 1.130000
o 1040 1.130000
o 1037 1.130000
o 1036 1.130000
o 1029 1.130000
o 1018 1.130000
o 1014 1.130000
o 1013 1.130000
o 1010 1.130000
o 1009 1.130000
o 1006 1.130000
o 1005 1.130000
o 1004 1.130000
o 1003 1.130000
o 1001 1.130000
o 1000 1.130000
o 999 1.130000
o 997 1.140000
o 996 1.140000
o 995 1.140000
o 994 1.140000
o 993 1.140000
o 992 1.140000
o 991 1.140000
o 988 1.140000
o 987 1.140000
o 985 1.140000
o 984 1.140000
o 983 1.140000
o 981 1.140000
o 980 1.140000
o 979 1.140000
o 978 1.140000
o 977 1.140000
o 974 1.140000
o 972 1.140000
o 971 1.140000
o 969 1.140000
o 966 1.140000
o 963 1.140000
o 962 1.140000
o 961 1.140000
o 960 1.140000
o 953 1.140000
o 948 1.140000
o 947 1.140000
o 946 1.140000
o 945 1.150000
o 944 1.150000
o 943 1.150000
o 933 1.150000
o 932 1.150000
o 931 1.150000
o 929 1.150000
o 927 1.150000
o 920 1.150000
o 919 1.150000
o 918 1.150000
o 917 1.150000
o 911 1.150000
o 910 1.150000
o 909 1.150000
o 907 1.150000
o 906 1.150000
o 903 1.150000
o 900 1.150000
o 899 1.150000
o 898 1.150000
o 897 1.150000
o 896 1.150000
o 891 1.150000
o 890 1.150000
o 888 1.150000
o 887 1.150000
o 886 1.150000
o 885 1.150000
o 882 1.150000
o 879 1.150000
o 873 1.150000
o 870 1.150000
o 869 1.150000
o 868 1.150000
o 866 1.160000
o 865 1.160000
o 864 1.160000
o 863 1.160000
o 862 1.160000
o 861 1.160000
o 859 1.160000
o 858 1.160000
o 855 1.160000
o 852 1.160000
o 851 1.160000
o 850 1.160000
o 849 1.160000
o 848 1.160000
o 847 1.160000
o 845 1.160000
o 844 1.160000
o 843 1.160000
o 840 1.160000
o 837 1.160000
o 835 1.160000
o 834 1.160000
o 833 1.160000
o 832 1.160000
o 829 1.160000
o 828 1.160000
o 827 1.160000
o 826 1.160000
o 824 1.170000
o 823 1.170000
o 822 1.170000
o 821 1.170000
o 818 1.170000
o 817 1.170000
o 815 1.180000
o 814 1.180000
o 812 1.180000
o 811 1.180000
o 810 1.180000
o 807 1.180000
o 806 1.180000
o 805 1.180000
o 803 1.190000
o 801 1.190000
o 800 1.190000
o 799 1.190000
o 796 1.190000
o 795 1.190000
o 794 1.190000
o 793 1.200000
o 787 1.200000
o 784 1.200000
o 783 1.200000
o 782 1.200000
o 780 1.200000
o 778 1.210000
o 777 1.220000
o 776 1.220000
o 775 1.220000
o 774 1.220000
o 773 1.220000
o 770 1.230000
o 769 1.230000
o 766 1.230000
o 763 1.230000
o 762 1.230000
o 761 1.230000
o 759 1.230000
o 758 1.230000
o 756 1.230000
o 755 1.230000
o 754 1.230000
o 753 1.230000
o 752 1.270000
o 751 1.290000
o 750 1.290000
o 749 1.290000
o 748 1.330000
o 747 1.370000
o 746 1.370000
o 744 1.380000
o 742 1.380000
o 741 1.380000
o 740 1.400000
o 737 1.400000
o 736 1.480000
o 735 1.480000
o 733 1.480000
o 732 1.490000
o 731 1.690000
o 730 1.710000
o 729 1.760000
o 726 1.760000
o 725 1.940000
o 724 1.970000
o 723 2.420000
o 722 2.420000
o 721 2.420000
o 720 7.750000
o 719 28.180000
o 718 64.720000
o 717 87.550000
o 716 87.550000
o 714 173.830000
o 713 192.280000
o 711 222.160000
o 710 222.160000
o 709 222.170000
o 708 224.040000
o 707 229.270000
o 706 291.090000
706	291.090000
judgment-aggregation-ja-kemeny-preflib-00051-00000011
o 1376 1.220000
o 1368 1.270000
o 1363 1.270000
o 1358 1.270000
o 1355 1.270000
o 1352 1.270000
o 1341 1.270000
o 1338 1.270000
o 1333 1.270000
o 1330 1.270000
o 1319 1.270000
o 1313 1.270000
o 1307 1.270000
o 1300 1.270000
o 1296 1.270000
o 1293 1.270000
o 1292 1.270000
o 1291 1.270000
o 1288 1.270000
o 1287 1.270000
o 1286 1.270000
o 1285 1.270000
o 1284 1.270000
o 1283 1.270000
o 1282 1.270000
o 1279 1.270000
o 1263 1.270000
o 1260 1.270000
o 1257 1.270000
o 1254 1.270000
o 1253 1.270000
o 1252 1.270000
o 1251 1.270000
o 1250 1.270000
o 1249 1.270000
o 1246 1.270000
o 1243 1.270000
o 1242 1.270000
o 1236 1.270000
o 1233 1.270000
o 1230 1.270000
o 1228 1.270000
o 1223 1.270000
o 1220 1.270000
o 1216 1.270000
o 1212 1.270000
o 1209 1.270000
o 1204 1.270000
o 1203 1.270000
o 1199 1.270000
o 1196 1.270000
o 1195 1.270000
o 1194 1.270000
o 1188 1.270000
o 1184 1.270000
o 1183 1.270000
o 1180 1.270000
o 1179 1.270000
o 1178 1.270000
o 1175 1.270000
o 1170 1.270000
o 1169 1.270000
o 1163 1.270000
o 1162 1.270000
o 1161 1.270000
o 1160 1.280000
o 1159 1.280000
o 1158 1.280000
o 1147 1.280000
o 1146 1.280000
o 1145 1.280000
o 1134 1.280000
o 1132 1.280000
o 1131 1.280000
o 1128 1.280000
o 1123 1.280000
o 1117 1.280000
o 1113 1.280000
o 1110 1.280000
o 1109 1.280000
o 1108 1.280000
o 1095 1.280000
o 1094 1.280000
o 1093 1.280000
o 1090 1.280000
o 1087 1.280000
o 1086 1.280000
o 1083 1.280000
o 1077 1.280000
o 1074 1.280000
o 1071 1.280000
o 1068 1.280000
o 1066 1.280000
o 1065 1.280000
o 1064 1.280000
o 1061 1.280000
o 1060 1.280000
o 1050 1.280000
o 1049 1.280000
o 1048 1.280000
o 1045 1.280000
o 1044 1.280000
o 1041 1.280000
o 1040 1.280000
o 1039 1.280000
o 1038 1.280000
o 1035 1.280000
o 1032 1.280000
o 1029 1.280000
o 1028 1.280000
o 1027 1.280000
o 1026 1.280000
o 1025 1.280000
o 1020 1.280000
o 1019 1.280000
o 1018 1.280000
o 1017 1.280000
o 1013 1.280000
o 1012 1.280000
o 1010 1.280000
o 1005 1.280000
o 1004 1.280000
o 1003 1.280000
o 1001 1.280000
o 996 1.280000
o 992 1.280000
o 991 1.280000
o 988 1.280000
o 985 1.280000
o 981 1.280000
o 980 1.280000
o 979 1.280000
o 978 1.280000
o 977 1.280000
o 976 1.280000
o 973 1.280000
o 972 1.280000
o 962 1.290000
o 959 1.290000
o 958 1.290000
o 957 1.290000
o 956 1.290000
o 954 1.290000
o 953 1.290000
o 951 1.290000
o 949 1.290000
o 946 1.290000
o 945 1.290000
o 944 1.290000
o 943 1.290000
o 942 1.290000
o 940 1.290000
o 939 1.290000
o 938 1.290000
o 935 1.290000
o 934 1.290000
o 933 1.290000
o 931 1.290000
o 930 1.290000
o 929 1.290000
o 928 1.290000
o 927 1.290000
o 925 1.290000
o 924 1.290000
o 922 1.290000
o 921 1.290000
o 919 1.290000
o 918 1.290000
o 914 1.290000
o 913 1.290000
o 912 1.290000
o 909 1.290000
o 902 1.290000
o 901 1.290000
o 893 1.290000
o 891 1.290000
o 888 1.290000
o 887 1.290000
o 885 1.290000
o 882 1.290000
o 881 1.290000
o 880 1.290000
o 878 1.300000
o 877 1.300000
o 876 1.300000
o 875 1.300000
o 872 1.300000
o 869 1.300000
o 868 1.300000
o 865 1.300000
o 862 1.300000
o 859 1.300000
o 858 1.300000
o 856 1.300000
o 851 1.300000
o 848 1.300000
o 847 1.300000
o 845 1.300000
o 843 1.300000
o 842 1.300000
o 841 1.300000
o 835 1.300000
o 834 1.300000
o 833 1.300000
o 832 1.300000
o 831 1.300000
o 830 1.300000
o 829 1.300000
o 828 1.310000
o 827 1.310000
o 826 1.310000
o 825 1.310000
o 823 1.310000
o 822 1.310000
o 821 1.310000
o 820 1.310000
o 819 1.310000
o 818 1.310000
o 817 1.310000
o 814 1.310000
o 812 1.320000
o 808 1.320000
o 807 1.320000
o 806 1.320000
o 805 1.320000
o 803 1.320000
o 802 1.320000
o 799 1.320000
o 798 1.320000
o 797 1.320000
o 796 1.320000
o 794 1.320000
o 793 1.320000
o 792 1.320000
o 791 1.320000
o 790 1.330000
o 788 1.330000
o 787 1.340000
o 786 1.370000
o 785 1.370000
o 784 1.370000
o 783 1.370000
o 782 1.380000
o 781 1.390000
o 780 1.390000
o 779 1.390000
o 778 1.390000
o 777 1.390000
o 776 1.390000
o 775 1.400000
o 774 1.430000
o 773 1.430000
o 772 1.460000
o 771 1.460000
o 770 1.460000
o 769 1.460000
o 768 1.500000
o 767 1.500000
o 766 1.540000
o 765 1.550000
o 764 1.550000
o 763 1.560000
o 762 1.560000
o 761 1.560000
o 759 1.570000
o 758 1.570000
o 757 1.570000
o 756 1.570000
o 754 1.590000
o 753 1.600000
o 752 1.610000
o 751 1.610000
o 750 1.620000
o 749 1.620000
o 744 1.630000
o 743 1.630000
o 742 1.640000
o 741 1.640000
o 738 1.640000
o 737 1.640000
o 735 1.640000
o 734 1.640000
o 732 1.640000
o 731 1.640000
o 730 1.670000
o 729 1.690000
o 727 1.700000
o 726 1.700000
o 723 1.710000
o 721 1.770000
o 720 1.770000
o 719 1.790000
o 718 1.810000
o 715 1.810000
o 714 1.810000
o 713 1.850000
o 712 1.850000
o 711 1.850000
o 710 1.880000
o 707 1.970000
o 706 1.990000
o 705 2.520000
o 704 5.530000
o 703 5.540000
o 702 7.860000
o 699 7.860000
o 698 7.860000
o 697 7.860000
697	7.860000
judgment-aggregation-ja-kemeny-preflib-00051-00000011
o 1266 1.020000
o 1259 1.060000
o 1258 1.060000
o 1257 1.060000
o 1254 1.060000
o 1253 1.060000
o 1252 1.060000
o 1242 1.060000
o 1239 1.060000
o 1236 1.060000
o 1235 1.060000
o 1231 1.060000
o 1228 1.060000
o 1227 1.060000
o 1226 1.060000
o 1223 1.060000
o 1222 1.060000
o 1219 1.060000
o 1216 1.060000
o 1212 1.060000
o 1211 1.060000
o 1208 1.060000
o 1205 1.060000
o 1191 1.060000
o 1188 1.060000
o 1186 1.060000
o 1185 1.060000
o 1183 1.060000
o 1180 1.060000
o 1177 1.060000
o 1176 1.060000
o 1175 1.060000
o 1174 1.060000
o 1173 1.060000
o 1172 1.060000
o 1169 1.060000
o 1168 1.060000
o 1164 1.060000
o 1162 1.060000
o 1161 1.060000
o 1160 1.060000
o 1157 1.060000
o 1153 1.060000
o 1152 1.060000
o 1151 1.060000
o 1150 1.060000
o 1147 1.060000
o 1145 1.060000
o 1144 1.060000
o 1143 1.060000
o 1141 1.060000
o 1137 1.060000
o 1135 1.060000
o 1134 1.060000
o 1133 1.060000
o 1132 1.060000
o 1131 1.060000
o 1129 1.060000
o 1128 1.060000
o 1125 1.060000
o 1122 1.060000
o 1117 1.060000
o 1116 1.060000
o 1115 1.070000
o 1112 1.070000
o 1109 1.070000
o 1108 1.070000
o 1107 1.070000
o 1105 1.070000
o 1102 1.070000
o 1101 1.070000
o 1100 1.070000
o 1097 1.070000
o 1094 1.070000
o 1093 1.070000
o 1092 1.070000
o 1090 1.070000
o 1087 1.070000
o 1084 1.070000
o 1079 1.070000
o 1076 1.070000
o 1075 1.070000
o 1074 1.070000
o 1073 1.070000
o 1070 1.070000
o 1067 1.070000
o 1064 1.070000
o 1061 1.070000
o 1060 1.070000
o 1055 1.070000
o 1054 1.070000
o 1048 1.070000
o 1043 1.070000
o 1040 1.070000
o 1037 1.070000
o 1032 1.070000
o 1030 1.070000
o 1029 1.070000
o 1028 1.070000
o 1025 1.070000
o 1024 1.070000
o 1021 1.070000
o 1016 1.070000
o 1013 1.070000
o 1012 1.070000
o 1009 1.070000
o 1003 1.070000
o 1002 1.070000
o 987 1.070000
o 984 1.070000
o 981 1.070000
o 980 1.070000
o 978 1.070000
o 977 1.070000
o 974 1.070000
o 973 1.070000
o 970 1.070000
o 967 1.070000
o 966 1.070000
o 964 1.070000
o 963 1.070000
o 961 1.070000
o 959 1.070000
o 956 1.070000
o 953 1.070000
o 951 1.070000
o 950 1.070000
o 949 1.070000
o 948 1.070000
o 944 1.070000
o 941 1.070000
o 940 1.070000
o 939 1.070000
o 936 1.070000
o 935 1.070000
o 934 1.070000
o 933 1.070000
o 932 1.070000
o 929 1.070000
o 928 1.070000
o 927 1.070000
o 924 1.070000
o 923 1.080000
o 920 1.080000
o 919 1.080000
o 918 1.080000
o 917 1.080000
o 915 1.080000
o 914 1.080000
o 913 1.080000
o 912 1.080000
o 909 1.080000
o 908 1.080000
o 907 1.080000
o 906 1.080000
o 903 1.080000
o 902 1.080000
o 901 1.080000
o 898 1.080000
o 897 1.080000
o 896 1.080000
o 893 1.080000
o 889 1.080000
o 888 1.080000
o 887 1.080000
o 884 1.080000
o 883 1.080000
o 882 1.080000
o 881 1.080000
o 880 1.080000
o 879 1.080000
o 878 1.080000
o 877 1.080000
o 875 1.080000
o 872 1.080000
o 869 1.080000
o 868 1.080000
o 867 1.080000
o 865 1.080000
o 859 1.080000
o 856 1.080000
o 853 1.090000
o 852 1.090000
o 851 1.090000
o 850 1.090000
o 849 1.090000
o 846 1.090000
o 844 1.100000
o 843 1.100000
o 842 1.100000
o 839 1.100000
o 838 1.100000
o 837 1.100000
o 836 1.100000
o 835 1.100000
o 834 1.100000
o 832 1.100000
o 831 1.100000
o 830 1.110000
o 829 1.110000
o 828 1.120000
o 827 1.120000
o 826 1.120000
o 825 1.120000
o 824 1.120000
o 823 1.120000
o 822 1.120000
o 819 1.120000
o 818 1.120000
o 816 1.120000
o 815 1.120000
o 813 1.120000
o 811 1.120000
o 810 1.120000
o 809 1.120000
o 808 1.120000
o 807 1.120000
o 806 1.120000
o 805 1.130000
o 804 1.130000
o 801 1.130000
o 799 1.130000
o 798 1.130000
o 797 1.130000
o 796 1.130000
o 795 1.130000
o 794 1.130000
o 793 1.130000
o 790 1.130000
o 789 1.130000
o 787 1.130000
o 783 1.160000
o 781 1.160000
o 780 1.160000
o 779 1.160000
o 778 1.160000
o 777 1.160000
o 776 1.160000
o 775 1.160000
o 774 1.190000
o 773 1.190000
o 772 1.190000
o 769 1.200000
o 768 1.200000
o 767 1.200000
o 766 1.210000
o 764 1.210000
o 762 1.210000
o 761 1.260000
o 760 1.270000
o 759 1.270000
o 757 1.280000
o 756 1.280000
o 755 1.280000
o 754 1.390000
o 752 1.490000
o 751 1.500000
o 750 1.500000
o 749 1.510000
o 748 1.520000
o 747 1.960000
o 745 1.960000
o 744 2.440000
o 742 2.440000
o 740 2.660000
o 739 3.000000
o 738 3.020000
o 736 4.090000
o 735 4.090000
o 734 4.170000
o 733 4.400000
o 732 4.840000
o 731 7.120000
o 729 10.750000
o 728 10.750000
o 727 10.760000
o 726 10.770000
o 725 10.770000
o 724 20.460000
o 723 24.210000
o 722 120.000000
o 721 230.890000
o 720 230.950000
o 719 230.990000
o 717 230.990000
o 716 231.820000
716	231.820000
judgment-aggregation-ja-kemeny-preflib-00051-00000011
o 1345 1.130000
o 1335 1.180000
o 1332 1.180000
o 1327 1.180000
o 1321 1.180000
o 1318 1.180000
o 1300 1.180000
o 1296 1.180000
o 1293 1.180000
o 1290 1.180000
o 1287 1.180000
o 1286 1.180000
o 1283 1.180000
o 1280 1.180000
o 1275 1.180000
o 1272 1.180000
o 1269 1.180000
o 1268 1.180000
o 1262 1.180000
o 1261 1.180000
o 1260 1.180000
o 1259 1.180000
o 1252 1.180000
o 1251 1.180000
o 1248 1.180000
o 1245 1.180000
o 1244 1.180000
o 1241 1.180000
o 1235 1.180000
o 1232 1.180000
o 1231 1.180000
o 1228 1.180000
o 1225 1.180000
o 1222 1.180000
o 1219 1.180000
o 1211 1.180000
o 1207 1.180000
o 1206 1.180000
o 1205 1.180000
o 1204 1.180000
o 1203 1.180000
o 1202 1.190000
o 1199 1.190000
o 1198 1.190000
o 1195 1.190000
o 1194 1.190000
o 1193 1.190000
o 1192 1.190000
o 1190 1.190000
o 1187 1.190000
o 1184 1.190000
o 1181 1.190000
o 1178 1.190000
o 1169 1.190000
o 1168 1.190000
o 1167 1.190000
o 1165 1.190000
o 1164 1.190000
o 1151 1.190000
o 1150 1.190000
o 1147 1.190000
o 1144 1.190000
o 1143 1.190000
o 1140 1.190000
o 1139 1.190000
o 1138 1.190000
o 1137 1.190000
o 1136 1.190000
o 1133 1.190000
o 1130 1.190000
o 1129 1.190000
o 1128 1.190000
o 1127 1.190000
o 1126 1.190000
o 1123 1.190000
o 1122 1.190000
o 1120 1.190000
o 1117 1.190000
o 1114 1.190000
o 1111 1.190000
o 1109 1.190000
o 1108 1.190000
o 1107 1.190000
o 1106 1.190000
o 1104 1.190000
o 1101 1.190000
o 1098 1.190000
o 1095 1.190000
o 1092 1.190000
o 1089 1.190000
o 1086 1.190000
o 1085 1.190000
o 1082 1.190000
o 1081 1.190000
o 1080 1.190000
o 1079 1.190000
o 1077 1.190000
o 1072 1.190000
o 1069 1.190000
o 1066 1.190000
o 1065 1.190000
o 1063 1.190000
o 1062 1.190000
o 1061 1.190000
o 1060 1.190000
o 1057 1.190000
o 1054 1.190000
o 1051 1.190000
o 1048 1.190000
o 1047 1.190000
o 1046 1.190000
o 1045 1.190000
o 1043 1.190000
o 1042 1.190000
o 1041 1.190000
o 1040 1.190000
o 1039 1.190000
o 1037 1.190000
o 1036 1.190000
o 1035 1.190000
o 1034 1.190000
o 1033 1.190000
o 1031 1.200000
o 1029 1.200000
o 1026 1.200000
o 1022 1.200000
o 1021 1.200000
o 1019 1.200000
o 1018 1.200000
o 1015 1.200000
o 1013 1.200000
o 1012 1.200000
o 1008 1.200000
o 1005 1.200000
o 1003 1.200000
o 1000 1.200000
o 997 1.200000
o 994 1.200000
o 993 1.200000
o 992 1.200000
o 989 1.200000
o 986 1.200000
o 983 1.200000
o 982 1.200000
o 981 1.200000
o 980 1.200000
o 977 1.200000
o 973 1.200000
o 972 1.200000
o 971 1.200000
o 970 1.200000
o 969 1.200000
o 968 1.200000
o 967 1.200000
o 966 1.200000
o 960 1.200000
o 958 1.200000
o 956 1.200000
o 955 1.200000
o 954 1.200000
o 953 1.200000
o 952 1.200000
o 950 1.200000
o 947 1.200000
o 944 1.200000
o 942 1.200000
o 941 1.200000
o 938 1.200000
o 936 1.200000
o 935 1.200000
o 934 1.200000
o 933 1.200000
o 932 1.200000
o 931 1.200000
o 930 1.200000
o 929 1.200000
o 928 1.200000
o 927 1.210000
o 924 1.210000
o 923 1.210000
o 921 1.210000
o 919 1.210000
o 918 1.210000
o 916 1.210000
o 913 1.210000
o 912 1.210000
o 909 1.210000
o 906 1.210000
o 905 1.210000
o 900 1.210000
o 899 1.210000
o 898 1.210000
o 897 1.210000
o 896 1.210000
o 894 1.210000
o 893 1.210000
o 887 1.210000
o 886 1.210000
o 885 1.210000
o 878 1.210000
o 877 1.210000
o 876 1.210000
o 875 1.220000
o 874 1.220000
o 871 1.220000
o 870 1.220000
o 869 1.220000
o 868 1.220000
o 865 1.220000
o 863 1.220000
o 862 1.220000
o 861 1.220000
o 860 1.220000
o 859 1.220000
o 858 1.220000
o 857 1.220000
o 854 1.220000
o 853 1.220000
o 852 1.220000
o 851 1.220000
o 850 1.220000
o 848 1.220000
o 846 1.220000
o 845 1.220000
o 843 1.230000
o 842 1.230000
o 841 1.230000
o 840 1.230000
o 839 1.230000
o 837 1.230000
o 836 1.230000
o 830 1.230000
o 829 1.230000
o 828 1.230000
o 825 1.230000
o 822 1.230000
o 820 1.230000
o 817 1.230000
o 816 1.240000
o 814 1.240000
o 812 1.240000
o 811 1.240000
o 810 1.250000
o 809 1.250000
o 808 1.250000
o 807 1.250000
o 806 1.250000
o 805 1.260000
o 804 1.260000
o 803 1.260000
o 802 1.290000
o 801 1.290000
o 800 1.290000
o 799 1.290000
o 798 1.290000
o 797 1.290000
o 796 1.290000
o 795 1.290000
o 792 1.330000
o 791 1.330000
o 790 1.350000
o 787 1.360000
o 782 1.360000
o 780 1.390000
o 779 1.390000
o 778 1.390000
o 775 1.390000
o 774 1.390000
o 772 1.390000
o 771 1.390000
o 769 1.460000
o 768 1.460000
o 767 1.480000
o 766 1.490000
o 764 1.490000
o 762 1.580000
o 759 1.580000
o 756 1.580000
o 753 1.580000
o 752 1.580000
o 749 1.580000
o 748 1.580000
o 747 1.620000
o 746 1.620000
o 745 1.620000
o 742 1.620000
o 741 1.620000
o 739 1.620000
o 738 1.620000
o 735 1.660000
o 734 1.810000
o 733 2.430000
o 732 2.660000
o 731 2.660000
o 730 3.080000
o 729 4.920000
o 727 23.300000
o 726 23.300000
o 725 23.350000
o 724 23.350000
o 723 23.360000
o 722 23.360000
o 721 24.170000
o 720 75.440000
o 719 260.410000
o 718 261.150000
o 717 261.350000
717	261.350000
judgment-aggregation-ja-kemeny-preflib-00051-00000011
o 1374 1.220000
o 1366 1.270000
o 1357 1.270000
o 1348 1.270000
o 1341 1.270000
o 1338 1.270000
o 1335 1.270000
o 1332 1.270000
o 1329 1.270000
o 1324 1.270000
o 1314 1.270000
o 1308 1.270000
o 1302 1.270000
o 1297 1.270000
o 1290 1.270000
o 1285 1.270000
o 1282 1.270000
o 1281 1.270000
o 1280 1.270000
o 1279 1.270000
o 1278 1.270000
o 1277 1.270000
o 1274 1.270000
o 1271 1.270000
o 1270 1.270000
o 1267 1.270000
o 1264 1.270000
o 1261 1.270000
o 1260 1.270000
o 1245 1.270000
o 1242 1.270000
o 1239 1.270000
o 1233 1.270000
o 1228 1.270000
o 1225 1.270000
o 1222 1.270000
o 1220 1.270000
o 1213 1.270000
o 1208 1.270000
o 1202 1.270000
o 1200 1.270000
o 1199 1.270000
o 1196 1.270000
o 1193 1.270000
o 1190 1.270000
o 1184 1.280000
o 1183 1.280000
o 1180 1.280000
o 1179 1.280000
o 1176 1.280000
o 1174 1.280000
o 1173 1.280000
o 1172 1.280000
o 1171 1.280000
o 1168 1.280000
o 1167 1.280000
o 1164 1.280000
o 1163 1.280000
o 1162 1.280000
o 1161 1.280000
o 1160 1.280000
o 1156 1.280000
o 1152 1.280000
o 1151 1.280000
o 1148 1.280000
o 1144 1.280000
o 1141 1.280000
o 1140 1.280000
o 1139 1.280000
o 1138 1.280000
o 1133 1.280000
o 1123 1.280000
o 1122 1.280000
o 1119 1.280000
o 1118 1.280000
o 1108 1.280000
o 1105 1.280000
o 1102 1.280000
o 1101 1.280000
o 1100 1.280000
o 1097 1.280000
o 1093 1.280000
o 1092 1.280000
o 1091 1.280000
o 1089 1.280000
o 1088 1.280000
o 1087 1.280000
o 1086 1.280000
o 1083 1.280000
o 1076 1.280000
o 1073 1.280000
o 1070 1.280000
o 1065 1.280000
o 1061 1.280000
o 1060 1.280000
o 1059 1.280000
o 1050 1.280000
o 1047 1.280000
o 1039 1.280000
o 1037 1.280000
o 1034 1.280000
o 1033 1.280000
o 1027 1.280000
o 1024 1.280000
o 1020 1.280000
o 1019 1.280000
o 1016 1.280000
o 1013 1.280000
o 1011 1.280000
o 1010 1.280000
o 1004 1.280000
o 1001 1.280000
o 1000 1.280000
o 999 1.280000
o 998 1.280000
o 995 1.280000
o 991 1.290000
o 987 1.290000
o 986 1.290000
o 985 1.290000
o 984 1.290000
o 983 1.290000
o 980 1.290000
o 979 1.290000
o 977 1.290000
o 976 1.290000
o 975 1.290000
o 972 1.290000
o 966 1.290000
o 961 1.290000
o 956 1.290000
o 951 1.290000
o 949 1.290000
o 944 1.290000
o 943 1.290000
o 941 1.290000
o 935 1.290000
o 934 1.290000
o 933 1.290000
o 932 1.290000
o 931 1.290000
o 930 1.290000
o 929 1.290000
o 927 1.290000
o 926 1.290000
o 924 1.290000
o 923 1.290000
o 920 1.290000
o 919 1.290000
o 918 1.290000
o 917 1.290000
o 915 1.290000
o 912 1.290000
o 911 1.290000
o 910 1.290000
o 907 1.290000
o 904 1.290000
o 903 1.290000
o 902 1.290000
o 900 1.290000
o 899 1.290000
o 898 1.290000
o 897 1.290000
o 893 1.290000
o 892 1.290000
o 891 1.290000
o 890 1.290000
o 889 1.290000
o 887 1.300000
o 886 1.300000
o 884 1.300000
o 883 1.300000
o 882 1.300000
o 881 1.300000
o 880 1.300000
o 879 1.300000
o 877 1.300000
o 874 1.300000
o 873 1.300000
o 871 1.300000
o 870 1.300000
o 869 1.300000
o 868 1.300000
o 865 1.300000
o 862 1.300000
o 861 1.300000
o 858 1.300000
o 856 1.310000
o 855 1.310000
o 854 1.310000
o 853 1.310000
o 852 1.310000
o 851 1.310000
o 848 1.310000
o 846 1.310000
o 840 1.310000
o 837 1.310000
o 836 1.310000
o 835 1.310000
o 832 1.310000
o 829 1.310000
o 828 1.310000
o 827 1.310000
o 825 1.310000
o 824 1.310000
o 823 1.310000
o 822 1.310000
o 821 1.310000
o 816 1.310000
o 814 1.310000
o 813 1.310000
o 811 1.310000
o 810 1.310000
o 809 1.320000
o 808 1.320000
o 807 1.320000
o 805 1.320000
o 804 1.320000
o 803 1.320000
o 799 1.320000
o 798 1.320000
o 797 1.320000
o 796 1.320000
o 795 1.320000
o 793 1.320000
o 791 1.320000
o 790 1.320000
o 787 1.320000
o 784 1.320000
o 783 1.330000
o 782 1.330000
o 781 1.330000
o 780 1.330000
o 779 1.330000
o 778 1.330000
o 775 1.330000
o 772 1.330000
o 771 1.330000
o 770 1.330000
o 767 1.330000
o 766 1.330000
o 765 1.340000
o 764 1.340000
o 761 1.340000
o 758 1.340000
o 757 1.340000
o 754 1.340000
o 753 1.340000
o 751 1.340000
o 750 1.340000
o 749 1.340000
o 748 1.340000
o 747 1.340000
o 746 1.350000
o 745 1.360000
o 744 1.360000
o 743 1.370000
o 742 1.370000
o 741 1.370000
o 740 1.400000
o 739 1.420000
o 738 1.540000
o 737 1.610000
o 736 1.750000
o 735 1.760000
o 734 1.760000
o 733 1.770000
o 732 1.910000
o 731 2.010000
o 730 5.890000
o 729 5.940000
o 728 15.620000
o 727 15.620000
o 726 15.620000
o 725 15.640000
o 724 15.830000
o 723 15.830000
o 722 15.840000
o 721 18.340000
o 720 18.690000
o 719 18.690000
o 718 18.690000
o 717 22.080000
o 716 90.800000
o 715 90.800000
o 714 90.800000
o 713 90.810000
o 712 90.810000
o 711 90.810000
o 710 90.810000
o 709 90.810000
o 708 90.810000
o 707 90.810000
o 706 90.820000
o 705 90.900000
o 703 93.410000
o 702 100.680000
702	100.680000
judgment-aggregation-ja-kemeny-preflib-00051-00000011
o 1419 1.220000
o 1415 1.260000
o 1411 1.260000
o 1410 1.260000
o 1407 1.260000
o 1404 1.260000
o 1401 1.260000
o 1400 1.260000
o 1399 1.260000
o 1398 1.260000
o 1392 1.260000
o 1382 1.260000
o 1381 1.260000
o 1374 1.260000
o 1366 1.260000
o 1359 1.260000
o 1356 1.260000
o 1341 1.260000
o 1340 1.260000
o 1334 1.260000
o 1331 1.260000
o 1330 1.260000
o 1329 1.260000
o 1322 1.260000
o 1320 1.260000
o 1319 1.260000
o 1318 1.260000
o 1315 1.260000
o 1314 1.260000
o 1306 1.260000
o 1305 1.260000
o 1230 1.260000
o 1227 1.260000
o 1226 1.260000
o 1225 1.260000
o 1222 1.260000
o 1221 1.260000
o 1217 1.260000
o 1216 1.260000
o 1214 1.260000
o 1212 1.260000
o 1209 1.260000
o 1204 1.260000
o 1201 1.260000
o 1200 1.260000
o 1199 1.260000
o 1198 1.260000
o 1197 1.260000
o 1196 1.260000
o 1195 1.260000
o 1194 1.260000
o 1191 1.260000
o 1190 1.260000
o 1187 1.260000
o 1186 1.260000
o 1184 1.260000
o 1181 1.260000
o 1178 1.260000
o 1177 1.260000
o 1176 1.260000
o 1174 1.260000
o 1168 1.260000
o 1165 1.260000
o 1160 1.260000
o 1159 1.260000
o 1158 1.260000
o 1156 1.260000
o 1149 1.260000
o 1145 1.260000
o 1144 1.260000
o 1143 1.260000
o 1134 1.260000
o 1133 1.260000
o 1132 1.260000
o 1127 1.260000
o 1126 1.260000
o 1125 1.260000
o 1114 1.260000
o 1112 1.260000
o 1105 1.260000
o 1102 1.260000
o 1100 1.260000
o 1099 1.260000
o 1098 1.260000
o 1097 1.260000
o 1090 1.260000
o 1089 1.260000
o 1087 1.260000
o 1086 1.260000
o 1083 1.260000
o 1080 1.260000
o 1079 1.260000
o 1078 1.260000
o 1077 1.270000
o 1076 1.270000
o 1073 1.270000
o 1070 1.270000
o 1067 1.270000
o 1062 1.270000
o 1058 1.270000
o 1057 1.270000
o 1045 1.270000
o 1044 1.270000
o 1041 1.270000
o 1037 1.270000
o 1033 1.270000
o 1030 1.270000
o 1027 1.270000
o 1026 1.270000
o 1023 1.270000
o 1020 1.270000
o 1019 1.270000
o 1018 1.270000
o 1005 1.270000
o 1004 1.270000
o 1001 1.270000
o 1000 1.270000
o 998 1.270000
o 996 1.270000
o 994 1.270000
o 988 1.270000
o 987 1.270000
o 986 1.270000
o 985 1.270000
o 984 1.270000
o 983 1.270000
o 980 1.270000
o 977 1.270000
o 976 1.270000
o 975 1.270000
o 974 1.270000
o 973 1.270000
o 972 1.270000
o 971 1.270000
o 970 1.270000
o 969 1.270000
o 968 1.270000
o 966 1.270000
o 965 1.270000
o 964 1.270000
o 963 1.270000
o 962 1.270000
o 961 1.270000
o 960 1.270000
o 959 1.270000
o 958 1.270000
o 954 1.270000
o 951 1.270000
o 950 1.270000
o 949 1.270000
o 946 1.270000
o 943 1.270000
o 942 1.270000
o 941 1.280000
o 940 1.280000
o 936 1.280000
o 935 1.280000
o 934 1.280000
o 933 1.280000
o 927 1.280000
o 926 1.280000
o 923 1.280000
o 922 1.280000
o 920 1.280000
o 917 1.280000
o 914 1.280000
o 908 1.280000
o 906 1.280000
o 905 1.280000
o 902 1.280000
o 898 1.280000
o 897 1.280000
o 894 1.280000
o 891 1.280000
o 890 1.280000
o 888 1.280000
o 886 1.280000
o 884 1.280000
o 883 1.290000
o 881 1.290000
o 877 1.290000
o 876 1.290000
o 875 1.290000
o 874 1.290000
o 871 1.290000
o 870 1.290000
o 869 1.290000
o 868 1.290000
o 867 1.290000
o 864 1.290000
o 863 1.290000
o 860 1.290000
o 859 1.290000
o 858 1.290000
o 857 1.300000
o 852 1.300000
o 851 1.300000
o 850 1.300000
o 849 1.300000
o 848 1.300000
o 847 1.300000
o 845 1.300000
o 844 1.300000
o 841 1.300000
o 840 1.310000
o 839 1.310000
o 838 1.310000
o 837 1.310000
o 834 1.310000
o 833 1.320000
o 832 1.320000
o 829 1.320000
o 828 1.320000
o 824 1.320000
o 823 1.320000
o 822 1.320000
o 821 1.320000
o 820 1.320000
o 819 1.320000
o 818 1.330000
o 817 1.330000
o 816 1.330000
o 815 1.340000
o 814 1.340000
o 813 1.340000
o 812 1.340000
o 811 1.360000
o 810 1.370000
o 809 1.370000
o 808 1.410000
o 807 1.410000
o 806 1.420000
o 804 1.420000
o 803 1.420000
o 802 1.440000
o 800 1.440000
o 798 1.440000
o 797 1.450000
o 796 1.450000
o 793 1.460000
o 789 1.460000
o 786 1.460000
o 785 1.460000
o 782 1.470000
o 781 1.470000
o 780 1.470000
o 779 1.470000
o 778 1.470000
o 777 1.470000
o 774 1.480000
o 771 1.480000
o 769 1.480000
o 768 1.480000
o 767 1.540000
o 766 1.560000
o 765 1.560000
o 764 1.560000
o 763 1.560000
o 762 1.580000
o 761 1.610000
o 760 1.680000
o 758 1.750000
o 756 1.750000
o 755 1.750000
o 754 1.750000
o 752 1.750000
o 751 1.760000
o 749 1.760000
o 748 1.760000
o 747 1.820000
o 741 1.820000
o 740 1.850000
o 739 1.850000
o 738 1.850000
o 737 1.850000
o 736 1.900000
o 735 1.900000
o 734 1.910000
o 733 1.910000
o 732 1.950000
o 731 2.030000
o 730 2.030000
o 729 2.030000
o 728 2.030000
o 727 2.030000
o 726 2.080000
o 725 2.140000
o 724 3.350000
o 723 3.380000
o 721 3.540000
o 719 5.330000
o 718 5.330000
o 717 5.340000
o 716 29.890000
o 715 29.890000
715	29.890000
