ParametricRBACMaintenance_mse20-role_university_multiple_0.1_1
o 120133 1.860000
o 63631 4.530000
o 63112 4.810000
o 63070 4.810000
o 62986 4.810000
o 62923 4.830000
o 62871 4.950000
o 62787 4.950000
o 62703 5.200000
o 62426 5.400000
o 62405 5.410000
o 62384 5.410000
o 62363 5.410000
o 62342 5.410000
o 62321 5.410000
o 62300 5.410000
o 61750 5.430000
o 61729 5.430000
o 61708 5.430000
o 61687 5.430000
o 61666 5.440000
o 61645 5.450000
o 61624 5.450000
o 61561 5.460000
o 61540 5.460000
o 61519 5.460000
o 61517 5.480000
o 61496 5.550000
o 61475 5.570000
o 61458 6.390000
o 61437 6.390000
o 61416 6.390000
o 61395 6.390000
o 61374 6.390000
o 61353 6.390000
o 61332 6.390000
o 61328 6.400000
o 61307 6.400000
o 61286 6.410000
o 61265 6.440000
o 61202 6.730000
o 61160 6.740000
o 61139 6.740000
o 61137 6.940000
o 61116 6.950000
o 61095 6.950000
o 61074 6.950000
o 61053 6.950000
o 61032 6.950000
o 60971 7.140000
o 60969 7.290000
o 60638 62.160000
o 60617 62.160000
o 60596 62.200000
o 60575 62.200000
o 60212 62.710000
o 60191 62.820000
o 60170 62.820000
o 60149 62.820000
o 60128 62.820000
o 60107 62.840000
o 60086 62.840000
60086	62.840000
ParametricRBACMaintenance_mse20-role_university_multiple_0.1_1
o 117276 2.280000
o 65521 5.520000
o 63348 5.840000
o 63306 5.880000
o 63092 5.920000
o 62781 6.110000
o 62763 20.210000
o 62742 20.220000
o 62721 20.220000
o 62700 20.250000
o 62679 20.250000
o 62658 20.260000
o 62639 20.970000
o 62614 21.520000
o 62593 21.520000
o 62572 21.530000
o 62551 21.530000
o 62530 21.540000
o 62509 22.050000
o 62488 22.050000
o 62486 22.240000
o 62482 38.640000
o 62461 38.640000
o 62440 38.640000
o 62419 38.650000
o 62364 109.720000
o 62343 109.720000
o 62322 109.720000
o 62301 109.720000
o 62280 109.720000
o 62259 109.730000
o 62238 109.730000
o 62217 109.730000
o 61923 109.810000
o 61707 109.950000
o 61686 109.950000
o 61661 109.960000
o 61491 109.960000
o 61428 109.960000
o 61407 109.960000
o 61405 110.020000
o 61384 110.020000
o 61363 110.020000
o 61342 110.030000
o 61321 110.030000
o 61300 110.030000
o 61279 110.040000
o 61235 110.060000
o 61214 110.060000
o 61193 110.060000
o 61032 110.650000
o 61011 110.650000
o 60990 110.660000
o 60969 110.680000
o 60948 110.680000
o 60927 110.690000
o 60906 110.710000
60906	110.710000
ParametricRBACMaintenance_mse20-role_university_multiple_0.1_1
o 121586 1.810000
o 63463 3.810000
o 63421 3.820000
o 63316 3.820000
o 62588 3.950000
o 62567 4.000000
o 62487 4.030000
o 62332 4.060000
o 62143 4.070000
o 62129 5.270000
o 62108 5.270000
o 62087 5.270000
o 62066 5.270000
o 62045 5.270000
o 62024 5.270000
o 62003 5.270000
o 61982 5.270000
o 61961 5.280000
o 61940 5.280000
o 61919 5.280000
o 61877 5.280000
o 61856 5.280000
o 61835 5.280000
o 61833 5.300000
o 61812 5.300000
o 61791 5.300000
o 61770 5.310000
o 61749 5.310000
o 61728 5.310000
o 61707 5.310000
o 61686 5.310000
o 61665 5.310000
o 61644 5.310000
o 61623 5.310000
o 61602 5.310000
o 61583 5.320000
o 61562 5.320000
o 61541 5.320000
o 61520 5.320000
o 61499 5.320000
o 61478 5.320000
o 61457 5.320000
o 61436 5.320000
o 61415 5.320000
o 61394 5.320000
o 61373 5.320000
o 60969 5.400000
o 60948 5.410000
o 60927 5.410000
o 60906 5.410000
o 60770 5.590000
o 60749 5.590000
o 60728 5.590000
o 60707 5.590000
o 60686 5.610000
o 60665 5.610000
o 60644 5.610000
o 60623 5.610000
o 60602 5.620000
o 60581 5.620000
o 60560 5.620000
o 60539 5.680000
o 60518 5.680000
o 60350 6.180000
o 60308 6.710000
o 60252 6.940000
o 60231 6.940000
o 60212 7.260000
o 60191 7.260000
o 60181 106.790000
o 60123 212.350000
o 60102 212.350000
60102	212.350000
ParametricRBACMaintenance_mse20-role_university_multiple_0.1_1
o 115949 1.820000
o 115926 1.870000
o 63989 4.090000
o 63664 4.420000
o 62888 4.570000
o 62886 4.570000
o 62821 4.740000
o 61635 5.080000
o 61488 5.110000
o 61480 11.090000
o 61459 11.090000
o 61438 11.090000
o 61417 11.090000
o 61396 11.090000
o 61375 11.090000
o 61354 11.170000
o 61013 11.290000
o 60992 11.300000
o 60971 11.300000
o 60950 11.400000
o 60929 11.400000
o 60908 11.400000
o 60887 11.400000
o 60814 17.290000
o 60793 17.290000
o 60772 17.300000
o 60751 17.340000
o 60730 17.340000
o 60728 17.450000
o 60726 17.610000
o 60705 17.690000
o 60684 17.690000
o 60663 17.690000
o 60655 67.240000
o 60636 67.600000
o 60534 69.260000
o 60511 69.260000
o 60490 69.260000
o 60469 69.260000
o 60448 69.260000
o 60427 69.270000
o 60408 69.890000
o 60387 69.890000
o 60366 69.920000
o 60345 69.920000
o 60326 70.320000
o 60305 70.510000
o 60284 70.570000
o 60263 70.610000
60263	70.610000
ParametricRBACMaintenance_mse20-role_university_multiple_0.1_1
o 120606 2.390000
o 62534 5.430000
o 62471 5.440000
o 62454 10.000000
o 62423 10.500000
o 62400 10.500000
o 62379 10.500000
o 62358 10.500000
o 62337 10.500000
o 62316 10.510000
o 62295 10.510000
o 62274 10.510000
o 62253 10.510000
o 62232 10.510000
o 62211 10.510000
o 62190 10.510000
o 62169 10.510000
o 62167 10.560000
o 62146 10.580000
o 62144 10.710000
o 62123 10.710000
o 62102 10.850000
o 62081 10.850000
o 61243 18.690000
o 61230 23.740000
o 61228 23.740000
o 61207 23.740000
o 61197 25.780000
o 61176 25.780000
o 61159 26.990000
o 61157 27.250000
o 61136 27.250000
o 61115 27.250000
o 61111 27.540000
o 61096 91.110000
o 61075 92.800000
o 60630 122.370000
o 60609 122.370000
o 60588 122.370000
o 60567 122.370000
o 60546 122.370000
o 60525 122.370000
o 60504 122.370000
60504	122.370000
ParametricRBACMaintenance_mse20-role_university_multiple_0.1_1
o 122050 1.800000
o 65442 4.290000
o 64805 4.300000
o 64768 4.440000
o 64296 4.940000
o 64149 5.020000
o 63960 5.050000
o 63853 5.560000
o 63788 5.640000
o 63655 5.990000
o 63603 6.060000
o 63582 6.060000
o 63580 6.070000
o 63559 6.070000
o 63538 6.070000
o 63517 6.070000
o 63496 6.070000
o 63255 6.150000
o 63108 6.160000
o 62745 6.360000
o 62722 6.360000
o 62699 6.360000
o 62678 6.360000
o 62657 6.360000
o 62636 6.360000
o 62615 6.360000
o 62594 6.380000
o 62088 6.420000
o 62067 6.420000
o 62046 6.480000
o 62025 6.480000
o 62004 6.480000
o 61983 6.510000
o 61962 6.510000
o 61679 6.630000
o 61677 6.640000
o 61656 6.640000
o 61635 6.640000
o 61614 6.640000
o 61593 6.640000
o 61572 6.780000
o 61551 6.840000
o 61530 7.030000
o 61528 7.330000
o 61507 7.340000
o 61486 7.350000
o 61465 7.350000
o 61282 7.750000
o 61280 7.810000
o 61259 7.810000
o 61245 53.020000
o 61203 53.090000
o 61182 53.090000
o 61161 53.090000
o 61149 54.950000
o 61128 54.950000
o 60976 98.770000
o 60846 98.870000
o 60839 102.420000
o 60818 102.460000
o 60816 102.520000
o 60795 102.520000
o 60776 102.770000
o 60774 102.880000
o 60753 102.880000
o 60732 102.950000
o 60711 102.950000
o 60644 106.940000
o 60642 107.140000
o 60310 160.500000
o 60289 160.510000
o 60268 160.510000
o 60247 160.510000
o 60226 160.510000
o 60205 160.510000
o 60184 160.510000
o 60163 160.550000
o 60142 160.550000
o 60121 160.550000
o 60100 160.550000
o 60079 160.550000
o 60058 160.550000
o 60037 160.570000
o 60016 160.590000
o 59995 160.590000
o 59974 160.590000
o 59773 160.860000
o 59752 160.870000
o 59731 160.870000
o 59710 160.880000
o 59689 160.880000
o 59668 160.880000
o 59647 160.900000
o 59626 160.930000
o 59605 160.930000
o 59584 160.930000
59584	160.930000
ParametricRBACMaintenance_mse20-role_university_multiple_0.1_1
o 115835 2.350000
o 65594 5.130000
o 65382 5.130000
o 65361 5.150000
o 65300 5.600000
o 63736 5.970000
o 63312 5.970000
o 63297 6.420000
o 63230 6.480000
o 62978 6.920000
o 62972 6.990000
o 62951 6.990000
o 62912 7.170000
o 62891 7.170000
o 62870 7.180000
o 62849 7.180000
o 62828 7.180000
o 62807 7.180000
o 62786 7.180000
o 62765 7.200000
o 62751 7.820000
o 62730 7.820000
o 62709 7.830000
o 62699 14.030000
o 62678 14.030000
o 62657 14.040000
o 62636 14.060000
o 62594 14.060000
o 62573 14.060000
o 62552 14.060000
o 62531 14.170000
o 62510 14.390000
o 62489 14.450000
o 62472 15.020000
o 62468 15.270000
o 62466 15.570000
o 62445 15.570000
o 62443 15.620000
o 62370 21.920000
o 62349 21.920000
o 62328 21.920000
o 62307 21.960000
o 62286 21.960000
o 62265 21.960000
o 62250 37.650000
o 62229 37.650000
o 62208 37.660000
o 62187 37.660000
o 62166 37.660000
o 62145 37.660000
o 62124 37.660000
o 62103 37.660000
o 62082 37.660000
o 61942 42.720000
o 61919 42.720000
o 61917 42.720000
o 61896 42.720000
o 61875 42.720000
o 61854 42.730000
o 61833 42.730000
o 61682 42.770000
o 61661 42.770000
o 61640 42.770000
o 61619 42.770000
o 61600 42.780000
o 61579 42.780000
o 61569 49.890000
o 61548 49.890000
o 61546 49.900000
o 61527 49.900000
o 61506 49.900000
o 61485 49.900000
o 61464 49.900000
o 61376 99.240000
o 61271 99.250000
o 61036 99.900000
o 60963 99.930000
o 60901 101.170000
o 60880 101.170000
o 60859 101.180000
o 60838 101.180000
o 60817 101.180000
o 60796 101.180000
o 60775 101.190000
o 60754 101.200000
o 60733 101.200000
o 60716 106.480000
o 60579 211.970000
o 60558 211.970000
o 60556 212.040000
o 60535 212.040000
o 60514 212.040000
o 60493 212.040000
o 60472 212.040000
o 60451 212.040000
o 60430 212.040000
o 60409 212.040000
60409	212.040000
ParametricRBACMaintenance_mse20-role_university_multiple_0.1_1
o 144631 1.790000
o 62461 4.760000
o 62314 4.760000
o 61867 4.970000
o 60346 5.690000
o 60314 6.230000
o 60121 6.230000
o 59975 6.930000
o 59912 6.930000
o 59891 6.930000
o 59870 6.980000
o 59849 6.990000
o 59828 6.990000
o 59807 7.000000
59807	7.000000
ParametricRBACMaintenance_mse20-role_university_multiple_0.1_1
o 120588 1.880000
o 65447 3.970000
o 65365 4.060000
o 64849 4.200000
o 64352 4.240000
o 64331 4.240000
o 64310 4.240000
o 64142 4.250000
o 63953 4.270000
o 63932 4.270000
o 63540 4.280000
o 63523 4.360000
o 63355 4.370000
o 63305 6.030000
o 63284 6.040000
o 63261 6.040000
o 63240 6.040000
o 63219 6.040000
o 63198 6.040000
o 63196 6.070000
o 63175 6.080000
o 63154 6.080000
o 63133 6.080000
o 63112 6.080000
o 63053 6.190000
o 63030 6.210000
o 62988 6.220000
o 62774 6.230000
o 62760 6.650000
o 62739 6.660000
o 62718 6.660000
o 62697 6.660000
o 62676 6.660000
o 62655 6.660000
o 62634 6.670000
o 62613 6.670000
o 62611 6.890000
o 62609 6.970000
o 62607 6.980000
o 62586 6.980000
o 62565 6.980000
o 62551 15.490000
o 62530 15.490000
o 62509 15.490000
o 62488 15.490000
o 62467 15.580000
o 62446 15.580000
o 62425 15.580000
o 62404 15.700000
o 62383 15.700000
o 62362 15.700000
o 62341 15.700000
o 62302 24.150000
o 62281 24.150000
o 62260 24.150000
o 62239 24.150000
o 62218 24.180000
o 62197 24.180000
o 62176 24.180000
o 62172 25.270000
o 62038 25.310000
o 62017 25.310000
o 61996 25.320000
o 61975 25.320000
o 61969 25.650000
o 61602 25.820000
o 61581 25.820000
o 61579 25.850000
o 61558 25.940000
o 61543 27.220000
o 61522 27.220000
o 61501 27.220000
o 61497 77.450000
o 61476 77.450000
o 61455 77.490000
o 61434 77.490000
o 61432 77.500000
o 61411 77.510000
o 61390 77.510000
o 61369 77.510000
o 61348 77.510000
o 61327 77.530000
o 61306 77.530000
o 61285 77.530000
o 61264 77.540000
o 61243 77.710000
o 61199 77.850000
o 61059 77.870000
o 61017 77.870000
o 60996 77.870000
o 60754 77.890000
o 60733 77.890000
o 60731 77.890000
o 60710 77.890000
o 60689 77.890000
o 60668 77.900000
o 60647 77.900000
o 60645 77.900000
o 60624 77.900000
o 60603 77.900000
o 60582 77.900000
o 60561 77.900000
o 60559 78.100000
o 60538 78.100000
o 60528 80.640000
o 60507 80.640000
o 60488 81.230000
60488	81.230000
ParametricRBACMaintenance_mse20-role_university_multiple_0.1_1
o 131533 1.880000
o 131510 1.920000
o 65226 4.500000
o 65184 4.510000
o 65037 4.520000
o 64541 5.020000
o 61432 5.370000
o 61334 5.650000
o 61229 5.670000
o 61024 7.500000
o 60982 7.500000
o 60726 82.510000
o 60705 82.510000
o 60684 82.510000
o 60663 82.520000
o 60642 82.560000
o 60621 82.580000
o 60600 82.610000
o 60579 82.620000
o 60558 82.770000
o 60474 82.840000
o 60453 82.850000
o 60436 83.610000
o 60156 139.290000
o 59905 139.640000
o 59884 139.700000
59884	139.700000
