staff-scheduling-instance9
o 11241 1.090000
o 3489 2.970000
o 3382 2.980000
o 3281 2.980000
o 3251 5.240000
o 3248 5.240000
o 3247 5.250000
o 3242 5.290000
o 3241 5.290000
o 3238 5.300000
o 3235 5.320000
o 3137 5.320000
o 3134 5.330000
o 3036 5.330000
o 3035 5.350000
o 2934 5.350000
o 2932 5.350000
o 2831 5.360000
o 2731 5.390000
o 2641 5.420000
o 2640 5.430000
o 2639 5.440000
o 2630 14.870000
o 2530 14.870000
o 2429 14.870000
o 2342 19.630000
o 2326 19.700000
o 2242 240.560000
2242	240.560000
staff-scheduling-instance9
o 10551 1.060000
o 2875 3.070000
o 2776 3.080000
o 2751 7.010000
o 2750 7.010000
o 2741 7.040000
o 2740 7.050000
o 2738 7.050000
o 2638 7.050000
o 2636 7.370000
o 2635 7.370000
o 2535 7.370000
o 2532 7.390000
o 2531 7.400000
o 2530 7.420000
o 2527 7.420000
o 2427 7.420000
o 2331 7.440000
o 2330 7.440000
o 2329 7.440000
o 2328 7.440000
o 2232 7.460000
o 2229 7.460000
o 2226 10.050000
o 2142 15.270000
o 2138 15.280000
o 2135 15.280000
o 2129 15.290000
o 2128 15.290000
o 2116 55.250000
o 2016 55.250000
2016	55.250000
staff-scheduling-instance9
o 10933 1.270000
o 3388 3.520000
o 3325 5.770000
o 3322 5.800000
o 3222 5.830000
o 3221 5.830000
o 3220 5.830000
o 3219 5.840000
o 3218 5.840000
o 3211 6.340000
o 3210 6.340000
o 3207 6.350000
o 3107 6.380000
o 3105 6.380000
o 3014 6.530000
o 3013 6.530000
o 3012 6.570000
o 2915 6.590000
o 2838 8.610000
o 2836 8.630000
o 2744 11.120000
o 2741 11.120000
o 2738 11.160000
o 2736 11.440000
o 2734 23.720000
o 2732 23.720000
o 2638 23.730000
o 2636 25.330000
o 2633 25.350000
o 2631 25.400000
o 2539 29.170000
o 2537 29.180000
o 2515 30.410000
o 2512 30.470000
o 2511 30.470000
o 2510 30.480000
o 2442 35.610000
o 2343 35.650000
o 2335 157.700000
o 2333 157.700000
o 2315 205.390000
o 2306 205.560000
2306	205.560000
staff-scheduling-instance9
o 11354 1.100000
o 3070 3.010000
o 3045 5.400000
o 3042 5.400000
o 3039 5.400000
o 2941 5.500000
o 2936 16.770000
o 2837 17.140000
o 2736 17.140000
o 2735 17.140000
o 2733 21.240000
o 2730 21.250000
o 2727 21.250000
o 2726 21.310000
o 2642 21.980000
o 2636 22.440000
o 2624 22.800000
o 2523 22.810000
o 2522 22.820000
o 2519 22.820000
o 2517 26.520000
o 2512 26.530000
o 2414 26.530000
o 2413 26.530000
o 2312 26.540000
o 2311 26.570000
o 2225 237.150000
o 2127 237.220000
2127	237.220000
staff-scheduling-instance9
o 10616 1.270000
o 2581 3.970000
o 2543 6.570000
o 2542 6.570000
o 2540 22.340000
o 2537 22.370000
o 2535 22.370000
o 2435 22.380000
o 2421 55.200000
o 2420 58.160000
o 2328 59.010000
o 2326 59.030000
o 2325 59.040000
o 2324 59.040000
o 2322 59.050000
o 2223 69.630000
2223	69.630000
staff-scheduling-instance9
o 11769 1.260000
o 2268 3.260000
o 2265 3.260000
o 2247 232.320000
o 2228 247.060000
o 2224 247.060000
2224	247.060000
staff-scheduling-instance9
o 10814 1.040000
o 3972 3.100000
o 3871 3.100000
o 3853 3.180000
o 3753 3.180000
o 3750 3.210000
o 3745 3.520000
o 3744 3.530000
o 3737 3.540000
o 3639 3.540000
o 3637 3.540000
o 3636 3.550000
o 3633 3.570000
o 3543 3.850000
o 3448 3.850000
o 3347 3.860000
o 3344 3.860000
o 3343 3.960000
o 3342 3.960000
o 3339 3.960000
o 3336 3.960000
o 3333 3.960000
o 3240 4.040000
o 3239 4.050000
o 3233 4.530000
o 3135 4.540000
o 3131 4.550000
o 3033 4.560000
o 3032 4.560000
o 3031 4.560000
o 3028 4.570000
o 3025 4.570000
o 2948 5.580000
o 2945 5.590000
o 2943 5.590000
o 2942 5.590000
o 2941 5.590000
o 2838 5.620000
o 2745 5.630000
o 2743 5.630000
o 2741 5.650000
o 2730 9.480000
o 2630 9.510000
o 2628 9.520000
o 2528 9.520000
o 2527 9.520000
o 2444 9.660000
o 2344 9.680000
o 2343 9.690000
o 2342 9.690000
o 2341 9.700000
o 2340 9.700000
o 2244 9.730000
o 2235 9.810000
o 2232 9.810000
o 2211 114.550000
o 2208 114.550000
o 2205 114.550000
o 2109 114.570000
o 2108 114.580000
2108	114.580000
staff-scheduling-instance9
o 10229 1.240000
o 3464 3.680000
o 3455 5.750000
o 3452 5.750000
o 3353 5.770000
o 3351 5.770000
o 3350 5.780000
o 3349 5.790000
o 3348 5.810000
o 3342 6.400000
o 3243 6.430000
o 3240 6.430000
o 3139 6.430000
o 3138 6.430000
o 3137 6.430000
o 3037 6.430000
o 3036 6.440000
o 3035 6.440000
o 3032 6.450000
o 3030 6.450000
o 2929 6.450000
o 2928 8.520000
o 2926 8.540000
o 2827 8.550000
o 2726 8.560000
o 2725 8.560000
o 2650 13.560000
o 2573 13.640000
o 2571 13.640000
o 2539 51.500000
o 2436 51.510000
o 2435 51.510000
o 2431 70.810000
o 2430 70.860000
o 2422 72.280000
o 2421 72.440000
o 2068 80.140000
2068	80.140000
staff-scheduling-instance9
o 11127 1.090000
o 3357 3.290000
o 3355 3.310000
o 3354 3.310000
o 3253 3.320000
o 3251 3.350000
o 3248 3.350000
o 3245 3.350000
o 3244 3.350000
o 3243 3.360000
o 3143 3.370000
o 3058 3.410000
o 3057 3.410000
o 3054 3.410000
o 3051 3.410000
o 2946 3.410000
o 2921 3.620000
o 2864 16.980000
o 2841 18.480000
o 2838 18.480000
o 2737 18.490000
o 2638 18.490000
o 2542 18.900000
o 2518 33.800000
o 2516 33.800000
o 2455 38.730000
o 2453 38.730000
o 2355 38.760000
o 2255 38.760000
o 2154 38.770000
o 2152 38.770000
o 2151 38.770000
o 2149 38.790000
o 2148 38.790000
o 2147 38.800000
o 2146 38.800000
o 2145 38.810000
o 2144 38.820000
2144	38.820000
staff-scheduling-instance9
o 9412 1.260000
o 3479 3.460000
o 3380 3.460000
o 3346 4.920000
o 3343 4.930000
o 3342 4.940000
o 3341 4.980000
o 3250 6.290000
o 3247 6.300000
o 3151 6.850000
o 3050 6.850000
o 3049 6.850000
o 3037 6.990000
o 3036 7.000000
o 3022 8.120000
o 2934 8.280000
o 2836 8.340000
o 2738 8.340000
o 2735 8.340000
o 2633 8.340000
o 2549 25.140000
o 2451 25.170000
o 2429 30.350000
o 2421 34.560000
o 2420 34.560000
o 2405 36.800000
o 2324 92.400000
o 2224 92.410000
o 2209 235.910000
2209	235.910000
