judgment-aggregation-ja-kemeny-preflib-00049-00000334
o 871 0.06
o 736 0.07
o 731 0.09
o 727 0.09
o 654 0.09
o 652 0.1
o 647 0.16
o 644 0.16
o 641 0.16
o 560 19.39
o 556 19.39
o 548 19.42
o 546 19.42
o 543 38.43
o 542 262.81
judgment-aggregation-ja-kemeny-preflib-00049-00000334
o 768 0.06
o 766 0.11
o 755 0.11
o 754 0.11
o 612 0.12
o 611 0.12
o 610 0.12
o 609 0.12
o 607 0.12
o 604 0.12
o 603 0.12
o 559 22.03
o 558 22.03
o 557 22.03
o 556 22.03
o 550 50.67
o 549 50.67
o 548 69.92
o 547 69.92
o 546 69.92
o 544 131.66
o 543 150.6
judgment-aggregation-ja-kemeny-preflib-00049-00000334
o 929 0.05
o 790 0.06
o 763 0.06
o 758 0.06
o 696 0.06
o 690 0.06
o 683 0.09
o 678 0.09
o 677 0.09
o 676 0.09
o 673 0.09
o 672 0.09
o 665 0.09
o 664 0.11
o 551 19.48
o 550 19.48
o 548 19.55
o 545 19.55
judgment-aggregation-ja-kemeny-preflib-00049-00000334
o 795 0.05
o 738 0.06
o 737 0.06
o 736 0.06
o 679 0.08
o 674 0.12
o 672 0.12
o 668 0.12
o 666 0.12
o 663 0.12
o 555 19.07
o 549 19.13
o 548 19.13
o 545 112.95
o 544 112.95
o 543 263.33
judgment-aggregation-ja-kemeny-preflib-00049-00000334
o 712 0.06
o 685 0.06
o 682 0.06
o 677 0.06
o 676 0.06
o 675 0.06
o 644 0.15
o 643 0.15
o 642 0.15
o 641 0.15
o 636 0.15
o 632 0.15
o 631 0.15
o 629 0.15
o 628 0.15
o 625 0.15
o 555 20.67
o 553 20.67
o 551 20.72
o 549 20.73
o 546 42.11
o 545 42.11
o 544 178.93
o 542 179
judgment-aggregation-ja-kemeny-preflib-00049-00000334
o 776 0.06
o 772 0.07
o 761 0.07
o 740 0.07
o 727 0.07
o 722 0.07
o 721 0.08
o 695 0.08
o 694 0.08
o 552 19.77
o 548 19.78
o 547 19.78
o 542 81.02
judgment-aggregation-ja-kemeny-preflib-00049-00000334
o 896 0.06
o 791 0.06
o 790 0.06
o 766 0.07
o 765 0.07
o 762 0.07
o 761 0.07
o 758 0.07
o 757 0.07
o 754 0.07
o 753 0.07
o 751 0.07
o 745 0.07
o 735 0.07
o 724 0.09
o 720 0.09
o 672 0.13
o 669 0.13
o 667 0.13
o 666 0.13
o 665 0.14
o 547 18.94
o 545 18.94
o 544 98.03
judgment-aggregation-ja-kemeny-preflib-00049-00000334
o 808 0.07
o 806 0.07
o 805 0.07
o 745 0.09
o 742 0.09
o 741 0.09
o 740 0.09
o 737 0.09
o 672 0.09
o 671 0.09
o 670 0.09
o 661 0.09
o 660 0.09
o 657 0.09
o 655 0.09
o 652 0.09
o 610 0.14
o 590 0.15
o 589 0.15
o 587 0.15
o 583 0.15
o 582 0.15
o 581 0.15
o 580 0.15
o 576 0.15
o 573 0.15
o 552 20.42
o 545 20.47
o 543 20.55
judgment-aggregation-ja-kemeny-preflib-00049-00000334
o 866 0.06
o 834 0.07
o 831 0.07
o 826 0.07
o 823 0.07
o 822 0.07
o 820 0.07
o 800 0.07
o 799 0.07
o 798 0.07
o 643 0.08
o 628 0.08
o 627 0.08
o 556 19.81
o 549 19.83
o 548 19.83
o 547 58.53
o 543 58.55
judgment-aggregation-ja-kemeny-preflib-00049-00000334
o 867 0.07
o 816 0.09
o 792 0.09
o 791 0.09
o 782 0.1
o 767 0.1
o 637 0.1
o 636 0.1
o 631 0.1
o 630 0.1
o 627 0.11
o 626 0.11
o 549 19.97
o 548 19.97
o 545 20.02
o 544 140.86
o 543 160.51
o 542 160.51
