bcp-SU3__simp-genos.haps.9
o 143 0.040000
o 111 0.410000
o 110 0.410000
o 109 1.710000
o 108 2.150000
o 107 2.350000
o 106 152.270000
106	152.270000
bcp-SU3__simp-genos.haps.9
o 139 0.050000
o 112 0.490000
o 111 0.550000
o 110 0.550000
o 109 0.550000
o 108 1.350000
o 107 1.370000
o 106 51.080000
106	51.080000
bcp-SU3__simp-genos.haps.9
o 135 0.050000
o 116 0.450000
o 115 0.450000
o 114 0.470000
o 113 0.500000
o 112 0.560000
o 111 0.560000
o 110 0.580000
o 109 0.580000
o 108 0.590000
o 107 5.720000
o 106 84.600000
106	84.600000
bcp-SU3__simp-genos.haps.9
o 143 0.050000
o 113 0.420000
o 112 0.430000
o 111 0.440000
o 110 0.450000
o 109 0.450000
o 108 1.080000
o 107 3.040000
o 106 93.990000
106	93.990000
bcp-SU3__simp-genos.haps.9
o 138 0.050000
o 110 0.430000
o 109 0.550000
o 108 1.090000
o 107 1.190000
o 106 37.200000
106	37.200000
bcp-SU3__simp-genos.haps.9
o 138 0.050000
o 112 0.530000
o 111 0.530000
o 110 0.550000
o 109 0.760000
o 108 0.950000
o 107 4.250000
o 106 10.360000
106	10.360000
bcp-SU3__simp-genos.haps.9
o 142 0.040000
o 113 0.410000
o 112 0.460000
o 111 0.460000
o 110 0.490000
o 109 0.570000
o 108 0.890000
o 107 1.150000
o 106 82.360000
106	82.360000
bcp-SU3__simp-genos.haps.9
o 132 0.050000
o 115 0.550000
o 114 0.560000
o 113 0.560000
o 112 0.670000
o 111 0.670000
o 110 1.060000
o 109 1.900000
o 108 2.010000
o 107 2.020000
o 106 13.730000
106	13.730000
bcp-SU3__simp-genos.haps.9
o 139 0.060000
o 111 0.540000
o 110 1.830000
o 109 2.390000
o 108 5.170000
o 107 7.060000
o 106 23.550000
106	23.550000
bcp-SU3__simp-genos.haps.9
o 134 0.050000
o 115 0.460000
o 114 0.470000
o 113 0.480000
o 112 0.540000
o 111 0.560000
o 110 0.570000
o 109 0.950000
o 108 1.400000
o 107 2.460000
o 106 2.640000
106	2.640000
