gen-hyper-tw-GenHyperTW_flat30-99
o 69 5.930000
69	5.930000
gen-hyper-tw-GenHyperTW_flat30-99
o 68 4.570000
68	4.570000
gen-hyper-tw-GenHyperTW_flat30-99
o 56 3.680000
o 25 108.320000
o 22 207.270000
22	207.270000
gen-hyper-tw-GenHyperTW_flat30-99
o 55 3.340000
o 24 165.710000
24	165.710000
gen-hyper-tw-GenHyperTW_flat30-99
o 57 4.100000
57	4.100000
gen-hyper-tw-GenHyperTW_flat30-99
o 58 3.630000
o 22 25.400000
o 21 25.650000
o 20 125.020000
20	125.020000
gen-hyper-tw-GenHyperTW_flat30-99
o 62 3.280000
62	3.280000
gen-hyper-tw-GenHyperTW_flat30-99
o 69 4.530000
o 20 196.390000
20	196.390000
gen-hyper-tw-GenHyperTW_flat30-99
o 57 3.200000
o 22 78.920000
22	78.920000
gen-hyper-tw-GenHyperTW_flat30-99
o 56 3.110000
o 24 158.800000
24	158.800000
