judgment-aggregation-ja-maxham-preflib-00049-00000385
o 47 0.020000
o 41 0.160000
o 39 0.190000
o 38 0.190000
o 37 28.610000
37	28.610000
judgment-aggregation-ja-maxham-preflib-00049-00000385
o 52 0.020000
o 41 0.180000
o 39 0.190000
o 38 1.200000
o 37 20.380000
37	20.380000
judgment-aggregation-ja-maxham-preflib-00049-00000385
o 53 0.020000
o 49 0.160000
o 40 0.200000
o 39 0.200000
o 38 0.220000
o 37 73.390000
37	73.390000
judgment-aggregation-ja-maxham-preflib-00049-00000385
o 50 0.020000
o 46 0.130000
o 42 0.140000
o 40 0.180000
o 39 0.190000
o 38 0.200000
o 37 82.660000
37	82.660000
judgment-aggregation-ja-maxham-preflib-00049-00000385
o 50 0.020000
o 45 0.130000
o 43 0.130000
o 39 0.150000
o 38 0.160000
o 37 16.000000
37	16.000000
judgment-aggregation-ja-maxham-preflib-00049-00000385
o 50 0.020000
o 47 0.160000
o 43 0.190000
o 42 0.190000
o 41 0.190000
o 40 0.210000
o 39 0.630000
o 38 3.870000
o 37 60.270000
37	60.270000
judgment-aggregation-ja-maxham-preflib-00049-00000385
o 49 0.030000
o 42 0.230000
o 41 0.230000
o 40 0.230000
o 39 4.880000
o 38 12.260000
o 37 64.490000
37	64.490000
judgment-aggregation-ja-maxham-preflib-00049-00000385
o 49 0.020000
o 40 0.190000
o 38 0.210000
o 37 4.600000
37	4.600000
judgment-aggregation-ja-maxham-preflib-00049-00000385
o 50 0.020000
o 49 0.120000
o 39 0.170000
o 38 0.170000
o 37 0.180000
37	0.180000
judgment-aggregation-ja-maxham-preflib-00049-00000385
o 54 0.020000
o 41 0.190000
o 40 0.220000
o 39 1.900000
o 38 8.180000
o 37 238.870000
37	238.870000
