judgment-aggregation-ja-slater-preflib-00043-00000180
o 532 0.740000
o 531 0.770000
o 530 0.770000
o 529 0.770000
o 528 0.770000
o 527 0.770000
o 526 0.770000
o 525 0.770000
o 524 0.770000
o 523 0.770000
o 522 0.770000
o 521 0.770000
o 520 0.770000
o 519 0.770000
o 518 0.770000
o 517 0.770000
o 516 0.770000
o 515 0.770000
o 514 0.770000
o 513 0.770000
o 512 0.770000
o 511 0.770000
o 510 0.770000
o 509 0.770000
o 508 0.770000
o 507 0.770000
o 506 0.770000
o 505 0.770000
o 497 0.770000
o 496 0.770000
o 495 0.770000
o 494 0.770000
o 493 0.770000
o 492 0.770000
o 491 0.770000
o 490 0.770000
o 489 0.770000
o 488 0.770000
o 487 0.770000
o 486 0.770000
o 485 0.770000
o 484 0.770000
o 483 0.770000
o 482 0.770000
o 481 0.770000
o 480 0.770000
o 479 0.770000
o 478 0.770000
o 477 0.770000
o 476 0.770000
o 475 0.770000
o 474 0.770000
o 473 0.770000
o 472 0.770000
o 471 0.770000
o 470 0.770000
o 469 0.770000
o 468 0.770000
o 467 0.770000
o 466 0.770000
o 465 0.770000
o 464 0.770000
o 463 0.770000
o 462 0.770000
o 461 0.770000
o 460 0.770000
o 459 0.770000
o 458 0.770000
o 457 0.770000
o 456 0.770000
o 455 0.770000
o 454 0.770000
o 453 0.770000
o 452 0.770000
o 451 0.770000
o 450 0.770000
o 449 0.770000
o 448 0.770000
o 447 0.770000
o 446 0.770000
o 445 0.770000
o 444 0.770000
o 443 0.770000
o 442 0.770000
o 441 0.770000
o 440 0.770000
o 439 0.770000
o 438 0.770000
o 437 0.770000
o 436 0.770000
o 435 0.770000
o 434 0.770000
o 433 0.770000
o 432 0.770000
o 431 0.770000
o 430 0.770000
o 429 0.770000
o 428 0.770000
o 427 0.770000
o 426 0.770000
o 425 0.770000
o 424 0.770000
o 423 0.770000
o 422 0.770000
o 421 0.770000
o 420 0.770000
o 419 0.770000
o 418 0.770000
o 417 0.770000
o 416 0.770000
o 415 0.770000
o 414 0.770000
o 413 0.770000
o 412 0.770000
o 411 0.770000
o 410 0.770000
o 409 0.770000
o 408 0.770000
o 407 0.770000
o 406 0.770000
o 405 0.770000
o 404 0.770000
o 403 0.770000
o 401 0.770000
o 400 0.770000
o 399 0.770000
o 398 0.770000
o 397 0.770000
o 396 0.780000
o 395 0.780000
o 394 0.780000
o 393 0.780000
o 387 0.780000
o 386 0.780000
o 385 0.780000
o 384 0.780000
o 383 0.780000
o 382 0.780000
o 381 0.780000
o 380 0.780000
o 379 0.780000
o 378 0.780000
o 377 0.780000
o 376 0.780000
o 375 0.780000
o 374 0.780000
o 373 0.780000
o 372 0.780000
o 370 0.780000
o 369 0.780000
o 368 0.780000
o 367 0.780000
o 366 0.780000
o 365 0.780000
o 364 0.780000
o 363 0.780000
o 362 0.780000
o 361 0.780000
o 360 0.780000
o 359 0.780000
o 358 0.780000
o 357 0.780000
o 356 0.780000
o 355 0.780000
o 354 0.780000
o 353 0.780000
o 352 0.780000
o 347 0.780000
o 322 1.780000
o 315 1.790000
o 314 1.800000
o 313 1.810000
o 312 1.820000
o 311 1.820000
o 310 1.860000
o 309 149.970000
o 308 294.820000
308	294.820000
judgment-aggregation-ja-slater-preflib-00043-00000180
o 512 0.830000
o 511 0.860000
o 510 0.860000
o 509 0.860000
o 508 0.860000
o 507 0.860000
o 506 0.860000
o 505 0.860000
o 504 0.860000
o 503 0.860000
o 502 0.860000
o 501 0.860000
o 500 0.860000
o 499 0.860000
o 498 0.860000
o 497 0.860000
o 496 0.860000
o 495 0.860000
o 494 0.860000
o 492 0.860000
o 491 0.860000
o 490 0.860000
o 486 0.860000
o 485 0.860000
o 484 0.860000
o 483 0.860000
o 482 0.860000
o 481 0.860000
o 480 0.860000
o 479 0.860000
o 478 0.860000
o 477 0.860000
o 476 0.860000
o 475 0.860000
o 474 0.860000
o 473 0.860000
o 472 0.860000
o 471 0.860000
o 470 0.860000
o 469 0.870000
o 468 0.870000
o 467 0.870000
o 466 0.870000
o 465 0.870000
o 464 0.870000
o 463 0.870000
o 462 0.870000
o 457 0.870000
o 456 0.870000
o 455 0.870000
o 454 0.870000
o 453 0.870000
o 452 0.870000
o 451 0.870000
o 450 0.870000
o 449 0.870000
o 448 0.870000
o 447 0.870000
o 446 0.870000
o 445 0.870000
o 444 0.870000
o 443 0.870000
o 442 0.870000
o 441 0.870000
o 440 0.870000
o 439 0.870000
o 438 0.870000
o 437 0.870000
o 436 0.870000
o 435 0.870000
o 434 0.870000
o 433 0.870000
o 432 0.870000
o 431 0.870000
o 429 0.870000
o 428 0.870000
o 427 0.870000
o 426 0.870000
o 425 0.870000
o 424 0.870000
o 423 0.870000
o 422 0.870000
o 421 0.870000
o 420 0.870000
o 419 0.870000
o 418 0.870000
o 417 0.870000
o 416 0.870000
o 415 0.870000
o 414 0.870000
o 413 0.870000
o 412 0.870000
o 411 0.870000
o 410 0.870000
o 409 0.870000
o 408 0.870000
o 407 0.870000
o 406 0.870000
o 405 0.870000
o 404 0.870000
o 403 0.870000
o 402 0.870000
o 401 0.870000
o 400 0.870000
o 399 0.870000
o 398 0.870000
o 397 0.870000
o 396 0.870000
o 395 0.870000
o 394 0.870000
o 393 0.870000
o 392 0.870000
o 390 0.870000
o 389 0.870000
o 388 0.870000
o 387 0.870000
o 386 0.870000
o 385 0.870000
o 384 0.870000
o 383 0.870000
o 382 0.870000
o 381 0.870000
o 380 0.870000
o 379 0.870000
o 378 0.870000
o 377 0.870000
o 376 0.870000
o 375 0.870000
o 374 0.870000
o 373 0.870000
o 371 0.870000
o 367 0.870000
o 366 0.870000
o 365 0.870000
o 364 0.870000
o 363 0.870000
o 361 0.870000
o 360 0.870000
o 359 0.870000
o 355 0.880000
o 346 0.880000
o 313 2.060000
o 312 2.080000
o 311 2.080000
o 310 2.080000
o 309 2.090000
o 308 2.090000
o 307 289.490000
o 306 289.510000
306	289.510000
judgment-aggregation-ja-slater-preflib-00043-00000180
o 494 0.740000
o 493 0.770000
o 492 0.770000
o 491 0.770000
o 490 0.770000
o 489 0.770000
o 488 0.770000
o 487 0.770000
o 486 0.770000
o 485 0.770000
o 484 0.770000
o 483 0.770000
o 482 0.770000
o 481 0.770000
o 480 0.770000
o 479 0.770000
o 478 0.770000
o 477 0.770000
o 476 0.770000
o 475 0.770000
o 474 0.770000
o 473 0.770000
o 472 0.770000
o 471 0.770000
o 470 0.770000
o 469 0.770000
o 468 0.770000
o 467 0.770000
o 466 0.770000
o 465 0.770000
o 464 0.770000
o 463 0.770000
o 462 0.770000
o 461 0.770000
o 460 0.770000
o 459 0.770000
o 458 0.770000
o 457 0.770000
o 456 0.770000
o 455 0.770000
o 454 0.770000
o 453 0.770000
o 452 0.770000
o 451 0.770000
o 450 0.770000
o 449 0.770000
o 448 0.770000
o 447 0.770000
o 446 0.770000
o 445 0.770000
o 444 0.770000
o 443 0.770000
o 442 0.780000
o 441 0.780000
o 440 0.780000
o 439 0.780000
o 438 0.780000
o 437 0.780000
o 436 0.780000
o 435 0.780000
o 434 0.780000
o 433 0.780000
o 432 0.780000
o 431 0.780000
o 430 0.780000
o 429 0.780000
o 428 0.780000
o 427 0.780000
o 426 0.780000
o 425 0.780000
o 424 0.780000
o 423 0.780000
o 422 0.780000
o 421 0.780000
o 420 0.780000
o 419 0.780000
o 418 0.780000
o 417 0.780000
o 416 0.780000
o 415 0.780000
o 414 0.780000
o 413 0.780000
o 412 0.780000
o 411 0.780000
o 410 0.780000
o 409 0.780000
o 408 0.780000
o 407 0.780000
o 406 0.780000
o 405 0.780000
o 403 0.780000
o 402 0.780000
o 401 0.780000
o 400 0.780000
o 399 0.780000
o 398 0.780000
o 397 0.780000
o 396 0.780000
o 395 0.780000
o 394 0.780000
o 393 0.780000
o 392 0.780000
o 391 0.780000
o 390 0.780000
o 389 0.780000
o 388 0.780000
o 387 0.780000
o 386 0.780000
o 383 0.780000
o 382 0.780000
o 381 0.780000
o 380 0.780000
o 379 0.780000
o 377 0.780000
o 376 0.780000
o 375 0.780000
o 372 0.780000
o 371 0.780000
o 370 0.780000
o 369 0.780000
o 368 0.780000
o 367 0.780000
o 366 0.780000
o 365 0.780000
o 364 0.780000
o 363 0.780000
o 362 0.780000
o 361 0.780000
o 360 0.780000
o 359 0.780000
o 357 0.780000
o 355 0.790000
o 354 0.790000
o 309 1.780000
o 308 1.790000
o 307 1.810000
o 306 1.820000
306	1.820000
judgment-aggregation-ja-slater-preflib-00043-00000180
o 545 1.040000
o 544 1.090000
o 543 1.090000
o 542 1.090000
o 541 1.090000
o 540 1.090000
o 539 1.090000
o 538 1.090000
o 537 1.090000
o 536 1.090000
o 535 1.090000
o 534 1.090000
o 533 1.090000
o 532 1.090000
o 531 1.090000
o 530 1.090000
o 529 1.090000
o 528 1.090000
o 527 1.090000
o 526 1.090000
o 525 1.090000
o 524 1.090000
o 523 1.090000
o 522 1.090000
o 521 1.090000
o 520 1.090000
o 519 1.090000
o 518 1.090000
o 517 1.090000
o 516 1.090000
o 515 1.090000
o 514 1.090000
o 513 1.090000
o 512 1.090000
o 511 1.090000
o 510 1.090000
o 509 1.090000
o 508 1.090000
o 507 1.090000
o 506 1.090000
o 505 1.090000
o 504 1.090000
o 503 1.090000
o 502 1.090000
o 501 1.090000
o 500 1.090000
o 499 1.090000
o 498 1.090000
o 497 1.090000
o 496 1.090000
o 495 1.090000
o 494 1.090000
o 493 1.090000
o 492 1.090000
o 491 1.090000
o 490 1.090000
o 489 1.090000
o 488 1.090000
o 487 1.090000
o 486 1.090000
o 485 1.090000
o 484 1.090000
o 483 1.090000
o 482 1.090000
o 481 1.090000
o 480 1.090000
o 479 1.100000
o 478 1.100000
o 477 1.100000
o 476 1.100000
o 475 1.100000
o 474 1.100000
o 473 1.100000
o 472 1.100000
o 471 1.100000
o 470 1.100000
o 469 1.100000
o 468 1.100000
o 467 1.100000
o 466 1.100000
o 464 1.100000
o 463 1.100000
o 462 1.100000
o 461 1.100000
o 460 1.100000
o 459 1.100000
o 458 1.100000
o 457 1.100000
o 456 1.100000
o 455 1.100000
o 454 1.100000
o 453 1.100000
o 452 1.100000
o 451 1.100000
o 450 1.100000
o 449 1.100000
o 448 1.100000
o 447 1.100000
o 446 1.100000
o 445 1.100000
o 444 1.100000
o 443 1.100000
o 442 1.100000
o 441 1.100000
o 440 1.100000
o 439 1.100000
o 438 1.100000
o 437 1.100000
o 436 1.100000
o 435 1.100000
o 434 1.100000
o 433 1.100000
o 432 1.100000
o 431 1.100000
o 430 1.100000
o 429 1.100000
o 428 1.100000
o 427 1.100000
o 426 1.100000
o 425 1.100000
o 424 1.100000
o 423 1.100000
o 422 1.100000
o 421 1.100000
o 420 1.100000
o 419 1.100000
o 418 1.100000
o 417 1.100000
o 416 1.100000
o 415 1.100000
o 414 1.100000
o 413 1.100000
o 412 1.100000
o 411 1.100000
o 410 1.100000
o 409 1.100000
o 408 1.100000
o 407 1.100000
o 406 1.100000
o 405 1.100000
o 404 1.100000
o 403 1.100000
o 402 1.100000
o 401 1.100000
o 400 1.100000
o 399 1.100000
o 398 1.100000
o 397 1.100000
o 396 1.100000
o 395 1.100000
o 394 1.100000
o 393 1.100000
o 392 1.100000
o 391 1.100000
o 390 1.100000
o 389 1.100000
o 388 1.100000
o 387 1.100000
o 386 1.100000
o 385 1.100000
o 384 1.100000
o 383 1.100000
o 382 1.100000
o 381 1.100000
o 380 1.100000
o 379 1.100000
o 378 1.100000
o 377 1.100000
o 376 1.100000
o 375 1.100000
o 374 1.100000
o 373 1.100000
o 372 1.110000
o 370 1.110000
o 369 1.110000
o 368 1.110000
o 367 1.110000
o 365 1.110000
o 364 1.110000
o 363 1.110000
o 362 1.110000
o 361 1.110000
o 360 1.110000
o 359 1.110000
o 358 1.110000
o 357 1.110000
o 354 1.110000
o 353 1.110000
o 352 1.110000
o 351 1.110000
o 349 1.110000
o 348 1.110000
o 347 1.110000
o 345 1.120000
o 344 1.120000
o 343 1.120000
o 342 1.120000
o 341 1.120000
o 340 1.120000
o 339 1.120000
o 338 1.120000
o 337 1.120000
o 320 2.740000
o 314 2.740000
o 313 2.760000
o 310 2.760000
310	2.760000
judgment-aggregation-ja-slater-preflib-00043-00000180
o 481 1.110000
o 480 1.160000
o 479 1.160000
o 478 1.160000
o 477 1.170000
o 476 1.170000
o 475 1.170000
o 474 1.170000
o 473 1.170000
o 472 1.170000
o 471 1.170000
o 470 1.170000
o 469 1.170000
o 468 1.170000
o 467 1.170000
o 466 1.170000
o 465 1.170000
o 464 1.170000
o 463 1.170000
o 462 1.170000
o 461 1.170000
o 460 1.170000
o 459 1.170000
o 458 1.170000
o 457 1.170000
o 456 1.170000
o 455 1.170000
o 454 1.170000
o 453 1.170000
o 452 1.170000
o 451 1.170000
o 450 1.170000
o 449 1.170000
o 448 1.170000
o 447 1.170000
o 446 1.170000
o 445 1.170000
o 444 1.170000
o 443 1.170000
o 442 1.170000
o 441 1.170000
o 440 1.170000
o 439 1.170000
o 438 1.170000
o 437 1.170000
o 436 1.170000
o 435 1.170000
o 434 1.170000
o 433 1.170000
o 432 1.170000
o 431 1.170000
o 430 1.170000
o 429 1.170000
o 428 1.170000
o 427 1.170000
o 426 1.170000
o 425 1.170000
o 424 1.170000
o 423 1.170000
o 422 1.170000
o 421 1.170000
o 420 1.170000
o 419 1.170000
o 418 1.170000
o 417 1.170000
o 416 1.170000
o 415 1.170000
o 414 1.170000
o 413 1.170000
o 412 1.170000
o 411 1.170000
o 410 1.170000
o 409 1.170000
o 408 1.170000
o 407 1.170000
o 406 1.170000
o 405 1.170000
o 404 1.170000
o 403 1.170000
o 402 1.170000
o 401 1.170000
o 400 1.170000
o 399 1.170000
o 398 1.170000
o 397 1.170000
o 396 1.170000
o 395 1.170000
o 394 1.170000
o 393 1.170000
o 392 1.170000
o 391 1.170000
o 390 1.170000
o 389 1.170000
o 388 1.170000
o 387 1.170000
o 386 1.170000
o 385 1.170000
o 383 1.180000
o 382 1.180000
o 381 1.180000
o 380 1.180000
o 379 1.180000
o 378 1.180000
o 377 1.180000
o 376 1.180000
o 375 1.180000
o 374 1.180000
o 373 1.180000
o 372 1.180000
o 357 1.180000
o 353 1.180000
o 352 1.180000
o 351 1.180000
o 350 1.180000
o 347 1.180000
o 346 1.190000
o 345 1.190000
o 344 1.190000
o 343 1.190000
o 341 1.190000
o 331 3.370000
o 329 3.370000
o 321 3.410000
o 320 3.420000
o 310 3.440000
o 308 3.440000
o 307 3.490000
307	3.490000
judgment-aggregation-ja-slater-preflib-00043-00000180
o 551 0.870000
o 550 0.910000
o 549 0.910000
o 548 0.910000
o 547 0.910000
o 546 0.910000
o 545 0.910000
o 544 0.910000
o 543 0.910000
o 542 0.910000
o 541 0.910000
o 540 0.910000
o 539 0.910000
o 538 0.910000
o 537 0.910000
o 536 0.910000
o 535 0.910000
o 534 0.910000
o 533 0.910000
o 532 0.910000
o 531 0.910000
o 530 0.910000
o 529 0.910000
o 528 0.910000
o 527 0.910000
o 526 0.910000
o 525 0.910000
o 524 0.910000
o 523 0.910000
o 522 0.910000
o 521 0.920000
o 520 0.920000
o 519 0.920000
o 518 0.920000
o 516 0.920000
o 515 0.920000
o 514 0.920000
o 513 0.920000
o 512 0.920000
o 511 0.920000
o 510 0.920000
o 509 0.920000
o 508 0.920000
o 507 0.920000
o 506 0.920000
o 505 0.920000
o 504 0.920000
o 503 0.920000
o 502 0.920000
o 501 0.920000
o 500 0.920000
o 499 0.920000
o 498 0.920000
o 497 0.920000
o 496 0.920000
o 495 0.920000
o 494 0.920000
o 493 0.920000
o 492 0.920000
o 491 0.920000
o 490 0.920000
o 489 0.920000
o 488 0.920000
o 487 0.920000
o 486 0.920000
o 485 0.920000
o 484 0.920000
o 483 0.920000
o 482 0.920000
o 481 0.920000
o 480 0.920000
o 479 0.920000
o 478 0.920000
o 477 0.920000
o 476 0.920000
o 475 0.920000
o 474 0.920000
o 473 0.920000
o 472 0.920000
o 471 0.920000
o 470 0.920000
o 469 0.920000
o 468 0.920000
o 467 0.920000
o 466 0.920000
o 465 0.920000
o 464 0.920000
o 463 0.920000
o 462 0.920000
o 461 0.920000
o 460 0.920000
o 459 0.920000
o 458 0.920000
o 457 0.920000
o 456 0.920000
o 455 0.920000
o 454 0.920000
o 453 0.920000
o 452 0.920000
o 451 0.920000
o 450 0.920000
o 449 0.920000
o 448 0.920000
o 447 0.920000
o 446 0.920000
o 445 0.920000
o 444 0.920000
o 443 0.920000
o 442 0.920000
o 441 0.920000
o 440 0.920000
o 439 0.920000
o 438 0.920000
o 437 0.920000
o 433 0.920000
o 432 0.920000
o 431 0.920000
o 430 0.920000
o 429 0.920000
o 428 0.920000
o 427 0.920000
o 426 0.920000
o 425 0.920000
o 424 0.920000
o 423 0.920000
o 422 0.920000
o 421 0.920000
o 420 0.920000
o 419 0.920000
o 418 0.920000
o 417 0.920000
o 416 0.920000
o 415 0.920000
o 414 0.920000
o 413 0.920000
o 411 0.920000
o 410 0.920000
o 409 0.920000
o 408 0.920000
o 401 0.920000
o 400 0.920000
o 399 0.920000
o 395 0.930000
o 390 0.930000
o 385 0.930000
o 384 0.930000
o 383 0.930000
o 382 0.930000
o 381 0.930000
o 380 0.930000
o 379 0.930000
o 378 0.930000
o 377 0.930000
o 376 0.930000
o 375 0.930000
o 374 0.930000
o 373 0.930000
o 372 0.930000
o 371 0.930000
o 370 0.930000
o 369 0.930000
o 368 0.930000
o 367 0.930000
o 364 0.930000
o 359 0.940000
o 357 0.940000
o 356 0.940000
o 315 2.230000
o 311 2.240000
o 309 2.250000
o 308 6.980000
308	6.980000
judgment-aggregation-ja-slater-preflib-00043-00000180
o 485 1.040000
o 484 1.110000
o 483 1.110000
o 482 1.110000
o 481 1.110000
o 480 1.110000
o 479 1.110000
o 478 1.110000
o 477 1.110000
o 476 1.110000
o 475 1.110000
o 474 1.110000
o 473 1.110000
o 472 1.110000
o 471 1.110000
o 469 1.120000
o 467 1.130000
o 466 1.130000
o 465 1.130000
o 464 1.130000
o 463 1.130000
o 462 1.130000
o 461 1.130000
o 460 1.130000
o 459 1.130000
o 458 1.130000
o 457 1.130000
o 456 1.130000
o 455 1.130000
o 454 1.130000
o 453 1.130000
o 452 1.130000
o 451 1.130000
o 450 1.130000
o 449 1.130000
o 448 1.130000
o 447 1.130000
o 446 1.130000
o 445 1.130000
o 444 1.130000
o 443 1.130000
o 442 1.130000
o 441 1.130000
o 437 1.130000
o 436 1.130000
o 435 1.130000
o 434 1.130000
o 433 1.130000
o 432 1.130000
o 431 1.130000
o 430 1.130000
o 429 1.130000
o 428 1.130000
o 427 1.130000
o 426 1.130000
o 425 1.130000
o 424 1.130000
o 423 1.130000
o 422 1.130000
o 421 1.130000
o 420 1.130000
o 419 1.130000
o 418 1.130000
o 417 1.130000
o 416 1.130000
o 415 1.130000
o 414 1.130000
o 413 1.130000
o 412 1.130000
o 411 1.130000
o 410 1.130000
o 409 1.130000
o 408 1.130000
o 407 1.130000
o 406 1.130000
o 405 1.130000
o 404 1.130000
o 403 1.130000
o 402 1.130000
o 401 1.130000
o 400 1.130000
o 399 1.130000
o 398 1.130000
o 397 1.130000
o 396 1.130000
o 395 1.130000
o 394 1.130000
o 393 1.130000
o 392 1.130000
o 391 1.130000
o 390 1.130000
o 389 1.130000
o 388 1.130000
o 387 1.130000
o 386 1.130000
o 385 1.130000
o 384 1.130000
o 383 1.130000
o 382 1.130000
o 381 1.130000
o 380 1.130000
o 379 1.130000
o 378 1.140000
o 377 1.140000
o 376 1.140000
o 375 1.140000
o 374 1.140000
o 373 1.140000
o 372 1.140000
o 371 1.140000
o 370 1.140000
o 369 1.140000
o 368 1.140000
o 367 1.140000
o 366 1.140000
o 365 1.140000
o 364 1.140000
o 363 1.140000
o 362 1.140000
o 361 1.140000
o 360 1.140000
o 359 1.140000
o 358 1.140000
o 357 1.140000
o 354 1.140000
o 353 1.140000
o 352 1.140000
o 351 1.140000
o 350 1.140000
o 349 1.140000
o 348 1.140000
o 347 1.140000
o 346 1.140000
o 345 1.140000
o 344 1.140000
o 343 1.140000
o 342 1.140000
o 341 1.140000
o 340 1.140000
o 339 1.140000
o 323 2.980000
o 309 2.990000
o 308 3.160000
308	3.160000
judgment-aggregation-ja-slater-preflib-00043-00000180
o 452 0.800000
o 451 0.830000
o 450 0.830000
o 449 0.830000
o 448 0.830000
o 447 0.830000
o 446 0.830000
o 445 0.830000
o 444 0.830000
o 443 0.830000
o 442 0.830000
o 441 0.830000
o 440 0.830000
o 439 0.830000
o 438 0.830000
o 437 0.830000
o 436 0.830000
o 429 0.830000
o 428 0.830000
o 427 0.830000
o 426 0.830000
o 425 0.830000
o 424 0.830000
o 423 0.830000
o 422 0.840000
o 421 0.840000
o 420 0.840000
o 419 0.840000
o 418 0.840000
o 417 0.840000
o 416 0.840000
o 415 0.840000
o 414 0.840000
o 413 0.840000
o 412 0.840000
o 411 0.840000
o 410 0.840000
o 409 0.840000
o 408 0.840000
o 407 0.840000
o 406 0.840000
o 405 0.840000
o 404 0.840000
o 403 0.840000
o 402 0.840000
o 401 0.840000
o 400 0.840000
o 399 0.840000
o 398 0.840000
o 397 0.840000
o 396 0.840000
o 395 0.840000
o 394 0.840000
o 393 0.840000
o 392 0.840000
o 391 0.840000
o 390 0.840000
o 389 0.840000
o 388 0.840000
o 387 0.840000
o 386 0.840000
o 385 0.840000
o 384 0.840000
o 383 0.840000
o 382 0.840000
o 381 0.840000
o 380 0.840000
o 379 0.840000
o 378 0.840000
o 377 0.840000
o 376 0.840000
o 375 0.840000
o 374 0.840000
o 373 0.840000
o 372 0.840000
o 370 0.840000
o 369 0.840000
o 364 0.840000
o 363 0.840000
o 362 0.840000
o 361 0.840000
o 360 0.840000
o 359 0.840000
o 358 0.840000
o 349 0.840000
o 345 0.840000
o 344 0.840000
o 343 0.840000
o 311 1.890000
o 309 1.900000
o 308 2.070000
o 307 2.350000
307	2.350000
judgment-aggregation-ja-slater-preflib-00043-00000180
o 481 0.820000
o 480 0.850000
o 479 0.850000
o 478 0.850000
o 477 0.850000
o 476 0.850000
o 475 0.850000
o 474 0.850000
o 473 0.850000
o 472 0.850000
o 471 0.850000
o 470 0.850000
o 469 0.850000
o 468 0.850000
o 467 0.850000
o 466 0.850000
o 465 0.850000
o 464 0.850000
o 463 0.850000
o 462 0.850000
o 461 0.850000
o 460 0.850000
o 459 0.850000
o 458 0.850000
o 457 0.850000
o 456 0.850000
o 455 0.850000
o 454 0.850000
o 453 0.850000
o 452 0.850000
o 451 0.850000
o 450 0.850000
o 449 0.850000
o 448 0.850000
o 447 0.850000
o 446 0.850000
o 445 0.850000
o 444 0.850000
o 443 0.850000
o 442 0.850000
o 441 0.850000
o 440 0.850000
o 439 0.850000
o 438 0.850000
o 437 0.850000
o 436 0.850000
o 435 0.850000
o 434 0.850000
o 433 0.850000
o 432 0.850000
o 431 0.850000
o 430 0.850000
o 429 0.850000
o 428 0.850000
o 427 0.850000
o 426 0.850000
o 425 0.850000
o 424 0.850000
o 423 0.850000
o 422 0.850000
o 421 0.850000
o 420 0.850000
o 419 0.850000
o 418 0.850000
o 417 0.850000
o 416 0.850000
o 415 0.850000
o 414 0.850000
o 413 0.850000
o 412 0.850000
o 411 0.850000
o 410 0.850000
o 409 0.850000
o 408 0.850000
o 407 0.850000
o 406 0.850000
o 405 0.850000
o 404 0.850000
o 403 0.850000
o 402 0.850000
o 401 0.850000
o 400 0.850000
o 399 0.850000
o 398 0.850000
o 397 0.850000
o 396 0.850000
o 395 0.850000
o 394 0.850000
o 393 0.850000
o 392 0.850000
o 391 0.850000
o 390 0.850000
o 389 0.850000
o 388 0.850000
o 387 0.850000
o 386 0.850000
o 385 0.850000
o 384 0.850000
o 383 0.850000
o 382 0.850000
o 381 0.850000
o 380 0.850000
o 379 0.850000
o 378 0.850000
o 377 0.850000
o 376 0.850000
o 375 0.850000
o 374 0.850000
o 373 0.850000
o 372 0.850000
o 371 0.850000
o 370 0.850000
o 369 0.850000
o 368 0.850000
o 367 0.850000
o 366 0.850000
o 365 0.850000
o 364 0.850000
o 363 0.850000
o 362 0.850000
o 361 0.850000
o 360 0.850000
o 359 0.850000
o 358 0.850000
o 356 0.850000
o 355 0.850000
o 353 0.850000
o 352 0.850000
o 351 0.850000
o 350 0.850000
o 349 0.850000
o 348 0.850000
o 347 0.850000
o 346 0.850000
o 345 0.850000
o 344 0.850000
o 343 0.850000
o 342 0.850000
o 341 0.850000
o 340 0.850000
o 339 0.850000
o 316 1.900000
o 314 1.900000
o 313 1.910000
o 312 12.350000
o 311 12.350000
o 310 14.280000
o 309 201.870000
o 308 201.870000
o 307 202.180000
307	202.180000
judgment-aggregation-ja-slater-preflib-00043-00000180
o 559 0.760000
o 558 0.790000
o 557 0.790000
o 556 0.790000
o 555 0.790000
o 554 0.790000
o 553 0.790000
o 552 0.790000
o 551 0.790000
o 550 0.790000
o 549 0.790000
o 548 0.790000
o 547 0.790000
o 546 0.790000
o 545 0.790000
o 544 0.790000
o 543 0.790000
o 542 0.790000
o 541 0.790000
o 540 0.790000
o 539 0.790000
o 538 0.790000
o 537 0.790000
o 536 0.790000
o 535 0.790000
o 534 0.790000
o 533 0.790000
o 532 0.790000
o 531 0.790000
o 530 0.790000
o 529 0.790000
o 528 0.790000
o 527 0.790000
o 526 0.790000
o 525 0.790000
o 524 0.790000
o 523 0.790000
o 522 0.790000
o 521 0.790000
o 520 0.790000
o 519 0.790000
o 518 0.790000
o 517 0.790000
o 516 0.790000
o 515 0.790000
o 514 0.790000
o 513 0.790000
o 512 0.790000
o 511 0.790000
o 510 0.790000
o 509 0.790000
o 508 0.790000
o 507 0.790000
o 506 0.790000
o 505 0.790000
o 504 0.790000
o 503 0.790000
o 502 0.790000
o 501 0.790000
o 500 0.790000
o 499 0.790000
o 498 0.790000
o 497 0.790000
o 496 0.790000
o 495 0.790000
o 494 0.790000
o 493 0.790000
o 492 0.790000
o 491 0.790000
o 490 0.790000
o 489 0.790000
o 488 0.790000
o 487 0.790000
o 486 0.790000
o 485 0.790000
o 484 0.790000
o 483 0.790000
o 482 0.790000
o 481 0.790000
o 480 0.790000
o 479 0.790000
o 478 0.790000
o 477 0.790000
o 476 0.790000
o 475 0.790000
o 474 0.790000
o 473 0.790000
o 472 0.790000
o 471 0.790000
o 470 0.790000
o 469 0.790000
o 468 0.790000
o 467 0.790000
o 466 0.790000
o 465 0.790000
o 464 0.790000
o 463 0.790000
o 462 0.790000
o 461 0.790000
o 460 0.790000
o 459 0.790000
o 458 0.790000
o 457 0.790000
o 456 0.790000
o 455 0.790000
o 454 0.790000
o 453 0.790000
o 452 0.790000
o 451 0.790000
o 450 0.790000
o 449 0.790000
o 448 0.790000
o 447 0.790000
o 446 0.790000
o 445 0.790000
o 444 0.790000
o 443 0.790000
o 442 0.790000
o 441 0.790000
o 440 0.790000
o 439 0.790000
o 438 0.790000
o 437 0.790000
o 436 0.790000
o 435 0.790000
o 434 0.790000
o 433 0.790000
o 432 0.790000
o 431 0.790000
o 430 0.790000
o 429 0.790000
o 428 0.790000
o 427 0.790000
o 426 0.790000
o 425 0.790000
o 424 0.790000
o 423 0.790000
o 422 0.790000
o 421 0.790000
o 420 0.790000
o 419 0.790000
o 418 0.790000
o 417 0.790000
o 416 0.790000
o 415 0.790000
o 414 0.790000
o 413 0.790000
o 412 0.790000
o 411 0.790000
o 410 0.790000
o 409 0.790000
o 408 0.790000
o 407 0.790000
o 406 0.790000
o 405 0.790000
o 404 0.790000
o 403 0.790000
o 402 0.790000
o 401 0.790000
o 400 0.790000
o 399 0.790000
o 395 0.790000
o 394 0.790000
o 393 0.790000
o 392 0.790000
o 391 0.790000
o 390 0.790000
o 389 0.790000
o 387 0.790000
o 385 0.800000
o 384 0.800000
o 381 0.800000
o 380 0.800000
o 379 0.800000
o 378 0.800000
o 377 0.800000
o 376 0.800000
o 375 0.800000
o 374 0.800000
o 373 0.800000
o 372 0.800000
o 371 0.800000
o 370 0.800000
o 369 0.800000
o 368 0.800000
o 367 0.800000
o 365 0.800000
o 364 0.800000
o 363 0.800000
o 362 0.800000
o 361 0.800000
o 360 0.800000
o 359 0.800000
o 358 0.800000
o 354 0.810000
o 352 0.810000
o 322 1.800000
o 316 1.810000
o 313 1.810000
o 311 1.810000
o 310 1.810000
o 309 1.810000
o 308 1.980000
o 307 2.090000
307	2.090000
