min-fill-MinFill_R3_miles1000
o 3407 2.690000
o 3406 2.740000
o 3405 2.740000
o 3404 2.740000
o 3403 2.740000
o 3402 2.740000
o 3401 2.740000
o 3400 2.740000
o 3399 2.740000
o 3398 2.740000
o 3397 2.740000
o 3396 2.740000
o 3395 2.740000
o 3394 2.740000
o 3393 2.740000
o 3392 2.740000
o 3391 2.740000
o 3390 2.740000
o 3389 2.740000
o 3388 2.740000
o 3387 2.740000
o 3386 2.740000
o 3385 2.740000
o 3384 2.740000
o 3383 2.740000
o 3382 2.740000
o 3381 2.740000
o 3380 2.740000
o 3379 2.740000
o 3378 2.740000
o 3377 2.740000
o 3376 2.740000
o 3375 2.740000
o 3374 2.740000
o 3373 2.740000
o 3372 2.740000
o 3371 2.740000
o 3370 2.740000
o 3369 2.740000
o 3368 2.740000
o 3367 2.740000
o 3366 2.740000
o 3365 2.740000
o 3364 2.740000
o 3363 2.740000
o 3362 2.740000
o 3361 2.740000
o 3360 2.740000
o 3359 2.740000
o 3358 2.740000
o 3357 2.740000
o 3356 2.740000
o 3355 2.740000
o 3354 2.740000
o 3353 2.740000
o 3352 2.740000
o 3351 2.740000
o 3350 2.740000
o 3349 2.740000
o 3348 2.740000
o 3347 2.740000
o 3346 2.740000
o 3345 2.740000
o 3344 2.740000
o 3343 2.740000
o 3342 2.740000
o 3341 2.740000
o 3340 2.740000
o 3339 2.740000
o 3338 2.740000
o 3337 2.740000
o 3336 2.740000
o 3335 2.740000
o 3334 2.740000
o 3333 2.740000
o 3332 2.740000
o 3331 2.740000
o 3330 2.740000
o 3329 2.740000
o 3328 2.740000
o 3327 2.740000
o 3326 2.740000
o 3325 2.740000
o 3324 2.740000
o 3323 2.740000
o 3322 2.740000
o 3321 2.740000
o 3320 2.740000
o 3319 2.740000
o 3318 2.740000
o 3317 2.740000
o 3316 2.740000
o 3315 2.740000
o 3314 2.740000
o 3313 2.740000
o 3312 2.740000
o 3311 2.740000
o 3310 2.740000
o 3309 2.740000
o 3308 2.740000
o 3307 2.740000
o 3306 2.740000
o 3305 2.740000
o 3304 2.740000
o 3303 2.740000
o 3302 2.740000
o 3301 2.740000
o 3300 2.740000
o 3299 2.740000
o 3298 2.740000
o 3297 2.740000
o 3296 2.740000
o 3295 2.740000
o 3294 2.740000
o 3293 2.740000
o 3292 2.740000
o 3291 2.740000
o 3290 2.740000
o 3289 2.740000
o 3288 2.740000
o 3287 2.740000
o 3286 2.740000
o 3285 2.740000
o 3284 2.740000
o 3283 2.740000
o 3282 2.740000
o 3281 2.740000
o 3280 2.740000
o 3279 2.740000
o 3278 2.740000
o 3277 2.740000
o 3276 2.740000
o 3275 2.740000
o 3274 2.740000
o 3273 2.740000
o 3272 2.740000
o 3271 2.740000
o 3270 2.750000
o 3269 2.750000
o 3268 2.750000
o 3267 2.750000
o 3266 2.750000
o 3265 2.750000
o 3264 2.750000
o 3263 2.750000
o 3262 2.750000
o 3261 2.750000
o 3260 2.750000
o 3259 2.750000
o 3258 2.750000
o 3257 2.750000
o 3256 2.750000
o 3255 2.750000
o 3254 2.750000
o 3253 2.750000
o 3252 2.750000
o 3251 2.750000
o 3250 2.750000
o 3249 2.750000
o 3248 2.750000
o 3247 2.750000
o 3246 2.750000
o 3245 2.750000
o 3244 2.750000
o 3243 2.750000
o 3242 2.750000
o 3241 2.750000
o 3240 2.750000
o 3239 2.750000
o 3238 2.750000
o 3237 2.750000
o 3236 2.750000
o 3235 2.750000
o 3234 2.750000
o 3233 2.750000
o 3232 2.750000
o 3231 2.750000
o 3230 2.750000
o 3229 2.750000
o 3228 2.750000
o 3227 2.750000
o 3226 2.750000
o 3225 2.750000
o 3224 2.750000
o 3223 2.750000
o 3222 2.750000
o 3221 2.750000
o 3220 2.750000
o 3219 2.750000
o 3218 2.750000
o 3217 2.750000
o 3216 2.750000
o 3215 2.750000
o 3214 2.750000
o 3213 2.750000
o 3212 2.750000
o 3211 2.750000
o 3210 2.750000
o 3209 2.750000
o 3208 2.750000
o 3207 2.750000
o 3206 2.750000
o 3205 2.750000
o 3204 2.750000
o 3203 2.750000
o 3202 2.750000
o 3201 2.750000
o 3200 2.750000
o 3199 2.750000
o 3198 2.750000
o 3197 2.750000
o 3196 2.750000
o 3195 2.750000
o 3194 2.750000
o 3193 2.750000
o 3192 2.750000
o 3191 2.750000
o 3190 2.750000
o 3189 2.750000
o 3188 2.750000
o 3187 2.750000
o 3186 2.750000
o 3185 2.750000
o 3184 2.750000
o 3183 2.750000
o 3182 2.750000
o 3181 2.750000
o 3180 2.750000
o 3179 2.750000
o 3178 2.750000
o 3177 2.750000
o 3176 2.750000
o 3175 2.750000
o 3174 2.750000
o 3173 2.750000
o 3172 2.750000
o 3171 2.750000
o 3170 2.750000
o 3169 2.750000
o 3168 2.750000
o 3167 2.750000
o 3166 2.750000
o 3165 2.750000
o 3164 2.750000
o 3163 2.750000
o 3162 2.750000
o 3161 2.750000
o 3160 2.750000
o 3159 2.750000
o 3158 2.750000
o 3157 2.750000
o 3156 2.760000
o 3155 2.760000
o 3154 2.760000
o 3153 2.760000
o 3152 2.760000
o 3151 2.760000
o 3150 2.760000
o 3149 2.760000
o 3148 2.760000
o 3147 2.760000
o 3146 2.760000
o 3145 2.760000
o 3144 2.760000
o 3143 2.760000
o 3142 2.760000
o 3141 2.760000
o 3140 2.760000
o 3139 2.760000
o 3138 2.760000
o 3137 2.760000
o 3136 2.760000
o 3135 2.760000
o 3134 2.760000
o 3133 2.760000
o 3132 2.760000
o 3131 2.760000
o 3130 2.760000
o 3129 2.760000
o 3128 2.760000
o 3127 2.760000
o 3126 2.760000
o 3125 2.760000
o 3124 2.760000
o 3123 2.760000
o 3122 2.760000
o 3121 2.760000
o 3120 2.760000
o 3119 2.760000
o 3118 2.760000
o 3117 2.760000
o 3116 2.760000
o 3115 2.760000
o 3114 2.760000
o 3113 2.760000
o 3112 2.760000
o 3111 2.760000
o 3110 2.760000
o 3109 2.760000
o 3108 2.760000
o 3107 2.760000
o 3106 2.760000
o 3105 2.760000
o 3104 2.760000
o 3103 2.760000
o 3102 2.760000
o 3101 2.760000
o 3100 2.760000
o 3099 2.760000
o 3098 2.760000
o 3097 2.760000
o 3096 2.760000
o 3095 2.760000
o 3094 2.760000
o 3093 2.760000
o 3092 2.760000
o 3091 2.760000
o 3090 2.760000
o 3089 2.760000
o 3088 2.760000
o 3087 2.760000
o 3086 2.760000
o 3085 2.760000
o 3084 2.760000
o 3083 2.760000
o 3082 2.760000
o 3081 2.760000
o 3080 2.760000
o 3079 2.760000
o 3078 2.760000
o 3077 2.760000
o 3076 2.760000
o 3075 2.760000
o 3074 2.760000
o 3073 2.760000
o 3072 2.760000
o 3071 2.760000
o 3070 2.760000
o 3069 2.760000
o 3068 2.760000
o 3067 2.760000
o 3066 2.760000
o 3065 2.760000
o 3064 2.760000
o 3063 2.760000
o 3062 2.760000
o 3061 2.760000
o 3060 2.760000
o 3059 2.760000
o 3058 2.760000
o 3057 2.760000
o 3056 2.760000
o 3055 2.760000
o 3054 2.760000
o 3053 2.760000
o 3052 2.760000
o 3051 2.760000
o 3050 2.760000
o 3049 2.760000
o 3048 2.760000
o 3047 2.760000
o 3046 2.760000
o 3045 2.760000
o 3044 2.760000
o 3043 2.760000
o 3042 2.770000
o 3041 2.770000
o 3040 2.770000
o 3039 2.770000
o 3038 2.770000
o 3037 2.770000
o 3036 2.770000
o 3035 2.770000
o 3034 2.770000
o 3033 2.770000
o 3032 2.770000
o 3031 2.770000
o 3030 2.770000
o 3029 2.770000
o 3028 2.770000
o 3027 2.770000
o 3026 2.770000
o 3025 2.770000
o 3024 2.770000
o 3023 2.770000
o 3022 2.770000
o 3021 2.770000
o 3020 2.770000
o 3019 2.770000
o 3018 2.770000
o 3017 2.770000
o 3016 2.770000
o 3015 2.770000
o 3014 2.770000
o 3013 2.770000
o 3012 2.770000
o 3011 2.770000
o 3010 2.770000
o 3009 2.770000
o 3008 2.770000
o 3007 2.770000
o 3006 2.770000
o 3005 2.770000
o 3004 2.770000
o 3003 2.770000
o 3002 2.770000
o 3001 2.770000
o 3000 2.770000
o 2999 2.770000
o 2998 2.770000
o 2997 2.770000
o 2996 2.770000
o 2995 2.770000
o 2994 2.770000
o 2993 2.770000
o 2992 2.770000
o 2991 2.770000
o 2990 2.770000
o 2989 2.770000
o 2988 2.770000
o 2987 2.770000
o 2986 2.770000
o 2985 2.770000
o 2984 2.770000
o 2983 2.770000
o 2982 2.770000
o 2981 2.770000
o 2980 2.770000
o 2979 2.770000
o 2978 2.770000
o 2977 2.770000
o 2976 2.770000
o 2975 2.770000
o 2974 2.770000
o 2973 2.770000
o 2972 2.770000
o 2971 2.770000
o 2970 2.770000
o 2969 2.770000
o 2968 2.770000
o 2967 2.770000
o 2966 2.770000
o 2965 2.770000
o 2964 2.770000
o 2963 2.770000
o 2962 2.770000
o 2961 2.770000
o 2960 2.770000
o 2959 2.770000
o 2958 2.770000
o 2957 2.770000
o 2956 2.770000
o 2955 2.770000
o 2954 2.770000
o 2953 2.770000
o 2952 2.770000
o 2951 2.770000
o 2950 2.770000
o 2949 2.770000
o 2948 2.770000
o 2947 2.770000
o 2946 2.770000
o 2945 2.770000
o 2944 2.770000
o 2943 2.770000
o 2942 2.770000
o 2941 2.770000
o 2940 2.770000
o 2939 2.770000
o 2938 2.770000
o 2937 2.770000
o 2936 2.770000
o 2935 2.770000
o 2934 2.770000
o 2933 2.770000
o 2932 2.770000
o 2931 2.770000
o 2930 2.770000
o 2929 2.770000
o 2928 2.770000
o 2927 2.780000
o 2926 2.780000
o 2925 2.780000
o 2924 2.780000
o 2923 2.780000
o 2922 2.780000
o 2921 2.780000
o 2920 2.780000
o 2919 2.780000
o 2918 2.780000
o 2917 2.780000
o 2916 2.780000
o 2915 2.780000
o 2914 2.780000
o 2913 2.780000
o 2912 2.780000
o 2911 2.780000
o 2910 2.780000
o 2909 2.780000
o 2908 2.780000
o 2907 2.780000
o 2906 2.780000
o 2905 2.780000
o 2904 2.780000
o 2903 2.780000
o 2902 2.780000
o 2901 2.780000
o 2900 2.780000
o 2899 2.780000
o 2898 2.780000
o 2897 2.780000
o 2896 2.780000
o 2895 2.780000
o 2894 2.780000
o 2893 2.780000
o 2892 2.780000
o 2891 2.780000
o 2890 2.780000
2890	2.780000
min-fill-MinFill_R3_miles1000
o 4426 3.270000
o 4425 3.330000
o 4424 3.330000
o 4423 3.340000
o 4422 3.340000
o 4421 3.340000
o 4420 3.340000
o 4419 3.340000
o 4418 3.340000
o 4417 3.340000
o 4416 3.340000
o 4415 3.340000
o 4414 3.340000
o 4413 3.340000
o 4412 3.340000
o 4411 3.340000
o 4410 3.340000
o 4409 3.340000
o 4408 3.340000
o 4407 3.350000
o 4406 3.350000
o 4405 3.350000
o 4404 3.350000
o 4403 3.350000
o 4402 3.350000
o 4401 3.350000
o 4400 3.350000
o 4399 3.350000
o 4398 3.350000
o 4397 3.350000
o 4396 3.350000
o 4395 3.350000
o 4394 3.350000
o 4393 3.350000
o 4392 3.350000
o 4391 3.350000
o 4390 3.350000
o 4389 3.350000
o 4388 3.350000
o 4387 3.350000
o 4386 3.350000
o 4385 3.350000
o 4384 3.350000
o 4383 3.350000
o 4382 3.350000
o 4381 3.350000
o 4380 3.350000
o 4379 3.350000
o 4378 3.350000
o 4377 3.350000
o 4376 3.350000
o 4375 3.350000
o 4374 3.350000
o 4373 3.350000
o 4372 3.350000
o 4371 3.350000
o 4370 3.350000
o 4369 3.350000
o 4368 3.350000
o 4367 3.350000
o 4366 3.350000
o 4365 3.350000
o 4364 3.350000
o 4363 3.350000
o 4362 3.350000
o 4361 3.350000
o 4360 3.350000
o 4359 3.350000
o 4358 3.350000
o 4357 3.350000
o 4356 3.350000
o 4355 3.350000
o 4354 3.350000
o 4353 3.350000
o 4352 3.350000
o 4351 3.350000
o 4350 3.350000
o 4349 3.350000
o 4348 3.350000
o 4347 3.350000
o 4346 3.350000
o 4345 3.350000
o 4344 3.350000
o 4343 3.350000
o 4342 3.350000
o 4341 3.350000
o 4340 3.350000
o 4339 3.350000
o 4338 3.350000
o 4337 3.350000
o 4336 3.350000
o 4335 3.350000
o 4334 3.350000
o 4333 3.350000
o 4332 3.350000
o 4331 3.350000
o 4330 3.350000
o 4329 3.350000
o 4328 3.350000
o 4327 3.350000
o 4326 3.350000
o 4325 3.350000
o 4324 3.350000
o 4323 3.350000
o 4322 3.350000
o 4321 3.350000
o 4320 3.350000
o 4319 3.350000
o 4318 3.350000
o 4317 3.350000
o 4316 3.350000
o 4315 3.350000
o 4314 3.350000
o 4313 3.350000
o 4312 3.350000
o 4311 3.350000
o 4310 3.350000
o 4309 3.350000
o 4308 3.350000
o 4307 3.350000
o 4306 3.350000
o 4305 3.360000
o 4304 3.360000
o 4303 3.360000
o 4302 3.360000
o 4301 3.360000
o 4300 3.360000
o 4299 3.360000
o 4298 3.360000
o 4297 3.360000
o 4296 3.360000
o 4295 3.360000
o 4294 3.360000
o 4293 3.360000
o 4292 3.360000
o 4291 3.360000
o 4290 3.360000
o 4289 3.360000
o 4288 3.360000
o 4287 3.360000
o 4286 3.360000
o 4285 3.360000
o 4284 3.360000
o 4283 3.360000
o 4282 3.360000
o 4281 3.360000
o 4280 3.360000
o 4279 3.360000
o 4278 3.360000
o 4277 3.360000
o 4276 3.360000
o 4275 3.360000
o 4274 3.360000
o 4273 3.360000
o 4272 3.360000
o 4271 3.360000
o 4270 3.360000
o 4269 3.360000
o 4268 3.360000
o 4267 3.360000
o 4266 3.360000
o 4265 3.360000
o 4264 3.360000
o 4263 3.360000
o 4262 3.360000
o 4261 3.360000
o 4260 3.360000
o 4259 3.360000
o 4258 3.360000
o 4257 3.360000
o 4256 3.360000
o 4255 3.360000
o 4254 3.360000
o 4253 3.360000
o 4252 3.360000
o 4251 3.360000
o 4250 3.360000
o 4249 3.360000
o 4248 3.360000
o 4247 3.360000
o 4246 3.360000
o 4245 3.360000
o 4244 3.360000
o 4243 3.360000
o 4242 3.360000
o 4241 3.360000
o 4240 3.360000
o 4239 3.360000
o 4238 3.360000
o 4237 3.360000
o 4236 3.360000
o 4235 3.360000
o 4234 3.360000
o 4233 3.360000
o 4232 3.360000
o 4231 3.360000
o 4230 3.360000
o 4229 3.360000
o 4228 3.360000
o 4227 3.360000
o 4226 3.360000
o 4225 3.360000
o 4224 3.360000
o 4223 3.360000
o 4222 3.360000
o 4221 3.360000
o 4220 3.360000
o 4219 3.360000
o 4218 3.360000
o 4217 3.360000
o 4216 3.360000
o 4215 3.360000
o 4214 3.360000
o 4213 3.360000
o 4212 3.360000
o 4211 3.360000
o 4210 3.360000
o 4209 3.360000
o 4208 3.360000
o 4207 3.360000
o 4206 3.370000
o 4205 3.370000
o 4204 3.370000
o 4203 3.370000
o 4202 3.370000
o 4201 3.370000
o 4200 3.370000
o 4199 3.370000
o 4198 3.370000
o 4197 3.370000
o 4196 3.370000
o 4195 3.370000
o 4194 3.370000
o 4193 3.370000
o 4192 3.370000
o 4191 3.370000
o 4190 3.370000
o 4189 3.370000
o 4188 3.370000
o 4187 3.370000
o 4186 3.370000
o 4185 3.370000
o 4184 3.370000
o 4183 3.370000
o 4182 3.370000
o 4181 3.370000
o 4180 3.370000
o 4179 3.370000
o 4178 3.370000
o 4177 3.370000
o 4176 3.370000
o 4175 3.370000
o 4174 3.370000
o 4173 3.370000
o 4172 3.370000
o 4171 3.370000
o 4170 3.370000
o 4169 3.370000
o 4168 3.370000
o 4167 3.370000
o 4166 3.370000
o 4165 3.370000
o 4164 3.370000
o 4163 3.370000
o 4162 3.370000
o 4161 3.370000
o 4160 3.370000
o 4159 3.370000
o 4158 3.370000
o 4157 3.370000
o 4156 3.370000
o 4155 3.370000
o 4154 3.370000
o 4153 3.370000
o 4152 3.370000
o 4151 3.370000
o 4150 3.370000
o 4149 3.370000
o 4148 3.370000
o 4147 3.370000
o 4146 3.370000
o 4145 3.370000
o 4144 3.370000
o 4143 3.370000
o 4142 3.370000
o 4141 3.370000
o 4140 3.370000
o 4139 3.370000
o 4138 3.370000
o 4137 3.370000
o 4136 3.370000
o 4135 3.370000
o 4134 3.370000
o 4133 3.370000
o 4132 3.370000
o 4131 3.370000
o 4130 3.370000
o 4129 3.370000
o 4128 3.370000
o 4127 3.370000
o 4126 3.370000
o 4125 3.370000
o 4124 3.370000
o 4123 3.370000
o 4122 3.370000
o 4121 3.370000
o 4120 3.370000
o 4119 3.370000
o 4118 3.370000
o 4117 3.370000
o 4116 3.370000
o 4115 3.370000
o 4114 3.370000
o 4113 3.370000
o 4112 3.370000
o 4111 3.370000
o 4110 3.370000
o 4109 3.370000
o 4108 3.370000
o 4107 3.370000
o 4106 3.370000
o 4105 3.370000
o 4104 3.370000
o 4103 3.370000
4103	3.370000
min-fill-MinFill_R3_miles1000
o 3981 2.920000
o 3980 2.970000
o 3979 2.970000
o 3978 2.970000
o 3977 2.970000
o 3976 2.970000
o 3975 2.970000
o 3974 2.970000
o 3973 2.970000
o 3972 2.970000
o 3971 2.970000
o 3970 2.970000
o 3969 2.970000
o 3968 2.970000
o 3967 2.970000
o 3966 2.970000
o 3965 2.970000
o 3964 2.970000
o 3963 2.970000
o 3962 2.970000
o 3961 2.970000
o 3960 2.970000
o 3959 2.970000
o 3958 2.970000
o 3957 2.970000
o 3956 2.970000
o 3955 2.970000
o 3954 2.970000
o 3953 2.970000
o 3952 2.970000
o 3951 2.970000
o 3950 2.970000
o 3949 2.970000
o 3948 2.970000
o 3947 2.970000
o 3946 2.970000
o 3945 2.970000
o 3944 2.970000
o 3943 2.970000
o 3942 2.970000
o 3941 2.970000
o 3940 2.970000
o 3939 2.970000
o 3938 2.970000
o 3937 2.970000
o 3936 2.970000
o 3935 2.970000
o 3934 2.970000
o 3933 2.970000
o 3932 2.970000
o 3931 2.970000
o 3930 2.970000
o 3929 2.970000
o 3928 2.970000
o 3927 2.970000
o 3926 2.970000
o 3925 2.970000
o 3924 2.970000
o 3923 2.970000
o 3922 2.970000
o 3921 2.970000
o 3920 2.970000
o 3919 2.970000
o 3918 2.970000
o 3917 2.970000
o 3916 2.970000
o 3915 2.970000
o 3914 2.970000
o 3913 2.970000
o 3912 2.970000
o 3911 2.970000
o 3910 2.970000
o 3909 2.970000
o 3908 2.970000
o 3907 2.970000
o 3906 2.970000
o 3905 2.970000
o 3904 2.970000
o 3903 2.970000
o 3902 2.970000
o 3901 2.970000
o 3900 2.970000
o 3899 2.970000
o 3898 2.970000
o 3897 2.970000
o 3896 2.970000
o 3895 2.970000
o 3894 2.970000
o 3893 2.980000
o 3892 2.980000
o 3891 2.980000
o 3890 2.980000
o 3889 2.980000
o 3888 2.980000
o 3887 2.980000
o 3886 2.980000
o 3885 2.980000
o 3884 2.980000
o 3883 2.980000
o 3882 2.980000
o 3881 2.980000
o 3880 2.980000
o 3879 2.980000
o 3878 2.980000
o 3877 2.980000
o 3876 2.980000
o 3875 2.980000
o 3874 2.980000
o 3873 2.980000
o 3872 2.980000
o 3871 2.980000
o 3870 2.980000
o 3869 2.980000
o 3868 2.980000
o 3867 2.980000
o 3866 2.980000
o 3865 2.980000
o 3864 2.980000
o 3863 2.980000
o 3862 2.980000
o 3861 2.980000
o 3860 2.980000
o 3859 2.980000
o 3858 2.980000
o 3857 2.980000
o 3856 2.980000
o 3855 2.980000
o 3854 2.980000
o 3853 2.980000
o 3852 2.980000
o 3851 2.980000
o 3850 2.980000
o 3849 2.980000
o 3848 2.980000
o 3847 2.980000
o 3846 2.980000
o 3845 2.980000
o 3844 2.980000
o 3843 2.980000
o 3842 2.980000
o 3841 2.980000
o 3840 2.980000
o 3839 2.980000
o 3838 2.980000
o 3837 2.980000
o 3836 2.980000
o 3835 2.980000
o 3834 2.980000
o 3833 2.980000
o 3832 2.980000
o 3831 2.980000
o 3830 2.980000
o 3829 2.980000
o 3828 2.980000
o 3827 2.980000
o 3826 2.980000
o 3825 2.980000
o 3824 2.980000
o 3823 2.980000
o 3822 2.980000
o 3821 2.980000
o 3820 2.980000
o 3819 2.980000
o 3818 2.980000
o 3817 2.980000
o 3816 2.980000
o 3815 2.980000
o 3814 2.980000
o 3813 2.980000
o 3812 2.980000
o 3811 2.980000
o 3810 2.980000
o 3809 2.980000
o 3808 2.980000
o 3807 2.980000
o 3806 2.980000
o 3805 2.980000
o 3804 2.980000
o 3803 2.980000
o 3802 2.980000
o 3801 2.980000
o 3800 2.980000
o 3799 2.980000
o 3798 2.980000
o 3797 2.980000
o 3796 2.980000
o 3795 2.980000
o 3794 2.980000
o 3793 2.980000
o 3792 2.980000
o 3791 2.980000
o 3790 2.980000
o 3789 2.980000
o 3788 2.980000
o 3787 2.980000
o 3786 2.980000
o 3785 2.980000
o 3784 2.980000
o 3783 2.990000
o 3782 2.990000
o 3781 2.990000
o 3780 2.990000
o 3779 2.990000
o 3778 2.990000
o 3777 2.990000
o 3776 2.990000
o 3775 2.990000
o 3774 2.990000
o 3773 2.990000
o 3772 2.990000
o 3771 2.990000
o 3770 2.990000
o 3769 2.990000
o 3768 2.990000
o 3767 2.990000
o 3766 2.990000
o 3765 2.990000
o 3764 2.990000
o 3763 2.990000
o 3762 2.990000
o 3761 2.990000
o 3760 2.990000
o 3759 2.990000
o 3758 2.990000
o 3757 2.990000
o 3756 2.990000
o 3755 2.990000
o 3754 2.990000
o 3753 2.990000
o 3752 2.990000
o 3751 2.990000
o 3750 2.990000
o 3749 2.990000
o 3748 2.990000
o 3747 2.990000
o 3746 2.990000
o 3745 2.990000
o 3744 2.990000
o 3743 2.990000
o 3742 2.990000
o 3741 2.990000
o 3740 2.990000
o 3739 2.990000
o 3738 2.990000
o 3737 2.990000
o 3736 2.990000
o 3735 2.990000
o 3734 2.990000
o 3733 2.990000
o 3732 2.990000
o 3731 2.990000
o 3730 2.990000
o 3729 2.990000
o 3728 2.990000
o 3727 2.990000
o 3726 2.990000
o 3725 2.990000
o 3724 2.990000
o 3723 2.990000
o 3722 2.990000
o 3721 2.990000
o 3720 2.990000
o 3719 2.990000
o 3718 2.990000
o 3717 2.990000
o 3716 2.990000
o 3715 2.990000
o 3714 2.990000
o 3713 2.990000
o 3712 2.990000
o 3711 2.990000
o 3710 2.990000
o 3709 2.990000
o 3708 2.990000
o 3707 2.990000
o 3706 2.990000
o 3705 2.990000
o 3704 2.990000
o 3703 2.990000
o 3702 2.990000
o 3701 2.990000
o 3700 2.990000
o 3699 2.990000
o 3698 2.990000
o 3697 2.990000
o 3696 2.990000
o 3695 2.990000
o 3694 2.990000
o 3693 2.990000
o 3692 2.990000
o 3691 2.990000
o 3690 2.990000
o 3689 2.990000
o 3688 2.990000
o 3687 2.990000
o 3686 2.990000
o 3685 2.990000
o 3684 2.990000
o 3683 2.990000
o 3682 2.990000
o 3681 2.990000
o 3680 2.990000
o 3679 2.990000
o 3678 2.990000
o 3677 2.990000
o 3676 2.990000
o 3675 2.990000
o 3674 2.990000
o 3673 2.990000
o 3672 2.990000
o 3671 3.000000
o 3670 3.000000
o 3669 3.000000
o 3668 3.000000
o 3667 3.000000
o 3666 3.000000
o 3665 3.000000
o 3664 3.000000
o 3663 3.000000
o 3662 3.000000
o 3661 3.000000
o 3660 3.000000
o 3659 3.000000
o 3658 3.000000
o 3657 3.000000
o 3656 3.000000
o 3655 3.000000
o 3654 3.000000
o 3653 3.000000
o 3652 3.000000
o 3651 3.000000
o 3650 3.000000
o 3649 3.000000
o 3648 3.000000
o 3647 3.000000
o 3646 3.000000
o 3645 3.000000
o 3644 3.000000
o 3643 3.000000
o 3642 3.000000
o 3641 3.000000
o 3640 3.000000
o 3639 3.000000
o 3638 3.000000
o 3637 3.000000
o 3636 3.000000
o 3635 3.000000
o 3634 3.000000
o 3633 3.000000
o 3632 3.000000
o 3631 3.000000
o 3630 3.000000
o 3629 3.000000
o 3628 3.000000
o 3627 3.000000
o 3626 3.000000
o 3625 3.000000
o 3624 3.000000
o 3623 3.000000
o 3622 3.000000
o 3621 3.000000
o 3620 3.000000
o 3619 3.000000
o 3618 3.000000
o 3617 3.000000
o 3616 3.000000
o 3615 3.000000
o 3614 3.000000
o 3613 3.000000
o 3612 3.000000
o 3611 3.000000
o 3610 3.000000
o 3609 3.000000
o 3608 3.000000
o 3607 3.000000
o 3606 3.000000
o 3605 3.000000
o 3604 3.000000
o 3603 3.000000
o 3602 3.000000
o 3601 3.000000
o 3600 3.000000
o 3599 3.000000
o 3598 3.000000
o 3597 3.000000
o 3596 3.000000
o 3595 3.000000
o 3594 3.000000
o 3593 3.000000
o 3592 3.000000
o 3591 3.000000
o 3590 3.000000
o 3589 3.000000
o 3588 3.000000
o 3587 3.000000
o 3586 3.000000
o 3585 3.000000
o 3584 3.000000
o 3583 3.000000
o 3582 3.000000
o 3581 3.000000
o 3580 3.000000
o 3579 3.000000
o 3578 3.000000
o 3577 3.000000
o 3576 3.000000
o 3575 3.000000
o 3574 3.000000
o 3573 3.000000
o 3572 3.000000
o 3571 3.000000
o 3570 3.000000
o 3569 3.000000
o 3568 3.000000
o 3567 3.000000
o 3566 3.000000
o 3565 3.000000
o 3564 3.000000
o 3563 3.000000
o 3562 3.000000
o 3561 3.000000
o 3560 3.000000
o 3559 3.010000
o 3558 3.010000
o 3557 3.010000
o 3556 3.010000
o 3555 3.010000
o 3554 3.010000
o 3553 3.010000
o 3552 3.010000
o 3551 3.010000
o 3550 3.010000
o 3549 3.010000
o 3548 3.010000
o 3547 3.010000
o 3546 3.010000
o 3545 3.010000
o 3544 3.010000
o 3543 3.010000
o 3542 3.010000
o 3541 3.010000
o 3540 3.010000
o 3539 3.010000
o 3538 3.010000
o 3537 3.010000
o 3536 3.010000
o 3535 3.010000
o 3534 3.010000
o 3533 3.010000
o 3532 3.010000
o 3531 3.010000
o 3530 3.010000
o 3529 3.010000
o 3528 3.010000
o 3527 3.010000
o 3526 3.010000
o 3525 3.010000
o 3524 3.010000
o 3523 3.010000
o 3522 3.010000
o 3521 3.010000
o 3520 3.010000
o 3519 3.010000
o 3518 3.010000
o 3517 3.010000
o 3516 3.010000
o 3515 3.010000
o 3514 3.010000
o 3513 3.010000
o 3512 3.010000
o 3511 3.010000
o 3510 3.010000
o 3509 3.010000
o 3508 3.010000
o 3507 3.010000
o 3506 3.010000
o 3505 3.010000
o 3504 3.010000
o 3503 3.010000
o 3502 3.010000
o 3501 3.010000
o 3500 3.010000
o 3499 3.010000
o 3498 3.010000
o 3497 3.010000
o 3496 3.010000
o 3495 3.010000
o 3494 3.010000
o 3493 3.010000
o 3492 3.010000
o 3491 3.010000
o 3490 3.010000
o 3489 3.010000
o 3488 3.010000
o 3487 3.010000
o 3486 3.010000
o 3485 3.010000
o 3484 3.010000
o 3483 3.010000
o 3482 3.010000
o 3481 3.010000
o 3480 3.010000
o 3479 3.010000
o 3478 3.010000
o 3477 3.010000
o 3476 3.010000
o 3475 3.010000
o 3474 3.010000
o 3473 3.010000
o 3472 3.010000
o 3471 3.010000
o 3470 3.010000
o 3469 3.010000
o 3468 3.010000
o 3467 3.010000
o 3466 3.010000
o 3465 3.010000
o 3464 3.010000
o 3463 3.010000
o 3462 3.010000
o 3461 3.010000
o 3460 3.010000
o 3459 3.010000
o 3458 3.010000
o 3457 3.010000
o 3456 3.010000
o 3455 3.010000
o 3454 3.010000
o 3453 3.010000
o 3452 3.010000
o 3451 3.010000
o 3450 3.010000
o 3449 3.010000
o 3448 3.010000
o 3447 3.020000
o 3446 3.020000
o 3445 3.020000
o 3444 3.020000
o 3443 3.020000
o 3442 3.020000
o 3441 3.020000
o 3440 3.020000
o 3439 3.020000
o 3438 3.020000
o 3437 3.020000
o 3436 3.020000
o 3435 3.020000
o 3434 3.020000
o 3433 3.020000
o 3432 3.020000
o 3431 3.020000
o 3430 3.020000
o 3429 3.020000
o 3428 3.020000
o 3427 3.020000
o 3426 3.020000
o 3425 3.020000
o 3424 3.020000
o 3423 3.020000
o 3422 3.020000
o 3421 3.020000
o 3420 3.020000
o 3419 3.020000
o 3418 3.020000
o 3417 3.020000
o 3416 3.020000
o 3415 3.020000
o 3414 3.020000
o 3413 3.020000
o 3412 3.020000
o 3411 3.020000
o 3410 3.020000
o 3409 3.020000
o 3408 3.020000
o 3407 3.020000
o 3406 3.020000
o 3405 3.020000
o 3404 3.020000
o 3403 3.020000
o 3402 3.020000
o 3401 3.020000
o 3400 3.020000
o 3399 3.020000
o 3398 3.020000
o 3397 3.020000
o 3396 3.020000
o 3395 3.020000
o 3394 3.020000
o 3393 3.020000
o 3392 3.020000
o 3391 3.020000
o 3390 3.020000
o 3389 3.020000
o 3388 3.020000
o 3387 3.020000
o 3386 3.020000
o 3385 3.020000
o 3384 3.020000
o 3383 3.020000
o 3382 3.020000
o 3381 3.020000
o 3380 3.020000
o 3379 3.020000
o 3378 3.020000
o 3377 3.020000
o 3376 3.020000
o 3375 3.020000
o 3374 3.020000
o 3373 3.020000
o 3372 3.020000
o 3371 3.020000
o 3370 3.020000
o 3369 3.020000
o 3368 3.020000
o 3367 3.020000
o 3366 3.020000
o 3365 3.020000
o 3364 3.020000
o 3363 3.020000
o 3362 3.020000
o 3361 3.020000
o 3360 3.020000
o 3359 3.020000
o 3358 3.020000
o 3357 3.020000
o 3356 3.020000
o 3355 3.020000
o 3354 3.020000
o 3353 3.020000
o 3352 3.020000
o 3351 3.020000
o 3350 3.020000
o 3349 3.020000
o 3348 3.020000
o 3347 3.020000
o 3346 3.020000
o 3345 3.020000
o 3344 3.020000
o 3343 3.020000
o 3342 3.020000
o 3341 3.020000
o 3340 3.020000
o 3339 3.020000
o 3338 3.020000
o 3337 3.020000
o 3336 3.020000
o 3335 3.020000
o 3334 3.020000
o 3333 3.030000
o 3332 3.030000
o 3331 3.030000
o 3330 3.030000
o 3329 3.030000
o 3328 3.030000
o 3327 3.030000
o 3326 3.030000
o 3325 3.030000
o 3324 3.030000
o 3323 3.030000
o 3322 3.030000
o 3321 3.030000
o 3320 3.030000
o 3319 3.030000
o 3318 3.030000
o 3317 3.030000
o 3316 3.030000
o 3315 3.030000
o 3314 3.030000
o 3313 3.030000
o 3312 3.030000
o 3311 3.030000
o 3310 3.030000
o 3309 3.030000
o 3308 3.030000
o 3307 3.030000
o 3306 3.030000
o 3305 3.030000
o 3304 3.030000
o 3303 3.030000
o 3302 3.030000
o 3301 3.030000
o 3300 3.030000
o 3299 3.030000
o 3298 3.030000
o 3297 3.030000
o 3296 3.030000
o 3295 3.030000
o 3294 3.030000
o 3293 3.030000
o 3292 3.030000
o 3291 3.030000
o 3290 3.030000
o 3289 3.030000
3289	3.030000
min-fill-MinFill_R3_miles1000
o 3998 2.200000
o 3997 2.240000
o 3996 2.240000
o 3995 2.240000
o 3994 2.240000
o 3993 2.240000
o 3992 2.240000
o 3991 2.240000
o 3990 2.240000
o 3989 2.240000
o 3988 2.240000
o 3987 2.240000
o 3986 2.240000
o 3985 2.240000
o 3984 2.240000
o 3983 2.240000
o 3982 2.240000
o 3981 2.240000
o 3980 2.240000
o 3979 2.240000
o 3978 2.240000
o 3977 2.240000
o 3976 2.240000
o 3975 2.240000
o 3974 2.240000
o 3973 2.240000
o 3972 2.240000
o 3971 2.240000
o 3970 2.240000
o 3969 2.240000
o 3968 2.240000
o 3967 2.240000
o 3966 2.240000
o 3965 2.240000
o 3964 2.240000
o 3963 2.240000
o 3962 2.240000
o 3961 2.240000
o 3960 2.240000
o 3959 2.240000
o 3958 2.240000
o 3957 2.240000
o 3956 2.240000
o 3955 2.240000
o 3954 2.240000
o 3953 2.240000
o 3952 2.240000
o 3951 2.240000
o 3950 2.240000
o 3949 2.240000
o 3948 2.240000
o 3947 2.240000
o 3946 2.240000
o 3945 2.240000
o 3944 2.240000
o 3943 2.240000
o 3942 2.240000
o 3941 2.240000
o 3940 2.240000
o 3939 2.240000
o 3938 2.240000
o 3937 2.240000
o 3936 2.240000
o 3935 2.240000
o 3934 2.240000
o 3933 2.250000
o 3932 2.250000
o 3931 2.250000
o 3930 2.250000
o 3929 2.250000
o 3928 2.250000
o 3927 2.250000
o 3926 2.250000
o 3925 2.250000
o 3924 2.250000
o 3923 2.250000
o 3922 2.250000
o 3921 2.250000
o 3920 2.250000
o 3919 2.250000
o 3918 2.250000
o 3917 2.250000
o 3916 2.250000
o 3915 2.250000
o 3914 2.250000
o 3913 2.250000
o 3912 2.250000
o 3911 2.250000
o 3910 2.250000
o 3909 2.250000
o 3908 2.250000
o 3907 2.250000
o 3906 2.250000
o 3905 2.250000
o 3904 2.250000
o 3903 2.250000
o 3902 2.250000
o 3901 2.250000
o 3900 2.250000
o 3899 2.250000
o 3898 2.250000
o 3897 2.250000
o 3896 2.250000
o 3895 2.250000
o 3894 2.250000
o 3893 2.250000
o 3892 2.250000
o 3891 2.250000
o 3890 2.250000
o 3889 2.250000
o 3888 2.250000
o 3887 2.250000
o 3886 2.250000
o 3885 2.250000
o 3884 2.250000
o 3883 2.250000
o 3882 2.250000
o 3881 2.250000
o 3880 2.250000
o 3879 2.250000
o 3878 2.250000
o 3877 2.250000
o 3876 2.250000
o 3875 2.250000
o 3874 2.250000
o 3873 2.250000
o 3872 2.250000
o 3871 2.250000
o 3870 2.250000
o 3869 2.250000
o 3868 2.250000
o 3867 2.250000
o 3866 2.250000
o 3865 2.250000
o 3864 2.250000
o 3863 2.250000
o 3862 2.250000
o 3861 2.250000
o 3860 2.250000
o 3859 2.250000
o 3858 2.250000
o 3857 2.250000
o 3856 2.250000
o 3855 2.250000
o 3854 2.250000
o 3853 2.250000
o 3852 2.250000
o 3851 2.250000
o 3850 2.250000
o 3849 2.250000
o 3848 2.250000
o 3847 2.250000
o 3846 2.250000
o 3845 2.250000
o 3844 2.250000
o 3843 2.250000
o 3842 2.250000
o 3841 2.250000
o 3840 2.250000
o 3839 2.250000
o 3838 2.250000
o 3837 2.250000
o 3836 2.250000
o 3835 2.250000
o 3834 2.250000
o 3833 2.250000
o 3832 2.250000
o 3831 2.250000
o 3830 2.250000
o 3829 2.250000
o 3828 2.250000
o 3827 2.250000
o 3826 2.250000
o 3825 2.250000
o 3824 2.250000
o 3823 2.250000
o 3822 2.250000
o 3821 2.260000
o 3820 2.260000
o 3819 2.260000
o 3818 2.260000
o 3817 2.260000
o 3816 2.260000
o 3815 2.260000
o 3814 2.260000
o 3813 2.260000
o 3812 2.260000
o 3811 2.260000
o 3810 2.260000
o 3809 2.260000
o 3808 2.260000
o 3807 2.260000
o 3806 2.260000
o 3805 2.260000
o 3804 2.260000
o 3803 2.260000
o 3802 2.260000
o 3801 2.260000
o 3800 2.260000
o 3799 2.260000
o 3798 2.260000
o 3797 2.260000
o 3796 2.260000
o 3795 2.260000
o 3794 2.260000
o 3793 2.260000
o 3792 2.260000
o 3791 2.260000
o 3790 2.260000
o 3789 2.260000
o 3788 2.260000
o 3787 2.260000
o 3786 2.260000
o 3785 2.260000
o 3784 2.260000
o 3783 2.260000
o 3782 2.260000
o 3781 2.260000
o 3780 2.260000
o 3779 2.260000
o 3778 2.260000
o 3777 2.260000
o 3776 2.260000
o 3775 2.260000
o 3774 2.260000
o 3773 2.260000
o 3772 2.260000
o 3771 2.260000
o 3770 2.260000
o 3769 2.260000
o 3768 2.260000
o 3767 2.260000
o 3766 2.260000
o 3765 2.260000
o 3764 2.260000
o 3763 2.260000
o 3762 2.260000
o 3761 2.260000
o 3760 2.260000
o 3759 2.260000
o 3758 2.260000
o 3757 2.260000
o 3756 2.260000
o 3755 2.260000
o 3754 2.260000
o 3753 2.260000
o 3752 2.260000
o 3751 2.260000
o 3750 2.260000
o 3749 2.260000
o 3748 2.260000
o 3747 2.260000
o 3746 2.260000
o 3745 2.260000
o 3744 2.260000
o 3743 2.260000
o 3742 2.260000
o 3741 2.260000
o 3740 2.260000
o 3739 2.260000
o 3738 2.260000
o 3737 2.260000
o 3736 2.260000
o 3735 2.260000
o 3734 2.260000
o 3733 2.260000
o 3732 2.260000
o 3731 2.260000
o 3730 2.260000
o 3729 2.260000
o 3728 2.260000
o 3727 2.260000
o 3726 2.260000
o 3725 2.260000
o 3724 2.260000
o 3723 2.260000
o 3722 2.260000
o 3721 2.260000
o 3720 2.260000
o 3719 2.260000
o 3718 2.260000
o 3717 2.260000
o 3716 2.260000
o 3715 2.260000
o 3714 2.260000
o 3713 2.260000
o 3712 2.260000
o 3711 2.260000
o 3710 2.260000
o 3709 2.270000
o 3708 2.270000
o 3707 2.270000
o 3706 2.270000
o 3705 2.270000
o 3704 2.270000
o 3703 2.270000
o 3702 2.270000
o 3701 2.270000
o 3700 2.270000
o 3699 2.270000
o 3698 2.270000
o 3697 2.270000
o 3696 2.270000
o 3695 2.270000
o 3694 2.270000
o 3693 2.270000
o 3692 2.270000
o 3691 2.270000
o 3690 2.270000
o 3689 2.270000
o 3688 2.270000
o 3687 2.270000
o 3686 2.270000
o 3685 2.270000
o 3684 2.270000
o 3683 2.270000
o 3682 2.270000
o 3681 2.270000
o 3680 2.270000
o 3679 2.270000
o 3678 2.270000
o 3677 2.270000
o 3676 2.270000
o 3675 2.270000
o 3674 2.270000
o 3673 2.270000
o 3672 2.270000
o 3671 2.270000
o 3670 2.270000
o 3669 2.270000
o 3668 2.270000
o 3667 2.270000
o 3666 2.270000
o 3665 2.270000
o 3664 2.270000
o 3663 2.270000
o 3662 2.270000
o 3661 2.270000
o 3660 2.270000
o 3659 2.270000
o 3658 2.270000
o 3657 2.270000
o 3656 2.270000
o 3655 2.270000
o 3654 2.270000
o 3653 2.270000
o 3652 2.270000
o 3651 2.270000
o 3650 2.270000
o 3649 2.270000
o 3648 2.270000
o 3647 2.270000
o 3646 2.270000
o 3645 2.270000
o 3644 2.270000
o 3643 2.270000
o 3642 2.270000
o 3641 2.270000
o 3640 2.270000
o 3639 2.270000
o 3638 2.270000
o 3637 2.270000
o 3636 2.270000
o 3635 2.270000
o 3634 2.270000
o 3633 2.270000
o 3632 2.270000
o 3631 2.270000
o 3630 2.270000
o 3629 2.270000
o 3628 2.270000
o 3627 2.270000
o 3626 2.270000
o 3625 2.270000
o 3624 2.270000
o 3623 2.270000
o 3622 2.270000
o 3621 2.270000
o 3620 2.270000
o 3619 2.270000
o 3618 2.270000
o 3617 2.270000
o 3616 2.270000
o 3615 2.270000
o 3614 2.270000
o 3613 2.270000
o 3612 2.270000
o 3611 2.270000
o 3610 2.270000
o 3609 2.270000
o 3608 2.270000
o 3607 2.270000
o 3606 2.270000
o 3605 2.270000
o 3604 2.270000
o 3603 2.270000
o 3602 2.270000
o 3601 2.270000
o 3600 2.270000
o 3599 2.270000
o 3598 2.270000
o 3597 2.270000
o 3596 2.280000
o 3595 2.280000
o 3594 2.280000
o 3593 2.280000
o 3592 2.280000
o 3591 2.280000
o 3590 2.280000
o 3589 2.280000
o 3588 2.280000
o 3587 2.280000
o 3586 2.280000
o 3585 2.280000
o 3584 2.280000
o 3583 2.280000
o 3582 2.280000
o 3581 2.280000
o 3580 2.280000
o 3579 2.280000
o 3578 2.280000
o 3577 2.280000
o 3576 2.280000
o 3575 2.280000
o 3574 2.280000
o 3573 2.280000
o 3572 2.280000
o 3571 2.280000
o 3570 2.280000
o 3569 2.280000
o 3568 2.280000
o 3567 2.280000
o 3566 2.280000
o 3565 2.280000
o 3564 2.280000
o 3563 2.280000
o 3562 2.280000
o 3561 2.280000
o 3560 2.280000
o 3559 2.280000
o 3558 2.280000
o 3557 2.280000
o 3556 2.280000
o 3555 2.280000
o 3554 2.280000
o 3553 2.280000
o 3552 2.280000
o 3551 2.280000
o 3550 2.280000
o 3549 2.280000
o 3548 2.280000
o 3547 2.280000
o 3546 2.280000
o 3545 2.280000
o 3544 2.280000
o 3543 2.280000
o 3542 2.280000
o 3541 2.280000
o 3540 2.280000
o 3539 2.280000
o 3538 2.280000
o 3537 2.280000
o 3536 2.280000
o 3535 2.280000
o 3534 2.280000
o 3533 2.280000
o 3532 2.280000
o 3531 2.280000
o 3530 2.280000
o 3529 2.280000
o 3528 2.280000
o 3527 2.280000
o 3526 2.280000
o 3525 2.280000
o 3524 2.280000
o 3523 2.280000
o 3522 2.280000
o 3521 2.280000
o 3520 2.280000
o 3519 2.280000
o 3518 2.280000
o 3517 2.280000
o 3516 2.280000
o 3515 2.280000
o 3514 2.280000
o 3513 2.280000
o 3512 2.280000
o 3511 2.280000
o 3510 2.280000
o 3509 2.280000
o 3508 2.280000
o 3507 2.280000
o 3506 2.280000
o 3505 2.280000
o 3504 2.280000
o 3503 2.280000
o 3502 2.280000
o 3501 2.280000
o 3500 2.280000
o 3499 2.280000
o 3498 2.280000
o 3497 2.280000
o 3496 2.280000
o 3495 2.280000
o 3494 2.280000
o 3493 2.280000
o 3492 2.280000
o 3491 2.280000
o 3490 2.280000
o 3489 2.280000
o 3488 2.280000
o 3487 2.280000
o 3486 2.280000
o 3485 2.280000
o 3484 2.290000
o 3483 2.290000
o 3482 2.290000
o 3481 2.290000
o 3480 2.290000
o 3479 2.290000
o 3478 2.290000
o 3477 2.290000
o 3476 2.290000
o 3475 2.290000
o 3474 2.290000
o 3473 2.290000
o 3472 2.290000
o 3471 2.290000
o 3470 2.290000
o 3469 2.290000
o 3468 2.290000
o 3467 2.290000
o 3466 2.290000
o 3465 2.290000
o 3464 2.290000
o 3463 2.290000
o 3462 2.290000
o 3461 2.290000
o 3460 2.290000
o 3459 2.290000
o 3458 2.290000
o 3457 2.290000
o 3456 2.290000
o 3455 2.290000
o 3454 2.290000
o 3453 2.290000
o 3452 2.290000
o 3451 2.290000
o 3450 2.290000
o 3449 2.290000
o 3448 2.290000
o 3447 2.290000
o 3446 2.290000
o 3445 2.290000
o 3444 2.290000
o 3443 2.290000
o 3442 2.290000
o 3441 2.290000
o 3440 2.290000
o 3439 2.290000
o 3438 2.290000
o 3437 2.290000
o 3436 2.290000
o 3435 2.290000
o 3434 2.290000
o 3433 2.290000
o 3432 2.290000
o 3431 2.290000
o 3430 2.290000
o 3429 2.290000
o 3428 2.290000
o 3427 2.290000
o 3426 2.290000
o 3425 2.290000
o 3424 2.290000
o 3423 2.290000
o 3422 2.290000
o 3421 2.290000
o 3420 2.290000
o 3419 2.290000
o 3418 2.290000
o 3417 2.290000
o 3416 2.290000
o 3415 2.290000
o 3414 2.290000
o 3413 2.290000
o 3412 2.290000
o 3411 2.290000
o 3410 2.290000
o 3409 2.290000
o 3408 2.290000
o 3407 2.290000
o 3406 2.290000
o 3405 2.290000
o 3404 2.290000
o 3403 2.290000
o 3402 2.290000
o 3401 2.290000
o 3400 2.290000
o 3399 2.290000
o 3398 2.290000
o 3397 2.290000
o 3396 2.290000
o 3395 2.290000
o 3394 2.290000
o 3393 2.290000
o 3392 2.290000
o 3391 2.290000
o 3390 2.290000
o 3389 2.290000
o 3388 2.290000
o 3387 2.290000
o 3386 2.290000
o 3385 2.290000
o 3384 2.290000
o 3383 2.290000
o 3382 2.290000
o 3381 2.290000
o 3380 2.290000
o 3379 2.290000
o 3378 2.290000
o 3377 2.290000
o 3376 2.290000
o 3375 2.290000
o 3374 2.290000
o 3373 2.290000
o 3372 2.290000
o 3371 2.300000
o 3370 2.300000
o 3369 2.300000
o 3368 2.300000
o 3367 2.300000
o 3366 2.300000
o 3365 2.300000
o 3364 2.300000
o 3363 2.300000
o 3362 2.300000
o 3361 2.300000
o 3360 2.300000
o 3359 2.300000
o 3358 2.300000
o 3357 2.300000
o 3356 2.300000
o 3355 2.300000
o 3354 2.300000
o 3353 2.300000
o 3352 2.300000
o 3351 2.300000
o 3350 2.300000
o 3349 2.300000
o 3348 2.300000
o 3347 2.300000
o 3346 2.300000
o 3345 2.300000
o 3344 2.300000
o 3343 2.300000
o 3342 2.300000
o 3341 2.300000
o 3340 2.300000
o 3339 2.300000
o 3338 2.300000
o 3337 2.300000
o 3336 2.300000
o 3335 2.300000
o 3334 2.300000
o 3333 2.300000
o 3332 2.300000
o 3331 2.300000
o 3330 2.300000
o 3329 2.300000
o 3328 2.300000
o 3327 2.300000
o 3326 2.300000
o 3325 2.300000
o 3324 2.300000
o 3323 2.300000
o 3322 2.300000
o 3321 2.300000
o 3320 2.300000
o 3319 2.300000
o 3318 2.300000
o 3317 2.300000
o 3316 2.300000
o 3315 2.300000
o 3314 2.300000
o 3313 2.300000
o 3312 2.300000
o 3311 2.300000
o 3310 2.300000
o 3309 2.300000
o 3308 2.300000
o 3307 2.300000
o 3306 2.300000
o 3305 2.300000
o 3304 2.300000
o 3303 2.300000
o 3302 2.300000
o 3301 2.300000
o 3300 2.300000
o 3299 2.300000
o 3298 2.300000
o 3297 2.300000
o 3296 2.300000
o 3295 2.300000
o 3294 2.300000
o 3293 2.300000
o 3292 2.300000
o 3291 2.300000
o 3290 2.300000
o 3289 2.300000
o 3288 2.300000
o 3287 2.300000
o 3286 2.300000
o 3285 2.300000
o 3284 2.300000
o 3283 2.300000
o 3282 2.300000
o 3281 2.300000
o 3280 2.300000
o 3279 2.300000
o 3278 2.300000
o 3277 2.300000
o 3276 2.300000
o 3275 2.300000
o 3274 2.300000
o 3273 2.300000
o 3272 2.300000
o 3271 2.300000
o 3270 2.300000
o 3269 2.300000
o 3268 2.300000
o 3267 2.300000
o 3266 2.300000
o 3265 2.300000
o 3264 2.300000
o 3263 2.300000
o 3262 2.300000
o 3261 2.300000
o 3260 2.310000
o 3259 2.310000
o 3258 2.310000
o 3257 2.310000
o 3256 2.310000
o 3255 2.310000
o 3254 2.310000
o 3253 2.310000
o 3252 2.310000
o 3251 2.310000
o 3250 2.310000
o 3249 2.310000
o 3248 2.310000
o 3247 2.310000
o 3246 2.310000
o 3245 2.310000
o 3244 2.310000
o 3243 2.310000
o 3242 2.310000
o 3241 2.310000
o 3240 2.310000
o 3239 2.310000
o 3238 2.310000
o 3237 2.310000
o 3236 2.310000
o 3235 2.310000
o 3234 2.310000
o 3233 2.310000
o 3232 2.310000
o 3231 2.310000
o 3230 2.310000
o 3229 2.310000
o 3228 2.310000
o 3227 2.310000
o 3226 2.310000
o 3225 2.310000
o 3224 2.310000
o 3223 2.310000
o 3222 2.310000
o 3221 2.310000
o 3220 2.310000
o 3219 2.310000
o 3218 2.310000
o 3217 2.310000
o 3216 2.310000
o 3215 2.310000
o 3214 2.310000
o 3213 2.310000
o 3212 2.310000
o 3211 2.310000
o 3210 2.310000
o 3209 2.310000
o 3208 2.310000
o 3207 2.310000
o 3206 2.310000
o 3205 2.310000
o 3204 2.310000
o 3203 2.310000
o 3202 2.310000
o 3201 2.310000
o 3200 2.310000
o 3199 2.310000
o 3198 2.310000
o 3197 2.310000
o 3196 2.310000
o 3195 2.310000
o 3194 2.310000
o 3193 2.310000
o 3192 2.310000
o 3191 2.310000
o 3190 2.310000
o 3189 2.310000
o 3188 2.310000
o 3187 2.310000
o 3186 2.310000
o 3185 2.310000
o 3184 2.310000
o 3183 2.310000
o 3182 2.310000
o 3181 2.310000
o 3180 2.310000
o 3179 2.310000
o 3178 2.310000
o 3177 2.310000
o 3176 2.310000
o 3175 2.310000
o 3174 2.310000
o 3173 2.310000
o 3172 2.310000
o 3171 2.310000
o 3170 2.310000
o 3169 2.310000
o 3168 2.310000
o 3167 2.310000
o 3166 2.310000
o 3165 2.310000
o 3164 2.310000
o 3163 2.310000
o 3162 2.310000
o 3161 2.310000
o 3160 2.310000
o 3159 2.310000
o 3158 2.310000
o 3157 2.310000
o 3156 2.310000
o 3155 2.310000
o 3154 2.310000
o 3153 2.310000
o 3152 2.310000
o 3151 2.310000
o 3150 2.310000
o 3149 2.310000
o 3148 2.320000
o 3147 2.320000
o 3146 2.320000
o 3145 2.320000
o 3144 2.320000
o 3143 2.320000
o 3142 2.320000
o 3141 2.320000
o 3140 2.320000
o 3139 2.320000
o 3138 2.320000
o 3137 2.320000
o 3136 2.320000
o 3135 2.320000
o 3134 2.320000
o 3133 2.320000
o 3132 2.320000
o 3131 2.320000
o 3130 2.320000
o 3129 2.320000
o 3128 2.320000
o 3127 2.320000
o 3126 2.320000
o 3125 2.320000
o 3124 2.320000
o 3123 2.320000
o 3122 2.320000
o 3121 2.320000
o 3120 2.320000
o 3119 2.320000
o 3118 2.320000
o 3117 2.320000
o 3116 2.320000
o 3115 2.320000
o 3114 2.320000
o 3113 2.320000
o 3112 2.320000
o 3111 2.320000
o 3110 2.320000
o 3109 2.320000
o 3108 2.320000
o 3107 2.320000
o 3106 2.320000
o 3105 2.320000
o 3104 2.320000
o 3103 2.320000
o 3102 2.320000
o 3101 2.320000
o 3100 2.320000
o 3099 2.320000
o 3098 2.320000
o 3097 2.320000
o 3096 2.320000
o 3095 2.320000
o 3094 2.320000
o 3093 2.320000
o 3092 2.320000
o 3091 2.320000
o 3090 2.320000
o 3089 2.320000
o 3088 2.320000
o 3087 2.320000
o 3086 2.320000
o 3085 2.320000
o 3084 2.320000
o 3083 2.320000
o 3082 2.320000
o 3081 2.320000
o 3080 2.320000
o 3079 2.320000
o 3078 2.320000
o 3077 2.320000
o 3076 2.320000
o 3075 2.320000
o 3074 2.320000
o 3073 2.320000
o 3072 2.320000
o 3071 2.320000
o 3070 2.320000
o 3069 2.320000
o 3068 2.320000
o 3067 2.320000
o 3066 2.320000
o 3065 2.320000
o 3064 2.320000
o 3063 2.320000
o 3062 2.320000
o 3061 2.320000
o 3060 2.320000
o 3059 2.320000
o 3058 2.320000
o 3057 2.320000
o 3056 2.320000
o 3055 2.320000
o 3054 2.320000
o 3053 2.320000
o 3052 2.320000
o 3051 2.320000
o 3050 2.320000
o 3049 2.320000
o 3048 2.320000
o 3047 2.320000
o 3046 2.320000
o 3045 2.320000
o 3044 2.320000
o 3043 2.320000
o 3042 2.320000
o 3041 2.320000
o 3040 2.320000
o 3039 2.320000
o 3038 2.320000
o 3037 2.320000
o 3036 2.320000
o 3035 2.320000
o 3034 2.320000
o 3033 2.320000
o 3032 2.320000
o 3031 2.320000
o 3030 2.320000
o 3029 2.320000
o 3028 2.320000
o 3027 2.320000
o 3026 2.320000
o 3025 2.320000
o 3024 2.320000
o 3023 2.320000
o 3022 2.320000
o 3021 2.320000
o 3020 2.320000
o 3019 2.320000
o 3018 2.320000
o 3017 2.320000
o 3016 2.320000
o 3015 2.320000
o 3014 2.320000
o 3013 2.320000
o 3012 2.320000
o 3011 2.320000
o 3010 2.320000
o 3009 2.320000
o 3008 2.320000
o 3007 2.320000
o 3006 2.320000
o 3005 2.320000
o 3004 2.320000
o 3003 2.320000
o 3002 2.320000
o 3001 2.320000
o 3000 2.320000
o 2999 2.320000
o 2998 2.320000
o 2997 2.320000
o 2996 2.320000
o 2995 2.320000
o 2994 2.320000
o 2993 2.320000
o 2992 2.320000
o 2991 2.320000
o 2990 2.320000
o 2989 2.330000
o 2988 2.330000
o 2987 2.330000
o 2986 2.330000
o 2985 2.330000
o 2984 2.330000
o 2983 2.330000
o 2982 2.330000
o 2981 2.330000
o 2980 2.330000
o 2979 2.330000
o 2978 2.330000
o 2977 2.330000
o 2976 2.330000
o 2975 2.330000
o 2974 2.330000
o 2973 2.330000
o 2972 2.330000
o 2971 2.330000
o 2970 2.330000
o 2969 2.330000
o 2968 2.330000
o 2967 2.330000
o 2966 2.330000
o 2965 2.330000
o 2964 2.330000
o 2963 2.330000
o 2962 2.330000
o 2961 2.330000
o 2960 2.330000
o 2959 2.330000
o 2958 2.330000
o 2957 2.330000
o 2956 2.330000
o 2955 2.330000
o 2954 2.330000
o 2953 2.330000
o 2952 2.330000
o 2951 2.330000
o 2950 2.330000
o 2949 2.330000
o 2948 2.330000
o 2947 2.330000
o 2946 2.330000
o 2945 2.330000
o 2944 2.330000
o 2943 2.330000
o 2942 2.330000
o 2941 2.330000
o 2940 2.330000
o 2939 2.330000
o 2938 2.330000
o 2937 2.330000
o 2936 2.330000
o 2935 2.330000
o 2934 2.330000
o 2933 2.330000
o 2932 2.330000
o 2931 2.330000
o 2930 2.330000
o 2929 2.330000
o 2928 2.330000
o 2927 2.330000
o 2926 2.330000
o 2925 2.330000
o 2924 2.330000
o 2923 2.330000
o 2922 2.330000
o 2921 2.330000
o 2920 2.330000
o 2919 2.330000
o 2918 2.330000
o 2917 2.330000
o 2916 2.330000
o 2915 2.330000
o 2914 2.330000
o 2913 2.330000
o 2912 2.330000
o 2911 2.330000
o 2910 2.330000
o 2909 2.330000
o 2908 2.330000
o 2907 2.330000
o 2906 2.330000
o 2905 2.330000
o 2904 2.330000
o 2903 2.330000
o 2902 2.330000
o 2901 2.330000
o 2900 2.330000
o 2899 2.330000
o 2898 2.330000
o 2897 2.330000
o 2896 2.330000
o 2895 2.330000
o 2894 2.330000
o 2893 2.330000
o 2892 2.330000
o 2891 2.330000
o 2890 2.330000
o 2889 2.330000
o 2888 2.330000
o 2887 2.330000
o 2886 2.330000
o 2885 2.330000
o 2884 2.330000
o 2883 2.330000
o 2882 2.330000
o 2881 2.330000
o 2880 2.330000
o 2879 2.330000
o 2878 2.330000
o 2877 2.330000
o 2876 2.330000
o 2875 2.340000
o 2874 2.340000
o 2873 2.340000
o 2872 2.340000
o 2871 2.340000
o 2870 2.340000
o 2869 2.340000
o 2868 2.340000
o 2867 2.340000
o 2866 2.340000
o 2865 2.340000
o 2864 2.340000
o 2863 2.340000
o 2862 2.340000
o 2861 2.340000
o 2860 2.340000
o 2859 2.340000
o 2858 2.340000
o 2857 2.340000
o 2856 2.340000
o 2855 2.340000
o 2854 2.340000
o 2853 2.340000
o 2852 2.340000
o 2851 2.340000
o 2850 2.340000
o 2849 2.340000
o 2848 2.340000
o 2847 2.340000
o 2846 2.340000
o 2845 2.340000
o 2844 2.340000
o 2843 2.340000
o 2842 2.340000
o 2841 2.340000
o 2840 2.340000
o 2839 2.340000
o 2838 2.340000
o 2837 2.340000
o 2836 2.340000
o 2835 2.340000
o 2834 2.340000
o 2833 2.340000
o 2832 2.340000
o 2831 2.340000
o 2830 2.340000
o 2829 2.340000
o 2828 2.340000
o 2827 2.340000
o 2826 2.340000
o 2825 2.340000
o 2824 2.340000
o 2823 2.340000
o 2822 2.340000
o 2821 2.340000
o 2820 2.340000
o 2819 2.340000
o 2818 2.340000
o 2817 2.340000
o 2816 2.340000
o 2815 2.340000
o 2814 2.340000
o 2813 2.340000
o 2812 2.340000
o 2811 2.340000
o 2810 2.340000
o 2809 2.340000
o 2808 2.340000
o 2807 2.340000
o 2806 2.340000
o 2805 2.340000
o 2804 2.340000
o 2803 2.340000
o 2802 2.340000
o 2801 2.340000
o 2800 2.340000
o 2799 2.340000
o 2798 2.340000
o 2797 2.340000
o 2796 2.340000
o 2795 2.340000
o 2794 2.340000
o 2793 2.340000
o 2792 2.340000
o 2791 2.340000
o 2790 2.340000
o 2789 2.340000
o 2788 2.340000
o 2787 2.340000
o 2786 2.340000
o 2785 2.340000
o 2784 2.340000
o 2783 2.340000
o 2782 2.340000
o 2781 2.340000
o 2780 2.340000
o 2779 2.340000
o 2778 2.340000
o 2777 2.340000
o 2776 2.340000
o 2775 2.340000
o 2774 2.340000
o 2773 2.340000
o 2772 2.340000
o 2771 2.340000
o 2770 2.340000
o 2769 2.340000
o 2768 2.340000
o 2767 2.340000
o 2766 2.340000
o 2765 2.340000
o 2764 2.340000
o 2763 2.340000
o 2762 2.340000
o 2761 2.350000
o 2760 2.350000
o 2759 2.350000
o 2758 2.350000
o 2757 2.350000
o 2756 2.350000
o 2755 2.350000
o 2754 2.350000
o 2753 2.350000
o 2752 2.350000
o 2751 2.350000
o 2750 2.350000
o 2749 2.350000
2749	2.350000
min-fill-MinFill_R3_miles1000
o 3730 3.070000
o 3729 3.130000
o 3728 3.130000
o 3727 3.130000
o 3726 3.130000
o 3725 3.130000
o 3724 3.130000
o 3723 3.130000
o 3722 3.130000
o 3721 3.130000
o 3720 3.130000
o 3719 3.130000
o 3718 3.130000
o 3717 3.130000
o 3716 3.130000
o 3715 3.130000
o 3714 3.130000
o 3713 3.130000
o 3712 3.130000
o 3711 3.130000
o 3710 3.130000
o 3709 3.130000
o 3708 3.130000
o 3707 3.130000
o 3706 3.130000
o 3705 3.130000
o 3704 3.130000
o 3703 3.130000
o 3702 3.130000
o 3701 3.130000
o 3700 3.130000
o 3699 3.130000
o 3698 3.130000
o 3697 3.130000
o 3696 3.130000
o 3695 3.130000
o 3694 3.130000
o 3693 3.130000
o 3692 3.130000
o 3691 3.130000
o 3690 3.130000
o 3689 3.130000
o 3688 3.130000
o 3687 3.130000
o 3686 3.130000
o 3685 3.130000
o 3684 3.130000
o 3683 3.130000
o 3682 3.130000
o 3681 3.130000
o 3680 3.130000
o 3679 3.130000
o 3678 3.130000
o 3677 3.130000
o 3676 3.130000
o 3675 3.130000
o 3674 3.130000
o 3673 3.130000
o 3672 3.130000
o 3671 3.130000
o 3670 3.130000
o 3669 3.130000
o 3668 3.130000
o 3667 3.130000
o 3666 3.130000
o 3665 3.130000
o 3664 3.130000
o 3663 3.130000
o 3662 3.130000
o 3661 3.130000
o 3660 3.130000
o 3659 3.130000
o 3658 3.140000
o 3657 3.140000
o 3656 3.140000
o 3655 3.140000
o 3654 3.140000
o 3653 3.140000
o 3652 3.140000
o 3651 3.140000
o 3650 3.140000
o 3649 3.140000
o 3648 3.140000
o 3647 3.140000
o 3646 3.140000
o 3645 3.140000
o 3644 3.140000
o 3643 3.140000
o 3642 3.140000
o 3641 3.140000
o 3640 3.140000
o 3639 3.140000
o 3638 3.140000
o 3637 3.140000
o 3636 3.140000
o 3635 3.140000
o 3634 3.140000
o 3633 3.140000
o 3632 3.140000
o 3631 3.140000
o 3630 3.140000
o 3629 3.140000
o 3628 3.140000
o 3627 3.140000
o 3626 3.140000
o 3625 3.140000
o 3624 3.140000
o 3623 3.140000
o 3622 3.140000
o 3621 3.140000
o 3620 3.140000
o 3619 3.140000
o 3618 3.140000
o 3617 3.140000
o 3616 3.140000
o 3615 3.140000
o 3614 3.140000
o 3613 3.140000
o 3612 3.140000
o 3611 3.140000
o 3610 3.140000
o 3609 3.140000
o 3608 3.140000
o 3607 3.140000
o 3606 3.140000
o 3605 3.140000
o 3604 3.140000
o 3603 3.140000
o 3602 3.140000
o 3601 3.140000
o 3600 3.140000
o 3599 3.140000
o 3598 3.140000
o 3597 3.140000
o 3596 3.140000
o 3595 3.140000
o 3594 3.140000
o 3593 3.140000
o 3592 3.140000
o 3591 3.140000
o 3590 3.140000
o 3589 3.140000
o 3588 3.140000
o 3587 3.140000
o 3586 3.140000
o 3585 3.140000
o 3584 3.140000
o 3583 3.140000
o 3582 3.140000
o 3581 3.140000
o 3580 3.140000
o 3579 3.140000
o 3578 3.140000
o 3577 3.140000
o 3576 3.140000
o 3575 3.140000
o 3574 3.140000
o 3573 3.140000
o 3572 3.140000
o 3571 3.140000
o 3570 3.140000
o 3569 3.140000
o 3568 3.140000
o 3567 3.140000
o 3566 3.140000
o 3565 3.140000
o 3564 3.140000
o 3563 3.140000
o 3562 3.140000
o 3561 3.140000
o 3560 3.140000
o 3559 3.140000
o 3558 3.140000
o 3557 3.140000
o 3556 3.140000
o 3555 3.140000
o 3554 3.140000
o 3553 3.140000
o 3552 3.140000
o 3551 3.140000
o 3550 3.140000
o 3549 3.140000
o 3548 3.150000
o 3547 3.150000
o 3546 3.150000
o 3545 3.150000
o 3544 3.150000
o 3543 3.150000
o 3542 3.150000
o 3541 3.150000
o 3540 3.150000
o 3539 3.150000
o 3538 3.150000
o 3537 3.150000
o 3536 3.150000
o 3535 3.150000
o 3534 3.150000
o 3533 3.150000
o 3532 3.150000
o 3531 3.150000
o 3530 3.150000
o 3529 3.150000
o 3528 3.150000
o 3527 3.150000
o 3526 3.150000
o 3525 3.150000
o 3524 3.150000
o 3523 3.150000
o 3522 3.150000
o 3521 3.150000
o 3520 3.150000
o 3519 3.150000
o 3518 3.150000
o 3517 3.150000
o 3516 3.150000
o 3515 3.150000
o 3514 3.150000
o 3513 3.150000
o 3512 3.150000
o 3511 3.150000
o 3510 3.150000
o 3509 3.150000
o 3508 3.150000
o 3507 3.150000
o 3506 3.150000
o 3505 3.150000
o 3504 3.150000
o 3503 3.150000
o 3502 3.150000
o 3501 3.150000
o 3500 3.150000
o 3499 3.150000
o 3498 3.150000
o 3497 3.150000
o 3496 3.150000
o 3495 3.150000
o 3494 3.150000
o 3493 3.150000
o 3492 3.150000
o 3491 3.150000
o 3490 3.150000
o 3489 3.150000
o 3488 3.150000
o 3487 3.150000
o 3486 3.150000
o 3485 3.150000
o 3484 3.150000
o 3483 3.150000
o 3482 3.150000
o 3481 3.150000
o 3480 3.150000
o 3479 3.150000
o 3478 3.150000
o 3477 3.150000
o 3476 3.150000
o 3475 3.150000
o 3474 3.150000
o 3473 3.150000
o 3472 3.150000
o 3471 3.150000
o 3470 3.150000
o 3469 3.150000
o 3468 3.150000
o 3467 3.150000
o 3466 3.150000
o 3465 3.150000
o 3464 3.150000
o 3463 3.150000
o 3462 3.150000
o 3461 3.150000
o 3460 3.150000
o 3459 3.150000
o 3458 3.150000
o 3457 3.150000
o 3456 3.150000
o 3455 3.150000
o 3454 3.150000
o 3453 3.150000
o 3452 3.150000
o 3451 3.150000
o 3450 3.150000
o 3449 3.150000
o 3448 3.150000
o 3447 3.150000
o 3446 3.150000
o 3445 3.150000
o 3444 3.150000
o 3443 3.150000
o 3442 3.150000
o 3441 3.150000
o 3440 3.150000
o 3439 3.160000
o 3438 3.160000
o 3437 3.160000
o 3436 3.160000
o 3435 3.160000
o 3434 3.160000
o 3433 3.160000
o 3432 3.160000
o 3431 3.160000
o 3430 3.160000
o 3429 3.160000
o 3428 3.160000
o 3427 3.160000
o 3426 3.160000
o 3425 3.160000
o 3424 3.160000
o 3423 3.160000
o 3422 3.160000
o 3421 3.160000
o 3420 3.160000
o 3419 3.160000
o 3418 3.160000
o 3417 3.160000
o 3416 3.160000
o 3415 3.160000
o 3414 3.160000
o 3413 3.160000
o 3412 3.160000
o 3411 3.160000
o 3410 3.160000
o 3409 3.160000
o 3408 3.160000
o 3407 3.160000
o 3406 3.160000
o 3405 3.160000
o 3404 3.160000
o 3403 3.160000
o 3402 3.160000
o 3401 3.160000
o 3400 3.160000
o 3399 3.160000
o 3398 3.160000
o 3397 3.160000
o 3396 3.160000
o 3395 3.160000
o 3394 3.160000
o 3393 3.160000
o 3392 3.160000
o 3391 3.160000
o 3390 3.160000
o 3389 3.160000
o 3388 3.160000
o 3387 3.160000
o 3386 3.160000
o 3385 3.160000
o 3384 3.160000
o 3383 3.160000
o 3382 3.160000
o 3381 3.160000
o 3380 3.160000
o 3379 3.160000
o 3378 3.160000
o 3377 3.160000
o 3376 3.160000
o 3375 3.160000
o 3374 3.160000
o 3373 3.160000
o 3372 3.160000
o 3371 3.160000
o 3370 3.160000
o 3369 3.160000
o 3368 3.160000
o 3367 3.160000
o 3366 3.160000
o 3365 3.160000
o 3364 3.160000
o 3363 3.160000
o 3362 3.160000
o 3361 3.160000
o 3360 3.160000
o 3359 3.160000
o 3358 3.160000
o 3357 3.160000
o 3356 3.160000
o 3355 3.160000
o 3354 3.160000
o 3353 3.160000
o 3352 3.160000
o 3351 3.160000
o 3350 3.160000
o 3349 3.160000
o 3348 3.160000
o 3347 3.160000
o 3346 3.160000
o 3345 3.160000
o 3344 3.160000
o 3343 3.160000
o 3342 3.160000
o 3341 3.160000
o 3340 3.160000
o 3339 3.160000
o 3338 3.160000
o 3337 3.160000
o 3336 3.160000
o 3335 3.160000
o 3334 3.160000
o 3333 3.160000
o 3332 3.160000
o 3331 3.160000
o 3330 3.170000
o 3329 3.170000
o 3328 3.170000
o 3327 3.170000
o 3326 3.170000
o 3325 3.170000
o 3324 3.170000
o 3323 3.170000
o 3322 3.170000
o 3321 3.170000
o 3320 3.170000
o 3319 3.170000
o 3318 3.170000
o 3317 3.170000
o 3316 3.170000
o 3315 3.170000
o 3314 3.170000
o 3313 3.170000
o 3312 3.170000
o 3311 3.170000
o 3310 3.170000
o 3309 3.170000
o 3308 3.170000
o 3307 3.170000
o 3306 3.170000
o 3305 3.170000
o 3304 3.170000
o 3303 3.170000
o 3302 3.170000
o 3301 3.170000
o 3300 3.170000
o 3299 3.170000
o 3298 3.170000
o 3297 3.170000
o 3296 3.170000
o 3295 3.170000
o 3294 3.170000
o 3293 3.170000
o 3292 3.170000
o 3291 3.170000
o 3290 3.170000
o 3289 3.170000
o 3288 3.170000
o 3287 3.170000
o 3286 3.170000
o 3285 3.170000
o 3284 3.170000
o 3283 3.170000
o 3282 3.170000
o 3281 3.170000
o 3280 3.170000
o 3279 3.170000
o 3278 3.170000
o 3277 3.170000
o 3276 3.170000
o 3275 3.170000
o 3274 3.170000
o 3273 3.170000
o 3272 3.170000
o 3271 3.170000
o 3270 3.170000
o 3269 3.170000
o 3268 3.170000
o 3267 3.170000
o 3266 3.170000
o 3265 3.170000
o 3264 3.170000
o 3263 3.170000
o 3262 3.170000
o 3261 3.170000
o 3260 3.170000
o 3259 3.170000
o 3258 3.170000
o 3257 3.170000
o 3256 3.170000
o 3255 3.170000
o 3254 3.170000
o 3253 3.170000
o 3252 3.170000
o 3251 3.170000
o 3250 3.170000
o 3249 3.170000
o 3248 3.170000
o 3247 3.170000
3247	3.170000
min-fill-MinFill_R3_miles1000
o 3312 2.830000
o 3311 2.870000
o 3310 2.870000
o 3309 2.870000
o 3308 2.870000
o 3307 2.870000
o 3306 2.870000
o 3305 2.870000
o 3304 2.870000
o 3303 2.870000
o 3302 2.870000
o 3301 2.870000
o 3300 2.870000
o 3299 2.870000
o 3298 2.870000
o 3297 2.870000
o 3296 2.870000
o 3295 2.870000
o 3294 2.870000
o 3293 2.870000
o 3292 2.870000
o 3291 2.870000
o 3290 2.870000
o 3289 2.870000
o 3288 2.870000
o 3287 2.870000
o 3286 2.870000
o 3285 2.870000
o 3284 2.870000
o 3283 2.870000
o 3282 2.870000
o 3281 2.870000
o 3280 2.870000
o 3279 2.870000
o 3278 2.870000
o 3277 2.870000
o 3276 2.870000
o 3275 2.870000
o 3274 2.870000
o 3273 2.870000
o 3272 2.870000
o 3271 2.870000
o 3270 2.870000
o 3269 2.870000
o 3268 2.870000
o 3267 2.870000
o 3266 2.870000
o 3265 2.870000
o 3264 2.870000
o 3263 2.870000
o 3262 2.870000
o 3261 2.870000
o 3260 2.870000
o 3259 2.870000
o 3258 2.870000
o 3257 2.870000
o 3256 2.870000
o 3255 2.870000
o 3254 2.870000
o 3253 2.870000
o 3252 2.870000
o 3251 2.870000
o 3250 2.870000
o 3249 2.870000
o 3248 2.870000
o 3247 2.870000
o 3246 2.870000
o 3245 2.870000
o 3244 2.870000
o 3243 2.870000
o 3242 2.870000
o 3241 2.870000
o 3240 2.870000
o 3239 2.870000
o 3238 2.870000
o 3237 2.870000
o 3236 2.870000
o 3235 2.870000
o 3234 2.870000
o 3233 2.870000
o 3232 2.870000
o 3231 2.870000
o 3230 2.870000
o 3229 2.870000
o 3228 2.870000
o 3227 2.870000
o 3226 2.870000
o 3225 2.870000
o 3224 2.870000
o 3223 2.870000
o 3222 2.870000
o 3221 2.870000
o 3220 2.870000
o 3219 2.870000
o 3218 2.870000
o 3217 2.870000
o 3216 2.870000
o 3215 2.870000
o 3214 2.870000
o 3213 2.870000
o 3212 2.870000
o 3211 2.870000
o 3210 2.880000
o 3209 2.880000
o 3208 2.880000
o 3207 2.880000
o 3206 2.880000
o 3205 2.880000
o 3204 2.880000
o 3203 2.880000
o 3202 2.880000
o 3201 2.880000
o 3200 2.880000
o 3199 2.880000
o 3198 2.880000
o 3197 2.880000
o 3196 2.880000
o 3195 2.880000
o 3194 2.880000
o 3193 2.880000
o 3192 2.880000
o 3191 2.880000
o 3190 2.880000
o 3189 2.880000
o 3188 2.880000
o 3187 2.880000
o 3186 2.880000
o 3185 2.880000
o 3184 2.880000
o 3183 2.880000
o 3182 2.880000
o 3181 2.880000
o 3180 2.880000
o 3179 2.880000
o 3178 2.880000
o 3177 2.880000
o 3176 2.880000
o 3175 2.880000
o 3174 2.880000
o 3173 2.880000
o 3172 2.880000
o 3171 2.880000
o 3170 2.880000
o 3169 2.880000
o 3168 2.880000
o 3167 2.880000
o 3166 2.880000
o 3165 2.880000
o 3164 2.880000
o 3163 2.880000
o 3162 2.880000
o 3161 2.880000
o 3160 2.880000
o 3159 2.880000
o 3158 2.880000
o 3157 2.880000
o 3156 2.880000
o 3155 2.880000
o 3154 2.880000
o 3153 2.880000
o 3152 2.880000
o 3151 2.880000
o 3150 2.880000
o 3149 2.880000
o 3148 2.880000
o 3147 2.880000
o 3146 2.880000
o 3145 2.880000
o 3144 2.880000
o 3143 2.880000
o 3142 2.880000
o 3141 2.880000
o 3140 2.880000
o 3139 2.880000
o 3138 2.880000
o 3137 2.880000
o 3136 2.880000
o 3135 2.880000
o 3134 2.880000
o 3133 2.880000
o 3132 2.880000
o 3131 2.880000
o 3130 2.880000
o 3129 2.880000
o 3128 2.880000
o 3127 2.880000
o 3126 2.880000
o 3125 2.880000
o 3124 2.880000
o 3123 2.880000
o 3122 2.880000
o 3121 2.880000
o 3120 2.880000
o 3119 2.880000
o 3118 2.880000
o 3117 2.880000
o 3116 2.880000
o 3115 2.880000
o 3114 2.880000
o 3113 2.880000
o 3112 2.880000
o 3111 2.880000
o 3110 2.880000
o 3109 2.880000
o 3108 2.880000
o 3107 2.880000
o 3106 2.880000
o 3105 2.880000
o 3104 2.880000
o 3103 2.880000
o 3102 2.880000
o 3101 2.890000
o 3100 2.890000
o 3099 2.890000
o 3098 2.890000
o 3097 2.890000
o 3096 2.890000
o 3095 2.890000
o 3094 2.890000
o 3093 2.890000
o 3092 2.890000
o 3091 2.890000
o 3090 2.890000
o 3089 2.890000
o 3088 2.890000
o 3087 2.890000
o 3086 2.890000
o 3085 2.890000
o 3084 2.890000
o 3083 2.890000
o 3082 2.890000
o 3081 2.890000
o 3080 2.890000
o 3079 2.890000
o 3078 2.890000
o 3077 2.890000
o 3076 2.890000
o 3075 2.890000
o 3074 2.890000
o 3073 2.890000
o 3072 2.890000
o 3071 2.890000
o 3070 2.890000
o 3069 2.890000
o 3068 2.890000
o 3067 2.890000
o 3066 2.890000
o 3065 2.890000
o 3064 2.890000
o 3063 2.890000
o 3062 2.890000
o 3061 2.890000
o 3060 2.890000
o 3059 2.890000
o 3058 2.890000
o 3057 2.890000
o 3056 2.890000
o 3055 2.890000
o 3054 2.890000
o 3053 2.890000
o 3052 2.890000
o 3051 2.890000
o 3050 2.890000
o 3049 2.890000
o 3048 2.890000
o 3047 2.890000
o 3046 2.890000
o 3045 2.890000
o 3044 2.890000
o 3043 2.890000
o 3042 2.890000
o 3041 2.890000
o 3040 2.890000
o 3039 2.890000
o 3038 2.890000
o 3037 2.890000
o 3036 2.890000
o 3035 2.890000
o 3034 2.890000
o 3033 2.890000
o 3032 2.890000
o 3031 2.890000
o 3030 2.890000
o 3029 2.890000
o 3028 2.890000
o 3027 2.890000
o 3026 2.890000
o 3025 2.890000
o 3024 2.890000
o 3023 2.890000
o 3022 2.890000
o 3021 2.890000
o 3020 2.890000
o 3019 2.890000
o 3018 2.890000
o 3017 2.890000
o 3016 2.890000
o 3015 2.890000
o 3014 2.890000
o 3013 2.890000
o 3012 2.890000
o 3011 2.890000
o 3010 2.890000
o 3009 2.890000
o 3008 2.890000
o 3007 2.890000
o 3006 2.890000
o 3005 2.890000
o 3004 2.890000
o 3003 2.890000
o 3002 2.890000
o 3001 2.890000
o 3000 2.890000
o 2999 2.890000
o 2998 2.890000
o 2997 2.890000
o 2996 2.890000
o 2995 2.890000
o 2994 2.890000
o 2993 2.890000
o 2992 2.900000
o 2991 2.900000
o 2990 2.900000
o 2989 2.900000
o 2988 2.900000
o 2987 2.900000
o 2986 2.900000
o 2985 2.900000
o 2984 2.900000
o 2983 2.900000
o 2982 2.900000
o 2981 2.900000
o 2980 2.900000
o 2979 2.900000
o 2978 2.900000
o 2977 2.900000
o 2976 2.900000
o 2975 2.900000
o 2974 2.900000
o 2973 2.900000
o 2972 2.900000
o 2971 2.900000
o 2970 2.900000
o 2969 2.900000
o 2968 2.900000
o 2967 2.900000
o 2966 2.900000
o 2965 2.900000
o 2964 2.900000
o 2963 2.900000
o 2962 2.900000
o 2961 2.900000
o 2960 2.900000
o 2959 2.900000
o 2958 2.900000
o 2957 2.900000
o 2956 2.900000
o 2955 2.900000
o 2954 2.900000
o 2953 2.900000
o 2952 2.900000
o 2951 2.900000
o 2950 2.900000
o 2949 2.900000
o 2948 2.900000
o 2947 2.900000
o 2946 2.900000
o 2945 2.900000
o 2944 2.900000
o 2943 2.900000
o 2942 2.900000
o 2941 2.900000
o 2940 2.900000
o 2939 2.900000
o 2938 2.900000
o 2937 2.900000
o 2936 2.900000
o 2935 2.900000
o 2934 2.900000
o 2933 2.900000
o 2932 2.900000
o 2931 2.900000
o 2930 2.900000
o 2929 2.900000
o 2928 2.900000
o 2927 2.900000
o 2926 2.900000
o 2925 2.900000
o 2924 2.900000
o 2923 2.900000
o 2922 2.900000
o 2921 2.900000
o 2920 2.900000
o 2919 2.900000
o 2918 2.900000
o 2917 2.900000
o 2916 2.900000
o 2915 2.900000
o 2914 2.900000
o 2913 2.900000
o 2912 2.900000
o 2911 2.900000
o 2910 2.900000
o 2909 2.900000
o 2908 2.900000
o 2907 2.900000
o 2906 2.900000
o 2905 2.900000
o 2904 2.900000
o 2903 2.900000
o 2902 2.900000
o 2901 2.900000
o 2900 2.900000
o 2899 2.900000
2899	2.900000
min-fill-MinFill_R3_miles1000
o 3800 3.100000
o 3799 3.150000
o 3798 3.150000
o 3797 3.150000
o 3796 3.150000
o 3795 3.150000
o 3794 3.150000
o 3793 3.150000
o 3792 3.150000
o 3791 3.150000
o 3790 3.150000
o 3789 3.150000
o 3788 3.150000
o 3787 3.150000
o 3786 3.150000
o 3785 3.150000
o 3784 3.150000
o 3783 3.150000
o 3782 3.150000
o 3781 3.150000
o 3780 3.150000
o 3779 3.150000
o 3778 3.150000
o 3777 3.150000
o 3776 3.150000
o 3775 3.150000
o 3774 3.150000
o 3773 3.150000
o 3772 3.150000
o 3771 3.150000
o 3770 3.150000
o 3769 3.150000
o 3768 3.150000
o 3767 3.150000
o 3766 3.150000
o 3765 3.150000
o 3764 3.160000
o 3763 3.160000
o 3762 3.160000
o 3761 3.160000
o 3760 3.160000
o 3759 3.160000
o 3758 3.160000
o 3757 3.160000
o 3756 3.160000
o 3755 3.160000
o 3754 3.160000
o 3753 3.160000
o 3752 3.160000
o 3751 3.160000
o 3750 3.160000
o 3749 3.160000
o 3748 3.160000
o 3747 3.160000
o 3746 3.160000
o 3745 3.160000
o 3744 3.160000
o 3743 3.160000
o 3742 3.160000
o 3741 3.160000
o 3740 3.160000
o 3739 3.160000
o 3738 3.160000
o 3737 3.160000
o 3736 3.160000
o 3735 3.160000
o 3734 3.160000
o 3733 3.160000
o 3732 3.160000
o 3731 3.160000
o 3730 3.160000
o 3729 3.160000
o 3728 3.160000
o 3727 3.160000
o 3726 3.160000
o 3725 3.160000
o 3724 3.160000
o 3723 3.160000
o 3722 3.160000
o 3721 3.160000
o 3720 3.160000
o 3719 3.160000
o 3718 3.160000
o 3717 3.160000
o 3716 3.160000
o 3715 3.160000
o 3714 3.160000
o 3713 3.160000
o 3712 3.160000
o 3711 3.160000
o 3710 3.160000
o 3709 3.160000
o 3708 3.160000
o 3707 3.160000
o 3706 3.160000
o 3705 3.160000
o 3704 3.160000
o 3703 3.160000
o 3702 3.160000
o 3701 3.160000
o 3700 3.160000
o 3699 3.160000
o 3698 3.160000
o 3697 3.160000
o 3696 3.160000
o 3695 3.160000
o 3694 3.160000
o 3693 3.160000
o 3692 3.160000
o 3691 3.160000
o 3690 3.160000
o 3689 3.160000
o 3688 3.160000
o 3687 3.160000
o 3686 3.160000
o 3685 3.160000
o 3684 3.160000
o 3683 3.160000
o 3682 3.160000
o 3681 3.160000
o 3680 3.160000
o 3679 3.160000
o 3678 3.160000
o 3677 3.160000
o 3676 3.160000
o 3675 3.160000
o 3674 3.160000
o 3673 3.160000
o 3672 3.160000
o 3671 3.160000
o 3670 3.160000
o 3669 3.160000
o 3668 3.160000
o 3667 3.160000
o 3666 3.160000
o 3665 3.160000
o 3664 3.160000
o 3663 3.160000
o 3662 3.160000
o 3661 3.160000
o 3660 3.160000
o 3659 3.160000
o 3658 3.160000
o 3657 3.170000
o 3656 3.170000
o 3655 3.170000
o 3654 3.170000
o 3653 3.170000
o 3652 3.170000
o 3651 3.170000
o 3650 3.170000
o 3649 3.170000
o 3648 3.170000
o 3647 3.170000
o 3646 3.170000
o 3645 3.170000
o 3644 3.170000
o 3643 3.170000
o 3642 3.170000
o 3641 3.170000
o 3640 3.170000
o 3639 3.170000
o 3638 3.170000
o 3637 3.170000
o 3636 3.170000
o 3635 3.170000
o 3634 3.170000
o 3633 3.170000
o 3632 3.170000
o 3631 3.170000
o 3630 3.170000
o 3629 3.170000
o 3628 3.170000
o 3627 3.170000
o 3626 3.170000
o 3625 3.170000
o 3624 3.170000
o 3623 3.170000
o 3622 3.170000
o 3621 3.170000
o 3620 3.170000
o 3619 3.170000
o 3618 3.170000
o 3617 3.170000
o 3616 3.180000
o 3615 3.180000
o 3614 3.180000
o 3613 3.180000
o 3612 3.180000
o 3611 3.180000
o 3610 3.180000
o 3609 3.180000
o 3608 3.180000
o 3607 3.180000
o 3606 3.180000
o 3605 3.180000
o 3604 3.180000
o 3603 3.180000
o 3602 3.180000
o 3601 3.180000
o 3600 3.180000
o 3599 3.180000
o 3598 3.180000
o 3597 3.180000
o 3596 3.180000
o 3595 3.180000
o 3594 3.180000
o 3593 3.180000
o 3592 3.180000
o 3591 3.180000
o 3590 3.180000
o 3589 3.180000
o 3588 3.180000
o 3587 3.180000
o 3586 3.180000
o 3585 3.180000
o 3584 3.180000
o 3583 3.180000
o 3582 3.180000
o 3581 3.180000
o 3580 3.180000
o 3579 3.180000
o 3578 3.180000
o 3577 3.180000
o 3576 3.180000
o 3575 3.180000
o 3574 3.180000
o 3573 3.180000
o 3572 3.180000
o 3571 3.180000
o 3570 3.180000
o 3569 3.180000
o 3568 3.180000
o 3567 3.180000
o 3566 3.180000
o 3565 3.180000
o 3564 3.180000
o 3563 3.180000
o 3562 3.180000
o 3561 3.180000
o 3560 3.180000
o 3559 3.180000
o 3558 3.180000
o 3557 3.180000
o 3556 3.180000
o 3555 3.180000
o 3554 3.180000
o 3553 3.180000
o 3552 3.180000
o 3551 3.180000
o 3550 3.180000
o 3549 3.180000
o 3548 3.180000
o 3547 3.180000
o 3546 3.180000
o 3545 3.180000
o 3544 3.180000
o 3543 3.180000
o 3542 3.180000
o 3541 3.180000
o 3540 3.180000
o 3539 3.180000
o 3538 3.180000
o 3537 3.180000
o 3536 3.180000
o 3535 3.180000
o 3534 3.180000
o 3533 3.180000
o 3532 3.180000
o 3531 3.180000
o 3530 3.180000
o 3529 3.180000
o 3528 3.180000
o 3527 3.180000
o 3526 3.180000
o 3525 3.180000
o 3524 3.180000
o 3523 3.180000
o 3522 3.180000
o 3521 3.180000
o 3520 3.180000
o 3519 3.180000
o 3518 3.180000
o 3517 3.180000
o 3516 3.180000
o 3515 3.180000
o 3514 3.180000
o 3513 3.180000
o 3512 3.180000
o 3511 3.180000
o 3510 3.180000
o 3509 3.180000
o 3508 3.180000
o 3507 3.180000
o 3506 3.180000
o 3505 3.190000
o 3504 3.190000
o 3503 3.190000
o 3502 3.190000
o 3501 3.190000
o 3500 3.190000
o 3499 3.190000
o 3498 3.190000
o 3497 3.190000
o 3496 3.190000
o 3495 3.190000
o 3494 3.190000
o 3493 3.190000
o 3492 3.190000
o 3491 3.190000
o 3490 3.190000
o 3489 3.190000
o 3488 3.190000
o 3487 3.190000
o 3486 3.190000
o 3485 3.190000
o 3484 3.190000
o 3483 3.190000
o 3482 3.190000
o 3481 3.190000
o 3480 3.190000
o 3479 3.190000
o 3478 3.190000
o 3477 3.190000
o 3476 3.190000
o 3475 3.190000
o 3474 3.190000
o 3473 3.190000
o 3472 3.190000
o 3471 3.190000
o 3470 3.190000
o 3469 3.190000
o 3468 3.190000
o 3467 3.190000
o 3466 3.190000
o 3465 3.190000
o 3464 3.190000
o 3463 3.190000
o 3462 3.190000
o 3461 3.190000
o 3460 3.190000
o 3459 3.190000
o 3458 3.190000
o 3457 3.190000
o 3456 3.190000
o 3455 3.190000
o 3454 3.190000
o 3453 3.190000
o 3452 3.190000
o 3451 3.190000
o 3450 3.190000
o 3449 3.190000
o 3448 3.190000
o 3447 3.190000
o 3446 3.190000
o 3445 3.190000
o 3444 3.190000
o 3443 3.190000
o 3442 3.190000
o 3441 3.190000
o 3440 3.190000
o 3439 3.190000
o 3438 3.190000
o 3437 3.190000
o 3436 3.190000
o 3435 3.190000
o 3434 3.190000
o 3433 3.190000
o 3432 3.190000
o 3431 3.190000
o 3430 3.190000
o 3429 3.190000
o 3428 3.190000
o 3427 3.190000
o 3426 3.190000
o 3425 3.190000
o 3424 3.190000
o 3423 3.190000
o 3422 3.190000
o 3421 3.190000
o 3420 3.190000
o 3419 3.190000
o 3418 3.190000
o 3417 3.190000
o 3416 3.190000
o 3415 3.190000
o 3414 3.190000
o 3413 3.190000
o 3412 3.190000
o 3411 3.190000
o 3410 3.190000
o 3409 3.190000
o 3408 3.190000
o 3407 3.190000
o 3406 3.190000
o 3405 3.190000
o 3404 3.190000
o 3403 3.190000
o 3402 3.190000
o 3401 3.190000
o 3400 3.190000
o 3399 3.190000
o 3398 3.190000
o 3397 3.200000
o 3396 3.200000
o 3395 3.200000
o 3394 3.200000
o 3393 3.200000
o 3392 3.200000
o 3391 3.200000
o 3390 3.200000
o 3389 3.200000
o 3388 3.200000
o 3387 3.200000
o 3386 3.200000
o 3385 3.200000
o 3384 3.200000
o 3383 3.200000
o 3382 3.200000
o 3381 3.200000
o 3380 3.200000
o 3379 3.200000
o 3378 3.200000
o 3377 3.200000
o 3376 3.200000
o 3375 3.200000
o 3374 3.200000
o 3373 3.200000
o 3372 3.200000
o 3371 3.200000
o 3370 3.200000
o 3369 3.200000
o 3368 3.200000
o 3367 3.200000
o 3366 3.200000
o 3365 3.200000
o 3364 3.200000
o 3363 3.200000
o 3362 3.200000
o 3361 3.200000
o 3360 3.200000
o 3359 3.200000
o 3358 3.200000
o 3357 3.200000
o 3356 3.200000
o 3355 3.200000
o 3354 3.200000
o 3353 3.200000
o 3352 3.200000
o 3351 3.200000
o 3350 3.200000
o 3349 3.200000
o 3348 3.200000
o 3347 3.200000
o 3346 3.200000
o 3345 3.200000
o 3344 3.200000
o 3343 3.200000
o 3342 3.200000
o 3341 3.200000
o 3340 3.200000
o 3339 3.200000
o 3338 3.200000
o 3337 3.200000
o 3336 3.200000
o 3335 3.200000
o 3334 3.200000
o 3333 3.200000
o 3332 3.200000
o 3331 3.200000
o 3330 3.200000
o 3329 3.200000
o 3328 3.200000
o 3327 3.200000
o 3326 3.200000
o 3325 3.200000
o 3324 3.200000
o 3323 3.200000
o 3322 3.200000
o 3321 3.200000
o 3320 3.200000
o 3319 3.200000
o 3318 3.200000
o 3317 3.200000
o 3316 3.200000
o 3315 3.200000
o 3314 3.200000
o 3313 3.200000
o 3312 3.200000
o 3311 3.200000
o 3310 3.200000
o 3309 3.200000
o 3308 3.200000
o 3307 3.200000
o 3306 3.200000
o 3305 3.200000
o 3304 3.200000
o 3303 3.200000
o 3302 3.200000
o 3301 3.200000
o 3300 3.200000
o 3299 3.200000
o 3298 3.200000
o 3297 3.200000
o 3296 3.200000
o 3295 3.200000
o 3294 3.200000
o 3293 3.200000
o 3292 3.200000
o 3291 3.200000
o 3290 3.200000
o 3289 3.200000
o 3288 3.200000
o 3287 3.200000
o 3286 3.200000
o 3285 3.200000
o 3284 3.200000
o 3283 3.200000
o 3282 3.200000
o 3281 3.200000
o 3280 3.200000
o 3279 3.200000
o 3278 3.200000
o 3277 3.200000
o 3276 3.200000
o 3275 3.200000
o 3274 3.200000
o 3273 3.200000
o 3272 3.200000
o 3271 3.200000
o 3270 3.200000
o 3269 3.200000
o 3268 3.200000
o 3267 3.200000
o 3266 3.200000
o 3265 3.200000
o 3264 3.200000
o 3263 3.200000
o 3262 3.200000
o 3261 3.200000
o 3260 3.200000
o 3259 3.200000
o 3258 3.200000
o 3257 3.200000
o 3256 3.200000
o 3255 3.200000
o 3254 3.200000
o 3253 3.200000
o 3252 3.200000
o 3251 3.200000
o 3250 3.200000
o 3249 3.200000
o 3248 3.200000
o 3247 3.200000
o 3246 3.200000
o 3245 3.210000
o 3244 3.210000
o 3243 3.210000
o 3242 3.210000
o 3241 3.210000
o 3240 3.210000
o 3239 3.210000
o 3238 3.210000
o 3237 3.210000
o 3236 3.210000
o 3235 3.210000
o 3234 3.210000
o 3233 3.210000
o 3232 3.210000
o 3231 3.210000
o 3230 3.210000
o 3229 3.210000
o 3228 3.210000
o 3227 3.210000
o 3226 3.210000
o 3225 3.210000
o 3224 3.210000
o 3223 3.210000
o 3222 3.210000
o 3221 3.210000
o 3220 3.210000
o 3219 3.210000
o 3218 3.210000
o 3217 3.210000
o 3216 3.210000
o 3215 3.210000
o 3214 3.210000
o 3213 3.210000
o 3212 3.210000
o 3211 3.210000
o 3210 3.210000
o 3209 3.210000
o 3208 3.210000
o 3207 3.210000
o 3206 3.210000
o 3205 3.210000
o 3204 3.210000
o 3203 3.210000
o 3202 3.210000
o 3201 3.210000
o 3200 3.210000
o 3199 3.210000
o 3198 3.210000
o 3197 3.210000
o 3196 3.210000
o 3195 3.210000
o 3194 3.210000
o 3193 3.210000
o 3192 3.210000
o 3191 3.210000
o 3190 3.210000
o 3189 3.210000
o 3188 3.210000
o 3187 3.210000
o 3186 3.210000
o 3185 3.210000
o 3184 3.210000
o 3183 3.210000
o 3182 3.210000
o 3181 3.210000
o 3180 3.210000
o 3179 3.210000
o 3178 3.210000
o 3177 3.210000
o 3176 3.210000
o 3175 3.210000
o 3174 3.210000
o 3173 3.210000
o 3172 3.210000
o 3171 3.210000
o 3170 3.210000
o 3169 3.210000
o 3168 3.210000
o 3167 3.210000
o 3166 3.210000
o 3165 3.210000
o 3164 3.210000
o 3163 3.210000
o 3162 3.210000
o 3161 3.210000
o 3160 3.210000
o 3159 3.210000
o 3158 3.210000
o 3157 3.210000
o 3156 3.210000
o 3155 3.210000
o 3154 3.210000
o 3153 3.210000
o 3152 3.210000
o 3151 3.210000
o 3150 3.210000
o 3149 3.210000
o 3148 3.210000
o 3147 3.210000
o 3146 3.210000
o 3145 3.210000
o 3144 3.210000
o 3143 3.210000
o 3142 3.210000
o 3141 3.210000
o 3140 3.210000
o 3139 3.210000
o 3138 3.210000
o 3137 3.210000
o 3136 3.220000
o 3135 3.220000
o 3134 3.220000
o 3133 3.220000
o 3132 3.220000
o 3131 3.220000
o 3130 3.220000
o 3129 3.220000
o 3128 3.220000
o 3127 3.220000
o 3126 3.220000
o 3125 3.220000
o 3124 3.220000
o 3123 3.220000
o 3122 3.220000
o 3121 3.220000
o 3120 3.220000
o 3119 3.220000
o 3118 3.220000
o 3117 3.220000
o 3116 3.220000
o 3115 3.220000
o 3114 3.220000
o 3113 3.220000
o 3112 3.220000
o 3111 3.220000
o 3110 3.220000
o 3109 3.220000
o 3108 3.220000
o 3107 3.220000
o 3106 3.220000
o 3105 3.220000
o 3104 3.220000
o 3103 3.220000
o 3102 3.220000
o 3101 3.220000
o 3100 3.220000
o 3099 3.220000
o 3098 3.220000
o 3097 3.220000
o 3096 3.220000
o 3095 3.220000
o 3094 3.220000
o 3093 3.220000
o 3092 3.220000
o 3091 3.220000
o 3090 3.220000
o 3089 3.220000
o 3088 3.220000
o 3087 3.220000
o 3086 3.220000
o 3085 3.220000
o 3084 3.220000
o 3083 3.220000
o 3082 3.220000
o 3081 3.220000
o 3080 3.220000
o 3079 3.220000
o 3078 3.220000
o 3077 3.220000
o 3076 3.220000
o 3075 3.220000
o 3074 3.220000
o 3073 3.220000
o 3072 3.220000
o 3071 3.220000
o 3070 3.220000
o 3069 3.220000
o 3068 3.220000
o 3067 3.220000
o 3066 3.220000
o 3065 3.220000
o 3064 3.220000
o 3063 3.220000
o 3062 3.220000
o 3061 3.220000
o 3060 3.220000
o 3059 3.220000
o 3058 3.220000
o 3057 3.220000
o 3056 3.220000
o 3055 3.220000
o 3054 3.220000
o 3053 3.220000
o 3052 3.220000
o 3051 3.220000
o 3050 3.220000
o 3049 3.220000
o 3048 3.220000
o 3047 3.220000
o 3046 3.220000
o 3045 3.220000
o 3044 3.220000
o 3043 3.220000
o 3042 3.220000
o 3041 3.220000
o 3040 3.220000
o 3039 3.220000
o 3038 3.220000
o 3037 3.220000
o 3036 3.220000
o 3035 3.220000
o 3034 3.220000
o 3033 3.220000
o 3032 3.220000
o 3031 3.220000
o 3030 3.220000
o 3029 3.220000
o 3028 3.220000
o 3027 3.220000
o 3026 3.230000
o 3025 3.230000
o 3024 3.230000
o 3023 3.230000
o 3022 3.230000
o 3021 3.230000
o 3020 3.230000
o 3019 3.230000
o 3018 3.230000
o 3017 3.230000
o 3016 3.230000
o 3015 3.230000
o 3014 3.230000
o 3013 3.230000
o 3012 3.230000
o 3011 3.230000
o 3010 3.230000
o 3009 3.230000
o 3008 3.230000
o 3007 3.230000
o 3006 3.230000
o 3005 3.230000
o 3004 3.230000
o 3003 3.230000
o 3002 3.230000
o 3001 3.230000
o 3000 3.230000
o 2999 3.230000
o 2998 3.230000
o 2997 3.230000
o 2996 3.230000
o 2995 3.230000
o 2994 3.230000
o 2993 3.230000
o 2992 3.230000
o 2991 3.230000
o 2990 3.230000
o 2989 3.230000
o 2988 3.230000
o 2987 3.230000
o 2986 3.230000
o 2985 3.230000
o 2984 3.230000
o 2983 3.230000
o 2982 3.230000
o 2981 3.230000
o 2980 3.230000
o 2979 3.230000
o 2978 3.230000
o 2977 3.230000
o 2976 3.230000
o 2975 3.230000
o 2974 3.230000
o 2973 3.230000
o 2972 3.230000
o 2971 3.230000
o 2970 3.230000
o 2969 3.230000
o 2968 3.230000
o 2967 3.230000
o 2966 3.230000
o 2965 3.230000
o 2964 3.230000
o 2963 3.230000
o 2962 3.230000
o 2961 3.230000
o 2960 3.230000
o 2959 3.230000
o 2958 3.230000
o 2957 3.230000
o 2956 3.230000
o 2955 3.230000
o 2954 3.230000
o 2953 3.230000
o 2952 3.230000
o 2951 3.230000
o 2950 3.230000
o 2949 3.230000
o 2948 3.230000
o 2947 3.230000
o 2946 3.230000
o 2945 3.230000
o 2944 3.230000
o 2943 3.230000
o 2942 3.230000
o 2941 3.230000
o 2940 3.230000
o 2939 3.230000
o 2938 3.230000
o 2937 3.230000
o 2936 3.230000
o 2935 3.230000
o 2934 3.230000
o 2933 3.230000
o 2932 3.230000
o 2931 3.230000
o 2930 3.230000
o 2929 3.230000
o 2928 3.230000
o 2927 3.230000
o 2926 3.230000
o 2925 3.230000
o 2924 3.230000
o 2923 3.230000
o 2922 3.230000
o 2921 3.230000
o 2920 3.230000
o 2919 3.230000
o 2918 3.230000
o 2917 3.240000
o 2916 3.240000
o 2915 3.240000
o 2914 3.240000
o 2913 3.240000
o 2912 3.240000
o 2911 3.240000
o 2910 3.240000
o 2909 3.240000
o 2908 3.240000
o 2907 3.240000
o 2906 3.240000
o 2905 3.240000
o 2904 3.240000
o 2903 3.240000
o 2902 3.240000
o 2901 3.240000
o 2900 3.240000
o 2899 3.240000
o 2898 3.240000
o 2897 3.240000
o 2896 3.240000
o 2895 3.240000
o 2894 3.240000
o 2893 3.240000
o 2892 3.240000
o 2891 3.240000
o 2890 3.240000
o 2889 3.240000
o 2888 3.240000
o 2887 3.240000
o 2886 3.240000
o 2885 3.240000
o 2884 3.240000
o 2883 3.240000
o 2882 3.240000
o 2881 3.240000
o 2880 3.240000
o 2879 3.240000
o 2878 3.240000
o 2877 3.240000
o 2876 3.240000
o 2875 3.240000
o 2874 3.240000
o 2873 3.240000
o 2872 3.240000
o 2871 3.240000
o 2870 3.240000
o 2869 3.240000
o 2868 3.240000
o 2867 3.240000
o 2866 3.240000
o 2865 3.240000
o 2864 3.240000
o 2863 3.240000
o 2862 3.240000
o 2861 3.240000
o 2860 3.240000
o 2859 3.240000
o 2858 3.240000
o 2857 3.240000
o 2856 3.240000
o 2855 3.240000
o 2854 3.240000
o 2853 3.240000
o 2852 3.240000
o 2851 3.240000
o 2850 3.240000
o 2849 3.240000
o 2848 3.240000
o 2847 3.240000
o 2846 3.240000
o 2845 3.240000
o 2844 3.240000
o 2843 3.240000
o 2842 3.240000
o 2841 3.240000
o 2840 3.240000
o 2839 3.240000
o 2838 3.240000
o 2837 3.240000
o 2836 3.240000
o 2835 3.240000
o 2834 3.240000
o 2833 3.240000
o 2832 3.240000
o 2831 3.240000
o 2830 3.240000
o 2829 3.240000
o 2828 3.240000
o 2827 3.240000
o 2826 3.240000
o 2825 3.240000
o 2824 3.240000
o 2823 3.240000
o 2822 3.240000
o 2821 3.240000
o 2820 3.240000
o 2819 3.240000
o 2818 3.240000
o 2817 3.240000
o 2816 3.240000
o 2815 3.240000
o 2814 3.240000
o 2813 3.240000
o 2812 3.240000
o 2811 3.240000
o 2810 3.240000
o 2809 3.240000
o 2808 3.240000
o 2807 3.250000
o 2806 3.250000
o 2805 3.250000
o 2804 3.250000
o 2803 3.250000
o 2802 3.250000
o 2801 3.250000
o 2800 3.250000
o 2799 3.250000
o 2798 3.250000
o 2797 3.250000
o 2796 3.250000
o 2795 3.250000
o 2794 3.250000
o 2793 3.250000
o 2792 3.250000
o 2791 3.250000
o 2790 3.250000
o 2789 3.250000
o 2788 3.250000
o 2787 3.250000
o 2786 3.250000
o 2785 3.250000
o 2784 3.250000
o 2783 3.250000
o 2782 3.250000
o 2781 3.250000
o 2780 3.250000
o 2779 3.250000
o 2778 3.250000
o 2777 3.250000
o 2776 3.250000
o 2775 3.250000
o 2774 3.250000
o 2773 3.250000
o 2772 3.250000
o 2771 3.250000
o 2770 3.250000
o 2769 3.250000
o 2768 3.250000
o 2767 3.250000
o 2766 3.250000
o 2765 3.250000
o 2764 3.250000
o 2763 3.250000
o 2762 3.250000
o 2761 3.250000
o 2760 3.250000
o 2759 3.250000
o 2758 3.250000
o 2757 3.250000
o 2756 3.250000
o 2755 3.250000
o 2754 3.250000
o 2753 3.250000
o 2752 3.250000
2752	3.250000
min-fill-MinFill_R3_miles1000
o 3763 3.270000
o 3762 3.330000
o 3761 3.330000
o 3760 3.340000
o 3759 3.340000
o 3758 3.340000
o 3757 3.340000
o 3756 3.340000
o 3755 3.340000
o 3754 3.340000
o 3753 3.340000
o 3752 3.340000
o 3751 3.340000
o 3750 3.340000
o 3749 3.340000
o 3748 3.340000
o 3747 3.340000
o 3746 3.340000
o 3745 3.340000
o 3744 3.340000
o 3743 3.340000
o 3742 3.340000
o 3741 3.340000
o 3740 3.340000
o 3739 3.340000
o 3738 3.340000
o 3737 3.340000
o 3736 3.340000
o 3735 3.340000
o 3734 3.340000
o 3733 3.340000
o 3732 3.340000
o 3731 3.340000
o 3730 3.340000
o 3729 3.340000
o 3728 3.340000
o 3727 3.340000
o 3726 3.340000
o 3725 3.340000
o 3724 3.340000
o 3723 3.340000
o 3722 3.340000
o 3721 3.340000
o 3720 3.340000
o 3719 3.340000
o 3718 3.340000
o 3717 3.340000
o 3716 3.340000
o 3715 3.340000
o 3714 3.340000
o 3713 3.340000
o 3712 3.340000
o 3711 3.340000
o 3710 3.340000
o 3709 3.340000
o 3708 3.340000
o 3707 3.340000
o 3706 3.340000
o 3705 3.340000
o 3704 3.340000
o 3703 3.340000
o 3702 3.340000
o 3701 3.340000
o 3700 3.340000
o 3699 3.340000
o 3698 3.340000
o 3697 3.340000
o 3696 3.340000
o 3695 3.350000
o 3694 3.350000
o 3693 3.350000
o 3692 3.350000
o 3691 3.350000
o 3690 3.350000
o 3689 3.350000
o 3688 3.350000
o 3687 3.350000
o 3686 3.350000
o 3685 3.350000
o 3684 3.350000
o 3683 3.350000
o 3682 3.350000
o 3681 3.350000
o 3680 3.350000
o 3679 3.350000
o 3678 3.350000
o 3677 3.350000
o 3676 3.350000
o 3675 3.350000
o 3674 3.350000
o 3673 3.350000
o 3672 3.350000
o 3671 3.350000
o 3670 3.350000
o 3669 3.350000
o 3668 3.350000
o 3667 3.350000
o 3666 3.350000
o 3665 3.350000
o 3664 3.350000
o 3663 3.350000
o 3662 3.350000
o 3661 3.350000
o 3660 3.350000
o 3659 3.350000
o 3658 3.350000
o 3657 3.350000
o 3656 3.350000
o 3655 3.350000
o 3654 3.350000
o 3653 3.350000
o 3652 3.350000
o 3651 3.350000
o 3650 3.350000
o 3649 3.350000
o 3648 3.350000
o 3647 3.350000
o 3646 3.350000
o 3645 3.350000
o 3644 3.350000
o 3643 3.350000
o 3642 3.350000
o 3641 3.350000
o 3640 3.350000
o 3639 3.350000
o 3638 3.350000
o 3637 3.350000
o 3636 3.350000
o 3635 3.350000
o 3634 3.350000
o 3633 3.350000
o 3632 3.350000
o 3631 3.350000
o 3630 3.350000
o 3629 3.350000
o 3628 3.350000
o 3627 3.350000
o 3626 3.350000
o 3625 3.350000
o 3624 3.350000
o 3623 3.350000
o 3622 3.350000
o 3621 3.350000
o 3620 3.350000
o 3619 3.350000
o 3618 3.350000
o 3617 3.350000
o 3616 3.350000
o 3615 3.350000
o 3614 3.350000
o 3613 3.350000
o 3612 3.350000
o 3611 3.350000
o 3610 3.350000
o 3609 3.350000
o 3608 3.350000
o 3607 3.350000
o 3606 3.350000
o 3605 3.350000
o 3604 3.350000
o 3603 3.350000
o 3602 3.350000
o 3601 3.350000
o 3600 3.350000
o 3599 3.350000
o 3598 3.350000
o 3597 3.350000
o 3596 3.350000
o 3595 3.350000
o 3594 3.350000
o 3593 3.350000
o 3592 3.350000
o 3591 3.350000
o 3590 3.350000
o 3589 3.350000
o 3588 3.360000
o 3587 3.360000
o 3586 3.360000
o 3585 3.360000
o 3584 3.360000
o 3583 3.360000
o 3582 3.360000
o 3581 3.360000
o 3580 3.360000
o 3579 3.360000
o 3578 3.360000
o 3577 3.360000
o 3576 3.360000
o 3575 3.360000
o 3574 3.360000
o 3573 3.360000
o 3572 3.360000
o 3571 3.360000
o 3570 3.360000
o 3569 3.360000
o 3568 3.360000
o 3567 3.360000
o 3566 3.360000
o 3565 3.360000
o 3564 3.360000
o 3563 3.360000
o 3562 3.360000
o 3561 3.360000
o 3560 3.360000
o 3559 3.360000
o 3558 3.360000
o 3557 3.360000
o 3556 3.360000
o 3555 3.360000
o 3554 3.360000
o 3553 3.360000
o 3552 3.360000
o 3551 3.360000
o 3550 3.360000
o 3549 3.360000
o 3548 3.360000
o 3547 3.360000
o 3546 3.360000
o 3545 3.360000
o 3544 3.360000
o 3543 3.360000
o 3542 3.360000
o 3541 3.360000
o 3540 3.360000
o 3539 3.360000
o 3538 3.360000
o 3537 3.360000
o 3536 3.360000
o 3535 3.360000
o 3534 3.360000
o 3533 3.360000
o 3532 3.360000
o 3531 3.360000
o 3530 3.360000
o 3529 3.360000
o 3528 3.360000
o 3527 3.360000
o 3526 3.360000
o 3525 3.360000
o 3524 3.360000
o 3523 3.360000
o 3522 3.360000
o 3521 3.360000
o 3520 3.360000
o 3519 3.360000
o 3518 3.360000
o 3517 3.360000
o 3516 3.360000
o 3515 3.360000
o 3514 3.360000
o 3513 3.360000
o 3512 3.360000
o 3511 3.360000
o 3510 3.360000
o 3509 3.360000
o 3508 3.360000
o 3507 3.360000
o 3506 3.360000
o 3505 3.360000
o 3504 3.360000
o 3503 3.360000
o 3502 3.360000
o 3501 3.360000
o 3500 3.360000
o 3499 3.360000
o 3498 3.360000
o 3497 3.360000
o 3496 3.360000
o 3495 3.360000
o 3494 3.360000
o 3493 3.360000
o 3492 3.360000
o 3491 3.360000
o 3490 3.360000
o 3489 3.360000
o 3488 3.360000
o 3487 3.360000
o 3486 3.360000
o 3485 3.360000
o 3484 3.360000
o 3483 3.360000
o 3482 3.360000
o 3481 3.370000
o 3480 3.370000
o 3479 3.370000
o 3478 3.370000
o 3477 3.370000
o 3476 3.370000
o 3475 3.370000
o 3474 3.370000
o 3473 3.370000
o 3472 3.370000
o 3471 3.370000
o 3470 3.370000
o 3469 3.370000
o 3468 3.370000
o 3467 3.370000
o 3466 3.370000
o 3465 3.370000
o 3464 3.370000
o 3463 3.370000
o 3462 3.370000
o 3461 3.370000
o 3460 3.370000
o 3459 3.370000
o 3458 3.370000
o 3457 3.370000
o 3456 3.370000
o 3455 3.370000
o 3454 3.370000
o 3453 3.370000
o 3452 3.370000
o 3451 3.370000
o 3450 3.370000
o 3449 3.370000
o 3448 3.370000
o 3447 3.370000
o 3446 3.370000
o 3445 3.370000
o 3444 3.370000
o 3443 3.370000
o 3442 3.370000
o 3441 3.370000
o 3440 3.370000
o 3439 3.370000
o 3438 3.370000
o 3437 3.370000
o 3436 3.370000
o 3435 3.370000
o 3434 3.370000
o 3433 3.370000
o 3432 3.370000
o 3431 3.370000
o 3430 3.370000
o 3429 3.370000
o 3428 3.370000
o 3427 3.370000
o 3426 3.370000
o 3425 3.370000
o 3424 3.370000
o 3423 3.370000
o 3422 3.370000
o 3421 3.370000
o 3420 3.370000
o 3419 3.370000
o 3418 3.370000
o 3417 3.370000
o 3416 3.370000
o 3415 3.370000
o 3414 3.370000
o 3413 3.370000
o 3412 3.370000
o 3411 3.370000
o 3410 3.370000
o 3409 3.370000
o 3408 3.370000
o 3407 3.370000
o 3406 3.370000
o 3405 3.370000
o 3404 3.370000
o 3403 3.370000
o 3402 3.370000
o 3401 3.370000
o 3400 3.370000
o 3399 3.370000
o 3398 3.370000
o 3397 3.370000
o 3396 3.370000
o 3395 3.370000
o 3394 3.370000
o 3393 3.370000
o 3392 3.370000
o 3391 3.370000
o 3390 3.370000
o 3389 3.370000
o 3388 3.370000
o 3387 3.370000
o 3386 3.370000
o 3385 3.370000
o 3384 3.370000
o 3383 3.370000
o 3382 3.370000
o 3381 3.370000
o 3380 3.370000
o 3379 3.370000
o 3378 3.370000
o 3377 3.370000
o 3376 3.370000
o 3375 3.370000
o 3374 3.370000
o 3373 3.370000
o 3372 3.370000
o 3371 3.370000
o 3370 3.370000
o 3369 3.370000
o 3368 3.370000
o 3367 3.370000
o 3366 3.370000
o 3365 3.370000
o 3364 3.370000
o 3363 3.370000
o 3362 3.370000
o 3361 3.370000
o 3360 3.370000
o 3359 3.370000
o 3358 3.370000
o 3357 3.370000
o 3356 3.370000
o 3355 3.370000
o 3354 3.370000
o 3353 3.370000
o 3352 3.370000
o 3351 3.370000
o 3350 3.370000
o 3349 3.370000
o 3348 3.370000
o 3347 3.370000
o 3346 3.370000
o 3345 3.370000
o 3344 3.370000
o 3343 3.370000
o 3342 3.370000
o 3341 3.370000
o 3340 3.370000
o 3339 3.370000
o 3338 3.370000
o 3337 3.370000
o 3336 3.370000
o 3335 3.370000
o 3334 3.370000
o 3333 3.370000
o 3332 3.380000
o 3331 3.380000
o 3330 3.380000
o 3329 3.380000
o 3328 3.380000
o 3327 3.380000
o 3326 3.380000
o 3325 3.380000
o 3324 3.380000
o 3323 3.380000
o 3322 3.380000
o 3321 3.380000
o 3320 3.380000
o 3319 3.380000
o 3318 3.380000
o 3317 3.380000
o 3316 3.380000
o 3315 3.380000
o 3314 3.380000
o 3313 3.380000
o 3312 3.380000
o 3311 3.380000
o 3310 3.380000
o 3309 3.380000
o 3308 3.380000
o 3307 3.380000
o 3306 3.380000
o 3305 3.380000
o 3304 3.380000
o 3303 3.380000
o 3302 3.380000
o 3301 3.380000
o 3300 3.380000
o 3299 3.380000
o 3298 3.380000
o 3297 3.380000
o 3296 3.380000
o 3295 3.380000
o 3294 3.380000
o 3293 3.380000
o 3292 3.380000
o 3291 3.380000
o 3290 3.380000
o 3289 3.380000
o 3288 3.380000
o 3287 3.380000
o 3286 3.380000
o 3285 3.380000
o 3284 3.380000
o 3283 3.380000
o 3282 3.380000
o 3281 3.380000
o 3280 3.380000
o 3279 3.380000
o 3278 3.380000
o 3277 3.380000
o 3276 3.380000
o 3275 3.380000
o 3274 3.380000
o 3273 3.380000
o 3272 3.380000
o 3271 3.380000
o 3270 3.380000
o 3269 3.380000
o 3268 3.380000
o 3267 3.380000
o 3266 3.380000
o 3265 3.380000
o 3264 3.380000
o 3263 3.380000
o 3262 3.380000
o 3261 3.380000
o 3260 3.380000
o 3259 3.380000
o 3258 3.380000
o 3257 3.380000
o 3256 3.380000
o 3255 3.380000
o 3254 3.380000
o 3253 3.380000
o 3252 3.380000
o 3251 3.380000
o 3250 3.380000
o 3249 3.380000
o 3248 3.380000
o 3247 3.380000
o 3246 3.380000
o 3245 3.380000
o 3244 3.380000
o 3243 3.380000
o 3242 3.380000
o 3241 3.380000
o 3240 3.380000
o 3239 3.380000
o 3238 3.380000
o 3237 3.380000
o 3236 3.380000
o 3235 3.380000
o 3234 3.380000
o 3233 3.380000
o 3232 3.380000
o 3231 3.380000
o 3230 3.390000
o 3229 3.390000
o 3228 3.390000
o 3227 3.390000
o 3226 3.390000
o 3225 3.390000
o 3224 3.390000
o 3223 3.390000
o 3222 3.390000
o 3221 3.390000
o 3220 3.390000
o 3219 3.390000
o 3218 3.390000
o 3217 3.390000
o 3216 3.390000
o 3215 3.390000
o 3214 3.390000
o 3213 3.390000
o 3212 3.390000
o 3211 3.390000
o 3210 3.390000
o 3209 3.390000
o 3208 3.390000
o 3207 3.390000
o 3206 3.390000
o 3205 3.390000
o 3204 3.390000
o 3203 3.390000
o 3202 3.390000
o 3201 3.390000
o 3200 3.390000
o 3199 3.390000
o 3198 3.390000
o 3197 3.390000
o 3196 3.390000
o 3195 3.390000
o 3194 3.390000
o 3193 3.390000
o 3192 3.390000
o 3191 3.390000
o 3190 3.390000
o 3189 3.390000
o 3188 3.390000
o 3187 3.390000
o 3186 3.390000
o 3185 3.390000
o 3184 3.390000
o 3183 3.390000
o 3182 3.390000
o 3181 3.390000
o 3180 3.390000
o 3179 3.390000
o 3178 3.390000
o 3177 3.390000
o 3176 3.390000
o 3175 3.390000
o 3174 3.390000
o 3173 3.390000
o 3172 3.390000
o 3171 3.390000
o 3170 3.390000
o 3169 3.390000
o 3168 3.390000
o 3167 3.390000
o 3166 3.390000
o 3165 3.390000
o 3164 3.390000
o 3163 3.390000
o 3162 3.390000
o 3161 3.390000
o 3160 3.390000
o 3159 3.390000
o 3158 3.390000
o 3157 3.390000
o 3156 3.390000
o 3155 3.390000
o 3154 3.390000
o 3153 3.390000
o 3152 3.390000
o 3151 3.390000
o 3150 3.390000
o 3149 3.390000
o 3148 3.390000
o 3147 3.390000
o 3146 3.390000
o 3145 3.390000
o 3144 3.390000
o 3143 3.390000
o 3142 3.390000
o 3141 3.390000
o 3140 3.390000
o 3139 3.390000
o 3138 3.390000
o 3137 3.390000
o 3136 3.400000
o 3135 3.400000
o 3134 3.400000
o 3133 3.400000
o 3132 3.400000
o 3131 3.400000
o 3130 3.400000
o 3129 3.400000
o 3128 3.400000
o 3127 3.400000
o 3126 3.400000
o 3125 3.400000
o 3124 3.400000
o 3123 3.400000
o 3122 3.400000
o 3121 3.400000
o 3120 3.400000
o 3119 3.400000
o 3118 3.400000
o 3117 3.400000
o 3116 3.400000
o 3115 3.400000
o 3114 3.400000
o 3113 3.400000
o 3112 3.400000
o 3111 3.400000
o 3110 3.400000
o 3109 3.400000
o 3108 3.400000
o 3107 3.400000
o 3106 3.400000
o 3105 3.400000
o 3104 3.400000
o 3103 3.400000
o 3102 3.400000
o 3101 3.400000
o 3100 3.400000
o 3099 3.400000
o 3098 3.400000
o 3097 3.400000
o 3096 3.400000
o 3095 3.400000
o 3094 3.400000
o 3093 3.400000
o 3092 3.400000
o 3091 3.400000
o 3090 3.400000
o 3089 3.400000
o 3088 3.400000
o 3087 3.400000
o 3086 3.400000
o 3085 3.400000
o 3084 3.400000
o 3083 3.400000
o 3082 3.400000
o 3081 3.400000
o 3080 3.400000
o 3079 3.400000
o 3078 3.400000
o 3077 3.400000
o 3076 3.400000
o 3075 3.400000
o 3074 3.400000
o 3073 3.400000
o 3072 3.400000
o 3071 3.400000
o 3070 3.400000
o 3069 3.400000
o 3068 3.400000
o 3067 3.400000
o 3066 3.400000
o 3065 3.400000
o 3064 3.400000
o 3063 3.400000
o 3062 3.400000
o 3061 3.400000
o 3060 3.400000
o 3059 3.400000
o 3058 3.400000
o 3057 3.400000
o 3056 3.400000
o 3055 3.400000
o 3054 3.400000
o 3053 3.400000
o 3052 3.400000
o 3051 3.400000
o 3050 3.400000
o 3049 3.400000
o 3048 3.400000
o 3047 3.400000
o 3046 3.400000
o 3045 3.400000
o 3044 3.400000
o 3043 3.400000
o 3042 3.400000
o 3041 3.400000
o 3040 3.400000
o 3039 3.400000
o 3038 3.400000
o 3037 3.400000
o 3036 3.400000
o 3035 3.400000
o 3034 3.400000
o 3033 3.400000
o 3032 3.400000
o 3031 3.410000
o 3030 3.410000
o 3029 3.410000
o 3028 3.410000
o 3027 3.410000
o 3026 3.410000
o 3025 3.410000
o 3024 3.410000
o 3023 3.410000
o 3022 3.410000
o 3021 3.410000
o 3020 3.410000
o 3019 3.410000
o 3018 3.410000
o 3017 3.410000
o 3016 3.410000
o 3015 3.410000
o 3014 3.410000
o 3013 3.410000
o 3012 3.410000
o 3011 3.410000
o 3010 3.410000
o 3009 3.410000
o 3008 3.410000
o 3007 3.410000
o 3006 3.410000
o 3005 3.410000
o 3004 3.410000
3004	3.410000
min-fill-MinFill_R3_miles1000
o 3709 2.730000
o 3708 2.790000
o 3707 2.790000
o 3706 2.790000
o 3705 2.790000
o 3704 2.790000
o 3703 2.790000
o 3702 2.790000
o 3701 2.790000
o 3700 2.790000
o 3699 2.790000
o 3698 2.790000
o 3697 2.790000
o 3696 2.790000
o 3695 2.790000
o 3694 2.790000
o 3693 2.790000
o 3692 2.790000
o 3691 2.790000
o 3690 2.790000
o 3689 2.790000
o 3688 2.790000
o 3687 2.790000
o 3686 2.790000
o 3685 2.790000
o 3684 2.790000
o 3683 2.790000
o 3682 2.790000
o 3681 2.790000
o 3680 2.790000
o 3679 2.790000
o 3678 2.790000
o 3677 2.790000
o 3676 2.790000
o 3675 2.790000
o 3674 2.790000
o 3673 2.790000
o 3672 2.790000
o 3671 2.790000
o 3670 2.790000
o 3669 2.790000
o 3668 2.790000
o 3667 2.790000
o 3666 2.790000
o 3665 2.790000
o 3664 2.790000
o 3663 2.790000
o 3662 2.790000
o 3661 2.790000
o 3660 2.790000
o 3659 2.790000
o 3658 2.790000
o 3657 2.790000
o 3656 2.790000
o 3655 2.790000
o 3654 2.790000
o 3653 2.790000
o 3652 2.790000
o 3651 2.790000
o 3650 2.790000
o 3649 2.790000
o 3648 2.790000
o 3647 2.790000
o 3646 2.790000
o 3645 2.790000
o 3644 2.790000
o 3643 2.790000
o 3642 2.790000
o 3641 2.790000
o 3640 2.790000
o 3639 2.790000
o 3638 2.790000
o 3637 2.790000
o 3636 2.790000
o 3635 2.790000
o 3634 2.790000
o 3633 2.790000
o 3632 2.790000
o 3631 2.790000
o 3630 2.790000
o 3629 2.790000
o 3628 2.790000
o 3627 2.800000
o 3626 2.800000
o 3625 2.800000
o 3624 2.800000
o 3623 2.800000
o 3622 2.800000
o 3621 2.800000
o 3620 2.800000
o 3619 2.800000
o 3618 2.800000
o 3617 2.800000
o 3616 2.800000
o 3615 2.800000
o 3614 2.800000
o 3613 2.800000
o 3612 2.800000
o 3611 2.800000
o 3610 2.800000
o 3609 2.800000
o 3608 2.800000
o 3607 2.800000
o 3606 2.800000
o 3605 2.800000
o 3604 2.800000
o 3603 2.800000
o 3602 2.800000
o 3601 2.800000
o 3600 2.800000
o 3599 2.800000
o 3598 2.800000
o 3597 2.800000
o 3596 2.800000
o 3595 2.800000
o 3594 2.800000
o 3593 2.800000
o 3592 2.800000
o 3591 2.800000
o 3590 2.800000
o 3589 2.800000
o 3588 2.800000
o 3587 2.800000
o 3586 2.800000
o 3585 2.800000
o 3584 2.800000
o 3583 2.800000
o 3582 2.800000
o 3581 2.800000
o 3580 2.800000
o 3579 2.800000
o 3578 2.800000
o 3577 2.800000
o 3576 2.800000
o 3575 2.800000
o 3574 2.800000
o 3573 2.800000
o 3572 2.800000
o 3571 2.800000
o 3570 2.800000
o 3569 2.800000
o 3568 2.800000
o 3567 2.800000
o 3566 2.800000
o 3565 2.800000
o 3564 2.800000
o 3563 2.800000
o 3562 2.800000
o 3561 2.800000
o 3560 2.800000
o 3559 2.800000
o 3558 2.800000
o 3557 2.800000
o 3556 2.800000
o 3555 2.800000
o 3554 2.800000
o 3553 2.800000
o 3552 2.800000
o 3551 2.800000
o 3550 2.800000
o 3549 2.800000
o 3548 2.800000
o 3547 2.800000
o 3546 2.800000
o 3545 2.800000
o 3544 2.800000
o 3543 2.800000
o 3542 2.800000
o 3541 2.800000
o 3540 2.800000
o 3539 2.800000
o 3538 2.800000
o 3537 2.800000
o 3536 2.800000
o 3535 2.800000
o 3534 2.800000
o 3533 2.800000
o 3532 2.800000
o 3531 2.800000
o 3530 2.800000
o 3529 2.800000
o 3528 2.800000
o 3527 2.800000
o 3526 2.800000
o 3525 2.800000
o 3524 2.800000
o 3523 2.800000
o 3522 2.800000
o 3521 2.800000
o 3520 2.800000
o 3519 2.810000
o 3518 2.810000
o 3517 2.810000
o 3516 2.810000
o 3515 2.810000
o 3514 2.810000
o 3513 2.810000
o 3512 2.810000
o 3511 2.810000
o 3510 2.810000
o 3509 2.810000
o 3508 2.810000
o 3507 2.810000
o 3506 2.810000
o 3505 2.810000
o 3504 2.810000
o 3503 2.810000
o 3502 2.810000
o 3501 2.810000
o 3500 2.810000
o 3499 2.810000
o 3498 2.810000
o 3497 2.810000
o 3496 2.810000
o 3495 2.810000
o 3494 2.810000
o 3493 2.810000
o 3492 2.810000
o 3491 2.810000
o 3490 2.810000
o 3489 2.810000
o 3488 2.810000
o 3487 2.810000
o 3486 2.810000
o 3485 2.810000
o 3484 2.810000
o 3483 2.810000
o 3482 2.810000
o 3481 2.810000
o 3480 2.810000
o 3479 2.810000
o 3478 2.810000
o 3477 2.810000
o 3476 2.810000
o 3475 2.810000
o 3474 2.810000
o 3473 2.810000
o 3472 2.810000
o 3471 2.810000
o 3470 2.810000
o 3469 2.810000
o 3468 2.810000
o 3467 2.810000
o 3466 2.810000
o 3465 2.810000
o 3464 2.810000
o 3463 2.810000
o 3462 2.810000
o 3461 2.810000
o 3460 2.810000
o 3459 2.810000
o 3458 2.810000
o 3457 2.810000
o 3456 2.810000
o 3455 2.810000
o 3454 2.810000
o 3453 2.810000
o 3452 2.810000
o 3451 2.810000
o 3450 2.810000
o 3449 2.810000
o 3448 2.810000
o 3447 2.810000
o 3446 2.810000
o 3445 2.810000
o 3444 2.810000
o 3443 2.810000
o 3442 2.810000
o 3441 2.810000
o 3440 2.810000
o 3439 2.810000
o 3438 2.810000
o 3437 2.810000
o 3436 2.810000
o 3435 2.810000
o 3434 2.810000
o 3433 2.810000
o 3432 2.810000
o 3431 2.810000
o 3430 2.810000
o 3429 2.810000
o 3428 2.810000
o 3427 2.810000
o 3426 2.810000
o 3425 2.810000
o 3424 2.810000
o 3423 2.810000
o 3422 2.810000
o 3421 2.810000
o 3420 2.810000
o 3419 2.810000
o 3418 2.810000
o 3417 2.810000
o 3416 2.810000
o 3415 2.820000
o 3414 2.820000
o 3413 2.820000
o 3412 2.820000
o 3411 2.820000
o 3410 2.820000
o 3409 2.820000
o 3408 2.820000
o 3407 2.820000
o 3406 2.820000
o 3405 2.820000
o 3404 2.820000
o 3403 2.820000
o 3402 2.820000
o 3401 2.820000
o 3400 2.820000
o 3399 2.820000
o 3398 2.820000
o 3397 2.820000
o 3396 2.820000
o 3395 2.820000
o 3394 2.820000
o 3393 2.820000
o 3392 2.820000
o 3391 2.820000
o 3390 2.820000
o 3389 2.820000
o 3388 2.820000
o 3387 2.820000
o 3386 2.820000
o 3385 2.820000
o 3384 2.820000
o 3383 2.820000
o 3382 2.820000
o 3381 2.820000
o 3380 2.820000
o 3379 2.820000
o 3378 2.820000
o 3377 2.820000
o 3376 2.820000
o 3375 2.820000
o 3374 2.820000
o 3373 2.820000
o 3372 2.820000
o 3371 2.820000
o 3370 2.820000
o 3369 2.820000
o 3368 2.820000
o 3367 2.820000
o 3366 2.820000
o 3365 2.820000
o 3364 2.820000
o 3363 2.820000
o 3362 2.820000
o 3361 2.820000
o 3360 2.820000
o 3359 2.820000
o 3358 2.820000
o 3357 2.820000
o 3356 2.820000
o 3355 2.820000
o 3354 2.820000
o 3353 2.820000
o 3352 2.820000
o 3351 2.820000
o 3350 2.820000
o 3349 2.820000
o 3348 2.820000
o 3347 2.820000
o 3346 2.820000
o 3345 2.820000
o 3344 2.820000
o 3343 2.820000
o 3342 2.820000
o 3341 2.820000
o 3340 2.820000
o 3339 2.820000
o 3338 2.820000
o 3337 2.820000
o 3336 2.820000
o 3335 2.820000
o 3334 2.820000
o 3333 2.820000
o 3332 2.820000
o 3331 2.820000
o 3330 2.820000
o 3329 2.820000
o 3328 2.820000
o 3327 2.820000
o 3326 2.820000
o 3325 2.820000
o 3324 2.820000
o 3323 2.820000
o 3322 2.820000
o 3321 2.820000
o 3320 2.820000
o 3319 2.820000
o 3318 2.820000
o 3317 2.820000
o 3316 2.820000
o 3315 2.820000
o 3314 2.820000
o 3313 2.820000
o 3312 2.820000
o 3311 2.820000
o 3310 2.820000
o 3309 2.820000
o 3308 2.830000
3308	2.830000
min-fill-MinFill_R3_miles1000
o 4349 2.110000
o 4348 2.130000
o 4347 2.130000
o 4346 2.130000
o 4345 2.130000
o 4344 2.130000
o 4343 2.130000
o 4342 2.130000
o 4341 2.130000
o 4340 2.130000
o 4339 2.130000
o 4338 2.130000
o 4337 2.130000
o 4336 2.130000
o 4335 2.130000
o 4334 2.130000
o 4333 2.130000
o 4332 2.130000
o 4331 2.140000
o 4330 2.140000
o 4329 2.140000
o 4328 2.140000
o 4327 2.140000
o 4326 2.140000
o 4325 2.140000
o 4324 2.140000
o 4323 2.140000
o 4322 2.140000
o 4321 2.140000
o 4320 2.140000
o 4319 2.140000
o 4318 2.140000
o 4317 2.140000
o 4316 2.140000
o 4315 2.140000
o 4314 2.140000
o 4313 2.140000
o 4312 2.140000
o 4311 2.140000
o 4310 2.140000
o 4309 2.140000
o 4308 2.140000
o 4307 2.140000
o 4306 2.140000
o 4305 2.140000
o 4304 2.140000
o 4303 2.140000
o 4302 2.140000
o 4301 2.140000
o 4300 2.140000
o 4299 2.140000
o 4298 2.140000
o 4297 2.140000
o 4296 2.140000
o 4295 2.140000
o 4294 2.140000
o 4293 2.140000
o 4292 2.140000
o 4291 2.140000
o 4290 2.140000
o 4289 2.140000
o 4288 2.140000
o 4287 2.140000
o 4286 2.140000
o 4285 2.140000
o 4284 2.140000
o 4283 2.140000
o 4282 2.140000
o 4281 2.140000
o 4280 2.140000
o 4279 2.140000
o 4278 2.140000
o 4277 2.140000
o 4276 2.140000
o 4275 2.140000
o 4274 2.140000
o 4273 2.140000
o 4272 2.140000
o 4271 2.140000
o 4270 2.140000
o 4269 2.140000
o 4268 2.140000
o 4267 2.140000
o 4266 2.140000
o 4265 2.140000
o 4264 2.140000
o 4263 2.140000
o 4262 2.140000
o 4261 2.140000
o 4260 2.140000
o 4259 2.140000
o 4258 2.140000
o 4257 2.140000
o 4256 2.140000
o 4255 2.140000
o 4254 2.140000
o 4253 2.140000
o 4252 2.140000
o 4251 2.140000
o 4250 2.140000
o 4249 2.140000
o 4248 2.140000
o 4247 2.140000
o 4246 2.140000
o 4245 2.140000
o 4244 2.140000
o 4243 2.140000
o 4242 2.140000
o 4241 2.140000
o 4240 2.140000
o 4239 2.140000
o 4238 2.140000
o 4237 2.140000
o 4236 2.140000
o 4235 2.140000
o 4234 2.140000
o 4233 2.140000
o 4232 2.140000
o 4231 2.140000
o 4230 2.140000
o 4229 2.140000
o 4228 2.140000
o 4227 2.140000
o 4226 2.140000
o 4225 2.140000
o 4224 2.140000
o 4223 2.140000
o 4222 2.140000
o 4221 2.140000
o 4220 2.140000
o 4219 2.140000
o 4218 2.140000
o 4217 2.140000
o 4216 2.150000
o 4215 2.150000
o 4214 2.150000
o 4213 2.150000
o 4212 2.150000
o 4211 2.150000
o 4210 2.150000
o 4209 2.150000
o 4208 2.150000
o 4207 2.150000
o 4206 2.150000
o 4205 2.150000
o 4204 2.150000
o 4203 2.150000
o 4202 2.150000
o 4201 2.150000
o 4200 2.150000
o 4199 2.150000
o 4198 2.150000
o 4197 2.150000
o 4196 2.150000
o 4195 2.150000
o 4194 2.150000
o 4193 2.150000
o 4192 2.150000
o 4191 2.150000
o 4190 2.150000
o 4189 2.150000
o 4188 2.150000
o 4187 2.150000
o 4186 2.150000
o 4185 2.150000
o 4184 2.150000
o 4183 2.150000
o 4182 2.150000
o 4181 2.150000
o 4180 2.150000
o 4179 2.150000
o 4178 2.150000
o 4177 2.150000
o 4176 2.150000
o 4175 2.150000
o 4174 2.150000
o 4173 2.150000
o 4172 2.150000
o 4171 2.150000
o 4170 2.150000
o 4169 2.150000
o 4168 2.150000
o 4167 2.150000
o 4166 2.150000
o 4165 2.150000
o 4164 2.150000
o 4163 2.150000
o 4162 2.150000
o 4161 2.150000
o 4160 2.150000
o 4159 2.150000
o 4158 2.150000
o 4157 2.150000
o 4156 2.150000
o 4155 2.150000
o 4154 2.150000
o 4153 2.150000
o 4152 2.150000
o 4151 2.150000
o 4150 2.150000
o 4149 2.150000
o 4148 2.150000
o 4147 2.150000
o 4146 2.150000
o 4145 2.150000
o 4144 2.150000
o 4143 2.150000
o 4142 2.150000
o 4141 2.150000
o 4140 2.150000
o 4139 2.150000
o 4138 2.150000
o 4137 2.150000
o 4136 2.150000
o 4135 2.150000
o 4134 2.150000
o 4133 2.150000
o 4132 2.150000
o 4131 2.150000
o 4130 2.150000
o 4129 2.150000
o 4128 2.150000
o 4127 2.150000
o 4126 2.150000
o 4125 2.150000
o 4124 2.150000
o 4123 2.150000
o 4122 2.150000
o 4121 2.150000
o 4120 2.150000
o 4119 2.150000
o 4118 2.150000
o 4117 2.150000
o 4116 2.150000
o 4115 2.150000
o 4114 2.150000
o 4113 2.150000
o 4112 2.150000
o 4111 2.150000
o 4110 2.150000
o 4109 2.150000
o 4108 2.150000
o 4107 2.150000
o 4106 2.150000
o 4105 2.150000
o 4104 2.150000
o 4103 2.150000
o 4102 2.150000
o 4101 2.150000
o 4100 2.160000
o 4099 2.160000
o 4098 2.160000
o 4097 2.160000
o 4096 2.160000
o 4095 2.160000
o 4094 2.160000
o 4093 2.160000
o 4092 2.160000
o 4091 2.160000
o 4090 2.160000
o 4089 2.160000
4089	2.160000
