optic-gen_cvc-add7to3_9999
o 249 0.010000
o 201 0.160000
o 199 0.160000
o 198 0.160000
o 197 1.740000
o 196 1.780000
o 195 1.900000
o 194 1.930000
o 193 5.620000
o 192 109.630000
192	109.630000
optic-gen_cvc-add7to3_9999
o 249 0.020000
o 199 0.160000
o 198 1.500000
o 197 1.500000
o 196 1.510000
o 195 2.050000
o 194 30.230000
o 193 72.990000
o 192 153.100000
192	153.100000
optic-gen_cvc-add7to3_9999
o 249 0.010000
o 201 0.150000
o 200 0.160000
o 199 0.160000
o 198 1.640000
o 197 1.640000
o 196 1.640000
o 195 1.690000
o 194 1.820000
o 193 2.950000
193	2.950000
optic-gen_cvc-add7to3_9999
o 249 0.010000
o 196 0.160000
o 195 2.090000
o 194 28.500000
o 193 55.600000
193	55.600000
optic-gen_cvc-add7to3_9999
o 249 0.010000
o 199 0.160000
o 198 1.410000
o 197 1.460000
o 196 1.510000
o 195 1.550000
o 194 1.600000
o 193 60.170000
o 192 160.450000
192	160.450000
optic-gen_cvc-add7to3_9999
o 249 0.020000
o 200 0.170000
o 199 2.270000
o 198 2.310000
o 197 2.310000
o 196 2.430000
o 195 3.100000
o 194 16.300000
o 193 40.360000
o 192 44.400000
192	44.400000
optic-gen_cvc-add7to3_9999
o 249 0.020000
o 199 0.150000
o 198 1.540000
o 197 1.610000
o 196 1.620000
o 195 1.660000
o 194 1.720000
o 193 4.230000
o 192 61.380000
192	61.380000
optic-gen_cvc-add7to3_9999
o 249 0.010000
o 199 0.160000
o 198 2.230000
o 197 2.250000
o 196 2.320000
o 195 2.530000
o 194 3.320000
o 193 7.120000
o 192 191.740000
192	191.740000
optic-gen_cvc-add7to3_9999
o 249 0.010000
o 198 0.170000
o 197 1.830000
o 196 1.890000
o 195 2.010000
o 194 2.110000
o 193 2.960000
o 192 6.470000
192	6.470000
optic-gen_cvc-add7to3_9999
o 249 0.020000
o 198 0.160000
o 197 1.600000
o 196 1.640000
o 195 1.890000
o 194 27.870000
o 193 72.200000
193	72.200000
