optimizing-BDDs-australian-credit-un-wcnf_incomplete_improved_1_2019_2
o 89 0.110000
o 87 23.140000
87	23.140000
optimizing-BDDs-australian-credit-un-wcnf_incomplete_improved_1_2019_2
o 294 0.100000
o 89 6.120000
o 87 7.810000
87	7.810000
optimizing-BDDs-australian-credit-un-wcnf_incomplete_improved_1_2019_2
o 407 0.130000
o 89 3.030000
o 87 42.870000
87	42.870000
optimizing-BDDs-australian-credit-un-wcnf_incomplete_improved_1_2019_2
o 300 0.120000
o 270 0.120000
o 95 7.280000
o 91 7.360000
o 89 8.240000
o 87 39.140000
87	39.140000
optimizing-BDDs-australian-credit-un-wcnf_incomplete_improved_1_2019_2
o 174 0.110000
o 89 6.810000
o 87 42.290000
87	42.290000
optimizing-BDDs-australian-credit-un-wcnf_incomplete_improved_1_2019_2
o 395 0.110000
o 255 0.110000
o 89 0.150000
o 87 0.210000
87	0.210000
optimizing-BDDs-australian-credit-un-wcnf_incomplete_improved_1_2019_2
o 489 0.110000
o 89 7.130000
o 87 10.400000
87	10.400000
optimizing-BDDs-australian-credit-un-wcnf_incomplete_improved_1_2019_2
o 257 0.060000
o 234 0.060000
o 89 6.490000
o 87 27.590000
87	27.590000
optimizing-BDDs-australian-credit-un-wcnf_incomplete_improved_1_2019_2
o 335 0.070000
o 296 5.310000
o 90 5.360000
o 89 7.650000
o 87 8.500000
87	8.500000
optimizing-BDDs-australian-credit-un-wcnf_incomplete_improved_1_2019_2
o 523 0.110000
o 89 0.160000
o 87 33.000000
87	33.000000
