optimizing-BDDs-splice-1-un-wcnf_incomplete_improved_1_2019_4
o 1700 11.690000
o 1121 101.820000
1121	101.820000
optimizing-BDDs-splice-1-un-wcnf_incomplete_improved_1_2019_4
o 1507 14.480000
1507	14.480000
optimizing-BDDs-splice-1-un-wcnf_incomplete_improved_1_2019_4
o 1442 2.600000
1442	2.600000
optimizing-BDDs-splice-1-un-wcnf_incomplete_improved_1_2019_4
o 1312 9.180000
1312	9.180000
optimizing-BDDs-splice-1-un-wcnf_incomplete_improved_1_2019_4
o 1506 1.930000
1506	1.930000
optimizing-BDDs-splice-1-un-wcnf_incomplete_improved_1_2019_4
o 1191 11.410000
1191	11.410000
optimizing-BDDs-splice-1-un-wcnf_incomplete_improved_1_2019_4
o 1500 2.520000
o 1336 2.620000
1336	2.620000
optimizing-BDDs-splice-1-un-wcnf_incomplete_improved_1_2019_4
o 1590 11.910000
1590	11.910000
optimizing-BDDs-splice-1-un-wcnf_incomplete_improved_1_2019_4
o 1364 2.030000
1364	2.030000
optimizing-BDDs-splice-1-un-wcnf_incomplete_improved_1_2019_4
o 1635 19.190000
o 1522 19.480000
1522	19.480000
