treewidth-computation-TWComp_eil51.tsp_N51
o 19 0.200000
o 15 1.070000
o 14 1.120000
o 13 2.220000
o 12 3.930000
o 11 11.800000
o 10 11.810000
o 9 136.910000
9	136.910000
treewidth-computation-TWComp_eil51.tsp_N51
o 22 0.190000
o 12 1.120000
o 11 2.080000
o 10 10.060000
o 9 75.820000
9	75.820000
treewidth-computation-TWComp_eil51.tsp_N51
o 25 0.200000
o 13 0.980000
o 12 1.000000
o 11 1.400000
o 10 18.750000
o 9 34.540000
9	34.540000
treewidth-computation-TWComp_eil51.tsp_N51
o 24 0.220000
o 13 1.450000
o 12 1.450000
o 11 3.030000
o 10 7.670000
o 9 160.320000
9	160.320000
treewidth-computation-TWComp_eil51.tsp_N51
o 23 0.210000
o 13 1.080000
o 12 1.150000
o 11 4.110000
o 10 28.210000
o 9 34.310000
9	34.310000
treewidth-computation-TWComp_eil51.tsp_N51
o 20 0.240000
o 15 0.940000
o 14 0.940000
o 13 1.940000
o 12 2.000000
o 11 2.790000
o 10 10.660000
o 9 215.310000
9	215.310000
treewidth-computation-TWComp_eil51.tsp_N51
o 21 0.320000
o 12 1.270000
o 11 1.290000
o 10 1.690000
o 9 26.030000
9	26.030000
treewidth-computation-TWComp_eil51.tsp_N51
o 24 0.260000
o 12 1.410000
o 11 4.170000
o 10 5.650000
o 9 59.580000
9	59.580000
treewidth-computation-TWComp_eil51.tsp_N51
o 19 0.310000
o 11 1.220000
o 10 1.230000
o 9 263.010000
9	263.010000
treewidth-computation-TWComp_eil51.tsp_N51
o 20 0.290000
o 13 1.800000
o 12 1.970000
o 11 9.060000
o 10 37.020000
o 9 46.500000
9	46.500000
