treewidth-computation-TWComp_1c75_N69
o 48 0.650000
o 41 3.500000
o 40 3.500000
o 39 3.750000
o 38 27.050000
o 37 28.470000
o 36 53.730000
o 35 78.550000
o 34 117.920000
o 33 263.420000
o 32 296.990000
32	296.990000
treewidth-computation-TWComp_1c75_N69
o 51 0.610000
o 40 3.590000
o 39 3.620000
o 38 3.680000
o 37 15.070000
o 36 15.120000
o 35 19.690000
o 34 169.960000
34	169.960000
treewidth-computation-TWComp_1c75_N69
o 49 0.580000
o 37 3.930000
o 36 3.940000
o 35 15.120000
o 34 63.290000
34	63.290000
treewidth-computation-TWComp_1c75_N69
o 50 0.610000
o 35 4.000000
o 34 4.260000
o 33 63.270000
o 32 63.330000
o 31 63.330000
31	63.330000
treewidth-computation-TWComp_1c75_N69
o 51 0.680000
o 36 4.340000
o 35 4.450000
o 34 11.850000
o 33 38.830000
o 32 44.420000
o 31 158.260000
31	158.260000
treewidth-computation-TWComp_1c75_N69
o 48 0.650000
o 39 4.520000
o 38 4.530000
o 37 4.720000
o 36 5.510000
o 35 159.850000
o 34 182.760000
o 33 182.800000
o 32 186.140000
o 31 186.350000
31	186.350000
treewidth-computation-TWComp_1c75_N69
o 49 0.630000
o 39 3.060000
o 36 13.360000
o 35 13.590000
o 34 14.740000
o 33 198.310000
33	198.310000
treewidth-computation-TWComp_1c75_N69
o 54 0.660000
o 35 3.710000
o 34 3.740000
o 33 5.370000
33	5.370000
treewidth-computation-TWComp_1c75_N69
o 50 0.690000
o 41 4.710000
o 40 4.780000
o 39 9.420000
o 35 26.730000
o 34 26.740000
34	26.740000
treewidth-computation-TWComp_1c75_N69
o 51 0.610000
o 34 4.030000
o 33 4.080000
o 32 229.870000
32	229.870000
